{"uid":"2827ec08c4518d48","name":"TC 02.01.15 - Check if Advanced Search link is clickable on each page specified in DATA_1","fullName":"tests.test_footer.TestFooter#test_tc_02_01_15_check_clickability_of_advanced_search_link_on_pages","historyId":"9e4bcdb9ed37b97ee9619dacba478ea2","time":{"start":1766886424106,"stop":1766886429447,"duration":5341},"description":"This test checks if Advanced Search link is clickable on each page specified in DATA_1","descriptionHtml":"<p>This test checks if Advanced Search link is clickable on each page specified in DATA_1</p>\n","status":"broken","statusMessage":"selenium.common.exceptions.TimeoutException: Message: \nStacktrace:\n#0 0x55dab71d319a <unknown>\n#1 0x55dab6c50c4b <unknown>\n#2 0x55dab6ca2318 <unknown>\n#3 0x55dab6ca2551 <unknown>\n#4 0x55dab6cf0764 <unknown>\n#5 0x55dab6cedbee <unknown>\n#6 0x55dab6c94c42 <unknown>\n#7 0x55dab6c958f1 <unknown>\n#8 0x55dab719bf39 <unknown>\n#9 0x55dab719ee7d <unknown>\n#10 0x55dab7184c81 <unknown>\n#11 0x55dab719fa5b <unknown>\n#12 0x55dab716ba50 <unknown>\n#13 0x55dab71c0aa8 <unknown>\n#14 0x55dab71c0c79 <unknown>\n#15 0x55dab71d24f3 <unknown>\n#16 0x7f00f349caa4 <unknown>\n#17 0x7f00f3529c6c <unknown>","statusTrace":"self = <test_footer.TestFooter object at 0x7f792bbb5f50>\ndriver = <selenium.webdriver.chrome.webdriver.WebDriver (session=\"321e82076c2ae9709f1cf98e5eade975\")>\nURL = 'https://magento.softwaretestingboard.com/what-is-new.html'\n\n    @allure.title(\"TC 02.01.15 - Check if Advanced Search link is clickable on each page specified in DATA_1\")\n    @pytest.mark.parametrize('URL', DATA_1)\n    def test_tc_02_01_15_check_clickability_of_advanced_search_link_on_pages(self, driver, URL):\n        \"\"\"This test checks if Advanced Search link is clickable on each page specified in DATA_1\"\"\"\n        page = FooterPage(driver, url=URL)\n        page.open()\n>       advanced_search_link = page.check_advanced_search_link_clickability()\n\ntests/test_footer.py:144: \n_ _ _ _ _ _ _ _ _ _ _ _ _ _ _ _ _ _ _ _ _ _ _ _ _ _ _ _ _ _ _ _ _ _ _ _ _ _ _ _ \npages/footer_page.py:189: in check_advanced_search_link_clickability\n    return self.element_is_clickable(self.footer_locators.ADVANCED_SEARCH_LINK)\npages/base_page.py:81: in element_is_clickable\n    return wait(self.driver, timeout).until(EC.element_to_be_clickable(locator))\n_ _ _ _ _ _ _ _ _ _ _ _ _ _ _ _ _ _ _ _ _ _ _ _ _ _ _ _ _ _ _ _ _ _ _ _ _ _ _ _ \n\nself = <selenium.webdriver.support.wait.WebDriverWait (session=\"321e82076c2ae9709f1cf98e5eade975\")>\nmethod = <function element_to_be_clickable.<locals>._predicate at 0x7f792c644540>\nmessage = ''\n\n    def until(self, method, message: str = \"\"):\n        \"\"\"Calls the method provided with the driver as an argument until the \\\n        return value does not evaluate to ``False``.\n    \n        :param method: callable(WebDriver)\n        :param message: optional message for :exc:`TimeoutException`\n        :returns: the result of the last call to `method`\n        :raises: :exc:`selenium.common.exceptions.TimeoutException` if timeout occurs\n        \"\"\"\n        screen = None\n        stacktrace = None\n    \n        end_time = time.monotonic() + self._timeout\n        while True:\n            try:\n                value = method(self._driver)\n                if value:\n                    return value\n            except self._ignored_exceptions as exc:\n                screen = getattr(exc, \"screen\", None)\n                stacktrace = getattr(exc, \"stacktrace\", None)\n            time.sleep(self._poll)\n            if time.monotonic() > end_time:\n                break\n>       raise TimeoutException(message, screen, stacktrace)\nE       selenium.common.exceptions.TimeoutException: Message: \nE       Stacktrace:\nE       #0 0x55dab71d319a <unknown>\nE       #1 0x55dab6c50c4b <unknown>\nE       #2 0x55dab6ca2318 <unknown>\nE       #3 0x55dab6ca2551 <unknown>\nE       #4 0x55dab6cf0764 <unknown>\nE       #5 0x55dab6cedbee <unknown>\nE       #6 0x55dab6c94c42 <unknown>\nE       #7 0x55dab6c958f1 <unknown>\nE       #8 0x55dab719bf39 <unknown>\nE       #9 0x55dab719ee7d <unknown>\nE       #10 0x55dab7184c81 <unknown>\nE       #11 0x55dab719fa5b <unknown>\nE       #12 0x55dab716ba50 <unknown>\nE       #13 0x55dab71c0aa8 <unknown>\nE       #14 0x55dab71c0c79 <unknown>\nE       #15 0x55dab71d24f3 <unknown>\nE       #16 0x7f00f349caa4 <unknown>\nE       #17 0x7f00f3529c6c <unknown>\n\n/opt/hostedtoolcache/Python/3.11.14/x64/lib/python3.11/site-packages/selenium/webdriver/support/wait.py:95: TimeoutException","flaky":false,"newFailed":false,"newBroken":false,"newPassed":false,"retriesCount":0,"retriesStatusChange":false,"beforeStages":[{"name":"_session_faker","time":{"start":1766886094392,"stop":1766886094465,"duration":73},"status":"passed","steps":[],"attachments":[],"parameters":[],"stepsCount":0,"shouldDisplayMessage":false,"attachmentsCount":0,"hasContent":false,"attachmentStep":false},{"name":"clear_allure_result_folder","time":{"start":1766886094465,"stop":1766886094465,"duration":0},"status":"passed","steps":[],"attachments":[],"parameters":[],"stepsCount":0,"shouldDisplayMessage":false,"attachmentsCount":0,"hasContent":false,"attachmentStep":false},{"name":"driver","time":{"start":1766886422943,"stop":1766886424106,"duration":1163},"status":"passed","steps":[],"attachments":[],"parameters":[],"stepsCount":0,"shouldDisplayMessage":false,"attachmentsCount":0,"hasContent":false,"attachmentStep":false}],"testStage":{"description":"This test checks if Advanced Search link is clickable on each page specified in DATA_1","status":"broken","statusMessage":"selenium.common.exceptions.TimeoutException: Message: \nStacktrace:\n#0 0x55dab71d319a <unknown>\n#1 0x55dab6c50c4b <unknown>\n#2 0x55dab6ca2318 <unknown>\n#3 0x55dab6ca2551 <unknown>\n#4 0x55dab6cf0764 <unknown>\n#5 0x55dab6cedbee <unknown>\n#6 0x55dab6c94c42 <unknown>\n#7 0x55dab6c958f1 <unknown>\n#8 0x55dab719bf39 <unknown>\n#9 0x55dab719ee7d <unknown>\n#10 0x55dab7184c81 <unknown>\n#11 0x55dab719fa5b <unknown>\n#12 0x55dab716ba50 <unknown>\n#13 0x55dab71c0aa8 <unknown>\n#14 0x55dab71c0c79 <unknown>\n#15 0x55dab71d24f3 <unknown>\n#16 0x7f00f349caa4 <unknown>\n#17 0x7f00f3529c6c <unknown>","statusTrace":"self = <test_footer.TestFooter object at 0x7f792bbb5f50>\ndriver = <selenium.webdriver.chrome.webdriver.WebDriver (session=\"321e82076c2ae9709f1cf98e5eade975\")>\nURL = 'https://magento.softwaretestingboard.com/what-is-new.html'\n\n    @allure.title(\"TC 02.01.15 - Check if Advanced Search link is clickable on each page specified in DATA_1\")\n    @pytest.mark.parametrize('URL', DATA_1)\n    def test_tc_02_01_15_check_clickability_of_advanced_search_link_on_pages(self, driver, URL):\n        \"\"\"This test checks if Advanced Search link is clickable on each page specified in DATA_1\"\"\"\n        page = FooterPage(driver, url=URL)\n        page.open()\n>       advanced_search_link = page.check_advanced_search_link_clickability()\n\ntests/test_footer.py:144: \n_ _ _ _ _ _ _ _ _ _ _ _ _ _ _ _ _ _ _ _ _ _ _ _ _ _ _ _ _ _ _ _ _ _ _ _ _ _ _ _ \npages/footer_page.py:189: in check_advanced_search_link_clickability\n    return self.element_is_clickable(self.footer_locators.ADVANCED_SEARCH_LINK)\npages/base_page.py:81: in element_is_clickable\n    return wait(self.driver, timeout).until(EC.element_to_be_clickable(locator))\n_ _ _ _ _ _ _ _ _ _ _ _ _ _ _ _ _ _ _ _ _ _ _ _ _ _ _ _ _ _ _ _ _ _ _ _ _ _ _ _ \n\nself = <selenium.webdriver.support.wait.WebDriverWait (session=\"321e82076c2ae9709f1cf98e5eade975\")>\nmethod = <function element_to_be_clickable.<locals>._predicate at 0x7f792c644540>\nmessage = ''\n\n    def until(self, method, message: str = \"\"):\n        \"\"\"Calls the method provided with the driver as an argument until the \\\n        return value does not evaluate to ``False``.\n    \n        :param method: callable(WebDriver)\n        :param message: optional message for :exc:`TimeoutException`\n        :returns: the result of the last call to `method`\n        :raises: :exc:`selenium.common.exceptions.TimeoutException` if timeout occurs\n        \"\"\"\n        screen = None\n        stacktrace = None\n    \n        end_time = time.monotonic() + self._timeout\n        while True:\n            try:\n                value = method(self._driver)\n                if value:\n                    return value\n            except self._ignored_exceptions as exc:\n                screen = getattr(exc, \"screen\", None)\n                stacktrace = getattr(exc, \"stacktrace\", None)\n            time.sleep(self._poll)\n            if time.monotonic() > end_time:\n                break\n>       raise TimeoutException(message, screen, stacktrace)\nE       selenium.common.exceptions.TimeoutException: Message: \nE       Stacktrace:\nE       #0 0x55dab71d319a <unknown>\nE       #1 0x55dab6c50c4b <unknown>\nE       #2 0x55dab6ca2318 <unknown>\nE       #3 0x55dab6ca2551 <unknown>\nE       #4 0x55dab6cf0764 <unknown>\nE       #5 0x55dab6cedbee <unknown>\nE       #6 0x55dab6c94c42 <unknown>\nE       #7 0x55dab6c958f1 <unknown>\nE       #8 0x55dab719bf39 <unknown>\nE       #9 0x55dab719ee7d <unknown>\nE       #10 0x55dab7184c81 <unknown>\nE       #11 0x55dab719fa5b <unknown>\nE       #12 0x55dab716ba50 <unknown>\nE       #13 0x55dab71c0aa8 <unknown>\nE       #14 0x55dab71c0c79 <unknown>\nE       #15 0x55dab71d24f3 <unknown>\nE       #16 0x7f00f349caa4 <unknown>\nE       #17 0x7f00f3529c6c <unknown>\n\n/opt/hostedtoolcache/Python/3.11.14/x64/lib/python3.11/site-packages/selenium/webdriver/support/wait.py:95: TimeoutException","steps":[{"name":"Open a browser","time":{"start":1766886424106,"stop":1766886424341,"duration":235},"status":"passed","steps":[],"attachments":[],"parameters":[],"stepsCount":0,"shouldDisplayMessage":false,"attachmentsCount":0,"hasContent":false,"attachmentStep":false},{"name":"Check Advanced Search link is clickable","time":{"start":1766886424341,"stop":1766886429447,"duration":5106},"status":"broken","statusMessage":"selenium.common.exceptions.TimeoutException: Message: \nStacktrace:\n#0 0x55dab71d319a <unknown>\n#1 0x55dab6c50c4b <unknown>\n#2 0x55dab6ca2318 <unknown>\n#3 0x55dab6ca2551 <unknown>\n#4 0x55dab6cf0764 <unknown>\n#5 0x55dab6cedbee <unknown>\n#6 0x55dab6c94c42 <unknown>\n#7 0x55dab6c958f1 <unknown>\n#8 0x55dab719bf39 <unknown>\n#9 0x55dab719ee7d <unknown>\n#10 0x55dab7184c81 <unknown>\n#11 0x55dab719fa5b <unknown>\n#12 0x55dab716ba50 <unknown>\n#13 0x55dab71c0aa8 <unknown>\n#14 0x55dab71c0c79 <unknown>\n#15 0x55dab71d24f3 <unknown>\n#16 0x7f00f349caa4 <unknown>\n#17 0x7f00f3529c6c <unknown>\n\n","statusTrace":"  File \"/opt/hostedtoolcache/Python/3.11.14/x64/lib/python3.11/site-packages/allure_commons/_allure.py\", line 192, in impl\n    return func(*a, **kw)\n           ^^^^^^^^^^^^^^\n  File \"/home/runner/work/luma_project/luma_project/pages/footer_page.py\", line 189, in check_advanced_search_link_clickability\n    return self.element_is_clickable(self.footer_locators.ADVANCED_SEARCH_LINK)\n           ^^^^^^^^^^^^^^^^^^^^^^^^^^^^^^^^^^^^^^^^^^^^^^^^^^^^^^^^^^^^^^^^^^^^\n  File \"/opt/hostedtoolcache/Python/3.11.14/x64/lib/python3.11/site-packages/allure_commons/_allure.py\", line 192, in impl\n    return func(*a, **kw)\n           ^^^^^^^^^^^^^^\n  File \"/home/runner/work/luma_project/luma_project/pages/base_page.py\", line 81, in element_is_clickable\n    return wait(self.driver, timeout).until(EC.element_to_be_clickable(locator))\n           ^^^^^^^^^^^^^^^^^^^^^^^^^^^^^^^^^^^^^^^^^^^^^^^^^^^^^^^^^^^^^^^^^^^^^\n  File \"/opt/hostedtoolcache/Python/3.11.14/x64/lib/python3.11/site-packages/selenium/webdriver/support/wait.py\", line 95, in until\n    raise TimeoutException(message, screen, stacktrace)\n","steps":[{"name":"Find clickable elements","time":{"start":1766886424341,"stop":1766886429447,"duration":5106},"status":"broken","statusMessage":"selenium.common.exceptions.TimeoutException: Message: \nStacktrace:\n#0 0x55dab71d319a <unknown>\n#1 0x55dab6c50c4b <unknown>\n#2 0x55dab6ca2318 <unknown>\n#3 0x55dab6ca2551 <unknown>\n#4 0x55dab6cf0764 <unknown>\n#5 0x55dab6cedbee <unknown>\n#6 0x55dab6c94c42 <unknown>\n#7 0x55dab6c958f1 <unknown>\n#8 0x55dab719bf39 <unknown>\n#9 0x55dab719ee7d <unknown>\n#10 0x55dab7184c81 <unknown>\n#11 0x55dab719fa5b <unknown>\n#12 0x55dab716ba50 <unknown>\n#13 0x55dab71c0aa8 <unknown>\n#14 0x55dab71c0c79 <unknown>\n#15 0x55dab71d24f3 <unknown>\n#16 0x7f00f349caa4 <unknown>\n#17 0x7f00f3529c6c <unknown>\n\n","statusTrace":"  File \"/opt/hostedtoolcache/Python/3.11.14/x64/lib/python3.11/site-packages/allure_commons/_allure.py\", line 192, in impl\n    return func(*a, **kw)\n           ^^^^^^^^^^^^^^\n  File \"/home/runner/work/luma_project/luma_project/pages/base_page.py\", line 81, in element_is_clickable\n    return wait(self.driver, timeout).until(EC.element_to_be_clickable(locator))\n           ^^^^^^^^^^^^^^^^^^^^^^^^^^^^^^^^^^^^^^^^^^^^^^^^^^^^^^^^^^^^^^^^^^^^^\n  File \"/opt/hostedtoolcache/Python/3.11.14/x64/lib/python3.11/site-packages/selenium/webdriver/support/wait.py\", line 95, in until\n    raise TimeoutException(message, screen, stacktrace)\n","steps":[],"attachments":[],"parameters":[{"name":"locator","value":"('css selector', '.footer > :nth-child(3) > a')"},{"name":"timeout","value":"5"}],"stepsCount":0,"shouldDisplayMessage":true,"attachmentsCount":0,"hasContent":true,"attachmentStep":false}],"attachments":[],"parameters":[],"stepsCount":1,"shouldDisplayMessage":false,"attachmentsCount":0,"hasContent":true,"attachmentStep":false}],"attachments":[{"uid":"c5e7a45870a570b8","name":"Screenshot","source":"c5e7a45870a570b8.png","type":"image/png","size":95228},{"uid":"8abcda7ea1706feb","name":"HTML source","source":"8abcda7ea1706feb.html","type":"text/html","size":7069}],"parameters":[],"stepsCount":3,"shouldDisplayMessage":true,"attachmentsCount":2,"hasContent":true,"attachmentStep":false},"afterStages":[{"name":"driver::0","time":{"start":1766886429531,"stop":1766886429591,"duration":60},"status":"passed","steps":[],"attachments":[],"parameters":[],"stepsCount":0,"shouldDisplayMessage":false,"attachmentsCount":0,"hasContent":false,"attachmentStep":false},{"name":"clear_allure_result_folder::0","time":{"start":1766888488919,"stop":1766888488919,"duration":0},"status":"passed","steps":[],"attachments":[],"parameters":[],"stepsCount":0,"shouldDisplayMessage":false,"attachmentsCount":0,"hasContent":false,"attachmentStep":false}],"labels":[{"name":"epic","value":"Test Footer"},{"name":"parentSuite","value":"tests"},{"name":"suite","value":"test_footer"},{"name":"subSuite","value":"TestFooter"},{"name":"host","value":"runnervmh13bl"},{"name":"thread","value":"2985-MainThread"},{"name":"framework","value":"pytest"},{"name":"language","value":"cpython3"},{"name":"package","value":"tests.test_footer"},{"name":"resultFormat","value":"allure2"}],"parameters":[{"name":"URL","value":"'https://magento.softwaretestingboard.com/what-is-new.html'"}],"links":[],"hidden":false,"retry":false,"extra":{"severity":"normal","retries":[],"categories":[{"name":"Test defects","matchedStatuses":[],"flaky":false}],"history":{"statistic":{"failed":0,"broken":6,"skipped":0,"passed":0,"unknown":0,"total":6},"items":[{"uid":"cbcb6f8e4f77ccb4","reportUrl":"https://verafes.github.io/luma_project/626/#testresult/cbcb6f8e4f77ccb4","status":"broken","statusDetails":"selenium.common.exceptions.TimeoutException: Message: \nStacktrace:\n#0 0x56280154319a <unknown>\n#1 0x562800fc0c4b <unknown>\n#2 0x562801012318 <unknown>\n#3 0x562801012551 <unknown>\n#4 0x562801060764 <unknown>\n#5 0x56280105dbee <unknown>\n#6 0x562801004c42 <unknown>\n#7 0x5628010058f1 <unknown>\n#8 0x56280150bf39 <unknown>\n#9 0x56280150ee7d <unknown>\n#10 0x5628014f4c81 <unknown>\n#11 0x56280150fa5b <unknown>\n#12 0x5628014dba50 <unknown>\n#13 0x562801530aa8 <unknown>\n#14 0x562801530c79 <unknown>\n#15 0x5628015424f3 <unknown>\n#16 0x7f1b4da9caa4 <unknown>\n#17 0x7f1b4db29c6c <unknown>","time":{"start":1766280839912,"stop":1766280845165,"duration":5253}},{"uid":"e31c5717f2668686","reportUrl":"https://verafes.github.io/luma_project/625/#testresult/e31c5717f2668686","status":"broken","statusDetails":"selenium.common.exceptions.TimeoutException: Message: \nStacktrace:\n#0 0x5644e33d716a <unknown>\n#1 0x5644e2e54c4b <unknown>\n#2 0x5644e2ea6318 <unknown>\n#3 0x5644e2ea6551 <unknown>\n#4 0x5644e2ef4764 <unknown>\n#5 0x5644e2ef1bee <unknown>\n#6 0x5644e2e98c42 <unknown>\n#7 0x5644e2e998f1 <unknown>\n#8 0x5644e339ff09 <unknown>\n#9 0x5644e33a2e4d <unknown>\n#10 0x5644e3388c51 <unknown>\n#11 0x5644e33a3a2b <unknown>\n#12 0x5644e336fa20 <unknown>\n#13 0x5644e33c4a78 <unknown>\n#14 0x5644e33c4c49 <unknown>\n#15 0x5644e33d64c3 <unknown>\n#16 0x7f711469caa4 <unknown>\n#17 0x7f7114729c6c <unknown>","time":{"start":1765676049894,"stop":1765676055174,"duration":5280}},{"uid":"958ed268120e5117","reportUrl":"https://verafes.github.io/luma_project/624/#testresult/958ed268120e5117","status":"broken","statusDetails":"selenium.common.exceptions.TimeoutException: Message: \nStacktrace:\n#0 0x563ebad1e4ca <unknown>\n#1 0x563eba76ce4b <unknown>\n#2 0x563eba7bf814 <unknown>\n#3 0x563eba7bfa51 <unknown>\n#4 0x563eba80ea44 <unknown>\n#5 0x563eba80bdf7 <unknown>\n#6 0x563eba7b1c2a <unknown>\n#7 0x563eba7b2931 <unknown>\n#8 0x563ebace4cf9 <unknown>\n#9 0x563ebace7cdc <unknown>\n#10 0x563ebaccdf79 <unknown>\n#11 0x563ebace88b5 <unknown>\n#12 0x563ebacb59c3 <unknown>\n#13 0x563ebad0b228 <unknown>\n#14 0x563ebad0b403 <unknown>\n#15 0x563ebad1d463 <unknown>\n#16 0x7fbbb669caa4 <unknown>\n#17 0x7fbbb6729c6c <unknown>","time":{"start":1765071220183,"stop":1765071225422,"duration":5239}},{"uid":"b9b6dd8418ea7295","reportUrl":"https://verafes.github.io/luma_project/623/#testresult/b9b6dd8418ea7295","status":"broken","statusDetails":"selenium.common.exceptions.TimeoutException: Message: \nStacktrace:\n#0 0x561d6612a32a <unknown>\n#1 0x561d65b76e4b <unknown>\n#2 0x561d65bc982b <unknown>\n#3 0x561d65bc9a61 <unknown>\n#4 0x561d65c18a44 <unknown>\n#5 0x561d65c15df7 <unknown>\n#6 0x561d65bbbc1a <unknown>\n#7 0x561d65bbc921 <unknown>\n#8 0x561d660f1239 <unknown>\n#9 0x561d660f41e8 <unknown>\n#10 0x561d660da4c9 <unknown>\n#11 0x561d660f4db5 <unknown>\n#12 0x561d660c1e93 <unknown>\n#13 0x561d66117098 <unknown>\n#14 0x561d66117273 <unknown>\n#15 0x561d661292c3 <unknown>\n#16 0x7f49ae89caa4 <unknown>\n#17 0x7f49ae929c6c <unknown>","time":{"start":1764466398609,"stop":1764466403851,"duration":5242}},{"uid":"e5c0c3ab0b2bddd8","reportUrl":"https://verafes.github.io/luma_project/622/#testresult/e5c0c3ab0b2bddd8","status":"broken","statusDetails":"selenium.common.exceptions.TimeoutException: Message: \nStacktrace:\n#0 0x55f451c5b32a <unknown>\n#1 0x55f4516a7e4b <unknown>\n#2 0x55f4516fa82b <unknown>\n#3 0x55f4516faa61 <unknown>\n#4 0x55f451749a44 <unknown>\n#5 0x55f451746df7 <unknown>\n#6 0x55f4516ecc1a <unknown>\n#7 0x55f4516ed921 <unknown>\n#8 0x55f451c22239 <unknown>\n#9 0x55f451c251e8 <unknown>\n#10 0x55f451c0b4c9 <unknown>\n#11 0x55f451c25db5 <unknown>\n#12 0x55f451bf2e93 <unknown>\n#13 0x55f451c48098 <unknown>\n#14 0x55f451c48273 <unknown>\n#15 0x55f451c5a2c3 <unknown>\n#16 0x7f6e8389caa4 <unknown>\n#17 0x7f6e83929c6c <unknown>","time":{"start":1763861648827,"stop":1763861654152,"duration":5325}}]},"tags":[]},"source":"2827ec08c4518d48.json","parameterValues":["'https://magento.softwaretestingboard.com/what-is-new.html'"]}