{"uid":"3225eae152a38392","name":"TC 12.02.01 Check side panel title Category is visible","fullName":"tests.test_women.TestWomenPage#test_tc_12_02_01","historyId":"5d50eb7c0839d865e7c09638be92f382","time":{"start":1766888457066,"stop":1766888462338,"duration":5272},"description":"Check Category title is visible","descriptionHtml":"<p>Check Category title is visible</p>\n","status":"broken","statusMessage":"selenium.common.exceptions.TimeoutException: Message: \nStacktrace:\n#0 0x56423b52a19a <unknown>\n#1 0x56423afa7c4b <unknown>\n#2 0x56423aff9318 <unknown>\n#3 0x56423aff9551 <unknown>\n#4 0x56423b047764 <unknown>\n#5 0x56423b044bee <unknown>\n#6 0x56423afebc42 <unknown>\n#7 0x56423afec8f1 <unknown>\n#8 0x56423b4f2f39 <unknown>\n#9 0x56423b4f5e7d <unknown>\n#10 0x56423b4dbc81 <unknown>\n#11 0x56423b4f6a5b <unknown>\n#12 0x56423b4c2a50 <unknown>\n#13 0x56423b517aa8 <unknown>\n#14 0x56423b517c79 <unknown>\n#15 0x56423b5294f3 <unknown>\n#16 0x7fc2bde9caa4 <unknown>\n#17 0x7fc2bdf29c6c <unknown>","statusTrace":"self = <test_women.TestWomenPage object at 0x7f792b4b3f10>\ndriver = <selenium.webdriver.chrome.webdriver.WebDriver (session=\"f5f934ef01a5446d16faf6f6a0aa304e\")>\n\n    @allure.title(\"TC 12.02.01 Check side panel title Category is visible\")\n    def test_tc_12_02_01(self, driver):\n        \"\"\"Check Category title is visible\"\"\"\n        page = WomenPage(driver, WOMEN_PAGE_URL)\n        page.open()\n>       title = page.check_side_panel_category_is_visible()\n\ntests/test_women.py:24: \n_ _ _ _ _ _ _ _ _ _ _ _ _ _ _ _ _ _ _ _ _ _ _ _ _ _ _ _ _ _ _ _ _ _ _ _ _ _ _ _ \npages/women_page.py:18: in check_side_panel_category_is_visible\n    category_title = self.element_is_visible(self.side_panel_locators.CATEGORY_TITLE)\npages/base_page.py:30: in element_is_visible\n    self.go_to_element(self.element_is_present(locator))\npages/base_page.py:51: in element_is_present\n    return wait(self.driver, timeout).until(EC.presence_of_element_located(locator))\n_ _ _ _ _ _ _ _ _ _ _ _ _ _ _ _ _ _ _ _ _ _ _ _ _ _ _ _ _ _ _ _ _ _ _ _ _ _ _ _ \n\nself = <selenium.webdriver.support.wait.WebDriverWait (session=\"f5f934ef01a5446d16faf6f6a0aa304e\")>\nmethod = <function presence_of_element_located.<locals>._predicate at 0x7f792bdd9580>\nmessage = ''\n\n    def until(self, method, message: str = \"\"):\n        \"\"\"Calls the method provided with the driver as an argument until the \\\n        return value does not evaluate to ``False``.\n    \n        :param method: callable(WebDriver)\n        :param message: optional message for :exc:`TimeoutException`\n        :returns: the result of the last call to `method`\n        :raises: :exc:`selenium.common.exceptions.TimeoutException` if timeout occurs\n        \"\"\"\n        screen = None\n        stacktrace = None\n    \n        end_time = time.monotonic() + self._timeout\n        while True:\n            try:\n                value = method(self._driver)\n                if value:\n                    return value\n            except self._ignored_exceptions as exc:\n                screen = getattr(exc, \"screen\", None)\n                stacktrace = getattr(exc, \"stacktrace\", None)\n            time.sleep(self._poll)\n            if time.monotonic() > end_time:\n                break\n>       raise TimeoutException(message, screen, stacktrace)\nE       selenium.common.exceptions.TimeoutException: Message: \nE       Stacktrace:\nE       #0 0x56423b52a19a <unknown>\nE       #1 0x56423afa7c4b <unknown>\nE       #2 0x56423aff9318 <unknown>\nE       #3 0x56423aff9551 <unknown>\nE       #4 0x56423b047764 <unknown>\nE       #5 0x56423b044bee <unknown>\nE       #6 0x56423afebc42 <unknown>\nE       #7 0x56423afec8f1 <unknown>\nE       #8 0x56423b4f2f39 <unknown>\nE       #9 0x56423b4f5e7d <unknown>\nE       #10 0x56423b4dbc81 <unknown>\nE       #11 0x56423b4f6a5b <unknown>\nE       #12 0x56423b4c2a50 <unknown>\nE       #13 0x56423b517aa8 <unknown>\nE       #14 0x56423b517c79 <unknown>\nE       #15 0x56423b5294f3 <unknown>\nE       #16 0x7fc2bde9caa4 <unknown>\nE       #17 0x7fc2bdf29c6c <unknown>\n\n/opt/hostedtoolcache/Python/3.11.14/x64/lib/python3.11/site-packages/selenium/webdriver/support/wait.py:95: TimeoutException","flaky":false,"newFailed":false,"newBroken":false,"newPassed":false,"retriesCount":0,"retriesStatusChange":false,"beforeStages":[{"name":"_session_faker","time":{"start":1766886094392,"stop":1766886094465,"duration":73},"status":"passed","steps":[],"attachments":[],"parameters":[],"stepsCount":0,"shouldDisplayMessage":false,"attachmentsCount":0,"hasContent":false,"attachmentStep":false},{"name":"clear_allure_result_folder","time":{"start":1766886094465,"stop":1766886094465,"duration":0},"status":"passed","steps":[],"attachments":[],"parameters":[],"stepsCount":0,"shouldDisplayMessage":false,"attachmentsCount":0,"hasContent":false,"attachmentStep":false},{"name":"driver","time":{"start":1766888455905,"stop":1766888457066,"duration":1161},"status":"passed","steps":[],"attachments":[],"parameters":[],"stepsCount":0,"shouldDisplayMessage":false,"attachmentsCount":0,"hasContent":false,"attachmentStep":false}],"testStage":{"description":"Check Category title is visible","status":"broken","statusMessage":"selenium.common.exceptions.TimeoutException: Message: \nStacktrace:\n#0 0x56423b52a19a <unknown>\n#1 0x56423afa7c4b <unknown>\n#2 0x56423aff9318 <unknown>\n#3 0x56423aff9551 <unknown>\n#4 0x56423b047764 <unknown>\n#5 0x56423b044bee <unknown>\n#6 0x56423afebc42 <unknown>\n#7 0x56423afec8f1 <unknown>\n#8 0x56423b4f2f39 <unknown>\n#9 0x56423b4f5e7d <unknown>\n#10 0x56423b4dbc81 <unknown>\n#11 0x56423b4f6a5b <unknown>\n#12 0x56423b4c2a50 <unknown>\n#13 0x56423b517aa8 <unknown>\n#14 0x56423b517c79 <unknown>\n#15 0x56423b5294f3 <unknown>\n#16 0x7fc2bde9caa4 <unknown>\n#17 0x7fc2bdf29c6c <unknown>","statusTrace":"self = <test_women.TestWomenPage object at 0x7f792b4b3f10>\ndriver = <selenium.webdriver.chrome.webdriver.WebDriver (session=\"f5f934ef01a5446d16faf6f6a0aa304e\")>\n\n    @allure.title(\"TC 12.02.01 Check side panel title Category is visible\")\n    def test_tc_12_02_01(self, driver):\n        \"\"\"Check Category title is visible\"\"\"\n        page = WomenPage(driver, WOMEN_PAGE_URL)\n        page.open()\n>       title = page.check_side_panel_category_is_visible()\n\ntests/test_women.py:24: \n_ _ _ _ _ _ _ _ _ _ _ _ _ _ _ _ _ _ _ _ _ _ _ _ _ _ _ _ _ _ _ _ _ _ _ _ _ _ _ _ \npages/women_page.py:18: in check_side_panel_category_is_visible\n    category_title = self.element_is_visible(self.side_panel_locators.CATEGORY_TITLE)\npages/base_page.py:30: in element_is_visible\n    self.go_to_element(self.element_is_present(locator))\npages/base_page.py:51: in element_is_present\n    return wait(self.driver, timeout).until(EC.presence_of_element_located(locator))\n_ _ _ _ _ _ _ _ _ _ _ _ _ _ _ _ _ _ _ _ _ _ _ _ _ _ _ _ _ _ _ _ _ _ _ _ _ _ _ _ \n\nself = <selenium.webdriver.support.wait.WebDriverWait (session=\"f5f934ef01a5446d16faf6f6a0aa304e\")>\nmethod = <function presence_of_element_located.<locals>._predicate at 0x7f792bdd9580>\nmessage = ''\n\n    def until(self, method, message: str = \"\"):\n        \"\"\"Calls the method provided with the driver as an argument until the \\\n        return value does not evaluate to ``False``.\n    \n        :param method: callable(WebDriver)\n        :param message: optional message for :exc:`TimeoutException`\n        :returns: the result of the last call to `method`\n        :raises: :exc:`selenium.common.exceptions.TimeoutException` if timeout occurs\n        \"\"\"\n        screen = None\n        stacktrace = None\n    \n        end_time = time.monotonic() + self._timeout\n        while True:\n            try:\n                value = method(self._driver)\n                if value:\n                    return value\n            except self._ignored_exceptions as exc:\n                screen = getattr(exc, \"screen\", None)\n                stacktrace = getattr(exc, \"stacktrace\", None)\n            time.sleep(self._poll)\n            if time.monotonic() > end_time:\n                break\n>       raise TimeoutException(message, screen, stacktrace)\nE       selenium.common.exceptions.TimeoutException: Message: \nE       Stacktrace:\nE       #0 0x56423b52a19a <unknown>\nE       #1 0x56423afa7c4b <unknown>\nE       #2 0x56423aff9318 <unknown>\nE       #3 0x56423aff9551 <unknown>\nE       #4 0x56423b047764 <unknown>\nE       #5 0x56423b044bee <unknown>\nE       #6 0x56423afebc42 <unknown>\nE       #7 0x56423afec8f1 <unknown>\nE       #8 0x56423b4f2f39 <unknown>\nE       #9 0x56423b4f5e7d <unknown>\nE       #10 0x56423b4dbc81 <unknown>\nE       #11 0x56423b4f6a5b <unknown>\nE       #12 0x56423b4c2a50 <unknown>\nE       #13 0x56423b517aa8 <unknown>\nE       #14 0x56423b517c79 <unknown>\nE       #15 0x56423b5294f3 <unknown>\nE       #16 0x7fc2bde9caa4 <unknown>\nE       #17 0x7fc2bdf29c6c <unknown>\n\n/opt/hostedtoolcache/Python/3.11.14/x64/lib/python3.11/site-packages/selenium/webdriver/support/wait.py:95: TimeoutException","steps":[{"name":"Open a browser","time":{"start":1766888457067,"stop":1766888457226,"duration":159},"status":"passed","steps":[],"attachments":[],"parameters":[],"stepsCount":0,"shouldDisplayMessage":false,"attachmentsCount":0,"hasContent":false,"attachmentStep":false},{"name":"Check the side Category title is visible","time":{"start":1766888457227,"stop":1766888462338,"duration":5111},"status":"broken","statusMessage":"selenium.common.exceptions.TimeoutException: Message: \nStacktrace:\n#0 0x56423b52a19a <unknown>\n#1 0x56423afa7c4b <unknown>\n#2 0x56423aff9318 <unknown>\n#3 0x56423aff9551 <unknown>\n#4 0x56423b047764 <unknown>\n#5 0x56423b044bee <unknown>\n#6 0x56423afebc42 <unknown>\n#7 0x56423afec8f1 <unknown>\n#8 0x56423b4f2f39 <unknown>\n#9 0x56423b4f5e7d <unknown>\n#10 0x56423b4dbc81 <unknown>\n#11 0x56423b4f6a5b <unknown>\n#12 0x56423b4c2a50 <unknown>\n#13 0x56423b517aa8 <unknown>\n#14 0x56423b517c79 <unknown>\n#15 0x56423b5294f3 <unknown>\n#16 0x7fc2bde9caa4 <unknown>\n#17 0x7fc2bdf29c6c <unknown>\n\n","statusTrace":"  File \"/opt/hostedtoolcache/Python/3.11.14/x64/lib/python3.11/site-packages/allure_commons/_allure.py\", line 192, in impl\n    return func(*a, **kw)\n           ^^^^^^^^^^^^^^\n  File \"/home/runner/work/luma_project/luma_project/pages/women_page.py\", line 18, in check_side_panel_category_is_visible\n    category_title = self.element_is_visible(self.side_panel_locators.CATEGORY_TITLE)\n                     ^^^^^^^^^^^^^^^^^^^^^^^^^^^^^^^^^^^^^^^^^^^^^^^^^^^^^^^^^^^^^^^^\n  File \"/opt/hostedtoolcache/Python/3.11.14/x64/lib/python3.11/site-packages/allure_commons/_allure.py\", line 192, in impl\n    return func(*a, **kw)\n           ^^^^^^^^^^^^^^\n  File \"/home/runner/work/luma_project/luma_project/pages/base_page.py\", line 30, in element_is_visible\n    self.go_to_element(self.element_is_present(locator))\n                       ^^^^^^^^^^^^^^^^^^^^^^^^^^^^^^^^\n  File \"/opt/hostedtoolcache/Python/3.11.14/x64/lib/python3.11/site-packages/allure_commons/_allure.py\", line 192, in impl\n    return func(*a, **kw)\n           ^^^^^^^^^^^^^^\n  File \"/home/runner/work/luma_project/luma_project/pages/base_page.py\", line 51, in element_is_present\n    return wait(self.driver, timeout).until(EC.presence_of_element_located(locator))\n           ^^^^^^^^^^^^^^^^^^^^^^^^^^^^^^^^^^^^^^^^^^^^^^^^^^^^^^^^^^^^^^^^^^^^^^^^^\n  File \"/opt/hostedtoolcache/Python/3.11.14/x64/lib/python3.11/site-packages/selenium/webdriver/support/wait.py\", line 95, in until\n    raise TimeoutException(message, screen, stacktrace)\n","steps":[{"name":"Find a visible element","time":{"start":1766888457227,"stop":1766888462338,"duration":5111},"status":"broken","statusMessage":"selenium.common.exceptions.TimeoutException: Message: \nStacktrace:\n#0 0x56423b52a19a <unknown>\n#1 0x56423afa7c4b <unknown>\n#2 0x56423aff9318 <unknown>\n#3 0x56423aff9551 <unknown>\n#4 0x56423b047764 <unknown>\n#5 0x56423b044bee <unknown>\n#6 0x56423afebc42 <unknown>\n#7 0x56423afec8f1 <unknown>\n#8 0x56423b4f2f39 <unknown>\n#9 0x56423b4f5e7d <unknown>\n#10 0x56423b4dbc81 <unknown>\n#11 0x56423b4f6a5b <unknown>\n#12 0x56423b4c2a50 <unknown>\n#13 0x56423b517aa8 <unknown>\n#14 0x56423b517c79 <unknown>\n#15 0x56423b5294f3 <unknown>\n#16 0x7fc2bde9caa4 <unknown>\n#17 0x7fc2bdf29c6c <unknown>\n\n","statusTrace":"  File \"/opt/hostedtoolcache/Python/3.11.14/x64/lib/python3.11/site-packages/allure_commons/_allure.py\", line 192, in impl\n    return func(*a, **kw)\n           ^^^^^^^^^^^^^^\n  File \"/home/runner/work/luma_project/luma_project/pages/base_page.py\", line 30, in element_is_visible\n    self.go_to_element(self.element_is_present(locator))\n                       ^^^^^^^^^^^^^^^^^^^^^^^^^^^^^^^^\n  File \"/opt/hostedtoolcache/Python/3.11.14/x64/lib/python3.11/site-packages/allure_commons/_allure.py\", line 192, in impl\n    return func(*a, **kw)\n           ^^^^^^^^^^^^^^\n  File \"/home/runner/work/luma_project/luma_project/pages/base_page.py\", line 51, in element_is_present\n    return wait(self.driver, timeout).until(EC.presence_of_element_located(locator))\n           ^^^^^^^^^^^^^^^^^^^^^^^^^^^^^^^^^^^^^^^^^^^^^^^^^^^^^^^^^^^^^^^^^^^^^^^^^\n  File \"/opt/hostedtoolcache/Python/3.11.14/x64/lib/python3.11/site-packages/selenium/webdriver/support/wait.py\", line 95, in until\n    raise TimeoutException(message, screen, stacktrace)\n","steps":[{"name":"Find a present element","time":{"start":1766888457227,"stop":1766888462337,"duration":5110},"status":"broken","statusMessage":"selenium.common.exceptions.TimeoutException: Message: \nStacktrace:\n#0 0x56423b52a19a <unknown>\n#1 0x56423afa7c4b <unknown>\n#2 0x56423aff9318 <unknown>\n#3 0x56423aff9551 <unknown>\n#4 0x56423b047764 <unknown>\n#5 0x56423b044bee <unknown>\n#6 0x56423afebc42 <unknown>\n#7 0x56423afec8f1 <unknown>\n#8 0x56423b4f2f39 <unknown>\n#9 0x56423b4f5e7d <unknown>\n#10 0x56423b4dbc81 <unknown>\n#11 0x56423b4f6a5b <unknown>\n#12 0x56423b4c2a50 <unknown>\n#13 0x56423b517aa8 <unknown>\n#14 0x56423b517c79 <unknown>\n#15 0x56423b5294f3 <unknown>\n#16 0x7fc2bde9caa4 <unknown>\n#17 0x7fc2bdf29c6c <unknown>\n\n","statusTrace":"  File \"/opt/hostedtoolcache/Python/3.11.14/x64/lib/python3.11/site-packages/allure_commons/_allure.py\", line 192, in impl\n    return func(*a, **kw)\n           ^^^^^^^^^^^^^^\n  File \"/home/runner/work/luma_project/luma_project/pages/base_page.py\", line 51, in element_is_present\n    return wait(self.driver, timeout).until(EC.presence_of_element_located(locator))\n           ^^^^^^^^^^^^^^^^^^^^^^^^^^^^^^^^^^^^^^^^^^^^^^^^^^^^^^^^^^^^^^^^^^^^^^^^^\n  File \"/opt/hostedtoolcache/Python/3.11.14/x64/lib/python3.11/site-packages/selenium/webdriver/support/wait.py\", line 95, in until\n    raise TimeoutException(message, screen, stacktrace)\n","steps":[],"attachments":[],"parameters":[{"name":"locator","value":"('xpath', '//div[4]/div[2]/div[1]/div[2]/dl/dt')"},{"name":"timeout","value":"5"}],"stepsCount":0,"shouldDisplayMessage":true,"attachmentsCount":0,"hasContent":true,"attachmentStep":false}],"attachments":[],"parameters":[{"name":"locator","value":"('xpath', '//div[4]/div[2]/div[1]/div[2]/dl/dt')"},{"name":"timeout","value":"10"}],"stepsCount":1,"shouldDisplayMessage":false,"attachmentsCount":0,"hasContent":true,"attachmentStep":false}],"attachments":[],"parameters":[],"stepsCount":2,"shouldDisplayMessage":false,"attachmentsCount":0,"hasContent":true,"attachmentStep":false}],"attachments":[{"uid":"4a9f009ff4374ba8","name":"Screenshot","source":"4a9f009ff4374ba8.png","type":"image/png","size":95486},{"uid":"4b4d1c214b1e579a","name":"HTML source","source":"4b4d1c214b1e579a.html","type":"text/html","size":7069}],"parameters":[],"stepsCount":4,"shouldDisplayMessage":true,"attachmentsCount":2,"hasContent":true,"attachmentStep":false},"afterStages":[{"name":"driver::0","time":{"start":1766888462424,"stop":1766888462484,"duration":60},"status":"passed","steps":[],"attachments":[],"parameters":[],"stepsCount":0,"shouldDisplayMessage":false,"attachmentsCount":0,"hasContent":false,"attachmentStep":false},{"name":"clear_allure_result_folder::0","time":{"start":1766888488919,"stop":1766888488919,"duration":0},"status":"passed","steps":[],"attachments":[],"parameters":[],"stepsCount":0,"shouldDisplayMessage":false,"attachmentsCount":0,"hasContent":false,"attachmentStep":false}],"labels":[{"name":"epic","value":"WomenPage"},{"name":"parentSuite","value":"tests"},{"name":"suite","value":"test_women"},{"name":"subSuite","value":"TestWomenPage"},{"name":"host","value":"runnervmh13bl"},{"name":"thread","value":"2985-MainThread"},{"name":"framework","value":"pytest"},{"name":"language","value":"cpython3"},{"name":"package","value":"tests.test_women"},{"name":"resultFormat","value":"allure2"}],"parameters":[],"links":[],"hidden":false,"retry":false,"extra":{"severity":"normal","retries":[],"categories":[{"name":"Test defects","matchedStatuses":[],"flaky":false}],"history":{"statistic":{"failed":0,"broken":6,"skipped":0,"passed":0,"unknown":0,"total":6},"items":[{"uid":"983cc913a94589a0","reportUrl":"https://verafes.github.io/luma_project/626/#testresult/983cc913a94589a0","status":"broken","statusDetails":"selenium.common.exceptions.TimeoutException: Message: \nStacktrace:\n#0 0x55f35bc1219a <unknown>\n#1 0x55f35b68fc4b <unknown>\n#2 0x55f35b6e1318 <unknown>\n#3 0x55f35b6e1551 <unknown>\n#4 0x55f35b72f764 <unknown>\n#5 0x55f35b72cbee <unknown>\n#6 0x55f35b6d3c42 <unknown>\n#7 0x55f35b6d48f1 <unknown>\n#8 0x55f35bbdaf39 <unknown>\n#9 0x55f35bbdde7d <unknown>\n#10 0x55f35bbc3c81 <unknown>\n#11 0x55f35bbdea5b <unknown>\n#12 0x55f35bbaaa50 <unknown>\n#13 0x55f35bbffaa8 <unknown>\n#14 0x55f35bbffc79 <unknown>\n#15 0x55f35bc114f3 <unknown>\n#16 0x7fa7d649caa4 <unknown>\n#17 0x7fa7d6529c6c <unknown>","time":{"start":1766282862792,"stop":1766282868190,"duration":5398}},{"uid":"2a98fd1acdcd2e54","reportUrl":"https://verafes.github.io/luma_project/625/#testresult/2a98fd1acdcd2e54","status":"broken","statusDetails":"selenium.common.exceptions.TimeoutException: Message: \nStacktrace:\n#0 0x56328c33516a <unknown>\n#1 0x56328bdb2c4b <unknown>\n#2 0x56328be04318 <unknown>\n#3 0x56328be04551 <unknown>\n#4 0x56328be52764 <unknown>\n#5 0x56328be4fbee <unknown>\n#6 0x56328bdf6c42 <unknown>\n#7 0x56328bdf78f1 <unknown>\n#8 0x56328c2fdf09 <unknown>\n#9 0x56328c300e4d <unknown>\n#10 0x56328c2e6c51 <unknown>\n#11 0x56328c301a2b <unknown>\n#12 0x56328c2cda20 <unknown>\n#13 0x56328c322a78 <unknown>\n#14 0x56328c322c49 <unknown>\n#15 0x56328c3344c3 <unknown>\n#16 0x7fa76809caa4 <unknown>\n#17 0x7fa768129c6c <unknown>","time":{"start":1765678081264,"stop":1765678086582,"duration":5318}},{"uid":"e57d36fee7f15ea5","reportUrl":"https://verafes.github.io/luma_project/624/#testresult/e57d36fee7f15ea5","status":"broken","statusDetails":"selenium.common.exceptions.TimeoutException: Message: \nStacktrace:\n#0 0x564452db64ca <unknown>\n#1 0x564452804e4b <unknown>\n#2 0x564452857814 <unknown>\n#3 0x564452857a51 <unknown>\n#4 0x5644528a6a44 <unknown>\n#5 0x5644528a3df7 <unknown>\n#6 0x564452849c2a <unknown>\n#7 0x56445284a931 <unknown>\n#8 0x564452d7ccf9 <unknown>\n#9 0x564452d7fcdc <unknown>\n#10 0x564452d65f79 <unknown>\n#11 0x564452d808b5 <unknown>\n#12 0x564452d4d9c3 <unknown>\n#13 0x564452da3228 <unknown>\n#14 0x564452da3403 <unknown>\n#15 0x564452db5463 <unknown>\n#16 0x7f175f09caa4 <unknown>\n#17 0x7f175f129c6c <unknown>","time":{"start":1765073251428,"stop":1765073256705,"duration":5277}},{"uid":"842b467a035cdca9","reportUrl":"https://verafes.github.io/luma_project/623/#testresult/842b467a035cdca9","status":"broken","statusDetails":"selenium.common.exceptions.TimeoutException: Message: \nStacktrace:\n#0 0x5654588a632a <unknown>\n#1 0x5654582f2e4b <unknown>\n#2 0x56545834582b <unknown>\n#3 0x565458345a61 <unknown>\n#4 0x565458394a44 <unknown>\n#5 0x565458391df7 <unknown>\n#6 0x565458337c1a <unknown>\n#7 0x565458338921 <unknown>\n#8 0x56545886d239 <unknown>\n#9 0x5654588701e8 <unknown>\n#10 0x5654588564c9 <unknown>\n#11 0x565458870db5 <unknown>\n#12 0x56545883de93 <unknown>\n#13 0x565458893098 <unknown>\n#14 0x565458893273 <unknown>\n#15 0x5654588a52c3 <unknown>\n#16 0x7f90bf89caa4 <unknown>\n#17 0x7f90bf929c6c <unknown>","time":{"start":1764468430179,"stop":1764468435456,"duration":5277}},{"uid":"3d705fdbc546e132","reportUrl":"https://verafes.github.io/luma_project/622/#testresult/3d705fdbc546e132","status":"broken","statusDetails":"selenium.common.exceptions.TimeoutException: Message: \nStacktrace:\n#0 0x55c836a2b32a <unknown>\n#1 0x55c836477e4b <unknown>\n#2 0x55c8364ca82b <unknown>\n#3 0x55c8364caa61 <unknown>\n#4 0x55c836519a44 <unknown>\n#5 0x55c836516df7 <unknown>\n#6 0x55c8364bcc1a <unknown>\n#7 0x55c8364bd921 <unknown>\n#8 0x55c8369f2239 <unknown>\n#9 0x55c8369f51e8 <unknown>\n#10 0x55c8369db4c9 <unknown>\n#11 0x55c8369f5db5 <unknown>\n#12 0x55c8369c2e93 <unknown>\n#13 0x55c836a18098 <unknown>\n#14 0x55c836a18273 <unknown>\n#15 0x55c836a2a2c3 <unknown>\n#16 0x7fa19929caa4 <unknown>\n#17 0x7fa199329c6c <unknown>","time":{"start":1763863688578,"stop":1763863693860,"duration":5282}}]},"tags":[]},"source":"3225eae152a38392.json","parameterValues":[]}