{"uid":"68aca092d7b29163","name":"TC 03.02.01 to 03_02_10 Verify Failed Login, no error validation","fullName":"tests.test_sign_in.TestFailedLogin#test_03_02_01_to_03_02_10_login","historyId":"4f821f6434523f69b2c6243c2db29a9b","time":{"start":1766888289169,"stop":1766888294456,"duration":5287},"description":"Check Success and Failed Login, no error validation","descriptionHtml":"<p>Check Success and Failed Login, no error validation</p>\n","status":"broken","statusMessage":"selenium.common.exceptions.TimeoutException: Message: \nStacktrace:\n#0 0x55566b21319a <unknown>\n#1 0x55566ac90c4b <unknown>\n#2 0x55566ace2318 <unknown>\n#3 0x55566ace2551 <unknown>\n#4 0x55566ad30764 <unknown>\n#5 0x55566ad2dbee <unknown>\n#6 0x55566acd4c42 <unknown>\n#7 0x55566acd58f1 <unknown>\n#8 0x55566b1dbf39 <unknown>\n#9 0x55566b1dee7d <unknown>\n#10 0x55566b1c4c81 <unknown>\n#11 0x55566b1dfa5b <unknown>\n#12 0x55566b1aba50 <unknown>\n#13 0x55566b200aa8 <unknown>\n#14 0x55566b200c79 <unknown>\n#15 0x55566b2124f3 <unknown>\n#16 0x7fb89729caa4 <unknown>\n#17 0x7fb897329c6c <unknown>","statusTrace":"self = <test_sign_in.TestFailedLogin object at 0x7f792a610250>\ndriver = <selenium.webdriver.chrome.webdriver.WebDriver (session=\"21380f2f183bce1812b1bf22ddddd7f3\")>\nemail = 'teston120@mailinator.com', password = ''\n\n    @allure.title('TC 03.02.01 to 03_02_10 Verify Failed Login, no error validation')\n    @allure.severity(allure.severity_level.CRITICAL)\n    @pytest.mark.parametrize('email, password', LOGIN)\n    def test_03_02_01_to_03_02_10_login(self, driver, email, password):\n        \"\"\"Check Success and Failed Login, no error validation\"\"\"\n        sign_in_page = SignInPage(driver, SIGN_IN_URL)\n        sign_in_page.open()\n>       sign_in_page.fill_in_email_field(email)\n\ntests/test_sign_in.py:288: \n_ _ _ _ _ _ _ _ _ _ _ _ _ _ _ _ _ _ _ _ _ _ _ _ _ _ _ _ _ _ _ _ _ _ _ _ _ _ _ _ \npages/sign_in_page.py:54: in fill_in_email_field\n    self.fill_in_field(self.check_customer_email_field_is_clickable(), email)\npages/sign_in_page.py:41: in check_customer_email_field_is_clickable\n    return self.element_is_clickable(self.locators.CUSTOMER_EMAIL)\npages/base_page.py:81: in element_is_clickable\n    return wait(self.driver, timeout).until(EC.element_to_be_clickable(locator))\n_ _ _ _ _ _ _ _ _ _ _ _ _ _ _ _ _ _ _ _ _ _ _ _ _ _ _ _ _ _ _ _ _ _ _ _ _ _ _ _ \n\nself = <selenium.webdriver.support.wait.WebDriverWait (session=\"21380f2f183bce1812b1bf22ddddd7f3\")>\nmethod = <function element_to_be_clickable.<locals>._predicate at 0x7f792beb09a0>\nmessage = ''\n\n    def until(self, method, message: str = \"\"):\n        \"\"\"Calls the method provided with the driver as an argument until the \\\n        return value does not evaluate to ``False``.\n    \n        :param method: callable(WebDriver)\n        :param message: optional message for :exc:`TimeoutException`\n        :returns: the result of the last call to `method`\n        :raises: :exc:`selenium.common.exceptions.TimeoutException` if timeout occurs\n        \"\"\"\n        screen = None\n        stacktrace = None\n    \n        end_time = time.monotonic() + self._timeout\n        while True:\n            try:\n                value = method(self._driver)\n                if value:\n                    return value\n            except self._ignored_exceptions as exc:\n                screen = getattr(exc, \"screen\", None)\n                stacktrace = getattr(exc, \"stacktrace\", None)\n            time.sleep(self._poll)\n            if time.monotonic() > end_time:\n                break\n>       raise TimeoutException(message, screen, stacktrace)\nE       selenium.common.exceptions.TimeoutException: Message: \nE       Stacktrace:\nE       #0 0x55566b21319a <unknown>\nE       #1 0x55566ac90c4b <unknown>\nE       #2 0x55566ace2318 <unknown>\nE       #3 0x55566ace2551 <unknown>\nE       #4 0x55566ad30764 <unknown>\nE       #5 0x55566ad2dbee <unknown>\nE       #6 0x55566acd4c42 <unknown>\nE       #7 0x55566acd58f1 <unknown>\nE       #8 0x55566b1dbf39 <unknown>\nE       #9 0x55566b1dee7d <unknown>\nE       #10 0x55566b1c4c81 <unknown>\nE       #11 0x55566b1dfa5b <unknown>\nE       #12 0x55566b1aba50 <unknown>\nE       #13 0x55566b200aa8 <unknown>\nE       #14 0x55566b200c79 <unknown>\nE       #15 0x55566b2124f3 <unknown>\nE       #16 0x7fb89729caa4 <unknown>\nE       #17 0x7fb897329c6c <unknown>\n\n/opt/hostedtoolcache/Python/3.11.14/x64/lib/python3.11/site-packages/selenium/webdriver/support/wait.py:95: TimeoutException","flaky":false,"newFailed":false,"newBroken":false,"newPassed":false,"retriesCount":0,"retriesStatusChange":false,"beforeStages":[{"name":"_session_faker","time":{"start":1766886094392,"stop":1766886094465,"duration":73},"status":"passed","steps":[],"attachments":[],"parameters":[],"stepsCount":0,"shouldDisplayMessage":false,"attachmentsCount":0,"hasContent":false,"attachmentStep":false},{"name":"clear_allure_result_folder","time":{"start":1766886094465,"stop":1766886094465,"duration":0},"status":"passed","steps":[],"attachments":[],"parameters":[],"stepsCount":0,"shouldDisplayMessage":false,"attachmentsCount":0,"hasContent":false,"attachmentStep":false},{"name":"driver","time":{"start":1766888287969,"stop":1766888289168,"duration":1199},"status":"passed","steps":[],"attachments":[],"parameters":[],"stepsCount":0,"shouldDisplayMessage":false,"attachmentsCount":0,"hasContent":false,"attachmentStep":false}],"testStage":{"description":"Check Success and Failed Login, no error validation","status":"broken","statusMessage":"selenium.common.exceptions.TimeoutException: Message: \nStacktrace:\n#0 0x55566b21319a <unknown>\n#1 0x55566ac90c4b <unknown>\n#2 0x55566ace2318 <unknown>\n#3 0x55566ace2551 <unknown>\n#4 0x55566ad30764 <unknown>\n#5 0x55566ad2dbee <unknown>\n#6 0x55566acd4c42 <unknown>\n#7 0x55566acd58f1 <unknown>\n#8 0x55566b1dbf39 <unknown>\n#9 0x55566b1dee7d <unknown>\n#10 0x55566b1c4c81 <unknown>\n#11 0x55566b1dfa5b <unknown>\n#12 0x55566b1aba50 <unknown>\n#13 0x55566b200aa8 <unknown>\n#14 0x55566b200c79 <unknown>\n#15 0x55566b2124f3 <unknown>\n#16 0x7fb89729caa4 <unknown>\n#17 0x7fb897329c6c <unknown>","statusTrace":"self = <test_sign_in.TestFailedLogin object at 0x7f792a610250>\ndriver = <selenium.webdriver.chrome.webdriver.WebDriver (session=\"21380f2f183bce1812b1bf22ddddd7f3\")>\nemail = 'teston120@mailinator.com', password = ''\n\n    @allure.title('TC 03.02.01 to 03_02_10 Verify Failed Login, no error validation')\n    @allure.severity(allure.severity_level.CRITICAL)\n    @pytest.mark.parametrize('email, password', LOGIN)\n    def test_03_02_01_to_03_02_10_login(self, driver, email, password):\n        \"\"\"Check Success and Failed Login, no error validation\"\"\"\n        sign_in_page = SignInPage(driver, SIGN_IN_URL)\n        sign_in_page.open()\n>       sign_in_page.fill_in_email_field(email)\n\ntests/test_sign_in.py:288: \n_ _ _ _ _ _ _ _ _ _ _ _ _ _ _ _ _ _ _ _ _ _ _ _ _ _ _ _ _ _ _ _ _ _ _ _ _ _ _ _ \npages/sign_in_page.py:54: in fill_in_email_field\n    self.fill_in_field(self.check_customer_email_field_is_clickable(), email)\npages/sign_in_page.py:41: in check_customer_email_field_is_clickable\n    return self.element_is_clickable(self.locators.CUSTOMER_EMAIL)\npages/base_page.py:81: in element_is_clickable\n    return wait(self.driver, timeout).until(EC.element_to_be_clickable(locator))\n_ _ _ _ _ _ _ _ _ _ _ _ _ _ _ _ _ _ _ _ _ _ _ _ _ _ _ _ _ _ _ _ _ _ _ _ _ _ _ _ \n\nself = <selenium.webdriver.support.wait.WebDriverWait (session=\"21380f2f183bce1812b1bf22ddddd7f3\")>\nmethod = <function element_to_be_clickable.<locals>._predicate at 0x7f792beb09a0>\nmessage = ''\n\n    def until(self, method, message: str = \"\"):\n        \"\"\"Calls the method provided with the driver as an argument until the \\\n        return value does not evaluate to ``False``.\n    \n        :param method: callable(WebDriver)\n        :param message: optional message for :exc:`TimeoutException`\n        :returns: the result of the last call to `method`\n        :raises: :exc:`selenium.common.exceptions.TimeoutException` if timeout occurs\n        \"\"\"\n        screen = None\n        stacktrace = None\n    \n        end_time = time.monotonic() + self._timeout\n        while True:\n            try:\n                value = method(self._driver)\n                if value:\n                    return value\n            except self._ignored_exceptions as exc:\n                screen = getattr(exc, \"screen\", None)\n                stacktrace = getattr(exc, \"stacktrace\", None)\n            time.sleep(self._poll)\n            if time.monotonic() > end_time:\n                break\n>       raise TimeoutException(message, screen, stacktrace)\nE       selenium.common.exceptions.TimeoutException: Message: \nE       Stacktrace:\nE       #0 0x55566b21319a <unknown>\nE       #1 0x55566ac90c4b <unknown>\nE       #2 0x55566ace2318 <unknown>\nE       #3 0x55566ace2551 <unknown>\nE       #4 0x55566ad30764 <unknown>\nE       #5 0x55566ad2dbee <unknown>\nE       #6 0x55566acd4c42 <unknown>\nE       #7 0x55566acd58f1 <unknown>\nE       #8 0x55566b1dbf39 <unknown>\nE       #9 0x55566b1dee7d <unknown>\nE       #10 0x55566b1c4c81 <unknown>\nE       #11 0x55566b1dfa5b <unknown>\nE       #12 0x55566b1aba50 <unknown>\nE       #13 0x55566b200aa8 <unknown>\nE       #14 0x55566b200c79 <unknown>\nE       #15 0x55566b2124f3 <unknown>\nE       #16 0x7fb89729caa4 <unknown>\nE       #17 0x7fb897329c6c <unknown>\n\n/opt/hostedtoolcache/Python/3.11.14/x64/lib/python3.11/site-packages/selenium/webdriver/support/wait.py:95: TimeoutException","steps":[{"name":"Open a browser","time":{"start":1766888289169,"stop":1766888289334,"duration":165},"status":"passed","steps":[],"attachments":[],"parameters":[],"stepsCount":0,"shouldDisplayMessage":false,"attachmentsCount":0,"hasContent":false,"attachmentStep":false},{"name":"Fill in Email field","time":{"start":1766888289334,"stop":1766888294455,"duration":5121},"status":"broken","statusMessage":"selenium.common.exceptions.TimeoutException: Message: \nStacktrace:\n#0 0x55566b21319a <unknown>\n#1 0x55566ac90c4b <unknown>\n#2 0x55566ace2318 <unknown>\n#3 0x55566ace2551 <unknown>\n#4 0x55566ad30764 <unknown>\n#5 0x55566ad2dbee <unknown>\n#6 0x55566acd4c42 <unknown>\n#7 0x55566acd58f1 <unknown>\n#8 0x55566b1dbf39 <unknown>\n#9 0x55566b1dee7d <unknown>\n#10 0x55566b1c4c81 <unknown>\n#11 0x55566b1dfa5b <unknown>\n#12 0x55566b1aba50 <unknown>\n#13 0x55566b200aa8 <unknown>\n#14 0x55566b200c79 <unknown>\n#15 0x55566b2124f3 <unknown>\n#16 0x7fb89729caa4 <unknown>\n#17 0x7fb897329c6c <unknown>\n\n","statusTrace":"  File \"/opt/hostedtoolcache/Python/3.11.14/x64/lib/python3.11/site-packages/allure_commons/_allure.py\", line 192, in impl\n    return func(*a, **kw)\n           ^^^^^^^^^^^^^^\n  File \"/home/runner/work/luma_project/luma_project/pages/sign_in_page.py\", line 54, in fill_in_email_field\n    self.fill_in_field(self.check_customer_email_field_is_clickable(), email)\n                       ^^^^^^^^^^^^^^^^^^^^^^^^^^^^^^^^^^^^^^^^^^^^^^\n  File \"/opt/hostedtoolcache/Python/3.11.14/x64/lib/python3.11/site-packages/allure_commons/_allure.py\", line 192, in impl\n    return func(*a, **kw)\n           ^^^^^^^^^^^^^^\n  File \"/home/runner/work/luma_project/luma_project/pages/sign_in_page.py\", line 41, in check_customer_email_field_is_clickable\n    return self.element_is_clickable(self.locators.CUSTOMER_EMAIL)\n           ^^^^^^^^^^^^^^^^^^^^^^^^^^^^^^^^^^^^^^^^^^^^^^^^^^^^^^^\n  File \"/opt/hostedtoolcache/Python/3.11.14/x64/lib/python3.11/site-packages/allure_commons/_allure.py\", line 192, in impl\n    return func(*a, **kw)\n           ^^^^^^^^^^^^^^\n  File \"/home/runner/work/luma_project/luma_project/pages/base_page.py\", line 81, in element_is_clickable\n    return wait(self.driver, timeout).until(EC.element_to_be_clickable(locator))\n           ^^^^^^^^^^^^^^^^^^^^^^^^^^^^^^^^^^^^^^^^^^^^^^^^^^^^^^^^^^^^^^^^^^^^^\n  File \"/opt/hostedtoolcache/Python/3.11.14/x64/lib/python3.11/site-packages/selenium/webdriver/support/wait.py\", line 95, in until\n    raise TimeoutException(message, screen, stacktrace)\n","steps":[{"name":"Check Email field is clickable","time":{"start":1766888289334,"stop":1766888294455,"duration":5121},"status":"broken","statusMessage":"selenium.common.exceptions.TimeoutException: Message: \nStacktrace:\n#0 0x55566b21319a <unknown>\n#1 0x55566ac90c4b <unknown>\n#2 0x55566ace2318 <unknown>\n#3 0x55566ace2551 <unknown>\n#4 0x55566ad30764 <unknown>\n#5 0x55566ad2dbee <unknown>\n#6 0x55566acd4c42 <unknown>\n#7 0x55566acd58f1 <unknown>\n#8 0x55566b1dbf39 <unknown>\n#9 0x55566b1dee7d <unknown>\n#10 0x55566b1c4c81 <unknown>\n#11 0x55566b1dfa5b <unknown>\n#12 0x55566b1aba50 <unknown>\n#13 0x55566b200aa8 <unknown>\n#14 0x55566b200c79 <unknown>\n#15 0x55566b2124f3 <unknown>\n#16 0x7fb89729caa4 <unknown>\n#17 0x7fb897329c6c <unknown>\n\n","statusTrace":"  File \"/opt/hostedtoolcache/Python/3.11.14/x64/lib/python3.11/site-packages/allure_commons/_allure.py\", line 192, in impl\n    return func(*a, **kw)\n           ^^^^^^^^^^^^^^\n  File \"/home/runner/work/luma_project/luma_project/pages/sign_in_page.py\", line 41, in check_customer_email_field_is_clickable\n    return self.element_is_clickable(self.locators.CUSTOMER_EMAIL)\n           ^^^^^^^^^^^^^^^^^^^^^^^^^^^^^^^^^^^^^^^^^^^^^^^^^^^^^^^\n  File \"/opt/hostedtoolcache/Python/3.11.14/x64/lib/python3.11/site-packages/allure_commons/_allure.py\", line 192, in impl\n    return func(*a, **kw)\n           ^^^^^^^^^^^^^^\n  File \"/home/runner/work/luma_project/luma_project/pages/base_page.py\", line 81, in element_is_clickable\n    return wait(self.driver, timeout).until(EC.element_to_be_clickable(locator))\n           ^^^^^^^^^^^^^^^^^^^^^^^^^^^^^^^^^^^^^^^^^^^^^^^^^^^^^^^^^^^^^^^^^^^^^\n  File \"/opt/hostedtoolcache/Python/3.11.14/x64/lib/python3.11/site-packages/selenium/webdriver/support/wait.py\", line 95, in until\n    raise TimeoutException(message, screen, stacktrace)\n","steps":[{"name":"Find clickable elements","time":{"start":1766888289334,"stop":1766888294455,"duration":5121},"status":"broken","statusMessage":"selenium.common.exceptions.TimeoutException: Message: \nStacktrace:\n#0 0x55566b21319a <unknown>\n#1 0x55566ac90c4b <unknown>\n#2 0x55566ace2318 <unknown>\n#3 0x55566ace2551 <unknown>\n#4 0x55566ad30764 <unknown>\n#5 0x55566ad2dbee <unknown>\n#6 0x55566acd4c42 <unknown>\n#7 0x55566acd58f1 <unknown>\n#8 0x55566b1dbf39 <unknown>\n#9 0x55566b1dee7d <unknown>\n#10 0x55566b1c4c81 <unknown>\n#11 0x55566b1dfa5b <unknown>\n#12 0x55566b1aba50 <unknown>\n#13 0x55566b200aa8 <unknown>\n#14 0x55566b200c79 <unknown>\n#15 0x55566b2124f3 <unknown>\n#16 0x7fb89729caa4 <unknown>\n#17 0x7fb897329c6c <unknown>\n\n","statusTrace":"  File \"/opt/hostedtoolcache/Python/3.11.14/x64/lib/python3.11/site-packages/allure_commons/_allure.py\", line 192, in impl\n    return func(*a, **kw)\n           ^^^^^^^^^^^^^^\n  File \"/home/runner/work/luma_project/luma_project/pages/base_page.py\", line 81, in element_is_clickable\n    return wait(self.driver, timeout).until(EC.element_to_be_clickable(locator))\n           ^^^^^^^^^^^^^^^^^^^^^^^^^^^^^^^^^^^^^^^^^^^^^^^^^^^^^^^^^^^^^^^^^^^^^\n  File \"/opt/hostedtoolcache/Python/3.11.14/x64/lib/python3.11/site-packages/selenium/webdriver/support/wait.py\", line 95, in until\n    raise TimeoutException(message, screen, stacktrace)\n","steps":[],"attachments":[],"parameters":[{"name":"locator","value":"('css selector', '#email')"},{"name":"timeout","value":"5"}],"stepsCount":0,"shouldDisplayMessage":true,"attachmentsCount":0,"hasContent":true,"attachmentStep":false}],"attachments":[],"parameters":[],"stepsCount":1,"shouldDisplayMessage":false,"attachmentsCount":0,"hasContent":true,"attachmentStep":false}],"attachments":[],"parameters":[{"name":"email","value":"'teston120@mailinator.com'"}],"stepsCount":2,"shouldDisplayMessage":false,"attachmentsCount":0,"hasContent":true,"attachmentStep":false}],"attachments":[{"uid":"b37833514e794f27","name":"Screenshot","source":"b37833514e794f27.png","type":"image/png","size":95481},{"uid":"7cb419a9b5130a99","name":"HTML source","source":"7cb419a9b5130a99.html","type":"text/html","size":7069}],"parameters":[],"stepsCount":4,"shouldDisplayMessage":true,"attachmentsCount":2,"hasContent":true,"attachmentStep":false},"afterStages":[{"name":"driver::0","time":{"start":1766888294537,"stop":1766888294600,"duration":63},"status":"passed","steps":[],"attachments":[],"parameters":[],"stepsCount":0,"shouldDisplayMessage":false,"attachmentsCount":0,"hasContent":false,"attachmentStep":false},{"name":"clear_allure_result_folder::0","time":{"start":1766888488919,"stop":1766888488919,"duration":0},"status":"passed","steps":[],"attachments":[],"parameters":[],"stepsCount":0,"shouldDisplayMessage":false,"attachmentsCount":0,"hasContent":false,"attachmentStep":false}],"labels":[{"name":"feature","value":"Failed Login Functionality"},{"name":"severity","value":"critical"},{"name":"parentSuite","value":"tests"},{"name":"suite","value":"test_sign_in"},{"name":"subSuite","value":"TestFailedLogin"},{"name":"host","value":"runnervmh13bl"},{"name":"thread","value":"2985-MainThread"},{"name":"framework","value":"pytest"},{"name":"language","value":"cpython3"},{"name":"package","value":"tests.test_sign_in"},{"name":"resultFormat","value":"allure2"}],"parameters":[{"name":"email","value":"'teston120@mailinator.com'"},{"name":"password","value":"''"}],"links":[],"hidden":false,"retry":false,"extra":{"severity":"critical","retries":[],"categories":[{"name":"Test defects","matchedStatuses":[],"flaky":false}],"history":{"statistic":{"failed":0,"broken":6,"skipped":0,"passed":0,"unknown":0,"total":6},"items":[{"uid":"cf2e1f18f41bee34","reportUrl":"https://verafes.github.io/luma_project/626/#testresult/cf2e1f18f41bee34","status":"broken","statusDetails":"selenium.common.exceptions.TimeoutException: Message: \nStacktrace:\n#0 0x5630c775e19a <unknown>\n#1 0x5630c71dbc4b <unknown>\n#2 0x5630c722d318 <unknown>\n#3 0x5630c722d551 <unknown>\n#4 0x5630c727b764 <unknown>\n#5 0x5630c7278bee <unknown>\n#6 0x5630c721fc42 <unknown>\n#7 0x5630c72208f1 <unknown>\n#8 0x5630c7726f39 <unknown>\n#9 0x5630c7729e7d <unknown>\n#10 0x5630c770fc81 <unknown>\n#11 0x5630c772aa5b <unknown>\n#12 0x5630c76f6a50 <unknown>\n#13 0x5630c774baa8 <unknown>\n#14 0x5630c774bc79 <unknown>\n#15 0x5630c775d4f3 <unknown>\n#16 0x7fb0ad09caa4 <unknown>\n#17 0x7fb0ad129c6c <unknown>","time":{"start":1766282696599,"stop":1766282701851,"duration":5252}},{"uid":"8beeb6ba15dcb4ce","reportUrl":"https://verafes.github.io/luma_project/625/#testresult/8beeb6ba15dcb4ce","status":"broken","statusDetails":"selenium.common.exceptions.TimeoutException: Message: \nStacktrace:\n#0 0x564b3de5716a <unknown>\n#1 0x564b3d8d4c4b <unknown>\n#2 0x564b3d926318 <unknown>\n#3 0x564b3d926551 <unknown>\n#4 0x564b3d974764 <unknown>\n#5 0x564b3d971bee <unknown>\n#6 0x564b3d918c42 <unknown>\n#7 0x564b3d9198f1 <unknown>\n#8 0x564b3de1ff09 <unknown>\n#9 0x564b3de22e4d <unknown>\n#10 0x564b3de08c51 <unknown>\n#11 0x564b3de23a2b <unknown>\n#12 0x564b3ddefa20 <unknown>\n#13 0x564b3de44a78 <unknown>\n#14 0x564b3de44c49 <unknown>\n#15 0x564b3de564c3 <unknown>\n#16 0x7f28f309caa4 <unknown>\n#17 0x7f28f3129c6c <unknown>","time":{"start":1765677913855,"stop":1765677919125,"duration":5270}},{"uid":"b112462fa130c28a","reportUrl":"https://verafes.github.io/luma_project/624/#testresult/b112462fa130c28a","status":"broken","statusDetails":"selenium.common.exceptions.TimeoutException: Message: \nStacktrace:\n#0 0x5653b69b64ca <unknown>\n#1 0x5653b6404e4b <unknown>\n#2 0x5653b6457814 <unknown>\n#3 0x5653b6457a51 <unknown>\n#4 0x5653b64a6a44 <unknown>\n#5 0x5653b64a3df7 <unknown>\n#6 0x5653b6449c2a <unknown>\n#7 0x5653b644a931 <unknown>\n#8 0x5653b697ccf9 <unknown>\n#9 0x5653b697fcdc <unknown>\n#10 0x5653b6965f79 <unknown>\n#11 0x5653b69808b5 <unknown>\n#12 0x5653b694d9c3 <unknown>\n#13 0x5653b69a3228 <unknown>\n#14 0x5653b69a3403 <unknown>\n#15 0x5653b69b5463 <unknown>\n#16 0x7fd07f29caa4 <unknown>\n#17 0x7fd07f329c6c <unknown>","time":{"start":1765073084432,"stop":1765073089691,"duration":5259}},{"uid":"5ab6841324f299a6","reportUrl":"https://verafes.github.io/luma_project/623/#testresult/5ab6841324f299a6","status":"broken","statusDetails":"selenium.common.exceptions.TimeoutException: Message: \nStacktrace:\n#0 0x56235952632a <unknown>\n#1 0x562358f72e4b <unknown>\n#2 0x562358fc582b <unknown>\n#3 0x562358fc5a61 <unknown>\n#4 0x562359014a44 <unknown>\n#5 0x562359011df7 <unknown>\n#6 0x562358fb7c1a <unknown>\n#7 0x562358fb8921 <unknown>\n#8 0x5623594ed239 <unknown>\n#9 0x5623594f01e8 <unknown>\n#10 0x5623594d64c9 <unknown>\n#11 0x5623594f0db5 <unknown>\n#12 0x5623594bde93 <unknown>\n#13 0x562359513098 <unknown>\n#14 0x562359513273 <unknown>\n#15 0x5623595252c3 <unknown>\n#16 0x7f649fe9caa4 <unknown>\n#17 0x7f649ff29c6c <unknown>","time":{"start":1764468263135,"stop":1764468268380,"duration":5245}},{"uid":"5b5ec9d8a6c52a63","reportUrl":"https://verafes.github.io/luma_project/622/#testresult/5b5ec9d8a6c52a63","status":"broken","statusDetails":"selenium.common.exceptions.TimeoutException: Message: \nStacktrace:\n#0 0x55b8d6c7a32a <unknown>\n#1 0x55b8d66c6e4b <unknown>\n#2 0x55b8d671982b <unknown>\n#3 0x55b8d6719a61 <unknown>\n#4 0x55b8d6768a44 <unknown>\n#5 0x55b8d6765df7 <unknown>\n#6 0x55b8d670bc1a <unknown>\n#7 0x55b8d670c921 <unknown>\n#8 0x55b8d6c41239 <unknown>\n#9 0x55b8d6c441e8 <unknown>\n#10 0x55b8d6c2a4c9 <unknown>\n#11 0x55b8d6c44db5 <unknown>\n#12 0x55b8d6c11e93 <unknown>\n#13 0x55b8d6c67098 <unknown>\n#14 0x55b8d6c67273 <unknown>\n#15 0x55b8d6c792c3 <unknown>\n#16 0x7f0f7369caa4 <unknown>\n#17 0x7f0f73729c6c <unknown>","time":{"start":1763863520619,"stop":1763863525884,"duration":5265}}]},"tags":[]},"source":"68aca092d7b29163.json","parameterValues":["'teston120@mailinator.com'","''"]}