{"uid":"72f7717855abade9","name":"test_check_for_duplicate_titles_after_clicking_on_the_card","fullName":"tests.test_main_page.TestHotSellerSection#test_check_for_duplicate_titles_after_clicking_on_the_card","historyId":"68fb1c5ac03cc03f622fc487e4058f4a","time":{"start":1766887042026,"stop":1766887047304,"duration":5278},"description":"This test checks for the same titles after clicking on the product card and going to the product page","descriptionHtml":"<p>This test checks for the same titles after clicking on the product card and going to the product page</p>\n","status":"broken","statusMessage":"selenium.common.exceptions.TimeoutException: Message: \nStacktrace:\n#0 0x561e6f8ff19a <unknown>\n#1 0x561e6f37cc4b <unknown>\n#2 0x561e6f3ce318 <unknown>\n#3 0x561e6f3ce551 <unknown>\n#4 0x561e6f41c764 <unknown>\n#5 0x561e6f419bee <unknown>\n#6 0x561e6f3c0c42 <unknown>\n#7 0x561e6f3c18f1 <unknown>\n#8 0x561e6f8c7f39 <unknown>\n#9 0x561e6f8cae7d <unknown>\n#10 0x561e6f8b0c81 <unknown>\n#11 0x561e6f8cba5b <unknown>\n#12 0x561e6f897a50 <unknown>\n#13 0x561e6f8ecaa8 <unknown>\n#14 0x561e6f8ecc79 <unknown>\n#15 0x561e6f8fe4f3 <unknown>\n#16 0x7fcf34a9caa4 <unknown>\n#17 0x7fcf34b29c6c <unknown>","statusTrace":"self = <test_main_page.TestMainPage.TestHotSellerSection object at 0x7f792b44af90>\ndriver = <selenium.webdriver.chrome.webdriver.WebDriver (session=\"438884cecc868b5b612f2093f8d78a4e\")>\n\n    def test_check_for_duplicate_titles_after_clicking_on_the_card(self, driver):\n        \"\"\"This test checks for the same titles after clicking on the product card and going to the product page\"\"\"\n        page = MainPage(driver, MAIN_PAGE_URL)\n        page.open()\n>       text_before, text_after = page.check_the_correct_page_title_after_click_on_the_card()\n\ntests/test_main_page.py:39: \n_ _ _ _ _ _ _ _ _ _ _ _ _ _ _ _ _ _ _ _ _ _ _ _ _ _ _ _ _ _ _ _ _ _ _ _ _ _ _ _ \npages/main_page.py:39: in check_the_correct_page_title_after_click_on_the_card\n    text_before = self.get_text(self.locators.CARD_TITLE)\npages/base_page.py:145: in get_text\n    text = self.element_is_visible(locator)\npages/base_page.py:30: in element_is_visible\n    self.go_to_element(self.element_is_present(locator))\npages/base_page.py:51: in element_is_present\n    return wait(self.driver, timeout).until(EC.presence_of_element_located(locator))\n_ _ _ _ _ _ _ _ _ _ _ _ _ _ _ _ _ _ _ _ _ _ _ _ _ _ _ _ _ _ _ _ _ _ _ _ _ _ _ _ \n\nself = <selenium.webdriver.support.wait.WebDriverWait (session=\"438884cecc868b5b612f2093f8d78a4e\")>\nmethod = <function presence_of_element_located.<locals>._predicate at 0x7f792c54b420>\nmessage = ''\n\n    def until(self, method, message: str = \"\"):\n        \"\"\"Calls the method provided with the driver as an argument until the \\\n        return value does not evaluate to ``False``.\n    \n        :param method: callable(WebDriver)\n        :param message: optional message for :exc:`TimeoutException`\n        :returns: the result of the last call to `method`\n        :raises: :exc:`selenium.common.exceptions.TimeoutException` if timeout occurs\n        \"\"\"\n        screen = None\n        stacktrace = None\n    \n        end_time = time.monotonic() + self._timeout\n        while True:\n            try:\n                value = method(self._driver)\n                if value:\n                    return value\n            except self._ignored_exceptions as exc:\n                screen = getattr(exc, \"screen\", None)\n                stacktrace = getattr(exc, \"stacktrace\", None)\n            time.sleep(self._poll)\n            if time.monotonic() > end_time:\n                break\n>       raise TimeoutException(message, screen, stacktrace)\nE       selenium.common.exceptions.TimeoutException: Message: \nE       Stacktrace:\nE       #0 0x561e6f8ff19a <unknown>\nE       #1 0x561e6f37cc4b <unknown>\nE       #2 0x561e6f3ce318 <unknown>\nE       #3 0x561e6f3ce551 <unknown>\nE       #4 0x561e6f41c764 <unknown>\nE       #5 0x561e6f419bee <unknown>\nE       #6 0x561e6f3c0c42 <unknown>\nE       #7 0x561e6f3c18f1 <unknown>\nE       #8 0x561e6f8c7f39 <unknown>\nE       #9 0x561e6f8cae7d <unknown>\nE       #10 0x561e6f8b0c81 <unknown>\nE       #11 0x561e6f8cba5b <unknown>\nE       #12 0x561e6f897a50 <unknown>\nE       #13 0x561e6f8ecaa8 <unknown>\nE       #14 0x561e6f8ecc79 <unknown>\nE       #15 0x561e6f8fe4f3 <unknown>\nE       #16 0x7fcf34a9caa4 <unknown>\nE       #17 0x7fcf34b29c6c <unknown>\n\n/opt/hostedtoolcache/Python/3.11.14/x64/lib/python3.11/site-packages/selenium/webdriver/support/wait.py:95: TimeoutException","flaky":false,"newFailed":false,"newBroken":false,"newPassed":false,"retriesCount":0,"retriesStatusChange":false,"beforeStages":[{"name":"_session_faker","time":{"start":1766886094392,"stop":1766886094465,"duration":73},"status":"passed","steps":[],"attachments":[],"parameters":[],"stepsCount":0,"shouldDisplayMessage":false,"attachmentsCount":0,"hasContent":false,"attachmentStep":false},{"name":"clear_allure_result_folder","time":{"start":1766886094465,"stop":1766886094465,"duration":0},"status":"passed","steps":[],"attachments":[],"parameters":[],"stepsCount":0,"shouldDisplayMessage":false,"attachmentsCount":0,"hasContent":false,"attachmentStep":false},{"name":"driver","time":{"start":1766887040870,"stop":1766887042026,"duration":1156},"status":"passed","steps":[],"attachments":[],"parameters":[],"stepsCount":0,"shouldDisplayMessage":false,"attachmentsCount":0,"hasContent":false,"attachmentStep":false}],"testStage":{"description":"This test checks for the same titles after clicking on the product card and going to the product page","status":"broken","statusMessage":"selenium.common.exceptions.TimeoutException: Message: \nStacktrace:\n#0 0x561e6f8ff19a <unknown>\n#1 0x561e6f37cc4b <unknown>\n#2 0x561e6f3ce318 <unknown>\n#3 0x561e6f3ce551 <unknown>\n#4 0x561e6f41c764 <unknown>\n#5 0x561e6f419bee <unknown>\n#6 0x561e6f3c0c42 <unknown>\n#7 0x561e6f3c18f1 <unknown>\n#8 0x561e6f8c7f39 <unknown>\n#9 0x561e6f8cae7d <unknown>\n#10 0x561e6f8b0c81 <unknown>\n#11 0x561e6f8cba5b <unknown>\n#12 0x561e6f897a50 <unknown>\n#13 0x561e6f8ecaa8 <unknown>\n#14 0x561e6f8ecc79 <unknown>\n#15 0x561e6f8fe4f3 <unknown>\n#16 0x7fcf34a9caa4 <unknown>\n#17 0x7fcf34b29c6c <unknown>","statusTrace":"self = <test_main_page.TestMainPage.TestHotSellerSection object at 0x7f792b44af90>\ndriver = <selenium.webdriver.chrome.webdriver.WebDriver (session=\"438884cecc868b5b612f2093f8d78a4e\")>\n\n    def test_check_for_duplicate_titles_after_clicking_on_the_card(self, driver):\n        \"\"\"This test checks for the same titles after clicking on the product card and going to the product page\"\"\"\n        page = MainPage(driver, MAIN_PAGE_URL)\n        page.open()\n>       text_before, text_after = page.check_the_correct_page_title_after_click_on_the_card()\n\ntests/test_main_page.py:39: \n_ _ _ _ _ _ _ _ _ _ _ _ _ _ _ _ _ _ _ _ _ _ _ _ _ _ _ _ _ _ _ _ _ _ _ _ _ _ _ _ \npages/main_page.py:39: in check_the_correct_page_title_after_click_on_the_card\n    text_before = self.get_text(self.locators.CARD_TITLE)\npages/base_page.py:145: in get_text\n    text = self.element_is_visible(locator)\npages/base_page.py:30: in element_is_visible\n    self.go_to_element(self.element_is_present(locator))\npages/base_page.py:51: in element_is_present\n    return wait(self.driver, timeout).until(EC.presence_of_element_located(locator))\n_ _ _ _ _ _ _ _ _ _ _ _ _ _ _ _ _ _ _ _ _ _ _ _ _ _ _ _ _ _ _ _ _ _ _ _ _ _ _ _ \n\nself = <selenium.webdriver.support.wait.WebDriverWait (session=\"438884cecc868b5b612f2093f8d78a4e\")>\nmethod = <function presence_of_element_located.<locals>._predicate at 0x7f792c54b420>\nmessage = ''\n\n    def until(self, method, message: str = \"\"):\n        \"\"\"Calls the method provided with the driver as an argument until the \\\n        return value does not evaluate to ``False``.\n    \n        :param method: callable(WebDriver)\n        :param message: optional message for :exc:`TimeoutException`\n        :returns: the result of the last call to `method`\n        :raises: :exc:`selenium.common.exceptions.TimeoutException` if timeout occurs\n        \"\"\"\n        screen = None\n        stacktrace = None\n    \n        end_time = time.monotonic() + self._timeout\n        while True:\n            try:\n                value = method(self._driver)\n                if value:\n                    return value\n            except self._ignored_exceptions as exc:\n                screen = getattr(exc, \"screen\", None)\n                stacktrace = getattr(exc, \"stacktrace\", None)\n            time.sleep(self._poll)\n            if time.monotonic() > end_time:\n                break\n>       raise TimeoutException(message, screen, stacktrace)\nE       selenium.common.exceptions.TimeoutException: Message: \nE       Stacktrace:\nE       #0 0x561e6f8ff19a <unknown>\nE       #1 0x561e6f37cc4b <unknown>\nE       #2 0x561e6f3ce318 <unknown>\nE       #3 0x561e6f3ce551 <unknown>\nE       #4 0x561e6f41c764 <unknown>\nE       #5 0x561e6f419bee <unknown>\nE       #6 0x561e6f3c0c42 <unknown>\nE       #7 0x561e6f3c18f1 <unknown>\nE       #8 0x561e6f8c7f39 <unknown>\nE       #9 0x561e6f8cae7d <unknown>\nE       #10 0x561e6f8b0c81 <unknown>\nE       #11 0x561e6f8cba5b <unknown>\nE       #12 0x561e6f897a50 <unknown>\nE       #13 0x561e6f8ecaa8 <unknown>\nE       #14 0x561e6f8ecc79 <unknown>\nE       #15 0x561e6f8fe4f3 <unknown>\nE       #16 0x7fcf34a9caa4 <unknown>\nE       #17 0x7fcf34b29c6c <unknown>\n\n/opt/hostedtoolcache/Python/3.11.14/x64/lib/python3.11/site-packages/selenium/webdriver/support/wait.py:95: TimeoutException","steps":[{"name":"Open a browser","time":{"start":1766887042026,"stop":1766887042184,"duration":158},"status":"passed","steps":[],"attachments":[],"parameters":[],"stepsCount":0,"shouldDisplayMessage":false,"attachmentsCount":0,"hasContent":false,"attachmentStep":false},{"name":"Get element text","time":{"start":1766887042184,"stop":1766887047304,"duration":5120},"status":"broken","statusMessage":"selenium.common.exceptions.TimeoutException: Message: \nStacktrace:\n#0 0x561e6f8ff19a <unknown>\n#1 0x561e6f37cc4b <unknown>\n#2 0x561e6f3ce318 <unknown>\n#3 0x561e6f3ce551 <unknown>\n#4 0x561e6f41c764 <unknown>\n#5 0x561e6f419bee <unknown>\n#6 0x561e6f3c0c42 <unknown>\n#7 0x561e6f3c18f1 <unknown>\n#8 0x561e6f8c7f39 <unknown>\n#9 0x561e6f8cae7d <unknown>\n#10 0x561e6f8b0c81 <unknown>\n#11 0x561e6f8cba5b <unknown>\n#12 0x561e6f897a50 <unknown>\n#13 0x561e6f8ecaa8 <unknown>\n#14 0x561e6f8ecc79 <unknown>\n#15 0x561e6f8fe4f3 <unknown>\n#16 0x7fcf34a9caa4 <unknown>\n#17 0x7fcf34b29c6c <unknown>\n\n","statusTrace":"  File \"/opt/hostedtoolcache/Python/3.11.14/x64/lib/python3.11/site-packages/allure_commons/_allure.py\", line 192, in impl\n    return func(*a, **kw)\n           ^^^^^^^^^^^^^^\n  File \"/home/runner/work/luma_project/luma_project/pages/base_page.py\", line 145, in get_text\n    text = self.element_is_visible(locator)\n           ^^^^^^^^^^^^^^^^^^^^^^^^^^^^^^^^\n  File \"/opt/hostedtoolcache/Python/3.11.14/x64/lib/python3.11/site-packages/allure_commons/_allure.py\", line 192, in impl\n    return func(*a, **kw)\n           ^^^^^^^^^^^^^^\n  File \"/home/runner/work/luma_project/luma_project/pages/base_page.py\", line 30, in element_is_visible\n    self.go_to_element(self.element_is_present(locator))\n                       ^^^^^^^^^^^^^^^^^^^^^^^^^^^^^^^^\n  File \"/opt/hostedtoolcache/Python/3.11.14/x64/lib/python3.11/site-packages/allure_commons/_allure.py\", line 192, in impl\n    return func(*a, **kw)\n           ^^^^^^^^^^^^^^\n  File \"/home/runner/work/luma_project/luma_project/pages/base_page.py\", line 51, in element_is_present\n    return wait(self.driver, timeout).until(EC.presence_of_element_located(locator))\n           ^^^^^^^^^^^^^^^^^^^^^^^^^^^^^^^^^^^^^^^^^^^^^^^^^^^^^^^^^^^^^^^^^^^^^^^^^\n  File \"/opt/hostedtoolcache/Python/3.11.14/x64/lib/python3.11/site-packages/selenium/webdriver/support/wait.py\", line 95, in until\n    raise TimeoutException(message, screen, stacktrace)\n","steps":[{"name":"Find a visible element","time":{"start":1766887042184,"stop":1766887047304,"duration":5120},"status":"broken","statusMessage":"selenium.common.exceptions.TimeoutException: Message: \nStacktrace:\n#0 0x561e6f8ff19a <unknown>\n#1 0x561e6f37cc4b <unknown>\n#2 0x561e6f3ce318 <unknown>\n#3 0x561e6f3ce551 <unknown>\n#4 0x561e6f41c764 <unknown>\n#5 0x561e6f419bee <unknown>\n#6 0x561e6f3c0c42 <unknown>\n#7 0x561e6f3c18f1 <unknown>\n#8 0x561e6f8c7f39 <unknown>\n#9 0x561e6f8cae7d <unknown>\n#10 0x561e6f8b0c81 <unknown>\n#11 0x561e6f8cba5b <unknown>\n#12 0x561e6f897a50 <unknown>\n#13 0x561e6f8ecaa8 <unknown>\n#14 0x561e6f8ecc79 <unknown>\n#15 0x561e6f8fe4f3 <unknown>\n#16 0x7fcf34a9caa4 <unknown>\n#17 0x7fcf34b29c6c <unknown>\n\n","statusTrace":"  File \"/opt/hostedtoolcache/Python/3.11.14/x64/lib/python3.11/site-packages/allure_commons/_allure.py\", line 192, in impl\n    return func(*a, **kw)\n           ^^^^^^^^^^^^^^\n  File \"/home/runner/work/luma_project/luma_project/pages/base_page.py\", line 30, in element_is_visible\n    self.go_to_element(self.element_is_present(locator))\n                       ^^^^^^^^^^^^^^^^^^^^^^^^^^^^^^^^\n  File \"/opt/hostedtoolcache/Python/3.11.14/x64/lib/python3.11/site-packages/allure_commons/_allure.py\", line 192, in impl\n    return func(*a, **kw)\n           ^^^^^^^^^^^^^^\n  File \"/home/runner/work/luma_project/luma_project/pages/base_page.py\", line 51, in element_is_present\n    return wait(self.driver, timeout).until(EC.presence_of_element_located(locator))\n           ^^^^^^^^^^^^^^^^^^^^^^^^^^^^^^^^^^^^^^^^^^^^^^^^^^^^^^^^^^^^^^^^^^^^^^^^^\n  File \"/opt/hostedtoolcache/Python/3.11.14/x64/lib/python3.11/site-packages/selenium/webdriver/support/wait.py\", line 95, in until\n    raise TimeoutException(message, screen, stacktrace)\n","steps":[{"name":"Find a present element","time":{"start":1766887042184,"stop":1766887047303,"duration":5119},"status":"broken","statusMessage":"selenium.common.exceptions.TimeoutException: Message: \nStacktrace:\n#0 0x561e6f8ff19a <unknown>\n#1 0x561e6f37cc4b <unknown>\n#2 0x561e6f3ce318 <unknown>\n#3 0x561e6f3ce551 <unknown>\n#4 0x561e6f41c764 <unknown>\n#5 0x561e6f419bee <unknown>\n#6 0x561e6f3c0c42 <unknown>\n#7 0x561e6f3c18f1 <unknown>\n#8 0x561e6f8c7f39 <unknown>\n#9 0x561e6f8cae7d <unknown>\n#10 0x561e6f8b0c81 <unknown>\n#11 0x561e6f8cba5b <unknown>\n#12 0x561e6f897a50 <unknown>\n#13 0x561e6f8ecaa8 <unknown>\n#14 0x561e6f8ecc79 <unknown>\n#15 0x561e6f8fe4f3 <unknown>\n#16 0x7fcf34a9caa4 <unknown>\n#17 0x7fcf34b29c6c <unknown>\n\n","statusTrace":"  File \"/opt/hostedtoolcache/Python/3.11.14/x64/lib/python3.11/site-packages/allure_commons/_allure.py\", line 192, in impl\n    return func(*a, **kw)\n           ^^^^^^^^^^^^^^\n  File \"/home/runner/work/luma_project/luma_project/pages/base_page.py\", line 51, in element_is_present\n    return wait(self.driver, timeout).until(EC.presence_of_element_located(locator))\n           ^^^^^^^^^^^^^^^^^^^^^^^^^^^^^^^^^^^^^^^^^^^^^^^^^^^^^^^^^^^^^^^^^^^^^^^^^\n  File \"/opt/hostedtoolcache/Python/3.11.14/x64/lib/python3.11/site-packages/selenium/webdriver/support/wait.py\", line 95, in until\n    raise TimeoutException(message, screen, stacktrace)\n","steps":[],"attachments":[],"parameters":[{"name":"locator","value":"('css selector', \"li[class='product-item']:nth-child(5)  strong[class='product-item-name']\")"},{"name":"timeout","value":"5"}],"stepsCount":0,"shouldDisplayMessage":true,"attachmentsCount":0,"hasContent":true,"attachmentStep":false}],"attachments":[],"parameters":[{"name":"locator","value":"('css selector', \"li[class='product-item']:nth-child(5)  strong[class='product-item-name']\")"},{"name":"timeout","value":"10"}],"stepsCount":1,"shouldDisplayMessage":false,"attachmentsCount":0,"hasContent":true,"attachmentStep":false}],"attachments":[],"parameters":[{"name":"locator","value":"('css selector', \"li[class='product-item']:nth-child(5)  strong[class='product-item-name']\")"}],"stepsCount":2,"shouldDisplayMessage":false,"attachmentsCount":0,"hasContent":true,"attachmentStep":false}],"attachments":[{"uid":"fd566abf310d0fd5","name":"Screenshot","source":"fd566abf310d0fd5.png","type":"image/png","size":95886},{"uid":"f86fac6bab11611a","name":"HTML source","source":"f86fac6bab11611a.html","type":"text/html","size":7069}],"parameters":[],"stepsCount":4,"shouldDisplayMessage":true,"attachmentsCount":2,"hasContent":true,"attachmentStep":false},"afterStages":[{"name":"driver::0","time":{"start":1766887047394,"stop":1766887047455,"duration":61},"status":"passed","steps":[],"attachments":[],"parameters":[],"stepsCount":0,"shouldDisplayMessage":false,"attachmentsCount":0,"hasContent":false,"attachmentStep":false},{"name":"clear_allure_result_folder::0","time":{"start":1766888488919,"stop":1766888488919,"duration":0},"status":"passed","steps":[],"attachments":[],"parameters":[],"stepsCount":0,"shouldDisplayMessage":false,"attachmentsCount":0,"hasContent":false,"attachmentStep":false}],"labels":[{"name":"epic","value":"Main Page"},{"name":"feature","value":"Testing Hot Seller Section"},{"name":"parentSuite","value":"tests"},{"name":"suite","value":"test_main_page"},{"name":"subSuite","value":"TestMainPage"},{"name":"host","value":"runnervmh13bl"},{"name":"thread","value":"2985-MainThread"},{"name":"framework","value":"pytest"},{"name":"language","value":"cpython3"},{"name":"package","value":"tests.test_main_page"},{"name":"resultFormat","value":"allure2"}],"parameters":[],"links":[],"hidden":false,"retry":false,"extra":{"severity":"normal","retries":[],"categories":[{"name":"Test defects","matchedStatuses":[],"flaky":false}],"history":{"statistic":{"failed":0,"broken":6,"skipped":0,"passed":0,"unknown":0,"total":6},"items":[{"uid":"c5a871cab6719f97","reportUrl":"https://verafes.github.io/luma_project/626/#testresult/c5a871cab6719f97","status":"broken","statusDetails":"selenium.common.exceptions.TimeoutException: Message: \nStacktrace:\n#0 0x56079487f19a <unknown>\n#1 0x5607942fcc4b <unknown>\n#2 0x56079434e318 <unknown>\n#3 0x56079434e551 <unknown>\n#4 0x56079439c764 <unknown>\n#5 0x560794399bee <unknown>\n#6 0x560794340c42 <unknown>\n#7 0x5607943418f1 <unknown>\n#8 0x560794847f39 <unknown>\n#9 0x56079484ae7d <unknown>\n#10 0x560794830c81 <unknown>\n#11 0x56079484ba5b <unknown>\n#12 0x560794817a50 <unknown>\n#13 0x56079486caa8 <unknown>\n#14 0x56079486cc79 <unknown>\n#15 0x56079487e4f3 <unknown>\n#16 0x7f90b3a9caa4 <unknown>\n#17 0x7f90b3b29c6c <unknown>","time":{"start":1766281454448,"stop":1766281459689,"duration":5241}},{"uid":"b12d937c21c6596d","reportUrl":"https://verafes.github.io/luma_project/625/#testresult/b12d937c21c6596d","status":"broken","statusDetails":"selenium.common.exceptions.TimeoutException: Message: \nStacktrace:\n#0 0x5627cdfbf16a <unknown>\n#1 0x5627cda3cc4b <unknown>\n#2 0x5627cda8e318 <unknown>\n#3 0x5627cda8e551 <unknown>\n#4 0x5627cdadc764 <unknown>\n#5 0x5627cdad9bee <unknown>\n#6 0x5627cda80c42 <unknown>\n#7 0x5627cda818f1 <unknown>\n#8 0x5627cdf87f09 <unknown>\n#9 0x5627cdf8ae4d <unknown>\n#10 0x5627cdf70c51 <unknown>\n#11 0x5627cdf8ba2b <unknown>\n#12 0x5627cdf57a20 <unknown>\n#13 0x5627cdfaca78 <unknown>\n#14 0x5627cdfacc49 <unknown>\n#15 0x5627cdfbe4c3 <unknown>\n#16 0x7fc02729caa4 <unknown>\n#17 0x7fc027329c6c <unknown>","time":{"start":1765676666286,"stop":1765676671536,"duration":5250}},{"uid":"832f5f75d13b3b3f","reportUrl":"https://verafes.github.io/luma_project/624/#testresult/832f5f75d13b3b3f","status":"broken","statusDetails":"selenium.common.exceptions.TimeoutException: Message: \nStacktrace:\n#0 0x55d5e33314ca <unknown>\n#1 0x55d5e2d7fe4b <unknown>\n#2 0x55d5e2dd2814 <unknown>\n#3 0x55d5e2dd2a51 <unknown>\n#4 0x55d5e2e21a44 <unknown>\n#5 0x55d5e2e1edf7 <unknown>\n#6 0x55d5e2dc4c2a <unknown>\n#7 0x55d5e2dc5931 <unknown>\n#8 0x55d5e32f7cf9 <unknown>\n#9 0x55d5e32facdc <unknown>\n#10 0x55d5e32e0f79 <unknown>\n#11 0x55d5e32fb8b5 <unknown>\n#12 0x55d5e32c89c3 <unknown>\n#13 0x55d5e331e228 <unknown>\n#14 0x55d5e331e403 <unknown>\n#15 0x55d5e3330463 <unknown>\n#16 0x7f005709caa4 <unknown>\n#17 0x7f0057129c6c <unknown>","time":{"start":1765071836721,"stop":1765071841958,"duration":5237}},{"uid":"5cce6f2e1cfba1f3","reportUrl":"https://verafes.github.io/luma_project/623/#testresult/5cce6f2e1cfba1f3","status":"broken","statusDetails":"selenium.common.exceptions.TimeoutException: Message: \nStacktrace:\n#0 0x556fe768232a <unknown>\n#1 0x556fe70cee4b <unknown>\n#2 0x556fe712182b <unknown>\n#3 0x556fe7121a61 <unknown>\n#4 0x556fe7170a44 <unknown>\n#5 0x556fe716ddf7 <unknown>\n#6 0x556fe7113c1a <unknown>\n#7 0x556fe7114921 <unknown>\n#8 0x556fe7649239 <unknown>\n#9 0x556fe764c1e8 <unknown>\n#10 0x556fe76324c9 <unknown>\n#11 0x556fe764cdb5 <unknown>\n#12 0x556fe7619e93 <unknown>\n#13 0x556fe766f098 <unknown>\n#14 0x556fe766f273 <unknown>\n#15 0x556fe76812c3 <unknown>\n#16 0x7ff32829caa4 <unknown>\n#17 0x7ff328329c6c <unknown>","time":{"start":1764467015523,"stop":1764467020755,"duration":5232}},{"uid":"da317d0878928dd4","reportUrl":"https://verafes.github.io/luma_project/622/#testresult/da317d0878928dd4","status":"broken","statusDetails":"selenium.common.exceptions.TimeoutException: Message: \nStacktrace:\n#0 0x55dc240c932a <unknown>\n#1 0x55dc23b15e4b <unknown>\n#2 0x55dc23b6882b <unknown>\n#3 0x55dc23b68a61 <unknown>\n#4 0x55dc23bb7a44 <unknown>\n#5 0x55dc23bb4df7 <unknown>\n#6 0x55dc23b5ac1a <unknown>\n#7 0x55dc23b5b921 <unknown>\n#8 0x55dc24090239 <unknown>\n#9 0x55dc240931e8 <unknown>\n#10 0x55dc240794c9 <unknown>\n#11 0x55dc24093db5 <unknown>\n#12 0x55dc24060e93 <unknown>\n#13 0x55dc240b6098 <unknown>\n#14 0x55dc240b6273 <unknown>\n#15 0x55dc240c82c3 <unknown>\n#16 0x7f4148e9caa4 <unknown>\n#17 0x7f4148f29c6c <unknown>","time":{"start":1763862268248,"stop":1763862273509,"duration":5261}}]},"tags":[]},"source":"72f7717855abade9.json","parameterValues":[]}