{"uid":"73ba00647cf01acc","name":"TC 13.01.52 - Check if block 3 'home-erin' in section 2 is clickablein the Promo Block on the main page","fullName":"tests.test_main_page.TestPromoBlock#test_tc_13_01_52_check_section2_block3_clickability","historyId":"2dd6059093f3a778171c7c1f2bca6ca4","time":{"start":1749951741570,"stop":1749951748928,"duration":7358},"description":"This test checks if block 3 'home-erin' in section 2 in Promo Block under header is clickable","descriptionHtml":"<p>This test checks if block 3 'home-erin' in section 2 in Promo Block under header is clickable</p>\n","status":"broken","statusMessage":"selenium.common.exceptions.TimeoutException: Message: \nStacktrace:\n#0 0x5646cc50ac4a <unknown>\n#1 0x5646cbfb06e0 <unknown>\n#2 0x5646cc002117 <unknown>\n#3 0x5646cc002311 <unknown>\n#4 0x5646cc050ec4 <unknown>\n#5 0x5646cc027e5d <unknown>\n#6 0x5646cc04e2cc <unknown>\n#7 0x5646cc027c03 <unknown>\n#8 0x5646cbff447b <unknown>\n#9 0x5646cbff50e1 <unknown>\n#10 0x5646cc4cf3fb <unknown>\n#11 0x5646cc4d332f <unknown>\n#12 0x5646cc4b6f39 <unknown>\n#13 0x5646cc4d3ec8 <unknown>\n#14 0x5646cc49b68f <unknown>\n#15 0x5646cc4f82b8 <unknown>\n#16 0x5646cc4f8496 <unknown>\n#17 0x5646cc509b26 <unknown>\n#18 0x7f34c409caa4 <unknown>\n#19 0x7f34c4129c3c <unknown>","statusTrace":"self = <test_main_page.TestMainPage.TestPromoBlock object at 0x7f164319d4d0>\ndriver = <selenium.webdriver.chrome.webdriver.WebDriver (session=\"b63e0855b86be84bc584ecefd12e0cb0\")>\n\n    @allure.title(\"TC 13.01.52 - Check if block 3 'home-erin' in section 2 is clickable\"\n                  \"in the Promo Block on the main page\")\n    def test_tc_13_01_52_check_section2_block3_clickability(self, driver):\n        \"\"\"This test checks if block 3 'home-erin' in section 2 in Promo Block under header is clickable\"\"\"\n        page = PromoBlock(driver, MAIN_PAGE_URL)\n        page.open()\n>       section2_block3 = page.check_section2_block3_clickability()\n\ntests/test_main_page.py:663: \n_ _ _ _ _ _ _ _ _ _ _ _ _ _ _ _ _ _ _ _ _ _ _ _ _ _ _ _ _ _ _ _ _ _ _ _ _ _ _ _ \npages/main_page.py:340: in check_section2_block3_clickability\n    section2_block3 = self.element_is_clickable(self.locators.SECTION_2_BLOCK_3)\npages/base_page.py:81: in element_is_clickable\n    return wait(self.driver, timeout).until(EC.element_to_be_clickable(locator))\n_ _ _ _ _ _ _ _ _ _ _ _ _ _ _ _ _ _ _ _ _ _ _ _ _ _ _ _ _ _ _ _ _ _ _ _ _ _ _ _ \n\nself = <selenium.webdriver.support.wait.WebDriverWait (session=\"b63e0855b86be84bc584ecefd12e0cb0\")>\nmethod = <function element_to_be_clickable.<locals>._predicate at 0x7f16435bf420>\nmessage = ''\n\n    def until(self, method, message: str = \"\"):\n        \"\"\"Calls the method provided with the driver as an argument until the \\\n        return value does not evaluate to ``False``.\n    \n        :param method: callable(WebDriver)\n        :param message: optional message for :exc:`TimeoutException`\n        :returns: the result of the last call to `method`\n        :raises: :exc:`selenium.common.exceptions.TimeoutException` if timeout occurs\n        \"\"\"\n        screen = None\n        stacktrace = None\n    \n        end_time = time.monotonic() + self._timeout\n        while True:\n            try:\n                value = method(self._driver)\n                if value:\n                    return value\n            except self._ignored_exceptions as exc:\n                screen = getattr(exc, \"screen\", None)\n                stacktrace = getattr(exc, \"stacktrace\", None)\n            time.sleep(self._poll)\n            if time.monotonic() > end_time:\n                break\n>       raise TimeoutException(message, screen, stacktrace)\nE       selenium.common.exceptions.TimeoutException: Message: \nE       Stacktrace:\nE       #0 0x5646cc50ac4a <unknown>\nE       #1 0x5646cbfb06e0 <unknown>\nE       #2 0x5646cc002117 <unknown>\nE       #3 0x5646cc002311 <unknown>\nE       #4 0x5646cc050ec4 <unknown>\nE       #5 0x5646cc027e5d <unknown>\nE       #6 0x5646cc04e2cc <unknown>\nE       #7 0x5646cc027c03 <unknown>\nE       #8 0x5646cbff447b <unknown>\nE       #9 0x5646cbff50e1 <unknown>\nE       #10 0x5646cc4cf3fb <unknown>\nE       #11 0x5646cc4d332f <unknown>\nE       #12 0x5646cc4b6f39 <unknown>\nE       #13 0x5646cc4d3ec8 <unknown>\nE       #14 0x5646cc49b68f <unknown>\nE       #15 0x5646cc4f82b8 <unknown>\nE       #16 0x5646cc4f8496 <unknown>\nE       #17 0x5646cc509b26 <unknown>\nE       #18 0x7f34c409caa4 <unknown>\nE       #19 0x7f34c4129c3c <unknown>\n\n/opt/hostedtoolcache/Python/3.11.13/x64/lib/python3.11/site-packages/selenium/webdriver/support/wait.py:95: TimeoutException","flaky":false,"newFailed":false,"newBroken":false,"newPassed":false,"retriesCount":0,"retriesStatusChange":false,"beforeStages":[{"name":"_session_faker","time":{"start":1749950904053,"stop":1749950904115,"duration":62},"status":"passed","steps":[],"attachments":[],"parameters":[],"shouldDisplayMessage":false,"stepsCount":0,"attachmentsCount":0,"hasContent":false,"attachmentStep":false},{"name":"clear_allure_result_folder","time":{"start":1749950904115,"stop":1749950904115,"duration":0},"status":"passed","steps":[],"attachments":[],"parameters":[],"shouldDisplayMessage":false,"stepsCount":0,"attachmentsCount":0,"hasContent":false,"attachmentStep":false},{"name":"driver","time":{"start":1749951740300,"stop":1749951741570,"duration":1270},"status":"passed","steps":[],"attachments":[],"parameters":[],"shouldDisplayMessage":false,"stepsCount":0,"attachmentsCount":0,"hasContent":false,"attachmentStep":false}],"testStage":{"description":"This test checks if block 3 'home-erin' in section 2 in Promo Block under header is clickable","status":"broken","statusMessage":"selenium.common.exceptions.TimeoutException: Message: \nStacktrace:\n#0 0x5646cc50ac4a <unknown>\n#1 0x5646cbfb06e0 <unknown>\n#2 0x5646cc002117 <unknown>\n#3 0x5646cc002311 <unknown>\n#4 0x5646cc050ec4 <unknown>\n#5 0x5646cc027e5d <unknown>\n#6 0x5646cc04e2cc <unknown>\n#7 0x5646cc027c03 <unknown>\n#8 0x5646cbff447b <unknown>\n#9 0x5646cbff50e1 <unknown>\n#10 0x5646cc4cf3fb <unknown>\n#11 0x5646cc4d332f <unknown>\n#12 0x5646cc4b6f39 <unknown>\n#13 0x5646cc4d3ec8 <unknown>\n#14 0x5646cc49b68f <unknown>\n#15 0x5646cc4f82b8 <unknown>\n#16 0x5646cc4f8496 <unknown>\n#17 0x5646cc509b26 <unknown>\n#18 0x7f34c409caa4 <unknown>\n#19 0x7f34c4129c3c <unknown>","statusTrace":"self = <test_main_page.TestMainPage.TestPromoBlock object at 0x7f164319d4d0>\ndriver = <selenium.webdriver.chrome.webdriver.WebDriver (session=\"b63e0855b86be84bc584ecefd12e0cb0\")>\n\n    @allure.title(\"TC 13.01.52 - Check if block 3 'home-erin' in section 2 is clickable\"\n                  \"in the Promo Block on the main page\")\n    def test_tc_13_01_52_check_section2_block3_clickability(self, driver):\n        \"\"\"This test checks if block 3 'home-erin' in section 2 in Promo Block under header is clickable\"\"\"\n        page = PromoBlock(driver, MAIN_PAGE_URL)\n        page.open()\n>       section2_block3 = page.check_section2_block3_clickability()\n\ntests/test_main_page.py:663: \n_ _ _ _ _ _ _ _ _ _ _ _ _ _ _ _ _ _ _ _ _ _ _ _ _ _ _ _ _ _ _ _ _ _ _ _ _ _ _ _ \npages/main_page.py:340: in check_section2_block3_clickability\n    section2_block3 = self.element_is_clickable(self.locators.SECTION_2_BLOCK_3)\npages/base_page.py:81: in element_is_clickable\n    return wait(self.driver, timeout).until(EC.element_to_be_clickable(locator))\n_ _ _ _ _ _ _ _ _ _ _ _ _ _ _ _ _ _ _ _ _ _ _ _ _ _ _ _ _ _ _ _ _ _ _ _ _ _ _ _ \n\nself = <selenium.webdriver.support.wait.WebDriverWait (session=\"b63e0855b86be84bc584ecefd12e0cb0\")>\nmethod = <function element_to_be_clickable.<locals>._predicate at 0x7f16435bf420>\nmessage = ''\n\n    def until(self, method, message: str = \"\"):\n        \"\"\"Calls the method provided with the driver as an argument until the \\\n        return value does not evaluate to ``False``.\n    \n        :param method: callable(WebDriver)\n        :param message: optional message for :exc:`TimeoutException`\n        :returns: the result of the last call to `method`\n        :raises: :exc:`selenium.common.exceptions.TimeoutException` if timeout occurs\n        \"\"\"\n        screen = None\n        stacktrace = None\n    \n        end_time = time.monotonic() + self._timeout\n        while True:\n            try:\n                value = method(self._driver)\n                if value:\n                    return value\n            except self._ignored_exceptions as exc:\n                screen = getattr(exc, \"screen\", None)\n                stacktrace = getattr(exc, \"stacktrace\", None)\n            time.sleep(self._poll)\n            if time.monotonic() > end_time:\n                break\n>       raise TimeoutException(message, screen, stacktrace)\nE       selenium.common.exceptions.TimeoutException: Message: \nE       Stacktrace:\nE       #0 0x5646cc50ac4a <unknown>\nE       #1 0x5646cbfb06e0 <unknown>\nE       #2 0x5646cc002117 <unknown>\nE       #3 0x5646cc002311 <unknown>\nE       #4 0x5646cc050ec4 <unknown>\nE       #5 0x5646cc027e5d <unknown>\nE       #6 0x5646cc04e2cc <unknown>\nE       #7 0x5646cc027c03 <unknown>\nE       #8 0x5646cbff447b <unknown>\nE       #9 0x5646cbff50e1 <unknown>\nE       #10 0x5646cc4cf3fb <unknown>\nE       #11 0x5646cc4d332f <unknown>\nE       #12 0x5646cc4b6f39 <unknown>\nE       #13 0x5646cc4d3ec8 <unknown>\nE       #14 0x5646cc49b68f <unknown>\nE       #15 0x5646cc4f82b8 <unknown>\nE       #16 0x5646cc4f8496 <unknown>\nE       #17 0x5646cc509b26 <unknown>\nE       #18 0x7f34c409caa4 <unknown>\nE       #19 0x7f34c4129c3c <unknown>\n\n/opt/hostedtoolcache/Python/3.11.13/x64/lib/python3.11/site-packages/selenium/webdriver/support/wait.py:95: TimeoutException","steps":[{"name":"Open a browser","time":{"start":1749951741570,"stop":1749951742651,"duration":1081},"status":"passed","steps":[],"attachments":[],"parameters":[],"shouldDisplayMessage":false,"stepsCount":0,"attachmentsCount":0,"hasContent":false,"attachmentStep":false},{"name":"Check clickability of the block 3 'home-erin' in the section 2 in the Promo Block","time":{"start":1749951742651,"stop":1749951748928,"duration":6277},"status":"broken","statusMessage":"selenium.common.exceptions.TimeoutException: Message: \nStacktrace:\n#0 0x5646cc50ac4a <unknown>\n#1 0x5646cbfb06e0 <unknown>\n#2 0x5646cc002117 <unknown>\n#3 0x5646cc002311 <unknown>\n#4 0x5646cc050ec4 <unknown>\n#5 0x5646cc027e5d <unknown>\n#6 0x5646cc04e2cc <unknown>\n#7 0x5646cc027c03 <unknown>\n#8 0x5646cbff447b <unknown>\n#9 0x5646cbff50e1 <unknown>\n#10 0x5646cc4cf3fb <unknown>\n#11 0x5646cc4d332f <unknown>\n#12 0x5646cc4b6f39 <unknown>\n#13 0x5646cc4d3ec8 <unknown>\n#14 0x5646cc49b68f <unknown>\n#15 0x5646cc4f82b8 <unknown>\n#16 0x5646cc4f8496 <unknown>\n#17 0x5646cc509b26 <unknown>\n#18 0x7f34c409caa4 <unknown>\n#19 0x7f34c4129c3c <unknown>\n\n","statusTrace":"  File \"/opt/hostedtoolcache/Python/3.11.13/x64/lib/python3.11/site-packages/allure_commons/_allure.py\", line 192, in impl\n    return func(*a, **kw)\n           ^^^^^^^^^^^^^^\n  File \"/home/runner/work/luma_project/luma_project/pages/main_page.py\", line 340, in check_section2_block3_clickability\n    section2_block3 = self.element_is_clickable(self.locators.SECTION_2_BLOCK_3)\n                      ^^^^^^^^^^^^^^^^^^^^^^^^^^^^^^^^^^^^^^^^^^^^^^^^^^^^^^^^^^\n  File \"/opt/hostedtoolcache/Python/3.11.13/x64/lib/python3.11/site-packages/allure_commons/_allure.py\", line 192, in impl\n    return func(*a, **kw)\n           ^^^^^^^^^^^^^^\n  File \"/home/runner/work/luma_project/luma_project/pages/base_page.py\", line 81, in element_is_clickable\n    return wait(self.driver, timeout).until(EC.element_to_be_clickable(locator))\n           ^^^^^^^^^^^^^^^^^^^^^^^^^^^^^^^^^^^^^^^^^^^^^^^^^^^^^^^^^^^^^^^^^^^^^\n  File \"/opt/hostedtoolcache/Python/3.11.13/x64/lib/python3.11/site-packages/selenium/webdriver/support/wait.py\", line 95, in until\n    raise TimeoutException(message, screen, stacktrace)\n","steps":[{"name":"Find clickable elements","time":{"start":1749951742651,"stop":1749951748927,"duration":6276},"status":"broken","statusMessage":"selenium.common.exceptions.TimeoutException: Message: \nStacktrace:\n#0 0x5646cc50ac4a <unknown>\n#1 0x5646cbfb06e0 <unknown>\n#2 0x5646cc002117 <unknown>\n#3 0x5646cc002311 <unknown>\n#4 0x5646cc050ec4 <unknown>\n#5 0x5646cc027e5d <unknown>\n#6 0x5646cc04e2cc <unknown>\n#7 0x5646cc027c03 <unknown>\n#8 0x5646cbff447b <unknown>\n#9 0x5646cbff50e1 <unknown>\n#10 0x5646cc4cf3fb <unknown>\n#11 0x5646cc4d332f <unknown>\n#12 0x5646cc4b6f39 <unknown>\n#13 0x5646cc4d3ec8 <unknown>\n#14 0x5646cc49b68f <unknown>\n#15 0x5646cc4f82b8 <unknown>\n#16 0x5646cc4f8496 <unknown>\n#17 0x5646cc509b26 <unknown>\n#18 0x7f34c409caa4 <unknown>\n#19 0x7f34c4129c3c <unknown>\n\n","statusTrace":"  File \"/opt/hostedtoolcache/Python/3.11.13/x64/lib/python3.11/site-packages/allure_commons/_allure.py\", line 192, in impl\n    return func(*a, **kw)\n           ^^^^^^^^^^^^^^\n  File \"/home/runner/work/luma_project/luma_project/pages/base_page.py\", line 81, in element_is_clickable\n    return wait(self.driver, timeout).until(EC.element_to_be_clickable(locator))\n           ^^^^^^^^^^^^^^^^^^^^^^^^^^^^^^^^^^^^^^^^^^^^^^^^^^^^^^^^^^^^^^^^^^^^^\n  File \"/opt/hostedtoolcache/Python/3.11.13/x64/lib/python3.11/site-packages/selenium/webdriver/support/wait.py\", line 95, in until\n    raise TimeoutException(message, screen, stacktrace)\n","steps":[],"attachments":[],"parameters":[{"name":"locator","value":"('css selector', '.home-erin')"},{"name":"timeout","value":"5"}],"shouldDisplayMessage":true,"stepsCount":0,"attachmentsCount":0,"hasContent":true,"attachmentStep":false}],"attachments":[],"parameters":[],"shouldDisplayMessage":false,"stepsCount":1,"attachmentsCount":0,"hasContent":true,"attachmentStep":false}],"attachments":[{"uid":"d4cc03d702653af2","name":"Screenshot","source":"d4cc03d702653af2.png","type":"image/png","size":549119},{"uid":"aaedd151a3c8129b","name":"HTML source","source":"aaedd151a3c8129b.html","type":"text/html","size":145879}],"parameters":[],"shouldDisplayMessage":true,"stepsCount":3,"attachmentsCount":2,"hasContent":true,"attachmentStep":false},"afterStages":[{"name":"driver::0","time":{"start":1749951749192,"stop":1749951749300,"duration":108},"status":"passed","steps":[],"attachments":[],"parameters":[],"shouldDisplayMessage":false,"stepsCount":0,"attachmentsCount":0,"hasContent":false,"attachmentStep":false},{"name":"clear_allure_result_folder::0","time":{"start":1749952372646,"stop":1749952372646,"duration":0},"status":"passed","steps":[],"attachments":[],"parameters":[],"shouldDisplayMessage":false,"stepsCount":0,"attachmentsCount":0,"hasContent":false,"attachmentStep":false}],"labels":[{"name":"feature","value":"Promo Block Testing"},{"name":"epic","value":"Main Page"},{"name":"parentSuite","value":"tests"},{"name":"suite","value":"test_main_page"},{"name":"subSuite","value":"TestMainPage"},{"name":"host","value":"fv-az1047-956"},{"name":"thread","value":"2840-MainThread"},{"name":"framework","value":"pytest"},{"name":"language","value":"cpython3"},{"name":"package","value":"tests.test_main_page"},{"name":"resultFormat","value":"allure2"}],"parameters":[],"links":[],"hidden":false,"retry":false,"extra":{"severity":"normal","retries":[],"categories":[{"name":"Test defects","matchedStatuses":[],"flaky":false}],"tags":[]},"source":"73ba00647cf01acc.json","parameterValues":[]}