{"uid":"202c96b62e773f05","name":"TC 10.04.12 - Verify that the sale-free-shipping contains an image","fullName":"tests.test_sale.TestPromoBlocks#test_tc_10_04_12","historyId":"6ab7ff94e32d825bab0cce4e8cb2319d","time":{"start":1757209737299,"stop":1757209742412,"duration":5113},"description":"Check img existence of 2nd column in 3-columns Promo Block section","descriptionHtml":"<p>Check img existence of 2nd column in 3-columns Promo Block section</p>\n","status":"broken","statusMessage":"selenium.common.exceptions.TimeoutException: Message: \nStacktrace:\n#0 0x55c76c01208a <unknown>\n#1 0x55c76bab1a70 <unknown>\n#2 0x55c76bb03907 <unknown>\n#3 0x55c76bb03b01 <unknown>\n#4 0x55c76bb51d54 <unknown>\n#5 0x55c76bb2940d <unknown>\n#6 0x55c76bb4f14f <unknown>\n#7 0x55c76bb291b3 <unknown>\n#8 0x55c76baf559b <unknown>\n#9 0x55c76baf6971 <unknown>\n#10 0x55c76bfd725b <unknown>\n#11 0x55c76bfdafa9 <unknown>\n#12 0x55c76bfbe339 <unknown>\n#13 0x55c76bfdbb58 <unknown>\n#14 0x55c76bfa2c1f <unknown>\n#15 0x55c76bfff118 <unknown>\n#16 0x55c76bfff2f6 <unknown>\n#17 0x55c76c011066 <unknown>\n#18 0x7f4ff929caa4 <unknown>\n#19 0x7f4ff9329c3c <unknown>","statusTrace":"self = <test_sale.TestSalePage.TestPromoBlocks object at 0x7fa42db8bfd0>\nsale_page = <pages.sale_page.SalePage object at 0x7fa42ec5f050>\n\n    @allure.title(\"TC 10.04.12 - Verify that the sale-free-shipping contains an image\")\n    def test_tc_10_04_12(self, sale_page):\n        \"\"\"Check img existence of 2nd column in 3-columns Promo Block section\"\"\"\n>       img = sale_page.check_img_in_second_block()\n\ntests/test_sale.py:204: \n_ _ _ _ _ _ _ _ _ _ _ _ _ _ _ _ _ _ _ _ _ _ _ _ _ _ _ _ _ _ _ _ _ _ _ _ _ _ _ _ \npages/sale_page.py:91: in check_img_in_second_block\n    img = self.element_is_present(self.promo_blocks_locators.SECOND_COLUMN_IMG)\npages/base_page.py:51: in element_is_present\n    return wait(self.driver, timeout).until(EC.presence_of_element_located(locator))\n_ _ _ _ _ _ _ _ _ _ _ _ _ _ _ _ _ _ _ _ _ _ _ _ _ _ _ _ _ _ _ _ _ _ _ _ _ _ _ _ \n\nself = <selenium.webdriver.support.wait.WebDriverWait (session=\"b6b56dc553390cccfdb659616ede4212\")>\nmethod = <function presence_of_element_located.<locals>._predicate at 0x7fa42f06d940>\nmessage = ''\n\n    def until(self, method, message: str = \"\"):\n        \"\"\"Calls the method provided with the driver as an argument until the \\\n        return value does not evaluate to ``False``.\n    \n        :param method: callable(WebDriver)\n        :param message: optional message for :exc:`TimeoutException`\n        :returns: the result of the last call to `method`\n        :raises: :exc:`selenium.common.exceptions.TimeoutException` if timeout occurs\n        \"\"\"\n        screen = None\n        stacktrace = None\n    \n        end_time = time.monotonic() + self._timeout\n        while True:\n            try:\n                value = method(self._driver)\n                if value:\n                    return value\n            except self._ignored_exceptions as exc:\n                screen = getattr(exc, \"screen\", None)\n                stacktrace = getattr(exc, \"stacktrace\", None)\n            time.sleep(self._poll)\n            if time.monotonic() > end_time:\n                break\n>       raise TimeoutException(message, screen, stacktrace)\nE       selenium.common.exceptions.TimeoutException: Message: \nE       Stacktrace:\nE       #0 0x55c76c01208a <unknown>\nE       #1 0x55c76bab1a70 <unknown>\nE       #2 0x55c76bb03907 <unknown>\nE       #3 0x55c76bb03b01 <unknown>\nE       #4 0x55c76bb51d54 <unknown>\nE       #5 0x55c76bb2940d <unknown>\nE       #6 0x55c76bb4f14f <unknown>\nE       #7 0x55c76bb291b3 <unknown>\nE       #8 0x55c76baf559b <unknown>\nE       #9 0x55c76baf6971 <unknown>\nE       #10 0x55c76bfd725b <unknown>\nE       #11 0x55c76bfdafa9 <unknown>\nE       #12 0x55c76bfbe339 <unknown>\nE       #13 0x55c76bfdbb58 <unknown>\nE       #14 0x55c76bfa2c1f <unknown>\nE       #15 0x55c76bfff118 <unknown>\nE       #16 0x55c76bfff2f6 <unknown>\nE       #17 0x55c76c011066 <unknown>\nE       #18 0x7f4ff929caa4 <unknown>\nE       #19 0x7f4ff9329c3c <unknown>\n\n/opt/hostedtoolcache/Python/3.11.13/x64/lib/python3.11/site-packages/selenium/webdriver/support/wait.py:95: TimeoutException","flaky":false,"newFailed":false,"newBroken":false,"newPassed":false,"retriesCount":0,"retriesStatusChange":false,"beforeStages":[{"name":"_session_faker","time":{"start":1757207882561,"stop":1757207882623,"duration":62},"status":"passed","steps":[],"attachments":[],"parameters":[],"stepsCount":0,"shouldDisplayMessage":false,"attachmentsCount":0,"hasContent":false,"attachmentStep":false},{"name":"clear_allure_result_folder","time":{"start":1757207882623,"stop":1757207882623,"duration":0},"status":"passed","steps":[],"attachments":[],"parameters":[],"stepsCount":0,"shouldDisplayMessage":false,"attachmentsCount":0,"hasContent":false,"attachmentStep":false},{"name":"driver","time":{"start":1757209735766,"stop":1757209736997,"duration":1231},"status":"passed","steps":[],"attachments":[],"parameters":[],"stepsCount":0,"shouldDisplayMessage":false,"attachmentsCount":0,"hasContent":false,"attachmentStep":false},{"name":"sale_page","time":{"start":1757209736998,"stop":1757209737298,"duration":300},"status":"passed","steps":[{"name":"Open a browser","time":{"start":1757209736998,"stop":1757209737298,"duration":300},"status":"passed","steps":[],"attachments":[],"parameters":[],"stepsCount":0,"shouldDisplayMessage":false,"attachmentsCount":0,"hasContent":false,"attachmentStep":false}],"attachments":[],"parameters":[],"stepsCount":1,"shouldDisplayMessage":false,"attachmentsCount":0,"hasContent":true,"attachmentStep":false}],"testStage":{"description":"Check img existence of 2nd column in 3-columns Promo Block section","status":"broken","statusMessage":"selenium.common.exceptions.TimeoutException: Message: \nStacktrace:\n#0 0x55c76c01208a <unknown>\n#1 0x55c76bab1a70 <unknown>\n#2 0x55c76bb03907 <unknown>\n#3 0x55c76bb03b01 <unknown>\n#4 0x55c76bb51d54 <unknown>\n#5 0x55c76bb2940d <unknown>\n#6 0x55c76bb4f14f <unknown>\n#7 0x55c76bb291b3 <unknown>\n#8 0x55c76baf559b <unknown>\n#9 0x55c76baf6971 <unknown>\n#10 0x55c76bfd725b <unknown>\n#11 0x55c76bfdafa9 <unknown>\n#12 0x55c76bfbe339 <unknown>\n#13 0x55c76bfdbb58 <unknown>\n#14 0x55c76bfa2c1f <unknown>\n#15 0x55c76bfff118 <unknown>\n#16 0x55c76bfff2f6 <unknown>\n#17 0x55c76c011066 <unknown>\n#18 0x7f4ff929caa4 <unknown>\n#19 0x7f4ff9329c3c <unknown>","statusTrace":"self = <test_sale.TestSalePage.TestPromoBlocks object at 0x7fa42db8bfd0>\nsale_page = <pages.sale_page.SalePage object at 0x7fa42ec5f050>\n\n    @allure.title(\"TC 10.04.12 - Verify that the sale-free-shipping contains an image\")\n    def test_tc_10_04_12(self, sale_page):\n        \"\"\"Check img existence of 2nd column in 3-columns Promo Block section\"\"\"\n>       img = sale_page.check_img_in_second_block()\n\ntests/test_sale.py:204: \n_ _ _ _ _ _ _ _ _ _ _ _ _ _ _ _ _ _ _ _ _ _ _ _ _ _ _ _ _ _ _ _ _ _ _ _ _ _ _ _ \npages/sale_page.py:91: in check_img_in_second_block\n    img = self.element_is_present(self.promo_blocks_locators.SECOND_COLUMN_IMG)\npages/base_page.py:51: in element_is_present\n    return wait(self.driver, timeout).until(EC.presence_of_element_located(locator))\n_ _ _ _ _ _ _ _ _ _ _ _ _ _ _ _ _ _ _ _ _ _ _ _ _ _ _ _ _ _ _ _ _ _ _ _ _ _ _ _ \n\nself = <selenium.webdriver.support.wait.WebDriverWait (session=\"b6b56dc553390cccfdb659616ede4212\")>\nmethod = <function presence_of_element_located.<locals>._predicate at 0x7fa42f06d940>\nmessage = ''\n\n    def until(self, method, message: str = \"\"):\n        \"\"\"Calls the method provided with the driver as an argument until the \\\n        return value does not evaluate to ``False``.\n    \n        :param method: callable(WebDriver)\n        :param message: optional message for :exc:`TimeoutException`\n        :returns: the result of the last call to `method`\n        :raises: :exc:`selenium.common.exceptions.TimeoutException` if timeout occurs\n        \"\"\"\n        screen = None\n        stacktrace = None\n    \n        end_time = time.monotonic() + self._timeout\n        while True:\n            try:\n                value = method(self._driver)\n                if value:\n                    return value\n            except self._ignored_exceptions as exc:\n                screen = getattr(exc, \"screen\", None)\n                stacktrace = getattr(exc, \"stacktrace\", None)\n            time.sleep(self._poll)\n            if time.monotonic() > end_time:\n                break\n>       raise TimeoutException(message, screen, stacktrace)\nE       selenium.common.exceptions.TimeoutException: Message: \nE       Stacktrace:\nE       #0 0x55c76c01208a <unknown>\nE       #1 0x55c76bab1a70 <unknown>\nE       #2 0x55c76bb03907 <unknown>\nE       #3 0x55c76bb03b01 <unknown>\nE       #4 0x55c76bb51d54 <unknown>\nE       #5 0x55c76bb2940d <unknown>\nE       #6 0x55c76bb4f14f <unknown>\nE       #7 0x55c76bb291b3 <unknown>\nE       #8 0x55c76baf559b <unknown>\nE       #9 0x55c76baf6971 <unknown>\nE       #10 0x55c76bfd725b <unknown>\nE       #11 0x55c76bfdafa9 <unknown>\nE       #12 0x55c76bfbe339 <unknown>\nE       #13 0x55c76bfdbb58 <unknown>\nE       #14 0x55c76bfa2c1f <unknown>\nE       #15 0x55c76bfff118 <unknown>\nE       #16 0x55c76bfff2f6 <unknown>\nE       #17 0x55c76c011066 <unknown>\nE       #18 0x7f4ff929caa4 <unknown>\nE       #19 0x7f4ff9329c3c <unknown>\n\n/opt/hostedtoolcache/Python/3.11.13/x64/lib/python3.11/site-packages/selenium/webdriver/support/wait.py:95: TimeoutException","steps":[{"name":"Check img in 3-columns block - 2nd block","time":{"start":1757209737299,"stop":1757209742412,"duration":5113},"status":"broken","statusMessage":"selenium.common.exceptions.TimeoutException: Message: \nStacktrace:\n#0 0x55c76c01208a <unknown>\n#1 0x55c76bab1a70 <unknown>\n#2 0x55c76bb03907 <unknown>\n#3 0x55c76bb03b01 <unknown>\n#4 0x55c76bb51d54 <unknown>\n#5 0x55c76bb2940d <unknown>\n#6 0x55c76bb4f14f <unknown>\n#7 0x55c76bb291b3 <unknown>\n#8 0x55c76baf559b <unknown>\n#9 0x55c76baf6971 <unknown>\n#10 0x55c76bfd725b <unknown>\n#11 0x55c76bfdafa9 <unknown>\n#12 0x55c76bfbe339 <unknown>\n#13 0x55c76bfdbb58 <unknown>\n#14 0x55c76bfa2c1f <unknown>\n#15 0x55c76bfff118 <unknown>\n#16 0x55c76bfff2f6 <unknown>\n#17 0x55c76c011066 <unknown>\n#18 0x7f4ff929caa4 <unknown>\n#19 0x7f4ff9329c3c <unknown>\n\n","statusTrace":"  File \"/opt/hostedtoolcache/Python/3.11.13/x64/lib/python3.11/site-packages/allure_commons/_allure.py\", line 192, in impl\n    return func(*a, **kw)\n           ^^^^^^^^^^^^^^\n  File \"/home/runner/work/luma_project/luma_project/pages/sale_page.py\", line 91, in check_img_in_second_block\n    img = self.element_is_present(self.promo_blocks_locators.SECOND_COLUMN_IMG)\n          ^^^^^^^^^^^^^^^^^^^^^^^^^^^^^^^^^^^^^^^^^^^^^^^^^^^^^^^^^^^^^^^^^^^^^\n  File \"/opt/hostedtoolcache/Python/3.11.13/x64/lib/python3.11/site-packages/allure_commons/_allure.py\", line 192, in impl\n    return func(*a, **kw)\n           ^^^^^^^^^^^^^^\n  File \"/home/runner/work/luma_project/luma_project/pages/base_page.py\", line 51, in element_is_present\n    return wait(self.driver, timeout).until(EC.presence_of_element_located(locator))\n           ^^^^^^^^^^^^^^^^^^^^^^^^^^^^^^^^^^^^^^^^^^^^^^^^^^^^^^^^^^^^^^^^^^^^^^^^^\n  File \"/opt/hostedtoolcache/Python/3.11.13/x64/lib/python3.11/site-packages/selenium/webdriver/support/wait.py\", line 95, in until\n    raise TimeoutException(message, screen, stacktrace)\n","steps":[{"name":"Find a present element","time":{"start":1757209737299,"stop":1757209742411,"duration":5112},"status":"broken","statusMessage":"selenium.common.exceptions.TimeoutException: Message: \nStacktrace:\n#0 0x55c76c01208a <unknown>\n#1 0x55c76bab1a70 <unknown>\n#2 0x55c76bb03907 <unknown>\n#3 0x55c76bb03b01 <unknown>\n#4 0x55c76bb51d54 <unknown>\n#5 0x55c76bb2940d <unknown>\n#6 0x55c76bb4f14f <unknown>\n#7 0x55c76bb291b3 <unknown>\n#8 0x55c76baf559b <unknown>\n#9 0x55c76baf6971 <unknown>\n#10 0x55c76bfd725b <unknown>\n#11 0x55c76bfdafa9 <unknown>\n#12 0x55c76bfbe339 <unknown>\n#13 0x55c76bfdbb58 <unknown>\n#14 0x55c76bfa2c1f <unknown>\n#15 0x55c76bfff118 <unknown>\n#16 0x55c76bfff2f6 <unknown>\n#17 0x55c76c011066 <unknown>\n#18 0x7f4ff929caa4 <unknown>\n#19 0x7f4ff9329c3c <unknown>\n\n","statusTrace":"  File \"/opt/hostedtoolcache/Python/3.11.13/x64/lib/python3.11/site-packages/allure_commons/_allure.py\", line 192, in impl\n    return func(*a, **kw)\n           ^^^^^^^^^^^^^^\n  File \"/home/runner/work/luma_project/luma_project/pages/base_page.py\", line 51, in element_is_present\n    return wait(self.driver, timeout).until(EC.presence_of_element_located(locator))\n           ^^^^^^^^^^^^^^^^^^^^^^^^^^^^^^^^^^^^^^^^^^^^^^^^^^^^^^^^^^^^^^^^^^^^^^^^^\n  File \"/opt/hostedtoolcache/Python/3.11.13/x64/lib/python3.11/site-packages/selenium/webdriver/support/wait.py\", line 95, in until\n    raise TimeoutException(message, screen, stacktrace)\n","steps":[],"attachments":[],"parameters":[{"name":"locator","value":"('css selector', '.sale-free-shipping img')"},{"name":"timeout","value":"5"}],"stepsCount":0,"shouldDisplayMessage":true,"attachmentsCount":0,"hasContent":true,"attachmentStep":false}],"attachments":[],"parameters":[],"stepsCount":1,"shouldDisplayMessage":false,"attachmentsCount":0,"hasContent":true,"attachmentStep":false}],"attachments":[{"uid":"e593e26251ba445a","name":"Screenshot","source":"e593e26251ba445a.png","type":"image/png","size":23875},{"uid":"698eea6c02c8dcfa","name":"HTML source","source":"698eea6c02c8dcfa.html","type":"text/html","size":786}],"parameters":[],"stepsCount":2,"shouldDisplayMessage":true,"attachmentsCount":2,"hasContent":true,"attachmentStep":false},"afterStages":[{"name":"driver::0","time":{"start":1757209742487,"stop":1757209742547,"duration":60},"status":"passed","steps":[],"attachments":[],"parameters":[],"stepsCount":0,"shouldDisplayMessage":false,"attachmentsCount":0,"hasContent":false,"attachmentStep":false},{"name":"clear_allure_result_folder::0","time":{"start":1757210329772,"stop":1757210329772,"duration":0},"status":"passed","steps":[],"attachments":[],"parameters":[],"stepsCount":0,"shouldDisplayMessage":false,"attachmentsCount":0,"hasContent":false,"attachmentStep":false}],"labels":[{"name":"epic","value":"Sale Page"},{"name":"feature","value":"Testing Promo Blocks, Main Block (Women's Deals) and 2 columns block - Men's Bargain, Gear Steals"},{"name":"parentSuite","value":"tests"},{"name":"suite","value":"test_sale"},{"name":"subSuite","value":"TestSalePage"},{"name":"host","value":"pkrvm7jw40e0xgp"},{"name":"thread","value":"2956-MainThread"},{"name":"framework","value":"pytest"},{"name":"language","value":"cpython3"},{"name":"package","value":"tests.test_sale"},{"name":"resultFormat","value":"allure2"}],"parameters":[],"links":[],"hidden":false,"retry":false,"extra":{"severity":"normal","retries":[],"categories":[{"name":"Test defects","matchedStatuses":[],"flaky":false}],"tags":[]},"source":"202c96b62e773f05.json","parameterValues":[]}