{"uid":"42f568b4a009e67b","name":"TC 12.01.01 Check side panel title Shop By is visible","fullName":"tests.test_women.TestWomenPage#test_tc_12_01_01","historyId":"65c7c7373d8f67cae84633d46c99b2ed","time":{"start":1757210290637,"stop":1757210296047,"duration":5410},"description":"Check Shop By title is visible","descriptionHtml":"<p>Check Shop By title is visible</p>\n","status":"broken","statusMessage":"selenium.common.exceptions.TimeoutException: Message: \nStacktrace:\n#0 0x55a9cfdbc08a <unknown>\n#1 0x55a9cf85ba70 <unknown>\n#2 0x55a9cf8ad907 <unknown>\n#3 0x55a9cf8adb01 <unknown>\n#4 0x55a9cf8fbd54 <unknown>\n#5 0x55a9cf8d340d <unknown>\n#6 0x55a9cf8f914f <unknown>\n#7 0x55a9cf8d31b3 <unknown>\n#8 0x55a9cf89f59b <unknown>\n#9 0x55a9cf8a0971 <unknown>\n#10 0x55a9cfd8125b <unknown>\n#11 0x55a9cfd84fa9 <unknown>\n#12 0x55a9cfd68339 <unknown>\n#13 0x55a9cfd85b58 <unknown>\n#14 0x55a9cfd4cc1f <unknown>\n#15 0x55a9cfda9118 <unknown>\n#16 0x55a9cfda92f6 <unknown>\n#17 0x55a9cfdbb066 <unknown>\n#18 0x7f96f4e9caa4 <unknown>\n#19 0x7f96f4f29c3c <unknown>","statusTrace":"self = <test_women.TestWomenPage object at 0x7fa42dbfb590>\ndriver = <selenium.webdriver.chrome.webdriver.WebDriver (session=\"9e44e6189c10efd3cf793a4ea4b4f521\")>\n\n    @allure.title(\"TC 12.01.01 Check side panel title Shop By is visible\")\n    def test_tc_12_01_01(self, driver):\n        \"\"\"Check Shop By title is visible\"\"\"\n        page = WomenPage(driver, WOMEN_PAGE_URL)\n        page.open()\n>       title = page.check_side_panel_name()\n\ntests/test_women.py:16: \n_ _ _ _ _ _ _ _ _ _ _ _ _ _ _ _ _ _ _ _ _ _ _ _ _ _ _ _ _ _ _ _ _ _ _ _ _ _ _ _ \npages/women_page.py:12: in check_side_panel_name\n    shop_by_title = self.element_is_visible(self.side_panel_locators.SHOP_BY)\npages/base_page.py:30: in element_is_visible\n    self.go_to_element(self.element_is_present(locator))\npages/base_page.py:51: in element_is_present\n    return wait(self.driver, timeout).until(EC.presence_of_element_located(locator))\n_ _ _ _ _ _ _ _ _ _ _ _ _ _ _ _ _ _ _ _ _ _ _ _ _ _ _ _ _ _ _ _ _ _ _ _ _ _ _ _ \n\nself = <selenium.webdriver.support.wait.WebDriverWait (session=\"9e44e6189c10efd3cf793a4ea4b4f521\")>\nmethod = <function presence_of_element_located.<locals>._predicate at 0x7fa42ec98400>\nmessage = ''\n\n    def until(self, method, message: str = \"\"):\n        \"\"\"Calls the method provided with the driver as an argument until the \\\n        return value does not evaluate to ``False``.\n    \n        :param method: callable(WebDriver)\n        :param message: optional message for :exc:`TimeoutException`\n        :returns: the result of the last call to `method`\n        :raises: :exc:`selenium.common.exceptions.TimeoutException` if timeout occurs\n        \"\"\"\n        screen = None\n        stacktrace = None\n    \n        end_time = time.monotonic() + self._timeout\n        while True:\n            try:\n                value = method(self._driver)\n                if value:\n                    return value\n            except self._ignored_exceptions as exc:\n                screen = getattr(exc, \"screen\", None)\n                stacktrace = getattr(exc, \"stacktrace\", None)\n            time.sleep(self._poll)\n            if time.monotonic() > end_time:\n                break\n>       raise TimeoutException(message, screen, stacktrace)\nE       selenium.common.exceptions.TimeoutException: Message: \nE       Stacktrace:\nE       #0 0x55a9cfdbc08a <unknown>\nE       #1 0x55a9cf85ba70 <unknown>\nE       #2 0x55a9cf8ad907 <unknown>\nE       #3 0x55a9cf8adb01 <unknown>\nE       #4 0x55a9cf8fbd54 <unknown>\nE       #5 0x55a9cf8d340d <unknown>\nE       #6 0x55a9cf8f914f <unknown>\nE       #7 0x55a9cf8d31b3 <unknown>\nE       #8 0x55a9cf89f59b <unknown>\nE       #9 0x55a9cf8a0971 <unknown>\nE       #10 0x55a9cfd8125b <unknown>\nE       #11 0x55a9cfd84fa9 <unknown>\nE       #12 0x55a9cfd68339 <unknown>\nE       #13 0x55a9cfd85b58 <unknown>\nE       #14 0x55a9cfd4cc1f <unknown>\nE       #15 0x55a9cfda9118 <unknown>\nE       #16 0x55a9cfda92f6 <unknown>\nE       #17 0x55a9cfdbb066 <unknown>\nE       #18 0x7f96f4e9caa4 <unknown>\nE       #19 0x7f96f4f29c3c <unknown>\n\n/opt/hostedtoolcache/Python/3.11.13/x64/lib/python3.11/site-packages/selenium/webdriver/support/wait.py:95: TimeoutException","flaky":false,"newFailed":false,"newBroken":false,"newPassed":false,"retriesCount":0,"retriesStatusChange":false,"beforeStages":[{"name":"_session_faker","time":{"start":1757207882561,"stop":1757207882623,"duration":62},"status":"passed","steps":[],"attachments":[],"parameters":[],"stepsCount":0,"shouldDisplayMessage":false,"attachmentsCount":0,"hasContent":false,"attachmentStep":false},{"name":"clear_allure_result_folder","time":{"start":1757207882623,"stop":1757207882623,"duration":0},"status":"passed","steps":[],"attachments":[],"parameters":[],"stepsCount":0,"shouldDisplayMessage":false,"attachmentsCount":0,"hasContent":false,"attachmentStep":false},{"name":"driver","time":{"start":1757210289409,"stop":1757210290637,"duration":1228},"status":"passed","steps":[],"attachments":[],"parameters":[],"stepsCount":0,"shouldDisplayMessage":false,"attachmentsCount":0,"hasContent":false,"attachmentStep":false}],"testStage":{"description":"Check Shop By title is visible","status":"broken","statusMessage":"selenium.common.exceptions.TimeoutException: Message: \nStacktrace:\n#0 0x55a9cfdbc08a <unknown>\n#1 0x55a9cf85ba70 <unknown>\n#2 0x55a9cf8ad907 <unknown>\n#3 0x55a9cf8adb01 <unknown>\n#4 0x55a9cf8fbd54 <unknown>\n#5 0x55a9cf8d340d <unknown>\n#6 0x55a9cf8f914f <unknown>\n#7 0x55a9cf8d31b3 <unknown>\n#8 0x55a9cf89f59b <unknown>\n#9 0x55a9cf8a0971 <unknown>\n#10 0x55a9cfd8125b <unknown>\n#11 0x55a9cfd84fa9 <unknown>\n#12 0x55a9cfd68339 <unknown>\n#13 0x55a9cfd85b58 <unknown>\n#14 0x55a9cfd4cc1f <unknown>\n#15 0x55a9cfda9118 <unknown>\n#16 0x55a9cfda92f6 <unknown>\n#17 0x55a9cfdbb066 <unknown>\n#18 0x7f96f4e9caa4 <unknown>\n#19 0x7f96f4f29c3c <unknown>","statusTrace":"self = <test_women.TestWomenPage object at 0x7fa42dbfb590>\ndriver = <selenium.webdriver.chrome.webdriver.WebDriver (session=\"9e44e6189c10efd3cf793a4ea4b4f521\")>\n\n    @allure.title(\"TC 12.01.01 Check side panel title Shop By is visible\")\n    def test_tc_12_01_01(self, driver):\n        \"\"\"Check Shop By title is visible\"\"\"\n        page = WomenPage(driver, WOMEN_PAGE_URL)\n        page.open()\n>       title = page.check_side_panel_name()\n\ntests/test_women.py:16: \n_ _ _ _ _ _ _ _ _ _ _ _ _ _ _ _ _ _ _ _ _ _ _ _ _ _ _ _ _ _ _ _ _ _ _ _ _ _ _ _ \npages/women_page.py:12: in check_side_panel_name\n    shop_by_title = self.element_is_visible(self.side_panel_locators.SHOP_BY)\npages/base_page.py:30: in element_is_visible\n    self.go_to_element(self.element_is_present(locator))\npages/base_page.py:51: in element_is_present\n    return wait(self.driver, timeout).until(EC.presence_of_element_located(locator))\n_ _ _ _ _ _ _ _ _ _ _ _ _ _ _ _ _ _ _ _ _ _ _ _ _ _ _ _ _ _ _ _ _ _ _ _ _ _ _ _ \n\nself = <selenium.webdriver.support.wait.WebDriverWait (session=\"9e44e6189c10efd3cf793a4ea4b4f521\")>\nmethod = <function presence_of_element_located.<locals>._predicate at 0x7fa42ec98400>\nmessage = ''\n\n    def until(self, method, message: str = \"\"):\n        \"\"\"Calls the method provided with the driver as an argument until the \\\n        return value does not evaluate to ``False``.\n    \n        :param method: callable(WebDriver)\n        :param message: optional message for :exc:`TimeoutException`\n        :returns: the result of the last call to `method`\n        :raises: :exc:`selenium.common.exceptions.TimeoutException` if timeout occurs\n        \"\"\"\n        screen = None\n        stacktrace = None\n    \n        end_time = time.monotonic() + self._timeout\n        while True:\n            try:\n                value = method(self._driver)\n                if value:\n                    return value\n            except self._ignored_exceptions as exc:\n                screen = getattr(exc, \"screen\", None)\n                stacktrace = getattr(exc, \"stacktrace\", None)\n            time.sleep(self._poll)\n            if time.monotonic() > end_time:\n                break\n>       raise TimeoutException(message, screen, stacktrace)\nE       selenium.common.exceptions.TimeoutException: Message: \nE       Stacktrace:\nE       #0 0x55a9cfdbc08a <unknown>\nE       #1 0x55a9cf85ba70 <unknown>\nE       #2 0x55a9cf8ad907 <unknown>\nE       #3 0x55a9cf8adb01 <unknown>\nE       #4 0x55a9cf8fbd54 <unknown>\nE       #5 0x55a9cf8d340d <unknown>\nE       #6 0x55a9cf8f914f <unknown>\nE       #7 0x55a9cf8d31b3 <unknown>\nE       #8 0x55a9cf89f59b <unknown>\nE       #9 0x55a9cf8a0971 <unknown>\nE       #10 0x55a9cfd8125b <unknown>\nE       #11 0x55a9cfd84fa9 <unknown>\nE       #12 0x55a9cfd68339 <unknown>\nE       #13 0x55a9cfd85b58 <unknown>\nE       #14 0x55a9cfd4cc1f <unknown>\nE       #15 0x55a9cfda9118 <unknown>\nE       #16 0x55a9cfda92f6 <unknown>\nE       #17 0x55a9cfdbb066 <unknown>\nE       #18 0x7f96f4e9caa4 <unknown>\nE       #19 0x7f96f4f29c3c <unknown>\n\n/opt/hostedtoolcache/Python/3.11.13/x64/lib/python3.11/site-packages/selenium/webdriver/support/wait.py:95: TimeoutException","steps":[{"name":"Open a browser","time":{"start":1757210290638,"stop":1757210290934,"duration":296},"status":"passed","steps":[],"attachments":[],"parameters":[],"stepsCount":0,"shouldDisplayMessage":false,"attachmentsCount":0,"hasContent":false,"attachmentStep":false},{"name":"Check the side Shop By title is visible","time":{"start":1757210290934,"stop":1757210296046,"duration":5112},"status":"broken","statusMessage":"selenium.common.exceptions.TimeoutException: Message: \nStacktrace:\n#0 0x55a9cfdbc08a <unknown>\n#1 0x55a9cf85ba70 <unknown>\n#2 0x55a9cf8ad907 <unknown>\n#3 0x55a9cf8adb01 <unknown>\n#4 0x55a9cf8fbd54 <unknown>\n#5 0x55a9cf8d340d <unknown>\n#6 0x55a9cf8f914f <unknown>\n#7 0x55a9cf8d31b3 <unknown>\n#8 0x55a9cf89f59b <unknown>\n#9 0x55a9cf8a0971 <unknown>\n#10 0x55a9cfd8125b <unknown>\n#11 0x55a9cfd84fa9 <unknown>\n#12 0x55a9cfd68339 <unknown>\n#13 0x55a9cfd85b58 <unknown>\n#14 0x55a9cfd4cc1f <unknown>\n#15 0x55a9cfda9118 <unknown>\n#16 0x55a9cfda92f6 <unknown>\n#17 0x55a9cfdbb066 <unknown>\n#18 0x7f96f4e9caa4 <unknown>\n#19 0x7f96f4f29c3c <unknown>\n\n","statusTrace":"  File \"/opt/hostedtoolcache/Python/3.11.13/x64/lib/python3.11/site-packages/allure_commons/_allure.py\", line 192, in impl\n    return func(*a, **kw)\n           ^^^^^^^^^^^^^^\n  File \"/home/runner/work/luma_project/luma_project/pages/women_page.py\", line 12, in check_side_panel_name\n    shop_by_title = self.element_is_visible(self.side_panel_locators.SHOP_BY)\n                    ^^^^^^^^^^^^^^^^^^^^^^^^^^^^^^^^^^^^^^^^^^^^^^^^^^^^^^^^^\n  File \"/opt/hostedtoolcache/Python/3.11.13/x64/lib/python3.11/site-packages/allure_commons/_allure.py\", line 192, in impl\n    return func(*a, **kw)\n           ^^^^^^^^^^^^^^\n  File \"/home/runner/work/luma_project/luma_project/pages/base_page.py\", line 30, in element_is_visible\n    self.go_to_element(self.element_is_present(locator))\n                       ^^^^^^^^^^^^^^^^^^^^^^^^^^^^^^^^\n  File \"/opt/hostedtoolcache/Python/3.11.13/x64/lib/python3.11/site-packages/allure_commons/_allure.py\", line 192, in impl\n    return func(*a, **kw)\n           ^^^^^^^^^^^^^^\n  File \"/home/runner/work/luma_project/luma_project/pages/base_page.py\", line 51, in element_is_present\n    return wait(self.driver, timeout).until(EC.presence_of_element_located(locator))\n           ^^^^^^^^^^^^^^^^^^^^^^^^^^^^^^^^^^^^^^^^^^^^^^^^^^^^^^^^^^^^^^^^^^^^^^^^^\n  File \"/opt/hostedtoolcache/Python/3.11.13/x64/lib/python3.11/site-packages/selenium/webdriver/support/wait.py\", line 95, in until\n    raise TimeoutException(message, screen, stacktrace)\n","steps":[{"name":"Find a visible element","time":{"start":1757210290934,"stop":1757210296046,"duration":5112},"status":"broken","statusMessage":"selenium.common.exceptions.TimeoutException: Message: \nStacktrace:\n#0 0x55a9cfdbc08a <unknown>\n#1 0x55a9cf85ba70 <unknown>\n#2 0x55a9cf8ad907 <unknown>\n#3 0x55a9cf8adb01 <unknown>\n#4 0x55a9cf8fbd54 <unknown>\n#5 0x55a9cf8d340d <unknown>\n#6 0x55a9cf8f914f <unknown>\n#7 0x55a9cf8d31b3 <unknown>\n#8 0x55a9cf89f59b <unknown>\n#9 0x55a9cf8a0971 <unknown>\n#10 0x55a9cfd8125b <unknown>\n#11 0x55a9cfd84fa9 <unknown>\n#12 0x55a9cfd68339 <unknown>\n#13 0x55a9cfd85b58 <unknown>\n#14 0x55a9cfd4cc1f <unknown>\n#15 0x55a9cfda9118 <unknown>\n#16 0x55a9cfda92f6 <unknown>\n#17 0x55a9cfdbb066 <unknown>\n#18 0x7f96f4e9caa4 <unknown>\n#19 0x7f96f4f29c3c <unknown>\n\n","statusTrace":"  File \"/opt/hostedtoolcache/Python/3.11.13/x64/lib/python3.11/site-packages/allure_commons/_allure.py\", line 192, in impl\n    return func(*a, **kw)\n           ^^^^^^^^^^^^^^\n  File \"/home/runner/work/luma_project/luma_project/pages/base_page.py\", line 30, in element_is_visible\n    self.go_to_element(self.element_is_present(locator))\n                       ^^^^^^^^^^^^^^^^^^^^^^^^^^^^^^^^\n  File \"/opt/hostedtoolcache/Python/3.11.13/x64/lib/python3.11/site-packages/allure_commons/_allure.py\", line 192, in impl\n    return func(*a, **kw)\n           ^^^^^^^^^^^^^^\n  File \"/home/runner/work/luma_project/luma_project/pages/base_page.py\", line 51, in element_is_present\n    return wait(self.driver, timeout).until(EC.presence_of_element_located(locator))\n           ^^^^^^^^^^^^^^^^^^^^^^^^^^^^^^^^^^^^^^^^^^^^^^^^^^^^^^^^^^^^^^^^^^^^^^^^^\n  File \"/opt/hostedtoolcache/Python/3.11.13/x64/lib/python3.11/site-packages/selenium/webdriver/support/wait.py\", line 95, in until\n    raise TimeoutException(message, screen, stacktrace)\n","steps":[{"name":"Find a present element","time":{"start":1757210290934,"stop":1757210296046,"duration":5112},"status":"broken","statusMessage":"selenium.common.exceptions.TimeoutException: Message: \nStacktrace:\n#0 0x55a9cfdbc08a <unknown>\n#1 0x55a9cf85ba70 <unknown>\n#2 0x55a9cf8ad907 <unknown>\n#3 0x55a9cf8adb01 <unknown>\n#4 0x55a9cf8fbd54 <unknown>\n#5 0x55a9cf8d340d <unknown>\n#6 0x55a9cf8f914f <unknown>\n#7 0x55a9cf8d31b3 <unknown>\n#8 0x55a9cf89f59b <unknown>\n#9 0x55a9cf8a0971 <unknown>\n#10 0x55a9cfd8125b <unknown>\n#11 0x55a9cfd84fa9 <unknown>\n#12 0x55a9cfd68339 <unknown>\n#13 0x55a9cfd85b58 <unknown>\n#14 0x55a9cfd4cc1f <unknown>\n#15 0x55a9cfda9118 <unknown>\n#16 0x55a9cfda92f6 <unknown>\n#17 0x55a9cfdbb066 <unknown>\n#18 0x7f96f4e9caa4 <unknown>\n#19 0x7f96f4f29c3c <unknown>\n\n","statusTrace":"  File \"/opt/hostedtoolcache/Python/3.11.13/x64/lib/python3.11/site-packages/allure_commons/_allure.py\", line 192, in impl\n    return func(*a, **kw)\n           ^^^^^^^^^^^^^^\n  File \"/home/runner/work/luma_project/luma_project/pages/base_page.py\", line 51, in element_is_present\n    return wait(self.driver, timeout).until(EC.presence_of_element_located(locator))\n           ^^^^^^^^^^^^^^^^^^^^^^^^^^^^^^^^^^^^^^^^^^^^^^^^^^^^^^^^^^^^^^^^^^^^^^^^^\n  File \"/opt/hostedtoolcache/Python/3.11.13/x64/lib/python3.11/site-packages/selenium/webdriver/support/wait.py\", line 95, in until\n    raise TimeoutException(message, screen, stacktrace)\n","steps":[],"attachments":[],"parameters":[{"name":"locator","value":"('xpath', '//div[4]/div[2]/div[1]/div[1]/strong')"},{"name":"timeout","value":"5"}],"stepsCount":0,"shouldDisplayMessage":true,"attachmentsCount":0,"hasContent":true,"attachmentStep":false}],"attachments":[],"parameters":[{"name":"locator","value":"('xpath', '//div[4]/div[2]/div[1]/div[1]/strong')"},{"name":"timeout","value":"10"}],"stepsCount":1,"shouldDisplayMessage":false,"attachmentsCount":0,"hasContent":true,"attachmentStep":false}],"attachments":[],"parameters":[],"stepsCount":2,"shouldDisplayMessage":false,"attachmentsCount":0,"hasContent":true,"attachmentStep":false}],"attachments":[{"uid":"ac49e58f3e273e2","name":"Screenshot","source":"ac49e58f3e273e2.png","type":"image/png","size":23875},{"uid":"9a7fcef5d8bbe0e2","name":"HTML source","source":"9a7fcef5d8bbe0e2.html","type":"text/html","size":786}],"parameters":[],"stepsCount":4,"shouldDisplayMessage":true,"attachmentsCount":2,"hasContent":true,"attachmentStep":false},"afterStages":[{"name":"driver::0","time":{"start":1757210296114,"stop":1757210296173,"duration":59},"status":"passed","steps":[],"attachments":[],"parameters":[],"stepsCount":0,"shouldDisplayMessage":false,"attachmentsCount":0,"hasContent":false,"attachmentStep":false},{"name":"clear_allure_result_folder::0","time":{"start":1757210329772,"stop":1757210329772,"duration":0},"status":"passed","steps":[],"attachments":[],"parameters":[],"stepsCount":0,"shouldDisplayMessage":false,"attachmentsCount":0,"hasContent":false,"attachmentStep":false}],"labels":[{"name":"epic","value":"WomenPage"},{"name":"parentSuite","value":"tests"},{"name":"suite","value":"test_women"},{"name":"subSuite","value":"TestWomenPage"},{"name":"host","value":"pkrvm7jw40e0xgp"},{"name":"thread","value":"2956-MainThread"},{"name":"framework","value":"pytest"},{"name":"language","value":"cpython3"},{"name":"package","value":"tests.test_women"},{"name":"resultFormat","value":"allure2"}],"parameters":[],"links":[],"hidden":false,"retry":false,"extra":{"severity":"normal","retries":[],"categories":[{"name":"Test defects","matchedStatuses":[],"flaky":false}],"tags":[]},"source":"42f568b4a009e67b.json","parameterValues":[]}