{"uid":"6e587942e8b0c1e4","name":"test_tc_06_01_12_the_color_change_my_wish_and_add_to_compare_button[add_to_wish_list]","fullName":"tests.test_main_page.TestHotSellerSection#test_tc_06_01_12_the_color_change_my_wish_and_add_to_compare_button","historyId":"c297f6b6e90c2c5a724b08460c824db3","time":{"start":1757208899540,"stop":1757208904960,"duration":5420},"description":"This test checks the color change of the add to wishlist button and add to compare button on hover","descriptionHtml":"<p>This test checks the color change of the add to wishlist button and add to compare button on hover</p>\n","status":"broken","statusMessage":"selenium.common.exceptions.TimeoutException: Message: \nStacktrace:\n#0 0x56202708508a <unknown>\n#1 0x562026b24a70 <unknown>\n#2 0x562026b76907 <unknown>\n#3 0x562026b76b01 <unknown>\n#4 0x562026bc4d54 <unknown>\n#5 0x562026b9c40d <unknown>\n#6 0x562026bc214f <unknown>\n#7 0x562026b9c1b3 <unknown>\n#8 0x562026b6859b <unknown>\n#9 0x562026b69971 <unknown>\n#10 0x56202704a25b <unknown>\n#11 0x56202704dfa9 <unknown>\n#12 0x562027031339 <unknown>\n#13 0x56202704eb58 <unknown>\n#14 0x562027015c1f <unknown>\n#15 0x562027072118 <unknown>\n#16 0x5620270722f6 <unknown>\n#17 0x562027084066 <unknown>\n#18 0x7fdbd8c9caa4 <unknown>\n#19 0x7fdbd8d29c3c <unknown>","statusTrace":"self = <test_main_page.TestMainPage.TestHotSellerSection object at 0x7fa42f6d1410>\ndriver = <selenium.webdriver.chrome.webdriver.WebDriver (session=\"b5a37fec2511a9acb7d79c9543672589\")>\nitem = 'add_to_wish_list'\n\n    @pytest.mark.parametrize(\"item\", product_card_button[1:])\n    def test_tc_06_01_12_the_color_change_my_wish_and_add_to_compare_button(self, driver, item):\n        \"\"\"This test checks the color change of the add to wishlist button and add to compare button on hover\"\"\"\n        page = MainPage(driver, MAIN_PAGE_URL)\n        page.open()\n>       color_before, color_after = page.check_the_color_change_to_add_to_cart_button()\n\ntests/test_main_page.py:84: \n_ _ _ _ _ _ _ _ _ _ _ _ _ _ _ _ _ _ _ _ _ _ _ _ _ _ _ _ _ _ _ _ _ _ _ _ _ _ _ _ \npages/main_page.py:73: in check_the_color_change_to_add_to_cart_button\n    add_to_card_button = self.element_is_present(self.locators.PRODUCT_CARD_BUTTONS[\"add_to_card\"])\npages/base_page.py:51: in element_is_present\n    return wait(self.driver, timeout).until(EC.presence_of_element_located(locator))\n_ _ _ _ _ _ _ _ _ _ _ _ _ _ _ _ _ _ _ _ _ _ _ _ _ _ _ _ _ _ _ _ _ _ _ _ _ _ _ _ \n\nself = <selenium.webdriver.support.wait.WebDriverWait (session=\"b5a37fec2511a9acb7d79c9543672589\")>\nmethod = <function presence_of_element_located.<locals>._predicate at 0x7fa42f8c7f60>\nmessage = ''\n\n    def until(self, method, message: str = \"\"):\n        \"\"\"Calls the method provided with the driver as an argument until the \\\n        return value does not evaluate to ``False``.\n    \n        :param method: callable(WebDriver)\n        :param message: optional message for :exc:`TimeoutException`\n        :returns: the result of the last call to `method`\n        :raises: :exc:`selenium.common.exceptions.TimeoutException` if timeout occurs\n        \"\"\"\n        screen = None\n        stacktrace = None\n    \n        end_time = time.monotonic() + self._timeout\n        while True:\n            try:\n                value = method(self._driver)\n                if value:\n                    return value\n            except self._ignored_exceptions as exc:\n                screen = getattr(exc, \"screen\", None)\n                stacktrace = getattr(exc, \"stacktrace\", None)\n            time.sleep(self._poll)\n            if time.monotonic() > end_time:\n                break\n>       raise TimeoutException(message, screen, stacktrace)\nE       selenium.common.exceptions.TimeoutException: Message: \nE       Stacktrace:\nE       #0 0x56202708508a <unknown>\nE       #1 0x562026b24a70 <unknown>\nE       #2 0x562026b76907 <unknown>\nE       #3 0x562026b76b01 <unknown>\nE       #4 0x562026bc4d54 <unknown>\nE       #5 0x562026b9c40d <unknown>\nE       #6 0x562026bc214f <unknown>\nE       #7 0x562026b9c1b3 <unknown>\nE       #8 0x562026b6859b <unknown>\nE       #9 0x562026b69971 <unknown>\nE       #10 0x56202704a25b <unknown>\nE       #11 0x56202704dfa9 <unknown>\nE       #12 0x562027031339 <unknown>\nE       #13 0x56202704eb58 <unknown>\nE       #14 0x562027015c1f <unknown>\nE       #15 0x562027072118 <unknown>\nE       #16 0x5620270722f6 <unknown>\nE       #17 0x562027084066 <unknown>\nE       #18 0x7fdbd8c9caa4 <unknown>\nE       #19 0x7fdbd8d29c3c <unknown>\n\n/opt/hostedtoolcache/Python/3.11.13/x64/lib/python3.11/site-packages/selenium/webdriver/support/wait.py:95: TimeoutException","flaky":false,"newFailed":false,"newBroken":false,"newPassed":false,"retriesCount":0,"retriesStatusChange":false,"beforeStages":[{"name":"_session_faker","time":{"start":1757207882561,"stop":1757207882623,"duration":62},"status":"passed","steps":[],"attachments":[],"parameters":[],"stepsCount":0,"shouldDisplayMessage":false,"attachmentsCount":0,"hasContent":false,"attachmentStep":false},{"name":"clear_allure_result_folder","time":{"start":1757207882623,"stop":1757207882623,"duration":0},"status":"passed","steps":[],"attachments":[],"parameters":[],"stepsCount":0,"shouldDisplayMessage":false,"attachmentsCount":0,"hasContent":false,"attachmentStep":false},{"name":"driver","time":{"start":1757208898312,"stop":1757208899539,"duration":1227},"status":"passed","steps":[],"attachments":[],"parameters":[],"stepsCount":0,"shouldDisplayMessage":false,"attachmentsCount":0,"hasContent":false,"attachmentStep":false}],"testStage":{"description":"This test checks the color change of the add to wishlist button and add to compare button on hover","status":"broken","statusMessage":"selenium.common.exceptions.TimeoutException: Message: \nStacktrace:\n#0 0x56202708508a <unknown>\n#1 0x562026b24a70 <unknown>\n#2 0x562026b76907 <unknown>\n#3 0x562026b76b01 <unknown>\n#4 0x562026bc4d54 <unknown>\n#5 0x562026b9c40d <unknown>\n#6 0x562026bc214f <unknown>\n#7 0x562026b9c1b3 <unknown>\n#8 0x562026b6859b <unknown>\n#9 0x562026b69971 <unknown>\n#10 0x56202704a25b <unknown>\n#11 0x56202704dfa9 <unknown>\n#12 0x562027031339 <unknown>\n#13 0x56202704eb58 <unknown>\n#14 0x562027015c1f <unknown>\n#15 0x562027072118 <unknown>\n#16 0x5620270722f6 <unknown>\n#17 0x562027084066 <unknown>\n#18 0x7fdbd8c9caa4 <unknown>\n#19 0x7fdbd8d29c3c <unknown>","statusTrace":"self = <test_main_page.TestMainPage.TestHotSellerSection object at 0x7fa42f6d1410>\ndriver = <selenium.webdriver.chrome.webdriver.WebDriver (session=\"b5a37fec2511a9acb7d79c9543672589\")>\nitem = 'add_to_wish_list'\n\n    @pytest.mark.parametrize(\"item\", product_card_button[1:])\n    def test_tc_06_01_12_the_color_change_my_wish_and_add_to_compare_button(self, driver, item):\n        \"\"\"This test checks the color change of the add to wishlist button and add to compare button on hover\"\"\"\n        page = MainPage(driver, MAIN_PAGE_URL)\n        page.open()\n>       color_before, color_after = page.check_the_color_change_to_add_to_cart_button()\n\ntests/test_main_page.py:84: \n_ _ _ _ _ _ _ _ _ _ _ _ _ _ _ _ _ _ _ _ _ _ _ _ _ _ _ _ _ _ _ _ _ _ _ _ _ _ _ _ \npages/main_page.py:73: in check_the_color_change_to_add_to_cart_button\n    add_to_card_button = self.element_is_present(self.locators.PRODUCT_CARD_BUTTONS[\"add_to_card\"])\npages/base_page.py:51: in element_is_present\n    return wait(self.driver, timeout).until(EC.presence_of_element_located(locator))\n_ _ _ _ _ _ _ _ _ _ _ _ _ _ _ _ _ _ _ _ _ _ _ _ _ _ _ _ _ _ _ _ _ _ _ _ _ _ _ _ \n\nself = <selenium.webdriver.support.wait.WebDriverWait (session=\"b5a37fec2511a9acb7d79c9543672589\")>\nmethod = <function presence_of_element_located.<locals>._predicate at 0x7fa42f8c7f60>\nmessage = ''\n\n    def until(self, method, message: str = \"\"):\n        \"\"\"Calls the method provided with the driver as an argument until the \\\n        return value does not evaluate to ``False``.\n    \n        :param method: callable(WebDriver)\n        :param message: optional message for :exc:`TimeoutException`\n        :returns: the result of the last call to `method`\n        :raises: :exc:`selenium.common.exceptions.TimeoutException` if timeout occurs\n        \"\"\"\n        screen = None\n        stacktrace = None\n    \n        end_time = time.monotonic() + self._timeout\n        while True:\n            try:\n                value = method(self._driver)\n                if value:\n                    return value\n            except self._ignored_exceptions as exc:\n                screen = getattr(exc, \"screen\", None)\n                stacktrace = getattr(exc, \"stacktrace\", None)\n            time.sleep(self._poll)\n            if time.monotonic() > end_time:\n                break\n>       raise TimeoutException(message, screen, stacktrace)\nE       selenium.common.exceptions.TimeoutException: Message: \nE       Stacktrace:\nE       #0 0x56202708508a <unknown>\nE       #1 0x562026b24a70 <unknown>\nE       #2 0x562026b76907 <unknown>\nE       #3 0x562026b76b01 <unknown>\nE       #4 0x562026bc4d54 <unknown>\nE       #5 0x562026b9c40d <unknown>\nE       #6 0x562026bc214f <unknown>\nE       #7 0x562026b9c1b3 <unknown>\nE       #8 0x562026b6859b <unknown>\nE       #9 0x562026b69971 <unknown>\nE       #10 0x56202704a25b <unknown>\nE       #11 0x56202704dfa9 <unknown>\nE       #12 0x562027031339 <unknown>\nE       #13 0x56202704eb58 <unknown>\nE       #14 0x562027015c1f <unknown>\nE       #15 0x562027072118 <unknown>\nE       #16 0x5620270722f6 <unknown>\nE       #17 0x562027084066 <unknown>\nE       #18 0x7fdbd8c9caa4 <unknown>\nE       #19 0x7fdbd8d29c3c <unknown>\n\n/opt/hostedtoolcache/Python/3.11.13/x64/lib/python3.11/site-packages/selenium/webdriver/support/wait.py:95: TimeoutException","steps":[{"name":"Open a browser","time":{"start":1757208899540,"stop":1757208899840,"duration":300},"status":"passed","steps":[],"attachments":[],"parameters":[],"stepsCount":0,"shouldDisplayMessage":false,"attachmentsCount":0,"hasContent":false,"attachmentStep":false},{"name":"Check the color change on hover on the Add to Cart button","time":{"start":1757208899841,"stop":1757208904960,"duration":5119},"status":"broken","statusMessage":"selenium.common.exceptions.TimeoutException: Message: \nStacktrace:\n#0 0x56202708508a <unknown>\n#1 0x562026b24a70 <unknown>\n#2 0x562026b76907 <unknown>\n#3 0x562026b76b01 <unknown>\n#4 0x562026bc4d54 <unknown>\n#5 0x562026b9c40d <unknown>\n#6 0x562026bc214f <unknown>\n#7 0x562026b9c1b3 <unknown>\n#8 0x562026b6859b <unknown>\n#9 0x562026b69971 <unknown>\n#10 0x56202704a25b <unknown>\n#11 0x56202704dfa9 <unknown>\n#12 0x562027031339 <unknown>\n#13 0x56202704eb58 <unknown>\n#14 0x562027015c1f <unknown>\n#15 0x562027072118 <unknown>\n#16 0x5620270722f6 <unknown>\n#17 0x562027084066 <unknown>\n#18 0x7fdbd8c9caa4 <unknown>\n#19 0x7fdbd8d29c3c <unknown>\n\n","statusTrace":"  File \"/opt/hostedtoolcache/Python/3.11.13/x64/lib/python3.11/site-packages/allure_commons/_allure.py\", line 192, in impl\n    return func(*a, **kw)\n           ^^^^^^^^^^^^^^\n  File \"/home/runner/work/luma_project/luma_project/pages/main_page.py\", line 73, in check_the_color_change_to_add_to_cart_button\n    add_to_card_button = self.element_is_present(self.locators.PRODUCT_CARD_BUTTONS[\"add_to_card\"])\n                         ^^^^^^^^^^^^^^^^^^^^^^^^^^^^^^^^^^^^^^^^^^^^^^^^^^^^^^^^^^^^^^^^^^^^^^^^^^\n  File \"/opt/hostedtoolcache/Python/3.11.13/x64/lib/python3.11/site-packages/allure_commons/_allure.py\", line 192, in impl\n    return func(*a, **kw)\n           ^^^^^^^^^^^^^^\n  File \"/home/runner/work/luma_project/luma_project/pages/base_page.py\", line 51, in element_is_present\n    return wait(self.driver, timeout).until(EC.presence_of_element_located(locator))\n           ^^^^^^^^^^^^^^^^^^^^^^^^^^^^^^^^^^^^^^^^^^^^^^^^^^^^^^^^^^^^^^^^^^^^^^^^^\n  File \"/opt/hostedtoolcache/Python/3.11.13/x64/lib/python3.11/site-packages/selenium/webdriver/support/wait.py\", line 95, in until\n    raise TimeoutException(message, screen, stacktrace)\n","steps":[{"name":"Get button properties before hover","time":{"start":1757208899841,"stop":1757208904959,"duration":5118},"status":"broken","statusMessage":"selenium.common.exceptions.TimeoutException: Message: \nStacktrace:\n#0 0x56202708508a <unknown>\n#1 0x562026b24a70 <unknown>\n#2 0x562026b76907 <unknown>\n#3 0x562026b76b01 <unknown>\n#4 0x562026bc4d54 <unknown>\n#5 0x562026b9c40d <unknown>\n#6 0x562026bc214f <unknown>\n#7 0x562026b9c1b3 <unknown>\n#8 0x562026b6859b <unknown>\n#9 0x562026b69971 <unknown>\n#10 0x56202704a25b <unknown>\n#11 0x56202704dfa9 <unknown>\n#12 0x562027031339 <unknown>\n#13 0x56202704eb58 <unknown>\n#14 0x562027015c1f <unknown>\n#15 0x562027072118 <unknown>\n#16 0x5620270722f6 <unknown>\n#17 0x562027084066 <unknown>\n#18 0x7fdbd8c9caa4 <unknown>\n#19 0x7fdbd8d29c3c <unknown>\n\n","statusTrace":"  File \"/home/runner/work/luma_project/luma_project/pages/main_page.py\", line 73, in check_the_color_change_to_add_to_cart_button\n    add_to_card_button = self.element_is_present(self.locators.PRODUCT_CARD_BUTTONS[\"add_to_card\"])\n                         ^^^^^^^^^^^^^^^^^^^^^^^^^^^^^^^^^^^^^^^^^^^^^^^^^^^^^^^^^^^^^^^^^^^^^^^^^^\n  File \"/opt/hostedtoolcache/Python/3.11.13/x64/lib/python3.11/site-packages/allure_commons/_allure.py\", line 192, in impl\n    return func(*a, **kw)\n           ^^^^^^^^^^^^^^\n  File \"/home/runner/work/luma_project/luma_project/pages/base_page.py\", line 51, in element_is_present\n    return wait(self.driver, timeout).until(EC.presence_of_element_located(locator))\n           ^^^^^^^^^^^^^^^^^^^^^^^^^^^^^^^^^^^^^^^^^^^^^^^^^^^^^^^^^^^^^^^^^^^^^^^^^\n  File \"/opt/hostedtoolcache/Python/3.11.13/x64/lib/python3.11/site-packages/selenium/webdriver/support/wait.py\", line 95, in until\n    raise TimeoutException(message, screen, stacktrace)\n","steps":[{"name":"Find a present element","time":{"start":1757208899841,"stop":1757208904959,"duration":5118},"status":"broken","statusMessage":"selenium.common.exceptions.TimeoutException: Message: \nStacktrace:\n#0 0x56202708508a <unknown>\n#1 0x562026b24a70 <unknown>\n#2 0x562026b76907 <unknown>\n#3 0x562026b76b01 <unknown>\n#4 0x562026bc4d54 <unknown>\n#5 0x562026b9c40d <unknown>\n#6 0x562026bc214f <unknown>\n#7 0x562026b9c1b3 <unknown>\n#8 0x562026b6859b <unknown>\n#9 0x562026b69971 <unknown>\n#10 0x56202704a25b <unknown>\n#11 0x56202704dfa9 <unknown>\n#12 0x562027031339 <unknown>\n#13 0x56202704eb58 <unknown>\n#14 0x562027015c1f <unknown>\n#15 0x562027072118 <unknown>\n#16 0x5620270722f6 <unknown>\n#17 0x562027084066 <unknown>\n#18 0x7fdbd8c9caa4 <unknown>\n#19 0x7fdbd8d29c3c <unknown>\n\n","statusTrace":"  File \"/opt/hostedtoolcache/Python/3.11.13/x64/lib/python3.11/site-packages/allure_commons/_allure.py\", line 192, in impl\n    return func(*a, **kw)\n           ^^^^^^^^^^^^^^\n  File \"/home/runner/work/luma_project/luma_project/pages/base_page.py\", line 51, in element_is_present\n    return wait(self.driver, timeout).until(EC.presence_of_element_located(locator))\n           ^^^^^^^^^^^^^^^^^^^^^^^^^^^^^^^^^^^^^^^^^^^^^^^^^^^^^^^^^^^^^^^^^^^^^^^^^\n  File \"/opt/hostedtoolcache/Python/3.11.13/x64/lib/python3.11/site-packages/selenium/webdriver/support/wait.py\", line 95, in until\n    raise TimeoutException(message, screen, stacktrace)\n","steps":[],"attachments":[],"parameters":[{"name":"locator","value":"('css selector', \"li[class='product-item']:nth-child(3) button[class='action tocart primary']\")"},{"name":"timeout","value":"5"}],"stepsCount":0,"shouldDisplayMessage":true,"attachmentsCount":0,"hasContent":true,"attachmentStep":false}],"attachments":[],"parameters":[],"stepsCount":1,"shouldDisplayMessage":false,"attachmentsCount":0,"hasContent":true,"attachmentStep":false}],"attachments":[],"parameters":[],"stepsCount":2,"shouldDisplayMessage":false,"attachmentsCount":0,"hasContent":true,"attachmentStep":false}],"attachments":[{"uid":"309dacd10c5f9b2f","name":"Screenshot","source":"309dacd10c5f9b2f.png","type":"image/png","size":23875},{"uid":"b53dd8500398b154","name":"HTML source","source":"b53dd8500398b154.html","type":"text/html","size":786}],"parameters":[],"stepsCount":4,"shouldDisplayMessage":true,"attachmentsCount":2,"hasContent":true,"attachmentStep":false},"afterStages":[{"name":"driver::0","time":{"start":1757208905048,"stop":1757208905108,"duration":60},"status":"passed","steps":[],"attachments":[],"parameters":[],"stepsCount":0,"shouldDisplayMessage":false,"attachmentsCount":0,"hasContent":false,"attachmentStep":false},{"name":"clear_allure_result_folder::0","time":{"start":1757210329772,"stop":1757210329772,"duration":0},"status":"passed","steps":[],"attachments":[],"parameters":[],"stepsCount":0,"shouldDisplayMessage":false,"attachmentsCount":0,"hasContent":false,"attachmentStep":false}],"labels":[{"name":"feature","value":"Testing Hot Seller Section"},{"name":"epic","value":"Main Page"},{"name":"parentSuite","value":"tests"},{"name":"suite","value":"test_main_page"},{"name":"subSuite","value":"TestMainPage"},{"name":"host","value":"pkrvm7jw40e0xgp"},{"name":"thread","value":"2956-MainThread"},{"name":"framework","value":"pytest"},{"name":"language","value":"cpython3"},{"name":"package","value":"tests.test_main_page"},{"name":"resultFormat","value":"allure2"}],"parameters":[{"name":"item","value":"'add_to_wish_list'"}],"links":[],"hidden":false,"retry":false,"extra":{"severity":"normal","retries":[],"categories":[{"name":"Test defects","matchedStatuses":[],"flaky":false}],"tags":[]},"source":"6e587942e8b0c1e4.json","parameterValues":["'add_to_wish_list'"]}