{"uid":"72358cbd270eb888","name":"TC 01.03.15 display and interactivity of the \"Men\" section","fullName":"tests.test_header.TestHeader#test_tc_01_03_15_display_and_interactivity_of_the_men_section","historyId":"1965558616b3028e43b444609257b5a1","time":{"start":1757208641300,"stop":1757208646518,"duration":5218},"description":"Check the 'Tops' & 'Bottoms' subsections in 'Men' section is displayed","descriptionHtml":"<p>Check the 'Tops' &amp; 'Bottoms' subsections in 'Men' section is displayed</p>\n","status":"broken","statusMessage":"selenium.common.exceptions.TimeoutException: Message: \nStacktrace:\n#0 0x56248746e08a <unknown>\n#1 0x562486f0da70 <unknown>\n#2 0x562486f5f907 <unknown>\n#3 0x562486f5fb01 <unknown>\n#4 0x562486fadd54 <unknown>\n#5 0x562486f8540d <unknown>\n#6 0x562486fab14f <unknown>\n#7 0x562486f851b3 <unknown>\n#8 0x562486f5159b <unknown>\n#9 0x562486f52971 <unknown>\n#10 0x56248743325b <unknown>\n#11 0x562487436fa9 <unknown>\n#12 0x56248741a339 <unknown>\n#13 0x562487437b58 <unknown>\n#14 0x5624873fec1f <unknown>\n#15 0x56248745b118 <unknown>\n#16 0x56248745b2f6 <unknown>\n#17 0x56248746d066 <unknown>\n#18 0x7f6bb849caa4 <unknown>\n#19 0x7f6bb8529c3c <unknown>","statusTrace":"self = <test_header.TestHeader object at 0x7fa42dc24a50>\ndriver = <selenium.webdriver.chrome.webdriver.WebDriver (session=\"5e75cf385258fc16161e8ee65f34aca6\")>\n\n    @allure.title('TC 01.03.15 display and interactivity of the \"Men\" section')\n    def test_tc_01_03_15_display_and_interactivity_of_the_men_section(self, driver):\n        \"\"\"Check the 'Tops' & 'Bottoms' subsections in 'Men' section is displayed\"\"\"\n        page = HeaderPage(driver, MAIN_PAGE_URL)\n        page.open()\n>       dropdown_items = page.check_men_section_link()\n\ntests/test_header.py:241: \n_ _ _ _ _ _ _ _ _ _ _ _ _ _ _ _ _ _ _ _ _ _ _ _ _ _ _ _ _ _ _ _ _ _ _ _ _ _ _ _ \npages/header_page.py:183: in check_men_section_link\n    self.action_move_to_element(self.element_is_visible(self.header_locators.MEN_SECTION))\npages/base_page.py:30: in element_is_visible\n    self.go_to_element(self.element_is_present(locator))\npages/base_page.py:51: in element_is_present\n    return wait(self.driver, timeout).until(EC.presence_of_element_located(locator))\n_ _ _ _ _ _ _ _ _ _ _ _ _ _ _ _ _ _ _ _ _ _ _ _ _ _ _ _ _ _ _ _ _ _ _ _ _ _ _ _ \n\nself = <selenium.webdriver.support.wait.WebDriverWait (session=\"5e75cf385258fc16161e8ee65f34aca6\")>\nmethod = <function presence_of_element_located.<locals>._predicate at 0x7fa42f8c00e0>\nmessage = ''\n\n    def until(self, method, message: str = \"\"):\n        \"\"\"Calls the method provided with the driver as an argument until the \\\n        return value does not evaluate to ``False``.\n    \n        :param method: callable(WebDriver)\n        :param message: optional message for :exc:`TimeoutException`\n        :returns: the result of the last call to `method`\n        :raises: :exc:`selenium.common.exceptions.TimeoutException` if timeout occurs\n        \"\"\"\n        screen = None\n        stacktrace = None\n    \n        end_time = time.monotonic() + self._timeout\n        while True:\n            try:\n                value = method(self._driver)\n                if value:\n                    return value\n            except self._ignored_exceptions as exc:\n                screen = getattr(exc, \"screen\", None)\n                stacktrace = getattr(exc, \"stacktrace\", None)\n            time.sleep(self._poll)\n            if time.monotonic() > end_time:\n                break\n>       raise TimeoutException(message, screen, stacktrace)\nE       selenium.common.exceptions.TimeoutException: Message: \nE       Stacktrace:\nE       #0 0x56248746e08a <unknown>\nE       #1 0x562486f0da70 <unknown>\nE       #2 0x562486f5f907 <unknown>\nE       #3 0x562486f5fb01 <unknown>\nE       #4 0x562486fadd54 <unknown>\nE       #5 0x562486f8540d <unknown>\nE       #6 0x562486fab14f <unknown>\nE       #7 0x562486f851b3 <unknown>\nE       #8 0x562486f5159b <unknown>\nE       #9 0x562486f52971 <unknown>\nE       #10 0x56248743325b <unknown>\nE       #11 0x562487436fa9 <unknown>\nE       #12 0x56248741a339 <unknown>\nE       #13 0x562487437b58 <unknown>\nE       #14 0x5624873fec1f <unknown>\nE       #15 0x56248745b118 <unknown>\nE       #16 0x56248745b2f6 <unknown>\nE       #17 0x56248746d066 <unknown>\nE       #18 0x7f6bb849caa4 <unknown>\nE       #19 0x7f6bb8529c3c <unknown>\n\n/opt/hostedtoolcache/Python/3.11.13/x64/lib/python3.11/site-packages/selenium/webdriver/support/wait.py:95: TimeoutException","flaky":false,"newFailed":false,"newBroken":false,"newPassed":false,"retriesCount":0,"retriesStatusChange":false,"beforeStages":[{"name":"_session_faker","time":{"start":1757207882561,"stop":1757207882623,"duration":62},"status":"passed","steps":[],"attachments":[],"parameters":[],"stepsCount":0,"shouldDisplayMessage":false,"attachmentsCount":0,"hasContent":false,"attachmentStep":false},{"name":"clear_allure_result_folder","time":{"start":1757207882623,"stop":1757207882623,"duration":0},"status":"passed","steps":[],"attachments":[],"parameters":[],"stepsCount":0,"shouldDisplayMessage":false,"attachmentsCount":0,"hasContent":false,"attachmentStep":false},{"name":"driver","time":{"start":1757208640068,"stop":1757208641300,"duration":1232},"status":"passed","steps":[],"attachments":[],"parameters":[],"stepsCount":0,"shouldDisplayMessage":false,"attachmentsCount":0,"hasContent":false,"attachmentStep":false}],"testStage":{"description":"Check the 'Tops' & 'Bottoms' subsections in 'Men' section is displayed","status":"broken","statusMessage":"selenium.common.exceptions.TimeoutException: Message: \nStacktrace:\n#0 0x56248746e08a <unknown>\n#1 0x562486f0da70 <unknown>\n#2 0x562486f5f907 <unknown>\n#3 0x562486f5fb01 <unknown>\n#4 0x562486fadd54 <unknown>\n#5 0x562486f8540d <unknown>\n#6 0x562486fab14f <unknown>\n#7 0x562486f851b3 <unknown>\n#8 0x562486f5159b <unknown>\n#9 0x562486f52971 <unknown>\n#10 0x56248743325b <unknown>\n#11 0x562487436fa9 <unknown>\n#12 0x56248741a339 <unknown>\n#13 0x562487437b58 <unknown>\n#14 0x5624873fec1f <unknown>\n#15 0x56248745b118 <unknown>\n#16 0x56248745b2f6 <unknown>\n#17 0x56248746d066 <unknown>\n#18 0x7f6bb849caa4 <unknown>\n#19 0x7f6bb8529c3c <unknown>","statusTrace":"self = <test_header.TestHeader object at 0x7fa42dc24a50>\ndriver = <selenium.webdriver.chrome.webdriver.WebDriver (session=\"5e75cf385258fc16161e8ee65f34aca6\")>\n\n    @allure.title('TC 01.03.15 display and interactivity of the \"Men\" section')\n    def test_tc_01_03_15_display_and_interactivity_of_the_men_section(self, driver):\n        \"\"\"Check the 'Tops' & 'Bottoms' subsections in 'Men' section is displayed\"\"\"\n        page = HeaderPage(driver, MAIN_PAGE_URL)\n        page.open()\n>       dropdown_items = page.check_men_section_link()\n\ntests/test_header.py:241: \n_ _ _ _ _ _ _ _ _ _ _ _ _ _ _ _ _ _ _ _ _ _ _ _ _ _ _ _ _ _ _ _ _ _ _ _ _ _ _ _ \npages/header_page.py:183: in check_men_section_link\n    self.action_move_to_element(self.element_is_visible(self.header_locators.MEN_SECTION))\npages/base_page.py:30: in element_is_visible\n    self.go_to_element(self.element_is_present(locator))\npages/base_page.py:51: in element_is_present\n    return wait(self.driver, timeout).until(EC.presence_of_element_located(locator))\n_ _ _ _ _ _ _ _ _ _ _ _ _ _ _ _ _ _ _ _ _ _ _ _ _ _ _ _ _ _ _ _ _ _ _ _ _ _ _ _ \n\nself = <selenium.webdriver.support.wait.WebDriverWait (session=\"5e75cf385258fc16161e8ee65f34aca6\")>\nmethod = <function presence_of_element_located.<locals>._predicate at 0x7fa42f8c00e0>\nmessage = ''\n\n    def until(self, method, message: str = \"\"):\n        \"\"\"Calls the method provided with the driver as an argument until the \\\n        return value does not evaluate to ``False``.\n    \n        :param method: callable(WebDriver)\n        :param message: optional message for :exc:`TimeoutException`\n        :returns: the result of the last call to `method`\n        :raises: :exc:`selenium.common.exceptions.TimeoutException` if timeout occurs\n        \"\"\"\n        screen = None\n        stacktrace = None\n    \n        end_time = time.monotonic() + self._timeout\n        while True:\n            try:\n                value = method(self._driver)\n                if value:\n                    return value\n            except self._ignored_exceptions as exc:\n                screen = getattr(exc, \"screen\", None)\n                stacktrace = getattr(exc, \"stacktrace\", None)\n            time.sleep(self._poll)\n            if time.monotonic() > end_time:\n                break\n>       raise TimeoutException(message, screen, stacktrace)\nE       selenium.common.exceptions.TimeoutException: Message: \nE       Stacktrace:\nE       #0 0x56248746e08a <unknown>\nE       #1 0x562486f0da70 <unknown>\nE       #2 0x562486f5f907 <unknown>\nE       #3 0x562486f5fb01 <unknown>\nE       #4 0x562486fadd54 <unknown>\nE       #5 0x562486f8540d <unknown>\nE       #6 0x562486fab14f <unknown>\nE       #7 0x562486f851b3 <unknown>\nE       #8 0x562486f5159b <unknown>\nE       #9 0x562486f52971 <unknown>\nE       #10 0x56248743325b <unknown>\nE       #11 0x562487436fa9 <unknown>\nE       #12 0x56248741a339 <unknown>\nE       #13 0x562487437b58 <unknown>\nE       #14 0x5624873fec1f <unknown>\nE       #15 0x56248745b118 <unknown>\nE       #16 0x56248745b2f6 <unknown>\nE       #17 0x56248746d066 <unknown>\nE       #18 0x7f6bb849caa4 <unknown>\nE       #19 0x7f6bb8529c3c <unknown>\n\n/opt/hostedtoolcache/Python/3.11.13/x64/lib/python3.11/site-packages/selenium/webdriver/support/wait.py:95: TimeoutException","steps":[{"name":"Open a browser","time":{"start":1757208641300,"stop":1757208641409,"duration":109},"status":"passed","steps":[],"attachments":[],"parameters":[],"stepsCount":0,"shouldDisplayMessage":false,"attachmentsCount":0,"hasContent":false,"attachmentStep":false},{"name":"Check the \"Men\" section link","time":{"start":1757208641409,"stop":1757208646518,"duration":5109},"status":"broken","statusMessage":"selenium.common.exceptions.TimeoutException: Message: \nStacktrace:\n#0 0x56248746e08a <unknown>\n#1 0x562486f0da70 <unknown>\n#2 0x562486f5f907 <unknown>\n#3 0x562486f5fb01 <unknown>\n#4 0x562486fadd54 <unknown>\n#5 0x562486f8540d <unknown>\n#6 0x562486fab14f <unknown>\n#7 0x562486f851b3 <unknown>\n#8 0x562486f5159b <unknown>\n#9 0x562486f52971 <unknown>\n#10 0x56248743325b <unknown>\n#11 0x562487436fa9 <unknown>\n#12 0x56248741a339 <unknown>\n#13 0x562487437b58 <unknown>\n#14 0x5624873fec1f <unknown>\n#15 0x56248745b118 <unknown>\n#16 0x56248745b2f6 <unknown>\n#17 0x56248746d066 <unknown>\n#18 0x7f6bb849caa4 <unknown>\n#19 0x7f6bb8529c3c <unknown>\n\n","statusTrace":"  File \"/opt/hostedtoolcache/Python/3.11.13/x64/lib/python3.11/site-packages/allure_commons/_allure.py\", line 192, in impl\n    return func(*a, **kw)\n           ^^^^^^^^^^^^^^\n  File \"/home/runner/work/luma_project/luma_project/pages/header_page.py\", line 183, in check_men_section_link\n    self.action_move_to_element(self.element_is_visible(self.header_locators.MEN_SECTION))\n                                ^^^^^^^^^^^^^^^^^^^^^^^^^^^^^^^^^^^^^^^^^^^^^^^^^^^^^^^^^\n  File \"/opt/hostedtoolcache/Python/3.11.13/x64/lib/python3.11/site-packages/allure_commons/_allure.py\", line 192, in impl\n    return func(*a, **kw)\n           ^^^^^^^^^^^^^^\n  File \"/home/runner/work/luma_project/luma_project/pages/base_page.py\", line 30, in element_is_visible\n    self.go_to_element(self.element_is_present(locator))\n                       ^^^^^^^^^^^^^^^^^^^^^^^^^^^^^^^^\n  File \"/opt/hostedtoolcache/Python/3.11.13/x64/lib/python3.11/site-packages/allure_commons/_allure.py\", line 192, in impl\n    return func(*a, **kw)\n           ^^^^^^^^^^^^^^\n  File \"/home/runner/work/luma_project/luma_project/pages/base_page.py\", line 51, in element_is_present\n    return wait(self.driver, timeout).until(EC.presence_of_element_located(locator))\n           ^^^^^^^^^^^^^^^^^^^^^^^^^^^^^^^^^^^^^^^^^^^^^^^^^^^^^^^^^^^^^^^^^^^^^^^^^\n  File \"/opt/hostedtoolcache/Python/3.11.13/x64/lib/python3.11/site-packages/selenium/webdriver/support/wait.py\", line 95, in until\n    raise TimeoutException(message, screen, stacktrace)\n","steps":[{"name":"Find a visible element","time":{"start":1757208641409,"stop":1757208646517,"duration":5108},"status":"broken","statusMessage":"selenium.common.exceptions.TimeoutException: Message: \nStacktrace:\n#0 0x56248746e08a <unknown>\n#1 0x562486f0da70 <unknown>\n#2 0x562486f5f907 <unknown>\n#3 0x562486f5fb01 <unknown>\n#4 0x562486fadd54 <unknown>\n#5 0x562486f8540d <unknown>\n#6 0x562486fab14f <unknown>\n#7 0x562486f851b3 <unknown>\n#8 0x562486f5159b <unknown>\n#9 0x562486f52971 <unknown>\n#10 0x56248743325b <unknown>\n#11 0x562487436fa9 <unknown>\n#12 0x56248741a339 <unknown>\n#13 0x562487437b58 <unknown>\n#14 0x5624873fec1f <unknown>\n#15 0x56248745b118 <unknown>\n#16 0x56248745b2f6 <unknown>\n#17 0x56248746d066 <unknown>\n#18 0x7f6bb849caa4 <unknown>\n#19 0x7f6bb8529c3c <unknown>\n\n","statusTrace":"  File \"/opt/hostedtoolcache/Python/3.11.13/x64/lib/python3.11/site-packages/allure_commons/_allure.py\", line 192, in impl\n    return func(*a, **kw)\n           ^^^^^^^^^^^^^^\n  File \"/home/runner/work/luma_project/luma_project/pages/base_page.py\", line 30, in element_is_visible\n    self.go_to_element(self.element_is_present(locator))\n                       ^^^^^^^^^^^^^^^^^^^^^^^^^^^^^^^^\n  File \"/opt/hostedtoolcache/Python/3.11.13/x64/lib/python3.11/site-packages/allure_commons/_allure.py\", line 192, in impl\n    return func(*a, **kw)\n           ^^^^^^^^^^^^^^\n  File \"/home/runner/work/luma_project/luma_project/pages/base_page.py\", line 51, in element_is_present\n    return wait(self.driver, timeout).until(EC.presence_of_element_located(locator))\n           ^^^^^^^^^^^^^^^^^^^^^^^^^^^^^^^^^^^^^^^^^^^^^^^^^^^^^^^^^^^^^^^^^^^^^^^^^\n  File \"/opt/hostedtoolcache/Python/3.11.13/x64/lib/python3.11/site-packages/selenium/webdriver/support/wait.py\", line 95, in until\n    raise TimeoutException(message, screen, stacktrace)\n","steps":[{"name":"Find a present element","time":{"start":1757208641409,"stop":1757208646517,"duration":5108},"status":"broken","statusMessage":"selenium.common.exceptions.TimeoutException: Message: \nStacktrace:\n#0 0x56248746e08a <unknown>\n#1 0x562486f0da70 <unknown>\n#2 0x562486f5f907 <unknown>\n#3 0x562486f5fb01 <unknown>\n#4 0x562486fadd54 <unknown>\n#5 0x562486f8540d <unknown>\n#6 0x562486fab14f <unknown>\n#7 0x562486f851b3 <unknown>\n#8 0x562486f5159b <unknown>\n#9 0x562486f52971 <unknown>\n#10 0x56248743325b <unknown>\n#11 0x562487436fa9 <unknown>\n#12 0x56248741a339 <unknown>\n#13 0x562487437b58 <unknown>\n#14 0x5624873fec1f <unknown>\n#15 0x56248745b118 <unknown>\n#16 0x56248745b2f6 <unknown>\n#17 0x56248746d066 <unknown>\n#18 0x7f6bb849caa4 <unknown>\n#19 0x7f6bb8529c3c <unknown>\n\n","statusTrace":"  File \"/opt/hostedtoolcache/Python/3.11.13/x64/lib/python3.11/site-packages/allure_commons/_allure.py\", line 192, in impl\n    return func(*a, **kw)\n           ^^^^^^^^^^^^^^\n  File \"/home/runner/work/luma_project/luma_project/pages/base_page.py\", line 51, in element_is_present\n    return wait(self.driver, timeout).until(EC.presence_of_element_located(locator))\n           ^^^^^^^^^^^^^^^^^^^^^^^^^^^^^^^^^^^^^^^^^^^^^^^^^^^^^^^^^^^^^^^^^^^^^^^^^\n  File \"/opt/hostedtoolcache/Python/3.11.13/x64/lib/python3.11/site-packages/selenium/webdriver/support/wait.py\", line 95, in until\n    raise TimeoutException(message, screen, stacktrace)\n","steps":[],"attachments":[],"parameters":[{"name":"locator","value":"('id', 'ui-id-5')"},{"name":"timeout","value":"5"}],"stepsCount":0,"shouldDisplayMessage":true,"attachmentsCount":0,"hasContent":true,"attachmentStep":false}],"attachments":[],"parameters":[{"name":"locator","value":"('id', 'ui-id-5')"},{"name":"timeout","value":"10"}],"stepsCount":1,"shouldDisplayMessage":false,"attachmentsCount":0,"hasContent":true,"attachmentStep":false}],"attachments":[],"parameters":[],"stepsCount":2,"shouldDisplayMessage":false,"attachmentsCount":0,"hasContent":true,"attachmentStep":false}],"attachments":[{"uid":"fc2d8dff38b1352c","name":"Screenshot","source":"fc2d8dff38b1352c.png","type":"image/png","size":23875},{"uid":"a6991a2e22399016","name":"HTML source","source":"a6991a2e22399016.html","type":"text/html","size":786}],"parameters":[],"stepsCount":4,"shouldDisplayMessage":true,"attachmentsCount":2,"hasContent":true,"attachmentStep":false},"afterStages":[{"name":"driver::0","time":{"start":1757208646607,"stop":1757208646666,"duration":59},"status":"passed","steps":[],"attachments":[],"parameters":[],"stepsCount":0,"shouldDisplayMessage":false,"attachmentsCount":0,"hasContent":false,"attachmentStep":false},{"name":"clear_allure_result_folder::0","time":{"start":1757210329772,"stop":1757210329772,"duration":0},"status":"passed","steps":[],"attachments":[],"parameters":[],"stepsCount":0,"shouldDisplayMessage":false,"attachmentsCount":0,"hasContent":false,"attachmentStep":false}],"labels":[{"name":"epic","value":"Test Header"},{"name":"parentSuite","value":"tests"},{"name":"suite","value":"test_header"},{"name":"subSuite","value":"TestHeader"},{"name":"host","value":"pkrvm7jw40e0xgp"},{"name":"thread","value":"2956-MainThread"},{"name":"framework","value":"pytest"},{"name":"language","value":"cpython3"},{"name":"package","value":"tests.test_header"},{"name":"resultFormat","value":"allure2"}],"parameters":[],"links":[],"hidden":false,"retry":false,"extra":{"severity":"normal","retries":[],"categories":[{"name":"Test defects","matchedStatuses":[],"flaky":false}],"tags":[]},"source":"72358cbd270eb888.json","parameterValues":[]}