{"uid":"d8af967e4c7692df","name":"TC 03.01.11 Verify Password field is appropriately labeled","fullName":"tests.test_sign_in.TestRegisteredCustomers#test_03_01_11_password_is_appropriately_labeled","historyId":"7acd7b9d3a697b3e6ab4ba6b0910a3db","time":{"start":1757209980720,"stop":1757209985840,"duration":5120},"description":"Check if Password field is appropriately labeled ","descriptionHtml":"<p>Check if Password field is appropriately labeled</p>\n","status":"broken","statusMessage":"selenium.common.exceptions.TimeoutException: Message: \nStacktrace:\n#0 0x55eb417a408a <unknown>\n#1 0x55eb41243a70 <unknown>\n#2 0x55eb41295907 <unknown>\n#3 0x55eb41295b01 <unknown>\n#4 0x55eb412e3d54 <unknown>\n#5 0x55eb412bb40d <unknown>\n#6 0x55eb412e114f <unknown>\n#7 0x55eb412bb1b3 <unknown>\n#8 0x55eb4128759b <unknown>\n#9 0x55eb41288971 <unknown>\n#10 0x55eb4176925b <unknown>\n#11 0x55eb4176cfa9 <unknown>\n#12 0x55eb41750339 <unknown>\n#13 0x55eb4176db58 <unknown>\n#14 0x55eb41734c1f <unknown>\n#15 0x55eb41791118 <unknown>\n#16 0x55eb417912f6 <unknown>\n#17 0x55eb417a3066 <unknown>\n#18 0x7fe6eba9caa4 <unknown>\n#19 0x7fe6ebb29c3c <unknown>","statusTrace":"self = <test_sign_in.TestRegisteredCustomers object at 0x7fa42dbbb8d0>\ndriver = <selenium.webdriver.chrome.webdriver.WebDriver (session=\"fb9e07984a6e200111516d3051227e7c\")>\nsign_in_page = <pages.sign_in_page.SignInPage object at 0x7fa42f058190>\n\n    @allure.title('TC 03.01.11 Verify Password field is appropriately labeled')\n    @allure.severity(allure.severity_level.NORMAL)\n    def test_03_01_11_password_is_appropriately_labeled(self, driver, sign_in_page):\n        \"\"\"Check if Password field is appropriately labeled \"\"\"\n>       label = sign_in_page.check_customer_password_label()\n\ntests/test_sign_in.py:111: \n_ _ _ _ _ _ _ _ _ _ _ _ _ _ _ _ _ _ _ _ _ _ _ _ _ _ _ _ _ _ _ _ _ _ _ _ _ _ _ _ \npages/sign_in_page.py:69: in check_customer_password_label\n    return self.element_is_visible(self.locators.CUSTOMER_PASSWORD_LABEL)\npages/base_page.py:30: in element_is_visible\n    self.go_to_element(self.element_is_present(locator))\npages/base_page.py:51: in element_is_present\n    return wait(self.driver, timeout).until(EC.presence_of_element_located(locator))\n_ _ _ _ _ _ _ _ _ _ _ _ _ _ _ _ _ _ _ _ _ _ _ _ _ _ _ _ _ _ _ _ _ _ _ _ _ _ _ _ \n\nself = <selenium.webdriver.support.wait.WebDriverWait (session=\"fb9e07984a6e200111516d3051227e7c\")>\nmethod = <function presence_of_element_located.<locals>._predicate at 0x7fa42f096de0>\nmessage = ''\n\n    def until(self, method, message: str = \"\"):\n        \"\"\"Calls the method provided with the driver as an argument until the \\\n        return value does not evaluate to ``False``.\n    \n        :param method: callable(WebDriver)\n        :param message: optional message for :exc:`TimeoutException`\n        :returns: the result of the last call to `method`\n        :raises: :exc:`selenium.common.exceptions.TimeoutException` if timeout occurs\n        \"\"\"\n        screen = None\n        stacktrace = None\n    \n        end_time = time.monotonic() + self._timeout\n        while True:\n            try:\n                value = method(self._driver)\n                if value:\n                    return value\n            except self._ignored_exceptions as exc:\n                screen = getattr(exc, \"screen\", None)\n                stacktrace = getattr(exc, \"stacktrace\", None)\n            time.sleep(self._poll)\n            if time.monotonic() > end_time:\n                break\n>       raise TimeoutException(message, screen, stacktrace)\nE       selenium.common.exceptions.TimeoutException: Message: \nE       Stacktrace:\nE       #0 0x55eb417a408a <unknown>\nE       #1 0x55eb41243a70 <unknown>\nE       #2 0x55eb41295907 <unknown>\nE       #3 0x55eb41295b01 <unknown>\nE       #4 0x55eb412e3d54 <unknown>\nE       #5 0x55eb412bb40d <unknown>\nE       #6 0x55eb412e114f <unknown>\nE       #7 0x55eb412bb1b3 <unknown>\nE       #8 0x55eb4128759b <unknown>\nE       #9 0x55eb41288971 <unknown>\nE       #10 0x55eb4176925b <unknown>\nE       #11 0x55eb4176cfa9 <unknown>\nE       #12 0x55eb41750339 <unknown>\nE       #13 0x55eb4176db58 <unknown>\nE       #14 0x55eb41734c1f <unknown>\nE       #15 0x55eb41791118 <unknown>\nE       #16 0x55eb417912f6 <unknown>\nE       #17 0x55eb417a3066 <unknown>\nE       #18 0x7fe6eba9caa4 <unknown>\nE       #19 0x7fe6ebb29c3c <unknown>\n\n/opt/hostedtoolcache/Python/3.11.13/x64/lib/python3.11/site-packages/selenium/webdriver/support/wait.py:95: TimeoutException","flaky":false,"newFailed":false,"newBroken":false,"newPassed":false,"retriesCount":0,"retriesStatusChange":false,"beforeStages":[{"name":"_session_faker","time":{"start":1757207882561,"stop":1757207882623,"duration":62},"status":"passed","steps":[],"attachments":[],"parameters":[],"stepsCount":0,"shouldDisplayMessage":false,"attachmentsCount":0,"hasContent":false,"attachmentStep":false},{"name":"clear_allure_result_folder","time":{"start":1757207882623,"stop":1757207882623,"duration":0},"status":"passed","steps":[],"attachments":[],"parameters":[],"stepsCount":0,"shouldDisplayMessage":false,"attachmentsCount":0,"hasContent":false,"attachmentStep":false},{"name":"driver","time":{"start":1757209979357,"stop":1757209980604,"duration":1247},"status":"passed","steps":[],"attachments":[],"parameters":[],"stepsCount":0,"shouldDisplayMessage":false,"attachmentsCount":0,"hasContent":false,"attachmentStep":false},{"name":"sign_in_page","time":{"start":1757209980604,"stop":1757209980719,"duration":115},"status":"passed","steps":[{"name":"Open a browser","time":{"start":1757209980604,"stop":1757209980719,"duration":115},"status":"passed","steps":[],"attachments":[],"parameters":[],"stepsCount":0,"shouldDisplayMessage":false,"attachmentsCount":0,"hasContent":false,"attachmentStep":false}],"attachments":[],"parameters":[],"stepsCount":1,"shouldDisplayMessage":false,"attachmentsCount":0,"hasContent":true,"attachmentStep":false}],"testStage":{"description":"Check if Password field is appropriately labeled ","status":"broken","statusMessage":"selenium.common.exceptions.TimeoutException: Message: \nStacktrace:\n#0 0x55eb417a408a <unknown>\n#1 0x55eb41243a70 <unknown>\n#2 0x55eb41295907 <unknown>\n#3 0x55eb41295b01 <unknown>\n#4 0x55eb412e3d54 <unknown>\n#5 0x55eb412bb40d <unknown>\n#6 0x55eb412e114f <unknown>\n#7 0x55eb412bb1b3 <unknown>\n#8 0x55eb4128759b <unknown>\n#9 0x55eb41288971 <unknown>\n#10 0x55eb4176925b <unknown>\n#11 0x55eb4176cfa9 <unknown>\n#12 0x55eb41750339 <unknown>\n#13 0x55eb4176db58 <unknown>\n#14 0x55eb41734c1f <unknown>\n#15 0x55eb41791118 <unknown>\n#16 0x55eb417912f6 <unknown>\n#17 0x55eb417a3066 <unknown>\n#18 0x7fe6eba9caa4 <unknown>\n#19 0x7fe6ebb29c3c <unknown>","statusTrace":"self = <test_sign_in.TestRegisteredCustomers object at 0x7fa42dbbb8d0>\ndriver = <selenium.webdriver.chrome.webdriver.WebDriver (session=\"fb9e07984a6e200111516d3051227e7c\")>\nsign_in_page = <pages.sign_in_page.SignInPage object at 0x7fa42f058190>\n\n    @allure.title('TC 03.01.11 Verify Password field is appropriately labeled')\n    @allure.severity(allure.severity_level.NORMAL)\n    def test_03_01_11_password_is_appropriately_labeled(self, driver, sign_in_page):\n        \"\"\"Check if Password field is appropriately labeled \"\"\"\n>       label = sign_in_page.check_customer_password_label()\n\ntests/test_sign_in.py:111: \n_ _ _ _ _ _ _ _ _ _ _ _ _ _ _ _ _ _ _ _ _ _ _ _ _ _ _ _ _ _ _ _ _ _ _ _ _ _ _ _ \npages/sign_in_page.py:69: in check_customer_password_label\n    return self.element_is_visible(self.locators.CUSTOMER_PASSWORD_LABEL)\npages/base_page.py:30: in element_is_visible\n    self.go_to_element(self.element_is_present(locator))\npages/base_page.py:51: in element_is_present\n    return wait(self.driver, timeout).until(EC.presence_of_element_located(locator))\n_ _ _ _ _ _ _ _ _ _ _ _ _ _ _ _ _ _ _ _ _ _ _ _ _ _ _ _ _ _ _ _ _ _ _ _ _ _ _ _ \n\nself = <selenium.webdriver.support.wait.WebDriverWait (session=\"fb9e07984a6e200111516d3051227e7c\")>\nmethod = <function presence_of_element_located.<locals>._predicate at 0x7fa42f096de0>\nmessage = ''\n\n    def until(self, method, message: str = \"\"):\n        \"\"\"Calls the method provided with the driver as an argument until the \\\n        return value does not evaluate to ``False``.\n    \n        :param method: callable(WebDriver)\n        :param message: optional message for :exc:`TimeoutException`\n        :returns: the result of the last call to `method`\n        :raises: :exc:`selenium.common.exceptions.TimeoutException` if timeout occurs\n        \"\"\"\n        screen = None\n        stacktrace = None\n    \n        end_time = time.monotonic() + self._timeout\n        while True:\n            try:\n                value = method(self._driver)\n                if value:\n                    return value\n            except self._ignored_exceptions as exc:\n                screen = getattr(exc, \"screen\", None)\n                stacktrace = getattr(exc, \"stacktrace\", None)\n            time.sleep(self._poll)\n            if time.monotonic() > end_time:\n                break\n>       raise TimeoutException(message, screen, stacktrace)\nE       selenium.common.exceptions.TimeoutException: Message: \nE       Stacktrace:\nE       #0 0x55eb417a408a <unknown>\nE       #1 0x55eb41243a70 <unknown>\nE       #2 0x55eb41295907 <unknown>\nE       #3 0x55eb41295b01 <unknown>\nE       #4 0x55eb412e3d54 <unknown>\nE       #5 0x55eb412bb40d <unknown>\nE       #6 0x55eb412e114f <unknown>\nE       #7 0x55eb412bb1b3 <unknown>\nE       #8 0x55eb4128759b <unknown>\nE       #9 0x55eb41288971 <unknown>\nE       #10 0x55eb4176925b <unknown>\nE       #11 0x55eb4176cfa9 <unknown>\nE       #12 0x55eb41750339 <unknown>\nE       #13 0x55eb4176db58 <unknown>\nE       #14 0x55eb41734c1f <unknown>\nE       #15 0x55eb41791118 <unknown>\nE       #16 0x55eb417912f6 <unknown>\nE       #17 0x55eb417a3066 <unknown>\nE       #18 0x7fe6eba9caa4 <unknown>\nE       #19 0x7fe6ebb29c3c <unknown>\n\n/opt/hostedtoolcache/Python/3.11.13/x64/lib/python3.11/site-packages/selenium/webdriver/support/wait.py:95: TimeoutException","steps":[{"name":"Check Password label is visible","time":{"start":1757209980720,"stop":1757209985839,"duration":5119},"status":"broken","statusMessage":"selenium.common.exceptions.TimeoutException: Message: \nStacktrace:\n#0 0x55eb417a408a <unknown>\n#1 0x55eb41243a70 <unknown>\n#2 0x55eb41295907 <unknown>\n#3 0x55eb41295b01 <unknown>\n#4 0x55eb412e3d54 <unknown>\n#5 0x55eb412bb40d <unknown>\n#6 0x55eb412e114f <unknown>\n#7 0x55eb412bb1b3 <unknown>\n#8 0x55eb4128759b <unknown>\n#9 0x55eb41288971 <unknown>\n#10 0x55eb4176925b <unknown>\n#11 0x55eb4176cfa9 <unknown>\n#12 0x55eb41750339 <unknown>\n#13 0x55eb4176db58 <unknown>\n#14 0x55eb41734c1f <unknown>\n#15 0x55eb41791118 <unknown>\n#16 0x55eb417912f6 <unknown>\n#17 0x55eb417a3066 <unknown>\n#18 0x7fe6eba9caa4 <unknown>\n#19 0x7fe6ebb29c3c <unknown>\n\n","statusTrace":"  File \"/opt/hostedtoolcache/Python/3.11.13/x64/lib/python3.11/site-packages/allure_commons/_allure.py\", line 192, in impl\n    return func(*a, **kw)\n           ^^^^^^^^^^^^^^\n  File \"/home/runner/work/luma_project/luma_project/pages/sign_in_page.py\", line 69, in check_customer_password_label\n    return self.element_is_visible(self.locators.CUSTOMER_PASSWORD_LABEL)\n           ^^^^^^^^^^^^^^^^^^^^^^^^^^^^^^^^^^^^^^^^^^^^^^^^^^^^^^^^^^^^^^\n  File \"/opt/hostedtoolcache/Python/3.11.13/x64/lib/python3.11/site-packages/allure_commons/_allure.py\", line 192, in impl\n    return func(*a, **kw)\n           ^^^^^^^^^^^^^^\n  File \"/home/runner/work/luma_project/luma_project/pages/base_page.py\", line 30, in element_is_visible\n    self.go_to_element(self.element_is_present(locator))\n                       ^^^^^^^^^^^^^^^^^^^^^^^^^^^^^^^^\n  File \"/opt/hostedtoolcache/Python/3.11.13/x64/lib/python3.11/site-packages/allure_commons/_allure.py\", line 192, in impl\n    return func(*a, **kw)\n           ^^^^^^^^^^^^^^\n  File \"/home/runner/work/luma_project/luma_project/pages/base_page.py\", line 51, in element_is_present\n    return wait(self.driver, timeout).until(EC.presence_of_element_located(locator))\n           ^^^^^^^^^^^^^^^^^^^^^^^^^^^^^^^^^^^^^^^^^^^^^^^^^^^^^^^^^^^^^^^^^^^^^^^^^\n  File \"/opt/hostedtoolcache/Python/3.11.13/x64/lib/python3.11/site-packages/selenium/webdriver/support/wait.py\", line 95, in until\n    raise TimeoutException(message, screen, stacktrace)\n","steps":[{"name":"Find a visible element","time":{"start":1757209980720,"stop":1757209985839,"duration":5119},"status":"broken","statusMessage":"selenium.common.exceptions.TimeoutException: Message: \nStacktrace:\n#0 0x55eb417a408a <unknown>\n#1 0x55eb41243a70 <unknown>\n#2 0x55eb41295907 <unknown>\n#3 0x55eb41295b01 <unknown>\n#4 0x55eb412e3d54 <unknown>\n#5 0x55eb412bb40d <unknown>\n#6 0x55eb412e114f <unknown>\n#7 0x55eb412bb1b3 <unknown>\n#8 0x55eb4128759b <unknown>\n#9 0x55eb41288971 <unknown>\n#10 0x55eb4176925b <unknown>\n#11 0x55eb4176cfa9 <unknown>\n#12 0x55eb41750339 <unknown>\n#13 0x55eb4176db58 <unknown>\n#14 0x55eb41734c1f <unknown>\n#15 0x55eb41791118 <unknown>\n#16 0x55eb417912f6 <unknown>\n#17 0x55eb417a3066 <unknown>\n#18 0x7fe6eba9caa4 <unknown>\n#19 0x7fe6ebb29c3c <unknown>\n\n","statusTrace":"  File \"/opt/hostedtoolcache/Python/3.11.13/x64/lib/python3.11/site-packages/allure_commons/_allure.py\", line 192, in impl\n    return func(*a, **kw)\n           ^^^^^^^^^^^^^^\n  File \"/home/runner/work/luma_project/luma_project/pages/base_page.py\", line 30, in element_is_visible\n    self.go_to_element(self.element_is_present(locator))\n                       ^^^^^^^^^^^^^^^^^^^^^^^^^^^^^^^^\n  File \"/opt/hostedtoolcache/Python/3.11.13/x64/lib/python3.11/site-packages/allure_commons/_allure.py\", line 192, in impl\n    return func(*a, **kw)\n           ^^^^^^^^^^^^^^\n  File \"/home/runner/work/luma_project/luma_project/pages/base_page.py\", line 51, in element_is_present\n    return wait(self.driver, timeout).until(EC.presence_of_element_located(locator))\n           ^^^^^^^^^^^^^^^^^^^^^^^^^^^^^^^^^^^^^^^^^^^^^^^^^^^^^^^^^^^^^^^^^^^^^^^^^\n  File \"/opt/hostedtoolcache/Python/3.11.13/x64/lib/python3.11/site-packages/selenium/webdriver/support/wait.py\", line 95, in until\n    raise TimeoutException(message, screen, stacktrace)\n","steps":[{"name":"Find a present element","time":{"start":1757209980720,"stop":1757209985839,"duration":5119},"status":"broken","statusMessage":"selenium.common.exceptions.TimeoutException: Message: \nStacktrace:\n#0 0x55eb417a408a <unknown>\n#1 0x55eb41243a70 <unknown>\n#2 0x55eb41295907 <unknown>\n#3 0x55eb41295b01 <unknown>\n#4 0x55eb412e3d54 <unknown>\n#5 0x55eb412bb40d <unknown>\n#6 0x55eb412e114f <unknown>\n#7 0x55eb412bb1b3 <unknown>\n#8 0x55eb4128759b <unknown>\n#9 0x55eb41288971 <unknown>\n#10 0x55eb4176925b <unknown>\n#11 0x55eb4176cfa9 <unknown>\n#12 0x55eb41750339 <unknown>\n#13 0x55eb4176db58 <unknown>\n#14 0x55eb41734c1f <unknown>\n#15 0x55eb41791118 <unknown>\n#16 0x55eb417912f6 <unknown>\n#17 0x55eb417a3066 <unknown>\n#18 0x7fe6eba9caa4 <unknown>\n#19 0x7fe6ebb29c3c <unknown>\n\n","statusTrace":"  File \"/opt/hostedtoolcache/Python/3.11.13/x64/lib/python3.11/site-packages/allure_commons/_allure.py\", line 192, in impl\n    return func(*a, **kw)\n           ^^^^^^^^^^^^^^\n  File \"/home/runner/work/luma_project/luma_project/pages/base_page.py\", line 51, in element_is_present\n    return wait(self.driver, timeout).until(EC.presence_of_element_located(locator))\n           ^^^^^^^^^^^^^^^^^^^^^^^^^^^^^^^^^^^^^^^^^^^^^^^^^^^^^^^^^^^^^^^^^^^^^^^^^\n  File \"/opt/hostedtoolcache/Python/3.11.13/x64/lib/python3.11/site-packages/selenium/webdriver/support/wait.py\", line 95, in until\n    raise TimeoutException(message, screen, stacktrace)\n","steps":[],"attachments":[],"parameters":[{"name":"locator","value":"('css selector', \"label[for ='pass'] span\")"},{"name":"timeout","value":"5"}],"stepsCount":0,"shouldDisplayMessage":true,"attachmentsCount":0,"hasContent":true,"attachmentStep":false}],"attachments":[],"parameters":[{"name":"locator","value":"('css selector', \"label[for ='pass'] span\")"},{"name":"timeout","value":"10"}],"stepsCount":1,"shouldDisplayMessage":false,"attachmentsCount":0,"hasContent":true,"attachmentStep":false}],"attachments":[],"parameters":[],"stepsCount":2,"shouldDisplayMessage":false,"attachmentsCount":0,"hasContent":true,"attachmentStep":false}],"attachments":[{"uid":"dc2c24e465efff6","name":"Screenshot","source":"dc2c24e465efff6.png","type":"image/png","size":23875},{"uid":"6bceea6e74401b82","name":"HTML source","source":"6bceea6e74401b82.html","type":"text/html","size":786}],"parameters":[],"stepsCount":3,"shouldDisplayMessage":true,"attachmentsCount":2,"hasContent":true,"attachmentStep":false},"afterStages":[{"name":"driver::0","time":{"start":1757209985914,"stop":1757209985974,"duration":60},"status":"passed","steps":[],"attachments":[],"parameters":[],"stepsCount":0,"shouldDisplayMessage":false,"attachmentsCount":0,"hasContent":false,"attachmentStep":false},{"name":"clear_allure_result_folder::0","time":{"start":1757210329772,"stop":1757210329772,"duration":0},"status":"passed","steps":[],"attachments":[],"parameters":[],"stepsCount":0,"shouldDisplayMessage":false,"attachmentsCount":0,"hasContent":false,"attachmentStep":false}],"labels":[{"name":"epic","value":"Sign In Page"},{"name":"severity","value":"normal"},{"name":"feature","value":"Registered Customers"},{"name":"parentSuite","value":"tests"},{"name":"suite","value":"test_sign_in"},{"name":"subSuite","value":"TestRegisteredCustomers"},{"name":"host","value":"pkrvm7jw40e0xgp"},{"name":"thread","value":"2956-MainThread"},{"name":"framework","value":"pytest"},{"name":"language","value":"cpython3"},{"name":"package","value":"tests.test_sign_in"},{"name":"resultFormat","value":"allure2"}],"parameters":[],"links":[],"hidden":false,"retry":false,"extra":{"severity":"normal","retries":[],"categories":[{"name":"Test defects","matchedStatuses":[],"flaky":false}],"tags":[]},"source":"d8af967e4c7692df.json","parameterValues":[]}