{"uid":"16168241ccce8b80","name":"TC 13.02.03 - Check the link in section 2 block 2 'home-t-shirts' in the Promo Block leads to the correct page","fullName":"tests.test_main_page.TestPromoBlock#test_tc_13_02_03_check_section2_block2_link","historyId":"8276abc4c28a076413326f9f418f9d74","time":{"start":1759628508553,"stop":1759628513839,"duration":5286},"description":"Check that link in section 2 block 2 'home-t-shirts' is correct","descriptionHtml":"<p>Check that link in section 2 block 2 'home-t-shirts' is correct</p>\n","status":"broken","statusMessage":"selenium.common.exceptions.TimeoutException: Message: \nStacktrace:\n#0 0x558da13cdfba <unknown>\n#1 0x558da0e526d0 <unknown>\n#2 0x558da0ea42aa <unknown>\n#3 0x558da0ea4541 <unknown>\n#4 0x558da0ef26c4 <unknown>\n#5 0x558da0ec9e5d <unknown>\n#6 0x558da0eefb54 <unknown>\n#7 0x558da0ec9c03 <unknown>\n#8 0x558da0e967a8 <unknown>\n#9 0x558da0e97421 <unknown>\n#10 0x558da1392b28 <unknown>\n#11 0x558da139687f <unknown>\n#12 0x558da137ac49 <unknown>\n#13 0x558da1397405 <unknown>\n#14 0x558da13604ff <unknown>\n#15 0x558da13bb258 <unknown>\n#16 0x558da13bb432 <unknown>\n#17 0x558da13ccfa3 <unknown>\n#18 0x7faad189caa4 <unknown>\n#19 0x7faad1929c6c <unknown>","statusTrace":"self = <test_main_page.TestMainPage.TestPromoBlock object at 0x7f1b82d3d2d0>\ndriver = <selenium.webdriver.chrome.webdriver.WebDriver (session=\"abb883c4c1f0723e186244fe3232b81f\")>\n\n    @allure.title(\"TC 13.02.03 - Check the link in section 2 block 2 'home-t-shirts' in the Promo Block \"\n                  \"leads to the correct page\")\n    def test_tc_13_02_03_check_section2_block2_link(self, driver):\n        \"\"\"Check that link in section 2 block 2 'home-t-shirts' is correct\"\"\"\n        page = PromoBlock(driver, MAIN_PAGE_URL)\n        page.open()\n>       page.check_section2_block2_link()\n\ntests/test_main_page.py:712: \n_ _ _ _ _ _ _ _ _ _ _ _ _ _ _ _ _ _ _ _ _ _ _ _ _ _ _ _ _ _ _ _ _ _ _ _ _ _ _ _ \npages/main_page.py:386: in check_section2_block2_link\n    section2_block2 = self.element_is_visible(self.locators.SECTION_2_BLOCK_2)\npages/base_page.py:30: in element_is_visible\n    self.go_to_element(self.element_is_present(locator))\npages/base_page.py:51: in element_is_present\n    return wait(self.driver, timeout).until(EC.presence_of_element_located(locator))\n_ _ _ _ _ _ _ _ _ _ _ _ _ _ _ _ _ _ _ _ _ _ _ _ _ _ _ _ _ _ _ _ _ _ _ _ _ _ _ _ \n\nself = <selenium.webdriver.support.wait.WebDriverWait (session=\"abb883c4c1f0723e186244fe3232b81f\")>\nmethod = <function presence_of_element_located.<locals>._predicate at 0x7f1b82ece840>\nmessage = ''\n\n    def until(self, method, message: str = \"\"):\n        \"\"\"Calls the method provided with the driver as an argument until the \\\n        return value does not evaluate to ``False``.\n    \n        :param method: callable(WebDriver)\n        :param message: optional message for :exc:`TimeoutException`\n        :returns: the result of the last call to `method`\n        :raises: :exc:`selenium.common.exceptions.TimeoutException` if timeout occurs\n        \"\"\"\n        screen = None\n        stacktrace = None\n    \n        end_time = time.monotonic() + self._timeout\n        while True:\n            try:\n                value = method(self._driver)\n                if value:\n                    return value\n            except self._ignored_exceptions as exc:\n                screen = getattr(exc, \"screen\", None)\n                stacktrace = getattr(exc, \"stacktrace\", None)\n            time.sleep(self._poll)\n            if time.monotonic() > end_time:\n                break\n>       raise TimeoutException(message, screen, stacktrace)\nE       selenium.common.exceptions.TimeoutException: Message: \nE       Stacktrace:\nE       #0 0x558da13cdfba <unknown>\nE       #1 0x558da0e526d0 <unknown>\nE       #2 0x558da0ea42aa <unknown>\nE       #3 0x558da0ea4541 <unknown>\nE       #4 0x558da0ef26c4 <unknown>\nE       #5 0x558da0ec9e5d <unknown>\nE       #6 0x558da0eefb54 <unknown>\nE       #7 0x558da0ec9c03 <unknown>\nE       #8 0x558da0e967a8 <unknown>\nE       #9 0x558da0e97421 <unknown>\nE       #10 0x558da1392b28 <unknown>\nE       #11 0x558da139687f <unknown>\nE       #12 0x558da137ac49 <unknown>\nE       #13 0x558da1397405 <unknown>\nE       #14 0x558da13604ff <unknown>\nE       #15 0x558da13bb258 <unknown>\nE       #16 0x558da13bb432 <unknown>\nE       #17 0x558da13ccfa3 <unknown>\nE       #18 0x7faad189caa4 <unknown>\nE       #19 0x7faad1929c6c <unknown>\n\n/opt/hostedtoolcache/Python/3.11.13/x64/lib/python3.11/site-packages/selenium/webdriver/support/wait.py:95: TimeoutException","flaky":false,"newFailed":false,"newBroken":false,"newPassed":false,"retriesCount":0,"retriesStatusChange":false,"beforeStages":[{"name":"_session_faker","time":{"start":1759627177333,"stop":1759627177394,"duration":61},"status":"passed","steps":[],"attachments":[],"parameters":[],"stepsCount":0,"shouldDisplayMessage":false,"attachmentsCount":0,"hasContent":false,"attachmentStep":false},{"name":"clear_allure_result_folder","time":{"start":1759627177394,"stop":1759627177394,"duration":0},"status":"passed","steps":[],"attachments":[],"parameters":[],"stepsCount":0,"shouldDisplayMessage":false,"attachmentsCount":0,"hasContent":false,"attachmentStep":false},{"name":"driver","time":{"start":1759628507313,"stop":1759628508553,"duration":1240},"status":"passed","steps":[],"attachments":[],"parameters":[],"stepsCount":0,"shouldDisplayMessage":false,"attachmentsCount":0,"hasContent":false,"attachmentStep":false}],"testStage":{"description":"Check that link in section 2 block 2 'home-t-shirts' is correct","status":"broken","statusMessage":"selenium.common.exceptions.TimeoutException: Message: \nStacktrace:\n#0 0x558da13cdfba <unknown>\n#1 0x558da0e526d0 <unknown>\n#2 0x558da0ea42aa <unknown>\n#3 0x558da0ea4541 <unknown>\n#4 0x558da0ef26c4 <unknown>\n#5 0x558da0ec9e5d <unknown>\n#6 0x558da0eefb54 <unknown>\n#7 0x558da0ec9c03 <unknown>\n#8 0x558da0e967a8 <unknown>\n#9 0x558da0e97421 <unknown>\n#10 0x558da1392b28 <unknown>\n#11 0x558da139687f <unknown>\n#12 0x558da137ac49 <unknown>\n#13 0x558da1397405 <unknown>\n#14 0x558da13604ff <unknown>\n#15 0x558da13bb258 <unknown>\n#16 0x558da13bb432 <unknown>\n#17 0x558da13ccfa3 <unknown>\n#18 0x7faad189caa4 <unknown>\n#19 0x7faad1929c6c <unknown>","statusTrace":"self = <test_main_page.TestMainPage.TestPromoBlock object at 0x7f1b82d3d2d0>\ndriver = <selenium.webdriver.chrome.webdriver.WebDriver (session=\"abb883c4c1f0723e186244fe3232b81f\")>\n\n    @allure.title(\"TC 13.02.03 - Check the link in section 2 block 2 'home-t-shirts' in the Promo Block \"\n                  \"leads to the correct page\")\n    def test_tc_13_02_03_check_section2_block2_link(self, driver):\n        \"\"\"Check that link in section 2 block 2 'home-t-shirts' is correct\"\"\"\n        page = PromoBlock(driver, MAIN_PAGE_URL)\n        page.open()\n>       page.check_section2_block2_link()\n\ntests/test_main_page.py:712: \n_ _ _ _ _ _ _ _ _ _ _ _ _ _ _ _ _ _ _ _ _ _ _ _ _ _ _ _ _ _ _ _ _ _ _ _ _ _ _ _ \npages/main_page.py:386: in check_section2_block2_link\n    section2_block2 = self.element_is_visible(self.locators.SECTION_2_BLOCK_2)\npages/base_page.py:30: in element_is_visible\n    self.go_to_element(self.element_is_present(locator))\npages/base_page.py:51: in element_is_present\n    return wait(self.driver, timeout).until(EC.presence_of_element_located(locator))\n_ _ _ _ _ _ _ _ _ _ _ _ _ _ _ _ _ _ _ _ _ _ _ _ _ _ _ _ _ _ _ _ _ _ _ _ _ _ _ _ \n\nself = <selenium.webdriver.support.wait.WebDriverWait (session=\"abb883c4c1f0723e186244fe3232b81f\")>\nmethod = <function presence_of_element_located.<locals>._predicate at 0x7f1b82ece840>\nmessage = ''\n\n    def until(self, method, message: str = \"\"):\n        \"\"\"Calls the method provided with the driver as an argument until the \\\n        return value does not evaluate to ``False``.\n    \n        :param method: callable(WebDriver)\n        :param message: optional message for :exc:`TimeoutException`\n        :returns: the result of the last call to `method`\n        :raises: :exc:`selenium.common.exceptions.TimeoutException` if timeout occurs\n        \"\"\"\n        screen = None\n        stacktrace = None\n    \n        end_time = time.monotonic() + self._timeout\n        while True:\n            try:\n                value = method(self._driver)\n                if value:\n                    return value\n            except self._ignored_exceptions as exc:\n                screen = getattr(exc, \"screen\", None)\n                stacktrace = getattr(exc, \"stacktrace\", None)\n            time.sleep(self._poll)\n            if time.monotonic() > end_time:\n                break\n>       raise TimeoutException(message, screen, stacktrace)\nE       selenium.common.exceptions.TimeoutException: Message: \nE       Stacktrace:\nE       #0 0x558da13cdfba <unknown>\nE       #1 0x558da0e526d0 <unknown>\nE       #2 0x558da0ea42aa <unknown>\nE       #3 0x558da0ea4541 <unknown>\nE       #4 0x558da0ef26c4 <unknown>\nE       #5 0x558da0ec9e5d <unknown>\nE       #6 0x558da0eefb54 <unknown>\nE       #7 0x558da0ec9c03 <unknown>\nE       #8 0x558da0e967a8 <unknown>\nE       #9 0x558da0e97421 <unknown>\nE       #10 0x558da1392b28 <unknown>\nE       #11 0x558da139687f <unknown>\nE       #12 0x558da137ac49 <unknown>\nE       #13 0x558da1397405 <unknown>\nE       #14 0x558da13604ff <unknown>\nE       #15 0x558da13bb258 <unknown>\nE       #16 0x558da13bb432 <unknown>\nE       #17 0x558da13ccfa3 <unknown>\nE       #18 0x7faad189caa4 <unknown>\nE       #19 0x7faad1929c6c <unknown>\n\n/opt/hostedtoolcache/Python/3.11.13/x64/lib/python3.11/site-packages/selenium/webdriver/support/wait.py:95: TimeoutException","steps":[{"name":"Open a browser","time":{"start":1759628508554,"stop":1759628508742,"duration":188},"status":"passed","steps":[],"attachments":[],"parameters":[],"stepsCount":0,"shouldDisplayMessage":false,"attachmentsCount":0,"hasContent":false,"attachmentStep":false},{"name":"Check the link in section 2 block 2 'home-t-shirts' in the Promo Block leads to the correct page","time":{"start":1759628508742,"stop":1759628513839,"duration":5097},"status":"broken","statusMessage":"selenium.common.exceptions.TimeoutException: Message: \nStacktrace:\n#0 0x558da13cdfba <unknown>\n#1 0x558da0e526d0 <unknown>\n#2 0x558da0ea42aa <unknown>\n#3 0x558da0ea4541 <unknown>\n#4 0x558da0ef26c4 <unknown>\n#5 0x558da0ec9e5d <unknown>\n#6 0x558da0eefb54 <unknown>\n#7 0x558da0ec9c03 <unknown>\n#8 0x558da0e967a8 <unknown>\n#9 0x558da0e97421 <unknown>\n#10 0x558da1392b28 <unknown>\n#11 0x558da139687f <unknown>\n#12 0x558da137ac49 <unknown>\n#13 0x558da1397405 <unknown>\n#14 0x558da13604ff <unknown>\n#15 0x558da13bb258 <unknown>\n#16 0x558da13bb432 <unknown>\n#17 0x558da13ccfa3 <unknown>\n#18 0x7faad189caa4 <unknown>\n#19 0x7faad1929c6c <unknown>\n\n","statusTrace":"  File \"/opt/hostedtoolcache/Python/3.11.13/x64/lib/python3.11/site-packages/allure_commons/_allure.py\", line 192, in impl\n    return func(*a, **kw)\n           ^^^^^^^^^^^^^^\n  File \"/home/runner/work/luma_project/luma_project/pages/main_page.py\", line 386, in check_section2_block2_link\n    section2_block2 = self.element_is_visible(self.locators.SECTION_2_BLOCK_2)\n                      ^^^^^^^^^^^^^^^^^^^^^^^^^^^^^^^^^^^^^^^^^^^^^^^^^^^^^^^^\n  File \"/opt/hostedtoolcache/Python/3.11.13/x64/lib/python3.11/site-packages/allure_commons/_allure.py\", line 192, in impl\n    return func(*a, **kw)\n           ^^^^^^^^^^^^^^\n  File \"/home/runner/work/luma_project/luma_project/pages/base_page.py\", line 30, in element_is_visible\n    self.go_to_element(self.element_is_present(locator))\n                       ^^^^^^^^^^^^^^^^^^^^^^^^^^^^^^^^\n  File \"/opt/hostedtoolcache/Python/3.11.13/x64/lib/python3.11/site-packages/allure_commons/_allure.py\", line 192, in impl\n    return func(*a, **kw)\n           ^^^^^^^^^^^^^^\n  File \"/home/runner/work/luma_project/luma_project/pages/base_page.py\", line 51, in element_is_present\n    return wait(self.driver, timeout).until(EC.presence_of_element_located(locator))\n           ^^^^^^^^^^^^^^^^^^^^^^^^^^^^^^^^^^^^^^^^^^^^^^^^^^^^^^^^^^^^^^^^^^^^^^^^^\n  File \"/opt/hostedtoolcache/Python/3.11.13/x64/lib/python3.11/site-packages/selenium/webdriver/support/wait.py\", line 95, in until\n    raise TimeoutException(message, screen, stacktrace)\n","steps":[{"name":"Find a visible element","time":{"start":1759628508742,"stop":1759628513839,"duration":5097},"status":"broken","statusMessage":"selenium.common.exceptions.TimeoutException: Message: \nStacktrace:\n#0 0x558da13cdfba <unknown>\n#1 0x558da0e526d0 <unknown>\n#2 0x558da0ea42aa <unknown>\n#3 0x558da0ea4541 <unknown>\n#4 0x558da0ef26c4 <unknown>\n#5 0x558da0ec9e5d <unknown>\n#6 0x558da0eefb54 <unknown>\n#7 0x558da0ec9c03 <unknown>\n#8 0x558da0e967a8 <unknown>\n#9 0x558da0e97421 <unknown>\n#10 0x558da1392b28 <unknown>\n#11 0x558da139687f <unknown>\n#12 0x558da137ac49 <unknown>\n#13 0x558da1397405 <unknown>\n#14 0x558da13604ff <unknown>\n#15 0x558da13bb258 <unknown>\n#16 0x558da13bb432 <unknown>\n#17 0x558da13ccfa3 <unknown>\n#18 0x7faad189caa4 <unknown>\n#19 0x7faad1929c6c <unknown>\n\n","statusTrace":"  File \"/opt/hostedtoolcache/Python/3.11.13/x64/lib/python3.11/site-packages/allure_commons/_allure.py\", line 192, in impl\n    return func(*a, **kw)\n           ^^^^^^^^^^^^^^\n  File \"/home/runner/work/luma_project/luma_project/pages/base_page.py\", line 30, in element_is_visible\n    self.go_to_element(self.element_is_present(locator))\n                       ^^^^^^^^^^^^^^^^^^^^^^^^^^^^^^^^\n  File \"/opt/hostedtoolcache/Python/3.11.13/x64/lib/python3.11/site-packages/allure_commons/_allure.py\", line 192, in impl\n    return func(*a, **kw)\n           ^^^^^^^^^^^^^^\n  File \"/home/runner/work/luma_project/luma_project/pages/base_page.py\", line 51, in element_is_present\n    return wait(self.driver, timeout).until(EC.presence_of_element_located(locator))\n           ^^^^^^^^^^^^^^^^^^^^^^^^^^^^^^^^^^^^^^^^^^^^^^^^^^^^^^^^^^^^^^^^^^^^^^^^^\n  File \"/opt/hostedtoolcache/Python/3.11.13/x64/lib/python3.11/site-packages/selenium/webdriver/support/wait.py\", line 95, in until\n    raise TimeoutException(message, screen, stacktrace)\n","steps":[{"name":"Find a present element","time":{"start":1759628508742,"stop":1759628513838,"duration":5096},"status":"broken","statusMessage":"selenium.common.exceptions.TimeoutException: Message: \nStacktrace:\n#0 0x558da13cdfba <unknown>\n#1 0x558da0e526d0 <unknown>\n#2 0x558da0ea42aa <unknown>\n#3 0x558da0ea4541 <unknown>\n#4 0x558da0ef26c4 <unknown>\n#5 0x558da0ec9e5d <unknown>\n#6 0x558da0eefb54 <unknown>\n#7 0x558da0ec9c03 <unknown>\n#8 0x558da0e967a8 <unknown>\n#9 0x558da0e97421 <unknown>\n#10 0x558da1392b28 <unknown>\n#11 0x558da139687f <unknown>\n#12 0x558da137ac49 <unknown>\n#13 0x558da1397405 <unknown>\n#14 0x558da13604ff <unknown>\n#15 0x558da13bb258 <unknown>\n#16 0x558da13bb432 <unknown>\n#17 0x558da13ccfa3 <unknown>\n#18 0x7faad189caa4 <unknown>\n#19 0x7faad1929c6c <unknown>\n\n","statusTrace":"  File \"/opt/hostedtoolcache/Python/3.11.13/x64/lib/python3.11/site-packages/allure_commons/_allure.py\", line 192, in impl\n    return func(*a, **kw)\n           ^^^^^^^^^^^^^^\n  File \"/home/runner/work/luma_project/luma_project/pages/base_page.py\", line 51, in element_is_present\n    return wait(self.driver, timeout).until(EC.presence_of_element_located(locator))\n           ^^^^^^^^^^^^^^^^^^^^^^^^^^^^^^^^^^^^^^^^^^^^^^^^^^^^^^^^^^^^^^^^^^^^^^^^^\n  File \"/opt/hostedtoolcache/Python/3.11.13/x64/lib/python3.11/site-packages/selenium/webdriver/support/wait.py\", line 95, in until\n    raise TimeoutException(message, screen, stacktrace)\n","steps":[],"attachments":[],"parameters":[{"name":"locator","value":"('css selector', '.home-t-shirts')"},{"name":"timeout","value":"5"}],"stepsCount":0,"shouldDisplayMessage":true,"attachmentsCount":0,"hasContent":true,"attachmentStep":false}],"attachments":[],"parameters":[{"name":"locator","value":"('css selector', '.home-t-shirts')"},{"name":"timeout","value":"10"}],"stepsCount":1,"shouldDisplayMessage":false,"attachmentsCount":0,"hasContent":true,"attachmentStep":false}],"attachments":[],"parameters":[],"stepsCount":2,"shouldDisplayMessage":false,"attachmentsCount":0,"hasContent":true,"attachmentStep":false}],"attachments":[{"uid":"75fcda0427b59d05","name":"Screenshot","source":"75fcda0427b59d05.png","type":"image/png","size":23875},{"uid":"2e722dc7fd84d5ae","name":"HTML source","source":"2e722dc7fd84d5ae.html","type":"text/html","size":786}],"parameters":[],"stepsCount":4,"shouldDisplayMessage":true,"attachmentsCount":2,"hasContent":true,"attachmentStep":false},"afterStages":[{"name":"driver::0","time":{"start":1759628513915,"stop":1759628513975,"duration":60},"status":"passed","steps":[],"attachments":[],"parameters":[],"stepsCount":0,"shouldDisplayMessage":false,"attachmentsCount":0,"hasContent":false,"attachmentStep":false},{"name":"clear_allure_result_folder::0","time":{"start":1759629594520,"stop":1759629594520,"duration":0},"status":"passed","steps":[],"attachments":[],"parameters":[],"stepsCount":0,"shouldDisplayMessage":false,"attachmentsCount":0,"hasContent":false,"attachmentStep":false}],"labels":[{"name":"epic","value":"Main Page"},{"name":"feature","value":"Promo Block Testing"},{"name":"parentSuite","value":"tests"},{"name":"suite","value":"test_main_page"},{"name":"subSuite","value":"TestMainPage"},{"name":"host","value":"runnervmwhb2z"},{"name":"thread","value":"2943-MainThread"},{"name":"framework","value":"pytest"},{"name":"language","value":"cpython3"},{"name":"package","value":"tests.test_main_page"},{"name":"resultFormat","value":"allure2"}],"parameters":[],"links":[],"hidden":false,"retry":false,"extra":{"severity":"normal","retries":[],"categories":[{"name":"Test defects","matchedStatuses":[],"flaky":false}],"tags":[]},"source":"16168241ccce8b80.json","parameterValues":[]}