{"uid":"9cf5a26cad7f7585","name":"TC 03.02.02 to 03_02_10 Verify Error on Failed Login with invalid credentials","fullName":"tests.test_sign_in.TestFailedLogin#test_03_02_02_to_10_error_if_login_with_invalid_credentials","historyId":"3333058a43e38a67e1702af7603bd873","time":{"start":1701826425363,"stop":1701826425363,"duration":0},"description":"Check error on Failed Login with invalid credentials, case-sensitive password and password with spaces","descriptionHtml":"<p>Check error on Failed Login with invalid credentials, case-sensitive password and password with spaces</p>\n","status":"skipped","statusMessage":"Skipped: to be run with secret code for captcha","statusTrace":"('/home/runner/work/luma_project/luma_project/tests/test_sign_in.py', 267, 'Skipped: to be run with secret code for captcha')","flaky":false,"newFailed":false,"newBroken":false,"newPassed":false,"retriesCount":0,"retriesStatusChange":false,"beforeStages":[{"name":"_session_faker","time":{"start":1701825230396,"stop":1701825230463,"duration":67},"status":"passed","steps":[],"attachments":[],"parameters":[],"shouldDisplayMessage":false,"stepsCount":0,"attachmentsCount":0,"hasContent":false,"attachmentStep":false},{"name":"clear_allure_result_folder","time":{"start":1701825230464,"stop":1701825230464,"duration":0},"status":"passed","steps":[],"attachments":[],"parameters":[],"shouldDisplayMessage":false,"stepsCount":0,"attachmentsCount":0,"hasContent":false,"attachmentStep":false},{"name":"driver","time":{"start":1701826425366,"stop":1701826426324,"duration":958},"status":"passed","steps":[],"attachments":[],"parameters":[],"shouldDisplayMessage":false,"stepsCount":0,"attachmentsCount":0,"hasContent":false,"attachmentStep":false}],"afterStages":[{"name":"driver::0","time":{"start":1701826427048,"stop":1701826427113,"duration":65},"status":"passed","steps":[],"attachments":[],"parameters":[],"shouldDisplayMessage":false,"stepsCount":0,"attachmentsCount":0,"hasContent":false,"attachmentStep":false},{"name":"clear_allure_result_folder::0","time":{"start":1701826477065,"stop":1701826477065,"duration":0},"status":"passed","steps":[],"attachments":[],"parameters":[],"shouldDisplayMessage":false,"stepsCount":0,"attachmentsCount":0,"hasContent":false,"attachmentStep":false}],"labels":[{"name":"feature","value":"Login Functionality with captcha"},{"name":"tag","value":"@pytest.mark.xfail(raises=<class 'AssertionError'>)"},{"name":"tag","value":"@pytest.mark.skip(reason='to be run with secret code for captcha')"},{"name":"parentSuite","value":"tests"},{"name":"suite","value":"test_sign_in"},{"name":"subSuite","value":"TestFailedLogin"},{"name":"host","value":"fv-az1110-511"},{"name":"thread","value":"3016-MainThread"},{"name":"framework","value":"pytest"},{"name":"language","value":"cpython3"},{"name":"package","value":"tests.test_sign_in"},{"name":"resultFormat","value":"allure2"}],"parameters":[{"name":"email","value":"'teston120@mailinator.com'"},{"name":"password","value":"' Test#12p@ssword'"}],"links":[],"hidden":false,"retry":false,"extra":{"severity":"normal","retries":[],"categories":[],"history":{"statistic":{"failed":0,"broken":0,"skipped":4,"passed":0,"unknown":0,"total":4},"items":[{"uid":"92fdc7cde3c46c2f","reportUrl":"https://verafes.github.io/luma_project/149//#testresult/92fdc7cde3c46c2f","status":"skipped","statusDetails":"Skipped: to be run with secret code for captcha","time":{"start":1701740150950,"stop":1701740150950,"duration":0}},{"uid":"a28bfa207c35dcf5","reportUrl":"https://verafes.github.io/luma_project/148//#testresult/a28bfa207c35dcf5","status":"skipped","statusDetails":"Skipped: to be run with secret code for captcha","time":{"start":1701653739902,"stop":1701653739902,"duration":0}},{"uid":"fca435ecb897dca6","reportUrl":"https://verafes.github.io/luma_project/147//#testresult/fca435ecb897dca6","status":"skipped","statusDetails":"Skipped: to be run with secret code for captcha","time":{"start":1701567484494,"stop":1701567484494,"duration":0}}]},"tags":["@pytest.mark.skip(reason='to be run with secret code for captcha')","@pytest.mark.xfail(raises=<class 'AssertionError'>)"]},"source":"9cf5a26cad7f7585.json","parameterValues":["'teston120@mailinator.com'","' Test#12p@ssword'"]}