{"uid":"ea9273d35d432d2a","name":"TC 03.02.02 to 03_02_10 Verify Error on Failed Login with invalid credentials","fullName":"tests.test_sign_in.TestFailedLogin#test_03_02_02_to_10_error_if_login_with_invalid_credentials","historyId":"696b047bb5f6298fa4c944ee92db30be","time":{"start":1701826425364,"stop":1701826425364,"duration":0},"description":"Check error on Failed Login with invalid credentials, case-sensitive password and password with spaces","descriptionHtml":"<p>Check error on Failed Login with invalid credentials, case-sensitive password and password with spaces</p>\n","status":"skipped","statusMessage":"Skipped: to be run with secret code for captcha","statusTrace":"('/home/runner/work/luma_project/luma_project/tests/test_sign_in.py', 267, 'Skipped: to be run with secret code for captcha')","flaky":false,"newFailed":false,"newBroken":false,"newPassed":false,"retriesCount":0,"retriesStatusChange":false,"beforeStages":[{"name":"_session_faker","time":{"start":1701825230396,"stop":1701825230463,"duration":67},"status":"passed","steps":[],"attachments":[],"parameters":[],"shouldDisplayMessage":false,"stepsCount":0,"attachmentsCount":0,"hasContent":false,"attachmentStep":false},{"name":"clear_allure_result_folder","time":{"start":1701825230464,"stop":1701825230464,"duration":0},"status":"passed","steps":[],"attachments":[],"parameters":[],"shouldDisplayMessage":false,"stepsCount":0,"attachmentsCount":0,"hasContent":false,"attachmentStep":false},{"name":"driver","time":{"start":1701826425366,"stop":1701826426324,"duration":958},"status":"passed","steps":[],"attachments":[],"parameters":[],"shouldDisplayMessage":false,"stepsCount":0,"attachmentsCount":0,"hasContent":false,"attachmentStep":false}],"afterStages":[{"name":"driver::0","time":{"start":1701826427048,"stop":1701826427113,"duration":65},"status":"passed","steps":[],"attachments":[],"parameters":[],"shouldDisplayMessage":false,"stepsCount":0,"attachmentsCount":0,"hasContent":false,"attachmentStep":false},{"name":"clear_allure_result_folder::0","time":{"start":1701826477065,"stop":1701826477065,"duration":0},"status":"passed","steps":[],"attachments":[],"parameters":[],"shouldDisplayMessage":false,"stepsCount":0,"attachmentsCount":0,"hasContent":false,"attachmentStep":false}],"labels":[{"name":"feature","value":"Login Functionality with captcha"},{"name":"tag","value":"@pytest.mark.xfail(raises=<class 'AssertionError'>)"},{"name":"tag","value":"@pytest.mark.skip(reason='to be run with secret code for captcha')"},{"name":"parentSuite","value":"tests"},{"name":"suite","value":"test_sign_in"},{"name":"subSuite","value":"TestFailedLogin"},{"name":"host","value":"fv-az1110-511"},{"name":"thread","value":"3016-MainThread"},{"name":"framework","value":"pytest"},{"name":"language","value":"cpython3"},{"name":"package","value":"tests.test_sign_in"},{"name":"resultFormat","value":"allure2"}],"parameters":[{"name":"email","value":"'teston120@mailinator.com'"},{"name":"password","value":"'Test#12p@ssword '"}],"links":[],"hidden":false,"retry":false,"extra":{"severity":"normal","retries":[],"categories":[],"history":{"statistic":{"failed":0,"broken":0,"skipped":4,"passed":0,"unknown":0,"total":4},"items":[{"uid":"d714b4a624cf328a","reportUrl":"https://verafes.github.io/luma_project/149//#testresult/d714b4a624cf328a","status":"skipped","statusDetails":"Skipped: to be run with secret code for captcha","time":{"start":1701740150951,"stop":1701740150951,"duration":0}},{"uid":"601fe3e5ad95341f","reportUrl":"https://verafes.github.io/luma_project/148//#testresult/601fe3e5ad95341f","status":"skipped","statusDetails":"Skipped: to be run with secret code for captcha","time":{"start":1701653739903,"stop":1701653739903,"duration":0}},{"uid":"391454e2f62f3903","reportUrl":"https://verafes.github.io/luma_project/147//#testresult/391454e2f62f3903","status":"skipped","statusDetails":"Skipped: to be run with secret code for captcha","time":{"start":1701567484495,"stop":1701567484495,"duration":0}}]},"tags":["@pytest.mark.skip(reason='to be run with secret code for captcha')","@pytest.mark.xfail(raises=<class 'AssertionError'>)"]},"source":"ea9273d35d432d2a.json","parameterValues":["'teston120@mailinator.com'","'Test#12p@ssword '"]}