{"uid":"370391fd6182b35c","name":"test_tc_11_01_06","fullName":"tests.test_gear.TestGearPage#test_tc_11_01_06","historyId":"b8098dc3537ee0d8bdb2d927c33d05d5","time":{"start":1763861895032,"stop":1763861900275,"duration":5243},"description":"Check that watches is displayed and enabled","descriptionHtml":"<p>Check that watches is displayed and enabled</p>\n","status":"broken","statusMessage":"selenium.common.exceptions.TimeoutException: Message: \nStacktrace:\n#0 0x563e7536332a <unknown>\n#1 0x563e74dafe4b <unknown>\n#2 0x563e74e0282b <unknown>\n#3 0x563e74e02a61 <unknown>\n#4 0x563e74e51a44 <unknown>\n#5 0x563e74e4edf7 <unknown>\n#6 0x563e74df4c1a <unknown>\n#7 0x563e74df5921 <unknown>\n#8 0x563e7532a239 <unknown>\n#9 0x563e7532d1e8 <unknown>\n#10 0x563e753134c9 <unknown>\n#11 0x563e7532ddb5 <unknown>\n#12 0x563e752fae93 <unknown>\n#13 0x563e75350098 <unknown>\n#14 0x563e75350273 <unknown>\n#15 0x563e753622c3 <unknown>\n#16 0x7feeffc9caa4 <unknown>\n#17 0x7feeffd29c6c <unknown>","statusTrace":"self = <test_gear.TestGearPage object at 0x7f5f3eeb5b10>\ndriver = <selenium.webdriver.chrome.webdriver.WebDriver (session=\"7dc5b9dd5695693f1a85365614165a37\")>\n\n    def test_tc_11_01_06(self, driver):\n        \"\"\"Check that watches is displayed and enabled\"\"\"\n        page = GearPage(driver, GEAR_PAGE_URL)\n        page.open()\n>       watches = page.check_watches_element()\n\ntests/test_gear.py:49: \n_ _ _ _ _ _ _ _ _ _ _ _ _ _ _ _ _ _ _ _ _ _ _ _ _ _ _ _ _ _ _ _ _ _ _ _ _ _ _ _ \npages/gear_page_.py:38: in check_watches_element\n    watches = self.element_is_clickable(self.locators.WATCHES)\npages/base_page.py:81: in element_is_clickable\n    return wait(self.driver, timeout).until(EC.element_to_be_clickable(locator))\n_ _ _ _ _ _ _ _ _ _ _ _ _ _ _ _ _ _ _ _ _ _ _ _ _ _ _ _ _ _ _ _ _ _ _ _ _ _ _ _ \n\nself = <selenium.webdriver.support.wait.WebDriverWait (session=\"7dc5b9dd5695693f1a85365614165a37\")>\nmethod = <function element_to_be_clickable.<locals>._predicate at 0x7f5f3cf2ac00>\nmessage = ''\n\n    def until(self, method, message: str = \"\"):\n        \"\"\"Calls the method provided with the driver as an argument until the \\\n        return value does not evaluate to ``False``.\n    \n        :param method: callable(WebDriver)\n        :param message: optional message for :exc:`TimeoutException`\n        :returns: the result of the last call to `method`\n        :raises: :exc:`selenium.common.exceptions.TimeoutException` if timeout occurs\n        \"\"\"\n        screen = None\n        stacktrace = None\n    \n        end_time = time.monotonic() + self._timeout\n        while True:\n            try:\n                value = method(self._driver)\n                if value:\n                    return value\n            except self._ignored_exceptions as exc:\n                screen = getattr(exc, \"screen\", None)\n                stacktrace = getattr(exc, \"stacktrace\", None)\n            time.sleep(self._poll)\n            if time.monotonic() > end_time:\n                break\n>       raise TimeoutException(message, screen, stacktrace)\nE       selenium.common.exceptions.TimeoutException: Message: \nE       Stacktrace:\nE       #0 0x563e7536332a <unknown>\nE       #1 0x563e74dafe4b <unknown>\nE       #2 0x563e74e0282b <unknown>\nE       #3 0x563e74e02a61 <unknown>\nE       #4 0x563e74e51a44 <unknown>\nE       #5 0x563e74e4edf7 <unknown>\nE       #6 0x563e74df4c1a <unknown>\nE       #7 0x563e74df5921 <unknown>\nE       #8 0x563e7532a239 <unknown>\nE       #9 0x563e7532d1e8 <unknown>\nE       #10 0x563e753134c9 <unknown>\nE       #11 0x563e7532ddb5 <unknown>\nE       #12 0x563e752fae93 <unknown>\nE       #13 0x563e75350098 <unknown>\nE       #14 0x563e75350273 <unknown>\nE       #15 0x563e753622c3 <unknown>\nE       #16 0x7feeffc9caa4 <unknown>\nE       #17 0x7feeffd29c6c <unknown>\n\n/opt/hostedtoolcache/Python/3.11.14/x64/lib/python3.11/site-packages/selenium/webdriver/support/wait.py:95: TimeoutException","flaky":false,"newFailed":false,"newBroken":false,"newPassed":false,"retriesCount":0,"retriesStatusChange":false,"beforeStages":[{"name":"_session_faker","time":{"start":1763861320189,"stop":1763861320250,"duration":61},"status":"passed","steps":[],"attachments":[],"parameters":[],"stepsCount":0,"shouldDisplayMessage":false,"attachmentsCount":0,"hasContent":false,"attachmentStep":false},{"name":"clear_allure_result_folder","time":{"start":1763861320250,"stop":1763861320251,"duration":1},"status":"passed","steps":[],"attachments":[],"parameters":[],"stepsCount":0,"shouldDisplayMessage":false,"attachmentsCount":0,"hasContent":false,"attachmentStep":false},{"name":"driver","time":{"start":1763861893782,"stop":1763861895031,"duration":1249},"status":"passed","steps":[],"attachments":[],"parameters":[],"stepsCount":0,"shouldDisplayMessage":false,"attachmentsCount":0,"hasContent":false,"attachmentStep":false}],"testStage":{"description":"Check that watches is displayed and enabled","status":"broken","statusMessage":"selenium.common.exceptions.TimeoutException: Message: \nStacktrace:\n#0 0x563e7536332a <unknown>\n#1 0x563e74dafe4b <unknown>\n#2 0x563e74e0282b <unknown>\n#3 0x563e74e02a61 <unknown>\n#4 0x563e74e51a44 <unknown>\n#5 0x563e74e4edf7 <unknown>\n#6 0x563e74df4c1a <unknown>\n#7 0x563e74df5921 <unknown>\n#8 0x563e7532a239 <unknown>\n#9 0x563e7532d1e8 <unknown>\n#10 0x563e753134c9 <unknown>\n#11 0x563e7532ddb5 <unknown>\n#12 0x563e752fae93 <unknown>\n#13 0x563e75350098 <unknown>\n#14 0x563e75350273 <unknown>\n#15 0x563e753622c3 <unknown>\n#16 0x7feeffc9caa4 <unknown>\n#17 0x7feeffd29c6c <unknown>","statusTrace":"self = <test_gear.TestGearPage object at 0x7f5f3eeb5b10>\ndriver = <selenium.webdriver.chrome.webdriver.WebDriver (session=\"7dc5b9dd5695693f1a85365614165a37\")>\n\n    def test_tc_11_01_06(self, driver):\n        \"\"\"Check that watches is displayed and enabled\"\"\"\n        page = GearPage(driver, GEAR_PAGE_URL)\n        page.open()\n>       watches = page.check_watches_element()\n\ntests/test_gear.py:49: \n_ _ _ _ _ _ _ _ _ _ _ _ _ _ _ _ _ _ _ _ _ _ _ _ _ _ _ _ _ _ _ _ _ _ _ _ _ _ _ _ \npages/gear_page_.py:38: in check_watches_element\n    watches = self.element_is_clickable(self.locators.WATCHES)\npages/base_page.py:81: in element_is_clickable\n    return wait(self.driver, timeout).until(EC.element_to_be_clickable(locator))\n_ _ _ _ _ _ _ _ _ _ _ _ _ _ _ _ _ _ _ _ _ _ _ _ _ _ _ _ _ _ _ _ _ _ _ _ _ _ _ _ \n\nself = <selenium.webdriver.support.wait.WebDriverWait (session=\"7dc5b9dd5695693f1a85365614165a37\")>\nmethod = <function element_to_be_clickable.<locals>._predicate at 0x7f5f3cf2ac00>\nmessage = ''\n\n    def until(self, method, message: str = \"\"):\n        \"\"\"Calls the method provided with the driver as an argument until the \\\n        return value does not evaluate to ``False``.\n    \n        :param method: callable(WebDriver)\n        :param message: optional message for :exc:`TimeoutException`\n        :returns: the result of the last call to `method`\n        :raises: :exc:`selenium.common.exceptions.TimeoutException` if timeout occurs\n        \"\"\"\n        screen = None\n        stacktrace = None\n    \n        end_time = time.monotonic() + self._timeout\n        while True:\n            try:\n                value = method(self._driver)\n                if value:\n                    return value\n            except self._ignored_exceptions as exc:\n                screen = getattr(exc, \"screen\", None)\n                stacktrace = getattr(exc, \"stacktrace\", None)\n            time.sleep(self._poll)\n            if time.monotonic() > end_time:\n                break\n>       raise TimeoutException(message, screen, stacktrace)\nE       selenium.common.exceptions.TimeoutException: Message: \nE       Stacktrace:\nE       #0 0x563e7536332a <unknown>\nE       #1 0x563e74dafe4b <unknown>\nE       #2 0x563e74e0282b <unknown>\nE       #3 0x563e74e02a61 <unknown>\nE       #4 0x563e74e51a44 <unknown>\nE       #5 0x563e74e4edf7 <unknown>\nE       #6 0x563e74df4c1a <unknown>\nE       #7 0x563e74df5921 <unknown>\nE       #8 0x563e7532a239 <unknown>\nE       #9 0x563e7532d1e8 <unknown>\nE       #10 0x563e753134c9 <unknown>\nE       #11 0x563e7532ddb5 <unknown>\nE       #12 0x563e752fae93 <unknown>\nE       #13 0x563e75350098 <unknown>\nE       #14 0x563e75350273 <unknown>\nE       #15 0x563e753622c3 <unknown>\nE       #16 0x7feeffc9caa4 <unknown>\nE       #17 0x7feeffd29c6c <unknown>\n\n/opt/hostedtoolcache/Python/3.11.14/x64/lib/python3.11/site-packages/selenium/webdriver/support/wait.py:95: TimeoutException","steps":[{"name":"Open a browser","time":{"start":1763861895032,"stop":1763861895170,"duration":138},"status":"passed","steps":[],"attachments":[],"parameters":[],"stepsCount":0,"shouldDisplayMessage":false,"attachmentsCount":0,"hasContent":false,"attachmentStep":false},{"name":"Find clickable elements","time":{"start":1763861895170,"stop":1763861900275,"duration":5105},"status":"broken","statusMessage":"selenium.common.exceptions.TimeoutException: Message: \nStacktrace:\n#0 0x563e7536332a <unknown>\n#1 0x563e74dafe4b <unknown>\n#2 0x563e74e0282b <unknown>\n#3 0x563e74e02a61 <unknown>\n#4 0x563e74e51a44 <unknown>\n#5 0x563e74e4edf7 <unknown>\n#6 0x563e74df4c1a <unknown>\n#7 0x563e74df5921 <unknown>\n#8 0x563e7532a239 <unknown>\n#9 0x563e7532d1e8 <unknown>\n#10 0x563e753134c9 <unknown>\n#11 0x563e7532ddb5 <unknown>\n#12 0x563e752fae93 <unknown>\n#13 0x563e75350098 <unknown>\n#14 0x563e75350273 <unknown>\n#15 0x563e753622c3 <unknown>\n#16 0x7feeffc9caa4 <unknown>\n#17 0x7feeffd29c6c <unknown>\n\n","statusTrace":"  File \"/opt/hostedtoolcache/Python/3.11.14/x64/lib/python3.11/site-packages/allure_commons/_allure.py\", line 192, in impl\n    return func(*a, **kw)\n           ^^^^^^^^^^^^^^\n  File \"/home/runner/work/luma_project/luma_project/pages/base_page.py\", line 81, in element_is_clickable\n    return wait(self.driver, timeout).until(EC.element_to_be_clickable(locator))\n           ^^^^^^^^^^^^^^^^^^^^^^^^^^^^^^^^^^^^^^^^^^^^^^^^^^^^^^^^^^^^^^^^^^^^^\n  File \"/opt/hostedtoolcache/Python/3.11.14/x64/lib/python3.11/site-packages/selenium/webdriver/support/wait.py\", line 95, in until\n    raise TimeoutException(message, screen, stacktrace)\n","steps":[],"attachments":[],"parameters":[{"name":"locator","value":"('xpath', \"//dl[@id='narrow-by-list2']//a[text()='Watches']\")"},{"name":"timeout","value":"5"}],"stepsCount":0,"shouldDisplayMessage":true,"attachmentsCount":0,"hasContent":true,"attachmentStep":false}],"attachments":[{"uid":"fde57442b8fdb609","name":"Screenshot","source":"fde57442b8fdb609.png","type":"image/png","size":23875},{"uid":"8ae8547d617b2f35","name":"HTML source","source":"8ae8547d617b2f35.html","type":"text/html","size":1433}],"parameters":[],"stepsCount":2,"shouldDisplayMessage":true,"attachmentsCount":2,"hasContent":true,"attachmentStep":false},"afterStages":[{"name":"driver::0","time":{"start":1763861900335,"stop":1763861900395,"duration":60},"status":"passed","steps":[],"attachments":[],"parameters":[],"stepsCount":0,"shouldDisplayMessage":false,"attachmentsCount":0,"hasContent":false,"attachmentStep":false},{"name":"clear_allure_result_folder::0","time":{"start":1763863720556,"stop":1763863720556,"duration":0},"status":"passed","steps":[],"attachments":[],"parameters":[],"stepsCount":0,"shouldDisplayMessage":false,"attachmentsCount":0,"hasContent":false,"attachmentStep":false}],"labels":[{"name":"parentSuite","value":"tests"},{"name":"suite","value":"test_gear"},{"name":"subSuite","value":"TestGearPage"},{"name":"host","value":"runnervmg1sw1"},{"name":"thread","value":"2964-MainThread"},{"name":"framework","value":"pytest"},{"name":"language","value":"cpython3"},{"name":"package","value":"tests.test_gear"},{"name":"resultFormat","value":"allure2"}],"parameters":[],"links":[],"hidden":false,"retry":false,"extra":{"severity":"normal","retries":[],"categories":[{"name":"Test defects","matchedStatuses":[],"flaky":false}],"tags":[]},"source":"370391fd6182b35c.json","parameterValues":[]}