{"uid":"8bbeb0dbc95affe4","name":"TC 16.01.03 Verify Sidebar title Video Download is visible and contains text 'Video Download'","fullName":"tests.test_training.TestTrainingSidebar#test_tc_16_01_03_check_sidebar_video_download_title","historyId":"8f7b8593a3c286dc866848aa8c14bb94","time":{"start":1763863607320,"stop":1763863612421,"duration":5101},"description":"Check Sidebar Video Download title has correct text and is visible","descriptionHtml":"<p>Check Sidebar Video Download title has correct text and is visible</p>\n","status":"broken","statusMessage":"selenium.common.exceptions.TimeoutException: Message: \nStacktrace:\n#0 0x5648b83ff32a <unknown>\n#1 0x5648b7e4be4b <unknown>\n#2 0x5648b7e9e82b <unknown>\n#3 0x5648b7e9ea61 <unknown>\n#4 0x5648b7eeda44 <unknown>\n#5 0x5648b7eeadf7 <unknown>\n#6 0x5648b7e90c1a <unknown>\n#7 0x5648b7e91921 <unknown>\n#8 0x5648b83c6239 <unknown>\n#9 0x5648b83c91e8 <unknown>\n#10 0x5648b83af4c9 <unknown>\n#11 0x5648b83c9db5 <unknown>\n#12 0x5648b8396e93 <unknown>\n#13 0x5648b83ec098 <unknown>\n#14 0x5648b83ec273 <unknown>\n#15 0x5648b83fe2c3 <unknown>\n#16 0x7fd4ca89caa4 <unknown>\n#17 0x7fd4ca929c6c <unknown>","statusTrace":"self = <test_training.TestMainPage.TestTrainingSidebar object at 0x7f5f3ce3e190>\ntraining_page = <pages.training_page.TrainingPage object at 0x7f5f3e329950>\n\n    @allure.title(\"TC 16.01.03 Verify Sidebar title Video Download is visible and contains text 'Video Download'\")\n    def test_tc_16_01_03_check_sidebar_video_download_title(self, training_page):\n        \"\"\"Check Sidebar Video Download title has correct text and is visible\"\"\"\n>       title = training_page.check_sidebar_panel_video_download()\n\ntests/test_training.py:36: \n_ _ _ _ _ _ _ _ _ _ _ _ _ _ _ _ _ _ _ _ _ _ _ _ _ _ _ _ _ _ _ _ _ _ _ _ _ _ _ _ \npages/training_page.py:28: in check_sidebar_panel_video_download\n    video_download = self.element_is_visible(self.locators.VIDEO_DOWNLOAD)\npages/base_page.py:30: in element_is_visible\n    self.go_to_element(self.element_is_present(locator))\npages/base_page.py:51: in element_is_present\n    return wait(self.driver, timeout).until(EC.presence_of_element_located(locator))\n_ _ _ _ _ _ _ _ _ _ _ _ _ _ _ _ _ _ _ _ _ _ _ _ _ _ _ _ _ _ _ _ _ _ _ _ _ _ _ _ \n\nself = <selenium.webdriver.support.wait.WebDriverWait (session=\"d31d8ac51824935e8630296c32a2e241\")>\nmethod = <function presence_of_element_located.<locals>._predicate at 0x7f5f3def7ce0>\nmessage = ''\n\n    def until(self, method, message: str = \"\"):\n        \"\"\"Calls the method provided with the driver as an argument until the \\\n        return value does not evaluate to ``False``.\n    \n        :param method: callable(WebDriver)\n        :param message: optional message for :exc:`TimeoutException`\n        :returns: the result of the last call to `method`\n        :raises: :exc:`selenium.common.exceptions.TimeoutException` if timeout occurs\n        \"\"\"\n        screen = None\n        stacktrace = None\n    \n        end_time = time.monotonic() + self._timeout\n        while True:\n            try:\n                value = method(self._driver)\n                if value:\n                    return value\n            except self._ignored_exceptions as exc:\n                screen = getattr(exc, \"screen\", None)\n                stacktrace = getattr(exc, \"stacktrace\", None)\n            time.sleep(self._poll)\n            if time.monotonic() > end_time:\n                break\n>       raise TimeoutException(message, screen, stacktrace)\nE       selenium.common.exceptions.TimeoutException: Message: \nE       Stacktrace:\nE       #0 0x5648b83ff32a <unknown>\nE       #1 0x5648b7e4be4b <unknown>\nE       #2 0x5648b7e9e82b <unknown>\nE       #3 0x5648b7e9ea61 <unknown>\nE       #4 0x5648b7eeda44 <unknown>\nE       #5 0x5648b7eeadf7 <unknown>\nE       #6 0x5648b7e90c1a <unknown>\nE       #7 0x5648b7e91921 <unknown>\nE       #8 0x5648b83c6239 <unknown>\nE       #9 0x5648b83c91e8 <unknown>\nE       #10 0x5648b83af4c9 <unknown>\nE       #11 0x5648b83c9db5 <unknown>\nE       #12 0x5648b8396e93 <unknown>\nE       #13 0x5648b83ec098 <unknown>\nE       #14 0x5648b83ec273 <unknown>\nE       #15 0x5648b83fe2c3 <unknown>\nE       #16 0x7fd4ca89caa4 <unknown>\nE       #17 0x7fd4ca929c6c <unknown>\n\n/opt/hostedtoolcache/Python/3.11.14/x64/lib/python3.11/site-packages/selenium/webdriver/support/wait.py:95: TimeoutException","flaky":false,"newFailed":false,"newBroken":false,"newPassed":false,"retriesCount":0,"retriesStatusChange":false,"beforeStages":[{"name":"_session_faker","time":{"start":1763861320189,"stop":1763861320250,"duration":61},"status":"passed","steps":[],"attachments":[],"parameters":[],"stepsCount":0,"shouldDisplayMessage":false,"attachmentsCount":0,"hasContent":false,"attachmentStep":false},{"name":"clear_allure_result_folder","time":{"start":1763861320250,"stop":1763861320251,"duration":1},"status":"passed","steps":[],"attachments":[],"parameters":[],"stepsCount":0,"shouldDisplayMessage":false,"attachmentsCount":0,"hasContent":false,"attachmentStep":false},{"name":"driver","time":{"start":1763863605933,"stop":1763863607178,"duration":1245},"status":"passed","steps":[],"attachments":[],"parameters":[],"stepsCount":0,"shouldDisplayMessage":false,"attachmentsCount":0,"hasContent":false,"attachmentStep":false},{"name":"training_page","time":{"start":1763863607178,"stop":1763863607319,"duration":141},"status":"passed","steps":[{"name":"Open a browser","time":{"start":1763863607178,"stop":1763863607319,"duration":141},"status":"passed","steps":[],"attachments":[],"parameters":[],"stepsCount":0,"shouldDisplayMessage":false,"attachmentsCount":0,"hasContent":false,"attachmentStep":false}],"attachments":[],"parameters":[],"stepsCount":1,"shouldDisplayMessage":false,"attachmentsCount":0,"hasContent":true,"attachmentStep":false}],"testStage":{"description":"Check Sidebar Video Download title has correct text and is visible","status":"broken","statusMessage":"selenium.common.exceptions.TimeoutException: Message: \nStacktrace:\n#0 0x5648b83ff32a <unknown>\n#1 0x5648b7e4be4b <unknown>\n#2 0x5648b7e9e82b <unknown>\n#3 0x5648b7e9ea61 <unknown>\n#4 0x5648b7eeda44 <unknown>\n#5 0x5648b7eeadf7 <unknown>\n#6 0x5648b7e90c1a <unknown>\n#7 0x5648b7e91921 <unknown>\n#8 0x5648b83c6239 <unknown>\n#9 0x5648b83c91e8 <unknown>\n#10 0x5648b83af4c9 <unknown>\n#11 0x5648b83c9db5 <unknown>\n#12 0x5648b8396e93 <unknown>\n#13 0x5648b83ec098 <unknown>\n#14 0x5648b83ec273 <unknown>\n#15 0x5648b83fe2c3 <unknown>\n#16 0x7fd4ca89caa4 <unknown>\n#17 0x7fd4ca929c6c <unknown>","statusTrace":"self = <test_training.TestMainPage.TestTrainingSidebar object at 0x7f5f3ce3e190>\ntraining_page = <pages.training_page.TrainingPage object at 0x7f5f3e329950>\n\n    @allure.title(\"TC 16.01.03 Verify Sidebar title Video Download is visible and contains text 'Video Download'\")\n    def test_tc_16_01_03_check_sidebar_video_download_title(self, training_page):\n        \"\"\"Check Sidebar Video Download title has correct text and is visible\"\"\"\n>       title = training_page.check_sidebar_panel_video_download()\n\ntests/test_training.py:36: \n_ _ _ _ _ _ _ _ _ _ _ _ _ _ _ _ _ _ _ _ _ _ _ _ _ _ _ _ _ _ _ _ _ _ _ _ _ _ _ _ \npages/training_page.py:28: in check_sidebar_panel_video_download\n    video_download = self.element_is_visible(self.locators.VIDEO_DOWNLOAD)\npages/base_page.py:30: in element_is_visible\n    self.go_to_element(self.element_is_present(locator))\npages/base_page.py:51: in element_is_present\n    return wait(self.driver, timeout).until(EC.presence_of_element_located(locator))\n_ _ _ _ _ _ _ _ _ _ _ _ _ _ _ _ _ _ _ _ _ _ _ _ _ _ _ _ _ _ _ _ _ _ _ _ _ _ _ _ \n\nself = <selenium.webdriver.support.wait.WebDriverWait (session=\"d31d8ac51824935e8630296c32a2e241\")>\nmethod = <function presence_of_element_located.<locals>._predicate at 0x7f5f3def7ce0>\nmessage = ''\n\n    def until(self, method, message: str = \"\"):\n        \"\"\"Calls the method provided with the driver as an argument until the \\\n        return value does not evaluate to ``False``.\n    \n        :param method: callable(WebDriver)\n        :param message: optional message for :exc:`TimeoutException`\n        :returns: the result of the last call to `method`\n        :raises: :exc:`selenium.common.exceptions.TimeoutException` if timeout occurs\n        \"\"\"\n        screen = None\n        stacktrace = None\n    \n        end_time = time.monotonic() + self._timeout\n        while True:\n            try:\n                value = method(self._driver)\n                if value:\n                    return value\n            except self._ignored_exceptions as exc:\n                screen = getattr(exc, \"screen\", None)\n                stacktrace = getattr(exc, \"stacktrace\", None)\n            time.sleep(self._poll)\n            if time.monotonic() > end_time:\n                break\n>       raise TimeoutException(message, screen, stacktrace)\nE       selenium.common.exceptions.TimeoutException: Message: \nE       Stacktrace:\nE       #0 0x5648b83ff32a <unknown>\nE       #1 0x5648b7e4be4b <unknown>\nE       #2 0x5648b7e9e82b <unknown>\nE       #3 0x5648b7e9ea61 <unknown>\nE       #4 0x5648b7eeda44 <unknown>\nE       #5 0x5648b7eeadf7 <unknown>\nE       #6 0x5648b7e90c1a <unknown>\nE       #7 0x5648b7e91921 <unknown>\nE       #8 0x5648b83c6239 <unknown>\nE       #9 0x5648b83c91e8 <unknown>\nE       #10 0x5648b83af4c9 <unknown>\nE       #11 0x5648b83c9db5 <unknown>\nE       #12 0x5648b8396e93 <unknown>\nE       #13 0x5648b83ec098 <unknown>\nE       #14 0x5648b83ec273 <unknown>\nE       #15 0x5648b83fe2c3 <unknown>\nE       #16 0x7fd4ca89caa4 <unknown>\nE       #17 0x7fd4ca929c6c <unknown>\n\n/opt/hostedtoolcache/Python/3.11.14/x64/lib/python3.11/site-packages/selenium/webdriver/support/wait.py:95: TimeoutException","steps":[{"name":"Check the Sidebar Video Download is visible and contains text \"Video Download\"","time":{"start":1763863607320,"stop":1763863612421,"duration":5101},"status":"broken","statusMessage":"selenium.common.exceptions.TimeoutException: Message: \nStacktrace:\n#0 0x5648b83ff32a <unknown>\n#1 0x5648b7e4be4b <unknown>\n#2 0x5648b7e9e82b <unknown>\n#3 0x5648b7e9ea61 <unknown>\n#4 0x5648b7eeda44 <unknown>\n#5 0x5648b7eeadf7 <unknown>\n#6 0x5648b7e90c1a <unknown>\n#7 0x5648b7e91921 <unknown>\n#8 0x5648b83c6239 <unknown>\n#9 0x5648b83c91e8 <unknown>\n#10 0x5648b83af4c9 <unknown>\n#11 0x5648b83c9db5 <unknown>\n#12 0x5648b8396e93 <unknown>\n#13 0x5648b83ec098 <unknown>\n#14 0x5648b83ec273 <unknown>\n#15 0x5648b83fe2c3 <unknown>\n#16 0x7fd4ca89caa4 <unknown>\n#17 0x7fd4ca929c6c <unknown>\n\n","statusTrace":"  File \"/opt/hostedtoolcache/Python/3.11.14/x64/lib/python3.11/site-packages/allure_commons/_allure.py\", line 192, in impl\n    return func(*a, **kw)\n           ^^^^^^^^^^^^^^\n  File \"/home/runner/work/luma_project/luma_project/pages/training_page.py\", line 28, in check_sidebar_panel_video_download\n    video_download = self.element_is_visible(self.locators.VIDEO_DOWNLOAD)\n                     ^^^^^^^^^^^^^^^^^^^^^^^^^^^^^^^^^^^^^^^^^^^^^^^^^^^^^\n  File \"/opt/hostedtoolcache/Python/3.11.14/x64/lib/python3.11/site-packages/allure_commons/_allure.py\", line 192, in impl\n    return func(*a, **kw)\n           ^^^^^^^^^^^^^^\n  File \"/home/runner/work/luma_project/luma_project/pages/base_page.py\", line 30, in element_is_visible\n    self.go_to_element(self.element_is_present(locator))\n                       ^^^^^^^^^^^^^^^^^^^^^^^^^^^^^^^^\n  File \"/opt/hostedtoolcache/Python/3.11.14/x64/lib/python3.11/site-packages/allure_commons/_allure.py\", line 192, in impl\n    return func(*a, **kw)\n           ^^^^^^^^^^^^^^\n  File \"/home/runner/work/luma_project/luma_project/pages/base_page.py\", line 51, in element_is_present\n    return wait(self.driver, timeout).until(EC.presence_of_element_located(locator))\n           ^^^^^^^^^^^^^^^^^^^^^^^^^^^^^^^^^^^^^^^^^^^^^^^^^^^^^^^^^^^^^^^^^^^^^^^^^\n  File \"/opt/hostedtoolcache/Python/3.11.14/x64/lib/python3.11/site-packages/selenium/webdriver/support/wait.py\", line 95, in until\n    raise TimeoutException(message, screen, stacktrace)\n","steps":[{"name":"Find a visible element","time":{"start":1763863607320,"stop":1763863612421,"duration":5101},"status":"broken","statusMessage":"selenium.common.exceptions.TimeoutException: Message: \nStacktrace:\n#0 0x5648b83ff32a <unknown>\n#1 0x5648b7e4be4b <unknown>\n#2 0x5648b7e9e82b <unknown>\n#3 0x5648b7e9ea61 <unknown>\n#4 0x5648b7eeda44 <unknown>\n#5 0x5648b7eeadf7 <unknown>\n#6 0x5648b7e90c1a <unknown>\n#7 0x5648b7e91921 <unknown>\n#8 0x5648b83c6239 <unknown>\n#9 0x5648b83c91e8 <unknown>\n#10 0x5648b83af4c9 <unknown>\n#11 0x5648b83c9db5 <unknown>\n#12 0x5648b8396e93 <unknown>\n#13 0x5648b83ec098 <unknown>\n#14 0x5648b83ec273 <unknown>\n#15 0x5648b83fe2c3 <unknown>\n#16 0x7fd4ca89caa4 <unknown>\n#17 0x7fd4ca929c6c <unknown>\n\n","statusTrace":"  File \"/opt/hostedtoolcache/Python/3.11.14/x64/lib/python3.11/site-packages/allure_commons/_allure.py\", line 192, in impl\n    return func(*a, **kw)\n           ^^^^^^^^^^^^^^\n  File \"/home/runner/work/luma_project/luma_project/pages/base_page.py\", line 30, in element_is_visible\n    self.go_to_element(self.element_is_present(locator))\n                       ^^^^^^^^^^^^^^^^^^^^^^^^^^^^^^^^\n  File \"/opt/hostedtoolcache/Python/3.11.14/x64/lib/python3.11/site-packages/allure_commons/_allure.py\", line 192, in impl\n    return func(*a, **kw)\n           ^^^^^^^^^^^^^^\n  File \"/home/runner/work/luma_project/luma_project/pages/base_page.py\", line 51, in element_is_present\n    return wait(self.driver, timeout).until(EC.presence_of_element_located(locator))\n           ^^^^^^^^^^^^^^^^^^^^^^^^^^^^^^^^^^^^^^^^^^^^^^^^^^^^^^^^^^^^^^^^^^^^^^^^^\n  File \"/opt/hostedtoolcache/Python/3.11.14/x64/lib/python3.11/site-packages/selenium/webdriver/support/wait.py\", line 95, in until\n    raise TimeoutException(message, screen, stacktrace)\n","steps":[{"name":"Find a present element","time":{"start":1763863607320,"stop":1763863612420,"duration":5100},"status":"broken","statusMessage":"selenium.common.exceptions.TimeoutException: Message: \nStacktrace:\n#0 0x5648b83ff32a <unknown>\n#1 0x5648b7e4be4b <unknown>\n#2 0x5648b7e9e82b <unknown>\n#3 0x5648b7e9ea61 <unknown>\n#4 0x5648b7eeda44 <unknown>\n#5 0x5648b7eeadf7 <unknown>\n#6 0x5648b7e90c1a <unknown>\n#7 0x5648b7e91921 <unknown>\n#8 0x5648b83c6239 <unknown>\n#9 0x5648b83c91e8 <unknown>\n#10 0x5648b83af4c9 <unknown>\n#11 0x5648b83c9db5 <unknown>\n#12 0x5648b8396e93 <unknown>\n#13 0x5648b83ec098 <unknown>\n#14 0x5648b83ec273 <unknown>\n#15 0x5648b83fe2c3 <unknown>\n#16 0x7fd4ca89caa4 <unknown>\n#17 0x7fd4ca929c6c <unknown>\n\n","statusTrace":"  File \"/opt/hostedtoolcache/Python/3.11.14/x64/lib/python3.11/site-packages/allure_commons/_allure.py\", line 192, in impl\n    return func(*a, **kw)\n           ^^^^^^^^^^^^^^\n  File \"/home/runner/work/luma_project/luma_project/pages/base_page.py\", line 51, in element_is_present\n    return wait(self.driver, timeout).until(EC.presence_of_element_located(locator))\n           ^^^^^^^^^^^^^^^^^^^^^^^^^^^^^^^^^^^^^^^^^^^^^^^^^^^^^^^^^^^^^^^^^^^^^^^^^\n  File \"/opt/hostedtoolcache/Python/3.11.14/x64/lib/python3.11/site-packages/selenium/webdriver/support/wait.py\", line 95, in until\n    raise TimeoutException(message, screen, stacktrace)\n","steps":[],"attachments":[],"parameters":[{"name":"locator","value":"('xpath', '//*[@id=\"narrow-by-list2\"]/dd/ol/li/a')"},{"name":"timeout","value":"5"}],"stepsCount":0,"shouldDisplayMessage":true,"attachmentsCount":0,"hasContent":true,"attachmentStep":false}],"attachments":[],"parameters":[{"name":"locator","value":"('xpath', '//*[@id=\"narrow-by-list2\"]/dd/ol/li/a')"},{"name":"timeout","value":"10"}],"stepsCount":1,"shouldDisplayMessage":false,"attachmentsCount":0,"hasContent":true,"attachmentStep":false}],"attachments":[],"parameters":[],"stepsCount":2,"shouldDisplayMessage":false,"attachmentsCount":0,"hasContent":true,"attachmentStep":false}],"attachments":[{"uid":"7e3622201e3fc3e9","name":"Screenshot","source":"7e3622201e3fc3e9.png","type":"image/png","size":23875},{"uid":"1a9369206c193838","name":"HTML source","source":"1a9369206c193838.html","type":"text/html","size":1433}],"parameters":[],"stepsCount":3,"shouldDisplayMessage":true,"attachmentsCount":2,"hasContent":true,"attachmentStep":false},"afterStages":[{"name":"driver::0","time":{"start":1763863612487,"stop":1763863612550,"duration":63},"status":"passed","steps":[],"attachments":[],"parameters":[],"stepsCount":0,"shouldDisplayMessage":false,"attachmentsCount":0,"hasContent":false,"attachmentStep":false},{"name":"clear_allure_result_folder::0","time":{"start":1763863720556,"stop":1763863720556,"duration":0},"status":"passed","steps":[],"attachments":[],"parameters":[],"stepsCount":0,"shouldDisplayMessage":false,"attachmentsCount":0,"hasContent":false,"attachmentStep":false}],"labels":[{"name":"feature","value":"Testing Training Page Sidebar"},{"name":"epic","value":"Training Page"},{"name":"parentSuite","value":"tests"},{"name":"suite","value":"test_training"},{"name":"subSuite","value":"TestMainPage"},{"name":"host","value":"runnervmg1sw1"},{"name":"thread","value":"2964-MainThread"},{"name":"framework","value":"pytest"},{"name":"language","value":"cpython3"},{"name":"package","value":"tests.test_training"},{"name":"resultFormat","value":"allure2"}],"parameters":[],"links":[],"hidden":false,"retry":false,"extra":{"severity":"normal","retries":[],"categories":[{"name":"Test defects","matchedStatuses":[],"flaky":false}],"tags":[]},"source":"8bbeb0dbc95affe4.json","parameterValues":[]}