{"uid":"bcd6cec530d2390f","name":"TC 04_01_07 Verify Last name input field highlighting on label click","fullName":"tests.test_create_an_account.TestCreateAnAccount#test_04_01_04_lastname_highlighted_by_label","historyId":"4e8569cfeebd2604e72a526b596104bf","time":{"start":1763861365398,"stop":1763861370501,"duration":5103},"description":" Verify that Last name input field highlighted when label is clicked","descriptionHtml":"<p>Verify that Last name input field highlighted when label is clicked</p>\n","status":"broken","statusMessage":"selenium.common.exceptions.TimeoutException: Message: \nStacktrace:\n#0 0x5571de44432a <unknown>\n#1 0x5571dde90e4b <unknown>\n#2 0x5571ddee382b <unknown>\n#3 0x5571ddee3a61 <unknown>\n#4 0x5571ddf32a44 <unknown>\n#5 0x5571ddf2fdf7 <unknown>\n#6 0x5571dded5c1a <unknown>\n#7 0x5571dded6921 <unknown>\n#8 0x5571de40b239 <unknown>\n#9 0x5571de40e1e8 <unknown>\n#10 0x5571de3f44c9 <unknown>\n#11 0x5571de40edb5 <unknown>\n#12 0x5571de3dbe93 <unknown>\n#13 0x5571de431098 <unknown>\n#14 0x5571de431273 <unknown>\n#15 0x5571de4432c3 <unknown>\n#16 0x7f28a569caa4 <unknown>\n#17 0x7f28a5729c6c <unknown>","statusTrace":"self = <test_create_an_account.TestCreateAnAccount object at 0x7f5f3dfd9210>\ncreate_account_page = <pages.create_an_account_page.CreateAccountPage object at 0x7f5f3eb34250>\n\n    @allure.title('TC 04_01_07 Verify Last name input field highlighting on label click')\n    @allure.severity(allure.severity_level.MINOR)\n    def test_04_01_04_lastname_highlighted_by_label(self, create_account_page):\n        \"\"\" Verify that Last name input field highlighted when label is clicked\"\"\"\n        before_activate, after_activate = create_account_page.\\\n>           check_last_name_field_style_before_and_after_click_on_label()\n\ntests/test_create_an_account.py:73: \n_ _ _ _ _ _ _ _ _ _ _ _ _ _ _ _ _ _ _ _ _ _ _ _ _ _ _ _ _ _ _ _ _ _ _ _ _ _ _ _ \npages/create_an_account_page.py:161: in check_last_name_field_style_before_and_after_click_on_label\n    before_activate = self.check_element_hover_style(self.locators.LAST_NAME, 'box-shadow')\npages/base_page.py:121: in check_element_hover_style\n    element = self.element_is_visible(locator)  # Get the WebElement using locator\npages/base_page.py:30: in element_is_visible\n    self.go_to_element(self.element_is_present(locator))\npages/base_page.py:51: in element_is_present\n    return wait(self.driver, timeout).until(EC.presence_of_element_located(locator))\n_ _ _ _ _ _ _ _ _ _ _ _ _ _ _ _ _ _ _ _ _ _ _ _ _ _ _ _ _ _ _ _ _ _ _ _ _ _ _ _ \n\nself = <selenium.webdriver.support.wait.WebDriverWait (session=\"d2b8b581b99720fcfc502e482def238d\")>\nmethod = <function presence_of_element_located.<locals>._predicate at 0x7f5f3e8c4fe0>\nmessage = ''\n\n    def until(self, method, message: str = \"\"):\n        \"\"\"Calls the method provided with the driver as an argument until the \\\n        return value does not evaluate to ``False``.\n    \n        :param method: callable(WebDriver)\n        :param message: optional message for :exc:`TimeoutException`\n        :returns: the result of the last call to `method`\n        :raises: :exc:`selenium.common.exceptions.TimeoutException` if timeout occurs\n        \"\"\"\n        screen = None\n        stacktrace = None\n    \n        end_time = time.monotonic() + self._timeout\n        while True:\n            try:\n                value = method(self._driver)\n                if value:\n                    return value\n            except self._ignored_exceptions as exc:\n                screen = getattr(exc, \"screen\", None)\n                stacktrace = getattr(exc, \"stacktrace\", None)\n            time.sleep(self._poll)\n            if time.monotonic() > end_time:\n                break\n>       raise TimeoutException(message, screen, stacktrace)\nE       selenium.common.exceptions.TimeoutException: Message: \nE       Stacktrace:\nE       #0 0x5571de44432a <unknown>\nE       #1 0x5571dde90e4b <unknown>\nE       #2 0x5571ddee382b <unknown>\nE       #3 0x5571ddee3a61 <unknown>\nE       #4 0x5571ddf32a44 <unknown>\nE       #5 0x5571ddf2fdf7 <unknown>\nE       #6 0x5571dded5c1a <unknown>\nE       #7 0x5571dded6921 <unknown>\nE       #8 0x5571de40b239 <unknown>\nE       #9 0x5571de40e1e8 <unknown>\nE       #10 0x5571de3f44c9 <unknown>\nE       #11 0x5571de40edb5 <unknown>\nE       #12 0x5571de3dbe93 <unknown>\nE       #13 0x5571de431098 <unknown>\nE       #14 0x5571de431273 <unknown>\nE       #15 0x5571de4432c3 <unknown>\nE       #16 0x7f28a569caa4 <unknown>\nE       #17 0x7f28a5729c6c <unknown>\n\n/opt/hostedtoolcache/Python/3.11.14/x64/lib/python3.11/site-packages/selenium/webdriver/support/wait.py:95: TimeoutException","flaky":false,"newFailed":false,"newBroken":false,"newPassed":false,"retriesCount":0,"retriesStatusChange":false,"beforeStages":[{"name":"_session_faker","time":{"start":1763861320189,"stop":1763861320250,"duration":61},"status":"passed","steps":[],"attachments":[],"parameters":[],"stepsCount":0,"shouldDisplayMessage":false,"attachmentsCount":0,"hasContent":false,"attachmentStep":false},{"name":"clear_allure_result_folder","time":{"start":1763861320250,"stop":1763861320251,"duration":1},"status":"passed","steps":[],"attachments":[],"parameters":[],"stepsCount":0,"shouldDisplayMessage":false,"attachmentsCount":0,"hasContent":false,"attachmentStep":false},{"name":"driver","time":{"start":1763861363962,"stop":1763861365219,"duration":1257},"status":"passed","steps":[],"attachments":[],"parameters":[],"stepsCount":0,"shouldDisplayMessage":false,"attachmentsCount":0,"hasContent":false,"attachmentStep":false},{"name":"create_account_page","time":{"start":1763861365219,"stop":1763861365397,"duration":178},"status":"passed","steps":[{"name":"Open a browser","time":{"start":1763861365219,"stop":1763861365397,"duration":178},"status":"passed","steps":[],"attachments":[],"parameters":[],"stepsCount":0,"shouldDisplayMessage":false,"attachmentsCount":0,"hasContent":false,"attachmentStep":false}],"attachments":[],"parameters":[],"stepsCount":1,"shouldDisplayMessage":false,"attachmentsCount":0,"hasContent":true,"attachmentStep":false}],"testStage":{"description":" Verify that Last name input field highlighted when label is clicked","status":"broken","statusMessage":"selenium.common.exceptions.TimeoutException: Message: \nStacktrace:\n#0 0x5571de44432a <unknown>\n#1 0x5571dde90e4b <unknown>\n#2 0x5571ddee382b <unknown>\n#3 0x5571ddee3a61 <unknown>\n#4 0x5571ddf32a44 <unknown>\n#5 0x5571ddf2fdf7 <unknown>\n#6 0x5571dded5c1a <unknown>\n#7 0x5571dded6921 <unknown>\n#8 0x5571de40b239 <unknown>\n#9 0x5571de40e1e8 <unknown>\n#10 0x5571de3f44c9 <unknown>\n#11 0x5571de40edb5 <unknown>\n#12 0x5571de3dbe93 <unknown>\n#13 0x5571de431098 <unknown>\n#14 0x5571de431273 <unknown>\n#15 0x5571de4432c3 <unknown>\n#16 0x7f28a569caa4 <unknown>\n#17 0x7f28a5729c6c <unknown>","statusTrace":"self = <test_create_an_account.TestCreateAnAccount object at 0x7f5f3dfd9210>\ncreate_account_page = <pages.create_an_account_page.CreateAccountPage object at 0x7f5f3eb34250>\n\n    @allure.title('TC 04_01_07 Verify Last name input field highlighting on label click')\n    @allure.severity(allure.severity_level.MINOR)\n    def test_04_01_04_lastname_highlighted_by_label(self, create_account_page):\n        \"\"\" Verify that Last name input field highlighted when label is clicked\"\"\"\n        before_activate, after_activate = create_account_page.\\\n>           check_last_name_field_style_before_and_after_click_on_label()\n\ntests/test_create_an_account.py:73: \n_ _ _ _ _ _ _ _ _ _ _ _ _ _ _ _ _ _ _ _ _ _ _ _ _ _ _ _ _ _ _ _ _ _ _ _ _ _ _ _ \npages/create_an_account_page.py:161: in check_last_name_field_style_before_and_after_click_on_label\n    before_activate = self.check_element_hover_style(self.locators.LAST_NAME, 'box-shadow')\npages/base_page.py:121: in check_element_hover_style\n    element = self.element_is_visible(locator)  # Get the WebElement using locator\npages/base_page.py:30: in element_is_visible\n    self.go_to_element(self.element_is_present(locator))\npages/base_page.py:51: in element_is_present\n    return wait(self.driver, timeout).until(EC.presence_of_element_located(locator))\n_ _ _ _ _ _ _ _ _ _ _ _ _ _ _ _ _ _ _ _ _ _ _ _ _ _ _ _ _ _ _ _ _ _ _ _ _ _ _ _ \n\nself = <selenium.webdriver.support.wait.WebDriverWait (session=\"d2b8b581b99720fcfc502e482def238d\")>\nmethod = <function presence_of_element_located.<locals>._predicate at 0x7f5f3e8c4fe0>\nmessage = ''\n\n    def until(self, method, message: str = \"\"):\n        \"\"\"Calls the method provided with the driver as an argument until the \\\n        return value does not evaluate to ``False``.\n    \n        :param method: callable(WebDriver)\n        :param message: optional message for :exc:`TimeoutException`\n        :returns: the result of the last call to `method`\n        :raises: :exc:`selenium.common.exceptions.TimeoutException` if timeout occurs\n        \"\"\"\n        screen = None\n        stacktrace = None\n    \n        end_time = time.monotonic() + self._timeout\n        while True:\n            try:\n                value = method(self._driver)\n                if value:\n                    return value\n            except self._ignored_exceptions as exc:\n                screen = getattr(exc, \"screen\", None)\n                stacktrace = getattr(exc, \"stacktrace\", None)\n            time.sleep(self._poll)\n            if time.monotonic() > end_time:\n                break\n>       raise TimeoutException(message, screen, stacktrace)\nE       selenium.common.exceptions.TimeoutException: Message: \nE       Stacktrace:\nE       #0 0x5571de44432a <unknown>\nE       #1 0x5571dde90e4b <unknown>\nE       #2 0x5571ddee382b <unknown>\nE       #3 0x5571ddee3a61 <unknown>\nE       #4 0x5571ddf32a44 <unknown>\nE       #5 0x5571ddf2fdf7 <unknown>\nE       #6 0x5571dded5c1a <unknown>\nE       #7 0x5571dded6921 <unknown>\nE       #8 0x5571de40b239 <unknown>\nE       #9 0x5571de40e1e8 <unknown>\nE       #10 0x5571de3f44c9 <unknown>\nE       #11 0x5571de40edb5 <unknown>\nE       #12 0x5571de3dbe93 <unknown>\nE       #13 0x5571de431098 <unknown>\nE       #14 0x5571de431273 <unknown>\nE       #15 0x5571de4432c3 <unknown>\nE       #16 0x7f28a569caa4 <unknown>\nE       #17 0x7f28a5729c6c <unknown>\n\n/opt/hostedtoolcache/Python/3.11.14/x64/lib/python3.11/site-packages/selenium/webdriver/support/wait.py:95: TimeoutException","steps":[{"name":"Check Last Name label is highlighted when label is clicked","time":{"start":1763861365398,"stop":1763861370500,"duration":5102},"status":"broken","statusMessage":"selenium.common.exceptions.TimeoutException: Message: \nStacktrace:\n#0 0x5571de44432a <unknown>\n#1 0x5571dde90e4b <unknown>\n#2 0x5571ddee382b <unknown>\n#3 0x5571ddee3a61 <unknown>\n#4 0x5571ddf32a44 <unknown>\n#5 0x5571ddf2fdf7 <unknown>\n#6 0x5571dded5c1a <unknown>\n#7 0x5571dded6921 <unknown>\n#8 0x5571de40b239 <unknown>\n#9 0x5571de40e1e8 <unknown>\n#10 0x5571de3f44c9 <unknown>\n#11 0x5571de40edb5 <unknown>\n#12 0x5571de3dbe93 <unknown>\n#13 0x5571de431098 <unknown>\n#14 0x5571de431273 <unknown>\n#15 0x5571de4432c3 <unknown>\n#16 0x7f28a569caa4 <unknown>\n#17 0x7f28a5729c6c <unknown>\n\n","statusTrace":"  File \"/opt/hostedtoolcache/Python/3.11.14/x64/lib/python3.11/site-packages/allure_commons/_allure.py\", line 192, in impl\n    return func(*a, **kw)\n           ^^^^^^^^^^^^^^\n  File \"/home/runner/work/luma_project/luma_project/pages/create_an_account_page.py\", line 161, in check_last_name_field_style_before_and_after_click_on_label\n    before_activate = self.check_element_hover_style(self.locators.LAST_NAME, 'box-shadow')\n                      ^^^^^^^^^^^^^^^^^^^^^^^^^^^^^^^^^^^^^^^^^^^^^^^^^^^^^^^^^^^^^^^^^^^^^\n  File \"/opt/hostedtoolcache/Python/3.11.14/x64/lib/python3.11/site-packages/allure_commons/_allure.py\", line 192, in impl\n    return func(*a, **kw)\n           ^^^^^^^^^^^^^^\n  File \"/home/runner/work/luma_project/luma_project/pages/base_page.py\", line 121, in check_element_hover_style\n    element = self.element_is_visible(locator)  # Get the WebElement using locator\n              ^^^^^^^^^^^^^^^^^^^^^^^^^^^^^^^^\n  File \"/opt/hostedtoolcache/Python/3.11.14/x64/lib/python3.11/site-packages/allure_commons/_allure.py\", line 192, in impl\n    return func(*a, **kw)\n           ^^^^^^^^^^^^^^\n  File \"/home/runner/work/luma_project/luma_project/pages/base_page.py\", line 30, in element_is_visible\n    self.go_to_element(self.element_is_present(locator))\n                       ^^^^^^^^^^^^^^^^^^^^^^^^^^^^^^^^\n  File \"/opt/hostedtoolcache/Python/3.11.14/x64/lib/python3.11/site-packages/allure_commons/_allure.py\", line 192, in impl\n    return func(*a, **kw)\n           ^^^^^^^^^^^^^^\n  File \"/home/runner/work/luma_project/luma_project/pages/base_page.py\", line 51, in element_is_present\n    return wait(self.driver, timeout).until(EC.presence_of_element_located(locator))\n           ^^^^^^^^^^^^^^^^^^^^^^^^^^^^^^^^^^^^^^^^^^^^^^^^^^^^^^^^^^^^^^^^^^^^^^^^^\n  File \"/opt/hostedtoolcache/Python/3.11.14/x64/lib/python3.11/site-packages/selenium/webdriver/support/wait.py\", line 95, in until\n    raise TimeoutException(message, screen, stacktrace)\n","steps":[{"name":"Check element hover style","time":{"start":1763861365398,"stop":1763861370500,"duration":5102},"status":"broken","statusMessage":"selenium.common.exceptions.TimeoutException: Message: \nStacktrace:\n#0 0x5571de44432a <unknown>\n#1 0x5571dde90e4b <unknown>\n#2 0x5571ddee382b <unknown>\n#3 0x5571ddee3a61 <unknown>\n#4 0x5571ddf32a44 <unknown>\n#5 0x5571ddf2fdf7 <unknown>\n#6 0x5571dded5c1a <unknown>\n#7 0x5571dded6921 <unknown>\n#8 0x5571de40b239 <unknown>\n#9 0x5571de40e1e8 <unknown>\n#10 0x5571de3f44c9 <unknown>\n#11 0x5571de40edb5 <unknown>\n#12 0x5571de3dbe93 <unknown>\n#13 0x5571de431098 <unknown>\n#14 0x5571de431273 <unknown>\n#15 0x5571de4432c3 <unknown>\n#16 0x7f28a569caa4 <unknown>\n#17 0x7f28a5729c6c <unknown>\n\n","statusTrace":"  File \"/opt/hostedtoolcache/Python/3.11.14/x64/lib/python3.11/site-packages/allure_commons/_allure.py\", line 192, in impl\n    return func(*a, **kw)\n           ^^^^^^^^^^^^^^\n  File \"/home/runner/work/luma_project/luma_project/pages/base_page.py\", line 121, in check_element_hover_style\n    element = self.element_is_visible(locator)  # Get the WebElement using locator\n              ^^^^^^^^^^^^^^^^^^^^^^^^^^^^^^^^\n  File \"/opt/hostedtoolcache/Python/3.11.14/x64/lib/python3.11/site-packages/allure_commons/_allure.py\", line 192, in impl\n    return func(*a, **kw)\n           ^^^^^^^^^^^^^^\n  File \"/home/runner/work/luma_project/luma_project/pages/base_page.py\", line 30, in element_is_visible\n    self.go_to_element(self.element_is_present(locator))\n                       ^^^^^^^^^^^^^^^^^^^^^^^^^^^^^^^^\n  File \"/opt/hostedtoolcache/Python/3.11.14/x64/lib/python3.11/site-packages/allure_commons/_allure.py\", line 192, in impl\n    return func(*a, **kw)\n           ^^^^^^^^^^^^^^\n  File \"/home/runner/work/luma_project/luma_project/pages/base_page.py\", line 51, in element_is_present\n    return wait(self.driver, timeout).until(EC.presence_of_element_located(locator))\n           ^^^^^^^^^^^^^^^^^^^^^^^^^^^^^^^^^^^^^^^^^^^^^^^^^^^^^^^^^^^^^^^^^^^^^^^^^\n  File \"/opt/hostedtoolcache/Python/3.11.14/x64/lib/python3.11/site-packages/selenium/webdriver/support/wait.py\", line 95, in until\n    raise TimeoutException(message, screen, stacktrace)\n","steps":[{"name":"Find a visible element","time":{"start":1763861365398,"stop":1763861370500,"duration":5102},"status":"broken","statusMessage":"selenium.common.exceptions.TimeoutException: Message: \nStacktrace:\n#0 0x5571de44432a <unknown>\n#1 0x5571dde90e4b <unknown>\n#2 0x5571ddee382b <unknown>\n#3 0x5571ddee3a61 <unknown>\n#4 0x5571ddf32a44 <unknown>\n#5 0x5571ddf2fdf7 <unknown>\n#6 0x5571dded5c1a <unknown>\n#7 0x5571dded6921 <unknown>\n#8 0x5571de40b239 <unknown>\n#9 0x5571de40e1e8 <unknown>\n#10 0x5571de3f44c9 <unknown>\n#11 0x5571de40edb5 <unknown>\n#12 0x5571de3dbe93 <unknown>\n#13 0x5571de431098 <unknown>\n#14 0x5571de431273 <unknown>\n#15 0x5571de4432c3 <unknown>\n#16 0x7f28a569caa4 <unknown>\n#17 0x7f28a5729c6c <unknown>\n\n","statusTrace":"  File \"/opt/hostedtoolcache/Python/3.11.14/x64/lib/python3.11/site-packages/allure_commons/_allure.py\", line 192, in impl\n    return func(*a, **kw)\n           ^^^^^^^^^^^^^^\n  File \"/home/runner/work/luma_project/luma_project/pages/base_page.py\", line 30, in element_is_visible\n    self.go_to_element(self.element_is_present(locator))\n                       ^^^^^^^^^^^^^^^^^^^^^^^^^^^^^^^^\n  File \"/opt/hostedtoolcache/Python/3.11.14/x64/lib/python3.11/site-packages/allure_commons/_allure.py\", line 192, in impl\n    return func(*a, **kw)\n           ^^^^^^^^^^^^^^\n  File \"/home/runner/work/luma_project/luma_project/pages/base_page.py\", line 51, in element_is_present\n    return wait(self.driver, timeout).until(EC.presence_of_element_located(locator))\n           ^^^^^^^^^^^^^^^^^^^^^^^^^^^^^^^^^^^^^^^^^^^^^^^^^^^^^^^^^^^^^^^^^^^^^^^^^\n  File \"/opt/hostedtoolcache/Python/3.11.14/x64/lib/python3.11/site-packages/selenium/webdriver/support/wait.py\", line 95, in until\n    raise TimeoutException(message, screen, stacktrace)\n","steps":[{"name":"Find a present element","time":{"start":1763861365398,"stop":1763861370499,"duration":5101},"status":"broken","statusMessage":"selenium.common.exceptions.TimeoutException: Message: \nStacktrace:\n#0 0x5571de44432a <unknown>\n#1 0x5571dde90e4b <unknown>\n#2 0x5571ddee382b <unknown>\n#3 0x5571ddee3a61 <unknown>\n#4 0x5571ddf32a44 <unknown>\n#5 0x5571ddf2fdf7 <unknown>\n#6 0x5571dded5c1a <unknown>\n#7 0x5571dded6921 <unknown>\n#8 0x5571de40b239 <unknown>\n#9 0x5571de40e1e8 <unknown>\n#10 0x5571de3f44c9 <unknown>\n#11 0x5571de40edb5 <unknown>\n#12 0x5571de3dbe93 <unknown>\n#13 0x5571de431098 <unknown>\n#14 0x5571de431273 <unknown>\n#15 0x5571de4432c3 <unknown>\n#16 0x7f28a569caa4 <unknown>\n#17 0x7f28a5729c6c <unknown>\n\n","statusTrace":"  File \"/opt/hostedtoolcache/Python/3.11.14/x64/lib/python3.11/site-packages/allure_commons/_allure.py\", line 192, in impl\n    return func(*a, **kw)\n           ^^^^^^^^^^^^^^\n  File \"/home/runner/work/luma_project/luma_project/pages/base_page.py\", line 51, in element_is_present\n    return wait(self.driver, timeout).until(EC.presence_of_element_located(locator))\n           ^^^^^^^^^^^^^^^^^^^^^^^^^^^^^^^^^^^^^^^^^^^^^^^^^^^^^^^^^^^^^^^^^^^^^^^^^\n  File \"/opt/hostedtoolcache/Python/3.11.14/x64/lib/python3.11/site-packages/selenium/webdriver/support/wait.py\", line 95, in until\n    raise TimeoutException(message, screen, stacktrace)\n","steps":[],"attachments":[],"parameters":[{"name":"locator","value":"('id', 'lastname')"},{"name":"timeout","value":"5"}],"stepsCount":0,"shouldDisplayMessage":true,"attachmentsCount":0,"hasContent":true,"attachmentStep":false}],"attachments":[],"parameters":[{"name":"locator","value":"('id', 'lastname')"},{"name":"timeout","value":"10"}],"stepsCount":1,"shouldDisplayMessage":false,"attachmentsCount":0,"hasContent":true,"attachmentStep":false}],"attachments":[],"parameters":[{"name":"locator","value":"('id', 'lastname')"},{"name":"css_property","value":"'box-shadow'"},{"name":"seconds","value":"10"}],"stepsCount":2,"shouldDisplayMessage":false,"attachmentsCount":0,"hasContent":true,"attachmentStep":false}],"attachments":[],"parameters":[],"stepsCount":3,"shouldDisplayMessage":false,"attachmentsCount":0,"hasContent":true,"attachmentStep":false}],"attachments":[{"uid":"18772bbbd7cf01ba","name":"Screenshot","source":"18772bbbd7cf01ba.png","type":"image/png","size":23875},{"uid":"628a5ed5d29f8c3e","name":"HTML source","source":"628a5ed5d29f8c3e.html","type":"text/html","size":1433}],"parameters":[],"stepsCount":4,"shouldDisplayMessage":true,"attachmentsCount":2,"hasContent":true,"attachmentStep":false},"afterStages":[{"name":"driver::0","time":{"start":1763861370566,"stop":1763861370625,"duration":59},"status":"passed","steps":[],"attachments":[],"parameters":[],"stepsCount":0,"shouldDisplayMessage":false,"attachmentsCount":0,"hasContent":false,"attachmentStep":false},{"name":"clear_allure_result_folder::0","time":{"start":1763863720556,"stop":1763863720556,"duration":0},"status":"passed","steps":[],"attachments":[],"parameters":[],"stepsCount":0,"shouldDisplayMessage":false,"attachmentsCount":0,"hasContent":false,"attachmentStep":false}],"labels":[{"name":"severity","value":"minor"},{"name":"epic","value":"Create An Account"},{"name":"parentSuite","value":"tests"},{"name":"suite","value":"test_create_an_account"},{"name":"subSuite","value":"TestCreateAnAccount"},{"name":"host","value":"runnervmg1sw1"},{"name":"thread","value":"2964-MainThread"},{"name":"framework","value":"pytest"},{"name":"language","value":"cpython3"},{"name":"package","value":"tests.test_create_an_account"},{"name":"resultFormat","value":"allure2"}],"parameters":[],"links":[],"hidden":false,"retry":false,"extra":{"severity":"minor","retries":[],"categories":[{"name":"Test defects","matchedStatuses":[],"flaky":false}],"tags":[]},"source":"bcd6cec530d2390f.json","parameterValues":[]}