{"uid":"cdf3ae0aee7e7825","name":"TC 14.04.01 Verify the 'BOTTOMS' subhead is displayed","fullName":"tests.test_men.TestMenPage#test_tc_14_04_01","historyId":"a4f85634e84292b71b51365172d42bff","time":{"start":1763862767945,"stop":1763862773225,"duration":5280},"description":"Verify that the subhead 'BOTTOMS' is displayed","descriptionHtml":"<p>Verify that the subhead 'BOTTOMS' is displayed</p>\n","status":"broken","statusMessage":"selenium.common.exceptions.TimeoutException: Message: \nStacktrace:\n#0 0x55ac27da032a <unknown>\n#1 0x55ac277ece4b <unknown>\n#2 0x55ac2783f82b <unknown>\n#3 0x55ac2783fa61 <unknown>\n#4 0x55ac2788ea44 <unknown>\n#5 0x55ac2788bdf7 <unknown>\n#6 0x55ac27831c1a <unknown>\n#7 0x55ac27832921 <unknown>\n#8 0x55ac27d67239 <unknown>\n#9 0x55ac27d6a1e8 <unknown>\n#10 0x55ac27d504c9 <unknown>\n#11 0x55ac27d6adb5 <unknown>\n#12 0x55ac27d37e93 <unknown>\n#13 0x55ac27d8d098 <unknown>\n#14 0x55ac27d8d273 <unknown>\n#15 0x55ac27d9f2c3 <unknown>\n#16 0x7f5edc29caa4 <unknown>\n#17 0x7f5edc329c6c <unknown>","statusTrace":"self = <test_men.TestMenPage object at 0x7f5f3ee875d0>\ndriver = <selenium.webdriver.chrome.webdriver.WebDriver (session=\"c691e8a2caf5cd4ec329cd933e52bc63\")>\n\n    @allure.title(\"TC 14.04.01 Verify the 'BOTTOMS' subhead is displayed\")\n    @allure.severity(allure.severity_level.NORMAL)\n    def test_tc_14_04_01(self, driver):\n        \"\"\"Verify that the subhead 'BOTTOMS' is displayed\"\"\"\n        page = MenPage(driver, MEN_PAGE_URL)\n        page.open()\n>       subhead_title = page.verify_subhead_bottoms_is_visible()\n\ntests/test_men.py:136: \n_ _ _ _ _ _ _ _ _ _ _ _ _ _ _ _ _ _ _ _ _ _ _ _ _ _ _ _ _ _ _ _ _ _ _ _ _ _ _ _ \npages/men_page.py:174: in verify_subhead_bottoms_is_visible\n    subhead_title = self.element_is_visible(self.side_bar_locators.SIDE_BAR_SUBHEAD_BOTTOMS)\npages/base_page.py:30: in element_is_visible\n    self.go_to_element(self.element_is_present(locator))\npages/base_page.py:51: in element_is_present\n    return wait(self.driver, timeout).until(EC.presence_of_element_located(locator))\n_ _ _ _ _ _ _ _ _ _ _ _ _ _ _ _ _ _ _ _ _ _ _ _ _ _ _ _ _ _ _ _ _ _ _ _ _ _ _ _ \n\nself = <selenium.webdriver.support.wait.WebDriverWait (session=\"c691e8a2caf5cd4ec329cd933e52bc63\")>\nmethod = <function presence_of_element_located.<locals>._predicate at 0x7f5f3e382fc0>\nmessage = ''\n\n    def until(self, method, message: str = \"\"):\n        \"\"\"Calls the method provided with the driver as an argument until the \\\n        return value does not evaluate to ``False``.\n    \n        :param method: callable(WebDriver)\n        :param message: optional message for :exc:`TimeoutException`\n        :returns: the result of the last call to `method`\n        :raises: :exc:`selenium.common.exceptions.TimeoutException` if timeout occurs\n        \"\"\"\n        screen = None\n        stacktrace = None\n    \n        end_time = time.monotonic() + self._timeout\n        while True:\n            try:\n                value = method(self._driver)\n                if value:\n                    return value\n            except self._ignored_exceptions as exc:\n                screen = getattr(exc, \"screen\", None)\n                stacktrace = getattr(exc, \"stacktrace\", None)\n            time.sleep(self._poll)\n            if time.monotonic() > end_time:\n                break\n>       raise TimeoutException(message, screen, stacktrace)\nE       selenium.common.exceptions.TimeoutException: Message: \nE       Stacktrace:\nE       #0 0x55ac27da032a <unknown>\nE       #1 0x55ac277ece4b <unknown>\nE       #2 0x55ac2783f82b <unknown>\nE       #3 0x55ac2783fa61 <unknown>\nE       #4 0x55ac2788ea44 <unknown>\nE       #5 0x55ac2788bdf7 <unknown>\nE       #6 0x55ac27831c1a <unknown>\nE       #7 0x55ac27832921 <unknown>\nE       #8 0x55ac27d67239 <unknown>\nE       #9 0x55ac27d6a1e8 <unknown>\nE       #10 0x55ac27d504c9 <unknown>\nE       #11 0x55ac27d6adb5 <unknown>\nE       #12 0x55ac27d37e93 <unknown>\nE       #13 0x55ac27d8d098 <unknown>\nE       #14 0x55ac27d8d273 <unknown>\nE       #15 0x55ac27d9f2c3 <unknown>\nE       #16 0x7f5edc29caa4 <unknown>\nE       #17 0x7f5edc329c6c <unknown>\n\n/opt/hostedtoolcache/Python/3.11.14/x64/lib/python3.11/site-packages/selenium/webdriver/support/wait.py:95: TimeoutException","flaky":false,"newFailed":false,"newBroken":false,"newPassed":false,"retriesCount":0,"retriesStatusChange":false,"beforeStages":[{"name":"_session_faker","time":{"start":1763861320189,"stop":1763861320250,"duration":61},"status":"passed","steps":[],"attachments":[],"parameters":[],"stepsCount":0,"shouldDisplayMessage":false,"attachmentsCount":0,"hasContent":false,"attachmentStep":false},{"name":"clear_allure_result_folder","time":{"start":1763861320250,"stop":1763861320251,"duration":1},"status":"passed","steps":[],"attachments":[],"parameters":[],"stepsCount":0,"shouldDisplayMessage":false,"attachmentsCount":0,"hasContent":false,"attachmentStep":false},{"name":"driver","time":{"start":1763862766691,"stop":1763862767944,"duration":1253},"status":"passed","steps":[],"attachments":[],"parameters":[],"stepsCount":0,"shouldDisplayMessage":false,"attachmentsCount":0,"hasContent":false,"attachmentStep":false}],"testStage":{"description":"Verify that the subhead 'BOTTOMS' is displayed","status":"broken","statusMessage":"selenium.common.exceptions.TimeoutException: Message: \nStacktrace:\n#0 0x55ac27da032a <unknown>\n#1 0x55ac277ece4b <unknown>\n#2 0x55ac2783f82b <unknown>\n#3 0x55ac2783fa61 <unknown>\n#4 0x55ac2788ea44 <unknown>\n#5 0x55ac2788bdf7 <unknown>\n#6 0x55ac27831c1a <unknown>\n#7 0x55ac27832921 <unknown>\n#8 0x55ac27d67239 <unknown>\n#9 0x55ac27d6a1e8 <unknown>\n#10 0x55ac27d504c9 <unknown>\n#11 0x55ac27d6adb5 <unknown>\n#12 0x55ac27d37e93 <unknown>\n#13 0x55ac27d8d098 <unknown>\n#14 0x55ac27d8d273 <unknown>\n#15 0x55ac27d9f2c3 <unknown>\n#16 0x7f5edc29caa4 <unknown>\n#17 0x7f5edc329c6c <unknown>","statusTrace":"self = <test_men.TestMenPage object at 0x7f5f3ee875d0>\ndriver = <selenium.webdriver.chrome.webdriver.WebDriver (session=\"c691e8a2caf5cd4ec329cd933e52bc63\")>\n\n    @allure.title(\"TC 14.04.01 Verify the 'BOTTOMS' subhead is displayed\")\n    @allure.severity(allure.severity_level.NORMAL)\n    def test_tc_14_04_01(self, driver):\n        \"\"\"Verify that the subhead 'BOTTOMS' is displayed\"\"\"\n        page = MenPage(driver, MEN_PAGE_URL)\n        page.open()\n>       subhead_title = page.verify_subhead_bottoms_is_visible()\n\ntests/test_men.py:136: \n_ _ _ _ _ _ _ _ _ _ _ _ _ _ _ _ _ _ _ _ _ _ _ _ _ _ _ _ _ _ _ _ _ _ _ _ _ _ _ _ \npages/men_page.py:174: in verify_subhead_bottoms_is_visible\n    subhead_title = self.element_is_visible(self.side_bar_locators.SIDE_BAR_SUBHEAD_BOTTOMS)\npages/base_page.py:30: in element_is_visible\n    self.go_to_element(self.element_is_present(locator))\npages/base_page.py:51: in element_is_present\n    return wait(self.driver, timeout).until(EC.presence_of_element_located(locator))\n_ _ _ _ _ _ _ _ _ _ _ _ _ _ _ _ _ _ _ _ _ _ _ _ _ _ _ _ _ _ _ _ _ _ _ _ _ _ _ _ \n\nself = <selenium.webdriver.support.wait.WebDriverWait (session=\"c691e8a2caf5cd4ec329cd933e52bc63\")>\nmethod = <function presence_of_element_located.<locals>._predicate at 0x7f5f3e382fc0>\nmessage = ''\n\n    def until(self, method, message: str = \"\"):\n        \"\"\"Calls the method provided with the driver as an argument until the \\\n        return value does not evaluate to ``False``.\n    \n        :param method: callable(WebDriver)\n        :param message: optional message for :exc:`TimeoutException`\n        :returns: the result of the last call to `method`\n        :raises: :exc:`selenium.common.exceptions.TimeoutException` if timeout occurs\n        \"\"\"\n        screen = None\n        stacktrace = None\n    \n        end_time = time.monotonic() + self._timeout\n        while True:\n            try:\n                value = method(self._driver)\n                if value:\n                    return value\n            except self._ignored_exceptions as exc:\n                screen = getattr(exc, \"screen\", None)\n                stacktrace = getattr(exc, \"stacktrace\", None)\n            time.sleep(self._poll)\n            if time.monotonic() > end_time:\n                break\n>       raise TimeoutException(message, screen, stacktrace)\nE       selenium.common.exceptions.TimeoutException: Message: \nE       Stacktrace:\nE       #0 0x55ac27da032a <unknown>\nE       #1 0x55ac277ece4b <unknown>\nE       #2 0x55ac2783f82b <unknown>\nE       #3 0x55ac2783fa61 <unknown>\nE       #4 0x55ac2788ea44 <unknown>\nE       #5 0x55ac2788bdf7 <unknown>\nE       #6 0x55ac27831c1a <unknown>\nE       #7 0x55ac27832921 <unknown>\nE       #8 0x55ac27d67239 <unknown>\nE       #9 0x55ac27d6a1e8 <unknown>\nE       #10 0x55ac27d504c9 <unknown>\nE       #11 0x55ac27d6adb5 <unknown>\nE       #12 0x55ac27d37e93 <unknown>\nE       #13 0x55ac27d8d098 <unknown>\nE       #14 0x55ac27d8d273 <unknown>\nE       #15 0x55ac27d9f2c3 <unknown>\nE       #16 0x7f5edc29caa4 <unknown>\nE       #17 0x7f5edc329c6c <unknown>\n\n/opt/hostedtoolcache/Python/3.11.14/x64/lib/python3.11/site-packages/selenium/webdriver/support/wait.py:95: TimeoutException","steps":[{"name":"Open a browser","time":{"start":1763862767945,"stop":1763862768118,"duration":173},"status":"passed","steps":[],"attachments":[],"parameters":[],"stepsCount":0,"shouldDisplayMessage":false,"attachmentsCount":0,"hasContent":false,"attachmentStep":false},{"name":"Verify subhead \"BOTTOMS\" on Men page","time":{"start":1763862768118,"stop":1763862773225,"duration":5107},"status":"broken","statusMessage":"selenium.common.exceptions.TimeoutException: Message: \nStacktrace:\n#0 0x55ac27da032a <unknown>\n#1 0x55ac277ece4b <unknown>\n#2 0x55ac2783f82b <unknown>\n#3 0x55ac2783fa61 <unknown>\n#4 0x55ac2788ea44 <unknown>\n#5 0x55ac2788bdf7 <unknown>\n#6 0x55ac27831c1a <unknown>\n#7 0x55ac27832921 <unknown>\n#8 0x55ac27d67239 <unknown>\n#9 0x55ac27d6a1e8 <unknown>\n#10 0x55ac27d504c9 <unknown>\n#11 0x55ac27d6adb5 <unknown>\n#12 0x55ac27d37e93 <unknown>\n#13 0x55ac27d8d098 <unknown>\n#14 0x55ac27d8d273 <unknown>\n#15 0x55ac27d9f2c3 <unknown>\n#16 0x7f5edc29caa4 <unknown>\n#17 0x7f5edc329c6c <unknown>\n\n","statusTrace":"  File \"/opt/hostedtoolcache/Python/3.11.14/x64/lib/python3.11/site-packages/allure_commons/_allure.py\", line 192, in impl\n    return func(*a, **kw)\n           ^^^^^^^^^^^^^^\n  File \"/home/runner/work/luma_project/luma_project/pages/men_page.py\", line 174, in verify_subhead_bottoms_is_visible\n    subhead_title = self.element_is_visible(self.side_bar_locators.SIDE_BAR_SUBHEAD_BOTTOMS)\n                    ^^^^^^^^^^^^^^^^^^^^^^^^^^^^^^^^^^^^^^^^^^^^^^^^^^^^^^^^^^^^^^^^^^^^^^^^\n  File \"/opt/hostedtoolcache/Python/3.11.14/x64/lib/python3.11/site-packages/allure_commons/_allure.py\", line 192, in impl\n    return func(*a, **kw)\n           ^^^^^^^^^^^^^^\n  File \"/home/runner/work/luma_project/luma_project/pages/base_page.py\", line 30, in element_is_visible\n    self.go_to_element(self.element_is_present(locator))\n                       ^^^^^^^^^^^^^^^^^^^^^^^^^^^^^^^^\n  File \"/opt/hostedtoolcache/Python/3.11.14/x64/lib/python3.11/site-packages/allure_commons/_allure.py\", line 192, in impl\n    return func(*a, **kw)\n           ^^^^^^^^^^^^^^\n  File \"/home/runner/work/luma_project/luma_project/pages/base_page.py\", line 51, in element_is_present\n    return wait(self.driver, timeout).until(EC.presence_of_element_located(locator))\n           ^^^^^^^^^^^^^^^^^^^^^^^^^^^^^^^^^^^^^^^^^^^^^^^^^^^^^^^^^^^^^^^^^^^^^^^^^\n  File \"/opt/hostedtoolcache/Python/3.11.14/x64/lib/python3.11/site-packages/selenium/webdriver/support/wait.py\", line 95, in until\n    raise TimeoutException(message, screen, stacktrace)\n","steps":[{"name":"Find a visible element","time":{"start":1763862768118,"stop":1763862773225,"duration":5107},"status":"broken","statusMessage":"selenium.common.exceptions.TimeoutException: Message: \nStacktrace:\n#0 0x55ac27da032a <unknown>\n#1 0x55ac277ece4b <unknown>\n#2 0x55ac2783f82b <unknown>\n#3 0x55ac2783fa61 <unknown>\n#4 0x55ac2788ea44 <unknown>\n#5 0x55ac2788bdf7 <unknown>\n#6 0x55ac27831c1a <unknown>\n#7 0x55ac27832921 <unknown>\n#8 0x55ac27d67239 <unknown>\n#9 0x55ac27d6a1e8 <unknown>\n#10 0x55ac27d504c9 <unknown>\n#11 0x55ac27d6adb5 <unknown>\n#12 0x55ac27d37e93 <unknown>\n#13 0x55ac27d8d098 <unknown>\n#14 0x55ac27d8d273 <unknown>\n#15 0x55ac27d9f2c3 <unknown>\n#16 0x7f5edc29caa4 <unknown>\n#17 0x7f5edc329c6c <unknown>\n\n","statusTrace":"  File \"/opt/hostedtoolcache/Python/3.11.14/x64/lib/python3.11/site-packages/allure_commons/_allure.py\", line 192, in impl\n    return func(*a, **kw)\n           ^^^^^^^^^^^^^^\n  File \"/home/runner/work/luma_project/luma_project/pages/base_page.py\", line 30, in element_is_visible\n    self.go_to_element(self.element_is_present(locator))\n                       ^^^^^^^^^^^^^^^^^^^^^^^^^^^^^^^^\n  File \"/opt/hostedtoolcache/Python/3.11.14/x64/lib/python3.11/site-packages/allure_commons/_allure.py\", line 192, in impl\n    return func(*a, **kw)\n           ^^^^^^^^^^^^^^\n  File \"/home/runner/work/luma_project/luma_project/pages/base_page.py\", line 51, in element_is_present\n    return wait(self.driver, timeout).until(EC.presence_of_element_located(locator))\n           ^^^^^^^^^^^^^^^^^^^^^^^^^^^^^^^^^^^^^^^^^^^^^^^^^^^^^^^^^^^^^^^^^^^^^^^^^\n  File \"/opt/hostedtoolcache/Python/3.11.14/x64/lib/python3.11/site-packages/selenium/webdriver/support/wait.py\", line 95, in until\n    raise TimeoutException(message, screen, stacktrace)\n","steps":[{"name":"Find a present element","time":{"start":1763862768118,"stop":1763862773224,"duration":5106},"status":"broken","statusMessage":"selenium.common.exceptions.TimeoutException: Message: \nStacktrace:\n#0 0x55ac27da032a <unknown>\n#1 0x55ac277ece4b <unknown>\n#2 0x55ac2783f82b <unknown>\n#3 0x55ac2783fa61 <unknown>\n#4 0x55ac2788ea44 <unknown>\n#5 0x55ac2788bdf7 <unknown>\n#6 0x55ac27831c1a <unknown>\n#7 0x55ac27832921 <unknown>\n#8 0x55ac27d67239 <unknown>\n#9 0x55ac27d6a1e8 <unknown>\n#10 0x55ac27d504c9 <unknown>\n#11 0x55ac27d6adb5 <unknown>\n#12 0x55ac27d37e93 <unknown>\n#13 0x55ac27d8d098 <unknown>\n#14 0x55ac27d8d273 <unknown>\n#15 0x55ac27d9f2c3 <unknown>\n#16 0x7f5edc29caa4 <unknown>\n#17 0x7f5edc329c6c <unknown>\n\n","statusTrace":"  File \"/opt/hostedtoolcache/Python/3.11.14/x64/lib/python3.11/site-packages/allure_commons/_allure.py\", line 192, in impl\n    return func(*a, **kw)\n           ^^^^^^^^^^^^^^\n  File \"/home/runner/work/luma_project/luma_project/pages/base_page.py\", line 51, in element_is_present\n    return wait(self.driver, timeout).until(EC.presence_of_element_located(locator))\n           ^^^^^^^^^^^^^^^^^^^^^^^^^^^^^^^^^^^^^^^^^^^^^^^^^^^^^^^^^^^^^^^^^^^^^^^^^\n  File \"/opt/hostedtoolcache/Python/3.11.14/x64/lib/python3.11/site-packages/selenium/webdriver/support/wait.py\", line 95, in until\n    raise TimeoutException(message, screen, stacktrace)\n","steps":[],"attachments":[],"parameters":[{"name":"locator","value":"('xpath', '//*[@id=\"maincontent\"]/div[4]/div[2]/div[2]/div/strong[2]/span')"},{"name":"timeout","value":"5"}],"stepsCount":0,"shouldDisplayMessage":true,"attachmentsCount":0,"hasContent":true,"attachmentStep":false}],"attachments":[],"parameters":[{"name":"locator","value":"('xpath', '//*[@id=\"maincontent\"]/div[4]/div[2]/div[2]/div/strong[2]/span')"},{"name":"timeout","value":"10"}],"stepsCount":1,"shouldDisplayMessage":false,"attachmentsCount":0,"hasContent":true,"attachmentStep":false}],"attachments":[],"parameters":[],"stepsCount":2,"shouldDisplayMessage":false,"attachmentsCount":0,"hasContent":true,"attachmentStep":false}],"attachments":[{"uid":"2e7694a49d717a3f","name":"Screenshot","source":"2e7694a49d717a3f.png","type":"image/png","size":23875},{"uid":"dcc622f8e9305cb7","name":"HTML source","source":"dcc622f8e9305cb7.html","type":"text/html","size":1433}],"parameters":[],"stepsCount":4,"shouldDisplayMessage":true,"attachmentsCount":2,"hasContent":true,"attachmentStep":false},"afterStages":[{"name":"driver::0","time":{"start":1763862773294,"stop":1763862773356,"duration":62},"status":"passed","steps":[],"attachments":[],"parameters":[],"stepsCount":0,"shouldDisplayMessage":false,"attachmentsCount":0,"hasContent":false,"attachmentStep":false},{"name":"clear_allure_result_folder::0","time":{"start":1763863720556,"stop":1763863720556,"duration":0},"status":"passed","steps":[],"attachments":[],"parameters":[],"stepsCount":0,"shouldDisplayMessage":false,"attachmentsCount":0,"hasContent":false,"attachmentStep":false}],"labels":[{"name":"epic","value":"MenPage"},{"name":"severity","value":"normal"},{"name":"parentSuite","value":"tests"},{"name":"suite","value":"test_men"},{"name":"subSuite","value":"TestMenPage"},{"name":"host","value":"runnervmg1sw1"},{"name":"thread","value":"2964-MainThread"},{"name":"framework","value":"pytest"},{"name":"language","value":"cpython3"},{"name":"package","value":"tests.test_men"},{"name":"resultFormat","value":"allure2"}],"parameters":[],"links":[],"hidden":false,"retry":false,"extra":{"severity":"normal","retries":[],"categories":[{"name":"Test defects","matchedStatuses":[],"flaky":false}],"tags":[]},"source":"cdf3ae0aee7e7825.json","parameterValues":[]}