{"uid":"e06ec1340b22171c","name":"TC 06.01.02 - verify the card is interactive on hover","fullName":"tests.test_main_page.TestHotSellerSection#test_verify_the_card_is_interactive_on_hover","historyId":"0ae3fd0cada57213a5c961202c8dada8","time":{"start":1763862254935,"stop":1763862260204,"duration":5269},"description":"This test checks that the card is interactive","descriptionHtml":"<p>This test checks that the card is interactive</p>\n","status":"skipped","statusMessage":"XFAIL In CI the test failed in PR#203\n\nselenium.common.exceptions.TimeoutException: Message: \nStacktrace:\n#0 0x556e5654132a <unknown>\n#1 0x556e55f8de4b <unknown>\n#2 0x556e55fe082b <unknown>\n#3 0x556e55fe0a61 <unknown>\n#4 0x556e5602fa44 <unknown>\n#5 0x556e5602cdf7 <unknown>\n#6 0x556e55fd2c1a <unknown>\n#7 0x556e55fd3921 <unknown>\n#8 0x556e56508239 <unknown>\n#9 0x556e5650b1e8 <unknown>\n#10 0x556e564f14c9 <unknown>\n#11 0x556e5650bdb5 <unknown>\n#12 0x556e564d8e93 <unknown>\n#13 0x556e5652e098 <unknown>\n#14 0x556e5652e273 <unknown>\n#15 0x556e565402c3 <unknown>\n#16 0x7f3291c9caa4 <unknown>\n#17 0x7f3291d29c6c <unknown>","statusTrace":"self = <test_main_page.TestMainPage.TestHotSellerSection object at 0x7f5f3e90b050>\ndriver = <selenium.webdriver.chrome.webdriver.WebDriver (session=\"09c7d454e0337d330ee188b7b074ec85\")>\n\n    @pytest.mark.xfail(reason=\"In CI the test failed in PR#203\")\n    @allure.title(\"TC 06.01.02 - verify the card is interactive on hover\")\n    def test_verify_the_card_is_interactive_on_hover(self, driver):\n        \"\"\"This test checks that the card is interactive\"\"\"\n        page = MainPage(driver, MAIN_PAGE_URL)\n        page.open()\n>       shadow_before, shadow_after = page.check_for_shadow_appearance_when_hovering_over_the_card()\n\ntests/test_main_page.py:24: \n_ _ _ _ _ _ _ _ _ _ _ _ _ _ _ _ _ _ _ _ _ _ _ _ _ _ _ _ _ _ _ _ _ _ _ _ _ _ _ _ \npages/main_page.py:21: in check_for_shadow_appearance_when_hovering_over_the_card\n    card_item = self.element_is_visible(self.locators.PRODUCT_CARD)\npages/base_page.py:30: in element_is_visible\n    self.go_to_element(self.element_is_present(locator))\npages/base_page.py:51: in element_is_present\n    return wait(self.driver, timeout).until(EC.presence_of_element_located(locator))\n_ _ _ _ _ _ _ _ _ _ _ _ _ _ _ _ _ _ _ _ _ _ _ _ _ _ _ _ _ _ _ _ _ _ _ _ _ _ _ _ \n\nself = <selenium.webdriver.support.wait.WebDriverWait (session=\"09c7d454e0337d330ee188b7b074ec85\")>\nmethod = <function presence_of_element_located.<locals>._predicate at 0x7f5f3eb05f80>\nmessage = ''\n\n    def until(self, method, message: str = \"\"):\n        \"\"\"Calls the method provided with the driver as an argument until the \\\n        return value does not evaluate to ``False``.\n    \n        :param method: callable(WebDriver)\n        :param message: optional message for :exc:`TimeoutException`\n        :returns: the result of the last call to `method`\n        :raises: :exc:`selenium.common.exceptions.TimeoutException` if timeout occurs\n        \"\"\"\n        screen = None\n        stacktrace = None\n    \n        end_time = time.monotonic() + self._timeout\n        while True:\n            try:\n                value = method(self._driver)\n                if value:\n                    return value\n            except self._ignored_exceptions as exc:\n                screen = getattr(exc, \"screen\", None)\n                stacktrace = getattr(exc, \"stacktrace\", None)\n            time.sleep(self._poll)\n            if time.monotonic() > end_time:\n                break\n>       raise TimeoutException(message, screen, stacktrace)\nE       selenium.common.exceptions.TimeoutException: Message: \nE       Stacktrace:\nE       #0 0x556e5654132a <unknown>\nE       #1 0x556e55f8de4b <unknown>\nE       #2 0x556e55fe082b <unknown>\nE       #3 0x556e55fe0a61 <unknown>\nE       #4 0x556e5602fa44 <unknown>\nE       #5 0x556e5602cdf7 <unknown>\nE       #6 0x556e55fd2c1a <unknown>\nE       #7 0x556e55fd3921 <unknown>\nE       #8 0x556e56508239 <unknown>\nE       #9 0x556e5650b1e8 <unknown>\nE       #10 0x556e564f14c9 <unknown>\nE       #11 0x556e5650bdb5 <unknown>\nE       #12 0x556e564d8e93 <unknown>\nE       #13 0x556e5652e098 <unknown>\nE       #14 0x556e5652e273 <unknown>\nE       #15 0x556e565402c3 <unknown>\nE       #16 0x7f3291c9caa4 <unknown>\nE       #17 0x7f3291d29c6c <unknown>\n\n/opt/hostedtoolcache/Python/3.11.14/x64/lib/python3.11/site-packages/selenium/webdriver/support/wait.py:95: TimeoutException","flaky":false,"newFailed":false,"newBroken":false,"newPassed":false,"retriesCount":0,"retriesStatusChange":false,"beforeStages":[{"name":"_session_faker","time":{"start":1763861320189,"stop":1763861320250,"duration":61},"status":"passed","steps":[],"attachments":[],"parameters":[],"stepsCount":0,"shouldDisplayMessage":false,"attachmentsCount":0,"hasContent":false,"attachmentStep":false},{"name":"clear_allure_result_folder","time":{"start":1763861320250,"stop":1763861320251,"duration":1},"status":"passed","steps":[],"attachments":[],"parameters":[],"stepsCount":0,"shouldDisplayMessage":false,"attachmentsCount":0,"hasContent":false,"attachmentStep":false},{"name":"driver","time":{"start":1763862253679,"stop":1763862254934,"duration":1255},"status":"passed","steps":[],"attachments":[],"parameters":[],"stepsCount":0,"shouldDisplayMessage":false,"attachmentsCount":0,"hasContent":false,"attachmentStep":false}],"testStage":{"description":"This test checks that the card is interactive","status":"skipped","statusMessage":"XFAIL In CI the test failed in PR#203\n\nselenium.common.exceptions.TimeoutException: Message: \nStacktrace:\n#0 0x556e5654132a <unknown>\n#1 0x556e55f8de4b <unknown>\n#2 0x556e55fe082b <unknown>\n#3 0x556e55fe0a61 <unknown>\n#4 0x556e5602fa44 <unknown>\n#5 0x556e5602cdf7 <unknown>\n#6 0x556e55fd2c1a <unknown>\n#7 0x556e55fd3921 <unknown>\n#8 0x556e56508239 <unknown>\n#9 0x556e5650b1e8 <unknown>\n#10 0x556e564f14c9 <unknown>\n#11 0x556e5650bdb5 <unknown>\n#12 0x556e564d8e93 <unknown>\n#13 0x556e5652e098 <unknown>\n#14 0x556e5652e273 <unknown>\n#15 0x556e565402c3 <unknown>\n#16 0x7f3291c9caa4 <unknown>\n#17 0x7f3291d29c6c <unknown>","statusTrace":"self = <test_main_page.TestMainPage.TestHotSellerSection object at 0x7f5f3e90b050>\ndriver = <selenium.webdriver.chrome.webdriver.WebDriver (session=\"09c7d454e0337d330ee188b7b074ec85\")>\n\n    @pytest.mark.xfail(reason=\"In CI the test failed in PR#203\")\n    @allure.title(\"TC 06.01.02 - verify the card is interactive on hover\")\n    def test_verify_the_card_is_interactive_on_hover(self, driver):\n        \"\"\"This test checks that the card is interactive\"\"\"\n        page = MainPage(driver, MAIN_PAGE_URL)\n        page.open()\n>       shadow_before, shadow_after = page.check_for_shadow_appearance_when_hovering_over_the_card()\n\ntests/test_main_page.py:24: \n_ _ _ _ _ _ _ _ _ _ _ _ _ _ _ _ _ _ _ _ _ _ _ _ _ _ _ _ _ _ _ _ _ _ _ _ _ _ _ _ \npages/main_page.py:21: in check_for_shadow_appearance_when_hovering_over_the_card\n    card_item = self.element_is_visible(self.locators.PRODUCT_CARD)\npages/base_page.py:30: in element_is_visible\n    self.go_to_element(self.element_is_present(locator))\npages/base_page.py:51: in element_is_present\n    return wait(self.driver, timeout).until(EC.presence_of_element_located(locator))\n_ _ _ _ _ _ _ _ _ _ _ _ _ _ _ _ _ _ _ _ _ _ _ _ _ _ _ _ _ _ _ _ _ _ _ _ _ _ _ _ \n\nself = <selenium.webdriver.support.wait.WebDriverWait (session=\"09c7d454e0337d330ee188b7b074ec85\")>\nmethod = <function presence_of_element_located.<locals>._predicate at 0x7f5f3eb05f80>\nmessage = ''\n\n    def until(self, method, message: str = \"\"):\n        \"\"\"Calls the method provided with the driver as an argument until the \\\n        return value does not evaluate to ``False``.\n    \n        :param method: callable(WebDriver)\n        :param message: optional message for :exc:`TimeoutException`\n        :returns: the result of the last call to `method`\n        :raises: :exc:`selenium.common.exceptions.TimeoutException` if timeout occurs\n        \"\"\"\n        screen = None\n        stacktrace = None\n    \n        end_time = time.monotonic() + self._timeout\n        while True:\n            try:\n                value = method(self._driver)\n                if value:\n                    return value\n            except self._ignored_exceptions as exc:\n                screen = getattr(exc, \"screen\", None)\n                stacktrace = getattr(exc, \"stacktrace\", None)\n            time.sleep(self._poll)\n            if time.monotonic() > end_time:\n                break\n>       raise TimeoutException(message, screen, stacktrace)\nE       selenium.common.exceptions.TimeoutException: Message: \nE       Stacktrace:\nE       #0 0x556e5654132a <unknown>\nE       #1 0x556e55f8de4b <unknown>\nE       #2 0x556e55fe082b <unknown>\nE       #3 0x556e55fe0a61 <unknown>\nE       #4 0x556e5602fa44 <unknown>\nE       #5 0x556e5602cdf7 <unknown>\nE       #6 0x556e55fd2c1a <unknown>\nE       #7 0x556e55fd3921 <unknown>\nE       #8 0x556e56508239 <unknown>\nE       #9 0x556e5650b1e8 <unknown>\nE       #10 0x556e564f14c9 <unknown>\nE       #11 0x556e5650bdb5 <unknown>\nE       #12 0x556e564d8e93 <unknown>\nE       #13 0x556e5652e098 <unknown>\nE       #14 0x556e5652e273 <unknown>\nE       #15 0x556e565402c3 <unknown>\nE       #16 0x7f3291c9caa4 <unknown>\nE       #17 0x7f3291d29c6c <unknown>\n\n/opt/hostedtoolcache/Python/3.11.14/x64/lib/python3.11/site-packages/selenium/webdriver/support/wait.py:95: TimeoutException","steps":[{"name":"Open a browser","time":{"start":1763862254935,"stop":1763862255098,"duration":163},"status":"passed","steps":[],"attachments":[],"parameters":[],"stepsCount":0,"shouldDisplayMessage":false,"attachmentsCount":0,"hasContent":false,"attachmentStep":false},{"name":"Find a visible element","time":{"start":1763862255098,"stop":1763862260204,"duration":5106},"status":"broken","statusMessage":"selenium.common.exceptions.TimeoutException: Message: \nStacktrace:\n#0 0x556e5654132a <unknown>\n#1 0x556e55f8de4b <unknown>\n#2 0x556e55fe082b <unknown>\n#3 0x556e55fe0a61 <unknown>\n#4 0x556e5602fa44 <unknown>\n#5 0x556e5602cdf7 <unknown>\n#6 0x556e55fd2c1a <unknown>\n#7 0x556e55fd3921 <unknown>\n#8 0x556e56508239 <unknown>\n#9 0x556e5650b1e8 <unknown>\n#10 0x556e564f14c9 <unknown>\n#11 0x556e5650bdb5 <unknown>\n#12 0x556e564d8e93 <unknown>\n#13 0x556e5652e098 <unknown>\n#14 0x556e5652e273 <unknown>\n#15 0x556e565402c3 <unknown>\n#16 0x7f3291c9caa4 <unknown>\n#17 0x7f3291d29c6c <unknown>\n\n","statusTrace":"  File \"/opt/hostedtoolcache/Python/3.11.14/x64/lib/python3.11/site-packages/allure_commons/_allure.py\", line 192, in impl\n    return func(*a, **kw)\n           ^^^^^^^^^^^^^^\n  File \"/home/runner/work/luma_project/luma_project/pages/base_page.py\", line 30, in element_is_visible\n    self.go_to_element(self.element_is_present(locator))\n                       ^^^^^^^^^^^^^^^^^^^^^^^^^^^^^^^^\n  File \"/opt/hostedtoolcache/Python/3.11.14/x64/lib/python3.11/site-packages/allure_commons/_allure.py\", line 192, in impl\n    return func(*a, **kw)\n           ^^^^^^^^^^^^^^\n  File \"/home/runner/work/luma_project/luma_project/pages/base_page.py\", line 51, in element_is_present\n    return wait(self.driver, timeout).until(EC.presence_of_element_located(locator))\n           ^^^^^^^^^^^^^^^^^^^^^^^^^^^^^^^^^^^^^^^^^^^^^^^^^^^^^^^^^^^^^^^^^^^^^^^^^\n  File \"/opt/hostedtoolcache/Python/3.11.14/x64/lib/python3.11/site-packages/selenium/webdriver/support/wait.py\", line 95, in until\n    raise TimeoutException(message, screen, stacktrace)\n","steps":[{"name":"Find a present element","time":{"start":1763862255098,"stop":1763862260204,"duration":5106},"status":"broken","statusMessage":"selenium.common.exceptions.TimeoutException: Message: \nStacktrace:\n#0 0x556e5654132a <unknown>\n#1 0x556e55f8de4b <unknown>\n#2 0x556e55fe082b <unknown>\n#3 0x556e55fe0a61 <unknown>\n#4 0x556e5602fa44 <unknown>\n#5 0x556e5602cdf7 <unknown>\n#6 0x556e55fd2c1a <unknown>\n#7 0x556e55fd3921 <unknown>\n#8 0x556e56508239 <unknown>\n#9 0x556e5650b1e8 <unknown>\n#10 0x556e564f14c9 <unknown>\n#11 0x556e5650bdb5 <unknown>\n#12 0x556e564d8e93 <unknown>\n#13 0x556e5652e098 <unknown>\n#14 0x556e5652e273 <unknown>\n#15 0x556e565402c3 <unknown>\n#16 0x7f3291c9caa4 <unknown>\n#17 0x7f3291d29c6c <unknown>\n\n","statusTrace":"  File \"/opt/hostedtoolcache/Python/3.11.14/x64/lib/python3.11/site-packages/allure_commons/_allure.py\", line 192, in impl\n    return func(*a, **kw)\n           ^^^^^^^^^^^^^^\n  File \"/home/runner/work/luma_project/luma_project/pages/base_page.py\", line 51, in element_is_present\n    return wait(self.driver, timeout).until(EC.presence_of_element_located(locator))\n           ^^^^^^^^^^^^^^^^^^^^^^^^^^^^^^^^^^^^^^^^^^^^^^^^^^^^^^^^^^^^^^^^^^^^^^^^^\n  File \"/opt/hostedtoolcache/Python/3.11.14/x64/lib/python3.11/site-packages/selenium/webdriver/support/wait.py\", line 95, in until\n    raise TimeoutException(message, screen, stacktrace)\n","steps":[],"attachments":[],"parameters":[{"name":"locator","value":"('css selector', \"li[class='product-item']:nth-child(4) div[class='product-item-info']\")"},{"name":"timeout","value":"5"}],"stepsCount":0,"shouldDisplayMessage":true,"attachmentsCount":0,"hasContent":true,"attachmentStep":false}],"attachments":[],"parameters":[{"name":"locator","value":"('css selector', \"li[class='product-item']:nth-child(4) div[class='product-item-info']\")"},{"name":"timeout","value":"10"}],"stepsCount":1,"shouldDisplayMessage":false,"attachmentsCount":0,"hasContent":true,"attachmentStep":false}],"attachments":[{"uid":"a49e3e3d6e673d02","name":"Screenshot","source":"a49e3e3d6e673d02.png","type":"image/png","size":23875},{"uid":"ee0a8fa70ec2e2f0","name":"HTML source","source":"ee0a8fa70ec2e2f0.html","type":"text/html","size":1433}],"parameters":[],"stepsCount":3,"shouldDisplayMessage":true,"attachmentsCount":2,"hasContent":true,"attachmentStep":false},"afterStages":[{"name":"driver::0","time":{"start":1763862260285,"stop":1763862260346,"duration":61},"status":"passed","steps":[],"attachments":[],"parameters":[],"stepsCount":0,"shouldDisplayMessage":false,"attachmentsCount":0,"hasContent":false,"attachmentStep":false},{"name":"clear_allure_result_folder::0","time":{"start":1763863720556,"stop":1763863720556,"duration":0},"status":"passed","steps":[],"attachments":[],"parameters":[],"stepsCount":0,"shouldDisplayMessage":false,"attachmentsCount":0,"hasContent":false,"attachmentStep":false}],"labels":[{"name":"feature","value":"Testing Hot Seller Section"},{"name":"epic","value":"Main Page"},{"name":"tag","value":"@pytest.mark.xfail(reason='In CI the test failed in PR#203')"},{"name":"parentSuite","value":"tests"},{"name":"suite","value":"test_main_page"},{"name":"subSuite","value":"TestMainPage"},{"name":"host","value":"runnervmg1sw1"},{"name":"thread","value":"2964-MainThread"},{"name":"framework","value":"pytest"},{"name":"language","value":"cpython3"},{"name":"package","value":"tests.test_main_page"},{"name":"resultFormat","value":"allure2"}],"parameters":[],"links":[],"hidden":false,"retry":false,"extra":{"severity":"normal","retries":[],"categories":[],"tags":["@pytest.mark.xfail(reason='In CI the test failed in PR#203')"]},"source":"e06ec1340b22171c.json","parameterValues":[]}