{"uid":"c12795389cac43b8","name":"tc 07.02.25 Verify the message coupon code is not valid is displayed correct","fullName":"tests.test_shopping_cart.TestShoppingCartFull#test_tc_07_02_25_verify_msg_coupon_code_is_not_valid_is_displayed","historyId":"492343fa43b6d6d286e390bbb49df7ba","time":{"start":1746927866110,"stop":1746927870141,"duration":4031},"description":"Check that message coupon code is not valid is displayed correct","descriptionHtml":"<p>Check that message coupon code is not valid is displayed correct</p>\n","status":"broken","statusMessage":"selenium.common.exceptions.StaleElementReferenceException: Message: stale element reference: stale element not found in the current frame\n  (Session info: chrome=136.0.7103.59); For documentation on this error, please visit: https://www.selenium.dev/documentation/webdriver/troubleshooting/errors#stale-element-reference-exception\nStacktrace:\n#0 0x55bfb42867fa <unknown>\n#1 0x55bfb3d2ae90 <unknown>\n#2 0x55bfb3d31b3f <unknown>\n#3 0x55bfb3d34697 <unknown>\n#4 0x55bfb3dc90ee <unknown>\n#5 0x55bfb3da2242 <unknown>\n#6 0x55bfb3dc8135 <unknown>\n#7 0x55bfb3da2013 <unknown>\n#8 0x55bfb3d6eb3b <unknown>\n#9 0x55bfb3d6f7a1 <unknown>\n#10 0x55bfb424bb9b <unknown>\n#11 0x55bfb424fa8a <unknown>\n#12 0x55bfb4233912 <unknown>\n#13 0x55bfb4250604 <unknown>\n#14 0x55bfb421874f <unknown>\n#15 0x55bfb4274678 <unknown>\n#16 0x55bfb4274856 <unknown>\n#17 0x55bfb4285666 <unknown>\n#18 0x7f514e69caa4 <unknown>\n#19 0x7f514e729c3c <unknown>","statusTrace":"self = <test_shopping_cart.TestShoppingCartFull object at 0x7fb2ed8e14d0>\ndriver = <selenium.webdriver.chrome.webdriver.WebDriver (session=\"96755ac8703110ff3d0e627c7f1983b8\")>\nfull_cart_page = None\n\n    @allure.title(\"tc 07.02.25 Verify the message coupon code is not valid is displayed correct\")\n    def test_tc_07_02_25_verify_msg_coupon_code_is_not_valid_is_displayed(self, driver, full_cart_page):\n        \"\"\"Check that message coupon code is not valid is displayed correct\"\"\"\n        page = ShoppingCartPage(driver, SHOPPING_CART_PAGE)\n        page.open()\n        page.click_apply_discount_code()\n        page.send_discount_code(page.code)\n        page.click_btn_apply_discount()\n>       msg = page.get_msg_discount_code_is_not_valid()\n\ntests/test_shopping_cart.py:166: \n_ _ _ _ _ _ _ _ _ _ _ _ _ _ _ _ _ _ _ _ _ _ _ _ _ _ _ _ _ _ _ _ _ _ _ _ _ _ _ _ \npages/shopping_cart_page.py:219: in get_msg_discount_code_is_not_valid\n    msg = self.element_is_visible(self.shopping_locators.MSG_CODE_IS_NOT_VALID).text\npages/base_page.py:30: in element_is_visible\n    self.go_to_element(self.element_is_present(locator))\npages/base_page.py:88: in go_to_element\n    self.driver.execute_script(\"arguments[0].scrollIntoView();\", element)\n/opt/hostedtoolcache/Python/3.11.12/x64/lib/python3.11/site-packages/selenium/webdriver/remote/webdriver.py:404: in execute_script\n    return self.execute(command, {\"script\": script, \"args\": converted_args})[\"value\"]\n/opt/hostedtoolcache/Python/3.11.12/x64/lib/python3.11/site-packages/selenium/webdriver/remote/webdriver.py:344: in execute\n    self.error_handler.check_response(response)\n_ _ _ _ _ _ _ _ _ _ _ _ _ _ _ _ _ _ _ _ _ _ _ _ _ _ _ _ _ _ _ _ _ _ _ _ _ _ _ _ \n\nself = <selenium.webdriver.remote.errorhandler.ErrorHandler object at 0x7fb2ed53e490>\nresponse = {'status': 404, 'value': '{\"value\":{\"error\":\"stale element reference\",\"message\":\"stale element reference: stale elemen...\\\\n#17 0x55bfb4285666 \\\\u003Cunknown>\\\\n#18 0x7f514e69caa4 \\\\u003Cunknown>\\\\n#19 0x7f514e729c3c \\\\u003Cunknown>\\\\n\"}}'}\n\n    def check_response(self, response: Dict[str, Any]) -> None:\n        \"\"\"Checks that a JSON response from the WebDriver does not have an\n        error.\n    \n        :Args:\n         - response - The JSON response from the WebDriver server as a dictionary\n           object.\n    \n        :Raises: If the response contains an error message.\n        \"\"\"\n        status = response.get(\"status\", None)\n        if not status or status == ErrorCode.SUCCESS:\n            return\n        value = None\n        message = response.get(\"message\", \"\")\n        screen: str = response.get(\"screen\", \"\")\n        stacktrace = None\n        if isinstance(status, int):\n            value_json = response.get(\"value\", None)\n            if value_json and isinstance(value_json, str):\n                import json\n    \n                try:\n                    value = json.loads(value_json)\n                    if len(value) == 1:\n                        value = value[\"value\"]\n                    status = value.get(\"error\", None)\n                    if not status:\n                        status = value.get(\"status\", ErrorCode.UNKNOWN_ERROR)\n                        message = value.get(\"value\") or value.get(\"message\")\n                        if not isinstance(message, str):\n                            value = message\n                            message = message.get(\"message\")\n                    else:\n                        message = value.get(\"message\", None)\n                except ValueError:\n                    pass\n    \n        exception_class: Type[WebDriverException]\n        e = ErrorCode()\n        error_codes = [item for item in dir(e) if not item.startswith(\"__\")]\n        for error_code in error_codes:\n            error_info = getattr(ErrorCode, error_code)\n            if isinstance(error_info, list) and status in error_info:\n                exception_class = getattr(ExceptionMapping, error_code, WebDriverException)\n                break\n        else:\n            exception_class = WebDriverException\n    \n        if not value:\n            value = response[\"value\"]\n        if isinstance(value, str):\n            raise exception_class(value)\n        if message == \"\" and \"message\" in value:\n            message = value[\"message\"]\n    \n        screen = None  # type: ignore[assignment]\n        if \"screen\" in value:\n            screen = value[\"screen\"]\n    \n        stacktrace = None\n        st_value = value.get(\"stackTrace\") or value.get(\"stacktrace\")\n        if st_value:\n            if isinstance(st_value, str):\n                stacktrace = st_value.split(\"\\n\")\n            else:\n                stacktrace = []\n                try:\n                    for frame in st_value:\n                        line = frame.get(\"lineNumber\", \"\")\n                        file = frame.get(\"fileName\", \"<anonymous>\")\n                        if line:\n                            file = f\"{file}:{line}\"\n                        meth = frame.get(\"methodName\", \"<anonymous>\")\n                        if \"className\" in frame:\n                            meth = f\"{frame['className']}.{meth}\"\n                        msg = \"    at %s (%s)\"\n                        msg = msg % (meth, file)\n                        stacktrace.append(msg)\n                except TypeError:\n                    pass\n        if exception_class == UnexpectedAlertPresentException:\n            alert_text = None\n            if \"data\" in value:\n                alert_text = value[\"data\"].get(\"text\")\n            elif \"alert\" in value:\n                alert_text = value[\"alert\"].get(\"text\")\n            raise exception_class(message, screen, stacktrace, alert_text)  # type: ignore[call-arg]  # mypy is not smart enough here\n>       raise exception_class(message, screen, stacktrace)\nE       selenium.common.exceptions.StaleElementReferenceException: Message: stale element reference: stale element not found in the current frame\nE         (Session info: chrome=136.0.7103.59); For documentation on this error, please visit: https://www.selenium.dev/documentation/webdriver/troubleshooting/errors#stale-element-reference-exception\nE       Stacktrace:\nE       #0 0x55bfb42867fa <unknown>\nE       #1 0x55bfb3d2ae90 <unknown>\nE       #2 0x55bfb3d31b3f <unknown>\nE       #3 0x55bfb3d34697 <unknown>\nE       #4 0x55bfb3dc90ee <unknown>\nE       #5 0x55bfb3da2242 <unknown>\nE       #6 0x55bfb3dc8135 <unknown>\nE       #7 0x55bfb3da2013 <unknown>\nE       #8 0x55bfb3d6eb3b <unknown>\nE       #9 0x55bfb3d6f7a1 <unknown>\nE       #10 0x55bfb424bb9b <unknown>\nE       #11 0x55bfb424fa8a <unknown>\nE       #12 0x55bfb4233912 <unknown>\nE       #13 0x55bfb4250604 <unknown>\nE       #14 0x55bfb421874f <unknown>\nE       #15 0x55bfb4274678 <unknown>\nE       #16 0x55bfb4274856 <unknown>\nE       #17 0x55bfb4285666 <unknown>\nE       #18 0x7f514e69caa4 <unknown>\nE       #19 0x7f514e729c3c <unknown>\n\n/opt/hostedtoolcache/Python/3.11.12/x64/lib/python3.11/site-packages/selenium/webdriver/remote/errorhandler.py:229: StaleElementReferenceException","flaky":false,"newFailed":false,"newBroken":false,"newPassed":false,"retriesCount":0,"retriesStatusChange":false,"beforeStages":[{"name":"_session_faker","time":{"start":1746926533006,"stop":1746926533068,"duration":62},"status":"passed","steps":[],"attachments":[],"parameters":[],"shouldDisplayMessage":false,"stepsCount":0,"attachmentsCount":0,"hasContent":false,"attachmentStep":false},{"name":"clear_allure_result_folder","time":{"start":1746926533068,"stop":1746926533068,"duration":0},"status":"passed","steps":[],"attachments":[],"parameters":[],"shouldDisplayMessage":false,"stepsCount":0,"attachmentsCount":0,"hasContent":false,"attachmentStep":false},{"name":"driver","time":{"start":1746927860375,"stop":1746927861644,"duration":1269},"status":"passed","steps":[],"attachments":[],"parameters":[],"shouldDisplayMessage":false,"stepsCount":0,"attachmentsCount":0,"hasContent":false,"attachmentStep":false},{"name":"full_cart_page","time":{"start":1746927861644,"stop":1746927866109,"duration":4465},"status":"passed","steps":[],"attachments":[],"parameters":[],"shouldDisplayMessage":false,"stepsCount":0,"attachmentsCount":0,"hasContent":false,"attachmentStep":false}],"testStage":{"description":"Check that message coupon code is not valid is displayed correct","status":"broken","statusMessage":"selenium.common.exceptions.StaleElementReferenceException: Message: stale element reference: stale element not found in the current frame\n  (Session info: chrome=136.0.7103.59); For documentation on this error, please visit: https://www.selenium.dev/documentation/webdriver/troubleshooting/errors#stale-element-reference-exception\nStacktrace:\n#0 0x55bfb42867fa <unknown>\n#1 0x55bfb3d2ae90 <unknown>\n#2 0x55bfb3d31b3f <unknown>\n#3 0x55bfb3d34697 <unknown>\n#4 0x55bfb3dc90ee <unknown>\n#5 0x55bfb3da2242 <unknown>\n#6 0x55bfb3dc8135 <unknown>\n#7 0x55bfb3da2013 <unknown>\n#8 0x55bfb3d6eb3b <unknown>\n#9 0x55bfb3d6f7a1 <unknown>\n#10 0x55bfb424bb9b <unknown>\n#11 0x55bfb424fa8a <unknown>\n#12 0x55bfb4233912 <unknown>\n#13 0x55bfb4250604 <unknown>\n#14 0x55bfb421874f <unknown>\n#15 0x55bfb4274678 <unknown>\n#16 0x55bfb4274856 <unknown>\n#17 0x55bfb4285666 <unknown>\n#18 0x7f514e69caa4 <unknown>\n#19 0x7f514e729c3c <unknown>","statusTrace":"self = <test_shopping_cart.TestShoppingCartFull object at 0x7fb2ed8e14d0>\ndriver = <selenium.webdriver.chrome.webdriver.WebDriver (session=\"96755ac8703110ff3d0e627c7f1983b8\")>\nfull_cart_page = None\n\n    @allure.title(\"tc 07.02.25 Verify the message coupon code is not valid is displayed correct\")\n    def test_tc_07_02_25_verify_msg_coupon_code_is_not_valid_is_displayed(self, driver, full_cart_page):\n        \"\"\"Check that message coupon code is not valid is displayed correct\"\"\"\n        page = ShoppingCartPage(driver, SHOPPING_CART_PAGE)\n        page.open()\n        page.click_apply_discount_code()\n        page.send_discount_code(page.code)\n        page.click_btn_apply_discount()\n>       msg = page.get_msg_discount_code_is_not_valid()\n\ntests/test_shopping_cart.py:166: \n_ _ _ _ _ _ _ _ _ _ _ _ _ _ _ _ _ _ _ _ _ _ _ _ _ _ _ _ _ _ _ _ _ _ _ _ _ _ _ _ \npages/shopping_cart_page.py:219: in get_msg_discount_code_is_not_valid\n    msg = self.element_is_visible(self.shopping_locators.MSG_CODE_IS_NOT_VALID).text\npages/base_page.py:30: in element_is_visible\n    self.go_to_element(self.element_is_present(locator))\npages/base_page.py:88: in go_to_element\n    self.driver.execute_script(\"arguments[0].scrollIntoView();\", element)\n/opt/hostedtoolcache/Python/3.11.12/x64/lib/python3.11/site-packages/selenium/webdriver/remote/webdriver.py:404: in execute_script\n    return self.execute(command, {\"script\": script, \"args\": converted_args})[\"value\"]\n/opt/hostedtoolcache/Python/3.11.12/x64/lib/python3.11/site-packages/selenium/webdriver/remote/webdriver.py:344: in execute\n    self.error_handler.check_response(response)\n_ _ _ _ _ _ _ _ _ _ _ _ _ _ _ _ _ _ _ _ _ _ _ _ _ _ _ _ _ _ _ _ _ _ _ _ _ _ _ _ \n\nself = <selenium.webdriver.remote.errorhandler.ErrorHandler object at 0x7fb2ed53e490>\nresponse = {'status': 404, 'value': '{\"value\":{\"error\":\"stale element reference\",\"message\":\"stale element reference: stale elemen...\\\\n#17 0x55bfb4285666 \\\\u003Cunknown>\\\\n#18 0x7f514e69caa4 \\\\u003Cunknown>\\\\n#19 0x7f514e729c3c \\\\u003Cunknown>\\\\n\"}}'}\n\n    def check_response(self, response: Dict[str, Any]) -> None:\n        \"\"\"Checks that a JSON response from the WebDriver does not have an\n        error.\n    \n        :Args:\n         - response - The JSON response from the WebDriver server as a dictionary\n           object.\n    \n        :Raises: If the response contains an error message.\n        \"\"\"\n        status = response.get(\"status\", None)\n        if not status or status == ErrorCode.SUCCESS:\n            return\n        value = None\n        message = response.get(\"message\", \"\")\n        screen: str = response.get(\"screen\", \"\")\n        stacktrace = None\n        if isinstance(status, int):\n            value_json = response.get(\"value\", None)\n            if value_json and isinstance(value_json, str):\n                import json\n    \n                try:\n                    value = json.loads(value_json)\n                    if len(value) == 1:\n                        value = value[\"value\"]\n                    status = value.get(\"error\", None)\n                    if not status:\n                        status = value.get(\"status\", ErrorCode.UNKNOWN_ERROR)\n                        message = value.get(\"value\") or value.get(\"message\")\n                        if not isinstance(message, str):\n                            value = message\n                            message = message.get(\"message\")\n                    else:\n                        message = value.get(\"message\", None)\n                except ValueError:\n                    pass\n    \n        exception_class: Type[WebDriverException]\n        e = ErrorCode()\n        error_codes = [item for item in dir(e) if not item.startswith(\"__\")]\n        for error_code in error_codes:\n            error_info = getattr(ErrorCode, error_code)\n            if isinstance(error_info, list) and status in error_info:\n                exception_class = getattr(ExceptionMapping, error_code, WebDriverException)\n                break\n        else:\n            exception_class = WebDriverException\n    \n        if not value:\n            value = response[\"value\"]\n        if isinstance(value, str):\n            raise exception_class(value)\n        if message == \"\" and \"message\" in value:\n            message = value[\"message\"]\n    \n        screen = None  # type: ignore[assignment]\n        if \"screen\" in value:\n            screen = value[\"screen\"]\n    \n        stacktrace = None\n        st_value = value.get(\"stackTrace\") or value.get(\"stacktrace\")\n        if st_value:\n            if isinstance(st_value, str):\n                stacktrace = st_value.split(\"\\n\")\n            else:\n                stacktrace = []\n                try:\n                    for frame in st_value:\n                        line = frame.get(\"lineNumber\", \"\")\n                        file = frame.get(\"fileName\", \"<anonymous>\")\n                        if line:\n                            file = f\"{file}:{line}\"\n                        meth = frame.get(\"methodName\", \"<anonymous>\")\n                        if \"className\" in frame:\n                            meth = f\"{frame['className']}.{meth}\"\n                        msg = \"    at %s (%s)\"\n                        msg = msg % (meth, file)\n                        stacktrace.append(msg)\n                except TypeError:\n                    pass\n        if exception_class == UnexpectedAlertPresentException:\n            alert_text = None\n            if \"data\" in value:\n                alert_text = value[\"data\"].get(\"text\")\n            elif \"alert\" in value:\n                alert_text = value[\"alert\"].get(\"text\")\n            raise exception_class(message, screen, stacktrace, alert_text)  # type: ignore[call-arg]  # mypy is not smart enough here\n>       raise exception_class(message, screen, stacktrace)\nE       selenium.common.exceptions.StaleElementReferenceException: Message: stale element reference: stale element not found in the current frame\nE         (Session info: chrome=136.0.7103.59); For documentation on this error, please visit: https://www.selenium.dev/documentation/webdriver/troubleshooting/errors#stale-element-reference-exception\nE       Stacktrace:\nE       #0 0x55bfb42867fa <unknown>\nE       #1 0x55bfb3d2ae90 <unknown>\nE       #2 0x55bfb3d31b3f <unknown>\nE       #3 0x55bfb3d34697 <unknown>\nE       #4 0x55bfb3dc90ee <unknown>\nE       #5 0x55bfb3da2242 <unknown>\nE       #6 0x55bfb3dc8135 <unknown>\nE       #7 0x55bfb3da2013 <unknown>\nE       #8 0x55bfb3d6eb3b <unknown>\nE       #9 0x55bfb3d6f7a1 <unknown>\nE       #10 0x55bfb424bb9b <unknown>\nE       #11 0x55bfb424fa8a <unknown>\nE       #12 0x55bfb4233912 <unknown>\nE       #13 0x55bfb4250604 <unknown>\nE       #14 0x55bfb421874f <unknown>\nE       #15 0x55bfb4274678 <unknown>\nE       #16 0x55bfb4274856 <unknown>\nE       #17 0x55bfb4285666 <unknown>\nE       #18 0x7f514e69caa4 <unknown>\nE       #19 0x7f514e729c3c <unknown>\n\n/opt/hostedtoolcache/Python/3.11.12/x64/lib/python3.11/site-packages/selenium/webdriver/remote/errorhandler.py:229: StaleElementReferenceException","steps":[{"name":"Open a browser","time":{"start":1746927866110,"stop":1746927867415,"duration":1305},"status":"passed","steps":[],"attachments":[],"parameters":[],"shouldDisplayMessage":false,"stepsCount":0,"attachmentsCount":0,"hasContent":false,"attachmentStep":false},{"name":"Apply Discount Code on click","time":{"start":1746927867415,"stop":1746927867566,"duration":151},"status":"passed","steps":[{"name":"Find clickable elements","time":{"start":1746927867415,"stop":1746927867494,"duration":79},"status":"passed","steps":[],"attachments":[],"parameters":[{"name":"locator","value":"('css selector', '#block-discount-heading')"},{"name":"timeout","value":"5"}],"shouldDisplayMessage":false,"stepsCount":0,"attachmentsCount":0,"hasContent":true,"attachmentStep":false}],"attachments":[],"parameters":[],"shouldDisplayMessage":false,"stepsCount":1,"attachmentsCount":0,"hasContent":true,"attachmentStep":false},{"name":"Send discount code","time":{"start":1746927867566,"stop":1746927867707,"duration":141},"status":"passed","steps":[{"name":"Fill in a field","time":{"start":1746927867567,"stop":1746927867707,"duration":140},"status":"passed","steps":[{"name":"Find clickable elements","time":{"start":1746927867567,"stop":1746927867607,"duration":40},"status":"passed","steps":[],"attachments":[],"parameters":[{"name":"locator","value":"('css selector', '#coupon_code')"},{"name":"timeout","value":"5"}],"shouldDisplayMessage":false,"stepsCount":0,"attachmentsCount":0,"hasContent":true,"attachmentStep":false}],"attachments":[],"parameters":[{"name":"locator","value":"('css selector', '#coupon_code')"},{"name":"value","value":"'tascjlba'"}],"shouldDisplayMessage":false,"stepsCount":1,"attachmentsCount":0,"hasContent":true,"attachmentStep":false}],"attachments":[],"parameters":[{"name":"code","value":"'tascjlba'"}],"shouldDisplayMessage":false,"stepsCount":2,"attachmentsCount":0,"hasContent":true,"attachmentStep":false},{"name":"Click button Apply Discount","time":{"start":1746927867707,"stop":1746927870077,"duration":2370},"status":"passed","steps":[{"name":"Find clickable elements","time":{"start":1746927867707,"stop":1746927867727,"duration":20},"status":"passed","steps":[],"attachments":[],"parameters":[{"name":"locator","value":"('css selector', '#discount-coupon-form > div > div.actions-toolbar > div > button')"},{"name":"timeout","value":"5"}],"shouldDisplayMessage":false,"stepsCount":0,"attachmentsCount":0,"hasContent":true,"attachmentStep":false}],"attachments":[],"parameters":[],"shouldDisplayMessage":false,"stepsCount":1,"attachmentsCount":0,"hasContent":true,"attachmentStep":false},{"name":"Get message discount code is not valid by page","time":{"start":1746927870077,"stop":1746927870141,"duration":64},"status":"broken","statusMessage":"selenium.common.exceptions.StaleElementReferenceException: Message: stale element reference: stale element not found in the current frame\n  (Session info: chrome=136.0.7103.59); For documentation on this error, please visit: https://www.selenium.dev/documentation/webdriver/troubleshooting/errors#stale-element-reference-exception\nStacktrace:\n#0 0x55bfb42867fa <unknown>\n#1 0x55bfb3d2ae90 <unknown>\n#2 0x55bfb3d31b3f <unknown>\n#3 0x55bfb3d34697 <unknown>\n#4 0x55bfb3dc90ee <unknown>\n#5 0x55bfb3da2242 <unknown>\n#6 0x55bfb3dc8135 <unknown>\n#7 0x55bfb3da2013 <unknown>\n#8 0x55bfb3d6eb3b <unknown>\n#9 0x55bfb3d6f7a1 <unknown>\n#10 0x55bfb424bb9b <unknown>\n#11 0x55bfb424fa8a <unknown>\n#12 0x55bfb4233912 <unknown>\n#13 0x55bfb4250604 <unknown>\n#14 0x55bfb421874f <unknown>\n#15 0x55bfb4274678 <unknown>\n#16 0x55bfb4274856 <unknown>\n#17 0x55bfb4285666 <unknown>\n#18 0x7f514e69caa4 <unknown>\n#19 0x7f514e729c3c <unknown>\n\n","statusTrace":"  File \"/opt/hostedtoolcache/Python/3.11.12/x64/lib/python3.11/site-packages/allure_commons/_allure.py\", line 192, in impl\n    return func(*a, **kw)\n           ^^^^^^^^^^^^^^\n  File \"/home/runner/work/luma_project/luma_project/pages/shopping_cart_page.py\", line 219, in get_msg_discount_code_is_not_valid\n    msg = self.element_is_visible(self.shopping_locators.MSG_CODE_IS_NOT_VALID).text\n          ^^^^^^^^^^^^^^^^^^^^^^^^^^^^^^^^^^^^^^^^^^^^^^^^^^^^^^^^^^^^^^^^^^^^^\n  File \"/opt/hostedtoolcache/Python/3.11.12/x64/lib/python3.11/site-packages/allure_commons/_allure.py\", line 192, in impl\n    return func(*a, **kw)\n           ^^^^^^^^^^^^^^\n  File \"/home/runner/work/luma_project/luma_project/pages/base_page.py\", line 30, in element_is_visible\n    self.go_to_element(self.element_is_present(locator))\n  File \"/opt/hostedtoolcache/Python/3.11.12/x64/lib/python3.11/site-packages/allure_commons/_allure.py\", line 192, in impl\n    return func(*a, **kw)\n           ^^^^^^^^^^^^^^\n  File \"/home/runner/work/luma_project/luma_project/pages/base_page.py\", line 88, in go_to_element\n    self.driver.execute_script(\"arguments[0].scrollIntoView();\", element)\n  File \"/opt/hostedtoolcache/Python/3.11.12/x64/lib/python3.11/site-packages/selenium/webdriver/remote/webdriver.py\", line 404, in execute_script\n    return self.execute(command, {\"script\": script, \"args\": converted_args})[\"value\"]\n           ^^^^^^^^^^^^^^^^^^^^^^^^^^^^^^^^^^^^^^^^^^^^^^^^^^^^^^^^^^^^^^^^^\n  File \"/opt/hostedtoolcache/Python/3.11.12/x64/lib/python3.11/site-packages/selenium/webdriver/remote/webdriver.py\", line 344, in execute\n    self.error_handler.check_response(response)\n  File \"/opt/hostedtoolcache/Python/3.11.12/x64/lib/python3.11/site-packages/selenium/webdriver/remote/errorhandler.py\", line 229, in check_response\n    raise exception_class(message, screen, stacktrace)\n","steps":[{"name":"Find a visible element","time":{"start":1746927870078,"stop":1746927870140,"duration":62},"status":"broken","statusMessage":"selenium.common.exceptions.StaleElementReferenceException: Message: stale element reference: stale element not found in the current frame\n  (Session info: chrome=136.0.7103.59); For documentation on this error, please visit: https://www.selenium.dev/documentation/webdriver/troubleshooting/errors#stale-element-reference-exception\nStacktrace:\n#0 0x55bfb42867fa <unknown>\n#1 0x55bfb3d2ae90 <unknown>\n#2 0x55bfb3d31b3f <unknown>\n#3 0x55bfb3d34697 <unknown>\n#4 0x55bfb3dc90ee <unknown>\n#5 0x55bfb3da2242 <unknown>\n#6 0x55bfb3dc8135 <unknown>\n#7 0x55bfb3da2013 <unknown>\n#8 0x55bfb3d6eb3b <unknown>\n#9 0x55bfb3d6f7a1 <unknown>\n#10 0x55bfb424bb9b <unknown>\n#11 0x55bfb424fa8a <unknown>\n#12 0x55bfb4233912 <unknown>\n#13 0x55bfb4250604 <unknown>\n#14 0x55bfb421874f <unknown>\n#15 0x55bfb4274678 <unknown>\n#16 0x55bfb4274856 <unknown>\n#17 0x55bfb4285666 <unknown>\n#18 0x7f514e69caa4 <unknown>\n#19 0x7f514e729c3c <unknown>\n\n","statusTrace":"  File \"/opt/hostedtoolcache/Python/3.11.12/x64/lib/python3.11/site-packages/allure_commons/_allure.py\", line 192, in impl\n    return func(*a, **kw)\n           ^^^^^^^^^^^^^^\n  File \"/home/runner/work/luma_project/luma_project/pages/base_page.py\", line 30, in element_is_visible\n    self.go_to_element(self.element_is_present(locator))\n  File \"/opt/hostedtoolcache/Python/3.11.12/x64/lib/python3.11/site-packages/allure_commons/_allure.py\", line 192, in impl\n    return func(*a, **kw)\n           ^^^^^^^^^^^^^^\n  File \"/home/runner/work/luma_project/luma_project/pages/base_page.py\", line 88, in go_to_element\n    self.driver.execute_script(\"arguments[0].scrollIntoView();\", element)\n  File \"/opt/hostedtoolcache/Python/3.11.12/x64/lib/python3.11/site-packages/selenium/webdriver/remote/webdriver.py\", line 404, in execute_script\n    return self.execute(command, {\"script\": script, \"args\": converted_args})[\"value\"]\n           ^^^^^^^^^^^^^^^^^^^^^^^^^^^^^^^^^^^^^^^^^^^^^^^^^^^^^^^^^^^^^^^^^\n  File \"/opt/hostedtoolcache/Python/3.11.12/x64/lib/python3.11/site-packages/selenium/webdriver/remote/webdriver.py\", line 344, in execute\n    self.error_handler.check_response(response)\n  File \"/opt/hostedtoolcache/Python/3.11.12/x64/lib/python3.11/site-packages/selenium/webdriver/remote/errorhandler.py\", line 229, in check_response\n    raise exception_class(message, screen, stacktrace)\n","steps":[{"name":"Find a present element","time":{"start":1746927870078,"stop":1746927870093,"duration":15},"status":"passed","steps":[],"attachments":[],"parameters":[{"name":"locator","value":"('css selector', '#maincontent > div.page.messages > div:nth-child(2) > div > div > div')"},{"name":"timeout","value":"5"}],"shouldDisplayMessage":false,"stepsCount":0,"attachmentsCount":0,"hasContent":true,"attachmentStep":false},{"name":"Go to specified element","time":{"start":1746927870093,"stop":1746927870140,"duration":47},"status":"broken","statusMessage":"selenium.common.exceptions.StaleElementReferenceException: Message: stale element reference: stale element not found in the current frame\n  (Session info: chrome=136.0.7103.59); For documentation on this error, please visit: https://www.selenium.dev/documentation/webdriver/troubleshooting/errors#stale-element-reference-exception\nStacktrace:\n#0 0x55bfb42867fa <unknown>\n#1 0x55bfb3d2ae90 <unknown>\n#2 0x55bfb3d31b3f <unknown>\n#3 0x55bfb3d34697 <unknown>\n#4 0x55bfb3dc90ee <unknown>\n#5 0x55bfb3da2242 <unknown>\n#6 0x55bfb3dc8135 <unknown>\n#7 0x55bfb3da2013 <unknown>\n#8 0x55bfb3d6eb3b <unknown>\n#9 0x55bfb3d6f7a1 <unknown>\n#10 0x55bfb424bb9b <unknown>\n#11 0x55bfb424fa8a <unknown>\n#12 0x55bfb4233912 <unknown>\n#13 0x55bfb4250604 <unknown>\n#14 0x55bfb421874f <unknown>\n#15 0x55bfb4274678 <unknown>\n#16 0x55bfb4274856 <unknown>\n#17 0x55bfb4285666 <unknown>\n#18 0x7f514e69caa4 <unknown>\n#19 0x7f514e729c3c <unknown>\n\n","statusTrace":"  File \"/opt/hostedtoolcache/Python/3.11.12/x64/lib/python3.11/site-packages/allure_commons/_allure.py\", line 192, in impl\n    return func(*a, **kw)\n           ^^^^^^^^^^^^^^\n  File \"/home/runner/work/luma_project/luma_project/pages/base_page.py\", line 88, in go_to_element\n    self.driver.execute_script(\"arguments[0].scrollIntoView();\", element)\n  File \"/opt/hostedtoolcache/Python/3.11.12/x64/lib/python3.11/site-packages/selenium/webdriver/remote/webdriver.py\", line 404, in execute_script\n    return self.execute(command, {\"script\": script, \"args\": converted_args})[\"value\"]\n           ^^^^^^^^^^^^^^^^^^^^^^^^^^^^^^^^^^^^^^^^^^^^^^^^^^^^^^^^^^^^^^^^^\n  File \"/opt/hostedtoolcache/Python/3.11.12/x64/lib/python3.11/site-packages/selenium/webdriver/remote/webdriver.py\", line 344, in execute\n    self.error_handler.check_response(response)\n  File \"/opt/hostedtoolcache/Python/3.11.12/x64/lib/python3.11/site-packages/selenium/webdriver/remote/errorhandler.py\", line 229, in check_response\n    raise exception_class(message, screen, stacktrace)\n","steps":[],"attachments":[],"parameters":[{"name":"element","value":"<selenium.webdriver.remote.webelement.WebElement (session=\"96755ac8703110ff3d0e627c7f1983b8\", element=\"f.E3AAEBDC9670243AC5BD3C9E6C5C1382.d.6131D79F96A50F392B44A6E9F2C07107.e.255\")>"}],"shouldDisplayMessage":true,"stepsCount":0,"attachmentsCount":0,"hasContent":true,"attachmentStep":false}],"attachments":[],"parameters":[{"name":"locator","value":"('css selector', '#maincontent > div.page.messages > div:nth-child(2) > div > div > div')"},{"name":"timeout","value":"10"}],"shouldDisplayMessage":false,"stepsCount":2,"attachmentsCount":0,"hasContent":true,"attachmentStep":false}],"attachments":[],"parameters":[],"shouldDisplayMessage":false,"stepsCount":3,"attachmentsCount":0,"hasContent":true,"attachmentStep":false}],"attachments":[{"uid":"bd17922bc2861f2b","name":"Screenshot","source":"bd17922bc2861f2b.png","type":"image/png","size":94165},{"uid":"3c043d7fe53ca264","name":"HTML source","source":"3c043d7fe53ca264.html","type":"text/html","size":200231}],"parameters":[],"shouldDisplayMessage":true,"stepsCount":12,"attachmentsCount":2,"hasContent":true,"attachmentStep":false},"afterStages":[{"name":"driver::0","time":{"start":1746927870299,"stop":1746927870374,"duration":75},"status":"passed","steps":[],"attachments":[],"parameters":[],"shouldDisplayMessage":false,"stepsCount":0,"attachmentsCount":0,"hasContent":false,"attachmentStep":false},{"name":"clear_allure_result_folder::0","time":{"start":1746928080269,"stop":1746928080270,"duration":1},"status":"passed","steps":[],"attachments":[],"parameters":[],"shouldDisplayMessage":false,"stepsCount":0,"attachmentsCount":0,"hasContent":false,"attachmentStep":false}],"labels":[{"name":"feature","value":"Shopping Cart is full"},{"name":"parentSuite","value":"tests"},{"name":"suite","value":"test_shopping_cart"},{"name":"subSuite","value":"TestShoppingCartFull"},{"name":"host","value":"fv-az2249-797"},{"name":"thread","value":"2811-MainThread"},{"name":"framework","value":"pytest"},{"name":"language","value":"cpython3"},{"name":"package","value":"tests.test_shopping_cart"},{"name":"resultFormat","value":"allure2"}],"parameters":[],"links":[],"hidden":false,"retry":false,"extra":{"severity":"normal","retries":[],"categories":[{"name":"Test defects","matchedStatuses":[],"flaky":false}],"tags":[]},"source":"c12795389cac43b8.json","parameterValues":[]}