{"uid":"1eb22549bf6e2337","name":"TC 01.03.33 correctly redirected the link \"Training\"","fullName":"tests.test_header.TestHeader#test_tc_01_03_33_correctly_redirected_the_link_training","historyId":"5f5bfa0801f51a036a1fc33b64f81d22","time":{"start":1762047202605,"stop":1762047207921,"duration":5316},"description":"Verify 'Training' link click redirected to the page and the 'Training' header is displayed","descriptionHtml":"<p>Verify 'Training' link click redirected to the page and the 'Training' header is displayed</p>\n","status":"broken","statusMessage":"selenium.common.exceptions.TimeoutException: Message: \nStacktrace:\n#0 0x55c240903aea <unknown>\n#1 0x55c24034fcdb <unknown>\n#2 0x55c2403a26c4 <unknown>\n#3 0x55c2403a2901 <unknown>\n#4 0x55c2403f18b4 <unknown>\n#5 0x55c2403eec87 <unknown>\n#6 0x55c240394aca <unknown>\n#7 0x55c2403957d1 <unknown>\n#8 0x55c2408caab9 <unknown>\n#9 0x55c2408cda8c <unknown>\n#10 0x55c2408b3d49 <unknown>\n#11 0x55c2408ce685 <unknown>\n#12 0x55c24089b6c3 <unknown>\n#13 0x55c2408f07d8 <unknown>\n#14 0x55c2408f09b3 <unknown>\n#15 0x55c240902a83 <unknown>\n#16 0x7f2f1909caa4 <unknown>\n#17 0x7f2f19129c6c <unknown>","statusTrace":"self = <test_header.TestHeader object at 0x7f50602c7410>\ndriver = <selenium.webdriver.chrome.webdriver.WebDriver (session=\"980d3d866ee339723f7bac8171d47523\")>\n\n    @allure.title('TC 01.03.33 correctly redirected the link \"Training\"')\n    def test_tc_01_03_33_correctly_redirected_the_link_training(self, driver):\n        \"\"\"Verify 'Training' link click redirected to the page and the 'Training' header is displayed\"\"\"\n        page = HeaderPage(driver, MAIN_PAGE_URL)\n        page.open()\n>       current_page = page.redirected_the_link_training()\n\ntests/test_header.py:135: \n_ _ _ _ _ _ _ _ _ _ _ _ _ _ _ _ _ _ _ _ _ _ _ _ _ _ _ _ _ _ _ _ _ _ _ _ _ _ _ _ \npages/header_page.py:89: in redirected_the_link_training\n    element = self.element_is_visible(self.header_locators.TRAINING)\npages/base_page.py:30: in element_is_visible\n    self.go_to_element(self.element_is_present(locator))\npages/base_page.py:51: in element_is_present\n    return wait(self.driver, timeout).until(EC.presence_of_element_located(locator))\n_ _ _ _ _ _ _ _ _ _ _ _ _ _ _ _ _ _ _ _ _ _ _ _ _ _ _ _ _ _ _ _ _ _ _ _ _ _ _ _ \n\nself = <selenium.webdriver.support.wait.WebDriverWait (session=\"980d3d866ee339723f7bac8171d47523\")>\nmethod = <function presence_of_element_located.<locals>._predicate at 0x7f50620147c0>\nmessage = ''\n\n    def until(self, method, message: str = \"\"):\n        \"\"\"Calls the method provided with the driver as an argument until the \\\n        return value does not evaluate to ``False``.\n    \n        :param method: callable(WebDriver)\n        :param message: optional message for :exc:`TimeoutException`\n        :returns: the result of the last call to `method`\n        :raises: :exc:`selenium.common.exceptions.TimeoutException` if timeout occurs\n        \"\"\"\n        screen = None\n        stacktrace = None\n    \n        end_time = time.monotonic() + self._timeout\n        while True:\n            try:\n                value = method(self._driver)\n                if value:\n                    return value\n            except self._ignored_exceptions as exc:\n                screen = getattr(exc, \"screen\", None)\n                stacktrace = getattr(exc, \"stacktrace\", None)\n            time.sleep(self._poll)\n            if time.monotonic() > end_time:\n                break\n>       raise TimeoutException(message, screen, stacktrace)\nE       selenium.common.exceptions.TimeoutException: Message: \nE       Stacktrace:\nE       #0 0x55c240903aea <unknown>\nE       #1 0x55c24034fcdb <unknown>\nE       #2 0x55c2403a26c4 <unknown>\nE       #3 0x55c2403a2901 <unknown>\nE       #4 0x55c2403f18b4 <unknown>\nE       #5 0x55c2403eec87 <unknown>\nE       #6 0x55c240394aca <unknown>\nE       #7 0x55c2403957d1 <unknown>\nE       #8 0x55c2408caab9 <unknown>\nE       #9 0x55c2408cda8c <unknown>\nE       #10 0x55c2408b3d49 <unknown>\nE       #11 0x55c2408ce685 <unknown>\nE       #12 0x55c24089b6c3 <unknown>\nE       #13 0x55c2408f07d8 <unknown>\nE       #14 0x55c2408f09b3 <unknown>\nE       #15 0x55c240902a83 <unknown>\nE       #16 0x7f2f1909caa4 <unknown>\nE       #17 0x7f2f19129c6c <unknown>\n\n/opt/hostedtoolcache/Python/3.11.14/x64/lib/python3.11/site-packages/selenium/webdriver/support/wait.py:95: TimeoutException","flaky":false,"newFailed":false,"newBroken":false,"newPassed":false,"retriesCount":0,"retriesStatusChange":false,"beforeStages":[{"name":"_session_faker","time":{"start":1762046534530,"stop":1762046534592,"duration":62},"status":"passed","steps":[],"attachments":[],"parameters":[],"stepsCount":0,"shouldDisplayMessage":false,"attachmentsCount":0,"hasContent":false,"attachmentStep":false},{"name":"clear_allure_result_folder","time":{"start":1762046534592,"stop":1762046534592,"duration":0},"status":"passed","steps":[],"attachments":[],"parameters":[],"stepsCount":0,"shouldDisplayMessage":false,"attachmentsCount":0,"hasContent":false,"attachmentStep":false},{"name":"driver","time":{"start":1762047201349,"stop":1762047202604,"duration":1255},"status":"passed","steps":[],"attachments":[],"parameters":[],"stepsCount":0,"shouldDisplayMessage":false,"attachmentsCount":0,"hasContent":false,"attachmentStep":false}],"testStage":{"description":"Verify 'Training' link click redirected to the page and the 'Training' header is displayed","status":"broken","statusMessage":"selenium.common.exceptions.TimeoutException: Message: \nStacktrace:\n#0 0x55c240903aea <unknown>\n#1 0x55c24034fcdb <unknown>\n#2 0x55c2403a26c4 <unknown>\n#3 0x55c2403a2901 <unknown>\n#4 0x55c2403f18b4 <unknown>\n#5 0x55c2403eec87 <unknown>\n#6 0x55c240394aca <unknown>\n#7 0x55c2403957d1 <unknown>\n#8 0x55c2408caab9 <unknown>\n#9 0x55c2408cda8c <unknown>\n#10 0x55c2408b3d49 <unknown>\n#11 0x55c2408ce685 <unknown>\n#12 0x55c24089b6c3 <unknown>\n#13 0x55c2408f07d8 <unknown>\n#14 0x55c2408f09b3 <unknown>\n#15 0x55c240902a83 <unknown>\n#16 0x7f2f1909caa4 <unknown>\n#17 0x7f2f19129c6c <unknown>","statusTrace":"self = <test_header.TestHeader object at 0x7f50602c7410>\ndriver = <selenium.webdriver.chrome.webdriver.WebDriver (session=\"980d3d866ee339723f7bac8171d47523\")>\n\n    @allure.title('TC 01.03.33 correctly redirected the link \"Training\"')\n    def test_tc_01_03_33_correctly_redirected_the_link_training(self, driver):\n        \"\"\"Verify 'Training' link click redirected to the page and the 'Training' header is displayed\"\"\"\n        page = HeaderPage(driver, MAIN_PAGE_URL)\n        page.open()\n>       current_page = page.redirected_the_link_training()\n\ntests/test_header.py:135: \n_ _ _ _ _ _ _ _ _ _ _ _ _ _ _ _ _ _ _ _ _ _ _ _ _ _ _ _ _ _ _ _ _ _ _ _ _ _ _ _ \npages/header_page.py:89: in redirected_the_link_training\n    element = self.element_is_visible(self.header_locators.TRAINING)\npages/base_page.py:30: in element_is_visible\n    self.go_to_element(self.element_is_present(locator))\npages/base_page.py:51: in element_is_present\n    return wait(self.driver, timeout).until(EC.presence_of_element_located(locator))\n_ _ _ _ _ _ _ _ _ _ _ _ _ _ _ _ _ _ _ _ _ _ _ _ _ _ _ _ _ _ _ _ _ _ _ _ _ _ _ _ \n\nself = <selenium.webdriver.support.wait.WebDriverWait (session=\"980d3d866ee339723f7bac8171d47523\")>\nmethod = <function presence_of_element_located.<locals>._predicate at 0x7f50620147c0>\nmessage = ''\n\n    def until(self, method, message: str = \"\"):\n        \"\"\"Calls the method provided with the driver as an argument until the \\\n        return value does not evaluate to ``False``.\n    \n        :param method: callable(WebDriver)\n        :param message: optional message for :exc:`TimeoutException`\n        :returns: the result of the last call to `method`\n        :raises: :exc:`selenium.common.exceptions.TimeoutException` if timeout occurs\n        \"\"\"\n        screen = None\n        stacktrace = None\n    \n        end_time = time.monotonic() + self._timeout\n        while True:\n            try:\n                value = method(self._driver)\n                if value:\n                    return value\n            except self._ignored_exceptions as exc:\n                screen = getattr(exc, \"screen\", None)\n                stacktrace = getattr(exc, \"stacktrace\", None)\n            time.sleep(self._poll)\n            if time.monotonic() > end_time:\n                break\n>       raise TimeoutException(message, screen, stacktrace)\nE       selenium.common.exceptions.TimeoutException: Message: \nE       Stacktrace:\nE       #0 0x55c240903aea <unknown>\nE       #1 0x55c24034fcdb <unknown>\nE       #2 0x55c2403a26c4 <unknown>\nE       #3 0x55c2403a2901 <unknown>\nE       #4 0x55c2403f18b4 <unknown>\nE       #5 0x55c2403eec87 <unknown>\nE       #6 0x55c240394aca <unknown>\nE       #7 0x55c2403957d1 <unknown>\nE       #8 0x55c2408caab9 <unknown>\nE       #9 0x55c2408cda8c <unknown>\nE       #10 0x55c2408b3d49 <unknown>\nE       #11 0x55c2408ce685 <unknown>\nE       #12 0x55c24089b6c3 <unknown>\nE       #13 0x55c2408f07d8 <unknown>\nE       #14 0x55c2408f09b3 <unknown>\nE       #15 0x55c240902a83 <unknown>\nE       #16 0x7f2f1909caa4 <unknown>\nE       #17 0x7f2f19129c6c <unknown>\n\n/opt/hostedtoolcache/Python/3.11.14/x64/lib/python3.11/site-packages/selenium/webdriver/support/wait.py:95: TimeoutException","steps":[{"name":"Open a browser","time":{"start":1762047202605,"stop":1762047202818,"duration":213},"status":"passed","steps":[],"attachments":[],"parameters":[],"stepsCount":0,"shouldDisplayMessage":false,"attachmentsCount":0,"hasContent":false,"attachmentStep":false},{"name":"Redirected the link \"Training\"","time":{"start":1762047202818,"stop":1762047207921,"duration":5103},"status":"broken","statusMessage":"selenium.common.exceptions.TimeoutException: Message: \nStacktrace:\n#0 0x55c240903aea <unknown>\n#1 0x55c24034fcdb <unknown>\n#2 0x55c2403a26c4 <unknown>\n#3 0x55c2403a2901 <unknown>\n#4 0x55c2403f18b4 <unknown>\n#5 0x55c2403eec87 <unknown>\n#6 0x55c240394aca <unknown>\n#7 0x55c2403957d1 <unknown>\n#8 0x55c2408caab9 <unknown>\n#9 0x55c2408cda8c <unknown>\n#10 0x55c2408b3d49 <unknown>\n#11 0x55c2408ce685 <unknown>\n#12 0x55c24089b6c3 <unknown>\n#13 0x55c2408f07d8 <unknown>\n#14 0x55c2408f09b3 <unknown>\n#15 0x55c240902a83 <unknown>\n#16 0x7f2f1909caa4 <unknown>\n#17 0x7f2f19129c6c <unknown>\n\n","statusTrace":"  File \"/opt/hostedtoolcache/Python/3.11.14/x64/lib/python3.11/site-packages/allure_commons/_allure.py\", line 192, in impl\n    return func(*a, **kw)\n           ^^^^^^^^^^^^^^\n  File \"/home/runner/work/luma_project/luma_project/pages/header_page.py\", line 89, in redirected_the_link_training\n    element = self.element_is_visible(self.header_locators.TRAINING)\n              ^^^^^^^^^^^^^^^^^^^^^^^^^^^^^^^^^^^^^^^^^^^^^^^^^^^^^^\n  File \"/opt/hostedtoolcache/Python/3.11.14/x64/lib/python3.11/site-packages/allure_commons/_allure.py\", line 192, in impl\n    return func(*a, **kw)\n           ^^^^^^^^^^^^^^\n  File \"/home/runner/work/luma_project/luma_project/pages/base_page.py\", line 30, in element_is_visible\n    self.go_to_element(self.element_is_present(locator))\n                       ^^^^^^^^^^^^^^^^^^^^^^^^^^^^^^^^\n  File \"/opt/hostedtoolcache/Python/3.11.14/x64/lib/python3.11/site-packages/allure_commons/_allure.py\", line 192, in impl\n    return func(*a, **kw)\n           ^^^^^^^^^^^^^^\n  File \"/home/runner/work/luma_project/luma_project/pages/base_page.py\", line 51, in element_is_present\n    return wait(self.driver, timeout).until(EC.presence_of_element_located(locator))\n           ^^^^^^^^^^^^^^^^^^^^^^^^^^^^^^^^^^^^^^^^^^^^^^^^^^^^^^^^^^^^^^^^^^^^^^^^^\n  File \"/opt/hostedtoolcache/Python/3.11.14/x64/lib/python3.11/site-packages/selenium/webdriver/support/wait.py\", line 95, in until\n    raise TimeoutException(message, screen, stacktrace)\n","steps":[{"name":"Find a visible element","time":{"start":1762047202818,"stop":1762047207920,"duration":5102},"status":"broken","statusMessage":"selenium.common.exceptions.TimeoutException: Message: \nStacktrace:\n#0 0x55c240903aea <unknown>\n#1 0x55c24034fcdb <unknown>\n#2 0x55c2403a26c4 <unknown>\n#3 0x55c2403a2901 <unknown>\n#4 0x55c2403f18b4 <unknown>\n#5 0x55c2403eec87 <unknown>\n#6 0x55c240394aca <unknown>\n#7 0x55c2403957d1 <unknown>\n#8 0x55c2408caab9 <unknown>\n#9 0x55c2408cda8c <unknown>\n#10 0x55c2408b3d49 <unknown>\n#11 0x55c2408ce685 <unknown>\n#12 0x55c24089b6c3 <unknown>\n#13 0x55c2408f07d8 <unknown>\n#14 0x55c2408f09b3 <unknown>\n#15 0x55c240902a83 <unknown>\n#16 0x7f2f1909caa4 <unknown>\n#17 0x7f2f19129c6c <unknown>\n\n","statusTrace":"  File \"/opt/hostedtoolcache/Python/3.11.14/x64/lib/python3.11/site-packages/allure_commons/_allure.py\", line 192, in impl\n    return func(*a, **kw)\n           ^^^^^^^^^^^^^^\n  File \"/home/runner/work/luma_project/luma_project/pages/base_page.py\", line 30, in element_is_visible\n    self.go_to_element(self.element_is_present(locator))\n                       ^^^^^^^^^^^^^^^^^^^^^^^^^^^^^^^^\n  File \"/opt/hostedtoolcache/Python/3.11.14/x64/lib/python3.11/site-packages/allure_commons/_allure.py\", line 192, in impl\n    return func(*a, **kw)\n           ^^^^^^^^^^^^^^\n  File \"/home/runner/work/luma_project/luma_project/pages/base_page.py\", line 51, in element_is_present\n    return wait(self.driver, timeout).until(EC.presence_of_element_located(locator))\n           ^^^^^^^^^^^^^^^^^^^^^^^^^^^^^^^^^^^^^^^^^^^^^^^^^^^^^^^^^^^^^^^^^^^^^^^^^\n  File \"/opt/hostedtoolcache/Python/3.11.14/x64/lib/python3.11/site-packages/selenium/webdriver/support/wait.py\", line 95, in until\n    raise TimeoutException(message, screen, stacktrace)\n","steps":[{"name":"Find a present element","time":{"start":1762047202818,"stop":1762047207920,"duration":5102},"status":"broken","statusMessage":"selenium.common.exceptions.TimeoutException: Message: \nStacktrace:\n#0 0x55c240903aea <unknown>\n#1 0x55c24034fcdb <unknown>\n#2 0x55c2403a26c4 <unknown>\n#3 0x55c2403a2901 <unknown>\n#4 0x55c2403f18b4 <unknown>\n#5 0x55c2403eec87 <unknown>\n#6 0x55c240394aca <unknown>\n#7 0x55c2403957d1 <unknown>\n#8 0x55c2408caab9 <unknown>\n#9 0x55c2408cda8c <unknown>\n#10 0x55c2408b3d49 <unknown>\n#11 0x55c2408ce685 <unknown>\n#12 0x55c24089b6c3 <unknown>\n#13 0x55c2408f07d8 <unknown>\n#14 0x55c2408f09b3 <unknown>\n#15 0x55c240902a83 <unknown>\n#16 0x7f2f1909caa4 <unknown>\n#17 0x7f2f19129c6c <unknown>\n\n","statusTrace":"  File \"/opt/hostedtoolcache/Python/3.11.14/x64/lib/python3.11/site-packages/allure_commons/_allure.py\", line 192, in impl\n    return func(*a, **kw)\n           ^^^^^^^^^^^^^^\n  File \"/home/runner/work/luma_project/luma_project/pages/base_page.py\", line 51, in element_is_present\n    return wait(self.driver, timeout).until(EC.presence_of_element_located(locator))\n           ^^^^^^^^^^^^^^^^^^^^^^^^^^^^^^^^^^^^^^^^^^^^^^^^^^^^^^^^^^^^^^^^^^^^^^^^^\n  File \"/opt/hostedtoolcache/Python/3.11.14/x64/lib/python3.11/site-packages/selenium/webdriver/support/wait.py\", line 95, in until\n    raise TimeoutException(message, screen, stacktrace)\n","steps":[],"attachments":[],"parameters":[{"name":"locator","value":"('id', 'ui-id-7')"},{"name":"timeout","value":"5"}],"stepsCount":0,"shouldDisplayMessage":true,"attachmentsCount":0,"hasContent":true,"attachmentStep":false}],"attachments":[],"parameters":[{"name":"locator","value":"('id', 'ui-id-7')"},{"name":"timeout","value":"10"}],"stepsCount":1,"shouldDisplayMessage":false,"attachmentsCount":0,"hasContent":true,"attachmentStep":false}],"attachments":[],"parameters":[],"stepsCount":2,"shouldDisplayMessage":false,"attachmentsCount":0,"hasContent":true,"attachmentStep":false}],"attachments":[{"uid":"4dc8e4b530d8cd7f","name":"Screenshot","source":"4dc8e4b530d8cd7f.png","type":"image/png","size":23875},{"uid":"55a618e29d6f0237","name":"HTML source","source":"55a618e29d6f0237.html","type":"text/html","size":1433}],"parameters":[],"stepsCount":4,"shouldDisplayMessage":true,"attachmentsCount":2,"hasContent":true,"attachmentStep":false},"afterStages":[{"name":"driver::0","time":{"start":1762047207988,"stop":1762047208048,"duration":60},"status":"passed","steps":[],"attachments":[],"parameters":[],"stepsCount":0,"shouldDisplayMessage":false,"attachmentsCount":0,"hasContent":false,"attachmentStep":false},{"name":"clear_allure_result_folder::0","time":{"start":1762048967233,"stop":1762048967233,"duration":0},"status":"passed","steps":[],"attachments":[],"parameters":[],"stepsCount":0,"shouldDisplayMessage":false,"attachmentsCount":0,"hasContent":false,"attachmentStep":false}],"labels":[{"name":"epic","value":"Test Header"},{"name":"parentSuite","value":"tests"},{"name":"suite","value":"test_header"},{"name":"subSuite","value":"TestHeader"},{"name":"host","value":"runnervmf2e7y"},{"name":"thread","value":"3614-MainThread"},{"name":"framework","value":"pytest"},{"name":"language","value":"cpython3"},{"name":"package","value":"tests.test_header"},{"name":"resultFormat","value":"allure2"}],"parameters":[],"links":[],"hidden":false,"retry":false,"extra":{"severity":"normal","retries":[],"categories":[{"name":"Test defects","matchedStatuses":[],"flaky":false}],"tags":[]},"source":"1eb22549bf6e2337.json","parameterValues":[]}