{"uid":"2eab3dfa86d2b60c","name":"TC 01.03.35 visible and interactive the link \"Sale\"","fullName":"tests.test_header.TestHeader#test_tc_01_03_35_visible_and_interactive_the_link_sale","historyId":"0c1eedbeb00ed228b2e0ae22572d2b6b","time":{"start":1762047195858,"stop":1762047201212,"duration":5354},"description":"Verify the link 'Sale' is visible and interactive","descriptionHtml":"<p>Verify the link 'Sale' is visible and interactive</p>\n","status":"broken","statusMessage":"selenium.common.exceptions.TimeoutException: Message: \nStacktrace:\n#0 0x556f0c00caea <unknown>\n#1 0x556f0ba58cdb <unknown>\n#2 0x556f0baab6c4 <unknown>\n#3 0x556f0baab901 <unknown>\n#4 0x556f0bafa8b4 <unknown>\n#5 0x556f0baf7c87 <unknown>\n#6 0x556f0ba9daca <unknown>\n#7 0x556f0ba9e7d1 <unknown>\n#8 0x556f0bfd3ab9 <unknown>\n#9 0x556f0bfd6a8c <unknown>\n#10 0x556f0bfbcd49 <unknown>\n#11 0x556f0bfd7685 <unknown>\n#12 0x556f0bfa46c3 <unknown>\n#13 0x556f0bff97d8 <unknown>\n#14 0x556f0bff99b3 <unknown>\n#15 0x556f0c00ba83 <unknown>\n#16 0x7fc5bd69caa4 <unknown>\n#17 0x7fc5bd729c6c <unknown>","statusTrace":"self = <test_header.TestHeader object at 0x7f50602c77d0>\ndriver = <selenium.webdriver.chrome.webdriver.WebDriver (session=\"0488a8debd2854a89f3096f95e92b712\")>\n\n    @allure.title('TC 01.03.35 visible and interactive the link \"Sale\"')\n    def test_tc_01_03_35_visible_and_interactive_the_link_sale(self, driver):\n        \"\"\"Verify the link 'Sale' is visible and interactive\"\"\"\n        page = HeaderPage(driver, MAIN_PAGE_URL)\n        page.open()\n>       link = page.link_sale_is_visible_and_interactive()\n\ntests/test_header.py:127: \n_ _ _ _ _ _ _ _ _ _ _ _ _ _ _ _ _ _ _ _ _ _ _ _ _ _ _ _ _ _ _ _ _ _ _ _ _ _ _ _ \npages/header_page.py:81: in link_sale_is_visible_and_interactive\n    element = self.element_is_visible(self.header_locators.SALE)\npages/base_page.py:30: in element_is_visible\n    self.go_to_element(self.element_is_present(locator))\npages/base_page.py:51: in element_is_present\n    return wait(self.driver, timeout).until(EC.presence_of_element_located(locator))\n_ _ _ _ _ _ _ _ _ _ _ _ _ _ _ _ _ _ _ _ _ _ _ _ _ _ _ _ _ _ _ _ _ _ _ _ _ _ _ _ \n\nself = <selenium.webdriver.support.wait.WebDriverWait (session=\"0488a8debd2854a89f3096f95e92b712\")>\nmethod = <function presence_of_element_located.<locals>._predicate at 0x7f5062017740>\nmessage = ''\n\n    def until(self, method, message: str = \"\"):\n        \"\"\"Calls the method provided with the driver as an argument until the \\\n        return value does not evaluate to ``False``.\n    \n        :param method: callable(WebDriver)\n        :param message: optional message for :exc:`TimeoutException`\n        :returns: the result of the last call to `method`\n        :raises: :exc:`selenium.common.exceptions.TimeoutException` if timeout occurs\n        \"\"\"\n        screen = None\n        stacktrace = None\n    \n        end_time = time.monotonic() + self._timeout\n        while True:\n            try:\n                value = method(self._driver)\n                if value:\n                    return value\n            except self._ignored_exceptions as exc:\n                screen = getattr(exc, \"screen\", None)\n                stacktrace = getattr(exc, \"stacktrace\", None)\n            time.sleep(self._poll)\n            if time.monotonic() > end_time:\n                break\n>       raise TimeoutException(message, screen, stacktrace)\nE       selenium.common.exceptions.TimeoutException: Message: \nE       Stacktrace:\nE       #0 0x556f0c00caea <unknown>\nE       #1 0x556f0ba58cdb <unknown>\nE       #2 0x556f0baab6c4 <unknown>\nE       #3 0x556f0baab901 <unknown>\nE       #4 0x556f0bafa8b4 <unknown>\nE       #5 0x556f0baf7c87 <unknown>\nE       #6 0x556f0ba9daca <unknown>\nE       #7 0x556f0ba9e7d1 <unknown>\nE       #8 0x556f0bfd3ab9 <unknown>\nE       #9 0x556f0bfd6a8c <unknown>\nE       #10 0x556f0bfbcd49 <unknown>\nE       #11 0x556f0bfd7685 <unknown>\nE       #12 0x556f0bfa46c3 <unknown>\nE       #13 0x556f0bff97d8 <unknown>\nE       #14 0x556f0bff99b3 <unknown>\nE       #15 0x556f0c00ba83 <unknown>\nE       #16 0x7fc5bd69caa4 <unknown>\nE       #17 0x7fc5bd729c6c <unknown>\n\n/opt/hostedtoolcache/Python/3.11.14/x64/lib/python3.11/site-packages/selenium/webdriver/support/wait.py:95: TimeoutException","flaky":false,"newFailed":false,"newBroken":false,"newPassed":false,"retriesCount":0,"retriesStatusChange":false,"beforeStages":[{"name":"_session_faker","time":{"start":1762046534530,"stop":1762046534592,"duration":62},"status":"passed","steps":[],"attachments":[],"parameters":[],"stepsCount":0,"shouldDisplayMessage":false,"attachmentsCount":0,"hasContent":false,"attachmentStep":false},{"name":"clear_allure_result_folder","time":{"start":1762046534592,"stop":1762046534592,"duration":0},"status":"passed","steps":[],"attachments":[],"parameters":[],"stepsCount":0,"shouldDisplayMessage":false,"attachmentsCount":0,"hasContent":false,"attachmentStep":false},{"name":"driver","time":{"start":1762047194616,"stop":1762047195858,"duration":1242},"status":"passed","steps":[],"attachments":[],"parameters":[],"stepsCount":0,"shouldDisplayMessage":false,"attachmentsCount":0,"hasContent":false,"attachmentStep":false}],"testStage":{"description":"Verify the link 'Sale' is visible and interactive","status":"broken","statusMessage":"selenium.common.exceptions.TimeoutException: Message: \nStacktrace:\n#0 0x556f0c00caea <unknown>\n#1 0x556f0ba58cdb <unknown>\n#2 0x556f0baab6c4 <unknown>\n#3 0x556f0baab901 <unknown>\n#4 0x556f0bafa8b4 <unknown>\n#5 0x556f0baf7c87 <unknown>\n#6 0x556f0ba9daca <unknown>\n#7 0x556f0ba9e7d1 <unknown>\n#8 0x556f0bfd3ab9 <unknown>\n#9 0x556f0bfd6a8c <unknown>\n#10 0x556f0bfbcd49 <unknown>\n#11 0x556f0bfd7685 <unknown>\n#12 0x556f0bfa46c3 <unknown>\n#13 0x556f0bff97d8 <unknown>\n#14 0x556f0bff99b3 <unknown>\n#15 0x556f0c00ba83 <unknown>\n#16 0x7fc5bd69caa4 <unknown>\n#17 0x7fc5bd729c6c <unknown>","statusTrace":"self = <test_header.TestHeader object at 0x7f50602c77d0>\ndriver = <selenium.webdriver.chrome.webdriver.WebDriver (session=\"0488a8debd2854a89f3096f95e92b712\")>\n\n    @allure.title('TC 01.03.35 visible and interactive the link \"Sale\"')\n    def test_tc_01_03_35_visible_and_interactive_the_link_sale(self, driver):\n        \"\"\"Verify the link 'Sale' is visible and interactive\"\"\"\n        page = HeaderPage(driver, MAIN_PAGE_URL)\n        page.open()\n>       link = page.link_sale_is_visible_and_interactive()\n\ntests/test_header.py:127: \n_ _ _ _ _ _ _ _ _ _ _ _ _ _ _ _ _ _ _ _ _ _ _ _ _ _ _ _ _ _ _ _ _ _ _ _ _ _ _ _ \npages/header_page.py:81: in link_sale_is_visible_and_interactive\n    element = self.element_is_visible(self.header_locators.SALE)\npages/base_page.py:30: in element_is_visible\n    self.go_to_element(self.element_is_present(locator))\npages/base_page.py:51: in element_is_present\n    return wait(self.driver, timeout).until(EC.presence_of_element_located(locator))\n_ _ _ _ _ _ _ _ _ _ _ _ _ _ _ _ _ _ _ _ _ _ _ _ _ _ _ _ _ _ _ _ _ _ _ _ _ _ _ _ \n\nself = <selenium.webdriver.support.wait.WebDriverWait (session=\"0488a8debd2854a89f3096f95e92b712\")>\nmethod = <function presence_of_element_located.<locals>._predicate at 0x7f5062017740>\nmessage = ''\n\n    def until(self, method, message: str = \"\"):\n        \"\"\"Calls the method provided with the driver as an argument until the \\\n        return value does not evaluate to ``False``.\n    \n        :param method: callable(WebDriver)\n        :param message: optional message for :exc:`TimeoutException`\n        :returns: the result of the last call to `method`\n        :raises: :exc:`selenium.common.exceptions.TimeoutException` if timeout occurs\n        \"\"\"\n        screen = None\n        stacktrace = None\n    \n        end_time = time.monotonic() + self._timeout\n        while True:\n            try:\n                value = method(self._driver)\n                if value:\n                    return value\n            except self._ignored_exceptions as exc:\n                screen = getattr(exc, \"screen\", None)\n                stacktrace = getattr(exc, \"stacktrace\", None)\n            time.sleep(self._poll)\n            if time.monotonic() > end_time:\n                break\n>       raise TimeoutException(message, screen, stacktrace)\nE       selenium.common.exceptions.TimeoutException: Message: \nE       Stacktrace:\nE       #0 0x556f0c00caea <unknown>\nE       #1 0x556f0ba58cdb <unknown>\nE       #2 0x556f0baab6c4 <unknown>\nE       #3 0x556f0baab901 <unknown>\nE       #4 0x556f0bafa8b4 <unknown>\nE       #5 0x556f0baf7c87 <unknown>\nE       #6 0x556f0ba9daca <unknown>\nE       #7 0x556f0ba9e7d1 <unknown>\nE       #8 0x556f0bfd3ab9 <unknown>\nE       #9 0x556f0bfd6a8c <unknown>\nE       #10 0x556f0bfbcd49 <unknown>\nE       #11 0x556f0bfd7685 <unknown>\nE       #12 0x556f0bfa46c3 <unknown>\nE       #13 0x556f0bff97d8 <unknown>\nE       #14 0x556f0bff99b3 <unknown>\nE       #15 0x556f0c00ba83 <unknown>\nE       #16 0x7fc5bd69caa4 <unknown>\nE       #17 0x7fc5bd729c6c <unknown>\n\n/opt/hostedtoolcache/Python/3.11.14/x64/lib/python3.11/site-packages/selenium/webdriver/support/wait.py:95: TimeoutException","steps":[{"name":"Open a browser","time":{"start":1762047195858,"stop":1762047196108,"duration":250},"status":"passed","steps":[],"attachments":[],"parameters":[],"stepsCount":0,"shouldDisplayMessage":false,"attachmentsCount":0,"hasContent":false,"attachmentStep":false},{"name":"Link \"Sale\" is visible and interactive","time":{"start":1762047196108,"stop":1762047201211,"duration":5103},"status":"broken","statusMessage":"selenium.common.exceptions.TimeoutException: Message: \nStacktrace:\n#0 0x556f0c00caea <unknown>\n#1 0x556f0ba58cdb <unknown>\n#2 0x556f0baab6c4 <unknown>\n#3 0x556f0baab901 <unknown>\n#4 0x556f0bafa8b4 <unknown>\n#5 0x556f0baf7c87 <unknown>\n#6 0x556f0ba9daca <unknown>\n#7 0x556f0ba9e7d1 <unknown>\n#8 0x556f0bfd3ab9 <unknown>\n#9 0x556f0bfd6a8c <unknown>\n#10 0x556f0bfbcd49 <unknown>\n#11 0x556f0bfd7685 <unknown>\n#12 0x556f0bfa46c3 <unknown>\n#13 0x556f0bff97d8 <unknown>\n#14 0x556f0bff99b3 <unknown>\n#15 0x556f0c00ba83 <unknown>\n#16 0x7fc5bd69caa4 <unknown>\n#17 0x7fc5bd729c6c <unknown>\n\n","statusTrace":"  File \"/opt/hostedtoolcache/Python/3.11.14/x64/lib/python3.11/site-packages/allure_commons/_allure.py\", line 192, in impl\n    return func(*a, **kw)\n           ^^^^^^^^^^^^^^\n  File \"/home/runner/work/luma_project/luma_project/pages/header_page.py\", line 81, in link_sale_is_visible_and_interactive\n    element = self.element_is_visible(self.header_locators.SALE)\n              ^^^^^^^^^^^^^^^^^^^^^^^^^^^^^^^^^^^^^^^^^^^^^^^^^^\n  File \"/opt/hostedtoolcache/Python/3.11.14/x64/lib/python3.11/site-packages/allure_commons/_allure.py\", line 192, in impl\n    return func(*a, **kw)\n           ^^^^^^^^^^^^^^\n  File \"/home/runner/work/luma_project/luma_project/pages/base_page.py\", line 30, in element_is_visible\n    self.go_to_element(self.element_is_present(locator))\n                       ^^^^^^^^^^^^^^^^^^^^^^^^^^^^^^^^\n  File \"/opt/hostedtoolcache/Python/3.11.14/x64/lib/python3.11/site-packages/allure_commons/_allure.py\", line 192, in impl\n    return func(*a, **kw)\n           ^^^^^^^^^^^^^^\n  File \"/home/runner/work/luma_project/luma_project/pages/base_page.py\", line 51, in element_is_present\n    return wait(self.driver, timeout).until(EC.presence_of_element_located(locator))\n           ^^^^^^^^^^^^^^^^^^^^^^^^^^^^^^^^^^^^^^^^^^^^^^^^^^^^^^^^^^^^^^^^^^^^^^^^^\n  File \"/opt/hostedtoolcache/Python/3.11.14/x64/lib/python3.11/site-packages/selenium/webdriver/support/wait.py\", line 95, in until\n    raise TimeoutException(message, screen, stacktrace)\n","steps":[{"name":"Find a visible element","time":{"start":1762047196109,"stop":1762047201211,"duration":5102},"status":"broken","statusMessage":"selenium.common.exceptions.TimeoutException: Message: \nStacktrace:\n#0 0x556f0c00caea <unknown>\n#1 0x556f0ba58cdb <unknown>\n#2 0x556f0baab6c4 <unknown>\n#3 0x556f0baab901 <unknown>\n#4 0x556f0bafa8b4 <unknown>\n#5 0x556f0baf7c87 <unknown>\n#6 0x556f0ba9daca <unknown>\n#7 0x556f0ba9e7d1 <unknown>\n#8 0x556f0bfd3ab9 <unknown>\n#9 0x556f0bfd6a8c <unknown>\n#10 0x556f0bfbcd49 <unknown>\n#11 0x556f0bfd7685 <unknown>\n#12 0x556f0bfa46c3 <unknown>\n#13 0x556f0bff97d8 <unknown>\n#14 0x556f0bff99b3 <unknown>\n#15 0x556f0c00ba83 <unknown>\n#16 0x7fc5bd69caa4 <unknown>\n#17 0x7fc5bd729c6c <unknown>\n\n","statusTrace":"  File \"/opt/hostedtoolcache/Python/3.11.14/x64/lib/python3.11/site-packages/allure_commons/_allure.py\", line 192, in impl\n    return func(*a, **kw)\n           ^^^^^^^^^^^^^^\n  File \"/home/runner/work/luma_project/luma_project/pages/base_page.py\", line 30, in element_is_visible\n    self.go_to_element(self.element_is_present(locator))\n                       ^^^^^^^^^^^^^^^^^^^^^^^^^^^^^^^^\n  File \"/opt/hostedtoolcache/Python/3.11.14/x64/lib/python3.11/site-packages/allure_commons/_allure.py\", line 192, in impl\n    return func(*a, **kw)\n           ^^^^^^^^^^^^^^\n  File \"/home/runner/work/luma_project/luma_project/pages/base_page.py\", line 51, in element_is_present\n    return wait(self.driver, timeout).until(EC.presence_of_element_located(locator))\n           ^^^^^^^^^^^^^^^^^^^^^^^^^^^^^^^^^^^^^^^^^^^^^^^^^^^^^^^^^^^^^^^^^^^^^^^^^\n  File \"/opt/hostedtoolcache/Python/3.11.14/x64/lib/python3.11/site-packages/selenium/webdriver/support/wait.py\", line 95, in until\n    raise TimeoutException(message, screen, stacktrace)\n","steps":[{"name":"Find a present element","time":{"start":1762047196109,"stop":1762047201211,"duration":5102},"status":"broken","statusMessage":"selenium.common.exceptions.TimeoutException: Message: \nStacktrace:\n#0 0x556f0c00caea <unknown>\n#1 0x556f0ba58cdb <unknown>\n#2 0x556f0baab6c4 <unknown>\n#3 0x556f0baab901 <unknown>\n#4 0x556f0bafa8b4 <unknown>\n#5 0x556f0baf7c87 <unknown>\n#6 0x556f0ba9daca <unknown>\n#7 0x556f0ba9e7d1 <unknown>\n#8 0x556f0bfd3ab9 <unknown>\n#9 0x556f0bfd6a8c <unknown>\n#10 0x556f0bfbcd49 <unknown>\n#11 0x556f0bfd7685 <unknown>\n#12 0x556f0bfa46c3 <unknown>\n#13 0x556f0bff97d8 <unknown>\n#14 0x556f0bff99b3 <unknown>\n#15 0x556f0c00ba83 <unknown>\n#16 0x7fc5bd69caa4 <unknown>\n#17 0x7fc5bd729c6c <unknown>\n\n","statusTrace":"  File \"/opt/hostedtoolcache/Python/3.11.14/x64/lib/python3.11/site-packages/allure_commons/_allure.py\", line 192, in impl\n    return func(*a, **kw)\n           ^^^^^^^^^^^^^^\n  File \"/home/runner/work/luma_project/luma_project/pages/base_page.py\", line 51, in element_is_present\n    return wait(self.driver, timeout).until(EC.presence_of_element_located(locator))\n           ^^^^^^^^^^^^^^^^^^^^^^^^^^^^^^^^^^^^^^^^^^^^^^^^^^^^^^^^^^^^^^^^^^^^^^^^^\n  File \"/opt/hostedtoolcache/Python/3.11.14/x64/lib/python3.11/site-packages/selenium/webdriver/support/wait.py\", line 95, in until\n    raise TimeoutException(message, screen, stacktrace)\n","steps":[],"attachments":[],"parameters":[{"name":"locator","value":"('id', 'ui-id-8')"},{"name":"timeout","value":"5"}],"stepsCount":0,"shouldDisplayMessage":true,"attachmentsCount":0,"hasContent":true,"attachmentStep":false}],"attachments":[],"parameters":[{"name":"locator","value":"('id', 'ui-id-8')"},{"name":"timeout","value":"10"}],"stepsCount":1,"shouldDisplayMessage":false,"attachmentsCount":0,"hasContent":true,"attachmentStep":false}],"attachments":[],"parameters":[],"stepsCount":2,"shouldDisplayMessage":false,"attachmentsCount":0,"hasContent":true,"attachmentStep":false}],"attachments":[{"uid":"712b026bad9d4cae","name":"Screenshot","source":"712b026bad9d4cae.png","type":"image/png","size":23875},{"uid":"d619b26eaf0f19c2","name":"HTML source","source":"d619b26eaf0f19c2.html","type":"text/html","size":1433}],"parameters":[],"stepsCount":4,"shouldDisplayMessage":true,"attachmentsCount":2,"hasContent":true,"attachmentStep":false},"afterStages":[{"name":"driver::0","time":{"start":1762047201288,"stop":1762047201347,"duration":59},"status":"passed","steps":[],"attachments":[],"parameters":[],"stepsCount":0,"shouldDisplayMessage":false,"attachmentsCount":0,"hasContent":false,"attachmentStep":false},{"name":"clear_allure_result_folder::0","time":{"start":1762048967233,"stop":1762048967233,"duration":0},"status":"passed","steps":[],"attachments":[],"parameters":[],"stepsCount":0,"shouldDisplayMessage":false,"attachmentsCount":0,"hasContent":false,"attachmentStep":false}],"labels":[{"name":"epic","value":"Test Header"},{"name":"parentSuite","value":"tests"},{"name":"suite","value":"test_header"},{"name":"subSuite","value":"TestHeader"},{"name":"host","value":"runnervmf2e7y"},{"name":"thread","value":"3614-MainThread"},{"name":"framework","value":"pytest"},{"name":"language","value":"cpython3"},{"name":"package","value":"tests.test_header"},{"name":"resultFormat","value":"allure2"}],"parameters":[],"links":[],"hidden":false,"retry":false,"extra":{"severity":"normal","retries":[],"categories":[{"name":"Test defects","matchedStatuses":[],"flaky":false}],"tags":[]},"source":"2eab3dfa86d2b60c.json","parameterValues":[]}