{"uid":"5446bfa78904ecdd","name":"TC 13.01.16 - Check correctness of the image in block 1 'home-pants' in the Promo Block","fullName":"tests.test_main_page.TestPromoBlock#test_tc_13_01_16_check_image_correctness_in_section2_block1","historyId":"baad3ca50e9b37c61d5c3fc0d0848f02","time":{"start":1762047666121,"stop":1762047666331,"duration":210},"description":"This test checks if the image in section 2 block 1 'home-pants' is correct","descriptionHtml":"<p>This test checks if the image in section 2 block 1 'home-pants' is correct</p>\n","status":"broken","statusMessage":"selenium.common.exceptions.NoSuchElementException: Message: no such element: Unable to locate element: {\"method\":\"css selector\",\"selector\":\".home-pants img\"}\n  (Session info: chrome=142.0.7444.59); For documentation on this error, please visit: https://www.selenium.dev/documentation/webdriver/troubleshooting/errors#no-such-element-exception\nStacktrace:\n#0 0x564aafc98aea <unknown>\n#1 0x564aaf6e4cdb <unknown>\n#2 0x564aaf7376c4 <unknown>\n#3 0x564aaf737901 <unknown>\n#4 0x564aaf7868b4 <unknown>\n#5 0x564aaf783c87 <unknown>\n#6 0x564aaf729aca <unknown>\n#7 0x564aaf72a7d1 <unknown>\n#8 0x564aafc5fab9 <unknown>\n#9 0x564aafc62a8c <unknown>\n#10 0x564aafc48d49 <unknown>\n#11 0x564aafc63685 <unknown>\n#12 0x564aafc306c3 <unknown>\n#13 0x564aafc857d8 <unknown>\n#14 0x564aafc859b3 <unknown>\n#15 0x564aafc97a83 <unknown>\n#16 0x7f92dd49caa4 <unknown>\n#17 0x7f92dd529c6c <unknown>","statusTrace":"self = <test_main_page.TestMainPage.TestPromoBlock object at 0x7f5060368550>\ndriver = <selenium.webdriver.chrome.webdriver.WebDriver (session=\"6b9bdf6701fcc4d50c3a59a9fd1a80ae\")>\n\n    @allure.title(\"TC 13.01.16 - Check correctness of the image in block 1 'home-pants' in the Promo Block\")\n    def test_tc_13_01_16_check_image_correctness_in_section2_block1(self, driver):\n        \"\"\"This test checks if the image in section 2 block 1 'home-pants' is correct\"\"\"\n        page = PromoBlock(driver, MAIN_PAGE_URL)\n        page.open()\n>       block1_image = page.find_element(self.locators.SECTION_2_BLOCK_1_IMAGE)\n\ntests/test_main_page.py:253: \n_ _ _ _ _ _ _ _ _ _ _ _ _ _ _ _ _ _ _ _ _ _ _ _ _ _ _ _ _ _ _ _ _ _ _ _ _ _ _ _ \npages/base_page.py:202: in find_element\n    return self.driver.find_element(*locator)\n/opt/hostedtoolcache/Python/3.11.14/x64/lib/python3.11/site-packages/selenium/webdriver/remote/webdriver.py:738: in find_element\n    return self.execute(Command.FIND_ELEMENT, {\"using\": by, \"value\": value})[\"value\"]\n/opt/hostedtoolcache/Python/3.11.14/x64/lib/python3.11/site-packages/selenium/webdriver/remote/webdriver.py:344: in execute\n    self.error_handler.check_response(response)\n_ _ _ _ _ _ _ _ _ _ _ _ _ _ _ _ _ _ _ _ _ _ _ _ _ _ _ _ _ _ _ _ _ _ _ _ _ _ _ _ \n\nself = <selenium.webdriver.remote.errorhandler.ErrorHandler object at 0x7f50618c5b50>\nresponse = {'status': 404, 'value': '{\"value\":{\"error\":\"no such element\",\"message\":\"no such element: Unable to locate element: {\\...\\\\n#15 0x564aafc97a83 \\\\u003Cunknown>\\\\n#16 0x7f92dd49caa4 \\\\u003Cunknown>\\\\n#17 0x7f92dd529c6c \\\\u003Cunknown>\\\\n\"}}'}\n\n    def check_response(self, response: Dict[str, Any]) -> None:\n        \"\"\"Checks that a JSON response from the WebDriver does not have an\n        error.\n    \n        :Args:\n         - response - The JSON response from the WebDriver server as a dictionary\n           object.\n    \n        :Raises: If the response contains an error message.\n        \"\"\"\n        status = response.get(\"status\", None)\n        if not status or status == ErrorCode.SUCCESS:\n            return\n        value = None\n        message = response.get(\"message\", \"\")\n        screen: str = response.get(\"screen\", \"\")\n        stacktrace = None\n        if isinstance(status, int):\n            value_json = response.get(\"value\", None)\n            if value_json and isinstance(value_json, str):\n                import json\n    \n                try:\n                    value = json.loads(value_json)\n                    if len(value) == 1:\n                        value = value[\"value\"]\n                    status = value.get(\"error\", None)\n                    if not status:\n                        status = value.get(\"status\", ErrorCode.UNKNOWN_ERROR)\n                        message = value.get(\"value\") or value.get(\"message\")\n                        if not isinstance(message, str):\n                            value = message\n                            message = message.get(\"message\")\n                    else:\n                        message = value.get(\"message\", None)\n                except ValueError:\n                    pass\n    \n        exception_class: Type[WebDriverException]\n        e = ErrorCode()\n        error_codes = [item for item in dir(e) if not item.startswith(\"__\")]\n        for error_code in error_codes:\n            error_info = getattr(ErrorCode, error_code)\n            if isinstance(error_info, list) and status in error_info:\n                exception_class = getattr(ExceptionMapping, error_code, WebDriverException)\n                break\n        else:\n            exception_class = WebDriverException\n    \n        if not value:\n            value = response[\"value\"]\n        if isinstance(value, str):\n            raise exception_class(value)\n        if message == \"\" and \"message\" in value:\n            message = value[\"message\"]\n    \n        screen = None  # type: ignore[assignment]\n        if \"screen\" in value:\n            screen = value[\"screen\"]\n    \n        stacktrace = None\n        st_value = value.get(\"stackTrace\") or value.get(\"stacktrace\")\n        if st_value:\n            if isinstance(st_value, str):\n                stacktrace = st_value.split(\"\\n\")\n            else:\n                stacktrace = []\n                try:\n                    for frame in st_value:\n                        line = frame.get(\"lineNumber\", \"\")\n                        file = frame.get(\"fileName\", \"<anonymous>\")\n                        if line:\n                            file = f\"{file}:{line}\"\n                        meth = frame.get(\"methodName\", \"<anonymous>\")\n                        if \"className\" in frame:\n                            meth = f\"{frame['className']}.{meth}\"\n                        msg = \"    at %s (%s)\"\n                        msg = msg % (meth, file)\n                        stacktrace.append(msg)\n                except TypeError:\n                    pass\n        if exception_class == UnexpectedAlertPresentException:\n            alert_text = None\n            if \"data\" in value:\n                alert_text = value[\"data\"].get(\"text\")\n            elif \"alert\" in value:\n                alert_text = value[\"alert\"].get(\"text\")\n            raise exception_class(message, screen, stacktrace, alert_text)  # type: ignore[call-arg]  # mypy is not smart enough here\n>       raise exception_class(message, screen, stacktrace)\nE       selenium.common.exceptions.NoSuchElementException: Message: no such element: Unable to locate element: {\"method\":\"css selector\",\"selector\":\".home-pants img\"}\nE         (Session info: chrome=142.0.7444.59); For documentation on this error, please visit: https://www.selenium.dev/documentation/webdriver/troubleshooting/errors#no-such-element-exception\nE       Stacktrace:\nE       #0 0x564aafc98aea <unknown>\nE       #1 0x564aaf6e4cdb <unknown>\nE       #2 0x564aaf7376c4 <unknown>\nE       #3 0x564aaf737901 <unknown>\nE       #4 0x564aaf7868b4 <unknown>\nE       #5 0x564aaf783c87 <unknown>\nE       #6 0x564aaf729aca <unknown>\nE       #7 0x564aaf72a7d1 <unknown>\nE       #8 0x564aafc5fab9 <unknown>\nE       #9 0x564aafc62a8c <unknown>\nE       #10 0x564aafc48d49 <unknown>\nE       #11 0x564aafc63685 <unknown>\nE       #12 0x564aafc306c3 <unknown>\nE       #13 0x564aafc857d8 <unknown>\nE       #14 0x564aafc859b3 <unknown>\nE       #15 0x564aafc97a83 <unknown>\nE       #16 0x7f92dd49caa4 <unknown>\nE       #17 0x7f92dd529c6c <unknown>\n\n/opt/hostedtoolcache/Python/3.11.14/x64/lib/python3.11/site-packages/selenium/webdriver/remote/errorhandler.py:229: NoSuchElementException","flaky":false,"newFailed":false,"newBroken":false,"newPassed":false,"retriesCount":0,"retriesStatusChange":false,"beforeStages":[{"name":"_session_faker","time":{"start":1762046534530,"stop":1762046534592,"duration":62},"status":"passed","steps":[],"attachments":[],"parameters":[],"stepsCount":0,"shouldDisplayMessage":false,"attachmentsCount":0,"hasContent":false,"attachmentStep":false},{"name":"clear_allure_result_folder","time":{"start":1762046534592,"stop":1762046534592,"duration":0},"status":"passed","steps":[],"attachments":[],"parameters":[],"stepsCount":0,"shouldDisplayMessage":false,"attachmentsCount":0,"hasContent":false,"attachmentStep":false},{"name":"driver","time":{"start":1762047664863,"stop":1762047666120,"duration":1257},"status":"passed","steps":[],"attachments":[],"parameters":[],"stepsCount":0,"shouldDisplayMessage":false,"attachmentsCount":0,"hasContent":false,"attachmentStep":false}],"testStage":{"description":"This test checks if the image in section 2 block 1 'home-pants' is correct","status":"broken","statusMessage":"selenium.common.exceptions.NoSuchElementException: Message: no such element: Unable to locate element: {\"method\":\"css selector\",\"selector\":\".home-pants img\"}\n  (Session info: chrome=142.0.7444.59); For documentation on this error, please visit: https://www.selenium.dev/documentation/webdriver/troubleshooting/errors#no-such-element-exception\nStacktrace:\n#0 0x564aafc98aea <unknown>\n#1 0x564aaf6e4cdb <unknown>\n#2 0x564aaf7376c4 <unknown>\n#3 0x564aaf737901 <unknown>\n#4 0x564aaf7868b4 <unknown>\n#5 0x564aaf783c87 <unknown>\n#6 0x564aaf729aca <unknown>\n#7 0x564aaf72a7d1 <unknown>\n#8 0x564aafc5fab9 <unknown>\n#9 0x564aafc62a8c <unknown>\n#10 0x564aafc48d49 <unknown>\n#11 0x564aafc63685 <unknown>\n#12 0x564aafc306c3 <unknown>\n#13 0x564aafc857d8 <unknown>\n#14 0x564aafc859b3 <unknown>\n#15 0x564aafc97a83 <unknown>\n#16 0x7f92dd49caa4 <unknown>\n#17 0x7f92dd529c6c <unknown>","statusTrace":"self = <test_main_page.TestMainPage.TestPromoBlock object at 0x7f5060368550>\ndriver = <selenium.webdriver.chrome.webdriver.WebDriver (session=\"6b9bdf6701fcc4d50c3a59a9fd1a80ae\")>\n\n    @allure.title(\"TC 13.01.16 - Check correctness of the image in block 1 'home-pants' in the Promo Block\")\n    def test_tc_13_01_16_check_image_correctness_in_section2_block1(self, driver):\n        \"\"\"This test checks if the image in section 2 block 1 'home-pants' is correct\"\"\"\n        page = PromoBlock(driver, MAIN_PAGE_URL)\n        page.open()\n>       block1_image = page.find_element(self.locators.SECTION_2_BLOCK_1_IMAGE)\n\ntests/test_main_page.py:253: \n_ _ _ _ _ _ _ _ _ _ _ _ _ _ _ _ _ _ _ _ _ _ _ _ _ _ _ _ _ _ _ _ _ _ _ _ _ _ _ _ \npages/base_page.py:202: in find_element\n    return self.driver.find_element(*locator)\n/opt/hostedtoolcache/Python/3.11.14/x64/lib/python3.11/site-packages/selenium/webdriver/remote/webdriver.py:738: in find_element\n    return self.execute(Command.FIND_ELEMENT, {\"using\": by, \"value\": value})[\"value\"]\n/opt/hostedtoolcache/Python/3.11.14/x64/lib/python3.11/site-packages/selenium/webdriver/remote/webdriver.py:344: in execute\n    self.error_handler.check_response(response)\n_ _ _ _ _ _ _ _ _ _ _ _ _ _ _ _ _ _ _ _ _ _ _ _ _ _ _ _ _ _ _ _ _ _ _ _ _ _ _ _ \n\nself = <selenium.webdriver.remote.errorhandler.ErrorHandler object at 0x7f50618c5b50>\nresponse = {'status': 404, 'value': '{\"value\":{\"error\":\"no such element\",\"message\":\"no such element: Unable to locate element: {\\...\\\\n#15 0x564aafc97a83 \\\\u003Cunknown>\\\\n#16 0x7f92dd49caa4 \\\\u003Cunknown>\\\\n#17 0x7f92dd529c6c \\\\u003Cunknown>\\\\n\"}}'}\n\n    def check_response(self, response: Dict[str, Any]) -> None:\n        \"\"\"Checks that a JSON response from the WebDriver does not have an\n        error.\n    \n        :Args:\n         - response - The JSON response from the WebDriver server as a dictionary\n           object.\n    \n        :Raises: If the response contains an error message.\n        \"\"\"\n        status = response.get(\"status\", None)\n        if not status or status == ErrorCode.SUCCESS:\n            return\n        value = None\n        message = response.get(\"message\", \"\")\n        screen: str = response.get(\"screen\", \"\")\n        stacktrace = None\n        if isinstance(status, int):\n            value_json = response.get(\"value\", None)\n            if value_json and isinstance(value_json, str):\n                import json\n    \n                try:\n                    value = json.loads(value_json)\n                    if len(value) == 1:\n                        value = value[\"value\"]\n                    status = value.get(\"error\", None)\n                    if not status:\n                        status = value.get(\"status\", ErrorCode.UNKNOWN_ERROR)\n                        message = value.get(\"value\") or value.get(\"message\")\n                        if not isinstance(message, str):\n                            value = message\n                            message = message.get(\"message\")\n                    else:\n                        message = value.get(\"message\", None)\n                except ValueError:\n                    pass\n    \n        exception_class: Type[WebDriverException]\n        e = ErrorCode()\n        error_codes = [item for item in dir(e) if not item.startswith(\"__\")]\n        for error_code in error_codes:\n            error_info = getattr(ErrorCode, error_code)\n            if isinstance(error_info, list) and status in error_info:\n                exception_class = getattr(ExceptionMapping, error_code, WebDriverException)\n                break\n        else:\n            exception_class = WebDriverException\n    \n        if not value:\n            value = response[\"value\"]\n        if isinstance(value, str):\n            raise exception_class(value)\n        if message == \"\" and \"message\" in value:\n            message = value[\"message\"]\n    \n        screen = None  # type: ignore[assignment]\n        if \"screen\" in value:\n            screen = value[\"screen\"]\n    \n        stacktrace = None\n        st_value = value.get(\"stackTrace\") or value.get(\"stacktrace\")\n        if st_value:\n            if isinstance(st_value, str):\n                stacktrace = st_value.split(\"\\n\")\n            else:\n                stacktrace = []\n                try:\n                    for frame in st_value:\n                        line = frame.get(\"lineNumber\", \"\")\n                        file = frame.get(\"fileName\", \"<anonymous>\")\n                        if line:\n                            file = f\"{file}:{line}\"\n                        meth = frame.get(\"methodName\", \"<anonymous>\")\n                        if \"className\" in frame:\n                            meth = f\"{frame['className']}.{meth}\"\n                        msg = \"    at %s (%s)\"\n                        msg = msg % (meth, file)\n                        stacktrace.append(msg)\n                except TypeError:\n                    pass\n        if exception_class == UnexpectedAlertPresentException:\n            alert_text = None\n            if \"data\" in value:\n                alert_text = value[\"data\"].get(\"text\")\n            elif \"alert\" in value:\n                alert_text = value[\"alert\"].get(\"text\")\n            raise exception_class(message, screen, stacktrace, alert_text)  # type: ignore[call-arg]  # mypy is not smart enough here\n>       raise exception_class(message, screen, stacktrace)\nE       selenium.common.exceptions.NoSuchElementException: Message: no such element: Unable to locate element: {\"method\":\"css selector\",\"selector\":\".home-pants img\"}\nE         (Session info: chrome=142.0.7444.59); For documentation on this error, please visit: https://www.selenium.dev/documentation/webdriver/troubleshooting/errors#no-such-element-exception\nE       Stacktrace:\nE       #0 0x564aafc98aea <unknown>\nE       #1 0x564aaf6e4cdb <unknown>\nE       #2 0x564aaf7376c4 <unknown>\nE       #3 0x564aaf737901 <unknown>\nE       #4 0x564aaf7868b4 <unknown>\nE       #5 0x564aaf783c87 <unknown>\nE       #6 0x564aaf729aca <unknown>\nE       #7 0x564aaf72a7d1 <unknown>\nE       #8 0x564aafc5fab9 <unknown>\nE       #9 0x564aafc62a8c <unknown>\nE       #10 0x564aafc48d49 <unknown>\nE       #11 0x564aafc63685 <unknown>\nE       #12 0x564aafc306c3 <unknown>\nE       #13 0x564aafc857d8 <unknown>\nE       #14 0x564aafc859b3 <unknown>\nE       #15 0x564aafc97a83 <unknown>\nE       #16 0x7f92dd49caa4 <unknown>\nE       #17 0x7f92dd529c6c <unknown>\n\n/opt/hostedtoolcache/Python/3.11.14/x64/lib/python3.11/site-packages/selenium/webdriver/remote/errorhandler.py:229: NoSuchElementException","steps":[{"name":"Open a browser","time":{"start":1762047666121,"stop":1762047666317,"duration":196},"status":"passed","steps":[],"attachments":[],"parameters":[],"stepsCount":0,"shouldDisplayMessage":false,"attachmentsCount":0,"hasContent":false,"attachmentStep":false},{"name":"Find element (unpacking)","time":{"start":1762047666317,"stop":1762047666331,"duration":14},"status":"broken","statusMessage":"selenium.common.exceptions.NoSuchElementException: Message: no such element: Unable to locate element: {\"method\":\"css selector\",\"selector\":\".home-pants img\"}\n  (Session info: chrome=142.0.7444.59); For documentation on this error, please visit: https://www.selenium.dev/documentation/webdriver/troubleshooting/errors#no-such-element-exception\nStacktrace:\n#0 0x564aafc98aea <unknown>\n#1 0x564aaf6e4cdb <unknown>\n#2 0x564aaf7376c4 <unknown>\n#3 0x564aaf737901 <unknown>\n#4 0x564aaf7868b4 <unknown>\n#5 0x564aaf783c87 <unknown>\n#6 0x564aaf729aca <unknown>\n#7 0x564aaf72a7d1 <unknown>\n#8 0x564aafc5fab9 <unknown>\n#9 0x564aafc62a8c <unknown>\n#10 0x564aafc48d49 <unknown>\n#11 0x564aafc63685 <unknown>\n#12 0x564aafc306c3 <unknown>\n#13 0x564aafc857d8 <unknown>\n#14 0x564aafc859b3 <unknown>\n#15 0x564aafc97a83 <unknown>\n#16 0x7f92dd49caa4 <unknown>\n#17 0x7f92dd529c6c <unknown>\n\n","statusTrace":"  File \"/opt/hostedtoolcache/Python/3.11.14/x64/lib/python3.11/site-packages/allure_commons/_allure.py\", line 192, in impl\n    return func(*a, **kw)\n           ^^^^^^^^^^^^^^\n  File \"/home/runner/work/luma_project/luma_project/pages/base_page.py\", line 202, in find_element\n    return self.driver.find_element(*locator)\n           ^^^^^^^^^^^^^^^^^^^^^^^^^^^^^^^^^^\n  File \"/opt/hostedtoolcache/Python/3.11.14/x64/lib/python3.11/site-packages/selenium/webdriver/remote/webdriver.py\", line 738, in find_element\n    return self.execute(Command.FIND_ELEMENT, {\"using\": by, \"value\": value})[\"value\"]\n           ^^^^^^^^^^^^^^^^^^^^^^^^^^^^^^^^^^^^^^^^^^^^^^^^^^^^^^^^^^^^^^^^^\n  File \"/opt/hostedtoolcache/Python/3.11.14/x64/lib/python3.11/site-packages/selenium/webdriver/remote/webdriver.py\", line 344, in execute\n    self.error_handler.check_response(response)\n  File \"/opt/hostedtoolcache/Python/3.11.14/x64/lib/python3.11/site-packages/selenium/webdriver/remote/errorhandler.py\", line 229, in check_response\n    raise exception_class(message, screen, stacktrace)\n","steps":[],"attachments":[],"parameters":[{"name":"locator","value":"('css selector', '.home-pants img')"}],"stepsCount":0,"shouldDisplayMessage":true,"attachmentsCount":0,"hasContent":true,"attachmentStep":false}],"attachments":[{"uid":"6c7d7f93171b161c","name":"Screenshot","source":"6c7d7f93171b161c.png","type":"image/png","size":23875},{"uid":"15db9eaf9bcbb5b","name":"HTML source","source":"15db9eaf9bcbb5b.html","type":"text/html","size":1433}],"parameters":[],"stepsCount":2,"shouldDisplayMessage":true,"attachmentsCount":2,"hasContent":true,"attachmentStep":false},"afterStages":[{"name":"driver::0","time":{"start":1762047666429,"stop":1762047666488,"duration":59},"status":"passed","steps":[],"attachments":[],"parameters":[],"stepsCount":0,"shouldDisplayMessage":false,"attachmentsCount":0,"hasContent":false,"attachmentStep":false},{"name":"clear_allure_result_folder::0","time":{"start":1762048967233,"stop":1762048967233,"duration":0},"status":"passed","steps":[],"attachments":[],"parameters":[],"stepsCount":0,"shouldDisplayMessage":false,"attachmentsCount":0,"hasContent":false,"attachmentStep":false}],"labels":[{"name":"feature","value":"Promo Block Testing"},{"name":"epic","value":"Main Page"},{"name":"parentSuite","value":"tests"},{"name":"suite","value":"test_main_page"},{"name":"subSuite","value":"TestMainPage"},{"name":"host","value":"runnervmf2e7y"},{"name":"thread","value":"3614-MainThread"},{"name":"framework","value":"pytest"},{"name":"language","value":"cpython3"},{"name":"package","value":"tests.test_main_page"},{"name":"resultFormat","value":"allure2"}],"parameters":[],"links":[],"hidden":false,"retry":false,"extra":{"severity":"normal","retries":[],"categories":[{"name":"Test defects","matchedStatuses":[],"flaky":false}],"tags":[]},"source":"5446bfa78904ecdd.json","parameterValues":[]}