{"uid":"572fe7785d2c6c74","name":"TC 10.04.05 - Verify the text in 2 columns block - Men's Deals","fullName":"tests.test_sale.TestPromoBlocks#test_tc_10_04_05","historyId":"0c929b279299e32eaa8a93ebe20ddfe0","time":{"start":1762048334327,"stop":1762048339434,"duration":5107},"description":"Check title-text and content-text in 2 columns block - Men's Deals","descriptionHtml":"<p>Check title-text and content-text in 2 columns block - Men's Deals</p>\n","status":"broken","statusMessage":"selenium.common.exceptions.TimeoutException: Message: \nStacktrace:\n#0 0x5605b342eaea <unknown>\n#1 0x5605b2e7acdb <unknown>\n#2 0x5605b2ecd6c4 <unknown>\n#3 0x5605b2ecd901 <unknown>\n#4 0x5605b2f1c8b4 <unknown>\n#5 0x5605b2f19c87 <unknown>\n#6 0x5605b2ebfaca <unknown>\n#7 0x5605b2ec07d1 <unknown>\n#8 0x5605b33f5ab9 <unknown>\n#9 0x5605b33f8a8c <unknown>\n#10 0x5605b33ded49 <unknown>\n#11 0x5605b33f9685 <unknown>\n#12 0x5605b33c66c3 <unknown>\n#13 0x5605b341b7d8 <unknown>\n#14 0x5605b341b9b3 <unknown>\n#15 0x5605b342da83 <unknown>\n#16 0x7f81a209caa4 <unknown>\n#17 0x7f81a2129c6c <unknown>","statusTrace":"self = <test_sale.TestSalePage.TestPromoBlocks object at 0x7f506146e550>\nsale_page = <pages.sale_page.SalePage object at 0x7f50619590d0>\n\n    @allure.title(\"TC 10.04.05 - Verify the text in 2 columns block - Men's Deals\")\n    def test_tc_10_04_05(self, sale_page):\n        \"\"\"Check title-text and content-text in 2 columns block - Men's Deals\"\"\"\n>       title = sale_page.check_title_text_in_men_block()\n\ntests/test_sale.py:162: \n_ _ _ _ _ _ _ _ _ _ _ _ _ _ _ _ _ _ _ _ _ _ _ _ _ _ _ _ _ _ _ _ _ _ _ _ _ _ _ _ \npages/sale_page.py:61: in check_title_text_in_men_block\n    men_block_title = self.element_is_visible(self.promo_blocks_locators.SALE_MEN_TITLE)\npages/base_page.py:30: in element_is_visible\n    self.go_to_element(self.element_is_present(locator))\npages/base_page.py:51: in element_is_present\n    return wait(self.driver, timeout).until(EC.presence_of_element_located(locator))\n_ _ _ _ _ _ _ _ _ _ _ _ _ _ _ _ _ _ _ _ _ _ _ _ _ _ _ _ _ _ _ _ _ _ _ _ _ _ _ _ \n\nself = <selenium.webdriver.support.wait.WebDriverWait (session=\"9f751a34fbbde3a637d56a92c1c4111a\")>\nmethod = <function presence_of_element_located.<locals>._predicate at 0x7f5061712f20>\nmessage = ''\n\n    def until(self, method, message: str = \"\"):\n        \"\"\"Calls the method provided with the driver as an argument until the \\\n        return value does not evaluate to ``False``.\n    \n        :param method: callable(WebDriver)\n        :param message: optional message for :exc:`TimeoutException`\n        :returns: the result of the last call to `method`\n        :raises: :exc:`selenium.common.exceptions.TimeoutException` if timeout occurs\n        \"\"\"\n        screen = None\n        stacktrace = None\n    \n        end_time = time.monotonic() + self._timeout\n        while True:\n            try:\n                value = method(self._driver)\n                if value:\n                    return value\n            except self._ignored_exceptions as exc:\n                screen = getattr(exc, \"screen\", None)\n                stacktrace = getattr(exc, \"stacktrace\", None)\n            time.sleep(self._poll)\n            if time.monotonic() > end_time:\n                break\n>       raise TimeoutException(message, screen, stacktrace)\nE       selenium.common.exceptions.TimeoutException: Message: \nE       Stacktrace:\nE       #0 0x5605b342eaea <unknown>\nE       #1 0x5605b2e7acdb <unknown>\nE       #2 0x5605b2ecd6c4 <unknown>\nE       #3 0x5605b2ecd901 <unknown>\nE       #4 0x5605b2f1c8b4 <unknown>\nE       #5 0x5605b2f19c87 <unknown>\nE       #6 0x5605b2ebfaca <unknown>\nE       #7 0x5605b2ec07d1 <unknown>\nE       #8 0x5605b33f5ab9 <unknown>\nE       #9 0x5605b33f8a8c <unknown>\nE       #10 0x5605b33ded49 <unknown>\nE       #11 0x5605b33f9685 <unknown>\nE       #12 0x5605b33c66c3 <unknown>\nE       #13 0x5605b341b7d8 <unknown>\nE       #14 0x5605b341b9b3 <unknown>\nE       #15 0x5605b342da83 <unknown>\nE       #16 0x7f81a209caa4 <unknown>\nE       #17 0x7f81a2129c6c <unknown>\n\n/opt/hostedtoolcache/Python/3.11.14/x64/lib/python3.11/site-packages/selenium/webdriver/support/wait.py:95: TimeoutException","flaky":false,"newFailed":false,"newBroken":false,"newPassed":false,"retriesCount":0,"retriesStatusChange":false,"beforeStages":[{"name":"_session_faker","time":{"start":1762046534530,"stop":1762046534592,"duration":62},"status":"passed","steps":[],"attachments":[],"parameters":[],"stepsCount":0,"shouldDisplayMessage":false,"attachmentsCount":0,"hasContent":false,"attachmentStep":false},{"name":"clear_allure_result_folder","time":{"start":1762046534592,"stop":1762046534592,"duration":0},"status":"passed","steps":[],"attachments":[],"parameters":[],"stepsCount":0,"shouldDisplayMessage":false,"attachmentsCount":0,"hasContent":false,"attachmentStep":false},{"name":"driver","time":{"start":1762048332882,"stop":1762048334143,"duration":1261},"status":"passed","steps":[],"attachments":[],"parameters":[],"stepsCount":0,"shouldDisplayMessage":false,"attachmentsCount":0,"hasContent":false,"attachmentStep":false},{"name":"sale_page","time":{"start":1762048334143,"stop":1762048334327,"duration":184},"status":"passed","steps":[{"name":"Open a browser","time":{"start":1762048334143,"stop":1762048334327,"duration":184},"status":"passed","steps":[],"attachments":[],"parameters":[],"stepsCount":0,"shouldDisplayMessage":false,"attachmentsCount":0,"hasContent":false,"attachmentStep":false}],"attachments":[],"parameters":[],"stepsCount":1,"shouldDisplayMessage":false,"attachmentsCount":0,"hasContent":true,"attachmentStep":false}],"testStage":{"description":"Check title-text and content-text in 2 columns block - Men's Deals","status":"broken","statusMessage":"selenium.common.exceptions.TimeoutException: Message: \nStacktrace:\n#0 0x5605b342eaea <unknown>\n#1 0x5605b2e7acdb <unknown>\n#2 0x5605b2ecd6c4 <unknown>\n#3 0x5605b2ecd901 <unknown>\n#4 0x5605b2f1c8b4 <unknown>\n#5 0x5605b2f19c87 <unknown>\n#6 0x5605b2ebfaca <unknown>\n#7 0x5605b2ec07d1 <unknown>\n#8 0x5605b33f5ab9 <unknown>\n#9 0x5605b33f8a8c <unknown>\n#10 0x5605b33ded49 <unknown>\n#11 0x5605b33f9685 <unknown>\n#12 0x5605b33c66c3 <unknown>\n#13 0x5605b341b7d8 <unknown>\n#14 0x5605b341b9b3 <unknown>\n#15 0x5605b342da83 <unknown>\n#16 0x7f81a209caa4 <unknown>\n#17 0x7f81a2129c6c <unknown>","statusTrace":"self = <test_sale.TestSalePage.TestPromoBlocks object at 0x7f506146e550>\nsale_page = <pages.sale_page.SalePage object at 0x7f50619590d0>\n\n    @allure.title(\"TC 10.04.05 - Verify the text in 2 columns block - Men's Deals\")\n    def test_tc_10_04_05(self, sale_page):\n        \"\"\"Check title-text and content-text in 2 columns block - Men's Deals\"\"\"\n>       title = sale_page.check_title_text_in_men_block()\n\ntests/test_sale.py:162: \n_ _ _ _ _ _ _ _ _ _ _ _ _ _ _ _ _ _ _ _ _ _ _ _ _ _ _ _ _ _ _ _ _ _ _ _ _ _ _ _ \npages/sale_page.py:61: in check_title_text_in_men_block\n    men_block_title = self.element_is_visible(self.promo_blocks_locators.SALE_MEN_TITLE)\npages/base_page.py:30: in element_is_visible\n    self.go_to_element(self.element_is_present(locator))\npages/base_page.py:51: in element_is_present\n    return wait(self.driver, timeout).until(EC.presence_of_element_located(locator))\n_ _ _ _ _ _ _ _ _ _ _ _ _ _ _ _ _ _ _ _ _ _ _ _ _ _ _ _ _ _ _ _ _ _ _ _ _ _ _ _ \n\nself = <selenium.webdriver.support.wait.WebDriverWait (session=\"9f751a34fbbde3a637d56a92c1c4111a\")>\nmethod = <function presence_of_element_located.<locals>._predicate at 0x7f5061712f20>\nmessage = ''\n\n    def until(self, method, message: str = \"\"):\n        \"\"\"Calls the method provided with the driver as an argument until the \\\n        return value does not evaluate to ``False``.\n    \n        :param method: callable(WebDriver)\n        :param message: optional message for :exc:`TimeoutException`\n        :returns: the result of the last call to `method`\n        :raises: :exc:`selenium.common.exceptions.TimeoutException` if timeout occurs\n        \"\"\"\n        screen = None\n        stacktrace = None\n    \n        end_time = time.monotonic() + self._timeout\n        while True:\n            try:\n                value = method(self._driver)\n                if value:\n                    return value\n            except self._ignored_exceptions as exc:\n                screen = getattr(exc, \"screen\", None)\n                stacktrace = getattr(exc, \"stacktrace\", None)\n            time.sleep(self._poll)\n            if time.monotonic() > end_time:\n                break\n>       raise TimeoutException(message, screen, stacktrace)\nE       selenium.common.exceptions.TimeoutException: Message: \nE       Stacktrace:\nE       #0 0x5605b342eaea <unknown>\nE       #1 0x5605b2e7acdb <unknown>\nE       #2 0x5605b2ecd6c4 <unknown>\nE       #3 0x5605b2ecd901 <unknown>\nE       #4 0x5605b2f1c8b4 <unknown>\nE       #5 0x5605b2f19c87 <unknown>\nE       #6 0x5605b2ebfaca <unknown>\nE       #7 0x5605b2ec07d1 <unknown>\nE       #8 0x5605b33f5ab9 <unknown>\nE       #9 0x5605b33f8a8c <unknown>\nE       #10 0x5605b33ded49 <unknown>\nE       #11 0x5605b33f9685 <unknown>\nE       #12 0x5605b33c66c3 <unknown>\nE       #13 0x5605b341b7d8 <unknown>\nE       #14 0x5605b341b9b3 <unknown>\nE       #15 0x5605b342da83 <unknown>\nE       #16 0x7f81a209caa4 <unknown>\nE       #17 0x7f81a2129c6c <unknown>\n\n/opt/hostedtoolcache/Python/3.11.14/x64/lib/python3.11/site-packages/selenium/webdriver/support/wait.py:95: TimeoutException","steps":[{"name":"Check title-text in 2 columns block - Men's Deals","time":{"start":1762048334327,"stop":1762048339433,"duration":5106},"status":"broken","statusMessage":"selenium.common.exceptions.TimeoutException: Message: \nStacktrace:\n#0 0x5605b342eaea <unknown>\n#1 0x5605b2e7acdb <unknown>\n#2 0x5605b2ecd6c4 <unknown>\n#3 0x5605b2ecd901 <unknown>\n#4 0x5605b2f1c8b4 <unknown>\n#5 0x5605b2f19c87 <unknown>\n#6 0x5605b2ebfaca <unknown>\n#7 0x5605b2ec07d1 <unknown>\n#8 0x5605b33f5ab9 <unknown>\n#9 0x5605b33f8a8c <unknown>\n#10 0x5605b33ded49 <unknown>\n#11 0x5605b33f9685 <unknown>\n#12 0x5605b33c66c3 <unknown>\n#13 0x5605b341b7d8 <unknown>\n#14 0x5605b341b9b3 <unknown>\n#15 0x5605b342da83 <unknown>\n#16 0x7f81a209caa4 <unknown>\n#17 0x7f81a2129c6c <unknown>\n\n","statusTrace":"  File \"/opt/hostedtoolcache/Python/3.11.14/x64/lib/python3.11/site-packages/allure_commons/_allure.py\", line 192, in impl\n    return func(*a, **kw)\n           ^^^^^^^^^^^^^^\n  File \"/home/runner/work/luma_project/luma_project/pages/sale_page.py\", line 61, in check_title_text_in_men_block\n    men_block_title = self.element_is_visible(self.promo_blocks_locators.SALE_MEN_TITLE)\n                      ^^^^^^^^^^^^^^^^^^^^^^^^^^^^^^^^^^^^^^^^^^^^^^^^^^^^^^^^^^^^^^^^^^\n  File \"/opt/hostedtoolcache/Python/3.11.14/x64/lib/python3.11/site-packages/allure_commons/_allure.py\", line 192, in impl\n    return func(*a, **kw)\n           ^^^^^^^^^^^^^^\n  File \"/home/runner/work/luma_project/luma_project/pages/base_page.py\", line 30, in element_is_visible\n    self.go_to_element(self.element_is_present(locator))\n                       ^^^^^^^^^^^^^^^^^^^^^^^^^^^^^^^^\n  File \"/opt/hostedtoolcache/Python/3.11.14/x64/lib/python3.11/site-packages/allure_commons/_allure.py\", line 192, in impl\n    return func(*a, **kw)\n           ^^^^^^^^^^^^^^\n  File \"/home/runner/work/luma_project/luma_project/pages/base_page.py\", line 51, in element_is_present\n    return wait(self.driver, timeout).until(EC.presence_of_element_located(locator))\n           ^^^^^^^^^^^^^^^^^^^^^^^^^^^^^^^^^^^^^^^^^^^^^^^^^^^^^^^^^^^^^^^^^^^^^^^^^\n  File \"/opt/hostedtoolcache/Python/3.11.14/x64/lib/python3.11/site-packages/selenium/webdriver/support/wait.py\", line 95, in until\n    raise TimeoutException(message, screen, stacktrace)\n","steps":[{"name":"Find a visible element","time":{"start":1762048334327,"stop":1762048339433,"duration":5106},"status":"broken","statusMessage":"selenium.common.exceptions.TimeoutException: Message: \nStacktrace:\n#0 0x5605b342eaea <unknown>\n#1 0x5605b2e7acdb <unknown>\n#2 0x5605b2ecd6c4 <unknown>\n#3 0x5605b2ecd901 <unknown>\n#4 0x5605b2f1c8b4 <unknown>\n#5 0x5605b2f19c87 <unknown>\n#6 0x5605b2ebfaca <unknown>\n#7 0x5605b2ec07d1 <unknown>\n#8 0x5605b33f5ab9 <unknown>\n#9 0x5605b33f8a8c <unknown>\n#10 0x5605b33ded49 <unknown>\n#11 0x5605b33f9685 <unknown>\n#12 0x5605b33c66c3 <unknown>\n#13 0x5605b341b7d8 <unknown>\n#14 0x5605b341b9b3 <unknown>\n#15 0x5605b342da83 <unknown>\n#16 0x7f81a209caa4 <unknown>\n#17 0x7f81a2129c6c <unknown>\n\n","statusTrace":"  File \"/opt/hostedtoolcache/Python/3.11.14/x64/lib/python3.11/site-packages/allure_commons/_allure.py\", line 192, in impl\n    return func(*a, **kw)\n           ^^^^^^^^^^^^^^\n  File \"/home/runner/work/luma_project/luma_project/pages/base_page.py\", line 30, in element_is_visible\n    self.go_to_element(self.element_is_present(locator))\n                       ^^^^^^^^^^^^^^^^^^^^^^^^^^^^^^^^\n  File \"/opt/hostedtoolcache/Python/3.11.14/x64/lib/python3.11/site-packages/allure_commons/_allure.py\", line 192, in impl\n    return func(*a, **kw)\n           ^^^^^^^^^^^^^^\n  File \"/home/runner/work/luma_project/luma_project/pages/base_page.py\", line 51, in element_is_present\n    return wait(self.driver, timeout).until(EC.presence_of_element_located(locator))\n           ^^^^^^^^^^^^^^^^^^^^^^^^^^^^^^^^^^^^^^^^^^^^^^^^^^^^^^^^^^^^^^^^^^^^^^^^^\n  File \"/opt/hostedtoolcache/Python/3.11.14/x64/lib/python3.11/site-packages/selenium/webdriver/support/wait.py\", line 95, in until\n    raise TimeoutException(message, screen, stacktrace)\n","steps":[{"name":"Find a present element","time":{"start":1762048334327,"stop":1762048339432,"duration":5105},"status":"broken","statusMessage":"selenium.common.exceptions.TimeoutException: Message: \nStacktrace:\n#0 0x5605b342eaea <unknown>\n#1 0x5605b2e7acdb <unknown>\n#2 0x5605b2ecd6c4 <unknown>\n#3 0x5605b2ecd901 <unknown>\n#4 0x5605b2f1c8b4 <unknown>\n#5 0x5605b2f19c87 <unknown>\n#6 0x5605b2ebfaca <unknown>\n#7 0x5605b2ec07d1 <unknown>\n#8 0x5605b33f5ab9 <unknown>\n#9 0x5605b33f8a8c <unknown>\n#10 0x5605b33ded49 <unknown>\n#11 0x5605b33f9685 <unknown>\n#12 0x5605b33c66c3 <unknown>\n#13 0x5605b341b7d8 <unknown>\n#14 0x5605b341b9b3 <unknown>\n#15 0x5605b342da83 <unknown>\n#16 0x7f81a209caa4 <unknown>\n#17 0x7f81a2129c6c <unknown>\n\n","statusTrace":"  File \"/opt/hostedtoolcache/Python/3.11.14/x64/lib/python3.11/site-packages/allure_commons/_allure.py\", line 192, in impl\n    return func(*a, **kw)\n           ^^^^^^^^^^^^^^\n  File \"/home/runner/work/luma_project/luma_project/pages/base_page.py\", line 51, in element_is_present\n    return wait(self.driver, timeout).until(EC.presence_of_element_located(locator))\n           ^^^^^^^^^^^^^^^^^^^^^^^^^^^^^^^^^^^^^^^^^^^^^^^^^^^^^^^^^^^^^^^^^^^^^^^^^\n  File \"/opt/hostedtoolcache/Python/3.11.14/x64/lib/python3.11/site-packages/selenium/webdriver/support/wait.py\", line 95, in until\n    raise TimeoutException(message, screen, stacktrace)\n","steps":[],"attachments":[],"parameters":[{"name":"locator","value":"('css selector', '.sale-mens .title')"},{"name":"timeout","value":"5"}],"stepsCount":0,"shouldDisplayMessage":true,"attachmentsCount":0,"hasContent":true,"attachmentStep":false}],"attachments":[],"parameters":[{"name":"locator","value":"('css selector', '.sale-mens .title')"},{"name":"timeout","value":"10"}],"stepsCount":1,"shouldDisplayMessage":false,"attachmentsCount":0,"hasContent":true,"attachmentStep":false}],"attachments":[],"parameters":[],"stepsCount":2,"shouldDisplayMessage":false,"attachmentsCount":0,"hasContent":true,"attachmentStep":false}],"attachments":[{"uid":"9558fa99a13961f6","name":"Screenshot","source":"9558fa99a13961f6.png","type":"image/png","size":23875},{"uid":"e2878801611e4534","name":"HTML source","source":"e2878801611e4534.html","type":"text/html","size":1433}],"parameters":[],"stepsCount":3,"shouldDisplayMessage":true,"attachmentsCount":2,"hasContent":true,"attachmentStep":false},"afterStages":[{"name":"driver::0","time":{"start":1762048339502,"stop":1762048339562,"duration":60},"status":"passed","steps":[],"attachments":[],"parameters":[],"stepsCount":0,"shouldDisplayMessage":false,"attachmentsCount":0,"hasContent":false,"attachmentStep":false},{"name":"clear_allure_result_folder::0","time":{"start":1762048967233,"stop":1762048967233,"duration":0},"status":"passed","steps":[],"attachments":[],"parameters":[],"stepsCount":0,"shouldDisplayMessage":false,"attachmentsCount":0,"hasContent":false,"attachmentStep":false}],"labels":[{"name":"epic","value":"Sale Page"},{"name":"feature","value":"Testing Promo Blocks, Main Block (Women's Deals) and 2 columns block - Men's Bargain, Gear Steals"},{"name":"parentSuite","value":"tests"},{"name":"suite","value":"test_sale"},{"name":"subSuite","value":"TestSalePage"},{"name":"host","value":"runnervmf2e7y"},{"name":"thread","value":"3614-MainThread"},{"name":"framework","value":"pytest"},{"name":"language","value":"cpython3"},{"name":"package","value":"tests.test_sale"},{"name":"resultFormat","value":"allure2"}],"parameters":[],"links":[],"hidden":false,"retry":false,"extra":{"severity":"normal","retries":[],"categories":[{"name":"Test defects","matchedStatuses":[],"flaky":false}],"tags":[]},"source":"572fe7785d2c6c74.json","parameterValues":[]}