{"uid":"790ff8f329a600d0","name":"TC 02.02.04 - Check Orders and Returns link in footer leads to the correct page from each page specified in DATA_1","fullName":"tests.test_footer.TestFooter#test_tc_02_02_04_check_orders_and_returns_link_functionality","historyId":"000ca65660cd4e4b745ed0a062a5ccb6","time":{"start":1762047001901,"stop":1762047007220,"duration":5319},"description":"Check that Orders and Returns link in footer is correct","descriptionHtml":"<p>Check that Orders and Returns link in footer is correct</p>\n","status":"broken","statusMessage":"selenium.common.exceptions.TimeoutException: Message: \nStacktrace:\n#0 0x56373232aaea <unknown>\n#1 0x563731d76cdb <unknown>\n#2 0x563731dc96c4 <unknown>\n#3 0x563731dc9901 <unknown>\n#4 0x563731e188b4 <unknown>\n#5 0x563731e15c87 <unknown>\n#6 0x563731dbbaca <unknown>\n#7 0x563731dbc7d1 <unknown>\n#8 0x5637322f1ab9 <unknown>\n#9 0x5637322f4a8c <unknown>\n#10 0x5637322dad49 <unknown>\n#11 0x5637322f5685 <unknown>\n#12 0x5637322c26c3 <unknown>\n#13 0x5637323177d8 <unknown>\n#14 0x5637323179b3 <unknown>\n#15 0x563732329a83 <unknown>\n#16 0x7f987429caa4 <unknown>\n#17 0x7f9874329c6c <unknown>","statusTrace":"self = <test_footer.TestFooter object at 0x7f5061abb650>\ndriver = <selenium.webdriver.chrome.webdriver.WebDriver (session=\"aead287682504926f540737c54dec6a9\")>\nURL = 'https://magento.softwaretestingboard.com/'\n\n    @allure.title(\"TC 02.02.04 - Check Orders and Returns link in footer leads to the correct page \"\n                  \"from each page specified in DATA_1\")\n    @pytest.mark.parametrize('URL', DATA_1)\n    def test_tc_02_02_04_check_orders_and_returns_link_functionality(self, driver, URL):\n        \"\"\"Check that Orders and Returns link in footer is correct\"\"\"\n        page = FooterPage(driver, url=URL)\n        page.open()\n>       page.check_orders_and_returns_link_functionality()\n\ntests/test_footer.py:559: \n_ _ _ _ _ _ _ _ _ _ _ _ _ _ _ _ _ _ _ _ _ _ _ _ _ _ _ _ _ _ _ _ _ _ _ _ _ _ _ _ \npages/footer_page.py:314: in check_orders_and_returns_link_functionality\n    orders_and_returns_link = self.element_is_visible(self.footer_locators.ORDERS_AND_RETURNS_LINK)\npages/base_page.py:30: in element_is_visible\n    self.go_to_element(self.element_is_present(locator))\npages/base_page.py:51: in element_is_present\n    return wait(self.driver, timeout).until(EC.presence_of_element_located(locator))\n_ _ _ _ _ _ _ _ _ _ _ _ _ _ _ _ _ _ _ _ _ _ _ _ _ _ _ _ _ _ _ _ _ _ _ _ _ _ _ _ \n\nself = <selenium.webdriver.support.wait.WebDriverWait (session=\"aead287682504926f540737c54dec6a9\")>\nmethod = <function presence_of_element_located.<locals>._predicate at 0x7f50602645e0>\nmessage = ''\n\n    def until(self, method, message: str = \"\"):\n        \"\"\"Calls the method provided with the driver as an argument until the \\\n        return value does not evaluate to ``False``.\n    \n        :param method: callable(WebDriver)\n        :param message: optional message for :exc:`TimeoutException`\n        :returns: the result of the last call to `method`\n        :raises: :exc:`selenium.common.exceptions.TimeoutException` if timeout occurs\n        \"\"\"\n        screen = None\n        stacktrace = None\n    \n        end_time = time.monotonic() + self._timeout\n        while True:\n            try:\n                value = method(self._driver)\n                if value:\n                    return value\n            except self._ignored_exceptions as exc:\n                screen = getattr(exc, \"screen\", None)\n                stacktrace = getattr(exc, \"stacktrace\", None)\n            time.sleep(self._poll)\n            if time.monotonic() > end_time:\n                break\n>       raise TimeoutException(message, screen, stacktrace)\nE       selenium.common.exceptions.TimeoutException: Message: \nE       Stacktrace:\nE       #0 0x56373232aaea <unknown>\nE       #1 0x563731d76cdb <unknown>\nE       #2 0x563731dc96c4 <unknown>\nE       #3 0x563731dc9901 <unknown>\nE       #4 0x563731e188b4 <unknown>\nE       #5 0x563731e15c87 <unknown>\nE       #6 0x563731dbbaca <unknown>\nE       #7 0x563731dbc7d1 <unknown>\nE       #8 0x5637322f1ab9 <unknown>\nE       #9 0x5637322f4a8c <unknown>\nE       #10 0x5637322dad49 <unknown>\nE       #11 0x5637322f5685 <unknown>\nE       #12 0x5637322c26c3 <unknown>\nE       #13 0x5637323177d8 <unknown>\nE       #14 0x5637323179b3 <unknown>\nE       #15 0x563732329a83 <unknown>\nE       #16 0x7f987429caa4 <unknown>\nE       #17 0x7f9874329c6c <unknown>\n\n/opt/hostedtoolcache/Python/3.11.14/x64/lib/python3.11/site-packages/selenium/webdriver/support/wait.py:95: TimeoutException","flaky":false,"newFailed":false,"newBroken":false,"newPassed":false,"retriesCount":0,"retriesStatusChange":false,"beforeStages":[{"name":"_session_faker","time":{"start":1762046534530,"stop":1762046534592,"duration":62},"status":"passed","steps":[],"attachments":[],"parameters":[],"stepsCount":0,"shouldDisplayMessage":false,"attachmentsCount":0,"hasContent":false,"attachmentStep":false},{"name":"clear_allure_result_folder","time":{"start":1762046534592,"stop":1762046534592,"duration":0},"status":"passed","steps":[],"attachments":[],"parameters":[],"stepsCount":0,"shouldDisplayMessage":false,"attachmentsCount":0,"hasContent":false,"attachmentStep":false},{"name":"driver","time":{"start":1762047000659,"stop":1762047001900,"duration":1241},"status":"passed","steps":[],"attachments":[],"parameters":[],"stepsCount":0,"shouldDisplayMessage":false,"attachmentsCount":0,"hasContent":false,"attachmentStep":false}],"testStage":{"description":"Check that Orders and Returns link in footer is correct","status":"broken","statusMessage":"selenium.common.exceptions.TimeoutException: Message: \nStacktrace:\n#0 0x56373232aaea <unknown>\n#1 0x563731d76cdb <unknown>\n#2 0x563731dc96c4 <unknown>\n#3 0x563731dc9901 <unknown>\n#4 0x563731e188b4 <unknown>\n#5 0x563731e15c87 <unknown>\n#6 0x563731dbbaca <unknown>\n#7 0x563731dbc7d1 <unknown>\n#8 0x5637322f1ab9 <unknown>\n#9 0x5637322f4a8c <unknown>\n#10 0x5637322dad49 <unknown>\n#11 0x5637322f5685 <unknown>\n#12 0x5637322c26c3 <unknown>\n#13 0x5637323177d8 <unknown>\n#14 0x5637323179b3 <unknown>\n#15 0x563732329a83 <unknown>\n#16 0x7f987429caa4 <unknown>\n#17 0x7f9874329c6c <unknown>","statusTrace":"self = <test_footer.TestFooter object at 0x7f5061abb650>\ndriver = <selenium.webdriver.chrome.webdriver.WebDriver (session=\"aead287682504926f540737c54dec6a9\")>\nURL = 'https://magento.softwaretestingboard.com/'\n\n    @allure.title(\"TC 02.02.04 - Check Orders and Returns link in footer leads to the correct page \"\n                  \"from each page specified in DATA_1\")\n    @pytest.mark.parametrize('URL', DATA_1)\n    def test_tc_02_02_04_check_orders_and_returns_link_functionality(self, driver, URL):\n        \"\"\"Check that Orders and Returns link in footer is correct\"\"\"\n        page = FooterPage(driver, url=URL)\n        page.open()\n>       page.check_orders_and_returns_link_functionality()\n\ntests/test_footer.py:559: \n_ _ _ _ _ _ _ _ _ _ _ _ _ _ _ _ _ _ _ _ _ _ _ _ _ _ _ _ _ _ _ _ _ _ _ _ _ _ _ _ \npages/footer_page.py:314: in check_orders_and_returns_link_functionality\n    orders_and_returns_link = self.element_is_visible(self.footer_locators.ORDERS_AND_RETURNS_LINK)\npages/base_page.py:30: in element_is_visible\n    self.go_to_element(self.element_is_present(locator))\npages/base_page.py:51: in element_is_present\n    return wait(self.driver, timeout).until(EC.presence_of_element_located(locator))\n_ _ _ _ _ _ _ _ _ _ _ _ _ _ _ _ _ _ _ _ _ _ _ _ _ _ _ _ _ _ _ _ _ _ _ _ _ _ _ _ \n\nself = <selenium.webdriver.support.wait.WebDriverWait (session=\"aead287682504926f540737c54dec6a9\")>\nmethod = <function presence_of_element_located.<locals>._predicate at 0x7f50602645e0>\nmessage = ''\n\n    def until(self, method, message: str = \"\"):\n        \"\"\"Calls the method provided with the driver as an argument until the \\\n        return value does not evaluate to ``False``.\n    \n        :param method: callable(WebDriver)\n        :param message: optional message for :exc:`TimeoutException`\n        :returns: the result of the last call to `method`\n        :raises: :exc:`selenium.common.exceptions.TimeoutException` if timeout occurs\n        \"\"\"\n        screen = None\n        stacktrace = None\n    \n        end_time = time.monotonic() + self._timeout\n        while True:\n            try:\n                value = method(self._driver)\n                if value:\n                    return value\n            except self._ignored_exceptions as exc:\n                screen = getattr(exc, \"screen\", None)\n                stacktrace = getattr(exc, \"stacktrace\", None)\n            time.sleep(self._poll)\n            if time.monotonic() > end_time:\n                break\n>       raise TimeoutException(message, screen, stacktrace)\nE       selenium.common.exceptions.TimeoutException: Message: \nE       Stacktrace:\nE       #0 0x56373232aaea <unknown>\nE       #1 0x563731d76cdb <unknown>\nE       #2 0x563731dc96c4 <unknown>\nE       #3 0x563731dc9901 <unknown>\nE       #4 0x563731e188b4 <unknown>\nE       #5 0x563731e15c87 <unknown>\nE       #6 0x563731dbbaca <unknown>\nE       #7 0x563731dbc7d1 <unknown>\nE       #8 0x5637322f1ab9 <unknown>\nE       #9 0x5637322f4a8c <unknown>\nE       #10 0x5637322dad49 <unknown>\nE       #11 0x5637322f5685 <unknown>\nE       #12 0x5637322c26c3 <unknown>\nE       #13 0x5637323177d8 <unknown>\nE       #14 0x5637323179b3 <unknown>\nE       #15 0x563732329a83 <unknown>\nE       #16 0x7f987429caa4 <unknown>\nE       #17 0x7f9874329c6c <unknown>\n\n/opt/hostedtoolcache/Python/3.11.14/x64/lib/python3.11/site-packages/selenium/webdriver/support/wait.py:95: TimeoutException","steps":[{"name":"Open a browser","time":{"start":1762047001901,"stop":1762047002116,"duration":215},"status":"passed","steps":[],"attachments":[],"parameters":[],"stepsCount":0,"shouldDisplayMessage":false,"attachmentsCount":0,"hasContent":false,"attachmentStep":false},{"name":"Check Orders and Returns link leads to the correct page","time":{"start":1762047002116,"stop":1762047007220,"duration":5104},"status":"broken","statusMessage":"selenium.common.exceptions.TimeoutException: Message: \nStacktrace:\n#0 0x56373232aaea <unknown>\n#1 0x563731d76cdb <unknown>\n#2 0x563731dc96c4 <unknown>\n#3 0x563731dc9901 <unknown>\n#4 0x563731e188b4 <unknown>\n#5 0x563731e15c87 <unknown>\n#6 0x563731dbbaca <unknown>\n#7 0x563731dbc7d1 <unknown>\n#8 0x5637322f1ab9 <unknown>\n#9 0x5637322f4a8c <unknown>\n#10 0x5637322dad49 <unknown>\n#11 0x5637322f5685 <unknown>\n#12 0x5637322c26c3 <unknown>\n#13 0x5637323177d8 <unknown>\n#14 0x5637323179b3 <unknown>\n#15 0x563732329a83 <unknown>\n#16 0x7f987429caa4 <unknown>\n#17 0x7f9874329c6c <unknown>\n\n","statusTrace":"  File \"/opt/hostedtoolcache/Python/3.11.14/x64/lib/python3.11/site-packages/allure_commons/_allure.py\", line 192, in impl\n    return func(*a, **kw)\n           ^^^^^^^^^^^^^^\n  File \"/home/runner/work/luma_project/luma_project/pages/footer_page.py\", line 314, in check_orders_and_returns_link_functionality\n    orders_and_returns_link = self.element_is_visible(self.footer_locators.ORDERS_AND_RETURNS_LINK)\n                              ^^^^^^^^^^^^^^^^^^^^^^^^^^^^^^^^^^^^^^^^^^^^^^^^^^^^^^^^^^^^^^^^^^^^^\n  File \"/opt/hostedtoolcache/Python/3.11.14/x64/lib/python3.11/site-packages/allure_commons/_allure.py\", line 192, in impl\n    return func(*a, **kw)\n           ^^^^^^^^^^^^^^\n  File \"/home/runner/work/luma_project/luma_project/pages/base_page.py\", line 30, in element_is_visible\n    self.go_to_element(self.element_is_present(locator))\n                       ^^^^^^^^^^^^^^^^^^^^^^^^^^^^^^^^\n  File \"/opt/hostedtoolcache/Python/3.11.14/x64/lib/python3.11/site-packages/allure_commons/_allure.py\", line 192, in impl\n    return func(*a, **kw)\n           ^^^^^^^^^^^^^^\n  File \"/home/runner/work/luma_project/luma_project/pages/base_page.py\", line 51, in element_is_present\n    return wait(self.driver, timeout).until(EC.presence_of_element_located(locator))\n           ^^^^^^^^^^^^^^^^^^^^^^^^^^^^^^^^^^^^^^^^^^^^^^^^^^^^^^^^^^^^^^^^^^^^^^^^^\n  File \"/opt/hostedtoolcache/Python/3.11.14/x64/lib/python3.11/site-packages/selenium/webdriver/support/wait.py\", line 95, in until\n    raise TimeoutException(message, screen, stacktrace)\n","steps":[{"name":"Find a visible element","time":{"start":1762047002116,"stop":1762047007220,"duration":5104},"status":"broken","statusMessage":"selenium.common.exceptions.TimeoutException: Message: \nStacktrace:\n#0 0x56373232aaea <unknown>\n#1 0x563731d76cdb <unknown>\n#2 0x563731dc96c4 <unknown>\n#3 0x563731dc9901 <unknown>\n#4 0x563731e188b4 <unknown>\n#5 0x563731e15c87 <unknown>\n#6 0x563731dbbaca <unknown>\n#7 0x563731dbc7d1 <unknown>\n#8 0x5637322f1ab9 <unknown>\n#9 0x5637322f4a8c <unknown>\n#10 0x5637322dad49 <unknown>\n#11 0x5637322f5685 <unknown>\n#12 0x5637322c26c3 <unknown>\n#13 0x5637323177d8 <unknown>\n#14 0x5637323179b3 <unknown>\n#15 0x563732329a83 <unknown>\n#16 0x7f987429caa4 <unknown>\n#17 0x7f9874329c6c <unknown>\n\n","statusTrace":"  File \"/opt/hostedtoolcache/Python/3.11.14/x64/lib/python3.11/site-packages/allure_commons/_allure.py\", line 192, in impl\n    return func(*a, **kw)\n           ^^^^^^^^^^^^^^\n  File \"/home/runner/work/luma_project/luma_project/pages/base_page.py\", line 30, in element_is_visible\n    self.go_to_element(self.element_is_present(locator))\n                       ^^^^^^^^^^^^^^^^^^^^^^^^^^^^^^^^\n  File \"/opt/hostedtoolcache/Python/3.11.14/x64/lib/python3.11/site-packages/allure_commons/_allure.py\", line 192, in impl\n    return func(*a, **kw)\n           ^^^^^^^^^^^^^^\n  File \"/home/runner/work/luma_project/luma_project/pages/base_page.py\", line 51, in element_is_present\n    return wait(self.driver, timeout).until(EC.presence_of_element_located(locator))\n           ^^^^^^^^^^^^^^^^^^^^^^^^^^^^^^^^^^^^^^^^^^^^^^^^^^^^^^^^^^^^^^^^^^^^^^^^^\n  File \"/opt/hostedtoolcache/Python/3.11.14/x64/lib/python3.11/site-packages/selenium/webdriver/support/wait.py\", line 95, in until\n    raise TimeoutException(message, screen, stacktrace)\n","steps":[{"name":"Find a present element","time":{"start":1762047002116,"stop":1762047007219,"duration":5103},"status":"broken","statusMessage":"selenium.common.exceptions.TimeoutException: Message: \nStacktrace:\n#0 0x56373232aaea <unknown>\n#1 0x563731d76cdb <unknown>\n#2 0x563731dc96c4 <unknown>\n#3 0x563731dc9901 <unknown>\n#4 0x563731e188b4 <unknown>\n#5 0x563731e15c87 <unknown>\n#6 0x563731dbbaca <unknown>\n#7 0x563731dbc7d1 <unknown>\n#8 0x5637322f1ab9 <unknown>\n#9 0x5637322f4a8c <unknown>\n#10 0x5637322dad49 <unknown>\n#11 0x5637322f5685 <unknown>\n#12 0x5637322c26c3 <unknown>\n#13 0x5637323177d8 <unknown>\n#14 0x5637323179b3 <unknown>\n#15 0x563732329a83 <unknown>\n#16 0x7f987429caa4 <unknown>\n#17 0x7f9874329c6c <unknown>\n\n","statusTrace":"  File \"/opt/hostedtoolcache/Python/3.11.14/x64/lib/python3.11/site-packages/allure_commons/_allure.py\", line 192, in impl\n    return func(*a, **kw)\n           ^^^^^^^^^^^^^^\n  File \"/home/runner/work/luma_project/luma_project/pages/base_page.py\", line 51, in element_is_present\n    return wait(self.driver, timeout).until(EC.presence_of_element_located(locator))\n           ^^^^^^^^^^^^^^^^^^^^^^^^^^^^^^^^^^^^^^^^^^^^^^^^^^^^^^^^^^^^^^^^^^^^^^^^^\n  File \"/opt/hostedtoolcache/Python/3.11.14/x64/lib/python3.11/site-packages/selenium/webdriver/support/wait.py\", line 95, in until\n    raise TimeoutException(message, screen, stacktrace)\n","steps":[],"attachments":[],"parameters":[{"name":"locator","value":"('css selector', '.footer > :nth-child(4) > a')"},{"name":"timeout","value":"5"}],"stepsCount":0,"shouldDisplayMessage":true,"attachmentsCount":0,"hasContent":true,"attachmentStep":false}],"attachments":[],"parameters":[{"name":"locator","value":"('css selector', '.footer > :nth-child(4) > a')"},{"name":"timeout","value":"10"}],"stepsCount":1,"shouldDisplayMessage":false,"attachmentsCount":0,"hasContent":true,"attachmentStep":false}],"attachments":[],"parameters":[],"stepsCount":2,"shouldDisplayMessage":false,"attachmentsCount":0,"hasContent":true,"attachmentStep":false}],"attachments":[{"uid":"b5afd5b33bf2cadc","name":"Screenshot","source":"b5afd5b33bf2cadc.png","type":"image/png","size":23875},{"uid":"adf7e8db18126fe9","name":"HTML source","source":"adf7e8db18126fe9.html","type":"text/html","size":1433}],"parameters":[],"stepsCount":4,"shouldDisplayMessage":true,"attachmentsCount":2,"hasContent":true,"attachmentStep":false},"afterStages":[{"name":"driver::0","time":{"start":1762047007312,"stop":1762047007371,"duration":59},"status":"passed","steps":[],"attachments":[],"parameters":[],"stepsCount":0,"shouldDisplayMessage":false,"attachmentsCount":0,"hasContent":false,"attachmentStep":false},{"name":"clear_allure_result_folder::0","time":{"start":1762048967233,"stop":1762048967233,"duration":0},"status":"passed","steps":[],"attachments":[],"parameters":[],"stepsCount":0,"shouldDisplayMessage":false,"attachmentsCount":0,"hasContent":false,"attachmentStep":false}],"labels":[{"name":"epic","value":"Test Footer"},{"name":"parentSuite","value":"tests"},{"name":"suite","value":"test_footer"},{"name":"subSuite","value":"TestFooter"},{"name":"host","value":"runnervmf2e7y"},{"name":"thread","value":"3614-MainThread"},{"name":"framework","value":"pytest"},{"name":"language","value":"cpython3"},{"name":"package","value":"tests.test_footer"},{"name":"resultFormat","value":"allure2"}],"parameters":[{"name":"URL","value":"'https://magento.softwaretestingboard.com/'"}],"links":[],"hidden":false,"retry":false,"extra":{"severity":"normal","retries":[],"categories":[{"name":"Test defects","matchedStatuses":[],"flaky":false}],"tags":[]},"source":"790ff8f329a600d0.json","parameterValues":["'https://magento.softwaretestingboard.com/'"]}