{"uid":"85768154092e6ece","name":"test_check_card_price","fullName":"tests.test_main_page.TestHotSellerSection#test_check_card_price","historyId":"f4026d9f96acc9996f781ecba7818e56","time":{"start":1762047499560,"stop":1762047504894,"duration":5334},"description":"This test checks that the card has a price and a price in USD","descriptionHtml":"<p>This test checks that the card has a price and a price in USD</p>\n","status":"skipped","statusMessage":"XFAIL In CI the test failed in PR#203\n\nselenium.common.exceptions.TimeoutException: Message: \nStacktrace:\n#0 0x563c61773aea <unknown>\n#1 0x563c611bfcdb <unknown>\n#2 0x563c612126c4 <unknown>\n#3 0x563c61212901 <unknown>\n#4 0x563c612618b4 <unknown>\n#5 0x563c6125ec87 <unknown>\n#6 0x563c61204aca <unknown>\n#7 0x563c612057d1 <unknown>\n#8 0x563c6173aab9 <unknown>\n#9 0x563c6173da8c <unknown>\n#10 0x563c61723d49 <unknown>\n#11 0x563c6173e685 <unknown>\n#12 0x563c6170b6c3 <unknown>\n#13 0x563c617607d8 <unknown>\n#14 0x563c617609b3 <unknown>\n#15 0x563c61772a83 <unknown>\n#16 0x7f441089caa4 <unknown>\n#17 0x7f4410929c6c <unknown>","statusTrace":"self = <test_main_page.TestMainPage.TestHotSellerSection object at 0x7f5060382790>\ndriver = <selenium.webdriver.chrome.webdriver.WebDriver (session=\"b89283f84091984e70018f5393f9662b\")>\n\n    @pytest.mark.xfail(reason=\"In CI the test failed in PR#203\")\n    def test_check_card_price(self, driver):\n        \"\"\"This test checks that the card has a price and a price in USD\"\"\"\n        page = MainPage(driver, MAIN_PAGE_URL)\n        page.open()\n>       text = page.check_card_price()\n\ntests/test_main_page.py:48: \n_ _ _ _ _ _ _ _ _ _ _ _ _ _ _ _ _ _ _ _ _ _ _ _ _ _ _ _ _ _ _ _ _ _ _ _ _ _ _ _ \npages/main_page.py:49: in check_card_price\n    text = self.get_text(self.locators.CARD_PRICE)\npages/base_page.py:145: in get_text\n    text = self.element_is_visible(locator)\npages/base_page.py:30: in element_is_visible\n    self.go_to_element(self.element_is_present(locator))\npages/base_page.py:51: in element_is_present\n    return wait(self.driver, timeout).until(EC.presence_of_element_located(locator))\n_ _ _ _ _ _ _ _ _ _ _ _ _ _ _ _ _ _ _ _ _ _ _ _ _ _ _ _ _ _ _ _ _ _ _ _ _ _ _ _ \n\nself = <selenium.webdriver.support.wait.WebDriverWait (session=\"b89283f84091984e70018f5393f9662b\")>\nmethod = <function presence_of_element_located.<locals>._predicate at 0x7f5061e17600>\nmessage = ''\n\n    def until(self, method, message: str = \"\"):\n        \"\"\"Calls the method provided with the driver as an argument until the \\\n        return value does not evaluate to ``False``.\n    \n        :param method: callable(WebDriver)\n        :param message: optional message for :exc:`TimeoutException`\n        :returns: the result of the last call to `method`\n        :raises: :exc:`selenium.common.exceptions.TimeoutException` if timeout occurs\n        \"\"\"\n        screen = None\n        stacktrace = None\n    \n        end_time = time.monotonic() + self._timeout\n        while True:\n            try:\n                value = method(self._driver)\n                if value:\n                    return value\n            except self._ignored_exceptions as exc:\n                screen = getattr(exc, \"screen\", None)\n                stacktrace = getattr(exc, \"stacktrace\", None)\n            time.sleep(self._poll)\n            if time.monotonic() > end_time:\n                break\n>       raise TimeoutException(message, screen, stacktrace)\nE       selenium.common.exceptions.TimeoutException: Message: \nE       Stacktrace:\nE       #0 0x563c61773aea <unknown>\nE       #1 0x563c611bfcdb <unknown>\nE       #2 0x563c612126c4 <unknown>\nE       #3 0x563c61212901 <unknown>\nE       #4 0x563c612618b4 <unknown>\nE       #5 0x563c6125ec87 <unknown>\nE       #6 0x563c61204aca <unknown>\nE       #7 0x563c612057d1 <unknown>\nE       #8 0x563c6173aab9 <unknown>\nE       #9 0x563c6173da8c <unknown>\nE       #10 0x563c61723d49 <unknown>\nE       #11 0x563c6173e685 <unknown>\nE       #12 0x563c6170b6c3 <unknown>\nE       #13 0x563c617607d8 <unknown>\nE       #14 0x563c617609b3 <unknown>\nE       #15 0x563c61772a83 <unknown>\nE       #16 0x7f441089caa4 <unknown>\nE       #17 0x7f4410929c6c <unknown>\n\n/opt/hostedtoolcache/Python/3.11.14/x64/lib/python3.11/site-packages/selenium/webdriver/support/wait.py:95: TimeoutException","flaky":false,"newFailed":false,"newBroken":false,"newPassed":false,"retriesCount":0,"retriesStatusChange":false,"beforeStages":[{"name":"_session_faker","time":{"start":1762046534530,"stop":1762046534592,"duration":62},"status":"passed","steps":[],"attachments":[],"parameters":[],"stepsCount":0,"shouldDisplayMessage":false,"attachmentsCount":0,"hasContent":false,"attachmentStep":false},{"name":"clear_allure_result_folder","time":{"start":1762046534592,"stop":1762046534592,"duration":0},"status":"passed","steps":[],"attachments":[],"parameters":[],"stepsCount":0,"shouldDisplayMessage":false,"attachmentsCount":0,"hasContent":false,"attachmentStep":false},{"name":"driver","time":{"start":1762047498321,"stop":1762047499560,"duration":1239},"status":"passed","steps":[],"attachments":[],"parameters":[],"stepsCount":0,"shouldDisplayMessage":false,"attachmentsCount":0,"hasContent":false,"attachmentStep":false}],"testStage":{"description":"This test checks that the card has a price and a price in USD","status":"skipped","statusMessage":"XFAIL In CI the test failed in PR#203\n\nselenium.common.exceptions.TimeoutException: Message: \nStacktrace:\n#0 0x563c61773aea <unknown>\n#1 0x563c611bfcdb <unknown>\n#2 0x563c612126c4 <unknown>\n#3 0x563c61212901 <unknown>\n#4 0x563c612618b4 <unknown>\n#5 0x563c6125ec87 <unknown>\n#6 0x563c61204aca <unknown>\n#7 0x563c612057d1 <unknown>\n#8 0x563c6173aab9 <unknown>\n#9 0x563c6173da8c <unknown>\n#10 0x563c61723d49 <unknown>\n#11 0x563c6173e685 <unknown>\n#12 0x563c6170b6c3 <unknown>\n#13 0x563c617607d8 <unknown>\n#14 0x563c617609b3 <unknown>\n#15 0x563c61772a83 <unknown>\n#16 0x7f441089caa4 <unknown>\n#17 0x7f4410929c6c <unknown>","statusTrace":"self = <test_main_page.TestMainPage.TestHotSellerSection object at 0x7f5060382790>\ndriver = <selenium.webdriver.chrome.webdriver.WebDriver (session=\"b89283f84091984e70018f5393f9662b\")>\n\n    @pytest.mark.xfail(reason=\"In CI the test failed in PR#203\")\n    def test_check_card_price(self, driver):\n        \"\"\"This test checks that the card has a price and a price in USD\"\"\"\n        page = MainPage(driver, MAIN_PAGE_URL)\n        page.open()\n>       text = page.check_card_price()\n\ntests/test_main_page.py:48: \n_ _ _ _ _ _ _ _ _ _ _ _ _ _ _ _ _ _ _ _ _ _ _ _ _ _ _ _ _ _ _ _ _ _ _ _ _ _ _ _ \npages/main_page.py:49: in check_card_price\n    text = self.get_text(self.locators.CARD_PRICE)\npages/base_page.py:145: in get_text\n    text = self.element_is_visible(locator)\npages/base_page.py:30: in element_is_visible\n    self.go_to_element(self.element_is_present(locator))\npages/base_page.py:51: in element_is_present\n    return wait(self.driver, timeout).until(EC.presence_of_element_located(locator))\n_ _ _ _ _ _ _ _ _ _ _ _ _ _ _ _ _ _ _ _ _ _ _ _ _ _ _ _ _ _ _ _ _ _ _ _ _ _ _ _ \n\nself = <selenium.webdriver.support.wait.WebDriverWait (session=\"b89283f84091984e70018f5393f9662b\")>\nmethod = <function presence_of_element_located.<locals>._predicate at 0x7f5061e17600>\nmessage = ''\n\n    def until(self, method, message: str = \"\"):\n        \"\"\"Calls the method provided with the driver as an argument until the \\\n        return value does not evaluate to ``False``.\n    \n        :param method: callable(WebDriver)\n        :param message: optional message for :exc:`TimeoutException`\n        :returns: the result of the last call to `method`\n        :raises: :exc:`selenium.common.exceptions.TimeoutException` if timeout occurs\n        \"\"\"\n        screen = None\n        stacktrace = None\n    \n        end_time = time.monotonic() + self._timeout\n        while True:\n            try:\n                value = method(self._driver)\n                if value:\n                    return value\n            except self._ignored_exceptions as exc:\n                screen = getattr(exc, \"screen\", None)\n                stacktrace = getattr(exc, \"stacktrace\", None)\n            time.sleep(self._poll)\n            if time.monotonic() > end_time:\n                break\n>       raise TimeoutException(message, screen, stacktrace)\nE       selenium.common.exceptions.TimeoutException: Message: \nE       Stacktrace:\nE       #0 0x563c61773aea <unknown>\nE       #1 0x563c611bfcdb <unknown>\nE       #2 0x563c612126c4 <unknown>\nE       #3 0x563c61212901 <unknown>\nE       #4 0x563c612618b4 <unknown>\nE       #5 0x563c6125ec87 <unknown>\nE       #6 0x563c61204aca <unknown>\nE       #7 0x563c612057d1 <unknown>\nE       #8 0x563c6173aab9 <unknown>\nE       #9 0x563c6173da8c <unknown>\nE       #10 0x563c61723d49 <unknown>\nE       #11 0x563c6173e685 <unknown>\nE       #12 0x563c6170b6c3 <unknown>\nE       #13 0x563c617607d8 <unknown>\nE       #14 0x563c617609b3 <unknown>\nE       #15 0x563c61772a83 <unknown>\nE       #16 0x7f441089caa4 <unknown>\nE       #17 0x7f4410929c6c <unknown>\n\n/opt/hostedtoolcache/Python/3.11.14/x64/lib/python3.11/site-packages/selenium/webdriver/support/wait.py:95: TimeoutException","steps":[{"name":"Open a browser","time":{"start":1762047499560,"stop":1762047499790,"duration":230},"status":"passed","steps":[],"attachments":[],"parameters":[],"stepsCount":0,"shouldDisplayMessage":false,"attachmentsCount":0,"hasContent":false,"attachmentStep":false},{"name":"Get element text","time":{"start":1762047499790,"stop":1762047504893,"duration":5103},"status":"broken","statusMessage":"selenium.common.exceptions.TimeoutException: Message: \nStacktrace:\n#0 0x563c61773aea <unknown>\n#1 0x563c611bfcdb <unknown>\n#2 0x563c612126c4 <unknown>\n#3 0x563c61212901 <unknown>\n#4 0x563c612618b4 <unknown>\n#5 0x563c6125ec87 <unknown>\n#6 0x563c61204aca <unknown>\n#7 0x563c612057d1 <unknown>\n#8 0x563c6173aab9 <unknown>\n#9 0x563c6173da8c <unknown>\n#10 0x563c61723d49 <unknown>\n#11 0x563c6173e685 <unknown>\n#12 0x563c6170b6c3 <unknown>\n#13 0x563c617607d8 <unknown>\n#14 0x563c617609b3 <unknown>\n#15 0x563c61772a83 <unknown>\n#16 0x7f441089caa4 <unknown>\n#17 0x7f4410929c6c <unknown>\n\n","statusTrace":"  File \"/opt/hostedtoolcache/Python/3.11.14/x64/lib/python3.11/site-packages/allure_commons/_allure.py\", line 192, in impl\n    return func(*a, **kw)\n           ^^^^^^^^^^^^^^\n  File \"/home/runner/work/luma_project/luma_project/pages/base_page.py\", line 145, in get_text\n    text = self.element_is_visible(locator)\n           ^^^^^^^^^^^^^^^^^^^^^^^^^^^^^^^^\n  File \"/opt/hostedtoolcache/Python/3.11.14/x64/lib/python3.11/site-packages/allure_commons/_allure.py\", line 192, in impl\n    return func(*a, **kw)\n           ^^^^^^^^^^^^^^\n  File \"/home/runner/work/luma_project/luma_project/pages/base_page.py\", line 30, in element_is_visible\n    self.go_to_element(self.element_is_present(locator))\n                       ^^^^^^^^^^^^^^^^^^^^^^^^^^^^^^^^\n  File \"/opt/hostedtoolcache/Python/3.11.14/x64/lib/python3.11/site-packages/allure_commons/_allure.py\", line 192, in impl\n    return func(*a, **kw)\n           ^^^^^^^^^^^^^^\n  File \"/home/runner/work/luma_project/luma_project/pages/base_page.py\", line 51, in element_is_present\n    return wait(self.driver, timeout).until(EC.presence_of_element_located(locator))\n           ^^^^^^^^^^^^^^^^^^^^^^^^^^^^^^^^^^^^^^^^^^^^^^^^^^^^^^^^^^^^^^^^^^^^^^^^^\n  File \"/opt/hostedtoolcache/Python/3.11.14/x64/lib/python3.11/site-packages/selenium/webdriver/support/wait.py\", line 95, in until\n    raise TimeoutException(message, screen, stacktrace)\n","steps":[{"name":"Find a visible element","time":{"start":1762047499790,"stop":1762047504893,"duration":5103},"status":"broken","statusMessage":"selenium.common.exceptions.TimeoutException: Message: \nStacktrace:\n#0 0x563c61773aea <unknown>\n#1 0x563c611bfcdb <unknown>\n#2 0x563c612126c4 <unknown>\n#3 0x563c61212901 <unknown>\n#4 0x563c612618b4 <unknown>\n#5 0x563c6125ec87 <unknown>\n#6 0x563c61204aca <unknown>\n#7 0x563c612057d1 <unknown>\n#8 0x563c6173aab9 <unknown>\n#9 0x563c6173da8c <unknown>\n#10 0x563c61723d49 <unknown>\n#11 0x563c6173e685 <unknown>\n#12 0x563c6170b6c3 <unknown>\n#13 0x563c617607d8 <unknown>\n#14 0x563c617609b3 <unknown>\n#15 0x563c61772a83 <unknown>\n#16 0x7f441089caa4 <unknown>\n#17 0x7f4410929c6c <unknown>\n\n","statusTrace":"  File \"/opt/hostedtoolcache/Python/3.11.14/x64/lib/python3.11/site-packages/allure_commons/_allure.py\", line 192, in impl\n    return func(*a, **kw)\n           ^^^^^^^^^^^^^^\n  File \"/home/runner/work/luma_project/luma_project/pages/base_page.py\", line 30, in element_is_visible\n    self.go_to_element(self.element_is_present(locator))\n                       ^^^^^^^^^^^^^^^^^^^^^^^^^^^^^^^^\n  File \"/opt/hostedtoolcache/Python/3.11.14/x64/lib/python3.11/site-packages/allure_commons/_allure.py\", line 192, in impl\n    return func(*a, **kw)\n           ^^^^^^^^^^^^^^\n  File \"/home/runner/work/luma_project/luma_project/pages/base_page.py\", line 51, in element_is_present\n    return wait(self.driver, timeout).until(EC.presence_of_element_located(locator))\n           ^^^^^^^^^^^^^^^^^^^^^^^^^^^^^^^^^^^^^^^^^^^^^^^^^^^^^^^^^^^^^^^^^^^^^^^^^\n  File \"/opt/hostedtoolcache/Python/3.11.14/x64/lib/python3.11/site-packages/selenium/webdriver/support/wait.py\", line 95, in until\n    raise TimeoutException(message, screen, stacktrace)\n","steps":[{"name":"Find a present element","time":{"start":1762047499790,"stop":1762047504893,"duration":5103},"status":"broken","statusMessage":"selenium.common.exceptions.TimeoutException: Message: \nStacktrace:\n#0 0x563c61773aea <unknown>\n#1 0x563c611bfcdb <unknown>\n#2 0x563c612126c4 <unknown>\n#3 0x563c61212901 <unknown>\n#4 0x563c612618b4 <unknown>\n#5 0x563c6125ec87 <unknown>\n#6 0x563c61204aca <unknown>\n#7 0x563c612057d1 <unknown>\n#8 0x563c6173aab9 <unknown>\n#9 0x563c6173da8c <unknown>\n#10 0x563c61723d49 <unknown>\n#11 0x563c6173e685 <unknown>\n#12 0x563c6170b6c3 <unknown>\n#13 0x563c617607d8 <unknown>\n#14 0x563c617609b3 <unknown>\n#15 0x563c61772a83 <unknown>\n#16 0x7f441089caa4 <unknown>\n#17 0x7f4410929c6c <unknown>\n\n","statusTrace":"  File \"/opt/hostedtoolcache/Python/3.11.14/x64/lib/python3.11/site-packages/allure_commons/_allure.py\", line 192, in impl\n    return func(*a, **kw)\n           ^^^^^^^^^^^^^^\n  File \"/home/runner/work/luma_project/luma_project/pages/base_page.py\", line 51, in element_is_present\n    return wait(self.driver, timeout).until(EC.presence_of_element_located(locator))\n           ^^^^^^^^^^^^^^^^^^^^^^^^^^^^^^^^^^^^^^^^^^^^^^^^^^^^^^^^^^^^^^^^^^^^^^^^^\n  File \"/opt/hostedtoolcache/Python/3.11.14/x64/lib/python3.11/site-packages/selenium/webdriver/support/wait.py\", line 95, in until\n    raise TimeoutException(message, screen, stacktrace)\n","steps":[],"attachments":[],"parameters":[{"name":"locator","value":"('css selector', \"li[class='product-item']:nth-child(3) span[class='price']\")"},{"name":"timeout","value":"5"}],"stepsCount":0,"shouldDisplayMessage":true,"attachmentsCount":0,"hasContent":true,"attachmentStep":false}],"attachments":[],"parameters":[{"name":"locator","value":"('css selector', \"li[class='product-item']:nth-child(3) span[class='price']\")"},{"name":"timeout","value":"10"}],"stepsCount":1,"shouldDisplayMessage":false,"attachmentsCount":0,"hasContent":true,"attachmentStep":false}],"attachments":[],"parameters":[{"name":"locator","value":"('css selector', \"li[class='product-item']:nth-child(3) span[class='price']\")"}],"stepsCount":2,"shouldDisplayMessage":false,"attachmentsCount":0,"hasContent":true,"attachmentStep":false}],"attachments":[{"uid":"80f72aa52a33aa29","name":"Screenshot","source":"80f72aa52a33aa29.png","type":"image/png","size":23875},{"uid":"fc2bbfe01c03da6f","name":"HTML source","source":"fc2bbfe01c03da6f.html","type":"text/html","size":1433}],"parameters":[],"stepsCount":4,"shouldDisplayMessage":true,"attachmentsCount":2,"hasContent":true,"attachmentStep":false},"afterStages":[{"name":"driver::0","time":{"start":1762047504977,"stop":1762047505037,"duration":60},"status":"passed","steps":[],"attachments":[],"parameters":[],"stepsCount":0,"shouldDisplayMessage":false,"attachmentsCount":0,"hasContent":false,"attachmentStep":false},{"name":"clear_allure_result_folder::0","time":{"start":1762048967233,"stop":1762048967233,"duration":0},"status":"passed","steps":[],"attachments":[],"parameters":[],"stepsCount":0,"shouldDisplayMessage":false,"attachmentsCount":0,"hasContent":false,"attachmentStep":false}],"labels":[{"name":"epic","value":"Main Page"},{"name":"feature","value":"Testing Hot Seller Section"},{"name":"tag","value":"@pytest.mark.xfail(reason='In CI the test failed in PR#203')"},{"name":"parentSuite","value":"tests"},{"name":"suite","value":"test_main_page"},{"name":"subSuite","value":"TestMainPage"},{"name":"host","value":"runnervmf2e7y"},{"name":"thread","value":"3614-MainThread"},{"name":"framework","value":"pytest"},{"name":"language","value":"cpython3"},{"name":"package","value":"tests.test_main_page"},{"name":"resultFormat","value":"allure2"}],"parameters":[],"links":[],"hidden":false,"retry":false,"extra":{"severity":"normal","retries":[],"categories":[],"tags":["@pytest.mark.xfail(reason='In CI the test failed in PR#203')"]},"source":"85768154092e6ece.json","parameterValues":[]}