{"uid":"933095b9905de1a2","name":"tc 07.02.10 Verify that remove button deletes item from the shipping page","fullName":"tests.test_shopping_cart.TestShoppingCartFull#test_tc_07_02_10_verify_remove_button_delete_item","historyId":"b1af673dcf0fa76b7bc15b6028fb0cde","time":{"start":1762048487130,"stop":1762048487130,"duration":0},"description":"Check that remove button deletes item from the shipping page","descriptionHtml":"<p>Check that remove button deletes item from the shipping page</p>\n","status":"broken","statusMessage":"selenium.common.exceptions.TimeoutException: Message: \nStacktrace:\n#0 0x55d77b6a9aea <unknown>\n#1 0x55d77b0f5cdb <unknown>\n#2 0x55d77b1486c4 <unknown>\n#3 0x55d77b148901 <unknown>\n#4 0x55d77b1978b4 <unknown>\n#5 0x55d77b194c87 <unknown>\n#6 0x55d77b13aaca <unknown>\n#7 0x55d77b13b7d1 <unknown>\n#8 0x55d77b670ab9 <unknown>\n#9 0x55d77b673a8c <unknown>\n#10 0x55d77b659d49 <unknown>\n#11 0x55d77b674685 <unknown>\n#12 0x55d77b6416c3 <unknown>\n#13 0x55d77b6967d8 <unknown>\n#14 0x55d77b6969b3 <unknown>\n#15 0x55d77b6a8a83 <unknown>\n#16 0x7faa2529caa4 <unknown>\n#17 0x7faa25329c6c <unknown>","statusTrace":"driver = <selenium.webdriver.chrome.webdriver.WebDriver (session=\"b53aa7db4630525caa1b2cea3839420c\")>\n\n    @pytest.fixture(scope=\"function\")\n    def full_cart_page(driver):\n        driver.get(ITEM_CART_URL)\n>       size_button = wait(driver, 5).until(EC.presence_of_element_located(shopping_locators.SIZE_BUTTON))\n\ntests/test_shopping_cart.py:13: \n_ _ _ _ _ _ _ _ _ _ _ _ _ _ _ _ _ _ _ _ _ _ _ _ _ _ _ _ _ _ _ _ _ _ _ _ _ _ _ _ \n\nself = <selenium.webdriver.support.wait.WebDriverWait (session=\"b53aa7db4630525caa1b2cea3839420c\")>\nmethod = <function presence_of_element_located.<locals>._predicate at 0x7f5061750720>\nmessage = ''\n\n    def until(self, method, message: str = \"\"):\n        \"\"\"Calls the method provided with the driver as an argument until the \\\n        return value does not evaluate to ``False``.\n    \n        :param method: callable(WebDriver)\n        :param message: optional message for :exc:`TimeoutException`\n        :returns: the result of the last call to `method`\n        :raises: :exc:`selenium.common.exceptions.TimeoutException` if timeout occurs\n        \"\"\"\n        screen = None\n        stacktrace = None\n    \n        end_time = time.monotonic() + self._timeout\n        while True:\n            try:\n                value = method(self._driver)\n                if value:\n                    return value\n            except self._ignored_exceptions as exc:\n                screen = getattr(exc, \"screen\", None)\n                stacktrace = getattr(exc, \"stacktrace\", None)\n            time.sleep(self._poll)\n            if time.monotonic() > end_time:\n                break\n>       raise TimeoutException(message, screen, stacktrace)\nE       selenium.common.exceptions.TimeoutException: Message: \nE       Stacktrace:\nE       #0 0x55d77b6a9aea <unknown>\nE       #1 0x55d77b0f5cdb <unknown>\nE       #2 0x55d77b1486c4 <unknown>\nE       #3 0x55d77b148901 <unknown>\nE       #4 0x55d77b1978b4 <unknown>\nE       #5 0x55d77b194c87 <unknown>\nE       #6 0x55d77b13aaca <unknown>\nE       #7 0x55d77b13b7d1 <unknown>\nE       #8 0x55d77b670ab9 <unknown>\nE       #9 0x55d77b673a8c <unknown>\nE       #10 0x55d77b659d49 <unknown>\nE       #11 0x55d77b674685 <unknown>\nE       #12 0x55d77b6416c3 <unknown>\nE       #13 0x55d77b6967d8 <unknown>\nE       #14 0x55d77b6969b3 <unknown>\nE       #15 0x55d77b6a8a83 <unknown>\nE       #16 0x7faa2529caa4 <unknown>\nE       #17 0x7faa25329c6c <unknown>\n\n/opt/hostedtoolcache/Python/3.11.14/x64/lib/python3.11/site-packages/selenium/webdriver/support/wait.py:95: TimeoutException","flaky":false,"newFailed":false,"newBroken":false,"newPassed":false,"retriesCount":0,"retriesStatusChange":false,"beforeStages":[{"name":"_session_faker","time":{"start":1762046534530,"stop":1762046534592,"duration":62},"status":"passed","steps":[],"attachments":[],"parameters":[],"stepsCount":0,"shouldDisplayMessage":false,"attachmentsCount":0,"hasContent":false,"attachmentStep":false},{"name":"clear_allure_result_folder","time":{"start":1762046534592,"stop":1762046534592,"duration":0},"status":"passed","steps":[],"attachments":[],"parameters":[],"stepsCount":0,"shouldDisplayMessage":false,"attachmentsCount":0,"hasContent":false,"attachmentStep":false},{"name":"driver","time":{"start":1762048487130,"stop":1762048488387,"duration":1257},"status":"passed","steps":[],"attachments":[],"parameters":[],"stepsCount":0,"shouldDisplayMessage":false,"attachmentsCount":0,"hasContent":false,"attachmentStep":false},{"name":"full_cart_page","time":{"start":1762048488387,"stop":1762048493787,"duration":5400},"status":"broken","statusMessage":"selenium.common.exceptions.TimeoutException: Message: \nStacktrace:\n#0 0x55d77b6a9aea <unknown>\n#1 0x55d77b0f5cdb <unknown>\n#2 0x55d77b1486c4 <unknown>\n#3 0x55d77b148901 <unknown>\n#4 0x55d77b1978b4 <unknown>\n#5 0x55d77b194c87 <unknown>\n#6 0x55d77b13aaca <unknown>\n#7 0x55d77b13b7d1 <unknown>\n#8 0x55d77b670ab9 <unknown>\n#9 0x55d77b673a8c <unknown>\n#10 0x55d77b659d49 <unknown>\n#11 0x55d77b674685 <unknown>\n#12 0x55d77b6416c3 <unknown>\n#13 0x55d77b6967d8 <unknown>\n#14 0x55d77b6969b3 <unknown>\n#15 0x55d77b6a8a83 <unknown>\n#16 0x7faa2529caa4 <unknown>\n#17 0x7faa25329c6c <unknown>\n\n","statusTrace":"  File \"/opt/hostedtoolcache/Python/3.11.14/x64/lib/python3.11/site-packages/pluggy/_callers.py\", line 38, in run_old_style_hookwrapper\n    res = yield\n          ^^^^^\n  File \"/opt/hostedtoolcache/Python/3.11.14/x64/lib/python3.11/site-packages/pluggy/_callers.py\", line 139, in _multicall\n    teardown.throw(exception)\n  File \"/opt/hostedtoolcache/Python/3.11.14/x64/lib/python3.11/site-packages/pluggy/_callers.py\", line 53, in run_old_style_hookwrapper\n    return result.get_result()\n           ^^^^^^^^^^^^^^^^^^^\n  File \"/opt/hostedtoolcache/Python/3.11.14/x64/lib/python3.11/site-packages/pluggy/_result.py\", line 103, in get_result\n    raise exc.with_traceback(tb)\n  File \"/opt/hostedtoolcache/Python/3.11.14/x64/lib/python3.11/site-packages/pluggy/_callers.py\", line 38, in run_old_style_hookwrapper\n    res = yield\n          ^^^^^\n  File \"/opt/hostedtoolcache/Python/3.11.14/x64/lib/python3.11/site-packages/pluggy/_callers.py\", line 121, in _multicall\n    res = hook_impl.function(*args)\n          ^^^^^^^^^^^^^^^^^^^^^^^^^\n  File \"/opt/hostedtoolcache/Python/3.11.14/x64/lib/python3.11/site-packages/_pytest/fixtures.py\", line 1123, in pytest_fixture_setup\n    result = call_fixture_func(fixturefunc, request, kwargs)\n             ^^^^^^^^^^^^^^^^^^^^^^^^^^^^^^^^^^^^^^^^^^^^^^^\n  File \"/opt/hostedtoolcache/Python/3.11.14/x64/lib/python3.11/site-packages/_pytest/fixtures.py\", line 902, in call_fixture_func\n    fixture_result = fixturefunc(**kwargs)\n                     ^^^^^^^^^^^^^^^^^^^^^\n  File \"/home/runner/work/luma_project/luma_project/tests/test_shopping_cart.py\", line 13, in full_cart_page\n    size_button = wait(driver, 5).until(EC.presence_of_element_located(shopping_locators.SIZE_BUTTON))\n                  ^^^^^^^^^^^^^^^^^^^^^^^^^^^^^^^^^^^^^^^^^^^^^^^^^^^^^^^^^^^^^^^^^^^^^^^^^^^^^^^^^^^^\n  File \"/opt/hostedtoolcache/Python/3.11.14/x64/lib/python3.11/site-packages/selenium/webdriver/support/wait.py\", line 95, in until\n    raise TimeoutException(message, screen, stacktrace)\n","steps":[],"attachments":[],"parameters":[],"stepsCount":0,"shouldDisplayMessage":true,"attachmentsCount":0,"hasContent":true,"attachmentStep":false}],"afterStages":[{"name":"driver::0","time":{"start":1762048493794,"stop":1762048493856,"duration":62},"status":"passed","steps":[],"attachments":[],"parameters":[],"stepsCount":0,"shouldDisplayMessage":false,"attachmentsCount":0,"hasContent":false,"attachmentStep":false},{"name":"clear_allure_result_folder::0","time":{"start":1762048967233,"stop":1762048967233,"duration":0},"status":"passed","steps":[],"attachments":[],"parameters":[],"stepsCount":0,"shouldDisplayMessage":false,"attachmentsCount":0,"hasContent":false,"attachmentStep":false}],"labels":[{"name":"feature","value":"Shopping Cart is full"},{"name":"parentSuite","value":"tests"},{"name":"suite","value":"test_shopping_cart"},{"name":"subSuite","value":"TestShoppingCartFull"},{"name":"host","value":"runnervmf2e7y"},{"name":"thread","value":"3614-MainThread"},{"name":"framework","value":"pytest"},{"name":"language","value":"cpython3"},{"name":"package","value":"tests.test_shopping_cart"},{"name":"resultFormat","value":"allure2"}],"parameters":[],"links":[],"hidden":false,"retry":false,"extra":{"severity":"normal","retries":[],"categories":[{"name":"Test defects","matchedStatuses":[],"flaky":false}],"tags":[]},"source":"933095b9905de1a2.json","parameterValues":[]}