{"uid":"aae104f2bcb20b98","name":"TC 10.04.10 - Verify that the sale-20-off contains an image","fullName":"tests.test_sale.TestPromoBlocks#test_tc_10_04_10","historyId":"30f93419f98739e82522049836ef19ee","time":{"start":1762048368020,"stop":1762048373126,"duration":5106},"description":"Check img existence of 1st column in 3-columns Promo Block section","descriptionHtml":"<p>Check img existence of 1st column in 3-columns Promo Block section</p>\n","status":"broken","statusMessage":"selenium.common.exceptions.TimeoutException: Message: \nStacktrace:\n#0 0x55d302e29aea <unknown>\n#1 0x55d302875cdb <unknown>\n#2 0x55d3028c86c4 <unknown>\n#3 0x55d3028c8901 <unknown>\n#4 0x55d3029178b4 <unknown>\n#5 0x55d302914c87 <unknown>\n#6 0x55d3028baaca <unknown>\n#7 0x55d3028bb7d1 <unknown>\n#8 0x55d302df0ab9 <unknown>\n#9 0x55d302df3a8c <unknown>\n#10 0x55d302dd9d49 <unknown>\n#11 0x55d302df4685 <unknown>\n#12 0x55d302dc16c3 <unknown>\n#13 0x55d302e167d8 <unknown>\n#14 0x55d302e169b3 <unknown>\n#15 0x55d302e28a83 <unknown>\n#16 0x7f32b9c9caa4 <unknown>\n#17 0x7f32b9d29c6c <unknown>","statusTrace":"self = <test_sale.TestSalePage.TestPromoBlocks object at 0x7f506146ef90>\nsale_page = <pages.sale_page.SalePage object at 0x7f5061682a50>\n\n    @allure.title(\"TC 10.04.10 - Verify that the sale-20-off contains an image\")\n    def test_tc_10_04_10(self, sale_page):\n        \"\"\"Check img existence of 1st column in 3-columns Promo Block section\"\"\"\n>       img = sale_page.check_img_in_first_block()\n\ntests/test_sale.py:198: \n_ _ _ _ _ _ _ _ _ _ _ _ _ _ _ _ _ _ _ _ _ _ _ _ _ _ _ _ _ _ _ _ _ _ _ _ _ _ _ _ \npages/sale_page.py:85: in check_img_in_first_block\n    img = self.element_is_present(self.promo_blocks_locators.FIRST_COLUMN_IMG)\npages/base_page.py:51: in element_is_present\n    return wait(self.driver, timeout).until(EC.presence_of_element_located(locator))\n_ _ _ _ _ _ _ _ _ _ _ _ _ _ _ _ _ _ _ _ _ _ _ _ _ _ _ _ _ _ _ _ _ _ _ _ _ _ _ _ \n\nself = <selenium.webdriver.support.wait.WebDriverWait (session=\"e1424eb60af001d5171fcaaac79b3ce1\")>\nmethod = <function presence_of_element_located.<locals>._predicate at 0x7f50616a8180>\nmessage = ''\n\n    def until(self, method, message: str = \"\"):\n        \"\"\"Calls the method provided with the driver as an argument until the \\\n        return value does not evaluate to ``False``.\n    \n        :param method: callable(WebDriver)\n        :param message: optional message for :exc:`TimeoutException`\n        :returns: the result of the last call to `method`\n        :raises: :exc:`selenium.common.exceptions.TimeoutException` if timeout occurs\n        \"\"\"\n        screen = None\n        stacktrace = None\n    \n        end_time = time.monotonic() + self._timeout\n        while True:\n            try:\n                value = method(self._driver)\n                if value:\n                    return value\n            except self._ignored_exceptions as exc:\n                screen = getattr(exc, \"screen\", None)\n                stacktrace = getattr(exc, \"stacktrace\", None)\n            time.sleep(self._poll)\n            if time.monotonic() > end_time:\n                break\n>       raise TimeoutException(message, screen, stacktrace)\nE       selenium.common.exceptions.TimeoutException: Message: \nE       Stacktrace:\nE       #0 0x55d302e29aea <unknown>\nE       #1 0x55d302875cdb <unknown>\nE       #2 0x55d3028c86c4 <unknown>\nE       #3 0x55d3028c8901 <unknown>\nE       #4 0x55d3029178b4 <unknown>\nE       #5 0x55d302914c87 <unknown>\nE       #6 0x55d3028baaca <unknown>\nE       #7 0x55d3028bb7d1 <unknown>\nE       #8 0x55d302df0ab9 <unknown>\nE       #9 0x55d302df3a8c <unknown>\nE       #10 0x55d302dd9d49 <unknown>\nE       #11 0x55d302df4685 <unknown>\nE       #12 0x55d302dc16c3 <unknown>\nE       #13 0x55d302e167d8 <unknown>\nE       #14 0x55d302e169b3 <unknown>\nE       #15 0x55d302e28a83 <unknown>\nE       #16 0x7f32b9c9caa4 <unknown>\nE       #17 0x7f32b9d29c6c <unknown>\n\n/opt/hostedtoolcache/Python/3.11.14/x64/lib/python3.11/site-packages/selenium/webdriver/support/wait.py:95: TimeoutException","flaky":false,"newFailed":false,"newBroken":false,"newPassed":false,"retriesCount":0,"retriesStatusChange":false,"beforeStages":[{"name":"_session_faker","time":{"start":1762046534530,"stop":1762046534592,"duration":62},"status":"passed","steps":[],"attachments":[],"parameters":[],"stepsCount":0,"shouldDisplayMessage":false,"attachmentsCount":0,"hasContent":false,"attachmentStep":false},{"name":"clear_allure_result_folder","time":{"start":1762046534592,"stop":1762046534592,"duration":0},"status":"passed","steps":[],"attachments":[],"parameters":[],"stepsCount":0,"shouldDisplayMessage":false,"attachmentsCount":0,"hasContent":false,"attachmentStep":false},{"name":"driver","time":{"start":1762048366562,"stop":1762048367823,"duration":1261},"status":"passed","steps":[],"attachments":[],"parameters":[],"stepsCount":0,"shouldDisplayMessage":false,"attachmentsCount":0,"hasContent":false,"attachmentStep":false},{"name":"sale_page","time":{"start":1762048367823,"stop":1762048368020,"duration":197},"status":"passed","steps":[{"name":"Open a browser","time":{"start":1762048367823,"stop":1762048368020,"duration":197},"status":"passed","steps":[],"attachments":[],"parameters":[],"stepsCount":0,"shouldDisplayMessage":false,"attachmentsCount":0,"hasContent":false,"attachmentStep":false}],"attachments":[],"parameters":[],"stepsCount":1,"shouldDisplayMessage":false,"attachmentsCount":0,"hasContent":true,"attachmentStep":false}],"testStage":{"description":"Check img existence of 1st column in 3-columns Promo Block section","status":"broken","statusMessage":"selenium.common.exceptions.TimeoutException: Message: \nStacktrace:\n#0 0x55d302e29aea <unknown>\n#1 0x55d302875cdb <unknown>\n#2 0x55d3028c86c4 <unknown>\n#3 0x55d3028c8901 <unknown>\n#4 0x55d3029178b4 <unknown>\n#5 0x55d302914c87 <unknown>\n#6 0x55d3028baaca <unknown>\n#7 0x55d3028bb7d1 <unknown>\n#8 0x55d302df0ab9 <unknown>\n#9 0x55d302df3a8c <unknown>\n#10 0x55d302dd9d49 <unknown>\n#11 0x55d302df4685 <unknown>\n#12 0x55d302dc16c3 <unknown>\n#13 0x55d302e167d8 <unknown>\n#14 0x55d302e169b3 <unknown>\n#15 0x55d302e28a83 <unknown>\n#16 0x7f32b9c9caa4 <unknown>\n#17 0x7f32b9d29c6c <unknown>","statusTrace":"self = <test_sale.TestSalePage.TestPromoBlocks object at 0x7f506146ef90>\nsale_page = <pages.sale_page.SalePage object at 0x7f5061682a50>\n\n    @allure.title(\"TC 10.04.10 - Verify that the sale-20-off contains an image\")\n    def test_tc_10_04_10(self, sale_page):\n        \"\"\"Check img existence of 1st column in 3-columns Promo Block section\"\"\"\n>       img = sale_page.check_img_in_first_block()\n\ntests/test_sale.py:198: \n_ _ _ _ _ _ _ _ _ _ _ _ _ _ _ _ _ _ _ _ _ _ _ _ _ _ _ _ _ _ _ _ _ _ _ _ _ _ _ _ \npages/sale_page.py:85: in check_img_in_first_block\n    img = self.element_is_present(self.promo_blocks_locators.FIRST_COLUMN_IMG)\npages/base_page.py:51: in element_is_present\n    return wait(self.driver, timeout).until(EC.presence_of_element_located(locator))\n_ _ _ _ _ _ _ _ _ _ _ _ _ _ _ _ _ _ _ _ _ _ _ _ _ _ _ _ _ _ _ _ _ _ _ _ _ _ _ _ \n\nself = <selenium.webdriver.support.wait.WebDriverWait (session=\"e1424eb60af001d5171fcaaac79b3ce1\")>\nmethod = <function presence_of_element_located.<locals>._predicate at 0x7f50616a8180>\nmessage = ''\n\n    def until(self, method, message: str = \"\"):\n        \"\"\"Calls the method provided with the driver as an argument until the \\\n        return value does not evaluate to ``False``.\n    \n        :param method: callable(WebDriver)\n        :param message: optional message for :exc:`TimeoutException`\n        :returns: the result of the last call to `method`\n        :raises: :exc:`selenium.common.exceptions.TimeoutException` if timeout occurs\n        \"\"\"\n        screen = None\n        stacktrace = None\n    \n        end_time = time.monotonic() + self._timeout\n        while True:\n            try:\n                value = method(self._driver)\n                if value:\n                    return value\n            except self._ignored_exceptions as exc:\n                screen = getattr(exc, \"screen\", None)\n                stacktrace = getattr(exc, \"stacktrace\", None)\n            time.sleep(self._poll)\n            if time.monotonic() > end_time:\n                break\n>       raise TimeoutException(message, screen, stacktrace)\nE       selenium.common.exceptions.TimeoutException: Message: \nE       Stacktrace:\nE       #0 0x55d302e29aea <unknown>\nE       #1 0x55d302875cdb <unknown>\nE       #2 0x55d3028c86c4 <unknown>\nE       #3 0x55d3028c8901 <unknown>\nE       #4 0x55d3029178b4 <unknown>\nE       #5 0x55d302914c87 <unknown>\nE       #6 0x55d3028baaca <unknown>\nE       #7 0x55d3028bb7d1 <unknown>\nE       #8 0x55d302df0ab9 <unknown>\nE       #9 0x55d302df3a8c <unknown>\nE       #10 0x55d302dd9d49 <unknown>\nE       #11 0x55d302df4685 <unknown>\nE       #12 0x55d302dc16c3 <unknown>\nE       #13 0x55d302e167d8 <unknown>\nE       #14 0x55d302e169b3 <unknown>\nE       #15 0x55d302e28a83 <unknown>\nE       #16 0x7f32b9c9caa4 <unknown>\nE       #17 0x7f32b9d29c6c <unknown>\n\n/opt/hostedtoolcache/Python/3.11.14/x64/lib/python3.11/site-packages/selenium/webdriver/support/wait.py:95: TimeoutException","steps":[{"name":"Check img in 3-columns block - 1st block","time":{"start":1762048368020,"stop":1762048373126,"duration":5106},"status":"broken","statusMessage":"selenium.common.exceptions.TimeoutException: Message: \nStacktrace:\n#0 0x55d302e29aea <unknown>\n#1 0x55d302875cdb <unknown>\n#2 0x55d3028c86c4 <unknown>\n#3 0x55d3028c8901 <unknown>\n#4 0x55d3029178b4 <unknown>\n#5 0x55d302914c87 <unknown>\n#6 0x55d3028baaca <unknown>\n#7 0x55d3028bb7d1 <unknown>\n#8 0x55d302df0ab9 <unknown>\n#9 0x55d302df3a8c <unknown>\n#10 0x55d302dd9d49 <unknown>\n#11 0x55d302df4685 <unknown>\n#12 0x55d302dc16c3 <unknown>\n#13 0x55d302e167d8 <unknown>\n#14 0x55d302e169b3 <unknown>\n#15 0x55d302e28a83 <unknown>\n#16 0x7f32b9c9caa4 <unknown>\n#17 0x7f32b9d29c6c <unknown>\n\n","statusTrace":"  File \"/opt/hostedtoolcache/Python/3.11.14/x64/lib/python3.11/site-packages/allure_commons/_allure.py\", line 192, in impl\n    return func(*a, **kw)\n           ^^^^^^^^^^^^^^\n  File \"/home/runner/work/luma_project/luma_project/pages/sale_page.py\", line 85, in check_img_in_first_block\n    img = self.element_is_present(self.promo_blocks_locators.FIRST_COLUMN_IMG)\n          ^^^^^^^^^^^^^^^^^^^^^^^^^^^^^^^^^^^^^^^^^^^^^^^^^^^^^^^^^^^^^^^^^^^^\n  File \"/opt/hostedtoolcache/Python/3.11.14/x64/lib/python3.11/site-packages/allure_commons/_allure.py\", line 192, in impl\n    return func(*a, **kw)\n           ^^^^^^^^^^^^^^\n  File \"/home/runner/work/luma_project/luma_project/pages/base_page.py\", line 51, in element_is_present\n    return wait(self.driver, timeout).until(EC.presence_of_element_located(locator))\n           ^^^^^^^^^^^^^^^^^^^^^^^^^^^^^^^^^^^^^^^^^^^^^^^^^^^^^^^^^^^^^^^^^^^^^^^^^\n  File \"/opt/hostedtoolcache/Python/3.11.14/x64/lib/python3.11/site-packages/selenium/webdriver/support/wait.py\", line 95, in until\n    raise TimeoutException(message, screen, stacktrace)\n","steps":[{"name":"Find a present element","time":{"start":1762048368020,"stop":1762048373126,"duration":5106},"status":"broken","statusMessage":"selenium.common.exceptions.TimeoutException: Message: \nStacktrace:\n#0 0x55d302e29aea <unknown>\n#1 0x55d302875cdb <unknown>\n#2 0x55d3028c86c4 <unknown>\n#3 0x55d3028c8901 <unknown>\n#4 0x55d3029178b4 <unknown>\n#5 0x55d302914c87 <unknown>\n#6 0x55d3028baaca <unknown>\n#7 0x55d3028bb7d1 <unknown>\n#8 0x55d302df0ab9 <unknown>\n#9 0x55d302df3a8c <unknown>\n#10 0x55d302dd9d49 <unknown>\n#11 0x55d302df4685 <unknown>\n#12 0x55d302dc16c3 <unknown>\n#13 0x55d302e167d8 <unknown>\n#14 0x55d302e169b3 <unknown>\n#15 0x55d302e28a83 <unknown>\n#16 0x7f32b9c9caa4 <unknown>\n#17 0x7f32b9d29c6c <unknown>\n\n","statusTrace":"  File \"/opt/hostedtoolcache/Python/3.11.14/x64/lib/python3.11/site-packages/allure_commons/_allure.py\", line 192, in impl\n    return func(*a, **kw)\n           ^^^^^^^^^^^^^^\n  File \"/home/runner/work/luma_project/luma_project/pages/base_page.py\", line 51, in element_is_present\n    return wait(self.driver, timeout).until(EC.presence_of_element_located(locator))\n           ^^^^^^^^^^^^^^^^^^^^^^^^^^^^^^^^^^^^^^^^^^^^^^^^^^^^^^^^^^^^^^^^^^^^^^^^^\n  File \"/opt/hostedtoolcache/Python/3.11.14/x64/lib/python3.11/site-packages/selenium/webdriver/support/wait.py\", line 95, in until\n    raise TimeoutException(message, screen, stacktrace)\n","steps":[],"attachments":[],"parameters":[{"name":"locator","value":"('css selector', '.sale-20-off .image img')"},{"name":"timeout","value":"5"}],"stepsCount":0,"shouldDisplayMessage":true,"attachmentsCount":0,"hasContent":true,"attachmentStep":false}],"attachments":[],"parameters":[],"stepsCount":1,"shouldDisplayMessage":false,"attachmentsCount":0,"hasContent":true,"attachmentStep":false}],"attachments":[{"uid":"e57b4b2f7ea19f86","name":"Screenshot","source":"e57b4b2f7ea19f86.png","type":"image/png","size":23875},{"uid":"4c9ab653371fa6c3","name":"HTML source","source":"4c9ab653371fa6c3.html","type":"text/html","size":1433}],"parameters":[],"stepsCount":2,"shouldDisplayMessage":true,"attachmentsCount":2,"hasContent":true,"attachmentStep":false},"afterStages":[{"name":"driver::0","time":{"start":1762048373199,"stop":1762048373259,"duration":60},"status":"passed","steps":[],"attachments":[],"parameters":[],"stepsCount":0,"shouldDisplayMessage":false,"attachmentsCount":0,"hasContent":false,"attachmentStep":false},{"name":"clear_allure_result_folder::0","time":{"start":1762048967233,"stop":1762048967233,"duration":0},"status":"passed","steps":[],"attachments":[],"parameters":[],"stepsCount":0,"shouldDisplayMessage":false,"attachmentsCount":0,"hasContent":false,"attachmentStep":false}],"labels":[{"name":"epic","value":"Sale Page"},{"name":"feature","value":"Testing Promo Blocks, Main Block (Women's Deals) and 2 columns block - Men's Bargain, Gear Steals"},{"name":"parentSuite","value":"tests"},{"name":"suite","value":"test_sale"},{"name":"subSuite","value":"TestSalePage"},{"name":"host","value":"runnervmf2e7y"},{"name":"thread","value":"3614-MainThread"},{"name":"framework","value":"pytest"},{"name":"language","value":"cpython3"},{"name":"package","value":"tests.test_sale"},{"name":"resultFormat","value":"allure2"}],"parameters":[],"links":[],"hidden":false,"retry":false,"extra":{"severity":"normal","retries":[],"categories":[{"name":"Test defects","matchedStatuses":[],"flaky":false}],"tags":[]},"source":"aae104f2bcb20b98.json","parameterValues":[]}