{"uid":"bdfb7fde5cc881a","name":"TC 02.01.13 - Check Advanced Search link is present in the DOM tree on each page specified in DATA_1","fullName":"tests.test_footer.TestFooter#test_tc_02_01_13_check_presence_of_advanced_search_link_on_pages","historyId":"8c105e9b564f4896258c948561773b9a","time":{"start":1762046840068,"stop":1762046845469,"duration":5401},"description":"Checks if Advanced Search link is present in the DOM tree on each page specified in DATA_1","descriptionHtml":"<p>Checks if Advanced Search link is present in the DOM tree on each page specified in DATA_1</p>\n","status":"broken","statusMessage":"selenium.common.exceptions.TimeoutException: Message: \nStacktrace:\n#0 0x559552f7faea <unknown>\n#1 0x5595529cbcdb <unknown>\n#2 0x559552a1e6c4 <unknown>\n#3 0x559552a1e901 <unknown>\n#4 0x559552a6d8b4 <unknown>\n#5 0x559552a6ac87 <unknown>\n#6 0x559552a10aca <unknown>\n#7 0x559552a117d1 <unknown>\n#8 0x559552f46ab9 <unknown>\n#9 0x559552f49a8c <unknown>\n#10 0x559552f2fd49 <unknown>\n#11 0x559552f4a685 <unknown>\n#12 0x559552f176c3 <unknown>\n#13 0x559552f6c7d8 <unknown>\n#14 0x559552f6c9b3 <unknown>\n#15 0x559552f7ea83 <unknown>\n#16 0x7fd26509caa4 <unknown>\n#17 0x7fd265129c6c <unknown>","statusTrace":"self = <test_footer.TestFooter object at 0x7f506162ce50>\ndriver = <selenium.webdriver.chrome.webdriver.WebDriver (session=\"444fb85e1b4999a23aabccc1cbb84165\")>\nURL = 'https://magento.softwaretestingboard.com/what-is-new.html'\n\n    @allure.title(\"TC 02.01.13 - Check Advanced Search link is present in the DOM tree \"\n                  \"on each page specified in DATA_1\")\n    @pytest.mark.parametrize('URL', DATA_1)\n    def test_tc_02_01_13_check_presence_of_advanced_search_link_on_pages(self, driver, URL):\n        \"\"\"Checks if Advanced Search link is present in the DOM tree on each page specified in DATA_1\"\"\"\n        page = FooterPage(driver, url=URL)\n        page.open()\n>       advanced_search_link = page.check_advanced_search_link_presence()\n\ntests/test_footer.py:126: \n_ _ _ _ _ _ _ _ _ _ _ _ _ _ _ _ _ _ _ _ _ _ _ _ _ _ _ _ _ _ _ _ _ _ _ _ _ _ _ _ \npages/footer_page.py:43: in check_advanced_search_link_presence\n    return self.element_is_present(self.footer_locators.ADVANCED_SEARCH_LINK)\npages/base_page.py:51: in element_is_present\n    return wait(self.driver, timeout).until(EC.presence_of_element_located(locator))\n_ _ _ _ _ _ _ _ _ _ _ _ _ _ _ _ _ _ _ _ _ _ _ _ _ _ _ _ _ _ _ _ _ _ _ _ _ _ _ _ \n\nself = <selenium.webdriver.support.wait.WebDriverWait (session=\"444fb85e1b4999a23aabccc1cbb84165\")>\nmethod = <function presence_of_element_located.<locals>._predicate at 0x7f5061f37240>\nmessage = ''\n\n    def until(self, method, message: str = \"\"):\n        \"\"\"Calls the method provided with the driver as an argument until the \\\n        return value does not evaluate to ``False``.\n    \n        :param method: callable(WebDriver)\n        :param message: optional message for :exc:`TimeoutException`\n        :returns: the result of the last call to `method`\n        :raises: :exc:`selenium.common.exceptions.TimeoutException` if timeout occurs\n        \"\"\"\n        screen = None\n        stacktrace = None\n    \n        end_time = time.monotonic() + self._timeout\n        while True:\n            try:\n                value = method(self._driver)\n                if value:\n                    return value\n            except self._ignored_exceptions as exc:\n                screen = getattr(exc, \"screen\", None)\n                stacktrace = getattr(exc, \"stacktrace\", None)\n            time.sleep(self._poll)\n            if time.monotonic() > end_time:\n                break\n>       raise TimeoutException(message, screen, stacktrace)\nE       selenium.common.exceptions.TimeoutException: Message: \nE       Stacktrace:\nE       #0 0x559552f7faea <unknown>\nE       #1 0x5595529cbcdb <unknown>\nE       #2 0x559552a1e6c4 <unknown>\nE       #3 0x559552a1e901 <unknown>\nE       #4 0x559552a6d8b4 <unknown>\nE       #5 0x559552a6ac87 <unknown>\nE       #6 0x559552a10aca <unknown>\nE       #7 0x559552a117d1 <unknown>\nE       #8 0x559552f46ab9 <unknown>\nE       #9 0x559552f49a8c <unknown>\nE       #10 0x559552f2fd49 <unknown>\nE       #11 0x559552f4a685 <unknown>\nE       #12 0x559552f176c3 <unknown>\nE       #13 0x559552f6c7d8 <unknown>\nE       #14 0x559552f6c9b3 <unknown>\nE       #15 0x559552f7ea83 <unknown>\nE       #16 0x7fd26509caa4 <unknown>\nE       #17 0x7fd265129c6c <unknown>\n\n/opt/hostedtoolcache/Python/3.11.14/x64/lib/python3.11/site-packages/selenium/webdriver/support/wait.py:95: TimeoutException","flaky":false,"newFailed":false,"newBroken":false,"newPassed":false,"retriesCount":0,"retriesStatusChange":false,"beforeStages":[{"name":"_session_faker","time":{"start":1762046534530,"stop":1762046534592,"duration":62},"status":"passed","steps":[],"attachments":[],"parameters":[],"stepsCount":0,"shouldDisplayMessage":false,"attachmentsCount":0,"hasContent":false,"attachmentStep":false},{"name":"clear_allure_result_folder","time":{"start":1762046534592,"stop":1762046534592,"duration":0},"status":"passed","steps":[],"attachments":[],"parameters":[],"stepsCount":0,"shouldDisplayMessage":false,"attachmentsCount":0,"hasContent":false,"attachmentStep":false},{"name":"driver","time":{"start":1762046838810,"stop":1762046840068,"duration":1258},"status":"passed","steps":[],"attachments":[],"parameters":[],"stepsCount":0,"shouldDisplayMessage":false,"attachmentsCount":0,"hasContent":false,"attachmentStep":false}],"testStage":{"description":"Checks if Advanced Search link is present in the DOM tree on each page specified in DATA_1","status":"broken","statusMessage":"selenium.common.exceptions.TimeoutException: Message: \nStacktrace:\n#0 0x559552f7faea <unknown>\n#1 0x5595529cbcdb <unknown>\n#2 0x559552a1e6c4 <unknown>\n#3 0x559552a1e901 <unknown>\n#4 0x559552a6d8b4 <unknown>\n#5 0x559552a6ac87 <unknown>\n#6 0x559552a10aca <unknown>\n#7 0x559552a117d1 <unknown>\n#8 0x559552f46ab9 <unknown>\n#9 0x559552f49a8c <unknown>\n#10 0x559552f2fd49 <unknown>\n#11 0x559552f4a685 <unknown>\n#12 0x559552f176c3 <unknown>\n#13 0x559552f6c7d8 <unknown>\n#14 0x559552f6c9b3 <unknown>\n#15 0x559552f7ea83 <unknown>\n#16 0x7fd26509caa4 <unknown>\n#17 0x7fd265129c6c <unknown>","statusTrace":"self = <test_footer.TestFooter object at 0x7f506162ce50>\ndriver = <selenium.webdriver.chrome.webdriver.WebDriver (session=\"444fb85e1b4999a23aabccc1cbb84165\")>\nURL = 'https://magento.softwaretestingboard.com/what-is-new.html'\n\n    @allure.title(\"TC 02.01.13 - Check Advanced Search link is present in the DOM tree \"\n                  \"on each page specified in DATA_1\")\n    @pytest.mark.parametrize('URL', DATA_1)\n    def test_tc_02_01_13_check_presence_of_advanced_search_link_on_pages(self, driver, URL):\n        \"\"\"Checks if Advanced Search link is present in the DOM tree on each page specified in DATA_1\"\"\"\n        page = FooterPage(driver, url=URL)\n        page.open()\n>       advanced_search_link = page.check_advanced_search_link_presence()\n\ntests/test_footer.py:126: \n_ _ _ _ _ _ _ _ _ _ _ _ _ _ _ _ _ _ _ _ _ _ _ _ _ _ _ _ _ _ _ _ _ _ _ _ _ _ _ _ \npages/footer_page.py:43: in check_advanced_search_link_presence\n    return self.element_is_present(self.footer_locators.ADVANCED_SEARCH_LINK)\npages/base_page.py:51: in element_is_present\n    return wait(self.driver, timeout).until(EC.presence_of_element_located(locator))\n_ _ _ _ _ _ _ _ _ _ _ _ _ _ _ _ _ _ _ _ _ _ _ _ _ _ _ _ _ _ _ _ _ _ _ _ _ _ _ _ \n\nself = <selenium.webdriver.support.wait.WebDriverWait (session=\"444fb85e1b4999a23aabccc1cbb84165\")>\nmethod = <function presence_of_element_located.<locals>._predicate at 0x7f5061f37240>\nmessage = ''\n\n    def until(self, method, message: str = \"\"):\n        \"\"\"Calls the method provided with the driver as an argument until the \\\n        return value does not evaluate to ``False``.\n    \n        :param method: callable(WebDriver)\n        :param message: optional message for :exc:`TimeoutException`\n        :returns: the result of the last call to `method`\n        :raises: :exc:`selenium.common.exceptions.TimeoutException` if timeout occurs\n        \"\"\"\n        screen = None\n        stacktrace = None\n    \n        end_time = time.monotonic() + self._timeout\n        while True:\n            try:\n                value = method(self._driver)\n                if value:\n                    return value\n            except self._ignored_exceptions as exc:\n                screen = getattr(exc, \"screen\", None)\n                stacktrace = getattr(exc, \"stacktrace\", None)\n            time.sleep(self._poll)\n            if time.monotonic() > end_time:\n                break\n>       raise TimeoutException(message, screen, stacktrace)\nE       selenium.common.exceptions.TimeoutException: Message: \nE       Stacktrace:\nE       #0 0x559552f7faea <unknown>\nE       #1 0x5595529cbcdb <unknown>\nE       #2 0x559552a1e6c4 <unknown>\nE       #3 0x559552a1e901 <unknown>\nE       #4 0x559552a6d8b4 <unknown>\nE       #5 0x559552a6ac87 <unknown>\nE       #6 0x559552a10aca <unknown>\nE       #7 0x559552a117d1 <unknown>\nE       #8 0x559552f46ab9 <unknown>\nE       #9 0x559552f49a8c <unknown>\nE       #10 0x559552f2fd49 <unknown>\nE       #11 0x559552f4a685 <unknown>\nE       #12 0x559552f176c3 <unknown>\nE       #13 0x559552f6c7d8 <unknown>\nE       #14 0x559552f6c9b3 <unknown>\nE       #15 0x559552f7ea83 <unknown>\nE       #16 0x7fd26509caa4 <unknown>\nE       #17 0x7fd265129c6c <unknown>\n\n/opt/hostedtoolcache/Python/3.11.14/x64/lib/python3.11/site-packages/selenium/webdriver/support/wait.py:95: TimeoutException","steps":[{"name":"Open a browser","time":{"start":1762046840068,"stop":1762046840368,"duration":300},"status":"passed","steps":[],"attachments":[],"parameters":[],"stepsCount":0,"shouldDisplayMessage":false,"attachmentsCount":0,"hasContent":false,"attachmentStep":false},{"name":"Check Advanced Search link is present in the DOM tree","time":{"start":1762046840368,"stop":1762046845469,"duration":5101},"status":"broken","statusMessage":"selenium.common.exceptions.TimeoutException: Message: \nStacktrace:\n#0 0x559552f7faea <unknown>\n#1 0x5595529cbcdb <unknown>\n#2 0x559552a1e6c4 <unknown>\n#3 0x559552a1e901 <unknown>\n#4 0x559552a6d8b4 <unknown>\n#5 0x559552a6ac87 <unknown>\n#6 0x559552a10aca <unknown>\n#7 0x559552a117d1 <unknown>\n#8 0x559552f46ab9 <unknown>\n#9 0x559552f49a8c <unknown>\n#10 0x559552f2fd49 <unknown>\n#11 0x559552f4a685 <unknown>\n#12 0x559552f176c3 <unknown>\n#13 0x559552f6c7d8 <unknown>\n#14 0x559552f6c9b3 <unknown>\n#15 0x559552f7ea83 <unknown>\n#16 0x7fd26509caa4 <unknown>\n#17 0x7fd265129c6c <unknown>\n\n","statusTrace":"  File \"/opt/hostedtoolcache/Python/3.11.14/x64/lib/python3.11/site-packages/allure_commons/_allure.py\", line 192, in impl\n    return func(*a, **kw)\n           ^^^^^^^^^^^^^^\n  File \"/home/runner/work/luma_project/luma_project/pages/footer_page.py\", line 43, in check_advanced_search_link_presence\n    return self.element_is_present(self.footer_locators.ADVANCED_SEARCH_LINK)\n           ^^^^^^^^^^^^^^^^^^^^^^^^^^^^^^^^^^^^^^^^^^^^^^^^^^^^^^^^^^^^^^^^^^\n  File \"/opt/hostedtoolcache/Python/3.11.14/x64/lib/python3.11/site-packages/allure_commons/_allure.py\", line 192, in impl\n    return func(*a, **kw)\n           ^^^^^^^^^^^^^^\n  File \"/home/runner/work/luma_project/luma_project/pages/base_page.py\", line 51, in element_is_present\n    return wait(self.driver, timeout).until(EC.presence_of_element_located(locator))\n           ^^^^^^^^^^^^^^^^^^^^^^^^^^^^^^^^^^^^^^^^^^^^^^^^^^^^^^^^^^^^^^^^^^^^^^^^^\n  File \"/opt/hostedtoolcache/Python/3.11.14/x64/lib/python3.11/site-packages/selenium/webdriver/support/wait.py\", line 95, in until\n    raise TimeoutException(message, screen, stacktrace)\n","steps":[{"name":"Find a present element","time":{"start":1762046840368,"stop":1762046845468,"duration":5100},"status":"broken","statusMessage":"selenium.common.exceptions.TimeoutException: Message: \nStacktrace:\n#0 0x559552f7faea <unknown>\n#1 0x5595529cbcdb <unknown>\n#2 0x559552a1e6c4 <unknown>\n#3 0x559552a1e901 <unknown>\n#4 0x559552a6d8b4 <unknown>\n#5 0x559552a6ac87 <unknown>\n#6 0x559552a10aca <unknown>\n#7 0x559552a117d1 <unknown>\n#8 0x559552f46ab9 <unknown>\n#9 0x559552f49a8c <unknown>\n#10 0x559552f2fd49 <unknown>\n#11 0x559552f4a685 <unknown>\n#12 0x559552f176c3 <unknown>\n#13 0x559552f6c7d8 <unknown>\n#14 0x559552f6c9b3 <unknown>\n#15 0x559552f7ea83 <unknown>\n#16 0x7fd26509caa4 <unknown>\n#17 0x7fd265129c6c <unknown>\n\n","statusTrace":"  File \"/opt/hostedtoolcache/Python/3.11.14/x64/lib/python3.11/site-packages/allure_commons/_allure.py\", line 192, in impl\n    return func(*a, **kw)\n           ^^^^^^^^^^^^^^\n  File \"/home/runner/work/luma_project/luma_project/pages/base_page.py\", line 51, in element_is_present\n    return wait(self.driver, timeout).until(EC.presence_of_element_located(locator))\n           ^^^^^^^^^^^^^^^^^^^^^^^^^^^^^^^^^^^^^^^^^^^^^^^^^^^^^^^^^^^^^^^^^^^^^^^^^\n  File \"/opt/hostedtoolcache/Python/3.11.14/x64/lib/python3.11/site-packages/selenium/webdriver/support/wait.py\", line 95, in until\n    raise TimeoutException(message, screen, stacktrace)\n","steps":[],"attachments":[],"parameters":[{"name":"locator","value":"('css selector', '.footer > :nth-child(3) > a')"},{"name":"timeout","value":"5"}],"stepsCount":0,"shouldDisplayMessage":true,"attachmentsCount":0,"hasContent":true,"attachmentStep":false}],"attachments":[],"parameters":[],"stepsCount":1,"shouldDisplayMessage":false,"attachmentsCount":0,"hasContent":true,"attachmentStep":false}],"attachments":[{"uid":"1bc327fb674674ae","name":"Screenshot","source":"1bc327fb674674ae.png","type":"image/png","size":23875},{"uid":"c0eeb0db411bf0e3","name":"HTML source","source":"c0eeb0db411bf0e3.html","type":"text/html","size":1433}],"parameters":[],"stepsCount":3,"shouldDisplayMessage":true,"attachmentsCount":2,"hasContent":true,"attachmentStep":false},"afterStages":[{"name":"driver::0","time":{"start":1762046845548,"stop":1762046845608,"duration":60},"status":"passed","steps":[],"attachments":[],"parameters":[],"stepsCount":0,"shouldDisplayMessage":false,"attachmentsCount":0,"hasContent":false,"attachmentStep":false},{"name":"clear_allure_result_folder::0","time":{"start":1762048967233,"stop":1762048967233,"duration":0},"status":"passed","steps":[],"attachments":[],"parameters":[],"stepsCount":0,"shouldDisplayMessage":false,"attachmentsCount":0,"hasContent":false,"attachmentStep":false}],"labels":[{"name":"epic","value":"Test Footer"},{"name":"parentSuite","value":"tests"},{"name":"suite","value":"test_footer"},{"name":"subSuite","value":"TestFooter"},{"name":"host","value":"runnervmf2e7y"},{"name":"thread","value":"3614-MainThread"},{"name":"framework","value":"pytest"},{"name":"language","value":"cpython3"},{"name":"package","value":"tests.test_footer"},{"name":"resultFormat","value":"allure2"}],"parameters":[{"name":"URL","value":"'https://magento.softwaretestingboard.com/what-is-new.html'"}],"links":[],"hidden":false,"retry":false,"extra":{"severity":"normal","retries":[],"categories":[{"name":"Test defects","matchedStatuses":[],"flaky":false}],"tags":[]},"source":"bdfb7fde5cc881a.json","parameterValues":["'https://magento.softwaretestingboard.com/what-is-new.html'"]}