{"uid":"c8597677d4ac801d","name":"tc 07.02.22 Verify subtotal in Summury Card: subtotal = price * qty and displayed correctly.","fullName":"tests.test_shopping_cart.TestShoppingCartFull#test_tc_07_02_22_verify_subtotal_displayed_correctly_in_summary_card","historyId":"a2797fdcb251487a396e7395ba0413f5","time":{"start":1762048473845,"stop":1762048473845,"duration":0},"description":"Verify subtotal in summary: subtotal = price * qty and displayed correctly.","descriptionHtml":"<p>Verify subtotal in summary: subtotal = price * qty and displayed correctly.</p>\n","status":"broken","statusMessage":"selenium.common.exceptions.TimeoutException: Message: \nStacktrace:\n#0 0x5593d7036aea <unknown>\n#1 0x5593d6a82cdb <unknown>\n#2 0x5593d6ad56c4 <unknown>\n#3 0x5593d6ad5901 <unknown>\n#4 0x5593d6b248b4 <unknown>\n#5 0x5593d6b21c87 <unknown>\n#6 0x5593d6ac7aca <unknown>\n#7 0x5593d6ac87d1 <unknown>\n#8 0x5593d6ffdab9 <unknown>\n#9 0x5593d7000a8c <unknown>\n#10 0x5593d6fe6d49 <unknown>\n#11 0x5593d7001685 <unknown>\n#12 0x5593d6fce6c3 <unknown>\n#13 0x5593d70237d8 <unknown>\n#14 0x5593d70239b3 <unknown>\n#15 0x5593d7035a83 <unknown>\n#16 0x7f6c0209caa4 <unknown>\n#17 0x7f6c02129c6c <unknown>","statusTrace":"driver = <selenium.webdriver.chrome.webdriver.WebDriver (session=\"b18ba2fd324cb44f8c0ae5812bb703d0\")>\n\n    @pytest.fixture(scope=\"function\")\n    def full_cart_page(driver):\n        driver.get(ITEM_CART_URL)\n>       size_button = wait(driver, 5).until(EC.presence_of_element_located(shopping_locators.SIZE_BUTTON))\n\ntests/test_shopping_cart.py:13: \n_ _ _ _ _ _ _ _ _ _ _ _ _ _ _ _ _ _ _ _ _ _ _ _ _ _ _ _ _ _ _ _ _ _ _ _ _ _ _ _ \n\nself = <selenium.webdriver.support.wait.WebDriverWait (session=\"b18ba2fd324cb44f8c0ae5812bb703d0\")>\nmethod = <function presence_of_element_located.<locals>._predicate at 0x7f5061750220>\nmessage = ''\n\n    def until(self, method, message: str = \"\"):\n        \"\"\"Calls the method provided with the driver as an argument until the \\\n        return value does not evaluate to ``False``.\n    \n        :param method: callable(WebDriver)\n        :param message: optional message for :exc:`TimeoutException`\n        :returns: the result of the last call to `method`\n        :raises: :exc:`selenium.common.exceptions.TimeoutException` if timeout occurs\n        \"\"\"\n        screen = None\n        stacktrace = None\n    \n        end_time = time.monotonic() + self._timeout\n        while True:\n            try:\n                value = method(self._driver)\n                if value:\n                    return value\n            except self._ignored_exceptions as exc:\n                screen = getattr(exc, \"screen\", None)\n                stacktrace = getattr(exc, \"stacktrace\", None)\n            time.sleep(self._poll)\n            if time.monotonic() > end_time:\n                break\n>       raise TimeoutException(message, screen, stacktrace)\nE       selenium.common.exceptions.TimeoutException: Message: \nE       Stacktrace:\nE       #0 0x5593d7036aea <unknown>\nE       #1 0x5593d6a82cdb <unknown>\nE       #2 0x5593d6ad56c4 <unknown>\nE       #3 0x5593d6ad5901 <unknown>\nE       #4 0x5593d6b248b4 <unknown>\nE       #5 0x5593d6b21c87 <unknown>\nE       #6 0x5593d6ac7aca <unknown>\nE       #7 0x5593d6ac87d1 <unknown>\nE       #8 0x5593d6ffdab9 <unknown>\nE       #9 0x5593d7000a8c <unknown>\nE       #10 0x5593d6fe6d49 <unknown>\nE       #11 0x5593d7001685 <unknown>\nE       #12 0x5593d6fce6c3 <unknown>\nE       #13 0x5593d70237d8 <unknown>\nE       #14 0x5593d70239b3 <unknown>\nE       #15 0x5593d7035a83 <unknown>\nE       #16 0x7f6c0209caa4 <unknown>\nE       #17 0x7f6c02129c6c <unknown>\n\n/opt/hostedtoolcache/Python/3.11.14/x64/lib/python3.11/site-packages/selenium/webdriver/support/wait.py:95: TimeoutException","flaky":false,"newFailed":false,"newBroken":false,"newPassed":false,"retriesCount":0,"retriesStatusChange":false,"beforeStages":[{"name":"_session_faker","time":{"start":1762046534530,"stop":1762046534592,"duration":62},"status":"passed","steps":[],"attachments":[],"parameters":[],"stepsCount":0,"shouldDisplayMessage":false,"attachmentsCount":0,"hasContent":false,"attachmentStep":false},{"name":"clear_allure_result_folder","time":{"start":1762046534592,"stop":1762046534592,"duration":0},"status":"passed","steps":[],"attachments":[],"parameters":[],"stepsCount":0,"shouldDisplayMessage":false,"attachmentsCount":0,"hasContent":false,"attachmentStep":false},{"name":"driver","time":{"start":1762048473846,"stop":1762048475113,"duration":1267},"status":"passed","steps":[],"attachments":[],"parameters":[],"stepsCount":0,"shouldDisplayMessage":false,"attachmentsCount":0,"hasContent":false,"attachmentStep":false},{"name":"full_cart_page","time":{"start":1762048475114,"stop":1762048480436,"duration":5322},"status":"broken","statusMessage":"selenium.common.exceptions.TimeoutException: Message: \nStacktrace:\n#0 0x5593d7036aea <unknown>\n#1 0x5593d6a82cdb <unknown>\n#2 0x5593d6ad56c4 <unknown>\n#3 0x5593d6ad5901 <unknown>\n#4 0x5593d6b248b4 <unknown>\n#5 0x5593d6b21c87 <unknown>\n#6 0x5593d6ac7aca <unknown>\n#7 0x5593d6ac87d1 <unknown>\n#8 0x5593d6ffdab9 <unknown>\n#9 0x5593d7000a8c <unknown>\n#10 0x5593d6fe6d49 <unknown>\n#11 0x5593d7001685 <unknown>\n#12 0x5593d6fce6c3 <unknown>\n#13 0x5593d70237d8 <unknown>\n#14 0x5593d70239b3 <unknown>\n#15 0x5593d7035a83 <unknown>\n#16 0x7f6c0209caa4 <unknown>\n#17 0x7f6c02129c6c <unknown>\n\n","statusTrace":"  File \"/opt/hostedtoolcache/Python/3.11.14/x64/lib/python3.11/site-packages/pluggy/_callers.py\", line 38, in run_old_style_hookwrapper\n    res = yield\n          ^^^^^\n  File \"/opt/hostedtoolcache/Python/3.11.14/x64/lib/python3.11/site-packages/pluggy/_callers.py\", line 139, in _multicall\n    teardown.throw(exception)\n  File \"/opt/hostedtoolcache/Python/3.11.14/x64/lib/python3.11/site-packages/pluggy/_callers.py\", line 53, in run_old_style_hookwrapper\n    return result.get_result()\n           ^^^^^^^^^^^^^^^^^^^\n  File \"/opt/hostedtoolcache/Python/3.11.14/x64/lib/python3.11/site-packages/pluggy/_result.py\", line 103, in get_result\n    raise exc.with_traceback(tb)\n  File \"/opt/hostedtoolcache/Python/3.11.14/x64/lib/python3.11/site-packages/pluggy/_callers.py\", line 38, in run_old_style_hookwrapper\n    res = yield\n          ^^^^^\n  File \"/opt/hostedtoolcache/Python/3.11.14/x64/lib/python3.11/site-packages/pluggy/_callers.py\", line 121, in _multicall\n    res = hook_impl.function(*args)\n          ^^^^^^^^^^^^^^^^^^^^^^^^^\n  File \"/opt/hostedtoolcache/Python/3.11.14/x64/lib/python3.11/site-packages/_pytest/fixtures.py\", line 1123, in pytest_fixture_setup\n    result = call_fixture_func(fixturefunc, request, kwargs)\n             ^^^^^^^^^^^^^^^^^^^^^^^^^^^^^^^^^^^^^^^^^^^^^^^\n  File \"/opt/hostedtoolcache/Python/3.11.14/x64/lib/python3.11/site-packages/_pytest/fixtures.py\", line 902, in call_fixture_func\n    fixture_result = fixturefunc(**kwargs)\n                     ^^^^^^^^^^^^^^^^^^^^^\n  File \"/home/runner/work/luma_project/luma_project/tests/test_shopping_cart.py\", line 13, in full_cart_page\n    size_button = wait(driver, 5).until(EC.presence_of_element_located(shopping_locators.SIZE_BUTTON))\n                  ^^^^^^^^^^^^^^^^^^^^^^^^^^^^^^^^^^^^^^^^^^^^^^^^^^^^^^^^^^^^^^^^^^^^^^^^^^^^^^^^^^^^\n  File \"/opt/hostedtoolcache/Python/3.11.14/x64/lib/python3.11/site-packages/selenium/webdriver/support/wait.py\", line 95, in until\n    raise TimeoutException(message, screen, stacktrace)\n","steps":[],"attachments":[],"parameters":[],"stepsCount":0,"shouldDisplayMessage":true,"attachmentsCount":0,"hasContent":true,"attachmentStep":false}],"afterStages":[{"name":"driver::0","time":{"start":1762048480444,"stop":1762048480504,"duration":60},"status":"passed","steps":[],"attachments":[],"parameters":[],"stepsCount":0,"shouldDisplayMessage":false,"attachmentsCount":0,"hasContent":false,"attachmentStep":false},{"name":"clear_allure_result_folder::0","time":{"start":1762048967233,"stop":1762048967233,"duration":0},"status":"passed","steps":[],"attachments":[],"parameters":[],"stepsCount":0,"shouldDisplayMessage":false,"attachmentsCount":0,"hasContent":false,"attachmentStep":false}],"labels":[{"name":"feature","value":"Shopping Cart is full"},{"name":"parentSuite","value":"tests"},{"name":"suite","value":"test_shopping_cart"},{"name":"subSuite","value":"TestShoppingCartFull"},{"name":"host","value":"runnervmf2e7y"},{"name":"thread","value":"3614-MainThread"},{"name":"framework","value":"pytest"},{"name":"language","value":"cpython3"},{"name":"package","value":"tests.test_shopping_cart"},{"name":"resultFormat","value":"allure2"}],"parameters":[],"links":[],"hidden":false,"retry":false,"extra":{"severity":"normal","retries":[],"categories":[{"name":"Test defects","matchedStatuses":[],"flaky":false}],"tags":[]},"source":"c8597677d4ac801d.json","parameterValues":[]}