{"uid":"dd3af4003813112e","name":"TC 13.01.52 - Check if block 3 'home-erin' in section 2 is clickablein the Promo Block on the main page","fullName":"tests.test_main_page.TestPromoBlock#test_tc_13_01_52_check_section2_block3_clickability","historyId":"2dd6059093f3a778171c7c1f2bca6ca4","time":{"start":1762047836930,"stop":1762047842215,"duration":5285},"description":"This test checks if block 3 'home-erin' in section 2 in Promo Block under header is clickable","descriptionHtml":"<p>This test checks if block 3 'home-erin' in section 2 in Promo Block under header is clickable</p>\n","status":"broken","statusMessage":"selenium.common.exceptions.TimeoutException: Message: \nStacktrace:\n#0 0x5615a8789aea <unknown>\n#1 0x5615a81d5cdb <unknown>\n#2 0x5615a82286c4 <unknown>\n#3 0x5615a8228901 <unknown>\n#4 0x5615a82778b4 <unknown>\n#5 0x5615a8274c87 <unknown>\n#6 0x5615a821aaca <unknown>\n#7 0x5615a821b7d1 <unknown>\n#8 0x5615a8750ab9 <unknown>\n#9 0x5615a8753a8c <unknown>\n#10 0x5615a8739d49 <unknown>\n#11 0x5615a8754685 <unknown>\n#12 0x5615a87216c3 <unknown>\n#13 0x5615a87767d8 <unknown>\n#14 0x5615a87769b3 <unknown>\n#15 0x5615a8788a83 <unknown>\n#16 0x7f496b49caa4 <unknown>\n#17 0x7f496b529c6c <unknown>","statusTrace":"self = <test_main_page.TestMainPage.TestPromoBlock object at 0x7f506032fd90>\ndriver = <selenium.webdriver.chrome.webdriver.WebDriver (session=\"935462be7031081fbba2e3dfdade58f7\")>\n\n    @allure.title(\"TC 13.01.52 - Check if block 3 'home-erin' in section 2 is clickable\"\n                  \"in the Promo Block on the main page\")\n    def test_tc_13_01_52_check_section2_block3_clickability(self, driver):\n        \"\"\"This test checks if block 3 'home-erin' in section 2 in Promo Block under header is clickable\"\"\"\n        page = PromoBlock(driver, MAIN_PAGE_URL)\n        page.open()\n>       section2_block3 = page.check_section2_block3_clickability()\n\ntests/test_main_page.py:663: \n_ _ _ _ _ _ _ _ _ _ _ _ _ _ _ _ _ _ _ _ _ _ _ _ _ _ _ _ _ _ _ _ _ _ _ _ _ _ _ _ \npages/main_page.py:340: in check_section2_block3_clickability\n    section2_block3 = self.element_is_clickable(self.locators.SECTION_2_BLOCK_3)\npages/base_page.py:81: in element_is_clickable\n    return wait(self.driver, timeout).until(EC.element_to_be_clickable(locator))\n_ _ _ _ _ _ _ _ _ _ _ _ _ _ _ _ _ _ _ _ _ _ _ _ _ _ _ _ _ _ _ _ _ _ _ _ _ _ _ _ \n\nself = <selenium.webdriver.support.wait.WebDriverWait (session=\"935462be7031081fbba2e3dfdade58f7\")>\nmethod = <function element_to_be_clickable.<locals>._predicate at 0x7f50617b2d40>\nmessage = ''\n\n    def until(self, method, message: str = \"\"):\n        \"\"\"Calls the method provided with the driver as an argument until the \\\n        return value does not evaluate to ``False``.\n    \n        :param method: callable(WebDriver)\n        :param message: optional message for :exc:`TimeoutException`\n        :returns: the result of the last call to `method`\n        :raises: :exc:`selenium.common.exceptions.TimeoutException` if timeout occurs\n        \"\"\"\n        screen = None\n        stacktrace = None\n    \n        end_time = time.monotonic() + self._timeout\n        while True:\n            try:\n                value = method(self._driver)\n                if value:\n                    return value\n            except self._ignored_exceptions as exc:\n                screen = getattr(exc, \"screen\", None)\n                stacktrace = getattr(exc, \"stacktrace\", None)\n            time.sleep(self._poll)\n            if time.monotonic() > end_time:\n                break\n>       raise TimeoutException(message, screen, stacktrace)\nE       selenium.common.exceptions.TimeoutException: Message: \nE       Stacktrace:\nE       #0 0x5615a8789aea <unknown>\nE       #1 0x5615a81d5cdb <unknown>\nE       #2 0x5615a82286c4 <unknown>\nE       #3 0x5615a8228901 <unknown>\nE       #4 0x5615a82778b4 <unknown>\nE       #5 0x5615a8274c87 <unknown>\nE       #6 0x5615a821aaca <unknown>\nE       #7 0x5615a821b7d1 <unknown>\nE       #8 0x5615a8750ab9 <unknown>\nE       #9 0x5615a8753a8c <unknown>\nE       #10 0x5615a8739d49 <unknown>\nE       #11 0x5615a8754685 <unknown>\nE       #12 0x5615a87216c3 <unknown>\nE       #13 0x5615a87767d8 <unknown>\nE       #14 0x5615a87769b3 <unknown>\nE       #15 0x5615a8788a83 <unknown>\nE       #16 0x7f496b49caa4 <unknown>\nE       #17 0x7f496b529c6c <unknown>\n\n/opt/hostedtoolcache/Python/3.11.14/x64/lib/python3.11/site-packages/selenium/webdriver/support/wait.py:95: TimeoutException","flaky":false,"newFailed":false,"newBroken":false,"newPassed":false,"retriesCount":0,"retriesStatusChange":false,"beforeStages":[{"name":"_session_faker","time":{"start":1762046534530,"stop":1762046534592,"duration":62},"status":"passed","steps":[],"attachments":[],"parameters":[],"stepsCount":0,"shouldDisplayMessage":false,"attachmentsCount":0,"hasContent":false,"attachmentStep":false},{"name":"clear_allure_result_folder","time":{"start":1762046534592,"stop":1762046534592,"duration":0},"status":"passed","steps":[],"attachments":[],"parameters":[],"stepsCount":0,"shouldDisplayMessage":false,"attachmentsCount":0,"hasContent":false,"attachmentStep":false},{"name":"driver","time":{"start":1762047835673,"stop":1762047836930,"duration":1257},"status":"passed","steps":[],"attachments":[],"parameters":[],"stepsCount":0,"shouldDisplayMessage":false,"attachmentsCount":0,"hasContent":false,"attachmentStep":false}],"testStage":{"description":"This test checks if block 3 'home-erin' in section 2 in Promo Block under header is clickable","status":"broken","statusMessage":"selenium.common.exceptions.TimeoutException: Message: \nStacktrace:\n#0 0x5615a8789aea <unknown>\n#1 0x5615a81d5cdb <unknown>\n#2 0x5615a82286c4 <unknown>\n#3 0x5615a8228901 <unknown>\n#4 0x5615a82778b4 <unknown>\n#5 0x5615a8274c87 <unknown>\n#6 0x5615a821aaca <unknown>\n#7 0x5615a821b7d1 <unknown>\n#8 0x5615a8750ab9 <unknown>\n#9 0x5615a8753a8c <unknown>\n#10 0x5615a8739d49 <unknown>\n#11 0x5615a8754685 <unknown>\n#12 0x5615a87216c3 <unknown>\n#13 0x5615a87767d8 <unknown>\n#14 0x5615a87769b3 <unknown>\n#15 0x5615a8788a83 <unknown>\n#16 0x7f496b49caa4 <unknown>\n#17 0x7f496b529c6c <unknown>","statusTrace":"self = <test_main_page.TestMainPage.TestPromoBlock object at 0x7f506032fd90>\ndriver = <selenium.webdriver.chrome.webdriver.WebDriver (session=\"935462be7031081fbba2e3dfdade58f7\")>\n\n    @allure.title(\"TC 13.01.52 - Check if block 3 'home-erin' in section 2 is clickable\"\n                  \"in the Promo Block on the main page\")\n    def test_tc_13_01_52_check_section2_block3_clickability(self, driver):\n        \"\"\"This test checks if block 3 'home-erin' in section 2 in Promo Block under header is clickable\"\"\"\n        page = PromoBlock(driver, MAIN_PAGE_URL)\n        page.open()\n>       section2_block3 = page.check_section2_block3_clickability()\n\ntests/test_main_page.py:663: \n_ _ _ _ _ _ _ _ _ _ _ _ _ _ _ _ _ _ _ _ _ _ _ _ _ _ _ _ _ _ _ _ _ _ _ _ _ _ _ _ \npages/main_page.py:340: in check_section2_block3_clickability\n    section2_block3 = self.element_is_clickable(self.locators.SECTION_2_BLOCK_3)\npages/base_page.py:81: in element_is_clickable\n    return wait(self.driver, timeout).until(EC.element_to_be_clickable(locator))\n_ _ _ _ _ _ _ _ _ _ _ _ _ _ _ _ _ _ _ _ _ _ _ _ _ _ _ _ _ _ _ _ _ _ _ _ _ _ _ _ \n\nself = <selenium.webdriver.support.wait.WebDriverWait (session=\"935462be7031081fbba2e3dfdade58f7\")>\nmethod = <function element_to_be_clickable.<locals>._predicate at 0x7f50617b2d40>\nmessage = ''\n\n    def until(self, method, message: str = \"\"):\n        \"\"\"Calls the method provided with the driver as an argument until the \\\n        return value does not evaluate to ``False``.\n    \n        :param method: callable(WebDriver)\n        :param message: optional message for :exc:`TimeoutException`\n        :returns: the result of the last call to `method`\n        :raises: :exc:`selenium.common.exceptions.TimeoutException` if timeout occurs\n        \"\"\"\n        screen = None\n        stacktrace = None\n    \n        end_time = time.monotonic() + self._timeout\n        while True:\n            try:\n                value = method(self._driver)\n                if value:\n                    return value\n            except self._ignored_exceptions as exc:\n                screen = getattr(exc, \"screen\", None)\n                stacktrace = getattr(exc, \"stacktrace\", None)\n            time.sleep(self._poll)\n            if time.monotonic() > end_time:\n                break\n>       raise TimeoutException(message, screen, stacktrace)\nE       selenium.common.exceptions.TimeoutException: Message: \nE       Stacktrace:\nE       #0 0x5615a8789aea <unknown>\nE       #1 0x5615a81d5cdb <unknown>\nE       #2 0x5615a82286c4 <unknown>\nE       #3 0x5615a8228901 <unknown>\nE       #4 0x5615a82778b4 <unknown>\nE       #5 0x5615a8274c87 <unknown>\nE       #6 0x5615a821aaca <unknown>\nE       #7 0x5615a821b7d1 <unknown>\nE       #8 0x5615a8750ab9 <unknown>\nE       #9 0x5615a8753a8c <unknown>\nE       #10 0x5615a8739d49 <unknown>\nE       #11 0x5615a8754685 <unknown>\nE       #12 0x5615a87216c3 <unknown>\nE       #13 0x5615a87767d8 <unknown>\nE       #14 0x5615a87769b3 <unknown>\nE       #15 0x5615a8788a83 <unknown>\nE       #16 0x7f496b49caa4 <unknown>\nE       #17 0x7f496b529c6c <unknown>\n\n/opt/hostedtoolcache/Python/3.11.14/x64/lib/python3.11/site-packages/selenium/webdriver/support/wait.py:95: TimeoutException","steps":[{"name":"Open a browser","time":{"start":1762047836930,"stop":1762047837110,"duration":180},"status":"passed","steps":[],"attachments":[],"parameters":[],"stepsCount":0,"shouldDisplayMessage":false,"attachmentsCount":0,"hasContent":false,"attachmentStep":false},{"name":"Check clickability of the block 3 'home-erin' in the section 2 in the Promo Block","time":{"start":1762047837110,"stop":1762047842214,"duration":5104},"status":"broken","statusMessage":"selenium.common.exceptions.TimeoutException: Message: \nStacktrace:\n#0 0x5615a8789aea <unknown>\n#1 0x5615a81d5cdb <unknown>\n#2 0x5615a82286c4 <unknown>\n#3 0x5615a8228901 <unknown>\n#4 0x5615a82778b4 <unknown>\n#5 0x5615a8274c87 <unknown>\n#6 0x5615a821aaca <unknown>\n#7 0x5615a821b7d1 <unknown>\n#8 0x5615a8750ab9 <unknown>\n#9 0x5615a8753a8c <unknown>\n#10 0x5615a8739d49 <unknown>\n#11 0x5615a8754685 <unknown>\n#12 0x5615a87216c3 <unknown>\n#13 0x5615a87767d8 <unknown>\n#14 0x5615a87769b3 <unknown>\n#15 0x5615a8788a83 <unknown>\n#16 0x7f496b49caa4 <unknown>\n#17 0x7f496b529c6c <unknown>\n\n","statusTrace":"  File \"/opt/hostedtoolcache/Python/3.11.14/x64/lib/python3.11/site-packages/allure_commons/_allure.py\", line 192, in impl\n    return func(*a, **kw)\n           ^^^^^^^^^^^^^^\n  File \"/home/runner/work/luma_project/luma_project/pages/main_page.py\", line 340, in check_section2_block3_clickability\n    section2_block3 = self.element_is_clickable(self.locators.SECTION_2_BLOCK_3)\n                      ^^^^^^^^^^^^^^^^^^^^^^^^^^^^^^^^^^^^^^^^^^^^^^^^^^^^^^^^^^\n  File \"/opt/hostedtoolcache/Python/3.11.14/x64/lib/python3.11/site-packages/allure_commons/_allure.py\", line 192, in impl\n    return func(*a, **kw)\n           ^^^^^^^^^^^^^^\n  File \"/home/runner/work/luma_project/luma_project/pages/base_page.py\", line 81, in element_is_clickable\n    return wait(self.driver, timeout).until(EC.element_to_be_clickable(locator))\n           ^^^^^^^^^^^^^^^^^^^^^^^^^^^^^^^^^^^^^^^^^^^^^^^^^^^^^^^^^^^^^^^^^^^^^\n  File \"/opt/hostedtoolcache/Python/3.11.14/x64/lib/python3.11/site-packages/selenium/webdriver/support/wait.py\", line 95, in until\n    raise TimeoutException(message, screen, stacktrace)\n","steps":[{"name":"Find clickable elements","time":{"start":1762047837110,"stop":1762047842214,"duration":5104},"status":"broken","statusMessage":"selenium.common.exceptions.TimeoutException: Message: \nStacktrace:\n#0 0x5615a8789aea <unknown>\n#1 0x5615a81d5cdb <unknown>\n#2 0x5615a82286c4 <unknown>\n#3 0x5615a8228901 <unknown>\n#4 0x5615a82778b4 <unknown>\n#5 0x5615a8274c87 <unknown>\n#6 0x5615a821aaca <unknown>\n#7 0x5615a821b7d1 <unknown>\n#8 0x5615a8750ab9 <unknown>\n#9 0x5615a8753a8c <unknown>\n#10 0x5615a8739d49 <unknown>\n#11 0x5615a8754685 <unknown>\n#12 0x5615a87216c3 <unknown>\n#13 0x5615a87767d8 <unknown>\n#14 0x5615a87769b3 <unknown>\n#15 0x5615a8788a83 <unknown>\n#16 0x7f496b49caa4 <unknown>\n#17 0x7f496b529c6c <unknown>\n\n","statusTrace":"  File \"/opt/hostedtoolcache/Python/3.11.14/x64/lib/python3.11/site-packages/allure_commons/_allure.py\", line 192, in impl\n    return func(*a, **kw)\n           ^^^^^^^^^^^^^^\n  File \"/home/runner/work/luma_project/luma_project/pages/base_page.py\", line 81, in element_is_clickable\n    return wait(self.driver, timeout).until(EC.element_to_be_clickable(locator))\n           ^^^^^^^^^^^^^^^^^^^^^^^^^^^^^^^^^^^^^^^^^^^^^^^^^^^^^^^^^^^^^^^^^^^^^\n  File \"/opt/hostedtoolcache/Python/3.11.14/x64/lib/python3.11/site-packages/selenium/webdriver/support/wait.py\", line 95, in until\n    raise TimeoutException(message, screen, stacktrace)\n","steps":[],"attachments":[],"parameters":[{"name":"locator","value":"('css selector', '.home-erin')"},{"name":"timeout","value":"5"}],"stepsCount":0,"shouldDisplayMessage":true,"attachmentsCount":0,"hasContent":true,"attachmentStep":false}],"attachments":[],"parameters":[],"stepsCount":1,"shouldDisplayMessage":false,"attachmentsCount":0,"hasContent":true,"attachmentStep":false}],"attachments":[{"uid":"aae446d951b5602b","name":"Screenshot","source":"aae446d951b5602b.png","type":"image/png","size":23875},{"uid":"b24c776431fdd165","name":"HTML source","source":"b24c776431fdd165.html","type":"text/html","size":1433}],"parameters":[],"stepsCount":3,"shouldDisplayMessage":true,"attachmentsCount":2,"hasContent":true,"attachmentStep":false},"afterStages":[{"name":"driver::0","time":{"start":1762047842297,"stop":1762047842357,"duration":60},"status":"passed","steps":[],"attachments":[],"parameters":[],"stepsCount":0,"shouldDisplayMessage":false,"attachmentsCount":0,"hasContent":false,"attachmentStep":false},{"name":"clear_allure_result_folder::0","time":{"start":1762048967233,"stop":1762048967233,"duration":0},"status":"passed","steps":[],"attachments":[],"parameters":[],"stepsCount":0,"shouldDisplayMessage":false,"attachmentsCount":0,"hasContent":false,"attachmentStep":false}],"labels":[{"name":"feature","value":"Promo Block Testing"},{"name":"epic","value":"Main Page"},{"name":"parentSuite","value":"tests"},{"name":"suite","value":"test_main_page"},{"name":"subSuite","value":"TestMainPage"},{"name":"host","value":"runnervmf2e7y"},{"name":"thread","value":"3614-MainThread"},{"name":"framework","value":"pytest"},{"name":"language","value":"cpython3"},{"name":"package","value":"tests.test_main_page"},{"name":"resultFormat","value":"allure2"}],"parameters":[],"links":[],"hidden":false,"retry":false,"extra":{"severity":"normal","retries":[],"categories":[{"name":"Test defects","matchedStatuses":[],"flaky":false}],"tags":[]},"source":"dd3af4003813112e.json","parameterValues":[]}