{"uid":"e137bba520e2c9d7","name":"TC 01.03.27 visible and interactive the link \"Gear\"","fullName":"tests.test_header.TestHeader#test_tc_01_03_27_visible_and_interactive_the_link_gear","historyId":"7b86ca6ce5d0128330b07e1cc8c46e4f","time":{"start":1762047249737,"stop":1762047255199,"duration":5462},"description":"Verify the link 'Gear' is visible and interactive","descriptionHtml":"<p>Verify the link 'Gear' is visible and interactive</p>\n","status":"broken","statusMessage":"selenium.common.exceptions.TimeoutException: Message: \nStacktrace:\n#0 0x556be5e66aea <unknown>\n#1 0x556be58b2cdb <unknown>\n#2 0x556be59056c4 <unknown>\n#3 0x556be5905901 <unknown>\n#4 0x556be59548b4 <unknown>\n#5 0x556be5951c87 <unknown>\n#6 0x556be58f7aca <unknown>\n#7 0x556be58f87d1 <unknown>\n#8 0x556be5e2dab9 <unknown>\n#9 0x556be5e30a8c <unknown>\n#10 0x556be5e16d49 <unknown>\n#11 0x556be5e31685 <unknown>\n#12 0x556be5dfe6c3 <unknown>\n#13 0x556be5e537d8 <unknown>\n#14 0x556be5e539b3 <unknown>\n#15 0x556be5e65a83 <unknown>\n#16 0x7f8d7a29caa4 <unknown>\n#17 0x7f8d7a329c6c <unknown>","statusTrace":"self = <test_header.TestHeader object at 0x7f50602c68d0>\ndriver = <selenium.webdriver.chrome.webdriver.WebDriver (session=\"778b07628ebba95eec505d5906012696\")>\n\n    @allure.title('TC 01.03.27 visible and interactive the link \"Gear\"')\n    def test_tc_01_03_27_visible_and_interactive_the_link_gear(self, driver):\n        \"\"\"Verify the link 'Gear' is visible and interactive\"\"\"\n        page = HeaderPage(driver, MAIN_PAGE_URL)\n        page.open()\n>       link = page.link_gear_is_visible_and_interactive()\n\ntests/test_header.py:191: \n_ _ _ _ _ _ _ _ _ _ _ _ _ _ _ _ _ _ _ _ _ _ _ _ _ _ _ _ _ _ _ _ _ _ _ _ _ _ _ _ \npages/header_page.py:142: in link_gear_is_visible_and_interactive\n    element = self.element_is_visible(self.header_locators.GEAR)\npages/base_page.py:30: in element_is_visible\n    self.go_to_element(self.element_is_present(locator))\npages/base_page.py:51: in element_is_present\n    return wait(self.driver, timeout).until(EC.presence_of_element_located(locator))\n_ _ _ _ _ _ _ _ _ _ _ _ _ _ _ _ _ _ _ _ _ _ _ _ _ _ _ _ _ _ _ _ _ _ _ _ _ _ _ _ \n\nself = <selenium.webdriver.support.wait.WebDriverWait (session=\"778b07628ebba95eec505d5906012696\")>\nmethod = <function presence_of_element_located.<locals>._predicate at 0x7f506200f2e0>\nmessage = ''\n\n    def until(self, method, message: str = \"\"):\n        \"\"\"Calls the method provided with the driver as an argument until the \\\n        return value does not evaluate to ``False``.\n    \n        :param method: callable(WebDriver)\n        :param message: optional message for :exc:`TimeoutException`\n        :returns: the result of the last call to `method`\n        :raises: :exc:`selenium.common.exceptions.TimeoutException` if timeout occurs\n        \"\"\"\n        screen = None\n        stacktrace = None\n    \n        end_time = time.monotonic() + self._timeout\n        while True:\n            try:\n                value = method(self._driver)\n                if value:\n                    return value\n            except self._ignored_exceptions as exc:\n                screen = getattr(exc, \"screen\", None)\n                stacktrace = getattr(exc, \"stacktrace\", None)\n            time.sleep(self._poll)\n            if time.monotonic() > end_time:\n                break\n>       raise TimeoutException(message, screen, stacktrace)\nE       selenium.common.exceptions.TimeoutException: Message: \nE       Stacktrace:\nE       #0 0x556be5e66aea <unknown>\nE       #1 0x556be58b2cdb <unknown>\nE       #2 0x556be59056c4 <unknown>\nE       #3 0x556be5905901 <unknown>\nE       #4 0x556be59548b4 <unknown>\nE       #5 0x556be5951c87 <unknown>\nE       #6 0x556be58f7aca <unknown>\nE       #7 0x556be58f87d1 <unknown>\nE       #8 0x556be5e2dab9 <unknown>\nE       #9 0x556be5e30a8c <unknown>\nE       #10 0x556be5e16d49 <unknown>\nE       #11 0x556be5e31685 <unknown>\nE       #12 0x556be5dfe6c3 <unknown>\nE       #13 0x556be5e537d8 <unknown>\nE       #14 0x556be5e539b3 <unknown>\nE       #15 0x556be5e65a83 <unknown>\nE       #16 0x7f8d7a29caa4 <unknown>\nE       #17 0x7f8d7a329c6c <unknown>\n\n/opt/hostedtoolcache/Python/3.11.14/x64/lib/python3.11/site-packages/selenium/webdriver/support/wait.py:95: TimeoutException","flaky":false,"newFailed":false,"newBroken":false,"newPassed":false,"retriesCount":0,"retriesStatusChange":false,"beforeStages":[{"name":"_session_faker","time":{"start":1762046534530,"stop":1762046534592,"duration":62},"status":"passed","steps":[],"attachments":[],"parameters":[],"stepsCount":0,"shouldDisplayMessage":false,"attachmentsCount":0,"hasContent":false,"attachmentStep":false},{"name":"clear_allure_result_folder","time":{"start":1762046534592,"stop":1762046534592,"duration":0},"status":"passed","steps":[],"attachments":[],"parameters":[],"stepsCount":0,"shouldDisplayMessage":false,"attachmentsCount":0,"hasContent":false,"attachmentStep":false},{"name":"driver","time":{"start":1762047248496,"stop":1762047249737,"duration":1241},"status":"passed","steps":[],"attachments":[],"parameters":[],"stepsCount":0,"shouldDisplayMessage":false,"attachmentsCount":0,"hasContent":false,"attachmentStep":false}],"testStage":{"description":"Verify the link 'Gear' is visible and interactive","status":"broken","statusMessage":"selenium.common.exceptions.TimeoutException: Message: \nStacktrace:\n#0 0x556be5e66aea <unknown>\n#1 0x556be58b2cdb <unknown>\n#2 0x556be59056c4 <unknown>\n#3 0x556be5905901 <unknown>\n#4 0x556be59548b4 <unknown>\n#5 0x556be5951c87 <unknown>\n#6 0x556be58f7aca <unknown>\n#7 0x556be58f87d1 <unknown>\n#8 0x556be5e2dab9 <unknown>\n#9 0x556be5e30a8c <unknown>\n#10 0x556be5e16d49 <unknown>\n#11 0x556be5e31685 <unknown>\n#12 0x556be5dfe6c3 <unknown>\n#13 0x556be5e537d8 <unknown>\n#14 0x556be5e539b3 <unknown>\n#15 0x556be5e65a83 <unknown>\n#16 0x7f8d7a29caa4 <unknown>\n#17 0x7f8d7a329c6c <unknown>","statusTrace":"self = <test_header.TestHeader object at 0x7f50602c68d0>\ndriver = <selenium.webdriver.chrome.webdriver.WebDriver (session=\"778b07628ebba95eec505d5906012696\")>\n\n    @allure.title('TC 01.03.27 visible and interactive the link \"Gear\"')\n    def test_tc_01_03_27_visible_and_interactive_the_link_gear(self, driver):\n        \"\"\"Verify the link 'Gear' is visible and interactive\"\"\"\n        page = HeaderPage(driver, MAIN_PAGE_URL)\n        page.open()\n>       link = page.link_gear_is_visible_and_interactive()\n\ntests/test_header.py:191: \n_ _ _ _ _ _ _ _ _ _ _ _ _ _ _ _ _ _ _ _ _ _ _ _ _ _ _ _ _ _ _ _ _ _ _ _ _ _ _ _ \npages/header_page.py:142: in link_gear_is_visible_and_interactive\n    element = self.element_is_visible(self.header_locators.GEAR)\npages/base_page.py:30: in element_is_visible\n    self.go_to_element(self.element_is_present(locator))\npages/base_page.py:51: in element_is_present\n    return wait(self.driver, timeout).until(EC.presence_of_element_located(locator))\n_ _ _ _ _ _ _ _ _ _ _ _ _ _ _ _ _ _ _ _ _ _ _ _ _ _ _ _ _ _ _ _ _ _ _ _ _ _ _ _ \n\nself = <selenium.webdriver.support.wait.WebDriverWait (session=\"778b07628ebba95eec505d5906012696\")>\nmethod = <function presence_of_element_located.<locals>._predicate at 0x7f506200f2e0>\nmessage = ''\n\n    def until(self, method, message: str = \"\"):\n        \"\"\"Calls the method provided with the driver as an argument until the \\\n        return value does not evaluate to ``False``.\n    \n        :param method: callable(WebDriver)\n        :param message: optional message for :exc:`TimeoutException`\n        :returns: the result of the last call to `method`\n        :raises: :exc:`selenium.common.exceptions.TimeoutException` if timeout occurs\n        \"\"\"\n        screen = None\n        stacktrace = None\n    \n        end_time = time.monotonic() + self._timeout\n        while True:\n            try:\n                value = method(self._driver)\n                if value:\n                    return value\n            except self._ignored_exceptions as exc:\n                screen = getattr(exc, \"screen\", None)\n                stacktrace = getattr(exc, \"stacktrace\", None)\n            time.sleep(self._poll)\n            if time.monotonic() > end_time:\n                break\n>       raise TimeoutException(message, screen, stacktrace)\nE       selenium.common.exceptions.TimeoutException: Message: \nE       Stacktrace:\nE       #0 0x556be5e66aea <unknown>\nE       #1 0x556be58b2cdb <unknown>\nE       #2 0x556be59056c4 <unknown>\nE       #3 0x556be5905901 <unknown>\nE       #4 0x556be59548b4 <unknown>\nE       #5 0x556be5951c87 <unknown>\nE       #6 0x556be58f7aca <unknown>\nE       #7 0x556be58f87d1 <unknown>\nE       #8 0x556be5e2dab9 <unknown>\nE       #9 0x556be5e30a8c <unknown>\nE       #10 0x556be5e16d49 <unknown>\nE       #11 0x556be5e31685 <unknown>\nE       #12 0x556be5dfe6c3 <unknown>\nE       #13 0x556be5e537d8 <unknown>\nE       #14 0x556be5e539b3 <unknown>\nE       #15 0x556be5e65a83 <unknown>\nE       #16 0x7f8d7a29caa4 <unknown>\nE       #17 0x7f8d7a329c6c <unknown>\n\n/opt/hostedtoolcache/Python/3.11.14/x64/lib/python3.11/site-packages/selenium/webdriver/support/wait.py:95: TimeoutException","steps":[{"name":"Open a browser","time":{"start":1762047249737,"stop":1762047250093,"duration":356},"status":"passed","steps":[],"attachments":[],"parameters":[],"stepsCount":0,"shouldDisplayMessage":false,"attachmentsCount":0,"hasContent":false,"attachmentStep":false},{"name":"Link \"Gear\" is visible and interactive","time":{"start":1762047250093,"stop":1762047255198,"duration":5105},"status":"broken","statusMessage":"selenium.common.exceptions.TimeoutException: Message: \nStacktrace:\n#0 0x556be5e66aea <unknown>\n#1 0x556be58b2cdb <unknown>\n#2 0x556be59056c4 <unknown>\n#3 0x556be5905901 <unknown>\n#4 0x556be59548b4 <unknown>\n#5 0x556be5951c87 <unknown>\n#6 0x556be58f7aca <unknown>\n#7 0x556be58f87d1 <unknown>\n#8 0x556be5e2dab9 <unknown>\n#9 0x556be5e30a8c <unknown>\n#10 0x556be5e16d49 <unknown>\n#11 0x556be5e31685 <unknown>\n#12 0x556be5dfe6c3 <unknown>\n#13 0x556be5e537d8 <unknown>\n#14 0x556be5e539b3 <unknown>\n#15 0x556be5e65a83 <unknown>\n#16 0x7f8d7a29caa4 <unknown>\n#17 0x7f8d7a329c6c <unknown>\n\n","statusTrace":"  File \"/opt/hostedtoolcache/Python/3.11.14/x64/lib/python3.11/site-packages/allure_commons/_allure.py\", line 192, in impl\n    return func(*a, **kw)\n           ^^^^^^^^^^^^^^\n  File \"/home/runner/work/luma_project/luma_project/pages/header_page.py\", line 142, in link_gear_is_visible_and_interactive\n    element = self.element_is_visible(self.header_locators.GEAR)\n              ^^^^^^^^^^^^^^^^^^^^^^^^^^^^^^^^^^^^^^^^^^^^^^^^^^\n  File \"/opt/hostedtoolcache/Python/3.11.14/x64/lib/python3.11/site-packages/allure_commons/_allure.py\", line 192, in impl\n    return func(*a, **kw)\n           ^^^^^^^^^^^^^^\n  File \"/home/runner/work/luma_project/luma_project/pages/base_page.py\", line 30, in element_is_visible\n    self.go_to_element(self.element_is_present(locator))\n                       ^^^^^^^^^^^^^^^^^^^^^^^^^^^^^^^^\n  File \"/opt/hostedtoolcache/Python/3.11.14/x64/lib/python3.11/site-packages/allure_commons/_allure.py\", line 192, in impl\n    return func(*a, **kw)\n           ^^^^^^^^^^^^^^\n  File \"/home/runner/work/luma_project/luma_project/pages/base_page.py\", line 51, in element_is_present\n    return wait(self.driver, timeout).until(EC.presence_of_element_located(locator))\n           ^^^^^^^^^^^^^^^^^^^^^^^^^^^^^^^^^^^^^^^^^^^^^^^^^^^^^^^^^^^^^^^^^^^^^^^^^\n  File \"/opt/hostedtoolcache/Python/3.11.14/x64/lib/python3.11/site-packages/selenium/webdriver/support/wait.py\", line 95, in until\n    raise TimeoutException(message, screen, stacktrace)\n","steps":[{"name":"Find a visible element","time":{"start":1762047250093,"stop":1762047255198,"duration":5105},"status":"broken","statusMessage":"selenium.common.exceptions.TimeoutException: Message: \nStacktrace:\n#0 0x556be5e66aea <unknown>\n#1 0x556be58b2cdb <unknown>\n#2 0x556be59056c4 <unknown>\n#3 0x556be5905901 <unknown>\n#4 0x556be59548b4 <unknown>\n#5 0x556be5951c87 <unknown>\n#6 0x556be58f7aca <unknown>\n#7 0x556be58f87d1 <unknown>\n#8 0x556be5e2dab9 <unknown>\n#9 0x556be5e30a8c <unknown>\n#10 0x556be5e16d49 <unknown>\n#11 0x556be5e31685 <unknown>\n#12 0x556be5dfe6c3 <unknown>\n#13 0x556be5e537d8 <unknown>\n#14 0x556be5e539b3 <unknown>\n#15 0x556be5e65a83 <unknown>\n#16 0x7f8d7a29caa4 <unknown>\n#17 0x7f8d7a329c6c <unknown>\n\n","statusTrace":"  File \"/opt/hostedtoolcache/Python/3.11.14/x64/lib/python3.11/site-packages/allure_commons/_allure.py\", line 192, in impl\n    return func(*a, **kw)\n           ^^^^^^^^^^^^^^\n  File \"/home/runner/work/luma_project/luma_project/pages/base_page.py\", line 30, in element_is_visible\n    self.go_to_element(self.element_is_present(locator))\n                       ^^^^^^^^^^^^^^^^^^^^^^^^^^^^^^^^\n  File \"/opt/hostedtoolcache/Python/3.11.14/x64/lib/python3.11/site-packages/allure_commons/_allure.py\", line 192, in impl\n    return func(*a, **kw)\n           ^^^^^^^^^^^^^^\n  File \"/home/runner/work/luma_project/luma_project/pages/base_page.py\", line 51, in element_is_present\n    return wait(self.driver, timeout).until(EC.presence_of_element_located(locator))\n           ^^^^^^^^^^^^^^^^^^^^^^^^^^^^^^^^^^^^^^^^^^^^^^^^^^^^^^^^^^^^^^^^^^^^^^^^^\n  File \"/opt/hostedtoolcache/Python/3.11.14/x64/lib/python3.11/site-packages/selenium/webdriver/support/wait.py\", line 95, in until\n    raise TimeoutException(message, screen, stacktrace)\n","steps":[{"name":"Find a present element","time":{"start":1762047250094,"stop":1762047255198,"duration":5104},"status":"broken","statusMessage":"selenium.common.exceptions.TimeoutException: Message: \nStacktrace:\n#0 0x556be5e66aea <unknown>\n#1 0x556be58b2cdb <unknown>\n#2 0x556be59056c4 <unknown>\n#3 0x556be5905901 <unknown>\n#4 0x556be59548b4 <unknown>\n#5 0x556be5951c87 <unknown>\n#6 0x556be58f7aca <unknown>\n#7 0x556be58f87d1 <unknown>\n#8 0x556be5e2dab9 <unknown>\n#9 0x556be5e30a8c <unknown>\n#10 0x556be5e16d49 <unknown>\n#11 0x556be5e31685 <unknown>\n#12 0x556be5dfe6c3 <unknown>\n#13 0x556be5e537d8 <unknown>\n#14 0x556be5e539b3 <unknown>\n#15 0x556be5e65a83 <unknown>\n#16 0x7f8d7a29caa4 <unknown>\n#17 0x7f8d7a329c6c <unknown>\n\n","statusTrace":"  File \"/opt/hostedtoolcache/Python/3.11.14/x64/lib/python3.11/site-packages/allure_commons/_allure.py\", line 192, in impl\n    return func(*a, **kw)\n           ^^^^^^^^^^^^^^\n  File \"/home/runner/work/luma_project/luma_project/pages/base_page.py\", line 51, in element_is_present\n    return wait(self.driver, timeout).until(EC.presence_of_element_located(locator))\n           ^^^^^^^^^^^^^^^^^^^^^^^^^^^^^^^^^^^^^^^^^^^^^^^^^^^^^^^^^^^^^^^^^^^^^^^^^\n  File \"/opt/hostedtoolcache/Python/3.11.14/x64/lib/python3.11/site-packages/selenium/webdriver/support/wait.py\", line 95, in until\n    raise TimeoutException(message, screen, stacktrace)\n","steps":[],"attachments":[],"parameters":[{"name":"locator","value":"('id', 'ui-id-6')"},{"name":"timeout","value":"5"}],"stepsCount":0,"shouldDisplayMessage":true,"attachmentsCount":0,"hasContent":true,"attachmentStep":false}],"attachments":[],"parameters":[{"name":"locator","value":"('id', 'ui-id-6')"},{"name":"timeout","value":"10"}],"stepsCount":1,"shouldDisplayMessage":false,"attachmentsCount":0,"hasContent":true,"attachmentStep":false}],"attachments":[],"parameters":[],"stepsCount":2,"shouldDisplayMessage":false,"attachmentsCount":0,"hasContent":true,"attachmentStep":false}],"attachments":[{"uid":"a6abc0e87181906c","name":"Screenshot","source":"a6abc0e87181906c.png","type":"image/png","size":23875},{"uid":"b101c1f20f1a26a7","name":"HTML source","source":"b101c1f20f1a26a7.html","type":"text/html","size":1433}],"parameters":[],"stepsCount":4,"shouldDisplayMessage":true,"attachmentsCount":2,"hasContent":true,"attachmentStep":false},"afterStages":[{"name":"driver::0","time":{"start":1762047255268,"stop":1762047255328,"duration":60},"status":"passed","steps":[],"attachments":[],"parameters":[],"stepsCount":0,"shouldDisplayMessage":false,"attachmentsCount":0,"hasContent":false,"attachmentStep":false},{"name":"clear_allure_result_folder::0","time":{"start":1762048967233,"stop":1762048967233,"duration":0},"status":"passed","steps":[],"attachments":[],"parameters":[],"stepsCount":0,"shouldDisplayMessage":false,"attachmentsCount":0,"hasContent":false,"attachmentStep":false}],"labels":[{"name":"epic","value":"Test Header"},{"name":"parentSuite","value":"tests"},{"name":"suite","value":"test_header"},{"name":"subSuite","value":"TestHeader"},{"name":"host","value":"runnervmf2e7y"},{"name":"thread","value":"3614-MainThread"},{"name":"framework","value":"pytest"},{"name":"language","value":"cpython3"},{"name":"package","value":"tests.test_header"},{"name":"resultFormat","value":"allure2"}],"parameters":[],"links":[],"hidden":false,"retry":false,"extra":{"severity":"normal","retries":[],"categories":[{"name":"Test defects","matchedStatuses":[],"flaky":false}],"tags":[]},"source":"e137bba520e2c9d7.json","parameterValues":[]}