{"uid":"3bb479bbcd491af4","name":"TC 10.01.01 - Verify 'WOMEN'S DEALS' title is correct","fullName":"tests.test_sale.TestSideMenuBarWomen#test_tc_10_01_01","historyId":"364988a32487f54869ff7281f63ea0c1","time":{"start":1757814211365,"stop":1757814216465,"duration":5100},"description":"Check title of Women's Deals section","descriptionHtml":"<p>Check title of Women's Deals section</p>\n","status":"broken","statusMessage":"selenium.common.exceptions.TimeoutException: Message: \nStacktrace:\n#0 0x56484542594a <unknown>\n#1 0x564844e9a8a0 <unknown>\n#2 0x564844eec540 <unknown>\n#3 0x564844eec731 <unknown>\n#4 0x564844f3a824 <unknown>\n#5 0x564844f1205d <unknown>\n#6 0x564844f37c23 <unknown>\n#7 0x564844f11e03 <unknown>\n#8 0x564844ede968 <unknown>\n#9 0x564844edf5e1 <unknown>\n#10 0x5648453e9548 <unknown>\n#11 0x5648453ed272 <unknown>\n#12 0x5648453d0313 <unknown>\n#13 0x5648453eddc5 <unknown>\n#14 0x5648453b549f <unknown>\n#15 0x564845412158 <unknown>\n#16 0x564845412332 <unknown>\n#17 0x564845424a53 <unknown>\n#18 0x7fce1089caa4 <unknown>\n#19 0x7fce10929c3c <unknown>","statusTrace":"self = <test_sale.TestSalePage.TestSideMenuBarWomen object at 0x7f635e9e1790>\nsale_page = <pages.sale_page.SalePage object at 0x7f635ebbf3d0>\n\n    @allure.title(\"TC 10.01.01 - Verify 'WOMEN'S DEALS' title is correct\")\n    def test_tc_10_01_01(self, sale_page):\n        \"\"\"Check title of Women's Deals section\"\"\"\n>       title = sale_page.check_text_in_women_deals_title()\n\ntests/test_sale.py:28: \n_ _ _ _ _ _ _ _ _ _ _ _ _ _ _ _ _ _ _ _ _ _ _ _ _ _ _ _ _ _ _ _ _ _ _ _ _ _ _ _ \npages/sale_page.py:13: in check_text_in_women_deals_title\n    women_deals_title = self.element_is_visible(self.side_bar_locators.WOMEN_DEALS_TITLE)\npages/base_page.py:30: in element_is_visible\n    self.go_to_element(self.element_is_present(locator))\npages/base_page.py:51: in element_is_present\n    return wait(self.driver, timeout).until(EC.presence_of_element_located(locator))\n_ _ _ _ _ _ _ _ _ _ _ _ _ _ _ _ _ _ _ _ _ _ _ _ _ _ _ _ _ _ _ _ _ _ _ _ _ _ _ _ \n\nself = <selenium.webdriver.support.wait.WebDriverWait (session=\"3df9bb4a2cde2a35f1c86e2ff839181e\")>\nmethod = <function presence_of_element_located.<locals>._predicate at 0x7f635e780d60>\nmessage = ''\n\n    def until(self, method, message: str = \"\"):\n        \"\"\"Calls the method provided with the driver as an argument until the \\\n        return value does not evaluate to ``False``.\n    \n        :param method: callable(WebDriver)\n        :param message: optional message for :exc:`TimeoutException`\n        :returns: the result of the last call to `method`\n        :raises: :exc:`selenium.common.exceptions.TimeoutException` if timeout occurs\n        \"\"\"\n        screen = None\n        stacktrace = None\n    \n        end_time = time.monotonic() + self._timeout\n        while True:\n            try:\n                value = method(self._driver)\n                if value:\n                    return value\n            except self._ignored_exceptions as exc:\n                screen = getattr(exc, \"screen\", None)\n                stacktrace = getattr(exc, \"stacktrace\", None)\n            time.sleep(self._poll)\n            if time.monotonic() > end_time:\n                break\n>       raise TimeoutException(message, screen, stacktrace)\nE       selenium.common.exceptions.TimeoutException: Message: \nE       Stacktrace:\nE       #0 0x56484542594a <unknown>\nE       #1 0x564844e9a8a0 <unknown>\nE       #2 0x564844eec540 <unknown>\nE       #3 0x564844eec731 <unknown>\nE       #4 0x564844f3a824 <unknown>\nE       #5 0x564844f1205d <unknown>\nE       #6 0x564844f37c23 <unknown>\nE       #7 0x564844f11e03 <unknown>\nE       #8 0x564844ede968 <unknown>\nE       #9 0x564844edf5e1 <unknown>\nE       #10 0x5648453e9548 <unknown>\nE       #11 0x5648453ed272 <unknown>\nE       #12 0x5648453d0313 <unknown>\nE       #13 0x5648453eddc5 <unknown>\nE       #14 0x5648453b549f <unknown>\nE       #15 0x564845412158 <unknown>\nE       #16 0x564845412332 <unknown>\nE       #17 0x564845424a53 <unknown>\nE       #18 0x7fce1089caa4 <unknown>\nE       #19 0x7fce10929c3c <unknown>\n\n/opt/hostedtoolcache/Python/3.11.13/x64/lib/python3.11/site-packages/selenium/webdriver/support/wait.py:95: TimeoutException","flaky":false,"newFailed":false,"newBroken":false,"newPassed":false,"retriesCount":0,"retriesStatusChange":false,"beforeStages":[{"name":"_session_faker","time":{"start":1757812646155,"stop":1757812646215,"duration":60},"status":"passed","steps":[],"attachments":[],"parameters":[],"stepsCount":0,"shouldDisplayMessage":false,"attachmentsCount":0,"hasContent":false,"attachmentStep":false},{"name":"clear_allure_result_folder","time":{"start":1757812646215,"stop":1757812646215,"duration":0},"status":"passed","steps":[],"attachments":[],"parameters":[],"stepsCount":0,"shouldDisplayMessage":false,"attachmentsCount":0,"hasContent":false,"attachmentStep":false},{"name":"driver","time":{"start":1757814209963,"stop":1757814211196,"duration":1233},"status":"passed","steps":[],"attachments":[],"parameters":[],"stepsCount":0,"shouldDisplayMessage":false,"attachmentsCount":0,"hasContent":false,"attachmentStep":false},{"name":"sale_page","time":{"start":1757814211196,"stop":1757814211365,"duration":169},"status":"passed","steps":[{"name":"Open a browser","time":{"start":1757814211196,"stop":1757814211365,"duration":169},"status":"passed","steps":[],"attachments":[],"parameters":[],"stepsCount":0,"shouldDisplayMessage":false,"attachmentsCount":0,"hasContent":false,"attachmentStep":false}],"attachments":[],"parameters":[],"stepsCount":1,"shouldDisplayMessage":false,"attachmentsCount":0,"hasContent":true,"attachmentStep":false}],"testStage":{"description":"Check title of Women's Deals section","status":"broken","statusMessage":"selenium.common.exceptions.TimeoutException: Message: \nStacktrace:\n#0 0x56484542594a <unknown>\n#1 0x564844e9a8a0 <unknown>\n#2 0x564844eec540 <unknown>\n#3 0x564844eec731 <unknown>\n#4 0x564844f3a824 <unknown>\n#5 0x564844f1205d <unknown>\n#6 0x564844f37c23 <unknown>\n#7 0x564844f11e03 <unknown>\n#8 0x564844ede968 <unknown>\n#9 0x564844edf5e1 <unknown>\n#10 0x5648453e9548 <unknown>\n#11 0x5648453ed272 <unknown>\n#12 0x5648453d0313 <unknown>\n#13 0x5648453eddc5 <unknown>\n#14 0x5648453b549f <unknown>\n#15 0x564845412158 <unknown>\n#16 0x564845412332 <unknown>\n#17 0x564845424a53 <unknown>\n#18 0x7fce1089caa4 <unknown>\n#19 0x7fce10929c3c <unknown>","statusTrace":"self = <test_sale.TestSalePage.TestSideMenuBarWomen object at 0x7f635e9e1790>\nsale_page = <pages.sale_page.SalePage object at 0x7f635ebbf3d0>\n\n    @allure.title(\"TC 10.01.01 - Verify 'WOMEN'S DEALS' title is correct\")\n    def test_tc_10_01_01(self, sale_page):\n        \"\"\"Check title of Women's Deals section\"\"\"\n>       title = sale_page.check_text_in_women_deals_title()\n\ntests/test_sale.py:28: \n_ _ _ _ _ _ _ _ _ _ _ _ _ _ _ _ _ _ _ _ _ _ _ _ _ _ _ _ _ _ _ _ _ _ _ _ _ _ _ _ \npages/sale_page.py:13: in check_text_in_women_deals_title\n    women_deals_title = self.element_is_visible(self.side_bar_locators.WOMEN_DEALS_TITLE)\npages/base_page.py:30: in element_is_visible\n    self.go_to_element(self.element_is_present(locator))\npages/base_page.py:51: in element_is_present\n    return wait(self.driver, timeout).until(EC.presence_of_element_located(locator))\n_ _ _ _ _ _ _ _ _ _ _ _ _ _ _ _ _ _ _ _ _ _ _ _ _ _ _ _ _ _ _ _ _ _ _ _ _ _ _ _ \n\nself = <selenium.webdriver.support.wait.WebDriverWait (session=\"3df9bb4a2cde2a35f1c86e2ff839181e\")>\nmethod = <function presence_of_element_located.<locals>._predicate at 0x7f635e780d60>\nmessage = ''\n\n    def until(self, method, message: str = \"\"):\n        \"\"\"Calls the method provided with the driver as an argument until the \\\n        return value does not evaluate to ``False``.\n    \n        :param method: callable(WebDriver)\n        :param message: optional message for :exc:`TimeoutException`\n        :returns: the result of the last call to `method`\n        :raises: :exc:`selenium.common.exceptions.TimeoutException` if timeout occurs\n        \"\"\"\n        screen = None\n        stacktrace = None\n    \n        end_time = time.monotonic() + self._timeout\n        while True:\n            try:\n                value = method(self._driver)\n                if value:\n                    return value\n            except self._ignored_exceptions as exc:\n                screen = getattr(exc, \"screen\", None)\n                stacktrace = getattr(exc, \"stacktrace\", None)\n            time.sleep(self._poll)\n            if time.monotonic() > end_time:\n                break\n>       raise TimeoutException(message, screen, stacktrace)\nE       selenium.common.exceptions.TimeoutException: Message: \nE       Stacktrace:\nE       #0 0x56484542594a <unknown>\nE       #1 0x564844e9a8a0 <unknown>\nE       #2 0x564844eec540 <unknown>\nE       #3 0x564844eec731 <unknown>\nE       #4 0x564844f3a824 <unknown>\nE       #5 0x564844f1205d <unknown>\nE       #6 0x564844f37c23 <unknown>\nE       #7 0x564844f11e03 <unknown>\nE       #8 0x564844ede968 <unknown>\nE       #9 0x564844edf5e1 <unknown>\nE       #10 0x5648453e9548 <unknown>\nE       #11 0x5648453ed272 <unknown>\nE       #12 0x5648453d0313 <unknown>\nE       #13 0x5648453eddc5 <unknown>\nE       #14 0x5648453b549f <unknown>\nE       #15 0x564845412158 <unknown>\nE       #16 0x564845412332 <unknown>\nE       #17 0x564845424a53 <unknown>\nE       #18 0x7fce1089caa4 <unknown>\nE       #19 0x7fce10929c3c <unknown>\n\n/opt/hostedtoolcache/Python/3.11.13/x64/lib/python3.11/site-packages/selenium/webdriver/support/wait.py:95: TimeoutException","steps":[{"name":"Check text in Women's deals title","time":{"start":1757814211365,"stop":1757814216464,"duration":5099},"status":"broken","statusMessage":"selenium.common.exceptions.TimeoutException: Message: \nStacktrace:\n#0 0x56484542594a <unknown>\n#1 0x564844e9a8a0 <unknown>\n#2 0x564844eec540 <unknown>\n#3 0x564844eec731 <unknown>\n#4 0x564844f3a824 <unknown>\n#5 0x564844f1205d <unknown>\n#6 0x564844f37c23 <unknown>\n#7 0x564844f11e03 <unknown>\n#8 0x564844ede968 <unknown>\n#9 0x564844edf5e1 <unknown>\n#10 0x5648453e9548 <unknown>\n#11 0x5648453ed272 <unknown>\n#12 0x5648453d0313 <unknown>\n#13 0x5648453eddc5 <unknown>\n#14 0x5648453b549f <unknown>\n#15 0x564845412158 <unknown>\n#16 0x564845412332 <unknown>\n#17 0x564845424a53 <unknown>\n#18 0x7fce1089caa4 <unknown>\n#19 0x7fce10929c3c <unknown>\n\n","statusTrace":"  File \"/opt/hostedtoolcache/Python/3.11.13/x64/lib/python3.11/site-packages/allure_commons/_allure.py\", line 192, in impl\n    return func(*a, **kw)\n           ^^^^^^^^^^^^^^\n  File \"/home/runner/work/luma_project/luma_project/pages/sale_page.py\", line 13, in check_text_in_women_deals_title\n    women_deals_title = self.element_is_visible(self.side_bar_locators.WOMEN_DEALS_TITLE)\n                        ^^^^^^^^^^^^^^^^^^^^^^^^^^^^^^^^^^^^^^^^^^^^^^^^^^^^^^^^^^^^^^^^^\n  File \"/opt/hostedtoolcache/Python/3.11.13/x64/lib/python3.11/site-packages/allure_commons/_allure.py\", line 192, in impl\n    return func(*a, **kw)\n           ^^^^^^^^^^^^^^\n  File \"/home/runner/work/luma_project/luma_project/pages/base_page.py\", line 30, in element_is_visible\n    self.go_to_element(self.element_is_present(locator))\n                       ^^^^^^^^^^^^^^^^^^^^^^^^^^^^^^^^\n  File \"/opt/hostedtoolcache/Python/3.11.13/x64/lib/python3.11/site-packages/allure_commons/_allure.py\", line 192, in impl\n    return func(*a, **kw)\n           ^^^^^^^^^^^^^^\n  File \"/home/runner/work/luma_project/luma_project/pages/base_page.py\", line 51, in element_is_present\n    return wait(self.driver, timeout).until(EC.presence_of_element_located(locator))\n           ^^^^^^^^^^^^^^^^^^^^^^^^^^^^^^^^^^^^^^^^^^^^^^^^^^^^^^^^^^^^^^^^^^^^^^^^^\n  File \"/opt/hostedtoolcache/Python/3.11.13/x64/lib/python3.11/site-packages/selenium/webdriver/support/wait.py\", line 95, in until\n    raise TimeoutException(message, screen, stacktrace)\n","steps":[{"name":"Find a visible element","time":{"start":1757814211365,"stop":1757814216464,"duration":5099},"status":"broken","statusMessage":"selenium.common.exceptions.TimeoutException: Message: \nStacktrace:\n#0 0x56484542594a <unknown>\n#1 0x564844e9a8a0 <unknown>\n#2 0x564844eec540 <unknown>\n#3 0x564844eec731 <unknown>\n#4 0x564844f3a824 <unknown>\n#5 0x564844f1205d <unknown>\n#6 0x564844f37c23 <unknown>\n#7 0x564844f11e03 <unknown>\n#8 0x564844ede968 <unknown>\n#9 0x564844edf5e1 <unknown>\n#10 0x5648453e9548 <unknown>\n#11 0x5648453ed272 <unknown>\n#12 0x5648453d0313 <unknown>\n#13 0x5648453eddc5 <unknown>\n#14 0x5648453b549f <unknown>\n#15 0x564845412158 <unknown>\n#16 0x564845412332 <unknown>\n#17 0x564845424a53 <unknown>\n#18 0x7fce1089caa4 <unknown>\n#19 0x7fce10929c3c <unknown>\n\n","statusTrace":"  File \"/opt/hostedtoolcache/Python/3.11.13/x64/lib/python3.11/site-packages/allure_commons/_allure.py\", line 192, in impl\n    return func(*a, **kw)\n           ^^^^^^^^^^^^^^\n  File \"/home/runner/work/luma_project/luma_project/pages/base_page.py\", line 30, in element_is_visible\n    self.go_to_element(self.element_is_present(locator))\n                       ^^^^^^^^^^^^^^^^^^^^^^^^^^^^^^^^\n  File \"/opt/hostedtoolcache/Python/3.11.13/x64/lib/python3.11/site-packages/allure_commons/_allure.py\", line 192, in impl\n    return func(*a, **kw)\n           ^^^^^^^^^^^^^^\n  File \"/home/runner/work/luma_project/luma_project/pages/base_page.py\", line 51, in element_is_present\n    return wait(self.driver, timeout).until(EC.presence_of_element_located(locator))\n           ^^^^^^^^^^^^^^^^^^^^^^^^^^^^^^^^^^^^^^^^^^^^^^^^^^^^^^^^^^^^^^^^^^^^^^^^^\n  File \"/opt/hostedtoolcache/Python/3.11.13/x64/lib/python3.11/site-packages/selenium/webdriver/support/wait.py\", line 95, in until\n    raise TimeoutException(message, screen, stacktrace)\n","steps":[{"name":"Find a present element","time":{"start":1757814211366,"stop":1757814216464,"duration":5098},"status":"broken","statusMessage":"selenium.common.exceptions.TimeoutException: Message: \nStacktrace:\n#0 0x56484542594a <unknown>\n#1 0x564844e9a8a0 <unknown>\n#2 0x564844eec540 <unknown>\n#3 0x564844eec731 <unknown>\n#4 0x564844f3a824 <unknown>\n#5 0x564844f1205d <unknown>\n#6 0x564844f37c23 <unknown>\n#7 0x564844f11e03 <unknown>\n#8 0x564844ede968 <unknown>\n#9 0x564844edf5e1 <unknown>\n#10 0x5648453e9548 <unknown>\n#11 0x5648453ed272 <unknown>\n#12 0x5648453d0313 <unknown>\n#13 0x5648453eddc5 <unknown>\n#14 0x5648453b549f <unknown>\n#15 0x564845412158 <unknown>\n#16 0x564845412332 <unknown>\n#17 0x564845424a53 <unknown>\n#18 0x7fce1089caa4 <unknown>\n#19 0x7fce10929c3c <unknown>\n\n","statusTrace":"  File \"/opt/hostedtoolcache/Python/3.11.13/x64/lib/python3.11/site-packages/allure_commons/_allure.py\", line 192, in impl\n    return func(*a, **kw)\n           ^^^^^^^^^^^^^^\n  File \"/home/runner/work/luma_project/luma_project/pages/base_page.py\", line 51, in element_is_present\n    return wait(self.driver, timeout).until(EC.presence_of_element_located(locator))\n           ^^^^^^^^^^^^^^^^^^^^^^^^^^^^^^^^^^^^^^^^^^^^^^^^^^^^^^^^^^^^^^^^^^^^^^^^^\n  File \"/opt/hostedtoolcache/Python/3.11.13/x64/lib/python3.11/site-packages/selenium/webdriver/support/wait.py\", line 95, in until\n    raise TimeoutException(message, screen, stacktrace)\n","steps":[],"attachments":[],"parameters":[{"name":"locator","value":"('css selector', '.categories-menu > strong:nth-child(1) > span')"},{"name":"timeout","value":"5"}],"stepsCount":0,"shouldDisplayMessage":true,"attachmentsCount":0,"hasContent":true,"attachmentStep":false}],"attachments":[],"parameters":[{"name":"locator","value":"('css selector', '.categories-menu > strong:nth-child(1) > span')"},{"name":"timeout","value":"10"}],"stepsCount":1,"shouldDisplayMessage":false,"attachmentsCount":0,"hasContent":true,"attachmentStep":false}],"attachments":[],"parameters":[],"stepsCount":2,"shouldDisplayMessage":false,"attachmentsCount":0,"hasContent":true,"attachmentStep":false}],"attachments":[{"uid":"75e7549b8600d064","name":"Screenshot","source":"75e7549b8600d064.png","type":"image/png","size":23875},{"uid":"a7ac2c692f251873","name":"HTML source","source":"a7ac2c692f251873.html","type":"text/html","size":786}],"parameters":[],"stepsCount":3,"shouldDisplayMessage":true,"attachmentsCount":2,"hasContent":true,"attachmentStep":false},"afterStages":[{"name":"driver::0","time":{"start":1757814216537,"stop":1757814216597,"duration":60},"status":"passed","steps":[],"attachments":[],"parameters":[],"stepsCount":0,"shouldDisplayMessage":false,"attachmentsCount":0,"hasContent":false,"attachmentStep":false},{"name":"clear_allure_result_folder::0","time":{"start":1757815056359,"stop":1757815056359,"duration":0},"status":"passed","steps":[],"attachments":[],"parameters":[],"stepsCount":0,"shouldDisplayMessage":false,"attachmentsCount":0,"hasContent":false,"attachmentStep":false}],"labels":[{"name":"epic","value":"Sale Page"},{"name":"feature","value":"Testing Side Menu Bar - Women's Deals Section"},{"name":"parentSuite","value":"tests"},{"name":"suite","value":"test_sale"},{"name":"subSuite","value":"TestSalePage"},{"name":"host","value":"runnervmf4ws1"},{"name":"thread","value":"2948-MainThread"},{"name":"framework","value":"pytest"},{"name":"language","value":"cpython3"},{"name":"package","value":"tests.test_sale"},{"name":"resultFormat","value":"allure2"}],"parameters":[],"links":[],"hidden":false,"retry":false,"extra":{"severity":"normal","retries":[],"categories":[{"name":"Test defects","matchedStatuses":[],"flaky":false}],"tags":[]},"source":"3bb479bbcd491af4.json","parameterValues":[]}