{"uid":"3d0c87eca6083982","name":"TC 12.05.01/02/03/04 Check the Sidebar text is visible","fullName":"tests.test_women.TestWomenPage#test_item_visibility_and_text","historyId":"5926c09e1b2dde9351e71c51e0588a31","time":{"start":1757815044280,"stop":1757815049571,"duration":5291},"description":"Check if items are visible","descriptionHtml":"<p>Check if items are visible</p>\n","status":"broken","statusMessage":"selenium.common.exceptions.TimeoutException: Message: \nStacktrace:\n#0 0x55aa1443d94a <unknown>\n#1 0x55aa13eb28a0 <unknown>\n#2 0x55aa13f04540 <unknown>\n#3 0x55aa13f04731 <unknown>\n#4 0x55aa13f52824 <unknown>\n#5 0x55aa13f2a05d <unknown>\n#6 0x55aa13f4fc23 <unknown>\n#7 0x55aa13f29e03 <unknown>\n#8 0x55aa13ef6968 <unknown>\n#9 0x55aa13ef75e1 <unknown>\n#10 0x55aa14401548 <unknown>\n#11 0x55aa14405272 <unknown>\n#12 0x55aa143e8313 <unknown>\n#13 0x55aa14405dc5 <unknown>\n#14 0x55aa143cd49f <unknown>\n#15 0x55aa1442a158 <unknown>\n#16 0x55aa1442a332 <unknown>\n#17 0x55aa1443ca53 <unknown>\n#18 0x7f4d1209caa4 <unknown>\n#19 0x7f4d12129c3c <unknown>","statusTrace":"self = <test_women.TestWomenPage object at 0x7f635de35590>\ndriver = <selenium.webdriver.chrome.webdriver.WebDriver (session=\"3d6078b1ba1df594f84f67350a668096\")>\nitem_locator = ('xpath', \"//strong[normalize-space()='My Wish List']\")\nexpected_text = 'My Wish List'\n\n    @allure.title(\"TC 12.05.01/02/03/04 Check the Sidebar text is visible\")\n    @pytest.mark.parametrize(\"item_locator, expected_text\", WomenPageLocators.ITEMS)\n    def test_item_visibility_and_text(self, driver, item_locator, expected_text):\n        \"\"\"Check if items are visible\"\"\"\n        page = WomenPage(driver, WOMEN_PAGE_URL)\n        page.open()\n>       element = page.element_is_visible(item_locator)\n\ntests/test_women.py:33: \n_ _ _ _ _ _ _ _ _ _ _ _ _ _ _ _ _ _ _ _ _ _ _ _ _ _ _ _ _ _ _ _ _ _ _ _ _ _ _ _ \npages/base_page.py:30: in element_is_visible\n    self.go_to_element(self.element_is_present(locator))\npages/base_page.py:51: in element_is_present\n    return wait(self.driver, timeout).until(EC.presence_of_element_located(locator))\n_ _ _ _ _ _ _ _ _ _ _ _ _ _ _ _ _ _ _ _ _ _ _ _ _ _ _ _ _ _ _ _ _ _ _ _ _ _ _ _ \n\nself = <selenium.webdriver.support.wait.WebDriverWait (session=\"3d6078b1ba1df594f84f67350a668096\")>\nmethod = <function presence_of_element_located.<locals>._predicate at 0x7f635e6154e0>\nmessage = ''\n\n    def until(self, method, message: str = \"\"):\n        \"\"\"Calls the method provided with the driver as an argument until the \\\n        return value does not evaluate to ``False``.\n    \n        :param method: callable(WebDriver)\n        :param message: optional message for :exc:`TimeoutException`\n        :returns: the result of the last call to `method`\n        :raises: :exc:`selenium.common.exceptions.TimeoutException` if timeout occurs\n        \"\"\"\n        screen = None\n        stacktrace = None\n    \n        end_time = time.monotonic() + self._timeout\n        while True:\n            try:\n                value = method(self._driver)\n                if value:\n                    return value\n            except self._ignored_exceptions as exc:\n                screen = getattr(exc, \"screen\", None)\n                stacktrace = getattr(exc, \"stacktrace\", None)\n            time.sleep(self._poll)\n            if time.monotonic() > end_time:\n                break\n>       raise TimeoutException(message, screen, stacktrace)\nE       selenium.common.exceptions.TimeoutException: Message: \nE       Stacktrace:\nE       #0 0x55aa1443d94a <unknown>\nE       #1 0x55aa13eb28a0 <unknown>\nE       #2 0x55aa13f04540 <unknown>\nE       #3 0x55aa13f04731 <unknown>\nE       #4 0x55aa13f52824 <unknown>\nE       #5 0x55aa13f2a05d <unknown>\nE       #6 0x55aa13f4fc23 <unknown>\nE       #7 0x55aa13f29e03 <unknown>\nE       #8 0x55aa13ef6968 <unknown>\nE       #9 0x55aa13ef75e1 <unknown>\nE       #10 0x55aa14401548 <unknown>\nE       #11 0x55aa14405272 <unknown>\nE       #12 0x55aa143e8313 <unknown>\nE       #13 0x55aa14405dc5 <unknown>\nE       #14 0x55aa143cd49f <unknown>\nE       #15 0x55aa1442a158 <unknown>\nE       #16 0x55aa1442a332 <unknown>\nE       #17 0x55aa1443ca53 <unknown>\nE       #18 0x7f4d1209caa4 <unknown>\nE       #19 0x7f4d12129c3c <unknown>\n\n/opt/hostedtoolcache/Python/3.11.13/x64/lib/python3.11/site-packages/selenium/webdriver/support/wait.py:95: TimeoutException","flaky":false,"newFailed":false,"newBroken":false,"newPassed":false,"retriesCount":0,"retriesStatusChange":false,"beforeStages":[{"name":"_session_faker","time":{"start":1757812646155,"stop":1757812646215,"duration":60},"status":"passed","steps":[],"attachments":[],"parameters":[],"stepsCount":0,"shouldDisplayMessage":false,"attachmentsCount":0,"hasContent":false,"attachmentStep":false},{"name":"clear_allure_result_folder","time":{"start":1757812646215,"stop":1757812646215,"duration":0},"status":"passed","steps":[],"attachments":[],"parameters":[],"stepsCount":0,"shouldDisplayMessage":false,"attachmentsCount":0,"hasContent":false,"attachmentStep":false},{"name":"driver","time":{"start":1757815043028,"stop":1757815044279,"duration":1251},"status":"passed","steps":[],"attachments":[],"parameters":[],"stepsCount":0,"shouldDisplayMessage":false,"attachmentsCount":0,"hasContent":false,"attachmentStep":false}],"testStage":{"description":"Check if items are visible","status":"broken","statusMessage":"selenium.common.exceptions.TimeoutException: Message: \nStacktrace:\n#0 0x55aa1443d94a <unknown>\n#1 0x55aa13eb28a0 <unknown>\n#2 0x55aa13f04540 <unknown>\n#3 0x55aa13f04731 <unknown>\n#4 0x55aa13f52824 <unknown>\n#5 0x55aa13f2a05d <unknown>\n#6 0x55aa13f4fc23 <unknown>\n#7 0x55aa13f29e03 <unknown>\n#8 0x55aa13ef6968 <unknown>\n#9 0x55aa13ef75e1 <unknown>\n#10 0x55aa14401548 <unknown>\n#11 0x55aa14405272 <unknown>\n#12 0x55aa143e8313 <unknown>\n#13 0x55aa14405dc5 <unknown>\n#14 0x55aa143cd49f <unknown>\n#15 0x55aa1442a158 <unknown>\n#16 0x55aa1442a332 <unknown>\n#17 0x55aa1443ca53 <unknown>\n#18 0x7f4d1209caa4 <unknown>\n#19 0x7f4d12129c3c <unknown>","statusTrace":"self = <test_women.TestWomenPage object at 0x7f635de35590>\ndriver = <selenium.webdriver.chrome.webdriver.WebDriver (session=\"3d6078b1ba1df594f84f67350a668096\")>\nitem_locator = ('xpath', \"//strong[normalize-space()='My Wish List']\")\nexpected_text = 'My Wish List'\n\n    @allure.title(\"TC 12.05.01/02/03/04 Check the Sidebar text is visible\")\n    @pytest.mark.parametrize(\"item_locator, expected_text\", WomenPageLocators.ITEMS)\n    def test_item_visibility_and_text(self, driver, item_locator, expected_text):\n        \"\"\"Check if items are visible\"\"\"\n        page = WomenPage(driver, WOMEN_PAGE_URL)\n        page.open()\n>       element = page.element_is_visible(item_locator)\n\ntests/test_women.py:33: \n_ _ _ _ _ _ _ _ _ _ _ _ _ _ _ _ _ _ _ _ _ _ _ _ _ _ _ _ _ _ _ _ _ _ _ _ _ _ _ _ \npages/base_page.py:30: in element_is_visible\n    self.go_to_element(self.element_is_present(locator))\npages/base_page.py:51: in element_is_present\n    return wait(self.driver, timeout).until(EC.presence_of_element_located(locator))\n_ _ _ _ _ _ _ _ _ _ _ _ _ _ _ _ _ _ _ _ _ _ _ _ _ _ _ _ _ _ _ _ _ _ _ _ _ _ _ _ \n\nself = <selenium.webdriver.support.wait.WebDriverWait (session=\"3d6078b1ba1df594f84f67350a668096\")>\nmethod = <function presence_of_element_located.<locals>._predicate at 0x7f635e6154e0>\nmessage = ''\n\n    def until(self, method, message: str = \"\"):\n        \"\"\"Calls the method provided with the driver as an argument until the \\\n        return value does not evaluate to ``False``.\n    \n        :param method: callable(WebDriver)\n        :param message: optional message for :exc:`TimeoutException`\n        :returns: the result of the last call to `method`\n        :raises: :exc:`selenium.common.exceptions.TimeoutException` if timeout occurs\n        \"\"\"\n        screen = None\n        stacktrace = None\n    \n        end_time = time.monotonic() + self._timeout\n        while True:\n            try:\n                value = method(self._driver)\n                if value:\n                    return value\n            except self._ignored_exceptions as exc:\n                screen = getattr(exc, \"screen\", None)\n                stacktrace = getattr(exc, \"stacktrace\", None)\n            time.sleep(self._poll)\n            if time.monotonic() > end_time:\n                break\n>       raise TimeoutException(message, screen, stacktrace)\nE       selenium.common.exceptions.TimeoutException: Message: \nE       Stacktrace:\nE       #0 0x55aa1443d94a <unknown>\nE       #1 0x55aa13eb28a0 <unknown>\nE       #2 0x55aa13f04540 <unknown>\nE       #3 0x55aa13f04731 <unknown>\nE       #4 0x55aa13f52824 <unknown>\nE       #5 0x55aa13f2a05d <unknown>\nE       #6 0x55aa13f4fc23 <unknown>\nE       #7 0x55aa13f29e03 <unknown>\nE       #8 0x55aa13ef6968 <unknown>\nE       #9 0x55aa13ef75e1 <unknown>\nE       #10 0x55aa14401548 <unknown>\nE       #11 0x55aa14405272 <unknown>\nE       #12 0x55aa143e8313 <unknown>\nE       #13 0x55aa14405dc5 <unknown>\nE       #14 0x55aa143cd49f <unknown>\nE       #15 0x55aa1442a158 <unknown>\nE       #16 0x55aa1442a332 <unknown>\nE       #17 0x55aa1443ca53 <unknown>\nE       #18 0x7f4d1209caa4 <unknown>\nE       #19 0x7f4d12129c3c <unknown>\n\n/opt/hostedtoolcache/Python/3.11.13/x64/lib/python3.11/site-packages/selenium/webdriver/support/wait.py:95: TimeoutException","steps":[{"name":"Open a browser","time":{"start":1757815044280,"stop":1757815044473,"duration":193},"status":"passed","steps":[],"attachments":[],"parameters":[],"stepsCount":0,"shouldDisplayMessage":false,"attachmentsCount":0,"hasContent":false,"attachmentStep":false},{"name":"Find a visible element","time":{"start":1757815044473,"stop":1757815049571,"duration":5098},"status":"broken","statusMessage":"selenium.common.exceptions.TimeoutException: Message: \nStacktrace:\n#0 0x55aa1443d94a <unknown>\n#1 0x55aa13eb28a0 <unknown>\n#2 0x55aa13f04540 <unknown>\n#3 0x55aa13f04731 <unknown>\n#4 0x55aa13f52824 <unknown>\n#5 0x55aa13f2a05d <unknown>\n#6 0x55aa13f4fc23 <unknown>\n#7 0x55aa13f29e03 <unknown>\n#8 0x55aa13ef6968 <unknown>\n#9 0x55aa13ef75e1 <unknown>\n#10 0x55aa14401548 <unknown>\n#11 0x55aa14405272 <unknown>\n#12 0x55aa143e8313 <unknown>\n#13 0x55aa14405dc5 <unknown>\n#14 0x55aa143cd49f <unknown>\n#15 0x55aa1442a158 <unknown>\n#16 0x55aa1442a332 <unknown>\n#17 0x55aa1443ca53 <unknown>\n#18 0x7f4d1209caa4 <unknown>\n#19 0x7f4d12129c3c <unknown>\n\n","statusTrace":"  File \"/opt/hostedtoolcache/Python/3.11.13/x64/lib/python3.11/site-packages/allure_commons/_allure.py\", line 192, in impl\n    return func(*a, **kw)\n           ^^^^^^^^^^^^^^\n  File \"/home/runner/work/luma_project/luma_project/pages/base_page.py\", line 30, in element_is_visible\n    self.go_to_element(self.element_is_present(locator))\n                       ^^^^^^^^^^^^^^^^^^^^^^^^^^^^^^^^\n  File \"/opt/hostedtoolcache/Python/3.11.13/x64/lib/python3.11/site-packages/allure_commons/_allure.py\", line 192, in impl\n    return func(*a, **kw)\n           ^^^^^^^^^^^^^^\n  File \"/home/runner/work/luma_project/luma_project/pages/base_page.py\", line 51, in element_is_present\n    return wait(self.driver, timeout).until(EC.presence_of_element_located(locator))\n           ^^^^^^^^^^^^^^^^^^^^^^^^^^^^^^^^^^^^^^^^^^^^^^^^^^^^^^^^^^^^^^^^^^^^^^^^^\n  File \"/opt/hostedtoolcache/Python/3.11.13/x64/lib/python3.11/site-packages/selenium/webdriver/support/wait.py\", line 95, in until\n    raise TimeoutException(message, screen, stacktrace)\n","steps":[{"name":"Find a present element","time":{"start":1757815044473,"stop":1757815049571,"duration":5098},"status":"broken","statusMessage":"selenium.common.exceptions.TimeoutException: Message: \nStacktrace:\n#0 0x55aa1443d94a <unknown>\n#1 0x55aa13eb28a0 <unknown>\n#2 0x55aa13f04540 <unknown>\n#3 0x55aa13f04731 <unknown>\n#4 0x55aa13f52824 <unknown>\n#5 0x55aa13f2a05d <unknown>\n#6 0x55aa13f4fc23 <unknown>\n#7 0x55aa13f29e03 <unknown>\n#8 0x55aa13ef6968 <unknown>\n#9 0x55aa13ef75e1 <unknown>\n#10 0x55aa14401548 <unknown>\n#11 0x55aa14405272 <unknown>\n#12 0x55aa143e8313 <unknown>\n#13 0x55aa14405dc5 <unknown>\n#14 0x55aa143cd49f <unknown>\n#15 0x55aa1442a158 <unknown>\n#16 0x55aa1442a332 <unknown>\n#17 0x55aa1443ca53 <unknown>\n#18 0x7f4d1209caa4 <unknown>\n#19 0x7f4d12129c3c <unknown>\n\n","statusTrace":"  File \"/opt/hostedtoolcache/Python/3.11.13/x64/lib/python3.11/site-packages/allure_commons/_allure.py\", line 192, in impl\n    return func(*a, **kw)\n           ^^^^^^^^^^^^^^\n  File \"/home/runner/work/luma_project/luma_project/pages/base_page.py\", line 51, in element_is_present\n    return wait(self.driver, timeout).until(EC.presence_of_element_located(locator))\n           ^^^^^^^^^^^^^^^^^^^^^^^^^^^^^^^^^^^^^^^^^^^^^^^^^^^^^^^^^^^^^^^^^^^^^^^^^\n  File \"/opt/hostedtoolcache/Python/3.11.13/x64/lib/python3.11/site-packages/selenium/webdriver/support/wait.py\", line 95, in until\n    raise TimeoutException(message, screen, stacktrace)\n","steps":[],"attachments":[],"parameters":[{"name":"locator","value":"('xpath', \"//strong[normalize-space()='My Wish List']\")"},{"name":"timeout","value":"5"}],"stepsCount":0,"shouldDisplayMessage":true,"attachmentsCount":0,"hasContent":true,"attachmentStep":false}],"attachments":[],"parameters":[{"name":"locator","value":"('xpath', \"//strong[normalize-space()='My Wish List']\")"},{"name":"timeout","value":"10"}],"stepsCount":1,"shouldDisplayMessage":false,"attachmentsCount":0,"hasContent":true,"attachmentStep":false}],"attachments":[{"uid":"f1dfe69db2bf26f7","name":"Screenshot","source":"f1dfe69db2bf26f7.png","type":"image/png","size":23875},{"uid":"972b91b12aff0456","name":"HTML source","source":"972b91b12aff0456.html","type":"text/html","size":786}],"parameters":[],"stepsCount":3,"shouldDisplayMessage":true,"attachmentsCount":2,"hasContent":true,"attachmentStep":false},"afterStages":[{"name":"driver::0","time":{"start":1757815049634,"stop":1757815049694,"duration":60},"status":"passed","steps":[],"attachments":[],"parameters":[],"stepsCount":0,"shouldDisplayMessage":false,"attachmentsCount":0,"hasContent":false,"attachmentStep":false},{"name":"clear_allure_result_folder::0","time":{"start":1757815056359,"stop":1757815056359,"duration":0},"status":"passed","steps":[],"attachments":[],"parameters":[],"stepsCount":0,"shouldDisplayMessage":false,"attachmentsCount":0,"hasContent":false,"attachmentStep":false}],"labels":[{"name":"epic","value":"WomenPage"},{"name":"parentSuite","value":"tests"},{"name":"suite","value":"test_women"},{"name":"subSuite","value":"TestWomenPage"},{"name":"host","value":"runnervmf4ws1"},{"name":"thread","value":"2948-MainThread"},{"name":"framework","value":"pytest"},{"name":"language","value":"cpython3"},{"name":"package","value":"tests.test_women"},{"name":"resultFormat","value":"allure2"}],"parameters":[{"name":"expected_text","value":"'My Wish List'"},{"name":"item_locator","value":"('xpath', \"//strong[normalize-space()='My Wish List']\")"}],"links":[],"hidden":false,"retry":false,"extra":{"severity":"normal","retries":[],"categories":[{"name":"Test defects","matchedStatuses":[],"flaky":false}],"tags":[]},"source":"3d0c87eca6083982.json","parameterValues":["'My Wish List'","('xpath', \"//strong[normalize-space()='My Wish List']\")"]}