{"uid":"53e7f19fa09e84ce","name":"TC 13.01.03 - Check the display of an image in section 1 'home-main' in the Promo Block","fullName":"tests.test_main_page.TestPromoBlock#test_tc_13_01_03_check_image_visibility_in_section1","historyId":"13189f2ad884b811d6ddec5696433b45","time":{"start":1757813707873,"stop":1757813713123,"duration":5250},"description":"This test checks if an image in section 1 'home-main' is visible","descriptionHtml":"<p>This test checks if an image in section 1 'home-main' is visible</p>\n","status":"broken","statusMessage":"selenium.common.exceptions.TimeoutException: Message: \nStacktrace:\n#0 0x556537f2194a <unknown>\n#1 0x5565379968a0 <unknown>\n#2 0x5565379e8540 <unknown>\n#3 0x5565379e8731 <unknown>\n#4 0x556537a36824 <unknown>\n#5 0x556537a0e05d <unknown>\n#6 0x556537a33c23 <unknown>\n#7 0x556537a0de03 <unknown>\n#8 0x5565379da968 <unknown>\n#9 0x5565379db5e1 <unknown>\n#10 0x556537ee5548 <unknown>\n#11 0x556537ee9272 <unknown>\n#12 0x556537ecc313 <unknown>\n#13 0x556537ee9dc5 <unknown>\n#14 0x556537eb149f <unknown>\n#15 0x556537f0e158 <unknown>\n#16 0x556537f0e332 <unknown>\n#17 0x556537f20a53 <unknown>\n#18 0x7fceee29caa4 <unknown>\n#19 0x7fceee329c3c <unknown>","statusTrace":"self = <test_main_page.TestMainPage.TestPromoBlock object at 0x7f635cee6850>\ndriver = <selenium.webdriver.chrome.webdriver.WebDriver (session=\"9acea44a349535c4f347aae12682757c\")>\n\n    @allure.title(\"TC 13.01.03 - Check the display of an image in section 1 'home-main' in the Promo Block\")\n    def test_tc_13_01_03_check_image_visibility_in_section1(self, driver):\n        \"\"\"This test checks if an image in section 1 'home-main' is visible\"\"\"\n        page = PromoBlock(driver, MAIN_PAGE_URL)\n        page.open()\n>       assert page.element_is_visible(self.locators.SECTION_1_IMAGE), \\\n            \"The image in section 2 block 1 is invisible in the Promo Block on the Main Page\"\n\ntests/test_main_page.py:151: \n_ _ _ _ _ _ _ _ _ _ _ _ _ _ _ _ _ _ _ _ _ _ _ _ _ _ _ _ _ _ _ _ _ _ _ _ _ _ _ _ \npages/base_page.py:30: in element_is_visible\n    self.go_to_element(self.element_is_present(locator))\npages/base_page.py:51: in element_is_present\n    return wait(self.driver, timeout).until(EC.presence_of_element_located(locator))\n_ _ _ _ _ _ _ _ _ _ _ _ _ _ _ _ _ _ _ _ _ _ _ _ _ _ _ _ _ _ _ _ _ _ _ _ _ _ _ _ \n\nself = <selenium.webdriver.support.wait.WebDriverWait (session=\"9acea44a349535c4f347aae12682757c\")>\nmethod = <function presence_of_element_located.<locals>._predicate at 0x7f635ebe8860>\nmessage = ''\n\n    def until(self, method, message: str = \"\"):\n        \"\"\"Calls the method provided with the driver as an argument until the \\\n        return value does not evaluate to ``False``.\n    \n        :param method: callable(WebDriver)\n        :param message: optional message for :exc:`TimeoutException`\n        :returns: the result of the last call to `method`\n        :raises: :exc:`selenium.common.exceptions.TimeoutException` if timeout occurs\n        \"\"\"\n        screen = None\n        stacktrace = None\n    \n        end_time = time.monotonic() + self._timeout\n        while True:\n            try:\n                value = method(self._driver)\n                if value:\n                    return value\n            except self._ignored_exceptions as exc:\n                screen = getattr(exc, \"screen\", None)\n                stacktrace = getattr(exc, \"stacktrace\", None)\n            time.sleep(self._poll)\n            if time.monotonic() > end_time:\n                break\n>       raise TimeoutException(message, screen, stacktrace)\nE       selenium.common.exceptions.TimeoutException: Message: \nE       Stacktrace:\nE       #0 0x556537f2194a <unknown>\nE       #1 0x5565379968a0 <unknown>\nE       #2 0x5565379e8540 <unknown>\nE       #3 0x5565379e8731 <unknown>\nE       #4 0x556537a36824 <unknown>\nE       #5 0x556537a0e05d <unknown>\nE       #6 0x556537a33c23 <unknown>\nE       #7 0x556537a0de03 <unknown>\nE       #8 0x5565379da968 <unknown>\nE       #9 0x5565379db5e1 <unknown>\nE       #10 0x556537ee5548 <unknown>\nE       #11 0x556537ee9272 <unknown>\nE       #12 0x556537ecc313 <unknown>\nE       #13 0x556537ee9dc5 <unknown>\nE       #14 0x556537eb149f <unknown>\nE       #15 0x556537f0e158 <unknown>\nE       #16 0x556537f0e332 <unknown>\nE       #17 0x556537f20a53 <unknown>\nE       #18 0x7fceee29caa4 <unknown>\nE       #19 0x7fceee329c3c <unknown>\n\n/opt/hostedtoolcache/Python/3.11.13/x64/lib/python3.11/site-packages/selenium/webdriver/support/wait.py:95: TimeoutException","flaky":false,"newFailed":false,"newBroken":false,"newPassed":false,"retriesCount":0,"retriesStatusChange":false,"beforeStages":[{"name":"_session_faker","time":{"start":1757812646155,"stop":1757812646215,"duration":60},"status":"passed","steps":[],"attachments":[],"parameters":[],"stepsCount":0,"shouldDisplayMessage":false,"attachmentsCount":0,"hasContent":false,"attachmentStep":false},{"name":"clear_allure_result_folder","time":{"start":1757812646215,"stop":1757812646215,"duration":0},"status":"passed","steps":[],"attachments":[],"parameters":[],"stepsCount":0,"shouldDisplayMessage":false,"attachmentsCount":0,"hasContent":false,"attachmentStep":false},{"name":"driver","time":{"start":1757813706639,"stop":1757813707873,"duration":1234},"status":"passed","steps":[],"attachments":[],"parameters":[],"stepsCount":0,"shouldDisplayMessage":false,"attachmentsCount":0,"hasContent":false,"attachmentStep":false}],"testStage":{"description":"This test checks if an image in section 1 'home-main' is visible","status":"broken","statusMessage":"selenium.common.exceptions.TimeoutException: Message: \nStacktrace:\n#0 0x556537f2194a <unknown>\n#1 0x5565379968a0 <unknown>\n#2 0x5565379e8540 <unknown>\n#3 0x5565379e8731 <unknown>\n#4 0x556537a36824 <unknown>\n#5 0x556537a0e05d <unknown>\n#6 0x556537a33c23 <unknown>\n#7 0x556537a0de03 <unknown>\n#8 0x5565379da968 <unknown>\n#9 0x5565379db5e1 <unknown>\n#10 0x556537ee5548 <unknown>\n#11 0x556537ee9272 <unknown>\n#12 0x556537ecc313 <unknown>\n#13 0x556537ee9dc5 <unknown>\n#14 0x556537eb149f <unknown>\n#15 0x556537f0e158 <unknown>\n#16 0x556537f0e332 <unknown>\n#17 0x556537f20a53 <unknown>\n#18 0x7fceee29caa4 <unknown>\n#19 0x7fceee329c3c <unknown>","statusTrace":"self = <test_main_page.TestMainPage.TestPromoBlock object at 0x7f635cee6850>\ndriver = <selenium.webdriver.chrome.webdriver.WebDriver (session=\"9acea44a349535c4f347aae12682757c\")>\n\n    @allure.title(\"TC 13.01.03 - Check the display of an image in section 1 'home-main' in the Promo Block\")\n    def test_tc_13_01_03_check_image_visibility_in_section1(self, driver):\n        \"\"\"This test checks if an image in section 1 'home-main' is visible\"\"\"\n        page = PromoBlock(driver, MAIN_PAGE_URL)\n        page.open()\n>       assert page.element_is_visible(self.locators.SECTION_1_IMAGE), \\\n            \"The image in section 2 block 1 is invisible in the Promo Block on the Main Page\"\n\ntests/test_main_page.py:151: \n_ _ _ _ _ _ _ _ _ _ _ _ _ _ _ _ _ _ _ _ _ _ _ _ _ _ _ _ _ _ _ _ _ _ _ _ _ _ _ _ \npages/base_page.py:30: in element_is_visible\n    self.go_to_element(self.element_is_present(locator))\npages/base_page.py:51: in element_is_present\n    return wait(self.driver, timeout).until(EC.presence_of_element_located(locator))\n_ _ _ _ _ _ _ _ _ _ _ _ _ _ _ _ _ _ _ _ _ _ _ _ _ _ _ _ _ _ _ _ _ _ _ _ _ _ _ _ \n\nself = <selenium.webdriver.support.wait.WebDriverWait (session=\"9acea44a349535c4f347aae12682757c\")>\nmethod = <function presence_of_element_located.<locals>._predicate at 0x7f635ebe8860>\nmessage = ''\n\n    def until(self, method, message: str = \"\"):\n        \"\"\"Calls the method provided with the driver as an argument until the \\\n        return value does not evaluate to ``False``.\n    \n        :param method: callable(WebDriver)\n        :param message: optional message for :exc:`TimeoutException`\n        :returns: the result of the last call to `method`\n        :raises: :exc:`selenium.common.exceptions.TimeoutException` if timeout occurs\n        \"\"\"\n        screen = None\n        stacktrace = None\n    \n        end_time = time.monotonic() + self._timeout\n        while True:\n            try:\n                value = method(self._driver)\n                if value:\n                    return value\n            except self._ignored_exceptions as exc:\n                screen = getattr(exc, \"screen\", None)\n                stacktrace = getattr(exc, \"stacktrace\", None)\n            time.sleep(self._poll)\n            if time.monotonic() > end_time:\n                break\n>       raise TimeoutException(message, screen, stacktrace)\nE       selenium.common.exceptions.TimeoutException: Message: \nE       Stacktrace:\nE       #0 0x556537f2194a <unknown>\nE       #1 0x5565379968a0 <unknown>\nE       #2 0x5565379e8540 <unknown>\nE       #3 0x5565379e8731 <unknown>\nE       #4 0x556537a36824 <unknown>\nE       #5 0x556537a0e05d <unknown>\nE       #6 0x556537a33c23 <unknown>\nE       #7 0x556537a0de03 <unknown>\nE       #8 0x5565379da968 <unknown>\nE       #9 0x5565379db5e1 <unknown>\nE       #10 0x556537ee5548 <unknown>\nE       #11 0x556537ee9272 <unknown>\nE       #12 0x556537ecc313 <unknown>\nE       #13 0x556537ee9dc5 <unknown>\nE       #14 0x556537eb149f <unknown>\nE       #15 0x556537f0e158 <unknown>\nE       #16 0x556537f0e332 <unknown>\nE       #17 0x556537f20a53 <unknown>\nE       #18 0x7fceee29caa4 <unknown>\nE       #19 0x7fceee329c3c <unknown>\n\n/opt/hostedtoolcache/Python/3.11.13/x64/lib/python3.11/site-packages/selenium/webdriver/support/wait.py:95: TimeoutException","steps":[{"name":"Open a browser","time":{"start":1757813707873,"stop":1757813708021,"duration":148},"status":"passed","steps":[],"attachments":[],"parameters":[],"stepsCount":0,"shouldDisplayMessage":false,"attachmentsCount":0,"hasContent":false,"attachmentStep":false},{"name":"Find a visible element","time":{"start":1757813708021,"stop":1757813713123,"duration":5102},"status":"broken","statusMessage":"selenium.common.exceptions.TimeoutException: Message: \nStacktrace:\n#0 0x556537f2194a <unknown>\n#1 0x5565379968a0 <unknown>\n#2 0x5565379e8540 <unknown>\n#3 0x5565379e8731 <unknown>\n#4 0x556537a36824 <unknown>\n#5 0x556537a0e05d <unknown>\n#6 0x556537a33c23 <unknown>\n#7 0x556537a0de03 <unknown>\n#8 0x5565379da968 <unknown>\n#9 0x5565379db5e1 <unknown>\n#10 0x556537ee5548 <unknown>\n#11 0x556537ee9272 <unknown>\n#12 0x556537ecc313 <unknown>\n#13 0x556537ee9dc5 <unknown>\n#14 0x556537eb149f <unknown>\n#15 0x556537f0e158 <unknown>\n#16 0x556537f0e332 <unknown>\n#17 0x556537f20a53 <unknown>\n#18 0x7fceee29caa4 <unknown>\n#19 0x7fceee329c3c <unknown>\n\n","statusTrace":"  File \"/opt/hostedtoolcache/Python/3.11.13/x64/lib/python3.11/site-packages/allure_commons/_allure.py\", line 192, in impl\n    return func(*a, **kw)\n           ^^^^^^^^^^^^^^\n  File \"/home/runner/work/luma_project/luma_project/pages/base_page.py\", line 30, in element_is_visible\n    self.go_to_element(self.element_is_present(locator))\n                       ^^^^^^^^^^^^^^^^^^^^^^^^^^^^^^^^\n  File \"/opt/hostedtoolcache/Python/3.11.13/x64/lib/python3.11/site-packages/allure_commons/_allure.py\", line 192, in impl\n    return func(*a, **kw)\n           ^^^^^^^^^^^^^^\n  File \"/home/runner/work/luma_project/luma_project/pages/base_page.py\", line 51, in element_is_present\n    return wait(self.driver, timeout).until(EC.presence_of_element_located(locator))\n           ^^^^^^^^^^^^^^^^^^^^^^^^^^^^^^^^^^^^^^^^^^^^^^^^^^^^^^^^^^^^^^^^^^^^^^^^^\n  File \"/opt/hostedtoolcache/Python/3.11.13/x64/lib/python3.11/site-packages/selenium/webdriver/support/wait.py\", line 95, in until\n    raise TimeoutException(message, screen, stacktrace)\n","steps":[{"name":"Find a present element","time":{"start":1757813708021,"stop":1757813713123,"duration":5102},"status":"broken","statusMessage":"selenium.common.exceptions.TimeoutException: Message: \nStacktrace:\n#0 0x556537f2194a <unknown>\n#1 0x5565379968a0 <unknown>\n#2 0x5565379e8540 <unknown>\n#3 0x5565379e8731 <unknown>\n#4 0x556537a36824 <unknown>\n#5 0x556537a0e05d <unknown>\n#6 0x556537a33c23 <unknown>\n#7 0x556537a0de03 <unknown>\n#8 0x5565379da968 <unknown>\n#9 0x5565379db5e1 <unknown>\n#10 0x556537ee5548 <unknown>\n#11 0x556537ee9272 <unknown>\n#12 0x556537ecc313 <unknown>\n#13 0x556537ee9dc5 <unknown>\n#14 0x556537eb149f <unknown>\n#15 0x556537f0e158 <unknown>\n#16 0x556537f0e332 <unknown>\n#17 0x556537f20a53 <unknown>\n#18 0x7fceee29caa4 <unknown>\n#19 0x7fceee329c3c <unknown>\n\n","statusTrace":"  File \"/opt/hostedtoolcache/Python/3.11.13/x64/lib/python3.11/site-packages/allure_commons/_allure.py\", line 192, in impl\n    return func(*a, **kw)\n           ^^^^^^^^^^^^^^\n  File \"/home/runner/work/luma_project/luma_project/pages/base_page.py\", line 51, in element_is_present\n    return wait(self.driver, timeout).until(EC.presence_of_element_located(locator))\n           ^^^^^^^^^^^^^^^^^^^^^^^^^^^^^^^^^^^^^^^^^^^^^^^^^^^^^^^^^^^^^^^^^^^^^^^^^\n  File \"/opt/hostedtoolcache/Python/3.11.13/x64/lib/python3.11/site-packages/selenium/webdriver/support/wait.py\", line 95, in until\n    raise TimeoutException(message, screen, stacktrace)\n","steps":[],"attachments":[],"parameters":[{"name":"locator","value":"('css selector', '.home-main img')"},{"name":"timeout","value":"5"}],"stepsCount":0,"shouldDisplayMessage":true,"attachmentsCount":0,"hasContent":true,"attachmentStep":false}],"attachments":[],"parameters":[{"name":"locator","value":"('css selector', '.home-main img')"},{"name":"timeout","value":"10"}],"stepsCount":1,"shouldDisplayMessage":false,"attachmentsCount":0,"hasContent":true,"attachmentStep":false}],"attachments":[{"uid":"a87374e2005434e6","name":"Screenshot","source":"a87374e2005434e6.png","type":"image/png","size":23875},{"uid":"7f2b2118c6742117","name":"HTML source","source":"7f2b2118c6742117.html","type":"text/html","size":786}],"parameters":[],"stepsCount":3,"shouldDisplayMessage":true,"attachmentsCount":2,"hasContent":true,"attachmentStep":false},"afterStages":[{"name":"driver::0","time":{"start":1757813713213,"stop":1757813713273,"duration":60},"status":"passed","steps":[],"attachments":[],"parameters":[],"stepsCount":0,"shouldDisplayMessage":false,"attachmentsCount":0,"hasContent":false,"attachmentStep":false},{"name":"clear_allure_result_folder::0","time":{"start":1757815056359,"stop":1757815056359,"duration":0},"status":"passed","steps":[],"attachments":[],"parameters":[],"stepsCount":0,"shouldDisplayMessage":false,"attachmentsCount":0,"hasContent":false,"attachmentStep":false}],"labels":[{"name":"feature","value":"Promo Block Testing"},{"name":"epic","value":"Main Page"},{"name":"parentSuite","value":"tests"},{"name":"suite","value":"test_main_page"},{"name":"subSuite","value":"TestMainPage"},{"name":"host","value":"runnervmf4ws1"},{"name":"thread","value":"2948-MainThread"},{"name":"framework","value":"pytest"},{"name":"language","value":"cpython3"},{"name":"package","value":"tests.test_main_page"},{"name":"resultFormat","value":"allure2"}],"parameters":[],"links":[],"hidden":false,"retry":false,"extra":{"severity":"normal","retries":[],"categories":[{"name":"Test defects","matchedStatuses":[],"flaky":false}],"tags":[]},"source":"53e7f19fa09e84ce.json","parameterValues":[]}