{"uid":"7a841521cf3ebc9d","name":"Check the display of the add to wish and add to compare buttons","fullName":"tests.test_main_page.TestHotSellerSection#test_tc_06_01_15_check_the_display_of_the_card_buttons","historyId":"d70dfd5ecc36ca529952457121aeed29","time":{"start":1757813679834,"stop":1757813685153,"duration":5319},"description":"\n            This test will check that the add to wishlist and add to compare buttons are visible on the screen\n            ","descriptionHtml":"<pre><code>        This test will check that the add to wishlist and add to compare buttons are visible on the screen\n</code></pre>\n","status":"skipped","statusMessage":"XFAIL In CI the test failed in PR#182\n\nselenium.common.exceptions.TimeoutException: Message: \nStacktrace:\n#0 0x55646638194a <unknown>\n#1 0x556465df68a0 <unknown>\n#2 0x556465e48540 <unknown>\n#3 0x556465e48731 <unknown>\n#4 0x556465e96824 <unknown>\n#5 0x556465e6e05d <unknown>\n#6 0x556465e93c23 <unknown>\n#7 0x556465e6de03 <unknown>\n#8 0x556465e3a968 <unknown>\n#9 0x556465e3b5e1 <unknown>\n#10 0x556466345548 <unknown>\n#11 0x556466349272 <unknown>\n#12 0x55646632c313 <unknown>\n#13 0x556466349dc5 <unknown>\n#14 0x55646631149f <unknown>\n#15 0x55646636e158 <unknown>\n#16 0x55646636e332 <unknown>\n#17 0x556466380a53 <unknown>\n#18 0x7f7b1609caa4 <unknown>\n#19 0x7f7b16129c3c <unknown>","statusTrace":"self = <test_main_page.TestMainPage.TestHotSellerSection object at 0x7f635ced80d0>\ndriver = <selenium.webdriver.chrome.webdriver.WebDriver (session=\"ad6b277f4323e470eddb357c983c0eae\")>\nitem = 'add_to_compare'\n\n    @pytest.mark.xfail(reason=\"In CI the test failed in PR#182\")\n    @allure.title(\"Check the display of the add to wish and add to compare buttons\")\n    @pytest.mark.parametrize(\"item\", product_card_button)\n    def test_tc_06_01_15_check_the_display_of_the_card_buttons(self, driver, item):\n        \"\"\"\n        This test will check that the add to wishlist and add to compare buttons are visible on the screen\n        \"\"\"\n        page = MainPage(driver, MAIN_PAGE_URL)\n        page.open()\n>       check_display = page.check_element_display(item)\n\ntests/test_main_page.py:96: \n_ _ _ _ _ _ _ _ _ _ _ _ _ _ _ _ _ _ _ _ _ _ _ _ _ _ _ _ _ _ _ _ _ _ _ _ _ _ _ _ \npages/main_page.py:122: in check_element_display\n    product_card = self.element_is_visible(self.locators.PRODUCT_CARD)\npages/base_page.py:30: in element_is_visible\n    self.go_to_element(self.element_is_present(locator))\npages/base_page.py:51: in element_is_present\n    return wait(self.driver, timeout).until(EC.presence_of_element_located(locator))\n_ _ _ _ _ _ _ _ _ _ _ _ _ _ _ _ _ _ _ _ _ _ _ _ _ _ _ _ _ _ _ _ _ _ _ _ _ _ _ _ \n\nself = <selenium.webdriver.support.wait.WebDriverWait (session=\"ad6b277f4323e470eddb357c983c0eae\")>\nmethod = <function presence_of_element_located.<locals>._predicate at 0x7f635ecf3a60>\nmessage = ''\n\n    def until(self, method, message: str = \"\"):\n        \"\"\"Calls the method provided with the driver as an argument until the \\\n        return value does not evaluate to ``False``.\n    \n        :param method: callable(WebDriver)\n        :param message: optional message for :exc:`TimeoutException`\n        :returns: the result of the last call to `method`\n        :raises: :exc:`selenium.common.exceptions.TimeoutException` if timeout occurs\n        \"\"\"\n        screen = None\n        stacktrace = None\n    \n        end_time = time.monotonic() + self._timeout\n        while True:\n            try:\n                value = method(self._driver)\n                if value:\n                    return value\n            except self._ignored_exceptions as exc:\n                screen = getattr(exc, \"screen\", None)\n                stacktrace = getattr(exc, \"stacktrace\", None)\n            time.sleep(self._poll)\n            if time.monotonic() > end_time:\n                break\n>       raise TimeoutException(message, screen, stacktrace)\nE       selenium.common.exceptions.TimeoutException: Message: \nE       Stacktrace:\nE       #0 0x55646638194a <unknown>\nE       #1 0x556465df68a0 <unknown>\nE       #2 0x556465e48540 <unknown>\nE       #3 0x556465e48731 <unknown>\nE       #4 0x556465e96824 <unknown>\nE       #5 0x556465e6e05d <unknown>\nE       #6 0x556465e93c23 <unknown>\nE       #7 0x556465e6de03 <unknown>\nE       #8 0x556465e3a968 <unknown>\nE       #9 0x556465e3b5e1 <unknown>\nE       #10 0x556466345548 <unknown>\nE       #11 0x556466349272 <unknown>\nE       #12 0x55646632c313 <unknown>\nE       #13 0x556466349dc5 <unknown>\nE       #14 0x55646631149f <unknown>\nE       #15 0x55646636e158 <unknown>\nE       #16 0x55646636e332 <unknown>\nE       #17 0x556466380a53 <unknown>\nE       #18 0x7f7b1609caa4 <unknown>\nE       #19 0x7f7b16129c3c <unknown>\n\n/opt/hostedtoolcache/Python/3.11.13/x64/lib/python3.11/site-packages/selenium/webdriver/support/wait.py:95: TimeoutException","flaky":false,"newFailed":false,"newBroken":false,"newPassed":false,"retriesCount":0,"retriesStatusChange":false,"beforeStages":[{"name":"_session_faker","time":{"start":1757812646155,"stop":1757812646215,"duration":60},"status":"passed","steps":[],"attachments":[],"parameters":[],"stepsCount":0,"shouldDisplayMessage":false,"attachmentsCount":0,"hasContent":false,"attachmentStep":false},{"name":"clear_allure_result_folder","time":{"start":1757812646215,"stop":1757812646215,"duration":0},"status":"passed","steps":[],"attachments":[],"parameters":[],"stepsCount":0,"shouldDisplayMessage":false,"attachmentsCount":0,"hasContent":false,"attachmentStep":false},{"name":"driver","time":{"start":1757813678595,"stop":1757813679834,"duration":1239},"status":"passed","steps":[],"attachments":[],"parameters":[],"stepsCount":0,"shouldDisplayMessage":false,"attachmentsCount":0,"hasContent":false,"attachmentStep":false}],"testStage":{"description":"\n            This test will check that the add to wishlist and add to compare buttons are visible on the screen\n            ","status":"skipped","statusMessage":"XFAIL In CI the test failed in PR#182\n\nselenium.common.exceptions.TimeoutException: Message: \nStacktrace:\n#0 0x55646638194a <unknown>\n#1 0x556465df68a0 <unknown>\n#2 0x556465e48540 <unknown>\n#3 0x556465e48731 <unknown>\n#4 0x556465e96824 <unknown>\n#5 0x556465e6e05d <unknown>\n#6 0x556465e93c23 <unknown>\n#7 0x556465e6de03 <unknown>\n#8 0x556465e3a968 <unknown>\n#9 0x556465e3b5e1 <unknown>\n#10 0x556466345548 <unknown>\n#11 0x556466349272 <unknown>\n#12 0x55646632c313 <unknown>\n#13 0x556466349dc5 <unknown>\n#14 0x55646631149f <unknown>\n#15 0x55646636e158 <unknown>\n#16 0x55646636e332 <unknown>\n#17 0x556466380a53 <unknown>\n#18 0x7f7b1609caa4 <unknown>\n#19 0x7f7b16129c3c <unknown>","statusTrace":"self = <test_main_page.TestMainPage.TestHotSellerSection object at 0x7f635ced80d0>\ndriver = <selenium.webdriver.chrome.webdriver.WebDriver (session=\"ad6b277f4323e470eddb357c983c0eae\")>\nitem = 'add_to_compare'\n\n    @pytest.mark.xfail(reason=\"In CI the test failed in PR#182\")\n    @allure.title(\"Check the display of the add to wish and add to compare buttons\")\n    @pytest.mark.parametrize(\"item\", product_card_button)\n    def test_tc_06_01_15_check_the_display_of_the_card_buttons(self, driver, item):\n        \"\"\"\n        This test will check that the add to wishlist and add to compare buttons are visible on the screen\n        \"\"\"\n        page = MainPage(driver, MAIN_PAGE_URL)\n        page.open()\n>       check_display = page.check_element_display(item)\n\ntests/test_main_page.py:96: \n_ _ _ _ _ _ _ _ _ _ _ _ _ _ _ _ _ _ _ _ _ _ _ _ _ _ _ _ _ _ _ _ _ _ _ _ _ _ _ _ \npages/main_page.py:122: in check_element_display\n    product_card = self.element_is_visible(self.locators.PRODUCT_CARD)\npages/base_page.py:30: in element_is_visible\n    self.go_to_element(self.element_is_present(locator))\npages/base_page.py:51: in element_is_present\n    return wait(self.driver, timeout).until(EC.presence_of_element_located(locator))\n_ _ _ _ _ _ _ _ _ _ _ _ _ _ _ _ _ _ _ _ _ _ _ _ _ _ _ _ _ _ _ _ _ _ _ _ _ _ _ _ \n\nself = <selenium.webdriver.support.wait.WebDriverWait (session=\"ad6b277f4323e470eddb357c983c0eae\")>\nmethod = <function presence_of_element_located.<locals>._predicate at 0x7f635ecf3a60>\nmessage = ''\n\n    def until(self, method, message: str = \"\"):\n        \"\"\"Calls the method provided with the driver as an argument until the \\\n        return value does not evaluate to ``False``.\n    \n        :param method: callable(WebDriver)\n        :param message: optional message for :exc:`TimeoutException`\n        :returns: the result of the last call to `method`\n        :raises: :exc:`selenium.common.exceptions.TimeoutException` if timeout occurs\n        \"\"\"\n        screen = None\n        stacktrace = None\n    \n        end_time = time.monotonic() + self._timeout\n        while True:\n            try:\n                value = method(self._driver)\n                if value:\n                    return value\n            except self._ignored_exceptions as exc:\n                screen = getattr(exc, \"screen\", None)\n                stacktrace = getattr(exc, \"stacktrace\", None)\n            time.sleep(self._poll)\n            if time.monotonic() > end_time:\n                break\n>       raise TimeoutException(message, screen, stacktrace)\nE       selenium.common.exceptions.TimeoutException: Message: \nE       Stacktrace:\nE       #0 0x55646638194a <unknown>\nE       #1 0x556465df68a0 <unknown>\nE       #2 0x556465e48540 <unknown>\nE       #3 0x556465e48731 <unknown>\nE       #4 0x556465e96824 <unknown>\nE       #5 0x556465e6e05d <unknown>\nE       #6 0x556465e93c23 <unknown>\nE       #7 0x556465e6de03 <unknown>\nE       #8 0x556465e3a968 <unknown>\nE       #9 0x556465e3b5e1 <unknown>\nE       #10 0x556466345548 <unknown>\nE       #11 0x556466349272 <unknown>\nE       #12 0x55646632c313 <unknown>\nE       #13 0x556466349dc5 <unknown>\nE       #14 0x55646631149f <unknown>\nE       #15 0x55646636e158 <unknown>\nE       #16 0x55646636e332 <unknown>\nE       #17 0x556466380a53 <unknown>\nE       #18 0x7f7b1609caa4 <unknown>\nE       #19 0x7f7b16129c3c <unknown>\n\n/opt/hostedtoolcache/Python/3.11.13/x64/lib/python3.11/site-packages/selenium/webdriver/support/wait.py:95: TimeoutException","steps":[{"name":"Open a browser","time":{"start":1757813679834,"stop":1757813680052,"duration":218},"status":"passed","steps":[],"attachments":[],"parameters":[],"stepsCount":0,"shouldDisplayMessage":false,"attachmentsCount":0,"hasContent":false,"attachmentStep":false},{"name":"Checking the display of an element on the screen","time":{"start":1757813680052,"stop":1757813685152,"duration":5100},"status":"broken","statusMessage":"selenium.common.exceptions.TimeoutException: Message: \nStacktrace:\n#0 0x55646638194a <unknown>\n#1 0x556465df68a0 <unknown>\n#2 0x556465e48540 <unknown>\n#3 0x556465e48731 <unknown>\n#4 0x556465e96824 <unknown>\n#5 0x556465e6e05d <unknown>\n#6 0x556465e93c23 <unknown>\n#7 0x556465e6de03 <unknown>\n#8 0x556465e3a968 <unknown>\n#9 0x556465e3b5e1 <unknown>\n#10 0x556466345548 <unknown>\n#11 0x556466349272 <unknown>\n#12 0x55646632c313 <unknown>\n#13 0x556466349dc5 <unknown>\n#14 0x55646631149f <unknown>\n#15 0x55646636e158 <unknown>\n#16 0x55646636e332 <unknown>\n#17 0x556466380a53 <unknown>\n#18 0x7f7b1609caa4 <unknown>\n#19 0x7f7b16129c3c <unknown>\n\n","statusTrace":"  File \"/opt/hostedtoolcache/Python/3.11.13/x64/lib/python3.11/site-packages/allure_commons/_allure.py\", line 192, in impl\n    return func(*a, **kw)\n           ^^^^^^^^^^^^^^\n  File \"/home/runner/work/luma_project/luma_project/pages/main_page.py\", line 122, in check_element_display\n    product_card = self.element_is_visible(self.locators.PRODUCT_CARD)\n                   ^^^^^^^^^^^^^^^^^^^^^^^^^^^^^^^^^^^^^^^^^^^^^^^^^^^\n  File \"/opt/hostedtoolcache/Python/3.11.13/x64/lib/python3.11/site-packages/allure_commons/_allure.py\", line 192, in impl\n    return func(*a, **kw)\n           ^^^^^^^^^^^^^^\n  File \"/home/runner/work/luma_project/luma_project/pages/base_page.py\", line 30, in element_is_visible\n    self.go_to_element(self.element_is_present(locator))\n                       ^^^^^^^^^^^^^^^^^^^^^^^^^^^^^^^^\n  File \"/opt/hostedtoolcache/Python/3.11.13/x64/lib/python3.11/site-packages/allure_commons/_allure.py\", line 192, in impl\n    return func(*a, **kw)\n           ^^^^^^^^^^^^^^\n  File \"/home/runner/work/luma_project/luma_project/pages/base_page.py\", line 51, in element_is_present\n    return wait(self.driver, timeout).until(EC.presence_of_element_located(locator))\n           ^^^^^^^^^^^^^^^^^^^^^^^^^^^^^^^^^^^^^^^^^^^^^^^^^^^^^^^^^^^^^^^^^^^^^^^^^\n  File \"/opt/hostedtoolcache/Python/3.11.13/x64/lib/python3.11/site-packages/selenium/webdriver/support/wait.py\", line 95, in until\n    raise TimeoutException(message, screen, stacktrace)\n","steps":[{"name":"Find a visible element","time":{"start":1757813680052,"stop":1757813685152,"duration":5100},"status":"broken","statusMessage":"selenium.common.exceptions.TimeoutException: Message: \nStacktrace:\n#0 0x55646638194a <unknown>\n#1 0x556465df68a0 <unknown>\n#2 0x556465e48540 <unknown>\n#3 0x556465e48731 <unknown>\n#4 0x556465e96824 <unknown>\n#5 0x556465e6e05d <unknown>\n#6 0x556465e93c23 <unknown>\n#7 0x556465e6de03 <unknown>\n#8 0x556465e3a968 <unknown>\n#9 0x556465e3b5e1 <unknown>\n#10 0x556466345548 <unknown>\n#11 0x556466349272 <unknown>\n#12 0x55646632c313 <unknown>\n#13 0x556466349dc5 <unknown>\n#14 0x55646631149f <unknown>\n#15 0x55646636e158 <unknown>\n#16 0x55646636e332 <unknown>\n#17 0x556466380a53 <unknown>\n#18 0x7f7b1609caa4 <unknown>\n#19 0x7f7b16129c3c <unknown>\n\n","statusTrace":"  File \"/opt/hostedtoolcache/Python/3.11.13/x64/lib/python3.11/site-packages/allure_commons/_allure.py\", line 192, in impl\n    return func(*a, **kw)\n           ^^^^^^^^^^^^^^\n  File \"/home/runner/work/luma_project/luma_project/pages/base_page.py\", line 30, in element_is_visible\n    self.go_to_element(self.element_is_present(locator))\n                       ^^^^^^^^^^^^^^^^^^^^^^^^^^^^^^^^\n  File \"/opt/hostedtoolcache/Python/3.11.13/x64/lib/python3.11/site-packages/allure_commons/_allure.py\", line 192, in impl\n    return func(*a, **kw)\n           ^^^^^^^^^^^^^^\n  File \"/home/runner/work/luma_project/luma_project/pages/base_page.py\", line 51, in element_is_present\n    return wait(self.driver, timeout).until(EC.presence_of_element_located(locator))\n           ^^^^^^^^^^^^^^^^^^^^^^^^^^^^^^^^^^^^^^^^^^^^^^^^^^^^^^^^^^^^^^^^^^^^^^^^^\n  File \"/opt/hostedtoolcache/Python/3.11.13/x64/lib/python3.11/site-packages/selenium/webdriver/support/wait.py\", line 95, in until\n    raise TimeoutException(message, screen, stacktrace)\n","steps":[{"name":"Find a present element","time":{"start":1757813680052,"stop":1757813685151,"duration":5099},"status":"broken","statusMessage":"selenium.common.exceptions.TimeoutException: Message: \nStacktrace:\n#0 0x55646638194a <unknown>\n#1 0x556465df68a0 <unknown>\n#2 0x556465e48540 <unknown>\n#3 0x556465e48731 <unknown>\n#4 0x556465e96824 <unknown>\n#5 0x556465e6e05d <unknown>\n#6 0x556465e93c23 <unknown>\n#7 0x556465e6de03 <unknown>\n#8 0x556465e3a968 <unknown>\n#9 0x556465e3b5e1 <unknown>\n#10 0x556466345548 <unknown>\n#11 0x556466349272 <unknown>\n#12 0x55646632c313 <unknown>\n#13 0x556466349dc5 <unknown>\n#14 0x55646631149f <unknown>\n#15 0x55646636e158 <unknown>\n#16 0x55646636e332 <unknown>\n#17 0x556466380a53 <unknown>\n#18 0x7f7b1609caa4 <unknown>\n#19 0x7f7b16129c3c <unknown>\n\n","statusTrace":"  File \"/opt/hostedtoolcache/Python/3.11.13/x64/lib/python3.11/site-packages/allure_commons/_allure.py\", line 192, in impl\n    return func(*a, **kw)\n           ^^^^^^^^^^^^^^\n  File \"/home/runner/work/luma_project/luma_project/pages/base_page.py\", line 51, in element_is_present\n    return wait(self.driver, timeout).until(EC.presence_of_element_located(locator))\n           ^^^^^^^^^^^^^^^^^^^^^^^^^^^^^^^^^^^^^^^^^^^^^^^^^^^^^^^^^^^^^^^^^^^^^^^^^\n  File \"/opt/hostedtoolcache/Python/3.11.13/x64/lib/python3.11/site-packages/selenium/webdriver/support/wait.py\", line 95, in until\n    raise TimeoutException(message, screen, stacktrace)\n","steps":[],"attachments":[],"parameters":[{"name":"locator","value":"('css selector', \"li[class='product-item']:nth-child(2) div[class='product-item-info']\")"},{"name":"timeout","value":"5"}],"stepsCount":0,"shouldDisplayMessage":true,"attachmentsCount":0,"hasContent":true,"attachmentStep":false}],"attachments":[],"parameters":[{"name":"locator","value":"('css selector', \"li[class='product-item']:nth-child(2) div[class='product-item-info']\")"},{"name":"timeout","value":"10"}],"stepsCount":1,"shouldDisplayMessage":false,"attachmentsCount":0,"hasContent":true,"attachmentStep":false}],"attachments":[],"parameters":[{"name":"item","value":"'add_to_compare'"}],"stepsCount":2,"shouldDisplayMessage":false,"attachmentsCount":0,"hasContent":true,"attachmentStep":false}],"attachments":[{"uid":"d6bc02e5d9fbb2bc","name":"Screenshot","source":"d6bc02e5d9fbb2bc.png","type":"image/png","size":23875},{"uid":"25653588d3176c0","name":"HTML source","source":"25653588d3176c0.html","type":"text/html","size":786}],"parameters":[],"stepsCount":4,"shouldDisplayMessage":true,"attachmentsCount":2,"hasContent":true,"attachmentStep":false},"afterStages":[{"name":"driver::0","time":{"start":1757813685233,"stop":1757813685293,"duration":60},"status":"passed","steps":[],"attachments":[],"parameters":[],"stepsCount":0,"shouldDisplayMessage":false,"attachmentsCount":0,"hasContent":false,"attachmentStep":false},{"name":"clear_allure_result_folder::0","time":{"start":1757815056359,"stop":1757815056359,"duration":0},"status":"passed","steps":[],"attachments":[],"parameters":[],"stepsCount":0,"shouldDisplayMessage":false,"attachmentsCount":0,"hasContent":false,"attachmentStep":false}],"labels":[{"name":"feature","value":"Testing Hot Seller Section"},{"name":"epic","value":"Main Page"},{"name":"tag","value":"@pytest.mark.xfail(reason='In CI the test failed in PR#182')"},{"name":"parentSuite","value":"tests"},{"name":"suite","value":"test_main_page"},{"name":"subSuite","value":"TestMainPage"},{"name":"host","value":"runnervmf4ws1"},{"name":"thread","value":"2948-MainThread"},{"name":"framework","value":"pytest"},{"name":"language","value":"cpython3"},{"name":"package","value":"tests.test_main_page"},{"name":"resultFormat","value":"allure2"}],"parameters":[{"name":"item","value":"'add_to_compare'"}],"links":[],"hidden":false,"retry":false,"extra":{"severity":"normal","retries":[],"categories":[],"tags":["@pytest.mark.xfail(reason='In CI the test failed in PR#182')"]},"source":"7a841521cf3ebc9d.json","parameterValues":["'add_to_compare'"]}