{"uid":"c94d225913d2c97a","name":"TC 13.02.04 - Check the link in section 2 block 3 'home-erin' in the Promo Block leads to the correct page","fullName":"tests.test_main_page.TestPromoBlock#test_tc_13_02_04_check_section2_block3_link","historyId":"5d3b0b6226171412707a07ee4e2e97aa","time":{"start":1757813982538,"stop":1757813987866,"duration":5328},"description":"Check that link in section 2 block 3 'home-erin' is correct","descriptionHtml":"<p>Check that link in section 2 block 3 'home-erin' is correct</p>\n","status":"broken","statusMessage":"selenium.common.exceptions.TimeoutException: Message: \nStacktrace:\n#0 0x56421838194a <unknown>\n#1 0x564217df68a0 <unknown>\n#2 0x564217e48540 <unknown>\n#3 0x564217e48731 <unknown>\n#4 0x564217e96824 <unknown>\n#5 0x564217e6e05d <unknown>\n#6 0x564217e93c23 <unknown>\n#7 0x564217e6de03 <unknown>\n#8 0x564217e3a968 <unknown>\n#9 0x564217e3b5e1 <unknown>\n#10 0x564218345548 <unknown>\n#11 0x564218349272 <unknown>\n#12 0x56421832c313 <unknown>\n#13 0x564218349dc5 <unknown>\n#14 0x56421831149f <unknown>\n#15 0x56421836e158 <unknown>\n#16 0x56421836e332 <unknown>\n#17 0x564218380a53 <unknown>\n#18 0x7fc530a9caa4 <unknown>\n#19 0x7fc530b29c3c <unknown>","statusTrace":"self = <test_main_page.TestMainPage.TestPromoBlock object at 0x7f635e9e3c10>\ndriver = <selenium.webdriver.chrome.webdriver.WebDriver (session=\"45780190eb637dcdb6d5ee0743d1200d\")>\n\n    @allure.title(\"TC 13.02.04 - Check the link in section 2 block 3 'home-erin' in the Promo Block \"\n                  \"leads to the correct page\")\n    def test_tc_13_02_04_check_section2_block3_link(self, driver):\n        \"\"\"Check that link in section 2 block 3 'home-erin' is correct\"\"\"\n        page = PromoBlock(driver, MAIN_PAGE_URL)\n        page.open()\n>       page.check_section2_block3_link()\n\ntests/test_main_page.py:723: \n_ _ _ _ _ _ _ _ _ _ _ _ _ _ _ _ _ _ _ _ _ _ _ _ _ _ _ _ _ _ _ _ _ _ _ _ _ _ _ _ \npages/main_page.py:400: in check_section2_block3_link\n    section2_block3 = self.element_is_visible(self.locators.SECTION_2_BLOCK_3)\npages/base_page.py:30: in element_is_visible\n    self.go_to_element(self.element_is_present(locator))\npages/base_page.py:51: in element_is_present\n    return wait(self.driver, timeout).until(EC.presence_of_element_located(locator))\n_ _ _ _ _ _ _ _ _ _ _ _ _ _ _ _ _ _ _ _ _ _ _ _ _ _ _ _ _ _ _ _ _ _ _ _ _ _ _ _ \n\nself = <selenium.webdriver.support.wait.WebDriverWait (session=\"45780190eb637dcdb6d5ee0743d1200d\")>\nmethod = <function presence_of_element_located.<locals>._predicate at 0x7f635ebc9080>\nmessage = ''\n\n    def until(self, method, message: str = \"\"):\n        \"\"\"Calls the method provided with the driver as an argument until the \\\n        return value does not evaluate to ``False``.\n    \n        :param method: callable(WebDriver)\n        :param message: optional message for :exc:`TimeoutException`\n        :returns: the result of the last call to `method`\n        :raises: :exc:`selenium.common.exceptions.TimeoutException` if timeout occurs\n        \"\"\"\n        screen = None\n        stacktrace = None\n    \n        end_time = time.monotonic() + self._timeout\n        while True:\n            try:\n                value = method(self._driver)\n                if value:\n                    return value\n            except self._ignored_exceptions as exc:\n                screen = getattr(exc, \"screen\", None)\n                stacktrace = getattr(exc, \"stacktrace\", None)\n            time.sleep(self._poll)\n            if time.monotonic() > end_time:\n                break\n>       raise TimeoutException(message, screen, stacktrace)\nE       selenium.common.exceptions.TimeoutException: Message: \nE       Stacktrace:\nE       #0 0x56421838194a <unknown>\nE       #1 0x564217df68a0 <unknown>\nE       #2 0x564217e48540 <unknown>\nE       #3 0x564217e48731 <unknown>\nE       #4 0x564217e96824 <unknown>\nE       #5 0x564217e6e05d <unknown>\nE       #6 0x564217e93c23 <unknown>\nE       #7 0x564217e6de03 <unknown>\nE       #8 0x564217e3a968 <unknown>\nE       #9 0x564217e3b5e1 <unknown>\nE       #10 0x564218345548 <unknown>\nE       #11 0x564218349272 <unknown>\nE       #12 0x56421832c313 <unknown>\nE       #13 0x564218349dc5 <unknown>\nE       #14 0x56421831149f <unknown>\nE       #15 0x56421836e158 <unknown>\nE       #16 0x56421836e332 <unknown>\nE       #17 0x564218380a53 <unknown>\nE       #18 0x7fc530a9caa4 <unknown>\nE       #19 0x7fc530b29c3c <unknown>\n\n/opt/hostedtoolcache/Python/3.11.13/x64/lib/python3.11/site-packages/selenium/webdriver/support/wait.py:95: TimeoutException","flaky":false,"newFailed":false,"newBroken":false,"newPassed":false,"retriesCount":0,"retriesStatusChange":false,"beforeStages":[{"name":"_session_faker","time":{"start":1757812646155,"stop":1757812646215,"duration":60},"status":"passed","steps":[],"attachments":[],"parameters":[],"stepsCount":0,"shouldDisplayMessage":false,"attachmentsCount":0,"hasContent":false,"attachmentStep":false},{"name":"clear_allure_result_folder","time":{"start":1757812646215,"stop":1757812646215,"duration":0},"status":"passed","steps":[],"attachments":[],"parameters":[],"stepsCount":0,"shouldDisplayMessage":false,"attachmentsCount":0,"hasContent":false,"attachmentStep":false},{"name":"driver","time":{"start":1757813981300,"stop":1757813982538,"duration":1238},"status":"passed","steps":[],"attachments":[],"parameters":[],"stepsCount":0,"shouldDisplayMessage":false,"attachmentsCount":0,"hasContent":false,"attachmentStep":false}],"testStage":{"description":"Check that link in section 2 block 3 'home-erin' is correct","status":"broken","statusMessage":"selenium.common.exceptions.TimeoutException: Message: \nStacktrace:\n#0 0x56421838194a <unknown>\n#1 0x564217df68a0 <unknown>\n#2 0x564217e48540 <unknown>\n#3 0x564217e48731 <unknown>\n#4 0x564217e96824 <unknown>\n#5 0x564217e6e05d <unknown>\n#6 0x564217e93c23 <unknown>\n#7 0x564217e6de03 <unknown>\n#8 0x564217e3a968 <unknown>\n#9 0x564217e3b5e1 <unknown>\n#10 0x564218345548 <unknown>\n#11 0x564218349272 <unknown>\n#12 0x56421832c313 <unknown>\n#13 0x564218349dc5 <unknown>\n#14 0x56421831149f <unknown>\n#15 0x56421836e158 <unknown>\n#16 0x56421836e332 <unknown>\n#17 0x564218380a53 <unknown>\n#18 0x7fc530a9caa4 <unknown>\n#19 0x7fc530b29c3c <unknown>","statusTrace":"self = <test_main_page.TestMainPage.TestPromoBlock object at 0x7f635e9e3c10>\ndriver = <selenium.webdriver.chrome.webdriver.WebDriver (session=\"45780190eb637dcdb6d5ee0743d1200d\")>\n\n    @allure.title(\"TC 13.02.04 - Check the link in section 2 block 3 'home-erin' in the Promo Block \"\n                  \"leads to the correct page\")\n    def test_tc_13_02_04_check_section2_block3_link(self, driver):\n        \"\"\"Check that link in section 2 block 3 'home-erin' is correct\"\"\"\n        page = PromoBlock(driver, MAIN_PAGE_URL)\n        page.open()\n>       page.check_section2_block3_link()\n\ntests/test_main_page.py:723: \n_ _ _ _ _ _ _ _ _ _ _ _ _ _ _ _ _ _ _ _ _ _ _ _ _ _ _ _ _ _ _ _ _ _ _ _ _ _ _ _ \npages/main_page.py:400: in check_section2_block3_link\n    section2_block3 = self.element_is_visible(self.locators.SECTION_2_BLOCK_3)\npages/base_page.py:30: in element_is_visible\n    self.go_to_element(self.element_is_present(locator))\npages/base_page.py:51: in element_is_present\n    return wait(self.driver, timeout).until(EC.presence_of_element_located(locator))\n_ _ _ _ _ _ _ _ _ _ _ _ _ _ _ _ _ _ _ _ _ _ _ _ _ _ _ _ _ _ _ _ _ _ _ _ _ _ _ _ \n\nself = <selenium.webdriver.support.wait.WebDriverWait (session=\"45780190eb637dcdb6d5ee0743d1200d\")>\nmethod = <function presence_of_element_located.<locals>._predicate at 0x7f635ebc9080>\nmessage = ''\n\n    def until(self, method, message: str = \"\"):\n        \"\"\"Calls the method provided with the driver as an argument until the \\\n        return value does not evaluate to ``False``.\n    \n        :param method: callable(WebDriver)\n        :param message: optional message for :exc:`TimeoutException`\n        :returns: the result of the last call to `method`\n        :raises: :exc:`selenium.common.exceptions.TimeoutException` if timeout occurs\n        \"\"\"\n        screen = None\n        stacktrace = None\n    \n        end_time = time.monotonic() + self._timeout\n        while True:\n            try:\n                value = method(self._driver)\n                if value:\n                    return value\n            except self._ignored_exceptions as exc:\n                screen = getattr(exc, \"screen\", None)\n                stacktrace = getattr(exc, \"stacktrace\", None)\n            time.sleep(self._poll)\n            if time.monotonic() > end_time:\n                break\n>       raise TimeoutException(message, screen, stacktrace)\nE       selenium.common.exceptions.TimeoutException: Message: \nE       Stacktrace:\nE       #0 0x56421838194a <unknown>\nE       #1 0x564217df68a0 <unknown>\nE       #2 0x564217e48540 <unknown>\nE       #3 0x564217e48731 <unknown>\nE       #4 0x564217e96824 <unknown>\nE       #5 0x564217e6e05d <unknown>\nE       #6 0x564217e93c23 <unknown>\nE       #7 0x564217e6de03 <unknown>\nE       #8 0x564217e3a968 <unknown>\nE       #9 0x564217e3b5e1 <unknown>\nE       #10 0x564218345548 <unknown>\nE       #11 0x564218349272 <unknown>\nE       #12 0x56421832c313 <unknown>\nE       #13 0x564218349dc5 <unknown>\nE       #14 0x56421831149f <unknown>\nE       #15 0x56421836e158 <unknown>\nE       #16 0x56421836e332 <unknown>\nE       #17 0x564218380a53 <unknown>\nE       #18 0x7fc530a9caa4 <unknown>\nE       #19 0x7fc530b29c3c <unknown>\n\n/opt/hostedtoolcache/Python/3.11.13/x64/lib/python3.11/site-packages/selenium/webdriver/support/wait.py:95: TimeoutException","steps":[{"name":"Open a browser","time":{"start":1757813982539,"stop":1757813982768,"duration":229},"status":"passed","steps":[],"attachments":[],"parameters":[],"stepsCount":0,"shouldDisplayMessage":false,"attachmentsCount":0,"hasContent":false,"attachmentStep":false},{"name":"Check the link in section 2 block 3 'home-erin' in the Promo Block leads to the correct page","time":{"start":1757813982768,"stop":1757813987865,"duration":5097},"status":"broken","statusMessage":"selenium.common.exceptions.TimeoutException: Message: \nStacktrace:\n#0 0x56421838194a <unknown>\n#1 0x564217df68a0 <unknown>\n#2 0x564217e48540 <unknown>\n#3 0x564217e48731 <unknown>\n#4 0x564217e96824 <unknown>\n#5 0x564217e6e05d <unknown>\n#6 0x564217e93c23 <unknown>\n#7 0x564217e6de03 <unknown>\n#8 0x564217e3a968 <unknown>\n#9 0x564217e3b5e1 <unknown>\n#10 0x564218345548 <unknown>\n#11 0x564218349272 <unknown>\n#12 0x56421832c313 <unknown>\n#13 0x564218349dc5 <unknown>\n#14 0x56421831149f <unknown>\n#15 0x56421836e158 <unknown>\n#16 0x56421836e332 <unknown>\n#17 0x564218380a53 <unknown>\n#18 0x7fc530a9caa4 <unknown>\n#19 0x7fc530b29c3c <unknown>\n\n","statusTrace":"  File \"/opt/hostedtoolcache/Python/3.11.13/x64/lib/python3.11/site-packages/allure_commons/_allure.py\", line 192, in impl\n    return func(*a, **kw)\n           ^^^^^^^^^^^^^^\n  File \"/home/runner/work/luma_project/luma_project/pages/main_page.py\", line 400, in check_section2_block3_link\n    section2_block3 = self.element_is_visible(self.locators.SECTION_2_BLOCK_3)\n                      ^^^^^^^^^^^^^^^^^^^^^^^^^^^^^^^^^^^^^^^^^^^^^^^^^^^^^^^^\n  File \"/opt/hostedtoolcache/Python/3.11.13/x64/lib/python3.11/site-packages/allure_commons/_allure.py\", line 192, in impl\n    return func(*a, **kw)\n           ^^^^^^^^^^^^^^\n  File \"/home/runner/work/luma_project/luma_project/pages/base_page.py\", line 30, in element_is_visible\n    self.go_to_element(self.element_is_present(locator))\n                       ^^^^^^^^^^^^^^^^^^^^^^^^^^^^^^^^\n  File \"/opt/hostedtoolcache/Python/3.11.13/x64/lib/python3.11/site-packages/allure_commons/_allure.py\", line 192, in impl\n    return func(*a, **kw)\n           ^^^^^^^^^^^^^^\n  File \"/home/runner/work/luma_project/luma_project/pages/base_page.py\", line 51, in element_is_present\n    return wait(self.driver, timeout).until(EC.presence_of_element_located(locator))\n           ^^^^^^^^^^^^^^^^^^^^^^^^^^^^^^^^^^^^^^^^^^^^^^^^^^^^^^^^^^^^^^^^^^^^^^^^^\n  File \"/opt/hostedtoolcache/Python/3.11.13/x64/lib/python3.11/site-packages/selenium/webdriver/support/wait.py\", line 95, in until\n    raise TimeoutException(message, screen, stacktrace)\n","steps":[{"name":"Find a visible element","time":{"start":1757813982768,"stop":1757813987865,"duration":5097},"status":"broken","statusMessage":"selenium.common.exceptions.TimeoutException: Message: \nStacktrace:\n#0 0x56421838194a <unknown>\n#1 0x564217df68a0 <unknown>\n#2 0x564217e48540 <unknown>\n#3 0x564217e48731 <unknown>\n#4 0x564217e96824 <unknown>\n#5 0x564217e6e05d <unknown>\n#6 0x564217e93c23 <unknown>\n#7 0x564217e6de03 <unknown>\n#8 0x564217e3a968 <unknown>\n#9 0x564217e3b5e1 <unknown>\n#10 0x564218345548 <unknown>\n#11 0x564218349272 <unknown>\n#12 0x56421832c313 <unknown>\n#13 0x564218349dc5 <unknown>\n#14 0x56421831149f <unknown>\n#15 0x56421836e158 <unknown>\n#16 0x56421836e332 <unknown>\n#17 0x564218380a53 <unknown>\n#18 0x7fc530a9caa4 <unknown>\n#19 0x7fc530b29c3c <unknown>\n\n","statusTrace":"  File \"/opt/hostedtoolcache/Python/3.11.13/x64/lib/python3.11/site-packages/allure_commons/_allure.py\", line 192, in impl\n    return func(*a, **kw)\n           ^^^^^^^^^^^^^^\n  File \"/home/runner/work/luma_project/luma_project/pages/base_page.py\", line 30, in element_is_visible\n    self.go_to_element(self.element_is_present(locator))\n                       ^^^^^^^^^^^^^^^^^^^^^^^^^^^^^^^^\n  File \"/opt/hostedtoolcache/Python/3.11.13/x64/lib/python3.11/site-packages/allure_commons/_allure.py\", line 192, in impl\n    return func(*a, **kw)\n           ^^^^^^^^^^^^^^\n  File \"/home/runner/work/luma_project/luma_project/pages/base_page.py\", line 51, in element_is_present\n    return wait(self.driver, timeout).until(EC.presence_of_element_located(locator))\n           ^^^^^^^^^^^^^^^^^^^^^^^^^^^^^^^^^^^^^^^^^^^^^^^^^^^^^^^^^^^^^^^^^^^^^^^^^\n  File \"/opt/hostedtoolcache/Python/3.11.13/x64/lib/python3.11/site-packages/selenium/webdriver/support/wait.py\", line 95, in until\n    raise TimeoutException(message, screen, stacktrace)\n","steps":[{"name":"Find a present element","time":{"start":1757813982768,"stop":1757813987865,"duration":5097},"status":"broken","statusMessage":"selenium.common.exceptions.TimeoutException: Message: \nStacktrace:\n#0 0x56421838194a <unknown>\n#1 0x564217df68a0 <unknown>\n#2 0x564217e48540 <unknown>\n#3 0x564217e48731 <unknown>\n#4 0x564217e96824 <unknown>\n#5 0x564217e6e05d <unknown>\n#6 0x564217e93c23 <unknown>\n#7 0x564217e6de03 <unknown>\n#8 0x564217e3a968 <unknown>\n#9 0x564217e3b5e1 <unknown>\n#10 0x564218345548 <unknown>\n#11 0x564218349272 <unknown>\n#12 0x56421832c313 <unknown>\n#13 0x564218349dc5 <unknown>\n#14 0x56421831149f <unknown>\n#15 0x56421836e158 <unknown>\n#16 0x56421836e332 <unknown>\n#17 0x564218380a53 <unknown>\n#18 0x7fc530a9caa4 <unknown>\n#19 0x7fc530b29c3c <unknown>\n\n","statusTrace":"  File \"/opt/hostedtoolcache/Python/3.11.13/x64/lib/python3.11/site-packages/allure_commons/_allure.py\", line 192, in impl\n    return func(*a, **kw)\n           ^^^^^^^^^^^^^^\n  File \"/home/runner/work/luma_project/luma_project/pages/base_page.py\", line 51, in element_is_present\n    return wait(self.driver, timeout).until(EC.presence_of_element_located(locator))\n           ^^^^^^^^^^^^^^^^^^^^^^^^^^^^^^^^^^^^^^^^^^^^^^^^^^^^^^^^^^^^^^^^^^^^^^^^^\n  File \"/opt/hostedtoolcache/Python/3.11.13/x64/lib/python3.11/site-packages/selenium/webdriver/support/wait.py\", line 95, in until\n    raise TimeoutException(message, screen, stacktrace)\n","steps":[],"attachments":[],"parameters":[{"name":"locator","value":"('css selector', '.home-erin')"},{"name":"timeout","value":"5"}],"stepsCount":0,"shouldDisplayMessage":true,"attachmentsCount":0,"hasContent":true,"attachmentStep":false}],"attachments":[],"parameters":[{"name":"locator","value":"('css selector', '.home-erin')"},{"name":"timeout","value":"10"}],"stepsCount":1,"shouldDisplayMessage":false,"attachmentsCount":0,"hasContent":true,"attachmentStep":false}],"attachments":[],"parameters":[],"stepsCount":2,"shouldDisplayMessage":false,"attachmentsCount":0,"hasContent":true,"attachmentStep":false}],"attachments":[{"uid":"ff222d99a516afab","name":"Screenshot","source":"ff222d99a516afab.png","type":"image/png","size":23875},{"uid":"f8a9ee2c948a534e","name":"HTML source","source":"f8a9ee2c948a534e.html","type":"text/html","size":786}],"parameters":[],"stepsCount":4,"shouldDisplayMessage":true,"attachmentsCount":2,"hasContent":true,"attachmentStep":false},"afterStages":[{"name":"driver::0","time":{"start":1757813987937,"stop":1757813987997,"duration":60},"status":"passed","steps":[],"attachments":[],"parameters":[],"stepsCount":0,"shouldDisplayMessage":false,"attachmentsCount":0,"hasContent":false,"attachmentStep":false},{"name":"clear_allure_result_folder::0","time":{"start":1757815056359,"stop":1757815056359,"duration":0},"status":"passed","steps":[],"attachments":[],"parameters":[],"stepsCount":0,"shouldDisplayMessage":false,"attachmentsCount":0,"hasContent":false,"attachmentStep":false}],"labels":[{"name":"feature","value":"Promo Block Testing"},{"name":"epic","value":"Main Page"},{"name":"parentSuite","value":"tests"},{"name":"suite","value":"test_main_page"},{"name":"subSuite","value":"TestMainPage"},{"name":"host","value":"runnervmf4ws1"},{"name":"thread","value":"2948-MainThread"},{"name":"framework","value":"pytest"},{"name":"language","value":"cpython3"},{"name":"package","value":"tests.test_main_page"},{"name":"resultFormat","value":"allure2"}],"parameters":[],"links":[],"hidden":false,"retry":false,"extra":{"severity":"normal","retries":[],"categories":[{"name":"Test defects","matchedStatuses":[],"flaky":false}],"tags":[]},"source":"c94d225913d2c97a.json","parameterValues":[]}