{"uid":"c9ac5a8f3214aabc","name":"TC 10.04.13 - Verify the text in 3-columns block - sale-free-shipping","fullName":"tests.test_sale.TestPromoBlocks#test_tc_10_04_13","historyId":"e2658c4f9533cc92867f2be71127550f","time":{"start":1757814490342,"stop":1757814495445,"duration":5103},"description":"Check title-text and content-text in 3-columns block - sale-free-shipping","descriptionHtml":"<p>Check title-text and content-text in 3-columns block - sale-free-shipping</p>\n","status":"broken","statusMessage":"selenium.common.exceptions.TimeoutException: Message: \nStacktrace:\n#0 0x556d62bc594a <unknown>\n#1 0x556d6263a8a0 <unknown>\n#2 0x556d6268c540 <unknown>\n#3 0x556d6268c731 <unknown>\n#4 0x556d626da824 <unknown>\n#5 0x556d626b205d <unknown>\n#6 0x556d626d7c23 <unknown>\n#7 0x556d626b1e03 <unknown>\n#8 0x556d6267e968 <unknown>\n#9 0x556d6267f5e1 <unknown>\n#10 0x556d62b89548 <unknown>\n#11 0x556d62b8d272 <unknown>\n#12 0x556d62b70313 <unknown>\n#13 0x556d62b8ddc5 <unknown>\n#14 0x556d62b5549f <unknown>\n#15 0x556d62bb2158 <unknown>\n#16 0x556d62bb2332 <unknown>\n#17 0x556d62bc4a53 <unknown>\n#18 0x7fe658e9caa4 <unknown>\n#19 0x7fe658f29c3c <unknown>","statusTrace":"self = <test_sale.TestSalePage.TestPromoBlocks object at 0x7f635ce853d0>\nsale_page = <pages.sale_page.SalePage object at 0x7f635e68f910>\n\n    @allure.title(\"TC 10.04.13 - Verify the text in 3-columns block - sale-free-shipping\")\n    def test_tc_10_04_13(self, sale_page):\n        \"\"\"Check title-text and content-text in 3-columns block - sale-free-shipping\"\"\"\n>       title = sale_page.check_title_text_in_second_block()\n\ntests/test_sale.py:225: \n_ _ _ _ _ _ _ _ _ _ _ _ _ _ _ _ _ _ _ _ _ _ _ _ _ _ _ _ _ _ _ _ _ _ _ _ _ _ _ _ \npages/sale_page.py:115: in check_title_text_in_second_block\n    second_block_title = self.element_is_visible(self.promo_blocks_locators.SECOND_COLUMN_TITLE)\npages/base_page.py:30: in element_is_visible\n    self.go_to_element(self.element_is_present(locator))\npages/base_page.py:51: in element_is_present\n    return wait(self.driver, timeout).until(EC.presence_of_element_located(locator))\n_ _ _ _ _ _ _ _ _ _ _ _ _ _ _ _ _ _ _ _ _ _ _ _ _ _ _ _ _ _ _ _ _ _ _ _ _ _ _ _ \n\nself = <selenium.webdriver.support.wait.WebDriverWait (session=\"54cd0287ed1a92439ce0bcc536137978\")>\nmethod = <function presence_of_element_located.<locals>._predicate at 0x7f635e4db060>\nmessage = ''\n\n    def until(self, method, message: str = \"\"):\n        \"\"\"Calls the method provided with the driver as an argument until the \\\n        return value does not evaluate to ``False``.\n    \n        :param method: callable(WebDriver)\n        :param message: optional message for :exc:`TimeoutException`\n        :returns: the result of the last call to `method`\n        :raises: :exc:`selenium.common.exceptions.TimeoutException` if timeout occurs\n        \"\"\"\n        screen = None\n        stacktrace = None\n    \n        end_time = time.monotonic() + self._timeout\n        while True:\n            try:\n                value = method(self._driver)\n                if value:\n                    return value\n            except self._ignored_exceptions as exc:\n                screen = getattr(exc, \"screen\", None)\n                stacktrace = getattr(exc, \"stacktrace\", None)\n            time.sleep(self._poll)\n            if time.monotonic() > end_time:\n                break\n>       raise TimeoutException(message, screen, stacktrace)\nE       selenium.common.exceptions.TimeoutException: Message: \nE       Stacktrace:\nE       #0 0x556d62bc594a <unknown>\nE       #1 0x556d6263a8a0 <unknown>\nE       #2 0x556d6268c540 <unknown>\nE       #3 0x556d6268c731 <unknown>\nE       #4 0x556d626da824 <unknown>\nE       #5 0x556d626b205d <unknown>\nE       #6 0x556d626d7c23 <unknown>\nE       #7 0x556d626b1e03 <unknown>\nE       #8 0x556d6267e968 <unknown>\nE       #9 0x556d6267f5e1 <unknown>\nE       #10 0x556d62b89548 <unknown>\nE       #11 0x556d62b8d272 <unknown>\nE       #12 0x556d62b70313 <unknown>\nE       #13 0x556d62b8ddc5 <unknown>\nE       #14 0x556d62b5549f <unknown>\nE       #15 0x556d62bb2158 <unknown>\nE       #16 0x556d62bb2332 <unknown>\nE       #17 0x556d62bc4a53 <unknown>\nE       #18 0x7fe658e9caa4 <unknown>\nE       #19 0x7fe658f29c3c <unknown>\n\n/opt/hostedtoolcache/Python/3.11.13/x64/lib/python3.11/site-packages/selenium/webdriver/support/wait.py:95: TimeoutException","flaky":false,"newFailed":false,"newBroken":false,"newPassed":false,"retriesCount":0,"retriesStatusChange":false,"beforeStages":[{"name":"_session_faker","time":{"start":1757812646155,"stop":1757812646215,"duration":60},"status":"passed","steps":[],"attachments":[],"parameters":[],"stepsCount":0,"shouldDisplayMessage":false,"attachmentsCount":0,"hasContent":false,"attachmentStep":false},{"name":"clear_allure_result_folder","time":{"start":1757812646215,"stop":1757812646215,"duration":0},"status":"passed","steps":[],"attachments":[],"parameters":[],"stepsCount":0,"shouldDisplayMessage":false,"attachmentsCount":0,"hasContent":false,"attachmentStep":false},{"name":"driver","time":{"start":1757814488938,"stop":1757814490182,"duration":1244},"status":"passed","steps":[],"attachments":[],"parameters":[],"stepsCount":0,"shouldDisplayMessage":false,"attachmentsCount":0,"hasContent":false,"attachmentStep":false},{"name":"sale_page","time":{"start":1757814490182,"stop":1757814490342,"duration":160},"status":"passed","steps":[{"name":"Open a browser","time":{"start":1757814490182,"stop":1757814490342,"duration":160},"status":"passed","steps":[],"attachments":[],"parameters":[],"stepsCount":0,"shouldDisplayMessage":false,"attachmentsCount":0,"hasContent":false,"attachmentStep":false}],"attachments":[],"parameters":[],"stepsCount":1,"shouldDisplayMessage":false,"attachmentsCount":0,"hasContent":true,"attachmentStep":false}],"testStage":{"description":"Check title-text and content-text in 3-columns block - sale-free-shipping","status":"broken","statusMessage":"selenium.common.exceptions.TimeoutException: Message: \nStacktrace:\n#0 0x556d62bc594a <unknown>\n#1 0x556d6263a8a0 <unknown>\n#2 0x556d6268c540 <unknown>\n#3 0x556d6268c731 <unknown>\n#4 0x556d626da824 <unknown>\n#5 0x556d626b205d <unknown>\n#6 0x556d626d7c23 <unknown>\n#7 0x556d626b1e03 <unknown>\n#8 0x556d6267e968 <unknown>\n#9 0x556d6267f5e1 <unknown>\n#10 0x556d62b89548 <unknown>\n#11 0x556d62b8d272 <unknown>\n#12 0x556d62b70313 <unknown>\n#13 0x556d62b8ddc5 <unknown>\n#14 0x556d62b5549f <unknown>\n#15 0x556d62bb2158 <unknown>\n#16 0x556d62bb2332 <unknown>\n#17 0x556d62bc4a53 <unknown>\n#18 0x7fe658e9caa4 <unknown>\n#19 0x7fe658f29c3c <unknown>","statusTrace":"self = <test_sale.TestSalePage.TestPromoBlocks object at 0x7f635ce853d0>\nsale_page = <pages.sale_page.SalePage object at 0x7f635e68f910>\n\n    @allure.title(\"TC 10.04.13 - Verify the text in 3-columns block - sale-free-shipping\")\n    def test_tc_10_04_13(self, sale_page):\n        \"\"\"Check title-text and content-text in 3-columns block - sale-free-shipping\"\"\"\n>       title = sale_page.check_title_text_in_second_block()\n\ntests/test_sale.py:225: \n_ _ _ _ _ _ _ _ _ _ _ _ _ _ _ _ _ _ _ _ _ _ _ _ _ _ _ _ _ _ _ _ _ _ _ _ _ _ _ _ \npages/sale_page.py:115: in check_title_text_in_second_block\n    second_block_title = self.element_is_visible(self.promo_blocks_locators.SECOND_COLUMN_TITLE)\npages/base_page.py:30: in element_is_visible\n    self.go_to_element(self.element_is_present(locator))\npages/base_page.py:51: in element_is_present\n    return wait(self.driver, timeout).until(EC.presence_of_element_located(locator))\n_ _ _ _ _ _ _ _ _ _ _ _ _ _ _ _ _ _ _ _ _ _ _ _ _ _ _ _ _ _ _ _ _ _ _ _ _ _ _ _ \n\nself = <selenium.webdriver.support.wait.WebDriverWait (session=\"54cd0287ed1a92439ce0bcc536137978\")>\nmethod = <function presence_of_element_located.<locals>._predicate at 0x7f635e4db060>\nmessage = ''\n\n    def until(self, method, message: str = \"\"):\n        \"\"\"Calls the method provided with the driver as an argument until the \\\n        return value does not evaluate to ``False``.\n    \n        :param method: callable(WebDriver)\n        :param message: optional message for :exc:`TimeoutException`\n        :returns: the result of the last call to `method`\n        :raises: :exc:`selenium.common.exceptions.TimeoutException` if timeout occurs\n        \"\"\"\n        screen = None\n        stacktrace = None\n    \n        end_time = time.monotonic() + self._timeout\n        while True:\n            try:\n                value = method(self._driver)\n                if value:\n                    return value\n            except self._ignored_exceptions as exc:\n                screen = getattr(exc, \"screen\", None)\n                stacktrace = getattr(exc, \"stacktrace\", None)\n            time.sleep(self._poll)\n            if time.monotonic() > end_time:\n                break\n>       raise TimeoutException(message, screen, stacktrace)\nE       selenium.common.exceptions.TimeoutException: Message: \nE       Stacktrace:\nE       #0 0x556d62bc594a <unknown>\nE       #1 0x556d6263a8a0 <unknown>\nE       #2 0x556d6268c540 <unknown>\nE       #3 0x556d6268c731 <unknown>\nE       #4 0x556d626da824 <unknown>\nE       #5 0x556d626b205d <unknown>\nE       #6 0x556d626d7c23 <unknown>\nE       #7 0x556d626b1e03 <unknown>\nE       #8 0x556d6267e968 <unknown>\nE       #9 0x556d6267f5e1 <unknown>\nE       #10 0x556d62b89548 <unknown>\nE       #11 0x556d62b8d272 <unknown>\nE       #12 0x556d62b70313 <unknown>\nE       #13 0x556d62b8ddc5 <unknown>\nE       #14 0x556d62b5549f <unknown>\nE       #15 0x556d62bb2158 <unknown>\nE       #16 0x556d62bb2332 <unknown>\nE       #17 0x556d62bc4a53 <unknown>\nE       #18 0x7fe658e9caa4 <unknown>\nE       #19 0x7fe658f29c3c <unknown>\n\n/opt/hostedtoolcache/Python/3.11.13/x64/lib/python3.11/site-packages/selenium/webdriver/support/wait.py:95: TimeoutException","steps":[{"name":"Check title-text in 3-columns block - 2nd block","time":{"start":1757814490342,"stop":1757814495444,"duration":5102},"status":"broken","statusMessage":"selenium.common.exceptions.TimeoutException: Message: \nStacktrace:\n#0 0x556d62bc594a <unknown>\n#1 0x556d6263a8a0 <unknown>\n#2 0x556d6268c540 <unknown>\n#3 0x556d6268c731 <unknown>\n#4 0x556d626da824 <unknown>\n#5 0x556d626b205d <unknown>\n#6 0x556d626d7c23 <unknown>\n#7 0x556d626b1e03 <unknown>\n#8 0x556d6267e968 <unknown>\n#9 0x556d6267f5e1 <unknown>\n#10 0x556d62b89548 <unknown>\n#11 0x556d62b8d272 <unknown>\n#12 0x556d62b70313 <unknown>\n#13 0x556d62b8ddc5 <unknown>\n#14 0x556d62b5549f <unknown>\n#15 0x556d62bb2158 <unknown>\n#16 0x556d62bb2332 <unknown>\n#17 0x556d62bc4a53 <unknown>\n#18 0x7fe658e9caa4 <unknown>\n#19 0x7fe658f29c3c <unknown>\n\n","statusTrace":"  File \"/opt/hostedtoolcache/Python/3.11.13/x64/lib/python3.11/site-packages/allure_commons/_allure.py\", line 192, in impl\n    return func(*a, **kw)\n           ^^^^^^^^^^^^^^\n  File \"/home/runner/work/luma_project/luma_project/pages/sale_page.py\", line 115, in check_title_text_in_second_block\n    second_block_title = self.element_is_visible(self.promo_blocks_locators.SECOND_COLUMN_TITLE)\n                         ^^^^^^^^^^^^^^^^^^^^^^^^^^^^^^^^^^^^^^^^^^^^^^^^^^^^^^^^^^^^^^^^^^^^^^^\n  File \"/opt/hostedtoolcache/Python/3.11.13/x64/lib/python3.11/site-packages/allure_commons/_allure.py\", line 192, in impl\n    return func(*a, **kw)\n           ^^^^^^^^^^^^^^\n  File \"/home/runner/work/luma_project/luma_project/pages/base_page.py\", line 30, in element_is_visible\n    self.go_to_element(self.element_is_present(locator))\n                       ^^^^^^^^^^^^^^^^^^^^^^^^^^^^^^^^\n  File \"/opt/hostedtoolcache/Python/3.11.13/x64/lib/python3.11/site-packages/allure_commons/_allure.py\", line 192, in impl\n    return func(*a, **kw)\n           ^^^^^^^^^^^^^^\n  File \"/home/runner/work/luma_project/luma_project/pages/base_page.py\", line 51, in element_is_present\n    return wait(self.driver, timeout).until(EC.presence_of_element_located(locator))\n           ^^^^^^^^^^^^^^^^^^^^^^^^^^^^^^^^^^^^^^^^^^^^^^^^^^^^^^^^^^^^^^^^^^^^^^^^^\n  File \"/opt/hostedtoolcache/Python/3.11.13/x64/lib/python3.11/site-packages/selenium/webdriver/support/wait.py\", line 95, in until\n    raise TimeoutException(message, screen, stacktrace)\n","steps":[{"name":"Find a visible element","time":{"start":1757814490342,"stop":1757814495444,"duration":5102},"status":"broken","statusMessage":"selenium.common.exceptions.TimeoutException: Message: \nStacktrace:\n#0 0x556d62bc594a <unknown>\n#1 0x556d6263a8a0 <unknown>\n#2 0x556d6268c540 <unknown>\n#3 0x556d6268c731 <unknown>\n#4 0x556d626da824 <unknown>\n#5 0x556d626b205d <unknown>\n#6 0x556d626d7c23 <unknown>\n#7 0x556d626b1e03 <unknown>\n#8 0x556d6267e968 <unknown>\n#9 0x556d6267f5e1 <unknown>\n#10 0x556d62b89548 <unknown>\n#11 0x556d62b8d272 <unknown>\n#12 0x556d62b70313 <unknown>\n#13 0x556d62b8ddc5 <unknown>\n#14 0x556d62b5549f <unknown>\n#15 0x556d62bb2158 <unknown>\n#16 0x556d62bb2332 <unknown>\n#17 0x556d62bc4a53 <unknown>\n#18 0x7fe658e9caa4 <unknown>\n#19 0x7fe658f29c3c <unknown>\n\n","statusTrace":"  File \"/opt/hostedtoolcache/Python/3.11.13/x64/lib/python3.11/site-packages/allure_commons/_allure.py\", line 192, in impl\n    return func(*a, **kw)\n           ^^^^^^^^^^^^^^\n  File \"/home/runner/work/luma_project/luma_project/pages/base_page.py\", line 30, in element_is_visible\n    self.go_to_element(self.element_is_present(locator))\n                       ^^^^^^^^^^^^^^^^^^^^^^^^^^^^^^^^\n  File \"/opt/hostedtoolcache/Python/3.11.13/x64/lib/python3.11/site-packages/allure_commons/_allure.py\", line 192, in impl\n    return func(*a, **kw)\n           ^^^^^^^^^^^^^^\n  File \"/home/runner/work/luma_project/luma_project/pages/base_page.py\", line 51, in element_is_present\n    return wait(self.driver, timeout).until(EC.presence_of_element_located(locator))\n           ^^^^^^^^^^^^^^^^^^^^^^^^^^^^^^^^^^^^^^^^^^^^^^^^^^^^^^^^^^^^^^^^^^^^^^^^^\n  File \"/opt/hostedtoolcache/Python/3.11.13/x64/lib/python3.11/site-packages/selenium/webdriver/support/wait.py\", line 95, in until\n    raise TimeoutException(message, screen, stacktrace)\n","steps":[{"name":"Find a present element","time":{"start":1757814490343,"stop":1757814495444,"duration":5101},"status":"broken","statusMessage":"selenium.common.exceptions.TimeoutException: Message: \nStacktrace:\n#0 0x556d62bc594a <unknown>\n#1 0x556d6263a8a0 <unknown>\n#2 0x556d6268c540 <unknown>\n#3 0x556d6268c731 <unknown>\n#4 0x556d626da824 <unknown>\n#5 0x556d626b205d <unknown>\n#6 0x556d626d7c23 <unknown>\n#7 0x556d626b1e03 <unknown>\n#8 0x556d6267e968 <unknown>\n#9 0x556d6267f5e1 <unknown>\n#10 0x556d62b89548 <unknown>\n#11 0x556d62b8d272 <unknown>\n#12 0x556d62b70313 <unknown>\n#13 0x556d62b8ddc5 <unknown>\n#14 0x556d62b5549f <unknown>\n#15 0x556d62bb2158 <unknown>\n#16 0x556d62bb2332 <unknown>\n#17 0x556d62bc4a53 <unknown>\n#18 0x7fe658e9caa4 <unknown>\n#19 0x7fe658f29c3c <unknown>\n\n","statusTrace":"  File \"/opt/hostedtoolcache/Python/3.11.13/x64/lib/python3.11/site-packages/allure_commons/_allure.py\", line 192, in impl\n    return func(*a, **kw)\n           ^^^^^^^^^^^^^^\n  File \"/home/runner/work/luma_project/luma_project/pages/base_page.py\", line 51, in element_is_present\n    return wait(self.driver, timeout).until(EC.presence_of_element_located(locator))\n           ^^^^^^^^^^^^^^^^^^^^^^^^^^^^^^^^^^^^^^^^^^^^^^^^^^^^^^^^^^^^^^^^^^^^^^^^^\n  File \"/opt/hostedtoolcache/Python/3.11.13/x64/lib/python3.11/site-packages/selenium/webdriver/support/wait.py\", line 95, in until\n    raise TimeoutException(message, screen, stacktrace)\n","steps":[],"attachments":[],"parameters":[{"name":"locator","value":"('css selector', '.sale-free-shipping .title')"},{"name":"timeout","value":"5"}],"stepsCount":0,"shouldDisplayMessage":true,"attachmentsCount":0,"hasContent":true,"attachmentStep":false}],"attachments":[],"parameters":[{"name":"locator","value":"('css selector', '.sale-free-shipping .title')"},{"name":"timeout","value":"10"}],"stepsCount":1,"shouldDisplayMessage":false,"attachmentsCount":0,"hasContent":true,"attachmentStep":false}],"attachments":[],"parameters":[],"stepsCount":2,"shouldDisplayMessage":false,"attachmentsCount":0,"hasContent":true,"attachmentStep":false}],"attachments":[{"uid":"d95653dd0dad3d25","name":"Screenshot","source":"d95653dd0dad3d25.png","type":"image/png","size":23875},{"uid":"fc2415208c4318b5","name":"HTML source","source":"fc2415208c4318b5.html","type":"text/html","size":786}],"parameters":[],"stepsCount":3,"shouldDisplayMessage":true,"attachmentsCount":2,"hasContent":true,"attachmentStep":false},"afterStages":[{"name":"driver::0","time":{"start":1757814495510,"stop":1757814495570,"duration":60},"status":"passed","steps":[],"attachments":[],"parameters":[],"stepsCount":0,"shouldDisplayMessage":false,"attachmentsCount":0,"hasContent":false,"attachmentStep":false},{"name":"clear_allure_result_folder::0","time":{"start":1757815056359,"stop":1757815056359,"duration":0},"status":"passed","steps":[],"attachments":[],"parameters":[],"stepsCount":0,"shouldDisplayMessage":false,"attachmentsCount":0,"hasContent":false,"attachmentStep":false}],"labels":[{"name":"epic","value":"Sale Page"},{"name":"feature","value":"Testing Promo Blocks, Main Block (Women's Deals) and 2 columns block - Men's Bargain, Gear Steals"},{"name":"parentSuite","value":"tests"},{"name":"suite","value":"test_sale"},{"name":"subSuite","value":"TestSalePage"},{"name":"host","value":"runnervmf4ws1"},{"name":"thread","value":"2948-MainThread"},{"name":"framework","value":"pytest"},{"name":"language","value":"cpython3"},{"name":"package","value":"tests.test_sale"},{"name":"resultFormat","value":"allure2"}],"parameters":[],"links":[],"hidden":false,"retry":false,"extra":{"severity":"normal","retries":[],"categories":[{"name":"Test defects","matchedStatuses":[],"flaky":false}],"tags":[]},"source":"c9ac5a8f3214aabc.json","parameterValues":[]}