{"uid":"1f769f30cfb67345","name":"Check the display of the add to wish and add to compare buttons","fullName":"tests.test_main_page.TestHotSellerSection#test_tc_06_01_15_check_the_display_of_the_card_buttons","historyId":"d70dfd5ecc36ca529952457121aeed29","time":{"start":1758418599393,"stop":1758418604810,"duration":5417},"description":"\n            This test will check that the add to wishlist and add to compare buttons are visible on the screen\n            ","descriptionHtml":"<pre><code>        This test will check that the add to wishlist and add to compare buttons are visible on the screen\n</code></pre>\n","status":"skipped","statusMessage":"XFAIL In CI the test failed in PR#182\n\nselenium.common.exceptions.TimeoutException: Message: \nStacktrace:\n#0 0x563c2179594a <unknown>\n#1 0x563c2120a8a0 <unknown>\n#2 0x563c2125c540 <unknown>\n#3 0x563c2125c731 <unknown>\n#4 0x563c212aa824 <unknown>\n#5 0x563c2128205d <unknown>\n#6 0x563c212a7c23 <unknown>\n#7 0x563c21281e03 <unknown>\n#8 0x563c2124e968 <unknown>\n#9 0x563c2124f5e1 <unknown>\n#10 0x563c21759548 <unknown>\n#11 0x563c2175d272 <unknown>\n#12 0x563c21740313 <unknown>\n#13 0x563c2175ddc5 <unknown>\n#14 0x563c2172549f <unknown>\n#15 0x563c21782158 <unknown>\n#16 0x563c21782332 <unknown>\n#17 0x563c21794a53 <unknown>\n#18 0x7f021809caa4 <unknown>\n#19 0x7f0218129c3c <unknown>","statusTrace":"self = <test_main_page.TestMainPage.TestHotSellerSection object at 0x7f116e964a10>\ndriver = <selenium.webdriver.chrome.webdriver.WebDriver (session=\"4226417d80ef2d456d1e3c19f8ce907e\")>\nitem = 'add_to_compare'\n\n    @pytest.mark.xfail(reason=\"In CI the test failed in PR#182\")\n    @allure.title(\"Check the display of the add to wish and add to compare buttons\")\n    @pytest.mark.parametrize(\"item\", product_card_button)\n    def test_tc_06_01_15_check_the_display_of_the_card_buttons(self, driver, item):\n        \"\"\"\n        This test will check that the add to wishlist and add to compare buttons are visible on the screen\n        \"\"\"\n        page = MainPage(driver, MAIN_PAGE_URL)\n        page.open()\n>       check_display = page.check_element_display(item)\n\ntests/test_main_page.py:96: \n_ _ _ _ _ _ _ _ _ _ _ _ _ _ _ _ _ _ _ _ _ _ _ _ _ _ _ _ _ _ _ _ _ _ _ _ _ _ _ _ \npages/main_page.py:122: in check_element_display\n    product_card = self.element_is_visible(self.locators.PRODUCT_CARD)\npages/base_page.py:30: in element_is_visible\n    self.go_to_element(self.element_is_present(locator))\npages/base_page.py:51: in element_is_present\n    return wait(self.driver, timeout).until(EC.presence_of_element_located(locator))\n_ _ _ _ _ _ _ _ _ _ _ _ _ _ _ _ _ _ _ _ _ _ _ _ _ _ _ _ _ _ _ _ _ _ _ _ _ _ _ _ \n\nself = <selenium.webdriver.support.wait.WebDriverWait (session=\"4226417d80ef2d456d1e3c19f8ce907e\")>\nmethod = <function presence_of_element_located.<locals>._predicate at 0x7f117063fa60>\nmessage = ''\n\n    def until(self, method, message: str = \"\"):\n        \"\"\"Calls the method provided with the driver as an argument until the \\\n        return value does not evaluate to ``False``.\n    \n        :param method: callable(WebDriver)\n        :param message: optional message for :exc:`TimeoutException`\n        :returns: the result of the last call to `method`\n        :raises: :exc:`selenium.common.exceptions.TimeoutException` if timeout occurs\n        \"\"\"\n        screen = None\n        stacktrace = None\n    \n        end_time = time.monotonic() + self._timeout\n        while True:\n            try:\n                value = method(self._driver)\n                if value:\n                    return value\n            except self._ignored_exceptions as exc:\n                screen = getattr(exc, \"screen\", None)\n                stacktrace = getattr(exc, \"stacktrace\", None)\n            time.sleep(self._poll)\n            if time.monotonic() > end_time:\n                break\n>       raise TimeoutException(message, screen, stacktrace)\nE       selenium.common.exceptions.TimeoutException: Message: \nE       Stacktrace:\nE       #0 0x563c2179594a <unknown>\nE       #1 0x563c2120a8a0 <unknown>\nE       #2 0x563c2125c540 <unknown>\nE       #3 0x563c2125c731 <unknown>\nE       #4 0x563c212aa824 <unknown>\nE       #5 0x563c2128205d <unknown>\nE       #6 0x563c212a7c23 <unknown>\nE       #7 0x563c21281e03 <unknown>\nE       #8 0x563c2124e968 <unknown>\nE       #9 0x563c2124f5e1 <unknown>\nE       #10 0x563c21759548 <unknown>\nE       #11 0x563c2175d272 <unknown>\nE       #12 0x563c21740313 <unknown>\nE       #13 0x563c2175ddc5 <unknown>\nE       #14 0x563c2172549f <unknown>\nE       #15 0x563c21782158 <unknown>\nE       #16 0x563c21782332 <unknown>\nE       #17 0x563c21794a53 <unknown>\nE       #18 0x7f021809caa4 <unknown>\nE       #19 0x7f0218129c3c <unknown>\n\n/opt/hostedtoolcache/Python/3.11.13/x64/lib/python3.11/site-packages/selenium/webdriver/support/wait.py:95: TimeoutException","flaky":false,"newFailed":false,"newBroken":false,"newPassed":false,"retriesCount":0,"retriesStatusChange":false,"beforeStages":[{"name":"_session_faker","time":{"start":1758417564647,"stop":1758417564708,"duration":61},"status":"passed","steps":[],"attachments":[],"parameters":[],"stepsCount":0,"shouldDisplayMessage":false,"attachmentsCount":0,"hasContent":false,"attachmentStep":false},{"name":"clear_allure_result_folder","time":{"start":1758417564708,"stop":1758417564708,"duration":0},"status":"passed","steps":[],"attachments":[],"parameters":[],"stepsCount":0,"shouldDisplayMessage":false,"attachmentsCount":0,"hasContent":false,"attachmentStep":false},{"name":"driver","time":{"start":1758418598157,"stop":1758418599392,"duration":1235},"status":"passed","steps":[],"attachments":[],"parameters":[],"stepsCount":0,"shouldDisplayMessage":false,"attachmentsCount":0,"hasContent":false,"attachmentStep":false}],"testStage":{"description":"\n            This test will check that the add to wishlist and add to compare buttons are visible on the screen\n            ","status":"skipped","statusMessage":"XFAIL In CI the test failed in PR#182\n\nselenium.common.exceptions.TimeoutException: Message: \nStacktrace:\n#0 0x563c2179594a <unknown>\n#1 0x563c2120a8a0 <unknown>\n#2 0x563c2125c540 <unknown>\n#3 0x563c2125c731 <unknown>\n#4 0x563c212aa824 <unknown>\n#5 0x563c2128205d <unknown>\n#6 0x563c212a7c23 <unknown>\n#7 0x563c21281e03 <unknown>\n#8 0x563c2124e968 <unknown>\n#9 0x563c2124f5e1 <unknown>\n#10 0x563c21759548 <unknown>\n#11 0x563c2175d272 <unknown>\n#12 0x563c21740313 <unknown>\n#13 0x563c2175ddc5 <unknown>\n#14 0x563c2172549f <unknown>\n#15 0x563c21782158 <unknown>\n#16 0x563c21782332 <unknown>\n#17 0x563c21794a53 <unknown>\n#18 0x7f021809caa4 <unknown>\n#19 0x7f0218129c3c <unknown>","statusTrace":"self = <test_main_page.TestMainPage.TestHotSellerSection object at 0x7f116e964a10>\ndriver = <selenium.webdriver.chrome.webdriver.WebDriver (session=\"4226417d80ef2d456d1e3c19f8ce907e\")>\nitem = 'add_to_compare'\n\n    @pytest.mark.xfail(reason=\"In CI the test failed in PR#182\")\n    @allure.title(\"Check the display of the add to wish and add to compare buttons\")\n    @pytest.mark.parametrize(\"item\", product_card_button)\n    def test_tc_06_01_15_check_the_display_of_the_card_buttons(self, driver, item):\n        \"\"\"\n        This test will check that the add to wishlist and add to compare buttons are visible on the screen\n        \"\"\"\n        page = MainPage(driver, MAIN_PAGE_URL)\n        page.open()\n>       check_display = page.check_element_display(item)\n\ntests/test_main_page.py:96: \n_ _ _ _ _ _ _ _ _ _ _ _ _ _ _ _ _ _ _ _ _ _ _ _ _ _ _ _ _ _ _ _ _ _ _ _ _ _ _ _ \npages/main_page.py:122: in check_element_display\n    product_card = self.element_is_visible(self.locators.PRODUCT_CARD)\npages/base_page.py:30: in element_is_visible\n    self.go_to_element(self.element_is_present(locator))\npages/base_page.py:51: in element_is_present\n    return wait(self.driver, timeout).until(EC.presence_of_element_located(locator))\n_ _ _ _ _ _ _ _ _ _ _ _ _ _ _ _ _ _ _ _ _ _ _ _ _ _ _ _ _ _ _ _ _ _ _ _ _ _ _ _ \n\nself = <selenium.webdriver.support.wait.WebDriverWait (session=\"4226417d80ef2d456d1e3c19f8ce907e\")>\nmethod = <function presence_of_element_located.<locals>._predicate at 0x7f117063fa60>\nmessage = ''\n\n    def until(self, method, message: str = \"\"):\n        \"\"\"Calls the method provided with the driver as an argument until the \\\n        return value does not evaluate to ``False``.\n    \n        :param method: callable(WebDriver)\n        :param message: optional message for :exc:`TimeoutException`\n        :returns: the result of the last call to `method`\n        :raises: :exc:`selenium.common.exceptions.TimeoutException` if timeout occurs\n        \"\"\"\n        screen = None\n        stacktrace = None\n    \n        end_time = time.monotonic() + self._timeout\n        while True:\n            try:\n                value = method(self._driver)\n                if value:\n                    return value\n            except self._ignored_exceptions as exc:\n                screen = getattr(exc, \"screen\", None)\n                stacktrace = getattr(exc, \"stacktrace\", None)\n            time.sleep(self._poll)\n            if time.monotonic() > end_time:\n                break\n>       raise TimeoutException(message, screen, stacktrace)\nE       selenium.common.exceptions.TimeoutException: Message: \nE       Stacktrace:\nE       #0 0x563c2179594a <unknown>\nE       #1 0x563c2120a8a0 <unknown>\nE       #2 0x563c2125c540 <unknown>\nE       #3 0x563c2125c731 <unknown>\nE       #4 0x563c212aa824 <unknown>\nE       #5 0x563c2128205d <unknown>\nE       #6 0x563c212a7c23 <unknown>\nE       #7 0x563c21281e03 <unknown>\nE       #8 0x563c2124e968 <unknown>\nE       #9 0x563c2124f5e1 <unknown>\nE       #10 0x563c21759548 <unknown>\nE       #11 0x563c2175d272 <unknown>\nE       #12 0x563c21740313 <unknown>\nE       #13 0x563c2175ddc5 <unknown>\nE       #14 0x563c2172549f <unknown>\nE       #15 0x563c21782158 <unknown>\nE       #16 0x563c21782332 <unknown>\nE       #17 0x563c21794a53 <unknown>\nE       #18 0x7f021809caa4 <unknown>\nE       #19 0x7f0218129c3c <unknown>\n\n/opt/hostedtoolcache/Python/3.11.13/x64/lib/python3.11/site-packages/selenium/webdriver/support/wait.py:95: TimeoutException","steps":[{"name":"Open a browser","time":{"start":1758418599393,"stop":1758418599708,"duration":315},"status":"passed","steps":[],"attachments":[],"parameters":[],"stepsCount":0,"shouldDisplayMessage":false,"attachmentsCount":0,"hasContent":false,"attachmentStep":false},{"name":"Checking the display of an element on the screen","time":{"start":1758418599708,"stop":1758418604809,"duration":5101},"status":"broken","statusMessage":"selenium.common.exceptions.TimeoutException: Message: \nStacktrace:\n#0 0x563c2179594a <unknown>\n#1 0x563c2120a8a0 <unknown>\n#2 0x563c2125c540 <unknown>\n#3 0x563c2125c731 <unknown>\n#4 0x563c212aa824 <unknown>\n#5 0x563c2128205d <unknown>\n#6 0x563c212a7c23 <unknown>\n#7 0x563c21281e03 <unknown>\n#8 0x563c2124e968 <unknown>\n#9 0x563c2124f5e1 <unknown>\n#10 0x563c21759548 <unknown>\n#11 0x563c2175d272 <unknown>\n#12 0x563c21740313 <unknown>\n#13 0x563c2175ddc5 <unknown>\n#14 0x563c2172549f <unknown>\n#15 0x563c21782158 <unknown>\n#16 0x563c21782332 <unknown>\n#17 0x563c21794a53 <unknown>\n#18 0x7f021809caa4 <unknown>\n#19 0x7f0218129c3c <unknown>\n\n","statusTrace":"  File \"/opt/hostedtoolcache/Python/3.11.13/x64/lib/python3.11/site-packages/allure_commons/_allure.py\", line 192, in impl\n    return func(*a, **kw)\n           ^^^^^^^^^^^^^^\n  File \"/home/runner/work/luma_project/luma_project/pages/main_page.py\", line 122, in check_element_display\n    product_card = self.element_is_visible(self.locators.PRODUCT_CARD)\n                   ^^^^^^^^^^^^^^^^^^^^^^^^^^^^^^^^^^^^^^^^^^^^^^^^^^^\n  File \"/opt/hostedtoolcache/Python/3.11.13/x64/lib/python3.11/site-packages/allure_commons/_allure.py\", line 192, in impl\n    return func(*a, **kw)\n           ^^^^^^^^^^^^^^\n  File \"/home/runner/work/luma_project/luma_project/pages/base_page.py\", line 30, in element_is_visible\n    self.go_to_element(self.element_is_present(locator))\n                       ^^^^^^^^^^^^^^^^^^^^^^^^^^^^^^^^\n  File \"/opt/hostedtoolcache/Python/3.11.13/x64/lib/python3.11/site-packages/allure_commons/_allure.py\", line 192, in impl\n    return func(*a, **kw)\n           ^^^^^^^^^^^^^^\n  File \"/home/runner/work/luma_project/luma_project/pages/base_page.py\", line 51, in element_is_present\n    return wait(self.driver, timeout).until(EC.presence_of_element_located(locator))\n           ^^^^^^^^^^^^^^^^^^^^^^^^^^^^^^^^^^^^^^^^^^^^^^^^^^^^^^^^^^^^^^^^^^^^^^^^^\n  File \"/opt/hostedtoolcache/Python/3.11.13/x64/lib/python3.11/site-packages/selenium/webdriver/support/wait.py\", line 95, in until\n    raise TimeoutException(message, screen, stacktrace)\n","steps":[{"name":"Find a visible element","time":{"start":1758418599708,"stop":1758418604809,"duration":5101},"status":"broken","statusMessage":"selenium.common.exceptions.TimeoutException: Message: \nStacktrace:\n#0 0x563c2179594a <unknown>\n#1 0x563c2120a8a0 <unknown>\n#2 0x563c2125c540 <unknown>\n#3 0x563c2125c731 <unknown>\n#4 0x563c212aa824 <unknown>\n#5 0x563c2128205d <unknown>\n#6 0x563c212a7c23 <unknown>\n#7 0x563c21281e03 <unknown>\n#8 0x563c2124e968 <unknown>\n#9 0x563c2124f5e1 <unknown>\n#10 0x563c21759548 <unknown>\n#11 0x563c2175d272 <unknown>\n#12 0x563c21740313 <unknown>\n#13 0x563c2175ddc5 <unknown>\n#14 0x563c2172549f <unknown>\n#15 0x563c21782158 <unknown>\n#16 0x563c21782332 <unknown>\n#17 0x563c21794a53 <unknown>\n#18 0x7f021809caa4 <unknown>\n#19 0x7f0218129c3c <unknown>\n\n","statusTrace":"  File \"/opt/hostedtoolcache/Python/3.11.13/x64/lib/python3.11/site-packages/allure_commons/_allure.py\", line 192, in impl\n    return func(*a, **kw)\n           ^^^^^^^^^^^^^^\n  File \"/home/runner/work/luma_project/luma_project/pages/base_page.py\", line 30, in element_is_visible\n    self.go_to_element(self.element_is_present(locator))\n                       ^^^^^^^^^^^^^^^^^^^^^^^^^^^^^^^^\n  File \"/opt/hostedtoolcache/Python/3.11.13/x64/lib/python3.11/site-packages/allure_commons/_allure.py\", line 192, in impl\n    return func(*a, **kw)\n           ^^^^^^^^^^^^^^\n  File \"/home/runner/work/luma_project/luma_project/pages/base_page.py\", line 51, in element_is_present\n    return wait(self.driver, timeout).until(EC.presence_of_element_located(locator))\n           ^^^^^^^^^^^^^^^^^^^^^^^^^^^^^^^^^^^^^^^^^^^^^^^^^^^^^^^^^^^^^^^^^^^^^^^^^\n  File \"/opt/hostedtoolcache/Python/3.11.13/x64/lib/python3.11/site-packages/selenium/webdriver/support/wait.py\", line 95, in until\n    raise TimeoutException(message, screen, stacktrace)\n","steps":[{"name":"Find a present element","time":{"start":1758418599708,"stop":1758418604809,"duration":5101},"status":"broken","statusMessage":"selenium.common.exceptions.TimeoutException: Message: \nStacktrace:\n#0 0x563c2179594a <unknown>\n#1 0x563c2120a8a0 <unknown>\n#2 0x563c2125c540 <unknown>\n#3 0x563c2125c731 <unknown>\n#4 0x563c212aa824 <unknown>\n#5 0x563c2128205d <unknown>\n#6 0x563c212a7c23 <unknown>\n#7 0x563c21281e03 <unknown>\n#8 0x563c2124e968 <unknown>\n#9 0x563c2124f5e1 <unknown>\n#10 0x563c21759548 <unknown>\n#11 0x563c2175d272 <unknown>\n#12 0x563c21740313 <unknown>\n#13 0x563c2175ddc5 <unknown>\n#14 0x563c2172549f <unknown>\n#15 0x563c21782158 <unknown>\n#16 0x563c21782332 <unknown>\n#17 0x563c21794a53 <unknown>\n#18 0x7f021809caa4 <unknown>\n#19 0x7f0218129c3c <unknown>\n\n","statusTrace":"  File \"/opt/hostedtoolcache/Python/3.11.13/x64/lib/python3.11/site-packages/allure_commons/_allure.py\", line 192, in impl\n    return func(*a, **kw)\n           ^^^^^^^^^^^^^^\n  File \"/home/runner/work/luma_project/luma_project/pages/base_page.py\", line 51, in element_is_present\n    return wait(self.driver, timeout).until(EC.presence_of_element_located(locator))\n           ^^^^^^^^^^^^^^^^^^^^^^^^^^^^^^^^^^^^^^^^^^^^^^^^^^^^^^^^^^^^^^^^^^^^^^^^^\n  File \"/opt/hostedtoolcache/Python/3.11.13/x64/lib/python3.11/site-packages/selenium/webdriver/support/wait.py\", line 95, in until\n    raise TimeoutException(message, screen, stacktrace)\n","steps":[],"attachments":[],"parameters":[{"name":"locator","value":"('css selector', \"li[class='product-item']:nth-child(4) div[class='product-item-info']\")"},{"name":"timeout","value":"5"}],"stepsCount":0,"shouldDisplayMessage":true,"attachmentsCount":0,"hasContent":true,"attachmentStep":false}],"attachments":[],"parameters":[{"name":"locator","value":"('css selector', \"li[class='product-item']:nth-child(4) div[class='product-item-info']\")"},{"name":"timeout","value":"10"}],"stepsCount":1,"shouldDisplayMessage":false,"attachmentsCount":0,"hasContent":true,"attachmentStep":false}],"attachments":[],"parameters":[{"name":"item","value":"'add_to_compare'"}],"stepsCount":2,"shouldDisplayMessage":false,"attachmentsCount":0,"hasContent":true,"attachmentStep":false}],"attachments":[{"uid":"7475ccbeb6274c82","name":"Screenshot","source":"7475ccbeb6274c82.png","type":"image/png","size":23875},{"uid":"6615a549c0a47c68","name":"HTML source","source":"6615a549c0a47c68.html","type":"text/html","size":786}],"parameters":[],"stepsCount":4,"shouldDisplayMessage":true,"attachmentsCount":2,"hasContent":true,"attachmentStep":false},"afterStages":[{"name":"driver::0","time":{"start":1758418604878,"stop":1758418604938,"duration":60},"status":"passed","steps":[],"attachments":[],"parameters":[],"stepsCount":0,"shouldDisplayMessage":false,"attachmentsCount":0,"hasContent":false,"attachmentStep":false},{"name":"clear_allure_result_folder::0","time":{"start":1758419990820,"stop":1758419990820,"duration":0},"status":"passed","steps":[],"attachments":[],"parameters":[],"stepsCount":0,"shouldDisplayMessage":false,"attachmentsCount":0,"hasContent":false,"attachmentStep":false}],"labels":[{"name":"epic","value":"Main Page"},{"name":"feature","value":"Testing Hot Seller Section"},{"name":"tag","value":"@pytest.mark.xfail(reason='In CI the test failed in PR#182')"},{"name":"parentSuite","value":"tests"},{"name":"suite","value":"test_main_page"},{"name":"subSuite","value":"TestMainPage"},{"name":"host","value":"runnervmf4ws1"},{"name":"thread","value":"2946-MainThread"},{"name":"framework","value":"pytest"},{"name":"language","value":"cpython3"},{"name":"package","value":"tests.test_main_page"},{"name":"resultFormat","value":"allure2"}],"parameters":[{"name":"item","value":"'add_to_compare'"}],"links":[],"hidden":false,"retry":false,"extra":{"severity":"normal","retries":[],"categories":[],"tags":["@pytest.mark.xfail(reason='In CI the test failed in PR#182')"]},"source":"1f769f30cfb67345.json","parameterValues":["'add_to_compare'"]}