{"uid":"3699450cec340174","name":"TC 10.01.02, 10.01.04, 10.01.06, 10.01.08, 10.01.10, 10.01.12 - Verify 6 links in Women's Deals section are visible and clickable","fullName":"tests.test_sale.TestSideMenuBarWomen#test_tc_10_01_02__04__06__08__10__12","historyId":"6cb9b5f8c5eda8e8b4f7d0ace740acd9","time":{"start":1758419143861,"stop":1758419148960,"duration":5099},"description":"Check that six elements in Women's Deals section are displayed and enabled","descriptionHtml":"<p>Check that six elements in Women's Deals section are displayed and enabled</p>\n","status":"broken","statusMessage":"selenium.common.exceptions.TimeoutException: Message: \nStacktrace:\n#0 0x55a38afc394a <unknown>\n#1 0x55a38aa388a0 <unknown>\n#2 0x55a38aa8a540 <unknown>\n#3 0x55a38aa8a731 <unknown>\n#4 0x55a38aad8824 <unknown>\n#5 0x55a38aab005d <unknown>\n#6 0x55a38aad5c23 <unknown>\n#7 0x55a38aaafe03 <unknown>\n#8 0x55a38aa7c968 <unknown>\n#9 0x55a38aa7d5e1 <unknown>\n#10 0x55a38af87548 <unknown>\n#11 0x55a38af8b272 <unknown>\n#12 0x55a38af6e313 <unknown>\n#13 0x55a38af8bdc5 <unknown>\n#14 0x55a38af5349f <unknown>\n#15 0x55a38afb0158 <unknown>\n#16 0x55a38afb0332 <unknown>\n#17 0x55a38afc2a53 <unknown>\n#18 0x7f11f7e9caa4 <unknown>\n#19 0x7f11f7f29c3c <unknown>","statusTrace":"self = <test_sale.TestSalePage.TestSideMenuBarWomen object at 0x7f11703b1d90>\nelement_locator = ('css selector', '.categories-menu > ul:nth-child(2) > li:nth-child(1) > a')\nsale_page = <pages.sale_page.SalePage object at 0x7f1170693e50>\n\n    @allure.title(\"TC 10.01.02, 10.01.04, 10.01.06, 10.01.08, 10.01.10, 10.01.12 - \"\n                  \"Verify 6 links in Women's Deals section are visible and clickable\")\n    @pytest.mark.parametrize(\"element_locator\", SideBarLocators.WOMEN_DEALS_ELEMENTS.values())\n    def test_tc_10_01_02__04__06__08__10__12(self, element_locator, sale_page):\n        \"\"\"Check that six elements in Women's Deals section are displayed and enabled\"\"\"\n>       element_in_women_deals = sale_page.element_is_clickable(element_locator)\n\ntests/test_sale.py:36: \n_ _ _ _ _ _ _ _ _ _ _ _ _ _ _ _ _ _ _ _ _ _ _ _ _ _ _ _ _ _ _ _ _ _ _ _ _ _ _ _ \npages/base_page.py:81: in element_is_clickable\n    return wait(self.driver, timeout).until(EC.element_to_be_clickable(locator))\n_ _ _ _ _ _ _ _ _ _ _ _ _ _ _ _ _ _ _ _ _ _ _ _ _ _ _ _ _ _ _ _ _ _ _ _ _ _ _ _ \n\nself = <selenium.webdriver.support.wait.WebDriverWait (session=\"cb6e4dd15e7071d39e8aacdc067b1773\")>\nmethod = <function element_to_be_clickable.<locals>._predicate at 0x7f116ff02c00>\nmessage = ''\n\n    def until(self, method, message: str = \"\"):\n        \"\"\"Calls the method provided with the driver as an argument until the \\\n        return value does not evaluate to ``False``.\n    \n        :param method: callable(WebDriver)\n        :param message: optional message for :exc:`TimeoutException`\n        :returns: the result of the last call to `method`\n        :raises: :exc:`selenium.common.exceptions.TimeoutException` if timeout occurs\n        \"\"\"\n        screen = None\n        stacktrace = None\n    \n        end_time = time.monotonic() + self._timeout\n        while True:\n            try:\n                value = method(self._driver)\n                if value:\n                    return value\n            except self._ignored_exceptions as exc:\n                screen = getattr(exc, \"screen\", None)\n                stacktrace = getattr(exc, \"stacktrace\", None)\n            time.sleep(self._poll)\n            if time.monotonic() > end_time:\n                break\n>       raise TimeoutException(message, screen, stacktrace)\nE       selenium.common.exceptions.TimeoutException: Message: \nE       Stacktrace:\nE       #0 0x55a38afc394a <unknown>\nE       #1 0x55a38aa388a0 <unknown>\nE       #2 0x55a38aa8a540 <unknown>\nE       #3 0x55a38aa8a731 <unknown>\nE       #4 0x55a38aad8824 <unknown>\nE       #5 0x55a38aab005d <unknown>\nE       #6 0x55a38aad5c23 <unknown>\nE       #7 0x55a38aaafe03 <unknown>\nE       #8 0x55a38aa7c968 <unknown>\nE       #9 0x55a38aa7d5e1 <unknown>\nE       #10 0x55a38af87548 <unknown>\nE       #11 0x55a38af8b272 <unknown>\nE       #12 0x55a38af6e313 <unknown>\nE       #13 0x55a38af8bdc5 <unknown>\nE       #14 0x55a38af5349f <unknown>\nE       #15 0x55a38afb0158 <unknown>\nE       #16 0x55a38afb0332 <unknown>\nE       #17 0x55a38afc2a53 <unknown>\nE       #18 0x7f11f7e9caa4 <unknown>\nE       #19 0x7f11f7f29c3c <unknown>\n\n/opt/hostedtoolcache/Python/3.11.13/x64/lib/python3.11/site-packages/selenium/webdriver/support/wait.py:95: TimeoutException","flaky":false,"newFailed":false,"newBroken":false,"newPassed":false,"retriesCount":0,"retriesStatusChange":false,"beforeStages":[{"name":"_session_faker","time":{"start":1758417564647,"stop":1758417564708,"duration":61},"status":"passed","steps":[],"attachments":[],"parameters":[],"stepsCount":0,"shouldDisplayMessage":false,"attachmentsCount":0,"hasContent":false,"attachmentStep":false},{"name":"clear_allure_result_folder","time":{"start":1758417564708,"stop":1758417564708,"duration":0},"status":"passed","steps":[],"attachments":[],"parameters":[],"stepsCount":0,"shouldDisplayMessage":false,"attachmentsCount":0,"hasContent":false,"attachmentStep":false},{"name":"driver","time":{"start":1758419142409,"stop":1758419143656,"duration":1247},"status":"passed","steps":[],"attachments":[],"parameters":[],"stepsCount":0,"shouldDisplayMessage":false,"attachmentsCount":0,"hasContent":false,"attachmentStep":false},{"name":"sale_page","time":{"start":1758419143656,"stop":1758419143860,"duration":204},"status":"passed","steps":[{"name":"Open a browser","time":{"start":1758419143656,"stop":1758419143860,"duration":204},"status":"passed","steps":[],"attachments":[],"parameters":[],"stepsCount":0,"shouldDisplayMessage":false,"attachmentsCount":0,"hasContent":false,"attachmentStep":false}],"attachments":[],"parameters":[],"stepsCount":1,"shouldDisplayMessage":false,"attachmentsCount":0,"hasContent":true,"attachmentStep":false}],"testStage":{"description":"Check that six elements in Women's Deals section are displayed and enabled","status":"broken","statusMessage":"selenium.common.exceptions.TimeoutException: Message: \nStacktrace:\n#0 0x55a38afc394a <unknown>\n#1 0x55a38aa388a0 <unknown>\n#2 0x55a38aa8a540 <unknown>\n#3 0x55a38aa8a731 <unknown>\n#4 0x55a38aad8824 <unknown>\n#5 0x55a38aab005d <unknown>\n#6 0x55a38aad5c23 <unknown>\n#7 0x55a38aaafe03 <unknown>\n#8 0x55a38aa7c968 <unknown>\n#9 0x55a38aa7d5e1 <unknown>\n#10 0x55a38af87548 <unknown>\n#11 0x55a38af8b272 <unknown>\n#12 0x55a38af6e313 <unknown>\n#13 0x55a38af8bdc5 <unknown>\n#14 0x55a38af5349f <unknown>\n#15 0x55a38afb0158 <unknown>\n#16 0x55a38afb0332 <unknown>\n#17 0x55a38afc2a53 <unknown>\n#18 0x7f11f7e9caa4 <unknown>\n#19 0x7f11f7f29c3c <unknown>","statusTrace":"self = <test_sale.TestSalePage.TestSideMenuBarWomen object at 0x7f11703b1d90>\nelement_locator = ('css selector', '.categories-menu > ul:nth-child(2) > li:nth-child(1) > a')\nsale_page = <pages.sale_page.SalePage object at 0x7f1170693e50>\n\n    @allure.title(\"TC 10.01.02, 10.01.04, 10.01.06, 10.01.08, 10.01.10, 10.01.12 - \"\n                  \"Verify 6 links in Women's Deals section are visible and clickable\")\n    @pytest.mark.parametrize(\"element_locator\", SideBarLocators.WOMEN_DEALS_ELEMENTS.values())\n    def test_tc_10_01_02__04__06__08__10__12(self, element_locator, sale_page):\n        \"\"\"Check that six elements in Women's Deals section are displayed and enabled\"\"\"\n>       element_in_women_deals = sale_page.element_is_clickable(element_locator)\n\ntests/test_sale.py:36: \n_ _ _ _ _ _ _ _ _ _ _ _ _ _ _ _ _ _ _ _ _ _ _ _ _ _ _ _ _ _ _ _ _ _ _ _ _ _ _ _ \npages/base_page.py:81: in element_is_clickable\n    return wait(self.driver, timeout).until(EC.element_to_be_clickable(locator))\n_ _ _ _ _ _ _ _ _ _ _ _ _ _ _ _ _ _ _ _ _ _ _ _ _ _ _ _ _ _ _ _ _ _ _ _ _ _ _ _ \n\nself = <selenium.webdriver.support.wait.WebDriverWait (session=\"cb6e4dd15e7071d39e8aacdc067b1773\")>\nmethod = <function element_to_be_clickable.<locals>._predicate at 0x7f116ff02c00>\nmessage = ''\n\n    def until(self, method, message: str = \"\"):\n        \"\"\"Calls the method provided with the driver as an argument until the \\\n        return value does not evaluate to ``False``.\n    \n        :param method: callable(WebDriver)\n        :param message: optional message for :exc:`TimeoutException`\n        :returns: the result of the last call to `method`\n        :raises: :exc:`selenium.common.exceptions.TimeoutException` if timeout occurs\n        \"\"\"\n        screen = None\n        stacktrace = None\n    \n        end_time = time.monotonic() + self._timeout\n        while True:\n            try:\n                value = method(self._driver)\n                if value:\n                    return value\n            except self._ignored_exceptions as exc:\n                screen = getattr(exc, \"screen\", None)\n                stacktrace = getattr(exc, \"stacktrace\", None)\n            time.sleep(self._poll)\n            if time.monotonic() > end_time:\n                break\n>       raise TimeoutException(message, screen, stacktrace)\nE       selenium.common.exceptions.TimeoutException: Message: \nE       Stacktrace:\nE       #0 0x55a38afc394a <unknown>\nE       #1 0x55a38aa388a0 <unknown>\nE       #2 0x55a38aa8a540 <unknown>\nE       #3 0x55a38aa8a731 <unknown>\nE       #4 0x55a38aad8824 <unknown>\nE       #5 0x55a38aab005d <unknown>\nE       #6 0x55a38aad5c23 <unknown>\nE       #7 0x55a38aaafe03 <unknown>\nE       #8 0x55a38aa7c968 <unknown>\nE       #9 0x55a38aa7d5e1 <unknown>\nE       #10 0x55a38af87548 <unknown>\nE       #11 0x55a38af8b272 <unknown>\nE       #12 0x55a38af6e313 <unknown>\nE       #13 0x55a38af8bdc5 <unknown>\nE       #14 0x55a38af5349f <unknown>\nE       #15 0x55a38afb0158 <unknown>\nE       #16 0x55a38afb0332 <unknown>\nE       #17 0x55a38afc2a53 <unknown>\nE       #18 0x7f11f7e9caa4 <unknown>\nE       #19 0x7f11f7f29c3c <unknown>\n\n/opt/hostedtoolcache/Python/3.11.13/x64/lib/python3.11/site-packages/selenium/webdriver/support/wait.py:95: TimeoutException","steps":[{"name":"Find clickable elements","time":{"start":1758419143861,"stop":1758419148960,"duration":5099},"status":"broken","statusMessage":"selenium.common.exceptions.TimeoutException: Message: \nStacktrace:\n#0 0x55a38afc394a <unknown>\n#1 0x55a38aa388a0 <unknown>\n#2 0x55a38aa8a540 <unknown>\n#3 0x55a38aa8a731 <unknown>\n#4 0x55a38aad8824 <unknown>\n#5 0x55a38aab005d <unknown>\n#6 0x55a38aad5c23 <unknown>\n#7 0x55a38aaafe03 <unknown>\n#8 0x55a38aa7c968 <unknown>\n#9 0x55a38aa7d5e1 <unknown>\n#10 0x55a38af87548 <unknown>\n#11 0x55a38af8b272 <unknown>\n#12 0x55a38af6e313 <unknown>\n#13 0x55a38af8bdc5 <unknown>\n#14 0x55a38af5349f <unknown>\n#15 0x55a38afb0158 <unknown>\n#16 0x55a38afb0332 <unknown>\n#17 0x55a38afc2a53 <unknown>\n#18 0x7f11f7e9caa4 <unknown>\n#19 0x7f11f7f29c3c <unknown>\n\n","statusTrace":"  File \"/opt/hostedtoolcache/Python/3.11.13/x64/lib/python3.11/site-packages/allure_commons/_allure.py\", line 192, in impl\n    return func(*a, **kw)\n           ^^^^^^^^^^^^^^\n  File \"/home/runner/work/luma_project/luma_project/pages/base_page.py\", line 81, in element_is_clickable\n    return wait(self.driver, timeout).until(EC.element_to_be_clickable(locator))\n           ^^^^^^^^^^^^^^^^^^^^^^^^^^^^^^^^^^^^^^^^^^^^^^^^^^^^^^^^^^^^^^^^^^^^^\n  File \"/opt/hostedtoolcache/Python/3.11.13/x64/lib/python3.11/site-packages/selenium/webdriver/support/wait.py\", line 95, in until\n    raise TimeoutException(message, screen, stacktrace)\n","steps":[],"attachments":[],"parameters":[{"name":"locator","value":"('css selector', '.categories-menu > ul:nth-child(2) > li:nth-child(1) > a')"},{"name":"timeout","value":"5"}],"stepsCount":0,"shouldDisplayMessage":true,"attachmentsCount":0,"hasContent":true,"attachmentStep":false}],"attachments":[{"uid":"c500fa5516d44ea3","name":"Screenshot","source":"c500fa5516d44ea3.png","type":"image/png","size":23875},{"uid":"dc4b65fbbbe646dd","name":"HTML source","source":"dc4b65fbbbe646dd.html","type":"text/html","size":786}],"parameters":[],"stepsCount":1,"shouldDisplayMessage":true,"attachmentsCount":2,"hasContent":true,"attachmentStep":false},"afterStages":[{"name":"driver::0","time":{"start":1758419149028,"stop":1758419149088,"duration":60},"status":"passed","steps":[],"attachments":[],"parameters":[],"stepsCount":0,"shouldDisplayMessage":false,"attachmentsCount":0,"hasContent":false,"attachmentStep":false},{"name":"clear_allure_result_folder::0","time":{"start":1758419990820,"stop":1758419990820,"duration":0},"status":"passed","steps":[],"attachments":[],"parameters":[],"stepsCount":0,"shouldDisplayMessage":false,"attachmentsCount":0,"hasContent":false,"attachmentStep":false}],"labels":[{"name":"feature","value":"Testing Side Menu Bar - Women's Deals Section"},{"name":"epic","value":"Sale Page"},{"name":"parentSuite","value":"tests"},{"name":"suite","value":"test_sale"},{"name":"subSuite","value":"TestSalePage"},{"name":"host","value":"runnervmf4ws1"},{"name":"thread","value":"2946-MainThread"},{"name":"framework","value":"pytest"},{"name":"language","value":"cpython3"},{"name":"package","value":"tests.test_sale"},{"name":"resultFormat","value":"allure2"}],"parameters":[{"name":"element_locator","value":"('css selector', '.categories-menu > ul:nth-child(2) > li:nth-child(1) > a')"}],"links":[],"hidden":false,"retry":false,"extra":{"severity":"normal","retries":[],"categories":[{"name":"Test defects","matchedStatuses":[],"flaky":false}],"tags":[]},"source":"3699450cec340174.json","parameterValues":["('css selector', '.categories-menu > ul:nth-child(2) > li:nth-child(1) > a')"]}