{"uid":"390e8abeee483ef1","name":"TC 10.01.01 - Verify 'WOMEN'S DEALS' title is correct","fullName":"tests.test_sale.TestSideMenuBarWomen#test_tc_10_01_01","historyId":"364988a32487f54869ff7281f63ea0c1","time":{"start":1758419137187,"stop":1758419142288,"duration":5101},"description":"Check title of Women's Deals section","descriptionHtml":"<p>Check title of Women's Deals section</p>\n","status":"broken","statusMessage":"selenium.common.exceptions.TimeoutException: Message: \nStacktrace:\n#0 0x55ee1d8a494a <unknown>\n#1 0x55ee1d3198a0 <unknown>\n#2 0x55ee1d36b540 <unknown>\n#3 0x55ee1d36b731 <unknown>\n#4 0x55ee1d3b9824 <unknown>\n#5 0x55ee1d39105d <unknown>\n#6 0x55ee1d3b6c23 <unknown>\n#7 0x55ee1d390e03 <unknown>\n#8 0x55ee1d35d968 <unknown>\n#9 0x55ee1d35e5e1 <unknown>\n#10 0x55ee1d868548 <unknown>\n#11 0x55ee1d86c272 <unknown>\n#12 0x55ee1d84f313 <unknown>\n#13 0x55ee1d86cdc5 <unknown>\n#14 0x55ee1d83449f <unknown>\n#15 0x55ee1d891158 <unknown>\n#16 0x55ee1d891332 <unknown>\n#17 0x55ee1d8a3a53 <unknown>\n#18 0x7f34efe9caa4 <unknown>\n#19 0x7f34eff29c3c <unknown>","statusTrace":"self = <test_sale.TestSalePage.TestSideMenuBarWomen object at 0x7f11703b0990>\nsale_page = <pages.sale_page.SalePage object at 0x7f1170047610>\n\n    @allure.title(\"TC 10.01.01 - Verify 'WOMEN'S DEALS' title is correct\")\n    def test_tc_10_01_01(self, sale_page):\n        \"\"\"Check title of Women's Deals section\"\"\"\n>       title = sale_page.check_text_in_women_deals_title()\n\ntests/test_sale.py:28: \n_ _ _ _ _ _ _ _ _ _ _ _ _ _ _ _ _ _ _ _ _ _ _ _ _ _ _ _ _ _ _ _ _ _ _ _ _ _ _ _ \npages/sale_page.py:13: in check_text_in_women_deals_title\n    women_deals_title = self.element_is_visible(self.side_bar_locators.WOMEN_DEALS_TITLE)\npages/base_page.py:30: in element_is_visible\n    self.go_to_element(self.element_is_present(locator))\npages/base_page.py:51: in element_is_present\n    return wait(self.driver, timeout).until(EC.presence_of_element_located(locator))\n_ _ _ _ _ _ _ _ _ _ _ _ _ _ _ _ _ _ _ _ _ _ _ _ _ _ _ _ _ _ _ _ _ _ _ _ _ _ _ _ \n\nself = <selenium.webdriver.support.wait.WebDriverWait (session=\"80ddcee2b05130dc9a6bcf053a85baee\")>\nmethod = <function presence_of_element_located.<locals>._predicate at 0x7f116ff00d60>\nmessage = ''\n\n    def until(self, method, message: str = \"\"):\n        \"\"\"Calls the method provided with the driver as an argument until the \\\n        return value does not evaluate to ``False``.\n    \n        :param method: callable(WebDriver)\n        :param message: optional message for :exc:`TimeoutException`\n        :returns: the result of the last call to `method`\n        :raises: :exc:`selenium.common.exceptions.TimeoutException` if timeout occurs\n        \"\"\"\n        screen = None\n        stacktrace = None\n    \n        end_time = time.monotonic() + self._timeout\n        while True:\n            try:\n                value = method(self._driver)\n                if value:\n                    return value\n            except self._ignored_exceptions as exc:\n                screen = getattr(exc, \"screen\", None)\n                stacktrace = getattr(exc, \"stacktrace\", None)\n            time.sleep(self._poll)\n            if time.monotonic() > end_time:\n                break\n>       raise TimeoutException(message, screen, stacktrace)\nE       selenium.common.exceptions.TimeoutException: Message: \nE       Stacktrace:\nE       #0 0x55ee1d8a494a <unknown>\nE       #1 0x55ee1d3198a0 <unknown>\nE       #2 0x55ee1d36b540 <unknown>\nE       #3 0x55ee1d36b731 <unknown>\nE       #4 0x55ee1d3b9824 <unknown>\nE       #5 0x55ee1d39105d <unknown>\nE       #6 0x55ee1d3b6c23 <unknown>\nE       #7 0x55ee1d390e03 <unknown>\nE       #8 0x55ee1d35d968 <unknown>\nE       #9 0x55ee1d35e5e1 <unknown>\nE       #10 0x55ee1d868548 <unknown>\nE       #11 0x55ee1d86c272 <unknown>\nE       #12 0x55ee1d84f313 <unknown>\nE       #13 0x55ee1d86cdc5 <unknown>\nE       #14 0x55ee1d83449f <unknown>\nE       #15 0x55ee1d891158 <unknown>\nE       #16 0x55ee1d891332 <unknown>\nE       #17 0x55ee1d8a3a53 <unknown>\nE       #18 0x7f34efe9caa4 <unknown>\nE       #19 0x7f34eff29c3c <unknown>\n\n/opt/hostedtoolcache/Python/3.11.13/x64/lib/python3.11/site-packages/selenium/webdriver/support/wait.py:95: TimeoutException","flaky":false,"newFailed":false,"newBroken":false,"newPassed":false,"retriesCount":0,"retriesStatusChange":false,"beforeStages":[{"name":"_session_faker","time":{"start":1758417564647,"stop":1758417564708,"duration":61},"status":"passed","steps":[],"attachments":[],"parameters":[],"stepsCount":0,"shouldDisplayMessage":false,"attachmentsCount":0,"hasContent":false,"attachmentStep":false},{"name":"clear_allure_result_folder","time":{"start":1758417564708,"stop":1758417564708,"duration":0},"status":"passed","steps":[],"attachments":[],"parameters":[],"stepsCount":0,"shouldDisplayMessage":false,"attachmentsCount":0,"hasContent":false,"attachmentStep":false},{"name":"driver","time":{"start":1758419135757,"stop":1758419137006,"duration":1249},"status":"passed","steps":[],"attachments":[],"parameters":[],"stepsCount":0,"shouldDisplayMessage":false,"attachmentsCount":0,"hasContent":false,"attachmentStep":false},{"name":"sale_page","time":{"start":1758419137007,"stop":1758419137186,"duration":179},"status":"passed","steps":[{"name":"Open a browser","time":{"start":1758419137007,"stop":1758419137186,"duration":179},"status":"passed","steps":[],"attachments":[],"parameters":[],"stepsCount":0,"shouldDisplayMessage":false,"attachmentsCount":0,"hasContent":false,"attachmentStep":false}],"attachments":[],"parameters":[],"stepsCount":1,"shouldDisplayMessage":false,"attachmentsCount":0,"hasContent":true,"attachmentStep":false}],"testStage":{"description":"Check title of Women's Deals section","status":"broken","statusMessage":"selenium.common.exceptions.TimeoutException: Message: \nStacktrace:\n#0 0x55ee1d8a494a <unknown>\n#1 0x55ee1d3198a0 <unknown>\n#2 0x55ee1d36b540 <unknown>\n#3 0x55ee1d36b731 <unknown>\n#4 0x55ee1d3b9824 <unknown>\n#5 0x55ee1d39105d <unknown>\n#6 0x55ee1d3b6c23 <unknown>\n#7 0x55ee1d390e03 <unknown>\n#8 0x55ee1d35d968 <unknown>\n#9 0x55ee1d35e5e1 <unknown>\n#10 0x55ee1d868548 <unknown>\n#11 0x55ee1d86c272 <unknown>\n#12 0x55ee1d84f313 <unknown>\n#13 0x55ee1d86cdc5 <unknown>\n#14 0x55ee1d83449f <unknown>\n#15 0x55ee1d891158 <unknown>\n#16 0x55ee1d891332 <unknown>\n#17 0x55ee1d8a3a53 <unknown>\n#18 0x7f34efe9caa4 <unknown>\n#19 0x7f34eff29c3c <unknown>","statusTrace":"self = <test_sale.TestSalePage.TestSideMenuBarWomen object at 0x7f11703b0990>\nsale_page = <pages.sale_page.SalePage object at 0x7f1170047610>\n\n    @allure.title(\"TC 10.01.01 - Verify 'WOMEN'S DEALS' title is correct\")\n    def test_tc_10_01_01(self, sale_page):\n        \"\"\"Check title of Women's Deals section\"\"\"\n>       title = sale_page.check_text_in_women_deals_title()\n\ntests/test_sale.py:28: \n_ _ _ _ _ _ _ _ _ _ _ _ _ _ _ _ _ _ _ _ _ _ _ _ _ _ _ _ _ _ _ _ _ _ _ _ _ _ _ _ \npages/sale_page.py:13: in check_text_in_women_deals_title\n    women_deals_title = self.element_is_visible(self.side_bar_locators.WOMEN_DEALS_TITLE)\npages/base_page.py:30: in element_is_visible\n    self.go_to_element(self.element_is_present(locator))\npages/base_page.py:51: in element_is_present\n    return wait(self.driver, timeout).until(EC.presence_of_element_located(locator))\n_ _ _ _ _ _ _ _ _ _ _ _ _ _ _ _ _ _ _ _ _ _ _ _ _ _ _ _ _ _ _ _ _ _ _ _ _ _ _ _ \n\nself = <selenium.webdriver.support.wait.WebDriverWait (session=\"80ddcee2b05130dc9a6bcf053a85baee\")>\nmethod = <function presence_of_element_located.<locals>._predicate at 0x7f116ff00d60>\nmessage = ''\n\n    def until(self, method, message: str = \"\"):\n        \"\"\"Calls the method provided with the driver as an argument until the \\\n        return value does not evaluate to ``False``.\n    \n        :param method: callable(WebDriver)\n        :param message: optional message for :exc:`TimeoutException`\n        :returns: the result of the last call to `method`\n        :raises: :exc:`selenium.common.exceptions.TimeoutException` if timeout occurs\n        \"\"\"\n        screen = None\n        stacktrace = None\n    \n        end_time = time.monotonic() + self._timeout\n        while True:\n            try:\n                value = method(self._driver)\n                if value:\n                    return value\n            except self._ignored_exceptions as exc:\n                screen = getattr(exc, \"screen\", None)\n                stacktrace = getattr(exc, \"stacktrace\", None)\n            time.sleep(self._poll)\n            if time.monotonic() > end_time:\n                break\n>       raise TimeoutException(message, screen, stacktrace)\nE       selenium.common.exceptions.TimeoutException: Message: \nE       Stacktrace:\nE       #0 0x55ee1d8a494a <unknown>\nE       #1 0x55ee1d3198a0 <unknown>\nE       #2 0x55ee1d36b540 <unknown>\nE       #3 0x55ee1d36b731 <unknown>\nE       #4 0x55ee1d3b9824 <unknown>\nE       #5 0x55ee1d39105d <unknown>\nE       #6 0x55ee1d3b6c23 <unknown>\nE       #7 0x55ee1d390e03 <unknown>\nE       #8 0x55ee1d35d968 <unknown>\nE       #9 0x55ee1d35e5e1 <unknown>\nE       #10 0x55ee1d868548 <unknown>\nE       #11 0x55ee1d86c272 <unknown>\nE       #12 0x55ee1d84f313 <unknown>\nE       #13 0x55ee1d86cdc5 <unknown>\nE       #14 0x55ee1d83449f <unknown>\nE       #15 0x55ee1d891158 <unknown>\nE       #16 0x55ee1d891332 <unknown>\nE       #17 0x55ee1d8a3a53 <unknown>\nE       #18 0x7f34efe9caa4 <unknown>\nE       #19 0x7f34eff29c3c <unknown>\n\n/opt/hostedtoolcache/Python/3.11.13/x64/lib/python3.11/site-packages/selenium/webdriver/support/wait.py:95: TimeoutException","steps":[{"name":"Check text in Women's deals title","time":{"start":1758419137187,"stop":1758419142288,"duration":5101},"status":"broken","statusMessage":"selenium.common.exceptions.TimeoutException: Message: \nStacktrace:\n#0 0x55ee1d8a494a <unknown>\n#1 0x55ee1d3198a0 <unknown>\n#2 0x55ee1d36b540 <unknown>\n#3 0x55ee1d36b731 <unknown>\n#4 0x55ee1d3b9824 <unknown>\n#5 0x55ee1d39105d <unknown>\n#6 0x55ee1d3b6c23 <unknown>\n#7 0x55ee1d390e03 <unknown>\n#8 0x55ee1d35d968 <unknown>\n#9 0x55ee1d35e5e1 <unknown>\n#10 0x55ee1d868548 <unknown>\n#11 0x55ee1d86c272 <unknown>\n#12 0x55ee1d84f313 <unknown>\n#13 0x55ee1d86cdc5 <unknown>\n#14 0x55ee1d83449f <unknown>\n#15 0x55ee1d891158 <unknown>\n#16 0x55ee1d891332 <unknown>\n#17 0x55ee1d8a3a53 <unknown>\n#18 0x7f34efe9caa4 <unknown>\n#19 0x7f34eff29c3c <unknown>\n\n","statusTrace":"  File \"/opt/hostedtoolcache/Python/3.11.13/x64/lib/python3.11/site-packages/allure_commons/_allure.py\", line 192, in impl\n    return func(*a, **kw)\n           ^^^^^^^^^^^^^^\n  File \"/home/runner/work/luma_project/luma_project/pages/sale_page.py\", line 13, in check_text_in_women_deals_title\n    women_deals_title = self.element_is_visible(self.side_bar_locators.WOMEN_DEALS_TITLE)\n                        ^^^^^^^^^^^^^^^^^^^^^^^^^^^^^^^^^^^^^^^^^^^^^^^^^^^^^^^^^^^^^^^^^\n  File \"/opt/hostedtoolcache/Python/3.11.13/x64/lib/python3.11/site-packages/allure_commons/_allure.py\", line 192, in impl\n    return func(*a, **kw)\n           ^^^^^^^^^^^^^^\n  File \"/home/runner/work/luma_project/luma_project/pages/base_page.py\", line 30, in element_is_visible\n    self.go_to_element(self.element_is_present(locator))\n                       ^^^^^^^^^^^^^^^^^^^^^^^^^^^^^^^^\n  File \"/opt/hostedtoolcache/Python/3.11.13/x64/lib/python3.11/site-packages/allure_commons/_allure.py\", line 192, in impl\n    return func(*a, **kw)\n           ^^^^^^^^^^^^^^\n  File \"/home/runner/work/luma_project/luma_project/pages/base_page.py\", line 51, in element_is_present\n    return wait(self.driver, timeout).until(EC.presence_of_element_located(locator))\n           ^^^^^^^^^^^^^^^^^^^^^^^^^^^^^^^^^^^^^^^^^^^^^^^^^^^^^^^^^^^^^^^^^^^^^^^^^\n  File \"/opt/hostedtoolcache/Python/3.11.13/x64/lib/python3.11/site-packages/selenium/webdriver/support/wait.py\", line 95, in until\n    raise TimeoutException(message, screen, stacktrace)\n","steps":[{"name":"Find a visible element","time":{"start":1758419137187,"stop":1758419142287,"duration":5100},"status":"broken","statusMessage":"selenium.common.exceptions.TimeoutException: Message: \nStacktrace:\n#0 0x55ee1d8a494a <unknown>\n#1 0x55ee1d3198a0 <unknown>\n#2 0x55ee1d36b540 <unknown>\n#3 0x55ee1d36b731 <unknown>\n#4 0x55ee1d3b9824 <unknown>\n#5 0x55ee1d39105d <unknown>\n#6 0x55ee1d3b6c23 <unknown>\n#7 0x55ee1d390e03 <unknown>\n#8 0x55ee1d35d968 <unknown>\n#9 0x55ee1d35e5e1 <unknown>\n#10 0x55ee1d868548 <unknown>\n#11 0x55ee1d86c272 <unknown>\n#12 0x55ee1d84f313 <unknown>\n#13 0x55ee1d86cdc5 <unknown>\n#14 0x55ee1d83449f <unknown>\n#15 0x55ee1d891158 <unknown>\n#16 0x55ee1d891332 <unknown>\n#17 0x55ee1d8a3a53 <unknown>\n#18 0x7f34efe9caa4 <unknown>\n#19 0x7f34eff29c3c <unknown>\n\n","statusTrace":"  File \"/opt/hostedtoolcache/Python/3.11.13/x64/lib/python3.11/site-packages/allure_commons/_allure.py\", line 192, in impl\n    return func(*a, **kw)\n           ^^^^^^^^^^^^^^\n  File \"/home/runner/work/luma_project/luma_project/pages/base_page.py\", line 30, in element_is_visible\n    self.go_to_element(self.element_is_present(locator))\n                       ^^^^^^^^^^^^^^^^^^^^^^^^^^^^^^^^\n  File \"/opt/hostedtoolcache/Python/3.11.13/x64/lib/python3.11/site-packages/allure_commons/_allure.py\", line 192, in impl\n    return func(*a, **kw)\n           ^^^^^^^^^^^^^^\n  File \"/home/runner/work/luma_project/luma_project/pages/base_page.py\", line 51, in element_is_present\n    return wait(self.driver, timeout).until(EC.presence_of_element_located(locator))\n           ^^^^^^^^^^^^^^^^^^^^^^^^^^^^^^^^^^^^^^^^^^^^^^^^^^^^^^^^^^^^^^^^^^^^^^^^^\n  File \"/opt/hostedtoolcache/Python/3.11.13/x64/lib/python3.11/site-packages/selenium/webdriver/support/wait.py\", line 95, in until\n    raise TimeoutException(message, screen, stacktrace)\n","steps":[{"name":"Find a present element","time":{"start":1758419137187,"stop":1758419142287,"duration":5100},"status":"broken","statusMessage":"selenium.common.exceptions.TimeoutException: Message: \nStacktrace:\n#0 0x55ee1d8a494a <unknown>\n#1 0x55ee1d3198a0 <unknown>\n#2 0x55ee1d36b540 <unknown>\n#3 0x55ee1d36b731 <unknown>\n#4 0x55ee1d3b9824 <unknown>\n#5 0x55ee1d39105d <unknown>\n#6 0x55ee1d3b6c23 <unknown>\n#7 0x55ee1d390e03 <unknown>\n#8 0x55ee1d35d968 <unknown>\n#9 0x55ee1d35e5e1 <unknown>\n#10 0x55ee1d868548 <unknown>\n#11 0x55ee1d86c272 <unknown>\n#12 0x55ee1d84f313 <unknown>\n#13 0x55ee1d86cdc5 <unknown>\n#14 0x55ee1d83449f <unknown>\n#15 0x55ee1d891158 <unknown>\n#16 0x55ee1d891332 <unknown>\n#17 0x55ee1d8a3a53 <unknown>\n#18 0x7f34efe9caa4 <unknown>\n#19 0x7f34eff29c3c <unknown>\n\n","statusTrace":"  File \"/opt/hostedtoolcache/Python/3.11.13/x64/lib/python3.11/site-packages/allure_commons/_allure.py\", line 192, in impl\n    return func(*a, **kw)\n           ^^^^^^^^^^^^^^\n  File \"/home/runner/work/luma_project/luma_project/pages/base_page.py\", line 51, in element_is_present\n    return wait(self.driver, timeout).until(EC.presence_of_element_located(locator))\n           ^^^^^^^^^^^^^^^^^^^^^^^^^^^^^^^^^^^^^^^^^^^^^^^^^^^^^^^^^^^^^^^^^^^^^^^^^\n  File \"/opt/hostedtoolcache/Python/3.11.13/x64/lib/python3.11/site-packages/selenium/webdriver/support/wait.py\", line 95, in until\n    raise TimeoutException(message, screen, stacktrace)\n","steps":[],"attachments":[],"parameters":[{"name":"locator","value":"('css selector', '.categories-menu > strong:nth-child(1) > span')"},{"name":"timeout","value":"5"}],"stepsCount":0,"shouldDisplayMessage":true,"attachmentsCount":0,"hasContent":true,"attachmentStep":false}],"attachments":[],"parameters":[{"name":"locator","value":"('css selector', '.categories-menu > strong:nth-child(1) > span')"},{"name":"timeout","value":"10"}],"stepsCount":1,"shouldDisplayMessage":false,"attachmentsCount":0,"hasContent":true,"attachmentStep":false}],"attachments":[],"parameters":[],"stepsCount":2,"shouldDisplayMessage":false,"attachmentsCount":0,"hasContent":true,"attachmentStep":false}],"attachments":[{"uid":"44d1df5cf9ba8668","name":"Screenshot","source":"44d1df5cf9ba8668.png","type":"image/png","size":23875},{"uid":"9f519811a2558189","name":"HTML source","source":"9f519811a2558189.html","type":"text/html","size":786}],"parameters":[],"stepsCount":3,"shouldDisplayMessage":true,"attachmentsCount":2,"hasContent":true,"attachmentStep":false},"afterStages":[{"name":"driver::0","time":{"start":1758419142348,"stop":1758419142408,"duration":60},"status":"passed","steps":[],"attachments":[],"parameters":[],"stepsCount":0,"shouldDisplayMessage":false,"attachmentsCount":0,"hasContent":false,"attachmentStep":false},{"name":"clear_allure_result_folder::0","time":{"start":1758419990820,"stop":1758419990820,"duration":0},"status":"passed","steps":[],"attachments":[],"parameters":[],"stepsCount":0,"shouldDisplayMessage":false,"attachmentsCount":0,"hasContent":false,"attachmentStep":false}],"labels":[{"name":"feature","value":"Testing Side Menu Bar - Women's Deals Section"},{"name":"epic","value":"Sale Page"},{"name":"parentSuite","value":"tests"},{"name":"suite","value":"test_sale"},{"name":"subSuite","value":"TestSalePage"},{"name":"host","value":"runnervmf4ws1"},{"name":"thread","value":"2946-MainThread"},{"name":"framework","value":"pytest"},{"name":"language","value":"cpython3"},{"name":"package","value":"tests.test_sale"},{"name":"resultFormat","value":"allure2"}],"parameters":[],"links":[],"hidden":false,"retry":false,"extra":{"severity":"normal","retries":[],"categories":[{"name":"Test defects","matchedStatuses":[],"flaky":false}],"tags":[]},"source":"390e8abeee483ef1.json","parameterValues":[]}