{"uid":"6435df9465af2814","name":"TC 03.02.06 Verify login with valid mix-cased email valid password - Positive","fullName":"tests.test_sign_in.TestLogin#test_03_02_06_login_with_valid_case_sensitive_email","historyId":"5e954d7df1d4d04c463edc305153e798","time":{"start":1758419749334,"stop":1758419754433,"duration":5099},"description":"Check Success Login with correct credentials","descriptionHtml":"<p>Check Success Login with correct credentials</p>\n","status":"broken","statusMessage":"selenium.common.exceptions.TimeoutException: Message: \nStacktrace:\n#0 0x5624ba2ed94a <unknown>\n#1 0x5624b9d628a0 <unknown>\n#2 0x5624b9db4540 <unknown>\n#3 0x5624b9db4731 <unknown>\n#4 0x5624b9e02824 <unknown>\n#5 0x5624b9dda05d <unknown>\n#6 0x5624b9dffc23 <unknown>\n#7 0x5624b9dd9e03 <unknown>\n#8 0x5624b9da6968 <unknown>\n#9 0x5624b9da75e1 <unknown>\n#10 0x5624ba2b1548 <unknown>\n#11 0x5624ba2b5272 <unknown>\n#12 0x5624ba298313 <unknown>\n#13 0x5624ba2b5dc5 <unknown>\n#14 0x5624ba27d49f <unknown>\n#15 0x5624ba2da158 <unknown>\n#16 0x5624ba2da332 <unknown>\n#17 0x5624ba2eca53 <unknown>\n#18 0x7fe22289caa4 <unknown>\n#19 0x7fe222929c3c <unknown>","statusTrace":"self = <test_sign_in.TestLogin object at 0x7f116e9c7e90>\ndriver = <selenium.webdriver.chrome.webdriver.WebDriver (session=\"032e53c4f6cb3dd5649c5b1ea32d5a5d\")>\nsign_in_page = <pages.sign_in_page.SignInPage object at 0x7f116ea3f050>\n\n    @allure.title('TC 03.02.06 Verify login with valid mix-cased email valid password - Positive')\n    @allure.severity(allure.severity_level.CRITICAL)\n    def test_03_02_06_login_with_valid_case_sensitive_email(self, driver, sign_in_page):\n        \"\"\"Check Success Login with correct credentials\"\"\"\n>       sign_in_page.fill_in_email_field(credentials['valid_case_sensitive_email'])\n\ntests/test_sign_in.py:261: \n_ _ _ _ _ _ _ _ _ _ _ _ _ _ _ _ _ _ _ _ _ _ _ _ _ _ _ _ _ _ _ _ _ _ _ _ _ _ _ _ \npages/sign_in_page.py:54: in fill_in_email_field\n    self.fill_in_field(self.check_customer_email_field_is_clickable(), email)\npages/sign_in_page.py:41: in check_customer_email_field_is_clickable\n    return self.element_is_clickable(self.locators.CUSTOMER_EMAIL)\npages/base_page.py:81: in element_is_clickable\n    return wait(self.driver, timeout).until(EC.element_to_be_clickable(locator))\n_ _ _ _ _ _ _ _ _ _ _ _ _ _ _ _ _ _ _ _ _ _ _ _ _ _ _ _ _ _ _ _ _ _ _ _ _ _ _ _ \n\nself = <selenium.webdriver.support.wait.WebDriverWait (session=\"032e53c4f6cb3dd5649c5b1ea32d5a5d\")>\nmethod = <function element_to_be_clickable.<locals>._predicate at 0x7f116f994860>\nmessage = ''\n\n    def until(self, method, message: str = \"\"):\n        \"\"\"Calls the method provided with the driver as an argument until the \\\n        return value does not evaluate to ``False``.\n    \n        :param method: callable(WebDriver)\n        :param message: optional message for :exc:`TimeoutException`\n        :returns: the result of the last call to `method`\n        :raises: :exc:`selenium.common.exceptions.TimeoutException` if timeout occurs\n        \"\"\"\n        screen = None\n        stacktrace = None\n    \n        end_time = time.monotonic() + self._timeout\n        while True:\n            try:\n                value = method(self._driver)\n                if value:\n                    return value\n            except self._ignored_exceptions as exc:\n                screen = getattr(exc, \"screen\", None)\n                stacktrace = getattr(exc, \"stacktrace\", None)\n            time.sleep(self._poll)\n            if time.monotonic() > end_time:\n                break\n>       raise TimeoutException(message, screen, stacktrace)\nE       selenium.common.exceptions.TimeoutException: Message: \nE       Stacktrace:\nE       #0 0x5624ba2ed94a <unknown>\nE       #1 0x5624b9d628a0 <unknown>\nE       #2 0x5624b9db4540 <unknown>\nE       #3 0x5624b9db4731 <unknown>\nE       #4 0x5624b9e02824 <unknown>\nE       #5 0x5624b9dda05d <unknown>\nE       #6 0x5624b9dffc23 <unknown>\nE       #7 0x5624b9dd9e03 <unknown>\nE       #8 0x5624b9da6968 <unknown>\nE       #9 0x5624b9da75e1 <unknown>\nE       #10 0x5624ba2b1548 <unknown>\nE       #11 0x5624ba2b5272 <unknown>\nE       #12 0x5624ba298313 <unknown>\nE       #13 0x5624ba2b5dc5 <unknown>\nE       #14 0x5624ba27d49f <unknown>\nE       #15 0x5624ba2da158 <unknown>\nE       #16 0x5624ba2da332 <unknown>\nE       #17 0x5624ba2eca53 <unknown>\nE       #18 0x7fe22289caa4 <unknown>\nE       #19 0x7fe222929c3c <unknown>\n\n/opt/hostedtoolcache/Python/3.11.13/x64/lib/python3.11/site-packages/selenium/webdriver/support/wait.py:95: TimeoutException","flaky":false,"newFailed":false,"newBroken":false,"newPassed":false,"retriesCount":0,"retriesStatusChange":false,"beforeStages":[{"name":"_session_faker","time":{"start":1758417564647,"stop":1758417564708,"duration":61},"status":"passed","steps":[],"attachments":[],"parameters":[],"stepsCount":0,"shouldDisplayMessage":false,"attachmentsCount":0,"hasContent":false,"attachmentStep":false},{"name":"clear_allure_result_folder","time":{"start":1758417564708,"stop":1758417564708,"duration":0},"status":"passed","steps":[],"attachments":[],"parameters":[],"stepsCount":0,"shouldDisplayMessage":false,"attachmentsCount":0,"hasContent":false,"attachmentStep":false},{"name":"driver","time":{"start":1758419747869,"stop":1758419749116,"duration":1247},"status":"passed","steps":[],"attachments":[],"parameters":[],"stepsCount":0,"shouldDisplayMessage":false,"attachmentsCount":0,"hasContent":false,"attachmentStep":false},{"name":"sign_in_page","time":{"start":1758419749116,"stop":1758419749333,"duration":217},"status":"passed","steps":[{"name":"Open a browser","time":{"start":1758419749116,"stop":1758419749333,"duration":217},"status":"passed","steps":[],"attachments":[],"parameters":[],"stepsCount":0,"shouldDisplayMessage":false,"attachmentsCount":0,"hasContent":false,"attachmentStep":false}],"attachments":[],"parameters":[],"stepsCount":1,"shouldDisplayMessage":false,"attachmentsCount":0,"hasContent":true,"attachmentStep":false}],"testStage":{"description":"Check Success Login with correct credentials","status":"broken","statusMessage":"selenium.common.exceptions.TimeoutException: Message: \nStacktrace:\n#0 0x5624ba2ed94a <unknown>\n#1 0x5624b9d628a0 <unknown>\n#2 0x5624b9db4540 <unknown>\n#3 0x5624b9db4731 <unknown>\n#4 0x5624b9e02824 <unknown>\n#5 0x5624b9dda05d <unknown>\n#6 0x5624b9dffc23 <unknown>\n#7 0x5624b9dd9e03 <unknown>\n#8 0x5624b9da6968 <unknown>\n#9 0x5624b9da75e1 <unknown>\n#10 0x5624ba2b1548 <unknown>\n#11 0x5624ba2b5272 <unknown>\n#12 0x5624ba298313 <unknown>\n#13 0x5624ba2b5dc5 <unknown>\n#14 0x5624ba27d49f <unknown>\n#15 0x5624ba2da158 <unknown>\n#16 0x5624ba2da332 <unknown>\n#17 0x5624ba2eca53 <unknown>\n#18 0x7fe22289caa4 <unknown>\n#19 0x7fe222929c3c <unknown>","statusTrace":"self = <test_sign_in.TestLogin object at 0x7f116e9c7e90>\ndriver = <selenium.webdriver.chrome.webdriver.WebDriver (session=\"032e53c4f6cb3dd5649c5b1ea32d5a5d\")>\nsign_in_page = <pages.sign_in_page.SignInPage object at 0x7f116ea3f050>\n\n    @allure.title('TC 03.02.06 Verify login with valid mix-cased email valid password - Positive')\n    @allure.severity(allure.severity_level.CRITICAL)\n    def test_03_02_06_login_with_valid_case_sensitive_email(self, driver, sign_in_page):\n        \"\"\"Check Success Login with correct credentials\"\"\"\n>       sign_in_page.fill_in_email_field(credentials['valid_case_sensitive_email'])\n\ntests/test_sign_in.py:261: \n_ _ _ _ _ _ _ _ _ _ _ _ _ _ _ _ _ _ _ _ _ _ _ _ _ _ _ _ _ _ _ _ _ _ _ _ _ _ _ _ \npages/sign_in_page.py:54: in fill_in_email_field\n    self.fill_in_field(self.check_customer_email_field_is_clickable(), email)\npages/sign_in_page.py:41: in check_customer_email_field_is_clickable\n    return self.element_is_clickable(self.locators.CUSTOMER_EMAIL)\npages/base_page.py:81: in element_is_clickable\n    return wait(self.driver, timeout).until(EC.element_to_be_clickable(locator))\n_ _ _ _ _ _ _ _ _ _ _ _ _ _ _ _ _ _ _ _ _ _ _ _ _ _ _ _ _ _ _ _ _ _ _ _ _ _ _ _ \n\nself = <selenium.webdriver.support.wait.WebDriverWait (session=\"032e53c4f6cb3dd5649c5b1ea32d5a5d\")>\nmethod = <function element_to_be_clickable.<locals>._predicate at 0x7f116f994860>\nmessage = ''\n\n    def until(self, method, message: str = \"\"):\n        \"\"\"Calls the method provided with the driver as an argument until the \\\n        return value does not evaluate to ``False``.\n    \n        :param method: callable(WebDriver)\n        :param message: optional message for :exc:`TimeoutException`\n        :returns: the result of the last call to `method`\n        :raises: :exc:`selenium.common.exceptions.TimeoutException` if timeout occurs\n        \"\"\"\n        screen = None\n        stacktrace = None\n    \n        end_time = time.monotonic() + self._timeout\n        while True:\n            try:\n                value = method(self._driver)\n                if value:\n                    return value\n            except self._ignored_exceptions as exc:\n                screen = getattr(exc, \"screen\", None)\n                stacktrace = getattr(exc, \"stacktrace\", None)\n            time.sleep(self._poll)\n            if time.monotonic() > end_time:\n                break\n>       raise TimeoutException(message, screen, stacktrace)\nE       selenium.common.exceptions.TimeoutException: Message: \nE       Stacktrace:\nE       #0 0x5624ba2ed94a <unknown>\nE       #1 0x5624b9d628a0 <unknown>\nE       #2 0x5624b9db4540 <unknown>\nE       #3 0x5624b9db4731 <unknown>\nE       #4 0x5624b9e02824 <unknown>\nE       #5 0x5624b9dda05d <unknown>\nE       #6 0x5624b9dffc23 <unknown>\nE       #7 0x5624b9dd9e03 <unknown>\nE       #8 0x5624b9da6968 <unknown>\nE       #9 0x5624b9da75e1 <unknown>\nE       #10 0x5624ba2b1548 <unknown>\nE       #11 0x5624ba2b5272 <unknown>\nE       #12 0x5624ba298313 <unknown>\nE       #13 0x5624ba2b5dc5 <unknown>\nE       #14 0x5624ba27d49f <unknown>\nE       #15 0x5624ba2da158 <unknown>\nE       #16 0x5624ba2da332 <unknown>\nE       #17 0x5624ba2eca53 <unknown>\nE       #18 0x7fe22289caa4 <unknown>\nE       #19 0x7fe222929c3c <unknown>\n\n/opt/hostedtoolcache/Python/3.11.13/x64/lib/python3.11/site-packages/selenium/webdriver/support/wait.py:95: TimeoutException","steps":[{"name":"Fill in Email field","time":{"start":1758419749334,"stop":1758419754432,"duration":5098},"status":"broken","statusMessage":"selenium.common.exceptions.TimeoutException: Message: \nStacktrace:\n#0 0x5624ba2ed94a <unknown>\n#1 0x5624b9d628a0 <unknown>\n#2 0x5624b9db4540 <unknown>\n#3 0x5624b9db4731 <unknown>\n#4 0x5624b9e02824 <unknown>\n#5 0x5624b9dda05d <unknown>\n#6 0x5624b9dffc23 <unknown>\n#7 0x5624b9dd9e03 <unknown>\n#8 0x5624b9da6968 <unknown>\n#9 0x5624b9da75e1 <unknown>\n#10 0x5624ba2b1548 <unknown>\n#11 0x5624ba2b5272 <unknown>\n#12 0x5624ba298313 <unknown>\n#13 0x5624ba2b5dc5 <unknown>\n#14 0x5624ba27d49f <unknown>\n#15 0x5624ba2da158 <unknown>\n#16 0x5624ba2da332 <unknown>\n#17 0x5624ba2eca53 <unknown>\n#18 0x7fe22289caa4 <unknown>\n#19 0x7fe222929c3c <unknown>\n\n","statusTrace":"  File \"/opt/hostedtoolcache/Python/3.11.13/x64/lib/python3.11/site-packages/allure_commons/_allure.py\", line 192, in impl\n    return func(*a, **kw)\n           ^^^^^^^^^^^^^^\n  File \"/home/runner/work/luma_project/luma_project/pages/sign_in_page.py\", line 54, in fill_in_email_field\n    self.fill_in_field(self.check_customer_email_field_is_clickable(), email)\n                       ^^^^^^^^^^^^^^^^^^^^^^^^^^^^^^^^^^^^^^^^^^^^^^\n  File \"/opt/hostedtoolcache/Python/3.11.13/x64/lib/python3.11/site-packages/allure_commons/_allure.py\", line 192, in impl\n    return func(*a, **kw)\n           ^^^^^^^^^^^^^^\n  File \"/home/runner/work/luma_project/luma_project/pages/sign_in_page.py\", line 41, in check_customer_email_field_is_clickable\n    return self.element_is_clickable(self.locators.CUSTOMER_EMAIL)\n           ^^^^^^^^^^^^^^^^^^^^^^^^^^^^^^^^^^^^^^^^^^^^^^^^^^^^^^^\n  File \"/opt/hostedtoolcache/Python/3.11.13/x64/lib/python3.11/site-packages/allure_commons/_allure.py\", line 192, in impl\n    return func(*a, **kw)\n           ^^^^^^^^^^^^^^\n  File \"/home/runner/work/luma_project/luma_project/pages/base_page.py\", line 81, in element_is_clickable\n    return wait(self.driver, timeout).until(EC.element_to_be_clickable(locator))\n           ^^^^^^^^^^^^^^^^^^^^^^^^^^^^^^^^^^^^^^^^^^^^^^^^^^^^^^^^^^^^^^^^^^^^^\n  File \"/opt/hostedtoolcache/Python/3.11.13/x64/lib/python3.11/site-packages/selenium/webdriver/support/wait.py\", line 95, in until\n    raise TimeoutException(message, screen, stacktrace)\n","steps":[{"name":"Check Email field is clickable","time":{"start":1758419749335,"stop":1758419754432,"duration":5097},"status":"broken","statusMessage":"selenium.common.exceptions.TimeoutException: Message: \nStacktrace:\n#0 0x5624ba2ed94a <unknown>\n#1 0x5624b9d628a0 <unknown>\n#2 0x5624b9db4540 <unknown>\n#3 0x5624b9db4731 <unknown>\n#4 0x5624b9e02824 <unknown>\n#5 0x5624b9dda05d <unknown>\n#6 0x5624b9dffc23 <unknown>\n#7 0x5624b9dd9e03 <unknown>\n#8 0x5624b9da6968 <unknown>\n#9 0x5624b9da75e1 <unknown>\n#10 0x5624ba2b1548 <unknown>\n#11 0x5624ba2b5272 <unknown>\n#12 0x5624ba298313 <unknown>\n#13 0x5624ba2b5dc5 <unknown>\n#14 0x5624ba27d49f <unknown>\n#15 0x5624ba2da158 <unknown>\n#16 0x5624ba2da332 <unknown>\n#17 0x5624ba2eca53 <unknown>\n#18 0x7fe22289caa4 <unknown>\n#19 0x7fe222929c3c <unknown>\n\n","statusTrace":"  File \"/opt/hostedtoolcache/Python/3.11.13/x64/lib/python3.11/site-packages/allure_commons/_allure.py\", line 192, in impl\n    return func(*a, **kw)\n           ^^^^^^^^^^^^^^\n  File \"/home/runner/work/luma_project/luma_project/pages/sign_in_page.py\", line 41, in check_customer_email_field_is_clickable\n    return self.element_is_clickable(self.locators.CUSTOMER_EMAIL)\n           ^^^^^^^^^^^^^^^^^^^^^^^^^^^^^^^^^^^^^^^^^^^^^^^^^^^^^^^\n  File \"/opt/hostedtoolcache/Python/3.11.13/x64/lib/python3.11/site-packages/allure_commons/_allure.py\", line 192, in impl\n    return func(*a, **kw)\n           ^^^^^^^^^^^^^^\n  File \"/home/runner/work/luma_project/luma_project/pages/base_page.py\", line 81, in element_is_clickable\n    return wait(self.driver, timeout).until(EC.element_to_be_clickable(locator))\n           ^^^^^^^^^^^^^^^^^^^^^^^^^^^^^^^^^^^^^^^^^^^^^^^^^^^^^^^^^^^^^^^^^^^^^\n  File \"/opt/hostedtoolcache/Python/3.11.13/x64/lib/python3.11/site-packages/selenium/webdriver/support/wait.py\", line 95, in until\n    raise TimeoutException(message, screen, stacktrace)\n","steps":[{"name":"Find clickable elements","time":{"start":1758419749335,"stop":1758419754432,"duration":5097},"status":"broken","statusMessage":"selenium.common.exceptions.TimeoutException: Message: \nStacktrace:\n#0 0x5624ba2ed94a <unknown>\n#1 0x5624b9d628a0 <unknown>\n#2 0x5624b9db4540 <unknown>\n#3 0x5624b9db4731 <unknown>\n#4 0x5624b9e02824 <unknown>\n#5 0x5624b9dda05d <unknown>\n#6 0x5624b9dffc23 <unknown>\n#7 0x5624b9dd9e03 <unknown>\n#8 0x5624b9da6968 <unknown>\n#9 0x5624b9da75e1 <unknown>\n#10 0x5624ba2b1548 <unknown>\n#11 0x5624ba2b5272 <unknown>\n#12 0x5624ba298313 <unknown>\n#13 0x5624ba2b5dc5 <unknown>\n#14 0x5624ba27d49f <unknown>\n#15 0x5624ba2da158 <unknown>\n#16 0x5624ba2da332 <unknown>\n#17 0x5624ba2eca53 <unknown>\n#18 0x7fe22289caa4 <unknown>\n#19 0x7fe222929c3c <unknown>\n\n","statusTrace":"  File \"/opt/hostedtoolcache/Python/3.11.13/x64/lib/python3.11/site-packages/allure_commons/_allure.py\", line 192, in impl\n    return func(*a, **kw)\n           ^^^^^^^^^^^^^^\n  File \"/home/runner/work/luma_project/luma_project/pages/base_page.py\", line 81, in element_is_clickable\n    return wait(self.driver, timeout).until(EC.element_to_be_clickable(locator))\n           ^^^^^^^^^^^^^^^^^^^^^^^^^^^^^^^^^^^^^^^^^^^^^^^^^^^^^^^^^^^^^^^^^^^^^\n  File \"/opt/hostedtoolcache/Python/3.11.13/x64/lib/python3.11/site-packages/selenium/webdriver/support/wait.py\", line 95, in until\n    raise TimeoutException(message, screen, stacktrace)\n","steps":[],"attachments":[],"parameters":[{"name":"locator","value":"('css selector', '#email')"},{"name":"timeout","value":"5"}],"stepsCount":0,"shouldDisplayMessage":true,"attachmentsCount":0,"hasContent":true,"attachmentStep":false}],"attachments":[],"parameters":[],"stepsCount":1,"shouldDisplayMessage":false,"attachmentsCount":0,"hasContent":true,"attachmentStep":false}],"attachments":[],"parameters":[{"name":"email","value":"'Test130@Mailinator.com'"}],"stepsCount":2,"shouldDisplayMessage":false,"attachmentsCount":0,"hasContent":true,"attachmentStep":false}],"attachments":[{"uid":"fcd4069f4d4acd61","name":"Screenshot","source":"fcd4069f4d4acd61.png","type":"image/png","size":23875},{"uid":"d28cd71808f3e9d4","name":"HTML source","source":"d28cd71808f3e9d4.html","type":"text/html","size":786}],"parameters":[],"stepsCount":3,"shouldDisplayMessage":true,"attachmentsCount":2,"hasContent":true,"attachmentStep":false},"afterStages":[{"name":"driver::0","time":{"start":1758419754492,"stop":1758419754551,"duration":59},"status":"passed","steps":[],"attachments":[],"parameters":[],"stepsCount":0,"shouldDisplayMessage":false,"attachmentsCount":0,"hasContent":false,"attachmentStep":false},{"name":"clear_allure_result_folder::0","time":{"start":1758419990820,"stop":1758419990820,"duration":0},"status":"passed","steps":[],"attachments":[],"parameters":[],"stepsCount":0,"shouldDisplayMessage":false,"attachmentsCount":0,"hasContent":false,"attachmentStep":false}],"labels":[{"name":"feature","value":"Login Functionality"},{"name":"severity","value":"critical"},{"name":"parentSuite","value":"tests"},{"name":"suite","value":"test_sign_in"},{"name":"subSuite","value":"TestLogin"},{"name":"host","value":"runnervmf4ws1"},{"name":"thread","value":"2946-MainThread"},{"name":"framework","value":"pytest"},{"name":"language","value":"cpython3"},{"name":"package","value":"tests.test_sign_in"},{"name":"resultFormat","value":"allure2"}],"parameters":[],"links":[],"hidden":false,"retry":false,"extra":{"severity":"critical","retries":[],"categories":[{"name":"Test defects","matchedStatuses":[],"flaky":false}],"tags":[]},"source":"6435df9465af2814.json","parameterValues":[]}