{"uid":"9e52020cdb60e21c","name":"TC 10.04.10 - Verify that the sale-20-off contains an image","fullName":"tests.test_sale.TestPromoBlocks#test_tc_10_04_10","historyId":"30f93419f98739e82522049836ef19ee","time":{"start":1758419392549,"stop":1758419397648,"duration":5099},"description":"Check img existence of 1st column in 3-columns Promo Block section","descriptionHtml":"<p>Check img existence of 1st column in 3-columns Promo Block section</p>\n","status":"broken","statusMessage":"selenium.common.exceptions.TimeoutException: Message: \nStacktrace:\n#0 0x5568499ad94a <unknown>\n#1 0x5568494228a0 <unknown>\n#2 0x556849474540 <unknown>\n#3 0x556849474731 <unknown>\n#4 0x5568494c2824 <unknown>\n#5 0x55684949a05d <unknown>\n#6 0x5568494bfc23 <unknown>\n#7 0x556849499e03 <unknown>\n#8 0x556849466968 <unknown>\n#9 0x5568494675e1 <unknown>\n#10 0x556849971548 <unknown>\n#11 0x556849975272 <unknown>\n#12 0x556849958313 <unknown>\n#13 0x556849975dc5 <unknown>\n#14 0x55684993d49f <unknown>\n#15 0x55684999a158 <unknown>\n#16 0x55684999a332 <unknown>\n#17 0x5568499aca53 <unknown>\n#18 0x7fd1fa69caa4 <unknown>\n#19 0x7fd1fa729c3c <unknown>","statusTrace":"self = <test_sale.TestSalePage.TestPromoBlocks object at 0x7f116fd33590>\nsale_page = <pages.sale_page.SalePage object at 0x7f116ff83e50>\n\n    @allure.title(\"TC 10.04.10 - Verify that the sale-20-off contains an image\")\n    def test_tc_10_04_10(self, sale_page):\n        \"\"\"Check img existence of 1st column in 3-columns Promo Block section\"\"\"\n>       img = sale_page.check_img_in_first_block()\n\ntests/test_sale.py:198: \n_ _ _ _ _ _ _ _ _ _ _ _ _ _ _ _ _ _ _ _ _ _ _ _ _ _ _ _ _ _ _ _ _ _ _ _ _ _ _ _ \npages/sale_page.py:85: in check_img_in_first_block\n    img = self.element_is_present(self.promo_blocks_locators.FIRST_COLUMN_IMG)\npages/base_page.py:51: in element_is_present\n    return wait(self.driver, timeout).until(EC.presence_of_element_located(locator))\n_ _ _ _ _ _ _ _ _ _ _ _ _ _ _ _ _ _ _ _ _ _ _ _ _ _ _ _ _ _ _ _ _ _ _ _ _ _ _ _ \n\nself = <selenium.webdriver.support.wait.WebDriverWait (session=\"776da2299aa74d9a7a72cb9fb79c7d8a\")>\nmethod = <function presence_of_element_located.<locals>._predicate at 0x7f116f992f20>\nmessage = ''\n\n    def until(self, method, message: str = \"\"):\n        \"\"\"Calls the method provided with the driver as an argument until the \\\n        return value does not evaluate to ``False``.\n    \n        :param method: callable(WebDriver)\n        :param message: optional message for :exc:`TimeoutException`\n        :returns: the result of the last call to `method`\n        :raises: :exc:`selenium.common.exceptions.TimeoutException` if timeout occurs\n        \"\"\"\n        screen = None\n        stacktrace = None\n    \n        end_time = time.monotonic() + self._timeout\n        while True:\n            try:\n                value = method(self._driver)\n                if value:\n                    return value\n            except self._ignored_exceptions as exc:\n                screen = getattr(exc, \"screen\", None)\n                stacktrace = getattr(exc, \"stacktrace\", None)\n            time.sleep(self._poll)\n            if time.monotonic() > end_time:\n                break\n>       raise TimeoutException(message, screen, stacktrace)\nE       selenium.common.exceptions.TimeoutException: Message: \nE       Stacktrace:\nE       #0 0x5568499ad94a <unknown>\nE       #1 0x5568494228a0 <unknown>\nE       #2 0x556849474540 <unknown>\nE       #3 0x556849474731 <unknown>\nE       #4 0x5568494c2824 <unknown>\nE       #5 0x55684949a05d <unknown>\nE       #6 0x5568494bfc23 <unknown>\nE       #7 0x556849499e03 <unknown>\nE       #8 0x556849466968 <unknown>\nE       #9 0x5568494675e1 <unknown>\nE       #10 0x556849971548 <unknown>\nE       #11 0x556849975272 <unknown>\nE       #12 0x556849958313 <unknown>\nE       #13 0x556849975dc5 <unknown>\nE       #14 0x55684993d49f <unknown>\nE       #15 0x55684999a158 <unknown>\nE       #16 0x55684999a332 <unknown>\nE       #17 0x5568499aca53 <unknown>\nE       #18 0x7fd1fa69caa4 <unknown>\nE       #19 0x7fd1fa729c3c <unknown>\n\n/opt/hostedtoolcache/Python/3.11.13/x64/lib/python3.11/site-packages/selenium/webdriver/support/wait.py:95: TimeoutException","flaky":false,"newFailed":false,"newBroken":false,"newPassed":false,"retriesCount":0,"retriesStatusChange":false,"beforeStages":[{"name":"_session_faker","time":{"start":1758417564647,"stop":1758417564708,"duration":61},"status":"passed","steps":[],"attachments":[],"parameters":[],"stepsCount":0,"shouldDisplayMessage":false,"attachmentsCount":0,"hasContent":false,"attachmentStep":false},{"name":"clear_allure_result_folder","time":{"start":1758417564708,"stop":1758417564708,"duration":0},"status":"passed","steps":[],"attachments":[],"parameters":[],"stepsCount":0,"shouldDisplayMessage":false,"attachmentsCount":0,"hasContent":false,"attachmentStep":false},{"name":"driver","time":{"start":1758419391030,"stop":1758419392265,"duration":1235},"status":"passed","steps":[],"attachments":[],"parameters":[],"stepsCount":0,"shouldDisplayMessage":false,"attachmentsCount":0,"hasContent":false,"attachmentStep":false},{"name":"sale_page","time":{"start":1758419392265,"stop":1758419392548,"duration":283},"status":"passed","steps":[{"name":"Open a browser","time":{"start":1758419392265,"stop":1758419392548,"duration":283},"status":"passed","steps":[],"attachments":[],"parameters":[],"stepsCount":0,"shouldDisplayMessage":false,"attachmentsCount":0,"hasContent":false,"attachmentStep":false}],"attachments":[],"parameters":[],"stepsCount":1,"shouldDisplayMessage":false,"attachmentsCount":0,"hasContent":true,"attachmentStep":false}],"testStage":{"description":"Check img existence of 1st column in 3-columns Promo Block section","status":"broken","statusMessage":"selenium.common.exceptions.TimeoutException: Message: \nStacktrace:\n#0 0x5568499ad94a <unknown>\n#1 0x5568494228a0 <unknown>\n#2 0x556849474540 <unknown>\n#3 0x556849474731 <unknown>\n#4 0x5568494c2824 <unknown>\n#5 0x55684949a05d <unknown>\n#6 0x5568494bfc23 <unknown>\n#7 0x556849499e03 <unknown>\n#8 0x556849466968 <unknown>\n#9 0x5568494675e1 <unknown>\n#10 0x556849971548 <unknown>\n#11 0x556849975272 <unknown>\n#12 0x556849958313 <unknown>\n#13 0x556849975dc5 <unknown>\n#14 0x55684993d49f <unknown>\n#15 0x55684999a158 <unknown>\n#16 0x55684999a332 <unknown>\n#17 0x5568499aca53 <unknown>\n#18 0x7fd1fa69caa4 <unknown>\n#19 0x7fd1fa729c3c <unknown>","statusTrace":"self = <test_sale.TestSalePage.TestPromoBlocks object at 0x7f116fd33590>\nsale_page = <pages.sale_page.SalePage object at 0x7f116ff83e50>\n\n    @allure.title(\"TC 10.04.10 - Verify that the sale-20-off contains an image\")\n    def test_tc_10_04_10(self, sale_page):\n        \"\"\"Check img existence of 1st column in 3-columns Promo Block section\"\"\"\n>       img = sale_page.check_img_in_first_block()\n\ntests/test_sale.py:198: \n_ _ _ _ _ _ _ _ _ _ _ _ _ _ _ _ _ _ _ _ _ _ _ _ _ _ _ _ _ _ _ _ _ _ _ _ _ _ _ _ \npages/sale_page.py:85: in check_img_in_first_block\n    img = self.element_is_present(self.promo_blocks_locators.FIRST_COLUMN_IMG)\npages/base_page.py:51: in element_is_present\n    return wait(self.driver, timeout).until(EC.presence_of_element_located(locator))\n_ _ _ _ _ _ _ _ _ _ _ _ _ _ _ _ _ _ _ _ _ _ _ _ _ _ _ _ _ _ _ _ _ _ _ _ _ _ _ _ \n\nself = <selenium.webdriver.support.wait.WebDriverWait (session=\"776da2299aa74d9a7a72cb9fb79c7d8a\")>\nmethod = <function presence_of_element_located.<locals>._predicate at 0x7f116f992f20>\nmessage = ''\n\n    def until(self, method, message: str = \"\"):\n        \"\"\"Calls the method provided with the driver as an argument until the \\\n        return value does not evaluate to ``False``.\n    \n        :param method: callable(WebDriver)\n        :param message: optional message for :exc:`TimeoutException`\n        :returns: the result of the last call to `method`\n        :raises: :exc:`selenium.common.exceptions.TimeoutException` if timeout occurs\n        \"\"\"\n        screen = None\n        stacktrace = None\n    \n        end_time = time.monotonic() + self._timeout\n        while True:\n            try:\n                value = method(self._driver)\n                if value:\n                    return value\n            except self._ignored_exceptions as exc:\n                screen = getattr(exc, \"screen\", None)\n                stacktrace = getattr(exc, \"stacktrace\", None)\n            time.sleep(self._poll)\n            if time.monotonic() > end_time:\n                break\n>       raise TimeoutException(message, screen, stacktrace)\nE       selenium.common.exceptions.TimeoutException: Message: \nE       Stacktrace:\nE       #0 0x5568499ad94a <unknown>\nE       #1 0x5568494228a0 <unknown>\nE       #2 0x556849474540 <unknown>\nE       #3 0x556849474731 <unknown>\nE       #4 0x5568494c2824 <unknown>\nE       #5 0x55684949a05d <unknown>\nE       #6 0x5568494bfc23 <unknown>\nE       #7 0x556849499e03 <unknown>\nE       #8 0x556849466968 <unknown>\nE       #9 0x5568494675e1 <unknown>\nE       #10 0x556849971548 <unknown>\nE       #11 0x556849975272 <unknown>\nE       #12 0x556849958313 <unknown>\nE       #13 0x556849975dc5 <unknown>\nE       #14 0x55684993d49f <unknown>\nE       #15 0x55684999a158 <unknown>\nE       #16 0x55684999a332 <unknown>\nE       #17 0x5568499aca53 <unknown>\nE       #18 0x7fd1fa69caa4 <unknown>\nE       #19 0x7fd1fa729c3c <unknown>\n\n/opt/hostedtoolcache/Python/3.11.13/x64/lib/python3.11/site-packages/selenium/webdriver/support/wait.py:95: TimeoutException","steps":[{"name":"Check img in 3-columns block - 1st block","time":{"start":1758419392549,"stop":1758419397647,"duration":5098},"status":"broken","statusMessage":"selenium.common.exceptions.TimeoutException: Message: \nStacktrace:\n#0 0x5568499ad94a <unknown>\n#1 0x5568494228a0 <unknown>\n#2 0x556849474540 <unknown>\n#3 0x556849474731 <unknown>\n#4 0x5568494c2824 <unknown>\n#5 0x55684949a05d <unknown>\n#6 0x5568494bfc23 <unknown>\n#7 0x556849499e03 <unknown>\n#8 0x556849466968 <unknown>\n#9 0x5568494675e1 <unknown>\n#10 0x556849971548 <unknown>\n#11 0x556849975272 <unknown>\n#12 0x556849958313 <unknown>\n#13 0x556849975dc5 <unknown>\n#14 0x55684993d49f <unknown>\n#15 0x55684999a158 <unknown>\n#16 0x55684999a332 <unknown>\n#17 0x5568499aca53 <unknown>\n#18 0x7fd1fa69caa4 <unknown>\n#19 0x7fd1fa729c3c <unknown>\n\n","statusTrace":"  File \"/opt/hostedtoolcache/Python/3.11.13/x64/lib/python3.11/site-packages/allure_commons/_allure.py\", line 192, in impl\n    return func(*a, **kw)\n           ^^^^^^^^^^^^^^\n  File \"/home/runner/work/luma_project/luma_project/pages/sale_page.py\", line 85, in check_img_in_first_block\n    img = self.element_is_present(self.promo_blocks_locators.FIRST_COLUMN_IMG)\n          ^^^^^^^^^^^^^^^^^^^^^^^^^^^^^^^^^^^^^^^^^^^^^^^^^^^^^^^^^^^^^^^^^^^^\n  File \"/opt/hostedtoolcache/Python/3.11.13/x64/lib/python3.11/site-packages/allure_commons/_allure.py\", line 192, in impl\n    return func(*a, **kw)\n           ^^^^^^^^^^^^^^\n  File \"/home/runner/work/luma_project/luma_project/pages/base_page.py\", line 51, in element_is_present\n    return wait(self.driver, timeout).until(EC.presence_of_element_located(locator))\n           ^^^^^^^^^^^^^^^^^^^^^^^^^^^^^^^^^^^^^^^^^^^^^^^^^^^^^^^^^^^^^^^^^^^^^^^^^\n  File \"/opt/hostedtoolcache/Python/3.11.13/x64/lib/python3.11/site-packages/selenium/webdriver/support/wait.py\", line 95, in until\n    raise TimeoutException(message, screen, stacktrace)\n","steps":[{"name":"Find a present element","time":{"start":1758419392549,"stop":1758419397647,"duration":5098},"status":"broken","statusMessage":"selenium.common.exceptions.TimeoutException: Message: \nStacktrace:\n#0 0x5568499ad94a <unknown>\n#1 0x5568494228a0 <unknown>\n#2 0x556849474540 <unknown>\n#3 0x556849474731 <unknown>\n#4 0x5568494c2824 <unknown>\n#5 0x55684949a05d <unknown>\n#6 0x5568494bfc23 <unknown>\n#7 0x556849499e03 <unknown>\n#8 0x556849466968 <unknown>\n#9 0x5568494675e1 <unknown>\n#10 0x556849971548 <unknown>\n#11 0x556849975272 <unknown>\n#12 0x556849958313 <unknown>\n#13 0x556849975dc5 <unknown>\n#14 0x55684993d49f <unknown>\n#15 0x55684999a158 <unknown>\n#16 0x55684999a332 <unknown>\n#17 0x5568499aca53 <unknown>\n#18 0x7fd1fa69caa4 <unknown>\n#19 0x7fd1fa729c3c <unknown>\n\n","statusTrace":"  File \"/opt/hostedtoolcache/Python/3.11.13/x64/lib/python3.11/site-packages/allure_commons/_allure.py\", line 192, in impl\n    return func(*a, **kw)\n           ^^^^^^^^^^^^^^\n  File \"/home/runner/work/luma_project/luma_project/pages/base_page.py\", line 51, in element_is_present\n    return wait(self.driver, timeout).until(EC.presence_of_element_located(locator))\n           ^^^^^^^^^^^^^^^^^^^^^^^^^^^^^^^^^^^^^^^^^^^^^^^^^^^^^^^^^^^^^^^^^^^^^^^^^\n  File \"/opt/hostedtoolcache/Python/3.11.13/x64/lib/python3.11/site-packages/selenium/webdriver/support/wait.py\", line 95, in until\n    raise TimeoutException(message, screen, stacktrace)\n","steps":[],"attachments":[],"parameters":[{"name":"locator","value":"('css selector', '.sale-20-off .image img')"},{"name":"timeout","value":"5"}],"stepsCount":0,"shouldDisplayMessage":true,"attachmentsCount":0,"hasContent":true,"attachmentStep":false}],"attachments":[],"parameters":[],"stepsCount":1,"shouldDisplayMessage":false,"attachmentsCount":0,"hasContent":true,"attachmentStep":false}],"attachments":[{"uid":"da2865484a02c5f7","name":"Screenshot","source":"da2865484a02c5f7.png","type":"image/png","size":23875},{"uid":"4b20dea5453ffc9e","name":"HTML source","source":"4b20dea5453ffc9e.html","type":"text/html","size":786}],"parameters":[],"stepsCount":2,"shouldDisplayMessage":true,"attachmentsCount":2,"hasContent":true,"attachmentStep":false},"afterStages":[{"name":"driver::0","time":{"start":1758419397703,"stop":1758419397762,"duration":59},"status":"passed","steps":[],"attachments":[],"parameters":[],"stepsCount":0,"shouldDisplayMessage":false,"attachmentsCount":0,"hasContent":false,"attachmentStep":false},{"name":"clear_allure_result_folder::0","time":{"start":1758419990820,"stop":1758419990820,"duration":0},"status":"passed","steps":[],"attachments":[],"parameters":[],"stepsCount":0,"shouldDisplayMessage":false,"attachmentsCount":0,"hasContent":false,"attachmentStep":false}],"labels":[{"name":"feature","value":"Testing Promo Blocks, Main Block (Women's Deals) and 2 columns block - Men's Bargain, Gear Steals"},{"name":"epic","value":"Sale Page"},{"name":"parentSuite","value":"tests"},{"name":"suite","value":"test_sale"},{"name":"subSuite","value":"TestSalePage"},{"name":"host","value":"runnervmf4ws1"},{"name":"thread","value":"2946-MainThread"},{"name":"framework","value":"pytest"},{"name":"language","value":"cpython3"},{"name":"package","value":"tests.test_sale"},{"name":"resultFormat","value":"allure2"}],"parameters":[],"links":[],"hidden":false,"retry":false,"extra":{"severity":"normal","retries":[],"categories":[{"name":"Test defects","matchedStatuses":[],"flaky":false}],"tags":[]},"source":"9e52020cdb60e21c.json","parameterValues":[]}