{"uid":"bdf3905c93827fe5","name":"TC 13.02.05 - Check the link in section 2 block 4 'home-performance' in the Promo Block leads to the correct page","fullName":"tests.test_main_page.TestPromoBlock#test_tc_13_02_05_check_section2_block4_link","historyId":"898fce3a642755846ae4f84ac1730074","time":{"start":1758418913049,"stop":1758418918371,"duration":5322},"description":"Check that link in section 2 block 4 'home-performance' is correct","descriptionHtml":"<p>Check that link in section 2 block 4 'home-performance' is correct</p>\n","status":"broken","statusMessage":"selenium.common.exceptions.TimeoutException: Message: \nStacktrace:\n#0 0x564f860a994a <unknown>\n#1 0x564f85b1e8a0 <unknown>\n#2 0x564f85b70540 <unknown>\n#3 0x564f85b70731 <unknown>\n#4 0x564f85bbe824 <unknown>\n#5 0x564f85b9605d <unknown>\n#6 0x564f85bbbc23 <unknown>\n#7 0x564f85b95e03 <unknown>\n#8 0x564f85b62968 <unknown>\n#9 0x564f85b635e1 <unknown>\n#10 0x564f8606d548 <unknown>\n#11 0x564f86071272 <unknown>\n#12 0x564f86054313 <unknown>\n#13 0x564f86071dc5 <unknown>\n#14 0x564f8603949f <unknown>\n#15 0x564f86096158 <unknown>\n#16 0x564f86096332 <unknown>\n#17 0x564f860a8a53 <unknown>\n#18 0x7fa553a9caa4 <unknown>\n#19 0x7fa553b29c3c <unknown>","statusTrace":"self = <test_main_page.TestMainPage.TestPromoBlock object at 0x7f116fb7fa50>\ndriver = <selenium.webdriver.chrome.webdriver.WebDriver (session=\"4b8b39d7341af301b735ec0132638646\")>\n\n    @allure.title(\"TC 13.02.05 - Check the link in section 2 block 4 'home-performance' in the Promo Block \"\n                  \"leads to the correct page\")\n    def test_tc_13_02_05_check_section2_block4_link(self, driver):\n        \"\"\"Check that link in section 2 block 4 'home-performance' is correct\"\"\"\n        page = PromoBlock(driver, MAIN_PAGE_URL)\n        page.open()\n>       page.check_section2_block4_link()\n\ntests/test_main_page.py:734: \n_ _ _ _ _ _ _ _ _ _ _ _ _ _ _ _ _ _ _ _ _ _ _ _ _ _ _ _ _ _ _ _ _ _ _ _ _ _ _ _ \npages/main_page.py:414: in check_section2_block4_link\n    section2_block4 = self.element_is_visible(self.locators.SECTION_2_BLOCK_4)\npages/base_page.py:30: in element_is_visible\n    self.go_to_element(self.element_is_present(locator))\npages/base_page.py:51: in element_is_present\n    return wait(self.driver, timeout).until(EC.presence_of_element_located(locator))\n_ _ _ _ _ _ _ _ _ _ _ _ _ _ _ _ _ _ _ _ _ _ _ _ _ _ _ _ _ _ _ _ _ _ _ _ _ _ _ _ \n\nself = <selenium.webdriver.support.wait.WebDriverWait (session=\"4b8b39d7341af301b735ec0132638646\")>\nmethod = <function presence_of_element_located.<locals>._predicate at 0x7f11700232e0>\nmessage = ''\n\n    def until(self, method, message: str = \"\"):\n        \"\"\"Calls the method provided with the driver as an argument until the \\\n        return value does not evaluate to ``False``.\n    \n        :param method: callable(WebDriver)\n        :param message: optional message for :exc:`TimeoutException`\n        :returns: the result of the last call to `method`\n        :raises: :exc:`selenium.common.exceptions.TimeoutException` if timeout occurs\n        \"\"\"\n        screen = None\n        stacktrace = None\n    \n        end_time = time.monotonic() + self._timeout\n        while True:\n            try:\n                value = method(self._driver)\n                if value:\n                    return value\n            except self._ignored_exceptions as exc:\n                screen = getattr(exc, \"screen\", None)\n                stacktrace = getattr(exc, \"stacktrace\", None)\n            time.sleep(self._poll)\n            if time.monotonic() > end_time:\n                break\n>       raise TimeoutException(message, screen, stacktrace)\nE       selenium.common.exceptions.TimeoutException: Message: \nE       Stacktrace:\nE       #0 0x564f860a994a <unknown>\nE       #1 0x564f85b1e8a0 <unknown>\nE       #2 0x564f85b70540 <unknown>\nE       #3 0x564f85b70731 <unknown>\nE       #4 0x564f85bbe824 <unknown>\nE       #5 0x564f85b9605d <unknown>\nE       #6 0x564f85bbbc23 <unknown>\nE       #7 0x564f85b95e03 <unknown>\nE       #8 0x564f85b62968 <unknown>\nE       #9 0x564f85b635e1 <unknown>\nE       #10 0x564f8606d548 <unknown>\nE       #11 0x564f86071272 <unknown>\nE       #12 0x564f86054313 <unknown>\nE       #13 0x564f86071dc5 <unknown>\nE       #14 0x564f8603949f <unknown>\nE       #15 0x564f86096158 <unknown>\nE       #16 0x564f86096332 <unknown>\nE       #17 0x564f860a8a53 <unknown>\nE       #18 0x7fa553a9caa4 <unknown>\nE       #19 0x7fa553b29c3c <unknown>\n\n/opt/hostedtoolcache/Python/3.11.13/x64/lib/python3.11/site-packages/selenium/webdriver/support/wait.py:95: TimeoutException","flaky":false,"newFailed":false,"newBroken":false,"newPassed":false,"retriesCount":0,"retriesStatusChange":false,"beforeStages":[{"name":"_session_faker","time":{"start":1758417564647,"stop":1758417564708,"duration":61},"status":"passed","steps":[],"attachments":[],"parameters":[],"stepsCount":0,"shouldDisplayMessage":false,"attachmentsCount":0,"hasContent":false,"attachmentStep":false},{"name":"clear_allure_result_folder","time":{"start":1758417564708,"stop":1758417564708,"duration":0},"status":"passed","steps":[],"attachments":[],"parameters":[],"stepsCount":0,"shouldDisplayMessage":false,"attachmentsCount":0,"hasContent":false,"attachmentStep":false},{"name":"driver","time":{"start":1758418911810,"stop":1758418913049,"duration":1239},"status":"passed","steps":[],"attachments":[],"parameters":[],"stepsCount":0,"shouldDisplayMessage":false,"attachmentsCount":0,"hasContent":false,"attachmentStep":false}],"testStage":{"description":"Check that link in section 2 block 4 'home-performance' is correct","status":"broken","statusMessage":"selenium.common.exceptions.TimeoutException: Message: \nStacktrace:\n#0 0x564f860a994a <unknown>\n#1 0x564f85b1e8a0 <unknown>\n#2 0x564f85b70540 <unknown>\n#3 0x564f85b70731 <unknown>\n#4 0x564f85bbe824 <unknown>\n#5 0x564f85b9605d <unknown>\n#6 0x564f85bbbc23 <unknown>\n#7 0x564f85b95e03 <unknown>\n#8 0x564f85b62968 <unknown>\n#9 0x564f85b635e1 <unknown>\n#10 0x564f8606d548 <unknown>\n#11 0x564f86071272 <unknown>\n#12 0x564f86054313 <unknown>\n#13 0x564f86071dc5 <unknown>\n#14 0x564f8603949f <unknown>\n#15 0x564f86096158 <unknown>\n#16 0x564f86096332 <unknown>\n#17 0x564f860a8a53 <unknown>\n#18 0x7fa553a9caa4 <unknown>\n#19 0x7fa553b29c3c <unknown>","statusTrace":"self = <test_main_page.TestMainPage.TestPromoBlock object at 0x7f116fb7fa50>\ndriver = <selenium.webdriver.chrome.webdriver.WebDriver (session=\"4b8b39d7341af301b735ec0132638646\")>\n\n    @allure.title(\"TC 13.02.05 - Check the link in section 2 block 4 'home-performance' in the Promo Block \"\n                  \"leads to the correct page\")\n    def test_tc_13_02_05_check_section2_block4_link(self, driver):\n        \"\"\"Check that link in section 2 block 4 'home-performance' is correct\"\"\"\n        page = PromoBlock(driver, MAIN_PAGE_URL)\n        page.open()\n>       page.check_section2_block4_link()\n\ntests/test_main_page.py:734: \n_ _ _ _ _ _ _ _ _ _ _ _ _ _ _ _ _ _ _ _ _ _ _ _ _ _ _ _ _ _ _ _ _ _ _ _ _ _ _ _ \npages/main_page.py:414: in check_section2_block4_link\n    section2_block4 = self.element_is_visible(self.locators.SECTION_2_BLOCK_4)\npages/base_page.py:30: in element_is_visible\n    self.go_to_element(self.element_is_present(locator))\npages/base_page.py:51: in element_is_present\n    return wait(self.driver, timeout).until(EC.presence_of_element_located(locator))\n_ _ _ _ _ _ _ _ _ _ _ _ _ _ _ _ _ _ _ _ _ _ _ _ _ _ _ _ _ _ _ _ _ _ _ _ _ _ _ _ \n\nself = <selenium.webdriver.support.wait.WebDriverWait (session=\"4b8b39d7341af301b735ec0132638646\")>\nmethod = <function presence_of_element_located.<locals>._predicate at 0x7f11700232e0>\nmessage = ''\n\n    def until(self, method, message: str = \"\"):\n        \"\"\"Calls the method provided with the driver as an argument until the \\\n        return value does not evaluate to ``False``.\n    \n        :param method: callable(WebDriver)\n        :param message: optional message for :exc:`TimeoutException`\n        :returns: the result of the last call to `method`\n        :raises: :exc:`selenium.common.exceptions.TimeoutException` if timeout occurs\n        \"\"\"\n        screen = None\n        stacktrace = None\n    \n        end_time = time.monotonic() + self._timeout\n        while True:\n            try:\n                value = method(self._driver)\n                if value:\n                    return value\n            except self._ignored_exceptions as exc:\n                screen = getattr(exc, \"screen\", None)\n                stacktrace = getattr(exc, \"stacktrace\", None)\n            time.sleep(self._poll)\n            if time.monotonic() > end_time:\n                break\n>       raise TimeoutException(message, screen, stacktrace)\nE       selenium.common.exceptions.TimeoutException: Message: \nE       Stacktrace:\nE       #0 0x564f860a994a <unknown>\nE       #1 0x564f85b1e8a0 <unknown>\nE       #2 0x564f85b70540 <unknown>\nE       #3 0x564f85b70731 <unknown>\nE       #4 0x564f85bbe824 <unknown>\nE       #5 0x564f85b9605d <unknown>\nE       #6 0x564f85bbbc23 <unknown>\nE       #7 0x564f85b95e03 <unknown>\nE       #8 0x564f85b62968 <unknown>\nE       #9 0x564f85b635e1 <unknown>\nE       #10 0x564f8606d548 <unknown>\nE       #11 0x564f86071272 <unknown>\nE       #12 0x564f86054313 <unknown>\nE       #13 0x564f86071dc5 <unknown>\nE       #14 0x564f8603949f <unknown>\nE       #15 0x564f86096158 <unknown>\nE       #16 0x564f86096332 <unknown>\nE       #17 0x564f860a8a53 <unknown>\nE       #18 0x7fa553a9caa4 <unknown>\nE       #19 0x7fa553b29c3c <unknown>\n\n/opt/hostedtoolcache/Python/3.11.13/x64/lib/python3.11/site-packages/selenium/webdriver/support/wait.py:95: TimeoutException","steps":[{"name":"Open a browser","time":{"start":1758418913049,"stop":1758418913274,"duration":225},"status":"passed","steps":[],"attachments":[],"parameters":[],"stepsCount":0,"shouldDisplayMessage":false,"attachmentsCount":0,"hasContent":false,"attachmentStep":false},{"name":"Check the link in section 2 block 4 'home-performance' in the Promo Block leads to the correct page","time":{"start":1758418913275,"stop":1758418918371,"duration":5096},"status":"broken","statusMessage":"selenium.common.exceptions.TimeoutException: Message: \nStacktrace:\n#0 0x564f860a994a <unknown>\n#1 0x564f85b1e8a0 <unknown>\n#2 0x564f85b70540 <unknown>\n#3 0x564f85b70731 <unknown>\n#4 0x564f85bbe824 <unknown>\n#5 0x564f85b9605d <unknown>\n#6 0x564f85bbbc23 <unknown>\n#7 0x564f85b95e03 <unknown>\n#8 0x564f85b62968 <unknown>\n#9 0x564f85b635e1 <unknown>\n#10 0x564f8606d548 <unknown>\n#11 0x564f86071272 <unknown>\n#12 0x564f86054313 <unknown>\n#13 0x564f86071dc5 <unknown>\n#14 0x564f8603949f <unknown>\n#15 0x564f86096158 <unknown>\n#16 0x564f86096332 <unknown>\n#17 0x564f860a8a53 <unknown>\n#18 0x7fa553a9caa4 <unknown>\n#19 0x7fa553b29c3c <unknown>\n\n","statusTrace":"  File \"/opt/hostedtoolcache/Python/3.11.13/x64/lib/python3.11/site-packages/allure_commons/_allure.py\", line 192, in impl\n    return func(*a, **kw)\n           ^^^^^^^^^^^^^^\n  File \"/home/runner/work/luma_project/luma_project/pages/main_page.py\", line 414, in check_section2_block4_link\n    section2_block4 = self.element_is_visible(self.locators.SECTION_2_BLOCK_4)\n                      ^^^^^^^^^^^^^^^^^^^^^^^^^^^^^^^^^^^^^^^^^^^^^^^^^^^^^^^^\n  File \"/opt/hostedtoolcache/Python/3.11.13/x64/lib/python3.11/site-packages/allure_commons/_allure.py\", line 192, in impl\n    return func(*a, **kw)\n           ^^^^^^^^^^^^^^\n  File \"/home/runner/work/luma_project/luma_project/pages/base_page.py\", line 30, in element_is_visible\n    self.go_to_element(self.element_is_present(locator))\n                       ^^^^^^^^^^^^^^^^^^^^^^^^^^^^^^^^\n  File \"/opt/hostedtoolcache/Python/3.11.13/x64/lib/python3.11/site-packages/allure_commons/_allure.py\", line 192, in impl\n    return func(*a, **kw)\n           ^^^^^^^^^^^^^^\n  File \"/home/runner/work/luma_project/luma_project/pages/base_page.py\", line 51, in element_is_present\n    return wait(self.driver, timeout).until(EC.presence_of_element_located(locator))\n           ^^^^^^^^^^^^^^^^^^^^^^^^^^^^^^^^^^^^^^^^^^^^^^^^^^^^^^^^^^^^^^^^^^^^^^^^^\n  File \"/opt/hostedtoolcache/Python/3.11.13/x64/lib/python3.11/site-packages/selenium/webdriver/support/wait.py\", line 95, in until\n    raise TimeoutException(message, screen, stacktrace)\n","steps":[{"name":"Find a visible element","time":{"start":1758418913275,"stop":1758418918370,"duration":5095},"status":"broken","statusMessage":"selenium.common.exceptions.TimeoutException: Message: \nStacktrace:\n#0 0x564f860a994a <unknown>\n#1 0x564f85b1e8a0 <unknown>\n#2 0x564f85b70540 <unknown>\n#3 0x564f85b70731 <unknown>\n#4 0x564f85bbe824 <unknown>\n#5 0x564f85b9605d <unknown>\n#6 0x564f85bbbc23 <unknown>\n#7 0x564f85b95e03 <unknown>\n#8 0x564f85b62968 <unknown>\n#9 0x564f85b635e1 <unknown>\n#10 0x564f8606d548 <unknown>\n#11 0x564f86071272 <unknown>\n#12 0x564f86054313 <unknown>\n#13 0x564f86071dc5 <unknown>\n#14 0x564f8603949f <unknown>\n#15 0x564f86096158 <unknown>\n#16 0x564f86096332 <unknown>\n#17 0x564f860a8a53 <unknown>\n#18 0x7fa553a9caa4 <unknown>\n#19 0x7fa553b29c3c <unknown>\n\n","statusTrace":"  File \"/opt/hostedtoolcache/Python/3.11.13/x64/lib/python3.11/site-packages/allure_commons/_allure.py\", line 192, in impl\n    return func(*a, **kw)\n           ^^^^^^^^^^^^^^\n  File \"/home/runner/work/luma_project/luma_project/pages/base_page.py\", line 30, in element_is_visible\n    self.go_to_element(self.element_is_present(locator))\n                       ^^^^^^^^^^^^^^^^^^^^^^^^^^^^^^^^\n  File \"/opt/hostedtoolcache/Python/3.11.13/x64/lib/python3.11/site-packages/allure_commons/_allure.py\", line 192, in impl\n    return func(*a, **kw)\n           ^^^^^^^^^^^^^^\n  File \"/home/runner/work/luma_project/luma_project/pages/base_page.py\", line 51, in element_is_present\n    return wait(self.driver, timeout).until(EC.presence_of_element_located(locator))\n           ^^^^^^^^^^^^^^^^^^^^^^^^^^^^^^^^^^^^^^^^^^^^^^^^^^^^^^^^^^^^^^^^^^^^^^^^^\n  File \"/opt/hostedtoolcache/Python/3.11.13/x64/lib/python3.11/site-packages/selenium/webdriver/support/wait.py\", line 95, in until\n    raise TimeoutException(message, screen, stacktrace)\n","steps":[{"name":"Find a present element","time":{"start":1758418913275,"stop":1758418918370,"duration":5095},"status":"broken","statusMessage":"selenium.common.exceptions.TimeoutException: Message: \nStacktrace:\n#0 0x564f860a994a <unknown>\n#1 0x564f85b1e8a0 <unknown>\n#2 0x564f85b70540 <unknown>\n#3 0x564f85b70731 <unknown>\n#4 0x564f85bbe824 <unknown>\n#5 0x564f85b9605d <unknown>\n#6 0x564f85bbbc23 <unknown>\n#7 0x564f85b95e03 <unknown>\n#8 0x564f85b62968 <unknown>\n#9 0x564f85b635e1 <unknown>\n#10 0x564f8606d548 <unknown>\n#11 0x564f86071272 <unknown>\n#12 0x564f86054313 <unknown>\n#13 0x564f86071dc5 <unknown>\n#14 0x564f8603949f <unknown>\n#15 0x564f86096158 <unknown>\n#16 0x564f86096332 <unknown>\n#17 0x564f860a8a53 <unknown>\n#18 0x7fa553a9caa4 <unknown>\n#19 0x7fa553b29c3c <unknown>\n\n","statusTrace":"  File \"/opt/hostedtoolcache/Python/3.11.13/x64/lib/python3.11/site-packages/allure_commons/_allure.py\", line 192, in impl\n    return func(*a, **kw)\n           ^^^^^^^^^^^^^^\n  File \"/home/runner/work/luma_project/luma_project/pages/base_page.py\", line 51, in element_is_present\n    return wait(self.driver, timeout).until(EC.presence_of_element_located(locator))\n           ^^^^^^^^^^^^^^^^^^^^^^^^^^^^^^^^^^^^^^^^^^^^^^^^^^^^^^^^^^^^^^^^^^^^^^^^^\n  File \"/opt/hostedtoolcache/Python/3.11.13/x64/lib/python3.11/site-packages/selenium/webdriver/support/wait.py\", line 95, in until\n    raise TimeoutException(message, screen, stacktrace)\n","steps":[],"attachments":[],"parameters":[{"name":"locator","value":"('css selector', '.home-performance')"},{"name":"timeout","value":"5"}],"stepsCount":0,"shouldDisplayMessage":true,"attachmentsCount":0,"hasContent":true,"attachmentStep":false}],"attachments":[],"parameters":[{"name":"locator","value":"('css selector', '.home-performance')"},{"name":"timeout","value":"10"}],"stepsCount":1,"shouldDisplayMessage":false,"attachmentsCount":0,"hasContent":true,"attachmentStep":false}],"attachments":[],"parameters":[],"stepsCount":2,"shouldDisplayMessage":false,"attachmentsCount":0,"hasContent":true,"attachmentStep":false}],"attachments":[{"uid":"efd8131be3b5d7d7","name":"Screenshot","source":"efd8131be3b5d7d7.png","type":"image/png","size":23875},{"uid":"f5e09d766ecedf76","name":"HTML source","source":"f5e09d766ecedf76.html","type":"text/html","size":786}],"parameters":[],"stepsCount":4,"shouldDisplayMessage":true,"attachmentsCount":2,"hasContent":true,"attachmentStep":false},"afterStages":[{"name":"driver::0","time":{"start":1758418918449,"stop":1758418918509,"duration":60},"status":"passed","steps":[],"attachments":[],"parameters":[],"stepsCount":0,"shouldDisplayMessage":false,"attachmentsCount":0,"hasContent":false,"attachmentStep":false},{"name":"clear_allure_result_folder::0","time":{"start":1758419990820,"stop":1758419990820,"duration":0},"status":"passed","steps":[],"attachments":[],"parameters":[],"stepsCount":0,"shouldDisplayMessage":false,"attachmentsCount":0,"hasContent":false,"attachmentStep":false}],"labels":[{"name":"epic","value":"Main Page"},{"name":"feature","value":"Promo Block Testing"},{"name":"parentSuite","value":"tests"},{"name":"suite","value":"test_main_page"},{"name":"subSuite","value":"TestMainPage"},{"name":"host","value":"runnervmf4ws1"},{"name":"thread","value":"2946-MainThread"},{"name":"framework","value":"pytest"},{"name":"language","value":"cpython3"},{"name":"package","value":"tests.test_main_page"},{"name":"resultFormat","value":"allure2"}],"parameters":[],"links":[],"hidden":false,"retry":false,"extra":{"severity":"normal","retries":[],"categories":[{"name":"Test defects","matchedStatuses":[],"flaky":false}],"tags":[]},"source":"bdf3905c93827fe5.json","parameterValues":[]}