{"uid":"ed66055c6ab80e70","name":"TC 13.02.02 - Check the link in section 2 block 1 'home-pants' in the Promo Block leads to the correct page","fullName":"tests.test_main_page.TestPromoBlock#test_tc_13_02_02_check_section2_block1_link","historyId":"e68610f8b7c8331f3129fde632db2f7a","time":{"start":1754791617405,"stop":1754791624122,"duration":6717},"description":"Check that link in section 2 block 1 'home-pants' is correct","descriptionHtml":"<p>Check that link in section 2 block 1 'home-pants' is correct</p>\n","status":"broken","statusMessage":"selenium.common.exceptions.TimeoutException: Message: \nStacktrace:\n#0 0x563dd52b52ca <unknown>\n#1 0x563dd4d5c550 <unknown>\n#2 0x563dd4dae0f0 <unknown>\n#3 0x563dd4dae2e1 <unknown>\n#4 0x563dd4dfc5e4 <unknown>\n#5 0x563dd4dd3bed <unknown>\n#6 0x563dd4df99e6 <unknown>\n#7 0x563dd4dd3993 <unknown>\n#8 0x563dd4d9fd6b <unknown>\n#9 0x563dd4da1141 <unknown>\n#10 0x563dd527a2ab <unknown>\n#11 0x563dd527e0b9 <unknown>\n#12 0x563dd5261139 <unknown>\n#13 0x563dd527ec68 <unknown>\n#14 0x563dd524560f <unknown>\n#15 0x563dd52a31f8 <unknown>\n#16 0x563dd52a33d6 <unknown>\n#17 0x563dd52b45e6 <unknown>\n#18 0x7f86fe49caa4 <unknown>\n#19 0x7f86fe529c3c <unknown>","statusTrace":"self = <test_main_page.TestMainPage.TestPromoBlock object at 0x7f158cccadd0>\ndriver = <selenium.webdriver.chrome.webdriver.WebDriver (session=\"7413f7c76be653de0740e4e9d06c3c77\")>\n\n    @allure.title(\"TC 13.02.02 - Check the link in section 2 block 1 'home-pants' in the Promo Block \"\n                  \"leads to the correct page\")\n    def test_tc_13_02_02_check_section2_block1_link(self, driver):\n        \"\"\"Check that link in section 2 block 1 'home-pants' is correct\"\"\"\n        page = PromoBlock(driver, MAIN_PAGE_URL)\n        page.open()\n>       page.check_section2_block1_link()\n\ntests/test_main_page.py:701: \n_ _ _ _ _ _ _ _ _ _ _ _ _ _ _ _ _ _ _ _ _ _ _ _ _ _ _ _ _ _ _ _ _ _ _ _ _ _ _ _ \npages/main_page.py:372: in check_section2_block1_link\n    section2_block1 = self.element_is_visible(self.locators.SECTION_2_BLOCK_1)\npages/base_page.py:30: in element_is_visible\n    self.go_to_element(self.element_is_present(locator))\npages/base_page.py:51: in element_is_present\n    return wait(self.driver, timeout).until(EC.presence_of_element_located(locator))\n_ _ _ _ _ _ _ _ _ _ _ _ _ _ _ _ _ _ _ _ _ _ _ _ _ _ _ _ _ _ _ _ _ _ _ _ _ _ _ _ \n\nself = <selenium.webdriver.support.wait.WebDriverWait (session=\"7413f7c76be653de0740e4e9d06c3c77\")>\nmethod = <function presence_of_element_located.<locals>._predicate at 0x7f158ea91c60>\nmessage = ''\n\n    def until(self, method, message: str = \"\"):\n        \"\"\"Calls the method provided with the driver as an argument until the \\\n        return value does not evaluate to ``False``.\n    \n        :param method: callable(WebDriver)\n        :param message: optional message for :exc:`TimeoutException`\n        :returns: the result of the last call to `method`\n        :raises: :exc:`selenium.common.exceptions.TimeoutException` if timeout occurs\n        \"\"\"\n        screen = None\n        stacktrace = None\n    \n        end_time = time.monotonic() + self._timeout\n        while True:\n            try:\n                value = method(self._driver)\n                if value:\n                    return value\n            except self._ignored_exceptions as exc:\n                screen = getattr(exc, \"screen\", None)\n                stacktrace = getattr(exc, \"stacktrace\", None)\n            time.sleep(self._poll)\n            if time.monotonic() > end_time:\n                break\n>       raise TimeoutException(message, screen, stacktrace)\nE       selenium.common.exceptions.TimeoutException: Message: \nE       Stacktrace:\nE       #0 0x563dd52b52ca <unknown>\nE       #1 0x563dd4d5c550 <unknown>\nE       #2 0x563dd4dae0f0 <unknown>\nE       #3 0x563dd4dae2e1 <unknown>\nE       #4 0x563dd4dfc5e4 <unknown>\nE       #5 0x563dd4dd3bed <unknown>\nE       #6 0x563dd4df99e6 <unknown>\nE       #7 0x563dd4dd3993 <unknown>\nE       #8 0x563dd4d9fd6b <unknown>\nE       #9 0x563dd4da1141 <unknown>\nE       #10 0x563dd527a2ab <unknown>\nE       #11 0x563dd527e0b9 <unknown>\nE       #12 0x563dd5261139 <unknown>\nE       #13 0x563dd527ec68 <unknown>\nE       #14 0x563dd524560f <unknown>\nE       #15 0x563dd52a31f8 <unknown>\nE       #16 0x563dd52a33d6 <unknown>\nE       #17 0x563dd52b45e6 <unknown>\nE       #18 0x7f86fe49caa4 <unknown>\nE       #19 0x7f86fe529c3c <unknown>\n\n/opt/hostedtoolcache/Python/3.11.13/x64/lib/python3.11/site-packages/selenium/webdriver/support/wait.py:95: TimeoutException","flaky":false,"newFailed":false,"newBroken":false,"newPassed":false,"retriesCount":0,"retriesStatusChange":false,"beforeStages":[{"name":"_session_faker","time":{"start":1754790041741,"stop":1754790041803,"duration":62},"status":"passed","steps":[],"attachments":[],"parameters":[],"shouldDisplayMessage":false,"stepsCount":0,"attachmentsCount":0,"hasContent":false,"attachmentStep":false},{"name":"clear_allure_result_folder","time":{"start":1754790041803,"stop":1754790041803,"duration":0},"status":"passed","steps":[],"attachments":[],"parameters":[],"shouldDisplayMessage":false,"stepsCount":0,"attachmentsCount":0,"hasContent":false,"attachmentStep":false},{"name":"driver","time":{"start":1754791616127,"stop":1754791617405,"duration":1278},"status":"passed","steps":[],"attachments":[],"parameters":[],"shouldDisplayMessage":false,"stepsCount":0,"attachmentsCount":0,"hasContent":false,"attachmentStep":false}],"testStage":{"description":"Check that link in section 2 block 1 'home-pants' is correct","status":"broken","statusMessage":"selenium.common.exceptions.TimeoutException: Message: \nStacktrace:\n#0 0x563dd52b52ca <unknown>\n#1 0x563dd4d5c550 <unknown>\n#2 0x563dd4dae0f0 <unknown>\n#3 0x563dd4dae2e1 <unknown>\n#4 0x563dd4dfc5e4 <unknown>\n#5 0x563dd4dd3bed <unknown>\n#6 0x563dd4df99e6 <unknown>\n#7 0x563dd4dd3993 <unknown>\n#8 0x563dd4d9fd6b <unknown>\n#9 0x563dd4da1141 <unknown>\n#10 0x563dd527a2ab <unknown>\n#11 0x563dd527e0b9 <unknown>\n#12 0x563dd5261139 <unknown>\n#13 0x563dd527ec68 <unknown>\n#14 0x563dd524560f <unknown>\n#15 0x563dd52a31f8 <unknown>\n#16 0x563dd52a33d6 <unknown>\n#17 0x563dd52b45e6 <unknown>\n#18 0x7f86fe49caa4 <unknown>\n#19 0x7f86fe529c3c <unknown>","statusTrace":"self = <test_main_page.TestMainPage.TestPromoBlock object at 0x7f158cccadd0>\ndriver = <selenium.webdriver.chrome.webdriver.WebDriver (session=\"7413f7c76be653de0740e4e9d06c3c77\")>\n\n    @allure.title(\"TC 13.02.02 - Check the link in section 2 block 1 'home-pants' in the Promo Block \"\n                  \"leads to the correct page\")\n    def test_tc_13_02_02_check_section2_block1_link(self, driver):\n        \"\"\"Check that link in section 2 block 1 'home-pants' is correct\"\"\"\n        page = PromoBlock(driver, MAIN_PAGE_URL)\n        page.open()\n>       page.check_section2_block1_link()\n\ntests/test_main_page.py:701: \n_ _ _ _ _ _ _ _ _ _ _ _ _ _ _ _ _ _ _ _ _ _ _ _ _ _ _ _ _ _ _ _ _ _ _ _ _ _ _ _ \npages/main_page.py:372: in check_section2_block1_link\n    section2_block1 = self.element_is_visible(self.locators.SECTION_2_BLOCK_1)\npages/base_page.py:30: in element_is_visible\n    self.go_to_element(self.element_is_present(locator))\npages/base_page.py:51: in element_is_present\n    return wait(self.driver, timeout).until(EC.presence_of_element_located(locator))\n_ _ _ _ _ _ _ _ _ _ _ _ _ _ _ _ _ _ _ _ _ _ _ _ _ _ _ _ _ _ _ _ _ _ _ _ _ _ _ _ \n\nself = <selenium.webdriver.support.wait.WebDriverWait (session=\"7413f7c76be653de0740e4e9d06c3c77\")>\nmethod = <function presence_of_element_located.<locals>._predicate at 0x7f158ea91c60>\nmessage = ''\n\n    def until(self, method, message: str = \"\"):\n        \"\"\"Calls the method provided with the driver as an argument until the \\\n        return value does not evaluate to ``False``.\n    \n        :param method: callable(WebDriver)\n        :param message: optional message for :exc:`TimeoutException`\n        :returns: the result of the last call to `method`\n        :raises: :exc:`selenium.common.exceptions.TimeoutException` if timeout occurs\n        \"\"\"\n        screen = None\n        stacktrace = None\n    \n        end_time = time.monotonic() + self._timeout\n        while True:\n            try:\n                value = method(self._driver)\n                if value:\n                    return value\n            except self._ignored_exceptions as exc:\n                screen = getattr(exc, \"screen\", None)\n                stacktrace = getattr(exc, \"stacktrace\", None)\n            time.sleep(self._poll)\n            if time.monotonic() > end_time:\n                break\n>       raise TimeoutException(message, screen, stacktrace)\nE       selenium.common.exceptions.TimeoutException: Message: \nE       Stacktrace:\nE       #0 0x563dd52b52ca <unknown>\nE       #1 0x563dd4d5c550 <unknown>\nE       #2 0x563dd4dae0f0 <unknown>\nE       #3 0x563dd4dae2e1 <unknown>\nE       #4 0x563dd4dfc5e4 <unknown>\nE       #5 0x563dd4dd3bed <unknown>\nE       #6 0x563dd4df99e6 <unknown>\nE       #7 0x563dd4dd3993 <unknown>\nE       #8 0x563dd4d9fd6b <unknown>\nE       #9 0x563dd4da1141 <unknown>\nE       #10 0x563dd527a2ab <unknown>\nE       #11 0x563dd527e0b9 <unknown>\nE       #12 0x563dd5261139 <unknown>\nE       #13 0x563dd527ec68 <unknown>\nE       #14 0x563dd524560f <unknown>\nE       #15 0x563dd52a31f8 <unknown>\nE       #16 0x563dd52a33d6 <unknown>\nE       #17 0x563dd52b45e6 <unknown>\nE       #18 0x7f86fe49caa4 <unknown>\nE       #19 0x7f86fe529c3c <unknown>\n\n/opt/hostedtoolcache/Python/3.11.13/x64/lib/python3.11/site-packages/selenium/webdriver/support/wait.py:95: TimeoutException","steps":[{"name":"Open a browser","time":{"start":1754791617405,"stop":1754791619004,"duration":1599},"status":"passed","steps":[],"attachments":[],"parameters":[],"shouldDisplayMessage":false,"stepsCount":0,"attachmentsCount":0,"hasContent":false,"attachmentStep":false},{"name":"Check the link in section 2 block 1 'home-pants' in the Promo Block leads to the correct page","time":{"start":1754791619004,"stop":1754791624121,"duration":5117},"status":"broken","statusMessage":"selenium.common.exceptions.TimeoutException: Message: \nStacktrace:\n#0 0x563dd52b52ca <unknown>\n#1 0x563dd4d5c550 <unknown>\n#2 0x563dd4dae0f0 <unknown>\n#3 0x563dd4dae2e1 <unknown>\n#4 0x563dd4dfc5e4 <unknown>\n#5 0x563dd4dd3bed <unknown>\n#6 0x563dd4df99e6 <unknown>\n#7 0x563dd4dd3993 <unknown>\n#8 0x563dd4d9fd6b <unknown>\n#9 0x563dd4da1141 <unknown>\n#10 0x563dd527a2ab <unknown>\n#11 0x563dd527e0b9 <unknown>\n#12 0x563dd5261139 <unknown>\n#13 0x563dd527ec68 <unknown>\n#14 0x563dd524560f <unknown>\n#15 0x563dd52a31f8 <unknown>\n#16 0x563dd52a33d6 <unknown>\n#17 0x563dd52b45e6 <unknown>\n#18 0x7f86fe49caa4 <unknown>\n#19 0x7f86fe529c3c <unknown>\n\n","statusTrace":"  File \"/opt/hostedtoolcache/Python/3.11.13/x64/lib/python3.11/site-packages/allure_commons/_allure.py\", line 192, in impl\n    return func(*a, **kw)\n           ^^^^^^^^^^^^^^\n  File \"/home/runner/work/luma_project/luma_project/pages/main_page.py\", line 372, in check_section2_block1_link\n    section2_block1 = self.element_is_visible(self.locators.SECTION_2_BLOCK_1)\n                      ^^^^^^^^^^^^^^^^^^^^^^^^^^^^^^^^^^^^^^^^^^^^^^^^^^^^^^^^\n  File \"/opt/hostedtoolcache/Python/3.11.13/x64/lib/python3.11/site-packages/allure_commons/_allure.py\", line 192, in impl\n    return func(*a, **kw)\n           ^^^^^^^^^^^^^^\n  File \"/home/runner/work/luma_project/luma_project/pages/base_page.py\", line 30, in element_is_visible\n    self.go_to_element(self.element_is_present(locator))\n                       ^^^^^^^^^^^^^^^^^^^^^^^^^^^^^^^^\n  File \"/opt/hostedtoolcache/Python/3.11.13/x64/lib/python3.11/site-packages/allure_commons/_allure.py\", line 192, in impl\n    return func(*a, **kw)\n           ^^^^^^^^^^^^^^\n  File \"/home/runner/work/luma_project/luma_project/pages/base_page.py\", line 51, in element_is_present\n    return wait(self.driver, timeout).until(EC.presence_of_element_located(locator))\n           ^^^^^^^^^^^^^^^^^^^^^^^^^^^^^^^^^^^^^^^^^^^^^^^^^^^^^^^^^^^^^^^^^^^^^^^^^\n  File \"/opt/hostedtoolcache/Python/3.11.13/x64/lib/python3.11/site-packages/selenium/webdriver/support/wait.py\", line 95, in until\n    raise TimeoutException(message, screen, stacktrace)\n","steps":[{"name":"Find a visible element","time":{"start":1754791619004,"stop":1754791624121,"duration":5117},"status":"broken","statusMessage":"selenium.common.exceptions.TimeoutException: Message: \nStacktrace:\n#0 0x563dd52b52ca <unknown>\n#1 0x563dd4d5c550 <unknown>\n#2 0x563dd4dae0f0 <unknown>\n#3 0x563dd4dae2e1 <unknown>\n#4 0x563dd4dfc5e4 <unknown>\n#5 0x563dd4dd3bed <unknown>\n#6 0x563dd4df99e6 <unknown>\n#7 0x563dd4dd3993 <unknown>\n#8 0x563dd4d9fd6b <unknown>\n#9 0x563dd4da1141 <unknown>\n#10 0x563dd527a2ab <unknown>\n#11 0x563dd527e0b9 <unknown>\n#12 0x563dd5261139 <unknown>\n#13 0x563dd527ec68 <unknown>\n#14 0x563dd524560f <unknown>\n#15 0x563dd52a31f8 <unknown>\n#16 0x563dd52a33d6 <unknown>\n#17 0x563dd52b45e6 <unknown>\n#18 0x7f86fe49caa4 <unknown>\n#19 0x7f86fe529c3c <unknown>\n\n","statusTrace":"  File \"/opt/hostedtoolcache/Python/3.11.13/x64/lib/python3.11/site-packages/allure_commons/_allure.py\", line 192, in impl\n    return func(*a, **kw)\n           ^^^^^^^^^^^^^^\n  File \"/home/runner/work/luma_project/luma_project/pages/base_page.py\", line 30, in element_is_visible\n    self.go_to_element(self.element_is_present(locator))\n                       ^^^^^^^^^^^^^^^^^^^^^^^^^^^^^^^^\n  File \"/opt/hostedtoolcache/Python/3.11.13/x64/lib/python3.11/site-packages/allure_commons/_allure.py\", line 192, in impl\n    return func(*a, **kw)\n           ^^^^^^^^^^^^^^\n  File \"/home/runner/work/luma_project/luma_project/pages/base_page.py\", line 51, in element_is_present\n    return wait(self.driver, timeout).until(EC.presence_of_element_located(locator))\n           ^^^^^^^^^^^^^^^^^^^^^^^^^^^^^^^^^^^^^^^^^^^^^^^^^^^^^^^^^^^^^^^^^^^^^^^^^\n  File \"/opt/hostedtoolcache/Python/3.11.13/x64/lib/python3.11/site-packages/selenium/webdriver/support/wait.py\", line 95, in until\n    raise TimeoutException(message, screen, stacktrace)\n","steps":[{"name":"Find a present element","time":{"start":1754791619004,"stop":1754791624120,"duration":5116},"status":"broken","statusMessage":"selenium.common.exceptions.TimeoutException: Message: \nStacktrace:\n#0 0x563dd52b52ca <unknown>\n#1 0x563dd4d5c550 <unknown>\n#2 0x563dd4dae0f0 <unknown>\n#3 0x563dd4dae2e1 <unknown>\n#4 0x563dd4dfc5e4 <unknown>\n#5 0x563dd4dd3bed <unknown>\n#6 0x563dd4df99e6 <unknown>\n#7 0x563dd4dd3993 <unknown>\n#8 0x563dd4d9fd6b <unknown>\n#9 0x563dd4da1141 <unknown>\n#10 0x563dd527a2ab <unknown>\n#11 0x563dd527e0b9 <unknown>\n#12 0x563dd5261139 <unknown>\n#13 0x563dd527ec68 <unknown>\n#14 0x563dd524560f <unknown>\n#15 0x563dd52a31f8 <unknown>\n#16 0x563dd52a33d6 <unknown>\n#17 0x563dd52b45e6 <unknown>\n#18 0x7f86fe49caa4 <unknown>\n#19 0x7f86fe529c3c <unknown>\n\n","statusTrace":"  File \"/opt/hostedtoolcache/Python/3.11.13/x64/lib/python3.11/site-packages/allure_commons/_allure.py\", line 192, in impl\n    return func(*a, **kw)\n           ^^^^^^^^^^^^^^\n  File \"/home/runner/work/luma_project/luma_project/pages/base_page.py\", line 51, in element_is_present\n    return wait(self.driver, timeout).until(EC.presence_of_element_located(locator))\n           ^^^^^^^^^^^^^^^^^^^^^^^^^^^^^^^^^^^^^^^^^^^^^^^^^^^^^^^^^^^^^^^^^^^^^^^^^\n  File \"/opt/hostedtoolcache/Python/3.11.13/x64/lib/python3.11/site-packages/selenium/webdriver/support/wait.py\", line 95, in until\n    raise TimeoutException(message, screen, stacktrace)\n","steps":[],"attachments":[],"parameters":[{"name":"locator","value":"('css selector', '.home-pants')"},{"name":"timeout","value":"5"}],"shouldDisplayMessage":true,"stepsCount":0,"attachmentsCount":0,"hasContent":true,"attachmentStep":false}],"attachments":[],"parameters":[{"name":"locator","value":"('css selector', '.home-pants')"},{"name":"timeout","value":"10"}],"shouldDisplayMessage":false,"stepsCount":1,"attachmentsCount":0,"hasContent":true,"attachmentStep":false}],"attachments":[],"parameters":[],"shouldDisplayMessage":false,"stepsCount":2,"attachmentsCount":0,"hasContent":true,"attachmentStep":false}],"attachments":[{"uid":"865bb4239a8433b9","name":"Screenshot","source":"865bb4239a8433b9.png","type":"image/png","size":234708},{"uid":"56581c2c8bf0b344","name":"HTML source","source":"56581c2c8bf0b344.html","type":"text/html","size":206839}],"parameters":[],"shouldDisplayMessage":true,"stepsCount":4,"attachmentsCount":2,"hasContent":true,"attachmentStep":false},"afterStages":[{"name":"driver::0","time":{"start":1754791624311,"stop":1754791624379,"duration":68},"status":"passed","steps":[],"attachments":[],"parameters":[],"shouldDisplayMessage":false,"stepsCount":0,"attachmentsCount":0,"hasContent":false,"attachmentStep":false},{"name":"clear_allure_result_folder::0","time":{"start":1754792395740,"stop":1754792395740,"duration":0},"status":"passed","steps":[],"attachments":[],"parameters":[],"shouldDisplayMessage":false,"stepsCount":0,"attachmentsCount":0,"hasContent":false,"attachmentStep":false}],"labels":[{"name":"epic","value":"Main Page"},{"name":"feature","value":"Promo Block Testing"},{"name":"parentSuite","value":"tests"},{"name":"suite","value":"test_main_page"},{"name":"subSuite","value":"TestMainPage"},{"name":"host","value":"pkrvmsl9tci6h6u"},{"name":"thread","value":"2934-MainThread"},{"name":"framework","value":"pytest"},{"name":"language","value":"cpython3"},{"name":"package","value":"tests.test_main_page"},{"name":"resultFormat","value":"allure2"}],"parameters":[],"links":[],"hidden":false,"retry":false,"extra":{"severity":"normal","retries":[],"categories":[{"name":"Test defects","matchedStatuses":[],"flaky":false}],"tags":[]},"source":"ed66055c6ab80e70.json","parameterValues":[]}