{"uid":"8769a2674f1958ff","name":"TC 13.01.46 - Check block 3 'home-erin' in section 2 of the Promo Block is present in the DOM tree","fullName":"tests.test_main_page.TestPromoBlock#test_tc_13_01_46_check_block3_in_section2_is_present","historyId":"cd88cf9a8dd03f203bd9b7e5a8db7130","time":{"start":1755999638972,"stop":1755999645887,"duration":6915},"description":"This test checks if block 3 'home-erin' in section 2 in the Promo Block is present\n            in the DOM tree on the main page","descriptionHtml":"<p>This test checks if block 3 'home-erin' in section 2 in the Promo Block is present<br />\nin the DOM tree on the main page</p>\n","status":"broken","statusMessage":"selenium.common.exceptions.TimeoutException: Message: \nStacktrace:\n#0 0x557de092d01a <unknown>\n#1 0x557de03cca70 <unknown>\n#2 0x557de041e907 <unknown>\n#3 0x557de041eb01 <unknown>\n#4 0x557de046cd54 <unknown>\n#5 0x557de044440d <unknown>\n#6 0x557de046a14f <unknown>\n#7 0x557de04441b3 <unknown>\n#8 0x557de041059b <unknown>\n#9 0x557de0411971 <unknown>\n#10 0x557de08f21eb <unknown>\n#11 0x557de08f5f39 <unknown>\n#12 0x557de08d92c9 <unknown>\n#13 0x557de08f6ae8 <unknown>\n#14 0x557de08bdbaf <unknown>\n#15 0x557de091a0a8 <unknown>\n#16 0x557de091a286 <unknown>\n#17 0x557de092bff6 <unknown>\n#18 0x7f35f529caa4 <unknown>\n#19 0x7f35f5329c3c <unknown>","statusTrace":"self = <test_main_page.TestMainPage.TestPromoBlock object at 0x7f31c71e93d0>\ndriver = <selenium.webdriver.chrome.webdriver.WebDriver (session=\"2a1b7b9b1df900c1d30aed6152bc196a\")>\n\n    @allure.title(\"TC 13.01.46 - Check block 3 'home-erin' in section 2 of the Promo Block is present \"\n                  \"in the DOM tree\")\n    def test_tc_13_01_46_check_block3_in_section2_is_present(self, driver):\n        \"\"\"This test checks if block 3 'home-erin' in section 2 in the Promo Block is present\n        in the DOM tree on the main page\"\"\"\n        page = PromoBlock(driver, MAIN_PAGE_URL)\n        page.open()\n>       block3_section2 = page.check_block3_section2_is_present()\n\ntests/test_main_page.py:605: \n_ _ _ _ _ _ _ _ _ _ _ _ _ _ _ _ _ _ _ _ _ _ _ _ _ _ _ _ _ _ _ _ _ _ _ _ _ _ _ _ \npages/main_page.py:216: in check_block3_section2_is_present\n    return self.element_is_present(self.locators.SECTION_2_BLOCK_3)\npages/base_page.py:51: in element_is_present\n    return wait(self.driver, timeout).until(EC.presence_of_element_located(locator))\n_ _ _ _ _ _ _ _ _ _ _ _ _ _ _ _ _ _ _ _ _ _ _ _ _ _ _ _ _ _ _ _ _ _ _ _ _ _ _ _ \n\nself = <selenium.webdriver.support.wait.WebDriverWait (session=\"2a1b7b9b1df900c1d30aed6152bc196a\")>\nmethod = <function presence_of_element_located.<locals>._predicate at 0x7f31c7331b20>\nmessage = ''\n\n    def until(self, method, message: str = \"\"):\n        \"\"\"Calls the method provided with the driver as an argument until the \\\n        return value does not evaluate to ``False``.\n    \n        :param method: callable(WebDriver)\n        :param message: optional message for :exc:`TimeoutException`\n        :returns: the result of the last call to `method`\n        :raises: :exc:`selenium.common.exceptions.TimeoutException` if timeout occurs\n        \"\"\"\n        screen = None\n        stacktrace = None\n    \n        end_time = time.monotonic() + self._timeout\n        while True:\n            try:\n                value = method(self._driver)\n                if value:\n                    return value\n            except self._ignored_exceptions as exc:\n                screen = getattr(exc, \"screen\", None)\n                stacktrace = getattr(exc, \"stacktrace\", None)\n            time.sleep(self._poll)\n            if time.monotonic() > end_time:\n                break\n>       raise TimeoutException(message, screen, stacktrace)\nE       selenium.common.exceptions.TimeoutException: Message: \nE       Stacktrace:\nE       #0 0x557de092d01a <unknown>\nE       #1 0x557de03cca70 <unknown>\nE       #2 0x557de041e907 <unknown>\nE       #3 0x557de041eb01 <unknown>\nE       #4 0x557de046cd54 <unknown>\nE       #5 0x557de044440d <unknown>\nE       #6 0x557de046a14f <unknown>\nE       #7 0x557de04441b3 <unknown>\nE       #8 0x557de041059b <unknown>\nE       #9 0x557de0411971 <unknown>\nE       #10 0x557de08f21eb <unknown>\nE       #11 0x557de08f5f39 <unknown>\nE       #12 0x557de08d92c9 <unknown>\nE       #13 0x557de08f6ae8 <unknown>\nE       #14 0x557de08bdbaf <unknown>\nE       #15 0x557de091a0a8 <unknown>\nE       #16 0x557de091a286 <unknown>\nE       #17 0x557de092bff6 <unknown>\nE       #18 0x7f35f529caa4 <unknown>\nE       #19 0x7f35f5329c3c <unknown>\n\n/opt/hostedtoolcache/Python/3.11.13/x64/lib/python3.11/site-packages/selenium/webdriver/support/wait.py:95: TimeoutException","flaky":false,"newFailed":false,"newBroken":false,"newPassed":false,"retriesCount":0,"retriesStatusChange":false,"beforeStages":[{"name":"_session_faker","time":{"start":1755998668615,"stop":1755998668675,"duration":60},"status":"passed","steps":[],"attachments":[],"parameters":[],"stepsCount":0,"shouldDisplayMessage":false,"attachmentsCount":0,"hasContent":false,"attachmentStep":false},{"name":"clear_allure_result_folder","time":{"start":1755998668675,"stop":1755998668675,"duration":0},"status":"passed","steps":[],"attachments":[],"parameters":[],"stepsCount":0,"shouldDisplayMessage":false,"attachmentsCount":0,"hasContent":false,"attachmentStep":false},{"name":"driver","time":{"start":1755999637732,"stop":1755999638971,"duration":1239},"status":"passed","steps":[],"attachments":[],"parameters":[],"stepsCount":0,"shouldDisplayMessage":false,"attachmentsCount":0,"hasContent":false,"attachmentStep":false}],"testStage":{"description":"This test checks if block 3 'home-erin' in section 2 in the Promo Block is present\n            in the DOM tree on the main page","status":"broken","statusMessage":"selenium.common.exceptions.TimeoutException: Message: \nStacktrace:\n#0 0x557de092d01a <unknown>\n#1 0x557de03cca70 <unknown>\n#2 0x557de041e907 <unknown>\n#3 0x557de041eb01 <unknown>\n#4 0x557de046cd54 <unknown>\n#5 0x557de044440d <unknown>\n#6 0x557de046a14f <unknown>\n#7 0x557de04441b3 <unknown>\n#8 0x557de041059b <unknown>\n#9 0x557de0411971 <unknown>\n#10 0x557de08f21eb <unknown>\n#11 0x557de08f5f39 <unknown>\n#12 0x557de08d92c9 <unknown>\n#13 0x557de08f6ae8 <unknown>\n#14 0x557de08bdbaf <unknown>\n#15 0x557de091a0a8 <unknown>\n#16 0x557de091a286 <unknown>\n#17 0x557de092bff6 <unknown>\n#18 0x7f35f529caa4 <unknown>\n#19 0x7f35f5329c3c <unknown>","statusTrace":"self = <test_main_page.TestMainPage.TestPromoBlock object at 0x7f31c71e93d0>\ndriver = <selenium.webdriver.chrome.webdriver.WebDriver (session=\"2a1b7b9b1df900c1d30aed6152bc196a\")>\n\n    @allure.title(\"TC 13.01.46 - Check block 3 'home-erin' in section 2 of the Promo Block is present \"\n                  \"in the DOM tree\")\n    def test_tc_13_01_46_check_block3_in_section2_is_present(self, driver):\n        \"\"\"This test checks if block 3 'home-erin' in section 2 in the Promo Block is present\n        in the DOM tree on the main page\"\"\"\n        page = PromoBlock(driver, MAIN_PAGE_URL)\n        page.open()\n>       block3_section2 = page.check_block3_section2_is_present()\n\ntests/test_main_page.py:605: \n_ _ _ _ _ _ _ _ _ _ _ _ _ _ _ _ _ _ _ _ _ _ _ _ _ _ _ _ _ _ _ _ _ _ _ _ _ _ _ _ \npages/main_page.py:216: in check_block3_section2_is_present\n    return self.element_is_present(self.locators.SECTION_2_BLOCK_3)\npages/base_page.py:51: in element_is_present\n    return wait(self.driver, timeout).until(EC.presence_of_element_located(locator))\n_ _ _ _ _ _ _ _ _ _ _ _ _ _ _ _ _ _ _ _ _ _ _ _ _ _ _ _ _ _ _ _ _ _ _ _ _ _ _ _ \n\nself = <selenium.webdriver.support.wait.WebDriverWait (session=\"2a1b7b9b1df900c1d30aed6152bc196a\")>\nmethod = <function presence_of_element_located.<locals>._predicate at 0x7f31c7331b20>\nmessage = ''\n\n    def until(self, method, message: str = \"\"):\n        \"\"\"Calls the method provided with the driver as an argument until the \\\n        return value does not evaluate to ``False``.\n    \n        :param method: callable(WebDriver)\n        :param message: optional message for :exc:`TimeoutException`\n        :returns: the result of the last call to `method`\n        :raises: :exc:`selenium.common.exceptions.TimeoutException` if timeout occurs\n        \"\"\"\n        screen = None\n        stacktrace = None\n    \n        end_time = time.monotonic() + self._timeout\n        while True:\n            try:\n                value = method(self._driver)\n                if value:\n                    return value\n            except self._ignored_exceptions as exc:\n                screen = getattr(exc, \"screen\", None)\n                stacktrace = getattr(exc, \"stacktrace\", None)\n            time.sleep(self._poll)\n            if time.monotonic() > end_time:\n                break\n>       raise TimeoutException(message, screen, stacktrace)\nE       selenium.common.exceptions.TimeoutException: Message: \nE       Stacktrace:\nE       #0 0x557de092d01a <unknown>\nE       #1 0x557de03cca70 <unknown>\nE       #2 0x557de041e907 <unknown>\nE       #3 0x557de041eb01 <unknown>\nE       #4 0x557de046cd54 <unknown>\nE       #5 0x557de044440d <unknown>\nE       #6 0x557de046a14f <unknown>\nE       #7 0x557de04441b3 <unknown>\nE       #8 0x557de041059b <unknown>\nE       #9 0x557de0411971 <unknown>\nE       #10 0x557de08f21eb <unknown>\nE       #11 0x557de08f5f39 <unknown>\nE       #12 0x557de08d92c9 <unknown>\nE       #13 0x557de08f6ae8 <unknown>\nE       #14 0x557de08bdbaf <unknown>\nE       #15 0x557de091a0a8 <unknown>\nE       #16 0x557de091a286 <unknown>\nE       #17 0x557de092bff6 <unknown>\nE       #18 0x7f35f529caa4 <unknown>\nE       #19 0x7f35f5329c3c <unknown>\n\n/opt/hostedtoolcache/Python/3.11.13/x64/lib/python3.11/site-packages/selenium/webdriver/support/wait.py:95: TimeoutException","steps":[{"name":"Open a browser","time":{"start":1755999638972,"stop":1755999640770,"duration":1798},"status":"passed","steps":[],"attachments":[],"parameters":[],"stepsCount":0,"shouldDisplayMessage":false,"attachmentsCount":0,"hasContent":false,"attachmentStep":false},{"name":"Check block 3 'home-erin' in section 2 of the Promo Block is present in the DOM tree","time":{"start":1755999640770,"stop":1755999645886,"duration":5116},"status":"broken","statusMessage":"selenium.common.exceptions.TimeoutException: Message: \nStacktrace:\n#0 0x557de092d01a <unknown>\n#1 0x557de03cca70 <unknown>\n#2 0x557de041e907 <unknown>\n#3 0x557de041eb01 <unknown>\n#4 0x557de046cd54 <unknown>\n#5 0x557de044440d <unknown>\n#6 0x557de046a14f <unknown>\n#7 0x557de04441b3 <unknown>\n#8 0x557de041059b <unknown>\n#9 0x557de0411971 <unknown>\n#10 0x557de08f21eb <unknown>\n#11 0x557de08f5f39 <unknown>\n#12 0x557de08d92c9 <unknown>\n#13 0x557de08f6ae8 <unknown>\n#14 0x557de08bdbaf <unknown>\n#15 0x557de091a0a8 <unknown>\n#16 0x557de091a286 <unknown>\n#17 0x557de092bff6 <unknown>\n#18 0x7f35f529caa4 <unknown>\n#19 0x7f35f5329c3c <unknown>\n\n","statusTrace":"  File \"/opt/hostedtoolcache/Python/3.11.13/x64/lib/python3.11/site-packages/allure_commons/_allure.py\", line 192, in impl\n    return func(*a, **kw)\n           ^^^^^^^^^^^^^^\n  File \"/home/runner/work/luma_project/luma_project/pages/main_page.py\", line 216, in check_block3_section2_is_present\n    return self.element_is_present(self.locators.SECTION_2_BLOCK_3)\n           ^^^^^^^^^^^^^^^^^^^^^^^^^^^^^^^^^^^^^^^^^^^^^^^^^^^^^^^^\n  File \"/opt/hostedtoolcache/Python/3.11.13/x64/lib/python3.11/site-packages/allure_commons/_allure.py\", line 192, in impl\n    return func(*a, **kw)\n           ^^^^^^^^^^^^^^\n  File \"/home/runner/work/luma_project/luma_project/pages/base_page.py\", line 51, in element_is_present\n    return wait(self.driver, timeout).until(EC.presence_of_element_located(locator))\n           ^^^^^^^^^^^^^^^^^^^^^^^^^^^^^^^^^^^^^^^^^^^^^^^^^^^^^^^^^^^^^^^^^^^^^^^^^\n  File \"/opt/hostedtoolcache/Python/3.11.13/x64/lib/python3.11/site-packages/selenium/webdriver/support/wait.py\", line 95, in until\n    raise TimeoutException(message, screen, stacktrace)\n","steps":[{"name":"Find a present element","time":{"start":1755999640770,"stop":1755999645886,"duration":5116},"status":"broken","statusMessage":"selenium.common.exceptions.TimeoutException: Message: \nStacktrace:\n#0 0x557de092d01a <unknown>\n#1 0x557de03cca70 <unknown>\n#2 0x557de041e907 <unknown>\n#3 0x557de041eb01 <unknown>\n#4 0x557de046cd54 <unknown>\n#5 0x557de044440d <unknown>\n#6 0x557de046a14f <unknown>\n#7 0x557de04441b3 <unknown>\n#8 0x557de041059b <unknown>\n#9 0x557de0411971 <unknown>\n#10 0x557de08f21eb <unknown>\n#11 0x557de08f5f39 <unknown>\n#12 0x557de08d92c9 <unknown>\n#13 0x557de08f6ae8 <unknown>\n#14 0x557de08bdbaf <unknown>\n#15 0x557de091a0a8 <unknown>\n#16 0x557de091a286 <unknown>\n#17 0x557de092bff6 <unknown>\n#18 0x7f35f529caa4 <unknown>\n#19 0x7f35f5329c3c <unknown>\n\n","statusTrace":"  File \"/opt/hostedtoolcache/Python/3.11.13/x64/lib/python3.11/site-packages/allure_commons/_allure.py\", line 192, in impl\n    return func(*a, **kw)\n           ^^^^^^^^^^^^^^\n  File \"/home/runner/work/luma_project/luma_project/pages/base_page.py\", line 51, in element_is_present\n    return wait(self.driver, timeout).until(EC.presence_of_element_located(locator))\n           ^^^^^^^^^^^^^^^^^^^^^^^^^^^^^^^^^^^^^^^^^^^^^^^^^^^^^^^^^^^^^^^^^^^^^^^^^\n  File \"/opt/hostedtoolcache/Python/3.11.13/x64/lib/python3.11/site-packages/selenium/webdriver/support/wait.py\", line 95, in until\n    raise TimeoutException(message, screen, stacktrace)\n","steps":[],"attachments":[],"parameters":[{"name":"locator","value":"('css selector', '.home-erin')"},{"name":"timeout","value":"5"}],"stepsCount":0,"shouldDisplayMessage":true,"attachmentsCount":0,"hasContent":true,"attachmentStep":false}],"attachments":[],"parameters":[],"stepsCount":1,"shouldDisplayMessage":false,"attachmentsCount":0,"hasContent":true,"attachmentStep":false}],"attachments":[{"uid":"3bd782bd174f2401","name":"Screenshot","source":"3bd782bd174f2401.png","type":"image/png","size":242609},{"uid":"d480026665dc471d","name":"HTML source","source":"d480026665dc471d.html","type":"text/html","size":194260}],"parameters":[],"stepsCount":3,"shouldDisplayMessage":true,"attachmentsCount":2,"hasContent":true,"attachmentStep":false},"afterStages":[{"name":"driver::0","time":{"start":1755999646050,"stop":1755999646120,"duration":70},"status":"passed","steps":[],"attachments":[],"parameters":[],"stepsCount":0,"shouldDisplayMessage":false,"attachmentsCount":0,"hasContent":false,"attachmentStep":false},{"name":"clear_allure_result_folder::0","time":{"start":1756000489116,"stop":1756000489116,"duration":0},"status":"passed","steps":[],"attachments":[],"parameters":[],"stepsCount":0,"shouldDisplayMessage":false,"attachmentsCount":0,"hasContent":false,"attachmentStep":false}],"labels":[{"name":"epic","value":"Main Page"},{"name":"feature","value":"Promo Block Testing"},{"name":"parentSuite","value":"tests"},{"name":"suite","value":"test_main_page"},{"name":"subSuite","value":"TestMainPage"},{"name":"host","value":"pkrvmqc4gcfdwos"},{"name":"thread","value":"2981-MainThread"},{"name":"framework","value":"pytest"},{"name":"language","value":"cpython3"},{"name":"package","value":"tests.test_main_page"},{"name":"resultFormat","value":"allure2"}],"parameters":[],"links":[],"hidden":false,"retry":false,"extra":{"severity":"normal","retries":[],"categories":[{"name":"Test defects","matchedStatuses":[],"flaky":false}],"tags":[]},"source":"8769a2674f1958ff.json","parameterValues":[]}