{"uid":"31481b9deae8734e","name":"TC 13.01.29 - Check the display of the text in block 3 'home-erin' in the Promo Block","fullName":"tests.test_main_page.TestPromoBlock#test_tc_13_01_29_check_info_block_text_in_section2_block3","historyId":"c38799825597cdd800d6bc4c826d00b4","time":{"start":1768096896100,"stop":1768096896198,"duration":98},"description":"This test checks if the info block text in section 2 block 3 'home-erin' is correct\n            in the Promo Block under header on the main page","descriptionHtml":"<p>This test checks if the info block text in section 2 block 3 'home-erin' is correct<br />\nin the Promo Block under header on the main page</p>\n","status":"broken","statusMessage":"selenium.common.exceptions.NoSuchElementException: Message: no such element: Unable to locate element: {\"method\":\"css selector\",\"selector\":\".home-erin .content .info\"}\n  (Session info: chrome=143.0.7499.169); For documentation on this error, please visit: https://www.selenium.dev/documentation/webdriver/troubleshooting/errors#no-such-element-exception\nStacktrace:\n#0 0x56015864461a <unknown>\n#1 0x5601580c120b <unknown>\n#2 0x56015811290f <unknown>\n#3 0x560158112b51 <unknown>\n#4 0x560158160d84 <unknown>\n#5 0x56015815e20e <unknown>\n#6 0x560158105232 <unknown>\n#7 0x560158105ee1 <unknown>\n#8 0x56015860d3f9 <unknown>\n#9 0x56015861034d <unknown>\n#10 0x5601585f6122 <unknown>\n#11 0x560158610f2b <unknown>\n#12 0x5601585dcc30 <unknown>\n#13 0x560158631d78 <unknown>\n#14 0x560158631f4c <unknown>\n#15 0x560158643973 <unknown>\n#16 0x7f9da689caa4 <unknown>\n#17 0x7f9da6929c6c <unknown>","statusTrace":"self = <test_main_page.TestMainPage.TestPromoBlock object at 0x7f81f011ddd0>\ndriver = <selenium.webdriver.chrome.webdriver.WebDriver (session=\"c3f8178764d7941b41c42954aef07575\")>\n\n    @allure.title(\"TC 13.01.29 - Check the display of the text in block 3 'home-erin' in the Promo Block\")\n    def test_tc_13_01_29_check_info_block_text_in_section2_block3(self, driver):\n        \"\"\"This test checks if the info block text in section 2 block 3 'home-erin' is correct\n        in the Promo Block under header on the main page\"\"\"\n        page = PromoBlock(driver, MAIN_PAGE_URL)\n        page.open()\n>       actual_text = page.check_info_block_text_in_section2_block3()\n\ntests/test_main_page.py:403: \n_ _ _ _ _ _ _ _ _ _ _ _ _ _ _ _ _ _ _ _ _ _ _ _ _ _ _ _ _ _ _ _ _ _ _ _ _ _ _ _ \npages/main_page.py:280: in check_info_block_text_in_section2_block3\n    info_block_text = self.find_element(self.locators.SECTION_2_BLOCK_3_INFO_BLOCK_TEXT).text\npages/base_page.py:202: in find_element\n    return self.driver.find_element(*locator)\n/opt/hostedtoolcache/Python/3.11.14/x64/lib/python3.11/site-packages/selenium/webdriver/remote/webdriver.py:738: in find_element\n    return self.execute(Command.FIND_ELEMENT, {\"using\": by, \"value\": value})[\"value\"]\n/opt/hostedtoolcache/Python/3.11.14/x64/lib/python3.11/site-packages/selenium/webdriver/remote/webdriver.py:344: in execute\n    self.error_handler.check_response(response)\n_ _ _ _ _ _ _ _ _ _ _ _ _ _ _ _ _ _ _ _ _ _ _ _ _ _ _ _ _ _ _ _ _ _ _ _ _ _ _ _ \n\nself = <selenium.webdriver.remote.errorhandler.ErrorHandler object at 0x7f81f1b2e410>\nresponse = {'status': 404, 'value': '{\"value\":{\"error\":\"no such element\",\"message\":\"no such element: Unable to locate element: {\\...\\\\n#15 0x560158643973 \\\\u003Cunknown>\\\\n#16 0x7f9da689caa4 \\\\u003Cunknown>\\\\n#17 0x7f9da6929c6c \\\\u003Cunknown>\\\\n\"}}'}\n\n    def check_response(self, response: Dict[str, Any]) -> None:\n        \"\"\"Checks that a JSON response from the WebDriver does not have an\n        error.\n    \n        :Args:\n         - response - The JSON response from the WebDriver server as a dictionary\n           object.\n    \n        :Raises: If the response contains an error message.\n        \"\"\"\n        status = response.get(\"status\", None)\n        if not status or status == ErrorCode.SUCCESS:\n            return\n        value = None\n        message = response.get(\"message\", \"\")\n        screen: str = response.get(\"screen\", \"\")\n        stacktrace = None\n        if isinstance(status, int):\n            value_json = response.get(\"value\", None)\n            if value_json and isinstance(value_json, str):\n                import json\n    \n                try:\n                    value = json.loads(value_json)\n                    if len(value) == 1:\n                        value = value[\"value\"]\n                    status = value.get(\"error\", None)\n                    if not status:\n                        status = value.get(\"status\", ErrorCode.UNKNOWN_ERROR)\n                        message = value.get(\"value\") or value.get(\"message\")\n                        if not isinstance(message, str):\n                            value = message\n                            message = message.get(\"message\")\n                    else:\n                        message = value.get(\"message\", None)\n                except ValueError:\n                    pass\n    \n        exception_class: Type[WebDriverException]\n        e = ErrorCode()\n        error_codes = [item for item in dir(e) if not item.startswith(\"__\")]\n        for error_code in error_codes:\n            error_info = getattr(ErrorCode, error_code)\n            if isinstance(error_info, list) and status in error_info:\n                exception_class = getattr(ExceptionMapping, error_code, WebDriverException)\n                break\n        else:\n            exception_class = WebDriverException\n    \n        if not value:\n            value = response[\"value\"]\n        if isinstance(value, str):\n            raise exception_class(value)\n        if message == \"\" and \"message\" in value:\n            message = value[\"message\"]\n    \n        screen = None  # type: ignore[assignment]\n        if \"screen\" in value:\n            screen = value[\"screen\"]\n    \n        stacktrace = None\n        st_value = value.get(\"stackTrace\") or value.get(\"stacktrace\")\n        if st_value:\n            if isinstance(st_value, str):\n                stacktrace = st_value.split(\"\\n\")\n            else:\n                stacktrace = []\n                try:\n                    for frame in st_value:\n                        line = frame.get(\"lineNumber\", \"\")\n                        file = frame.get(\"fileName\", \"<anonymous>\")\n                        if line:\n                            file = f\"{file}:{line}\"\n                        meth = frame.get(\"methodName\", \"<anonymous>\")\n                        if \"className\" in frame:\n                            meth = f\"{frame['className']}.{meth}\"\n                        msg = \"    at %s (%s)\"\n                        msg = msg % (meth, file)\n                        stacktrace.append(msg)\n                except TypeError:\n                    pass\n        if exception_class == UnexpectedAlertPresentException:\n            alert_text = None\n            if \"data\" in value:\n                alert_text = value[\"data\"].get(\"text\")\n            elif \"alert\" in value:\n                alert_text = value[\"alert\"].get(\"text\")\n            raise exception_class(message, screen, stacktrace, alert_text)  # type: ignore[call-arg]  # mypy is not smart enough here\n>       raise exception_class(message, screen, stacktrace)\nE       selenium.common.exceptions.NoSuchElementException: Message: no such element: Unable to locate element: {\"method\":\"css selector\",\"selector\":\".home-erin .content .info\"}\nE         (Session info: chrome=143.0.7499.169); For documentation on this error, please visit: https://www.selenium.dev/documentation/webdriver/troubleshooting/errors#no-such-element-exception\nE       Stacktrace:\nE       #0 0x56015864461a <unknown>\nE       #1 0x5601580c120b <unknown>\nE       #2 0x56015811290f <unknown>\nE       #3 0x560158112b51 <unknown>\nE       #4 0x560158160d84 <unknown>\nE       #5 0x56015815e20e <unknown>\nE       #6 0x560158105232 <unknown>\nE       #7 0x560158105ee1 <unknown>\nE       #8 0x56015860d3f9 <unknown>\nE       #9 0x56015861034d <unknown>\nE       #10 0x5601585f6122 <unknown>\nE       #11 0x560158610f2b <unknown>\nE       #12 0x5601585dcc30 <unknown>\nE       #13 0x560158631d78 <unknown>\nE       #14 0x560158631f4c <unknown>\nE       #15 0x560158643973 <unknown>\nE       #16 0x7f9da689caa4 <unknown>\nE       #17 0x7f9da6929c6c <unknown>\n\n/opt/hostedtoolcache/Python/3.11.14/x64/lib/python3.11/site-packages/selenium/webdriver/remote/errorhandler.py:229: NoSuchElementException","flaky":false,"newFailed":false,"newBroken":false,"newPassed":false,"retriesCount":0,"retriesStatusChange":false,"beforeStages":[{"name":"_session_faker","time":{"start":1768095749510,"stop":1768095749573,"duration":63},"status":"passed","steps":[],"attachments":[],"parameters":[],"stepsCount":0,"shouldDisplayMessage":false,"attachmentsCount":0,"hasContent":false,"attachmentStep":false},{"name":"clear_allure_result_folder","time":{"start":1768095749573,"stop":1768095749573,"duration":0},"status":"passed","steps":[],"attachments":[],"parameters":[],"stepsCount":0,"shouldDisplayMessage":false,"attachmentsCount":0,"hasContent":false,"attachmentStep":false},{"name":"driver","time":{"start":1768096894938,"stop":1768096896100,"duration":1162},"status":"passed","steps":[],"attachments":[],"parameters":[],"stepsCount":0,"shouldDisplayMessage":false,"attachmentsCount":0,"hasContent":false,"attachmentStep":false}],"testStage":{"description":"This test checks if the info block text in section 2 block 3 'home-erin' is correct\n            in the Promo Block under header on the main page","status":"broken","statusMessage":"selenium.common.exceptions.NoSuchElementException: Message: no such element: Unable to locate element: {\"method\":\"css selector\",\"selector\":\".home-erin .content .info\"}\n  (Session info: chrome=143.0.7499.169); For documentation on this error, please visit: https://www.selenium.dev/documentation/webdriver/troubleshooting/errors#no-such-element-exception\nStacktrace:\n#0 0x56015864461a <unknown>\n#1 0x5601580c120b <unknown>\n#2 0x56015811290f <unknown>\n#3 0x560158112b51 <unknown>\n#4 0x560158160d84 <unknown>\n#5 0x56015815e20e <unknown>\n#6 0x560158105232 <unknown>\n#7 0x560158105ee1 <unknown>\n#8 0x56015860d3f9 <unknown>\n#9 0x56015861034d <unknown>\n#10 0x5601585f6122 <unknown>\n#11 0x560158610f2b <unknown>\n#12 0x5601585dcc30 <unknown>\n#13 0x560158631d78 <unknown>\n#14 0x560158631f4c <unknown>\n#15 0x560158643973 <unknown>\n#16 0x7f9da689caa4 <unknown>\n#17 0x7f9da6929c6c <unknown>","statusTrace":"self = <test_main_page.TestMainPage.TestPromoBlock object at 0x7f81f011ddd0>\ndriver = <selenium.webdriver.chrome.webdriver.WebDriver (session=\"c3f8178764d7941b41c42954aef07575\")>\n\n    @allure.title(\"TC 13.01.29 - Check the display of the text in block 3 'home-erin' in the Promo Block\")\n    def test_tc_13_01_29_check_info_block_text_in_section2_block3(self, driver):\n        \"\"\"This test checks if the info block text in section 2 block 3 'home-erin' is correct\n        in the Promo Block under header on the main page\"\"\"\n        page = PromoBlock(driver, MAIN_PAGE_URL)\n        page.open()\n>       actual_text = page.check_info_block_text_in_section2_block3()\n\ntests/test_main_page.py:403: \n_ _ _ _ _ _ _ _ _ _ _ _ _ _ _ _ _ _ _ _ _ _ _ _ _ _ _ _ _ _ _ _ _ _ _ _ _ _ _ _ \npages/main_page.py:280: in check_info_block_text_in_section2_block3\n    info_block_text = self.find_element(self.locators.SECTION_2_BLOCK_3_INFO_BLOCK_TEXT).text\npages/base_page.py:202: in find_element\n    return self.driver.find_element(*locator)\n/opt/hostedtoolcache/Python/3.11.14/x64/lib/python3.11/site-packages/selenium/webdriver/remote/webdriver.py:738: in find_element\n    return self.execute(Command.FIND_ELEMENT, {\"using\": by, \"value\": value})[\"value\"]\n/opt/hostedtoolcache/Python/3.11.14/x64/lib/python3.11/site-packages/selenium/webdriver/remote/webdriver.py:344: in execute\n    self.error_handler.check_response(response)\n_ _ _ _ _ _ _ _ _ _ _ _ _ _ _ _ _ _ _ _ _ _ _ _ _ _ _ _ _ _ _ _ _ _ _ _ _ _ _ _ \n\nself = <selenium.webdriver.remote.errorhandler.ErrorHandler object at 0x7f81f1b2e410>\nresponse = {'status': 404, 'value': '{\"value\":{\"error\":\"no such element\",\"message\":\"no such element: Unable to locate element: {\\...\\\\n#15 0x560158643973 \\\\u003Cunknown>\\\\n#16 0x7f9da689caa4 \\\\u003Cunknown>\\\\n#17 0x7f9da6929c6c \\\\u003Cunknown>\\\\n\"}}'}\n\n    def check_response(self, response: Dict[str, Any]) -> None:\n        \"\"\"Checks that a JSON response from the WebDriver does not have an\n        error.\n    \n        :Args:\n         - response - The JSON response from the WebDriver server as a dictionary\n           object.\n    \n        :Raises: If the response contains an error message.\n        \"\"\"\n        status = response.get(\"status\", None)\n        if not status or status == ErrorCode.SUCCESS:\n            return\n        value = None\n        message = response.get(\"message\", \"\")\n        screen: str = response.get(\"screen\", \"\")\n        stacktrace = None\n        if isinstance(status, int):\n            value_json = response.get(\"value\", None)\n            if value_json and isinstance(value_json, str):\n                import json\n    \n                try:\n                    value = json.loads(value_json)\n                    if len(value) == 1:\n                        value = value[\"value\"]\n                    status = value.get(\"error\", None)\n                    if not status:\n                        status = value.get(\"status\", ErrorCode.UNKNOWN_ERROR)\n                        message = value.get(\"value\") or value.get(\"message\")\n                        if not isinstance(message, str):\n                            value = message\n                            message = message.get(\"message\")\n                    else:\n                        message = value.get(\"message\", None)\n                except ValueError:\n                    pass\n    \n        exception_class: Type[WebDriverException]\n        e = ErrorCode()\n        error_codes = [item for item in dir(e) if not item.startswith(\"__\")]\n        for error_code in error_codes:\n            error_info = getattr(ErrorCode, error_code)\n            if isinstance(error_info, list) and status in error_info:\n                exception_class = getattr(ExceptionMapping, error_code, WebDriverException)\n                break\n        else:\n            exception_class = WebDriverException\n    \n        if not value:\n            value = response[\"value\"]\n        if isinstance(value, str):\n            raise exception_class(value)\n        if message == \"\" and \"message\" in value:\n            message = value[\"message\"]\n    \n        screen = None  # type: ignore[assignment]\n        if \"screen\" in value:\n            screen = value[\"screen\"]\n    \n        stacktrace = None\n        st_value = value.get(\"stackTrace\") or value.get(\"stacktrace\")\n        if st_value:\n            if isinstance(st_value, str):\n                stacktrace = st_value.split(\"\\n\")\n            else:\n                stacktrace = []\n                try:\n                    for frame in st_value:\n                        line = frame.get(\"lineNumber\", \"\")\n                        file = frame.get(\"fileName\", \"<anonymous>\")\n                        if line:\n                            file = f\"{file}:{line}\"\n                        meth = frame.get(\"methodName\", \"<anonymous>\")\n                        if \"className\" in frame:\n                            meth = f\"{frame['className']}.{meth}\"\n                        msg = \"    at %s (%s)\"\n                        msg = msg % (meth, file)\n                        stacktrace.append(msg)\n                except TypeError:\n                    pass\n        if exception_class == UnexpectedAlertPresentException:\n            alert_text = None\n            if \"data\" in value:\n                alert_text = value[\"data\"].get(\"text\")\n            elif \"alert\" in value:\n                alert_text = value[\"alert\"].get(\"text\")\n            raise exception_class(message, screen, stacktrace, alert_text)  # type: ignore[call-arg]  # mypy is not smart enough here\n>       raise exception_class(message, screen, stacktrace)\nE       selenium.common.exceptions.NoSuchElementException: Message: no such element: Unable to locate element: {\"method\":\"css selector\",\"selector\":\".home-erin .content .info\"}\nE         (Session info: chrome=143.0.7499.169); For documentation on this error, please visit: https://www.selenium.dev/documentation/webdriver/troubleshooting/errors#no-such-element-exception\nE       Stacktrace:\nE       #0 0x56015864461a <unknown>\nE       #1 0x5601580c120b <unknown>\nE       #2 0x56015811290f <unknown>\nE       #3 0x560158112b51 <unknown>\nE       #4 0x560158160d84 <unknown>\nE       #5 0x56015815e20e <unknown>\nE       #6 0x560158105232 <unknown>\nE       #7 0x560158105ee1 <unknown>\nE       #8 0x56015860d3f9 <unknown>\nE       #9 0x56015861034d <unknown>\nE       #10 0x5601585f6122 <unknown>\nE       #11 0x560158610f2b <unknown>\nE       #12 0x5601585dcc30 <unknown>\nE       #13 0x560158631d78 <unknown>\nE       #14 0x560158631f4c <unknown>\nE       #15 0x560158643973 <unknown>\nE       #16 0x7f9da689caa4 <unknown>\nE       #17 0x7f9da6929c6c <unknown>\n\n/opt/hostedtoolcache/Python/3.11.14/x64/lib/python3.11/site-packages/selenium/webdriver/remote/errorhandler.py:229: NoSuchElementException","steps":[{"name":"Open a browser","time":{"start":1768096896100,"stop":1768096896180,"duration":80},"status":"passed","steps":[],"attachments":[],"parameters":[],"stepsCount":0,"shouldDisplayMessage":false,"attachmentsCount":0,"hasContent":false,"attachmentStep":false},{"name":"Check the text of info block in section 2 block 3 'home-erin' in the Promo Block is correct","time":{"start":1768096896180,"stop":1768096896197,"duration":17},"status":"broken","statusMessage":"selenium.common.exceptions.NoSuchElementException: Message: no such element: Unable to locate element: {\"method\":\"css selector\",\"selector\":\".home-erin .content .info\"}\n  (Session info: chrome=143.0.7499.169); For documentation on this error, please visit: https://www.selenium.dev/documentation/webdriver/troubleshooting/errors#no-such-element-exception\nStacktrace:\n#0 0x56015864461a <unknown>\n#1 0x5601580c120b <unknown>\n#2 0x56015811290f <unknown>\n#3 0x560158112b51 <unknown>\n#4 0x560158160d84 <unknown>\n#5 0x56015815e20e <unknown>\n#6 0x560158105232 <unknown>\n#7 0x560158105ee1 <unknown>\n#8 0x56015860d3f9 <unknown>\n#9 0x56015861034d <unknown>\n#10 0x5601585f6122 <unknown>\n#11 0x560158610f2b <unknown>\n#12 0x5601585dcc30 <unknown>\n#13 0x560158631d78 <unknown>\n#14 0x560158631f4c <unknown>\n#15 0x560158643973 <unknown>\n#16 0x7f9da689caa4 <unknown>\n#17 0x7f9da6929c6c <unknown>\n\n","statusTrace":"  File \"/opt/hostedtoolcache/Python/3.11.14/x64/lib/python3.11/site-packages/allure_commons/_allure.py\", line 192, in impl\n    return func(*a, **kw)\n           ^^^^^^^^^^^^^^\n  File \"/home/runner/work/luma_project/luma_project/pages/main_page.py\", line 280, in check_info_block_text_in_section2_block3\n    info_block_text = self.find_element(self.locators.SECTION_2_BLOCK_3_INFO_BLOCK_TEXT).text\n                      ^^^^^^^^^^^^^^^^^^^^^^^^^^^^^^^^^^^^^^^^^^^^^^^^^^^^^^^^^^^^^^^^^^\n  File \"/opt/hostedtoolcache/Python/3.11.14/x64/lib/python3.11/site-packages/allure_commons/_allure.py\", line 192, in impl\n    return func(*a, **kw)\n           ^^^^^^^^^^^^^^\n  File \"/home/runner/work/luma_project/luma_project/pages/base_page.py\", line 202, in find_element\n    return self.driver.find_element(*locator)\n           ^^^^^^^^^^^^^^^^^^^^^^^^^^^^^^^^^^\n  File \"/opt/hostedtoolcache/Python/3.11.14/x64/lib/python3.11/site-packages/selenium/webdriver/remote/webdriver.py\", line 738, in find_element\n    return self.execute(Command.FIND_ELEMENT, {\"using\": by, \"value\": value})[\"value\"]\n           ^^^^^^^^^^^^^^^^^^^^^^^^^^^^^^^^^^^^^^^^^^^^^^^^^^^^^^^^^^^^^^^^^\n  File \"/opt/hostedtoolcache/Python/3.11.14/x64/lib/python3.11/site-packages/selenium/webdriver/remote/webdriver.py\", line 344, in execute\n    self.error_handler.check_response(response)\n  File \"/opt/hostedtoolcache/Python/3.11.14/x64/lib/python3.11/site-packages/selenium/webdriver/remote/errorhandler.py\", line 229, in check_response\n    raise exception_class(message, screen, stacktrace)\n","steps":[{"name":"Find element (unpacking)","time":{"start":1768096896180,"stop":1768096896197,"duration":17},"status":"broken","statusMessage":"selenium.common.exceptions.NoSuchElementException: Message: no such element: Unable to locate element: {\"method\":\"css selector\",\"selector\":\".home-erin .content .info\"}\n  (Session info: chrome=143.0.7499.169); For documentation on this error, please visit: https://www.selenium.dev/documentation/webdriver/troubleshooting/errors#no-such-element-exception\nStacktrace:\n#0 0x56015864461a <unknown>\n#1 0x5601580c120b <unknown>\n#2 0x56015811290f <unknown>\n#3 0x560158112b51 <unknown>\n#4 0x560158160d84 <unknown>\n#5 0x56015815e20e <unknown>\n#6 0x560158105232 <unknown>\n#7 0x560158105ee1 <unknown>\n#8 0x56015860d3f9 <unknown>\n#9 0x56015861034d <unknown>\n#10 0x5601585f6122 <unknown>\n#11 0x560158610f2b <unknown>\n#12 0x5601585dcc30 <unknown>\n#13 0x560158631d78 <unknown>\n#14 0x560158631f4c <unknown>\n#15 0x560158643973 <unknown>\n#16 0x7f9da689caa4 <unknown>\n#17 0x7f9da6929c6c <unknown>\n\n","statusTrace":"  File \"/opt/hostedtoolcache/Python/3.11.14/x64/lib/python3.11/site-packages/allure_commons/_allure.py\", line 192, in impl\n    return func(*a, **kw)\n           ^^^^^^^^^^^^^^\n  File \"/home/runner/work/luma_project/luma_project/pages/base_page.py\", line 202, in find_element\n    return self.driver.find_element(*locator)\n           ^^^^^^^^^^^^^^^^^^^^^^^^^^^^^^^^^^\n  File \"/opt/hostedtoolcache/Python/3.11.14/x64/lib/python3.11/site-packages/selenium/webdriver/remote/webdriver.py\", line 738, in find_element\n    return self.execute(Command.FIND_ELEMENT, {\"using\": by, \"value\": value})[\"value\"]\n           ^^^^^^^^^^^^^^^^^^^^^^^^^^^^^^^^^^^^^^^^^^^^^^^^^^^^^^^^^^^^^^^^^\n  File \"/opt/hostedtoolcache/Python/3.11.14/x64/lib/python3.11/site-packages/selenium/webdriver/remote/webdriver.py\", line 344, in execute\n    self.error_handler.check_response(response)\n  File \"/opt/hostedtoolcache/Python/3.11.14/x64/lib/python3.11/site-packages/selenium/webdriver/remote/errorhandler.py\", line 229, in check_response\n    raise exception_class(message, screen, stacktrace)\n","steps":[],"attachments":[],"parameters":[{"name":"locator","value":"('css selector', '.home-erin .content .info')"}],"stepsCount":0,"shouldDisplayMessage":true,"attachmentsCount":0,"hasContent":true,"attachmentStep":false}],"attachments":[],"parameters":[],"stepsCount":1,"shouldDisplayMessage":false,"attachmentsCount":0,"hasContent":true,"attachmentStep":false}],"attachments":[{"uid":"ceee63e197f37104","name":"Screenshot","source":"ceee63e197f37104.png","type":"image/png","size":96176},{"uid":"292abfc27cbc78c6","name":"HTML source","source":"292abfc27cbc78c6.html","type":"text/html","size":7068}],"parameters":[],"stepsCount":3,"shouldDisplayMessage":true,"attachmentsCount":2,"hasContent":true,"attachmentStep":false},"afterStages":[{"name":"driver::0","time":{"start":1768096896328,"stop":1768096896387,"duration":59},"status":"passed","steps":[],"attachments":[],"parameters":[],"stepsCount":0,"shouldDisplayMessage":false,"attachmentsCount":0,"hasContent":false,"attachmentStep":false},{"name":"clear_allure_result_folder::0","time":{"start":1768098093213,"stop":1768098093213,"duration":0},"status":"passed","steps":[],"attachments":[],"parameters":[],"stepsCount":0,"shouldDisplayMessage":false,"attachmentsCount":0,"hasContent":false,"attachmentStep":false}],"labels":[{"name":"feature","value":"Promo Block Testing"},{"name":"epic","value":"Main Page"},{"name":"parentSuite","value":"tests"},{"name":"suite","value":"test_main_page"},{"name":"subSuite","value":"TestMainPage"},{"name":"host","value":"runnervmi13qx"},{"name":"thread","value":"2982-MainThread"},{"name":"framework","value":"pytest"},{"name":"language","value":"cpython3"},{"name":"package","value":"tests.test_main_page"},{"name":"resultFormat","value":"allure2"}],"parameters":[],"links":[],"hidden":false,"retry":false,"extra":{"severity":"normal","retries":[],"categories":[{"name":"Test defects","matchedStatuses":[],"flaky":false}],"history":{"statistic":{"failed":0,"broken":8,"skipped":0,"passed":0,"unknown":0,"total":8},"items":[{"uid":"25186eb4073715e4","reportUrl":"https://verafes.github.io/luma_project/628/#testresult/25186eb4073715e4","status":"broken","statusDetails":"selenium.common.exceptions.NoSuchElementException: Message: no such element: Unable to locate element: {\"method\":\"css selector\",\"selector\":\".home-erin .content .info\"}\n  (Session info: chrome=143.0.7499.109); For documentation on this error, please visit: https://www.selenium.dev/documentation/webdriver/troubleshooting/errors#no-such-element-exception\nStacktrace:\n#0 0x5576d357b19a <unknown>\n#1 0x5576d2ff8c4b <unknown>\n#2 0x5576d304a318 <unknown>\n#3 0x5576d304a551 <unknown>\n#4 0x5576d3098764 <unknown>\n#5 0x5576d3095bee <unknown>\n#6 0x5576d303cc42 <unknown>\n#7 0x5576d303d8f1 <unknown>\n#8 0x5576d3543f39 <unknown>\n#9 0x5576d3546e7d <unknown>\n#10 0x5576d352cc81 <unknown>\n#11 0x5576d3547a5b <unknown>\n#12 0x5576d3513a50 <unknown>\n#13 0x5576d3568aa8 <unknown>\n#14 0x5576d3568c79 <unknown>\n#15 0x5576d357a4f3 <unknown>\n#16 0x7ff136e9caa4 <unknown>\n#17 0x7ff136f29c6c <unknown>","time":{"start":1767492112660,"stop":1767492112893,"duration":233}},{"uid":"623e9ded56ba5529","reportUrl":"https://verafes.github.io/luma_project/627/#testresult/623e9ded56ba5529","status":"broken","statusDetails":"selenium.common.exceptions.NoSuchElementException: Message: no such element: Unable to locate element: {\"method\":\"css selector\",\"selector\":\".home-erin .content .info\"}\n  (Session info: chrome=143.0.7499.109); For documentation on this error, please visit: https://www.selenium.dev/documentation/webdriver/troubleshooting/errors#no-such-element-exception\nStacktrace:\n#0 0x557ddc55d19a <unknown>\n#1 0x557ddbfdac4b <unknown>\n#2 0x557ddc02c318 <unknown>\n#3 0x557ddc02c551 <unknown>\n#4 0x557ddc07a764 <unknown>\n#5 0x557ddc077bee <unknown>\n#6 0x557ddc01ec42 <unknown>\n#7 0x557ddc01f8f1 <unknown>\n#8 0x557ddc525f39 <unknown>\n#9 0x557ddc528e7d <unknown>\n#10 0x557ddc50ec81 <unknown>\n#11 0x557ddc529a5b <unknown>\n#12 0x557ddc4f5a50 <unknown>\n#13 0x557ddc54aaa8 <unknown>\n#14 0x557ddc54ac79 <unknown>\n#15 0x557ddc55c4f3 <unknown>\n#16 0x7fcd14c9caa4 <unknown>\n#17 0x7fcd14d29c6c <unknown>","time":{"start":1766887266867,"stop":1766887267118,"duration":251}},{"uid":"7591a6b96df3b090","reportUrl":"https://verafes.github.io/luma_project/626/#testresult/7591a6b96df3b090","status":"broken","statusDetails":"selenium.common.exceptions.NoSuchElementException: Message: no such element: Unable to locate element: {\"method\":\"css selector\",\"selector\":\".home-erin .content .info\"}\n  (Session info: chrome=143.0.7499.109); For documentation on this error, please visit: https://www.selenium.dev/documentation/webdriver/troubleshooting/errors#no-such-element-exception\nStacktrace:\n#0 0x55a78370f19a <unknown>\n#1 0x55a78318cc4b <unknown>\n#2 0x55a7831de318 <unknown>\n#3 0x55a7831de551 <unknown>\n#4 0x55a78322c764 <unknown>\n#5 0x55a783229bee <unknown>\n#6 0x55a7831d0c42 <unknown>\n#7 0x55a7831d18f1 <unknown>\n#8 0x55a7836d7f39 <unknown>\n#9 0x55a7836dae7d <unknown>\n#10 0x55a7836c0c81 <unknown>\n#11 0x55a7836dba5b <unknown>\n#12 0x55a7836a7a50 <unknown>\n#13 0x55a7836fcaa8 <unknown>\n#14 0x55a7836fcc79 <unknown>\n#15 0x55a78370e4f3 <unknown>\n#16 0x7f7662e9caa4 <unknown>\n#17 0x7f7662f29c6c <unknown>","time":{"start":1766281678144,"stop":1766281678364,"duration":220}},{"uid":"f1a8b5331a640e90","reportUrl":"https://verafes.github.io/luma_project/625/#testresult/f1a8b5331a640e90","status":"broken","statusDetails":"selenium.common.exceptions.NoSuchElementException: Message: no such element: Unable to locate element: {\"method\":\"css selector\",\"selector\":\".home-erin .content .info\"}\n  (Session info: chrome=143.0.7499.40); For documentation on this error, please visit: https://www.selenium.dev/documentation/webdriver/troubleshooting/errors#no-such-element-exception\nStacktrace:\n#0 0x5650f045e16a <unknown>\n#1 0x5650efedbc4b <unknown>\n#2 0x5650eff2d318 <unknown>\n#3 0x5650eff2d551 <unknown>\n#4 0x5650eff7b764 <unknown>\n#5 0x5650eff78bee <unknown>\n#6 0x5650eff1fc42 <unknown>\n#7 0x5650eff208f1 <unknown>\n#8 0x5650f0426f09 <unknown>\n#9 0x5650f0429e4d <unknown>\n#10 0x5650f040fc51 <unknown>\n#11 0x5650f042aa2b <unknown>\n#12 0x5650f03f6a20 <unknown>\n#13 0x5650f044ba78 <unknown>\n#14 0x5650f044bc49 <unknown>\n#15 0x5650f045d4c3 <unknown>\n#16 0x7fac13c9caa4 <unknown>\n#17 0x7fac13d29c6c <unknown>","time":{"start":1765676890582,"stop":1765676890815,"duration":233}},{"uid":"5396f79222eb0e1b","reportUrl":"https://verafes.github.io/luma_project/624/#testresult/5396f79222eb0e1b","status":"broken","statusDetails":"selenium.common.exceptions.NoSuchElementException: Message: no such element: Unable to locate element: {\"method\":\"css selector\",\"selector\":\".home-erin .content .info\"}\n  (Session info: chrome=142.0.7444.175); For documentation on this error, please visit: https://www.selenium.dev/documentation/webdriver/troubleshooting/errors#no-such-element-exception\nStacktrace:\n#0 0x55db6dd094ca <unknown>\n#1 0x55db6d757e4b <unknown>\n#2 0x55db6d7aa814 <unknown>\n#3 0x55db6d7aaa51 <unknown>\n#4 0x55db6d7f9a44 <unknown>\n#5 0x55db6d7f6df7 <unknown>\n#6 0x55db6d79cc2a <unknown>\n#7 0x55db6d79d931 <unknown>\n#8 0x55db6dccfcf9 <unknown>\n#9 0x55db6dcd2cdc <unknown>\n#10 0x55db6dcb8f79 <unknown>\n#11 0x55db6dcd38b5 <unknown>\n#12 0x55db6dca09c3 <unknown>\n#13 0x55db6dcf6228 <unknown>\n#14 0x55db6dcf6403 <unknown>\n#15 0x55db6dd08463 <unknown>\n#16 0x7f62dae9caa4 <unknown>\n#17 0x7f62daf29c6c <unknown>","time":{"start":1765072061074,"stop":1765072061239,"duration":165}},{"uid":"62a61674d413dbeb","reportUrl":"https://verafes.github.io/luma_project/623/#testresult/62a61674d413dbeb","status":"broken","statusDetails":"selenium.common.exceptions.NoSuchElementException: Message: no such element: Unable to locate element: {\"method\":\"css selector\",\"selector\":\".home-erin .content .info\"}\n  (Session info: chrome=142.0.7444.162); For documentation on this error, please visit: https://www.selenium.dev/documentation/webdriver/troubleshooting/errors#no-such-element-exception\nStacktrace:\n#0 0x555920bd832a <unknown>\n#1 0x555920624e4b <unknown>\n#2 0x55592067782b <unknown>\n#3 0x555920677a61 <unknown>\n#4 0x5559206c6a44 <unknown>\n#5 0x5559206c3df7 <unknown>\n#6 0x555920669c1a <unknown>\n#7 0x55592066a921 <unknown>\n#8 0x555920b9f239 <unknown>\n#9 0x555920ba21e8 <unknown>\n#10 0x555920b884c9 <unknown>\n#11 0x555920ba2db5 <unknown>\n#12 0x555920b6fe93 <unknown>\n#13 0x555920bc5098 <unknown>\n#14 0x555920bc5273 <unknown>\n#15 0x555920bd72c3 <unknown>\n#16 0x7f1d6849caa4 <unknown>\n#17 0x7f1d68529c6c <unknown>","time":{"start":1764467240097,"stop":1764467240243,"duration":146}},{"uid":"7328270ee98482d8","reportUrl":"https://verafes.github.io/luma_project/622/#testresult/7328270ee98482d8","status":"broken","statusDetails":"selenium.common.exceptions.NoSuchElementException: Message: no such element: Unable to locate element: {\"method\":\"css selector\",\"selector\":\".home-erin .content .info\"}\n  (Session info: chrome=142.0.7444.162); For documentation on this error, please visit: https://www.selenium.dev/documentation/webdriver/troubleshooting/errors#no-such-element-exception\nStacktrace:\n#0 0x55eb9737132a <unknown>\n#1 0x55eb96dbde4b <unknown>\n#2 0x55eb96e1082b <unknown>\n#3 0x55eb96e10a61 <unknown>\n#4 0x55eb96e5fa44 <unknown>\n#5 0x55eb96e5cdf7 <unknown>\n#6 0x55eb96e02c1a <unknown>\n#7 0x55eb96e03921 <unknown>\n#8 0x55eb97338239 <unknown>\n#9 0x55eb9733b1e8 <unknown>\n#10 0x55eb973214c9 <unknown>\n#11 0x55eb9733bdb5 <unknown>\n#12 0x55eb97308e93 <unknown>\n#13 0x55eb9735e098 <unknown>\n#14 0x55eb9735e273 <unknown>\n#15 0x55eb973702c3 <unknown>\n#16 0x7ff8ca69caa4 <unknown>\n#17 0x7ff8ca729c6c <unknown>","time":{"start":1763862493523,"stop":1763862493726,"duration":203}}]},"tags":[]},"source":"31481b9deae8734e.json","parameterValues":[]}