{"uid":"324377cb24023b84","name":"TC 01.03.19 correctness of the \"Jackets\" link of the \"Men\" section","fullName":"tests.test_header.TestHeader#test_tc_01_03_19_correctness_of_jackets_men_section_link","historyId":"964a2415d1a023875ce22f1921afa898","time":{"start":1768096553336,"stop":1768096558542,"duration":5206},"description":"Check 'Jackets' subsection link click in 'Men' section redirects to the Jackets-men page and         the 'Jackets' header is displayed","descriptionHtml":"<p>Check 'Jackets' subsection link click in 'Men' section redirects to the Jackets-men page and         the 'Jackets' header is displayed</p>\n","status":"broken","statusMessage":"selenium.common.exceptions.TimeoutException: Message: \nStacktrace:\n#0 0x55a72431561a <unknown>\n#1 0x55a723d9220b <unknown>\n#2 0x55a723de390f <unknown>\n#3 0x55a723de3b51 <unknown>\n#4 0x55a723e31d84 <unknown>\n#5 0x55a723e2f20e <unknown>\n#6 0x55a723dd6232 <unknown>\n#7 0x55a723dd6ee1 <unknown>\n#8 0x55a7242de3f9 <unknown>\n#9 0x55a7242e134d <unknown>\n#10 0x55a7242c7122 <unknown>\n#11 0x55a7242e1f2b <unknown>\n#12 0x55a7242adc30 <unknown>\n#13 0x55a724302d78 <unknown>\n#14 0x55a724302f4c <unknown>\n#15 0x55a724314973 <unknown>\n#16 0x7f76eae9caa4 <unknown>\n#17 0x7f76eaf29c6c <unknown>","statusTrace":"self = <test_header.TestHeader object at 0x7f81f0067810>\ndriver = <selenium.webdriver.chrome.webdriver.WebDriver (session=\"f2956b94ac443f6863ee42d23ae049b2\")>\n\n    @allure.title('TC 01.03.19 correctness of the \"Jackets\" link of the \"Men\" section')\n    def test_tc_01_03_19_correctness_of_jackets_men_section_link(self, driver):\n        \"\"\"Check 'Jackets' subsection link click in 'Men' section redirects to the Jackets-men page and \\\n        the 'Jackets' header is displayed\"\"\"\n        page = HeaderPage(driver, MAIN_PAGE_URL)\n        page.open()\n>       page.check_redirection_of_jackets_subsection_of_men_section_link()\n\ntests/test_header.py:351: \n_ _ _ _ _ _ _ _ _ _ _ _ _ _ _ _ _ _ _ _ _ _ _ _ _ _ _ _ _ _ _ _ _ _ _ _ _ _ _ _ \npages/header_page.py:265: in check_redirection_of_jackets_subsection_of_men_section_link\n    self.action_move_to_element(self.element_is_visible(self.header_locators.MEN_SECTION))\npages/base_page.py:30: in element_is_visible\n    self.go_to_element(self.element_is_present(locator))\npages/base_page.py:51: in element_is_present\n    return wait(self.driver, timeout).until(EC.presence_of_element_located(locator))\n_ _ _ _ _ _ _ _ _ _ _ _ _ _ _ _ _ _ _ _ _ _ _ _ _ _ _ _ _ _ _ _ _ _ _ _ _ _ _ _ \n\nself = <selenium.webdriver.support.wait.WebDriverWait (session=\"f2956b94ac443f6863ee42d23ae049b2\")>\nmethod = <function presence_of_element_located.<locals>._predicate at 0x7f81f1bee0c0>\nmessage = ''\n\n    def until(self, method, message: str = \"\"):\n        \"\"\"Calls the method provided with the driver as an argument until the \\\n        return value does not evaluate to ``False``.\n    \n        :param method: callable(WebDriver)\n        :param message: optional message for :exc:`TimeoutException`\n        :returns: the result of the last call to `method`\n        :raises: :exc:`selenium.common.exceptions.TimeoutException` if timeout occurs\n        \"\"\"\n        screen = None\n        stacktrace = None\n    \n        end_time = time.monotonic() + self._timeout\n        while True:\n            try:\n                value = method(self._driver)\n                if value:\n                    return value\n            except self._ignored_exceptions as exc:\n                screen = getattr(exc, \"screen\", None)\n                stacktrace = getattr(exc, \"stacktrace\", None)\n            time.sleep(self._poll)\n            if time.monotonic() > end_time:\n                break\n>       raise TimeoutException(message, screen, stacktrace)\nE       selenium.common.exceptions.TimeoutException: Message: \nE       Stacktrace:\nE       #0 0x55a72431561a <unknown>\nE       #1 0x55a723d9220b <unknown>\nE       #2 0x55a723de390f <unknown>\nE       #3 0x55a723de3b51 <unknown>\nE       #4 0x55a723e31d84 <unknown>\nE       #5 0x55a723e2f20e <unknown>\nE       #6 0x55a723dd6232 <unknown>\nE       #7 0x55a723dd6ee1 <unknown>\nE       #8 0x55a7242de3f9 <unknown>\nE       #9 0x55a7242e134d <unknown>\nE       #10 0x55a7242c7122 <unknown>\nE       #11 0x55a7242e1f2b <unknown>\nE       #12 0x55a7242adc30 <unknown>\nE       #13 0x55a724302d78 <unknown>\nE       #14 0x55a724302f4c <unknown>\nE       #15 0x55a724314973 <unknown>\nE       #16 0x7f76eae9caa4 <unknown>\nE       #17 0x7f76eaf29c6c <unknown>\n\n/opt/hostedtoolcache/Python/3.11.14/x64/lib/python3.11/site-packages/selenium/webdriver/support/wait.py:95: TimeoutException","flaky":false,"newFailed":false,"newBroken":false,"newPassed":false,"retriesCount":0,"retriesStatusChange":false,"beforeStages":[{"name":"_session_faker","time":{"start":1768095749510,"stop":1768095749573,"duration":63},"status":"passed","steps":[],"attachments":[],"parameters":[],"stepsCount":0,"shouldDisplayMessage":false,"attachmentsCount":0,"hasContent":false,"attachmentStep":false},{"name":"clear_allure_result_folder","time":{"start":1768095749573,"stop":1768095749573,"duration":0},"status":"passed","steps":[],"attachments":[],"parameters":[],"stepsCount":0,"shouldDisplayMessage":false,"attachmentsCount":0,"hasContent":false,"attachmentStep":false},{"name":"driver","time":{"start":1768096552172,"stop":1768096553335,"duration":1163},"status":"passed","steps":[],"attachments":[],"parameters":[],"stepsCount":0,"shouldDisplayMessage":false,"attachmentsCount":0,"hasContent":false,"attachmentStep":false}],"testStage":{"description":"Check 'Jackets' subsection link click in 'Men' section redirects to the Jackets-men page and         the 'Jackets' header is displayed","status":"broken","statusMessage":"selenium.common.exceptions.TimeoutException: Message: \nStacktrace:\n#0 0x55a72431561a <unknown>\n#1 0x55a723d9220b <unknown>\n#2 0x55a723de390f <unknown>\n#3 0x55a723de3b51 <unknown>\n#4 0x55a723e31d84 <unknown>\n#5 0x55a723e2f20e <unknown>\n#6 0x55a723dd6232 <unknown>\n#7 0x55a723dd6ee1 <unknown>\n#8 0x55a7242de3f9 <unknown>\n#9 0x55a7242e134d <unknown>\n#10 0x55a7242c7122 <unknown>\n#11 0x55a7242e1f2b <unknown>\n#12 0x55a7242adc30 <unknown>\n#13 0x55a724302d78 <unknown>\n#14 0x55a724302f4c <unknown>\n#15 0x55a724314973 <unknown>\n#16 0x7f76eae9caa4 <unknown>\n#17 0x7f76eaf29c6c <unknown>","statusTrace":"self = <test_header.TestHeader object at 0x7f81f0067810>\ndriver = <selenium.webdriver.chrome.webdriver.WebDriver (session=\"f2956b94ac443f6863ee42d23ae049b2\")>\n\n    @allure.title('TC 01.03.19 correctness of the \"Jackets\" link of the \"Men\" section')\n    def test_tc_01_03_19_correctness_of_jackets_men_section_link(self, driver):\n        \"\"\"Check 'Jackets' subsection link click in 'Men' section redirects to the Jackets-men page and \\\n        the 'Jackets' header is displayed\"\"\"\n        page = HeaderPage(driver, MAIN_PAGE_URL)\n        page.open()\n>       page.check_redirection_of_jackets_subsection_of_men_section_link()\n\ntests/test_header.py:351: \n_ _ _ _ _ _ _ _ _ _ _ _ _ _ _ _ _ _ _ _ _ _ _ _ _ _ _ _ _ _ _ _ _ _ _ _ _ _ _ _ \npages/header_page.py:265: in check_redirection_of_jackets_subsection_of_men_section_link\n    self.action_move_to_element(self.element_is_visible(self.header_locators.MEN_SECTION))\npages/base_page.py:30: in element_is_visible\n    self.go_to_element(self.element_is_present(locator))\npages/base_page.py:51: in element_is_present\n    return wait(self.driver, timeout).until(EC.presence_of_element_located(locator))\n_ _ _ _ _ _ _ _ _ _ _ _ _ _ _ _ _ _ _ _ _ _ _ _ _ _ _ _ _ _ _ _ _ _ _ _ _ _ _ _ \n\nself = <selenium.webdriver.support.wait.WebDriverWait (session=\"f2956b94ac443f6863ee42d23ae049b2\")>\nmethod = <function presence_of_element_located.<locals>._predicate at 0x7f81f1bee0c0>\nmessage = ''\n\n    def until(self, method, message: str = \"\"):\n        \"\"\"Calls the method provided with the driver as an argument until the \\\n        return value does not evaluate to ``False``.\n    \n        :param method: callable(WebDriver)\n        :param message: optional message for :exc:`TimeoutException`\n        :returns: the result of the last call to `method`\n        :raises: :exc:`selenium.common.exceptions.TimeoutException` if timeout occurs\n        \"\"\"\n        screen = None\n        stacktrace = None\n    \n        end_time = time.monotonic() + self._timeout\n        while True:\n            try:\n                value = method(self._driver)\n                if value:\n                    return value\n            except self._ignored_exceptions as exc:\n                screen = getattr(exc, \"screen\", None)\n                stacktrace = getattr(exc, \"stacktrace\", None)\n            time.sleep(self._poll)\n            if time.monotonic() > end_time:\n                break\n>       raise TimeoutException(message, screen, stacktrace)\nE       selenium.common.exceptions.TimeoutException: Message: \nE       Stacktrace:\nE       #0 0x55a72431561a <unknown>\nE       #1 0x55a723d9220b <unknown>\nE       #2 0x55a723de390f <unknown>\nE       #3 0x55a723de3b51 <unknown>\nE       #4 0x55a723e31d84 <unknown>\nE       #5 0x55a723e2f20e <unknown>\nE       #6 0x55a723dd6232 <unknown>\nE       #7 0x55a723dd6ee1 <unknown>\nE       #8 0x55a7242de3f9 <unknown>\nE       #9 0x55a7242e134d <unknown>\nE       #10 0x55a7242c7122 <unknown>\nE       #11 0x55a7242e1f2b <unknown>\nE       #12 0x55a7242adc30 <unknown>\nE       #13 0x55a724302d78 <unknown>\nE       #14 0x55a724302f4c <unknown>\nE       #15 0x55a724314973 <unknown>\nE       #16 0x7f76eae9caa4 <unknown>\nE       #17 0x7f76eaf29c6c <unknown>\n\n/opt/hostedtoolcache/Python/3.11.14/x64/lib/python3.11/site-packages/selenium/webdriver/support/wait.py:95: TimeoutException","steps":[{"name":"Open a browser","time":{"start":1768096553336,"stop":1768096553440,"duration":104},"status":"passed","steps":[],"attachments":[],"parameters":[],"stepsCount":0,"shouldDisplayMessage":false,"attachmentsCount":0,"hasContent":false,"attachmentStep":false},{"name":"Check redirection of the \"Jackets\" subsection of \"Men\" section link","time":{"start":1768096553440,"stop":1768096558542,"duration":5102},"status":"broken","statusMessage":"selenium.common.exceptions.TimeoutException: Message: \nStacktrace:\n#0 0x55a72431561a <unknown>\n#1 0x55a723d9220b <unknown>\n#2 0x55a723de390f <unknown>\n#3 0x55a723de3b51 <unknown>\n#4 0x55a723e31d84 <unknown>\n#5 0x55a723e2f20e <unknown>\n#6 0x55a723dd6232 <unknown>\n#7 0x55a723dd6ee1 <unknown>\n#8 0x55a7242de3f9 <unknown>\n#9 0x55a7242e134d <unknown>\n#10 0x55a7242c7122 <unknown>\n#11 0x55a7242e1f2b <unknown>\n#12 0x55a7242adc30 <unknown>\n#13 0x55a724302d78 <unknown>\n#14 0x55a724302f4c <unknown>\n#15 0x55a724314973 <unknown>\n#16 0x7f76eae9caa4 <unknown>\n#17 0x7f76eaf29c6c <unknown>\n\n","statusTrace":"  File \"/opt/hostedtoolcache/Python/3.11.14/x64/lib/python3.11/site-packages/allure_commons/_allure.py\", line 192, in impl\n    return func(*a, **kw)\n           ^^^^^^^^^^^^^^\n  File \"/home/runner/work/luma_project/luma_project/pages/header_page.py\", line 265, in check_redirection_of_jackets_subsection_of_men_section_link\n    self.action_move_to_element(self.element_is_visible(self.header_locators.MEN_SECTION))\n                                ^^^^^^^^^^^^^^^^^^^^^^^^^^^^^^^^^^^^^^^^^^^^^^^^^^^^^^^^^\n  File \"/opt/hostedtoolcache/Python/3.11.14/x64/lib/python3.11/site-packages/allure_commons/_allure.py\", line 192, in impl\n    return func(*a, **kw)\n           ^^^^^^^^^^^^^^\n  File \"/home/runner/work/luma_project/luma_project/pages/base_page.py\", line 30, in element_is_visible\n    self.go_to_element(self.element_is_present(locator))\n                       ^^^^^^^^^^^^^^^^^^^^^^^^^^^^^^^^\n  File \"/opt/hostedtoolcache/Python/3.11.14/x64/lib/python3.11/site-packages/allure_commons/_allure.py\", line 192, in impl\n    return func(*a, **kw)\n           ^^^^^^^^^^^^^^\n  File \"/home/runner/work/luma_project/luma_project/pages/base_page.py\", line 51, in element_is_present\n    return wait(self.driver, timeout).until(EC.presence_of_element_located(locator))\n           ^^^^^^^^^^^^^^^^^^^^^^^^^^^^^^^^^^^^^^^^^^^^^^^^^^^^^^^^^^^^^^^^^^^^^^^^^\n  File \"/opt/hostedtoolcache/Python/3.11.14/x64/lib/python3.11/site-packages/selenium/webdriver/support/wait.py\", line 95, in until\n    raise TimeoutException(message, screen, stacktrace)\n","steps":[{"name":"Find a visible element","time":{"start":1768096553440,"stop":1768096558541,"duration":5101},"status":"broken","statusMessage":"selenium.common.exceptions.TimeoutException: Message: \nStacktrace:\n#0 0x55a72431561a <unknown>\n#1 0x55a723d9220b <unknown>\n#2 0x55a723de390f <unknown>\n#3 0x55a723de3b51 <unknown>\n#4 0x55a723e31d84 <unknown>\n#5 0x55a723e2f20e <unknown>\n#6 0x55a723dd6232 <unknown>\n#7 0x55a723dd6ee1 <unknown>\n#8 0x55a7242de3f9 <unknown>\n#9 0x55a7242e134d <unknown>\n#10 0x55a7242c7122 <unknown>\n#11 0x55a7242e1f2b <unknown>\n#12 0x55a7242adc30 <unknown>\n#13 0x55a724302d78 <unknown>\n#14 0x55a724302f4c <unknown>\n#15 0x55a724314973 <unknown>\n#16 0x7f76eae9caa4 <unknown>\n#17 0x7f76eaf29c6c <unknown>\n\n","statusTrace":"  File \"/opt/hostedtoolcache/Python/3.11.14/x64/lib/python3.11/site-packages/allure_commons/_allure.py\", line 192, in impl\n    return func(*a, **kw)\n           ^^^^^^^^^^^^^^\n  File \"/home/runner/work/luma_project/luma_project/pages/base_page.py\", line 30, in element_is_visible\n    self.go_to_element(self.element_is_present(locator))\n                       ^^^^^^^^^^^^^^^^^^^^^^^^^^^^^^^^\n  File \"/opt/hostedtoolcache/Python/3.11.14/x64/lib/python3.11/site-packages/allure_commons/_allure.py\", line 192, in impl\n    return func(*a, **kw)\n           ^^^^^^^^^^^^^^\n  File \"/home/runner/work/luma_project/luma_project/pages/base_page.py\", line 51, in element_is_present\n    return wait(self.driver, timeout).until(EC.presence_of_element_located(locator))\n           ^^^^^^^^^^^^^^^^^^^^^^^^^^^^^^^^^^^^^^^^^^^^^^^^^^^^^^^^^^^^^^^^^^^^^^^^^\n  File \"/opt/hostedtoolcache/Python/3.11.14/x64/lib/python3.11/site-packages/selenium/webdriver/support/wait.py\", line 95, in until\n    raise TimeoutException(message, screen, stacktrace)\n","steps":[{"name":"Find a present element","time":{"start":1768096553441,"stop":1768096558541,"duration":5100},"status":"broken","statusMessage":"selenium.common.exceptions.TimeoutException: Message: \nStacktrace:\n#0 0x55a72431561a <unknown>\n#1 0x55a723d9220b <unknown>\n#2 0x55a723de390f <unknown>\n#3 0x55a723de3b51 <unknown>\n#4 0x55a723e31d84 <unknown>\n#5 0x55a723e2f20e <unknown>\n#6 0x55a723dd6232 <unknown>\n#7 0x55a723dd6ee1 <unknown>\n#8 0x55a7242de3f9 <unknown>\n#9 0x55a7242e134d <unknown>\n#10 0x55a7242c7122 <unknown>\n#11 0x55a7242e1f2b <unknown>\n#12 0x55a7242adc30 <unknown>\n#13 0x55a724302d78 <unknown>\n#14 0x55a724302f4c <unknown>\n#15 0x55a724314973 <unknown>\n#16 0x7f76eae9caa4 <unknown>\n#17 0x7f76eaf29c6c <unknown>\n\n","statusTrace":"  File \"/opt/hostedtoolcache/Python/3.11.14/x64/lib/python3.11/site-packages/allure_commons/_allure.py\", line 192, in impl\n    return func(*a, **kw)\n           ^^^^^^^^^^^^^^\n  File \"/home/runner/work/luma_project/luma_project/pages/base_page.py\", line 51, in element_is_present\n    return wait(self.driver, timeout).until(EC.presence_of_element_located(locator))\n           ^^^^^^^^^^^^^^^^^^^^^^^^^^^^^^^^^^^^^^^^^^^^^^^^^^^^^^^^^^^^^^^^^^^^^^^^^\n  File \"/opt/hostedtoolcache/Python/3.11.14/x64/lib/python3.11/site-packages/selenium/webdriver/support/wait.py\", line 95, in until\n    raise TimeoutException(message, screen, stacktrace)\n","steps":[],"attachments":[],"parameters":[{"name":"locator","value":"('id', 'ui-id-5')"},{"name":"timeout","value":"5"}],"stepsCount":0,"shouldDisplayMessage":true,"attachmentsCount":0,"hasContent":true,"attachmentStep":false}],"attachments":[],"parameters":[{"name":"locator","value":"('id', 'ui-id-5')"},{"name":"timeout","value":"10"}],"stepsCount":1,"shouldDisplayMessage":false,"attachmentsCount":0,"hasContent":true,"attachmentStep":false}],"attachments":[],"parameters":[],"stepsCount":2,"shouldDisplayMessage":false,"attachmentsCount":0,"hasContent":true,"attachmentStep":false}],"attachments":[{"uid":"ced0753b472b0f92","name":"Screenshot","source":"ced0753b472b0f92.png","type":"image/png","size":96082},{"uid":"7f97fcd58f15c5b4","name":"HTML source","source":"7f97fcd58f15c5b4.html","type":"text/html","size":7068}],"parameters":[],"stepsCount":4,"shouldDisplayMessage":true,"attachmentsCount":2,"hasContent":true,"attachmentStep":false},"afterStages":[{"name":"driver::0","time":{"start":1768096558625,"stop":1768096558685,"duration":60},"status":"passed","steps":[],"attachments":[],"parameters":[],"stepsCount":0,"shouldDisplayMessage":false,"attachmentsCount":0,"hasContent":false,"attachmentStep":false},{"name":"clear_allure_result_folder::0","time":{"start":1768098093213,"stop":1768098093213,"duration":0},"status":"passed","steps":[],"attachments":[],"parameters":[],"stepsCount":0,"shouldDisplayMessage":false,"attachmentsCount":0,"hasContent":false,"attachmentStep":false}],"labels":[{"name":"epic","value":"Test Header"},{"name":"parentSuite","value":"tests"},{"name":"suite","value":"test_header"},{"name":"subSuite","value":"TestHeader"},{"name":"host","value":"runnervmi13qx"},{"name":"thread","value":"2982-MainThread"},{"name":"framework","value":"pytest"},{"name":"language","value":"cpython3"},{"name":"package","value":"tests.test_header"},{"name":"resultFormat","value":"allure2"}],"parameters":[],"links":[],"hidden":false,"retry":false,"extra":{"severity":"normal","retries":[],"categories":[{"name":"Test defects","matchedStatuses":[],"flaky":false}],"history":{"statistic":{"failed":0,"broken":8,"skipped":0,"passed":0,"unknown":0,"total":8},"items":[{"uid":"e97380327fabcc","reportUrl":"https://verafes.github.io/luma_project/628/#testresult/e97380327fabcc","status":"broken","statusDetails":"selenium.common.exceptions.TimeoutException: Message: \nStacktrace:\n#0 0x55ac2a56d19a <unknown>\n#1 0x55ac29feac4b <unknown>\n#2 0x55ac2a03c318 <unknown>\n#3 0x55ac2a03c551 <unknown>\n#4 0x55ac2a08a764 <unknown>\n#5 0x55ac2a087bee <unknown>\n#6 0x55ac2a02ec42 <unknown>\n#7 0x55ac2a02f8f1 <unknown>\n#8 0x55ac2a535f39 <unknown>\n#9 0x55ac2a538e7d <unknown>\n#10 0x55ac2a51ec81 <unknown>\n#11 0x55ac2a539a5b <unknown>\n#12 0x55ac2a505a50 <unknown>\n#13 0x55ac2a55aaa8 <unknown>\n#14 0x55ac2a55ac79 <unknown>\n#15 0x55ac2a56c4f3 <unknown>\n#16 0x7fbc0ae9caa4 <unknown>\n#17 0x7fbc0af29c6c <unknown>","time":{"start":1767491759577,"stop":1767491764852,"duration":5275}},{"uid":"f902c3446ae51c1e","reportUrl":"https://verafes.github.io/luma_project/627/#testresult/f902c3446ae51c1e","status":"broken","statusDetails":"selenium.common.exceptions.TimeoutException: Message: \nStacktrace:\n#0 0x55fc72be419a <unknown>\n#1 0x55fc72661c4b <unknown>\n#2 0x55fc726b3318 <unknown>\n#3 0x55fc726b3551 <unknown>\n#4 0x55fc72701764 <unknown>\n#5 0x55fc726febee <unknown>\n#6 0x55fc726a5c42 <unknown>\n#7 0x55fc726a68f1 <unknown>\n#8 0x55fc72bacf39 <unknown>\n#9 0x55fc72bafe7d <unknown>\n#10 0x55fc72b95c81 <unknown>\n#11 0x55fc72bb0a5b <unknown>\n#12 0x55fc72b7ca50 <unknown>\n#13 0x55fc72bd1aa8 <unknown>\n#14 0x55fc72bd1c79 <unknown>\n#15 0x55fc72be34f3 <unknown>\n#16 0x7f2dc5a9caa4 <unknown>\n#17 0x7f2dc5b29c6c <unknown>","time":{"start":1766886915366,"stop":1766886920703,"duration":5337}},{"uid":"586bc117de72c2da","reportUrl":"https://verafes.github.io/luma_project/626/#testresult/586bc117de72c2da","status":"broken","statusDetails":"selenium.common.exceptions.TimeoutException: Message: \nStacktrace:\n#0 0x5567ee6fc19a <unknown>\n#1 0x5567ee179c4b <unknown>\n#2 0x5567ee1cb318 <unknown>\n#3 0x5567ee1cb551 <unknown>\n#4 0x5567ee219764 <unknown>\n#5 0x5567ee216bee <unknown>\n#6 0x5567ee1bdc42 <unknown>\n#7 0x5567ee1be8f1 <unknown>\n#8 0x5567ee6c4f39 <unknown>\n#9 0x5567ee6c7e7d <unknown>\n#10 0x5567ee6adc81 <unknown>\n#11 0x5567ee6c8a5b <unknown>\n#12 0x5567ee694a50 <unknown>\n#13 0x5567ee6e9aa8 <unknown>\n#14 0x5567ee6e9c79 <unknown>\n#15 0x5567ee6fb4f3 <unknown>\n#16 0x7f527209caa4 <unknown>\n#17 0x7f5272129c6c <unknown>","time":{"start":1766281328724,"stop":1766281334033,"duration":5309}},{"uid":"d50345997b6201e9","reportUrl":"https://verafes.github.io/luma_project/625/#testresult/d50345997b6201e9","status":"broken","statusDetails":"selenium.common.exceptions.TimeoutException: Message: \nStacktrace:\n#0 0x558f8c10f16a <unknown>\n#1 0x558f8bb8cc4b <unknown>\n#2 0x558f8bbde318 <unknown>\n#3 0x558f8bbde551 <unknown>\n#4 0x558f8bc2c764 <unknown>\n#5 0x558f8bc29bee <unknown>\n#6 0x558f8bbd0c42 <unknown>\n#7 0x558f8bbd18f1 <unknown>\n#8 0x558f8c0d7f09 <unknown>\n#9 0x558f8c0dae4d <unknown>\n#10 0x558f8c0c0c51 <unknown>\n#11 0x558f8c0dba2b <unknown>\n#12 0x558f8c0a7a20 <unknown>\n#13 0x558f8c0fca78 <unknown>\n#14 0x558f8c0fcc49 <unknown>\n#15 0x558f8c10e4c3 <unknown>\n#16 0x7fde3a09caa4 <unknown>\n#17 0x7fde3a129c6c <unknown>","time":{"start":1765676540164,"stop":1765676545484,"duration":5320}},{"uid":"ebd43d084c326c3","reportUrl":"https://verafes.github.io/luma_project/624/#testresult/ebd43d084c326c3","status":"broken","statusDetails":"selenium.common.exceptions.TimeoutException: Message: \nStacktrace:\n#0 0x5607ae3b84ca <unknown>\n#1 0x5607ade06e4b <unknown>\n#2 0x5607ade59814 <unknown>\n#3 0x5607ade59a51 <unknown>\n#4 0x5607adea8a44 <unknown>\n#5 0x5607adea5df7 <unknown>\n#6 0x5607ade4bc2a <unknown>\n#7 0x5607ade4c931 <unknown>\n#8 0x5607ae37ecf9 <unknown>\n#9 0x5607ae381cdc <unknown>\n#10 0x5607ae367f79 <unknown>\n#11 0x5607ae3828b5 <unknown>\n#12 0x5607ae34f9c3 <unknown>\n#13 0x5607ae3a5228 <unknown>\n#14 0x5607ae3a5403 <unknown>\n#15 0x5607ae3b7463 <unknown>\n#16 0x7fdd20c9caa4 <unknown>\n#17 0x7fdd20d29c6c <unknown>","time":{"start":1765071710525,"stop":1765071715756,"duration":5231}},{"uid":"f48336785ea30a0b","reportUrl":"https://verafes.github.io/luma_project/623/#testresult/f48336785ea30a0b","status":"broken","statusDetails":"selenium.common.exceptions.TimeoutException: Message: \nStacktrace:\n#0 0x55c9d101132a <unknown>\n#1 0x55c9d0a5de4b <unknown>\n#2 0x55c9d0ab082b <unknown>\n#3 0x55c9d0ab0a61 <unknown>\n#4 0x55c9d0affa44 <unknown>\n#5 0x55c9d0afcdf7 <unknown>\n#6 0x55c9d0aa2c1a <unknown>\n#7 0x55c9d0aa3921 <unknown>\n#8 0x55c9d0fd8239 <unknown>\n#9 0x55c9d0fdb1e8 <unknown>\n#10 0x55c9d0fc14c9 <unknown>\n#11 0x55c9d0fdbdb5 <unknown>\n#12 0x55c9d0fa8e93 <unknown>\n#13 0x55c9d0ffe098 <unknown>\n#14 0x55c9d0ffe273 <unknown>\n#15 0x55c9d10102c3 <unknown>\n#16 0x7ffb8289caa4 <unknown>\n#17 0x7ffb82929c6c <unknown>","time":{"start":1764466889344,"stop":1764466894605,"duration":5261}},{"uid":"bf35f10df951be5b","reportUrl":"https://verafes.github.io/luma_project/622/#testresult/bf35f10df951be5b","status":"broken","statusDetails":"selenium.common.exceptions.TimeoutException: Message: \nStacktrace:\n#0 0x55d17557332a <unknown>\n#1 0x55d174fbfe4b <unknown>\n#2 0x55d17501282b <unknown>\n#3 0x55d175012a61 <unknown>\n#4 0x55d175061a44 <unknown>\n#5 0x55d17505edf7 <unknown>\n#6 0x55d175004c1a <unknown>\n#7 0x55d175005921 <unknown>\n#8 0x55d17553a239 <unknown>\n#9 0x55d17553d1e8 <unknown>\n#10 0x55d1755234c9 <unknown>\n#11 0x55d17553ddb5 <unknown>\n#12 0x55d17550ae93 <unknown>\n#13 0x55d175560098 <unknown>\n#14 0x55d175560273 <unknown>\n#15 0x55d1755722c3 <unknown>\n#16 0x7f941f69caa4 <unknown>\n#17 0x7f941f729c6c <unknown>","time":{"start":1763862141555,"stop":1763862146812,"duration":5257}}]},"tags":[]},"source":"324377cb24023b84.json","parameterValues":[]}