{"uid":"6622c620c53f9e59","name":"TC 03.01.22 Verify Create an Account button link","fullName":"tests.test_sign_in.TestNewCustomers#test_03_01_22_create_an_account_button_link","historyId":"c184dc04e83c2d7071307c6b6f6c03eb","time":{"start":1768097826614,"stop":1768097831720,"duration":5106},"description":"Check if 'Create an Account' button has correct link and is clickable","descriptionHtml":"<p>Check if 'Create an Account' button has correct link and is clickable</p>\n","status":"broken","statusMessage":"selenium.common.exceptions.TimeoutException: Message: \nStacktrace:\n#0 0x563c7c29261a <unknown>\n#1 0x563c7bd0f20b <unknown>\n#2 0x563c7bd6090f <unknown>\n#3 0x563c7bd60b51 <unknown>\n#4 0x563c7bdaed84 <unknown>\n#5 0x563c7bdac20e <unknown>\n#6 0x563c7bd53232 <unknown>\n#7 0x563c7bd53ee1 <unknown>\n#8 0x563c7c25b3f9 <unknown>\n#9 0x563c7c25e34d <unknown>\n#10 0x563c7c244122 <unknown>\n#11 0x563c7c25ef2b <unknown>\n#12 0x563c7c22ac30 <unknown>\n#13 0x563c7c27fd78 <unknown>\n#14 0x563c7c27ff4c <unknown>\n#15 0x563c7c291973 <unknown>\n#16 0x7f1195c9caa4 <unknown>\n#17 0x7f1195d29c6c <unknown>","statusTrace":"self = <test_sign_in.TestNewCustomers object at 0x7f81efff9390>\ndriver = <selenium.webdriver.chrome.webdriver.WebDriver (session=\"fa6bea581719f522a77984625f9a4b68\")>\nsign_in_page = <pages.sign_in_page.SignInPage object at 0x7f81f1af0890>\n\n    @allure.title('TC 03.01.22 Verify Create an Account button link')\n    @allure.severity(allure.severity_level.BLOCKER)\n    def test_03_01_22_create_an_account_button_link(self, driver, sign_in_page):\n        \"\"\"Check if 'Create an Account' button has correct link and is clickable\"\"\"\n>       button = sign_in_page.check_create_an_account_button()\n\ntests/test_sign_in.py:209: \n_ _ _ _ _ _ _ _ _ _ _ _ _ _ _ _ _ _ _ _ _ _ _ _ _ _ _ _ _ _ _ _ _ _ _ _ _ _ _ _ \npages/sign_in_page.py:138: in check_create_an_account_button\n    return self.element_is_visible(self.locators.CREATE_ACCOUNT_BUTTON)\npages/base_page.py:30: in element_is_visible\n    self.go_to_element(self.element_is_present(locator))\npages/base_page.py:51: in element_is_present\n    return wait(self.driver, timeout).until(EC.presence_of_element_located(locator))\n_ _ _ _ _ _ _ _ _ _ _ _ _ _ _ _ _ _ _ _ _ _ _ _ _ _ _ _ _ _ _ _ _ _ _ _ _ _ _ _ \n\nself = <selenium.webdriver.support.wait.WebDriverWait (session=\"fa6bea581719f522a77984625f9a4b68\")>\nmethod = <function presence_of_element_located.<locals>._predicate at 0x7f81f15b28e0>\nmessage = ''\n\n    def until(self, method, message: str = \"\"):\n        \"\"\"Calls the method provided with the driver as an argument until the \\\n        return value does not evaluate to ``False``.\n    \n        :param method: callable(WebDriver)\n        :param message: optional message for :exc:`TimeoutException`\n        :returns: the result of the last call to `method`\n        :raises: :exc:`selenium.common.exceptions.TimeoutException` if timeout occurs\n        \"\"\"\n        screen = None\n        stacktrace = None\n    \n        end_time = time.monotonic() + self._timeout\n        while True:\n            try:\n                value = method(self._driver)\n                if value:\n                    return value\n            except self._ignored_exceptions as exc:\n                screen = getattr(exc, \"screen\", None)\n                stacktrace = getattr(exc, \"stacktrace\", None)\n            time.sleep(self._poll)\n            if time.monotonic() > end_time:\n                break\n>       raise TimeoutException(message, screen, stacktrace)\nE       selenium.common.exceptions.TimeoutException: Message: \nE       Stacktrace:\nE       #0 0x563c7c29261a <unknown>\nE       #1 0x563c7bd0f20b <unknown>\nE       #2 0x563c7bd6090f <unknown>\nE       #3 0x563c7bd60b51 <unknown>\nE       #4 0x563c7bdaed84 <unknown>\nE       #5 0x563c7bdac20e <unknown>\nE       #6 0x563c7bd53232 <unknown>\nE       #7 0x563c7bd53ee1 <unknown>\nE       #8 0x563c7c25b3f9 <unknown>\nE       #9 0x563c7c25e34d <unknown>\nE       #10 0x563c7c244122 <unknown>\nE       #11 0x563c7c25ef2b <unknown>\nE       #12 0x563c7c22ac30 <unknown>\nE       #13 0x563c7c27fd78 <unknown>\nE       #14 0x563c7c27ff4c <unknown>\nE       #15 0x563c7c291973 <unknown>\nE       #16 0x7f1195c9caa4 <unknown>\nE       #17 0x7f1195d29c6c <unknown>\n\n/opt/hostedtoolcache/Python/3.11.14/x64/lib/python3.11/site-packages/selenium/webdriver/support/wait.py:95: TimeoutException","flaky":false,"newFailed":false,"newBroken":false,"newPassed":false,"retriesCount":0,"retriesStatusChange":false,"beforeStages":[{"name":"_session_faker","time":{"start":1768095749510,"stop":1768095749573,"duration":63},"status":"passed","steps":[],"attachments":[],"parameters":[],"stepsCount":0,"shouldDisplayMessage":false,"attachmentsCount":0,"hasContent":false,"attachmentStep":false},{"name":"clear_allure_result_folder","time":{"start":1768095749573,"stop":1768095749573,"duration":0},"status":"passed","steps":[],"attachments":[],"parameters":[],"stepsCount":0,"shouldDisplayMessage":false,"attachmentsCount":0,"hasContent":false,"attachmentStep":false},{"name":"driver","time":{"start":1768097825365,"stop":1768097826527,"duration":1162},"status":"passed","steps":[],"attachments":[],"parameters":[],"stepsCount":0,"shouldDisplayMessage":false,"attachmentsCount":0,"hasContent":false,"attachmentStep":false},{"name":"sign_in_page","time":{"start":1768097826527,"stop":1768097826613,"duration":86},"status":"passed","steps":[{"name":"Open a browser","time":{"start":1768097826527,"stop":1768097826613,"duration":86},"status":"passed","steps":[],"attachments":[],"parameters":[],"stepsCount":0,"shouldDisplayMessage":false,"attachmentsCount":0,"hasContent":false,"attachmentStep":false}],"attachments":[],"parameters":[],"stepsCount":1,"shouldDisplayMessage":false,"attachmentsCount":0,"hasContent":true,"attachmentStep":false}],"testStage":{"description":"Check if 'Create an Account' button has correct link and is clickable","status":"broken","statusMessage":"selenium.common.exceptions.TimeoutException: Message: \nStacktrace:\n#0 0x563c7c29261a <unknown>\n#1 0x563c7bd0f20b <unknown>\n#2 0x563c7bd6090f <unknown>\n#3 0x563c7bd60b51 <unknown>\n#4 0x563c7bdaed84 <unknown>\n#5 0x563c7bdac20e <unknown>\n#6 0x563c7bd53232 <unknown>\n#7 0x563c7bd53ee1 <unknown>\n#8 0x563c7c25b3f9 <unknown>\n#9 0x563c7c25e34d <unknown>\n#10 0x563c7c244122 <unknown>\n#11 0x563c7c25ef2b <unknown>\n#12 0x563c7c22ac30 <unknown>\n#13 0x563c7c27fd78 <unknown>\n#14 0x563c7c27ff4c <unknown>\n#15 0x563c7c291973 <unknown>\n#16 0x7f1195c9caa4 <unknown>\n#17 0x7f1195d29c6c <unknown>","statusTrace":"self = <test_sign_in.TestNewCustomers object at 0x7f81efff9390>\ndriver = <selenium.webdriver.chrome.webdriver.WebDriver (session=\"fa6bea581719f522a77984625f9a4b68\")>\nsign_in_page = <pages.sign_in_page.SignInPage object at 0x7f81f1af0890>\n\n    @allure.title('TC 03.01.22 Verify Create an Account button link')\n    @allure.severity(allure.severity_level.BLOCKER)\n    def test_03_01_22_create_an_account_button_link(self, driver, sign_in_page):\n        \"\"\"Check if 'Create an Account' button has correct link and is clickable\"\"\"\n>       button = sign_in_page.check_create_an_account_button()\n\ntests/test_sign_in.py:209: \n_ _ _ _ _ _ _ _ _ _ _ _ _ _ _ _ _ _ _ _ _ _ _ _ _ _ _ _ _ _ _ _ _ _ _ _ _ _ _ _ \npages/sign_in_page.py:138: in check_create_an_account_button\n    return self.element_is_visible(self.locators.CREATE_ACCOUNT_BUTTON)\npages/base_page.py:30: in element_is_visible\n    self.go_to_element(self.element_is_present(locator))\npages/base_page.py:51: in element_is_present\n    return wait(self.driver, timeout).until(EC.presence_of_element_located(locator))\n_ _ _ _ _ _ _ _ _ _ _ _ _ _ _ _ _ _ _ _ _ _ _ _ _ _ _ _ _ _ _ _ _ _ _ _ _ _ _ _ \n\nself = <selenium.webdriver.support.wait.WebDriverWait (session=\"fa6bea581719f522a77984625f9a4b68\")>\nmethod = <function presence_of_element_located.<locals>._predicate at 0x7f81f15b28e0>\nmessage = ''\n\n    def until(self, method, message: str = \"\"):\n        \"\"\"Calls the method provided with the driver as an argument until the \\\n        return value does not evaluate to ``False``.\n    \n        :param method: callable(WebDriver)\n        :param message: optional message for :exc:`TimeoutException`\n        :returns: the result of the last call to `method`\n        :raises: :exc:`selenium.common.exceptions.TimeoutException` if timeout occurs\n        \"\"\"\n        screen = None\n        stacktrace = None\n    \n        end_time = time.monotonic() + self._timeout\n        while True:\n            try:\n                value = method(self._driver)\n                if value:\n                    return value\n            except self._ignored_exceptions as exc:\n                screen = getattr(exc, \"screen\", None)\n                stacktrace = getattr(exc, \"stacktrace\", None)\n            time.sleep(self._poll)\n            if time.monotonic() > end_time:\n                break\n>       raise TimeoutException(message, screen, stacktrace)\nE       selenium.common.exceptions.TimeoutException: Message: \nE       Stacktrace:\nE       #0 0x563c7c29261a <unknown>\nE       #1 0x563c7bd0f20b <unknown>\nE       #2 0x563c7bd6090f <unknown>\nE       #3 0x563c7bd60b51 <unknown>\nE       #4 0x563c7bdaed84 <unknown>\nE       #5 0x563c7bdac20e <unknown>\nE       #6 0x563c7bd53232 <unknown>\nE       #7 0x563c7bd53ee1 <unknown>\nE       #8 0x563c7c25b3f9 <unknown>\nE       #9 0x563c7c25e34d <unknown>\nE       #10 0x563c7c244122 <unknown>\nE       #11 0x563c7c25ef2b <unknown>\nE       #12 0x563c7c22ac30 <unknown>\nE       #13 0x563c7c27fd78 <unknown>\nE       #14 0x563c7c27ff4c <unknown>\nE       #15 0x563c7c291973 <unknown>\nE       #16 0x7f1195c9caa4 <unknown>\nE       #17 0x7f1195d29c6c <unknown>\n\n/opt/hostedtoolcache/Python/3.11.14/x64/lib/python3.11/site-packages/selenium/webdriver/support/wait.py:95: TimeoutException","steps":[{"name":"Check Create an Account button is visible","time":{"start":1768097826614,"stop":1768097831719,"duration":5105},"status":"broken","statusMessage":"selenium.common.exceptions.TimeoutException: Message: \nStacktrace:\n#0 0x563c7c29261a <unknown>\n#1 0x563c7bd0f20b <unknown>\n#2 0x563c7bd6090f <unknown>\n#3 0x563c7bd60b51 <unknown>\n#4 0x563c7bdaed84 <unknown>\n#5 0x563c7bdac20e <unknown>\n#6 0x563c7bd53232 <unknown>\n#7 0x563c7bd53ee1 <unknown>\n#8 0x563c7c25b3f9 <unknown>\n#9 0x563c7c25e34d <unknown>\n#10 0x563c7c244122 <unknown>\n#11 0x563c7c25ef2b <unknown>\n#12 0x563c7c22ac30 <unknown>\n#13 0x563c7c27fd78 <unknown>\n#14 0x563c7c27ff4c <unknown>\n#15 0x563c7c291973 <unknown>\n#16 0x7f1195c9caa4 <unknown>\n#17 0x7f1195d29c6c <unknown>\n\n","statusTrace":"  File \"/opt/hostedtoolcache/Python/3.11.14/x64/lib/python3.11/site-packages/allure_commons/_allure.py\", line 192, in impl\n    return func(*a, **kw)\n           ^^^^^^^^^^^^^^\n  File \"/home/runner/work/luma_project/luma_project/pages/sign_in_page.py\", line 138, in check_create_an_account_button\n    return self.element_is_visible(self.locators.CREATE_ACCOUNT_BUTTON)\n           ^^^^^^^^^^^^^^^^^^^^^^^^^^^^^^^^^^^^^^^^^^^^^^^^^^^^^^^^^^^^\n  File \"/opt/hostedtoolcache/Python/3.11.14/x64/lib/python3.11/site-packages/allure_commons/_allure.py\", line 192, in impl\n    return func(*a, **kw)\n           ^^^^^^^^^^^^^^\n  File \"/home/runner/work/luma_project/luma_project/pages/base_page.py\", line 30, in element_is_visible\n    self.go_to_element(self.element_is_present(locator))\n                       ^^^^^^^^^^^^^^^^^^^^^^^^^^^^^^^^\n  File \"/opt/hostedtoolcache/Python/3.11.14/x64/lib/python3.11/site-packages/allure_commons/_allure.py\", line 192, in impl\n    return func(*a, **kw)\n           ^^^^^^^^^^^^^^\n  File \"/home/runner/work/luma_project/luma_project/pages/base_page.py\", line 51, in element_is_present\n    return wait(self.driver, timeout).until(EC.presence_of_element_located(locator))\n           ^^^^^^^^^^^^^^^^^^^^^^^^^^^^^^^^^^^^^^^^^^^^^^^^^^^^^^^^^^^^^^^^^^^^^^^^^\n  File \"/opt/hostedtoolcache/Python/3.11.14/x64/lib/python3.11/site-packages/selenium/webdriver/support/wait.py\", line 95, in until\n    raise TimeoutException(message, screen, stacktrace)\n","steps":[{"name":"Find a visible element","time":{"start":1768097826614,"stop":1768097831719,"duration":5105},"status":"broken","statusMessage":"selenium.common.exceptions.TimeoutException: Message: \nStacktrace:\n#0 0x563c7c29261a <unknown>\n#1 0x563c7bd0f20b <unknown>\n#2 0x563c7bd6090f <unknown>\n#3 0x563c7bd60b51 <unknown>\n#4 0x563c7bdaed84 <unknown>\n#5 0x563c7bdac20e <unknown>\n#6 0x563c7bd53232 <unknown>\n#7 0x563c7bd53ee1 <unknown>\n#8 0x563c7c25b3f9 <unknown>\n#9 0x563c7c25e34d <unknown>\n#10 0x563c7c244122 <unknown>\n#11 0x563c7c25ef2b <unknown>\n#12 0x563c7c22ac30 <unknown>\n#13 0x563c7c27fd78 <unknown>\n#14 0x563c7c27ff4c <unknown>\n#15 0x563c7c291973 <unknown>\n#16 0x7f1195c9caa4 <unknown>\n#17 0x7f1195d29c6c <unknown>\n\n","statusTrace":"  File \"/opt/hostedtoolcache/Python/3.11.14/x64/lib/python3.11/site-packages/allure_commons/_allure.py\", line 192, in impl\n    return func(*a, **kw)\n           ^^^^^^^^^^^^^^\n  File \"/home/runner/work/luma_project/luma_project/pages/base_page.py\", line 30, in element_is_visible\n    self.go_to_element(self.element_is_present(locator))\n                       ^^^^^^^^^^^^^^^^^^^^^^^^^^^^^^^^\n  File \"/opt/hostedtoolcache/Python/3.11.14/x64/lib/python3.11/site-packages/allure_commons/_allure.py\", line 192, in impl\n    return func(*a, **kw)\n           ^^^^^^^^^^^^^^\n  File \"/home/runner/work/luma_project/luma_project/pages/base_page.py\", line 51, in element_is_present\n    return wait(self.driver, timeout).until(EC.presence_of_element_located(locator))\n           ^^^^^^^^^^^^^^^^^^^^^^^^^^^^^^^^^^^^^^^^^^^^^^^^^^^^^^^^^^^^^^^^^^^^^^^^^\n  File \"/opt/hostedtoolcache/Python/3.11.14/x64/lib/python3.11/site-packages/selenium/webdriver/support/wait.py\", line 95, in until\n    raise TimeoutException(message, screen, stacktrace)\n","steps":[{"name":"Find a present element","time":{"start":1768097826614,"stop":1768097831718,"duration":5104},"status":"broken","statusMessage":"selenium.common.exceptions.TimeoutException: Message: \nStacktrace:\n#0 0x563c7c29261a <unknown>\n#1 0x563c7bd0f20b <unknown>\n#2 0x563c7bd6090f <unknown>\n#3 0x563c7bd60b51 <unknown>\n#4 0x563c7bdaed84 <unknown>\n#5 0x563c7bdac20e <unknown>\n#6 0x563c7bd53232 <unknown>\n#7 0x563c7bd53ee1 <unknown>\n#8 0x563c7c25b3f9 <unknown>\n#9 0x563c7c25e34d <unknown>\n#10 0x563c7c244122 <unknown>\n#11 0x563c7c25ef2b <unknown>\n#12 0x563c7c22ac30 <unknown>\n#13 0x563c7c27fd78 <unknown>\n#14 0x563c7c27ff4c <unknown>\n#15 0x563c7c291973 <unknown>\n#16 0x7f1195c9caa4 <unknown>\n#17 0x7f1195d29c6c <unknown>\n\n","statusTrace":"  File \"/opt/hostedtoolcache/Python/3.11.14/x64/lib/python3.11/site-packages/allure_commons/_allure.py\", line 192, in impl\n    return func(*a, **kw)\n           ^^^^^^^^^^^^^^\n  File \"/home/runner/work/luma_project/luma_project/pages/base_page.py\", line 51, in element_is_present\n    return wait(self.driver, timeout).until(EC.presence_of_element_located(locator))\n           ^^^^^^^^^^^^^^^^^^^^^^^^^^^^^^^^^^^^^^^^^^^^^^^^^^^^^^^^^^^^^^^^^^^^^^^^^\n  File \"/opt/hostedtoolcache/Python/3.11.14/x64/lib/python3.11/site-packages/selenium/webdriver/support/wait.py\", line 95, in until\n    raise TimeoutException(message, screen, stacktrace)\n","steps":[],"attachments":[],"parameters":[{"name":"locator","value":"('css selector', '.action.create.primary')"},{"name":"timeout","value":"5"}],"stepsCount":0,"shouldDisplayMessage":true,"attachmentsCount":0,"hasContent":true,"attachmentStep":false}],"attachments":[],"parameters":[{"name":"locator","value":"('css selector', '.action.create.primary')"},{"name":"timeout","value":"10"}],"stepsCount":1,"shouldDisplayMessage":false,"attachmentsCount":0,"hasContent":true,"attachmentStep":false}],"attachments":[],"parameters":[],"stepsCount":2,"shouldDisplayMessage":false,"attachmentsCount":0,"hasContent":true,"attachmentStep":false}],"attachments":[{"uid":"19779501555b896a","name":"Screenshot","source":"19779501555b896a.png","type":"image/png","size":95812},{"uid":"6b15f0ef3e174f8a","name":"HTML source","source":"6b15f0ef3e174f8a.html","type":"text/html","size":7068}],"parameters":[],"stepsCount":3,"shouldDisplayMessage":true,"attachmentsCount":2,"hasContent":true,"attachmentStep":false},"afterStages":[{"name":"driver::0","time":{"start":1768097831801,"stop":1768097831861,"duration":60},"status":"passed","steps":[],"attachments":[],"parameters":[],"stepsCount":0,"shouldDisplayMessage":false,"attachmentsCount":0,"hasContent":false,"attachmentStep":false},{"name":"clear_allure_result_folder::0","time":{"start":1768098093213,"stop":1768098093213,"duration":0},"status":"passed","steps":[],"attachments":[],"parameters":[],"stepsCount":0,"shouldDisplayMessage":false,"attachmentsCount":0,"hasContent":false,"attachmentStep":false}],"labels":[{"name":"severity","value":"blocker"},{"name":"feature","value":"New Customers"},{"name":"parentSuite","value":"tests"},{"name":"suite","value":"test_sign_in"},{"name":"subSuite","value":"TestNewCustomers"},{"name":"host","value":"runnervmi13qx"},{"name":"thread","value":"2982-MainThread"},{"name":"framework","value":"pytest"},{"name":"language","value":"cpython3"},{"name":"package","value":"tests.test_sign_in"},{"name":"resultFormat","value":"allure2"}],"parameters":[],"links":[],"hidden":false,"retry":false,"extra":{"severity":"blocker","retries":[],"categories":[{"name":"Test defects","matchedStatuses":[],"flaky":false}],"history":{"statistic":{"failed":0,"broken":8,"skipped":0,"passed":0,"unknown":0,"total":8},"items":[{"uid":"dd2b3c38996b003a","reportUrl":"https://verafes.github.io/luma_project/628/#testresult/dd2b3c38996b003a","status":"broken","statusDetails":"selenium.common.exceptions.TimeoutException: Message: \nStacktrace:\n#0 0x55b0762b719a <unknown>\n#1 0x55b075d34c4b <unknown>\n#2 0x55b075d86318 <unknown>\n#3 0x55b075d86551 <unknown>\n#4 0x55b075dd4764 <unknown>\n#5 0x55b075dd1bee <unknown>\n#6 0x55b075d78c42 <unknown>\n#7 0x55b075d798f1 <unknown>\n#8 0x55b07627ff39 <unknown>\n#9 0x55b076282e7d <unknown>\n#10 0x55b076268c81 <unknown>\n#11 0x55b076283a5b <unknown>\n#12 0x55b07624fa50 <unknown>\n#13 0x55b0762a4aa8 <unknown>\n#14 0x55b0762a4c79 <unknown>\n#15 0x55b0762b64f3 <unknown>\n#16 0x7fb807c9caa4 <unknown>\n#17 0x7fb807d29c6c <unknown>","time":{"start":1767493065272,"stop":1767493070372,"duration":5100}},{"uid":"dc77bd5b6d7b0f2e","reportUrl":"https://verafes.github.io/luma_project/627/#testresult/dc77bd5b6d7b0f2e","status":"broken","statusDetails":"selenium.common.exceptions.TimeoutException: Message: \nStacktrace:\n#0 0x561e7fe2f19a <unknown>\n#1 0x561e7f8acc4b <unknown>\n#2 0x561e7f8fe318 <unknown>\n#3 0x561e7f8fe551 <unknown>\n#4 0x561e7f94c764 <unknown>\n#5 0x561e7f949bee <unknown>\n#6 0x561e7f8f0c42 <unknown>\n#7 0x561e7f8f18f1 <unknown>\n#8 0x561e7fdf7f39 <unknown>\n#9 0x561e7fdfae7d <unknown>\n#10 0x561e7fde0c81 <unknown>\n#11 0x561e7fdfba5b <unknown>\n#12 0x561e7fdc7a50 <unknown>\n#13 0x561e7fe1caa8 <unknown>\n#14 0x561e7fe1cc79 <unknown>\n#15 0x561e7fe2e4f3 <unknown>\n#16 0x7f2a5fa9caa4 <unknown>\n#17 0x7f2a5fb29c6c <unknown>","time":{"start":1766888216332,"stop":1766888221440,"duration":5108}},{"uid":"2aaab69c0a87340a","reportUrl":"https://verafes.github.io/luma_project/626/#testresult/2aaab69c0a87340a","status":"broken","statusDetails":"selenium.common.exceptions.TimeoutException: Message: \nStacktrace:\n#0 0x5579bbf1419a <unknown>\n#1 0x5579bb991c4b <unknown>\n#2 0x5579bb9e3318 <unknown>\n#3 0x5579bb9e3551 <unknown>\n#4 0x5579bba31764 <unknown>\n#5 0x5579bba2ebee <unknown>\n#6 0x5579bb9d5c42 <unknown>\n#7 0x5579bb9d68f1 <unknown>\n#8 0x5579bbedcf39 <unknown>\n#9 0x5579bbedfe7d <unknown>\n#10 0x5579bbec5c81 <unknown>\n#11 0x5579bbee0a5b <unknown>\n#12 0x5579bbeaca50 <unknown>\n#13 0x5579bbf01aa8 <unknown>\n#14 0x5579bbf01c79 <unknown>\n#15 0x5579bbf134f3 <unknown>\n#16 0x7f8a8789caa4 <unknown>\n#17 0x7f8a87929c6c <unknown>","time":{"start":1766282623974,"stop":1766282629080,"duration":5106}},{"uid":"6871fb08155ca0c3","reportUrl":"https://verafes.github.io/luma_project/625/#testresult/6871fb08155ca0c3","status":"broken","statusDetails":"selenium.common.exceptions.TimeoutException: Message: \nStacktrace:\n#0 0x56056f27b16a <unknown>\n#1 0x56056ecf8c4b <unknown>\n#2 0x56056ed4a318 <unknown>\n#3 0x56056ed4a551 <unknown>\n#4 0x56056ed98764 <unknown>\n#5 0x56056ed95bee <unknown>\n#6 0x56056ed3cc42 <unknown>\n#7 0x56056ed3d8f1 <unknown>\n#8 0x56056f243f09 <unknown>\n#9 0x56056f246e4d <unknown>\n#10 0x56056f22cc51 <unknown>\n#11 0x56056f247a2b <unknown>\n#12 0x56056f213a20 <unknown>\n#13 0x56056f268a78 <unknown>\n#14 0x56056f268c49 <unknown>\n#15 0x56056f27a4c3 <unknown>\n#16 0x7f10f869caa4 <unknown>\n#17 0x7f10f8729c6c <unknown>","time":{"start":1765677840740,"stop":1765677845844,"duration":5104}},{"uid":"96b9823520aef9be","reportUrl":"https://verafes.github.io/luma_project/624/#testresult/96b9823520aef9be","status":"broken","statusDetails":"selenium.common.exceptions.TimeoutException: Message: \nStacktrace:\n#0 0x5613fd1134ca <unknown>\n#1 0x5613fcb61e4b <unknown>\n#2 0x5613fcbb4814 <unknown>\n#3 0x5613fcbb4a51 <unknown>\n#4 0x5613fcc03a44 <unknown>\n#5 0x5613fcc00df7 <unknown>\n#6 0x5613fcba6c2a <unknown>\n#7 0x5613fcba7931 <unknown>\n#8 0x5613fd0d9cf9 <unknown>\n#9 0x5613fd0dccdc <unknown>\n#10 0x5613fd0c2f79 <unknown>\n#11 0x5613fd0dd8b5 <unknown>\n#12 0x5613fd0aa9c3 <unknown>\n#13 0x5613fd100228 <unknown>\n#14 0x5613fd100403 <unknown>\n#15 0x5613fd112463 <unknown>\n#16 0x7f403869caa4 <unknown>\n#17 0x7f4038729c6c <unknown>","time":{"start":1765073011640,"stop":1765073016750,"duration":5110}},{"uid":"cb18af37e843b214","reportUrl":"https://verafes.github.io/luma_project/623/#testresult/cb18af37e843b214","status":"broken","statusDetails":"selenium.common.exceptions.TimeoutException: Message: \nStacktrace:\n#0 0x558272f0332a <unknown>\n#1 0x55827294fe4b <unknown>\n#2 0x5582729a282b <unknown>\n#3 0x5582729a2a61 <unknown>\n#4 0x5582729f1a44 <unknown>\n#5 0x5582729eedf7 <unknown>\n#6 0x558272994c1a <unknown>\n#7 0x558272995921 <unknown>\n#8 0x558272eca239 <unknown>\n#9 0x558272ecd1e8 <unknown>\n#10 0x558272eb34c9 <unknown>\n#11 0x558272ecddb5 <unknown>\n#12 0x558272e9ae93 <unknown>\n#13 0x558272ef0098 <unknown>\n#14 0x558272ef0273 <unknown>\n#15 0x558272f022c3 <unknown>\n#16 0x7f444a49caa4 <unknown>\n#17 0x7f444a529c6c <unknown>","time":{"start":1764468190095,"stop":1764468195201,"duration":5106}},{"uid":"f6c4e369e10cd411","reportUrl":"https://verafes.github.io/luma_project/622/#testresult/f6c4e369e10cd411","status":"broken","statusDetails":"selenium.common.exceptions.TimeoutException: Message: \nStacktrace:\n#0 0x55f9e831b32a <unknown>\n#1 0x55f9e7d67e4b <unknown>\n#2 0x55f9e7dba82b <unknown>\n#3 0x55f9e7dbaa61 <unknown>\n#4 0x55f9e7e09a44 <unknown>\n#5 0x55f9e7e06df7 <unknown>\n#6 0x55f9e7dacc1a <unknown>\n#7 0x55f9e7dad921 <unknown>\n#8 0x55f9e82e2239 <unknown>\n#9 0x55f9e82e51e8 <unknown>\n#10 0x55f9e82cb4c9 <unknown>\n#11 0x55f9e82e5db5 <unknown>\n#12 0x55f9e82b2e93 <unknown>\n#13 0x55f9e8308098 <unknown>\n#14 0x55f9e8308273 <unknown>\n#15 0x55f9e831a2c3 <unknown>\n#16 0x7f782589caa4 <unknown>\n#17 0x7f7825929c6c <unknown>","time":{"start":1763863447398,"stop":1763863452504,"duration":5106}}]},"tags":[]},"source":"6622c620c53f9e59.json","parameterValues":[]}