{"uid":"3293053f1c0e28b1","name":"TC 16.01.04 Verify Sidebar panel title Video Download contains URL","fullName":"tests.test_training.TestTrainingSidebar#test_tc_16_01_04_check_sidebar_video_download_href","historyId":"69bc77377bfb7f9cf10d6cd1bc9abf8a","time":{"start":1767493230661,"stop":1767493235760,"duration":5099},"description":"Check Sidebar Video Download contains URL","descriptionHtml":"<p>Check Sidebar Video Download contains URL</p>\n","status":"broken","statusMessage":"selenium.common.exceptions.TimeoutException: Message: \nStacktrace:\n#0 0x55e77219119a <unknown>\n#1 0x55e771c0ec4b <unknown>\n#2 0x55e771c60318 <unknown>\n#3 0x55e771c60551 <unknown>\n#4 0x55e771cae764 <unknown>\n#5 0x55e771cabbee <unknown>\n#6 0x55e771c52c42 <unknown>\n#7 0x55e771c538f1 <unknown>\n#8 0x55e772159f39 <unknown>\n#9 0x55e77215ce7d <unknown>\n#10 0x55e772142c81 <unknown>\n#11 0x55e77215da5b <unknown>\n#12 0x55e772129a50 <unknown>\n#13 0x55e77217eaa8 <unknown>\n#14 0x55e77217ec79 <unknown>\n#15 0x55e7721904f3 <unknown>\n#16 0x7f254a29caa4 <unknown>\n#17 0x7f254a329c6c <unknown>","statusTrace":"self = <test_training.TestMainPage.TestTrainingSidebar object at 0x7fa602adc910>\ntraining_page = <pages.training_page.TrainingPage object at 0x7fa601f91410>\n\n    @allure.title(\"TC 16.01.04 Verify Sidebar panel title Video Download contains URL\")\n    def test_tc_16_01_04_check_sidebar_video_download_href(self, training_page):\n        \"\"\"Check Sidebar Video Download contains URL\"\"\"\n>       href = training_page.check_sidebar_panel_video_download_href()\n\ntests/test_training.py:42: \n_ _ _ _ _ _ _ _ _ _ _ _ _ _ _ _ _ _ _ _ _ _ _ _ _ _ _ _ _ _ _ _ _ _ _ _ _ _ _ _ \npages/training_page.py:35: in check_sidebar_panel_video_download_href\n    video_download = self.element_is_visible(self.locators.VIDEO_DOWNLOAD)\npages/base_page.py:30: in element_is_visible\n    self.go_to_element(self.element_is_present(locator))\npages/base_page.py:51: in element_is_present\n    return wait(self.driver, timeout).until(EC.presence_of_element_located(locator))\n_ _ _ _ _ _ _ _ _ _ _ _ _ _ _ _ _ _ _ _ _ _ _ _ _ _ _ _ _ _ _ _ _ _ _ _ _ _ _ _ \n\nself = <selenium.webdriver.support.wait.WebDriverWait (session=\"005f764208051e9b40dce40e39f53917\")>\nmethod = <function presence_of_element_located.<locals>._predicate at 0x7fa6020714e0>\nmessage = ''\n\n    def until(self, method, message: str = \"\"):\n        \"\"\"Calls the method provided with the driver as an argument until the \\\n        return value does not evaluate to ``False``.\n    \n        :param method: callable(WebDriver)\n        :param message: optional message for :exc:`TimeoutException`\n        :returns: the result of the last call to `method`\n        :raises: :exc:`selenium.common.exceptions.TimeoutException` if timeout occurs\n        \"\"\"\n        screen = None\n        stacktrace = None\n    \n        end_time = time.monotonic() + self._timeout\n        while True:\n            try:\n                value = method(self._driver)\n                if value:\n                    return value\n            except self._ignored_exceptions as exc:\n                screen = getattr(exc, \"screen\", None)\n                stacktrace = getattr(exc, \"stacktrace\", None)\n            time.sleep(self._poll)\n            if time.monotonic() > end_time:\n                break\n>       raise TimeoutException(message, screen, stacktrace)\nE       selenium.common.exceptions.TimeoutException: Message: \nE       Stacktrace:\nE       #0 0x55e77219119a <unknown>\nE       #1 0x55e771c0ec4b <unknown>\nE       #2 0x55e771c60318 <unknown>\nE       #3 0x55e771c60551 <unknown>\nE       #4 0x55e771cae764 <unknown>\nE       #5 0x55e771cabbee <unknown>\nE       #6 0x55e771c52c42 <unknown>\nE       #7 0x55e771c538f1 <unknown>\nE       #8 0x55e772159f39 <unknown>\nE       #9 0x55e77215ce7d <unknown>\nE       #10 0x55e772142c81 <unknown>\nE       #11 0x55e77215da5b <unknown>\nE       #12 0x55e772129a50 <unknown>\nE       #13 0x55e77217eaa8 <unknown>\nE       #14 0x55e77217ec79 <unknown>\nE       #15 0x55e7721904f3 <unknown>\nE       #16 0x7f254a29caa4 <unknown>\nE       #17 0x7f254a329c6c <unknown>\n\n/opt/hostedtoolcache/Python/3.11.14/x64/lib/python3.11/site-packages/selenium/webdriver/support/wait.py:95: TimeoutException","flaky":false,"newFailed":false,"newBroken":false,"newPassed":false,"retriesCount":0,"retriesStatusChange":false,"beforeStages":[{"name":"_session_faker","time":{"start":1767490944639,"stop":1767490944700,"duration":61},"status":"passed","steps":[],"attachments":[],"parameters":[],"stepsCount":0,"shouldDisplayMessage":false,"attachmentsCount":0,"hasContent":false,"attachmentStep":false},{"name":"clear_allure_result_folder","time":{"start":1767490944701,"stop":1767490944701,"duration":0},"status":"passed","steps":[],"attachments":[],"parameters":[],"stepsCount":0,"shouldDisplayMessage":false,"attachmentsCount":0,"hasContent":false,"attachmentStep":false},{"name":"driver","time":{"start":1767493228774,"stop":1767493229946,"duration":1172},"status":"passed","steps":[],"attachments":[],"parameters":[],"stepsCount":0,"shouldDisplayMessage":false,"attachmentsCount":0,"hasContent":false,"attachmentStep":false},{"name":"training_page","time":{"start":1767493229946,"stop":1767493230661,"duration":715},"status":"passed","steps":[{"name":"Open a browser","time":{"start":1767493229946,"stop":1767493230661,"duration":715},"status":"passed","steps":[],"attachments":[],"parameters":[],"stepsCount":0,"shouldDisplayMessage":false,"attachmentsCount":0,"hasContent":false,"attachmentStep":false}],"attachments":[],"parameters":[],"stepsCount":1,"shouldDisplayMessage":false,"attachmentsCount":0,"hasContent":true,"attachmentStep":false}],"testStage":{"description":"Check Sidebar Video Download contains URL","status":"broken","statusMessage":"selenium.common.exceptions.TimeoutException: Message: \nStacktrace:\n#0 0x55e77219119a <unknown>\n#1 0x55e771c0ec4b <unknown>\n#2 0x55e771c60318 <unknown>\n#3 0x55e771c60551 <unknown>\n#4 0x55e771cae764 <unknown>\n#5 0x55e771cabbee <unknown>\n#6 0x55e771c52c42 <unknown>\n#7 0x55e771c538f1 <unknown>\n#8 0x55e772159f39 <unknown>\n#9 0x55e77215ce7d <unknown>\n#10 0x55e772142c81 <unknown>\n#11 0x55e77215da5b <unknown>\n#12 0x55e772129a50 <unknown>\n#13 0x55e77217eaa8 <unknown>\n#14 0x55e77217ec79 <unknown>\n#15 0x55e7721904f3 <unknown>\n#16 0x7f254a29caa4 <unknown>\n#17 0x7f254a329c6c <unknown>","statusTrace":"self = <test_training.TestMainPage.TestTrainingSidebar object at 0x7fa602adc910>\ntraining_page = <pages.training_page.TrainingPage object at 0x7fa601f91410>\n\n    @allure.title(\"TC 16.01.04 Verify Sidebar panel title Video Download contains URL\")\n    def test_tc_16_01_04_check_sidebar_video_download_href(self, training_page):\n        \"\"\"Check Sidebar Video Download contains URL\"\"\"\n>       href = training_page.check_sidebar_panel_video_download_href()\n\ntests/test_training.py:42: \n_ _ _ _ _ _ _ _ _ _ _ _ _ _ _ _ _ _ _ _ _ _ _ _ _ _ _ _ _ _ _ _ _ _ _ _ _ _ _ _ \npages/training_page.py:35: in check_sidebar_panel_video_download_href\n    video_download = self.element_is_visible(self.locators.VIDEO_DOWNLOAD)\npages/base_page.py:30: in element_is_visible\n    self.go_to_element(self.element_is_present(locator))\npages/base_page.py:51: in element_is_present\n    return wait(self.driver, timeout).until(EC.presence_of_element_located(locator))\n_ _ _ _ _ _ _ _ _ _ _ _ _ _ _ _ _ _ _ _ _ _ _ _ _ _ _ _ _ _ _ _ _ _ _ _ _ _ _ _ \n\nself = <selenium.webdriver.support.wait.WebDriverWait (session=\"005f764208051e9b40dce40e39f53917\")>\nmethod = <function presence_of_element_located.<locals>._predicate at 0x7fa6020714e0>\nmessage = ''\n\n    def until(self, method, message: str = \"\"):\n        \"\"\"Calls the method provided with the driver as an argument until the \\\n        return value does not evaluate to ``False``.\n    \n        :param method: callable(WebDriver)\n        :param message: optional message for :exc:`TimeoutException`\n        :returns: the result of the last call to `method`\n        :raises: :exc:`selenium.common.exceptions.TimeoutException` if timeout occurs\n        \"\"\"\n        screen = None\n        stacktrace = None\n    \n        end_time = time.monotonic() + self._timeout\n        while True:\n            try:\n                value = method(self._driver)\n                if value:\n                    return value\n            except self._ignored_exceptions as exc:\n                screen = getattr(exc, \"screen\", None)\n                stacktrace = getattr(exc, \"stacktrace\", None)\n            time.sleep(self._poll)\n            if time.monotonic() > end_time:\n                break\n>       raise TimeoutException(message, screen, stacktrace)\nE       selenium.common.exceptions.TimeoutException: Message: \nE       Stacktrace:\nE       #0 0x55e77219119a <unknown>\nE       #1 0x55e771c0ec4b <unknown>\nE       #2 0x55e771c60318 <unknown>\nE       #3 0x55e771c60551 <unknown>\nE       #4 0x55e771cae764 <unknown>\nE       #5 0x55e771cabbee <unknown>\nE       #6 0x55e771c52c42 <unknown>\nE       #7 0x55e771c538f1 <unknown>\nE       #8 0x55e772159f39 <unknown>\nE       #9 0x55e77215ce7d <unknown>\nE       #10 0x55e772142c81 <unknown>\nE       #11 0x55e77215da5b <unknown>\nE       #12 0x55e772129a50 <unknown>\nE       #13 0x55e77217eaa8 <unknown>\nE       #14 0x55e77217ec79 <unknown>\nE       #15 0x55e7721904f3 <unknown>\nE       #16 0x7f254a29caa4 <unknown>\nE       #17 0x7f254a329c6c <unknown>\n\n/opt/hostedtoolcache/Python/3.11.14/x64/lib/python3.11/site-packages/selenium/webdriver/support/wait.py:95: TimeoutException","steps":[{"name":"Check the Sidebar Video Download is visible and contains URL","time":{"start":1767493230662,"stop":1767493235759,"duration":5097},"status":"broken","statusMessage":"selenium.common.exceptions.TimeoutException: Message: \nStacktrace:\n#0 0x55e77219119a <unknown>\n#1 0x55e771c0ec4b <unknown>\n#2 0x55e771c60318 <unknown>\n#3 0x55e771c60551 <unknown>\n#4 0x55e771cae764 <unknown>\n#5 0x55e771cabbee <unknown>\n#6 0x55e771c52c42 <unknown>\n#7 0x55e771c538f1 <unknown>\n#8 0x55e772159f39 <unknown>\n#9 0x55e77215ce7d <unknown>\n#10 0x55e772142c81 <unknown>\n#11 0x55e77215da5b <unknown>\n#12 0x55e772129a50 <unknown>\n#13 0x55e77217eaa8 <unknown>\n#14 0x55e77217ec79 <unknown>\n#15 0x55e7721904f3 <unknown>\n#16 0x7f254a29caa4 <unknown>\n#17 0x7f254a329c6c <unknown>\n\n","statusTrace":"  File \"/opt/hostedtoolcache/Python/3.11.14/x64/lib/python3.11/site-packages/allure_commons/_allure.py\", line 192, in impl\n    return func(*a, **kw)\n           ^^^^^^^^^^^^^^\n  File \"/home/runner/work/luma_project/luma_project/pages/training_page.py\", line 35, in check_sidebar_panel_video_download_href\n    video_download = self.element_is_visible(self.locators.VIDEO_DOWNLOAD)\n                     ^^^^^^^^^^^^^^^^^^^^^^^^^^^^^^^^^^^^^^^^^^^^^^^^^^^^^\n  File \"/opt/hostedtoolcache/Python/3.11.14/x64/lib/python3.11/site-packages/allure_commons/_allure.py\", line 192, in impl\n    return func(*a, **kw)\n           ^^^^^^^^^^^^^^\n  File \"/home/runner/work/luma_project/luma_project/pages/base_page.py\", line 30, in element_is_visible\n    self.go_to_element(self.element_is_present(locator))\n                       ^^^^^^^^^^^^^^^^^^^^^^^^^^^^^^^^\n  File \"/opt/hostedtoolcache/Python/3.11.14/x64/lib/python3.11/site-packages/allure_commons/_allure.py\", line 192, in impl\n    return func(*a, **kw)\n           ^^^^^^^^^^^^^^\n  File \"/home/runner/work/luma_project/luma_project/pages/base_page.py\", line 51, in element_is_present\n    return wait(self.driver, timeout).until(EC.presence_of_element_located(locator))\n           ^^^^^^^^^^^^^^^^^^^^^^^^^^^^^^^^^^^^^^^^^^^^^^^^^^^^^^^^^^^^^^^^^^^^^^^^^\n  File \"/opt/hostedtoolcache/Python/3.11.14/x64/lib/python3.11/site-packages/selenium/webdriver/support/wait.py\", line 95, in until\n    raise TimeoutException(message, screen, stacktrace)\n","steps":[{"name":"Find a visible element","time":{"start":1767493230662,"stop":1767493235759,"duration":5097},"status":"broken","statusMessage":"selenium.common.exceptions.TimeoutException: Message: \nStacktrace:\n#0 0x55e77219119a <unknown>\n#1 0x55e771c0ec4b <unknown>\n#2 0x55e771c60318 <unknown>\n#3 0x55e771c60551 <unknown>\n#4 0x55e771cae764 <unknown>\n#5 0x55e771cabbee <unknown>\n#6 0x55e771c52c42 <unknown>\n#7 0x55e771c538f1 <unknown>\n#8 0x55e772159f39 <unknown>\n#9 0x55e77215ce7d <unknown>\n#10 0x55e772142c81 <unknown>\n#11 0x55e77215da5b <unknown>\n#12 0x55e772129a50 <unknown>\n#13 0x55e77217eaa8 <unknown>\n#14 0x55e77217ec79 <unknown>\n#15 0x55e7721904f3 <unknown>\n#16 0x7f254a29caa4 <unknown>\n#17 0x7f254a329c6c <unknown>\n\n","statusTrace":"  File \"/opt/hostedtoolcache/Python/3.11.14/x64/lib/python3.11/site-packages/allure_commons/_allure.py\", line 192, in impl\n    return func(*a, **kw)\n           ^^^^^^^^^^^^^^\n  File \"/home/runner/work/luma_project/luma_project/pages/base_page.py\", line 30, in element_is_visible\n    self.go_to_element(self.element_is_present(locator))\n                       ^^^^^^^^^^^^^^^^^^^^^^^^^^^^^^^^\n  File \"/opt/hostedtoolcache/Python/3.11.14/x64/lib/python3.11/site-packages/allure_commons/_allure.py\", line 192, in impl\n    return func(*a, **kw)\n           ^^^^^^^^^^^^^^\n  File \"/home/runner/work/luma_project/luma_project/pages/base_page.py\", line 51, in element_is_present\n    return wait(self.driver, timeout).until(EC.presence_of_element_located(locator))\n           ^^^^^^^^^^^^^^^^^^^^^^^^^^^^^^^^^^^^^^^^^^^^^^^^^^^^^^^^^^^^^^^^^^^^^^^^^\n  File \"/opt/hostedtoolcache/Python/3.11.14/x64/lib/python3.11/site-packages/selenium/webdriver/support/wait.py\", line 95, in until\n    raise TimeoutException(message, screen, stacktrace)\n","steps":[{"name":"Find a present element","time":{"start":1767493230662,"stop":1767493235759,"duration":5097},"status":"broken","statusMessage":"selenium.common.exceptions.TimeoutException: Message: \nStacktrace:\n#0 0x55e77219119a <unknown>\n#1 0x55e771c0ec4b <unknown>\n#2 0x55e771c60318 <unknown>\n#3 0x55e771c60551 <unknown>\n#4 0x55e771cae764 <unknown>\n#5 0x55e771cabbee <unknown>\n#6 0x55e771c52c42 <unknown>\n#7 0x55e771c538f1 <unknown>\n#8 0x55e772159f39 <unknown>\n#9 0x55e77215ce7d <unknown>\n#10 0x55e772142c81 <unknown>\n#11 0x55e77215da5b <unknown>\n#12 0x55e772129a50 <unknown>\n#13 0x55e77217eaa8 <unknown>\n#14 0x55e77217ec79 <unknown>\n#15 0x55e7721904f3 <unknown>\n#16 0x7f254a29caa4 <unknown>\n#17 0x7f254a329c6c <unknown>\n\n","statusTrace":"  File \"/opt/hostedtoolcache/Python/3.11.14/x64/lib/python3.11/site-packages/allure_commons/_allure.py\", line 192, in impl\n    return func(*a, **kw)\n           ^^^^^^^^^^^^^^\n  File \"/home/runner/work/luma_project/luma_project/pages/base_page.py\", line 51, in element_is_present\n    return wait(self.driver, timeout).until(EC.presence_of_element_located(locator))\n           ^^^^^^^^^^^^^^^^^^^^^^^^^^^^^^^^^^^^^^^^^^^^^^^^^^^^^^^^^^^^^^^^^^^^^^^^^\n  File \"/opt/hostedtoolcache/Python/3.11.14/x64/lib/python3.11/site-packages/selenium/webdriver/support/wait.py\", line 95, in until\n    raise TimeoutException(message, screen, stacktrace)\n","steps":[],"attachments":[],"parameters":[{"name":"locator","value":"('xpath', '//*[@id=\"narrow-by-list2\"]/dd/ol/li/a')"},{"name":"timeout","value":"5"}],"stepsCount":0,"shouldDisplayMessage":true,"attachmentsCount":0,"hasContent":true,"attachmentStep":false}],"attachments":[],"parameters":[{"name":"locator","value":"('xpath', '//*[@id=\"narrow-by-list2\"]/dd/ol/li/a')"},{"name":"timeout","value":"10"}],"stepsCount":1,"shouldDisplayMessage":false,"attachmentsCount":0,"hasContent":true,"attachmentStep":false}],"attachments":[],"parameters":[],"stepsCount":2,"shouldDisplayMessage":false,"attachmentsCount":0,"hasContent":true,"attachmentStep":false}],"attachments":[{"uid":"5ca1f0465750440e","name":"Screenshot","source":"5ca1f0465750440e.png","type":"image/png","size":95728},{"uid":"f3376c51d39239cb","name":"HTML source","source":"f3376c51d39239cb.html","type":"text/html","size":7069}],"parameters":[],"stepsCount":3,"shouldDisplayMessage":true,"attachmentsCount":2,"hasContent":true,"attachmentStep":false},"afterStages":[{"name":"driver::0","time":{"start":1767493235844,"stop":1767493235904,"duration":60},"status":"passed","steps":[],"attachments":[],"parameters":[],"stepsCount":0,"shouldDisplayMessage":false,"attachmentsCount":0,"hasContent":false,"attachmentStep":false},{"name":"clear_allure_result_folder::0","time":{"start":1767493336748,"stop":1767493336748,"duration":0},"status":"passed","steps":[],"attachments":[],"parameters":[],"stepsCount":0,"shouldDisplayMessage":false,"attachmentsCount":0,"hasContent":false,"attachmentStep":false}],"labels":[{"name":"epic","value":"Training Page"},{"name":"feature","value":"Testing Training Page Sidebar"},{"name":"parentSuite","value":"tests"},{"name":"suite","value":"test_training"},{"name":"subSuite","value":"TestMainPage"},{"name":"host","value":"runnervmh13bl"},{"name":"thread","value":"3003-MainThread"},{"name":"framework","value":"pytest"},{"name":"language","value":"cpython3"},{"name":"package","value":"tests.test_training"},{"name":"resultFormat","value":"allure2"}],"parameters":[],"links":[],"hidden":false,"retry":false,"extra":{"severity":"normal","retries":[],"categories":[{"name":"Test defects","matchedStatuses":[],"flaky":false}],"history":{"statistic":{"failed":0,"broken":7,"skipped":0,"passed":0,"unknown":0,"total":7},"items":[{"uid":"30063af8448d9e69","reportUrl":"https://verafes.github.io/luma_project/627/#testresult/30063af8448d9e69","status":"broken","statusDetails":"selenium.common.exceptions.TimeoutException: Message: \nStacktrace:\n#0 0x559c907af19a <unknown>\n#1 0x559c9022cc4b <unknown>\n#2 0x559c9027e318 <unknown>\n#3 0x559c9027e551 <unknown>\n#4 0x559c902cc764 <unknown>\n#5 0x559c902c9bee <unknown>\n#6 0x559c90270c42 <unknown>\n#7 0x559c902718f1 <unknown>\n#8 0x559c90777f39 <unknown>\n#9 0x559c9077ae7d <unknown>\n#10 0x559c90760c81 <unknown>\n#11 0x559c9077ba5b <unknown>\n#12 0x559c90747a50 <unknown>\n#13 0x559c9079caa8 <unknown>\n#14 0x559c9079cc79 <unknown>\n#15 0x559c907ae4f3 <unknown>\n#16 0x7f4951a9caa4 <unknown>\n#17 0x7f4951b29c6c <unknown>","time":{"start":1766888382752,"stop":1766888387867,"duration":5115}},{"uid":"881cfaef8efab80a","reportUrl":"https://verafes.github.io/luma_project/626/#testresult/881cfaef8efab80a","status":"broken","statusDetails":"selenium.common.exceptions.TimeoutException: Message: \nStacktrace:\n#0 0x558cb0ff519a <unknown>\n#1 0x558cb0a72c4b <unknown>\n#2 0x558cb0ac4318 <unknown>\n#3 0x558cb0ac4551 <unknown>\n#4 0x558cb0b12764 <unknown>\n#5 0x558cb0b0fbee <unknown>\n#6 0x558cb0ab6c42 <unknown>\n#7 0x558cb0ab78f1 <unknown>\n#8 0x558cb0fbdf39 <unknown>\n#9 0x558cb0fc0e7d <unknown>\n#10 0x558cb0fa6c81 <unknown>\n#11 0x558cb0fc1a5b <unknown>\n#12 0x558cb0f8da50 <unknown>\n#13 0x558cb0fe2aa8 <unknown>\n#14 0x558cb0fe2c79 <unknown>\n#15 0x558cb0ff44f3 <unknown>\n#16 0x7f7d2589caa4 <unknown>\n#17 0x7f7d25929c6c <unknown>","time":{"start":1766282788937,"stop":1766282794047,"duration":5110}},{"uid":"5798ec7908f77c54","reportUrl":"https://verafes.github.io/luma_project/625/#testresult/5798ec7908f77c54","status":"broken","statusDetails":"selenium.common.exceptions.TimeoutException: Message: \nStacktrace:\n#0 0x55971740d16a <unknown>\n#1 0x559716e8ac4b <unknown>\n#2 0x559716edc318 <unknown>\n#3 0x559716edc551 <unknown>\n#4 0x559716f2a764 <unknown>\n#5 0x559716f27bee <unknown>\n#6 0x559716ecec42 <unknown>\n#7 0x559716ecf8f1 <unknown>\n#8 0x5597173d5f09 <unknown>\n#9 0x5597173d8e4d <unknown>\n#10 0x5597173bec51 <unknown>\n#11 0x5597173d9a2b <unknown>\n#12 0x5597173a5a20 <unknown>\n#13 0x5597173faa78 <unknown>\n#14 0x5597173fac49 <unknown>\n#15 0x55971740c4c3 <unknown>\n#16 0x7fc9bca9caa4 <unknown>\n#17 0x7fc9bcb29c6c <unknown>","time":{"start":1765678006882,"stop":1765678011991,"duration":5109}},{"uid":"67751b4be7e3851c","reportUrl":"https://verafes.github.io/luma_project/624/#testresult/67751b4be7e3851c","status":"broken","statusDetails":"selenium.common.exceptions.TimeoutException: Message: \nStacktrace:\n#0 0x563eed2504ca <unknown>\n#1 0x563eecc9ee4b <unknown>\n#2 0x563eeccf1814 <unknown>\n#3 0x563eeccf1a51 <unknown>\n#4 0x563eecd40a44 <unknown>\n#5 0x563eecd3ddf7 <unknown>\n#6 0x563eecce3c2a <unknown>\n#7 0x563eecce4931 <unknown>\n#8 0x563eed216cf9 <unknown>\n#9 0x563eed219cdc <unknown>\n#10 0x563eed1fff79 <unknown>\n#11 0x563eed21a8b5 <unknown>\n#12 0x563eed1e79c3 <unknown>\n#13 0x563eed23d228 <unknown>\n#14 0x563eed23d403 <unknown>\n#15 0x563eed24f463 <unknown>\n#16 0x7f6cb749caa4 <unknown>\n#17 0x7f6cb7529c6c <unknown>","time":{"start":1765073177242,"stop":1765073182344,"duration":5102}},{"uid":"862588d57f8d7013","reportUrl":"https://verafes.github.io/luma_project/623/#testresult/862588d57f8d7013","status":"broken","statusDetails":"selenium.common.exceptions.TimeoutException: Message: \nStacktrace:\n#0 0x555a6120632a <unknown>\n#1 0x555a60c52e4b <unknown>\n#2 0x555a60ca582b <unknown>\n#3 0x555a60ca5a61 <unknown>\n#4 0x555a60cf4a44 <unknown>\n#5 0x555a60cf1df7 <unknown>\n#6 0x555a60c97c1a <unknown>\n#7 0x555a60c98921 <unknown>\n#8 0x555a611cd239 <unknown>\n#9 0x555a611d01e8 <unknown>\n#10 0x555a611b64c9 <unknown>\n#11 0x555a611d0db5 <unknown>\n#12 0x555a6119de93 <unknown>\n#13 0x555a611f3098 <unknown>\n#14 0x555a611f3273 <unknown>\n#15 0x555a612052c3 <unknown>\n#16 0x7fd642c9caa4 <unknown>\n#17 0x7fd642d29c6c <unknown>","time":{"start":1764468356001,"stop":1764468361102,"duration":5101}},{"uid":"b9735a1aae84e5a0","reportUrl":"https://verafes.github.io/luma_project/622/#testresult/b9735a1aae84e5a0","status":"broken","statusDetails":"selenium.common.exceptions.TimeoutException: Message: \nStacktrace:\n#0 0x556e580a632a <unknown>\n#1 0x556e57af2e4b <unknown>\n#2 0x556e57b4582b <unknown>\n#3 0x556e57b45a61 <unknown>\n#4 0x556e57b94a44 <unknown>\n#5 0x556e57b91df7 <unknown>\n#6 0x556e57b37c1a <unknown>\n#7 0x556e57b38921 <unknown>\n#8 0x556e5806d239 <unknown>\n#9 0x556e580701e8 <unknown>\n#10 0x556e580564c9 <unknown>\n#11 0x556e58070db5 <unknown>\n#12 0x556e5803de93 <unknown>\n#13 0x556e58093098 <unknown>\n#14 0x556e58093273 <unknown>\n#15 0x556e580a52c3 <unknown>\n#16 0x7f0c1609caa4 <unknown>\n#17 0x7f0c16129c6c <unknown>","time":{"start":1763863613940,"stop":1763863619044,"duration":5104}}]},"tags":[]},"source":"3293053f1c0e28b1.json","parameterValues":[]}