{"uid":"3feb2b00d5545371","name":"TC 05.01.01 - Verify that 'Order and Returns' Page Heading is present","fullName":"tests.test_orders_and_returns.TestOrdersAndReturnsPage#test_tc_05_01_01_check_header","historyId":"0e203692531a7d090a4821fc44084138","time":{"start":1767492426143,"stop":1767492431250,"duration":5107},"description":"This test checks \"Orders and Returns\" header is visible and has correct text","descriptionHtml":"<p>This test checks &quot;Orders and Returns&quot; header is visible and has correct text</p>\n","status":"broken","statusMessage":"selenium.common.exceptions.TimeoutException: Message: \nStacktrace:\n#0 0x5607a8b2e19a <unknown>\n#1 0x5607a85abc4b <unknown>\n#2 0x5607a85fd318 <unknown>\n#3 0x5607a85fd551 <unknown>\n#4 0x5607a864b764 <unknown>\n#5 0x5607a8648bee <unknown>\n#6 0x5607a85efc42 <unknown>\n#7 0x5607a85f08f1 <unknown>\n#8 0x5607a8af6f39 <unknown>\n#9 0x5607a8af9e7d <unknown>\n#10 0x5607a8adfc81 <unknown>\n#11 0x5607a8afaa5b <unknown>\n#12 0x5607a8ac6a50 <unknown>\n#13 0x5607a8b1baa8 <unknown>\n#14 0x5607a8b1bc79 <unknown>\n#15 0x5607a8b2d4f3 <unknown>\n#16 0x7f0079e9caa4 <unknown>\n#17 0x7f0079f29c6c <unknown>","statusTrace":"self = <test_orders_and_returns.TestOrdersAndReturnsPage object at 0x7fa6007fbc50>\ndriver = <selenium.webdriver.chrome.webdriver.WebDriver (session=\"43e4daa4589e395202fb1f733a0e0463\")>\npage = <pages.orders_and_returns_page.OrdersAndReturnsPage object at 0x7fa60276a890>\n\n    @allure.title(\"TC 05.01.01 - Verify that 'Order and Returns' Page Heading is present\")\n    def test_tc_05_01_01_check_header(self, driver, page):\n        \"\"\"This test checks \"Orders and Returns\" header is visible and has correct text\"\"\"\n>       header_text = page.check_header()\n\ntests/test_orders_and_returns.py:21: \n_ _ _ _ _ _ _ _ _ _ _ _ _ _ _ _ _ _ _ _ _ _ _ _ _ _ _ _ _ _ _ _ _ _ _ _ _ _ _ _ \npages/orders_and_returns_page.py:12: in check_header\n    return self.get_text(self.locators.PAGE_HEADER)\npages/base_page.py:145: in get_text\n    text = self.element_is_visible(locator)\npages/base_page.py:30: in element_is_visible\n    self.go_to_element(self.element_is_present(locator))\npages/base_page.py:51: in element_is_present\n    return wait(self.driver, timeout).until(EC.presence_of_element_located(locator))\n_ _ _ _ _ _ _ _ _ _ _ _ _ _ _ _ _ _ _ _ _ _ _ _ _ _ _ _ _ _ _ _ _ _ _ _ _ _ _ _ \n\nself = <selenium.webdriver.support.wait.WebDriverWait (session=\"43e4daa4589e395202fb1f733a0e0463\")>\nmethod = <function presence_of_element_located.<locals>._predicate at 0x7fa6021254e0>\nmessage = ''\n\n    def until(self, method, message: str = \"\"):\n        \"\"\"Calls the method provided with the driver as an argument until the \\\n        return value does not evaluate to ``False``.\n    \n        :param method: callable(WebDriver)\n        :param message: optional message for :exc:`TimeoutException`\n        :returns: the result of the last call to `method`\n        :raises: :exc:`selenium.common.exceptions.TimeoutException` if timeout occurs\n        \"\"\"\n        screen = None\n        stacktrace = None\n    \n        end_time = time.monotonic() + self._timeout\n        while True:\n            try:\n                value = method(self._driver)\n                if value:\n                    return value\n            except self._ignored_exceptions as exc:\n                screen = getattr(exc, \"screen\", None)\n                stacktrace = getattr(exc, \"stacktrace\", None)\n            time.sleep(self._poll)\n            if time.monotonic() > end_time:\n                break\n>       raise TimeoutException(message, screen, stacktrace)\nE       selenium.common.exceptions.TimeoutException: Message: \nE       Stacktrace:\nE       #0 0x5607a8b2e19a <unknown>\nE       #1 0x5607a85abc4b <unknown>\nE       #2 0x5607a85fd318 <unknown>\nE       #3 0x5607a85fd551 <unknown>\nE       #4 0x5607a864b764 <unknown>\nE       #5 0x5607a8648bee <unknown>\nE       #6 0x5607a85efc42 <unknown>\nE       #7 0x5607a85f08f1 <unknown>\nE       #8 0x5607a8af6f39 <unknown>\nE       #9 0x5607a8af9e7d <unknown>\nE       #10 0x5607a8adfc81 <unknown>\nE       #11 0x5607a8afaa5b <unknown>\nE       #12 0x5607a8ac6a50 <unknown>\nE       #13 0x5607a8b1baa8 <unknown>\nE       #14 0x5607a8b1bc79 <unknown>\nE       #15 0x5607a8b2d4f3 <unknown>\nE       #16 0x7f0079e9caa4 <unknown>\nE       #17 0x7f0079f29c6c <unknown>\n\n/opt/hostedtoolcache/Python/3.11.14/x64/lib/python3.11/site-packages/selenium/webdriver/support/wait.py:95: TimeoutException","flaky":false,"newFailed":false,"newBroken":false,"newPassed":false,"retriesCount":0,"retriesStatusChange":false,"beforeStages":[{"name":"_session_faker","time":{"start":1767490944639,"stop":1767490944700,"duration":61},"status":"passed","steps":[],"attachments":[],"parameters":[],"stepsCount":0,"shouldDisplayMessage":false,"attachmentsCount":0,"hasContent":false,"attachmentStep":false},{"name":"clear_allure_result_folder","time":{"start":1767490944701,"stop":1767490944701,"duration":0},"status":"passed","steps":[],"attachments":[],"parameters":[],"stepsCount":0,"shouldDisplayMessage":false,"attachmentsCount":0,"hasContent":false,"attachmentStep":false},{"name":"driver","time":{"start":1767492424810,"stop":1767492425982,"duration":1172},"status":"passed","steps":[],"attachments":[],"parameters":[],"stepsCount":0,"shouldDisplayMessage":false,"attachmentsCount":0,"hasContent":false,"attachmentStep":false},{"name":"page","time":{"start":1767492425982,"stop":1767492426142,"duration":160},"status":"passed","steps":[{"name":"Open a browser","time":{"start":1767492425982,"stop":1767492426142,"duration":160},"status":"passed","steps":[],"attachments":[],"parameters":[],"stepsCount":0,"shouldDisplayMessage":false,"attachmentsCount":0,"hasContent":false,"attachmentStep":false}],"attachments":[],"parameters":[],"stepsCount":1,"shouldDisplayMessage":false,"attachmentsCount":0,"hasContent":true,"attachmentStep":false}],"testStage":{"description":"This test checks \"Orders and Returns\" header is visible and has correct text","status":"broken","statusMessage":"selenium.common.exceptions.TimeoutException: Message: \nStacktrace:\n#0 0x5607a8b2e19a <unknown>\n#1 0x5607a85abc4b <unknown>\n#2 0x5607a85fd318 <unknown>\n#3 0x5607a85fd551 <unknown>\n#4 0x5607a864b764 <unknown>\n#5 0x5607a8648bee <unknown>\n#6 0x5607a85efc42 <unknown>\n#7 0x5607a85f08f1 <unknown>\n#8 0x5607a8af6f39 <unknown>\n#9 0x5607a8af9e7d <unknown>\n#10 0x5607a8adfc81 <unknown>\n#11 0x5607a8afaa5b <unknown>\n#12 0x5607a8ac6a50 <unknown>\n#13 0x5607a8b1baa8 <unknown>\n#14 0x5607a8b1bc79 <unknown>\n#15 0x5607a8b2d4f3 <unknown>\n#16 0x7f0079e9caa4 <unknown>\n#17 0x7f0079f29c6c <unknown>","statusTrace":"self = <test_orders_and_returns.TestOrdersAndReturnsPage object at 0x7fa6007fbc50>\ndriver = <selenium.webdriver.chrome.webdriver.WebDriver (session=\"43e4daa4589e395202fb1f733a0e0463\")>\npage = <pages.orders_and_returns_page.OrdersAndReturnsPage object at 0x7fa60276a890>\n\n    @allure.title(\"TC 05.01.01 - Verify that 'Order and Returns' Page Heading is present\")\n    def test_tc_05_01_01_check_header(self, driver, page):\n        \"\"\"This test checks \"Orders and Returns\" header is visible and has correct text\"\"\"\n>       header_text = page.check_header()\n\ntests/test_orders_and_returns.py:21: \n_ _ _ _ _ _ _ _ _ _ _ _ _ _ _ _ _ _ _ _ _ _ _ _ _ _ _ _ _ _ _ _ _ _ _ _ _ _ _ _ \npages/orders_and_returns_page.py:12: in check_header\n    return self.get_text(self.locators.PAGE_HEADER)\npages/base_page.py:145: in get_text\n    text = self.element_is_visible(locator)\npages/base_page.py:30: in element_is_visible\n    self.go_to_element(self.element_is_present(locator))\npages/base_page.py:51: in element_is_present\n    return wait(self.driver, timeout).until(EC.presence_of_element_located(locator))\n_ _ _ _ _ _ _ _ _ _ _ _ _ _ _ _ _ _ _ _ _ _ _ _ _ _ _ _ _ _ _ _ _ _ _ _ _ _ _ _ \n\nself = <selenium.webdriver.support.wait.WebDriverWait (session=\"43e4daa4589e395202fb1f733a0e0463\")>\nmethod = <function presence_of_element_located.<locals>._predicate at 0x7fa6021254e0>\nmessage = ''\n\n    def until(self, method, message: str = \"\"):\n        \"\"\"Calls the method provided with the driver as an argument until the \\\n        return value does not evaluate to ``False``.\n    \n        :param method: callable(WebDriver)\n        :param message: optional message for :exc:`TimeoutException`\n        :returns: the result of the last call to `method`\n        :raises: :exc:`selenium.common.exceptions.TimeoutException` if timeout occurs\n        \"\"\"\n        screen = None\n        stacktrace = None\n    \n        end_time = time.monotonic() + self._timeout\n        while True:\n            try:\n                value = method(self._driver)\n                if value:\n                    return value\n            except self._ignored_exceptions as exc:\n                screen = getattr(exc, \"screen\", None)\n                stacktrace = getattr(exc, \"stacktrace\", None)\n            time.sleep(self._poll)\n            if time.monotonic() > end_time:\n                break\n>       raise TimeoutException(message, screen, stacktrace)\nE       selenium.common.exceptions.TimeoutException: Message: \nE       Stacktrace:\nE       #0 0x5607a8b2e19a <unknown>\nE       #1 0x5607a85abc4b <unknown>\nE       #2 0x5607a85fd318 <unknown>\nE       #3 0x5607a85fd551 <unknown>\nE       #4 0x5607a864b764 <unknown>\nE       #5 0x5607a8648bee <unknown>\nE       #6 0x5607a85efc42 <unknown>\nE       #7 0x5607a85f08f1 <unknown>\nE       #8 0x5607a8af6f39 <unknown>\nE       #9 0x5607a8af9e7d <unknown>\nE       #10 0x5607a8adfc81 <unknown>\nE       #11 0x5607a8afaa5b <unknown>\nE       #12 0x5607a8ac6a50 <unknown>\nE       #13 0x5607a8b1baa8 <unknown>\nE       #14 0x5607a8b1bc79 <unknown>\nE       #15 0x5607a8b2d4f3 <unknown>\nE       #16 0x7f0079e9caa4 <unknown>\nE       #17 0x7f0079f29c6c <unknown>\n\n/opt/hostedtoolcache/Python/3.11.14/x64/lib/python3.11/site-packages/selenium/webdriver/support/wait.py:95: TimeoutException","steps":[{"name":"Get element text","time":{"start":1767492426143,"stop":1767492431250,"duration":5107},"status":"broken","statusMessage":"selenium.common.exceptions.TimeoutException: Message: \nStacktrace:\n#0 0x5607a8b2e19a <unknown>\n#1 0x5607a85abc4b <unknown>\n#2 0x5607a85fd318 <unknown>\n#3 0x5607a85fd551 <unknown>\n#4 0x5607a864b764 <unknown>\n#5 0x5607a8648bee <unknown>\n#6 0x5607a85efc42 <unknown>\n#7 0x5607a85f08f1 <unknown>\n#8 0x5607a8af6f39 <unknown>\n#9 0x5607a8af9e7d <unknown>\n#10 0x5607a8adfc81 <unknown>\n#11 0x5607a8afaa5b <unknown>\n#12 0x5607a8ac6a50 <unknown>\n#13 0x5607a8b1baa8 <unknown>\n#14 0x5607a8b1bc79 <unknown>\n#15 0x5607a8b2d4f3 <unknown>\n#16 0x7f0079e9caa4 <unknown>\n#17 0x7f0079f29c6c <unknown>\n\n","statusTrace":"  File \"/opt/hostedtoolcache/Python/3.11.14/x64/lib/python3.11/site-packages/allure_commons/_allure.py\", line 192, in impl\n    return func(*a, **kw)\n           ^^^^^^^^^^^^^^\n  File \"/home/runner/work/luma_project/luma_project/pages/base_page.py\", line 145, in get_text\n    text = self.element_is_visible(locator)\n           ^^^^^^^^^^^^^^^^^^^^^^^^^^^^^^^^\n  File \"/opt/hostedtoolcache/Python/3.11.14/x64/lib/python3.11/site-packages/allure_commons/_allure.py\", line 192, in impl\n    return func(*a, **kw)\n           ^^^^^^^^^^^^^^\n  File \"/home/runner/work/luma_project/luma_project/pages/base_page.py\", line 30, in element_is_visible\n    self.go_to_element(self.element_is_present(locator))\n                       ^^^^^^^^^^^^^^^^^^^^^^^^^^^^^^^^\n  File \"/opt/hostedtoolcache/Python/3.11.14/x64/lib/python3.11/site-packages/allure_commons/_allure.py\", line 192, in impl\n    return func(*a, **kw)\n           ^^^^^^^^^^^^^^\n  File \"/home/runner/work/luma_project/luma_project/pages/base_page.py\", line 51, in element_is_present\n    return wait(self.driver, timeout).until(EC.presence_of_element_located(locator))\n           ^^^^^^^^^^^^^^^^^^^^^^^^^^^^^^^^^^^^^^^^^^^^^^^^^^^^^^^^^^^^^^^^^^^^^^^^^\n  File \"/opt/hostedtoolcache/Python/3.11.14/x64/lib/python3.11/site-packages/selenium/webdriver/support/wait.py\", line 95, in until\n    raise TimeoutException(message, screen, stacktrace)\n","steps":[{"name":"Find a visible element","time":{"start":1767492426143,"stop":1767492431250,"duration":5107},"status":"broken","statusMessage":"selenium.common.exceptions.TimeoutException: Message: \nStacktrace:\n#0 0x5607a8b2e19a <unknown>\n#1 0x5607a85abc4b <unknown>\n#2 0x5607a85fd318 <unknown>\n#3 0x5607a85fd551 <unknown>\n#4 0x5607a864b764 <unknown>\n#5 0x5607a8648bee <unknown>\n#6 0x5607a85efc42 <unknown>\n#7 0x5607a85f08f1 <unknown>\n#8 0x5607a8af6f39 <unknown>\n#9 0x5607a8af9e7d <unknown>\n#10 0x5607a8adfc81 <unknown>\n#11 0x5607a8afaa5b <unknown>\n#12 0x5607a8ac6a50 <unknown>\n#13 0x5607a8b1baa8 <unknown>\n#14 0x5607a8b1bc79 <unknown>\n#15 0x5607a8b2d4f3 <unknown>\n#16 0x7f0079e9caa4 <unknown>\n#17 0x7f0079f29c6c <unknown>\n\n","statusTrace":"  File \"/opt/hostedtoolcache/Python/3.11.14/x64/lib/python3.11/site-packages/allure_commons/_allure.py\", line 192, in impl\n    return func(*a, **kw)\n           ^^^^^^^^^^^^^^\n  File \"/home/runner/work/luma_project/luma_project/pages/base_page.py\", line 30, in element_is_visible\n    self.go_to_element(self.element_is_present(locator))\n                       ^^^^^^^^^^^^^^^^^^^^^^^^^^^^^^^^\n  File \"/opt/hostedtoolcache/Python/3.11.14/x64/lib/python3.11/site-packages/allure_commons/_allure.py\", line 192, in impl\n    return func(*a, **kw)\n           ^^^^^^^^^^^^^^\n  File \"/home/runner/work/luma_project/luma_project/pages/base_page.py\", line 51, in element_is_present\n    return wait(self.driver, timeout).until(EC.presence_of_element_located(locator))\n           ^^^^^^^^^^^^^^^^^^^^^^^^^^^^^^^^^^^^^^^^^^^^^^^^^^^^^^^^^^^^^^^^^^^^^^^^^\n  File \"/opt/hostedtoolcache/Python/3.11.14/x64/lib/python3.11/site-packages/selenium/webdriver/support/wait.py\", line 95, in until\n    raise TimeoutException(message, screen, stacktrace)\n","steps":[{"name":"Find a present element","time":{"start":1767492426143,"stop":1767492431249,"duration":5106},"status":"broken","statusMessage":"selenium.common.exceptions.TimeoutException: Message: \nStacktrace:\n#0 0x5607a8b2e19a <unknown>\n#1 0x5607a85abc4b <unknown>\n#2 0x5607a85fd318 <unknown>\n#3 0x5607a85fd551 <unknown>\n#4 0x5607a864b764 <unknown>\n#5 0x5607a8648bee <unknown>\n#6 0x5607a85efc42 <unknown>\n#7 0x5607a85f08f1 <unknown>\n#8 0x5607a8af6f39 <unknown>\n#9 0x5607a8af9e7d <unknown>\n#10 0x5607a8adfc81 <unknown>\n#11 0x5607a8afaa5b <unknown>\n#12 0x5607a8ac6a50 <unknown>\n#13 0x5607a8b1baa8 <unknown>\n#14 0x5607a8b1bc79 <unknown>\n#15 0x5607a8b2d4f3 <unknown>\n#16 0x7f0079e9caa4 <unknown>\n#17 0x7f0079f29c6c <unknown>\n\n","statusTrace":"  File \"/opt/hostedtoolcache/Python/3.11.14/x64/lib/python3.11/site-packages/allure_commons/_allure.py\", line 192, in impl\n    return func(*a, **kw)\n           ^^^^^^^^^^^^^^\n  File \"/home/runner/work/luma_project/luma_project/pages/base_page.py\", line 51, in element_is_present\n    return wait(self.driver, timeout).until(EC.presence_of_element_located(locator))\n           ^^^^^^^^^^^^^^^^^^^^^^^^^^^^^^^^^^^^^^^^^^^^^^^^^^^^^^^^^^^^^^^^^^^^^^^^^\n  File \"/opt/hostedtoolcache/Python/3.11.14/x64/lib/python3.11/site-packages/selenium/webdriver/support/wait.py\", line 95, in until\n    raise TimeoutException(message, screen, stacktrace)\n","steps":[],"attachments":[],"parameters":[{"name":"locator","value":"('css selector', '[data-ui-id=\"page-title-wrapper\"]')"},{"name":"timeout","value":"5"}],"stepsCount":0,"shouldDisplayMessage":true,"attachmentsCount":0,"hasContent":true,"attachmentStep":false}],"attachments":[],"parameters":[{"name":"locator","value":"('css selector', '[data-ui-id=\"page-title-wrapper\"]')"},{"name":"timeout","value":"10"}],"stepsCount":1,"shouldDisplayMessage":false,"attachmentsCount":0,"hasContent":true,"attachmentStep":false}],"attachments":[],"parameters":[{"name":"locator","value":"('css selector', '[data-ui-id=\"page-title-wrapper\"]')"}],"stepsCount":2,"shouldDisplayMessage":false,"attachmentsCount":0,"hasContent":true,"attachmentStep":false}],"attachments":[{"uid":"98b8bdb92ca7e11b","name":"Screenshot","source":"98b8bdb92ca7e11b.png","type":"image/png","size":95967},{"uid":"7d6af9b1a048d90d","name":"HTML source","source":"7d6af9b1a048d90d.html","type":"text/html","size":7070}],"parameters":[],"stepsCount":3,"shouldDisplayMessage":true,"attachmentsCount":2,"hasContent":true,"attachmentStep":false},"afterStages":[{"name":"driver::0","time":{"start":1767492431324,"stop":1767492431383,"duration":59},"status":"passed","steps":[],"attachments":[],"parameters":[],"stepsCount":0,"shouldDisplayMessage":false,"attachmentsCount":0,"hasContent":false,"attachmentStep":false},{"name":"clear_allure_result_folder::0","time":{"start":1767493336748,"stop":1767493336748,"duration":0},"status":"passed","steps":[],"attachments":[],"parameters":[],"stepsCount":0,"shouldDisplayMessage":false,"attachmentsCount":0,"hasContent":false,"attachmentStep":false}],"labels":[{"name":"epic","value":"Orders and Returns"},{"name":"parentSuite","value":"tests"},{"name":"suite","value":"test_orders_and_returns"},{"name":"subSuite","value":"TestOrdersAndReturnsPage"},{"name":"host","value":"runnervmh13bl"},{"name":"thread","value":"3003-MainThread"},{"name":"framework","value":"pytest"},{"name":"language","value":"cpython3"},{"name":"package","value":"tests.test_orders_and_returns"},{"name":"resultFormat","value":"allure2"}],"parameters":[],"links":[],"hidden":false,"retry":false,"extra":{"severity":"normal","retries":[],"categories":[{"name":"Test defects","matchedStatuses":[],"flaky":false}],"history":{"statistic":{"failed":0,"broken":7,"skipped":0,"passed":0,"unknown":0,"total":7},"items":[{"uid":"42629dc7639e56fe","reportUrl":"https://verafes.github.io/luma_project/627/#testresult/42629dc7639e56fe","status":"broken","statusDetails":"selenium.common.exceptions.TimeoutException: Message: \nStacktrace:\n#0 0x55dca5a0c19a <unknown>\n#1 0x55dca5489c4b <unknown>\n#2 0x55dca54db318 <unknown>\n#3 0x55dca54db551 <unknown>\n#4 0x55dca5529764 <unknown>\n#5 0x55dca5526bee <unknown>\n#6 0x55dca54cdc42 <unknown>\n#7 0x55dca54ce8f1 <unknown>\n#8 0x55dca59d4f39 <unknown>\n#9 0x55dca59d7e7d <unknown>\n#10 0x55dca59bdc81 <unknown>\n#11 0x55dca59d8a5b <unknown>\n#12 0x55dca59a4a50 <unknown>\n#13 0x55dca59f9aa8 <unknown>\n#14 0x55dca59f9c79 <unknown>\n#15 0x55dca5a0b4f3 <unknown>\n#16 0x7f1c22e9caa4 <unknown>\n#17 0x7f1c22f29c6c <unknown>","time":{"start":1766887579562,"stop":1766887584680,"duration":5118}},{"uid":"67e42d1f4d4f7319","reportUrl":"https://verafes.github.io/luma_project/626/#testresult/67e42d1f4d4f7319","status":"broken","statusDetails":"selenium.common.exceptions.TimeoutException: Message: \nStacktrace:\n#0 0x5567a685d19a <unknown>\n#1 0x5567a62dac4b <unknown>\n#2 0x5567a632c318 <unknown>\n#3 0x5567a632c551 <unknown>\n#4 0x5567a637a764 <unknown>\n#5 0x5567a6377bee <unknown>\n#6 0x5567a631ec42 <unknown>\n#7 0x5567a631f8f1 <unknown>\n#8 0x5567a6825f39 <unknown>\n#9 0x5567a6828e7d <unknown>\n#10 0x5567a680ec81 <unknown>\n#11 0x5567a6829a5b <unknown>\n#12 0x5567a67f5a50 <unknown>\n#13 0x5567a684aaa8 <unknown>\n#14 0x5567a684ac79 <unknown>\n#15 0x5567a685c4f3 <unknown>\n#16 0x7f7f6a09caa4 <unknown>\n#17 0x7f7f6a129c6c <unknown>","time":{"start":1766281990563,"stop":1766281995666,"duration":5103}},{"uid":"934c77d11a2ee631","reportUrl":"https://verafes.github.io/luma_project/625/#testresult/934c77d11a2ee631","status":"broken","statusDetails":"selenium.common.exceptions.TimeoutException: Message: \nStacktrace:\n#0 0x55de378bc16a <unknown>\n#1 0x55de37339c4b <unknown>\n#2 0x55de3738b318 <unknown>\n#3 0x55de3738b551 <unknown>\n#4 0x55de373d9764 <unknown>\n#5 0x55de373d6bee <unknown>\n#6 0x55de3737dc42 <unknown>\n#7 0x55de3737e8f1 <unknown>\n#8 0x55de37884f09 <unknown>\n#9 0x55de37887e4d <unknown>\n#10 0x55de3786dc51 <unknown>\n#11 0x55de37888a2b <unknown>\n#12 0x55de37854a20 <unknown>\n#13 0x55de378a9a78 <unknown>\n#14 0x55de378a9c49 <unknown>\n#15 0x55de378bb4c3 <unknown>\n#16 0x7ff63fe9caa4 <unknown>\n#17 0x7ff63ff29c6c <unknown>","time":{"start":1765677203467,"stop":1765677208568,"duration":5101}},{"uid":"ac01f7255cc1bbc8","reportUrl":"https://verafes.github.io/luma_project/624/#testresult/ac01f7255cc1bbc8","status":"broken","statusDetails":"selenium.common.exceptions.TimeoutException: Message: \nStacktrace:\n#0 0x56015bd4a4ca <unknown>\n#1 0x56015b798e4b <unknown>\n#2 0x56015b7eb814 <unknown>\n#3 0x56015b7eba51 <unknown>\n#4 0x56015b83aa44 <unknown>\n#5 0x56015b837df7 <unknown>\n#6 0x56015b7ddc2a <unknown>\n#7 0x56015b7de931 <unknown>\n#8 0x56015bd10cf9 <unknown>\n#9 0x56015bd13cdc <unknown>\n#10 0x56015bcf9f79 <unknown>\n#11 0x56015bd148b5 <unknown>\n#12 0x56015bce19c3 <unknown>\n#13 0x56015bd37228 <unknown>\n#14 0x56015bd37403 <unknown>\n#15 0x56015bd49463 <unknown>\n#16 0x7fd32b69caa4 <unknown>\n#17 0x7fd32b729c6c <unknown>","time":{"start":1765072374361,"stop":1765072379468,"duration":5107}},{"uid":"1b0dc4126fd60651","reportUrl":"https://verafes.github.io/luma_project/623/#testresult/1b0dc4126fd60651","status":"broken","statusDetails":"selenium.common.exceptions.TimeoutException: Message: \nStacktrace:\n#0 0x5567c089e32a <unknown>\n#1 0x5567c02eae4b <unknown>\n#2 0x5567c033d82b <unknown>\n#3 0x5567c033da61 <unknown>\n#4 0x5567c038ca44 <unknown>\n#5 0x5567c0389df7 <unknown>\n#6 0x5567c032fc1a <unknown>\n#7 0x5567c0330921 <unknown>\n#8 0x5567c0865239 <unknown>\n#9 0x5567c08681e8 <unknown>\n#10 0x5567c084e4c9 <unknown>\n#11 0x5567c0868db5 <unknown>\n#12 0x5567c0835e93 <unknown>\n#13 0x5567c088b098 <unknown>\n#14 0x5567c088b273 <unknown>\n#15 0x5567c089d2c3 <unknown>\n#16 0x7f5a8869caa4 <unknown>\n#17 0x7f5a88729c6c <unknown>","time":{"start":1764467553370,"stop":1764467558475,"duration":5105}},{"uid":"7cf2b446981c98f4","reportUrl":"https://verafes.github.io/luma_project/622/#testresult/7cf2b446981c98f4","status":"broken","statusDetails":"selenium.common.exceptions.TimeoutException: Message: \nStacktrace:\n#0 0x55639ae0732a <unknown>\n#1 0x55639a853e4b <unknown>\n#2 0x55639a8a682b <unknown>\n#3 0x55639a8a6a61 <unknown>\n#4 0x55639a8f5a44 <unknown>\n#5 0x55639a8f2df7 <unknown>\n#6 0x55639a898c1a <unknown>\n#7 0x55639a899921 <unknown>\n#8 0x55639adce239 <unknown>\n#9 0x55639add11e8 <unknown>\n#10 0x55639adb74c9 <unknown>\n#11 0x55639add1db5 <unknown>\n#12 0x55639ad9ee93 <unknown>\n#13 0x55639adf4098 <unknown>\n#14 0x55639adf4273 <unknown>\n#15 0x55639ae062c3 <unknown>\n#16 0x7f8a5929caa4 <unknown>\n#17 0x7f8a59329c6c <unknown>","time":{"start":1763862808152,"stop":1763862813254,"duration":5102}}]},"tags":[]},"source":"3feb2b00d5545371.json","parameterValues":[]}