{"uid":"58a457b9dcc4311d","name":"TC 02.01.13 - Check Advanced Search link is present in the DOM tree on each page specified in DATA_1","fullName":"tests.test_footer.TestFooter#test_tc_02_01_13_check_presence_of_advanced_search_link_on_pages","historyId":"cf455cce89042d8d4cbf19dafdb6b0bb","time":{"start":1767491231203,"stop":1767491236486,"duration":5283},"description":"Checks if Advanced Search link is present in the DOM tree on each page specified in DATA_1","descriptionHtml":"<p>Checks if Advanced Search link is present in the DOM tree on each page specified in DATA_1</p>\n","status":"broken","statusMessage":"selenium.common.exceptions.TimeoutException: Message: \nStacktrace:\n#0 0x5620c091119a <unknown>\n#1 0x5620c038ec4b <unknown>\n#2 0x5620c03e0318 <unknown>\n#3 0x5620c03e0551 <unknown>\n#4 0x5620c042e764 <unknown>\n#5 0x5620c042bbee <unknown>\n#6 0x5620c03d2c42 <unknown>\n#7 0x5620c03d38f1 <unknown>\n#8 0x5620c08d9f39 <unknown>\n#9 0x5620c08dce7d <unknown>\n#10 0x5620c08c2c81 <unknown>\n#11 0x5620c08dda5b <unknown>\n#12 0x5620c08a9a50 <unknown>\n#13 0x5620c08feaa8 <unknown>\n#14 0x5620c08fec79 <unknown>\n#15 0x5620c09104f3 <unknown>\n#16 0x7f8806c9caa4 <unknown>\n#17 0x7f8806d29c6c <unknown>","statusTrace":"self = <test_footer.TestFooter object at 0x7fa60177b3d0>\ndriver = <selenium.webdriver.chrome.webdriver.WebDriver (session=\"0030e00d1505c232a8c9fa6b0808d606\")>\nURL = 'https://magento.softwaretestingboard.com/'\n\n    @allure.title(\"TC 02.01.13 - Check Advanced Search link is present in the DOM tree \"\n                  \"on each page specified in DATA_1\")\n    @pytest.mark.parametrize('URL', DATA_1)\n    def test_tc_02_01_13_check_presence_of_advanced_search_link_on_pages(self, driver, URL):\n        \"\"\"Checks if Advanced Search link is present in the DOM tree on each page specified in DATA_1\"\"\"\n        page = FooterPage(driver, url=URL)\n        page.open()\n>       advanced_search_link = page.check_advanced_search_link_presence()\n\ntests/test_footer.py:126: \n_ _ _ _ _ _ _ _ _ _ _ _ _ _ _ _ _ _ _ _ _ _ _ _ _ _ _ _ _ _ _ _ _ _ _ _ _ _ _ _ \npages/footer_page.py:43: in check_advanced_search_link_presence\n    return self.element_is_present(self.footer_locators.ADVANCED_SEARCH_LINK)\npages/base_page.py:51: in element_is_present\n    return wait(self.driver, timeout).until(EC.presence_of_element_located(locator))\n_ _ _ _ _ _ _ _ _ _ _ _ _ _ _ _ _ _ _ _ _ _ _ _ _ _ _ _ _ _ _ _ _ _ _ _ _ _ _ _ \n\nself = <selenium.webdriver.support.wait.WebDriverWait (session=\"0030e00d1505c232a8c9fa6b0808d606\")>\nmethod = <function presence_of_element_located.<locals>._predicate at 0x7fa6026ef420>\nmessage = ''\n\n    def until(self, method, message: str = \"\"):\n        \"\"\"Calls the method provided with the driver as an argument until the \\\n        return value does not evaluate to ``False``.\n    \n        :param method: callable(WebDriver)\n        :param message: optional message for :exc:`TimeoutException`\n        :returns: the result of the last call to `method`\n        :raises: :exc:`selenium.common.exceptions.TimeoutException` if timeout occurs\n        \"\"\"\n        screen = None\n        stacktrace = None\n    \n        end_time = time.monotonic() + self._timeout\n        while True:\n            try:\n                value = method(self._driver)\n                if value:\n                    return value\n            except self._ignored_exceptions as exc:\n                screen = getattr(exc, \"screen\", None)\n                stacktrace = getattr(exc, \"stacktrace\", None)\n            time.sleep(self._poll)\n            if time.monotonic() > end_time:\n                break\n>       raise TimeoutException(message, screen, stacktrace)\nE       selenium.common.exceptions.TimeoutException: Message: \nE       Stacktrace:\nE       #0 0x5620c091119a <unknown>\nE       #1 0x5620c038ec4b <unknown>\nE       #2 0x5620c03e0318 <unknown>\nE       #3 0x5620c03e0551 <unknown>\nE       #4 0x5620c042e764 <unknown>\nE       #5 0x5620c042bbee <unknown>\nE       #6 0x5620c03d2c42 <unknown>\nE       #7 0x5620c03d38f1 <unknown>\nE       #8 0x5620c08d9f39 <unknown>\nE       #9 0x5620c08dce7d <unknown>\nE       #10 0x5620c08c2c81 <unknown>\nE       #11 0x5620c08dda5b <unknown>\nE       #12 0x5620c08a9a50 <unknown>\nE       #13 0x5620c08feaa8 <unknown>\nE       #14 0x5620c08fec79 <unknown>\nE       #15 0x5620c09104f3 <unknown>\nE       #16 0x7f8806c9caa4 <unknown>\nE       #17 0x7f8806d29c6c <unknown>\n\n/opt/hostedtoolcache/Python/3.11.14/x64/lib/python3.11/site-packages/selenium/webdriver/support/wait.py:95: TimeoutException","flaky":false,"newFailed":false,"newBroken":false,"newPassed":false,"retriesCount":0,"retriesStatusChange":false,"beforeStages":[{"name":"_session_faker","time":{"start":1767490944639,"stop":1767490944700,"duration":61},"status":"passed","steps":[],"attachments":[],"parameters":[],"stepsCount":0,"shouldDisplayMessage":false,"attachmentsCount":0,"hasContent":false,"attachmentStep":false},{"name":"clear_allure_result_folder","time":{"start":1767490944701,"stop":1767490944701,"duration":0},"status":"passed","steps":[],"attachments":[],"parameters":[],"stepsCount":0,"shouldDisplayMessage":false,"attachmentsCount":0,"hasContent":false,"attachmentStep":false},{"name":"driver","time":{"start":1767491230025,"stop":1767491231202,"duration":1177},"status":"passed","steps":[],"attachments":[],"parameters":[],"stepsCount":0,"shouldDisplayMessage":false,"attachmentsCount":0,"hasContent":false,"attachmentStep":false}],"testStage":{"description":"Checks if Advanced Search link is present in the DOM tree on each page specified in DATA_1","status":"broken","statusMessage":"selenium.common.exceptions.TimeoutException: Message: \nStacktrace:\n#0 0x5620c091119a <unknown>\n#1 0x5620c038ec4b <unknown>\n#2 0x5620c03e0318 <unknown>\n#3 0x5620c03e0551 <unknown>\n#4 0x5620c042e764 <unknown>\n#5 0x5620c042bbee <unknown>\n#6 0x5620c03d2c42 <unknown>\n#7 0x5620c03d38f1 <unknown>\n#8 0x5620c08d9f39 <unknown>\n#9 0x5620c08dce7d <unknown>\n#10 0x5620c08c2c81 <unknown>\n#11 0x5620c08dda5b <unknown>\n#12 0x5620c08a9a50 <unknown>\n#13 0x5620c08feaa8 <unknown>\n#14 0x5620c08fec79 <unknown>\n#15 0x5620c09104f3 <unknown>\n#16 0x7f8806c9caa4 <unknown>\n#17 0x7f8806d29c6c <unknown>","statusTrace":"self = <test_footer.TestFooter object at 0x7fa60177b3d0>\ndriver = <selenium.webdriver.chrome.webdriver.WebDriver (session=\"0030e00d1505c232a8c9fa6b0808d606\")>\nURL = 'https://magento.softwaretestingboard.com/'\n\n    @allure.title(\"TC 02.01.13 - Check Advanced Search link is present in the DOM tree \"\n                  \"on each page specified in DATA_1\")\n    @pytest.mark.parametrize('URL', DATA_1)\n    def test_tc_02_01_13_check_presence_of_advanced_search_link_on_pages(self, driver, URL):\n        \"\"\"Checks if Advanced Search link is present in the DOM tree on each page specified in DATA_1\"\"\"\n        page = FooterPage(driver, url=URL)\n        page.open()\n>       advanced_search_link = page.check_advanced_search_link_presence()\n\ntests/test_footer.py:126: \n_ _ _ _ _ _ _ _ _ _ _ _ _ _ _ _ _ _ _ _ _ _ _ _ _ _ _ _ _ _ _ _ _ _ _ _ _ _ _ _ \npages/footer_page.py:43: in check_advanced_search_link_presence\n    return self.element_is_present(self.footer_locators.ADVANCED_SEARCH_LINK)\npages/base_page.py:51: in element_is_present\n    return wait(self.driver, timeout).until(EC.presence_of_element_located(locator))\n_ _ _ _ _ _ _ _ _ _ _ _ _ _ _ _ _ _ _ _ _ _ _ _ _ _ _ _ _ _ _ _ _ _ _ _ _ _ _ _ \n\nself = <selenium.webdriver.support.wait.WebDriverWait (session=\"0030e00d1505c232a8c9fa6b0808d606\")>\nmethod = <function presence_of_element_located.<locals>._predicate at 0x7fa6026ef420>\nmessage = ''\n\n    def until(self, method, message: str = \"\"):\n        \"\"\"Calls the method provided with the driver as an argument until the \\\n        return value does not evaluate to ``False``.\n    \n        :param method: callable(WebDriver)\n        :param message: optional message for :exc:`TimeoutException`\n        :returns: the result of the last call to `method`\n        :raises: :exc:`selenium.common.exceptions.TimeoutException` if timeout occurs\n        \"\"\"\n        screen = None\n        stacktrace = None\n    \n        end_time = time.monotonic() + self._timeout\n        while True:\n            try:\n                value = method(self._driver)\n                if value:\n                    return value\n            except self._ignored_exceptions as exc:\n                screen = getattr(exc, \"screen\", None)\n                stacktrace = getattr(exc, \"stacktrace\", None)\n            time.sleep(self._poll)\n            if time.monotonic() > end_time:\n                break\n>       raise TimeoutException(message, screen, stacktrace)\nE       selenium.common.exceptions.TimeoutException: Message: \nE       Stacktrace:\nE       #0 0x5620c091119a <unknown>\nE       #1 0x5620c038ec4b <unknown>\nE       #2 0x5620c03e0318 <unknown>\nE       #3 0x5620c03e0551 <unknown>\nE       #4 0x5620c042e764 <unknown>\nE       #5 0x5620c042bbee <unknown>\nE       #6 0x5620c03d2c42 <unknown>\nE       #7 0x5620c03d38f1 <unknown>\nE       #8 0x5620c08d9f39 <unknown>\nE       #9 0x5620c08dce7d <unknown>\nE       #10 0x5620c08c2c81 <unknown>\nE       #11 0x5620c08dda5b <unknown>\nE       #12 0x5620c08a9a50 <unknown>\nE       #13 0x5620c08feaa8 <unknown>\nE       #14 0x5620c08fec79 <unknown>\nE       #15 0x5620c09104f3 <unknown>\nE       #16 0x7f8806c9caa4 <unknown>\nE       #17 0x7f8806d29c6c <unknown>\n\n/opt/hostedtoolcache/Python/3.11.14/x64/lib/python3.11/site-packages/selenium/webdriver/support/wait.py:95: TimeoutException","steps":[{"name":"Open a browser","time":{"start":1767491231203,"stop":1767491231380,"duration":177},"status":"passed","steps":[],"attachments":[],"parameters":[],"stepsCount":0,"shouldDisplayMessage":false,"attachmentsCount":0,"hasContent":false,"attachmentStep":false},{"name":"Check Advanced Search link is present in the DOM tree","time":{"start":1767491231380,"stop":1767491236486,"duration":5106},"status":"broken","statusMessage":"selenium.common.exceptions.TimeoutException: Message: \nStacktrace:\n#0 0x5620c091119a <unknown>\n#1 0x5620c038ec4b <unknown>\n#2 0x5620c03e0318 <unknown>\n#3 0x5620c03e0551 <unknown>\n#4 0x5620c042e764 <unknown>\n#5 0x5620c042bbee <unknown>\n#6 0x5620c03d2c42 <unknown>\n#7 0x5620c03d38f1 <unknown>\n#8 0x5620c08d9f39 <unknown>\n#9 0x5620c08dce7d <unknown>\n#10 0x5620c08c2c81 <unknown>\n#11 0x5620c08dda5b <unknown>\n#12 0x5620c08a9a50 <unknown>\n#13 0x5620c08feaa8 <unknown>\n#14 0x5620c08fec79 <unknown>\n#15 0x5620c09104f3 <unknown>\n#16 0x7f8806c9caa4 <unknown>\n#17 0x7f8806d29c6c <unknown>\n\n","statusTrace":"  File \"/opt/hostedtoolcache/Python/3.11.14/x64/lib/python3.11/site-packages/allure_commons/_allure.py\", line 192, in impl\n    return func(*a, **kw)\n           ^^^^^^^^^^^^^^\n  File \"/home/runner/work/luma_project/luma_project/pages/footer_page.py\", line 43, in check_advanced_search_link_presence\n    return self.element_is_present(self.footer_locators.ADVANCED_SEARCH_LINK)\n           ^^^^^^^^^^^^^^^^^^^^^^^^^^^^^^^^^^^^^^^^^^^^^^^^^^^^^^^^^^^^^^^^^^\n  File \"/opt/hostedtoolcache/Python/3.11.14/x64/lib/python3.11/site-packages/allure_commons/_allure.py\", line 192, in impl\n    return func(*a, **kw)\n           ^^^^^^^^^^^^^^\n  File \"/home/runner/work/luma_project/luma_project/pages/base_page.py\", line 51, in element_is_present\n    return wait(self.driver, timeout).until(EC.presence_of_element_located(locator))\n           ^^^^^^^^^^^^^^^^^^^^^^^^^^^^^^^^^^^^^^^^^^^^^^^^^^^^^^^^^^^^^^^^^^^^^^^^^\n  File \"/opt/hostedtoolcache/Python/3.11.14/x64/lib/python3.11/site-packages/selenium/webdriver/support/wait.py\", line 95, in until\n    raise TimeoutException(message, screen, stacktrace)\n","steps":[{"name":"Find a present element","time":{"start":1767491231380,"stop":1767491236485,"duration":5105},"status":"broken","statusMessage":"selenium.common.exceptions.TimeoutException: Message: \nStacktrace:\n#0 0x5620c091119a <unknown>\n#1 0x5620c038ec4b <unknown>\n#2 0x5620c03e0318 <unknown>\n#3 0x5620c03e0551 <unknown>\n#4 0x5620c042e764 <unknown>\n#5 0x5620c042bbee <unknown>\n#6 0x5620c03d2c42 <unknown>\n#7 0x5620c03d38f1 <unknown>\n#8 0x5620c08d9f39 <unknown>\n#9 0x5620c08dce7d <unknown>\n#10 0x5620c08c2c81 <unknown>\n#11 0x5620c08dda5b <unknown>\n#12 0x5620c08a9a50 <unknown>\n#13 0x5620c08feaa8 <unknown>\n#14 0x5620c08fec79 <unknown>\n#15 0x5620c09104f3 <unknown>\n#16 0x7f8806c9caa4 <unknown>\n#17 0x7f8806d29c6c <unknown>\n\n","statusTrace":"  File \"/opt/hostedtoolcache/Python/3.11.14/x64/lib/python3.11/site-packages/allure_commons/_allure.py\", line 192, in impl\n    return func(*a, **kw)\n           ^^^^^^^^^^^^^^\n  File \"/home/runner/work/luma_project/luma_project/pages/base_page.py\", line 51, in element_is_present\n    return wait(self.driver, timeout).until(EC.presence_of_element_located(locator))\n           ^^^^^^^^^^^^^^^^^^^^^^^^^^^^^^^^^^^^^^^^^^^^^^^^^^^^^^^^^^^^^^^^^^^^^^^^^\n  File \"/opt/hostedtoolcache/Python/3.11.14/x64/lib/python3.11/site-packages/selenium/webdriver/support/wait.py\", line 95, in until\n    raise TimeoutException(message, screen, stacktrace)\n","steps":[],"attachments":[],"parameters":[{"name":"locator","value":"('css selector', '.footer > :nth-child(3) > a')"},{"name":"timeout","value":"5"}],"stepsCount":0,"shouldDisplayMessage":true,"attachmentsCount":0,"hasContent":true,"attachmentStep":false}],"attachments":[],"parameters":[],"stepsCount":1,"shouldDisplayMessage":false,"attachmentsCount":0,"hasContent":true,"attachmentStep":false}],"attachments":[{"uid":"780d49637621e096","name":"Screenshot","source":"780d49637621e096.png","type":"image/png","size":95780},{"uid":"3369381ceb6b5e4a","name":"HTML source","source":"3369381ceb6b5e4a.html","type":"text/html","size":7070}],"parameters":[],"stepsCount":3,"shouldDisplayMessage":true,"attachmentsCount":2,"hasContent":true,"attachmentStep":false},"afterStages":[{"name":"driver::0","time":{"start":1767491236579,"stop":1767491236639,"duration":60},"status":"passed","steps":[],"attachments":[],"parameters":[],"stepsCount":0,"shouldDisplayMessage":false,"attachmentsCount":0,"hasContent":false,"attachmentStep":false},{"name":"clear_allure_result_folder::0","time":{"start":1767493336748,"stop":1767493336748,"duration":0},"status":"passed","steps":[],"attachments":[],"parameters":[],"stepsCount":0,"shouldDisplayMessage":false,"attachmentsCount":0,"hasContent":false,"attachmentStep":false}],"labels":[{"name":"epic","value":"Test Footer"},{"name":"parentSuite","value":"tests"},{"name":"suite","value":"test_footer"},{"name":"subSuite","value":"TestFooter"},{"name":"host","value":"runnervmh13bl"},{"name":"thread","value":"3003-MainThread"},{"name":"framework","value":"pytest"},{"name":"language","value":"cpython3"},{"name":"package","value":"tests.test_footer"},{"name":"resultFormat","value":"allure2"}],"parameters":[{"name":"URL","value":"'https://magento.softwaretestingboard.com/'"}],"links":[],"hidden":false,"retry":false,"extra":{"severity":"normal","retries":[],"categories":[{"name":"Test defects","matchedStatuses":[],"flaky":false}],"history":{"statistic":{"failed":0,"broken":7,"skipped":0,"passed":0,"unknown":0,"total":7},"items":[{"uid":"81a6e5a3b404d211","reportUrl":"https://verafes.github.io/luma_project/627/#testresult/81a6e5a3b404d211","status":"broken","statusDetails":"selenium.common.exceptions.TimeoutException: Message: \nStacktrace:\n#0 0x55707bf7f19a <unknown>\n#1 0x55707b9fcc4b <unknown>\n#2 0x55707ba4e318 <unknown>\n#3 0x55707ba4e551 <unknown>\n#4 0x55707ba9c764 <unknown>\n#5 0x55707ba99bee <unknown>\n#6 0x55707ba40c42 <unknown>\n#7 0x55707ba418f1 <unknown>\n#8 0x55707bf47f39 <unknown>\n#9 0x55707bf4ae7d <unknown>\n#10 0x55707bf30c81 <unknown>\n#11 0x55707bf4ba5b <unknown>\n#12 0x55707bf17a50 <unknown>\n#13 0x55707bf6caa8 <unknown>\n#14 0x55707bf6cc79 <unknown>\n#15 0x55707bf7e4f3 <unknown>\n#16 0x7f82bfa9caa4 <unknown>\n#17 0x7f82bfb29c6c <unknown>","time":{"start":1766886391088,"stop":1766886396377,"duration":5289}},{"uid":"ac2416927e5cd16","reportUrl":"https://verafes.github.io/luma_project/626/#testresult/ac2416927e5cd16","status":"broken","statusDetails":"selenium.common.exceptions.TimeoutException: Message: \nStacktrace:\n#0 0x561969ba119a <unknown>\n#1 0x56196961ec4b <unknown>\n#2 0x561969670318 <unknown>\n#3 0x561969670551 <unknown>\n#4 0x5619696be764 <unknown>\n#5 0x5619696bbbee <unknown>\n#6 0x561969662c42 <unknown>\n#7 0x5619696638f1 <unknown>\n#8 0x561969b69f39 <unknown>\n#9 0x561969b6ce7d <unknown>\n#10 0x561969b52c81 <unknown>\n#11 0x561969b6da5b <unknown>\n#12 0x561969b39a50 <unknown>\n#13 0x561969b8eaa8 <unknown>\n#14 0x561969b8ec79 <unknown>\n#15 0x561969ba04f3 <unknown>\n#16 0x7f59bc69caa4 <unknown>\n#17 0x7f59bc729c6c <unknown>","time":{"start":1766280806833,"stop":1766280812111,"duration":5278}},{"uid":"6b3c506f996be1d8","reportUrl":"https://verafes.github.io/luma_project/625/#testresult/6b3c506f996be1d8","status":"broken","statusDetails":"selenium.common.exceptions.TimeoutException: Message: \nStacktrace:\n#0 0x55630d3f916a <unknown>\n#1 0x55630ce76c4b <unknown>\n#2 0x55630cec8318 <unknown>\n#3 0x55630cec8551 <unknown>\n#4 0x55630cf16764 <unknown>\n#5 0x55630cf13bee <unknown>\n#6 0x55630cebac42 <unknown>\n#7 0x55630cebb8f1 <unknown>\n#8 0x55630d3c1f09 <unknown>\n#9 0x55630d3c4e4d <unknown>\n#10 0x55630d3aac51 <unknown>\n#11 0x55630d3c5a2b <unknown>\n#12 0x55630d391a20 <unknown>\n#13 0x55630d3e6a78 <unknown>\n#14 0x55630d3e6c49 <unknown>\n#15 0x55630d3f84c3 <unknown>\n#16 0x7f214689caa4 <unknown>\n#17 0x7f2146929c6c <unknown>","time":{"start":1765676016471,"stop":1765676021886,"duration":5415}},{"uid":"5ff827d58a8255ed","reportUrl":"https://verafes.github.io/luma_project/624/#testresult/5ff827d58a8255ed","status":"broken","statusDetails":"selenium.common.exceptions.TimeoutException: Message: \nStacktrace:\n#0 0x5559765df4ca <unknown>\n#1 0x55597602de4b <unknown>\n#2 0x555976080814 <unknown>\n#3 0x555976080a51 <unknown>\n#4 0x5559760cfa44 <unknown>\n#5 0x5559760ccdf7 <unknown>\n#6 0x555976072c2a <unknown>\n#7 0x555976073931 <unknown>\n#8 0x5559765a5cf9 <unknown>\n#9 0x5559765a8cdc <unknown>\n#10 0x55597658ef79 <unknown>\n#11 0x5559765a98b5 <unknown>\n#12 0x5559765769c3 <unknown>\n#13 0x5559765cc228 <unknown>\n#14 0x5559765cc403 <unknown>\n#15 0x5559765de463 <unknown>\n#16 0x7fb8ef49caa4 <unknown>\n#17 0x7fb8ef529c6c <unknown>","time":{"start":1765071186976,"stop":1765071192240,"duration":5264}},{"uid":"d2ff4ac221a65aeb","reportUrl":"https://verafes.github.io/luma_project/623/#testresult/d2ff4ac221a65aeb","status":"broken","statusDetails":"selenium.common.exceptions.TimeoutException: Message: \nStacktrace:\n#0 0x562a7187d32a <unknown>\n#1 0x562a712c9e4b <unknown>\n#2 0x562a7131c82b <unknown>\n#3 0x562a7131ca61 <unknown>\n#4 0x562a7136ba44 <unknown>\n#5 0x562a71368df7 <unknown>\n#6 0x562a7130ec1a <unknown>\n#7 0x562a7130f921 <unknown>\n#8 0x562a71844239 <unknown>\n#9 0x562a718471e8 <unknown>\n#10 0x562a7182d4c9 <unknown>\n#11 0x562a71847db5 <unknown>\n#12 0x562a71814e93 <unknown>\n#13 0x562a7186a098 <unknown>\n#14 0x562a7186a273 <unknown>\n#15 0x562a7187c2c3 <unknown>\n#16 0x7f095a29caa4 <unknown>\n#17 0x7f095a329c6c <unknown>","time":{"start":1764466365494,"stop":1764466370663,"duration":5169}},{"uid":"8261b76d2f257b66","reportUrl":"https://verafes.github.io/luma_project/622/#testresult/8261b76d2f257b66","status":"broken","statusDetails":"selenium.common.exceptions.TimeoutException: Message: \nStacktrace:\n#0 0x56216d57f32a <unknown>\n#1 0x56216cfcbe4b <unknown>\n#2 0x56216d01e82b <unknown>\n#3 0x56216d01ea61 <unknown>\n#4 0x56216d06da44 <unknown>\n#5 0x56216d06adf7 <unknown>\n#6 0x56216d010c1a <unknown>\n#7 0x56216d011921 <unknown>\n#8 0x56216d546239 <unknown>\n#9 0x56216d5491e8 <unknown>\n#10 0x56216d52f4c9 <unknown>\n#11 0x56216d549db5 <unknown>\n#12 0x56216d516e93 <unknown>\n#13 0x56216d56c098 <unknown>\n#14 0x56216d56c273 <unknown>\n#15 0x56216d57e2c3 <unknown>\n#16 0x7f065249caa4 <unknown>\n#17 0x7f0652529c6c <unknown>","time":{"start":1763861615497,"stop":1763861620763,"duration":5266}}]},"tags":[]},"source":"58a457b9dcc4311d.json","parameterValues":["'https://magento.softwaretestingboard.com/'"]}