{"uid":"5d7fae7aa9015310","name":"TC 13.01.16 - Check correctness of the image in block 1 'home-pants' in the Promo Block","fullName":"tests.test_main_page.TestPromoBlock#test_tc_13_01_16_check_image_correctness_in_section2_block1","historyId":"baad3ca50e9b37c61d5c3fc0d0848f02","time":{"start":1767492057224,"stop":1767492057441,"duration":217},"description":"This test checks if the image in section 2 block 1 'home-pants' is correct","descriptionHtml":"<p>This test checks if the image in section 2 block 1 'home-pants' is correct</p>\n","status":"broken","statusMessage":"selenium.common.exceptions.NoSuchElementException: Message: no such element: Unable to locate element: {\"method\":\"css selector\",\"selector\":\".home-pants img\"}\n  (Session info: chrome=143.0.7499.109); For documentation on this error, please visit: https://www.selenium.dev/documentation/webdriver/troubleshooting/errors#no-such-element-exception\nStacktrace:\n#0 0x56356f87319a <unknown>\n#1 0x56356f2f0c4b <unknown>\n#2 0x56356f342318 <unknown>\n#3 0x56356f342551 <unknown>\n#4 0x56356f390764 <unknown>\n#5 0x56356f38dbee <unknown>\n#6 0x56356f334c42 <unknown>\n#7 0x56356f3358f1 <unknown>\n#8 0x56356f83bf39 <unknown>\n#9 0x56356f83ee7d <unknown>\n#10 0x56356f824c81 <unknown>\n#11 0x56356f83fa5b <unknown>\n#12 0x56356f80ba50 <unknown>\n#13 0x56356f860aa8 <unknown>\n#14 0x56356f860c79 <unknown>\n#15 0x56356f8724f3 <unknown>\n#16 0x7f6ec029caa4 <unknown>\n#17 0x7f6ec0329c6c <unknown>","statusTrace":"self = <test_main_page.TestMainPage.TestPromoBlock object at 0x7fa60090e0d0>\ndriver = <selenium.webdriver.chrome.webdriver.WebDriver (session=\"91e87b0d5c512a7961959900b15ff211\")>\n\n    @allure.title(\"TC 13.01.16 - Check correctness of the image in block 1 'home-pants' in the Promo Block\")\n    def test_tc_13_01_16_check_image_correctness_in_section2_block1(self, driver):\n        \"\"\"This test checks if the image in section 2 block 1 'home-pants' is correct\"\"\"\n        page = PromoBlock(driver, MAIN_PAGE_URL)\n        page.open()\n>       block1_image = page.find_element(self.locators.SECTION_2_BLOCK_1_IMAGE)\n\ntests/test_main_page.py:253: \n_ _ _ _ _ _ _ _ _ _ _ _ _ _ _ _ _ _ _ _ _ _ _ _ _ _ _ _ _ _ _ _ _ _ _ _ _ _ _ _ \npages/base_page.py:202: in find_element\n    return self.driver.find_element(*locator)\n/opt/hostedtoolcache/Python/3.11.14/x64/lib/python3.11/site-packages/selenium/webdriver/remote/webdriver.py:738: in find_element\n    return self.execute(Command.FIND_ELEMENT, {\"using\": by, \"value\": value})[\"value\"]\n/opt/hostedtoolcache/Python/3.11.14/x64/lib/python3.11/site-packages/selenium/webdriver/remote/webdriver.py:344: in execute\n    self.error_handler.check_response(response)\n_ _ _ _ _ _ _ _ _ _ _ _ _ _ _ _ _ _ _ _ _ _ _ _ _ _ _ _ _ _ _ _ _ _ _ _ _ _ _ _ \n\nself = <selenium.webdriver.remote.errorhandler.ErrorHandler object at 0x7fa602a62c90>\nresponse = {'status': 404, 'value': '{\"value\":{\"error\":\"no such element\",\"message\":\"no such element: Unable to locate element: {\\...\\\\n#15 0x56356f8724f3 \\\\u003Cunknown>\\\\n#16 0x7f6ec029caa4 \\\\u003Cunknown>\\\\n#17 0x7f6ec0329c6c \\\\u003Cunknown>\\\\n\"}}'}\n\n    def check_response(self, response: Dict[str, Any]) -> None:\n        \"\"\"Checks that a JSON response from the WebDriver does not have an\n        error.\n    \n        :Args:\n         - response - The JSON response from the WebDriver server as a dictionary\n           object.\n    \n        :Raises: If the response contains an error message.\n        \"\"\"\n        status = response.get(\"status\", None)\n        if not status or status == ErrorCode.SUCCESS:\n            return\n        value = None\n        message = response.get(\"message\", \"\")\n        screen: str = response.get(\"screen\", \"\")\n        stacktrace = None\n        if isinstance(status, int):\n            value_json = response.get(\"value\", None)\n            if value_json and isinstance(value_json, str):\n                import json\n    \n                try:\n                    value = json.loads(value_json)\n                    if len(value) == 1:\n                        value = value[\"value\"]\n                    status = value.get(\"error\", None)\n                    if not status:\n                        status = value.get(\"status\", ErrorCode.UNKNOWN_ERROR)\n                        message = value.get(\"value\") or value.get(\"message\")\n                        if not isinstance(message, str):\n                            value = message\n                            message = message.get(\"message\")\n                    else:\n                        message = value.get(\"message\", None)\n                except ValueError:\n                    pass\n    \n        exception_class: Type[WebDriverException]\n        e = ErrorCode()\n        error_codes = [item for item in dir(e) if not item.startswith(\"__\")]\n        for error_code in error_codes:\n            error_info = getattr(ErrorCode, error_code)\n            if isinstance(error_info, list) and status in error_info:\n                exception_class = getattr(ExceptionMapping, error_code, WebDriverException)\n                break\n        else:\n            exception_class = WebDriverException\n    \n        if not value:\n            value = response[\"value\"]\n        if isinstance(value, str):\n            raise exception_class(value)\n        if message == \"\" and \"message\" in value:\n            message = value[\"message\"]\n    \n        screen = None  # type: ignore[assignment]\n        if \"screen\" in value:\n            screen = value[\"screen\"]\n    \n        stacktrace = None\n        st_value = value.get(\"stackTrace\") or value.get(\"stacktrace\")\n        if st_value:\n            if isinstance(st_value, str):\n                stacktrace = st_value.split(\"\\n\")\n            else:\n                stacktrace = []\n                try:\n                    for frame in st_value:\n                        line = frame.get(\"lineNumber\", \"\")\n                        file = frame.get(\"fileName\", \"<anonymous>\")\n                        if line:\n                            file = f\"{file}:{line}\"\n                        meth = frame.get(\"methodName\", \"<anonymous>\")\n                        if \"className\" in frame:\n                            meth = f\"{frame['className']}.{meth}\"\n                        msg = \"    at %s (%s)\"\n                        msg = msg % (meth, file)\n                        stacktrace.append(msg)\n                except TypeError:\n                    pass\n        if exception_class == UnexpectedAlertPresentException:\n            alert_text = None\n            if \"data\" in value:\n                alert_text = value[\"data\"].get(\"text\")\n            elif \"alert\" in value:\n                alert_text = value[\"alert\"].get(\"text\")\n            raise exception_class(message, screen, stacktrace, alert_text)  # type: ignore[call-arg]  # mypy is not smart enough here\n>       raise exception_class(message, screen, stacktrace)\nE       selenium.common.exceptions.NoSuchElementException: Message: no such element: Unable to locate element: {\"method\":\"css selector\",\"selector\":\".home-pants img\"}\nE         (Session info: chrome=143.0.7499.109); For documentation on this error, please visit: https://www.selenium.dev/documentation/webdriver/troubleshooting/errors#no-such-element-exception\nE       Stacktrace:\nE       #0 0x56356f87319a <unknown>\nE       #1 0x56356f2f0c4b <unknown>\nE       #2 0x56356f342318 <unknown>\nE       #3 0x56356f342551 <unknown>\nE       #4 0x56356f390764 <unknown>\nE       #5 0x56356f38dbee <unknown>\nE       #6 0x56356f334c42 <unknown>\nE       #7 0x56356f3358f1 <unknown>\nE       #8 0x56356f83bf39 <unknown>\nE       #9 0x56356f83ee7d <unknown>\nE       #10 0x56356f824c81 <unknown>\nE       #11 0x56356f83fa5b <unknown>\nE       #12 0x56356f80ba50 <unknown>\nE       #13 0x56356f860aa8 <unknown>\nE       #14 0x56356f860c79 <unknown>\nE       #15 0x56356f8724f3 <unknown>\nE       #16 0x7f6ec029caa4 <unknown>\nE       #17 0x7f6ec0329c6c <unknown>\n\n/opt/hostedtoolcache/Python/3.11.14/x64/lib/python3.11/site-packages/selenium/webdriver/remote/errorhandler.py:229: NoSuchElementException","flaky":false,"newFailed":false,"newBroken":false,"newPassed":false,"retriesCount":0,"retriesStatusChange":false,"beforeStages":[{"name":"_session_faker","time":{"start":1767490944639,"stop":1767490944700,"duration":61},"status":"passed","steps":[],"attachments":[],"parameters":[],"stepsCount":0,"shouldDisplayMessage":false,"attachmentsCount":0,"hasContent":false,"attachmentStep":false},{"name":"clear_allure_result_folder","time":{"start":1767490944701,"stop":1767490944701,"duration":0},"status":"passed","steps":[],"attachments":[],"parameters":[],"stepsCount":0,"shouldDisplayMessage":false,"attachmentsCount":0,"hasContent":false,"attachmentStep":false},{"name":"driver","time":{"start":1767492056056,"stop":1767492057224,"duration":1168},"status":"passed","steps":[],"attachments":[],"parameters":[],"stepsCount":0,"shouldDisplayMessage":false,"attachmentsCount":0,"hasContent":false,"attachmentStep":false}],"testStage":{"description":"This test checks if the image in section 2 block 1 'home-pants' is correct","status":"broken","statusMessage":"selenium.common.exceptions.NoSuchElementException: Message: no such element: Unable to locate element: {\"method\":\"css selector\",\"selector\":\".home-pants img\"}\n  (Session info: chrome=143.0.7499.109); For documentation on this error, please visit: https://www.selenium.dev/documentation/webdriver/troubleshooting/errors#no-such-element-exception\nStacktrace:\n#0 0x56356f87319a <unknown>\n#1 0x56356f2f0c4b <unknown>\n#2 0x56356f342318 <unknown>\n#3 0x56356f342551 <unknown>\n#4 0x56356f390764 <unknown>\n#5 0x56356f38dbee <unknown>\n#6 0x56356f334c42 <unknown>\n#7 0x56356f3358f1 <unknown>\n#8 0x56356f83bf39 <unknown>\n#9 0x56356f83ee7d <unknown>\n#10 0x56356f824c81 <unknown>\n#11 0x56356f83fa5b <unknown>\n#12 0x56356f80ba50 <unknown>\n#13 0x56356f860aa8 <unknown>\n#14 0x56356f860c79 <unknown>\n#15 0x56356f8724f3 <unknown>\n#16 0x7f6ec029caa4 <unknown>\n#17 0x7f6ec0329c6c <unknown>","statusTrace":"self = <test_main_page.TestMainPage.TestPromoBlock object at 0x7fa60090e0d0>\ndriver = <selenium.webdriver.chrome.webdriver.WebDriver (session=\"91e87b0d5c512a7961959900b15ff211\")>\n\n    @allure.title(\"TC 13.01.16 - Check correctness of the image in block 1 'home-pants' in the Promo Block\")\n    def test_tc_13_01_16_check_image_correctness_in_section2_block1(self, driver):\n        \"\"\"This test checks if the image in section 2 block 1 'home-pants' is correct\"\"\"\n        page = PromoBlock(driver, MAIN_PAGE_URL)\n        page.open()\n>       block1_image = page.find_element(self.locators.SECTION_2_BLOCK_1_IMAGE)\n\ntests/test_main_page.py:253: \n_ _ _ _ _ _ _ _ _ _ _ _ _ _ _ _ _ _ _ _ _ _ _ _ _ _ _ _ _ _ _ _ _ _ _ _ _ _ _ _ \npages/base_page.py:202: in find_element\n    return self.driver.find_element(*locator)\n/opt/hostedtoolcache/Python/3.11.14/x64/lib/python3.11/site-packages/selenium/webdriver/remote/webdriver.py:738: in find_element\n    return self.execute(Command.FIND_ELEMENT, {\"using\": by, \"value\": value})[\"value\"]\n/opt/hostedtoolcache/Python/3.11.14/x64/lib/python3.11/site-packages/selenium/webdriver/remote/webdriver.py:344: in execute\n    self.error_handler.check_response(response)\n_ _ _ _ _ _ _ _ _ _ _ _ _ _ _ _ _ _ _ _ _ _ _ _ _ _ _ _ _ _ _ _ _ _ _ _ _ _ _ _ \n\nself = <selenium.webdriver.remote.errorhandler.ErrorHandler object at 0x7fa602a62c90>\nresponse = {'status': 404, 'value': '{\"value\":{\"error\":\"no such element\",\"message\":\"no such element: Unable to locate element: {\\...\\\\n#15 0x56356f8724f3 \\\\u003Cunknown>\\\\n#16 0x7f6ec029caa4 \\\\u003Cunknown>\\\\n#17 0x7f6ec0329c6c \\\\u003Cunknown>\\\\n\"}}'}\n\n    def check_response(self, response: Dict[str, Any]) -> None:\n        \"\"\"Checks that a JSON response from the WebDriver does not have an\n        error.\n    \n        :Args:\n         - response - The JSON response from the WebDriver server as a dictionary\n           object.\n    \n        :Raises: If the response contains an error message.\n        \"\"\"\n        status = response.get(\"status\", None)\n        if not status or status == ErrorCode.SUCCESS:\n            return\n        value = None\n        message = response.get(\"message\", \"\")\n        screen: str = response.get(\"screen\", \"\")\n        stacktrace = None\n        if isinstance(status, int):\n            value_json = response.get(\"value\", None)\n            if value_json and isinstance(value_json, str):\n                import json\n    \n                try:\n                    value = json.loads(value_json)\n                    if len(value) == 1:\n                        value = value[\"value\"]\n                    status = value.get(\"error\", None)\n                    if not status:\n                        status = value.get(\"status\", ErrorCode.UNKNOWN_ERROR)\n                        message = value.get(\"value\") or value.get(\"message\")\n                        if not isinstance(message, str):\n                            value = message\n                            message = message.get(\"message\")\n                    else:\n                        message = value.get(\"message\", None)\n                except ValueError:\n                    pass\n    \n        exception_class: Type[WebDriverException]\n        e = ErrorCode()\n        error_codes = [item for item in dir(e) if not item.startswith(\"__\")]\n        for error_code in error_codes:\n            error_info = getattr(ErrorCode, error_code)\n            if isinstance(error_info, list) and status in error_info:\n                exception_class = getattr(ExceptionMapping, error_code, WebDriverException)\n                break\n        else:\n            exception_class = WebDriverException\n    \n        if not value:\n            value = response[\"value\"]\n        if isinstance(value, str):\n            raise exception_class(value)\n        if message == \"\" and \"message\" in value:\n            message = value[\"message\"]\n    \n        screen = None  # type: ignore[assignment]\n        if \"screen\" in value:\n            screen = value[\"screen\"]\n    \n        stacktrace = None\n        st_value = value.get(\"stackTrace\") or value.get(\"stacktrace\")\n        if st_value:\n            if isinstance(st_value, str):\n                stacktrace = st_value.split(\"\\n\")\n            else:\n                stacktrace = []\n                try:\n                    for frame in st_value:\n                        line = frame.get(\"lineNumber\", \"\")\n                        file = frame.get(\"fileName\", \"<anonymous>\")\n                        if line:\n                            file = f\"{file}:{line}\"\n                        meth = frame.get(\"methodName\", \"<anonymous>\")\n                        if \"className\" in frame:\n                            meth = f\"{frame['className']}.{meth}\"\n                        msg = \"    at %s (%s)\"\n                        msg = msg % (meth, file)\n                        stacktrace.append(msg)\n                except TypeError:\n                    pass\n        if exception_class == UnexpectedAlertPresentException:\n            alert_text = None\n            if \"data\" in value:\n                alert_text = value[\"data\"].get(\"text\")\n            elif \"alert\" in value:\n                alert_text = value[\"alert\"].get(\"text\")\n            raise exception_class(message, screen, stacktrace, alert_text)  # type: ignore[call-arg]  # mypy is not smart enough here\n>       raise exception_class(message, screen, stacktrace)\nE       selenium.common.exceptions.NoSuchElementException: Message: no such element: Unable to locate element: {\"method\":\"css selector\",\"selector\":\".home-pants img\"}\nE         (Session info: chrome=143.0.7499.109); For documentation on this error, please visit: https://www.selenium.dev/documentation/webdriver/troubleshooting/errors#no-such-element-exception\nE       Stacktrace:\nE       #0 0x56356f87319a <unknown>\nE       #1 0x56356f2f0c4b <unknown>\nE       #2 0x56356f342318 <unknown>\nE       #3 0x56356f342551 <unknown>\nE       #4 0x56356f390764 <unknown>\nE       #5 0x56356f38dbee <unknown>\nE       #6 0x56356f334c42 <unknown>\nE       #7 0x56356f3358f1 <unknown>\nE       #8 0x56356f83bf39 <unknown>\nE       #9 0x56356f83ee7d <unknown>\nE       #10 0x56356f824c81 <unknown>\nE       #11 0x56356f83fa5b <unknown>\nE       #12 0x56356f80ba50 <unknown>\nE       #13 0x56356f860aa8 <unknown>\nE       #14 0x56356f860c79 <unknown>\nE       #15 0x56356f8724f3 <unknown>\nE       #16 0x7f6ec029caa4 <unknown>\nE       #17 0x7f6ec0329c6c <unknown>\n\n/opt/hostedtoolcache/Python/3.11.14/x64/lib/python3.11/site-packages/selenium/webdriver/remote/errorhandler.py:229: NoSuchElementException","steps":[{"name":"Open a browser","time":{"start":1767492057224,"stop":1767492057422,"duration":198},"status":"passed","steps":[],"attachments":[],"parameters":[],"stepsCount":0,"shouldDisplayMessage":false,"attachmentsCount":0,"hasContent":false,"attachmentStep":false},{"name":"Find element (unpacking)","time":{"start":1767492057422,"stop":1767492057440,"duration":18},"status":"broken","statusMessage":"selenium.common.exceptions.NoSuchElementException: Message: no such element: Unable to locate element: {\"method\":\"css selector\",\"selector\":\".home-pants img\"}\n  (Session info: chrome=143.0.7499.109); For documentation on this error, please visit: https://www.selenium.dev/documentation/webdriver/troubleshooting/errors#no-such-element-exception\nStacktrace:\n#0 0x56356f87319a <unknown>\n#1 0x56356f2f0c4b <unknown>\n#2 0x56356f342318 <unknown>\n#3 0x56356f342551 <unknown>\n#4 0x56356f390764 <unknown>\n#5 0x56356f38dbee <unknown>\n#6 0x56356f334c42 <unknown>\n#7 0x56356f3358f1 <unknown>\n#8 0x56356f83bf39 <unknown>\n#9 0x56356f83ee7d <unknown>\n#10 0x56356f824c81 <unknown>\n#11 0x56356f83fa5b <unknown>\n#12 0x56356f80ba50 <unknown>\n#13 0x56356f860aa8 <unknown>\n#14 0x56356f860c79 <unknown>\n#15 0x56356f8724f3 <unknown>\n#16 0x7f6ec029caa4 <unknown>\n#17 0x7f6ec0329c6c <unknown>\n\n","statusTrace":"  File \"/opt/hostedtoolcache/Python/3.11.14/x64/lib/python3.11/site-packages/allure_commons/_allure.py\", line 192, in impl\n    return func(*a, **kw)\n           ^^^^^^^^^^^^^^\n  File \"/home/runner/work/luma_project/luma_project/pages/base_page.py\", line 202, in find_element\n    return self.driver.find_element(*locator)\n           ^^^^^^^^^^^^^^^^^^^^^^^^^^^^^^^^^^\n  File \"/opt/hostedtoolcache/Python/3.11.14/x64/lib/python3.11/site-packages/selenium/webdriver/remote/webdriver.py\", line 738, in find_element\n    return self.execute(Command.FIND_ELEMENT, {\"using\": by, \"value\": value})[\"value\"]\n           ^^^^^^^^^^^^^^^^^^^^^^^^^^^^^^^^^^^^^^^^^^^^^^^^^^^^^^^^^^^^^^^^^\n  File \"/opt/hostedtoolcache/Python/3.11.14/x64/lib/python3.11/site-packages/selenium/webdriver/remote/webdriver.py\", line 344, in execute\n    self.error_handler.check_response(response)\n  File \"/opt/hostedtoolcache/Python/3.11.14/x64/lib/python3.11/site-packages/selenium/webdriver/remote/errorhandler.py\", line 229, in check_response\n    raise exception_class(message, screen, stacktrace)\n","steps":[],"attachments":[],"parameters":[{"name":"locator","value":"('css selector', '.home-pants img')"}],"stepsCount":0,"shouldDisplayMessage":true,"attachmentsCount":0,"hasContent":true,"attachmentStep":false}],"attachments":[{"uid":"58b527c004a68491","name":"Screenshot","source":"58b527c004a68491.png","type":"image/png","size":95891},{"uid":"b81053e04a050bc","name":"HTML source","source":"b81053e04a050bc.html","type":"text/html","size":7070}],"parameters":[],"stepsCount":2,"shouldDisplayMessage":true,"attachmentsCount":2,"hasContent":true,"attachmentStep":false},"afterStages":[{"name":"driver::0","time":{"start":1767492057576,"stop":1767492057635,"duration":59},"status":"passed","steps":[],"attachments":[],"parameters":[],"stepsCount":0,"shouldDisplayMessage":false,"attachmentsCount":0,"hasContent":false,"attachmentStep":false},{"name":"clear_allure_result_folder::0","time":{"start":1767493336748,"stop":1767493336748,"duration":0},"status":"passed","steps":[],"attachments":[],"parameters":[],"stepsCount":0,"shouldDisplayMessage":false,"attachmentsCount":0,"hasContent":false,"attachmentStep":false}],"labels":[{"name":"epic","value":"Main Page"},{"name":"feature","value":"Promo Block Testing"},{"name":"parentSuite","value":"tests"},{"name":"suite","value":"test_main_page"},{"name":"subSuite","value":"TestMainPage"},{"name":"host","value":"runnervmh13bl"},{"name":"thread","value":"3003-MainThread"},{"name":"framework","value":"pytest"},{"name":"language","value":"cpython3"},{"name":"package","value":"tests.test_main_page"},{"name":"resultFormat","value":"allure2"}],"parameters":[],"links":[],"hidden":false,"retry":false,"extra":{"severity":"normal","retries":[],"categories":[{"name":"Test defects","matchedStatuses":[],"flaky":false}],"history":{"statistic":{"failed":0,"broken":7,"skipped":0,"passed":0,"unknown":0,"total":7},"items":[{"uid":"498fe13f2c2c73fe","reportUrl":"https://verafes.github.io/luma_project/627/#testresult/498fe13f2c2c73fe","status":"broken","statusDetails":"selenium.common.exceptions.NoSuchElementException: Message: no such element: Unable to locate element: {\"method\":\"css selector\",\"selector\":\".home-pants img\"}\n  (Session info: chrome=143.0.7499.109); For documentation on this error, please visit: https://www.selenium.dev/documentation/webdriver/troubleshooting/errors#no-such-element-exception\nStacktrace:\n#0 0x556bed0c819a <unknown>\n#1 0x556becb45c4b <unknown>\n#2 0x556becb97318 <unknown>\n#3 0x556becb97551 <unknown>\n#4 0x556becbe5764 <unknown>\n#5 0x556becbe2bee <unknown>\n#6 0x556becb89c42 <unknown>\n#7 0x556becb8a8f1 <unknown>\n#8 0x556bed090f39 <unknown>\n#9 0x556bed093e7d <unknown>\n#10 0x556bed079c81 <unknown>\n#11 0x556bed094a5b <unknown>\n#12 0x556bed060a50 <unknown>\n#13 0x556bed0b5aa8 <unknown>\n#14 0x556bed0b5c79 <unknown>\n#15 0x556bed0c74f3 <unknown>\n#16 0x7f6e8309caa4 <unknown>\n#17 0x7f6e83129c6c <unknown>","time":{"start":1766887212932,"stop":1766887213112,"duration":180}},{"uid":"4924f2c965894708","reportUrl":"https://verafes.github.io/luma_project/626/#testresult/4924f2c965894708","status":"broken","statusDetails":"selenium.common.exceptions.NoSuchElementException: Message: no such element: Unable to locate element: {\"method\":\"css selector\",\"selector\":\".home-pants img\"}\n  (Session info: chrome=143.0.7499.109); For documentation on this error, please visit: https://www.selenium.dev/documentation/webdriver/troubleshooting/errors#no-such-element-exception\nStacktrace:\n#0 0x5564cfe3819a <unknown>\n#1 0x5564cf8b5c4b <unknown>\n#2 0x5564cf907318 <unknown>\n#3 0x5564cf907551 <unknown>\n#4 0x5564cf955764 <unknown>\n#5 0x5564cf952bee <unknown>\n#6 0x5564cf8f9c42 <unknown>\n#7 0x5564cf8fa8f1 <unknown>\n#8 0x5564cfe00f39 <unknown>\n#9 0x5564cfe03e7d <unknown>\n#10 0x5564cfde9c81 <unknown>\n#11 0x5564cfe04a5b <unknown>\n#12 0x5564cfdd0a50 <unknown>\n#13 0x5564cfe25aa8 <unknown>\n#14 0x5564cfe25c79 <unknown>\n#15 0x5564cfe374f3 <unknown>\n#16 0x7fd94ae9caa4 <unknown>\n#17 0x7fd94af29c6c <unknown>","time":{"start":1766281624087,"stop":1766281624304,"duration":217}},{"uid":"21946e2fdb6f0bb","reportUrl":"https://verafes.github.io/luma_project/625/#testresult/21946e2fdb6f0bb","status":"broken","statusDetails":"selenium.common.exceptions.NoSuchElementException: Message: no such element: Unable to locate element: {\"method\":\"css selector\",\"selector\":\".home-pants img\"}\n  (Session info: chrome=143.0.7499.40); For documentation on this error, please visit: https://www.selenium.dev/documentation/webdriver/troubleshooting/errors#no-such-element-exception\nStacktrace:\n#0 0x5644ebc3016a <unknown>\n#1 0x5644eb6adc4b <unknown>\n#2 0x5644eb6ff318 <unknown>\n#3 0x5644eb6ff551 <unknown>\n#4 0x5644eb74d764 <unknown>\n#5 0x5644eb74abee <unknown>\n#6 0x5644eb6f1c42 <unknown>\n#7 0x5644eb6f28f1 <unknown>\n#8 0x5644ebbf8f09 <unknown>\n#9 0x5644ebbfbe4d <unknown>\n#10 0x5644ebbe1c51 <unknown>\n#11 0x5644ebbfca2b <unknown>\n#12 0x5644ebbc8a20 <unknown>\n#13 0x5644ebc1da78 <unknown>\n#14 0x5644ebc1dc49 <unknown>\n#15 0x5644ebc2f4c3 <unknown>\n#16 0x7ff63549caa4 <unknown>\n#17 0x7ff635529c6c <unknown>","time":{"start":1765676836518,"stop":1765676836744,"duration":226}},{"uid":"d2bc461e3a38909d","reportUrl":"https://verafes.github.io/luma_project/624/#testresult/d2bc461e3a38909d","status":"broken","statusDetails":"selenium.common.exceptions.NoSuchElementException: Message: no such element: Unable to locate element: {\"method\":\"css selector\",\"selector\":\".home-pants img\"}\n  (Session info: chrome=142.0.7444.175); For documentation on this error, please visit: https://www.selenium.dev/documentation/webdriver/troubleshooting/errors#no-such-element-exception\nStacktrace:\n#0 0x555c7c3f74ca <unknown>\n#1 0x555c7be45e4b <unknown>\n#2 0x555c7be98814 <unknown>\n#3 0x555c7be98a51 <unknown>\n#4 0x555c7bee7a44 <unknown>\n#5 0x555c7bee4df7 <unknown>\n#6 0x555c7be8ac2a <unknown>\n#7 0x555c7be8b931 <unknown>\n#8 0x555c7c3bdcf9 <unknown>\n#9 0x555c7c3c0cdc <unknown>\n#10 0x555c7c3a6f79 <unknown>\n#11 0x555c7c3c18b5 <unknown>\n#12 0x555c7c38e9c3 <unknown>\n#13 0x555c7c3e4228 <unknown>\n#14 0x555c7c3e4403 <unknown>\n#15 0x555c7c3f6463 <unknown>\n#16 0x7f27f6e9caa4 <unknown>\n#17 0x7f27f6f29c6c <unknown>","time":{"start":1765072007108,"stop":1765072007254,"duration":146}},{"uid":"c0f98346e3ca7822","reportUrl":"https://verafes.github.io/luma_project/623/#testresult/c0f98346e3ca7822","status":"broken","statusDetails":"selenium.common.exceptions.NoSuchElementException: Message: no such element: Unable to locate element: {\"method\":\"css selector\",\"selector\":\".home-pants img\"}\n  (Session info: chrome=142.0.7444.162); For documentation on this error, please visit: https://www.selenium.dev/documentation/webdriver/troubleshooting/errors#no-such-element-exception\nStacktrace:\n#0 0x5587b2d2632a <unknown>\n#1 0x5587b2772e4b <unknown>\n#2 0x5587b27c582b <unknown>\n#3 0x5587b27c5a61 <unknown>\n#4 0x5587b2814a44 <unknown>\n#5 0x5587b2811df7 <unknown>\n#6 0x5587b27b7c1a <unknown>\n#7 0x5587b27b8921 <unknown>\n#8 0x5587b2ced239 <unknown>\n#9 0x5587b2cf01e8 <unknown>\n#10 0x5587b2cd64c9 <unknown>\n#11 0x5587b2cf0db5 <unknown>\n#12 0x5587b2cbde93 <unknown>\n#13 0x5587b2d13098 <unknown>\n#14 0x5587b2d13273 <unknown>\n#15 0x5587b2d252c3 <unknown>\n#16 0x7f6920a9caa4 <unknown>\n#17 0x7f6920b29c6c <unknown>","time":{"start":1764467186118,"stop":1764467186257,"duration":139}},{"uid":"21724f5abfbfbfab","reportUrl":"https://verafes.github.io/luma_project/622/#testresult/21724f5abfbfbfab","status":"broken","statusDetails":"selenium.common.exceptions.NoSuchElementException: Message: no such element: Unable to locate element: {\"method\":\"css selector\",\"selector\":\".home-pants img\"}\n  (Session info: chrome=142.0.7444.162); For documentation on this error, please visit: https://www.selenium.dev/documentation/webdriver/troubleshooting/errors#no-such-element-exception\nStacktrace:\n#0 0x55a94a6a132a <unknown>\n#1 0x55a94a0ede4b <unknown>\n#2 0x55a94a14082b <unknown>\n#3 0x55a94a140a61 <unknown>\n#4 0x55a94a18fa44 <unknown>\n#5 0x55a94a18cdf7 <unknown>\n#6 0x55a94a132c1a <unknown>\n#7 0x55a94a133921 <unknown>\n#8 0x55a94a668239 <unknown>\n#9 0x55a94a66b1e8 <unknown>\n#10 0x55a94a6514c9 <unknown>\n#11 0x55a94a66bdb5 <unknown>\n#12 0x55a94a638e93 <unknown>\n#13 0x55a94a68e098 <unknown>\n#14 0x55a94a68e273 <unknown>\n#15 0x55a94a6a02c3 <unknown>\n#16 0x7f34cf69caa4 <unknown>\n#17 0x7f34cf729c6c <unknown>","time":{"start":1763862439263,"stop":1763862439482,"duration":219}}]},"tags":[]},"source":"5d7fae7aa9015310.json","parameterValues":[]}