{"uid":"6e553541cbddc8cf","name":"TC 01.03.26 correctness \"Shorts\" link","fullName":"tests.test_header.TestHeader#test_tc_01_03_26_correctness_shorts_link","historyId":"f3d4e02e92f023e9b5c3876381901cbf","time":{"start":1767491672166,"stop":1767491677983,"duration":5817},"description":"Check 'Shorts' subsection link in 'Men' section click redirects to the Shorts page and             the 'Shorts' header is displayed","descriptionHtml":"<p>Check 'Shorts' subsection link in 'Men' section click redirects to the Shorts page and             the 'Shorts' header is displayed</p>\n","status":"broken","statusMessage":"selenium.common.exceptions.TimeoutException: Message: \nStacktrace:\n#0 0x564652a6119a <unknown>\n#1 0x5646524dec4b <unknown>\n#2 0x564652530318 <unknown>\n#3 0x564652530551 <unknown>\n#4 0x56465257e764 <unknown>\n#5 0x56465257bbee <unknown>\n#6 0x564652522c42 <unknown>\n#7 0x5646525238f1 <unknown>\n#8 0x564652a29f39 <unknown>\n#9 0x564652a2ce7d <unknown>\n#10 0x564652a12c81 <unknown>\n#11 0x564652a2da5b <unknown>\n#12 0x5646529f9a50 <unknown>\n#13 0x564652a4eaa8 <unknown>\n#14 0x564652a4ec79 <unknown>\n#15 0x564652a604f3 <unknown>\n#16 0x7f582b29caa4 <unknown>\n#17 0x7f582b329c6c <unknown>","statusTrace":"self = <test_header.TestHeader object at 0x7fa60085b950>\ndriver = <selenium.webdriver.chrome.webdriver.WebDriver (session=\"dba32f8c1317215a23f34d2c1b111b36\")>\n\n    @allure.title('TC 01.03.26 correctness \"Shorts\" link')\n    def test_tc_01_03_26_correctness_shorts_link(self, driver):\n        \"\"\"Check 'Shorts' subsection link in 'Men' section click redirects to the Shorts page and \\\n            the 'Shorts' header is displayed\"\"\"\n        page = HeaderPage(driver, MAIN_PAGE_URL)\n        page.open()\n>       page.check_men_shorts_subsection_link()\n\ntests/test_header.py:231: \n_ _ _ _ _ _ _ _ _ _ _ _ _ _ _ _ _ _ _ _ _ _ _ _ _ _ _ _ _ _ _ _ _ _ _ _ _ _ _ _ \npages/header_page.py:174: in check_men_shorts_subsection_link\n    self.action_move_to_element(self.element_is_visible(self.header_locators.MEN_SECTION))\npages/base_page.py:30: in element_is_visible\n    self.go_to_element(self.element_is_present(locator))\npages/base_page.py:51: in element_is_present\n    return wait(self.driver, timeout).until(EC.presence_of_element_located(locator))\n_ _ _ _ _ _ _ _ _ _ _ _ _ _ _ _ _ _ _ _ _ _ _ _ _ _ _ _ _ _ _ _ _ _ _ _ _ _ _ _ \n\nself = <selenium.webdriver.support.wait.WebDriverWait (session=\"dba32f8c1317215a23f34d2c1b111b36\")>\nmethod = <function presence_of_element_located.<locals>._predicate at 0x7fa6025a6340>\nmessage = ''\n\n    def until(self, method, message: str = \"\"):\n        \"\"\"Calls the method provided with the driver as an argument until the \\\n        return value does not evaluate to ``False``.\n    \n        :param method: callable(WebDriver)\n        :param message: optional message for :exc:`TimeoutException`\n        :returns: the result of the last call to `method`\n        :raises: :exc:`selenium.common.exceptions.TimeoutException` if timeout occurs\n        \"\"\"\n        screen = None\n        stacktrace = None\n    \n        end_time = time.monotonic() + self._timeout\n        while True:\n            try:\n                value = method(self._driver)\n                if value:\n                    return value\n            except self._ignored_exceptions as exc:\n                screen = getattr(exc, \"screen\", None)\n                stacktrace = getattr(exc, \"stacktrace\", None)\n            time.sleep(self._poll)\n            if time.monotonic() > end_time:\n                break\n>       raise TimeoutException(message, screen, stacktrace)\nE       selenium.common.exceptions.TimeoutException: Message: \nE       Stacktrace:\nE       #0 0x564652a6119a <unknown>\nE       #1 0x5646524dec4b <unknown>\nE       #2 0x564652530318 <unknown>\nE       #3 0x564652530551 <unknown>\nE       #4 0x56465257e764 <unknown>\nE       #5 0x56465257bbee <unknown>\nE       #6 0x564652522c42 <unknown>\nE       #7 0x5646525238f1 <unknown>\nE       #8 0x564652a29f39 <unknown>\nE       #9 0x564652a2ce7d <unknown>\nE       #10 0x564652a12c81 <unknown>\nE       #11 0x564652a2da5b <unknown>\nE       #12 0x5646529f9a50 <unknown>\nE       #13 0x564652a4eaa8 <unknown>\nE       #14 0x564652a4ec79 <unknown>\nE       #15 0x564652a604f3 <unknown>\nE       #16 0x7f582b29caa4 <unknown>\nE       #17 0x7f582b329c6c <unknown>\n\n/opt/hostedtoolcache/Python/3.11.14/x64/lib/python3.11/site-packages/selenium/webdriver/support/wait.py:95: TimeoutException","flaky":false,"newFailed":false,"newBroken":false,"newPassed":false,"retriesCount":0,"retriesStatusChange":false,"beforeStages":[{"name":"_session_faker","time":{"start":1767490944639,"stop":1767490944700,"duration":61},"status":"passed","steps":[],"attachments":[],"parameters":[],"stepsCount":0,"shouldDisplayMessage":false,"attachmentsCount":0,"hasContent":false,"attachmentStep":false},{"name":"clear_allure_result_folder","time":{"start":1767490944701,"stop":1767490944701,"duration":0},"status":"passed","steps":[],"attachments":[],"parameters":[],"stepsCount":0,"shouldDisplayMessage":false,"attachmentsCount":0,"hasContent":false,"attachmentStep":false},{"name":"driver","time":{"start":1767491671008,"stop":1767491672165,"duration":1157},"status":"passed","steps":[],"attachments":[],"parameters":[],"stepsCount":0,"shouldDisplayMessage":false,"attachmentsCount":0,"hasContent":false,"attachmentStep":false}],"testStage":{"description":"Check 'Shorts' subsection link in 'Men' section click redirects to the Shorts page and             the 'Shorts' header is displayed","status":"broken","statusMessage":"selenium.common.exceptions.TimeoutException: Message: \nStacktrace:\n#0 0x564652a6119a <unknown>\n#1 0x5646524dec4b <unknown>\n#2 0x564652530318 <unknown>\n#3 0x564652530551 <unknown>\n#4 0x56465257e764 <unknown>\n#5 0x56465257bbee <unknown>\n#6 0x564652522c42 <unknown>\n#7 0x5646525238f1 <unknown>\n#8 0x564652a29f39 <unknown>\n#9 0x564652a2ce7d <unknown>\n#10 0x564652a12c81 <unknown>\n#11 0x564652a2da5b <unknown>\n#12 0x5646529f9a50 <unknown>\n#13 0x564652a4eaa8 <unknown>\n#14 0x564652a4ec79 <unknown>\n#15 0x564652a604f3 <unknown>\n#16 0x7f582b29caa4 <unknown>\n#17 0x7f582b329c6c <unknown>","statusTrace":"self = <test_header.TestHeader object at 0x7fa60085b950>\ndriver = <selenium.webdriver.chrome.webdriver.WebDriver (session=\"dba32f8c1317215a23f34d2c1b111b36\")>\n\n    @allure.title('TC 01.03.26 correctness \"Shorts\" link')\n    def test_tc_01_03_26_correctness_shorts_link(self, driver):\n        \"\"\"Check 'Shorts' subsection link in 'Men' section click redirects to the Shorts page and \\\n            the 'Shorts' header is displayed\"\"\"\n        page = HeaderPage(driver, MAIN_PAGE_URL)\n        page.open()\n>       page.check_men_shorts_subsection_link()\n\ntests/test_header.py:231: \n_ _ _ _ _ _ _ _ _ _ _ _ _ _ _ _ _ _ _ _ _ _ _ _ _ _ _ _ _ _ _ _ _ _ _ _ _ _ _ _ \npages/header_page.py:174: in check_men_shorts_subsection_link\n    self.action_move_to_element(self.element_is_visible(self.header_locators.MEN_SECTION))\npages/base_page.py:30: in element_is_visible\n    self.go_to_element(self.element_is_present(locator))\npages/base_page.py:51: in element_is_present\n    return wait(self.driver, timeout).until(EC.presence_of_element_located(locator))\n_ _ _ _ _ _ _ _ _ _ _ _ _ _ _ _ _ _ _ _ _ _ _ _ _ _ _ _ _ _ _ _ _ _ _ _ _ _ _ _ \n\nself = <selenium.webdriver.support.wait.WebDriverWait (session=\"dba32f8c1317215a23f34d2c1b111b36\")>\nmethod = <function presence_of_element_located.<locals>._predicate at 0x7fa6025a6340>\nmessage = ''\n\n    def until(self, method, message: str = \"\"):\n        \"\"\"Calls the method provided with the driver as an argument until the \\\n        return value does not evaluate to ``False``.\n    \n        :param method: callable(WebDriver)\n        :param message: optional message for :exc:`TimeoutException`\n        :returns: the result of the last call to `method`\n        :raises: :exc:`selenium.common.exceptions.TimeoutException` if timeout occurs\n        \"\"\"\n        screen = None\n        stacktrace = None\n    \n        end_time = time.monotonic() + self._timeout\n        while True:\n            try:\n                value = method(self._driver)\n                if value:\n                    return value\n            except self._ignored_exceptions as exc:\n                screen = getattr(exc, \"screen\", None)\n                stacktrace = getattr(exc, \"stacktrace\", None)\n            time.sleep(self._poll)\n            if time.monotonic() > end_time:\n                break\n>       raise TimeoutException(message, screen, stacktrace)\nE       selenium.common.exceptions.TimeoutException: Message: \nE       Stacktrace:\nE       #0 0x564652a6119a <unknown>\nE       #1 0x5646524dec4b <unknown>\nE       #2 0x564652530318 <unknown>\nE       #3 0x564652530551 <unknown>\nE       #4 0x56465257e764 <unknown>\nE       #5 0x56465257bbee <unknown>\nE       #6 0x564652522c42 <unknown>\nE       #7 0x5646525238f1 <unknown>\nE       #8 0x564652a29f39 <unknown>\nE       #9 0x564652a2ce7d <unknown>\nE       #10 0x564652a12c81 <unknown>\nE       #11 0x564652a2da5b <unknown>\nE       #12 0x5646529f9a50 <unknown>\nE       #13 0x564652a4eaa8 <unknown>\nE       #14 0x564652a4ec79 <unknown>\nE       #15 0x564652a604f3 <unknown>\nE       #16 0x7f582b29caa4 <unknown>\nE       #17 0x7f582b329c6c <unknown>\n\n/opt/hostedtoolcache/Python/3.11.14/x64/lib/python3.11/site-packages/selenium/webdriver/support/wait.py:95: TimeoutException","steps":[{"name":"Open a browser","time":{"start":1767491672166,"stop":1767491672883,"duration":717},"status":"passed","steps":[],"attachments":[],"parameters":[],"stepsCount":0,"shouldDisplayMessage":false,"attachmentsCount":0,"hasContent":false,"attachmentStep":false},{"name":"Check the \"Shorts\" link of the \"Men\" section","time":{"start":1767491672884,"stop":1767491677982,"duration":5098},"status":"broken","statusMessage":"selenium.common.exceptions.TimeoutException: Message: \nStacktrace:\n#0 0x564652a6119a <unknown>\n#1 0x5646524dec4b <unknown>\n#2 0x564652530318 <unknown>\n#3 0x564652530551 <unknown>\n#4 0x56465257e764 <unknown>\n#5 0x56465257bbee <unknown>\n#6 0x564652522c42 <unknown>\n#7 0x5646525238f1 <unknown>\n#8 0x564652a29f39 <unknown>\n#9 0x564652a2ce7d <unknown>\n#10 0x564652a12c81 <unknown>\n#11 0x564652a2da5b <unknown>\n#12 0x5646529f9a50 <unknown>\n#13 0x564652a4eaa8 <unknown>\n#14 0x564652a4ec79 <unknown>\n#15 0x564652a604f3 <unknown>\n#16 0x7f582b29caa4 <unknown>\n#17 0x7f582b329c6c <unknown>\n\n","statusTrace":"  File \"/opt/hostedtoolcache/Python/3.11.14/x64/lib/python3.11/site-packages/allure_commons/_allure.py\", line 192, in impl\n    return func(*a, **kw)\n           ^^^^^^^^^^^^^^\n  File \"/home/runner/work/luma_project/luma_project/pages/header_page.py\", line 174, in check_men_shorts_subsection_link\n    self.action_move_to_element(self.element_is_visible(self.header_locators.MEN_SECTION))\n                                ^^^^^^^^^^^^^^^^^^^^^^^^^^^^^^^^^^^^^^^^^^^^^^^^^^^^^^^^^\n  File \"/opt/hostedtoolcache/Python/3.11.14/x64/lib/python3.11/site-packages/allure_commons/_allure.py\", line 192, in impl\n    return func(*a, **kw)\n           ^^^^^^^^^^^^^^\n  File \"/home/runner/work/luma_project/luma_project/pages/base_page.py\", line 30, in element_is_visible\n    self.go_to_element(self.element_is_present(locator))\n                       ^^^^^^^^^^^^^^^^^^^^^^^^^^^^^^^^\n  File \"/opt/hostedtoolcache/Python/3.11.14/x64/lib/python3.11/site-packages/allure_commons/_allure.py\", line 192, in impl\n    return func(*a, **kw)\n           ^^^^^^^^^^^^^^\n  File \"/home/runner/work/luma_project/luma_project/pages/base_page.py\", line 51, in element_is_present\n    return wait(self.driver, timeout).until(EC.presence_of_element_located(locator))\n           ^^^^^^^^^^^^^^^^^^^^^^^^^^^^^^^^^^^^^^^^^^^^^^^^^^^^^^^^^^^^^^^^^^^^^^^^^\n  File \"/opt/hostedtoolcache/Python/3.11.14/x64/lib/python3.11/site-packages/selenium/webdriver/support/wait.py\", line 95, in until\n    raise TimeoutException(message, screen, stacktrace)\n","steps":[{"name":"Find a visible element","time":{"start":1767491672884,"stop":1767491677982,"duration":5098},"status":"broken","statusMessage":"selenium.common.exceptions.TimeoutException: Message: \nStacktrace:\n#0 0x564652a6119a <unknown>\n#1 0x5646524dec4b <unknown>\n#2 0x564652530318 <unknown>\n#3 0x564652530551 <unknown>\n#4 0x56465257e764 <unknown>\n#5 0x56465257bbee <unknown>\n#6 0x564652522c42 <unknown>\n#7 0x5646525238f1 <unknown>\n#8 0x564652a29f39 <unknown>\n#9 0x564652a2ce7d <unknown>\n#10 0x564652a12c81 <unknown>\n#11 0x564652a2da5b <unknown>\n#12 0x5646529f9a50 <unknown>\n#13 0x564652a4eaa8 <unknown>\n#14 0x564652a4ec79 <unknown>\n#15 0x564652a604f3 <unknown>\n#16 0x7f582b29caa4 <unknown>\n#17 0x7f582b329c6c <unknown>\n\n","statusTrace":"  File \"/opt/hostedtoolcache/Python/3.11.14/x64/lib/python3.11/site-packages/allure_commons/_allure.py\", line 192, in impl\n    return func(*a, **kw)\n           ^^^^^^^^^^^^^^\n  File \"/home/runner/work/luma_project/luma_project/pages/base_page.py\", line 30, in element_is_visible\n    self.go_to_element(self.element_is_present(locator))\n                       ^^^^^^^^^^^^^^^^^^^^^^^^^^^^^^^^\n  File \"/opt/hostedtoolcache/Python/3.11.14/x64/lib/python3.11/site-packages/allure_commons/_allure.py\", line 192, in impl\n    return func(*a, **kw)\n           ^^^^^^^^^^^^^^\n  File \"/home/runner/work/luma_project/luma_project/pages/base_page.py\", line 51, in element_is_present\n    return wait(self.driver, timeout).until(EC.presence_of_element_located(locator))\n           ^^^^^^^^^^^^^^^^^^^^^^^^^^^^^^^^^^^^^^^^^^^^^^^^^^^^^^^^^^^^^^^^^^^^^^^^^\n  File \"/opt/hostedtoolcache/Python/3.11.14/x64/lib/python3.11/site-packages/selenium/webdriver/support/wait.py\", line 95, in until\n    raise TimeoutException(message, screen, stacktrace)\n","steps":[{"name":"Find a present element","time":{"start":1767491672884,"stop":1767491677982,"duration":5098},"status":"broken","statusMessage":"selenium.common.exceptions.TimeoutException: Message: \nStacktrace:\n#0 0x564652a6119a <unknown>\n#1 0x5646524dec4b <unknown>\n#2 0x564652530318 <unknown>\n#3 0x564652530551 <unknown>\n#4 0x56465257e764 <unknown>\n#5 0x56465257bbee <unknown>\n#6 0x564652522c42 <unknown>\n#7 0x5646525238f1 <unknown>\n#8 0x564652a29f39 <unknown>\n#9 0x564652a2ce7d <unknown>\n#10 0x564652a12c81 <unknown>\n#11 0x564652a2da5b <unknown>\n#12 0x5646529f9a50 <unknown>\n#13 0x564652a4eaa8 <unknown>\n#14 0x564652a4ec79 <unknown>\n#15 0x564652a604f3 <unknown>\n#16 0x7f582b29caa4 <unknown>\n#17 0x7f582b329c6c <unknown>\n\n","statusTrace":"  File \"/opt/hostedtoolcache/Python/3.11.14/x64/lib/python3.11/site-packages/allure_commons/_allure.py\", line 192, in impl\n    return func(*a, **kw)\n           ^^^^^^^^^^^^^^\n  File \"/home/runner/work/luma_project/luma_project/pages/base_page.py\", line 51, in element_is_present\n    return wait(self.driver, timeout).until(EC.presence_of_element_located(locator))\n           ^^^^^^^^^^^^^^^^^^^^^^^^^^^^^^^^^^^^^^^^^^^^^^^^^^^^^^^^^^^^^^^^^^^^^^^^^\n  File \"/opt/hostedtoolcache/Python/3.11.14/x64/lib/python3.11/site-packages/selenium/webdriver/support/wait.py\", line 95, in until\n    raise TimeoutException(message, screen, stacktrace)\n","steps":[],"attachments":[],"parameters":[{"name":"locator","value":"('id', 'ui-id-5')"},{"name":"timeout","value":"5"}],"stepsCount":0,"shouldDisplayMessage":true,"attachmentsCount":0,"hasContent":true,"attachmentStep":false}],"attachments":[],"parameters":[{"name":"locator","value":"('id', 'ui-id-5')"},{"name":"timeout","value":"10"}],"stepsCount":1,"shouldDisplayMessage":false,"attachmentsCount":0,"hasContent":true,"attachmentStep":false}],"attachments":[],"parameters":[],"stepsCount":2,"shouldDisplayMessage":false,"attachmentsCount":0,"hasContent":true,"attachmentStep":false}],"attachments":[{"uid":"f3059272b753df18","name":"Screenshot","source":"f3059272b753df18.png","type":"image/png","size":95913},{"uid":"eb84600fe636b8c8","name":"HTML source","source":"eb84600fe636b8c8.html","type":"text/html","size":7069}],"parameters":[],"stepsCount":4,"shouldDisplayMessage":true,"attachmentsCount":2,"hasContent":true,"attachmentStep":false},"afterStages":[{"name":"driver::0","time":{"start":1767491678081,"stop":1767491678140,"duration":59},"status":"passed","steps":[],"attachments":[],"parameters":[],"stepsCount":0,"shouldDisplayMessage":false,"attachmentsCount":0,"hasContent":false,"attachmentStep":false},{"name":"clear_allure_result_folder::0","time":{"start":1767493336748,"stop":1767493336748,"duration":0},"status":"passed","steps":[],"attachments":[],"parameters":[],"stepsCount":0,"shouldDisplayMessage":false,"attachmentsCount":0,"hasContent":false,"attachmentStep":false}],"labels":[{"name":"epic","value":"Test Header"},{"name":"parentSuite","value":"tests"},{"name":"suite","value":"test_header"},{"name":"subSuite","value":"TestHeader"},{"name":"host","value":"runnervmh13bl"},{"name":"thread","value":"3003-MainThread"},{"name":"framework","value":"pytest"},{"name":"language","value":"cpython3"},{"name":"package","value":"tests.test_header"},{"name":"resultFormat","value":"allure2"}],"parameters":[],"links":[],"hidden":false,"retry":false,"extra":{"severity":"normal","retries":[],"categories":[{"name":"Test defects","matchedStatuses":[],"flaky":false}],"history":{"statistic":{"failed":0,"broken":7,"skipped":0,"passed":0,"unknown":0,"total":7},"items":[{"uid":"d02e417c9f063d8f","reportUrl":"https://verafes.github.io/luma_project/627/#testresult/d02e417c9f063d8f","status":"broken","statusDetails":"selenium.common.exceptions.TimeoutException: Message: \nStacktrace:\n#0 0x5634b572319a <unknown>\n#1 0x5634b51a0c4b <unknown>\n#2 0x5634b51f2318 <unknown>\n#3 0x5634b51f2551 <unknown>\n#4 0x5634b5240764 <unknown>\n#5 0x5634b523dbee <unknown>\n#6 0x5634b51e4c42 <unknown>\n#7 0x5634b51e58f1 <unknown>\n#8 0x5634b56ebf39 <unknown>\n#9 0x5634b56eee7d <unknown>\n#10 0x5634b56d4c81 <unknown>\n#11 0x5634b56efa5b <unknown>\n#12 0x5634b56bba50 <unknown>\n#13 0x5634b5710aa8 <unknown>\n#14 0x5634b5710c79 <unknown>\n#15 0x5634b57224f3 <unknown>\n#16 0x7f156709caa4 <unknown>\n#17 0x7f1567129c6c <unknown>","time":{"start":1766886829015,"stop":1766886834301,"duration":5286}},{"uid":"d8791e3eb4fc5622","reportUrl":"https://verafes.github.io/luma_project/626/#testresult/d8791e3eb4fc5622","status":"broken","statusDetails":"selenium.common.exceptions.TimeoutException: Message: \nStacktrace:\n#0 0x561d1842819a <unknown>\n#1 0x561d17ea5c4b <unknown>\n#2 0x561d17ef7318 <unknown>\n#3 0x561d17ef7551 <unknown>\n#4 0x561d17f45764 <unknown>\n#5 0x561d17f42bee <unknown>\n#6 0x561d17ee9c42 <unknown>\n#7 0x561d17eea8f1 <unknown>\n#8 0x561d183f0f39 <unknown>\n#9 0x561d183f3e7d <unknown>\n#10 0x561d183d9c81 <unknown>\n#11 0x561d183f4a5b <unknown>\n#12 0x561d183c0a50 <unknown>\n#13 0x561d18415aa8 <unknown>\n#14 0x561d18415c79 <unknown>\n#15 0x561d184274f3 <unknown>\n#16 0x7fa7e429caa4 <unknown>\n#17 0x7fa7e4329c6c <unknown>","time":{"start":1766281242654,"stop":1766281247919,"duration":5265}},{"uid":"116e5d2c01460471","reportUrl":"https://verafes.github.io/luma_project/625/#testresult/116e5d2c01460471","status":"broken","statusDetails":"selenium.common.exceptions.TimeoutException: Message: \nStacktrace:\n#0 0x557bb1be016a <unknown>\n#1 0x557bb165dc4b <unknown>\n#2 0x557bb16af318 <unknown>\n#3 0x557bb16af551 <unknown>\n#4 0x557bb16fd764 <unknown>\n#5 0x557bb16fabee <unknown>\n#6 0x557bb16a1c42 <unknown>\n#7 0x557bb16a28f1 <unknown>\n#8 0x557bb1ba8f09 <unknown>\n#9 0x557bb1babe4d <unknown>\n#10 0x557bb1b91c51 <unknown>\n#11 0x557bb1baca2b <unknown>\n#12 0x557bb1b78a20 <unknown>\n#13 0x557bb1bcda78 <unknown>\n#14 0x557bb1bcdc49 <unknown>\n#15 0x557bb1bdf4c3 <unknown>\n#16 0x7f02a789caa4 <unknown>\n#17 0x7f02a7929c6c <unknown>","time":{"start":1765676453880,"stop":1765676459150,"duration":5270}},{"uid":"5cefdd4065e16d3b","reportUrl":"https://verafes.github.io/luma_project/624/#testresult/5cefdd4065e16d3b","status":"broken","statusDetails":"selenium.common.exceptions.TimeoutException: Message: \nStacktrace:\n#0 0x561a3141a4ca <unknown>\n#1 0x561a30e68e4b <unknown>\n#2 0x561a30ebb814 <unknown>\n#3 0x561a30ebba51 <unknown>\n#4 0x561a30f0aa44 <unknown>\n#5 0x561a30f07df7 <unknown>\n#6 0x561a30eadc2a <unknown>\n#7 0x561a30eae931 <unknown>\n#8 0x561a313e0cf9 <unknown>\n#9 0x561a313e3cdc <unknown>\n#10 0x561a313c9f79 <unknown>\n#11 0x561a313e48b5 <unknown>\n#12 0x561a313b19c3 <unknown>\n#13 0x561a31407228 <unknown>\n#14 0x561a31407403 <unknown>\n#15 0x561a31419463 <unknown>\n#16 0x7fb68289caa4 <unknown>\n#17 0x7fb682929c6c <unknown>","time":{"start":1765071624190,"stop":1765071629460,"duration":5270}},{"uid":"6fae4ecabb19ba66","reportUrl":"https://verafes.github.io/luma_project/623/#testresult/6fae4ecabb19ba66","status":"broken","statusDetails":"selenium.common.exceptions.TimeoutException: Message: \nStacktrace:\n#0 0x55daf72cf32a <unknown>\n#1 0x55daf6d1be4b <unknown>\n#2 0x55daf6d6e82b <unknown>\n#3 0x55daf6d6ea61 <unknown>\n#4 0x55daf6dbda44 <unknown>\n#5 0x55daf6dbadf7 <unknown>\n#6 0x55daf6d60c1a <unknown>\n#7 0x55daf6d61921 <unknown>\n#8 0x55daf7296239 <unknown>\n#9 0x55daf72991e8 <unknown>\n#10 0x55daf727f4c9 <unknown>\n#11 0x55daf7299db5 <unknown>\n#12 0x55daf7266e93 <unknown>\n#13 0x55daf72bc098 <unknown>\n#14 0x55daf72bc273 <unknown>\n#15 0x55daf72ce2c3 <unknown>\n#16 0x7f5a49c9caa4 <unknown>\n#17 0x7f5a49d29c6c <unknown>","time":{"start":1764466803013,"stop":1764466808289,"duration":5276}},{"uid":"7813c73655fd31ac","reportUrl":"https://verafes.github.io/luma_project/622/#testresult/7813c73655fd31ac","status":"broken","statusDetails":"selenium.common.exceptions.TimeoutException: Message: \nStacktrace:\n#0 0x5557f870e32a <unknown>\n#1 0x5557f815ae4b <unknown>\n#2 0x5557f81ad82b <unknown>\n#3 0x5557f81ada61 <unknown>\n#4 0x5557f81fca44 <unknown>\n#5 0x5557f81f9df7 <unknown>\n#6 0x5557f819fc1a <unknown>\n#7 0x5557f81a0921 <unknown>\n#8 0x5557f86d5239 <unknown>\n#9 0x5557f86d81e8 <unknown>\n#10 0x5557f86be4c9 <unknown>\n#11 0x5557f86d8db5 <unknown>\n#12 0x5557f86a5e93 <unknown>\n#13 0x5557f86fb098 <unknown>\n#14 0x5557f86fb273 <unknown>\n#15 0x5557f870d2c3 <unknown>\n#16 0x7f7d7729caa4 <unknown>\n#17 0x7f7d77329c6c <unknown>","time":{"start":1763862054859,"stop":1763862060174,"duration":5315}}]},"tags":[]},"source":"6e553541cbddc8cf.json","parameterValues":[]}