{"uid":"b4087125fb65f7bf","name":"TC 13.01.07 - Check the display of the info block title in section 1 'home-main' in the Promo Block","fullName":"tests.test_main_page.TestPromoBlock#test_tc_13_01_07_check_correctness_of_info_block_title_in_section1","historyId":"f37f4507cdbe036872522f0b2144571b","time":{"start":1767492004011,"stop":1767492009805,"duration":5794},"description":"This test checks if the info block title in section 1 'home-main' is correct\n            in the Promo Block under header on the Main Page","descriptionHtml":"<p>This test checks if the info block title in section 1 'home-main' is correct<br />\nin the Promo Block under header on the Main Page</p>\n","status":"broken","statusMessage":"selenium.common.exceptions.TimeoutException: Message: \nStacktrace:\n#0 0x55adcd33519a <unknown>\n#1 0x55adccdb2c4b <unknown>\n#2 0x55adcce04318 <unknown>\n#3 0x55adcce04551 <unknown>\n#4 0x55adcce52764 <unknown>\n#5 0x55adcce4fbee <unknown>\n#6 0x55adccdf6c42 <unknown>\n#7 0x55adccdf78f1 <unknown>\n#8 0x55adcd2fdf39 <unknown>\n#9 0x55adcd300e7d <unknown>\n#10 0x55adcd2e6c81 <unknown>\n#11 0x55adcd301a5b <unknown>\n#12 0x55adcd2cda50 <unknown>\n#13 0x55adcd322aa8 <unknown>\n#14 0x55adcd322c79 <unknown>\n#15 0x55adcd3344f3 <unknown>\n#16 0x7fa21949caa4 <unknown>\n#17 0x7fa219529c6c <unknown>","statusTrace":"self = <test_main_page.TestMainPage.TestPromoBlock object at 0x7fa60090f510>\ndriver = <selenium.webdriver.chrome.webdriver.WebDriver (session=\"96d17f6c44cb3ff47206857c2db5fe31\")>\n\n    @allure.title(\"TC 13.01.07 - Check the display of the info block title \"\n                  \"in section 1 'home-main' in the Promo Block\")\n    def test_tc_13_01_07_check_correctness_of_info_block_title_in_section1(self, driver):\n        \"\"\"This test checks if the info block title in section 1 'home-main' is correct\n        in the Promo Block under header on the Main Page\"\"\"\n        page = PromoBlock(driver, MAIN_PAGE_URL)\n        page.open()\n>       actual_text = page.get_text(self.locators.SECTION_1_INFO_BLOCK_TITLE)\n\ntests/test_main_page.py:182: \n_ _ _ _ _ _ _ _ _ _ _ _ _ _ _ _ _ _ _ _ _ _ _ _ _ _ _ _ _ _ _ _ _ _ _ _ _ _ _ _ \npages/base_page.py:145: in get_text\n    text = self.element_is_visible(locator)\npages/base_page.py:30: in element_is_visible\n    self.go_to_element(self.element_is_present(locator))\npages/base_page.py:51: in element_is_present\n    return wait(self.driver, timeout).until(EC.presence_of_element_located(locator))\n_ _ _ _ _ _ _ _ _ _ _ _ _ _ _ _ _ _ _ _ _ _ _ _ _ _ _ _ _ _ _ _ _ _ _ _ _ _ _ _ \n\nself = <selenium.webdriver.support.wait.WebDriverWait (session=\"96d17f6c44cb3ff47206857c2db5fe31\")>\nmethod = <function presence_of_element_located.<locals>._predicate at 0x7fa6025932e0>\nmessage = ''\n\n    def until(self, method, message: str = \"\"):\n        \"\"\"Calls the method provided with the driver as an argument until the \\\n        return value does not evaluate to ``False``.\n    \n        :param method: callable(WebDriver)\n        :param message: optional message for :exc:`TimeoutException`\n        :returns: the result of the last call to `method`\n        :raises: :exc:`selenium.common.exceptions.TimeoutException` if timeout occurs\n        \"\"\"\n        screen = None\n        stacktrace = None\n    \n        end_time = time.monotonic() + self._timeout\n        while True:\n            try:\n                value = method(self._driver)\n                if value:\n                    return value\n            except self._ignored_exceptions as exc:\n                screen = getattr(exc, \"screen\", None)\n                stacktrace = getattr(exc, \"stacktrace\", None)\n            time.sleep(self._poll)\n            if time.monotonic() > end_time:\n                break\n>       raise TimeoutException(message, screen, stacktrace)\nE       selenium.common.exceptions.TimeoutException: Message: \nE       Stacktrace:\nE       #0 0x55adcd33519a <unknown>\nE       #1 0x55adccdb2c4b <unknown>\nE       #2 0x55adcce04318 <unknown>\nE       #3 0x55adcce04551 <unknown>\nE       #4 0x55adcce52764 <unknown>\nE       #5 0x55adcce4fbee <unknown>\nE       #6 0x55adccdf6c42 <unknown>\nE       #7 0x55adccdf78f1 <unknown>\nE       #8 0x55adcd2fdf39 <unknown>\nE       #9 0x55adcd300e7d <unknown>\nE       #10 0x55adcd2e6c81 <unknown>\nE       #11 0x55adcd301a5b <unknown>\nE       #12 0x55adcd2cda50 <unknown>\nE       #13 0x55adcd322aa8 <unknown>\nE       #14 0x55adcd322c79 <unknown>\nE       #15 0x55adcd3344f3 <unknown>\nE       #16 0x7fa21949caa4 <unknown>\nE       #17 0x7fa219529c6c <unknown>\n\n/opt/hostedtoolcache/Python/3.11.14/x64/lib/python3.11/site-packages/selenium/webdriver/support/wait.py:95: TimeoutException","flaky":false,"newFailed":false,"newBroken":false,"newPassed":false,"retriesCount":0,"retriesStatusChange":false,"beforeStages":[{"name":"_session_faker","time":{"start":1767490944639,"stop":1767490944700,"duration":61},"status":"passed","steps":[],"attachments":[],"parameters":[],"stepsCount":0,"shouldDisplayMessage":false,"attachmentsCount":0,"hasContent":false,"attachmentStep":false},{"name":"clear_allure_result_folder","time":{"start":1767490944701,"stop":1767490944701,"duration":0},"status":"passed","steps":[],"attachments":[],"parameters":[],"stepsCount":0,"shouldDisplayMessage":false,"attachmentsCount":0,"hasContent":false,"attachmentStep":false},{"name":"driver","time":{"start":1767492002846,"stop":1767492004011,"duration":1165},"status":"passed","steps":[],"attachments":[],"parameters":[],"stepsCount":0,"shouldDisplayMessage":false,"attachmentsCount":0,"hasContent":false,"attachmentStep":false}],"testStage":{"description":"This test checks if the info block title in section 1 'home-main' is correct\n            in the Promo Block under header on the Main Page","status":"broken","statusMessage":"selenium.common.exceptions.TimeoutException: Message: \nStacktrace:\n#0 0x55adcd33519a <unknown>\n#1 0x55adccdb2c4b <unknown>\n#2 0x55adcce04318 <unknown>\n#3 0x55adcce04551 <unknown>\n#4 0x55adcce52764 <unknown>\n#5 0x55adcce4fbee <unknown>\n#6 0x55adccdf6c42 <unknown>\n#7 0x55adccdf78f1 <unknown>\n#8 0x55adcd2fdf39 <unknown>\n#9 0x55adcd300e7d <unknown>\n#10 0x55adcd2e6c81 <unknown>\n#11 0x55adcd301a5b <unknown>\n#12 0x55adcd2cda50 <unknown>\n#13 0x55adcd322aa8 <unknown>\n#14 0x55adcd322c79 <unknown>\n#15 0x55adcd3344f3 <unknown>\n#16 0x7fa21949caa4 <unknown>\n#17 0x7fa219529c6c <unknown>","statusTrace":"self = <test_main_page.TestMainPage.TestPromoBlock object at 0x7fa60090f510>\ndriver = <selenium.webdriver.chrome.webdriver.WebDriver (session=\"96d17f6c44cb3ff47206857c2db5fe31\")>\n\n    @allure.title(\"TC 13.01.07 - Check the display of the info block title \"\n                  \"in section 1 'home-main' in the Promo Block\")\n    def test_tc_13_01_07_check_correctness_of_info_block_title_in_section1(self, driver):\n        \"\"\"This test checks if the info block title in section 1 'home-main' is correct\n        in the Promo Block under header on the Main Page\"\"\"\n        page = PromoBlock(driver, MAIN_PAGE_URL)\n        page.open()\n>       actual_text = page.get_text(self.locators.SECTION_1_INFO_BLOCK_TITLE)\n\ntests/test_main_page.py:182: \n_ _ _ _ _ _ _ _ _ _ _ _ _ _ _ _ _ _ _ _ _ _ _ _ _ _ _ _ _ _ _ _ _ _ _ _ _ _ _ _ \npages/base_page.py:145: in get_text\n    text = self.element_is_visible(locator)\npages/base_page.py:30: in element_is_visible\n    self.go_to_element(self.element_is_present(locator))\npages/base_page.py:51: in element_is_present\n    return wait(self.driver, timeout).until(EC.presence_of_element_located(locator))\n_ _ _ _ _ _ _ _ _ _ _ _ _ _ _ _ _ _ _ _ _ _ _ _ _ _ _ _ _ _ _ _ _ _ _ _ _ _ _ _ \n\nself = <selenium.webdriver.support.wait.WebDriverWait (session=\"96d17f6c44cb3ff47206857c2db5fe31\")>\nmethod = <function presence_of_element_located.<locals>._predicate at 0x7fa6025932e0>\nmessage = ''\n\n    def until(self, method, message: str = \"\"):\n        \"\"\"Calls the method provided with the driver as an argument until the \\\n        return value does not evaluate to ``False``.\n    \n        :param method: callable(WebDriver)\n        :param message: optional message for :exc:`TimeoutException`\n        :returns: the result of the last call to `method`\n        :raises: :exc:`selenium.common.exceptions.TimeoutException` if timeout occurs\n        \"\"\"\n        screen = None\n        stacktrace = None\n    \n        end_time = time.monotonic() + self._timeout\n        while True:\n            try:\n                value = method(self._driver)\n                if value:\n                    return value\n            except self._ignored_exceptions as exc:\n                screen = getattr(exc, \"screen\", None)\n                stacktrace = getattr(exc, \"stacktrace\", None)\n            time.sleep(self._poll)\n            if time.monotonic() > end_time:\n                break\n>       raise TimeoutException(message, screen, stacktrace)\nE       selenium.common.exceptions.TimeoutException: Message: \nE       Stacktrace:\nE       #0 0x55adcd33519a <unknown>\nE       #1 0x55adccdb2c4b <unknown>\nE       #2 0x55adcce04318 <unknown>\nE       #3 0x55adcce04551 <unknown>\nE       #4 0x55adcce52764 <unknown>\nE       #5 0x55adcce4fbee <unknown>\nE       #6 0x55adccdf6c42 <unknown>\nE       #7 0x55adccdf78f1 <unknown>\nE       #8 0x55adcd2fdf39 <unknown>\nE       #9 0x55adcd300e7d <unknown>\nE       #10 0x55adcd2e6c81 <unknown>\nE       #11 0x55adcd301a5b <unknown>\nE       #12 0x55adcd2cda50 <unknown>\nE       #13 0x55adcd322aa8 <unknown>\nE       #14 0x55adcd322c79 <unknown>\nE       #15 0x55adcd3344f3 <unknown>\nE       #16 0x7fa21949caa4 <unknown>\nE       #17 0x7fa219529c6c <unknown>\n\n/opt/hostedtoolcache/Python/3.11.14/x64/lib/python3.11/site-packages/selenium/webdriver/support/wait.py:95: TimeoutException","steps":[{"name":"Open a browser","time":{"start":1767492004011,"stop":1767492004708,"duration":697},"status":"passed","steps":[],"attachments":[],"parameters":[],"stepsCount":0,"shouldDisplayMessage":false,"attachmentsCount":0,"hasContent":false,"attachmentStep":false},{"name":"Get element text","time":{"start":1767492004709,"stop":1767492009804,"duration":5095},"status":"broken","statusMessage":"selenium.common.exceptions.TimeoutException: Message: \nStacktrace:\n#0 0x55adcd33519a <unknown>\n#1 0x55adccdb2c4b <unknown>\n#2 0x55adcce04318 <unknown>\n#3 0x55adcce04551 <unknown>\n#4 0x55adcce52764 <unknown>\n#5 0x55adcce4fbee <unknown>\n#6 0x55adccdf6c42 <unknown>\n#7 0x55adccdf78f1 <unknown>\n#8 0x55adcd2fdf39 <unknown>\n#9 0x55adcd300e7d <unknown>\n#10 0x55adcd2e6c81 <unknown>\n#11 0x55adcd301a5b <unknown>\n#12 0x55adcd2cda50 <unknown>\n#13 0x55adcd322aa8 <unknown>\n#14 0x55adcd322c79 <unknown>\n#15 0x55adcd3344f3 <unknown>\n#16 0x7fa21949caa4 <unknown>\n#17 0x7fa219529c6c <unknown>\n\n","statusTrace":"  File \"/opt/hostedtoolcache/Python/3.11.14/x64/lib/python3.11/site-packages/allure_commons/_allure.py\", line 192, in impl\n    return func(*a, **kw)\n           ^^^^^^^^^^^^^^\n  File \"/home/runner/work/luma_project/luma_project/pages/base_page.py\", line 145, in get_text\n    text = self.element_is_visible(locator)\n           ^^^^^^^^^^^^^^^^^^^^^^^^^^^^^^^^\n  File \"/opt/hostedtoolcache/Python/3.11.14/x64/lib/python3.11/site-packages/allure_commons/_allure.py\", line 192, in impl\n    return func(*a, **kw)\n           ^^^^^^^^^^^^^^\n  File \"/home/runner/work/luma_project/luma_project/pages/base_page.py\", line 30, in element_is_visible\n    self.go_to_element(self.element_is_present(locator))\n                       ^^^^^^^^^^^^^^^^^^^^^^^^^^^^^^^^\n  File \"/opt/hostedtoolcache/Python/3.11.14/x64/lib/python3.11/site-packages/allure_commons/_allure.py\", line 192, in impl\n    return func(*a, **kw)\n           ^^^^^^^^^^^^^^\n  File \"/home/runner/work/luma_project/luma_project/pages/base_page.py\", line 51, in element_is_present\n    return wait(self.driver, timeout).until(EC.presence_of_element_located(locator))\n           ^^^^^^^^^^^^^^^^^^^^^^^^^^^^^^^^^^^^^^^^^^^^^^^^^^^^^^^^^^^^^^^^^^^^^^^^^\n  File \"/opt/hostedtoolcache/Python/3.11.14/x64/lib/python3.11/site-packages/selenium/webdriver/support/wait.py\", line 95, in until\n    raise TimeoutException(message, screen, stacktrace)\n","steps":[{"name":"Find a visible element","time":{"start":1767492004709,"stop":1767492009804,"duration":5095},"status":"broken","statusMessage":"selenium.common.exceptions.TimeoutException: Message: \nStacktrace:\n#0 0x55adcd33519a <unknown>\n#1 0x55adccdb2c4b <unknown>\n#2 0x55adcce04318 <unknown>\n#3 0x55adcce04551 <unknown>\n#4 0x55adcce52764 <unknown>\n#5 0x55adcce4fbee <unknown>\n#6 0x55adccdf6c42 <unknown>\n#7 0x55adccdf78f1 <unknown>\n#8 0x55adcd2fdf39 <unknown>\n#9 0x55adcd300e7d <unknown>\n#10 0x55adcd2e6c81 <unknown>\n#11 0x55adcd301a5b <unknown>\n#12 0x55adcd2cda50 <unknown>\n#13 0x55adcd322aa8 <unknown>\n#14 0x55adcd322c79 <unknown>\n#15 0x55adcd3344f3 <unknown>\n#16 0x7fa21949caa4 <unknown>\n#17 0x7fa219529c6c <unknown>\n\n","statusTrace":"  File \"/opt/hostedtoolcache/Python/3.11.14/x64/lib/python3.11/site-packages/allure_commons/_allure.py\", line 192, in impl\n    return func(*a, **kw)\n           ^^^^^^^^^^^^^^\n  File \"/home/runner/work/luma_project/luma_project/pages/base_page.py\", line 30, in element_is_visible\n    self.go_to_element(self.element_is_present(locator))\n                       ^^^^^^^^^^^^^^^^^^^^^^^^^^^^^^^^\n  File \"/opt/hostedtoolcache/Python/3.11.14/x64/lib/python3.11/site-packages/allure_commons/_allure.py\", line 192, in impl\n    return func(*a, **kw)\n           ^^^^^^^^^^^^^^\n  File \"/home/runner/work/luma_project/luma_project/pages/base_page.py\", line 51, in element_is_present\n    return wait(self.driver, timeout).until(EC.presence_of_element_located(locator))\n           ^^^^^^^^^^^^^^^^^^^^^^^^^^^^^^^^^^^^^^^^^^^^^^^^^^^^^^^^^^^^^^^^^^^^^^^^^\n  File \"/opt/hostedtoolcache/Python/3.11.14/x64/lib/python3.11/site-packages/selenium/webdriver/support/wait.py\", line 95, in until\n    raise TimeoutException(message, screen, stacktrace)\n","steps":[{"name":"Find a present element","time":{"start":1767492004709,"stop":1767492009804,"duration":5095},"status":"broken","statusMessage":"selenium.common.exceptions.TimeoutException: Message: \nStacktrace:\n#0 0x55adcd33519a <unknown>\n#1 0x55adccdb2c4b <unknown>\n#2 0x55adcce04318 <unknown>\n#3 0x55adcce04551 <unknown>\n#4 0x55adcce52764 <unknown>\n#5 0x55adcce4fbee <unknown>\n#6 0x55adccdf6c42 <unknown>\n#7 0x55adccdf78f1 <unknown>\n#8 0x55adcd2fdf39 <unknown>\n#9 0x55adcd300e7d <unknown>\n#10 0x55adcd2e6c81 <unknown>\n#11 0x55adcd301a5b <unknown>\n#12 0x55adcd2cda50 <unknown>\n#13 0x55adcd322aa8 <unknown>\n#14 0x55adcd322c79 <unknown>\n#15 0x55adcd3344f3 <unknown>\n#16 0x7fa21949caa4 <unknown>\n#17 0x7fa219529c6c <unknown>\n\n","statusTrace":"  File \"/opt/hostedtoolcache/Python/3.11.14/x64/lib/python3.11/site-packages/allure_commons/_allure.py\", line 192, in impl\n    return func(*a, **kw)\n           ^^^^^^^^^^^^^^\n  File \"/home/runner/work/luma_project/luma_project/pages/base_page.py\", line 51, in element_is_present\n    return wait(self.driver, timeout).until(EC.presence_of_element_located(locator))\n           ^^^^^^^^^^^^^^^^^^^^^^^^^^^^^^^^^^^^^^^^^^^^^^^^^^^^^^^^^^^^^^^^^^^^^^^^^\n  File \"/opt/hostedtoolcache/Python/3.11.14/x64/lib/python3.11/site-packages/selenium/webdriver/support/wait.py\", line 95, in until\n    raise TimeoutException(message, screen, stacktrace)\n","steps":[],"attachments":[],"parameters":[{"name":"locator","value":"('css selector', '.home-main .title')"},{"name":"timeout","value":"5"}],"stepsCount":0,"shouldDisplayMessage":true,"attachmentsCount":0,"hasContent":true,"attachmentStep":false}],"attachments":[],"parameters":[{"name":"locator","value":"('css selector', '.home-main .title')"},{"name":"timeout","value":"10"}],"stepsCount":1,"shouldDisplayMessage":false,"attachmentsCount":0,"hasContent":true,"attachmentStep":false}],"attachments":[],"parameters":[{"name":"locator","value":"('css selector', '.home-main .title')"}],"stepsCount":2,"shouldDisplayMessage":false,"attachmentsCount":0,"hasContent":true,"attachmentStep":false}],"attachments":[{"uid":"21d06dfd43b9ecd1","name":"Screenshot","source":"21d06dfd43b9ecd1.png","type":"image/png","size":95277},{"uid":"685da5a40cc8e354","name":"HTML source","source":"685da5a40cc8e354.html","type":"text/html","size":7069}],"parameters":[],"stepsCount":4,"shouldDisplayMessage":true,"attachmentsCount":2,"hasContent":true,"attachmentStep":false},"afterStages":[{"name":"driver::0","time":{"start":1767492009897,"stop":1767492009957,"duration":60},"status":"passed","steps":[],"attachments":[],"parameters":[],"stepsCount":0,"shouldDisplayMessage":false,"attachmentsCount":0,"hasContent":false,"attachmentStep":false},{"name":"clear_allure_result_folder::0","time":{"start":1767493336748,"stop":1767493336748,"duration":0},"status":"passed","steps":[],"attachments":[],"parameters":[],"stepsCount":0,"shouldDisplayMessage":false,"attachmentsCount":0,"hasContent":false,"attachmentStep":false}],"labels":[{"name":"epic","value":"Main Page"},{"name":"feature","value":"Promo Block Testing"},{"name":"parentSuite","value":"tests"},{"name":"suite","value":"test_main_page"},{"name":"subSuite","value":"TestMainPage"},{"name":"host","value":"runnervmh13bl"},{"name":"thread","value":"3003-MainThread"},{"name":"framework","value":"pytest"},{"name":"language","value":"cpython3"},{"name":"package","value":"tests.test_main_page"},{"name":"resultFormat","value":"allure2"}],"parameters":[],"links":[],"hidden":false,"retry":false,"extra":{"severity":"normal","retries":[],"categories":[{"name":"Test defects","matchedStatuses":[],"flaky":false}],"history":{"statistic":{"failed":0,"broken":7,"skipped":0,"passed":0,"unknown":0,"total":7},"items":[{"uid":"24fc2176d92bc176","reportUrl":"https://verafes.github.io/luma_project/627/#testresult/24fc2176d92bc176","status":"broken","statusDetails":"selenium.common.exceptions.TimeoutException: Message: \nStacktrace:\n#0 0x558bcbb1819a <unknown>\n#1 0x558bcb595c4b <unknown>\n#2 0x558bcb5e7318 <unknown>\n#3 0x558bcb5e7551 <unknown>\n#4 0x558bcb635764 <unknown>\n#5 0x558bcb632bee <unknown>\n#6 0x558bcb5d9c42 <unknown>\n#7 0x558bcb5da8f1 <unknown>\n#8 0x558bcbae0f39 <unknown>\n#9 0x558bcbae3e7d <unknown>\n#10 0x558bcbac9c81 <unknown>\n#11 0x558bcbae4a5b <unknown>\n#12 0x558bcbab0a50 <unknown>\n#13 0x558bcbb05aa8 <unknown>\n#14 0x558bcbb05c79 <unknown>\n#15 0x558bcbb174f3 <unknown>\n#16 0x7fc8ec69caa4 <unknown>\n#17 0x7fc8ec729c6c <unknown>","time":{"start":1766887159569,"stop":1766887164887,"duration":5318}},{"uid":"c470947d25999529","reportUrl":"https://verafes.github.io/luma_project/626/#testresult/c470947d25999529","status":"broken","statusDetails":"selenium.common.exceptions.TimeoutException: Message: \nStacktrace:\n#0 0x55af3d13219a <unknown>\n#1 0x55af3cbafc4b <unknown>\n#2 0x55af3cc01318 <unknown>\n#3 0x55af3cc01551 <unknown>\n#4 0x55af3cc4f764 <unknown>\n#5 0x55af3cc4cbee <unknown>\n#6 0x55af3cbf3c42 <unknown>\n#7 0x55af3cbf48f1 <unknown>\n#8 0x55af3d0faf39 <unknown>\n#9 0x55af3d0fde7d <unknown>\n#10 0x55af3d0e3c81 <unknown>\n#11 0x55af3d0fea5b <unknown>\n#12 0x55af3d0caa50 <unknown>\n#13 0x55af3d11faa8 <unknown>\n#14 0x55af3d11fc79 <unknown>\n#15 0x55af3d1314f3 <unknown>\n#16 0x7f8b3729caa4 <unknown>\n#17 0x7f8b37329c6c <unknown>","time":{"start":1766281571192,"stop":1766281576454,"duration":5262}},{"uid":"819c0d6be38cb175","reportUrl":"https://verafes.github.io/luma_project/625/#testresult/819c0d6be38cb175","status":"broken","statusDetails":"selenium.common.exceptions.TimeoutException: Message: \nStacktrace:\n#0 0x559d39be716a <unknown>\n#1 0x559d39664c4b <unknown>\n#2 0x559d396b6318 <unknown>\n#3 0x559d396b6551 <unknown>\n#4 0x559d39704764 <unknown>\n#5 0x559d39701bee <unknown>\n#6 0x559d396a8c42 <unknown>\n#7 0x559d396a98f1 <unknown>\n#8 0x559d39baff09 <unknown>\n#9 0x559d39bb2e4d <unknown>\n#10 0x559d39b98c51 <unknown>\n#11 0x559d39bb3a2b <unknown>\n#12 0x559d39b7fa20 <unknown>\n#13 0x559d39bd4a78 <unknown>\n#14 0x559d39bd4c49 <unknown>\n#15 0x559d39be64c3 <unknown>\n#16 0x7f4f8a09caa4 <unknown>\n#17 0x7f4f8a129c6c <unknown>","time":{"start":1765676783493,"stop":1765676788797,"duration":5304}},{"uid":"cfafd4d4085a03c","reportUrl":"https://verafes.github.io/luma_project/624/#testresult/cfafd4d4085a03c","status":"broken","statusDetails":"selenium.common.exceptions.TimeoutException: Message: \nStacktrace:\n#0 0x5619b5b904ca <unknown>\n#1 0x5619b55dee4b <unknown>\n#2 0x5619b5631814 <unknown>\n#3 0x5619b5631a51 <unknown>\n#4 0x5619b5680a44 <unknown>\n#5 0x5619b567ddf7 <unknown>\n#6 0x5619b5623c2a <unknown>\n#7 0x5619b5624931 <unknown>\n#8 0x5619b5b56cf9 <unknown>\n#9 0x5619b5b59cdc <unknown>\n#10 0x5619b5b3ff79 <unknown>\n#11 0x5619b5b5a8b5 <unknown>\n#12 0x5619b5b279c3 <unknown>\n#13 0x5619b5b7d228 <unknown>\n#14 0x5619b5b7d403 <unknown>\n#15 0x5619b5b8f463 <unknown>\n#16 0x7efe9549caa4 <unknown>\n#17 0x7efe95529c6c <unknown>","time":{"start":1765071954066,"stop":1765071959312,"duration":5246}},{"uid":"6290d23aa65978e1","reportUrl":"https://verafes.github.io/luma_project/623/#testresult/6290d23aa65978e1","status":"broken","statusDetails":"selenium.common.exceptions.TimeoutException: Message: \nStacktrace:\n#0 0x564df4da432a <unknown>\n#1 0x564df47f0e4b <unknown>\n#2 0x564df484382b <unknown>\n#3 0x564df4843a61 <unknown>\n#4 0x564df4892a44 <unknown>\n#5 0x564df488fdf7 <unknown>\n#6 0x564df4835c1a <unknown>\n#7 0x564df4836921 <unknown>\n#8 0x564df4d6b239 <unknown>\n#9 0x564df4d6e1e8 <unknown>\n#10 0x564df4d544c9 <unknown>\n#11 0x564df4d6edb5 <unknown>\n#12 0x564df4d3be93 <unknown>\n#13 0x564df4d91098 <unknown>\n#14 0x564df4d91273 <unknown>\n#15 0x564df4da32c3 <unknown>\n#16 0x7fdb4949caa4 <unknown>\n#17 0x7fdb49529c6c <unknown>","time":{"start":1764467133080,"stop":1764467138355,"duration":5275}},{"uid":"942eb6a9cf029bea","reportUrl":"https://verafes.github.io/luma_project/622/#testresult/942eb6a9cf029bea","status":"broken","statusDetails":"selenium.common.exceptions.TimeoutException: Message: \nStacktrace:\n#0 0x56451143132a <unknown>\n#1 0x564510e7de4b <unknown>\n#2 0x564510ed082b <unknown>\n#3 0x564510ed0a61 <unknown>\n#4 0x564510f1fa44 <unknown>\n#5 0x564510f1cdf7 <unknown>\n#6 0x564510ec2c1a <unknown>\n#7 0x564510ec3921 <unknown>\n#8 0x5645113f8239 <unknown>\n#9 0x5645113fb1e8 <unknown>\n#10 0x5645113e14c9 <unknown>\n#11 0x5645113fbdb5 <unknown>\n#12 0x5645113c8e93 <unknown>\n#13 0x56451141e098 <unknown>\n#14 0x56451141e273 <unknown>\n#15 0x5645114302c3 <unknown>\n#16 0x7fee2e89caa4 <unknown>\n#17 0x7fee2e929c6c <unknown>","time":{"start":1763862385826,"stop":1763862391145,"duration":5319}}]},"tags":[]},"source":"b4087125fb65f7bf.json","parameterValues":[]}