{"uid":"d4ca63901269d89e","name":"TC 01.03.11 display and interactivity of the \"Bottoms\" section of the \"Women\" section","fullName":"tests.test_header.TestHeader#test_tc_01_03_11_display_and_interactivity_bottoms_women_section","historyId":"27a5810ab824e7b89cbf3eb7682a569c","time":{"start":1767491845812,"stop":1767491851090,"duration":5278},"description":"Check the 'Bottoms' subsection in 'Women' section is displayed and the 'Pants' and 'Shorts'         subsections is displayed","descriptionHtml":"<p>Check the 'Bottoms' subsection in 'Women' section is displayed and the 'Pants' and 'Shorts'         subsections is displayed</p>\n","status":"broken","statusMessage":"selenium.common.exceptions.TimeoutException: Message: \nStacktrace:\n#0 0x558d34bb119a <unknown>\n#1 0x558d3462ec4b <unknown>\n#2 0x558d34680318 <unknown>\n#3 0x558d34680551 <unknown>\n#4 0x558d346ce764 <unknown>\n#5 0x558d346cbbee <unknown>\n#6 0x558d34672c42 <unknown>\n#7 0x558d346738f1 <unknown>\n#8 0x558d34b79f39 <unknown>\n#9 0x558d34b7ce7d <unknown>\n#10 0x558d34b62c81 <unknown>\n#11 0x558d34b7da5b <unknown>\n#12 0x558d34b49a50 <unknown>\n#13 0x558d34b9eaa8 <unknown>\n#14 0x558d34b9ec79 <unknown>\n#15 0x558d34bb04f3 <unknown>\n#16 0x7f36ea29caa4 <unknown>\n#17 0x7f36ea329c6c <unknown>","statusTrace":"self = <test_header.TestHeader object at 0x7fa60083fdd0>\ndriver = <selenium.webdriver.chrome.webdriver.WebDriver (session=\"e7823b48a11f4dddcc85d5d57ae86146\")>\n\n    @allure.title('TC 01.03.11 display and interactivity of the \"Bottoms\" section of the \"Women\" section')\n    def test_tc_01_03_11_display_and_interactivity_bottoms_women_section(self, driver):\n        \"\"\"Check the 'Bottoms' subsection in 'Women' section is displayed and the 'Pants' and 'Shorts' \\\n        subsections is displayed\"\"\"\n        page = HeaderPage(driver, MAIN_PAGE_URL)\n        page.open()\n>       dropdown_items = page.check_women_bottoms_subsection()\n\ntests/test_header.py:497: \n_ _ _ _ _ _ _ _ _ _ _ _ _ _ _ _ _ _ _ _ _ _ _ _ _ _ _ _ _ _ _ _ _ _ _ _ _ _ _ _ \npages/header_page.py:394: in check_women_bottoms_subsection\n    self.action_move_to_element(self.element_is_visible(self.header_locators.WOMEN_SECTION))\npages/base_page.py:30: in element_is_visible\n    self.go_to_element(self.element_is_present(locator))\npages/base_page.py:51: in element_is_present\n    return wait(self.driver, timeout).until(EC.presence_of_element_located(locator))\n_ _ _ _ _ _ _ _ _ _ _ _ _ _ _ _ _ _ _ _ _ _ _ _ _ _ _ _ _ _ _ _ _ _ _ _ _ _ _ _ \n\nself = <selenium.webdriver.support.wait.WebDriverWait (session=\"e7823b48a11f4dddcc85d5d57ae86146\")>\nmethod = <function presence_of_element_located.<locals>._predicate at 0x7fa6025dd120>\nmessage = ''\n\n    def until(self, method, message: str = \"\"):\n        \"\"\"Calls the method provided with the driver as an argument until the \\\n        return value does not evaluate to ``False``.\n    \n        :param method: callable(WebDriver)\n        :param message: optional message for :exc:`TimeoutException`\n        :returns: the result of the last call to `method`\n        :raises: :exc:`selenium.common.exceptions.TimeoutException` if timeout occurs\n        \"\"\"\n        screen = None\n        stacktrace = None\n    \n        end_time = time.monotonic() + self._timeout\n        while True:\n            try:\n                value = method(self._driver)\n                if value:\n                    return value\n            except self._ignored_exceptions as exc:\n                screen = getattr(exc, \"screen\", None)\n                stacktrace = getattr(exc, \"stacktrace\", None)\n            time.sleep(self._poll)\n            if time.monotonic() > end_time:\n                break\n>       raise TimeoutException(message, screen, stacktrace)\nE       selenium.common.exceptions.TimeoutException: Message: \nE       Stacktrace:\nE       #0 0x558d34bb119a <unknown>\nE       #1 0x558d3462ec4b <unknown>\nE       #2 0x558d34680318 <unknown>\nE       #3 0x558d34680551 <unknown>\nE       #4 0x558d346ce764 <unknown>\nE       #5 0x558d346cbbee <unknown>\nE       #6 0x558d34672c42 <unknown>\nE       #7 0x558d346738f1 <unknown>\nE       #8 0x558d34b79f39 <unknown>\nE       #9 0x558d34b7ce7d <unknown>\nE       #10 0x558d34b62c81 <unknown>\nE       #11 0x558d34b7da5b <unknown>\nE       #12 0x558d34b49a50 <unknown>\nE       #13 0x558d34b9eaa8 <unknown>\nE       #14 0x558d34b9ec79 <unknown>\nE       #15 0x558d34bb04f3 <unknown>\nE       #16 0x7f36ea29caa4 <unknown>\nE       #17 0x7f36ea329c6c <unknown>\n\n/opt/hostedtoolcache/Python/3.11.14/x64/lib/python3.11/site-packages/selenium/webdriver/support/wait.py:95: TimeoutException","flaky":false,"newFailed":false,"newBroken":false,"newPassed":false,"retriesCount":0,"retriesStatusChange":false,"beforeStages":[{"name":"_session_faker","time":{"start":1767490944639,"stop":1767490944700,"duration":61},"status":"passed","steps":[],"attachments":[],"parameters":[],"stepsCount":0,"shouldDisplayMessage":false,"attachmentsCount":0,"hasContent":false,"attachmentStep":false},{"name":"clear_allure_result_folder","time":{"start":1767490944701,"stop":1767490944701,"duration":0},"status":"passed","steps":[],"attachments":[],"parameters":[],"stepsCount":0,"shouldDisplayMessage":false,"attachmentsCount":0,"hasContent":false,"attachmentStep":false},{"name":"driver","time":{"start":1767491844652,"stop":1767491845812,"duration":1160},"status":"passed","steps":[],"attachments":[],"parameters":[],"stepsCount":0,"shouldDisplayMessage":false,"attachmentsCount":0,"hasContent":false,"attachmentStep":false}],"testStage":{"description":"Check the 'Bottoms' subsection in 'Women' section is displayed and the 'Pants' and 'Shorts'         subsections is displayed","status":"broken","statusMessage":"selenium.common.exceptions.TimeoutException: Message: \nStacktrace:\n#0 0x558d34bb119a <unknown>\n#1 0x558d3462ec4b <unknown>\n#2 0x558d34680318 <unknown>\n#3 0x558d34680551 <unknown>\n#4 0x558d346ce764 <unknown>\n#5 0x558d346cbbee <unknown>\n#6 0x558d34672c42 <unknown>\n#7 0x558d346738f1 <unknown>\n#8 0x558d34b79f39 <unknown>\n#9 0x558d34b7ce7d <unknown>\n#10 0x558d34b62c81 <unknown>\n#11 0x558d34b7da5b <unknown>\n#12 0x558d34b49a50 <unknown>\n#13 0x558d34b9eaa8 <unknown>\n#14 0x558d34b9ec79 <unknown>\n#15 0x558d34bb04f3 <unknown>\n#16 0x7f36ea29caa4 <unknown>\n#17 0x7f36ea329c6c <unknown>","statusTrace":"self = <test_header.TestHeader object at 0x7fa60083fdd0>\ndriver = <selenium.webdriver.chrome.webdriver.WebDriver (session=\"e7823b48a11f4dddcc85d5d57ae86146\")>\n\n    @allure.title('TC 01.03.11 display and interactivity of the \"Bottoms\" section of the \"Women\" section')\n    def test_tc_01_03_11_display_and_interactivity_bottoms_women_section(self, driver):\n        \"\"\"Check the 'Bottoms' subsection in 'Women' section is displayed and the 'Pants' and 'Shorts' \\\n        subsections is displayed\"\"\"\n        page = HeaderPage(driver, MAIN_PAGE_URL)\n        page.open()\n>       dropdown_items = page.check_women_bottoms_subsection()\n\ntests/test_header.py:497: \n_ _ _ _ _ _ _ _ _ _ _ _ _ _ _ _ _ _ _ _ _ _ _ _ _ _ _ _ _ _ _ _ _ _ _ _ _ _ _ _ \npages/header_page.py:394: in check_women_bottoms_subsection\n    self.action_move_to_element(self.element_is_visible(self.header_locators.WOMEN_SECTION))\npages/base_page.py:30: in element_is_visible\n    self.go_to_element(self.element_is_present(locator))\npages/base_page.py:51: in element_is_present\n    return wait(self.driver, timeout).until(EC.presence_of_element_located(locator))\n_ _ _ _ _ _ _ _ _ _ _ _ _ _ _ _ _ _ _ _ _ _ _ _ _ _ _ _ _ _ _ _ _ _ _ _ _ _ _ _ \n\nself = <selenium.webdriver.support.wait.WebDriverWait (session=\"e7823b48a11f4dddcc85d5d57ae86146\")>\nmethod = <function presence_of_element_located.<locals>._predicate at 0x7fa6025dd120>\nmessage = ''\n\n    def until(self, method, message: str = \"\"):\n        \"\"\"Calls the method provided with the driver as an argument until the \\\n        return value does not evaluate to ``False``.\n    \n        :param method: callable(WebDriver)\n        :param message: optional message for :exc:`TimeoutException`\n        :returns: the result of the last call to `method`\n        :raises: :exc:`selenium.common.exceptions.TimeoutException` if timeout occurs\n        \"\"\"\n        screen = None\n        stacktrace = None\n    \n        end_time = time.monotonic() + self._timeout\n        while True:\n            try:\n                value = method(self._driver)\n                if value:\n                    return value\n            except self._ignored_exceptions as exc:\n                screen = getattr(exc, \"screen\", None)\n                stacktrace = getattr(exc, \"stacktrace\", None)\n            time.sleep(self._poll)\n            if time.monotonic() > end_time:\n                break\n>       raise TimeoutException(message, screen, stacktrace)\nE       selenium.common.exceptions.TimeoutException: Message: \nE       Stacktrace:\nE       #0 0x558d34bb119a <unknown>\nE       #1 0x558d3462ec4b <unknown>\nE       #2 0x558d34680318 <unknown>\nE       #3 0x558d34680551 <unknown>\nE       #4 0x558d346ce764 <unknown>\nE       #5 0x558d346cbbee <unknown>\nE       #6 0x558d34672c42 <unknown>\nE       #7 0x558d346738f1 <unknown>\nE       #8 0x558d34b79f39 <unknown>\nE       #9 0x558d34b7ce7d <unknown>\nE       #10 0x558d34b62c81 <unknown>\nE       #11 0x558d34b7da5b <unknown>\nE       #12 0x558d34b49a50 <unknown>\nE       #13 0x558d34b9eaa8 <unknown>\nE       #14 0x558d34b9ec79 <unknown>\nE       #15 0x558d34bb04f3 <unknown>\nE       #16 0x7f36ea29caa4 <unknown>\nE       #17 0x7f36ea329c6c <unknown>\n\n/opt/hostedtoolcache/Python/3.11.14/x64/lib/python3.11/site-packages/selenium/webdriver/support/wait.py:95: TimeoutException","steps":[{"name":"Open a browser","time":{"start":1767491845812,"stop":1767491845985,"duration":173},"status":"passed","steps":[],"attachments":[],"parameters":[],"stepsCount":0,"shouldDisplayMessage":false,"attachmentsCount":0,"hasContent":false,"attachmentStep":false},{"name":"Check \"Bottom\" subsection of the \"Women\" section","time":{"start":1767491845985,"stop":1767491851089,"duration":5104},"status":"broken","statusMessage":"selenium.common.exceptions.TimeoutException: Message: \nStacktrace:\n#0 0x558d34bb119a <unknown>\n#1 0x558d3462ec4b <unknown>\n#2 0x558d34680318 <unknown>\n#3 0x558d34680551 <unknown>\n#4 0x558d346ce764 <unknown>\n#5 0x558d346cbbee <unknown>\n#6 0x558d34672c42 <unknown>\n#7 0x558d346738f1 <unknown>\n#8 0x558d34b79f39 <unknown>\n#9 0x558d34b7ce7d <unknown>\n#10 0x558d34b62c81 <unknown>\n#11 0x558d34b7da5b <unknown>\n#12 0x558d34b49a50 <unknown>\n#13 0x558d34b9eaa8 <unknown>\n#14 0x558d34b9ec79 <unknown>\n#15 0x558d34bb04f3 <unknown>\n#16 0x7f36ea29caa4 <unknown>\n#17 0x7f36ea329c6c <unknown>\n\n","statusTrace":"  File \"/opt/hostedtoolcache/Python/3.11.14/x64/lib/python3.11/site-packages/allure_commons/_allure.py\", line 192, in impl\n    return func(*a, **kw)\n           ^^^^^^^^^^^^^^\n  File \"/home/runner/work/luma_project/luma_project/pages/header_page.py\", line 394, in check_women_bottoms_subsection\n    self.action_move_to_element(self.element_is_visible(self.header_locators.WOMEN_SECTION))\n                                ^^^^^^^^^^^^^^^^^^^^^^^^^^^^^^^^^^^^^^^^^^^^^^^^^^^^^^^^^^^\n  File \"/opt/hostedtoolcache/Python/3.11.14/x64/lib/python3.11/site-packages/allure_commons/_allure.py\", line 192, in impl\n    return func(*a, **kw)\n           ^^^^^^^^^^^^^^\n  File \"/home/runner/work/luma_project/luma_project/pages/base_page.py\", line 30, in element_is_visible\n    self.go_to_element(self.element_is_present(locator))\n                       ^^^^^^^^^^^^^^^^^^^^^^^^^^^^^^^^\n  File \"/opt/hostedtoolcache/Python/3.11.14/x64/lib/python3.11/site-packages/allure_commons/_allure.py\", line 192, in impl\n    return func(*a, **kw)\n           ^^^^^^^^^^^^^^\n  File \"/home/runner/work/luma_project/luma_project/pages/base_page.py\", line 51, in element_is_present\n    return wait(self.driver, timeout).until(EC.presence_of_element_located(locator))\n           ^^^^^^^^^^^^^^^^^^^^^^^^^^^^^^^^^^^^^^^^^^^^^^^^^^^^^^^^^^^^^^^^^^^^^^^^^\n  File \"/opt/hostedtoolcache/Python/3.11.14/x64/lib/python3.11/site-packages/selenium/webdriver/support/wait.py\", line 95, in until\n    raise TimeoutException(message, screen, stacktrace)\n","steps":[{"name":"Find a visible element","time":{"start":1767491845985,"stop":1767491851089,"duration":5104},"status":"broken","statusMessage":"selenium.common.exceptions.TimeoutException: Message: \nStacktrace:\n#0 0x558d34bb119a <unknown>\n#1 0x558d3462ec4b <unknown>\n#2 0x558d34680318 <unknown>\n#3 0x558d34680551 <unknown>\n#4 0x558d346ce764 <unknown>\n#5 0x558d346cbbee <unknown>\n#6 0x558d34672c42 <unknown>\n#7 0x558d346738f1 <unknown>\n#8 0x558d34b79f39 <unknown>\n#9 0x558d34b7ce7d <unknown>\n#10 0x558d34b62c81 <unknown>\n#11 0x558d34b7da5b <unknown>\n#12 0x558d34b49a50 <unknown>\n#13 0x558d34b9eaa8 <unknown>\n#14 0x558d34b9ec79 <unknown>\n#15 0x558d34bb04f3 <unknown>\n#16 0x7f36ea29caa4 <unknown>\n#17 0x7f36ea329c6c <unknown>\n\n","statusTrace":"  File \"/opt/hostedtoolcache/Python/3.11.14/x64/lib/python3.11/site-packages/allure_commons/_allure.py\", line 192, in impl\n    return func(*a, **kw)\n           ^^^^^^^^^^^^^^\n  File \"/home/runner/work/luma_project/luma_project/pages/base_page.py\", line 30, in element_is_visible\n    self.go_to_element(self.element_is_present(locator))\n                       ^^^^^^^^^^^^^^^^^^^^^^^^^^^^^^^^\n  File \"/opt/hostedtoolcache/Python/3.11.14/x64/lib/python3.11/site-packages/allure_commons/_allure.py\", line 192, in impl\n    return func(*a, **kw)\n           ^^^^^^^^^^^^^^\n  File \"/home/runner/work/luma_project/luma_project/pages/base_page.py\", line 51, in element_is_present\n    return wait(self.driver, timeout).until(EC.presence_of_element_located(locator))\n           ^^^^^^^^^^^^^^^^^^^^^^^^^^^^^^^^^^^^^^^^^^^^^^^^^^^^^^^^^^^^^^^^^^^^^^^^^\n  File \"/opt/hostedtoolcache/Python/3.11.14/x64/lib/python3.11/site-packages/selenium/webdriver/support/wait.py\", line 95, in until\n    raise TimeoutException(message, screen, stacktrace)\n","steps":[{"name":"Find a present element","time":{"start":1767491845985,"stop":1767491851089,"duration":5104},"status":"broken","statusMessage":"selenium.common.exceptions.TimeoutException: Message: \nStacktrace:\n#0 0x558d34bb119a <unknown>\n#1 0x558d3462ec4b <unknown>\n#2 0x558d34680318 <unknown>\n#3 0x558d34680551 <unknown>\n#4 0x558d346ce764 <unknown>\n#5 0x558d346cbbee <unknown>\n#6 0x558d34672c42 <unknown>\n#7 0x558d346738f1 <unknown>\n#8 0x558d34b79f39 <unknown>\n#9 0x558d34b7ce7d <unknown>\n#10 0x558d34b62c81 <unknown>\n#11 0x558d34b7da5b <unknown>\n#12 0x558d34b49a50 <unknown>\n#13 0x558d34b9eaa8 <unknown>\n#14 0x558d34b9ec79 <unknown>\n#15 0x558d34bb04f3 <unknown>\n#16 0x7f36ea29caa4 <unknown>\n#17 0x7f36ea329c6c <unknown>\n\n","statusTrace":"  File \"/opt/hostedtoolcache/Python/3.11.14/x64/lib/python3.11/site-packages/allure_commons/_allure.py\", line 192, in impl\n    return func(*a, **kw)\n           ^^^^^^^^^^^^^^\n  File \"/home/runner/work/luma_project/luma_project/pages/base_page.py\", line 51, in element_is_present\n    return wait(self.driver, timeout).until(EC.presence_of_element_located(locator))\n           ^^^^^^^^^^^^^^^^^^^^^^^^^^^^^^^^^^^^^^^^^^^^^^^^^^^^^^^^^^^^^^^^^^^^^^^^^\n  File \"/opt/hostedtoolcache/Python/3.11.14/x64/lib/python3.11/site-packages/selenium/webdriver/support/wait.py\", line 95, in until\n    raise TimeoutException(message, screen, stacktrace)\n","steps":[],"attachments":[],"parameters":[{"name":"locator","value":"('xpath', \"(//a[@id='ui-id-4'])[1]\")"},{"name":"timeout","value":"5"}],"stepsCount":0,"shouldDisplayMessage":true,"attachmentsCount":0,"hasContent":true,"attachmentStep":false}],"attachments":[],"parameters":[{"name":"locator","value":"('xpath', \"(//a[@id='ui-id-4'])[1]\")"},{"name":"timeout","value":"10"}],"stepsCount":1,"shouldDisplayMessage":false,"attachmentsCount":0,"hasContent":true,"attachmentStep":false}],"attachments":[],"parameters":[],"stepsCount":2,"shouldDisplayMessage":false,"attachmentsCount":0,"hasContent":true,"attachmentStep":false}],"attachments":[{"uid":"fd21370a7865292f","name":"Screenshot","source":"fd21370a7865292f.png","type":"image/png","size":96060},{"uid":"eceed6997d076d9c","name":"HTML source","source":"eceed6997d076d9c.html","type":"text/html","size":7070}],"parameters":[],"stepsCount":4,"shouldDisplayMessage":true,"attachmentsCount":2,"hasContent":true,"attachmentStep":false},"afterStages":[{"name":"driver::0","time":{"start":1767491851191,"stop":1767491851251,"duration":60},"status":"passed","steps":[],"attachments":[],"parameters":[],"stepsCount":0,"shouldDisplayMessage":false,"attachmentsCount":0,"hasContent":false,"attachmentStep":false},{"name":"clear_allure_result_folder::0","time":{"start":1767493336748,"stop":1767493336748,"duration":0},"status":"passed","steps":[],"attachments":[],"parameters":[],"stepsCount":0,"shouldDisplayMessage":false,"attachmentsCount":0,"hasContent":false,"attachmentStep":false}],"labels":[{"name":"epic","value":"Test Header"},{"name":"parentSuite","value":"tests"},{"name":"suite","value":"test_header"},{"name":"subSuite","value":"TestHeader"},{"name":"host","value":"runnervmh13bl"},{"name":"thread","value":"3003-MainThread"},{"name":"framework","value":"pytest"},{"name":"language","value":"cpython3"},{"name":"package","value":"tests.test_header"},{"name":"resultFormat","value":"allure2"}],"parameters":[],"links":[],"hidden":false,"retry":false,"extra":{"severity":"normal","retries":[],"categories":[{"name":"Test defects","matchedStatuses":[],"flaky":false}],"history":{"statistic":{"failed":0,"broken":7,"skipped":0,"passed":0,"unknown":0,"total":7},"items":[{"uid":"b16f4e3f256a4727","reportUrl":"https://verafes.github.io/luma_project/627/#testresult/b16f4e3f256a4727","status":"broken","statusDetails":"selenium.common.exceptions.TimeoutException: Message: \nStacktrace:\n#0 0x5654d2e7319a <unknown>\n#1 0x5654d28f0c4b <unknown>\n#2 0x5654d2942318 <unknown>\n#3 0x5654d2942551 <unknown>\n#4 0x5654d2990764 <unknown>\n#5 0x5654d298dbee <unknown>\n#6 0x5654d2934c42 <unknown>\n#7 0x5654d29358f1 <unknown>\n#8 0x5654d2e3bf39 <unknown>\n#9 0x5654d2e3ee7d <unknown>\n#10 0x5654d2e24c81 <unknown>\n#11 0x5654d2e3fa5b <unknown>\n#12 0x5654d2e0ba50 <unknown>\n#13 0x5654d2e60aa8 <unknown>\n#14 0x5654d2e60c79 <unknown>\n#15 0x5654d2e724f3 <unknown>\n#16 0x7f8df009caa4 <unknown>\n#17 0x7f8df0129c6c <unknown>","time":{"start":1766887002230,"stop":1766887007522,"duration":5292}},{"uid":"58fdfa080fb3cd92","reportUrl":"https://verafes.github.io/luma_project/626/#testresult/58fdfa080fb3cd92","status":"broken","statusDetails":"selenium.common.exceptions.TimeoutException: Message: \nStacktrace:\n#0 0x55beace0019a <unknown>\n#1 0x55beac87dc4b <unknown>\n#2 0x55beac8cf318 <unknown>\n#3 0x55beac8cf551 <unknown>\n#4 0x55beac91d764 <unknown>\n#5 0x55beac91abee <unknown>\n#6 0x55beac8c1c42 <unknown>\n#7 0x55beac8c28f1 <unknown>\n#8 0x55beacdc8f39 <unknown>\n#9 0x55beacdcbe7d <unknown>\n#10 0x55beacdb1c81 <unknown>\n#11 0x55beacdcca5b <unknown>\n#12 0x55beacd98a50 <unknown>\n#13 0x55beacdedaa8 <unknown>\n#14 0x55beacdedc79 <unknown>\n#15 0x55beacdff4f3 <unknown>\n#16 0x7f6258e9caa4 <unknown>\n#17 0x7f6258f29c6c <unknown>","time":{"start":1766281414719,"stop":1766281419992,"duration":5273}},{"uid":"8ac3488f68b6690c","reportUrl":"https://verafes.github.io/luma_project/625/#testresult/8ac3488f68b6690c","status":"broken","statusDetails":"selenium.common.exceptions.TimeoutException: Message: \nStacktrace:\n#0 0x5556e3d1a16a <unknown>\n#1 0x5556e3797c4b <unknown>\n#2 0x5556e37e9318 <unknown>\n#3 0x5556e37e9551 <unknown>\n#4 0x5556e3837764 <unknown>\n#5 0x5556e3834bee <unknown>\n#6 0x5556e37dbc42 <unknown>\n#7 0x5556e37dc8f1 <unknown>\n#8 0x5556e3ce2f09 <unknown>\n#9 0x5556e3ce5e4d <unknown>\n#10 0x5556e3ccbc51 <unknown>\n#11 0x5556e3ce6a2b <unknown>\n#12 0x5556e3cb2a20 <unknown>\n#13 0x5556e3d07a78 <unknown>\n#14 0x5556e3d07c49 <unknown>\n#15 0x5556e3d194c3 <unknown>\n#16 0x7fbe6f09caa4 <unknown>\n#17 0x7fbe6f129c6c <unknown>","time":{"start":1765676626312,"stop":1765676631661,"duration":5349}},{"uid":"c571fb7d821dc4ae","reportUrl":"https://verafes.github.io/luma_project/624/#testresult/c571fb7d821dc4ae","status":"broken","statusDetails":"selenium.common.exceptions.TimeoutException: Message: \nStacktrace:\n#0 0x5590708464ca <unknown>\n#1 0x559070294e4b <unknown>\n#2 0x5590702e7814 <unknown>\n#3 0x5590702e7a51 <unknown>\n#4 0x559070336a44 <unknown>\n#5 0x559070333df7 <unknown>\n#6 0x5590702d9c2a <unknown>\n#7 0x5590702da931 <unknown>\n#8 0x55907080ccf9 <unknown>\n#9 0x55907080fcdc <unknown>\n#10 0x5590707f5f79 <unknown>\n#11 0x5590708108b5 <unknown>\n#12 0x5590707dd9c3 <unknown>\n#13 0x559070833228 <unknown>\n#14 0x559070833403 <unknown>\n#15 0x559070845463 <unknown>\n#16 0x7fd616e9caa4 <unknown>\n#17 0x7fd616f29c6c <unknown>","time":{"start":1765071796794,"stop":1765071802128,"duration":5334}},{"uid":"b37dcd60a5959cb7","reportUrl":"https://verafes.github.io/luma_project/623/#testresult/b37dcd60a5959cb7","status":"broken","statusDetails":"selenium.common.exceptions.TimeoutException: Message: \nStacktrace:\n#0 0x5648c611c32a <unknown>\n#1 0x5648c5b68e4b <unknown>\n#2 0x5648c5bbb82b <unknown>\n#3 0x5648c5bbba61 <unknown>\n#4 0x5648c5c0aa44 <unknown>\n#5 0x5648c5c07df7 <unknown>\n#6 0x5648c5badc1a <unknown>\n#7 0x5648c5bae921 <unknown>\n#8 0x5648c60e3239 <unknown>\n#9 0x5648c60e61e8 <unknown>\n#10 0x5648c60cc4c9 <unknown>\n#11 0x5648c60e6db5 <unknown>\n#12 0x5648c60b3e93 <unknown>\n#13 0x5648c6109098 <unknown>\n#14 0x5648c6109273 <unknown>\n#15 0x5648c611b2c3 <unknown>\n#16 0x7f76e3c9caa4 <unknown>\n#17 0x7f76e3d29c6c <unknown>","time":{"start":1764466975576,"stop":1764466980833,"duration":5257}},{"uid":"31052a21af766d78","reportUrl":"https://verafes.github.io/luma_project/622/#testresult/31052a21af766d78","status":"broken","statusDetails":"selenium.common.exceptions.TimeoutException: Message: \nStacktrace:\n#0 0x562183f2e32a <unknown>\n#1 0x56218397ae4b <unknown>\n#2 0x5621839cd82b <unknown>\n#3 0x5621839cda61 <unknown>\n#4 0x562183a1ca44 <unknown>\n#5 0x562183a19df7 <unknown>\n#6 0x5621839bfc1a <unknown>\n#7 0x5621839c0921 <unknown>\n#8 0x562183ef5239 <unknown>\n#9 0x562183ef81e8 <unknown>\n#10 0x562183ede4c9 <unknown>\n#11 0x562183ef8db5 <unknown>\n#12 0x562183ec5e93 <unknown>\n#13 0x562183f1b098 <unknown>\n#14 0x562183f1b273 <unknown>\n#15 0x562183f2d2c3 <unknown>\n#16 0x7f7f6889caa4 <unknown>\n#17 0x7f7f68929c6c <unknown>","time":{"start":1763862228219,"stop":1763862233485,"duration":5266}}]},"tags":[]},"source":"d4ca63901269d89e.json","parameterValues":[]}