{"uid":"11a67296d6812ad6","name":"TC 02.01.04 - Check display of Search Terms link on each page specified in DATA_1","fullName":"tests.test_footer.TestFooter#test_tc_02_01_04_check_visibility_of_search_terms_link_on_pages","historyId":"04957da51532e075cd19971f325b23dd","time":{"start":1760232096061,"stop":1760232101361,"duration":5300},"description":"Checks if Search Terms link is visible on each page in DATA_1","descriptionHtml":"<p>Checks if Search Terms link is visible on each page in DATA_1</p>\n","status":"broken","statusMessage":"selenium.common.exceptions.TimeoutException: Message: \nStacktrace:\n#0 0x55d9f8251fba <unknown>\n#1 0x55d9f7cd66d0 <unknown>\n#2 0x55d9f7d282aa <unknown>\n#3 0x55d9f7d28541 <unknown>\n#4 0x55d9f7d766c4 <unknown>\n#5 0x55d9f7d4de5d <unknown>\n#6 0x55d9f7d73b54 <unknown>\n#7 0x55d9f7d4dc03 <unknown>\n#8 0x55d9f7d1a7a8 <unknown>\n#9 0x55d9f7d1b421 <unknown>\n#10 0x55d9f8216b28 <unknown>\n#11 0x55d9f821a87f <unknown>\n#12 0x55d9f81fec49 <unknown>\n#13 0x55d9f821b405 <unknown>\n#14 0x55d9f81e44ff <unknown>\n#15 0x55d9f823f258 <unknown>\n#16 0x55d9f823f432 <unknown>\n#17 0x55d9f8250fa3 <unknown>\n#18 0x7fe603a9caa4 <unknown>\n#19 0x7fe603b29c6c <unknown>","statusTrace":"self = <test_footer.TestFooter object at 0x7fd37ee71550>\ndriver = <selenium.webdriver.chrome.webdriver.WebDriver (session=\"a39fb36c12985c7389260d65b16d7ee1\")>\nURL = 'https://magento.softwaretestingboard.com/what-is-new.html'\n\n    @allure.title(\"TC 02.01.04 - Check display of Search Terms link on each page specified in DATA_1\")\n    @pytest.mark.parametrize('URL', DATA_1)\n    def test_tc_02_01_04_check_visibility_of_search_terms_link_on_pages(self, driver, URL):\n        \"\"\"Checks if Search Terms link is visible on each page in DATA_1\"\"\"\n        page = FooterPage(driver, url=URL)\n        page.open()\n>       search_terms_link = page.check_search_terms_link_is_visible()\n\ntests/test_footer.py:47: \n_ _ _ _ _ _ _ _ _ _ _ _ _ _ _ _ _ _ _ _ _ _ _ _ _ _ _ _ _ _ _ _ _ _ _ _ _ _ _ _ \npages/footer_page.py:109: in check_search_terms_link_is_visible\n    return self.element_is_visible(self.footer_locators.SEARCH_TERMS_LINK)\npages/base_page.py:30: in element_is_visible\n    self.go_to_element(self.element_is_present(locator))\npages/base_page.py:51: in element_is_present\n    return wait(self.driver, timeout).until(EC.presence_of_element_located(locator))\n_ _ _ _ _ _ _ _ _ _ _ _ _ _ _ _ _ _ _ _ _ _ _ _ _ _ _ _ _ _ _ _ _ _ _ _ _ _ _ _ \n\nself = <selenium.webdriver.support.wait.WebDriverWait (session=\"a39fb36c12985c7389260d65b16d7ee1\")>\nmethod = <function presence_of_element_located.<locals>._predicate at 0x7fd37fd5ade0>\nmessage = ''\n\n    def until(self, method, message: str = \"\"):\n        \"\"\"Calls the method provided with the driver as an argument until the \\\n        return value does not evaluate to ``False``.\n    \n        :param method: callable(WebDriver)\n        :param message: optional message for :exc:`TimeoutException`\n        :returns: the result of the last call to `method`\n        :raises: :exc:`selenium.common.exceptions.TimeoutException` if timeout occurs\n        \"\"\"\n        screen = None\n        stacktrace = None\n    \n        end_time = time.monotonic() + self._timeout\n        while True:\n            try:\n                value = method(self._driver)\n                if value:\n                    return value\n            except self._ignored_exceptions as exc:\n                screen = getattr(exc, \"screen\", None)\n                stacktrace = getattr(exc, \"stacktrace\", None)\n            time.sleep(self._poll)\n            if time.monotonic() > end_time:\n                break\n>       raise TimeoutException(message, screen, stacktrace)\nE       selenium.common.exceptions.TimeoutException: Message: \nE       Stacktrace:\nE       #0 0x55d9f8251fba <unknown>\nE       #1 0x55d9f7cd66d0 <unknown>\nE       #2 0x55d9f7d282aa <unknown>\nE       #3 0x55d9f7d28541 <unknown>\nE       #4 0x55d9f7d766c4 <unknown>\nE       #5 0x55d9f7d4de5d <unknown>\nE       #6 0x55d9f7d73b54 <unknown>\nE       #7 0x55d9f7d4dc03 <unknown>\nE       #8 0x55d9f7d1a7a8 <unknown>\nE       #9 0x55d9f7d1b421 <unknown>\nE       #10 0x55d9f8216b28 <unknown>\nE       #11 0x55d9f821a87f <unknown>\nE       #12 0x55d9f81fec49 <unknown>\nE       #13 0x55d9f821b405 <unknown>\nE       #14 0x55d9f81e44ff <unknown>\nE       #15 0x55d9f823f258 <unknown>\nE       #16 0x55d9f823f432 <unknown>\nE       #17 0x55d9f8250fa3 <unknown>\nE       #18 0x7fe603a9caa4 <unknown>\nE       #19 0x7fe603b29c6c <unknown>\n\n/opt/hostedtoolcache/Python/3.11.13/x64/lib/python3.11/site-packages/selenium/webdriver/support/wait.py:95: TimeoutException","flaky":false,"newFailed":false,"newBroken":false,"newPassed":false,"retriesCount":0,"retriesStatusChange":false,"beforeStages":[{"name":"_session_faker","time":{"start":1760231824299,"stop":1760231824361,"duration":62},"status":"passed","steps":[],"attachments":[],"parameters":[],"stepsCount":0,"shouldDisplayMessage":false,"attachmentsCount":0,"hasContent":false,"attachmentStep":false},{"name":"clear_allure_result_folder","time":{"start":1760231824362,"stop":1760231824362,"duration":0},"status":"passed","steps":[],"attachments":[],"parameters":[],"stepsCount":0,"shouldDisplayMessage":false,"attachmentsCount":0,"hasContent":false,"attachmentStep":false},{"name":"driver","time":{"start":1760232094809,"stop":1760232096061,"duration":1252},"status":"passed","steps":[],"attachments":[],"parameters":[],"stepsCount":0,"shouldDisplayMessage":false,"attachmentsCount":0,"hasContent":false,"attachmentStep":false}],"testStage":{"description":"Checks if Search Terms link is visible on each page in DATA_1","status":"broken","statusMessage":"selenium.common.exceptions.TimeoutException: Message: \nStacktrace:\n#0 0x55d9f8251fba <unknown>\n#1 0x55d9f7cd66d0 <unknown>\n#2 0x55d9f7d282aa <unknown>\n#3 0x55d9f7d28541 <unknown>\n#4 0x55d9f7d766c4 <unknown>\n#5 0x55d9f7d4de5d <unknown>\n#6 0x55d9f7d73b54 <unknown>\n#7 0x55d9f7d4dc03 <unknown>\n#8 0x55d9f7d1a7a8 <unknown>\n#9 0x55d9f7d1b421 <unknown>\n#10 0x55d9f8216b28 <unknown>\n#11 0x55d9f821a87f <unknown>\n#12 0x55d9f81fec49 <unknown>\n#13 0x55d9f821b405 <unknown>\n#14 0x55d9f81e44ff <unknown>\n#15 0x55d9f823f258 <unknown>\n#16 0x55d9f823f432 <unknown>\n#17 0x55d9f8250fa3 <unknown>\n#18 0x7fe603a9caa4 <unknown>\n#19 0x7fe603b29c6c <unknown>","statusTrace":"self = <test_footer.TestFooter object at 0x7fd37ee71550>\ndriver = <selenium.webdriver.chrome.webdriver.WebDriver (session=\"a39fb36c12985c7389260d65b16d7ee1\")>\nURL = 'https://magento.softwaretestingboard.com/what-is-new.html'\n\n    @allure.title(\"TC 02.01.04 - Check display of Search Terms link on each page specified in DATA_1\")\n    @pytest.mark.parametrize('URL', DATA_1)\n    def test_tc_02_01_04_check_visibility_of_search_terms_link_on_pages(self, driver, URL):\n        \"\"\"Checks if Search Terms link is visible on each page in DATA_1\"\"\"\n        page = FooterPage(driver, url=URL)\n        page.open()\n>       search_terms_link = page.check_search_terms_link_is_visible()\n\ntests/test_footer.py:47: \n_ _ _ _ _ _ _ _ _ _ _ _ _ _ _ _ _ _ _ _ _ _ _ _ _ _ _ _ _ _ _ _ _ _ _ _ _ _ _ _ \npages/footer_page.py:109: in check_search_terms_link_is_visible\n    return self.element_is_visible(self.footer_locators.SEARCH_TERMS_LINK)\npages/base_page.py:30: in element_is_visible\n    self.go_to_element(self.element_is_present(locator))\npages/base_page.py:51: in element_is_present\n    return wait(self.driver, timeout).until(EC.presence_of_element_located(locator))\n_ _ _ _ _ _ _ _ _ _ _ _ _ _ _ _ _ _ _ _ _ _ _ _ _ _ _ _ _ _ _ _ _ _ _ _ _ _ _ _ \n\nself = <selenium.webdriver.support.wait.WebDriverWait (session=\"a39fb36c12985c7389260d65b16d7ee1\")>\nmethod = <function presence_of_element_located.<locals>._predicate at 0x7fd37fd5ade0>\nmessage = ''\n\n    def until(self, method, message: str = \"\"):\n        \"\"\"Calls the method provided with the driver as an argument until the \\\n        return value does not evaluate to ``False``.\n    \n        :param method: callable(WebDriver)\n        :param message: optional message for :exc:`TimeoutException`\n        :returns: the result of the last call to `method`\n        :raises: :exc:`selenium.common.exceptions.TimeoutException` if timeout occurs\n        \"\"\"\n        screen = None\n        stacktrace = None\n    \n        end_time = time.monotonic() + self._timeout\n        while True:\n            try:\n                value = method(self._driver)\n                if value:\n                    return value\n            except self._ignored_exceptions as exc:\n                screen = getattr(exc, \"screen\", None)\n                stacktrace = getattr(exc, \"stacktrace\", None)\n            time.sleep(self._poll)\n            if time.monotonic() > end_time:\n                break\n>       raise TimeoutException(message, screen, stacktrace)\nE       selenium.common.exceptions.TimeoutException: Message: \nE       Stacktrace:\nE       #0 0x55d9f8251fba <unknown>\nE       #1 0x55d9f7cd66d0 <unknown>\nE       #2 0x55d9f7d282aa <unknown>\nE       #3 0x55d9f7d28541 <unknown>\nE       #4 0x55d9f7d766c4 <unknown>\nE       #5 0x55d9f7d4de5d <unknown>\nE       #6 0x55d9f7d73b54 <unknown>\nE       #7 0x55d9f7d4dc03 <unknown>\nE       #8 0x55d9f7d1a7a8 <unknown>\nE       #9 0x55d9f7d1b421 <unknown>\nE       #10 0x55d9f8216b28 <unknown>\nE       #11 0x55d9f821a87f <unknown>\nE       #12 0x55d9f81fec49 <unknown>\nE       #13 0x55d9f821b405 <unknown>\nE       #14 0x55d9f81e44ff <unknown>\nE       #15 0x55d9f823f258 <unknown>\nE       #16 0x55d9f823f432 <unknown>\nE       #17 0x55d9f8250fa3 <unknown>\nE       #18 0x7fe603a9caa4 <unknown>\nE       #19 0x7fe603b29c6c <unknown>\n\n/opt/hostedtoolcache/Python/3.11.13/x64/lib/python3.11/site-packages/selenium/webdriver/support/wait.py:95: TimeoutException","steps":[{"name":"Open a browser","time":{"start":1760232096061,"stop":1760232096262,"duration":201},"status":"passed","steps":[],"attachments":[],"parameters":[],"stepsCount":0,"shouldDisplayMessage":false,"attachmentsCount":0,"hasContent":false,"attachmentStep":false},{"name":"Check Search Terms link is visible on the page","time":{"start":1760232096262,"stop":1760232101361,"duration":5099},"status":"broken","statusMessage":"selenium.common.exceptions.TimeoutException: Message: \nStacktrace:\n#0 0x55d9f8251fba <unknown>\n#1 0x55d9f7cd66d0 <unknown>\n#2 0x55d9f7d282aa <unknown>\n#3 0x55d9f7d28541 <unknown>\n#4 0x55d9f7d766c4 <unknown>\n#5 0x55d9f7d4de5d <unknown>\n#6 0x55d9f7d73b54 <unknown>\n#7 0x55d9f7d4dc03 <unknown>\n#8 0x55d9f7d1a7a8 <unknown>\n#9 0x55d9f7d1b421 <unknown>\n#10 0x55d9f8216b28 <unknown>\n#11 0x55d9f821a87f <unknown>\n#12 0x55d9f81fec49 <unknown>\n#13 0x55d9f821b405 <unknown>\n#14 0x55d9f81e44ff <unknown>\n#15 0x55d9f823f258 <unknown>\n#16 0x55d9f823f432 <unknown>\n#17 0x55d9f8250fa3 <unknown>\n#18 0x7fe603a9caa4 <unknown>\n#19 0x7fe603b29c6c <unknown>\n\n","statusTrace":"  File \"/opt/hostedtoolcache/Python/3.11.13/x64/lib/python3.11/site-packages/allure_commons/_allure.py\", line 192, in impl\n    return func(*a, **kw)\n           ^^^^^^^^^^^^^^\n  File \"/home/runner/work/luma_project/luma_project/pages/footer_page.py\", line 109, in check_search_terms_link_is_visible\n    return self.element_is_visible(self.footer_locators.SEARCH_TERMS_LINK)\n           ^^^^^^^^^^^^^^^^^^^^^^^^^^^^^^^^^^^^^^^^^^^^^^^^^^^^^^^^^^^^^^^\n  File \"/opt/hostedtoolcache/Python/3.11.13/x64/lib/python3.11/site-packages/allure_commons/_allure.py\", line 192, in impl\n    return func(*a, **kw)\n           ^^^^^^^^^^^^^^\n  File \"/home/runner/work/luma_project/luma_project/pages/base_page.py\", line 30, in element_is_visible\n    self.go_to_element(self.element_is_present(locator))\n                       ^^^^^^^^^^^^^^^^^^^^^^^^^^^^^^^^\n  File \"/opt/hostedtoolcache/Python/3.11.13/x64/lib/python3.11/site-packages/allure_commons/_allure.py\", line 192, in impl\n    return func(*a, **kw)\n           ^^^^^^^^^^^^^^\n  File \"/home/runner/work/luma_project/luma_project/pages/base_page.py\", line 51, in element_is_present\n    return wait(self.driver, timeout).until(EC.presence_of_element_located(locator))\n           ^^^^^^^^^^^^^^^^^^^^^^^^^^^^^^^^^^^^^^^^^^^^^^^^^^^^^^^^^^^^^^^^^^^^^^^^^\n  File \"/opt/hostedtoolcache/Python/3.11.13/x64/lib/python3.11/site-packages/selenium/webdriver/support/wait.py\", line 95, in until\n    raise TimeoutException(message, screen, stacktrace)\n","steps":[{"name":"Find a visible element","time":{"start":1760232096263,"stop":1760232101361,"duration":5098},"status":"broken","statusMessage":"selenium.common.exceptions.TimeoutException: Message: \nStacktrace:\n#0 0x55d9f8251fba <unknown>\n#1 0x55d9f7cd66d0 <unknown>\n#2 0x55d9f7d282aa <unknown>\n#3 0x55d9f7d28541 <unknown>\n#4 0x55d9f7d766c4 <unknown>\n#5 0x55d9f7d4de5d <unknown>\n#6 0x55d9f7d73b54 <unknown>\n#7 0x55d9f7d4dc03 <unknown>\n#8 0x55d9f7d1a7a8 <unknown>\n#9 0x55d9f7d1b421 <unknown>\n#10 0x55d9f8216b28 <unknown>\n#11 0x55d9f821a87f <unknown>\n#12 0x55d9f81fec49 <unknown>\n#13 0x55d9f821b405 <unknown>\n#14 0x55d9f81e44ff <unknown>\n#15 0x55d9f823f258 <unknown>\n#16 0x55d9f823f432 <unknown>\n#17 0x55d9f8250fa3 <unknown>\n#18 0x7fe603a9caa4 <unknown>\n#19 0x7fe603b29c6c <unknown>\n\n","statusTrace":"  File \"/opt/hostedtoolcache/Python/3.11.13/x64/lib/python3.11/site-packages/allure_commons/_allure.py\", line 192, in impl\n    return func(*a, **kw)\n           ^^^^^^^^^^^^^^\n  File \"/home/runner/work/luma_project/luma_project/pages/base_page.py\", line 30, in element_is_visible\n    self.go_to_element(self.element_is_present(locator))\n                       ^^^^^^^^^^^^^^^^^^^^^^^^^^^^^^^^\n  File \"/opt/hostedtoolcache/Python/3.11.13/x64/lib/python3.11/site-packages/allure_commons/_allure.py\", line 192, in impl\n    return func(*a, **kw)\n           ^^^^^^^^^^^^^^\n  File \"/home/runner/work/luma_project/luma_project/pages/base_page.py\", line 51, in element_is_present\n    return wait(self.driver, timeout).until(EC.presence_of_element_located(locator))\n           ^^^^^^^^^^^^^^^^^^^^^^^^^^^^^^^^^^^^^^^^^^^^^^^^^^^^^^^^^^^^^^^^^^^^^^^^^\n  File \"/opt/hostedtoolcache/Python/3.11.13/x64/lib/python3.11/site-packages/selenium/webdriver/support/wait.py\", line 95, in until\n    raise TimeoutException(message, screen, stacktrace)\n","steps":[{"name":"Find a present element","time":{"start":1760232096263,"stop":1760232101360,"duration":5097},"status":"broken","statusMessage":"selenium.common.exceptions.TimeoutException: Message: \nStacktrace:\n#0 0x55d9f8251fba <unknown>\n#1 0x55d9f7cd66d0 <unknown>\n#2 0x55d9f7d282aa <unknown>\n#3 0x55d9f7d28541 <unknown>\n#4 0x55d9f7d766c4 <unknown>\n#5 0x55d9f7d4de5d <unknown>\n#6 0x55d9f7d73b54 <unknown>\n#7 0x55d9f7d4dc03 <unknown>\n#8 0x55d9f7d1a7a8 <unknown>\n#9 0x55d9f7d1b421 <unknown>\n#10 0x55d9f8216b28 <unknown>\n#11 0x55d9f821a87f <unknown>\n#12 0x55d9f81fec49 <unknown>\n#13 0x55d9f821b405 <unknown>\n#14 0x55d9f81e44ff <unknown>\n#15 0x55d9f823f258 <unknown>\n#16 0x55d9f823f432 <unknown>\n#17 0x55d9f8250fa3 <unknown>\n#18 0x7fe603a9caa4 <unknown>\n#19 0x7fe603b29c6c <unknown>\n\n","statusTrace":"  File \"/opt/hostedtoolcache/Python/3.11.13/x64/lib/python3.11/site-packages/allure_commons/_allure.py\", line 192, in impl\n    return func(*a, **kw)\n           ^^^^^^^^^^^^^^\n  File \"/home/runner/work/luma_project/luma_project/pages/base_page.py\", line 51, in element_is_present\n    return wait(self.driver, timeout).until(EC.presence_of_element_located(locator))\n           ^^^^^^^^^^^^^^^^^^^^^^^^^^^^^^^^^^^^^^^^^^^^^^^^^^^^^^^^^^^^^^^^^^^^^^^^^\n  File \"/opt/hostedtoolcache/Python/3.11.13/x64/lib/python3.11/site-packages/selenium/webdriver/support/wait.py\", line 95, in until\n    raise TimeoutException(message, screen, stacktrace)\n","steps":[],"attachments":[],"parameters":[{"name":"locator","value":"('css selector', '.footer > :nth-child(1) > a')"},{"name":"timeout","value":"5"}],"stepsCount":0,"shouldDisplayMessage":true,"attachmentsCount":0,"hasContent":true,"attachmentStep":false}],"attachments":[],"parameters":[{"name":"locator","value":"('css selector', '.footer > :nth-child(1) > a')"},{"name":"timeout","value":"10"}],"stepsCount":1,"shouldDisplayMessage":false,"attachmentsCount":0,"hasContent":true,"attachmentStep":false}],"attachments":[],"parameters":[],"stepsCount":2,"shouldDisplayMessage":false,"attachmentsCount":0,"hasContent":true,"attachmentStep":false}],"attachments":[{"uid":"c3b2073db1382c3","name":"Screenshot","source":"c3b2073db1382c3.png","type":"image/png","size":23875},{"uid":"6924c42ab0a34f70","name":"HTML source","source":"6924c42ab0a34f70.html","type":"text/html","size":786}],"parameters":[],"stepsCount":4,"shouldDisplayMessage":true,"attachmentsCount":2,"hasContent":true,"attachmentStep":false},"afterStages":[{"name":"driver::0","time":{"start":1760232101429,"stop":1760232101489,"duration":60},"status":"passed","steps":[],"attachments":[],"parameters":[],"stepsCount":0,"shouldDisplayMessage":false,"attachmentsCount":0,"hasContent":false,"attachmentStep":false},{"name":"clear_allure_result_folder::0","time":{"start":1760234300124,"stop":1760234300124,"duration":0},"status":"passed","steps":[],"attachments":[],"parameters":[],"stepsCount":0,"shouldDisplayMessage":false,"attachmentsCount":0,"hasContent":false,"attachmentStep":false}],"labels":[{"name":"epic","value":"Test Footer"},{"name":"parentSuite","value":"tests"},{"name":"suite","value":"test_footer"},{"name":"subSuite","value":"TestFooter"},{"name":"host","value":"runnervmwhb2z"},{"name":"thread","value":"2956-MainThread"},{"name":"framework","value":"pytest"},{"name":"language","value":"cpython3"},{"name":"package","value":"tests.test_footer"},{"name":"resultFormat","value":"allure2"}],"parameters":[{"name":"URL","value":"'https://magento.softwaretestingboard.com/what-is-new.html'"}],"links":[],"hidden":false,"retry":false,"extra":{"severity":"normal","retries":[],"categories":[{"name":"Test defects","matchedStatuses":[],"flaky":false}],"tags":[]},"source":"11a67296d6812ad6.json","parameterValues":["'https://magento.softwaretestingboard.com/what-is-new.html'"]}