{"uid":"12a0237a3dbdbbad","name":"TC 13.01.46 - Check block 3 'home-erin' in section 2 of the Promo Block is present in the DOM tree","fullName":"tests.test_main_page.TestPromoBlock#test_tc_13_01_46_check_block3_in_section2_is_present","historyId":"cd88cf9a8dd03f203bd9b7e5a8db7130","time":{"start":1760233132132,"stop":1760233137412,"duration":5280},"description":"This test checks if block 3 'home-erin' in section 2 in the Promo Block is present\n            in the DOM tree on the main page","descriptionHtml":"<p>This test checks if block 3 'home-erin' in section 2 in the Promo Block is present<br />\nin the DOM tree on the main page</p>\n","status":"broken","statusMessage":"selenium.common.exceptions.TimeoutException: Message: \nStacktrace:\n#0 0x55f0691f8fba <unknown>\n#1 0x55f068c7d6d0 <unknown>\n#2 0x55f068ccf2aa <unknown>\n#3 0x55f068ccf541 <unknown>\n#4 0x55f068d1d6c4 <unknown>\n#5 0x55f068cf4e5d <unknown>\n#6 0x55f068d1ab54 <unknown>\n#7 0x55f068cf4c03 <unknown>\n#8 0x55f068cc17a8 <unknown>\n#9 0x55f068cc2421 <unknown>\n#10 0x55f0691bdb28 <unknown>\n#11 0x55f0691c187f <unknown>\n#12 0x55f0691a5c49 <unknown>\n#13 0x55f0691c2405 <unknown>\n#14 0x55f06918b4ff <unknown>\n#15 0x55f0691e6258 <unknown>\n#16 0x55f0691e6432 <unknown>\n#17 0x55f0691f7fa3 <unknown>\n#18 0x7f3944a9caa4 <unknown>\n#19 0x7f3944b29c6c <unknown>","statusTrace":"self = <test_main_page.TestMainPage.TestPromoBlock object at 0x7fd37dfd5750>\ndriver = <selenium.webdriver.chrome.webdriver.WebDriver (session=\"2419b20fdc3b6d8fbf4d60310610d87d\")>\n\n    @allure.title(\"TC 13.01.46 - Check block 3 'home-erin' in section 2 of the Promo Block is present \"\n                  \"in the DOM tree\")\n    def test_tc_13_01_46_check_block3_in_section2_is_present(self, driver):\n        \"\"\"This test checks if block 3 'home-erin' in section 2 in the Promo Block is present\n        in the DOM tree on the main page\"\"\"\n        page = PromoBlock(driver, MAIN_PAGE_URL)\n        page.open()\n>       block3_section2 = page.check_block3_section2_is_present()\n\ntests/test_main_page.py:605: \n_ _ _ _ _ _ _ _ _ _ _ _ _ _ _ _ _ _ _ _ _ _ _ _ _ _ _ _ _ _ _ _ _ _ _ _ _ _ _ _ \npages/main_page.py:216: in check_block3_section2_is_present\n    return self.element_is_present(self.locators.SECTION_2_BLOCK_3)\npages/base_page.py:51: in element_is_present\n    return wait(self.driver, timeout).until(EC.presence_of_element_located(locator))\n_ _ _ _ _ _ _ _ _ _ _ _ _ _ _ _ _ _ _ _ _ _ _ _ _ _ _ _ _ _ _ _ _ _ _ _ _ _ _ _ \n\nself = <selenium.webdriver.support.wait.WebDriverWait (session=\"2419b20fdc3b6d8fbf4d60310610d87d\")>\nmethod = <function presence_of_element_located.<locals>._predicate at 0x7fd37fbd3f60>\nmessage = ''\n\n    def until(self, method, message: str = \"\"):\n        \"\"\"Calls the method provided with the driver as an argument until the \\\n        return value does not evaluate to ``False``.\n    \n        :param method: callable(WebDriver)\n        :param message: optional message for :exc:`TimeoutException`\n        :returns: the result of the last call to `method`\n        :raises: :exc:`selenium.common.exceptions.TimeoutException` if timeout occurs\n        \"\"\"\n        screen = None\n        stacktrace = None\n    \n        end_time = time.monotonic() + self._timeout\n        while True:\n            try:\n                value = method(self._driver)\n                if value:\n                    return value\n            except self._ignored_exceptions as exc:\n                screen = getattr(exc, \"screen\", None)\n                stacktrace = getattr(exc, \"stacktrace\", None)\n            time.sleep(self._poll)\n            if time.monotonic() > end_time:\n                break\n>       raise TimeoutException(message, screen, stacktrace)\nE       selenium.common.exceptions.TimeoutException: Message: \nE       Stacktrace:\nE       #0 0x55f0691f8fba <unknown>\nE       #1 0x55f068c7d6d0 <unknown>\nE       #2 0x55f068ccf2aa <unknown>\nE       #3 0x55f068ccf541 <unknown>\nE       #4 0x55f068d1d6c4 <unknown>\nE       #5 0x55f068cf4e5d <unknown>\nE       #6 0x55f068d1ab54 <unknown>\nE       #7 0x55f068cf4c03 <unknown>\nE       #8 0x55f068cc17a8 <unknown>\nE       #9 0x55f068cc2421 <unknown>\nE       #10 0x55f0691bdb28 <unknown>\nE       #11 0x55f0691c187f <unknown>\nE       #12 0x55f0691a5c49 <unknown>\nE       #13 0x55f0691c2405 <unknown>\nE       #14 0x55f06918b4ff <unknown>\nE       #15 0x55f0691e6258 <unknown>\nE       #16 0x55f0691e6432 <unknown>\nE       #17 0x55f0691f7fa3 <unknown>\nE       #18 0x7f3944a9caa4 <unknown>\nE       #19 0x7f3944b29c6c <unknown>\n\n/opt/hostedtoolcache/Python/3.11.13/x64/lib/python3.11/site-packages/selenium/webdriver/support/wait.py:95: TimeoutException","flaky":false,"newFailed":false,"newBroken":false,"newPassed":false,"retriesCount":0,"retriesStatusChange":false,"beforeStages":[{"name":"_session_faker","time":{"start":1760231824299,"stop":1760231824361,"duration":62},"status":"passed","steps":[],"attachments":[],"parameters":[],"stepsCount":0,"shouldDisplayMessage":false,"attachmentsCount":0,"hasContent":false,"attachmentStep":false},{"name":"clear_allure_result_folder","time":{"start":1760231824362,"stop":1760231824362,"duration":0},"status":"passed","steps":[],"attachments":[],"parameters":[],"stepsCount":0,"shouldDisplayMessage":false,"attachmentsCount":0,"hasContent":false,"attachmentStep":false},{"name":"driver","time":{"start":1760233130882,"stop":1760233132132,"duration":1250},"status":"passed","steps":[],"attachments":[],"parameters":[],"stepsCount":0,"shouldDisplayMessage":false,"attachmentsCount":0,"hasContent":false,"attachmentStep":false}],"testStage":{"description":"This test checks if block 3 'home-erin' in section 2 in the Promo Block is present\n            in the DOM tree on the main page","status":"broken","statusMessage":"selenium.common.exceptions.TimeoutException: Message: \nStacktrace:\n#0 0x55f0691f8fba <unknown>\n#1 0x55f068c7d6d0 <unknown>\n#2 0x55f068ccf2aa <unknown>\n#3 0x55f068ccf541 <unknown>\n#4 0x55f068d1d6c4 <unknown>\n#5 0x55f068cf4e5d <unknown>\n#6 0x55f068d1ab54 <unknown>\n#7 0x55f068cf4c03 <unknown>\n#8 0x55f068cc17a8 <unknown>\n#9 0x55f068cc2421 <unknown>\n#10 0x55f0691bdb28 <unknown>\n#11 0x55f0691c187f <unknown>\n#12 0x55f0691a5c49 <unknown>\n#13 0x55f0691c2405 <unknown>\n#14 0x55f06918b4ff <unknown>\n#15 0x55f0691e6258 <unknown>\n#16 0x55f0691e6432 <unknown>\n#17 0x55f0691f7fa3 <unknown>\n#18 0x7f3944a9caa4 <unknown>\n#19 0x7f3944b29c6c <unknown>","statusTrace":"self = <test_main_page.TestMainPage.TestPromoBlock object at 0x7fd37dfd5750>\ndriver = <selenium.webdriver.chrome.webdriver.WebDriver (session=\"2419b20fdc3b6d8fbf4d60310610d87d\")>\n\n    @allure.title(\"TC 13.01.46 - Check block 3 'home-erin' in section 2 of the Promo Block is present \"\n                  \"in the DOM tree\")\n    def test_tc_13_01_46_check_block3_in_section2_is_present(self, driver):\n        \"\"\"This test checks if block 3 'home-erin' in section 2 in the Promo Block is present\n        in the DOM tree on the main page\"\"\"\n        page = PromoBlock(driver, MAIN_PAGE_URL)\n        page.open()\n>       block3_section2 = page.check_block3_section2_is_present()\n\ntests/test_main_page.py:605: \n_ _ _ _ _ _ _ _ _ _ _ _ _ _ _ _ _ _ _ _ _ _ _ _ _ _ _ _ _ _ _ _ _ _ _ _ _ _ _ _ \npages/main_page.py:216: in check_block3_section2_is_present\n    return self.element_is_present(self.locators.SECTION_2_BLOCK_3)\npages/base_page.py:51: in element_is_present\n    return wait(self.driver, timeout).until(EC.presence_of_element_located(locator))\n_ _ _ _ _ _ _ _ _ _ _ _ _ _ _ _ _ _ _ _ _ _ _ _ _ _ _ _ _ _ _ _ _ _ _ _ _ _ _ _ \n\nself = <selenium.webdriver.support.wait.WebDriverWait (session=\"2419b20fdc3b6d8fbf4d60310610d87d\")>\nmethod = <function presence_of_element_located.<locals>._predicate at 0x7fd37fbd3f60>\nmessage = ''\n\n    def until(self, method, message: str = \"\"):\n        \"\"\"Calls the method provided with the driver as an argument until the \\\n        return value does not evaluate to ``False``.\n    \n        :param method: callable(WebDriver)\n        :param message: optional message for :exc:`TimeoutException`\n        :returns: the result of the last call to `method`\n        :raises: :exc:`selenium.common.exceptions.TimeoutException` if timeout occurs\n        \"\"\"\n        screen = None\n        stacktrace = None\n    \n        end_time = time.monotonic() + self._timeout\n        while True:\n            try:\n                value = method(self._driver)\n                if value:\n                    return value\n            except self._ignored_exceptions as exc:\n                screen = getattr(exc, \"screen\", None)\n                stacktrace = getattr(exc, \"stacktrace\", None)\n            time.sleep(self._poll)\n            if time.monotonic() > end_time:\n                break\n>       raise TimeoutException(message, screen, stacktrace)\nE       selenium.common.exceptions.TimeoutException: Message: \nE       Stacktrace:\nE       #0 0x55f0691f8fba <unknown>\nE       #1 0x55f068c7d6d0 <unknown>\nE       #2 0x55f068ccf2aa <unknown>\nE       #3 0x55f068ccf541 <unknown>\nE       #4 0x55f068d1d6c4 <unknown>\nE       #5 0x55f068cf4e5d <unknown>\nE       #6 0x55f068d1ab54 <unknown>\nE       #7 0x55f068cf4c03 <unknown>\nE       #8 0x55f068cc17a8 <unknown>\nE       #9 0x55f068cc2421 <unknown>\nE       #10 0x55f0691bdb28 <unknown>\nE       #11 0x55f0691c187f <unknown>\nE       #12 0x55f0691a5c49 <unknown>\nE       #13 0x55f0691c2405 <unknown>\nE       #14 0x55f06918b4ff <unknown>\nE       #15 0x55f0691e6258 <unknown>\nE       #16 0x55f0691e6432 <unknown>\nE       #17 0x55f0691f7fa3 <unknown>\nE       #18 0x7f3944a9caa4 <unknown>\nE       #19 0x7f3944b29c6c <unknown>\n\n/opt/hostedtoolcache/Python/3.11.13/x64/lib/python3.11/site-packages/selenium/webdriver/support/wait.py:95: TimeoutException","steps":[{"name":"Open a browser","time":{"start":1760233132132,"stop":1760233132309,"duration":177},"status":"passed","steps":[],"attachments":[],"parameters":[],"stepsCount":0,"shouldDisplayMessage":false,"attachmentsCount":0,"hasContent":false,"attachmentStep":false},{"name":"Check block 3 'home-erin' in section 2 of the Promo Block is present in the DOM tree","time":{"start":1760233132310,"stop":1760233137411,"duration":5101},"status":"broken","statusMessage":"selenium.common.exceptions.TimeoutException: Message: \nStacktrace:\n#0 0x55f0691f8fba <unknown>\n#1 0x55f068c7d6d0 <unknown>\n#2 0x55f068ccf2aa <unknown>\n#3 0x55f068ccf541 <unknown>\n#4 0x55f068d1d6c4 <unknown>\n#5 0x55f068cf4e5d <unknown>\n#6 0x55f068d1ab54 <unknown>\n#7 0x55f068cf4c03 <unknown>\n#8 0x55f068cc17a8 <unknown>\n#9 0x55f068cc2421 <unknown>\n#10 0x55f0691bdb28 <unknown>\n#11 0x55f0691c187f <unknown>\n#12 0x55f0691a5c49 <unknown>\n#13 0x55f0691c2405 <unknown>\n#14 0x55f06918b4ff <unknown>\n#15 0x55f0691e6258 <unknown>\n#16 0x55f0691e6432 <unknown>\n#17 0x55f0691f7fa3 <unknown>\n#18 0x7f3944a9caa4 <unknown>\n#19 0x7f3944b29c6c <unknown>\n\n","statusTrace":"  File \"/opt/hostedtoolcache/Python/3.11.13/x64/lib/python3.11/site-packages/allure_commons/_allure.py\", line 192, in impl\n    return func(*a, **kw)\n           ^^^^^^^^^^^^^^\n  File \"/home/runner/work/luma_project/luma_project/pages/main_page.py\", line 216, in check_block3_section2_is_present\n    return self.element_is_present(self.locators.SECTION_2_BLOCK_3)\n           ^^^^^^^^^^^^^^^^^^^^^^^^^^^^^^^^^^^^^^^^^^^^^^^^^^^^^^^^\n  File \"/opt/hostedtoolcache/Python/3.11.13/x64/lib/python3.11/site-packages/allure_commons/_allure.py\", line 192, in impl\n    return func(*a, **kw)\n           ^^^^^^^^^^^^^^\n  File \"/home/runner/work/luma_project/luma_project/pages/base_page.py\", line 51, in element_is_present\n    return wait(self.driver, timeout).until(EC.presence_of_element_located(locator))\n           ^^^^^^^^^^^^^^^^^^^^^^^^^^^^^^^^^^^^^^^^^^^^^^^^^^^^^^^^^^^^^^^^^^^^^^^^^\n  File \"/opt/hostedtoolcache/Python/3.11.13/x64/lib/python3.11/site-packages/selenium/webdriver/support/wait.py\", line 95, in until\n    raise TimeoutException(message, screen, stacktrace)\n","steps":[{"name":"Find a present element","time":{"start":1760233132310,"stop":1760233137411,"duration":5101},"status":"broken","statusMessage":"selenium.common.exceptions.TimeoutException: Message: \nStacktrace:\n#0 0x55f0691f8fba <unknown>\n#1 0x55f068c7d6d0 <unknown>\n#2 0x55f068ccf2aa <unknown>\n#3 0x55f068ccf541 <unknown>\n#4 0x55f068d1d6c4 <unknown>\n#5 0x55f068cf4e5d <unknown>\n#6 0x55f068d1ab54 <unknown>\n#7 0x55f068cf4c03 <unknown>\n#8 0x55f068cc17a8 <unknown>\n#9 0x55f068cc2421 <unknown>\n#10 0x55f0691bdb28 <unknown>\n#11 0x55f0691c187f <unknown>\n#12 0x55f0691a5c49 <unknown>\n#13 0x55f0691c2405 <unknown>\n#14 0x55f06918b4ff <unknown>\n#15 0x55f0691e6258 <unknown>\n#16 0x55f0691e6432 <unknown>\n#17 0x55f0691f7fa3 <unknown>\n#18 0x7f3944a9caa4 <unknown>\n#19 0x7f3944b29c6c <unknown>\n\n","statusTrace":"  File \"/opt/hostedtoolcache/Python/3.11.13/x64/lib/python3.11/site-packages/allure_commons/_allure.py\", line 192, in impl\n    return func(*a, **kw)\n           ^^^^^^^^^^^^^^\n  File \"/home/runner/work/luma_project/luma_project/pages/base_page.py\", line 51, in element_is_present\n    return wait(self.driver, timeout).until(EC.presence_of_element_located(locator))\n           ^^^^^^^^^^^^^^^^^^^^^^^^^^^^^^^^^^^^^^^^^^^^^^^^^^^^^^^^^^^^^^^^^^^^^^^^^\n  File \"/opt/hostedtoolcache/Python/3.11.13/x64/lib/python3.11/site-packages/selenium/webdriver/support/wait.py\", line 95, in until\n    raise TimeoutException(message, screen, stacktrace)\n","steps":[],"attachments":[],"parameters":[{"name":"locator","value":"('css selector', '.home-erin')"},{"name":"timeout","value":"5"}],"stepsCount":0,"shouldDisplayMessage":true,"attachmentsCount":0,"hasContent":true,"attachmentStep":false}],"attachments":[],"parameters":[],"stepsCount":1,"shouldDisplayMessage":false,"attachmentsCount":0,"hasContent":true,"attachmentStep":false}],"attachments":[{"uid":"6030ac56e56292f6","name":"Screenshot","source":"6030ac56e56292f6.png","type":"image/png","size":23875},{"uid":"eaf615cb51c3a1fc","name":"HTML source","source":"eaf615cb51c3a1fc.html","type":"text/html","size":786}],"parameters":[],"stepsCount":3,"shouldDisplayMessage":true,"attachmentsCount":2,"hasContent":true,"attachmentStep":false},"afterStages":[{"name":"driver::0","time":{"start":1760233137487,"stop":1760233137547,"duration":60},"status":"passed","steps":[],"attachments":[],"parameters":[],"stepsCount":0,"shouldDisplayMessage":false,"attachmentsCount":0,"hasContent":false,"attachmentStep":false},{"name":"clear_allure_result_folder::0","time":{"start":1760234300124,"stop":1760234300124,"duration":0},"status":"passed","steps":[],"attachments":[],"parameters":[],"stepsCount":0,"shouldDisplayMessage":false,"attachmentsCount":0,"hasContent":false,"attachmentStep":false}],"labels":[{"name":"feature","value":"Promo Block Testing"},{"name":"epic","value":"Main Page"},{"name":"parentSuite","value":"tests"},{"name":"suite","value":"test_main_page"},{"name":"subSuite","value":"TestMainPage"},{"name":"host","value":"runnervmwhb2z"},{"name":"thread","value":"2956-MainThread"},{"name":"framework","value":"pytest"},{"name":"language","value":"cpython3"},{"name":"package","value":"tests.test_main_page"},{"name":"resultFormat","value":"allure2"}],"parameters":[],"links":[],"hidden":false,"retry":false,"extra":{"severity":"normal","retries":[],"categories":[{"name":"Test defects","matchedStatuses":[],"flaky":false}],"tags":[]},"source":"12a0237a3dbdbbad.json","parameterValues":[]}