{"uid":"1660d0a0a3c2e2f3","name":"TC 17.01.03 Verify FYP Email field is present","fullName":"tests.test_forgot_your_password.TestForgotYourPassword#test_17_01_03_email_field_is_present","historyId":"cfe798a2e94fa76c260b11ec13b32377","time":{"start":1760232362613,"stop":1760232367716,"duration":5103},"description":"Check if the Email input field is present","descriptionHtml":"<p>Check if the Email input field is present</p>\n","status":"broken","statusMessage":"selenium.common.exceptions.TimeoutException: Message: \nStacktrace:\n#0 0x55bbd5170fba <unknown>\n#1 0x55bbd4bf56d0 <unknown>\n#2 0x55bbd4c472aa <unknown>\n#3 0x55bbd4c47541 <unknown>\n#4 0x55bbd4c956c4 <unknown>\n#5 0x55bbd4c6ce5d <unknown>\n#6 0x55bbd4c92b54 <unknown>\n#7 0x55bbd4c6cc03 <unknown>\n#8 0x55bbd4c397a8 <unknown>\n#9 0x55bbd4c3a421 <unknown>\n#10 0x55bbd5135b28 <unknown>\n#11 0x55bbd513987f <unknown>\n#12 0x55bbd511dc49 <unknown>\n#13 0x55bbd513a405 <unknown>\n#14 0x55bbd51034ff <unknown>\n#15 0x55bbd515e258 <unknown>\n#16 0x55bbd515e432 <unknown>\n#17 0x55bbd516ffa3 <unknown>\n#18 0x7fa7f069caa4 <unknown>\n#19 0x7fa7f0729c6c <unknown>","statusTrace":"self = <test_forgot_your_password.TestForgotYourPassword object at 0x7fd37f4e6390>\ndriver = <selenium.webdriver.chrome.webdriver.WebDriver (session=\"4c63bd6845282673c071c2e43add60a2\")>\nforgot_psw_page = <pages.forgot_your_password_page.ForgotYourPasswordPage object at 0x7fd37fe0e610>\n\n    @allure.title('TC 17.01.03 Verify FYP Email field is present')\n    def test_17_01_03_email_field_is_present(self, driver, forgot_psw_page):\n        \"\"\"Check if the Email input field is present\"\"\"\n>       email_input = forgot_psw_page.check_forgot_psw_email_field_is_clickable()\n\ntests/test_forgot_your_password.py:38: \n_ _ _ _ _ _ _ _ _ _ _ _ _ _ _ _ _ _ _ _ _ _ _ _ _ _ _ _ _ _ _ _ _ _ _ _ _ _ _ _ \npages/forgot_your_password_page.py:36: in check_forgot_psw_email_field_is_clickable\n    return self.element_is_clickable(self.locators.EMAIL)\npages/base_page.py:81: in element_is_clickable\n    return wait(self.driver, timeout).until(EC.element_to_be_clickable(locator))\n_ _ _ _ _ _ _ _ _ _ _ _ _ _ _ _ _ _ _ _ _ _ _ _ _ _ _ _ _ _ _ _ _ _ _ _ _ _ _ _ \n\nself = <selenium.webdriver.support.wait.WebDriverWait (session=\"4c63bd6845282673c071c2e43add60a2\")>\nmethod = <function element_to_be_clickable.<locals>._predicate at 0x7fd37feae3e0>\nmessage = ''\n\n    def until(self, method, message: str = \"\"):\n        \"\"\"Calls the method provided with the driver as an argument until the \\\n        return value does not evaluate to ``False``.\n    \n        :param method: callable(WebDriver)\n        :param message: optional message for :exc:`TimeoutException`\n        :returns: the result of the last call to `method`\n        :raises: :exc:`selenium.common.exceptions.TimeoutException` if timeout occurs\n        \"\"\"\n        screen = None\n        stacktrace = None\n    \n        end_time = time.monotonic() + self._timeout\n        while True:\n            try:\n                value = method(self._driver)\n                if value:\n                    return value\n            except self._ignored_exceptions as exc:\n                screen = getattr(exc, \"screen\", None)\n                stacktrace = getattr(exc, \"stacktrace\", None)\n            time.sleep(self._poll)\n            if time.monotonic() > end_time:\n                break\n>       raise TimeoutException(message, screen, stacktrace)\nE       selenium.common.exceptions.TimeoutException: Message: \nE       Stacktrace:\nE       #0 0x55bbd5170fba <unknown>\nE       #1 0x55bbd4bf56d0 <unknown>\nE       #2 0x55bbd4c472aa <unknown>\nE       #3 0x55bbd4c47541 <unknown>\nE       #4 0x55bbd4c956c4 <unknown>\nE       #5 0x55bbd4c6ce5d <unknown>\nE       #6 0x55bbd4c92b54 <unknown>\nE       #7 0x55bbd4c6cc03 <unknown>\nE       #8 0x55bbd4c397a8 <unknown>\nE       #9 0x55bbd4c3a421 <unknown>\nE       #10 0x55bbd5135b28 <unknown>\nE       #11 0x55bbd513987f <unknown>\nE       #12 0x55bbd511dc49 <unknown>\nE       #13 0x55bbd513a405 <unknown>\nE       #14 0x55bbd51034ff <unknown>\nE       #15 0x55bbd515e258 <unknown>\nE       #16 0x55bbd515e432 <unknown>\nE       #17 0x55bbd516ffa3 <unknown>\nE       #18 0x7fa7f069caa4 <unknown>\nE       #19 0x7fa7f0729c6c <unknown>\n\n/opt/hostedtoolcache/Python/3.11.13/x64/lib/python3.11/site-packages/selenium/webdriver/support/wait.py:95: TimeoutException","flaky":false,"newFailed":false,"newBroken":false,"newPassed":false,"retriesCount":0,"retriesStatusChange":false,"beforeStages":[{"name":"_session_faker","time":{"start":1760231824299,"stop":1760231824361,"duration":62},"status":"passed","steps":[],"attachments":[],"parameters":[],"stepsCount":0,"shouldDisplayMessage":false,"attachmentsCount":0,"hasContent":false,"attachmentStep":false},{"name":"clear_allure_result_folder","time":{"start":1760231824362,"stop":1760231824362,"duration":0},"status":"passed","steps":[],"attachments":[],"parameters":[],"stepsCount":0,"shouldDisplayMessage":false,"attachmentsCount":0,"hasContent":false,"attachmentStep":false},{"name":"driver","time":{"start":1760232361123,"stop":1760232362403,"duration":1280},"status":"passed","steps":[],"attachments":[],"parameters":[],"stepsCount":0,"shouldDisplayMessage":false,"attachmentsCount":0,"hasContent":false,"attachmentStep":false},{"name":"forgot_psw_page","time":{"start":1760232362404,"stop":1760232362613,"duration":209},"status":"passed","steps":[{"name":"Open a browser","time":{"start":1760232362404,"stop":1760232362613,"duration":209},"status":"passed","steps":[],"attachments":[],"parameters":[],"stepsCount":0,"shouldDisplayMessage":false,"attachmentsCount":0,"hasContent":false,"attachmentStep":false}],"attachments":[],"parameters":[],"stepsCount":1,"shouldDisplayMessage":false,"attachmentsCount":0,"hasContent":true,"attachmentStep":false}],"testStage":{"description":"Check if the Email input field is present","status":"broken","statusMessage":"selenium.common.exceptions.TimeoutException: Message: \nStacktrace:\n#0 0x55bbd5170fba <unknown>\n#1 0x55bbd4bf56d0 <unknown>\n#2 0x55bbd4c472aa <unknown>\n#3 0x55bbd4c47541 <unknown>\n#4 0x55bbd4c956c4 <unknown>\n#5 0x55bbd4c6ce5d <unknown>\n#6 0x55bbd4c92b54 <unknown>\n#7 0x55bbd4c6cc03 <unknown>\n#8 0x55bbd4c397a8 <unknown>\n#9 0x55bbd4c3a421 <unknown>\n#10 0x55bbd5135b28 <unknown>\n#11 0x55bbd513987f <unknown>\n#12 0x55bbd511dc49 <unknown>\n#13 0x55bbd513a405 <unknown>\n#14 0x55bbd51034ff <unknown>\n#15 0x55bbd515e258 <unknown>\n#16 0x55bbd515e432 <unknown>\n#17 0x55bbd516ffa3 <unknown>\n#18 0x7fa7f069caa4 <unknown>\n#19 0x7fa7f0729c6c <unknown>","statusTrace":"self = <test_forgot_your_password.TestForgotYourPassword object at 0x7fd37f4e6390>\ndriver = <selenium.webdriver.chrome.webdriver.WebDriver (session=\"4c63bd6845282673c071c2e43add60a2\")>\nforgot_psw_page = <pages.forgot_your_password_page.ForgotYourPasswordPage object at 0x7fd37fe0e610>\n\n    @allure.title('TC 17.01.03 Verify FYP Email field is present')\n    def test_17_01_03_email_field_is_present(self, driver, forgot_psw_page):\n        \"\"\"Check if the Email input field is present\"\"\"\n>       email_input = forgot_psw_page.check_forgot_psw_email_field_is_clickable()\n\ntests/test_forgot_your_password.py:38: \n_ _ _ _ _ _ _ _ _ _ _ _ _ _ _ _ _ _ _ _ _ _ _ _ _ _ _ _ _ _ _ _ _ _ _ _ _ _ _ _ \npages/forgot_your_password_page.py:36: in check_forgot_psw_email_field_is_clickable\n    return self.element_is_clickable(self.locators.EMAIL)\npages/base_page.py:81: in element_is_clickable\n    return wait(self.driver, timeout).until(EC.element_to_be_clickable(locator))\n_ _ _ _ _ _ _ _ _ _ _ _ _ _ _ _ _ _ _ _ _ _ _ _ _ _ _ _ _ _ _ _ _ _ _ _ _ _ _ _ \n\nself = <selenium.webdriver.support.wait.WebDriverWait (session=\"4c63bd6845282673c071c2e43add60a2\")>\nmethod = <function element_to_be_clickable.<locals>._predicate at 0x7fd37feae3e0>\nmessage = ''\n\n    def until(self, method, message: str = \"\"):\n        \"\"\"Calls the method provided with the driver as an argument until the \\\n        return value does not evaluate to ``False``.\n    \n        :param method: callable(WebDriver)\n        :param message: optional message for :exc:`TimeoutException`\n        :returns: the result of the last call to `method`\n        :raises: :exc:`selenium.common.exceptions.TimeoutException` if timeout occurs\n        \"\"\"\n        screen = None\n        stacktrace = None\n    \n        end_time = time.monotonic() + self._timeout\n        while True:\n            try:\n                value = method(self._driver)\n                if value:\n                    return value\n            except self._ignored_exceptions as exc:\n                screen = getattr(exc, \"screen\", None)\n                stacktrace = getattr(exc, \"stacktrace\", None)\n            time.sleep(self._poll)\n            if time.monotonic() > end_time:\n                break\n>       raise TimeoutException(message, screen, stacktrace)\nE       selenium.common.exceptions.TimeoutException: Message: \nE       Stacktrace:\nE       #0 0x55bbd5170fba <unknown>\nE       #1 0x55bbd4bf56d0 <unknown>\nE       #2 0x55bbd4c472aa <unknown>\nE       #3 0x55bbd4c47541 <unknown>\nE       #4 0x55bbd4c956c4 <unknown>\nE       #5 0x55bbd4c6ce5d <unknown>\nE       #6 0x55bbd4c92b54 <unknown>\nE       #7 0x55bbd4c6cc03 <unknown>\nE       #8 0x55bbd4c397a8 <unknown>\nE       #9 0x55bbd4c3a421 <unknown>\nE       #10 0x55bbd5135b28 <unknown>\nE       #11 0x55bbd513987f <unknown>\nE       #12 0x55bbd511dc49 <unknown>\nE       #13 0x55bbd513a405 <unknown>\nE       #14 0x55bbd51034ff <unknown>\nE       #15 0x55bbd515e258 <unknown>\nE       #16 0x55bbd515e432 <unknown>\nE       #17 0x55bbd516ffa3 <unknown>\nE       #18 0x7fa7f069caa4 <unknown>\nE       #19 0x7fa7f0729c6c <unknown>\n\n/opt/hostedtoolcache/Python/3.11.13/x64/lib/python3.11/site-packages/selenium/webdriver/support/wait.py:95: TimeoutException","steps":[{"name":"Check FYP Email field is clickable","time":{"start":1760232362614,"stop":1760232367716,"duration":5102},"status":"broken","statusMessage":"selenium.common.exceptions.TimeoutException: Message: \nStacktrace:\n#0 0x55bbd5170fba <unknown>\n#1 0x55bbd4bf56d0 <unknown>\n#2 0x55bbd4c472aa <unknown>\n#3 0x55bbd4c47541 <unknown>\n#4 0x55bbd4c956c4 <unknown>\n#5 0x55bbd4c6ce5d <unknown>\n#6 0x55bbd4c92b54 <unknown>\n#7 0x55bbd4c6cc03 <unknown>\n#8 0x55bbd4c397a8 <unknown>\n#9 0x55bbd4c3a421 <unknown>\n#10 0x55bbd5135b28 <unknown>\n#11 0x55bbd513987f <unknown>\n#12 0x55bbd511dc49 <unknown>\n#13 0x55bbd513a405 <unknown>\n#14 0x55bbd51034ff <unknown>\n#15 0x55bbd515e258 <unknown>\n#16 0x55bbd515e432 <unknown>\n#17 0x55bbd516ffa3 <unknown>\n#18 0x7fa7f069caa4 <unknown>\n#19 0x7fa7f0729c6c <unknown>\n\n","statusTrace":"  File \"/opt/hostedtoolcache/Python/3.11.13/x64/lib/python3.11/site-packages/allure_commons/_allure.py\", line 192, in impl\n    return func(*a, **kw)\n           ^^^^^^^^^^^^^^\n  File \"/home/runner/work/luma_project/luma_project/pages/forgot_your_password_page.py\", line 36, in check_forgot_psw_email_field_is_clickable\n    return self.element_is_clickable(self.locators.EMAIL)\n           ^^^^^^^^^^^^^^^^^^^^^^^^^^^^^^^^^^^^^^^^^^^^^^\n  File \"/opt/hostedtoolcache/Python/3.11.13/x64/lib/python3.11/site-packages/allure_commons/_allure.py\", line 192, in impl\n    return func(*a, **kw)\n           ^^^^^^^^^^^^^^\n  File \"/home/runner/work/luma_project/luma_project/pages/base_page.py\", line 81, in element_is_clickable\n    return wait(self.driver, timeout).until(EC.element_to_be_clickable(locator))\n           ^^^^^^^^^^^^^^^^^^^^^^^^^^^^^^^^^^^^^^^^^^^^^^^^^^^^^^^^^^^^^^^^^^^^^\n  File \"/opt/hostedtoolcache/Python/3.11.13/x64/lib/python3.11/site-packages/selenium/webdriver/support/wait.py\", line 95, in until\n    raise TimeoutException(message, screen, stacktrace)\n","steps":[{"name":"Find clickable elements","time":{"start":1760232362614,"stop":1760232367716,"duration":5102},"status":"broken","statusMessage":"selenium.common.exceptions.TimeoutException: Message: \nStacktrace:\n#0 0x55bbd5170fba <unknown>\n#1 0x55bbd4bf56d0 <unknown>\n#2 0x55bbd4c472aa <unknown>\n#3 0x55bbd4c47541 <unknown>\n#4 0x55bbd4c956c4 <unknown>\n#5 0x55bbd4c6ce5d <unknown>\n#6 0x55bbd4c92b54 <unknown>\n#7 0x55bbd4c6cc03 <unknown>\n#8 0x55bbd4c397a8 <unknown>\n#9 0x55bbd4c3a421 <unknown>\n#10 0x55bbd5135b28 <unknown>\n#11 0x55bbd513987f <unknown>\n#12 0x55bbd511dc49 <unknown>\n#13 0x55bbd513a405 <unknown>\n#14 0x55bbd51034ff <unknown>\n#15 0x55bbd515e258 <unknown>\n#16 0x55bbd515e432 <unknown>\n#17 0x55bbd516ffa3 <unknown>\n#18 0x7fa7f069caa4 <unknown>\n#19 0x7fa7f0729c6c <unknown>\n\n","statusTrace":"  File \"/opt/hostedtoolcache/Python/3.11.13/x64/lib/python3.11/site-packages/allure_commons/_allure.py\", line 192, in impl\n    return func(*a, **kw)\n           ^^^^^^^^^^^^^^\n  File \"/home/runner/work/luma_project/luma_project/pages/base_page.py\", line 81, in element_is_clickable\n    return wait(self.driver, timeout).until(EC.element_to_be_clickable(locator))\n           ^^^^^^^^^^^^^^^^^^^^^^^^^^^^^^^^^^^^^^^^^^^^^^^^^^^^^^^^^^^^^^^^^^^^^\n  File \"/opt/hostedtoolcache/Python/3.11.13/x64/lib/python3.11/site-packages/selenium/webdriver/support/wait.py\", line 95, in until\n    raise TimeoutException(message, screen, stacktrace)\n","steps":[],"attachments":[],"parameters":[{"name":"locator","value":"('css selector', '#email_address')"},{"name":"timeout","value":"5"}],"stepsCount":0,"shouldDisplayMessage":true,"attachmentsCount":0,"hasContent":true,"attachmentStep":false}],"attachments":[],"parameters":[],"stepsCount":1,"shouldDisplayMessage":false,"attachmentsCount":0,"hasContent":true,"attachmentStep":false}],"attachments":[{"uid":"c2f920ff0c6bfdd3","name":"Screenshot","source":"c2f920ff0c6bfdd3.png","type":"image/png","size":23875},{"uid":"6835035285feba54","name":"HTML source","source":"6835035285feba54.html","type":"text/html","size":786}],"parameters":[],"stepsCount":2,"shouldDisplayMessage":true,"attachmentsCount":2,"hasContent":true,"attachmentStep":false},"afterStages":[{"name":"driver::0","time":{"start":1760232367777,"stop":1760232367838,"duration":61},"status":"passed","steps":[],"attachments":[],"parameters":[],"stepsCount":0,"shouldDisplayMessage":false,"attachmentsCount":0,"hasContent":false,"attachmentStep":false},{"name":"clear_allure_result_folder::0","time":{"start":1760234300124,"stop":1760234300124,"duration":0},"status":"passed","steps":[],"attachments":[],"parameters":[],"stepsCount":0,"shouldDisplayMessage":false,"attachmentsCount":0,"hasContent":false,"attachmentStep":false}],"labels":[{"name":"epic","value":"Forgot Your Password Page"},{"name":"parentSuite","value":"tests"},{"name":"suite","value":"test_forgot_your_password"},{"name":"subSuite","value":"TestForgotYourPassword"},{"name":"host","value":"runnervmwhb2z"},{"name":"thread","value":"2956-MainThread"},{"name":"framework","value":"pytest"},{"name":"language","value":"cpython3"},{"name":"package","value":"tests.test_forgot_your_password"},{"name":"resultFormat","value":"allure2"}],"parameters":[],"links":[],"hidden":false,"retry":false,"extra":{"severity":"normal","retries":[],"categories":[{"name":"Test defects","matchedStatuses":[],"flaky":false}],"tags":[]},"source":"1660d0a0a3c2e2f3.json","parameterValues":[]}