{"uid":"46881d2945f3a32d","name":"tc 07.01.01 Verify that title Shopping Cart is displayed correctly","fullName":"tests.test_shopping_cart.TestShoppingCart#test_tc_07_01_01_verify_title_shopping_cart_is_displayed_correctly","historyId":"36c15fb8732a9b2312c645620ade3b7b","time":{"start":1760233740769,"stop":1760233746062,"duration":5293},"description":"Check Shopping Cart title is displayed correctly","descriptionHtml":"<p>Check Shopping Cart title is displayed correctly</p>\n","status":"broken","statusMessage":"selenium.common.exceptions.TimeoutException: Message: \nStacktrace:\n#0 0x55e619931fba <unknown>\n#1 0x55e6193b66d0 <unknown>\n#2 0x55e6194082aa <unknown>\n#3 0x55e619408541 <unknown>\n#4 0x55e6194566c4 <unknown>\n#5 0x55e61942de5d <unknown>\n#6 0x55e619453b54 <unknown>\n#7 0x55e61942dc03 <unknown>\n#8 0x55e6193fa7a8 <unknown>\n#9 0x55e6193fb421 <unknown>\n#10 0x55e6198f6b28 <unknown>\n#11 0x55e6198fa87f <unknown>\n#12 0x55e6198dec49 <unknown>\n#13 0x55e6198fb405 <unknown>\n#14 0x55e6198c44ff <unknown>\n#15 0x55e61991f258 <unknown>\n#16 0x55e61991f432 <unknown>\n#17 0x55e619930fa3 <unknown>\n#18 0x7fac5709caa4 <unknown>\n#19 0x7fac57129c6c <unknown>","statusTrace":"self = <test_shopping_cart.TestShoppingCart object at 0x7fd37df39050>\ndriver = <selenium.webdriver.chrome.webdriver.WebDriver (session=\"06a46aa34bdab950394becda1fbe69fd\")>\n\n    @allure.title(\"tc 07.01.01 Verify that title Shopping Cart is displayed correctly\")\n    def test_tc_07_01_01_verify_title_shopping_cart_is_displayed_correctly(self, driver):\n        \"\"\"Check Shopping Cart title is displayed correctly\"\"\"\n        page = ShoppingCartPage(driver, SHOPPING_CART_PAGE)\n        page.open()\n>       title = page.check_shopping_cart_title()\n\ntests/test_shopping_cart.py:33: \n_ _ _ _ _ _ _ _ _ _ _ _ _ _ _ _ _ _ _ _ _ _ _ _ _ _ _ _ _ _ _ _ _ _ _ _ _ _ _ _ \npages/shopping_cart_page.py:16: in check_shopping_cart_title\n    shopping_cart_title = self.element_is_visible(self.shopping_locators.TITLE).text\npages/base_page.py:30: in element_is_visible\n    self.go_to_element(self.element_is_present(locator))\npages/base_page.py:51: in element_is_present\n    return wait(self.driver, timeout).until(EC.presence_of_element_located(locator))\n_ _ _ _ _ _ _ _ _ _ _ _ _ _ _ _ _ _ _ _ _ _ _ _ _ _ _ _ _ _ _ _ _ _ _ _ _ _ _ _ \n\nself = <selenium.webdriver.support.wait.WebDriverWait (session=\"06a46aa34bdab950394becda1fbe69fd\")>\nmethod = <function presence_of_element_located.<locals>._predicate at 0x7fd37f6ff560>\nmessage = ''\n\n    def until(self, method, message: str = \"\"):\n        \"\"\"Calls the method provided with the driver as an argument until the \\\n        return value does not evaluate to ``False``.\n    \n        :param method: callable(WebDriver)\n        :param message: optional message for :exc:`TimeoutException`\n        :returns: the result of the last call to `method`\n        :raises: :exc:`selenium.common.exceptions.TimeoutException` if timeout occurs\n        \"\"\"\n        screen = None\n        stacktrace = None\n    \n        end_time = time.monotonic() + self._timeout\n        while True:\n            try:\n                value = method(self._driver)\n                if value:\n                    return value\n            except self._ignored_exceptions as exc:\n                screen = getattr(exc, \"screen\", None)\n                stacktrace = getattr(exc, \"stacktrace\", None)\n            time.sleep(self._poll)\n            if time.monotonic() > end_time:\n                break\n>       raise TimeoutException(message, screen, stacktrace)\nE       selenium.common.exceptions.TimeoutException: Message: \nE       Stacktrace:\nE       #0 0x55e619931fba <unknown>\nE       #1 0x55e6193b66d0 <unknown>\nE       #2 0x55e6194082aa <unknown>\nE       #3 0x55e619408541 <unknown>\nE       #4 0x55e6194566c4 <unknown>\nE       #5 0x55e61942de5d <unknown>\nE       #6 0x55e619453b54 <unknown>\nE       #7 0x55e61942dc03 <unknown>\nE       #8 0x55e6193fa7a8 <unknown>\nE       #9 0x55e6193fb421 <unknown>\nE       #10 0x55e6198f6b28 <unknown>\nE       #11 0x55e6198fa87f <unknown>\nE       #12 0x55e6198dec49 <unknown>\nE       #13 0x55e6198fb405 <unknown>\nE       #14 0x55e6198c44ff <unknown>\nE       #15 0x55e61991f258 <unknown>\nE       #16 0x55e61991f432 <unknown>\nE       #17 0x55e619930fa3 <unknown>\nE       #18 0x7fac5709caa4 <unknown>\nE       #19 0x7fac57129c6c <unknown>\n\n/opt/hostedtoolcache/Python/3.11.13/x64/lib/python3.11/site-packages/selenium/webdriver/support/wait.py:95: TimeoutException","flaky":false,"newFailed":false,"newBroken":false,"newPassed":false,"retriesCount":0,"retriesStatusChange":false,"beforeStages":[{"name":"_session_faker","time":{"start":1760231824299,"stop":1760231824361,"duration":62},"status":"passed","steps":[],"attachments":[],"parameters":[],"stepsCount":0,"shouldDisplayMessage":false,"attachmentsCount":0,"hasContent":false,"attachmentStep":false},{"name":"clear_allure_result_folder","time":{"start":1760231824362,"stop":1760231824362,"duration":0},"status":"passed","steps":[],"attachments":[],"parameters":[],"stepsCount":0,"shouldDisplayMessage":false,"attachmentsCount":0,"hasContent":false,"attachmentStep":false},{"name":"driver","time":{"start":1760233739517,"stop":1760233740769,"duration":1252},"status":"passed","steps":[],"attachments":[],"parameters":[],"stepsCount":0,"shouldDisplayMessage":false,"attachmentsCount":0,"hasContent":false,"attachmentStep":false}],"testStage":{"description":"Check Shopping Cart title is displayed correctly","status":"broken","statusMessage":"selenium.common.exceptions.TimeoutException: Message: \nStacktrace:\n#0 0x55e619931fba <unknown>\n#1 0x55e6193b66d0 <unknown>\n#2 0x55e6194082aa <unknown>\n#3 0x55e619408541 <unknown>\n#4 0x55e6194566c4 <unknown>\n#5 0x55e61942de5d <unknown>\n#6 0x55e619453b54 <unknown>\n#7 0x55e61942dc03 <unknown>\n#8 0x55e6193fa7a8 <unknown>\n#9 0x55e6193fb421 <unknown>\n#10 0x55e6198f6b28 <unknown>\n#11 0x55e6198fa87f <unknown>\n#12 0x55e6198dec49 <unknown>\n#13 0x55e6198fb405 <unknown>\n#14 0x55e6198c44ff <unknown>\n#15 0x55e61991f258 <unknown>\n#16 0x55e61991f432 <unknown>\n#17 0x55e619930fa3 <unknown>\n#18 0x7fac5709caa4 <unknown>\n#19 0x7fac57129c6c <unknown>","statusTrace":"self = <test_shopping_cart.TestShoppingCart object at 0x7fd37df39050>\ndriver = <selenium.webdriver.chrome.webdriver.WebDriver (session=\"06a46aa34bdab950394becda1fbe69fd\")>\n\n    @allure.title(\"tc 07.01.01 Verify that title Shopping Cart is displayed correctly\")\n    def test_tc_07_01_01_verify_title_shopping_cart_is_displayed_correctly(self, driver):\n        \"\"\"Check Shopping Cart title is displayed correctly\"\"\"\n        page = ShoppingCartPage(driver, SHOPPING_CART_PAGE)\n        page.open()\n>       title = page.check_shopping_cart_title()\n\ntests/test_shopping_cart.py:33: \n_ _ _ _ _ _ _ _ _ _ _ _ _ _ _ _ _ _ _ _ _ _ _ _ _ _ _ _ _ _ _ _ _ _ _ _ _ _ _ _ \npages/shopping_cart_page.py:16: in check_shopping_cart_title\n    shopping_cart_title = self.element_is_visible(self.shopping_locators.TITLE).text\npages/base_page.py:30: in element_is_visible\n    self.go_to_element(self.element_is_present(locator))\npages/base_page.py:51: in element_is_present\n    return wait(self.driver, timeout).until(EC.presence_of_element_located(locator))\n_ _ _ _ _ _ _ _ _ _ _ _ _ _ _ _ _ _ _ _ _ _ _ _ _ _ _ _ _ _ _ _ _ _ _ _ _ _ _ _ \n\nself = <selenium.webdriver.support.wait.WebDriverWait (session=\"06a46aa34bdab950394becda1fbe69fd\")>\nmethod = <function presence_of_element_located.<locals>._predicate at 0x7fd37f6ff560>\nmessage = ''\n\n    def until(self, method, message: str = \"\"):\n        \"\"\"Calls the method provided with the driver as an argument until the \\\n        return value does not evaluate to ``False``.\n    \n        :param method: callable(WebDriver)\n        :param message: optional message for :exc:`TimeoutException`\n        :returns: the result of the last call to `method`\n        :raises: :exc:`selenium.common.exceptions.TimeoutException` if timeout occurs\n        \"\"\"\n        screen = None\n        stacktrace = None\n    \n        end_time = time.monotonic() + self._timeout\n        while True:\n            try:\n                value = method(self._driver)\n                if value:\n                    return value\n            except self._ignored_exceptions as exc:\n                screen = getattr(exc, \"screen\", None)\n                stacktrace = getattr(exc, \"stacktrace\", None)\n            time.sleep(self._poll)\n            if time.monotonic() > end_time:\n                break\n>       raise TimeoutException(message, screen, stacktrace)\nE       selenium.common.exceptions.TimeoutException: Message: \nE       Stacktrace:\nE       #0 0x55e619931fba <unknown>\nE       #1 0x55e6193b66d0 <unknown>\nE       #2 0x55e6194082aa <unknown>\nE       #3 0x55e619408541 <unknown>\nE       #4 0x55e6194566c4 <unknown>\nE       #5 0x55e61942de5d <unknown>\nE       #6 0x55e619453b54 <unknown>\nE       #7 0x55e61942dc03 <unknown>\nE       #8 0x55e6193fa7a8 <unknown>\nE       #9 0x55e6193fb421 <unknown>\nE       #10 0x55e6198f6b28 <unknown>\nE       #11 0x55e6198fa87f <unknown>\nE       #12 0x55e6198dec49 <unknown>\nE       #13 0x55e6198fb405 <unknown>\nE       #14 0x55e6198c44ff <unknown>\nE       #15 0x55e61991f258 <unknown>\nE       #16 0x55e61991f432 <unknown>\nE       #17 0x55e619930fa3 <unknown>\nE       #18 0x7fac5709caa4 <unknown>\nE       #19 0x7fac57129c6c <unknown>\n\n/opt/hostedtoolcache/Python/3.11.13/x64/lib/python3.11/site-packages/selenium/webdriver/support/wait.py:95: TimeoutException","steps":[{"name":"Open a browser","time":{"start":1760233740769,"stop":1760233740963,"duration":194},"status":"passed","steps":[],"attachments":[],"parameters":[],"stepsCount":0,"shouldDisplayMessage":false,"attachmentsCount":0,"hasContent":false,"attachmentStep":false},{"name":"Check shopping cart title","time":{"start":1760233740963,"stop":1760233746061,"duration":5098},"status":"broken","statusMessage":"selenium.common.exceptions.TimeoutException: Message: \nStacktrace:\n#0 0x55e619931fba <unknown>\n#1 0x55e6193b66d0 <unknown>\n#2 0x55e6194082aa <unknown>\n#3 0x55e619408541 <unknown>\n#4 0x55e6194566c4 <unknown>\n#5 0x55e61942de5d <unknown>\n#6 0x55e619453b54 <unknown>\n#7 0x55e61942dc03 <unknown>\n#8 0x55e6193fa7a8 <unknown>\n#9 0x55e6193fb421 <unknown>\n#10 0x55e6198f6b28 <unknown>\n#11 0x55e6198fa87f <unknown>\n#12 0x55e6198dec49 <unknown>\n#13 0x55e6198fb405 <unknown>\n#14 0x55e6198c44ff <unknown>\n#15 0x55e61991f258 <unknown>\n#16 0x55e61991f432 <unknown>\n#17 0x55e619930fa3 <unknown>\n#18 0x7fac5709caa4 <unknown>\n#19 0x7fac57129c6c <unknown>\n\n","statusTrace":"  File \"/opt/hostedtoolcache/Python/3.11.13/x64/lib/python3.11/site-packages/allure_commons/_allure.py\", line 192, in impl\n    return func(*a, **kw)\n           ^^^^^^^^^^^^^^\n  File \"/home/runner/work/luma_project/luma_project/pages/shopping_cart_page.py\", line 16, in check_shopping_cart_title\n    shopping_cart_title = self.element_is_visible(self.shopping_locators.TITLE).text\n                          ^^^^^^^^^^^^^^^^^^^^^^^^^^^^^^^^^^^^^^^^^^^^^^^^^^^^^\n  File \"/opt/hostedtoolcache/Python/3.11.13/x64/lib/python3.11/site-packages/allure_commons/_allure.py\", line 192, in impl\n    return func(*a, **kw)\n           ^^^^^^^^^^^^^^\n  File \"/home/runner/work/luma_project/luma_project/pages/base_page.py\", line 30, in element_is_visible\n    self.go_to_element(self.element_is_present(locator))\n                       ^^^^^^^^^^^^^^^^^^^^^^^^^^^^^^^^\n  File \"/opt/hostedtoolcache/Python/3.11.13/x64/lib/python3.11/site-packages/allure_commons/_allure.py\", line 192, in impl\n    return func(*a, **kw)\n           ^^^^^^^^^^^^^^\n  File \"/home/runner/work/luma_project/luma_project/pages/base_page.py\", line 51, in element_is_present\n    return wait(self.driver, timeout).until(EC.presence_of_element_located(locator))\n           ^^^^^^^^^^^^^^^^^^^^^^^^^^^^^^^^^^^^^^^^^^^^^^^^^^^^^^^^^^^^^^^^^^^^^^^^^\n  File \"/opt/hostedtoolcache/Python/3.11.13/x64/lib/python3.11/site-packages/selenium/webdriver/support/wait.py\", line 95, in until\n    raise TimeoutException(message, screen, stacktrace)\n","steps":[{"name":"Find a visible element","time":{"start":1760233740963,"stop":1760233746061,"duration":5098},"status":"broken","statusMessage":"selenium.common.exceptions.TimeoutException: Message: \nStacktrace:\n#0 0x55e619931fba <unknown>\n#1 0x55e6193b66d0 <unknown>\n#2 0x55e6194082aa <unknown>\n#3 0x55e619408541 <unknown>\n#4 0x55e6194566c4 <unknown>\n#5 0x55e61942de5d <unknown>\n#6 0x55e619453b54 <unknown>\n#7 0x55e61942dc03 <unknown>\n#8 0x55e6193fa7a8 <unknown>\n#9 0x55e6193fb421 <unknown>\n#10 0x55e6198f6b28 <unknown>\n#11 0x55e6198fa87f <unknown>\n#12 0x55e6198dec49 <unknown>\n#13 0x55e6198fb405 <unknown>\n#14 0x55e6198c44ff <unknown>\n#15 0x55e61991f258 <unknown>\n#16 0x55e61991f432 <unknown>\n#17 0x55e619930fa3 <unknown>\n#18 0x7fac5709caa4 <unknown>\n#19 0x7fac57129c6c <unknown>\n\n","statusTrace":"  File \"/opt/hostedtoolcache/Python/3.11.13/x64/lib/python3.11/site-packages/allure_commons/_allure.py\", line 192, in impl\n    return func(*a, **kw)\n           ^^^^^^^^^^^^^^\n  File \"/home/runner/work/luma_project/luma_project/pages/base_page.py\", line 30, in element_is_visible\n    self.go_to_element(self.element_is_present(locator))\n                       ^^^^^^^^^^^^^^^^^^^^^^^^^^^^^^^^\n  File \"/opt/hostedtoolcache/Python/3.11.13/x64/lib/python3.11/site-packages/allure_commons/_allure.py\", line 192, in impl\n    return func(*a, **kw)\n           ^^^^^^^^^^^^^^\n  File \"/home/runner/work/luma_project/luma_project/pages/base_page.py\", line 51, in element_is_present\n    return wait(self.driver, timeout).until(EC.presence_of_element_located(locator))\n           ^^^^^^^^^^^^^^^^^^^^^^^^^^^^^^^^^^^^^^^^^^^^^^^^^^^^^^^^^^^^^^^^^^^^^^^^^\n  File \"/opt/hostedtoolcache/Python/3.11.13/x64/lib/python3.11/site-packages/selenium/webdriver/support/wait.py\", line 95, in until\n    raise TimeoutException(message, screen, stacktrace)\n","steps":[{"name":"Find a present element","time":{"start":1760233740963,"stop":1760233746061,"duration":5098},"status":"broken","statusMessage":"selenium.common.exceptions.TimeoutException: Message: \nStacktrace:\n#0 0x55e619931fba <unknown>\n#1 0x55e6193b66d0 <unknown>\n#2 0x55e6194082aa <unknown>\n#3 0x55e619408541 <unknown>\n#4 0x55e6194566c4 <unknown>\n#5 0x55e61942de5d <unknown>\n#6 0x55e619453b54 <unknown>\n#7 0x55e61942dc03 <unknown>\n#8 0x55e6193fa7a8 <unknown>\n#9 0x55e6193fb421 <unknown>\n#10 0x55e6198f6b28 <unknown>\n#11 0x55e6198fa87f <unknown>\n#12 0x55e6198dec49 <unknown>\n#13 0x55e6198fb405 <unknown>\n#14 0x55e6198c44ff <unknown>\n#15 0x55e61991f258 <unknown>\n#16 0x55e61991f432 <unknown>\n#17 0x55e619930fa3 <unknown>\n#18 0x7fac5709caa4 <unknown>\n#19 0x7fac57129c6c <unknown>\n\n","statusTrace":"  File \"/opt/hostedtoolcache/Python/3.11.13/x64/lib/python3.11/site-packages/allure_commons/_allure.py\", line 192, in impl\n    return func(*a, **kw)\n           ^^^^^^^^^^^^^^\n  File \"/home/runner/work/luma_project/luma_project/pages/base_page.py\", line 51, in element_is_present\n    return wait(self.driver, timeout).until(EC.presence_of_element_located(locator))\n           ^^^^^^^^^^^^^^^^^^^^^^^^^^^^^^^^^^^^^^^^^^^^^^^^^^^^^^^^^^^^^^^^^^^^^^^^^\n  File \"/opt/hostedtoolcache/Python/3.11.13/x64/lib/python3.11/site-packages/selenium/webdriver/support/wait.py\", line 95, in until\n    raise TimeoutException(message, screen, stacktrace)\n","steps":[],"attachments":[],"parameters":[{"name":"locator","value":"('css selector', '[data-ui-id=\"page-title-wrapper\"]')"},{"name":"timeout","value":"5"}],"stepsCount":0,"shouldDisplayMessage":true,"attachmentsCount":0,"hasContent":true,"attachmentStep":false}],"attachments":[],"parameters":[{"name":"locator","value":"('css selector', '[data-ui-id=\"page-title-wrapper\"]')"},{"name":"timeout","value":"10"}],"stepsCount":1,"shouldDisplayMessage":false,"attachmentsCount":0,"hasContent":true,"attachmentStep":false}],"attachments":[],"parameters":[],"stepsCount":2,"shouldDisplayMessage":false,"attachmentsCount":0,"hasContent":true,"attachmentStep":false}],"attachments":[{"uid":"d16e17ed02ffc6fb","name":"Screenshot","source":"d16e17ed02ffc6fb.png","type":"image/png","size":23875},{"uid":"68e849e5357b4aa4","name":"HTML source","source":"68e849e5357b4aa4.html","type":"text/html","size":786}],"parameters":[],"stepsCount":4,"shouldDisplayMessage":true,"attachmentsCount":2,"hasContent":true,"attachmentStep":false},"afterStages":[{"name":"driver::0","time":{"start":1760233746125,"stop":1760233746185,"duration":60},"status":"passed","steps":[],"attachments":[],"parameters":[],"stepsCount":0,"shouldDisplayMessage":false,"attachmentsCount":0,"hasContent":false,"attachmentStep":false},{"name":"clear_allure_result_folder::0","time":{"start":1760234300124,"stop":1760234300124,"duration":0},"status":"passed","steps":[],"attachments":[],"parameters":[],"stepsCount":0,"shouldDisplayMessage":false,"attachmentsCount":0,"hasContent":false,"attachmentStep":false}],"labels":[{"name":"epic","value":"Shopping Cart"},{"name":"feature","value":"Shopping Cart is empty"},{"name":"parentSuite","value":"tests"},{"name":"suite","value":"test_shopping_cart"},{"name":"subSuite","value":"TestShoppingCart"},{"name":"host","value":"runnervmwhb2z"},{"name":"thread","value":"2956-MainThread"},{"name":"framework","value":"pytest"},{"name":"language","value":"cpython3"},{"name":"package","value":"tests.test_shopping_cart"},{"name":"resultFormat","value":"allure2"}],"parameters":[],"links":[],"hidden":false,"retry":false,"extra":{"severity":"normal","retries":[],"categories":[{"name":"Test defects","matchedStatuses":[],"flaky":false}],"tags":[]},"source":"46881d2945f3a32d.json","parameterValues":[]}