{"uid":"665807defdcbc33","name":"TC 14.03.07 Verify the link 'Tees' redirects to a correct page.","fullName":"tests.test_men.TestMenPage#test_tc_14_03_07","historyId":"75034f23be486f12913dca1c098c5f17","time":{"start":1760233315936,"stop":1760233321364,"duration":5428},"description":"Verify that the link 'Tees' correctly opens and redirects to a new webpage, the header 'Tees' is\n        displayed","descriptionHtml":"<p>Verify that the link 'Tees' correctly opens and redirects to a new webpage, the header 'Tees' is<br />\ndisplayed</p>\n","status":"broken","statusMessage":"selenium.common.exceptions.TimeoutException: Message: \nStacktrace:\n#0 0x557cf8ca9fba <unknown>\n#1 0x557cf872e6d0 <unknown>\n#2 0x557cf87802aa <unknown>\n#3 0x557cf8780541 <unknown>\n#4 0x557cf87ce6c4 <unknown>\n#5 0x557cf87a5e5d <unknown>\n#6 0x557cf87cbb54 <unknown>\n#7 0x557cf87a5c03 <unknown>\n#8 0x557cf87727a8 <unknown>\n#9 0x557cf8773421 <unknown>\n#10 0x557cf8c6eb28 <unknown>\n#11 0x557cf8c7287f <unknown>\n#12 0x557cf8c56c49 <unknown>\n#13 0x557cf8c73405 <unknown>\n#14 0x557cf8c3c4ff <unknown>\n#15 0x557cf8c97258 <unknown>\n#16 0x557cf8c97432 <unknown>\n#17 0x557cf8ca8fa3 <unknown>\n#18 0x7fb1b929caa4 <unknown>\n#19 0x7fb1b9329c6c <unknown>","statusTrace":"self = <test_men.TestMenPage object at 0x7fd37ef49710>\ndriver = <selenium.webdriver.chrome.webdriver.WebDriver (session=\"e9c1ae80187c224a28acaf322cad935a\")>\n\n    @allure.title(\"TC 14.03.07 Verify the link 'Tees' redirects to a correct page.\")\n    @allure.severity(allure.severity_level.CRITICAL)\n    def test_tc_14_03_07(self, driver):\n        \"\"\"Verify that the link 'Tees' correctly opens and redirects to a new webpage, the header 'Tees' is\n        displayed\"\"\"\n        page = MenPage(driver, MEN_PAGE_URL)\n        page.open()\n>       current_page = page.verify_tees_redirects_to_a_correct_page()\n\ntests/test_men.py:108: \n_ _ _ _ _ _ _ _ _ _ _ _ _ _ _ _ _ _ _ _ _ _ _ _ _ _ _ _ _ _ _ _ _ _ _ _ _ _ _ _ \npages/men_page.py:95: in verify_tees_redirects_to_a_correct_page\n    element = self.element_is_visible(self.side_bar_locators.SIDE_BAR_TEES)\npages/base_page.py:30: in element_is_visible\n    self.go_to_element(self.element_is_present(locator))\npages/base_page.py:51: in element_is_present\n    return wait(self.driver, timeout).until(EC.presence_of_element_located(locator))\n_ _ _ _ _ _ _ _ _ _ _ _ _ _ _ _ _ _ _ _ _ _ _ _ _ _ _ _ _ _ _ _ _ _ _ _ _ _ _ _ \n\nself = <selenium.webdriver.support.wait.WebDriverWait (session=\"e9c1ae80187c224a28acaf322cad935a\")>\nmethod = <function presence_of_element_located.<locals>._predicate at 0x7fd37f882700>\nmessage = ''\n\n    def until(self, method, message: str = \"\"):\n        \"\"\"Calls the method provided with the driver as an argument until the \\\n        return value does not evaluate to ``False``.\n    \n        :param method: callable(WebDriver)\n        :param message: optional message for :exc:`TimeoutException`\n        :returns: the result of the last call to `method`\n        :raises: :exc:`selenium.common.exceptions.TimeoutException` if timeout occurs\n        \"\"\"\n        screen = None\n        stacktrace = None\n    \n        end_time = time.monotonic() + self._timeout\n        while True:\n            try:\n                value = method(self._driver)\n                if value:\n                    return value\n            except self._ignored_exceptions as exc:\n                screen = getattr(exc, \"screen\", None)\n                stacktrace = getattr(exc, \"stacktrace\", None)\n            time.sleep(self._poll)\n            if time.monotonic() > end_time:\n                break\n>       raise TimeoutException(message, screen, stacktrace)\nE       selenium.common.exceptions.TimeoutException: Message: \nE       Stacktrace:\nE       #0 0x557cf8ca9fba <unknown>\nE       #1 0x557cf872e6d0 <unknown>\nE       #2 0x557cf87802aa <unknown>\nE       #3 0x557cf8780541 <unknown>\nE       #4 0x557cf87ce6c4 <unknown>\nE       #5 0x557cf87a5e5d <unknown>\nE       #6 0x557cf87cbb54 <unknown>\nE       #7 0x557cf87a5c03 <unknown>\nE       #8 0x557cf87727a8 <unknown>\nE       #9 0x557cf8773421 <unknown>\nE       #10 0x557cf8c6eb28 <unknown>\nE       #11 0x557cf8c7287f <unknown>\nE       #12 0x557cf8c56c49 <unknown>\nE       #13 0x557cf8c73405 <unknown>\nE       #14 0x557cf8c3c4ff <unknown>\nE       #15 0x557cf8c97258 <unknown>\nE       #16 0x557cf8c97432 <unknown>\nE       #17 0x557cf8ca8fa3 <unknown>\nE       #18 0x7fb1b929caa4 <unknown>\nE       #19 0x7fb1b9329c6c <unknown>\n\n/opt/hostedtoolcache/Python/3.11.13/x64/lib/python3.11/site-packages/selenium/webdriver/support/wait.py:95: TimeoutException","flaky":false,"newFailed":false,"newBroken":false,"newPassed":false,"retriesCount":0,"retriesStatusChange":false,"beforeStages":[{"name":"_session_faker","time":{"start":1760231824299,"stop":1760231824361,"duration":62},"status":"passed","steps":[],"attachments":[],"parameters":[],"stepsCount":0,"shouldDisplayMessage":false,"attachmentsCount":0,"hasContent":false,"attachmentStep":false},{"name":"clear_allure_result_folder","time":{"start":1760231824362,"stop":1760231824362,"duration":0},"status":"passed","steps":[],"attachments":[],"parameters":[],"stepsCount":0,"shouldDisplayMessage":false,"attachmentsCount":0,"hasContent":false,"attachmentStep":false},{"name":"driver","time":{"start":1760233314689,"stop":1760233315936,"duration":1247},"status":"passed","steps":[],"attachments":[],"parameters":[],"stepsCount":0,"shouldDisplayMessage":false,"attachmentsCount":0,"hasContent":false,"attachmentStep":false}],"testStage":{"description":"Verify that the link 'Tees' correctly opens and redirects to a new webpage, the header 'Tees' is\n        displayed","status":"broken","statusMessage":"selenium.common.exceptions.TimeoutException: Message: \nStacktrace:\n#0 0x557cf8ca9fba <unknown>\n#1 0x557cf872e6d0 <unknown>\n#2 0x557cf87802aa <unknown>\n#3 0x557cf8780541 <unknown>\n#4 0x557cf87ce6c4 <unknown>\n#5 0x557cf87a5e5d <unknown>\n#6 0x557cf87cbb54 <unknown>\n#7 0x557cf87a5c03 <unknown>\n#8 0x557cf87727a8 <unknown>\n#9 0x557cf8773421 <unknown>\n#10 0x557cf8c6eb28 <unknown>\n#11 0x557cf8c7287f <unknown>\n#12 0x557cf8c56c49 <unknown>\n#13 0x557cf8c73405 <unknown>\n#14 0x557cf8c3c4ff <unknown>\n#15 0x557cf8c97258 <unknown>\n#16 0x557cf8c97432 <unknown>\n#17 0x557cf8ca8fa3 <unknown>\n#18 0x7fb1b929caa4 <unknown>\n#19 0x7fb1b9329c6c <unknown>","statusTrace":"self = <test_men.TestMenPage object at 0x7fd37ef49710>\ndriver = <selenium.webdriver.chrome.webdriver.WebDriver (session=\"e9c1ae80187c224a28acaf322cad935a\")>\n\n    @allure.title(\"TC 14.03.07 Verify the link 'Tees' redirects to a correct page.\")\n    @allure.severity(allure.severity_level.CRITICAL)\n    def test_tc_14_03_07(self, driver):\n        \"\"\"Verify that the link 'Tees' correctly opens and redirects to a new webpage, the header 'Tees' is\n        displayed\"\"\"\n        page = MenPage(driver, MEN_PAGE_URL)\n        page.open()\n>       current_page = page.verify_tees_redirects_to_a_correct_page()\n\ntests/test_men.py:108: \n_ _ _ _ _ _ _ _ _ _ _ _ _ _ _ _ _ _ _ _ _ _ _ _ _ _ _ _ _ _ _ _ _ _ _ _ _ _ _ _ \npages/men_page.py:95: in verify_tees_redirects_to_a_correct_page\n    element = self.element_is_visible(self.side_bar_locators.SIDE_BAR_TEES)\npages/base_page.py:30: in element_is_visible\n    self.go_to_element(self.element_is_present(locator))\npages/base_page.py:51: in element_is_present\n    return wait(self.driver, timeout).until(EC.presence_of_element_located(locator))\n_ _ _ _ _ _ _ _ _ _ _ _ _ _ _ _ _ _ _ _ _ _ _ _ _ _ _ _ _ _ _ _ _ _ _ _ _ _ _ _ \n\nself = <selenium.webdriver.support.wait.WebDriverWait (session=\"e9c1ae80187c224a28acaf322cad935a\")>\nmethod = <function presence_of_element_located.<locals>._predicate at 0x7fd37f882700>\nmessage = ''\n\n    def until(self, method, message: str = \"\"):\n        \"\"\"Calls the method provided with the driver as an argument until the \\\n        return value does not evaluate to ``False``.\n    \n        :param method: callable(WebDriver)\n        :param message: optional message for :exc:`TimeoutException`\n        :returns: the result of the last call to `method`\n        :raises: :exc:`selenium.common.exceptions.TimeoutException` if timeout occurs\n        \"\"\"\n        screen = None\n        stacktrace = None\n    \n        end_time = time.monotonic() + self._timeout\n        while True:\n            try:\n                value = method(self._driver)\n                if value:\n                    return value\n            except self._ignored_exceptions as exc:\n                screen = getattr(exc, \"screen\", None)\n                stacktrace = getattr(exc, \"stacktrace\", None)\n            time.sleep(self._poll)\n            if time.monotonic() > end_time:\n                break\n>       raise TimeoutException(message, screen, stacktrace)\nE       selenium.common.exceptions.TimeoutException: Message: \nE       Stacktrace:\nE       #0 0x557cf8ca9fba <unknown>\nE       #1 0x557cf872e6d0 <unknown>\nE       #2 0x557cf87802aa <unknown>\nE       #3 0x557cf8780541 <unknown>\nE       #4 0x557cf87ce6c4 <unknown>\nE       #5 0x557cf87a5e5d <unknown>\nE       #6 0x557cf87cbb54 <unknown>\nE       #7 0x557cf87a5c03 <unknown>\nE       #8 0x557cf87727a8 <unknown>\nE       #9 0x557cf8773421 <unknown>\nE       #10 0x557cf8c6eb28 <unknown>\nE       #11 0x557cf8c7287f <unknown>\nE       #12 0x557cf8c56c49 <unknown>\nE       #13 0x557cf8c73405 <unknown>\nE       #14 0x557cf8c3c4ff <unknown>\nE       #15 0x557cf8c97258 <unknown>\nE       #16 0x557cf8c97432 <unknown>\nE       #17 0x557cf8ca8fa3 <unknown>\nE       #18 0x7fb1b929caa4 <unknown>\nE       #19 0x7fb1b9329c6c <unknown>\n\n/opt/hostedtoolcache/Python/3.11.13/x64/lib/python3.11/site-packages/selenium/webdriver/support/wait.py:95: TimeoutException","steps":[{"name":"Open a browser","time":{"start":1760233315936,"stop":1760233316264,"duration":328},"status":"passed","steps":[],"attachments":[],"parameters":[],"stepsCount":0,"shouldDisplayMessage":false,"attachmentsCount":0,"hasContent":false,"attachmentStep":false},{"name":"Correct redirection of the link \"Tees\" on Men page","time":{"start":1760233316264,"stop":1760233321363,"duration":5099},"status":"broken","statusMessage":"selenium.common.exceptions.TimeoutException: Message: \nStacktrace:\n#0 0x557cf8ca9fba <unknown>\n#1 0x557cf872e6d0 <unknown>\n#2 0x557cf87802aa <unknown>\n#3 0x557cf8780541 <unknown>\n#4 0x557cf87ce6c4 <unknown>\n#5 0x557cf87a5e5d <unknown>\n#6 0x557cf87cbb54 <unknown>\n#7 0x557cf87a5c03 <unknown>\n#8 0x557cf87727a8 <unknown>\n#9 0x557cf8773421 <unknown>\n#10 0x557cf8c6eb28 <unknown>\n#11 0x557cf8c7287f <unknown>\n#12 0x557cf8c56c49 <unknown>\n#13 0x557cf8c73405 <unknown>\n#14 0x557cf8c3c4ff <unknown>\n#15 0x557cf8c97258 <unknown>\n#16 0x557cf8c97432 <unknown>\n#17 0x557cf8ca8fa3 <unknown>\n#18 0x7fb1b929caa4 <unknown>\n#19 0x7fb1b9329c6c <unknown>\n\n","statusTrace":"  File \"/opt/hostedtoolcache/Python/3.11.13/x64/lib/python3.11/site-packages/allure_commons/_allure.py\", line 192, in impl\n    return func(*a, **kw)\n           ^^^^^^^^^^^^^^\n  File \"/home/runner/work/luma_project/luma_project/pages/men_page.py\", line 95, in verify_tees_redirects_to_a_correct_page\n    element = self.element_is_visible(self.side_bar_locators.SIDE_BAR_TEES)\n              ^^^^^^^^^^^^^^^^^^^^^^^^^^^^^^^^^^^^^^^^^^^^^^^^^^^^^^^^^^^^^\n  File \"/opt/hostedtoolcache/Python/3.11.13/x64/lib/python3.11/site-packages/allure_commons/_allure.py\", line 192, in impl\n    return func(*a, **kw)\n           ^^^^^^^^^^^^^^\n  File \"/home/runner/work/luma_project/luma_project/pages/base_page.py\", line 30, in element_is_visible\n    self.go_to_element(self.element_is_present(locator))\n                       ^^^^^^^^^^^^^^^^^^^^^^^^^^^^^^^^\n  File \"/opt/hostedtoolcache/Python/3.11.13/x64/lib/python3.11/site-packages/allure_commons/_allure.py\", line 192, in impl\n    return func(*a, **kw)\n           ^^^^^^^^^^^^^^\n  File \"/home/runner/work/luma_project/luma_project/pages/base_page.py\", line 51, in element_is_present\n    return wait(self.driver, timeout).until(EC.presence_of_element_located(locator))\n           ^^^^^^^^^^^^^^^^^^^^^^^^^^^^^^^^^^^^^^^^^^^^^^^^^^^^^^^^^^^^^^^^^^^^^^^^^\n  File \"/opt/hostedtoolcache/Python/3.11.13/x64/lib/python3.11/site-packages/selenium/webdriver/support/wait.py\", line 95, in until\n    raise TimeoutException(message, screen, stacktrace)\n","steps":[{"name":"Find a visible element","time":{"start":1760233316264,"stop":1760233321363,"duration":5099},"status":"broken","statusMessage":"selenium.common.exceptions.TimeoutException: Message: \nStacktrace:\n#0 0x557cf8ca9fba <unknown>\n#1 0x557cf872e6d0 <unknown>\n#2 0x557cf87802aa <unknown>\n#3 0x557cf8780541 <unknown>\n#4 0x557cf87ce6c4 <unknown>\n#5 0x557cf87a5e5d <unknown>\n#6 0x557cf87cbb54 <unknown>\n#7 0x557cf87a5c03 <unknown>\n#8 0x557cf87727a8 <unknown>\n#9 0x557cf8773421 <unknown>\n#10 0x557cf8c6eb28 <unknown>\n#11 0x557cf8c7287f <unknown>\n#12 0x557cf8c56c49 <unknown>\n#13 0x557cf8c73405 <unknown>\n#14 0x557cf8c3c4ff <unknown>\n#15 0x557cf8c97258 <unknown>\n#16 0x557cf8c97432 <unknown>\n#17 0x557cf8ca8fa3 <unknown>\n#18 0x7fb1b929caa4 <unknown>\n#19 0x7fb1b9329c6c <unknown>\n\n","statusTrace":"  File \"/opt/hostedtoolcache/Python/3.11.13/x64/lib/python3.11/site-packages/allure_commons/_allure.py\", line 192, in impl\n    return func(*a, **kw)\n           ^^^^^^^^^^^^^^\n  File \"/home/runner/work/luma_project/luma_project/pages/base_page.py\", line 30, in element_is_visible\n    self.go_to_element(self.element_is_present(locator))\n                       ^^^^^^^^^^^^^^^^^^^^^^^^^^^^^^^^\n  File \"/opt/hostedtoolcache/Python/3.11.13/x64/lib/python3.11/site-packages/allure_commons/_allure.py\", line 192, in impl\n    return func(*a, **kw)\n           ^^^^^^^^^^^^^^\n  File \"/home/runner/work/luma_project/luma_project/pages/base_page.py\", line 51, in element_is_present\n    return wait(self.driver, timeout).until(EC.presence_of_element_located(locator))\n           ^^^^^^^^^^^^^^^^^^^^^^^^^^^^^^^^^^^^^^^^^^^^^^^^^^^^^^^^^^^^^^^^^^^^^^^^^\n  File \"/opt/hostedtoolcache/Python/3.11.13/x64/lib/python3.11/site-packages/selenium/webdriver/support/wait.py\", line 95, in until\n    raise TimeoutException(message, screen, stacktrace)\n","steps":[{"name":"Find a present element","time":{"start":1760233316264,"stop":1760233321363,"duration":5099},"status":"broken","statusMessage":"selenium.common.exceptions.TimeoutException: Message: \nStacktrace:\n#0 0x557cf8ca9fba <unknown>\n#1 0x557cf872e6d0 <unknown>\n#2 0x557cf87802aa <unknown>\n#3 0x557cf8780541 <unknown>\n#4 0x557cf87ce6c4 <unknown>\n#5 0x557cf87a5e5d <unknown>\n#6 0x557cf87cbb54 <unknown>\n#7 0x557cf87a5c03 <unknown>\n#8 0x557cf87727a8 <unknown>\n#9 0x557cf8773421 <unknown>\n#10 0x557cf8c6eb28 <unknown>\n#11 0x557cf8c7287f <unknown>\n#12 0x557cf8c56c49 <unknown>\n#13 0x557cf8c73405 <unknown>\n#14 0x557cf8c3c4ff <unknown>\n#15 0x557cf8c97258 <unknown>\n#16 0x557cf8c97432 <unknown>\n#17 0x557cf8ca8fa3 <unknown>\n#18 0x7fb1b929caa4 <unknown>\n#19 0x7fb1b9329c6c <unknown>\n\n","statusTrace":"  File \"/opt/hostedtoolcache/Python/3.11.13/x64/lib/python3.11/site-packages/allure_commons/_allure.py\", line 192, in impl\n    return func(*a, **kw)\n           ^^^^^^^^^^^^^^\n  File \"/home/runner/work/luma_project/luma_project/pages/base_page.py\", line 51, in element_is_present\n    return wait(self.driver, timeout).until(EC.presence_of_element_located(locator))\n           ^^^^^^^^^^^^^^^^^^^^^^^^^^^^^^^^^^^^^^^^^^^^^^^^^^^^^^^^^^^^^^^^^^^^^^^^^\n  File \"/opt/hostedtoolcache/Python/3.11.13/x64/lib/python3.11/site-packages/selenium/webdriver/support/wait.py\", line 95, in until\n    raise TimeoutException(message, screen, stacktrace)\n","steps":[],"attachments":[],"parameters":[{"name":"locator","value":"('xpath', '//*[@id=\"maincontent\"]/div[4]/div[2]/div[2]/div/ul[1]/li[3]/a')"},{"name":"timeout","value":"5"}],"stepsCount":0,"shouldDisplayMessage":true,"attachmentsCount":0,"hasContent":true,"attachmentStep":false}],"attachments":[],"parameters":[{"name":"locator","value":"('xpath', '//*[@id=\"maincontent\"]/div[4]/div[2]/div[2]/div/ul[1]/li[3]/a')"},{"name":"timeout","value":"10"}],"stepsCount":1,"shouldDisplayMessage":false,"attachmentsCount":0,"hasContent":true,"attachmentStep":false}],"attachments":[],"parameters":[],"stepsCount":2,"shouldDisplayMessage":false,"attachmentsCount":0,"hasContent":true,"attachmentStep":false}],"attachments":[{"uid":"3ed01dbe2d344533","name":"Screenshot","source":"3ed01dbe2d344533.png","type":"image/png","size":23875},{"uid":"d72ac848f70acd50","name":"HTML source","source":"d72ac848f70acd50.html","type":"text/html","size":786}],"parameters":[],"stepsCount":4,"shouldDisplayMessage":true,"attachmentsCount":2,"hasContent":true,"attachmentStep":false},"afterStages":[{"name":"driver::0","time":{"start":1760233321449,"stop":1760233321509,"duration":60},"status":"passed","steps":[],"attachments":[],"parameters":[],"stepsCount":0,"shouldDisplayMessage":false,"attachmentsCount":0,"hasContent":false,"attachmentStep":false},{"name":"clear_allure_result_folder::0","time":{"start":1760234300124,"stop":1760234300124,"duration":0},"status":"passed","steps":[],"attachments":[],"parameters":[],"stepsCount":0,"shouldDisplayMessage":false,"attachmentsCount":0,"hasContent":false,"attachmentStep":false}],"labels":[{"name":"epic","value":"MenPage"},{"name":"severity","value":"critical"},{"name":"parentSuite","value":"tests"},{"name":"suite","value":"test_men"},{"name":"subSuite","value":"TestMenPage"},{"name":"host","value":"runnervmwhb2z"},{"name":"thread","value":"2956-MainThread"},{"name":"framework","value":"pytest"},{"name":"language","value":"cpython3"},{"name":"package","value":"tests.test_men"},{"name":"resultFormat","value":"allure2"}],"parameters":[],"links":[],"hidden":false,"retry":false,"extra":{"severity":"critical","retries":[],"categories":[{"name":"Test defects","matchedStatuses":[],"flaky":false}],"tags":[]},"source":"665807defdcbc33.json","parameterValues":[]}