{"uid":"98fb06d1627ec5c3","name":"TC 10.04.12 - Verify that the sale-free-shipping contains an image","fullName":"tests.test_sale.TestPromoBlocks#test_tc_10_04_12","historyId":"6ab7ff94e32d825bab0cce4e8cb2319d","time":{"start":1760233707382,"stop":1760233712481,"duration":5099},"description":"Check img existence of 2nd column in 3-columns Promo Block section","descriptionHtml":"<p>Check img existence of 2nd column in 3-columns Promo Block section</p>\n","status":"broken","statusMessage":"selenium.common.exceptions.TimeoutException: Message: \nStacktrace:\n#0 0x563c49298fba <unknown>\n#1 0x563c48d1d6d0 <unknown>\n#2 0x563c48d6f2aa <unknown>\n#3 0x563c48d6f541 <unknown>\n#4 0x563c48dbd6c4 <unknown>\n#5 0x563c48d94e5d <unknown>\n#6 0x563c48dbab54 <unknown>\n#7 0x563c48d94c03 <unknown>\n#8 0x563c48d617a8 <unknown>\n#9 0x563c48d62421 <unknown>\n#10 0x563c4925db28 <unknown>\n#11 0x563c4926187f <unknown>\n#12 0x563c49245c49 <unknown>\n#13 0x563c49262405 <unknown>\n#14 0x563c4922b4ff <unknown>\n#15 0x563c49286258 <unknown>\n#16 0x563c49286432 <unknown>\n#17 0x563c49297fa3 <unknown>\n#18 0x7f5812c9caa4 <unknown>\n#19 0x7f5812d29c6c <unknown>","statusTrace":"self = <test_sale.TestSalePage.TestPromoBlocks object at 0x7fd37dfe31d0>\nsale_page = <pages.sale_page.SalePage object at 0x7fd37fbfb550>\n\n    @allure.title(\"TC 10.04.12 - Verify that the sale-free-shipping contains an image\")\n    def test_tc_10_04_12(self, sale_page):\n        \"\"\"Check img existence of 2nd column in 3-columns Promo Block section\"\"\"\n>       img = sale_page.check_img_in_second_block()\n\ntests/test_sale.py:204: \n_ _ _ _ _ _ _ _ _ _ _ _ _ _ _ _ _ _ _ _ _ _ _ _ _ _ _ _ _ _ _ _ _ _ _ _ _ _ _ _ \npages/sale_page.py:91: in check_img_in_second_block\n    img = self.element_is_present(self.promo_blocks_locators.SECOND_COLUMN_IMG)\npages/base_page.py:51: in element_is_present\n    return wait(self.driver, timeout).until(EC.presence_of_element_located(locator))\n_ _ _ _ _ _ _ _ _ _ _ _ _ _ _ _ _ _ _ _ _ _ _ _ _ _ _ _ _ _ _ _ _ _ _ _ _ _ _ _ \n\nself = <selenium.webdriver.support.wait.WebDriverWait (session=\"6f35d2a4371bddcfaf78ce54479097cd\")>\nmethod = <function presence_of_element_located.<locals>._predicate at 0x7fd37f6ffba0>\nmessage = ''\n\n    def until(self, method, message: str = \"\"):\n        \"\"\"Calls the method provided with the driver as an argument until the \\\n        return value does not evaluate to ``False``.\n    \n        :param method: callable(WebDriver)\n        :param message: optional message for :exc:`TimeoutException`\n        :returns: the result of the last call to `method`\n        :raises: :exc:`selenium.common.exceptions.TimeoutException` if timeout occurs\n        \"\"\"\n        screen = None\n        stacktrace = None\n    \n        end_time = time.monotonic() + self._timeout\n        while True:\n            try:\n                value = method(self._driver)\n                if value:\n                    return value\n            except self._ignored_exceptions as exc:\n                screen = getattr(exc, \"screen\", None)\n                stacktrace = getattr(exc, \"stacktrace\", None)\n            time.sleep(self._poll)\n            if time.monotonic() > end_time:\n                break\n>       raise TimeoutException(message, screen, stacktrace)\nE       selenium.common.exceptions.TimeoutException: Message: \nE       Stacktrace:\nE       #0 0x563c49298fba <unknown>\nE       #1 0x563c48d1d6d0 <unknown>\nE       #2 0x563c48d6f2aa <unknown>\nE       #3 0x563c48d6f541 <unknown>\nE       #4 0x563c48dbd6c4 <unknown>\nE       #5 0x563c48d94e5d <unknown>\nE       #6 0x563c48dbab54 <unknown>\nE       #7 0x563c48d94c03 <unknown>\nE       #8 0x563c48d617a8 <unknown>\nE       #9 0x563c48d62421 <unknown>\nE       #10 0x563c4925db28 <unknown>\nE       #11 0x563c4926187f <unknown>\nE       #12 0x563c49245c49 <unknown>\nE       #13 0x563c49262405 <unknown>\nE       #14 0x563c4922b4ff <unknown>\nE       #15 0x563c49286258 <unknown>\nE       #16 0x563c49286432 <unknown>\nE       #17 0x563c49297fa3 <unknown>\nE       #18 0x7f5812c9caa4 <unknown>\nE       #19 0x7f5812d29c6c <unknown>\n\n/opt/hostedtoolcache/Python/3.11.13/x64/lib/python3.11/site-packages/selenium/webdriver/support/wait.py:95: TimeoutException","flaky":false,"newFailed":false,"newBroken":false,"newPassed":false,"retriesCount":0,"retriesStatusChange":false,"beforeStages":[{"name":"_session_faker","time":{"start":1760231824299,"stop":1760231824361,"duration":62},"status":"passed","steps":[],"attachments":[],"parameters":[],"stepsCount":0,"shouldDisplayMessage":false,"attachmentsCount":0,"hasContent":false,"attachmentStep":false},{"name":"clear_allure_result_folder","time":{"start":1760231824362,"stop":1760231824362,"duration":0},"status":"passed","steps":[],"attachments":[],"parameters":[],"stepsCount":0,"shouldDisplayMessage":false,"attachmentsCount":0,"hasContent":false,"attachmentStep":false},{"name":"driver","time":{"start":1760233705933,"stop":1760233707190,"duration":1257},"status":"passed","steps":[],"attachments":[],"parameters":[],"stepsCount":0,"shouldDisplayMessage":false,"attachmentsCount":0,"hasContent":false,"attachmentStep":false},{"name":"sale_page","time":{"start":1760233707191,"stop":1760233707382,"duration":191},"status":"passed","steps":[{"name":"Open a browser","time":{"start":1760233707191,"stop":1760233707382,"duration":191},"status":"passed","steps":[],"attachments":[],"parameters":[],"stepsCount":0,"shouldDisplayMessage":false,"attachmentsCount":0,"hasContent":false,"attachmentStep":false}],"attachments":[],"parameters":[],"stepsCount":1,"shouldDisplayMessage":false,"attachmentsCount":0,"hasContent":true,"attachmentStep":false}],"testStage":{"description":"Check img existence of 2nd column in 3-columns Promo Block section","status":"broken","statusMessage":"selenium.common.exceptions.TimeoutException: Message: \nStacktrace:\n#0 0x563c49298fba <unknown>\n#1 0x563c48d1d6d0 <unknown>\n#2 0x563c48d6f2aa <unknown>\n#3 0x563c48d6f541 <unknown>\n#4 0x563c48dbd6c4 <unknown>\n#5 0x563c48d94e5d <unknown>\n#6 0x563c48dbab54 <unknown>\n#7 0x563c48d94c03 <unknown>\n#8 0x563c48d617a8 <unknown>\n#9 0x563c48d62421 <unknown>\n#10 0x563c4925db28 <unknown>\n#11 0x563c4926187f <unknown>\n#12 0x563c49245c49 <unknown>\n#13 0x563c49262405 <unknown>\n#14 0x563c4922b4ff <unknown>\n#15 0x563c49286258 <unknown>\n#16 0x563c49286432 <unknown>\n#17 0x563c49297fa3 <unknown>\n#18 0x7f5812c9caa4 <unknown>\n#19 0x7f5812d29c6c <unknown>","statusTrace":"self = <test_sale.TestSalePage.TestPromoBlocks object at 0x7fd37dfe31d0>\nsale_page = <pages.sale_page.SalePage object at 0x7fd37fbfb550>\n\n    @allure.title(\"TC 10.04.12 - Verify that the sale-free-shipping contains an image\")\n    def test_tc_10_04_12(self, sale_page):\n        \"\"\"Check img existence of 2nd column in 3-columns Promo Block section\"\"\"\n>       img = sale_page.check_img_in_second_block()\n\ntests/test_sale.py:204: \n_ _ _ _ _ _ _ _ _ _ _ _ _ _ _ _ _ _ _ _ _ _ _ _ _ _ _ _ _ _ _ _ _ _ _ _ _ _ _ _ \npages/sale_page.py:91: in check_img_in_second_block\n    img = self.element_is_present(self.promo_blocks_locators.SECOND_COLUMN_IMG)\npages/base_page.py:51: in element_is_present\n    return wait(self.driver, timeout).until(EC.presence_of_element_located(locator))\n_ _ _ _ _ _ _ _ _ _ _ _ _ _ _ _ _ _ _ _ _ _ _ _ _ _ _ _ _ _ _ _ _ _ _ _ _ _ _ _ \n\nself = <selenium.webdriver.support.wait.WebDriverWait (session=\"6f35d2a4371bddcfaf78ce54479097cd\")>\nmethod = <function presence_of_element_located.<locals>._predicate at 0x7fd37f6ffba0>\nmessage = ''\n\n    def until(self, method, message: str = \"\"):\n        \"\"\"Calls the method provided with the driver as an argument until the \\\n        return value does not evaluate to ``False``.\n    \n        :param method: callable(WebDriver)\n        :param message: optional message for :exc:`TimeoutException`\n        :returns: the result of the last call to `method`\n        :raises: :exc:`selenium.common.exceptions.TimeoutException` if timeout occurs\n        \"\"\"\n        screen = None\n        stacktrace = None\n    \n        end_time = time.monotonic() + self._timeout\n        while True:\n            try:\n                value = method(self._driver)\n                if value:\n                    return value\n            except self._ignored_exceptions as exc:\n                screen = getattr(exc, \"screen\", None)\n                stacktrace = getattr(exc, \"stacktrace\", None)\n            time.sleep(self._poll)\n            if time.monotonic() > end_time:\n                break\n>       raise TimeoutException(message, screen, stacktrace)\nE       selenium.common.exceptions.TimeoutException: Message: \nE       Stacktrace:\nE       #0 0x563c49298fba <unknown>\nE       #1 0x563c48d1d6d0 <unknown>\nE       #2 0x563c48d6f2aa <unknown>\nE       #3 0x563c48d6f541 <unknown>\nE       #4 0x563c48dbd6c4 <unknown>\nE       #5 0x563c48d94e5d <unknown>\nE       #6 0x563c48dbab54 <unknown>\nE       #7 0x563c48d94c03 <unknown>\nE       #8 0x563c48d617a8 <unknown>\nE       #9 0x563c48d62421 <unknown>\nE       #10 0x563c4925db28 <unknown>\nE       #11 0x563c4926187f <unknown>\nE       #12 0x563c49245c49 <unknown>\nE       #13 0x563c49262405 <unknown>\nE       #14 0x563c4922b4ff <unknown>\nE       #15 0x563c49286258 <unknown>\nE       #16 0x563c49286432 <unknown>\nE       #17 0x563c49297fa3 <unknown>\nE       #18 0x7f5812c9caa4 <unknown>\nE       #19 0x7f5812d29c6c <unknown>\n\n/opt/hostedtoolcache/Python/3.11.13/x64/lib/python3.11/site-packages/selenium/webdriver/support/wait.py:95: TimeoutException","steps":[{"name":"Check img in 3-columns block - 2nd block","time":{"start":1760233707382,"stop":1760233712480,"duration":5098},"status":"broken","statusMessage":"selenium.common.exceptions.TimeoutException: Message: \nStacktrace:\n#0 0x563c49298fba <unknown>\n#1 0x563c48d1d6d0 <unknown>\n#2 0x563c48d6f2aa <unknown>\n#3 0x563c48d6f541 <unknown>\n#4 0x563c48dbd6c4 <unknown>\n#5 0x563c48d94e5d <unknown>\n#6 0x563c48dbab54 <unknown>\n#7 0x563c48d94c03 <unknown>\n#8 0x563c48d617a8 <unknown>\n#9 0x563c48d62421 <unknown>\n#10 0x563c4925db28 <unknown>\n#11 0x563c4926187f <unknown>\n#12 0x563c49245c49 <unknown>\n#13 0x563c49262405 <unknown>\n#14 0x563c4922b4ff <unknown>\n#15 0x563c49286258 <unknown>\n#16 0x563c49286432 <unknown>\n#17 0x563c49297fa3 <unknown>\n#18 0x7f5812c9caa4 <unknown>\n#19 0x7f5812d29c6c <unknown>\n\n","statusTrace":"  File \"/opt/hostedtoolcache/Python/3.11.13/x64/lib/python3.11/site-packages/allure_commons/_allure.py\", line 192, in impl\n    return func(*a, **kw)\n           ^^^^^^^^^^^^^^\n  File \"/home/runner/work/luma_project/luma_project/pages/sale_page.py\", line 91, in check_img_in_second_block\n    img = self.element_is_present(self.promo_blocks_locators.SECOND_COLUMN_IMG)\n          ^^^^^^^^^^^^^^^^^^^^^^^^^^^^^^^^^^^^^^^^^^^^^^^^^^^^^^^^^^^^^^^^^^^^^\n  File \"/opt/hostedtoolcache/Python/3.11.13/x64/lib/python3.11/site-packages/allure_commons/_allure.py\", line 192, in impl\n    return func(*a, **kw)\n           ^^^^^^^^^^^^^^\n  File \"/home/runner/work/luma_project/luma_project/pages/base_page.py\", line 51, in element_is_present\n    return wait(self.driver, timeout).until(EC.presence_of_element_located(locator))\n           ^^^^^^^^^^^^^^^^^^^^^^^^^^^^^^^^^^^^^^^^^^^^^^^^^^^^^^^^^^^^^^^^^^^^^^^^^\n  File \"/opt/hostedtoolcache/Python/3.11.13/x64/lib/python3.11/site-packages/selenium/webdriver/support/wait.py\", line 95, in until\n    raise TimeoutException(message, screen, stacktrace)\n","steps":[{"name":"Find a present element","time":{"start":1760233707382,"stop":1760233712480,"duration":5098},"status":"broken","statusMessage":"selenium.common.exceptions.TimeoutException: Message: \nStacktrace:\n#0 0x563c49298fba <unknown>\n#1 0x563c48d1d6d0 <unknown>\n#2 0x563c48d6f2aa <unknown>\n#3 0x563c48d6f541 <unknown>\n#4 0x563c48dbd6c4 <unknown>\n#5 0x563c48d94e5d <unknown>\n#6 0x563c48dbab54 <unknown>\n#7 0x563c48d94c03 <unknown>\n#8 0x563c48d617a8 <unknown>\n#9 0x563c48d62421 <unknown>\n#10 0x563c4925db28 <unknown>\n#11 0x563c4926187f <unknown>\n#12 0x563c49245c49 <unknown>\n#13 0x563c49262405 <unknown>\n#14 0x563c4922b4ff <unknown>\n#15 0x563c49286258 <unknown>\n#16 0x563c49286432 <unknown>\n#17 0x563c49297fa3 <unknown>\n#18 0x7f5812c9caa4 <unknown>\n#19 0x7f5812d29c6c <unknown>\n\n","statusTrace":"  File \"/opt/hostedtoolcache/Python/3.11.13/x64/lib/python3.11/site-packages/allure_commons/_allure.py\", line 192, in impl\n    return func(*a, **kw)\n           ^^^^^^^^^^^^^^\n  File \"/home/runner/work/luma_project/luma_project/pages/base_page.py\", line 51, in element_is_present\n    return wait(self.driver, timeout).until(EC.presence_of_element_located(locator))\n           ^^^^^^^^^^^^^^^^^^^^^^^^^^^^^^^^^^^^^^^^^^^^^^^^^^^^^^^^^^^^^^^^^^^^^^^^^\n  File \"/opt/hostedtoolcache/Python/3.11.13/x64/lib/python3.11/site-packages/selenium/webdriver/support/wait.py\", line 95, in until\n    raise TimeoutException(message, screen, stacktrace)\n","steps":[],"attachments":[],"parameters":[{"name":"locator","value":"('css selector', '.sale-free-shipping img')"},{"name":"timeout","value":"5"}],"stepsCount":0,"shouldDisplayMessage":true,"attachmentsCount":0,"hasContent":true,"attachmentStep":false}],"attachments":[],"parameters":[],"stepsCount":1,"shouldDisplayMessage":false,"attachmentsCount":0,"hasContent":true,"attachmentStep":false}],"attachments":[{"uid":"2827f9a47a036ae0","name":"Screenshot","source":"2827f9a47a036ae0.png","type":"image/png","size":23875},{"uid":"2d8b8f14dc4974d9","name":"HTML source","source":"2d8b8f14dc4974d9.html","type":"text/html","size":786}],"parameters":[],"stepsCount":2,"shouldDisplayMessage":true,"attachmentsCount":2,"hasContent":true,"attachmentStep":false},"afterStages":[{"name":"driver::0","time":{"start":1760233712539,"stop":1760233712599,"duration":60},"status":"passed","steps":[],"attachments":[],"parameters":[],"stepsCount":0,"shouldDisplayMessage":false,"attachmentsCount":0,"hasContent":false,"attachmentStep":false},{"name":"clear_allure_result_folder::0","time":{"start":1760234300124,"stop":1760234300124,"duration":0},"status":"passed","steps":[],"attachments":[],"parameters":[],"stepsCount":0,"shouldDisplayMessage":false,"attachmentsCount":0,"hasContent":false,"attachmentStep":false}],"labels":[{"name":"epic","value":"Sale Page"},{"name":"feature","value":"Testing Promo Blocks, Main Block (Women's Deals) and 2 columns block - Men's Bargain, Gear Steals"},{"name":"parentSuite","value":"tests"},{"name":"suite","value":"test_sale"},{"name":"subSuite","value":"TestSalePage"},{"name":"host","value":"runnervmwhb2z"},{"name":"thread","value":"2956-MainThread"},{"name":"framework","value":"pytest"},{"name":"language","value":"cpython3"},{"name":"package","value":"tests.test_sale"},{"name":"resultFormat","value":"allure2"}],"parameters":[],"links":[],"hidden":false,"retry":false,"extra":{"severity":"normal","retries":[],"categories":[{"name":"Test defects","matchedStatuses":[],"flaky":false}],"tags":[]},"source":"98fb06d1627ec5c3.json","parameterValues":[]}