{"uid":"39f0034f441d1a21","name":"TC 05.01.01 - Verify that 'Order and Returns' Page Heading is present","fullName":"tests.test_orders_and_returns.TestOrdersAndReturnsPage#test_tc_05_01_01_check_header","historyId":"0e203692531a7d090a4821fc44084138","time":{"start":1759023917345,"stop":1759023922442,"duration":5097},"description":"This test checks \"Orders and Returns\" header is visible and has correct text","descriptionHtml":"<p>This test checks &quot;Orders and Returns&quot; header is visible and has correct text</p>\n","status":"broken","statusMessage":"selenium.common.exceptions.TimeoutException: Message: \nStacktrace:\n#0 0x5642fb084cba <unknown>\n#1 0x5642faaf98e0 <unknown>\n#2 0x5642fab4b580 <unknown>\n#3 0x5642fab4b771 <unknown>\n#4 0x5642fab99864 <unknown>\n#5 0x5642fab7109d <unknown>\n#6 0x5642fab96c63 <unknown>\n#7 0x5642fab70e43 <unknown>\n#8 0x5642fab3d9a8 <unknown>\n#9 0x5642fab3e621 <unknown>\n#10 0x5642fb0488b8 <unknown>\n#11 0x5642fb04c5e2 <unknown>\n#12 0x5642fb02f683 <unknown>\n#13 0x5642fb04d135 <unknown>\n#14 0x5642fb01480f <unknown>\n#15 0x5642fb0714c8 <unknown>\n#16 0x5642fb0716a2 <unknown>\n#17 0x5642fb083dc3 <unknown>\n#18 0x7f973c49caa4 <unknown>\n#19 0x7f973c529c6c <unknown>","statusTrace":"self = <test_orders_and_returns.TestOrdersAndReturnsPage object at 0x7f09d6939950>\ndriver = <selenium.webdriver.chrome.webdriver.WebDriver (session=\"96f4b4449bc1b04f778453f321457211\")>\npage = <pages.orders_and_returns_page.OrdersAndReturnsPage object at 0x7f09d8214390>\n\n    @allure.title(\"TC 05.01.01 - Verify that 'Order and Returns' Page Heading is present\")\n    def test_tc_05_01_01_check_header(self, driver, page):\n        \"\"\"This test checks \"Orders and Returns\" header is visible and has correct text\"\"\"\n>       header_text = page.check_header()\n\ntests/test_orders_and_returns.py:21: \n_ _ _ _ _ _ _ _ _ _ _ _ _ _ _ _ _ _ _ _ _ _ _ _ _ _ _ _ _ _ _ _ _ _ _ _ _ _ _ _ \npages/orders_and_returns_page.py:12: in check_header\n    return self.get_text(self.locators.PAGE_HEADER)\npages/base_page.py:145: in get_text\n    text = self.element_is_visible(locator)\npages/base_page.py:30: in element_is_visible\n    self.go_to_element(self.element_is_present(locator))\npages/base_page.py:51: in element_is_present\n    return wait(self.driver, timeout).until(EC.presence_of_element_located(locator))\n_ _ _ _ _ _ _ _ _ _ _ _ _ _ _ _ _ _ _ _ _ _ _ _ _ _ _ _ _ _ _ _ _ _ _ _ _ _ _ _ \n\nself = <selenium.webdriver.support.wait.WebDriverWait (session=\"96f4b4449bc1b04f778453f321457211\")>\nmethod = <function presence_of_element_located.<locals>._predicate at 0x7f09d80c2020>\nmessage = ''\n\n    def until(self, method, message: str = \"\"):\n        \"\"\"Calls the method provided with the driver as an argument until the \\\n        return value does not evaluate to ``False``.\n    \n        :param method: callable(WebDriver)\n        :param message: optional message for :exc:`TimeoutException`\n        :returns: the result of the last call to `method`\n        :raises: :exc:`selenium.common.exceptions.TimeoutException` if timeout occurs\n        \"\"\"\n        screen = None\n        stacktrace = None\n    \n        end_time = time.monotonic() + self._timeout\n        while True:\n            try:\n                value = method(self._driver)\n                if value:\n                    return value\n            except self._ignored_exceptions as exc:\n                screen = getattr(exc, \"screen\", None)\n                stacktrace = getattr(exc, \"stacktrace\", None)\n            time.sleep(self._poll)\n            if time.monotonic() > end_time:\n                break\n>       raise TimeoutException(message, screen, stacktrace)\nE       selenium.common.exceptions.TimeoutException: Message: \nE       Stacktrace:\nE       #0 0x5642fb084cba <unknown>\nE       #1 0x5642faaf98e0 <unknown>\nE       #2 0x5642fab4b580 <unknown>\nE       #3 0x5642fab4b771 <unknown>\nE       #4 0x5642fab99864 <unknown>\nE       #5 0x5642fab7109d <unknown>\nE       #6 0x5642fab96c63 <unknown>\nE       #7 0x5642fab70e43 <unknown>\nE       #8 0x5642fab3d9a8 <unknown>\nE       #9 0x5642fab3e621 <unknown>\nE       #10 0x5642fb0488b8 <unknown>\nE       #11 0x5642fb04c5e2 <unknown>\nE       #12 0x5642fb02f683 <unknown>\nE       #13 0x5642fb04d135 <unknown>\nE       #14 0x5642fb01480f <unknown>\nE       #15 0x5642fb0714c8 <unknown>\nE       #16 0x5642fb0716a2 <unknown>\nE       #17 0x5642fb083dc3 <unknown>\nE       #18 0x7f973c49caa4 <unknown>\nE       #19 0x7f973c529c6c <unknown>\n\n/opt/hostedtoolcache/Python/3.11.13/x64/lib/python3.11/site-packages/selenium/webdriver/support/wait.py:95: TimeoutException","flaky":false,"newFailed":false,"newBroken":false,"newPassed":false,"retriesCount":0,"retriesStatusChange":false,"beforeStages":[{"name":"_session_faker","time":{"start":1759022410492,"stop":1759022410553,"duration":61},"status":"passed","steps":[],"attachments":[],"parameters":[],"stepsCount":0,"shouldDisplayMessage":false,"attachmentsCount":0,"hasContent":false,"attachmentStep":false},{"name":"clear_allure_result_folder","time":{"start":1759022410553,"stop":1759022410553,"duration":0},"status":"passed","steps":[],"attachments":[],"parameters":[],"stepsCount":0,"shouldDisplayMessage":false,"attachmentsCount":0,"hasContent":false,"attachmentStep":false},{"name":"driver","time":{"start":1759023915811,"stop":1759023917039,"duration":1228},"status":"passed","steps":[],"attachments":[],"parameters":[],"stepsCount":0,"shouldDisplayMessage":false,"attachmentsCount":0,"hasContent":false,"attachmentStep":false},{"name":"page","time":{"start":1759023917039,"stop":1759023917344,"duration":305},"status":"passed","steps":[{"name":"Open a browser","time":{"start":1759023917039,"stop":1759023917344,"duration":305},"status":"passed","steps":[],"attachments":[],"parameters":[],"stepsCount":0,"shouldDisplayMessage":false,"attachmentsCount":0,"hasContent":false,"attachmentStep":false}],"attachments":[],"parameters":[],"stepsCount":1,"shouldDisplayMessage":false,"attachmentsCount":0,"hasContent":true,"attachmentStep":false}],"testStage":{"description":"This test checks \"Orders and Returns\" header is visible and has correct text","status":"broken","statusMessage":"selenium.common.exceptions.TimeoutException: Message: \nStacktrace:\n#0 0x5642fb084cba <unknown>\n#1 0x5642faaf98e0 <unknown>\n#2 0x5642fab4b580 <unknown>\n#3 0x5642fab4b771 <unknown>\n#4 0x5642fab99864 <unknown>\n#5 0x5642fab7109d <unknown>\n#6 0x5642fab96c63 <unknown>\n#7 0x5642fab70e43 <unknown>\n#8 0x5642fab3d9a8 <unknown>\n#9 0x5642fab3e621 <unknown>\n#10 0x5642fb0488b8 <unknown>\n#11 0x5642fb04c5e2 <unknown>\n#12 0x5642fb02f683 <unknown>\n#13 0x5642fb04d135 <unknown>\n#14 0x5642fb01480f <unknown>\n#15 0x5642fb0714c8 <unknown>\n#16 0x5642fb0716a2 <unknown>\n#17 0x5642fb083dc3 <unknown>\n#18 0x7f973c49caa4 <unknown>\n#19 0x7f973c529c6c <unknown>","statusTrace":"self = <test_orders_and_returns.TestOrdersAndReturnsPage object at 0x7f09d6939950>\ndriver = <selenium.webdriver.chrome.webdriver.WebDriver (session=\"96f4b4449bc1b04f778453f321457211\")>\npage = <pages.orders_and_returns_page.OrdersAndReturnsPage object at 0x7f09d8214390>\n\n    @allure.title(\"TC 05.01.01 - Verify that 'Order and Returns' Page Heading is present\")\n    def test_tc_05_01_01_check_header(self, driver, page):\n        \"\"\"This test checks \"Orders and Returns\" header is visible and has correct text\"\"\"\n>       header_text = page.check_header()\n\ntests/test_orders_and_returns.py:21: \n_ _ _ _ _ _ _ _ _ _ _ _ _ _ _ _ _ _ _ _ _ _ _ _ _ _ _ _ _ _ _ _ _ _ _ _ _ _ _ _ \npages/orders_and_returns_page.py:12: in check_header\n    return self.get_text(self.locators.PAGE_HEADER)\npages/base_page.py:145: in get_text\n    text = self.element_is_visible(locator)\npages/base_page.py:30: in element_is_visible\n    self.go_to_element(self.element_is_present(locator))\npages/base_page.py:51: in element_is_present\n    return wait(self.driver, timeout).until(EC.presence_of_element_located(locator))\n_ _ _ _ _ _ _ _ _ _ _ _ _ _ _ _ _ _ _ _ _ _ _ _ _ _ _ _ _ _ _ _ _ _ _ _ _ _ _ _ \n\nself = <selenium.webdriver.support.wait.WebDriverWait (session=\"96f4b4449bc1b04f778453f321457211\")>\nmethod = <function presence_of_element_located.<locals>._predicate at 0x7f09d80c2020>\nmessage = ''\n\n    def until(self, method, message: str = \"\"):\n        \"\"\"Calls the method provided with the driver as an argument until the \\\n        return value does not evaluate to ``False``.\n    \n        :param method: callable(WebDriver)\n        :param message: optional message for :exc:`TimeoutException`\n        :returns: the result of the last call to `method`\n        :raises: :exc:`selenium.common.exceptions.TimeoutException` if timeout occurs\n        \"\"\"\n        screen = None\n        stacktrace = None\n    \n        end_time = time.monotonic() + self._timeout\n        while True:\n            try:\n                value = method(self._driver)\n                if value:\n                    return value\n            except self._ignored_exceptions as exc:\n                screen = getattr(exc, \"screen\", None)\n                stacktrace = getattr(exc, \"stacktrace\", None)\n            time.sleep(self._poll)\n            if time.monotonic() > end_time:\n                break\n>       raise TimeoutException(message, screen, stacktrace)\nE       selenium.common.exceptions.TimeoutException: Message: \nE       Stacktrace:\nE       #0 0x5642fb084cba <unknown>\nE       #1 0x5642faaf98e0 <unknown>\nE       #2 0x5642fab4b580 <unknown>\nE       #3 0x5642fab4b771 <unknown>\nE       #4 0x5642fab99864 <unknown>\nE       #5 0x5642fab7109d <unknown>\nE       #6 0x5642fab96c63 <unknown>\nE       #7 0x5642fab70e43 <unknown>\nE       #8 0x5642fab3d9a8 <unknown>\nE       #9 0x5642fab3e621 <unknown>\nE       #10 0x5642fb0488b8 <unknown>\nE       #11 0x5642fb04c5e2 <unknown>\nE       #12 0x5642fb02f683 <unknown>\nE       #13 0x5642fb04d135 <unknown>\nE       #14 0x5642fb01480f <unknown>\nE       #15 0x5642fb0714c8 <unknown>\nE       #16 0x5642fb0716a2 <unknown>\nE       #17 0x5642fb083dc3 <unknown>\nE       #18 0x7f973c49caa4 <unknown>\nE       #19 0x7f973c529c6c <unknown>\n\n/opt/hostedtoolcache/Python/3.11.13/x64/lib/python3.11/site-packages/selenium/webdriver/support/wait.py:95: TimeoutException","steps":[{"name":"Get element text","time":{"start":1759023917345,"stop":1759023922441,"duration":5096},"status":"broken","statusMessage":"selenium.common.exceptions.TimeoutException: Message: \nStacktrace:\n#0 0x5642fb084cba <unknown>\n#1 0x5642faaf98e0 <unknown>\n#2 0x5642fab4b580 <unknown>\n#3 0x5642fab4b771 <unknown>\n#4 0x5642fab99864 <unknown>\n#5 0x5642fab7109d <unknown>\n#6 0x5642fab96c63 <unknown>\n#7 0x5642fab70e43 <unknown>\n#8 0x5642fab3d9a8 <unknown>\n#9 0x5642fab3e621 <unknown>\n#10 0x5642fb0488b8 <unknown>\n#11 0x5642fb04c5e2 <unknown>\n#12 0x5642fb02f683 <unknown>\n#13 0x5642fb04d135 <unknown>\n#14 0x5642fb01480f <unknown>\n#15 0x5642fb0714c8 <unknown>\n#16 0x5642fb0716a2 <unknown>\n#17 0x5642fb083dc3 <unknown>\n#18 0x7f973c49caa4 <unknown>\n#19 0x7f973c529c6c <unknown>\n\n","statusTrace":"  File \"/opt/hostedtoolcache/Python/3.11.13/x64/lib/python3.11/site-packages/allure_commons/_allure.py\", line 192, in impl\n    return func(*a, **kw)\n           ^^^^^^^^^^^^^^\n  File \"/home/runner/work/luma_project/luma_project/pages/base_page.py\", line 145, in get_text\n    text = self.element_is_visible(locator)\n           ^^^^^^^^^^^^^^^^^^^^^^^^^^^^^^^^\n  File \"/opt/hostedtoolcache/Python/3.11.13/x64/lib/python3.11/site-packages/allure_commons/_allure.py\", line 192, in impl\n    return func(*a, **kw)\n           ^^^^^^^^^^^^^^\n  File \"/home/runner/work/luma_project/luma_project/pages/base_page.py\", line 30, in element_is_visible\n    self.go_to_element(self.element_is_present(locator))\n                       ^^^^^^^^^^^^^^^^^^^^^^^^^^^^^^^^\n  File \"/opt/hostedtoolcache/Python/3.11.13/x64/lib/python3.11/site-packages/allure_commons/_allure.py\", line 192, in impl\n    return func(*a, **kw)\n           ^^^^^^^^^^^^^^\n  File \"/home/runner/work/luma_project/luma_project/pages/base_page.py\", line 51, in element_is_present\n    return wait(self.driver, timeout).until(EC.presence_of_element_located(locator))\n           ^^^^^^^^^^^^^^^^^^^^^^^^^^^^^^^^^^^^^^^^^^^^^^^^^^^^^^^^^^^^^^^^^^^^^^^^^\n  File \"/opt/hostedtoolcache/Python/3.11.13/x64/lib/python3.11/site-packages/selenium/webdriver/support/wait.py\", line 95, in until\n    raise TimeoutException(message, screen, stacktrace)\n","steps":[{"name":"Find a visible element","time":{"start":1759023917345,"stop":1759023922441,"duration":5096},"status":"broken","statusMessage":"selenium.common.exceptions.TimeoutException: Message: \nStacktrace:\n#0 0x5642fb084cba <unknown>\n#1 0x5642faaf98e0 <unknown>\n#2 0x5642fab4b580 <unknown>\n#3 0x5642fab4b771 <unknown>\n#4 0x5642fab99864 <unknown>\n#5 0x5642fab7109d <unknown>\n#6 0x5642fab96c63 <unknown>\n#7 0x5642fab70e43 <unknown>\n#8 0x5642fab3d9a8 <unknown>\n#9 0x5642fab3e621 <unknown>\n#10 0x5642fb0488b8 <unknown>\n#11 0x5642fb04c5e2 <unknown>\n#12 0x5642fb02f683 <unknown>\n#13 0x5642fb04d135 <unknown>\n#14 0x5642fb01480f <unknown>\n#15 0x5642fb0714c8 <unknown>\n#16 0x5642fb0716a2 <unknown>\n#17 0x5642fb083dc3 <unknown>\n#18 0x7f973c49caa4 <unknown>\n#19 0x7f973c529c6c <unknown>\n\n","statusTrace":"  File \"/opt/hostedtoolcache/Python/3.11.13/x64/lib/python3.11/site-packages/allure_commons/_allure.py\", line 192, in impl\n    return func(*a, **kw)\n           ^^^^^^^^^^^^^^\n  File \"/home/runner/work/luma_project/luma_project/pages/base_page.py\", line 30, in element_is_visible\n    self.go_to_element(self.element_is_present(locator))\n                       ^^^^^^^^^^^^^^^^^^^^^^^^^^^^^^^^\n  File \"/opt/hostedtoolcache/Python/3.11.13/x64/lib/python3.11/site-packages/allure_commons/_allure.py\", line 192, in impl\n    return func(*a, **kw)\n           ^^^^^^^^^^^^^^\n  File \"/home/runner/work/luma_project/luma_project/pages/base_page.py\", line 51, in element_is_present\n    return wait(self.driver, timeout).until(EC.presence_of_element_located(locator))\n           ^^^^^^^^^^^^^^^^^^^^^^^^^^^^^^^^^^^^^^^^^^^^^^^^^^^^^^^^^^^^^^^^^^^^^^^^^\n  File \"/opt/hostedtoolcache/Python/3.11.13/x64/lib/python3.11/site-packages/selenium/webdriver/support/wait.py\", line 95, in until\n    raise TimeoutException(message, screen, stacktrace)\n","steps":[{"name":"Find a present element","time":{"start":1759023917345,"stop":1759023922441,"duration":5096},"status":"broken","statusMessage":"selenium.common.exceptions.TimeoutException: Message: \nStacktrace:\n#0 0x5642fb084cba <unknown>\n#1 0x5642faaf98e0 <unknown>\n#2 0x5642fab4b580 <unknown>\n#3 0x5642fab4b771 <unknown>\n#4 0x5642fab99864 <unknown>\n#5 0x5642fab7109d <unknown>\n#6 0x5642fab96c63 <unknown>\n#7 0x5642fab70e43 <unknown>\n#8 0x5642fab3d9a8 <unknown>\n#9 0x5642fab3e621 <unknown>\n#10 0x5642fb0488b8 <unknown>\n#11 0x5642fb04c5e2 <unknown>\n#12 0x5642fb02f683 <unknown>\n#13 0x5642fb04d135 <unknown>\n#14 0x5642fb01480f <unknown>\n#15 0x5642fb0714c8 <unknown>\n#16 0x5642fb0716a2 <unknown>\n#17 0x5642fb083dc3 <unknown>\n#18 0x7f973c49caa4 <unknown>\n#19 0x7f973c529c6c <unknown>\n\n","statusTrace":"  File \"/opt/hostedtoolcache/Python/3.11.13/x64/lib/python3.11/site-packages/allure_commons/_allure.py\", line 192, in impl\n    return func(*a, **kw)\n           ^^^^^^^^^^^^^^\n  File \"/home/runner/work/luma_project/luma_project/pages/base_page.py\", line 51, in element_is_present\n    return wait(self.driver, timeout).until(EC.presence_of_element_located(locator))\n           ^^^^^^^^^^^^^^^^^^^^^^^^^^^^^^^^^^^^^^^^^^^^^^^^^^^^^^^^^^^^^^^^^^^^^^^^^\n  File \"/opt/hostedtoolcache/Python/3.11.13/x64/lib/python3.11/site-packages/selenium/webdriver/support/wait.py\", line 95, in until\n    raise TimeoutException(message, screen, stacktrace)\n","steps":[],"attachments":[],"parameters":[{"name":"locator","value":"('css selector', '[data-ui-id=\"page-title-wrapper\"]')"},{"name":"timeout","value":"5"}],"stepsCount":0,"shouldDisplayMessage":true,"attachmentsCount":0,"hasContent":true,"attachmentStep":false}],"attachments":[],"parameters":[{"name":"locator","value":"('css selector', '[data-ui-id=\"page-title-wrapper\"]')"},{"name":"timeout","value":"10"}],"stepsCount":1,"shouldDisplayMessage":false,"attachmentsCount":0,"hasContent":true,"attachmentStep":false}],"attachments":[],"parameters":[{"name":"locator","value":"('css selector', '[data-ui-id=\"page-title-wrapper\"]')"}],"stepsCount":2,"shouldDisplayMessage":false,"attachmentsCount":0,"hasContent":true,"attachmentStep":false}],"attachments":[{"uid":"96c827183184d25f","name":"Screenshot","source":"96c827183184d25f.png","type":"image/png","size":23875},{"uid":"af5ebe280e41dfbd","name":"HTML source","source":"af5ebe280e41dfbd.html","type":"text/html","size":786}],"parameters":[],"stepsCount":3,"shouldDisplayMessage":true,"attachmentsCount":2,"hasContent":true,"attachmentStep":false},"afterStages":[{"name":"driver::0","time":{"start":1759023922510,"stop":1759023922570,"duration":60},"status":"passed","steps":[],"attachments":[],"parameters":[],"stepsCount":0,"shouldDisplayMessage":false,"attachmentsCount":0,"hasContent":false,"attachmentStep":false},{"name":"clear_allure_result_folder::0","time":{"start":1759024842449,"stop":1759024842449,"duration":0},"status":"passed","steps":[],"attachments":[],"parameters":[],"stepsCount":0,"shouldDisplayMessage":false,"attachmentsCount":0,"hasContent":false,"attachmentStep":false}],"labels":[{"name":"epic","value":"Orders and Returns"},{"name":"parentSuite","value":"tests"},{"name":"suite","value":"test_orders_and_returns"},{"name":"subSuite","value":"TestOrdersAndReturnsPage"},{"name":"host","value":"runnervm3ublj"},{"name":"thread","value":"2962-MainThread"},{"name":"framework","value":"pytest"},{"name":"language","value":"cpython3"},{"name":"package","value":"tests.test_orders_and_returns"},{"name":"resultFormat","value":"allure2"}],"parameters":[],"links":[],"hidden":false,"retry":false,"extra":{"severity":"normal","retries":[],"categories":[{"name":"Test defects","matchedStatuses":[],"flaky":false}],"tags":[]},"source":"39f0034f441d1a21.json","parameterValues":[]}