{"uid":"5518fce94dcbc29a","name":"TC 01.02.03 presence of a  placeholder in the \"Search\" field","fullName":"tests.test_header.TestHeader#test_tc_01_02_03_presence_of_a_placeholder_in_the_search_field","historyId":"a8ff20a6c6e15cf536c62669724b4014","time":{"start":1759023050858,"stop":1759023056167,"duration":5309},"description":"Check the \"Search\" field in the header contains the placeholder 'Search entire store here...'","descriptionHtml":"<p>Check the &quot;Search&quot; field in the header contains the placeholder 'Search entire store here...'</p>\n","status":"broken","statusMessage":"selenium.common.exceptions.TimeoutException: Message: \nStacktrace:\n#0 0x55e95b990cba <unknown>\n#1 0x55e95b4058e0 <unknown>\n#2 0x55e95b457580 <unknown>\n#3 0x55e95b457771 <unknown>\n#4 0x55e95b4a5864 <unknown>\n#5 0x55e95b47d09d <unknown>\n#6 0x55e95b4a2c63 <unknown>\n#7 0x55e95b47ce43 <unknown>\n#8 0x55e95b4499a8 <unknown>\n#9 0x55e95b44a621 <unknown>\n#10 0x55e95b9548b8 <unknown>\n#11 0x55e95b9585e2 <unknown>\n#12 0x55e95b93b683 <unknown>\n#13 0x55e95b959135 <unknown>\n#14 0x55e95b92080f <unknown>\n#15 0x55e95b97d4c8 <unknown>\n#16 0x55e95b97d6a2 <unknown>\n#17 0x55e95b98fdc3 <unknown>\n#18 0x7f812449caa4 <unknown>\n#19 0x7f8124529c6c <unknown>","statusTrace":"self = <test_header.TestHeader object at 0x7f09d6a35090>\ndriver = <selenium.webdriver.chrome.webdriver.WebDriver (session=\"4ae455932f4e23ee4040741d6d512e16\")>\n\n    @allure.title('TC 01.02.03 presence of a  placeholder in the \"Search\" field')\n    def test_tc_01_02_03_presence_of_a_placeholder_in_the_search_field(self, driver):\n        \"\"\"Check the \"Search\" field in the header contains the placeholder 'Search entire store here...'\"\"\"\n        page = HeaderPage(driver, MAIN_PAGE_URL)\n        page.open()\n>       assert page.check_search_field() == \"Search entire store here...\", \\\n            \"Text in the Placeholder field does not match or is missing\"\n\ntests/test_header.py:103: \n_ _ _ _ _ _ _ _ _ _ _ _ _ _ _ _ _ _ _ _ _ _ _ _ _ _ _ _ _ _ _ _ _ _ _ _ _ _ _ _ \npages/header_page.py:59: in check_search_field\n    return self.element_is_visible(self.header_locators.SEARCH_FIELD).get_attribute('placeholder')\npages/base_page.py:30: in element_is_visible\n    self.go_to_element(self.element_is_present(locator))\npages/base_page.py:51: in element_is_present\n    return wait(self.driver, timeout).until(EC.presence_of_element_located(locator))\n_ _ _ _ _ _ _ _ _ _ _ _ _ _ _ _ _ _ _ _ _ _ _ _ _ _ _ _ _ _ _ _ _ _ _ _ _ _ _ _ \n\nself = <selenium.webdriver.support.wait.WebDriverWait (session=\"4ae455932f4e23ee4040741d6d512e16\")>\nmethod = <function presence_of_element_located.<locals>._predicate at 0x7f09d8942d40>\nmessage = ''\n\n    def until(self, method, message: str = \"\"):\n        \"\"\"Calls the method provided with the driver as an argument until the \\\n        return value does not evaluate to ``False``.\n    \n        :param method: callable(WebDriver)\n        :param message: optional message for :exc:`TimeoutException`\n        :returns: the result of the last call to `method`\n        :raises: :exc:`selenium.common.exceptions.TimeoutException` if timeout occurs\n        \"\"\"\n        screen = None\n        stacktrace = None\n    \n        end_time = time.monotonic() + self._timeout\n        while True:\n            try:\n                value = method(self._driver)\n                if value:\n                    return value\n            except self._ignored_exceptions as exc:\n                screen = getattr(exc, \"screen\", None)\n                stacktrace = getattr(exc, \"stacktrace\", None)\n            time.sleep(self._poll)\n            if time.monotonic() > end_time:\n                break\n>       raise TimeoutException(message, screen, stacktrace)\nE       selenium.common.exceptions.TimeoutException: Message: \nE       Stacktrace:\nE       #0 0x55e95b990cba <unknown>\nE       #1 0x55e95b4058e0 <unknown>\nE       #2 0x55e95b457580 <unknown>\nE       #3 0x55e95b457771 <unknown>\nE       #4 0x55e95b4a5864 <unknown>\nE       #5 0x55e95b47d09d <unknown>\nE       #6 0x55e95b4a2c63 <unknown>\nE       #7 0x55e95b47ce43 <unknown>\nE       #8 0x55e95b4499a8 <unknown>\nE       #9 0x55e95b44a621 <unknown>\nE       #10 0x55e95b9548b8 <unknown>\nE       #11 0x55e95b9585e2 <unknown>\nE       #12 0x55e95b93b683 <unknown>\nE       #13 0x55e95b959135 <unknown>\nE       #14 0x55e95b92080f <unknown>\nE       #15 0x55e95b97d4c8 <unknown>\nE       #16 0x55e95b97d6a2 <unknown>\nE       #17 0x55e95b98fdc3 <unknown>\nE       #18 0x7f812449caa4 <unknown>\nE       #19 0x7f8124529c6c <unknown>\n\n/opt/hostedtoolcache/Python/3.11.13/x64/lib/python3.11/site-packages/selenium/webdriver/support/wait.py:95: TimeoutException","flaky":false,"newFailed":false,"newBroken":false,"newPassed":false,"retriesCount":0,"retriesStatusChange":false,"beforeStages":[{"name":"_session_faker","time":{"start":1759022410492,"stop":1759022410553,"duration":61},"status":"passed","steps":[],"attachments":[],"parameters":[],"stepsCount":0,"shouldDisplayMessage":false,"attachmentsCount":0,"hasContent":false,"attachmentStep":false},{"name":"clear_allure_result_folder","time":{"start":1759022410553,"stop":1759022410553,"duration":0},"status":"passed","steps":[],"attachments":[],"parameters":[],"stepsCount":0,"shouldDisplayMessage":false,"attachmentsCount":0,"hasContent":false,"attachmentStep":false},{"name":"driver","time":{"start":1759023049630,"stop":1759023050857,"duration":1227},"status":"passed","steps":[],"attachments":[],"parameters":[],"stepsCount":0,"shouldDisplayMessage":false,"attachmentsCount":0,"hasContent":false,"attachmentStep":false}],"testStage":{"description":"Check the \"Search\" field in the header contains the placeholder 'Search entire store here...'","status":"broken","statusMessage":"selenium.common.exceptions.TimeoutException: Message: \nStacktrace:\n#0 0x55e95b990cba <unknown>\n#1 0x55e95b4058e0 <unknown>\n#2 0x55e95b457580 <unknown>\n#3 0x55e95b457771 <unknown>\n#4 0x55e95b4a5864 <unknown>\n#5 0x55e95b47d09d <unknown>\n#6 0x55e95b4a2c63 <unknown>\n#7 0x55e95b47ce43 <unknown>\n#8 0x55e95b4499a8 <unknown>\n#9 0x55e95b44a621 <unknown>\n#10 0x55e95b9548b8 <unknown>\n#11 0x55e95b9585e2 <unknown>\n#12 0x55e95b93b683 <unknown>\n#13 0x55e95b959135 <unknown>\n#14 0x55e95b92080f <unknown>\n#15 0x55e95b97d4c8 <unknown>\n#16 0x55e95b97d6a2 <unknown>\n#17 0x55e95b98fdc3 <unknown>\n#18 0x7f812449caa4 <unknown>\n#19 0x7f8124529c6c <unknown>","statusTrace":"self = <test_header.TestHeader object at 0x7f09d6a35090>\ndriver = <selenium.webdriver.chrome.webdriver.WebDriver (session=\"4ae455932f4e23ee4040741d6d512e16\")>\n\n    @allure.title('TC 01.02.03 presence of a  placeholder in the \"Search\" field')\n    def test_tc_01_02_03_presence_of_a_placeholder_in_the_search_field(self, driver):\n        \"\"\"Check the \"Search\" field in the header contains the placeholder 'Search entire store here...'\"\"\"\n        page = HeaderPage(driver, MAIN_PAGE_URL)\n        page.open()\n>       assert page.check_search_field() == \"Search entire store here...\", \\\n            \"Text in the Placeholder field does not match or is missing\"\n\ntests/test_header.py:103: \n_ _ _ _ _ _ _ _ _ _ _ _ _ _ _ _ _ _ _ _ _ _ _ _ _ _ _ _ _ _ _ _ _ _ _ _ _ _ _ _ \npages/header_page.py:59: in check_search_field\n    return self.element_is_visible(self.header_locators.SEARCH_FIELD).get_attribute('placeholder')\npages/base_page.py:30: in element_is_visible\n    self.go_to_element(self.element_is_present(locator))\npages/base_page.py:51: in element_is_present\n    return wait(self.driver, timeout).until(EC.presence_of_element_located(locator))\n_ _ _ _ _ _ _ _ _ _ _ _ _ _ _ _ _ _ _ _ _ _ _ _ _ _ _ _ _ _ _ _ _ _ _ _ _ _ _ _ \n\nself = <selenium.webdriver.support.wait.WebDriverWait (session=\"4ae455932f4e23ee4040741d6d512e16\")>\nmethod = <function presence_of_element_located.<locals>._predicate at 0x7f09d8942d40>\nmessage = ''\n\n    def until(self, method, message: str = \"\"):\n        \"\"\"Calls the method provided with the driver as an argument until the \\\n        return value does not evaluate to ``False``.\n    \n        :param method: callable(WebDriver)\n        :param message: optional message for :exc:`TimeoutException`\n        :returns: the result of the last call to `method`\n        :raises: :exc:`selenium.common.exceptions.TimeoutException` if timeout occurs\n        \"\"\"\n        screen = None\n        stacktrace = None\n    \n        end_time = time.monotonic() + self._timeout\n        while True:\n            try:\n                value = method(self._driver)\n                if value:\n                    return value\n            except self._ignored_exceptions as exc:\n                screen = getattr(exc, \"screen\", None)\n                stacktrace = getattr(exc, \"stacktrace\", None)\n            time.sleep(self._poll)\n            if time.monotonic() > end_time:\n                break\n>       raise TimeoutException(message, screen, stacktrace)\nE       selenium.common.exceptions.TimeoutException: Message: \nE       Stacktrace:\nE       #0 0x55e95b990cba <unknown>\nE       #1 0x55e95b4058e0 <unknown>\nE       #2 0x55e95b457580 <unknown>\nE       #3 0x55e95b457771 <unknown>\nE       #4 0x55e95b4a5864 <unknown>\nE       #5 0x55e95b47d09d <unknown>\nE       #6 0x55e95b4a2c63 <unknown>\nE       #7 0x55e95b47ce43 <unknown>\nE       #8 0x55e95b4499a8 <unknown>\nE       #9 0x55e95b44a621 <unknown>\nE       #10 0x55e95b9548b8 <unknown>\nE       #11 0x55e95b9585e2 <unknown>\nE       #12 0x55e95b93b683 <unknown>\nE       #13 0x55e95b959135 <unknown>\nE       #14 0x55e95b92080f <unknown>\nE       #15 0x55e95b97d4c8 <unknown>\nE       #16 0x55e95b97d6a2 <unknown>\nE       #17 0x55e95b98fdc3 <unknown>\nE       #18 0x7f812449caa4 <unknown>\nE       #19 0x7f8124529c6c <unknown>\n\n/opt/hostedtoolcache/Python/3.11.13/x64/lib/python3.11/site-packages/selenium/webdriver/support/wait.py:95: TimeoutException","steps":[{"name":"Open a browser","time":{"start":1759023050858,"stop":1759023051063,"duration":205},"status":"passed","steps":[],"attachments":[],"parameters":[],"stepsCount":0,"shouldDisplayMessage":false,"attachmentsCount":0,"hasContent":false,"attachmentStep":false},{"name":"Check \"Search\" field contains the placeholder","time":{"start":1759023051063,"stop":1759023056166,"duration":5103},"status":"broken","statusMessage":"selenium.common.exceptions.TimeoutException: Message: \nStacktrace:\n#0 0x55e95b990cba <unknown>\n#1 0x55e95b4058e0 <unknown>\n#2 0x55e95b457580 <unknown>\n#3 0x55e95b457771 <unknown>\n#4 0x55e95b4a5864 <unknown>\n#5 0x55e95b47d09d <unknown>\n#6 0x55e95b4a2c63 <unknown>\n#7 0x55e95b47ce43 <unknown>\n#8 0x55e95b4499a8 <unknown>\n#9 0x55e95b44a621 <unknown>\n#10 0x55e95b9548b8 <unknown>\n#11 0x55e95b9585e2 <unknown>\n#12 0x55e95b93b683 <unknown>\n#13 0x55e95b959135 <unknown>\n#14 0x55e95b92080f <unknown>\n#15 0x55e95b97d4c8 <unknown>\n#16 0x55e95b97d6a2 <unknown>\n#17 0x55e95b98fdc3 <unknown>\n#18 0x7f812449caa4 <unknown>\n#19 0x7f8124529c6c <unknown>\n\n","statusTrace":"  File \"/opt/hostedtoolcache/Python/3.11.13/x64/lib/python3.11/site-packages/allure_commons/_allure.py\", line 192, in impl\n    return func(*a, **kw)\n           ^^^^^^^^^^^^^^\n  File \"/home/runner/work/luma_project/luma_project/pages/header_page.py\", line 59, in check_search_field\n    return self.element_is_visible(self.header_locators.SEARCH_FIELD).get_attribute('placeholder')\n           ^^^^^^^^^^^^^^^^^^^^^^^^^^^^^^^^^^^^^^^^^^^^^^^^^^^^^^^^^^\n  File \"/opt/hostedtoolcache/Python/3.11.13/x64/lib/python3.11/site-packages/allure_commons/_allure.py\", line 192, in impl\n    return func(*a, **kw)\n           ^^^^^^^^^^^^^^\n  File \"/home/runner/work/luma_project/luma_project/pages/base_page.py\", line 30, in element_is_visible\n    self.go_to_element(self.element_is_present(locator))\n                       ^^^^^^^^^^^^^^^^^^^^^^^^^^^^^^^^\n  File \"/opt/hostedtoolcache/Python/3.11.13/x64/lib/python3.11/site-packages/allure_commons/_allure.py\", line 192, in impl\n    return func(*a, **kw)\n           ^^^^^^^^^^^^^^\n  File \"/home/runner/work/luma_project/luma_project/pages/base_page.py\", line 51, in element_is_present\n    return wait(self.driver, timeout).until(EC.presence_of_element_located(locator))\n           ^^^^^^^^^^^^^^^^^^^^^^^^^^^^^^^^^^^^^^^^^^^^^^^^^^^^^^^^^^^^^^^^^^^^^^^^^\n  File \"/opt/hostedtoolcache/Python/3.11.13/x64/lib/python3.11/site-packages/selenium/webdriver/support/wait.py\", line 95, in until\n    raise TimeoutException(message, screen, stacktrace)\n","steps":[{"name":"Find a visible element","time":{"start":1759023051063,"stop":1759023056166,"duration":5103},"status":"broken","statusMessage":"selenium.common.exceptions.TimeoutException: Message: \nStacktrace:\n#0 0x55e95b990cba <unknown>\n#1 0x55e95b4058e0 <unknown>\n#2 0x55e95b457580 <unknown>\n#3 0x55e95b457771 <unknown>\n#4 0x55e95b4a5864 <unknown>\n#5 0x55e95b47d09d <unknown>\n#6 0x55e95b4a2c63 <unknown>\n#7 0x55e95b47ce43 <unknown>\n#8 0x55e95b4499a8 <unknown>\n#9 0x55e95b44a621 <unknown>\n#10 0x55e95b9548b8 <unknown>\n#11 0x55e95b9585e2 <unknown>\n#12 0x55e95b93b683 <unknown>\n#13 0x55e95b959135 <unknown>\n#14 0x55e95b92080f <unknown>\n#15 0x55e95b97d4c8 <unknown>\n#16 0x55e95b97d6a2 <unknown>\n#17 0x55e95b98fdc3 <unknown>\n#18 0x7f812449caa4 <unknown>\n#19 0x7f8124529c6c <unknown>\n\n","statusTrace":"  File \"/opt/hostedtoolcache/Python/3.11.13/x64/lib/python3.11/site-packages/allure_commons/_allure.py\", line 192, in impl\n    return func(*a, **kw)\n           ^^^^^^^^^^^^^^\n  File \"/home/runner/work/luma_project/luma_project/pages/base_page.py\", line 30, in element_is_visible\n    self.go_to_element(self.element_is_present(locator))\n                       ^^^^^^^^^^^^^^^^^^^^^^^^^^^^^^^^\n  File \"/opt/hostedtoolcache/Python/3.11.13/x64/lib/python3.11/site-packages/allure_commons/_allure.py\", line 192, in impl\n    return func(*a, **kw)\n           ^^^^^^^^^^^^^^\n  File \"/home/runner/work/luma_project/luma_project/pages/base_page.py\", line 51, in element_is_present\n    return wait(self.driver, timeout).until(EC.presence_of_element_located(locator))\n           ^^^^^^^^^^^^^^^^^^^^^^^^^^^^^^^^^^^^^^^^^^^^^^^^^^^^^^^^^^^^^^^^^^^^^^^^^\n  File \"/opt/hostedtoolcache/Python/3.11.13/x64/lib/python3.11/site-packages/selenium/webdriver/support/wait.py\", line 95, in until\n    raise TimeoutException(message, screen, stacktrace)\n","steps":[{"name":"Find a present element","time":{"start":1759023051063,"stop":1759023056166,"duration":5103},"status":"broken","statusMessage":"selenium.common.exceptions.TimeoutException: Message: \nStacktrace:\n#0 0x55e95b990cba <unknown>\n#1 0x55e95b4058e0 <unknown>\n#2 0x55e95b457580 <unknown>\n#3 0x55e95b457771 <unknown>\n#4 0x55e95b4a5864 <unknown>\n#5 0x55e95b47d09d <unknown>\n#6 0x55e95b4a2c63 <unknown>\n#7 0x55e95b47ce43 <unknown>\n#8 0x55e95b4499a8 <unknown>\n#9 0x55e95b44a621 <unknown>\n#10 0x55e95b9548b8 <unknown>\n#11 0x55e95b9585e2 <unknown>\n#12 0x55e95b93b683 <unknown>\n#13 0x55e95b959135 <unknown>\n#14 0x55e95b92080f <unknown>\n#15 0x55e95b97d4c8 <unknown>\n#16 0x55e95b97d6a2 <unknown>\n#17 0x55e95b98fdc3 <unknown>\n#18 0x7f812449caa4 <unknown>\n#19 0x7f8124529c6c <unknown>\n\n","statusTrace":"  File \"/opt/hostedtoolcache/Python/3.11.13/x64/lib/python3.11/site-packages/allure_commons/_allure.py\", line 192, in impl\n    return func(*a, **kw)\n           ^^^^^^^^^^^^^^\n  File \"/home/runner/work/luma_project/luma_project/pages/base_page.py\", line 51, in element_is_present\n    return wait(self.driver, timeout).until(EC.presence_of_element_located(locator))\n           ^^^^^^^^^^^^^^^^^^^^^^^^^^^^^^^^^^^^^^^^^^^^^^^^^^^^^^^^^^^^^^^^^^^^^^^^^\n  File \"/opt/hostedtoolcache/Python/3.11.13/x64/lib/python3.11/site-packages/selenium/webdriver/support/wait.py\", line 95, in until\n    raise TimeoutException(message, screen, stacktrace)\n","steps":[],"attachments":[],"parameters":[{"name":"locator","value":"('xpath', \"//input[@id='search']\")"},{"name":"timeout","value":"5"}],"stepsCount":0,"shouldDisplayMessage":true,"attachmentsCount":0,"hasContent":true,"attachmentStep":false}],"attachments":[],"parameters":[{"name":"locator","value":"('xpath', \"//input[@id='search']\")"},{"name":"timeout","value":"10"}],"stepsCount":1,"shouldDisplayMessage":false,"attachmentsCount":0,"hasContent":true,"attachmentStep":false}],"attachments":[],"parameters":[],"stepsCount":2,"shouldDisplayMessage":false,"attachmentsCount":0,"hasContent":true,"attachmentStep":false}],"attachments":[{"uid":"b737620cafcf3fe0","name":"Screenshot","source":"b737620cafcf3fe0.png","type":"image/png","size":23875},{"uid":"47292a5f7dcce853","name":"HTML source","source":"47292a5f7dcce853.html","type":"text/html","size":786}],"parameters":[],"stepsCount":4,"shouldDisplayMessage":true,"attachmentsCount":2,"hasContent":true,"attachmentStep":false},"afterStages":[{"name":"driver::0","time":{"start":1759023056238,"stop":1759023056298,"duration":60},"status":"passed","steps":[],"attachments":[],"parameters":[],"stepsCount":0,"shouldDisplayMessage":false,"attachmentsCount":0,"hasContent":false,"attachmentStep":false},{"name":"clear_allure_result_folder::0","time":{"start":1759024842449,"stop":1759024842449,"duration":0},"status":"passed","steps":[],"attachments":[],"parameters":[],"stepsCount":0,"shouldDisplayMessage":false,"attachmentsCount":0,"hasContent":false,"attachmentStep":false}],"labels":[{"name":"epic","value":"Test Header"},{"name":"parentSuite","value":"tests"},{"name":"suite","value":"test_header"},{"name":"subSuite","value":"TestHeader"},{"name":"host","value":"runnervm3ublj"},{"name":"thread","value":"2962-MainThread"},{"name":"framework","value":"pytest"},{"name":"language","value":"cpython3"},{"name":"package","value":"tests.test_header"},{"name":"resultFormat","value":"allure2"}],"parameters":[],"links":[],"hidden":false,"retry":false,"extra":{"severity":"normal","retries":[],"categories":[{"name":"Test defects","matchedStatuses":[],"flaky":false}],"tags":[]},"source":"5518fce94dcbc29a.json","parameterValues":[]}