{"uid":"76b08bdaa8f8d24e","name":"TC 17.01.05 Verify FYP Email field is appropriately labeled","fullName":"tests.test_forgot_your_password.TestForgotYourPassword#test_17_01_05_email_is_appropriately_labeled","historyId":"1cf445fd4b996056014fab7ab2cdf872","time":{"start":1759022915841,"stop":1759022920941,"duration":5100},"description":"Check if Email field is appropriately labeled ","descriptionHtml":"<p>Check if Email field is appropriately labeled</p>\n","status":"broken","statusMessage":"selenium.common.exceptions.TimeoutException: Message: \nStacktrace:\n#0 0x557072dc6cba <unknown>\n#1 0x55707283b8e0 <unknown>\n#2 0x55707288d580 <unknown>\n#3 0x55707288d771 <unknown>\n#4 0x5570728db864 <unknown>\n#5 0x5570728b309d <unknown>\n#6 0x5570728d8c63 <unknown>\n#7 0x5570728b2e43 <unknown>\n#8 0x55707287f9a8 <unknown>\n#9 0x557072880621 <unknown>\n#10 0x557072d8a8b8 <unknown>\n#11 0x557072d8e5e2 <unknown>\n#12 0x557072d71683 <unknown>\n#13 0x557072d8f135 <unknown>\n#14 0x557072d5680f <unknown>\n#15 0x557072db34c8 <unknown>\n#16 0x557072db36a2 <unknown>\n#17 0x557072dc5dc3 <unknown>\n#18 0x7f116d89caa4 <unknown>\n#19 0x7f116d929c6c <unknown>","statusTrace":"self = <test_forgot_your_password.TestForgotYourPassword object at 0x7f09d79f6b10>\ndriver = <selenium.webdriver.chrome.webdriver.WebDriver (session=\"7a1e5cd437a25e7b073c935d2cef1e6f\")>\nforgot_psw_page = <pages.forgot_your_password_page.ForgotYourPasswordPage object at 0x7f09d81ff150>\n\n    @allure.title('TC 17.01.05 Verify FYP Email field is appropriately labeled')\n    def test_17_01_05_email_is_appropriately_labeled(self, driver, forgot_psw_page):\n        \"\"\"Check if Email field is appropriately labeled \"\"\"\n>       label = forgot_psw_page.check_forgot_psw_email_label()\n\ntests/test_forgot_your_password.py:52: \n_ _ _ _ _ _ _ _ _ _ _ _ _ _ _ _ _ _ _ _ _ _ _ _ _ _ _ _ _ _ _ _ _ _ _ _ _ _ _ _ \npages/forgot_your_password_page.py:24: in check_forgot_psw_email_label\n    return self.element_is_visible(self.locators.EMAIL_LABEL)\npages/base_page.py:30: in element_is_visible\n    self.go_to_element(self.element_is_present(locator))\npages/base_page.py:51: in element_is_present\n    return wait(self.driver, timeout).until(EC.presence_of_element_located(locator))\n_ _ _ _ _ _ _ _ _ _ _ _ _ _ _ _ _ _ _ _ _ _ _ _ _ _ _ _ _ _ _ _ _ _ _ _ _ _ _ _ \n\nself = <selenium.webdriver.support.wait.WebDriverWait (session=\"7a1e5cd437a25e7b073c935d2cef1e6f\")>\nmethod = <function presence_of_element_located.<locals>._predicate at 0x7f09d8910360>\nmessage = ''\n\n    def until(self, method, message: str = \"\"):\n        \"\"\"Calls the method provided with the driver as an argument until the \\\n        return value does not evaluate to ``False``.\n    \n        :param method: callable(WebDriver)\n        :param message: optional message for :exc:`TimeoutException`\n        :returns: the result of the last call to `method`\n        :raises: :exc:`selenium.common.exceptions.TimeoutException` if timeout occurs\n        \"\"\"\n        screen = None\n        stacktrace = None\n    \n        end_time = time.monotonic() + self._timeout\n        while True:\n            try:\n                value = method(self._driver)\n                if value:\n                    return value\n            except self._ignored_exceptions as exc:\n                screen = getattr(exc, \"screen\", None)\n                stacktrace = getattr(exc, \"stacktrace\", None)\n            time.sleep(self._poll)\n            if time.monotonic() > end_time:\n                break\n>       raise TimeoutException(message, screen, stacktrace)\nE       selenium.common.exceptions.TimeoutException: Message: \nE       Stacktrace:\nE       #0 0x557072dc6cba <unknown>\nE       #1 0x55707283b8e0 <unknown>\nE       #2 0x55707288d580 <unknown>\nE       #3 0x55707288d771 <unknown>\nE       #4 0x5570728db864 <unknown>\nE       #5 0x5570728b309d <unknown>\nE       #6 0x5570728d8c63 <unknown>\nE       #7 0x5570728b2e43 <unknown>\nE       #8 0x55707287f9a8 <unknown>\nE       #9 0x557072880621 <unknown>\nE       #10 0x557072d8a8b8 <unknown>\nE       #11 0x557072d8e5e2 <unknown>\nE       #12 0x557072d71683 <unknown>\nE       #13 0x557072d8f135 <unknown>\nE       #14 0x557072d5680f <unknown>\nE       #15 0x557072db34c8 <unknown>\nE       #16 0x557072db36a2 <unknown>\nE       #17 0x557072dc5dc3 <unknown>\nE       #18 0x7f116d89caa4 <unknown>\nE       #19 0x7f116d929c6c <unknown>\n\n/opt/hostedtoolcache/Python/3.11.13/x64/lib/python3.11/site-packages/selenium/webdriver/support/wait.py:95: TimeoutException","flaky":false,"newFailed":false,"newBroken":false,"newPassed":false,"retriesCount":0,"retriesStatusChange":false,"beforeStages":[{"name":"_session_faker","time":{"start":1759022410492,"stop":1759022410553,"duration":61},"status":"passed","steps":[],"attachments":[],"parameters":[],"stepsCount":0,"shouldDisplayMessage":false,"attachmentsCount":0,"hasContent":false,"attachmentStep":false},{"name":"clear_allure_result_folder","time":{"start":1759022410553,"stop":1759022410553,"duration":0},"status":"passed","steps":[],"attachments":[],"parameters":[],"stepsCount":0,"shouldDisplayMessage":false,"attachmentsCount":0,"hasContent":false,"attachmentStep":false},{"name":"driver","time":{"start":1759022914363,"stop":1759022915597,"duration":1234},"status":"passed","steps":[],"attachments":[],"parameters":[],"stepsCount":0,"shouldDisplayMessage":false,"attachmentsCount":0,"hasContent":false,"attachmentStep":false},{"name":"forgot_psw_page","time":{"start":1759022915597,"stop":1759022915840,"duration":243},"status":"passed","steps":[{"name":"Open a browser","time":{"start":1759022915597,"stop":1759022915840,"duration":243},"status":"passed","steps":[],"attachments":[],"parameters":[],"stepsCount":0,"shouldDisplayMessage":false,"attachmentsCount":0,"hasContent":false,"attachmentStep":false}],"attachments":[],"parameters":[],"stepsCount":1,"shouldDisplayMessage":false,"attachmentsCount":0,"hasContent":true,"attachmentStep":false}],"testStage":{"description":"Check if Email field is appropriately labeled ","status":"broken","statusMessage":"selenium.common.exceptions.TimeoutException: Message: \nStacktrace:\n#0 0x557072dc6cba <unknown>\n#1 0x55707283b8e0 <unknown>\n#2 0x55707288d580 <unknown>\n#3 0x55707288d771 <unknown>\n#4 0x5570728db864 <unknown>\n#5 0x5570728b309d <unknown>\n#6 0x5570728d8c63 <unknown>\n#7 0x5570728b2e43 <unknown>\n#8 0x55707287f9a8 <unknown>\n#9 0x557072880621 <unknown>\n#10 0x557072d8a8b8 <unknown>\n#11 0x557072d8e5e2 <unknown>\n#12 0x557072d71683 <unknown>\n#13 0x557072d8f135 <unknown>\n#14 0x557072d5680f <unknown>\n#15 0x557072db34c8 <unknown>\n#16 0x557072db36a2 <unknown>\n#17 0x557072dc5dc3 <unknown>\n#18 0x7f116d89caa4 <unknown>\n#19 0x7f116d929c6c <unknown>","statusTrace":"self = <test_forgot_your_password.TestForgotYourPassword object at 0x7f09d79f6b10>\ndriver = <selenium.webdriver.chrome.webdriver.WebDriver (session=\"7a1e5cd437a25e7b073c935d2cef1e6f\")>\nforgot_psw_page = <pages.forgot_your_password_page.ForgotYourPasswordPage object at 0x7f09d81ff150>\n\n    @allure.title('TC 17.01.05 Verify FYP Email field is appropriately labeled')\n    def test_17_01_05_email_is_appropriately_labeled(self, driver, forgot_psw_page):\n        \"\"\"Check if Email field is appropriately labeled \"\"\"\n>       label = forgot_psw_page.check_forgot_psw_email_label()\n\ntests/test_forgot_your_password.py:52: \n_ _ _ _ _ _ _ _ _ _ _ _ _ _ _ _ _ _ _ _ _ _ _ _ _ _ _ _ _ _ _ _ _ _ _ _ _ _ _ _ \npages/forgot_your_password_page.py:24: in check_forgot_psw_email_label\n    return self.element_is_visible(self.locators.EMAIL_LABEL)\npages/base_page.py:30: in element_is_visible\n    self.go_to_element(self.element_is_present(locator))\npages/base_page.py:51: in element_is_present\n    return wait(self.driver, timeout).until(EC.presence_of_element_located(locator))\n_ _ _ _ _ _ _ _ _ _ _ _ _ _ _ _ _ _ _ _ _ _ _ _ _ _ _ _ _ _ _ _ _ _ _ _ _ _ _ _ \n\nself = <selenium.webdriver.support.wait.WebDriverWait (session=\"7a1e5cd437a25e7b073c935d2cef1e6f\")>\nmethod = <function presence_of_element_located.<locals>._predicate at 0x7f09d8910360>\nmessage = ''\n\n    def until(self, method, message: str = \"\"):\n        \"\"\"Calls the method provided with the driver as an argument until the \\\n        return value does not evaluate to ``False``.\n    \n        :param method: callable(WebDriver)\n        :param message: optional message for :exc:`TimeoutException`\n        :returns: the result of the last call to `method`\n        :raises: :exc:`selenium.common.exceptions.TimeoutException` if timeout occurs\n        \"\"\"\n        screen = None\n        stacktrace = None\n    \n        end_time = time.monotonic() + self._timeout\n        while True:\n            try:\n                value = method(self._driver)\n                if value:\n                    return value\n            except self._ignored_exceptions as exc:\n                screen = getattr(exc, \"screen\", None)\n                stacktrace = getattr(exc, \"stacktrace\", None)\n            time.sleep(self._poll)\n            if time.monotonic() > end_time:\n                break\n>       raise TimeoutException(message, screen, stacktrace)\nE       selenium.common.exceptions.TimeoutException: Message: \nE       Stacktrace:\nE       #0 0x557072dc6cba <unknown>\nE       #1 0x55707283b8e0 <unknown>\nE       #2 0x55707288d580 <unknown>\nE       #3 0x55707288d771 <unknown>\nE       #4 0x5570728db864 <unknown>\nE       #5 0x5570728b309d <unknown>\nE       #6 0x5570728d8c63 <unknown>\nE       #7 0x5570728b2e43 <unknown>\nE       #8 0x55707287f9a8 <unknown>\nE       #9 0x557072880621 <unknown>\nE       #10 0x557072d8a8b8 <unknown>\nE       #11 0x557072d8e5e2 <unknown>\nE       #12 0x557072d71683 <unknown>\nE       #13 0x557072d8f135 <unknown>\nE       #14 0x557072d5680f <unknown>\nE       #15 0x557072db34c8 <unknown>\nE       #16 0x557072db36a2 <unknown>\nE       #17 0x557072dc5dc3 <unknown>\nE       #18 0x7f116d89caa4 <unknown>\nE       #19 0x7f116d929c6c <unknown>\n\n/opt/hostedtoolcache/Python/3.11.13/x64/lib/python3.11/site-packages/selenium/webdriver/support/wait.py:95: TimeoutException","steps":[{"name":"Check FYP Email label is visible","time":{"start":1759022915841,"stop":1759022920941,"duration":5100},"status":"broken","statusMessage":"selenium.common.exceptions.TimeoutException: Message: \nStacktrace:\n#0 0x557072dc6cba <unknown>\n#1 0x55707283b8e0 <unknown>\n#2 0x55707288d580 <unknown>\n#3 0x55707288d771 <unknown>\n#4 0x5570728db864 <unknown>\n#5 0x5570728b309d <unknown>\n#6 0x5570728d8c63 <unknown>\n#7 0x5570728b2e43 <unknown>\n#8 0x55707287f9a8 <unknown>\n#9 0x557072880621 <unknown>\n#10 0x557072d8a8b8 <unknown>\n#11 0x557072d8e5e2 <unknown>\n#12 0x557072d71683 <unknown>\n#13 0x557072d8f135 <unknown>\n#14 0x557072d5680f <unknown>\n#15 0x557072db34c8 <unknown>\n#16 0x557072db36a2 <unknown>\n#17 0x557072dc5dc3 <unknown>\n#18 0x7f116d89caa4 <unknown>\n#19 0x7f116d929c6c <unknown>\n\n","statusTrace":"  File \"/opt/hostedtoolcache/Python/3.11.13/x64/lib/python3.11/site-packages/allure_commons/_allure.py\", line 192, in impl\n    return func(*a, **kw)\n           ^^^^^^^^^^^^^^\n  File \"/home/runner/work/luma_project/luma_project/pages/forgot_your_password_page.py\", line 24, in check_forgot_psw_email_label\n    return self.element_is_visible(self.locators.EMAIL_LABEL)\n           ^^^^^^^^^^^^^^^^^^^^^^^^^^^^^^^^^^^^^^^^^^^^^^^^^^\n  File \"/opt/hostedtoolcache/Python/3.11.13/x64/lib/python3.11/site-packages/allure_commons/_allure.py\", line 192, in impl\n    return func(*a, **kw)\n           ^^^^^^^^^^^^^^\n  File \"/home/runner/work/luma_project/luma_project/pages/base_page.py\", line 30, in element_is_visible\n    self.go_to_element(self.element_is_present(locator))\n                       ^^^^^^^^^^^^^^^^^^^^^^^^^^^^^^^^\n  File \"/opt/hostedtoolcache/Python/3.11.13/x64/lib/python3.11/site-packages/allure_commons/_allure.py\", line 192, in impl\n    return func(*a, **kw)\n           ^^^^^^^^^^^^^^\n  File \"/home/runner/work/luma_project/luma_project/pages/base_page.py\", line 51, in element_is_present\n    return wait(self.driver, timeout).until(EC.presence_of_element_located(locator))\n           ^^^^^^^^^^^^^^^^^^^^^^^^^^^^^^^^^^^^^^^^^^^^^^^^^^^^^^^^^^^^^^^^^^^^^^^^^\n  File \"/opt/hostedtoolcache/Python/3.11.13/x64/lib/python3.11/site-packages/selenium/webdriver/support/wait.py\", line 95, in until\n    raise TimeoutException(message, screen, stacktrace)\n","steps":[{"name":"Find a visible element","time":{"start":1759022915841,"stop":1759022920940,"duration":5099},"status":"broken","statusMessage":"selenium.common.exceptions.TimeoutException: Message: \nStacktrace:\n#0 0x557072dc6cba <unknown>\n#1 0x55707283b8e0 <unknown>\n#2 0x55707288d580 <unknown>\n#3 0x55707288d771 <unknown>\n#4 0x5570728db864 <unknown>\n#5 0x5570728b309d <unknown>\n#6 0x5570728d8c63 <unknown>\n#7 0x5570728b2e43 <unknown>\n#8 0x55707287f9a8 <unknown>\n#9 0x557072880621 <unknown>\n#10 0x557072d8a8b8 <unknown>\n#11 0x557072d8e5e2 <unknown>\n#12 0x557072d71683 <unknown>\n#13 0x557072d8f135 <unknown>\n#14 0x557072d5680f <unknown>\n#15 0x557072db34c8 <unknown>\n#16 0x557072db36a2 <unknown>\n#17 0x557072dc5dc3 <unknown>\n#18 0x7f116d89caa4 <unknown>\n#19 0x7f116d929c6c <unknown>\n\n","statusTrace":"  File \"/opt/hostedtoolcache/Python/3.11.13/x64/lib/python3.11/site-packages/allure_commons/_allure.py\", line 192, in impl\n    return func(*a, **kw)\n           ^^^^^^^^^^^^^^\n  File \"/home/runner/work/luma_project/luma_project/pages/base_page.py\", line 30, in element_is_visible\n    self.go_to_element(self.element_is_present(locator))\n                       ^^^^^^^^^^^^^^^^^^^^^^^^^^^^^^^^\n  File \"/opt/hostedtoolcache/Python/3.11.13/x64/lib/python3.11/site-packages/allure_commons/_allure.py\", line 192, in impl\n    return func(*a, **kw)\n           ^^^^^^^^^^^^^^\n  File \"/home/runner/work/luma_project/luma_project/pages/base_page.py\", line 51, in element_is_present\n    return wait(self.driver, timeout).until(EC.presence_of_element_located(locator))\n           ^^^^^^^^^^^^^^^^^^^^^^^^^^^^^^^^^^^^^^^^^^^^^^^^^^^^^^^^^^^^^^^^^^^^^^^^^\n  File \"/opt/hostedtoolcache/Python/3.11.13/x64/lib/python3.11/site-packages/selenium/webdriver/support/wait.py\", line 95, in until\n    raise TimeoutException(message, screen, stacktrace)\n","steps":[{"name":"Find a present element","time":{"start":1759022915841,"stop":1759022920940,"duration":5099},"status":"broken","statusMessage":"selenium.common.exceptions.TimeoutException: Message: \nStacktrace:\n#0 0x557072dc6cba <unknown>\n#1 0x55707283b8e0 <unknown>\n#2 0x55707288d580 <unknown>\n#3 0x55707288d771 <unknown>\n#4 0x5570728db864 <unknown>\n#5 0x5570728b309d <unknown>\n#6 0x5570728d8c63 <unknown>\n#7 0x5570728b2e43 <unknown>\n#8 0x55707287f9a8 <unknown>\n#9 0x557072880621 <unknown>\n#10 0x557072d8a8b8 <unknown>\n#11 0x557072d8e5e2 <unknown>\n#12 0x557072d71683 <unknown>\n#13 0x557072d8f135 <unknown>\n#14 0x557072d5680f <unknown>\n#15 0x557072db34c8 <unknown>\n#16 0x557072db36a2 <unknown>\n#17 0x557072dc5dc3 <unknown>\n#18 0x7f116d89caa4 <unknown>\n#19 0x7f116d929c6c <unknown>\n\n","statusTrace":"  File \"/opt/hostedtoolcache/Python/3.11.13/x64/lib/python3.11/site-packages/allure_commons/_allure.py\", line 192, in impl\n    return func(*a, **kw)\n           ^^^^^^^^^^^^^^\n  File \"/home/runner/work/luma_project/luma_project/pages/base_page.py\", line 51, in element_is_present\n    return wait(self.driver, timeout).until(EC.presence_of_element_located(locator))\n           ^^^^^^^^^^^^^^^^^^^^^^^^^^^^^^^^^^^^^^^^^^^^^^^^^^^^^^^^^^^^^^^^^^^^^^^^^\n  File \"/opt/hostedtoolcache/Python/3.11.13/x64/lib/python3.11/site-packages/selenium/webdriver/support/wait.py\", line 95, in until\n    raise TimeoutException(message, screen, stacktrace)\n","steps":[],"attachments":[],"parameters":[{"name":"locator","value":"('css selector', \"label[for='email_address'] span\")"},{"name":"timeout","value":"5"}],"stepsCount":0,"shouldDisplayMessage":true,"attachmentsCount":0,"hasContent":true,"attachmentStep":false}],"attachments":[],"parameters":[{"name":"locator","value":"('css selector', \"label[for='email_address'] span\")"},{"name":"timeout","value":"10"}],"stepsCount":1,"shouldDisplayMessage":false,"attachmentsCount":0,"hasContent":true,"attachmentStep":false}],"attachments":[],"parameters":[],"stepsCount":2,"shouldDisplayMessage":false,"attachmentsCount":0,"hasContent":true,"attachmentStep":false}],"attachments":[{"uid":"7f90def7b636d7ff","name":"Screenshot","source":"7f90def7b636d7ff.png","type":"image/png","size":23875},{"uid":"24b7d34561e57040","name":"HTML source","source":"24b7d34561e57040.html","type":"text/html","size":786}],"parameters":[],"stepsCount":3,"shouldDisplayMessage":true,"attachmentsCount":2,"hasContent":true,"attachmentStep":false},"afterStages":[{"name":"driver::0","time":{"start":1759022921002,"stop":1759022921062,"duration":60},"status":"passed","steps":[],"attachments":[],"parameters":[],"stepsCount":0,"shouldDisplayMessage":false,"attachmentsCount":0,"hasContent":false,"attachmentStep":false},{"name":"clear_allure_result_folder::0","time":{"start":1759024842449,"stop":1759024842449,"duration":0},"status":"passed","steps":[],"attachments":[],"parameters":[],"stepsCount":0,"shouldDisplayMessage":false,"attachmentsCount":0,"hasContent":false,"attachmentStep":false}],"labels":[{"name":"epic","value":"Forgot Your Password Page"},{"name":"parentSuite","value":"tests"},{"name":"suite","value":"test_forgot_your_password"},{"name":"subSuite","value":"TestForgotYourPassword"},{"name":"host","value":"runnervm3ublj"},{"name":"thread","value":"2962-MainThread"},{"name":"framework","value":"pytest"},{"name":"language","value":"cpython3"},{"name":"package","value":"tests.test_forgot_your_password"},{"name":"resultFormat","value":"allure2"}],"parameters":[],"links":[],"hidden":false,"retry":false,"extra":{"severity":"normal","retries":[],"categories":[{"name":"Test defects","matchedStatuses":[],"flaky":false}],"tags":[]},"source":"76b08bdaa8f8d24e.json","parameterValues":[]}