{"uid":"ff873c5163c9db61","name":"TC 03.01.12 Verify Password field highlighting on click","fullName":"tests.test_sign_in.TestRegisteredCustomers#test_03_01_12_password_field_gets_highlighted_when_clicked","historyId":"7069a6b826d83e694d0af88855470aab","time":{"start":1759024499033,"stop":1759024504133,"duration":5100},"description":"\n        Check the Password field is activated with a cursor and gets highlighted when clicked\n        ","descriptionHtml":"<pre><code>    Check the Password field is activated with a cursor and gets highlighted when clicked\n</code></pre>\n","status":"broken","statusMessage":"selenium.common.exceptions.TimeoutException: Message: \nStacktrace:\n#0 0x55f62df8acba <unknown>\n#1 0x55f62d9ff8e0 <unknown>\n#2 0x55f62da51580 <unknown>\n#3 0x55f62da51771 <unknown>\n#4 0x55f62da9f864 <unknown>\n#5 0x55f62da7709d <unknown>\n#6 0x55f62da9cc63 <unknown>\n#7 0x55f62da76e43 <unknown>\n#8 0x55f62da439a8 <unknown>\n#9 0x55f62da44621 <unknown>\n#10 0x55f62df4e8b8 <unknown>\n#11 0x55f62df525e2 <unknown>\n#12 0x55f62df35683 <unknown>\n#13 0x55f62df53135 <unknown>\n#14 0x55f62df1a80f <unknown>\n#15 0x55f62df774c8 <unknown>\n#16 0x55f62df776a2 <unknown>\n#17 0x55f62df89dc3 <unknown>\n#18 0x7faf2e89caa4 <unknown>\n#19 0x7faf2e929c6c <unknown>","statusTrace":"self = <test_sign_in.TestRegisteredCustomers object at 0x7f09d69bb210>\ndriver = <selenium.webdriver.chrome.webdriver.WebDriver (session=\"a27f9ae500377f814ce6bf3453d2220a\")>\nsign_in_page = <pages.sign_in_page.SignInPage object at 0x7f09d7d860d0>\n\n    @allure.title('TC 03.01.12 Verify Password field highlighting on click')\n    @allure.severity(allure.severity_level.MINOR)\n    def test_03_01_12_password_field_gets_highlighted_when_clicked(self, driver, sign_in_page):\n        \"\"\"\n        Check the Password field is activated with a cursor and gets highlighted when clicked\n        \"\"\"\n>       initial_psw_box_shadow, active_psw_box_shadow = sign_in_page.activate_password_field_and_check_style()\n\ntests/test_sign_in.py:122: \n_ _ _ _ _ _ _ _ _ _ _ _ _ _ _ _ _ _ _ _ _ _ _ _ _ _ _ _ _ _ _ _ _ _ _ _ _ _ _ _ \npages/sign_in_page.py:84: in activate_password_field_and_check_style\n    return self.activate_field_and_check_style(self.locators.CUSTOMER_PASSWORD)\npages/base_page.py:311: in activate_field_and_check_style\n    initial_box_shadow = self.check_element_hover_style(locator, 'box-shadow', 5)\npages/base_page.py:121: in check_element_hover_style\n    element = self.element_is_visible(locator)  # Get the WebElement using locator\npages/base_page.py:30: in element_is_visible\n    self.go_to_element(self.element_is_present(locator))\npages/base_page.py:51: in element_is_present\n    return wait(self.driver, timeout).until(EC.presence_of_element_located(locator))\n_ _ _ _ _ _ _ _ _ _ _ _ _ _ _ _ _ _ _ _ _ _ _ _ _ _ _ _ _ _ _ _ _ _ _ _ _ _ _ _ \n\nself = <selenium.webdriver.support.wait.WebDriverWait (session=\"a27f9ae500377f814ce6bf3453d2220a\")>\nmethod = <function presence_of_element_located.<locals>._predicate at 0x7f09d802f1a0>\nmessage = ''\n\n    def until(self, method, message: str = \"\"):\n        \"\"\"Calls the method provided with the driver as an argument until the \\\n        return value does not evaluate to ``False``.\n    \n        :param method: callable(WebDriver)\n        :param message: optional message for :exc:`TimeoutException`\n        :returns: the result of the last call to `method`\n        :raises: :exc:`selenium.common.exceptions.TimeoutException` if timeout occurs\n        \"\"\"\n        screen = None\n        stacktrace = None\n    \n        end_time = time.monotonic() + self._timeout\n        while True:\n            try:\n                value = method(self._driver)\n                if value:\n                    return value\n            except self._ignored_exceptions as exc:\n                screen = getattr(exc, \"screen\", None)\n                stacktrace = getattr(exc, \"stacktrace\", None)\n            time.sleep(self._poll)\n            if time.monotonic() > end_time:\n                break\n>       raise TimeoutException(message, screen, stacktrace)\nE       selenium.common.exceptions.TimeoutException: Message: \nE       Stacktrace:\nE       #0 0x55f62df8acba <unknown>\nE       #1 0x55f62d9ff8e0 <unknown>\nE       #2 0x55f62da51580 <unknown>\nE       #3 0x55f62da51771 <unknown>\nE       #4 0x55f62da9f864 <unknown>\nE       #5 0x55f62da7709d <unknown>\nE       #6 0x55f62da9cc63 <unknown>\nE       #7 0x55f62da76e43 <unknown>\nE       #8 0x55f62da439a8 <unknown>\nE       #9 0x55f62da44621 <unknown>\nE       #10 0x55f62df4e8b8 <unknown>\nE       #11 0x55f62df525e2 <unknown>\nE       #12 0x55f62df35683 <unknown>\nE       #13 0x55f62df53135 <unknown>\nE       #14 0x55f62df1a80f <unknown>\nE       #15 0x55f62df774c8 <unknown>\nE       #16 0x55f62df776a2 <unknown>\nE       #17 0x55f62df89dc3 <unknown>\nE       #18 0x7faf2e89caa4 <unknown>\nE       #19 0x7faf2e929c6c <unknown>\n\n/opt/hostedtoolcache/Python/3.11.13/x64/lib/python3.11/site-packages/selenium/webdriver/support/wait.py:95: TimeoutException","flaky":false,"newFailed":false,"newBroken":false,"newPassed":false,"retriesCount":0,"retriesStatusChange":false,"beforeStages":[{"name":"_session_faker","time":{"start":1759022410492,"stop":1759022410553,"duration":61},"status":"passed","steps":[],"attachments":[],"parameters":[],"stepsCount":0,"shouldDisplayMessage":false,"attachmentsCount":0,"hasContent":false,"attachmentStep":false},{"name":"clear_allure_result_folder","time":{"start":1759022410553,"stop":1759022410553,"duration":0},"status":"passed","steps":[],"attachments":[],"parameters":[],"stepsCount":0,"shouldDisplayMessage":false,"attachmentsCount":0,"hasContent":false,"attachmentStep":false},{"name":"driver","time":{"start":1759024497469,"stop":1759024498707,"duration":1238},"status":"passed","steps":[],"attachments":[],"parameters":[],"stepsCount":0,"shouldDisplayMessage":false,"attachmentsCount":0,"hasContent":false,"attachmentStep":false},{"name":"sign_in_page","time":{"start":1759024498707,"stop":1759024499032,"duration":325},"status":"passed","steps":[{"name":"Open a browser","time":{"start":1759024498707,"stop":1759024499032,"duration":325},"status":"passed","steps":[],"attachments":[],"parameters":[],"stepsCount":0,"shouldDisplayMessage":false,"attachmentsCount":0,"hasContent":false,"attachmentStep":false}],"attachments":[],"parameters":[],"stepsCount":1,"shouldDisplayMessage":false,"attachmentsCount":0,"hasContent":true,"attachmentStep":false}],"testStage":{"description":"\n        Check the Password field is activated with a cursor and gets highlighted when clicked\n        ","status":"broken","statusMessage":"selenium.common.exceptions.TimeoutException: Message: \nStacktrace:\n#0 0x55f62df8acba <unknown>\n#1 0x55f62d9ff8e0 <unknown>\n#2 0x55f62da51580 <unknown>\n#3 0x55f62da51771 <unknown>\n#4 0x55f62da9f864 <unknown>\n#5 0x55f62da7709d <unknown>\n#6 0x55f62da9cc63 <unknown>\n#7 0x55f62da76e43 <unknown>\n#8 0x55f62da439a8 <unknown>\n#9 0x55f62da44621 <unknown>\n#10 0x55f62df4e8b8 <unknown>\n#11 0x55f62df525e2 <unknown>\n#12 0x55f62df35683 <unknown>\n#13 0x55f62df53135 <unknown>\n#14 0x55f62df1a80f <unknown>\n#15 0x55f62df774c8 <unknown>\n#16 0x55f62df776a2 <unknown>\n#17 0x55f62df89dc3 <unknown>\n#18 0x7faf2e89caa4 <unknown>\n#19 0x7faf2e929c6c <unknown>","statusTrace":"self = <test_sign_in.TestRegisteredCustomers object at 0x7f09d69bb210>\ndriver = <selenium.webdriver.chrome.webdriver.WebDriver (session=\"a27f9ae500377f814ce6bf3453d2220a\")>\nsign_in_page = <pages.sign_in_page.SignInPage object at 0x7f09d7d860d0>\n\n    @allure.title('TC 03.01.12 Verify Password field highlighting on click')\n    @allure.severity(allure.severity_level.MINOR)\n    def test_03_01_12_password_field_gets_highlighted_when_clicked(self, driver, sign_in_page):\n        \"\"\"\n        Check the Password field is activated with a cursor and gets highlighted when clicked\n        \"\"\"\n>       initial_psw_box_shadow, active_psw_box_shadow = sign_in_page.activate_password_field_and_check_style()\n\ntests/test_sign_in.py:122: \n_ _ _ _ _ _ _ _ _ _ _ _ _ _ _ _ _ _ _ _ _ _ _ _ _ _ _ _ _ _ _ _ _ _ _ _ _ _ _ _ \npages/sign_in_page.py:84: in activate_password_field_and_check_style\n    return self.activate_field_and_check_style(self.locators.CUSTOMER_PASSWORD)\npages/base_page.py:311: in activate_field_and_check_style\n    initial_box_shadow = self.check_element_hover_style(locator, 'box-shadow', 5)\npages/base_page.py:121: in check_element_hover_style\n    element = self.element_is_visible(locator)  # Get the WebElement using locator\npages/base_page.py:30: in element_is_visible\n    self.go_to_element(self.element_is_present(locator))\npages/base_page.py:51: in element_is_present\n    return wait(self.driver, timeout).until(EC.presence_of_element_located(locator))\n_ _ _ _ _ _ _ _ _ _ _ _ _ _ _ _ _ _ _ _ _ _ _ _ _ _ _ _ _ _ _ _ _ _ _ _ _ _ _ _ \n\nself = <selenium.webdriver.support.wait.WebDriverWait (session=\"a27f9ae500377f814ce6bf3453d2220a\")>\nmethod = <function presence_of_element_located.<locals>._predicate at 0x7f09d802f1a0>\nmessage = ''\n\n    def until(self, method, message: str = \"\"):\n        \"\"\"Calls the method provided with the driver as an argument until the \\\n        return value does not evaluate to ``False``.\n    \n        :param method: callable(WebDriver)\n        :param message: optional message for :exc:`TimeoutException`\n        :returns: the result of the last call to `method`\n        :raises: :exc:`selenium.common.exceptions.TimeoutException` if timeout occurs\n        \"\"\"\n        screen = None\n        stacktrace = None\n    \n        end_time = time.monotonic() + self._timeout\n        while True:\n            try:\n                value = method(self._driver)\n                if value:\n                    return value\n            except self._ignored_exceptions as exc:\n                screen = getattr(exc, \"screen\", None)\n                stacktrace = getattr(exc, \"stacktrace\", None)\n            time.sleep(self._poll)\n            if time.monotonic() > end_time:\n                break\n>       raise TimeoutException(message, screen, stacktrace)\nE       selenium.common.exceptions.TimeoutException: Message: \nE       Stacktrace:\nE       #0 0x55f62df8acba <unknown>\nE       #1 0x55f62d9ff8e0 <unknown>\nE       #2 0x55f62da51580 <unknown>\nE       #3 0x55f62da51771 <unknown>\nE       #4 0x55f62da9f864 <unknown>\nE       #5 0x55f62da7709d <unknown>\nE       #6 0x55f62da9cc63 <unknown>\nE       #7 0x55f62da76e43 <unknown>\nE       #8 0x55f62da439a8 <unknown>\nE       #9 0x55f62da44621 <unknown>\nE       #10 0x55f62df4e8b8 <unknown>\nE       #11 0x55f62df525e2 <unknown>\nE       #12 0x55f62df35683 <unknown>\nE       #13 0x55f62df53135 <unknown>\nE       #14 0x55f62df1a80f <unknown>\nE       #15 0x55f62df774c8 <unknown>\nE       #16 0x55f62df776a2 <unknown>\nE       #17 0x55f62df89dc3 <unknown>\nE       #18 0x7faf2e89caa4 <unknown>\nE       #19 0x7faf2e929c6c <unknown>\n\n/opt/hostedtoolcache/Python/3.11.13/x64/lib/python3.11/site-packages/selenium/webdriver/support/wait.py:95: TimeoutException","steps":[{"name":"Activate Password field and check style","time":{"start":1759024499033,"stop":1759024504133,"duration":5100},"status":"broken","statusMessage":"selenium.common.exceptions.TimeoutException: Message: \nStacktrace:\n#0 0x55f62df8acba <unknown>\n#1 0x55f62d9ff8e0 <unknown>\n#2 0x55f62da51580 <unknown>\n#3 0x55f62da51771 <unknown>\n#4 0x55f62da9f864 <unknown>\n#5 0x55f62da7709d <unknown>\n#6 0x55f62da9cc63 <unknown>\n#7 0x55f62da76e43 <unknown>\n#8 0x55f62da439a8 <unknown>\n#9 0x55f62da44621 <unknown>\n#10 0x55f62df4e8b8 <unknown>\n#11 0x55f62df525e2 <unknown>\n#12 0x55f62df35683 <unknown>\n#13 0x55f62df53135 <unknown>\n#14 0x55f62df1a80f <unknown>\n#15 0x55f62df774c8 <unknown>\n#16 0x55f62df776a2 <unknown>\n#17 0x55f62df89dc3 <unknown>\n#18 0x7faf2e89caa4 <unknown>\n#19 0x7faf2e929c6c <unknown>\n\n","statusTrace":"  File \"/opt/hostedtoolcache/Python/3.11.13/x64/lib/python3.11/site-packages/allure_commons/_allure.py\", line 192, in impl\n    return func(*a, **kw)\n           ^^^^^^^^^^^^^^\n  File \"/home/runner/work/luma_project/luma_project/pages/sign_in_page.py\", line 84, in activate_password_field_and_check_style\n    return self.activate_field_and_check_style(self.locators.CUSTOMER_PASSWORD)\n           ^^^^^^^^^^^^^^^^^^^^^^^^^^^^^^^^^^^^^^^^^^^^^^^^^^^^^^^^^^^^^^^^^^^^\n  File \"/opt/hostedtoolcache/Python/3.11.13/x64/lib/python3.11/site-packages/allure_commons/_allure.py\", line 192, in impl\n    return func(*a, **kw)\n           ^^^^^^^^^^^^^^\n  File \"/home/runner/work/luma_project/luma_project/pages/base_page.py\", line 311, in activate_field_and_check_style\n    initial_box_shadow = self.check_element_hover_style(locator, 'box-shadow', 5)\n                         ^^^^^^^^^^^^^^^^^^^^^^^^^^^^^^^^^^^^^^^^^^^^^^^^^^^^^^^^\n  File \"/opt/hostedtoolcache/Python/3.11.13/x64/lib/python3.11/site-packages/allure_commons/_allure.py\", line 192, in impl\n    return func(*a, **kw)\n           ^^^^^^^^^^^^^^\n  File \"/home/runner/work/luma_project/luma_project/pages/base_page.py\", line 121, in check_element_hover_style\n    element = self.element_is_visible(locator)  # Get the WebElement using locator\n              ^^^^^^^^^^^^^^^^^^^^^^^^^^^^^^^^\n  File \"/opt/hostedtoolcache/Python/3.11.13/x64/lib/python3.11/site-packages/allure_commons/_allure.py\", line 192, in impl\n    return func(*a, **kw)\n           ^^^^^^^^^^^^^^\n  File \"/home/runner/work/luma_project/luma_project/pages/base_page.py\", line 30, in element_is_visible\n    self.go_to_element(self.element_is_present(locator))\n                       ^^^^^^^^^^^^^^^^^^^^^^^^^^^^^^^^\n  File \"/opt/hostedtoolcache/Python/3.11.13/x64/lib/python3.11/site-packages/allure_commons/_allure.py\", line 192, in impl\n    return func(*a, **kw)\n           ^^^^^^^^^^^^^^\n  File \"/home/runner/work/luma_project/luma_project/pages/base_page.py\", line 51, in element_is_present\n    return wait(self.driver, timeout).until(EC.presence_of_element_located(locator))\n           ^^^^^^^^^^^^^^^^^^^^^^^^^^^^^^^^^^^^^^^^^^^^^^^^^^^^^^^^^^^^^^^^^^^^^^^^^\n  File \"/opt/hostedtoolcache/Python/3.11.13/x64/lib/python3.11/site-packages/selenium/webdriver/support/wait.py\", line 95, in until\n    raise TimeoutException(message, screen, stacktrace)\n","steps":[{"name":"Activate the field and get the styles before and after activation","time":{"start":1759024499033,"stop":1759024504133,"duration":5100},"status":"broken","statusMessage":"selenium.common.exceptions.TimeoutException: Message: \nStacktrace:\n#0 0x55f62df8acba <unknown>\n#1 0x55f62d9ff8e0 <unknown>\n#2 0x55f62da51580 <unknown>\n#3 0x55f62da51771 <unknown>\n#4 0x55f62da9f864 <unknown>\n#5 0x55f62da7709d <unknown>\n#6 0x55f62da9cc63 <unknown>\n#7 0x55f62da76e43 <unknown>\n#8 0x55f62da439a8 <unknown>\n#9 0x55f62da44621 <unknown>\n#10 0x55f62df4e8b8 <unknown>\n#11 0x55f62df525e2 <unknown>\n#12 0x55f62df35683 <unknown>\n#13 0x55f62df53135 <unknown>\n#14 0x55f62df1a80f <unknown>\n#15 0x55f62df774c8 <unknown>\n#16 0x55f62df776a2 <unknown>\n#17 0x55f62df89dc3 <unknown>\n#18 0x7faf2e89caa4 <unknown>\n#19 0x7faf2e929c6c <unknown>\n\n","statusTrace":"  File \"/opt/hostedtoolcache/Python/3.11.13/x64/lib/python3.11/site-packages/allure_commons/_allure.py\", line 192, in impl\n    return func(*a, **kw)\n           ^^^^^^^^^^^^^^\n  File \"/home/runner/work/luma_project/luma_project/pages/base_page.py\", line 311, in activate_field_and_check_style\n    initial_box_shadow = self.check_element_hover_style(locator, 'box-shadow', 5)\n                         ^^^^^^^^^^^^^^^^^^^^^^^^^^^^^^^^^^^^^^^^^^^^^^^^^^^^^^^^\n  File \"/opt/hostedtoolcache/Python/3.11.13/x64/lib/python3.11/site-packages/allure_commons/_allure.py\", line 192, in impl\n    return func(*a, **kw)\n           ^^^^^^^^^^^^^^\n  File \"/home/runner/work/luma_project/luma_project/pages/base_page.py\", line 121, in check_element_hover_style\n    element = self.element_is_visible(locator)  # Get the WebElement using locator\n              ^^^^^^^^^^^^^^^^^^^^^^^^^^^^^^^^\n  File \"/opt/hostedtoolcache/Python/3.11.13/x64/lib/python3.11/site-packages/allure_commons/_allure.py\", line 192, in impl\n    return func(*a, **kw)\n           ^^^^^^^^^^^^^^\n  File \"/home/runner/work/luma_project/luma_project/pages/base_page.py\", line 30, in element_is_visible\n    self.go_to_element(self.element_is_present(locator))\n                       ^^^^^^^^^^^^^^^^^^^^^^^^^^^^^^^^\n  File \"/opt/hostedtoolcache/Python/3.11.13/x64/lib/python3.11/site-packages/allure_commons/_allure.py\", line 192, in impl\n    return func(*a, **kw)\n           ^^^^^^^^^^^^^^\n  File \"/home/runner/work/luma_project/luma_project/pages/base_page.py\", line 51, in element_is_present\n    return wait(self.driver, timeout).until(EC.presence_of_element_located(locator))\n           ^^^^^^^^^^^^^^^^^^^^^^^^^^^^^^^^^^^^^^^^^^^^^^^^^^^^^^^^^^^^^^^^^^^^^^^^^\n  File \"/opt/hostedtoolcache/Python/3.11.13/x64/lib/python3.11/site-packages/selenium/webdriver/support/wait.py\", line 95, in until\n    raise TimeoutException(message, screen, stacktrace)\n","steps":[{"name":"Check element hover style","time":{"start":1759024499033,"stop":1759024504132,"duration":5099},"status":"broken","statusMessage":"selenium.common.exceptions.TimeoutException: Message: \nStacktrace:\n#0 0x55f62df8acba <unknown>\n#1 0x55f62d9ff8e0 <unknown>\n#2 0x55f62da51580 <unknown>\n#3 0x55f62da51771 <unknown>\n#4 0x55f62da9f864 <unknown>\n#5 0x55f62da7709d <unknown>\n#6 0x55f62da9cc63 <unknown>\n#7 0x55f62da76e43 <unknown>\n#8 0x55f62da439a8 <unknown>\n#9 0x55f62da44621 <unknown>\n#10 0x55f62df4e8b8 <unknown>\n#11 0x55f62df525e2 <unknown>\n#12 0x55f62df35683 <unknown>\n#13 0x55f62df53135 <unknown>\n#14 0x55f62df1a80f <unknown>\n#15 0x55f62df774c8 <unknown>\n#16 0x55f62df776a2 <unknown>\n#17 0x55f62df89dc3 <unknown>\n#18 0x7faf2e89caa4 <unknown>\n#19 0x7faf2e929c6c <unknown>\n\n","statusTrace":"  File \"/opt/hostedtoolcache/Python/3.11.13/x64/lib/python3.11/site-packages/allure_commons/_allure.py\", line 192, in impl\n    return func(*a, **kw)\n           ^^^^^^^^^^^^^^\n  File \"/home/runner/work/luma_project/luma_project/pages/base_page.py\", line 121, in check_element_hover_style\n    element = self.element_is_visible(locator)  # Get the WebElement using locator\n              ^^^^^^^^^^^^^^^^^^^^^^^^^^^^^^^^\n  File \"/opt/hostedtoolcache/Python/3.11.13/x64/lib/python3.11/site-packages/allure_commons/_allure.py\", line 192, in impl\n    return func(*a, **kw)\n           ^^^^^^^^^^^^^^\n  File \"/home/runner/work/luma_project/luma_project/pages/base_page.py\", line 30, in element_is_visible\n    self.go_to_element(self.element_is_present(locator))\n                       ^^^^^^^^^^^^^^^^^^^^^^^^^^^^^^^^\n  File \"/opt/hostedtoolcache/Python/3.11.13/x64/lib/python3.11/site-packages/allure_commons/_allure.py\", line 192, in impl\n    return func(*a, **kw)\n           ^^^^^^^^^^^^^^\n  File \"/home/runner/work/luma_project/luma_project/pages/base_page.py\", line 51, in element_is_present\n    return wait(self.driver, timeout).until(EC.presence_of_element_located(locator))\n           ^^^^^^^^^^^^^^^^^^^^^^^^^^^^^^^^^^^^^^^^^^^^^^^^^^^^^^^^^^^^^^^^^^^^^^^^^\n  File \"/opt/hostedtoolcache/Python/3.11.13/x64/lib/python3.11/site-packages/selenium/webdriver/support/wait.py\", line 95, in until\n    raise TimeoutException(message, screen, stacktrace)\n","steps":[{"name":"Find a visible element","time":{"start":1759024499033,"stop":1759024504132,"duration":5099},"status":"broken","statusMessage":"selenium.common.exceptions.TimeoutException: Message: \nStacktrace:\n#0 0x55f62df8acba <unknown>\n#1 0x55f62d9ff8e0 <unknown>\n#2 0x55f62da51580 <unknown>\n#3 0x55f62da51771 <unknown>\n#4 0x55f62da9f864 <unknown>\n#5 0x55f62da7709d <unknown>\n#6 0x55f62da9cc63 <unknown>\n#7 0x55f62da76e43 <unknown>\n#8 0x55f62da439a8 <unknown>\n#9 0x55f62da44621 <unknown>\n#10 0x55f62df4e8b8 <unknown>\n#11 0x55f62df525e2 <unknown>\n#12 0x55f62df35683 <unknown>\n#13 0x55f62df53135 <unknown>\n#14 0x55f62df1a80f <unknown>\n#15 0x55f62df774c8 <unknown>\n#16 0x55f62df776a2 <unknown>\n#17 0x55f62df89dc3 <unknown>\n#18 0x7faf2e89caa4 <unknown>\n#19 0x7faf2e929c6c <unknown>\n\n","statusTrace":"  File \"/opt/hostedtoolcache/Python/3.11.13/x64/lib/python3.11/site-packages/allure_commons/_allure.py\", line 192, in impl\n    return func(*a, **kw)\n           ^^^^^^^^^^^^^^\n  File \"/home/runner/work/luma_project/luma_project/pages/base_page.py\", line 30, in element_is_visible\n    self.go_to_element(self.element_is_present(locator))\n                       ^^^^^^^^^^^^^^^^^^^^^^^^^^^^^^^^\n  File \"/opt/hostedtoolcache/Python/3.11.13/x64/lib/python3.11/site-packages/allure_commons/_allure.py\", line 192, in impl\n    return func(*a, **kw)\n           ^^^^^^^^^^^^^^\n  File \"/home/runner/work/luma_project/luma_project/pages/base_page.py\", line 51, in element_is_present\n    return wait(self.driver, timeout).until(EC.presence_of_element_located(locator))\n           ^^^^^^^^^^^^^^^^^^^^^^^^^^^^^^^^^^^^^^^^^^^^^^^^^^^^^^^^^^^^^^^^^^^^^^^^^\n  File \"/opt/hostedtoolcache/Python/3.11.13/x64/lib/python3.11/site-packages/selenium/webdriver/support/wait.py\", line 95, in until\n    raise TimeoutException(message, screen, stacktrace)\n","steps":[{"name":"Find a present element","time":{"start":1759024499033,"stop":1759024504132,"duration":5099},"status":"broken","statusMessage":"selenium.common.exceptions.TimeoutException: Message: \nStacktrace:\n#0 0x55f62df8acba <unknown>\n#1 0x55f62d9ff8e0 <unknown>\n#2 0x55f62da51580 <unknown>\n#3 0x55f62da51771 <unknown>\n#4 0x55f62da9f864 <unknown>\n#5 0x55f62da7709d <unknown>\n#6 0x55f62da9cc63 <unknown>\n#7 0x55f62da76e43 <unknown>\n#8 0x55f62da439a8 <unknown>\n#9 0x55f62da44621 <unknown>\n#10 0x55f62df4e8b8 <unknown>\n#11 0x55f62df525e2 <unknown>\n#12 0x55f62df35683 <unknown>\n#13 0x55f62df53135 <unknown>\n#14 0x55f62df1a80f <unknown>\n#15 0x55f62df774c8 <unknown>\n#16 0x55f62df776a2 <unknown>\n#17 0x55f62df89dc3 <unknown>\n#18 0x7faf2e89caa4 <unknown>\n#19 0x7faf2e929c6c <unknown>\n\n","statusTrace":"  File \"/opt/hostedtoolcache/Python/3.11.13/x64/lib/python3.11/site-packages/allure_commons/_allure.py\", line 192, in impl\n    return func(*a, **kw)\n           ^^^^^^^^^^^^^^\n  File \"/home/runner/work/luma_project/luma_project/pages/base_page.py\", line 51, in element_is_present\n    return wait(self.driver, timeout).until(EC.presence_of_element_located(locator))\n           ^^^^^^^^^^^^^^^^^^^^^^^^^^^^^^^^^^^^^^^^^^^^^^^^^^^^^^^^^^^^^^^^^^^^^^^^^\n  File \"/opt/hostedtoolcache/Python/3.11.13/x64/lib/python3.11/site-packages/selenium/webdriver/support/wait.py\", line 95, in until\n    raise TimeoutException(message, screen, stacktrace)\n","steps":[],"attachments":[],"parameters":[{"name":"locator","value":"('css selector', '#pass')"},{"name":"timeout","value":"5"}],"stepsCount":0,"shouldDisplayMessage":true,"attachmentsCount":0,"hasContent":true,"attachmentStep":false}],"attachments":[],"parameters":[{"name":"locator","value":"('css selector', '#pass')"},{"name":"timeout","value":"10"}],"stepsCount":1,"shouldDisplayMessage":false,"attachmentsCount":0,"hasContent":true,"attachmentStep":false}],"attachments":[],"parameters":[{"name":"locator","value":"('css selector', '#pass')"},{"name":"css_property","value":"'box-shadow'"},{"name":"seconds","value":"5"}],"stepsCount":2,"shouldDisplayMessage":false,"attachmentsCount":0,"hasContent":true,"attachmentStep":false}],"attachments":[],"parameters":[{"name":"locator","value":"('css selector', '#pass')"}],"stepsCount":3,"shouldDisplayMessage":false,"attachmentsCount":0,"hasContent":true,"attachmentStep":false}],"attachments":[],"parameters":[],"stepsCount":4,"shouldDisplayMessage":false,"attachmentsCount":0,"hasContent":true,"attachmentStep":false}],"attachments":[{"uid":"cfdf4fbe815f1887","name":"Screenshot","source":"cfdf4fbe815f1887.png","type":"image/png","size":23875},{"uid":"1b7126cd1f9f76d","name":"HTML source","source":"1b7126cd1f9f76d.html","type":"text/html","size":786}],"parameters":[],"stepsCount":5,"shouldDisplayMessage":true,"attachmentsCount":2,"hasContent":true,"attachmentStep":false},"afterStages":[{"name":"driver::0","time":{"start":1759024504217,"stop":1759024504277,"duration":60},"status":"passed","steps":[],"attachments":[],"parameters":[],"stepsCount":0,"shouldDisplayMessage":false,"attachmentsCount":0,"hasContent":false,"attachmentStep":false},{"name":"clear_allure_result_folder::0","time":{"start":1759024842449,"stop":1759024842449,"duration":0},"status":"passed","steps":[],"attachments":[],"parameters":[],"stepsCount":0,"shouldDisplayMessage":false,"attachmentsCount":0,"hasContent":false,"attachmentStep":false}],"labels":[{"name":"severity","value":"minor"},{"name":"feature","value":"Registered Customers"},{"name":"epic","value":"Sign In Page"},{"name":"parentSuite","value":"tests"},{"name":"suite","value":"test_sign_in"},{"name":"subSuite","value":"TestRegisteredCustomers"},{"name":"host","value":"runnervm3ublj"},{"name":"thread","value":"2962-MainThread"},{"name":"framework","value":"pytest"},{"name":"language","value":"cpython3"},{"name":"package","value":"tests.test_sign_in"},{"name":"resultFormat","value":"allure2"}],"parameters":[],"links":[],"hidden":false,"retry":false,"extra":{"severity":"minor","retries":[],"categories":[{"name":"Test defects","matchedStatuses":[],"flaky":false}],"tags":[]},"source":"ff873c5163c9db61.json","parameterValues":[]}