{"uid":"12a035442e3edc65","name":"TC 13.01.52 - Check if block 3 'home-erin' in section 2 is clickablein the Promo Block on the main page","fullName":"tests.test_main_page.TestPromoBlock#test_tc_13_01_52_check_section2_block3_clickability","historyId":"2dd6059093f3a778171c7c1f2bca6ca4","time":{"start":1747532287505,"stop":1747532294150,"duration":6645},"description":"This test checks if block 3 'home-erin' in section 2 in Promo Block under header is clickable","descriptionHtml":"<p>This test checks if block 3 'home-erin' in section 2 in Promo Block under header is clickable</p>\n","status":"broken","statusMessage":"selenium.common.exceptions.TimeoutException: Message: \nStacktrace:\n#0 0x55df91b5e78a <unknown>\n#1 0x55df916010a0 <unknown>\n#2 0x55df916529b0 <unknown>\n#3 0x55df91652ba1 <unknown>\n#4 0x55df916a0ea4 <unknown>\n#5 0x55df916783cd <unknown>\n#6 0x55df9169e2a0 <unknown>\n#7 0x55df91678173 <unknown>\n#8 0x55df91644d4b <unknown>\n#9 0x55df916459b1 <unknown>\n#10 0x55df91b2393b <unknown>\n#11 0x55df91b2783a <unknown>\n#12 0x55df91b0b692 <unknown>\n#13 0x55df91b283c4 <unknown>\n#14 0x55df91af04cf <unknown>\n#15 0x55df91b4c568 <unknown>\n#16 0x55df91b4c746 <unknown>\n#17 0x55df91b5d5f6 <unknown>\n#18 0x7eff7c49caa4 <unknown>\n#19 0x7eff7c529c3c <unknown>","statusTrace":"self = <test_main_page.TestMainPage.TestPromoBlock object at 0x7f8d128d68d0>\ndriver = <selenium.webdriver.chrome.webdriver.WebDriver (session=\"e71e45a15f1c5982b75498ca63dbfde7\")>\n\n    @allure.title(\"TC 13.01.52 - Check if block 3 'home-erin' in section 2 is clickable\"\n                  \"in the Promo Block on the main page\")\n    def test_tc_13_01_52_check_section2_block3_clickability(self, driver):\n        \"\"\"This test checks if block 3 'home-erin' in section 2 in Promo Block under header is clickable\"\"\"\n        page = PromoBlock(driver, MAIN_PAGE_URL)\n        page.open()\n>       section2_block3 = page.check_section2_block3_clickability()\n\ntests/test_main_page.py:663: \n_ _ _ _ _ _ _ _ _ _ _ _ _ _ _ _ _ _ _ _ _ _ _ _ _ _ _ _ _ _ _ _ _ _ _ _ _ _ _ _ \npages/main_page.py:340: in check_section2_block3_clickability\n    section2_block3 = self.element_is_clickable(self.locators.SECTION_2_BLOCK_3)\npages/base_page.py:81: in element_is_clickable\n    return wait(self.driver, timeout).until(EC.element_to_be_clickable(locator))\n_ _ _ _ _ _ _ _ _ _ _ _ _ _ _ _ _ _ _ _ _ _ _ _ _ _ _ _ _ _ _ _ _ _ _ _ _ _ _ _ \n\nself = <selenium.webdriver.support.wait.WebDriverWait (session=\"e71e45a15f1c5982b75498ca63dbfde7\")>\nmethod = <function element_to_be_clickable.<locals>._predicate at 0x7f8d12a57560>\nmessage = ''\n\n    def until(self, method, message: str = \"\"):\n        \"\"\"Calls the method provided with the driver as an argument until the \\\n        return value does not evaluate to ``False``.\n    \n        :param method: callable(WebDriver)\n        :param message: optional message for :exc:`TimeoutException`\n        :returns: the result of the last call to `method`\n        :raises: :exc:`selenium.common.exceptions.TimeoutException` if timeout occurs\n        \"\"\"\n        screen = None\n        stacktrace = None\n    \n        end_time = time.monotonic() + self._timeout\n        while True:\n            try:\n                value = method(self._driver)\n                if value:\n                    return value\n            except self._ignored_exceptions as exc:\n                screen = getattr(exc, \"screen\", None)\n                stacktrace = getattr(exc, \"stacktrace\", None)\n            time.sleep(self._poll)\n            if time.monotonic() > end_time:\n                break\n>       raise TimeoutException(message, screen, stacktrace)\nE       selenium.common.exceptions.TimeoutException: Message: \nE       Stacktrace:\nE       #0 0x55df91b5e78a <unknown>\nE       #1 0x55df916010a0 <unknown>\nE       #2 0x55df916529b0 <unknown>\nE       #3 0x55df91652ba1 <unknown>\nE       #4 0x55df916a0ea4 <unknown>\nE       #5 0x55df916783cd <unknown>\nE       #6 0x55df9169e2a0 <unknown>\nE       #7 0x55df91678173 <unknown>\nE       #8 0x55df91644d4b <unknown>\nE       #9 0x55df916459b1 <unknown>\nE       #10 0x55df91b2393b <unknown>\nE       #11 0x55df91b2783a <unknown>\nE       #12 0x55df91b0b692 <unknown>\nE       #13 0x55df91b283c4 <unknown>\nE       #14 0x55df91af04cf <unknown>\nE       #15 0x55df91b4c568 <unknown>\nE       #16 0x55df91b4c746 <unknown>\nE       #17 0x55df91b5d5f6 <unknown>\nE       #18 0x7eff7c49caa4 <unknown>\nE       #19 0x7eff7c529c3c <unknown>\n\n/opt/hostedtoolcache/Python/3.11.12/x64/lib/python3.11/site-packages/selenium/webdriver/support/wait.py:95: TimeoutException","flaky":false,"newFailed":false,"newBroken":false,"newPassed":false,"retriesCount":0,"retriesStatusChange":false,"beforeStages":[{"name":"_session_faker","time":{"start":1747531413016,"stop":1747531413077,"duration":61},"status":"passed","steps":[],"attachments":[],"parameters":[],"shouldDisplayMessage":false,"stepsCount":0,"attachmentsCount":0,"hasContent":false,"attachmentStep":false},{"name":"clear_allure_result_folder","time":{"start":1747531413077,"stop":1747531413077,"duration":0},"status":"passed","steps":[],"attachments":[],"parameters":[],"shouldDisplayMessage":false,"stepsCount":0,"attachmentsCount":0,"hasContent":false,"attachmentStep":false},{"name":"driver","time":{"start":1747532286228,"stop":1747532287504,"duration":1276},"status":"passed","steps":[],"attachments":[],"parameters":[],"shouldDisplayMessage":false,"stepsCount":0,"attachmentsCount":0,"hasContent":false,"attachmentStep":false}],"testStage":{"description":"This test checks if block 3 'home-erin' in section 2 in Promo Block under header is clickable","status":"broken","statusMessage":"selenium.common.exceptions.TimeoutException: Message: \nStacktrace:\n#0 0x55df91b5e78a <unknown>\n#1 0x55df916010a0 <unknown>\n#2 0x55df916529b0 <unknown>\n#3 0x55df91652ba1 <unknown>\n#4 0x55df916a0ea4 <unknown>\n#5 0x55df916783cd <unknown>\n#6 0x55df9169e2a0 <unknown>\n#7 0x55df91678173 <unknown>\n#8 0x55df91644d4b <unknown>\n#9 0x55df916459b1 <unknown>\n#10 0x55df91b2393b <unknown>\n#11 0x55df91b2783a <unknown>\n#12 0x55df91b0b692 <unknown>\n#13 0x55df91b283c4 <unknown>\n#14 0x55df91af04cf <unknown>\n#15 0x55df91b4c568 <unknown>\n#16 0x55df91b4c746 <unknown>\n#17 0x55df91b5d5f6 <unknown>\n#18 0x7eff7c49caa4 <unknown>\n#19 0x7eff7c529c3c <unknown>","statusTrace":"self = <test_main_page.TestMainPage.TestPromoBlock object at 0x7f8d128d68d0>\ndriver = <selenium.webdriver.chrome.webdriver.WebDriver (session=\"e71e45a15f1c5982b75498ca63dbfde7\")>\n\n    @allure.title(\"TC 13.01.52 - Check if block 3 'home-erin' in section 2 is clickable\"\n                  \"in the Promo Block on the main page\")\n    def test_tc_13_01_52_check_section2_block3_clickability(self, driver):\n        \"\"\"This test checks if block 3 'home-erin' in section 2 in Promo Block under header is clickable\"\"\"\n        page = PromoBlock(driver, MAIN_PAGE_URL)\n        page.open()\n>       section2_block3 = page.check_section2_block3_clickability()\n\ntests/test_main_page.py:663: \n_ _ _ _ _ _ _ _ _ _ _ _ _ _ _ _ _ _ _ _ _ _ _ _ _ _ _ _ _ _ _ _ _ _ _ _ _ _ _ _ \npages/main_page.py:340: in check_section2_block3_clickability\n    section2_block3 = self.element_is_clickable(self.locators.SECTION_2_BLOCK_3)\npages/base_page.py:81: in element_is_clickable\n    return wait(self.driver, timeout).until(EC.element_to_be_clickable(locator))\n_ _ _ _ _ _ _ _ _ _ _ _ _ _ _ _ _ _ _ _ _ _ _ _ _ _ _ _ _ _ _ _ _ _ _ _ _ _ _ _ \n\nself = <selenium.webdriver.support.wait.WebDriverWait (session=\"e71e45a15f1c5982b75498ca63dbfde7\")>\nmethod = <function element_to_be_clickable.<locals>._predicate at 0x7f8d12a57560>\nmessage = ''\n\n    def until(self, method, message: str = \"\"):\n        \"\"\"Calls the method provided with the driver as an argument until the \\\n        return value does not evaluate to ``False``.\n    \n        :param method: callable(WebDriver)\n        :param message: optional message for :exc:`TimeoutException`\n        :returns: the result of the last call to `method`\n        :raises: :exc:`selenium.common.exceptions.TimeoutException` if timeout occurs\n        \"\"\"\n        screen = None\n        stacktrace = None\n    \n        end_time = time.monotonic() + self._timeout\n        while True:\n            try:\n                value = method(self._driver)\n                if value:\n                    return value\n            except self._ignored_exceptions as exc:\n                screen = getattr(exc, \"screen\", None)\n                stacktrace = getattr(exc, \"stacktrace\", None)\n            time.sleep(self._poll)\n            if time.monotonic() > end_time:\n                break\n>       raise TimeoutException(message, screen, stacktrace)\nE       selenium.common.exceptions.TimeoutException: Message: \nE       Stacktrace:\nE       #0 0x55df91b5e78a <unknown>\nE       #1 0x55df916010a0 <unknown>\nE       #2 0x55df916529b0 <unknown>\nE       #3 0x55df91652ba1 <unknown>\nE       #4 0x55df916a0ea4 <unknown>\nE       #5 0x55df916783cd <unknown>\nE       #6 0x55df9169e2a0 <unknown>\nE       #7 0x55df91678173 <unknown>\nE       #8 0x55df91644d4b <unknown>\nE       #9 0x55df916459b1 <unknown>\nE       #10 0x55df91b2393b <unknown>\nE       #11 0x55df91b2783a <unknown>\nE       #12 0x55df91b0b692 <unknown>\nE       #13 0x55df91b283c4 <unknown>\nE       #14 0x55df91af04cf <unknown>\nE       #15 0x55df91b4c568 <unknown>\nE       #16 0x55df91b4c746 <unknown>\nE       #17 0x55df91b5d5f6 <unknown>\nE       #18 0x7eff7c49caa4 <unknown>\nE       #19 0x7eff7c529c3c <unknown>\n\n/opt/hostedtoolcache/Python/3.11.12/x64/lib/python3.11/site-packages/selenium/webdriver/support/wait.py:95: TimeoutException","steps":[{"name":"Open a browser","time":{"start":1747532287505,"stop":1747532288560,"duration":1055},"status":"passed","steps":[],"attachments":[],"parameters":[],"shouldDisplayMessage":false,"stepsCount":0,"attachmentsCount":0,"hasContent":false,"attachmentStep":false},{"name":"Check clickability of the block 3 'home-erin' in the section 2 in the Promo Block","time":{"start":1747532288560,"stop":1747532294149,"duration":5589},"status":"broken","statusMessage":"selenium.common.exceptions.TimeoutException: Message: \nStacktrace:\n#0 0x55df91b5e78a <unknown>\n#1 0x55df916010a0 <unknown>\n#2 0x55df916529b0 <unknown>\n#3 0x55df91652ba1 <unknown>\n#4 0x55df916a0ea4 <unknown>\n#5 0x55df916783cd <unknown>\n#6 0x55df9169e2a0 <unknown>\n#7 0x55df91678173 <unknown>\n#8 0x55df91644d4b <unknown>\n#9 0x55df916459b1 <unknown>\n#10 0x55df91b2393b <unknown>\n#11 0x55df91b2783a <unknown>\n#12 0x55df91b0b692 <unknown>\n#13 0x55df91b283c4 <unknown>\n#14 0x55df91af04cf <unknown>\n#15 0x55df91b4c568 <unknown>\n#16 0x55df91b4c746 <unknown>\n#17 0x55df91b5d5f6 <unknown>\n#18 0x7eff7c49caa4 <unknown>\n#19 0x7eff7c529c3c <unknown>\n\n","statusTrace":"  File \"/opt/hostedtoolcache/Python/3.11.12/x64/lib/python3.11/site-packages/allure_commons/_allure.py\", line 192, in impl\n    return func(*a, **kw)\n           ^^^^^^^^^^^^^^\n  File \"/home/runner/work/luma_project/luma_project/pages/main_page.py\", line 340, in check_section2_block3_clickability\n    section2_block3 = self.element_is_clickable(self.locators.SECTION_2_BLOCK_3)\n                      ^^^^^^^^^^^^^^^^^^^^^^^^^^^^^^^^^^^^^^^^^^^^^^^^^^^^^^^^^^\n  File \"/opt/hostedtoolcache/Python/3.11.12/x64/lib/python3.11/site-packages/allure_commons/_allure.py\", line 192, in impl\n    return func(*a, **kw)\n           ^^^^^^^^^^^^^^\n  File \"/home/runner/work/luma_project/luma_project/pages/base_page.py\", line 81, in element_is_clickable\n    return wait(self.driver, timeout).until(EC.element_to_be_clickable(locator))\n           ^^^^^^^^^^^^^^^^^^^^^^^^^^^^^^^^^^^^^^^^^^^^^^^^^^^^^^^^^^^^^^^^^^^^^\n  File \"/opt/hostedtoolcache/Python/3.11.12/x64/lib/python3.11/site-packages/selenium/webdriver/support/wait.py\", line 95, in until\n    raise TimeoutException(message, screen, stacktrace)\n","steps":[{"name":"Find clickable elements","time":{"start":1747532288560,"stop":1747532294149,"duration":5589},"status":"broken","statusMessage":"selenium.common.exceptions.TimeoutException: Message: \nStacktrace:\n#0 0x55df91b5e78a <unknown>\n#1 0x55df916010a0 <unknown>\n#2 0x55df916529b0 <unknown>\n#3 0x55df91652ba1 <unknown>\n#4 0x55df916a0ea4 <unknown>\n#5 0x55df916783cd <unknown>\n#6 0x55df9169e2a0 <unknown>\n#7 0x55df91678173 <unknown>\n#8 0x55df91644d4b <unknown>\n#9 0x55df916459b1 <unknown>\n#10 0x55df91b2393b <unknown>\n#11 0x55df91b2783a <unknown>\n#12 0x55df91b0b692 <unknown>\n#13 0x55df91b283c4 <unknown>\n#14 0x55df91af04cf <unknown>\n#15 0x55df91b4c568 <unknown>\n#16 0x55df91b4c746 <unknown>\n#17 0x55df91b5d5f6 <unknown>\n#18 0x7eff7c49caa4 <unknown>\n#19 0x7eff7c529c3c <unknown>\n\n","statusTrace":"  File \"/opt/hostedtoolcache/Python/3.11.12/x64/lib/python3.11/site-packages/allure_commons/_allure.py\", line 192, in impl\n    return func(*a, **kw)\n           ^^^^^^^^^^^^^^\n  File \"/home/runner/work/luma_project/luma_project/pages/base_page.py\", line 81, in element_is_clickable\n    return wait(self.driver, timeout).until(EC.element_to_be_clickable(locator))\n           ^^^^^^^^^^^^^^^^^^^^^^^^^^^^^^^^^^^^^^^^^^^^^^^^^^^^^^^^^^^^^^^^^^^^^\n  File \"/opt/hostedtoolcache/Python/3.11.12/x64/lib/python3.11/site-packages/selenium/webdriver/support/wait.py\", line 95, in until\n    raise TimeoutException(message, screen, stacktrace)\n","steps":[],"attachments":[],"parameters":[{"name":"locator","value":"('css selector', '.home-erin')"},{"name":"timeout","value":"5"}],"shouldDisplayMessage":true,"stepsCount":0,"attachmentsCount":0,"hasContent":true,"attachmentStep":false}],"attachments":[],"parameters":[],"shouldDisplayMessage":false,"stepsCount":1,"attachmentsCount":0,"hasContent":true,"attachmentStep":false}],"attachments":[{"uid":"890c4b2a93f4f8d1","name":"Screenshot","source":"890c4b2a93f4f8d1.png","type":"image/png","size":549119},{"uid":"279cba79e6ddc598","name":"HTML source","source":"279cba79e6ddc598.html","type":"text/html","size":144922}],"parameters":[],"shouldDisplayMessage":true,"stepsCount":3,"attachmentsCount":2,"hasContent":true,"attachmentStep":false},"afterStages":[{"name":"driver::0","time":{"start":1747532294662,"stop":1747532294763,"duration":101},"status":"passed","steps":[],"attachments":[],"parameters":[],"shouldDisplayMessage":false,"stepsCount":0,"attachmentsCount":0,"hasContent":false,"attachmentStep":false},{"name":"clear_allure_result_folder::0","time":{"start":1747532946467,"stop":1747532946467,"duration":0},"status":"passed","steps":[],"attachments":[],"parameters":[],"shouldDisplayMessage":false,"stepsCount":0,"attachmentsCount":0,"hasContent":false,"attachmentStep":false}],"labels":[{"name":"feature","value":"Promo Block Testing"},{"name":"epic","value":"Main Page"},{"name":"parentSuite","value":"tests"},{"name":"suite","value":"test_main_page"},{"name":"subSuite","value":"TestMainPage"},{"name":"host","value":"fv-az1921-371"},{"name":"thread","value":"2933-MainThread"},{"name":"framework","value":"pytest"},{"name":"language","value":"cpython3"},{"name":"package","value":"tests.test_main_page"},{"name":"resultFormat","value":"allure2"}],"parameters":[],"links":[],"hidden":false,"retry":false,"extra":{"severity":"normal","retries":[],"categories":[{"name":"Test defects","matchedStatuses":[],"flaky":false}],"tags":[]},"source":"12a035442e3edc65.json","parameterValues":[]}