{"uid":"9600a11633a2580c","name":"TC 13.02.03 - Check the link in section 2 block 2 'home-t-shirts' in the Promo Block leads to the correct page","fullName":"tests.test_main_page.TestPromoBlock#test_tc_13_02_03_check_section2_block2_link","historyId":"8276abc4c28a076413326f9f418f9d74","time":{"start":1745112881902,"stop":1745112889927,"duration":8025},"description":"Check that link in section 2 block 2 'home-t-shirts' is correct","descriptionHtml":"<p>Check that link in section 2 block 2 'home-t-shirts' is correct</p>\n","status":"broken","statusMessage":"selenium.common.exceptions.TimeoutException: Message: \nStacktrace:\n#0 0x55f294346d0a <unknown>\n#1 0x55f293df75f0 <unknown>\n#2 0x55f293e48a33 <unknown>\n#3 0x55f293e48c21 <unknown>\n#4 0x55f293e97274 <unknown>\n#5 0x55f293e6e68d <unknown>\n#6 0x55f293e94660 <unknown>\n#7 0x55f293e6e433 <unknown>\n#8 0x55f293e3aea3 <unknown>\n#9 0x55f293e3bb01 <unknown>\n#10 0x55f29430bb5b <unknown>\n#11 0x55f29430fa41 <unknown>\n#12 0x55f2942f2c52 <unknown>\n#13 0x55f2943105b4 <unknown>\n#14 0x55f2942d6f0f <unknown>\n#15 0x55f294334db8 <unknown>\n#16 0x55f294334f96 <unknown>\n#17 0x55f294345b56 <unknown>\n#18 0x7f2de2e9caa4 <unknown>\n#19 0x7f2de2f29c3c <unknown>","statusTrace":"self = <test_main_page.TestMainPage.TestPromoBlock object at 0x7fe5ff364590>\ndriver = <selenium.webdriver.chrome.webdriver.WebDriver (session=\"8f2cdc2915545d9fcf379f51fd21a17f\")>\n\n    @allure.title(\"TC 13.02.03 - Check the link in section 2 block 2 'home-t-shirts' in the Promo Block \"\n                  \"leads to the correct page\")\n    def test_tc_13_02_03_check_section2_block2_link(self, driver):\n        \"\"\"Check that link in section 2 block 2 'home-t-shirts' is correct\"\"\"\n        page = PromoBlock(driver, MAIN_PAGE_URL)\n        page.open()\n>       page.check_section2_block2_link()\n\ntests/test_main_page.py:712: \n_ _ _ _ _ _ _ _ _ _ _ _ _ _ _ _ _ _ _ _ _ _ _ _ _ _ _ _ _ _ _ _ _ _ _ _ _ _ _ _ \npages/main_page.py:386: in check_section2_block2_link\n    section2_block2 = self.element_is_visible(self.locators.SECTION_2_BLOCK_2)\npages/base_page.py:30: in element_is_visible\n    self.go_to_element(self.element_is_present(locator))\npages/base_page.py:51: in element_is_present\n    return wait(self.driver, timeout).until(EC.presence_of_element_located(locator))\n_ _ _ _ _ _ _ _ _ _ _ _ _ _ _ _ _ _ _ _ _ _ _ _ _ _ _ _ _ _ _ _ _ _ _ _ _ _ _ _ \n\nself = <selenium.webdriver.support.wait.WebDriverWait (session=\"8f2cdc2915545d9fcf379f51fd21a17f\")>\nmethod = <function presence_of_element_located.<locals>._predicate at 0x7fe600f42a20>\nmessage = ''\n\n    def until(self, method, message: str = \"\"):\n        \"\"\"Calls the method provided with the driver as an argument until the \\\n        return value does not evaluate to ``False``.\n    \n        :param method: callable(WebDriver)\n        :param message: optional message for :exc:`TimeoutException`\n        :returns: the result of the last call to `method`\n        :raises: :exc:`selenium.common.exceptions.TimeoutException` if timeout occurs\n        \"\"\"\n        screen = None\n        stacktrace = None\n    \n        end_time = time.monotonic() + self._timeout\n        while True:\n            try:\n                value = method(self._driver)\n                if value:\n                    return value\n            except self._ignored_exceptions as exc:\n                screen = getattr(exc, \"screen\", None)\n                stacktrace = getattr(exc, \"stacktrace\", None)\n            time.sleep(self._poll)\n            if time.monotonic() > end_time:\n                break\n>       raise TimeoutException(message, screen, stacktrace)\nE       selenium.common.exceptions.TimeoutException: Message: \nE       Stacktrace:\nE       #0 0x55f294346d0a <unknown>\nE       #1 0x55f293df75f0 <unknown>\nE       #2 0x55f293e48a33 <unknown>\nE       #3 0x55f293e48c21 <unknown>\nE       #4 0x55f293e97274 <unknown>\nE       #5 0x55f293e6e68d <unknown>\nE       #6 0x55f293e94660 <unknown>\nE       #7 0x55f293e6e433 <unknown>\nE       #8 0x55f293e3aea3 <unknown>\nE       #9 0x55f293e3bb01 <unknown>\nE       #10 0x55f29430bb5b <unknown>\nE       #11 0x55f29430fa41 <unknown>\nE       #12 0x55f2942f2c52 <unknown>\nE       #13 0x55f2943105b4 <unknown>\nE       #14 0x55f2942d6f0f <unknown>\nE       #15 0x55f294334db8 <unknown>\nE       #16 0x55f294334f96 <unknown>\nE       #17 0x55f294345b56 <unknown>\nE       #18 0x7f2de2e9caa4 <unknown>\nE       #19 0x7f2de2f29c3c <unknown>\n\n/opt/hostedtoolcache/Python/3.11.12/x64/lib/python3.11/site-packages/selenium/webdriver/support/wait.py:95: TimeoutException","flaky":false,"newFailed":false,"newBroken":false,"newPassed":false,"retriesCount":0,"retriesStatusChange":false,"beforeStages":[{"name":"_session_faker","time":{"start":1745111986504,"stop":1745111986567,"duration":63},"status":"passed","steps":[],"attachments":[],"parameters":[],"shouldDisplayMessage":false,"stepsCount":0,"attachmentsCount":0,"hasContent":false,"attachmentStep":false},{"name":"clear_allure_result_folder","time":{"start":1745111986567,"stop":1745111986567,"duration":0},"status":"passed","steps":[],"attachments":[],"parameters":[],"shouldDisplayMessage":false,"stepsCount":0,"attachmentsCount":0,"hasContent":false,"attachmentStep":false},{"name":"driver","time":{"start":1745112880699,"stop":1745112881902,"duration":1203},"status":"passed","steps":[],"attachments":[],"parameters":[],"shouldDisplayMessage":false,"stepsCount":0,"attachmentsCount":0,"hasContent":false,"attachmentStep":false}],"testStage":{"description":"Check that link in section 2 block 2 'home-t-shirts' is correct","status":"broken","statusMessage":"selenium.common.exceptions.TimeoutException: Message: \nStacktrace:\n#0 0x55f294346d0a <unknown>\n#1 0x55f293df75f0 <unknown>\n#2 0x55f293e48a33 <unknown>\n#3 0x55f293e48c21 <unknown>\n#4 0x55f293e97274 <unknown>\n#5 0x55f293e6e68d <unknown>\n#6 0x55f293e94660 <unknown>\n#7 0x55f293e6e433 <unknown>\n#8 0x55f293e3aea3 <unknown>\n#9 0x55f293e3bb01 <unknown>\n#10 0x55f29430bb5b <unknown>\n#11 0x55f29430fa41 <unknown>\n#12 0x55f2942f2c52 <unknown>\n#13 0x55f2943105b4 <unknown>\n#14 0x55f2942d6f0f <unknown>\n#15 0x55f294334db8 <unknown>\n#16 0x55f294334f96 <unknown>\n#17 0x55f294345b56 <unknown>\n#18 0x7f2de2e9caa4 <unknown>\n#19 0x7f2de2f29c3c <unknown>","statusTrace":"self = <test_main_page.TestMainPage.TestPromoBlock object at 0x7fe5ff364590>\ndriver = <selenium.webdriver.chrome.webdriver.WebDriver (session=\"8f2cdc2915545d9fcf379f51fd21a17f\")>\n\n    @allure.title(\"TC 13.02.03 - Check the link in section 2 block 2 'home-t-shirts' in the Promo Block \"\n                  \"leads to the correct page\")\n    def test_tc_13_02_03_check_section2_block2_link(self, driver):\n        \"\"\"Check that link in section 2 block 2 'home-t-shirts' is correct\"\"\"\n        page = PromoBlock(driver, MAIN_PAGE_URL)\n        page.open()\n>       page.check_section2_block2_link()\n\ntests/test_main_page.py:712: \n_ _ _ _ _ _ _ _ _ _ _ _ _ _ _ _ _ _ _ _ _ _ _ _ _ _ _ _ _ _ _ _ _ _ _ _ _ _ _ _ \npages/main_page.py:386: in check_section2_block2_link\n    section2_block2 = self.element_is_visible(self.locators.SECTION_2_BLOCK_2)\npages/base_page.py:30: in element_is_visible\n    self.go_to_element(self.element_is_present(locator))\npages/base_page.py:51: in element_is_present\n    return wait(self.driver, timeout).until(EC.presence_of_element_located(locator))\n_ _ _ _ _ _ _ _ _ _ _ _ _ _ _ _ _ _ _ _ _ _ _ _ _ _ _ _ _ _ _ _ _ _ _ _ _ _ _ _ \n\nself = <selenium.webdriver.support.wait.WebDriverWait (session=\"8f2cdc2915545d9fcf379f51fd21a17f\")>\nmethod = <function presence_of_element_located.<locals>._predicate at 0x7fe600f42a20>\nmessage = ''\n\n    def until(self, method, message: str = \"\"):\n        \"\"\"Calls the method provided with the driver as an argument until the \\\n        return value does not evaluate to ``False``.\n    \n        :param method: callable(WebDriver)\n        :param message: optional message for :exc:`TimeoutException`\n        :returns: the result of the last call to `method`\n        :raises: :exc:`selenium.common.exceptions.TimeoutException` if timeout occurs\n        \"\"\"\n        screen = None\n        stacktrace = None\n    \n        end_time = time.monotonic() + self._timeout\n        while True:\n            try:\n                value = method(self._driver)\n                if value:\n                    return value\n            except self._ignored_exceptions as exc:\n                screen = getattr(exc, \"screen\", None)\n                stacktrace = getattr(exc, \"stacktrace\", None)\n            time.sleep(self._poll)\n            if time.monotonic() > end_time:\n                break\n>       raise TimeoutException(message, screen, stacktrace)\nE       selenium.common.exceptions.TimeoutException: Message: \nE       Stacktrace:\nE       #0 0x55f294346d0a <unknown>\nE       #1 0x55f293df75f0 <unknown>\nE       #2 0x55f293e48a33 <unknown>\nE       #3 0x55f293e48c21 <unknown>\nE       #4 0x55f293e97274 <unknown>\nE       #5 0x55f293e6e68d <unknown>\nE       #6 0x55f293e94660 <unknown>\nE       #7 0x55f293e6e433 <unknown>\nE       #8 0x55f293e3aea3 <unknown>\nE       #9 0x55f293e3bb01 <unknown>\nE       #10 0x55f29430bb5b <unknown>\nE       #11 0x55f29430fa41 <unknown>\nE       #12 0x55f2942f2c52 <unknown>\nE       #13 0x55f2943105b4 <unknown>\nE       #14 0x55f2942d6f0f <unknown>\nE       #15 0x55f294334db8 <unknown>\nE       #16 0x55f294334f96 <unknown>\nE       #17 0x55f294345b56 <unknown>\nE       #18 0x7f2de2e9caa4 <unknown>\nE       #19 0x7f2de2f29c3c <unknown>\n\n/opt/hostedtoolcache/Python/3.11.12/x64/lib/python3.11/site-packages/selenium/webdriver/support/wait.py:95: TimeoutException","steps":[{"name":"Open a browser","time":{"start":1745112881902,"stop":1745112883268,"duration":1366},"status":"passed","steps":[],"attachments":[],"parameters":[],"shouldDisplayMessage":false,"stepsCount":0,"attachmentsCount":0,"hasContent":false,"attachmentStep":false},{"name":"Check the link in section 2 block 2 'home-t-shirts' in the Promo Block leads to the correct page","time":{"start":1745112883268,"stop":1745112889927,"duration":6659},"status":"broken","statusMessage":"selenium.common.exceptions.TimeoutException: Message: \nStacktrace:\n#0 0x55f294346d0a <unknown>\n#1 0x55f293df75f0 <unknown>\n#2 0x55f293e48a33 <unknown>\n#3 0x55f293e48c21 <unknown>\n#4 0x55f293e97274 <unknown>\n#5 0x55f293e6e68d <unknown>\n#6 0x55f293e94660 <unknown>\n#7 0x55f293e6e433 <unknown>\n#8 0x55f293e3aea3 <unknown>\n#9 0x55f293e3bb01 <unknown>\n#10 0x55f29430bb5b <unknown>\n#11 0x55f29430fa41 <unknown>\n#12 0x55f2942f2c52 <unknown>\n#13 0x55f2943105b4 <unknown>\n#14 0x55f2942d6f0f <unknown>\n#15 0x55f294334db8 <unknown>\n#16 0x55f294334f96 <unknown>\n#17 0x55f294345b56 <unknown>\n#18 0x7f2de2e9caa4 <unknown>\n#19 0x7f2de2f29c3c <unknown>\n\n","statusTrace":"  File \"/opt/hostedtoolcache/Python/3.11.12/x64/lib/python3.11/site-packages/allure_commons/_allure.py\", line 192, in impl\n    return func(*a, **kw)\n           ^^^^^^^^^^^^^^\n  File \"/home/runner/work/luma_project/luma_project/pages/main_page.py\", line 386, in check_section2_block2_link\n    section2_block2 = self.element_is_visible(self.locators.SECTION_2_BLOCK_2)\n                      ^^^^^^^^^^^^^^^^^^^^^^^^^^^^^^^^^^^^^^^^^^^^^^^^^^^^^^^^\n  File \"/opt/hostedtoolcache/Python/3.11.12/x64/lib/python3.11/site-packages/allure_commons/_allure.py\", line 192, in impl\n    return func(*a, **kw)\n           ^^^^^^^^^^^^^^\n  File \"/home/runner/work/luma_project/luma_project/pages/base_page.py\", line 30, in element_is_visible\n    self.go_to_element(self.element_is_present(locator))\n                       ^^^^^^^^^^^^^^^^^^^^^^^^^^^^^^^^\n  File \"/opt/hostedtoolcache/Python/3.11.12/x64/lib/python3.11/site-packages/allure_commons/_allure.py\", line 192, in impl\n    return func(*a, **kw)\n           ^^^^^^^^^^^^^^\n  File \"/home/runner/work/luma_project/luma_project/pages/base_page.py\", line 51, in element_is_present\n    return wait(self.driver, timeout).until(EC.presence_of_element_located(locator))\n           ^^^^^^^^^^^^^^^^^^^^^^^^^^^^^^^^^^^^^^^^^^^^^^^^^^^^^^^^^^^^^^^^^^^^^^^^^\n  File \"/opt/hostedtoolcache/Python/3.11.12/x64/lib/python3.11/site-packages/selenium/webdriver/support/wait.py\", line 95, in until\n    raise TimeoutException(message, screen, stacktrace)\n","steps":[{"name":"Find a visible element","time":{"start":1745112883268,"stop":1745112889926,"duration":6658},"status":"broken","statusMessage":"selenium.common.exceptions.TimeoutException: Message: \nStacktrace:\n#0 0x55f294346d0a <unknown>\n#1 0x55f293df75f0 <unknown>\n#2 0x55f293e48a33 <unknown>\n#3 0x55f293e48c21 <unknown>\n#4 0x55f293e97274 <unknown>\n#5 0x55f293e6e68d <unknown>\n#6 0x55f293e94660 <unknown>\n#7 0x55f293e6e433 <unknown>\n#8 0x55f293e3aea3 <unknown>\n#9 0x55f293e3bb01 <unknown>\n#10 0x55f29430bb5b <unknown>\n#11 0x55f29430fa41 <unknown>\n#12 0x55f2942f2c52 <unknown>\n#13 0x55f2943105b4 <unknown>\n#14 0x55f2942d6f0f <unknown>\n#15 0x55f294334db8 <unknown>\n#16 0x55f294334f96 <unknown>\n#17 0x55f294345b56 <unknown>\n#18 0x7f2de2e9caa4 <unknown>\n#19 0x7f2de2f29c3c <unknown>\n\n","statusTrace":"  File \"/opt/hostedtoolcache/Python/3.11.12/x64/lib/python3.11/site-packages/allure_commons/_allure.py\", line 192, in impl\n    return func(*a, **kw)\n           ^^^^^^^^^^^^^^\n  File \"/home/runner/work/luma_project/luma_project/pages/base_page.py\", line 30, in element_is_visible\n    self.go_to_element(self.element_is_present(locator))\n                       ^^^^^^^^^^^^^^^^^^^^^^^^^^^^^^^^\n  File \"/opt/hostedtoolcache/Python/3.11.12/x64/lib/python3.11/site-packages/allure_commons/_allure.py\", line 192, in impl\n    return func(*a, **kw)\n           ^^^^^^^^^^^^^^\n  File \"/home/runner/work/luma_project/luma_project/pages/base_page.py\", line 51, in element_is_present\n    return wait(self.driver, timeout).until(EC.presence_of_element_located(locator))\n           ^^^^^^^^^^^^^^^^^^^^^^^^^^^^^^^^^^^^^^^^^^^^^^^^^^^^^^^^^^^^^^^^^^^^^^^^^\n  File \"/opt/hostedtoolcache/Python/3.11.12/x64/lib/python3.11/site-packages/selenium/webdriver/support/wait.py\", line 95, in until\n    raise TimeoutException(message, screen, stacktrace)\n","steps":[{"name":"Find a present element","time":{"start":1745112883268,"stop":1745112889926,"duration":6658},"status":"broken","statusMessage":"selenium.common.exceptions.TimeoutException: Message: \nStacktrace:\n#0 0x55f294346d0a <unknown>\n#1 0x55f293df75f0 <unknown>\n#2 0x55f293e48a33 <unknown>\n#3 0x55f293e48c21 <unknown>\n#4 0x55f293e97274 <unknown>\n#5 0x55f293e6e68d <unknown>\n#6 0x55f293e94660 <unknown>\n#7 0x55f293e6e433 <unknown>\n#8 0x55f293e3aea3 <unknown>\n#9 0x55f293e3bb01 <unknown>\n#10 0x55f29430bb5b <unknown>\n#11 0x55f29430fa41 <unknown>\n#12 0x55f2942f2c52 <unknown>\n#13 0x55f2943105b4 <unknown>\n#14 0x55f2942d6f0f <unknown>\n#15 0x55f294334db8 <unknown>\n#16 0x55f294334f96 <unknown>\n#17 0x55f294345b56 <unknown>\n#18 0x7f2de2e9caa4 <unknown>\n#19 0x7f2de2f29c3c <unknown>\n\n","statusTrace":"  File \"/opt/hostedtoolcache/Python/3.11.12/x64/lib/python3.11/site-packages/allure_commons/_allure.py\", line 192, in impl\n    return func(*a, **kw)\n           ^^^^^^^^^^^^^^\n  File \"/home/runner/work/luma_project/luma_project/pages/base_page.py\", line 51, in element_is_present\n    return wait(self.driver, timeout).until(EC.presence_of_element_located(locator))\n           ^^^^^^^^^^^^^^^^^^^^^^^^^^^^^^^^^^^^^^^^^^^^^^^^^^^^^^^^^^^^^^^^^^^^^^^^^\n  File \"/opt/hostedtoolcache/Python/3.11.12/x64/lib/python3.11/site-packages/selenium/webdriver/support/wait.py\", line 95, in until\n    raise TimeoutException(message, screen, stacktrace)\n","steps":[],"attachments":[],"parameters":[{"name":"locator","value":"('css selector', '.home-t-shirts')"},{"name":"timeout","value":"5"}],"shouldDisplayMessage":true,"stepsCount":0,"attachmentsCount":0,"hasContent":true,"attachmentStep":false}],"attachments":[],"parameters":[{"name":"locator","value":"('css selector', '.home-t-shirts')"},{"name":"timeout","value":"10"}],"shouldDisplayMessage":false,"stepsCount":1,"attachmentsCount":0,"hasContent":true,"attachmentStep":false}],"attachments":[],"parameters":[],"shouldDisplayMessage":false,"stepsCount":2,"attachmentsCount":0,"hasContent":true,"attachmentStep":false}],"attachments":[{"uid":"25ae69ee86dae7a3","name":"Screenshot","source":"25ae69ee86dae7a3.png","type":"image/png","size":549116},{"uid":"c4986ca9b2a79a0d","name":"HTML source","source":"c4986ca9b2a79a0d.html","type":"text/html","size":146522}],"parameters":[],"shouldDisplayMessage":true,"stepsCount":4,"attachmentsCount":2,"hasContent":true,"attachmentStep":false},"afterStages":[{"name":"driver::0","time":{"start":1745112890293,"stop":1745112890446,"duration":153},"status":"passed","steps":[],"attachments":[],"parameters":[],"shouldDisplayMessage":false,"stepsCount":0,"attachmentsCount":0,"hasContent":false,"attachmentStep":false},{"name":"clear_allure_result_folder::0","time":{"start":1745113484607,"stop":1745113484607,"duration":0},"status":"passed","steps":[],"attachments":[],"parameters":[],"shouldDisplayMessage":false,"stepsCount":0,"attachmentsCount":0,"hasContent":false,"attachmentStep":false}],"labels":[{"name":"epic","value":"Main Page"},{"name":"feature","value":"Promo Block Testing"},{"name":"parentSuite","value":"tests"},{"name":"suite","value":"test_main_page"},{"name":"subSuite","value":"TestMainPage"},{"name":"host","value":"fv-az1712-93"},{"name":"thread","value":"2802-MainThread"},{"name":"framework","value":"pytest"},{"name":"language","value":"cpython3"},{"name":"package","value":"tests.test_main_page"},{"name":"resultFormat","value":"allure2"}],"parameters":[],"links":[],"hidden":false,"retry":false,"extra":{"severity":"normal","retries":[],"categories":[{"name":"Test defects","matchedStatuses":[],"flaky":false}],"tags":[]},"source":"9600a11633a2580c.json","parameterValues":[]}