{"uid":"fb4cf59717db2d0f","name":"TC 13.01.36 - Check the display of the image in block 5 'home-eco' in the Promo Block","fullName":"tests.test_main_page.TestPromoBlock#test_tc_13_01_36_check_image_in_section2_block5_01","historyId":"f8943e32d6d9cecd9606f1365f9b9a1f","time":{"start":1748742844028,"stop":1748742850786,"duration":6758},"description":"This test checks if the image in section 2 block 5 'home-eco' is correct\n            in the Promo Block under header on the main page","descriptionHtml":"<p>This test checks if the image in section 2 block 5 'home-eco' is correct<br />\nin the Promo Block under header on the main page</p>\n","status":"broken","statusMessage":"selenium.common.exceptions.TimeoutException: Message: \nStacktrace:\n#0 0x563cb444c71a <unknown>\n#1 0x563cb3eef0a0 <unknown>\n#2 0x563cb3f409b0 <unknown>\n#3 0x563cb3f40ba1 <unknown>\n#4 0x563cb3f8eea4 <unknown>\n#5 0x563cb3f663cd <unknown>\n#6 0x563cb3f8c2a0 <unknown>\n#7 0x563cb3f66173 <unknown>\n#8 0x563cb3f32d4b <unknown>\n#9 0x563cb3f339b1 <unknown>\n#10 0x563cb44118cb <unknown>\n#11 0x563cb44157ca <unknown>\n#12 0x563cb43f9622 <unknown>\n#13 0x563cb4416354 <unknown>\n#14 0x563cb43de45f <unknown>\n#15 0x563cb443a4f8 <unknown>\n#16 0x563cb443a6d6 <unknown>\n#17 0x563cb444b586 <unknown>\n#18 0x7f9dd609caa4 <unknown>\n#19 0x7f9dd6129c3c <unknown>","statusTrace":"self = <test_main_page.TestMainPage.TestPromoBlock object at 0x7f82c9e7c910>\ndriver = <selenium.webdriver.chrome.webdriver.WebDriver (session=\"d46acb0cd663b28a8f171e0be886d127\")>\n\n    @allure.title(\"TC 13.01.36 - Check the display of the image in block 5 'home-eco' in the Promo Block\")\n    def test_tc_13_01_36_check_image_in_section2_block5_01(self, driver):\n        \"\"\"This test checks if the image in section 2 block 5 'home-eco' is correct\n        in the Promo Block under header on the main page\"\"\"\n        page = PromoBlock(driver, MAIN_PAGE_URL)\n        page.open()\n>       block5_image = page.check_image_in_section2_block5()\n\ntests/test_main_page.py:488: \n_ _ _ _ _ _ _ _ _ _ _ _ _ _ _ _ _ _ _ _ _ _ _ _ _ _ _ _ _ _ _ _ _ _ _ _ _ _ _ _ \npages/main_page.py:243: in check_image_in_section2_block5\n    element = self.element_is_visible(self.locators.SECTION_2_BLOCK_5_IMAGE)\npages/base_page.py:30: in element_is_visible\n    self.go_to_element(self.element_is_present(locator))\npages/base_page.py:51: in element_is_present\n    return wait(self.driver, timeout).until(EC.presence_of_element_located(locator))\n_ _ _ _ _ _ _ _ _ _ _ _ _ _ _ _ _ _ _ _ _ _ _ _ _ _ _ _ _ _ _ _ _ _ _ _ _ _ _ _ \n\nself = <selenium.webdriver.support.wait.WebDriverWait (session=\"d46acb0cd663b28a8f171e0be886d127\")>\nmethod = <function presence_of_element_located.<locals>._predicate at 0x7f82c9dea8e0>\nmessage = ''\n\n    def until(self, method, message: str = \"\"):\n        \"\"\"Calls the method provided with the driver as an argument until the \\\n        return value does not evaluate to ``False``.\n    \n        :param method: callable(WebDriver)\n        :param message: optional message for :exc:`TimeoutException`\n        :returns: the result of the last call to `method`\n        :raises: :exc:`selenium.common.exceptions.TimeoutException` if timeout occurs\n        \"\"\"\n        screen = None\n        stacktrace = None\n    \n        end_time = time.monotonic() + self._timeout\n        while True:\n            try:\n                value = method(self._driver)\n                if value:\n                    return value\n            except self._ignored_exceptions as exc:\n                screen = getattr(exc, \"screen\", None)\n                stacktrace = getattr(exc, \"stacktrace\", None)\n            time.sleep(self._poll)\n            if time.monotonic() > end_time:\n                break\n>       raise TimeoutException(message, screen, stacktrace)\nE       selenium.common.exceptions.TimeoutException: Message: \nE       Stacktrace:\nE       #0 0x563cb444c71a <unknown>\nE       #1 0x563cb3eef0a0 <unknown>\nE       #2 0x563cb3f409b0 <unknown>\nE       #3 0x563cb3f40ba1 <unknown>\nE       #4 0x563cb3f8eea4 <unknown>\nE       #5 0x563cb3f663cd <unknown>\nE       #6 0x563cb3f8c2a0 <unknown>\nE       #7 0x563cb3f66173 <unknown>\nE       #8 0x563cb3f32d4b <unknown>\nE       #9 0x563cb3f339b1 <unknown>\nE       #10 0x563cb44118cb <unknown>\nE       #11 0x563cb44157ca <unknown>\nE       #12 0x563cb43f9622 <unknown>\nE       #13 0x563cb4416354 <unknown>\nE       #14 0x563cb43de45f <unknown>\nE       #15 0x563cb443a4f8 <unknown>\nE       #16 0x563cb443a6d6 <unknown>\nE       #17 0x563cb444b586 <unknown>\nE       #18 0x7f9dd609caa4 <unknown>\nE       #19 0x7f9dd6129c3c <unknown>\n\n/opt/hostedtoolcache/Python/3.11.12/x64/lib/python3.11/site-packages/selenium/webdriver/support/wait.py:95: TimeoutException","flaky":false,"newFailed":false,"newBroken":false,"newPassed":false,"retriesCount":0,"retriesStatusChange":false,"beforeStages":[{"name":"_session_faker","time":{"start":1748742081188,"stop":1748742081251,"duration":63},"status":"passed","steps":[],"attachments":[],"parameters":[],"shouldDisplayMessage":false,"stepsCount":0,"attachmentsCount":0,"hasContent":false,"attachmentStep":false},{"name":"clear_allure_result_folder","time":{"start":1748742081252,"stop":1748742081252,"duration":0},"status":"passed","steps":[],"attachments":[],"parameters":[],"shouldDisplayMessage":false,"stepsCount":0,"attachmentsCount":0,"hasContent":false,"attachmentStep":false},{"name":"driver","time":{"start":1748742842766,"stop":1748742844027,"duration":1261},"status":"passed","steps":[],"attachments":[],"parameters":[],"shouldDisplayMessage":false,"stepsCount":0,"attachmentsCount":0,"hasContent":false,"attachmentStep":false}],"testStage":{"description":"This test checks if the image in section 2 block 5 'home-eco' is correct\n            in the Promo Block under header on the main page","status":"broken","statusMessage":"selenium.common.exceptions.TimeoutException: Message: \nStacktrace:\n#0 0x563cb444c71a <unknown>\n#1 0x563cb3eef0a0 <unknown>\n#2 0x563cb3f409b0 <unknown>\n#3 0x563cb3f40ba1 <unknown>\n#4 0x563cb3f8eea4 <unknown>\n#5 0x563cb3f663cd <unknown>\n#6 0x563cb3f8c2a0 <unknown>\n#7 0x563cb3f66173 <unknown>\n#8 0x563cb3f32d4b <unknown>\n#9 0x563cb3f339b1 <unknown>\n#10 0x563cb44118cb <unknown>\n#11 0x563cb44157ca <unknown>\n#12 0x563cb43f9622 <unknown>\n#13 0x563cb4416354 <unknown>\n#14 0x563cb43de45f <unknown>\n#15 0x563cb443a4f8 <unknown>\n#16 0x563cb443a6d6 <unknown>\n#17 0x563cb444b586 <unknown>\n#18 0x7f9dd609caa4 <unknown>\n#19 0x7f9dd6129c3c <unknown>","statusTrace":"self = <test_main_page.TestMainPage.TestPromoBlock object at 0x7f82c9e7c910>\ndriver = <selenium.webdriver.chrome.webdriver.WebDriver (session=\"d46acb0cd663b28a8f171e0be886d127\")>\n\n    @allure.title(\"TC 13.01.36 - Check the display of the image in block 5 'home-eco' in the Promo Block\")\n    def test_tc_13_01_36_check_image_in_section2_block5_01(self, driver):\n        \"\"\"This test checks if the image in section 2 block 5 'home-eco' is correct\n        in the Promo Block under header on the main page\"\"\"\n        page = PromoBlock(driver, MAIN_PAGE_URL)\n        page.open()\n>       block5_image = page.check_image_in_section2_block5()\n\ntests/test_main_page.py:488: \n_ _ _ _ _ _ _ _ _ _ _ _ _ _ _ _ _ _ _ _ _ _ _ _ _ _ _ _ _ _ _ _ _ _ _ _ _ _ _ _ \npages/main_page.py:243: in check_image_in_section2_block5\n    element = self.element_is_visible(self.locators.SECTION_2_BLOCK_5_IMAGE)\npages/base_page.py:30: in element_is_visible\n    self.go_to_element(self.element_is_present(locator))\npages/base_page.py:51: in element_is_present\n    return wait(self.driver, timeout).until(EC.presence_of_element_located(locator))\n_ _ _ _ _ _ _ _ _ _ _ _ _ _ _ _ _ _ _ _ _ _ _ _ _ _ _ _ _ _ _ _ _ _ _ _ _ _ _ _ \n\nself = <selenium.webdriver.support.wait.WebDriverWait (session=\"d46acb0cd663b28a8f171e0be886d127\")>\nmethod = <function presence_of_element_located.<locals>._predicate at 0x7f82c9dea8e0>\nmessage = ''\n\n    def until(self, method, message: str = \"\"):\n        \"\"\"Calls the method provided with the driver as an argument until the \\\n        return value does not evaluate to ``False``.\n    \n        :param method: callable(WebDriver)\n        :param message: optional message for :exc:`TimeoutException`\n        :returns: the result of the last call to `method`\n        :raises: :exc:`selenium.common.exceptions.TimeoutException` if timeout occurs\n        \"\"\"\n        screen = None\n        stacktrace = None\n    \n        end_time = time.monotonic() + self._timeout\n        while True:\n            try:\n                value = method(self._driver)\n                if value:\n                    return value\n            except self._ignored_exceptions as exc:\n                screen = getattr(exc, \"screen\", None)\n                stacktrace = getattr(exc, \"stacktrace\", None)\n            time.sleep(self._poll)\n            if time.monotonic() > end_time:\n                break\n>       raise TimeoutException(message, screen, stacktrace)\nE       selenium.common.exceptions.TimeoutException: Message: \nE       Stacktrace:\nE       #0 0x563cb444c71a <unknown>\nE       #1 0x563cb3eef0a0 <unknown>\nE       #2 0x563cb3f409b0 <unknown>\nE       #3 0x563cb3f40ba1 <unknown>\nE       #4 0x563cb3f8eea4 <unknown>\nE       #5 0x563cb3f663cd <unknown>\nE       #6 0x563cb3f8c2a0 <unknown>\nE       #7 0x563cb3f66173 <unknown>\nE       #8 0x563cb3f32d4b <unknown>\nE       #9 0x563cb3f339b1 <unknown>\nE       #10 0x563cb44118cb <unknown>\nE       #11 0x563cb44157ca <unknown>\nE       #12 0x563cb43f9622 <unknown>\nE       #13 0x563cb4416354 <unknown>\nE       #14 0x563cb43de45f <unknown>\nE       #15 0x563cb443a4f8 <unknown>\nE       #16 0x563cb443a6d6 <unknown>\nE       #17 0x563cb444b586 <unknown>\nE       #18 0x7f9dd609caa4 <unknown>\nE       #19 0x7f9dd6129c3c <unknown>\n\n/opt/hostedtoolcache/Python/3.11.12/x64/lib/python3.11/site-packages/selenium/webdriver/support/wait.py:95: TimeoutException","steps":[{"name":"Open a browser","time":{"start":1748742844028,"stop":1748742845179,"duration":1151},"status":"passed","steps":[],"attachments":[],"parameters":[],"shouldDisplayMessage":false,"stepsCount":0,"attachmentsCount":0,"hasContent":false,"attachmentStep":false},{"name":"Check the image in section 2 block 5 'home-eco' is correct in the Promo Block","time":{"start":1748742845179,"stop":1748742850785,"duration":5606},"status":"broken","statusMessage":"selenium.common.exceptions.TimeoutException: Message: \nStacktrace:\n#0 0x563cb444c71a <unknown>\n#1 0x563cb3eef0a0 <unknown>\n#2 0x563cb3f409b0 <unknown>\n#3 0x563cb3f40ba1 <unknown>\n#4 0x563cb3f8eea4 <unknown>\n#5 0x563cb3f663cd <unknown>\n#6 0x563cb3f8c2a0 <unknown>\n#7 0x563cb3f66173 <unknown>\n#8 0x563cb3f32d4b <unknown>\n#9 0x563cb3f339b1 <unknown>\n#10 0x563cb44118cb <unknown>\n#11 0x563cb44157ca <unknown>\n#12 0x563cb43f9622 <unknown>\n#13 0x563cb4416354 <unknown>\n#14 0x563cb43de45f <unknown>\n#15 0x563cb443a4f8 <unknown>\n#16 0x563cb443a6d6 <unknown>\n#17 0x563cb444b586 <unknown>\n#18 0x7f9dd609caa4 <unknown>\n#19 0x7f9dd6129c3c <unknown>\n\n","statusTrace":"  File \"/opt/hostedtoolcache/Python/3.11.12/x64/lib/python3.11/site-packages/allure_commons/_allure.py\", line 192, in impl\n    return func(*a, **kw)\n           ^^^^^^^^^^^^^^\n  File \"/home/runner/work/luma_project/luma_project/pages/main_page.py\", line 243, in check_image_in_section2_block5\n    element = self.element_is_visible(self.locators.SECTION_2_BLOCK_5_IMAGE)\n              ^^^^^^^^^^^^^^^^^^^^^^^^^^^^^^^^^^^^^^^^^^^^^^^^^^^^^^^^^^^^^^\n  File \"/opt/hostedtoolcache/Python/3.11.12/x64/lib/python3.11/site-packages/allure_commons/_allure.py\", line 192, in impl\n    return func(*a, **kw)\n           ^^^^^^^^^^^^^^\n  File \"/home/runner/work/luma_project/luma_project/pages/base_page.py\", line 30, in element_is_visible\n    self.go_to_element(self.element_is_present(locator))\n                       ^^^^^^^^^^^^^^^^^^^^^^^^^^^^^^^^\n  File \"/opt/hostedtoolcache/Python/3.11.12/x64/lib/python3.11/site-packages/allure_commons/_allure.py\", line 192, in impl\n    return func(*a, **kw)\n           ^^^^^^^^^^^^^^\n  File \"/home/runner/work/luma_project/luma_project/pages/base_page.py\", line 51, in element_is_present\n    return wait(self.driver, timeout).until(EC.presence_of_element_located(locator))\n           ^^^^^^^^^^^^^^^^^^^^^^^^^^^^^^^^^^^^^^^^^^^^^^^^^^^^^^^^^^^^^^^^^^^^^^^^^\n  File \"/opt/hostedtoolcache/Python/3.11.12/x64/lib/python3.11/site-packages/selenium/webdriver/support/wait.py\", line 95, in until\n    raise TimeoutException(message, screen, stacktrace)\n","steps":[{"name":"Find a visible element","time":{"start":1748742845179,"stop":1748742850785,"duration":5606},"status":"broken","statusMessage":"selenium.common.exceptions.TimeoutException: Message: \nStacktrace:\n#0 0x563cb444c71a <unknown>\n#1 0x563cb3eef0a0 <unknown>\n#2 0x563cb3f409b0 <unknown>\n#3 0x563cb3f40ba1 <unknown>\n#4 0x563cb3f8eea4 <unknown>\n#5 0x563cb3f663cd <unknown>\n#6 0x563cb3f8c2a0 <unknown>\n#7 0x563cb3f66173 <unknown>\n#8 0x563cb3f32d4b <unknown>\n#9 0x563cb3f339b1 <unknown>\n#10 0x563cb44118cb <unknown>\n#11 0x563cb44157ca <unknown>\n#12 0x563cb43f9622 <unknown>\n#13 0x563cb4416354 <unknown>\n#14 0x563cb43de45f <unknown>\n#15 0x563cb443a4f8 <unknown>\n#16 0x563cb443a6d6 <unknown>\n#17 0x563cb444b586 <unknown>\n#18 0x7f9dd609caa4 <unknown>\n#19 0x7f9dd6129c3c <unknown>\n\n","statusTrace":"  File \"/opt/hostedtoolcache/Python/3.11.12/x64/lib/python3.11/site-packages/allure_commons/_allure.py\", line 192, in impl\n    return func(*a, **kw)\n           ^^^^^^^^^^^^^^\n  File \"/home/runner/work/luma_project/luma_project/pages/base_page.py\", line 30, in element_is_visible\n    self.go_to_element(self.element_is_present(locator))\n                       ^^^^^^^^^^^^^^^^^^^^^^^^^^^^^^^^\n  File \"/opt/hostedtoolcache/Python/3.11.12/x64/lib/python3.11/site-packages/allure_commons/_allure.py\", line 192, in impl\n    return func(*a, **kw)\n           ^^^^^^^^^^^^^^\n  File \"/home/runner/work/luma_project/luma_project/pages/base_page.py\", line 51, in element_is_present\n    return wait(self.driver, timeout).until(EC.presence_of_element_located(locator))\n           ^^^^^^^^^^^^^^^^^^^^^^^^^^^^^^^^^^^^^^^^^^^^^^^^^^^^^^^^^^^^^^^^^^^^^^^^^\n  File \"/opt/hostedtoolcache/Python/3.11.12/x64/lib/python3.11/site-packages/selenium/webdriver/support/wait.py\", line 95, in until\n    raise TimeoutException(message, screen, stacktrace)\n","steps":[{"name":"Find a present element","time":{"start":1748742845179,"stop":1748742850785,"duration":5606},"status":"broken","statusMessage":"selenium.common.exceptions.TimeoutException: Message: \nStacktrace:\n#0 0x563cb444c71a <unknown>\n#1 0x563cb3eef0a0 <unknown>\n#2 0x563cb3f409b0 <unknown>\n#3 0x563cb3f40ba1 <unknown>\n#4 0x563cb3f8eea4 <unknown>\n#5 0x563cb3f663cd <unknown>\n#6 0x563cb3f8c2a0 <unknown>\n#7 0x563cb3f66173 <unknown>\n#8 0x563cb3f32d4b <unknown>\n#9 0x563cb3f339b1 <unknown>\n#10 0x563cb44118cb <unknown>\n#11 0x563cb44157ca <unknown>\n#12 0x563cb43f9622 <unknown>\n#13 0x563cb4416354 <unknown>\n#14 0x563cb43de45f <unknown>\n#15 0x563cb443a4f8 <unknown>\n#16 0x563cb443a6d6 <unknown>\n#17 0x563cb444b586 <unknown>\n#18 0x7f9dd609caa4 <unknown>\n#19 0x7f9dd6129c3c <unknown>\n\n","statusTrace":"  File \"/opt/hostedtoolcache/Python/3.11.12/x64/lib/python3.11/site-packages/allure_commons/_allure.py\", line 192, in impl\n    return func(*a, **kw)\n           ^^^^^^^^^^^^^^\n  File \"/home/runner/work/luma_project/luma_project/pages/base_page.py\", line 51, in element_is_present\n    return wait(self.driver, timeout).until(EC.presence_of_element_located(locator))\n           ^^^^^^^^^^^^^^^^^^^^^^^^^^^^^^^^^^^^^^^^^^^^^^^^^^^^^^^^^^^^^^^^^^^^^^^^^\n  File \"/opt/hostedtoolcache/Python/3.11.12/x64/lib/python3.11/site-packages/selenium/webdriver/support/wait.py\", line 95, in until\n    raise TimeoutException(message, screen, stacktrace)\n","steps":[],"attachments":[],"parameters":[{"name":"locator","value":"('css selector', '.home-eco img')"},{"name":"timeout","value":"5"}],"shouldDisplayMessage":true,"stepsCount":0,"attachmentsCount":0,"hasContent":true,"attachmentStep":false}],"attachments":[],"parameters":[{"name":"locator","value":"('css selector', '.home-eco img')"},{"name":"timeout","value":"10"}],"shouldDisplayMessage":false,"stepsCount":1,"attachmentsCount":0,"hasContent":true,"attachmentStep":false}],"attachments":[],"parameters":[],"shouldDisplayMessage":false,"stepsCount":2,"attachmentsCount":0,"hasContent":true,"attachmentStep":false}],"attachments":[{"uid":"ab825a4c6dd31a83","name":"Screenshot","source":"ab825a4c6dd31a83.png","type":"image/png","size":549119},{"uid":"ca80bde65ed1242f","name":"HTML source","source":"ca80bde65ed1242f.html","type":"text/html","size":145495}],"parameters":[],"shouldDisplayMessage":true,"stepsCount":4,"attachmentsCount":2,"hasContent":true,"attachmentStep":false},"afterStages":[{"name":"driver::0","time":{"start":1748742851028,"stop":1748742851162,"duration":134},"status":"passed","steps":[],"attachments":[],"parameters":[],"shouldDisplayMessage":false,"stepsCount":0,"attachmentsCount":0,"hasContent":false,"attachmentStep":false},{"name":"clear_allure_result_folder::0","time":{"start":1748743612875,"stop":1748743612875,"duration":0},"status":"passed","steps":[],"attachments":[],"parameters":[],"shouldDisplayMessage":false,"stepsCount":0,"attachmentsCount":0,"hasContent":false,"attachmentStep":false}],"labels":[{"name":"epic","value":"Main Page"},{"name":"feature","value":"Promo Block Testing"},{"name":"parentSuite","value":"tests"},{"name":"suite","value":"test_main_page"},{"name":"subSuite","value":"TestMainPage"},{"name":"host","value":"fv-az1982-307"},{"name":"thread","value":"2935-MainThread"},{"name":"framework","value":"pytest"},{"name":"language","value":"cpython3"},{"name":"package","value":"tests.test_main_page"},{"name":"resultFormat","value":"allure2"}],"parameters":[],"links":[],"hidden":false,"retry":false,"extra":{"severity":"normal","retries":[],"categories":[{"name":"Test defects","matchedStatuses":[],"flaky":false}],"tags":[]},"source":"fb4cf59717db2d0f.json","parameterValues":[]}