{"uid":"e98bc9e84c2929f0","name":"TC 03.02.01 to 03_02_10 Verify and Failed Login, no error validation","fullName":"tests.test_sign_in.TestFailedLogin#test_03_02_01_to_03_02_10_login","historyId":"a4c3e330a0503b28a509cfdc77458040","time":{"start":1696469598294,"stop":1696469598294,"duration":0},"description":"Check Success and Failed Login, no error validation","descriptionHtml":"<p>Check Success and Failed Login, no error validation</p>\n","status":"skipped","statusMessage":"Skipped: to be run with secret code for captcha","statusTrace":"('/home/runner/work/luma_project/luma_project/tests/test_sign_in.py', 250, 'Skipped: to be run with secret code for captcha')","flaky":false,"newFailed":false,"newBroken":false,"newPassed":false,"retriesCount":0,"retriesStatusChange":false,"beforeStages":[{"name":"_session_faker","time":{"start":1696468169195,"stop":1696468169293,"duration":98},"status":"passed","steps":[],"attachments":[],"parameters":[],"shouldDisplayMessage":false,"stepsCount":0,"attachmentsCount":0,"hasContent":false},{"name":"clear_allure_result_folder","time":{"start":1696468169294,"stop":1696468169294,"duration":0},"status":"passed","steps":[],"attachments":[],"parameters":[],"shouldDisplayMessage":false,"stepsCount":0,"attachmentsCount":0,"hasContent":false},{"name":"driver","time":{"start":1696469598312,"stop":1696469599422,"duration":1110},"status":"passed","steps":[],"attachments":[],"parameters":[],"shouldDisplayMessage":false,"stepsCount":0,"attachmentsCount":0,"hasContent":false}],"afterStages":[{"name":"driver::0","time":{"start":1696469600446,"stop":1696469600507,"duration":61},"status":"passed","steps":[],"attachments":[],"parameters":[],"shouldDisplayMessage":false,"stepsCount":0,"attachmentsCount":0,"hasContent":false},{"name":"clear_allure_result_folder::0","time":{"start":1696469660452,"stop":1696469660452,"duration":0},"status":"passed","steps":[],"attachments":[],"parameters":[],"shouldDisplayMessage":false,"stepsCount":0,"attachmentsCount":0,"hasContent":false}],"labels":[{"name":"feature","value":"Login Functionality with captcha"},{"name":"tag","value":"@pytest.mark.xfail(raises=<class 'AssertionError'>)"},{"name":"tag","value":"@pytest.mark.skip(reason='to be run with secret code for captcha')"},{"name":"parentSuite","value":"tests"},{"name":"suite","value":"test_sign_in"},{"name":"subSuite","value":"TestFailedLogin"},{"name":"host","value":"fv-az442-860"},{"name":"thread","value":"3236-MainThread"},{"name":"framework","value":"pytest"},{"name":"language","value":"cpython3"},{"name":"package","value":"tests.test_sign_in"},{"name":"resultFormat","value":"allure2"}],"parameters":[{"name":"email","value":"'teston120@mailinator.com'"},{"name":"password","value":"'Test#12p@ssw0rd'"}],"links":[],"hidden":false,"retry":false,"extra":{"severity":"normal","retries":[],"categories":[],"history":{"statistic":{"failed":0,"broken":0,"skipped":5,"passed":0,"unknown":0,"total":5},"items":[{"uid":"26fd8267123e6369","reportUrl":"https://verafes.github.io/luma_project/87//#testresult/26fd8267123e6369","status":"skipped","statusDetails":"Skipped: to be run with secret code for captcha","time":{"start":1696383602401,"stop":1696383602401,"duration":0}},{"uid":"6f2d770a9ec8b6d1","reportUrl":"https://verafes.github.io/luma_project/86//#testresult/6f2d770a9ec8b6d1","status":"skipped","statusDetails":"Skipped: to be run with secret code for captcha","time":{"start":1696297033755,"stop":1696297033755,"duration":0}},{"uid":"35852a1d591c9223","reportUrl":"https://verafes.github.io/luma_project/85//#testresult/35852a1d591c9223","status":"skipped","statusDetails":"Skipped: to be run with secret code for captcha","time":{"start":1696210895223,"stop":1696210895223,"duration":0}},{"uid":"f143738de1b2e97d","reportUrl":"https://verafes.github.io/luma_project/84//#testresult/f143738de1b2e97d","status":"skipped","statusDetails":"Skipped: to be run with secret code for captcha","time":{"start":1696124800217,"stop":1696124800217,"duration":0}}]},"tags":["@pytest.mark.skip(reason='to be run with secret code for captcha')","@pytest.mark.xfail(raises=<class 'AssertionError'>)"]},"source":"e98bc9e84c2929f0.json","parameterValues":["'teston120@mailinator.com'","'Test#12p@ssw0rd'"]}