{"uid":"3c3f981955e5f8c7","name":"test_tc_06_01_10_check_the_cursor_change_to_cart_button[add_to_wish_list]","fullName":"tests.test_main_page.TestHotSellerSection#test_tc_06_01_10_check_the_cursor_change_to_cart_button","historyId":"8e0856c7af4ac903c700b38539bc30ab","time":{"start":1762652357043,"stop":1762652362599,"duration":5556},"description":"This test check the cursor change when hovering over the cart buttons","descriptionHtml":"<p>This test check the cursor change when hovering over the cart buttons</p>\n","status":"broken","statusMessage":"selenium.common.exceptions.TimeoutException: Message: \nStacktrace:\n#0 0x56222e7daaea <unknown>\n#1 0x56222e226cdb <unknown>\n#2 0x56222e2796c4 <unknown>\n#3 0x56222e279901 <unknown>\n#4 0x56222e2c88b4 <unknown>\n#5 0x56222e2c5c87 <unknown>\n#6 0x56222e26baca <unknown>\n#7 0x56222e26c7d1 <unknown>\n#8 0x56222e7a1ab9 <unknown>\n#9 0x56222e7a4a8c <unknown>\n#10 0x56222e78ad49 <unknown>\n#11 0x56222e7a5685 <unknown>\n#12 0x56222e7726c3 <unknown>\n#13 0x56222e7c77d8 <unknown>\n#14 0x56222e7c79b3 <unknown>\n#15 0x56222e7d9a83 <unknown>\n#16 0x7f4dba69caa4 <unknown>\n#17 0x7f4dba729c6c <unknown>","statusTrace":"self = <test_main_page.TestMainPage.TestHotSellerSection object at 0x7f5aacfdded0>\ndriver = <selenium.webdriver.chrome.webdriver.WebDriver (session=\"0342d40e33f45b4679ae8ae840b43243\")>\nitem = 'add_to_wish_list'\n\n    @pytest.mark.parametrize(\"item\", product_card_button)\n    def test_tc_06_01_10_check_the_cursor_change_to_cart_button(self, driver, item):\n        \"\"\"This test check the cursor change when hovering over the cart buttons\"\"\"\n        page = MainPage(driver, MAIN_PAGE_URL)\n        page.open()\n>       cursor_before, cursor_after = page.check_the_cursor_change_to_cart_buttons(item)\n\ntests/test_main_page.py:76: \n_ _ _ _ _ _ _ _ _ _ _ _ _ _ _ _ _ _ _ _ _ _ _ _ _ _ _ _ _ _ _ _ _ _ _ _ _ _ _ _ \npages/main_page.py:92: in check_the_cursor_change_to_cart_buttons\n    card = self.element_is_visible(self.locators.PRODUCT_CARD)\npages/base_page.py:30: in element_is_visible\n    self.go_to_element(self.element_is_present(locator))\npages/base_page.py:51: in element_is_present\n    return wait(self.driver, timeout).until(EC.presence_of_element_located(locator))\n_ _ _ _ _ _ _ _ _ _ _ _ _ _ _ _ _ _ _ _ _ _ _ _ _ _ _ _ _ _ _ _ _ _ _ _ _ _ _ _ \n\nself = <selenium.webdriver.support.wait.WebDriverWait (session=\"0342d40e33f45b4679ae8ae840b43243\")>\nmethod = <function presence_of_element_located.<locals>._predicate at 0x7f5aaee17a60>\nmessage = ''\n\n    def until(self, method, message: str = \"\"):\n        \"\"\"Calls the method provided with the driver as an argument until the \\\n        return value does not evaluate to ``False``.\n    \n        :param method: callable(WebDriver)\n        :param message: optional message for :exc:`TimeoutException`\n        :returns: the result of the last call to `method`\n        :raises: :exc:`selenium.common.exceptions.TimeoutException` if timeout occurs\n        \"\"\"\n        screen = None\n        stacktrace = None\n    \n        end_time = time.monotonic() + self._timeout\n        while True:\n            try:\n                value = method(self._driver)\n                if value:\n                    return value\n            except self._ignored_exceptions as exc:\n                screen = getattr(exc, \"screen\", None)\n                stacktrace = getattr(exc, \"stacktrace\", None)\n            time.sleep(self._poll)\n            if time.monotonic() > end_time:\n                break\n>       raise TimeoutException(message, screen, stacktrace)\nE       selenium.common.exceptions.TimeoutException: Message: \nE       Stacktrace:\nE       #0 0x56222e7daaea <unknown>\nE       #1 0x56222e226cdb <unknown>\nE       #2 0x56222e2796c4 <unknown>\nE       #3 0x56222e279901 <unknown>\nE       #4 0x56222e2c88b4 <unknown>\nE       #5 0x56222e2c5c87 <unknown>\nE       #6 0x56222e26baca <unknown>\nE       #7 0x56222e26c7d1 <unknown>\nE       #8 0x56222e7a1ab9 <unknown>\nE       #9 0x56222e7a4a8c <unknown>\nE       #10 0x56222e78ad49 <unknown>\nE       #11 0x56222e7a5685 <unknown>\nE       #12 0x56222e7726c3 <unknown>\nE       #13 0x56222e7c77d8 <unknown>\nE       #14 0x56222e7c79b3 <unknown>\nE       #15 0x56222e7d9a83 <unknown>\nE       #16 0x7f4dba69caa4 <unknown>\nE       #17 0x7f4dba729c6c <unknown>\n\n/opt/hostedtoolcache/Python/3.11.14/x64/lib/python3.11/site-packages/selenium/webdriver/support/wait.py:95: TimeoutException","flaky":false,"newFailed":false,"newBroken":false,"newPassed":false,"retriesCount":0,"retriesStatusChange":false,"beforeStages":[{"name":"_session_faker","time":{"start":1762651296155,"stop":1762651296221,"duration":66},"status":"passed","steps":[],"attachments":[],"parameters":[],"stepsCount":0,"shouldDisplayMessage":false,"attachmentsCount":0,"hasContent":false,"attachmentStep":false},{"name":"clear_allure_result_folder","time":{"start":1762651296221,"stop":1762651296221,"duration":0},"status":"passed","steps":[],"attachments":[],"parameters":[],"stepsCount":0,"shouldDisplayMessage":false,"attachmentsCount":0,"hasContent":false,"attachmentStep":false},{"name":"driver","time":{"start":1762652355762,"stop":1762652357042,"duration":1280},"status":"passed","steps":[],"attachments":[],"parameters":[],"stepsCount":0,"shouldDisplayMessage":false,"attachmentsCount":0,"hasContent":false,"attachmentStep":false}],"testStage":{"description":"This test check the cursor change when hovering over the cart buttons","status":"broken","statusMessage":"selenium.common.exceptions.TimeoutException: Message: \nStacktrace:\n#0 0x56222e7daaea <unknown>\n#1 0x56222e226cdb <unknown>\n#2 0x56222e2796c4 <unknown>\n#3 0x56222e279901 <unknown>\n#4 0x56222e2c88b4 <unknown>\n#5 0x56222e2c5c87 <unknown>\n#6 0x56222e26baca <unknown>\n#7 0x56222e26c7d1 <unknown>\n#8 0x56222e7a1ab9 <unknown>\n#9 0x56222e7a4a8c <unknown>\n#10 0x56222e78ad49 <unknown>\n#11 0x56222e7a5685 <unknown>\n#12 0x56222e7726c3 <unknown>\n#13 0x56222e7c77d8 <unknown>\n#14 0x56222e7c79b3 <unknown>\n#15 0x56222e7d9a83 <unknown>\n#16 0x7f4dba69caa4 <unknown>\n#17 0x7f4dba729c6c <unknown>","statusTrace":"self = <test_main_page.TestMainPage.TestHotSellerSection object at 0x7f5aacfdded0>\ndriver = <selenium.webdriver.chrome.webdriver.WebDriver (session=\"0342d40e33f45b4679ae8ae840b43243\")>\nitem = 'add_to_wish_list'\n\n    @pytest.mark.parametrize(\"item\", product_card_button)\n    def test_tc_06_01_10_check_the_cursor_change_to_cart_button(self, driver, item):\n        \"\"\"This test check the cursor change when hovering over the cart buttons\"\"\"\n        page = MainPage(driver, MAIN_PAGE_URL)\n        page.open()\n>       cursor_before, cursor_after = page.check_the_cursor_change_to_cart_buttons(item)\n\ntests/test_main_page.py:76: \n_ _ _ _ _ _ _ _ _ _ _ _ _ _ _ _ _ _ _ _ _ _ _ _ _ _ _ _ _ _ _ _ _ _ _ _ _ _ _ _ \npages/main_page.py:92: in check_the_cursor_change_to_cart_buttons\n    card = self.element_is_visible(self.locators.PRODUCT_CARD)\npages/base_page.py:30: in element_is_visible\n    self.go_to_element(self.element_is_present(locator))\npages/base_page.py:51: in element_is_present\n    return wait(self.driver, timeout).until(EC.presence_of_element_located(locator))\n_ _ _ _ _ _ _ _ _ _ _ _ _ _ _ _ _ _ _ _ _ _ _ _ _ _ _ _ _ _ _ _ _ _ _ _ _ _ _ _ \n\nself = <selenium.webdriver.support.wait.WebDriverWait (session=\"0342d40e33f45b4679ae8ae840b43243\")>\nmethod = <function presence_of_element_located.<locals>._predicate at 0x7f5aaee17a60>\nmessage = ''\n\n    def until(self, method, message: str = \"\"):\n        \"\"\"Calls the method provided with the driver as an argument until the \\\n        return value does not evaluate to ``False``.\n    \n        :param method: callable(WebDriver)\n        :param message: optional message for :exc:`TimeoutException`\n        :returns: the result of the last call to `method`\n        :raises: :exc:`selenium.common.exceptions.TimeoutException` if timeout occurs\n        \"\"\"\n        screen = None\n        stacktrace = None\n    \n        end_time = time.monotonic() + self._timeout\n        while True:\n            try:\n                value = method(self._driver)\n                if value:\n                    return value\n            except self._ignored_exceptions as exc:\n                screen = getattr(exc, \"screen\", None)\n                stacktrace = getattr(exc, \"stacktrace\", None)\n            time.sleep(self._poll)\n            if time.monotonic() > end_time:\n                break\n>       raise TimeoutException(message, screen, stacktrace)\nE       selenium.common.exceptions.TimeoutException: Message: \nE       Stacktrace:\nE       #0 0x56222e7daaea <unknown>\nE       #1 0x56222e226cdb <unknown>\nE       #2 0x56222e2796c4 <unknown>\nE       #3 0x56222e279901 <unknown>\nE       #4 0x56222e2c88b4 <unknown>\nE       #5 0x56222e2c5c87 <unknown>\nE       #6 0x56222e26baca <unknown>\nE       #7 0x56222e26c7d1 <unknown>\nE       #8 0x56222e7a1ab9 <unknown>\nE       #9 0x56222e7a4a8c <unknown>\nE       #10 0x56222e78ad49 <unknown>\nE       #11 0x56222e7a5685 <unknown>\nE       #12 0x56222e7726c3 <unknown>\nE       #13 0x56222e7c77d8 <unknown>\nE       #14 0x56222e7c79b3 <unknown>\nE       #15 0x56222e7d9a83 <unknown>\nE       #16 0x7f4dba69caa4 <unknown>\nE       #17 0x7f4dba729c6c <unknown>\n\n/opt/hostedtoolcache/Python/3.11.14/x64/lib/python3.11/site-packages/selenium/webdriver/support/wait.py:95: TimeoutException","steps":[{"name":"Open a browser","time":{"start":1762652357043,"stop":1762652357492,"duration":449},"status":"passed","steps":[],"attachments":[],"parameters":[],"stepsCount":0,"shouldDisplayMessage":false,"attachmentsCount":0,"hasContent":false,"attachmentStep":false},{"name":"Check the cursor change on hover on the card buttons","time":{"start":1762652357492,"stop":1762652362599,"duration":5107},"status":"broken","statusMessage":"selenium.common.exceptions.TimeoutException: Message: \nStacktrace:\n#0 0x56222e7daaea <unknown>\n#1 0x56222e226cdb <unknown>\n#2 0x56222e2796c4 <unknown>\n#3 0x56222e279901 <unknown>\n#4 0x56222e2c88b4 <unknown>\n#5 0x56222e2c5c87 <unknown>\n#6 0x56222e26baca <unknown>\n#7 0x56222e26c7d1 <unknown>\n#8 0x56222e7a1ab9 <unknown>\n#9 0x56222e7a4a8c <unknown>\n#10 0x56222e78ad49 <unknown>\n#11 0x56222e7a5685 <unknown>\n#12 0x56222e7726c3 <unknown>\n#13 0x56222e7c77d8 <unknown>\n#14 0x56222e7c79b3 <unknown>\n#15 0x56222e7d9a83 <unknown>\n#16 0x7f4dba69caa4 <unknown>\n#17 0x7f4dba729c6c <unknown>\n\n","statusTrace":"  File \"/opt/hostedtoolcache/Python/3.11.14/x64/lib/python3.11/site-packages/allure_commons/_allure.py\", line 192, in impl\n    return func(*a, **kw)\n           ^^^^^^^^^^^^^^\n  File \"/home/runner/work/luma_project/luma_project/pages/main_page.py\", line 92, in check_the_cursor_change_to_cart_buttons\n    card = self.element_is_visible(self.locators.PRODUCT_CARD)\n           ^^^^^^^^^^^^^^^^^^^^^^^^^^^^^^^^^^^^^^^^^^^^^^^^^^^\n  File \"/opt/hostedtoolcache/Python/3.11.14/x64/lib/python3.11/site-packages/allure_commons/_allure.py\", line 192, in impl\n    return func(*a, **kw)\n           ^^^^^^^^^^^^^^\n  File \"/home/runner/work/luma_project/luma_project/pages/base_page.py\", line 30, in element_is_visible\n    self.go_to_element(self.element_is_present(locator))\n                       ^^^^^^^^^^^^^^^^^^^^^^^^^^^^^^^^\n  File \"/opt/hostedtoolcache/Python/3.11.14/x64/lib/python3.11/site-packages/allure_commons/_allure.py\", line 192, in impl\n    return func(*a, **kw)\n           ^^^^^^^^^^^^^^\n  File \"/home/runner/work/luma_project/luma_project/pages/base_page.py\", line 51, in element_is_present\n    return wait(self.driver, timeout).until(EC.presence_of_element_located(locator))\n           ^^^^^^^^^^^^^^^^^^^^^^^^^^^^^^^^^^^^^^^^^^^^^^^^^^^^^^^^^^^^^^^^^^^^^^^^^\n  File \"/opt/hostedtoolcache/Python/3.11.14/x64/lib/python3.11/site-packages/selenium/webdriver/support/wait.py\", line 95, in until\n    raise TimeoutException(message, screen, stacktrace)\n","steps":[{"name":"Get button properties before hover","time":{"start":1762652357492,"stop":1762652357496,"duration":4},"status":"passed","steps":[],"attachments":[],"parameters":[],"stepsCount":0,"shouldDisplayMessage":false,"attachmentsCount":0,"hasContent":false,"attachmentStep":false},{"name":"Hover mouse cursor on a product card","time":{"start":1762652357496,"stop":1762652362599,"duration":5103},"status":"broken","statusMessage":"selenium.common.exceptions.TimeoutException: Message: \nStacktrace:\n#0 0x56222e7daaea <unknown>\n#1 0x56222e226cdb <unknown>\n#2 0x56222e2796c4 <unknown>\n#3 0x56222e279901 <unknown>\n#4 0x56222e2c88b4 <unknown>\n#5 0x56222e2c5c87 <unknown>\n#6 0x56222e26baca <unknown>\n#7 0x56222e26c7d1 <unknown>\n#8 0x56222e7a1ab9 <unknown>\n#9 0x56222e7a4a8c <unknown>\n#10 0x56222e78ad49 <unknown>\n#11 0x56222e7a5685 <unknown>\n#12 0x56222e7726c3 <unknown>\n#13 0x56222e7c77d8 <unknown>\n#14 0x56222e7c79b3 <unknown>\n#15 0x56222e7d9a83 <unknown>\n#16 0x7f4dba69caa4 <unknown>\n#17 0x7f4dba729c6c <unknown>\n\n","statusTrace":"  File \"/home/runner/work/luma_project/luma_project/pages/main_page.py\", line 92, in check_the_cursor_change_to_cart_buttons\n    card = self.element_is_visible(self.locators.PRODUCT_CARD)\n           ^^^^^^^^^^^^^^^^^^^^^^^^^^^^^^^^^^^^^^^^^^^^^^^^^^^\n  File \"/opt/hostedtoolcache/Python/3.11.14/x64/lib/python3.11/site-packages/allure_commons/_allure.py\", line 192, in impl\n    return func(*a, **kw)\n           ^^^^^^^^^^^^^^\n  File \"/home/runner/work/luma_project/luma_project/pages/base_page.py\", line 30, in element_is_visible\n    self.go_to_element(self.element_is_present(locator))\n                       ^^^^^^^^^^^^^^^^^^^^^^^^^^^^^^^^\n  File \"/opt/hostedtoolcache/Python/3.11.14/x64/lib/python3.11/site-packages/allure_commons/_allure.py\", line 192, in impl\n    return func(*a, **kw)\n           ^^^^^^^^^^^^^^\n  File \"/home/runner/work/luma_project/luma_project/pages/base_page.py\", line 51, in element_is_present\n    return wait(self.driver, timeout).until(EC.presence_of_element_located(locator))\n           ^^^^^^^^^^^^^^^^^^^^^^^^^^^^^^^^^^^^^^^^^^^^^^^^^^^^^^^^^^^^^^^^^^^^^^^^^\n  File \"/opt/hostedtoolcache/Python/3.11.14/x64/lib/python3.11/site-packages/selenium/webdriver/support/wait.py\", line 95, in until\n    raise TimeoutException(message, screen, stacktrace)\n","steps":[{"name":"Find a visible element","time":{"start":1762652357496,"stop":1762652362598,"duration":5102},"status":"broken","statusMessage":"selenium.common.exceptions.TimeoutException: Message: \nStacktrace:\n#0 0x56222e7daaea <unknown>\n#1 0x56222e226cdb <unknown>\n#2 0x56222e2796c4 <unknown>\n#3 0x56222e279901 <unknown>\n#4 0x56222e2c88b4 <unknown>\n#5 0x56222e2c5c87 <unknown>\n#6 0x56222e26baca <unknown>\n#7 0x56222e26c7d1 <unknown>\n#8 0x56222e7a1ab9 <unknown>\n#9 0x56222e7a4a8c <unknown>\n#10 0x56222e78ad49 <unknown>\n#11 0x56222e7a5685 <unknown>\n#12 0x56222e7726c3 <unknown>\n#13 0x56222e7c77d8 <unknown>\n#14 0x56222e7c79b3 <unknown>\n#15 0x56222e7d9a83 <unknown>\n#16 0x7f4dba69caa4 <unknown>\n#17 0x7f4dba729c6c <unknown>\n\n","statusTrace":"  File \"/opt/hostedtoolcache/Python/3.11.14/x64/lib/python3.11/site-packages/allure_commons/_allure.py\", line 192, in impl\n    return func(*a, **kw)\n           ^^^^^^^^^^^^^^\n  File \"/home/runner/work/luma_project/luma_project/pages/base_page.py\", line 30, in element_is_visible\n    self.go_to_element(self.element_is_present(locator))\n                       ^^^^^^^^^^^^^^^^^^^^^^^^^^^^^^^^\n  File \"/opt/hostedtoolcache/Python/3.11.14/x64/lib/python3.11/site-packages/allure_commons/_allure.py\", line 192, in impl\n    return func(*a, **kw)\n           ^^^^^^^^^^^^^^\n  File \"/home/runner/work/luma_project/luma_project/pages/base_page.py\", line 51, in element_is_present\n    return wait(self.driver, timeout).until(EC.presence_of_element_located(locator))\n           ^^^^^^^^^^^^^^^^^^^^^^^^^^^^^^^^^^^^^^^^^^^^^^^^^^^^^^^^^^^^^^^^^^^^^^^^^\n  File \"/opt/hostedtoolcache/Python/3.11.14/x64/lib/python3.11/site-packages/selenium/webdriver/support/wait.py\", line 95, in until\n    raise TimeoutException(message, screen, stacktrace)\n","steps":[{"name":"Find a present element","time":{"start":1762652357496,"stop":1762652362598,"duration":5102},"status":"broken","statusMessage":"selenium.common.exceptions.TimeoutException: Message: \nStacktrace:\n#0 0x56222e7daaea <unknown>\n#1 0x56222e226cdb <unknown>\n#2 0x56222e2796c4 <unknown>\n#3 0x56222e279901 <unknown>\n#4 0x56222e2c88b4 <unknown>\n#5 0x56222e2c5c87 <unknown>\n#6 0x56222e26baca <unknown>\n#7 0x56222e26c7d1 <unknown>\n#8 0x56222e7a1ab9 <unknown>\n#9 0x56222e7a4a8c <unknown>\n#10 0x56222e78ad49 <unknown>\n#11 0x56222e7a5685 <unknown>\n#12 0x56222e7726c3 <unknown>\n#13 0x56222e7c77d8 <unknown>\n#14 0x56222e7c79b3 <unknown>\n#15 0x56222e7d9a83 <unknown>\n#16 0x7f4dba69caa4 <unknown>\n#17 0x7f4dba729c6c <unknown>\n\n","statusTrace":"  File \"/opt/hostedtoolcache/Python/3.11.14/x64/lib/python3.11/site-packages/allure_commons/_allure.py\", line 192, in impl\n    return func(*a, **kw)\n           ^^^^^^^^^^^^^^\n  File \"/home/runner/work/luma_project/luma_project/pages/base_page.py\", line 51, in element_is_present\n    return wait(self.driver, timeout).until(EC.presence_of_element_located(locator))\n           ^^^^^^^^^^^^^^^^^^^^^^^^^^^^^^^^^^^^^^^^^^^^^^^^^^^^^^^^^^^^^^^^^^^^^^^^^\n  File \"/opt/hostedtoolcache/Python/3.11.14/x64/lib/python3.11/site-packages/selenium/webdriver/support/wait.py\", line 95, in until\n    raise TimeoutException(message, screen, stacktrace)\n","steps":[],"attachments":[],"parameters":[{"name":"locator","value":"('css selector', \"li[class='product-item']:nth-child(5) div[class='product-item-info']\")"},{"name":"timeout","value":"5"}],"stepsCount":0,"shouldDisplayMessage":true,"attachmentsCount":0,"hasContent":true,"attachmentStep":false}],"attachments":[],"parameters":[{"name":"locator","value":"('css selector', \"li[class='product-item']:nth-child(5) div[class='product-item-info']\")"},{"name":"timeout","value":"10"}],"stepsCount":1,"shouldDisplayMessage":false,"attachmentsCount":0,"hasContent":true,"attachmentStep":false}],"attachments":[],"parameters":[],"stepsCount":2,"shouldDisplayMessage":false,"attachmentsCount":0,"hasContent":true,"attachmentStep":false}],"attachments":[],"parameters":[{"name":"item","value":"'add_to_wish_list'"}],"stepsCount":4,"shouldDisplayMessage":false,"attachmentsCount":0,"hasContent":true,"attachmentStep":false}],"attachments":[{"uid":"cac81beb2eabbd2f","name":"Screenshot","source":"cac81beb2eabbd2f.png","type":"image/png","size":23875},{"uid":"134aaf2476af8025","name":"HTML source","source":"134aaf2476af8025.html","type":"text/html","size":1433}],"parameters":[],"stepsCount":6,"shouldDisplayMessage":true,"attachmentsCount":2,"hasContent":true,"attachmentStep":false},"afterStages":[{"name":"driver::0","time":{"start":1762652362680,"stop":1762652362743,"duration":63},"status":"passed","steps":[],"attachments":[],"parameters":[],"stepsCount":0,"shouldDisplayMessage":false,"attachmentsCount":0,"hasContent":false,"attachmentStep":false},{"name":"clear_allure_result_folder::0","time":{"start":1762653839254,"stop":1762653839254,"duration":0},"status":"passed","steps":[],"attachments":[],"parameters":[],"stepsCount":0,"shouldDisplayMessage":false,"attachmentsCount":0,"hasContent":false,"attachmentStep":false}],"labels":[{"name":"epic","value":"Main Page"},{"name":"feature","value":"Testing Hot Seller Section"},{"name":"parentSuite","value":"tests"},{"name":"suite","value":"test_main_page"},{"name":"subSuite","value":"TestMainPage"},{"name":"host","value":"runnervmw9dnm"},{"name":"thread","value":"2960-MainThread"},{"name":"framework","value":"pytest"},{"name":"language","value":"cpython3"},{"name":"package","value":"tests.test_main_page"},{"name":"resultFormat","value":"allure2"}],"parameters":[{"name":"item","value":"'add_to_wish_list'"}],"links":[],"hidden":false,"retry":false,"extra":{"severity":"normal","retries":[],"categories":[{"name":"Test defects","matchedStatuses":[],"flaky":false}],"tags":[]},"source":"3c3f981955e5f8c7.json","parameterValues":["'add_to_wish_list'"]}