{"uid":"55361edd6dbc2554","name":"TC 03.02.06 Verify login with valid mix-cased email valid password - Positive","fullName":"tests.test_sign_in.TestLogin#test_03_02_06_login_with_valid_case_sensitive_email","historyId":"5e954d7df1d4d04c463edc305153e798","time":{"start":1762653591183,"stop":1762653596290,"duration":5107},"description":"Check Success Login with correct credentials","descriptionHtml":"<p>Check Success Login with correct credentials</p>\n","status":"broken","statusMessage":"selenium.common.exceptions.TimeoutException: Message: \nStacktrace:\n#0 0x559eff726aea <unknown>\n#1 0x559eff172cdb <unknown>\n#2 0x559eff1c56c4 <unknown>\n#3 0x559eff1c5901 <unknown>\n#4 0x559eff2148b4 <unknown>\n#5 0x559eff211c87 <unknown>\n#6 0x559eff1b7aca <unknown>\n#7 0x559eff1b87d1 <unknown>\n#8 0x559eff6edab9 <unknown>\n#9 0x559eff6f0a8c <unknown>\n#10 0x559eff6d6d49 <unknown>\n#11 0x559eff6f1685 <unknown>\n#12 0x559eff6be6c3 <unknown>\n#13 0x559eff7137d8 <unknown>\n#14 0x559eff7139b3 <unknown>\n#15 0x559eff725a83 <unknown>\n#16 0x7fb79269caa4 <unknown>\n#17 0x7fb792729c6c <unknown>","statusTrace":"self = <test_sign_in.TestLogin object at 0x7f5aade7eb10>\ndriver = <selenium.webdriver.chrome.webdriver.WebDriver (session=\"67198530c985755d528767dae5623905\")>\nsign_in_page = <pages.sign_in_page.SignInPage object at 0x7f5aae9535d0>\n\n    @allure.title('TC 03.02.06 Verify login with valid mix-cased email valid password - Positive')\n    @allure.severity(allure.severity_level.CRITICAL)\n    def test_03_02_06_login_with_valid_case_sensitive_email(self, driver, sign_in_page):\n        \"\"\"Check Success Login with correct credentials\"\"\"\n>       sign_in_page.fill_in_email_field(credentials['valid_case_sensitive_email'])\n\ntests/test_sign_in.py:261: \n_ _ _ _ _ _ _ _ _ _ _ _ _ _ _ _ _ _ _ _ _ _ _ _ _ _ _ _ _ _ _ _ _ _ _ _ _ _ _ _ \npages/sign_in_page.py:54: in fill_in_email_field\n    self.fill_in_field(self.check_customer_email_field_is_clickable(), email)\npages/sign_in_page.py:41: in check_customer_email_field_is_clickable\n    return self.element_is_clickable(self.locators.CUSTOMER_EMAIL)\npages/base_page.py:81: in element_is_clickable\n    return wait(self.driver, timeout).until(EC.element_to_be_clickable(locator))\n_ _ _ _ _ _ _ _ _ _ _ _ _ _ _ _ _ _ _ _ _ _ _ _ _ _ _ _ _ _ _ _ _ _ _ _ _ _ _ _ \n\nself = <selenium.webdriver.support.wait.WebDriverWait (session=\"67198530c985755d528767dae5623905\")>\nmethod = <function element_to_be_clickable.<locals>._predicate at 0x7f5aae6ddf80>\nmessage = ''\n\n    def until(self, method, message: str = \"\"):\n        \"\"\"Calls the method provided with the driver as an argument until the \\\n        return value does not evaluate to ``False``.\n    \n        :param method: callable(WebDriver)\n        :param message: optional message for :exc:`TimeoutException`\n        :returns: the result of the last call to `method`\n        :raises: :exc:`selenium.common.exceptions.TimeoutException` if timeout occurs\n        \"\"\"\n        screen = None\n        stacktrace = None\n    \n        end_time = time.monotonic() + self._timeout\n        while True:\n            try:\n                value = method(self._driver)\n                if value:\n                    return value\n            except self._ignored_exceptions as exc:\n                screen = getattr(exc, \"screen\", None)\n                stacktrace = getattr(exc, \"stacktrace\", None)\n            time.sleep(self._poll)\n            if time.monotonic() > end_time:\n                break\n>       raise TimeoutException(message, screen, stacktrace)\nE       selenium.common.exceptions.TimeoutException: Message: \nE       Stacktrace:\nE       #0 0x559eff726aea <unknown>\nE       #1 0x559eff172cdb <unknown>\nE       #2 0x559eff1c56c4 <unknown>\nE       #3 0x559eff1c5901 <unknown>\nE       #4 0x559eff2148b4 <unknown>\nE       #5 0x559eff211c87 <unknown>\nE       #6 0x559eff1b7aca <unknown>\nE       #7 0x559eff1b87d1 <unknown>\nE       #8 0x559eff6edab9 <unknown>\nE       #9 0x559eff6f0a8c <unknown>\nE       #10 0x559eff6d6d49 <unknown>\nE       #11 0x559eff6f1685 <unknown>\nE       #12 0x559eff6be6c3 <unknown>\nE       #13 0x559eff7137d8 <unknown>\nE       #14 0x559eff7139b3 <unknown>\nE       #15 0x559eff725a83 <unknown>\nE       #16 0x7fb79269caa4 <unknown>\nE       #17 0x7fb792729c6c <unknown>\n\n/opt/hostedtoolcache/Python/3.11.14/x64/lib/python3.11/site-packages/selenium/webdriver/support/wait.py:95: TimeoutException","flaky":false,"newFailed":false,"newBroken":false,"newPassed":false,"retriesCount":0,"retriesStatusChange":false,"beforeStages":[{"name":"_session_faker","time":{"start":1762651296155,"stop":1762651296221,"duration":66},"status":"passed","steps":[],"attachments":[],"parameters":[],"stepsCount":0,"shouldDisplayMessage":false,"attachmentsCount":0,"hasContent":false,"attachmentStep":false},{"name":"clear_allure_result_folder","time":{"start":1762651296221,"stop":1762651296221,"duration":0},"status":"passed","steps":[],"attachments":[],"parameters":[],"stepsCount":0,"shouldDisplayMessage":false,"attachmentsCount":0,"hasContent":false,"attachmentStep":false},{"name":"driver","time":{"start":1762653589552,"stop":1762653590811,"duration":1259},"status":"passed","steps":[],"attachments":[],"parameters":[],"stepsCount":0,"shouldDisplayMessage":false,"attachmentsCount":0,"hasContent":false,"attachmentStep":false},{"name":"sign_in_page","time":{"start":1762653590811,"stop":1762653591182,"duration":371},"status":"passed","steps":[{"name":"Open a browser","time":{"start":1762653590811,"stop":1762653591182,"duration":371},"status":"passed","steps":[],"attachments":[],"parameters":[],"stepsCount":0,"shouldDisplayMessage":false,"attachmentsCount":0,"hasContent":false,"attachmentStep":false}],"attachments":[],"parameters":[],"stepsCount":1,"shouldDisplayMessage":false,"attachmentsCount":0,"hasContent":true,"attachmentStep":false}],"testStage":{"description":"Check Success Login with correct credentials","status":"broken","statusMessage":"selenium.common.exceptions.TimeoutException: Message: \nStacktrace:\n#0 0x559eff726aea <unknown>\n#1 0x559eff172cdb <unknown>\n#2 0x559eff1c56c4 <unknown>\n#3 0x559eff1c5901 <unknown>\n#4 0x559eff2148b4 <unknown>\n#5 0x559eff211c87 <unknown>\n#6 0x559eff1b7aca <unknown>\n#7 0x559eff1b87d1 <unknown>\n#8 0x559eff6edab9 <unknown>\n#9 0x559eff6f0a8c <unknown>\n#10 0x559eff6d6d49 <unknown>\n#11 0x559eff6f1685 <unknown>\n#12 0x559eff6be6c3 <unknown>\n#13 0x559eff7137d8 <unknown>\n#14 0x559eff7139b3 <unknown>\n#15 0x559eff725a83 <unknown>\n#16 0x7fb79269caa4 <unknown>\n#17 0x7fb792729c6c <unknown>","statusTrace":"self = <test_sign_in.TestLogin object at 0x7f5aade7eb10>\ndriver = <selenium.webdriver.chrome.webdriver.WebDriver (session=\"67198530c985755d528767dae5623905\")>\nsign_in_page = <pages.sign_in_page.SignInPage object at 0x7f5aae9535d0>\n\n    @allure.title('TC 03.02.06 Verify login with valid mix-cased email valid password - Positive')\n    @allure.severity(allure.severity_level.CRITICAL)\n    def test_03_02_06_login_with_valid_case_sensitive_email(self, driver, sign_in_page):\n        \"\"\"Check Success Login with correct credentials\"\"\"\n>       sign_in_page.fill_in_email_field(credentials['valid_case_sensitive_email'])\n\ntests/test_sign_in.py:261: \n_ _ _ _ _ _ _ _ _ _ _ _ _ _ _ _ _ _ _ _ _ _ _ _ _ _ _ _ _ _ _ _ _ _ _ _ _ _ _ _ \npages/sign_in_page.py:54: in fill_in_email_field\n    self.fill_in_field(self.check_customer_email_field_is_clickable(), email)\npages/sign_in_page.py:41: in check_customer_email_field_is_clickable\n    return self.element_is_clickable(self.locators.CUSTOMER_EMAIL)\npages/base_page.py:81: in element_is_clickable\n    return wait(self.driver, timeout).until(EC.element_to_be_clickable(locator))\n_ _ _ _ _ _ _ _ _ _ _ _ _ _ _ _ _ _ _ _ _ _ _ _ _ _ _ _ _ _ _ _ _ _ _ _ _ _ _ _ \n\nself = <selenium.webdriver.support.wait.WebDriverWait (session=\"67198530c985755d528767dae5623905\")>\nmethod = <function element_to_be_clickable.<locals>._predicate at 0x7f5aae6ddf80>\nmessage = ''\n\n    def until(self, method, message: str = \"\"):\n        \"\"\"Calls the method provided with the driver as an argument until the \\\n        return value does not evaluate to ``False``.\n    \n        :param method: callable(WebDriver)\n        :param message: optional message for :exc:`TimeoutException`\n        :returns: the result of the last call to `method`\n        :raises: :exc:`selenium.common.exceptions.TimeoutException` if timeout occurs\n        \"\"\"\n        screen = None\n        stacktrace = None\n    \n        end_time = time.monotonic() + self._timeout\n        while True:\n            try:\n                value = method(self._driver)\n                if value:\n                    return value\n            except self._ignored_exceptions as exc:\n                screen = getattr(exc, \"screen\", None)\n                stacktrace = getattr(exc, \"stacktrace\", None)\n            time.sleep(self._poll)\n            if time.monotonic() > end_time:\n                break\n>       raise TimeoutException(message, screen, stacktrace)\nE       selenium.common.exceptions.TimeoutException: Message: \nE       Stacktrace:\nE       #0 0x559eff726aea <unknown>\nE       #1 0x559eff172cdb <unknown>\nE       #2 0x559eff1c56c4 <unknown>\nE       #3 0x559eff1c5901 <unknown>\nE       #4 0x559eff2148b4 <unknown>\nE       #5 0x559eff211c87 <unknown>\nE       #6 0x559eff1b7aca <unknown>\nE       #7 0x559eff1b87d1 <unknown>\nE       #8 0x559eff6edab9 <unknown>\nE       #9 0x559eff6f0a8c <unknown>\nE       #10 0x559eff6d6d49 <unknown>\nE       #11 0x559eff6f1685 <unknown>\nE       #12 0x559eff6be6c3 <unknown>\nE       #13 0x559eff7137d8 <unknown>\nE       #14 0x559eff7139b3 <unknown>\nE       #15 0x559eff725a83 <unknown>\nE       #16 0x7fb79269caa4 <unknown>\nE       #17 0x7fb792729c6c <unknown>\n\n/opt/hostedtoolcache/Python/3.11.14/x64/lib/python3.11/site-packages/selenium/webdriver/support/wait.py:95: TimeoutException","steps":[{"name":"Fill in Email field","time":{"start":1762653591183,"stop":1762653596290,"duration":5107},"status":"broken","statusMessage":"selenium.common.exceptions.TimeoutException: Message: \nStacktrace:\n#0 0x559eff726aea <unknown>\n#1 0x559eff172cdb <unknown>\n#2 0x559eff1c56c4 <unknown>\n#3 0x559eff1c5901 <unknown>\n#4 0x559eff2148b4 <unknown>\n#5 0x559eff211c87 <unknown>\n#6 0x559eff1b7aca <unknown>\n#7 0x559eff1b87d1 <unknown>\n#8 0x559eff6edab9 <unknown>\n#9 0x559eff6f0a8c <unknown>\n#10 0x559eff6d6d49 <unknown>\n#11 0x559eff6f1685 <unknown>\n#12 0x559eff6be6c3 <unknown>\n#13 0x559eff7137d8 <unknown>\n#14 0x559eff7139b3 <unknown>\n#15 0x559eff725a83 <unknown>\n#16 0x7fb79269caa4 <unknown>\n#17 0x7fb792729c6c <unknown>\n\n","statusTrace":"  File \"/opt/hostedtoolcache/Python/3.11.14/x64/lib/python3.11/site-packages/allure_commons/_allure.py\", line 192, in impl\n    return func(*a, **kw)\n           ^^^^^^^^^^^^^^\n  File \"/home/runner/work/luma_project/luma_project/pages/sign_in_page.py\", line 54, in fill_in_email_field\n    self.fill_in_field(self.check_customer_email_field_is_clickable(), email)\n                       ^^^^^^^^^^^^^^^^^^^^^^^^^^^^^^^^^^^^^^^^^^^^^^\n  File \"/opt/hostedtoolcache/Python/3.11.14/x64/lib/python3.11/site-packages/allure_commons/_allure.py\", line 192, in impl\n    return func(*a, **kw)\n           ^^^^^^^^^^^^^^\n  File \"/home/runner/work/luma_project/luma_project/pages/sign_in_page.py\", line 41, in check_customer_email_field_is_clickable\n    return self.element_is_clickable(self.locators.CUSTOMER_EMAIL)\n           ^^^^^^^^^^^^^^^^^^^^^^^^^^^^^^^^^^^^^^^^^^^^^^^^^^^^^^^\n  File \"/opt/hostedtoolcache/Python/3.11.14/x64/lib/python3.11/site-packages/allure_commons/_allure.py\", line 192, in impl\n    return func(*a, **kw)\n           ^^^^^^^^^^^^^^\n  File \"/home/runner/work/luma_project/luma_project/pages/base_page.py\", line 81, in element_is_clickable\n    return wait(self.driver, timeout).until(EC.element_to_be_clickable(locator))\n           ^^^^^^^^^^^^^^^^^^^^^^^^^^^^^^^^^^^^^^^^^^^^^^^^^^^^^^^^^^^^^^^^^^^^^\n  File \"/opt/hostedtoolcache/Python/3.11.14/x64/lib/python3.11/site-packages/selenium/webdriver/support/wait.py\", line 95, in until\n    raise TimeoutException(message, screen, stacktrace)\n","steps":[{"name":"Check Email field is clickable","time":{"start":1762653591183,"stop":1762653596289,"duration":5106},"status":"broken","statusMessage":"selenium.common.exceptions.TimeoutException: Message: \nStacktrace:\n#0 0x559eff726aea <unknown>\n#1 0x559eff172cdb <unknown>\n#2 0x559eff1c56c4 <unknown>\n#3 0x559eff1c5901 <unknown>\n#4 0x559eff2148b4 <unknown>\n#5 0x559eff211c87 <unknown>\n#6 0x559eff1b7aca <unknown>\n#7 0x559eff1b87d1 <unknown>\n#8 0x559eff6edab9 <unknown>\n#9 0x559eff6f0a8c <unknown>\n#10 0x559eff6d6d49 <unknown>\n#11 0x559eff6f1685 <unknown>\n#12 0x559eff6be6c3 <unknown>\n#13 0x559eff7137d8 <unknown>\n#14 0x559eff7139b3 <unknown>\n#15 0x559eff725a83 <unknown>\n#16 0x7fb79269caa4 <unknown>\n#17 0x7fb792729c6c <unknown>\n\n","statusTrace":"  File \"/opt/hostedtoolcache/Python/3.11.14/x64/lib/python3.11/site-packages/allure_commons/_allure.py\", line 192, in impl\n    return func(*a, **kw)\n           ^^^^^^^^^^^^^^\n  File \"/home/runner/work/luma_project/luma_project/pages/sign_in_page.py\", line 41, in check_customer_email_field_is_clickable\n    return self.element_is_clickable(self.locators.CUSTOMER_EMAIL)\n           ^^^^^^^^^^^^^^^^^^^^^^^^^^^^^^^^^^^^^^^^^^^^^^^^^^^^^^^\n  File \"/opt/hostedtoolcache/Python/3.11.14/x64/lib/python3.11/site-packages/allure_commons/_allure.py\", line 192, in impl\n    return func(*a, **kw)\n           ^^^^^^^^^^^^^^\n  File \"/home/runner/work/luma_project/luma_project/pages/base_page.py\", line 81, in element_is_clickable\n    return wait(self.driver, timeout).until(EC.element_to_be_clickable(locator))\n           ^^^^^^^^^^^^^^^^^^^^^^^^^^^^^^^^^^^^^^^^^^^^^^^^^^^^^^^^^^^^^^^^^^^^^\n  File \"/opt/hostedtoolcache/Python/3.11.14/x64/lib/python3.11/site-packages/selenium/webdriver/support/wait.py\", line 95, in until\n    raise TimeoutException(message, screen, stacktrace)\n","steps":[{"name":"Find clickable elements","time":{"start":1762653591183,"stop":1762653596289,"duration":5106},"status":"broken","statusMessage":"selenium.common.exceptions.TimeoutException: Message: \nStacktrace:\n#0 0x559eff726aea <unknown>\n#1 0x559eff172cdb <unknown>\n#2 0x559eff1c56c4 <unknown>\n#3 0x559eff1c5901 <unknown>\n#4 0x559eff2148b4 <unknown>\n#5 0x559eff211c87 <unknown>\n#6 0x559eff1b7aca <unknown>\n#7 0x559eff1b87d1 <unknown>\n#8 0x559eff6edab9 <unknown>\n#9 0x559eff6f0a8c <unknown>\n#10 0x559eff6d6d49 <unknown>\n#11 0x559eff6f1685 <unknown>\n#12 0x559eff6be6c3 <unknown>\n#13 0x559eff7137d8 <unknown>\n#14 0x559eff7139b3 <unknown>\n#15 0x559eff725a83 <unknown>\n#16 0x7fb79269caa4 <unknown>\n#17 0x7fb792729c6c <unknown>\n\n","statusTrace":"  File \"/opt/hostedtoolcache/Python/3.11.14/x64/lib/python3.11/site-packages/allure_commons/_allure.py\", line 192, in impl\n    return func(*a, **kw)\n           ^^^^^^^^^^^^^^\n  File \"/home/runner/work/luma_project/luma_project/pages/base_page.py\", line 81, in element_is_clickable\n    return wait(self.driver, timeout).until(EC.element_to_be_clickable(locator))\n           ^^^^^^^^^^^^^^^^^^^^^^^^^^^^^^^^^^^^^^^^^^^^^^^^^^^^^^^^^^^^^^^^^^^^^\n  File \"/opt/hostedtoolcache/Python/3.11.14/x64/lib/python3.11/site-packages/selenium/webdriver/support/wait.py\", line 95, in until\n    raise TimeoutException(message, screen, stacktrace)\n","steps":[],"attachments":[],"parameters":[{"name":"locator","value":"('css selector', '#email')"},{"name":"timeout","value":"5"}],"stepsCount":0,"shouldDisplayMessage":true,"attachmentsCount":0,"hasContent":true,"attachmentStep":false}],"attachments":[],"parameters":[],"stepsCount":1,"shouldDisplayMessage":false,"attachmentsCount":0,"hasContent":true,"attachmentStep":false}],"attachments":[],"parameters":[{"name":"email","value":"'Test130@Mailinator.com'"}],"stepsCount":2,"shouldDisplayMessage":false,"attachmentsCount":0,"hasContent":true,"attachmentStep":false}],"attachments":[{"uid":"f524f765388b2991","name":"Screenshot","source":"f524f765388b2991.png","type":"image/png","size":23875},{"uid":"f91909353cf9e9fa","name":"HTML source","source":"f91909353cf9e9fa.html","type":"text/html","size":1433}],"parameters":[],"stepsCount":3,"shouldDisplayMessage":true,"attachmentsCount":2,"hasContent":true,"attachmentStep":false},"afterStages":[{"name":"driver::0","time":{"start":1762653596356,"stop":1762653596419,"duration":63},"status":"passed","steps":[],"attachments":[],"parameters":[],"stepsCount":0,"shouldDisplayMessage":false,"attachmentsCount":0,"hasContent":false,"attachmentStep":false},{"name":"clear_allure_result_folder::0","time":{"start":1762653839254,"stop":1762653839254,"duration":0},"status":"passed","steps":[],"attachments":[],"parameters":[],"stepsCount":0,"shouldDisplayMessage":false,"attachmentsCount":0,"hasContent":false,"attachmentStep":false}],"labels":[{"name":"severity","value":"critical"},{"name":"feature","value":"Login Functionality"},{"name":"parentSuite","value":"tests"},{"name":"suite","value":"test_sign_in"},{"name":"subSuite","value":"TestLogin"},{"name":"host","value":"runnervmw9dnm"},{"name":"thread","value":"2960-MainThread"},{"name":"framework","value":"pytest"},{"name":"language","value":"cpython3"},{"name":"package","value":"tests.test_sign_in"},{"name":"resultFormat","value":"allure2"}],"parameters":[],"links":[],"hidden":false,"retry":false,"extra":{"severity":"critical","retries":[],"categories":[{"name":"Test defects","matchedStatuses":[],"flaky":false}],"tags":[]},"source":"55361edd6dbc2554.json","parameterValues":[]}