{"uid":"6a12cdd2374d52","name":"TC 05.01.02 - Verify that 'Order and Returns' form header is present","fullName":"tests.test_orders_and_returns.TestOrdersAndReturnsPage#test_tc_05_01_02_check_header","historyId":"af4cf7c6b63a7a92943c118ecbf349b3","time":{"start":1762652890975,"stop":1762652896080,"duration":5105},"description":"This test checks \"Orders and Returns\" form header is visible and has correct text","descriptionHtml":"<p>This test checks &quot;Orders and Returns&quot; form header is visible and has correct text</p>\n","status":"broken","statusMessage":"selenium.common.exceptions.TimeoutException: Message: \nStacktrace:\n#0 0x5603576cdaea <unknown>\n#1 0x560357119cdb <unknown>\n#2 0x56035716c6c4 <unknown>\n#3 0x56035716c901 <unknown>\n#4 0x5603571bb8b4 <unknown>\n#5 0x5603571b8c87 <unknown>\n#6 0x56035715eaca <unknown>\n#7 0x56035715f7d1 <unknown>\n#8 0x560357694ab9 <unknown>\n#9 0x560357697a8c <unknown>\n#10 0x56035767dd49 <unknown>\n#11 0x560357698685 <unknown>\n#12 0x5603576656c3 <unknown>\n#13 0x5603576ba7d8 <unknown>\n#14 0x5603576ba9b3 <unknown>\n#15 0x5603576cca83 <unknown>\n#16 0x7f192c69caa4 <unknown>\n#17 0x7f192c729c6c <unknown>","statusTrace":"self = <test_orders_and_returns.TestOrdersAndReturnsPage object at 0x7f5aacf4dc90>\ndriver = <selenium.webdriver.chrome.webdriver.WebDriver (session=\"364945099237255ae53bd0dca9946cd7\")>\npage = <pages.orders_and_returns_page.OrdersAndReturnsPage object at 0x7f5aae88ded0>\n\n    @allure.title(\"TC 05.01.02 - Verify that 'Order and Returns' form header is present\")\n    def test_tc_05_01_02_check_header(self, driver, page):\n        \"\"\"This test checks \"Orders and Returns\" form header is visible and has correct text\"\"\"\n>       form_header_text = page.check_form_header()\n\ntests/test_orders_and_returns.py:27: \n_ _ _ _ _ _ _ _ _ _ _ _ _ _ _ _ _ _ _ _ _ _ _ _ _ _ _ _ _ _ _ _ _ _ _ _ _ _ _ _ \npages/orders_and_returns_page.py:16: in check_form_header\n    return self.get_text(self.locators.FORM_HEADER)\npages/base_page.py:145: in get_text\n    text = self.element_is_visible(locator)\npages/base_page.py:30: in element_is_visible\n    self.go_to_element(self.element_is_present(locator))\npages/base_page.py:51: in element_is_present\n    return wait(self.driver, timeout).until(EC.presence_of_element_located(locator))\n_ _ _ _ _ _ _ _ _ _ _ _ _ _ _ _ _ _ _ _ _ _ _ _ _ _ _ _ _ _ _ _ _ _ _ _ _ _ _ _ \n\nself = <selenium.webdriver.support.wait.WebDriverWait (session=\"364945099237255ae53bd0dca9946cd7\")>\nmethod = <function presence_of_element_located.<locals>._predicate at 0x7f5aae8d9080>\nmessage = ''\n\n    def until(self, method, message: str = \"\"):\n        \"\"\"Calls the method provided with the driver as an argument until the \\\n        return value does not evaluate to ``False``.\n    \n        :param method: callable(WebDriver)\n        :param message: optional message for :exc:`TimeoutException`\n        :returns: the result of the last call to `method`\n        :raises: :exc:`selenium.common.exceptions.TimeoutException` if timeout occurs\n        \"\"\"\n        screen = None\n        stacktrace = None\n    \n        end_time = time.monotonic() + self._timeout\n        while True:\n            try:\n                value = method(self._driver)\n                if value:\n                    return value\n            except self._ignored_exceptions as exc:\n                screen = getattr(exc, \"screen\", None)\n                stacktrace = getattr(exc, \"stacktrace\", None)\n            time.sleep(self._poll)\n            if time.monotonic() > end_time:\n                break\n>       raise TimeoutException(message, screen, stacktrace)\nE       selenium.common.exceptions.TimeoutException: Message: \nE       Stacktrace:\nE       #0 0x5603576cdaea <unknown>\nE       #1 0x560357119cdb <unknown>\nE       #2 0x56035716c6c4 <unknown>\nE       #3 0x56035716c901 <unknown>\nE       #4 0x5603571bb8b4 <unknown>\nE       #5 0x5603571b8c87 <unknown>\nE       #6 0x56035715eaca <unknown>\nE       #7 0x56035715f7d1 <unknown>\nE       #8 0x560357694ab9 <unknown>\nE       #9 0x560357697a8c <unknown>\nE       #10 0x56035767dd49 <unknown>\nE       #11 0x560357698685 <unknown>\nE       #12 0x5603576656c3 <unknown>\nE       #13 0x5603576ba7d8 <unknown>\nE       #14 0x5603576ba9b3 <unknown>\nE       #15 0x5603576cca83 <unknown>\nE       #16 0x7f192c69caa4 <unknown>\nE       #17 0x7f192c729c6c <unknown>\n\n/opt/hostedtoolcache/Python/3.11.14/x64/lib/python3.11/site-packages/selenium/webdriver/support/wait.py:95: TimeoutException","flaky":false,"newFailed":false,"newBroken":false,"newPassed":false,"retriesCount":0,"retriesStatusChange":false,"beforeStages":[{"name":"_session_faker","time":{"start":1762651296155,"stop":1762651296221,"duration":66},"status":"passed","steps":[],"attachments":[],"parameters":[],"stepsCount":0,"shouldDisplayMessage":false,"attachmentsCount":0,"hasContent":false,"attachmentStep":false},{"name":"clear_allure_result_folder","time":{"start":1762651296221,"stop":1762651296221,"duration":0},"status":"passed","steps":[],"attachments":[],"parameters":[],"stepsCount":0,"shouldDisplayMessage":false,"attachmentsCount":0,"hasContent":false,"attachmentStep":false},{"name":"driver","time":{"start":1762652889294,"stop":1762652890557,"duration":1263},"status":"passed","steps":[],"attachments":[],"parameters":[],"stepsCount":0,"shouldDisplayMessage":false,"attachmentsCount":0,"hasContent":false,"attachmentStep":false},{"name":"page","time":{"start":1762652890558,"stop":1762652890974,"duration":416},"status":"passed","steps":[{"name":"Open a browser","time":{"start":1762652890558,"stop":1762652890974,"duration":416},"status":"passed","steps":[],"attachments":[],"parameters":[],"stepsCount":0,"shouldDisplayMessage":false,"attachmentsCount":0,"hasContent":false,"attachmentStep":false}],"attachments":[],"parameters":[],"stepsCount":1,"shouldDisplayMessage":false,"attachmentsCount":0,"hasContent":true,"attachmentStep":false}],"testStage":{"description":"This test checks \"Orders and Returns\" form header is visible and has correct text","status":"broken","statusMessage":"selenium.common.exceptions.TimeoutException: Message: \nStacktrace:\n#0 0x5603576cdaea <unknown>\n#1 0x560357119cdb <unknown>\n#2 0x56035716c6c4 <unknown>\n#3 0x56035716c901 <unknown>\n#4 0x5603571bb8b4 <unknown>\n#5 0x5603571b8c87 <unknown>\n#6 0x56035715eaca <unknown>\n#7 0x56035715f7d1 <unknown>\n#8 0x560357694ab9 <unknown>\n#9 0x560357697a8c <unknown>\n#10 0x56035767dd49 <unknown>\n#11 0x560357698685 <unknown>\n#12 0x5603576656c3 <unknown>\n#13 0x5603576ba7d8 <unknown>\n#14 0x5603576ba9b3 <unknown>\n#15 0x5603576cca83 <unknown>\n#16 0x7f192c69caa4 <unknown>\n#17 0x7f192c729c6c <unknown>","statusTrace":"self = <test_orders_and_returns.TestOrdersAndReturnsPage object at 0x7f5aacf4dc90>\ndriver = <selenium.webdriver.chrome.webdriver.WebDriver (session=\"364945099237255ae53bd0dca9946cd7\")>\npage = <pages.orders_and_returns_page.OrdersAndReturnsPage object at 0x7f5aae88ded0>\n\n    @allure.title(\"TC 05.01.02 - Verify that 'Order and Returns' form header is present\")\n    def test_tc_05_01_02_check_header(self, driver, page):\n        \"\"\"This test checks \"Orders and Returns\" form header is visible and has correct text\"\"\"\n>       form_header_text = page.check_form_header()\n\ntests/test_orders_and_returns.py:27: \n_ _ _ _ _ _ _ _ _ _ _ _ _ _ _ _ _ _ _ _ _ _ _ _ _ _ _ _ _ _ _ _ _ _ _ _ _ _ _ _ \npages/orders_and_returns_page.py:16: in check_form_header\n    return self.get_text(self.locators.FORM_HEADER)\npages/base_page.py:145: in get_text\n    text = self.element_is_visible(locator)\npages/base_page.py:30: in element_is_visible\n    self.go_to_element(self.element_is_present(locator))\npages/base_page.py:51: in element_is_present\n    return wait(self.driver, timeout).until(EC.presence_of_element_located(locator))\n_ _ _ _ _ _ _ _ _ _ _ _ _ _ _ _ _ _ _ _ _ _ _ _ _ _ _ _ _ _ _ _ _ _ _ _ _ _ _ _ \n\nself = <selenium.webdriver.support.wait.WebDriverWait (session=\"364945099237255ae53bd0dca9946cd7\")>\nmethod = <function presence_of_element_located.<locals>._predicate at 0x7f5aae8d9080>\nmessage = ''\n\n    def until(self, method, message: str = \"\"):\n        \"\"\"Calls the method provided with the driver as an argument until the \\\n        return value does not evaluate to ``False``.\n    \n        :param method: callable(WebDriver)\n        :param message: optional message for :exc:`TimeoutException`\n        :returns: the result of the last call to `method`\n        :raises: :exc:`selenium.common.exceptions.TimeoutException` if timeout occurs\n        \"\"\"\n        screen = None\n        stacktrace = None\n    \n        end_time = time.monotonic() + self._timeout\n        while True:\n            try:\n                value = method(self._driver)\n                if value:\n                    return value\n            except self._ignored_exceptions as exc:\n                screen = getattr(exc, \"screen\", None)\n                stacktrace = getattr(exc, \"stacktrace\", None)\n            time.sleep(self._poll)\n            if time.monotonic() > end_time:\n                break\n>       raise TimeoutException(message, screen, stacktrace)\nE       selenium.common.exceptions.TimeoutException: Message: \nE       Stacktrace:\nE       #0 0x5603576cdaea <unknown>\nE       #1 0x560357119cdb <unknown>\nE       #2 0x56035716c6c4 <unknown>\nE       #3 0x56035716c901 <unknown>\nE       #4 0x5603571bb8b4 <unknown>\nE       #5 0x5603571b8c87 <unknown>\nE       #6 0x56035715eaca <unknown>\nE       #7 0x56035715f7d1 <unknown>\nE       #8 0x560357694ab9 <unknown>\nE       #9 0x560357697a8c <unknown>\nE       #10 0x56035767dd49 <unknown>\nE       #11 0x560357698685 <unknown>\nE       #12 0x5603576656c3 <unknown>\nE       #13 0x5603576ba7d8 <unknown>\nE       #14 0x5603576ba9b3 <unknown>\nE       #15 0x5603576cca83 <unknown>\nE       #16 0x7f192c69caa4 <unknown>\nE       #17 0x7f192c729c6c <unknown>\n\n/opt/hostedtoolcache/Python/3.11.14/x64/lib/python3.11/site-packages/selenium/webdriver/support/wait.py:95: TimeoutException","steps":[{"name":"Get element text","time":{"start":1762652890975,"stop":1762652896079,"duration":5104},"status":"broken","statusMessage":"selenium.common.exceptions.TimeoutException: Message: \nStacktrace:\n#0 0x5603576cdaea <unknown>\n#1 0x560357119cdb <unknown>\n#2 0x56035716c6c4 <unknown>\n#3 0x56035716c901 <unknown>\n#4 0x5603571bb8b4 <unknown>\n#5 0x5603571b8c87 <unknown>\n#6 0x56035715eaca <unknown>\n#7 0x56035715f7d1 <unknown>\n#8 0x560357694ab9 <unknown>\n#9 0x560357697a8c <unknown>\n#10 0x56035767dd49 <unknown>\n#11 0x560357698685 <unknown>\n#12 0x5603576656c3 <unknown>\n#13 0x5603576ba7d8 <unknown>\n#14 0x5603576ba9b3 <unknown>\n#15 0x5603576cca83 <unknown>\n#16 0x7f192c69caa4 <unknown>\n#17 0x7f192c729c6c <unknown>\n\n","statusTrace":"  File \"/opt/hostedtoolcache/Python/3.11.14/x64/lib/python3.11/site-packages/allure_commons/_allure.py\", line 192, in impl\n    return func(*a, **kw)\n           ^^^^^^^^^^^^^^\n  File \"/home/runner/work/luma_project/luma_project/pages/base_page.py\", line 145, in get_text\n    text = self.element_is_visible(locator)\n           ^^^^^^^^^^^^^^^^^^^^^^^^^^^^^^^^\n  File \"/opt/hostedtoolcache/Python/3.11.14/x64/lib/python3.11/site-packages/allure_commons/_allure.py\", line 192, in impl\n    return func(*a, **kw)\n           ^^^^^^^^^^^^^^\n  File \"/home/runner/work/luma_project/luma_project/pages/base_page.py\", line 30, in element_is_visible\n    self.go_to_element(self.element_is_present(locator))\n                       ^^^^^^^^^^^^^^^^^^^^^^^^^^^^^^^^\n  File \"/opt/hostedtoolcache/Python/3.11.14/x64/lib/python3.11/site-packages/allure_commons/_allure.py\", line 192, in impl\n    return func(*a, **kw)\n           ^^^^^^^^^^^^^^\n  File \"/home/runner/work/luma_project/luma_project/pages/base_page.py\", line 51, in element_is_present\n    return wait(self.driver, timeout).until(EC.presence_of_element_located(locator))\n           ^^^^^^^^^^^^^^^^^^^^^^^^^^^^^^^^^^^^^^^^^^^^^^^^^^^^^^^^^^^^^^^^^^^^^^^^^\n  File \"/opt/hostedtoolcache/Python/3.11.14/x64/lib/python3.11/site-packages/selenium/webdriver/support/wait.py\", line 95, in until\n    raise TimeoutException(message, screen, stacktrace)\n","steps":[{"name":"Find a visible element","time":{"start":1762652890975,"stop":1762652896079,"duration":5104},"status":"broken","statusMessage":"selenium.common.exceptions.TimeoutException: Message: \nStacktrace:\n#0 0x5603576cdaea <unknown>\n#1 0x560357119cdb <unknown>\n#2 0x56035716c6c4 <unknown>\n#3 0x56035716c901 <unknown>\n#4 0x5603571bb8b4 <unknown>\n#5 0x5603571b8c87 <unknown>\n#6 0x56035715eaca <unknown>\n#7 0x56035715f7d1 <unknown>\n#8 0x560357694ab9 <unknown>\n#9 0x560357697a8c <unknown>\n#10 0x56035767dd49 <unknown>\n#11 0x560357698685 <unknown>\n#12 0x5603576656c3 <unknown>\n#13 0x5603576ba7d8 <unknown>\n#14 0x5603576ba9b3 <unknown>\n#15 0x5603576cca83 <unknown>\n#16 0x7f192c69caa4 <unknown>\n#17 0x7f192c729c6c <unknown>\n\n","statusTrace":"  File \"/opt/hostedtoolcache/Python/3.11.14/x64/lib/python3.11/site-packages/allure_commons/_allure.py\", line 192, in impl\n    return func(*a, **kw)\n           ^^^^^^^^^^^^^^\n  File \"/home/runner/work/luma_project/luma_project/pages/base_page.py\", line 30, in element_is_visible\n    self.go_to_element(self.element_is_present(locator))\n                       ^^^^^^^^^^^^^^^^^^^^^^^^^^^^^^^^\n  File \"/opt/hostedtoolcache/Python/3.11.14/x64/lib/python3.11/site-packages/allure_commons/_allure.py\", line 192, in impl\n    return func(*a, **kw)\n           ^^^^^^^^^^^^^^\n  File \"/home/runner/work/luma_project/luma_project/pages/base_page.py\", line 51, in element_is_present\n    return wait(self.driver, timeout).until(EC.presence_of_element_located(locator))\n           ^^^^^^^^^^^^^^^^^^^^^^^^^^^^^^^^^^^^^^^^^^^^^^^^^^^^^^^^^^^^^^^^^^^^^^^^^\n  File \"/opt/hostedtoolcache/Python/3.11.14/x64/lib/python3.11/site-packages/selenium/webdriver/support/wait.py\", line 95, in until\n    raise TimeoutException(message, screen, stacktrace)\n","steps":[{"name":"Find a present element","time":{"start":1762652890975,"stop":1762652896079,"duration":5104},"status":"broken","statusMessage":"selenium.common.exceptions.TimeoutException: Message: \nStacktrace:\n#0 0x5603576cdaea <unknown>\n#1 0x560357119cdb <unknown>\n#2 0x56035716c6c4 <unknown>\n#3 0x56035716c901 <unknown>\n#4 0x5603571bb8b4 <unknown>\n#5 0x5603571b8c87 <unknown>\n#6 0x56035715eaca <unknown>\n#7 0x56035715f7d1 <unknown>\n#8 0x560357694ab9 <unknown>\n#9 0x560357697a8c <unknown>\n#10 0x56035767dd49 <unknown>\n#11 0x560357698685 <unknown>\n#12 0x5603576656c3 <unknown>\n#13 0x5603576ba7d8 <unknown>\n#14 0x5603576ba9b3 <unknown>\n#15 0x5603576cca83 <unknown>\n#16 0x7f192c69caa4 <unknown>\n#17 0x7f192c729c6c <unknown>\n\n","statusTrace":"  File \"/opt/hostedtoolcache/Python/3.11.14/x64/lib/python3.11/site-packages/allure_commons/_allure.py\", line 192, in impl\n    return func(*a, **kw)\n           ^^^^^^^^^^^^^^\n  File \"/home/runner/work/luma_project/luma_project/pages/base_page.py\", line 51, in element_is_present\n    return wait(self.driver, timeout).until(EC.presence_of_element_located(locator))\n           ^^^^^^^^^^^^^^^^^^^^^^^^^^^^^^^^^^^^^^^^^^^^^^^^^^^^^^^^^^^^^^^^^^^^^^^^^\n  File \"/opt/hostedtoolcache/Python/3.11.14/x64/lib/python3.11/site-packages/selenium/webdriver/support/wait.py\", line 95, in until\n    raise TimeoutException(message, screen, stacktrace)\n","steps":[],"attachments":[],"parameters":[{"name":"locator","value":"('css selector', 'legend[class=\"legend\"] span')"},{"name":"timeout","value":"5"}],"stepsCount":0,"shouldDisplayMessage":true,"attachmentsCount":0,"hasContent":true,"attachmentStep":false}],"attachments":[],"parameters":[{"name":"locator","value":"('css selector', 'legend[class=\"legend\"] span')"},{"name":"timeout","value":"10"}],"stepsCount":1,"shouldDisplayMessage":false,"attachmentsCount":0,"hasContent":true,"attachmentStep":false}],"attachments":[],"parameters":[{"name":"locator","value":"('css selector', 'legend[class=\"legend\"] span')"}],"stepsCount":2,"shouldDisplayMessage":false,"attachmentsCount":0,"hasContent":true,"attachmentStep":false}],"attachments":[{"uid":"96fd3642d5612213","name":"Screenshot","source":"96fd3642d5612213.png","type":"image/png","size":23875},{"uid":"961664580f13953a","name":"HTML source","source":"961664580f13953a.html","type":"text/html","size":1433}],"parameters":[],"stepsCount":3,"shouldDisplayMessage":true,"attachmentsCount":2,"hasContent":true,"attachmentStep":false},"afterStages":[{"name":"driver::0","time":{"start":1762652896147,"stop":1762652896210,"duration":63},"status":"passed","steps":[],"attachments":[],"parameters":[],"stepsCount":0,"shouldDisplayMessage":false,"attachmentsCount":0,"hasContent":false,"attachmentStep":false},{"name":"clear_allure_result_folder::0","time":{"start":1762653839254,"stop":1762653839254,"duration":0},"status":"passed","steps":[],"attachments":[],"parameters":[],"stepsCount":0,"shouldDisplayMessage":false,"attachmentsCount":0,"hasContent":false,"attachmentStep":false}],"labels":[{"name":"epic","value":"Orders and Returns"},{"name":"parentSuite","value":"tests"},{"name":"suite","value":"test_orders_and_returns"},{"name":"subSuite","value":"TestOrdersAndReturnsPage"},{"name":"host","value":"runnervmw9dnm"},{"name":"thread","value":"2960-MainThread"},{"name":"framework","value":"pytest"},{"name":"language","value":"cpython3"},{"name":"package","value":"tests.test_orders_and_returns"},{"name":"resultFormat","value":"allure2"}],"parameters":[],"links":[],"hidden":false,"retry":false,"extra":{"severity":"normal","retries":[],"categories":[{"name":"Test defects","matchedStatuses":[],"flaky":false}],"tags":[]},"source":"6a12cdd2374d52.json","parameterValues":[]}