{"uid":"b8ee8d14f56f51d9","name":"TC 14.04.05 Verify the link 'Shorts' redirects to a correct page.","fullName":"tests.test_men.TestMenPage#test_tc_14_04_05","historyId":"6ad3aa24faed245107e0a3edc1e28882","time":{"start":1762652869861,"stop":1762652875370,"duration":5509},"description":"Verify that the link 'Shorts' correctly opens and redirects to a new webpage, the header 'Pants' is\n              displayed","descriptionHtml":"<p>Verify that the link 'Shorts' correctly opens and redirects to a new webpage, the header 'Pants' is<br />\ndisplayed</p>\n","status":"broken","statusMessage":"selenium.common.exceptions.TimeoutException: Message: \nStacktrace:\n#0 0x5626315c0aea <unknown>\n#1 0x56263100ccdb <unknown>\n#2 0x56263105f6c4 <unknown>\n#3 0x56263105f901 <unknown>\n#4 0x5626310ae8b4 <unknown>\n#5 0x5626310abc87 <unknown>\n#6 0x562631051aca <unknown>\n#7 0x5626310527d1 <unknown>\n#8 0x562631587ab9 <unknown>\n#9 0x56263158aa8c <unknown>\n#10 0x562631570d49 <unknown>\n#11 0x56263158b685 <unknown>\n#12 0x5626315586c3 <unknown>\n#13 0x5626315ad7d8 <unknown>\n#14 0x5626315ad9b3 <unknown>\n#15 0x5626315bfa83 <unknown>\n#16 0x7f8c5b69caa4 <unknown>\n#17 0x7f8c5b729c6c <unknown>","statusTrace":"self = <test_men.TestMenPage object at 0x7f5aae35b6d0>\ndriver = <selenium.webdriver.chrome.webdriver.WebDriver (session=\"0e71e4960f7d58aa6bc6f44daedb6693\")>\n\n    @allure.title(\"TC 14.04.05 Verify the link 'Shorts' redirects to a correct page.\")\n    @allure.severity(allure.severity_level.CRITICAL)\n    def test_tc_14_04_05(self, driver):\n        \"\"\"Verify that the link 'Shorts' correctly opens and redirects to a new webpage, the header 'Pants' is\n              displayed\"\"\"\n        page = MenPage(driver, MEN_PAGE_URL)\n        page.open()\n>       current_page = page.verify_shorts_link_redirects_to_a_correct_page()\n\ntests/test_men.py:174: \n_ _ _ _ _ _ _ _ _ _ _ _ _ _ _ _ _ _ _ _ _ _ _ _ _ _ _ _ _ _ _ _ _ _ _ _ _ _ _ _ \npages/men_page.py:165: in verify_shorts_link_redirects_to_a_correct_page\n    element = self.element_is_visible(self.side_bar_locators.SIDE_BAR_SHORTS)\npages/base_page.py:30: in element_is_visible\n    self.go_to_element(self.element_is_present(locator))\npages/base_page.py:51: in element_is_present\n    return wait(self.driver, timeout).until(EC.presence_of_element_located(locator))\n_ _ _ _ _ _ _ _ _ _ _ _ _ _ _ _ _ _ _ _ _ _ _ _ _ _ _ _ _ _ _ _ _ _ _ _ _ _ _ _ \n\nself = <selenium.webdriver.support.wait.WebDriverWait (session=\"0e71e4960f7d58aa6bc6f44daedb6693\")>\nmethod = <function presence_of_element_located.<locals>._predicate at 0x7f5aae8da660>\nmessage = ''\n\n    def until(self, method, message: str = \"\"):\n        \"\"\"Calls the method provided with the driver as an argument until the \\\n        return value does not evaluate to ``False``.\n    \n        :param method: callable(WebDriver)\n        :param message: optional message for :exc:`TimeoutException`\n        :returns: the result of the last call to `method`\n        :raises: :exc:`selenium.common.exceptions.TimeoutException` if timeout occurs\n        \"\"\"\n        screen = None\n        stacktrace = None\n    \n        end_time = time.monotonic() + self._timeout\n        while True:\n            try:\n                value = method(self._driver)\n                if value:\n                    return value\n            except self._ignored_exceptions as exc:\n                screen = getattr(exc, \"screen\", None)\n                stacktrace = getattr(exc, \"stacktrace\", None)\n            time.sleep(self._poll)\n            if time.monotonic() > end_time:\n                break\n>       raise TimeoutException(message, screen, stacktrace)\nE       selenium.common.exceptions.TimeoutException: Message: \nE       Stacktrace:\nE       #0 0x5626315c0aea <unknown>\nE       #1 0x56263100ccdb <unknown>\nE       #2 0x56263105f6c4 <unknown>\nE       #3 0x56263105f901 <unknown>\nE       #4 0x5626310ae8b4 <unknown>\nE       #5 0x5626310abc87 <unknown>\nE       #6 0x562631051aca <unknown>\nE       #7 0x5626310527d1 <unknown>\nE       #8 0x562631587ab9 <unknown>\nE       #9 0x56263158aa8c <unknown>\nE       #10 0x562631570d49 <unknown>\nE       #11 0x56263158b685 <unknown>\nE       #12 0x5626315586c3 <unknown>\nE       #13 0x5626315ad7d8 <unknown>\nE       #14 0x5626315ad9b3 <unknown>\nE       #15 0x5626315bfa83 <unknown>\nE       #16 0x7f8c5b69caa4 <unknown>\nE       #17 0x7f8c5b729c6c <unknown>\n\n/opt/hostedtoolcache/Python/3.11.14/x64/lib/python3.11/site-packages/selenium/webdriver/support/wait.py:95: TimeoutException","flaky":false,"newFailed":false,"newBroken":false,"newPassed":false,"retriesCount":0,"retriesStatusChange":false,"beforeStages":[{"name":"_session_faker","time":{"start":1762651296155,"stop":1762651296221,"duration":66},"status":"passed","steps":[],"attachments":[],"parameters":[],"stepsCount":0,"shouldDisplayMessage":false,"attachmentsCount":0,"hasContent":false,"attachmentStep":false},{"name":"clear_allure_result_folder","time":{"start":1762651296221,"stop":1762651296221,"duration":0},"status":"passed","steps":[],"attachments":[],"parameters":[],"stepsCount":0,"shouldDisplayMessage":false,"attachmentsCount":0,"hasContent":false,"attachmentStep":false},{"name":"driver","time":{"start":1762652868603,"stop":1762652869860,"duration":1257},"status":"passed","steps":[],"attachments":[],"parameters":[],"stepsCount":0,"shouldDisplayMessage":false,"attachmentsCount":0,"hasContent":false,"attachmentStep":false}],"testStage":{"description":"Verify that the link 'Shorts' correctly opens and redirects to a new webpage, the header 'Pants' is\n              displayed","status":"broken","statusMessage":"selenium.common.exceptions.TimeoutException: Message: \nStacktrace:\n#0 0x5626315c0aea <unknown>\n#1 0x56263100ccdb <unknown>\n#2 0x56263105f6c4 <unknown>\n#3 0x56263105f901 <unknown>\n#4 0x5626310ae8b4 <unknown>\n#5 0x5626310abc87 <unknown>\n#6 0x562631051aca <unknown>\n#7 0x5626310527d1 <unknown>\n#8 0x562631587ab9 <unknown>\n#9 0x56263158aa8c <unknown>\n#10 0x562631570d49 <unknown>\n#11 0x56263158b685 <unknown>\n#12 0x5626315586c3 <unknown>\n#13 0x5626315ad7d8 <unknown>\n#14 0x5626315ad9b3 <unknown>\n#15 0x5626315bfa83 <unknown>\n#16 0x7f8c5b69caa4 <unknown>\n#17 0x7f8c5b729c6c <unknown>","statusTrace":"self = <test_men.TestMenPage object at 0x7f5aae35b6d0>\ndriver = <selenium.webdriver.chrome.webdriver.WebDriver (session=\"0e71e4960f7d58aa6bc6f44daedb6693\")>\n\n    @allure.title(\"TC 14.04.05 Verify the link 'Shorts' redirects to a correct page.\")\n    @allure.severity(allure.severity_level.CRITICAL)\n    def test_tc_14_04_05(self, driver):\n        \"\"\"Verify that the link 'Shorts' correctly opens and redirects to a new webpage, the header 'Pants' is\n              displayed\"\"\"\n        page = MenPage(driver, MEN_PAGE_URL)\n        page.open()\n>       current_page = page.verify_shorts_link_redirects_to_a_correct_page()\n\ntests/test_men.py:174: \n_ _ _ _ _ _ _ _ _ _ _ _ _ _ _ _ _ _ _ _ _ _ _ _ _ _ _ _ _ _ _ _ _ _ _ _ _ _ _ _ \npages/men_page.py:165: in verify_shorts_link_redirects_to_a_correct_page\n    element = self.element_is_visible(self.side_bar_locators.SIDE_BAR_SHORTS)\npages/base_page.py:30: in element_is_visible\n    self.go_to_element(self.element_is_present(locator))\npages/base_page.py:51: in element_is_present\n    return wait(self.driver, timeout).until(EC.presence_of_element_located(locator))\n_ _ _ _ _ _ _ _ _ _ _ _ _ _ _ _ _ _ _ _ _ _ _ _ _ _ _ _ _ _ _ _ _ _ _ _ _ _ _ _ \n\nself = <selenium.webdriver.support.wait.WebDriverWait (session=\"0e71e4960f7d58aa6bc6f44daedb6693\")>\nmethod = <function presence_of_element_located.<locals>._predicate at 0x7f5aae8da660>\nmessage = ''\n\n    def until(self, method, message: str = \"\"):\n        \"\"\"Calls the method provided with the driver as an argument until the \\\n        return value does not evaluate to ``False``.\n    \n        :param method: callable(WebDriver)\n        :param message: optional message for :exc:`TimeoutException`\n        :returns: the result of the last call to `method`\n        :raises: :exc:`selenium.common.exceptions.TimeoutException` if timeout occurs\n        \"\"\"\n        screen = None\n        stacktrace = None\n    \n        end_time = time.monotonic() + self._timeout\n        while True:\n            try:\n                value = method(self._driver)\n                if value:\n                    return value\n            except self._ignored_exceptions as exc:\n                screen = getattr(exc, \"screen\", None)\n                stacktrace = getattr(exc, \"stacktrace\", None)\n            time.sleep(self._poll)\n            if time.monotonic() > end_time:\n                break\n>       raise TimeoutException(message, screen, stacktrace)\nE       selenium.common.exceptions.TimeoutException: Message: \nE       Stacktrace:\nE       #0 0x5626315c0aea <unknown>\nE       #1 0x56263100ccdb <unknown>\nE       #2 0x56263105f6c4 <unknown>\nE       #3 0x56263105f901 <unknown>\nE       #4 0x5626310ae8b4 <unknown>\nE       #5 0x5626310abc87 <unknown>\nE       #6 0x562631051aca <unknown>\nE       #7 0x5626310527d1 <unknown>\nE       #8 0x562631587ab9 <unknown>\nE       #9 0x56263158aa8c <unknown>\nE       #10 0x562631570d49 <unknown>\nE       #11 0x56263158b685 <unknown>\nE       #12 0x5626315586c3 <unknown>\nE       #13 0x5626315ad7d8 <unknown>\nE       #14 0x5626315ad9b3 <unknown>\nE       #15 0x5626315bfa83 <unknown>\nE       #16 0x7f8c5b69caa4 <unknown>\nE       #17 0x7f8c5b729c6c <unknown>\n\n/opt/hostedtoolcache/Python/3.11.14/x64/lib/python3.11/site-packages/selenium/webdriver/support/wait.py:95: TimeoutException","steps":[{"name":"Open a browser","time":{"start":1762652869861,"stop":1762652870262,"duration":401},"status":"passed","steps":[],"attachments":[],"parameters":[],"stepsCount":0,"shouldDisplayMessage":false,"attachmentsCount":0,"hasContent":false,"attachmentStep":false},{"name":"Correct redirection of the link \"Shorts\" on Men page","time":{"start":1762652870262,"stop":1762652875370,"duration":5108},"status":"broken","statusMessage":"selenium.common.exceptions.TimeoutException: Message: \nStacktrace:\n#0 0x5626315c0aea <unknown>\n#1 0x56263100ccdb <unknown>\n#2 0x56263105f6c4 <unknown>\n#3 0x56263105f901 <unknown>\n#4 0x5626310ae8b4 <unknown>\n#5 0x5626310abc87 <unknown>\n#6 0x562631051aca <unknown>\n#7 0x5626310527d1 <unknown>\n#8 0x562631587ab9 <unknown>\n#9 0x56263158aa8c <unknown>\n#10 0x562631570d49 <unknown>\n#11 0x56263158b685 <unknown>\n#12 0x5626315586c3 <unknown>\n#13 0x5626315ad7d8 <unknown>\n#14 0x5626315ad9b3 <unknown>\n#15 0x5626315bfa83 <unknown>\n#16 0x7f8c5b69caa4 <unknown>\n#17 0x7f8c5b729c6c <unknown>\n\n","statusTrace":"  File \"/opt/hostedtoolcache/Python/3.11.14/x64/lib/python3.11/site-packages/allure_commons/_allure.py\", line 192, in impl\n    return func(*a, **kw)\n           ^^^^^^^^^^^^^^\n  File \"/home/runner/work/luma_project/luma_project/pages/men_page.py\", line 165, in verify_shorts_link_redirects_to_a_correct_page\n    element = self.element_is_visible(self.side_bar_locators.SIDE_BAR_SHORTS)\n              ^^^^^^^^^^^^^^^^^^^^^^^^^^^^^^^^^^^^^^^^^^^^^^^^^^^^^^^^^^^^^^^\n  File \"/opt/hostedtoolcache/Python/3.11.14/x64/lib/python3.11/site-packages/allure_commons/_allure.py\", line 192, in impl\n    return func(*a, **kw)\n           ^^^^^^^^^^^^^^\n  File \"/home/runner/work/luma_project/luma_project/pages/base_page.py\", line 30, in element_is_visible\n    self.go_to_element(self.element_is_present(locator))\n                       ^^^^^^^^^^^^^^^^^^^^^^^^^^^^^^^^\n  File \"/opt/hostedtoolcache/Python/3.11.14/x64/lib/python3.11/site-packages/allure_commons/_allure.py\", line 192, in impl\n    return func(*a, **kw)\n           ^^^^^^^^^^^^^^\n  File \"/home/runner/work/luma_project/luma_project/pages/base_page.py\", line 51, in element_is_present\n    return wait(self.driver, timeout).until(EC.presence_of_element_located(locator))\n           ^^^^^^^^^^^^^^^^^^^^^^^^^^^^^^^^^^^^^^^^^^^^^^^^^^^^^^^^^^^^^^^^^^^^^^^^^\n  File \"/opt/hostedtoolcache/Python/3.11.14/x64/lib/python3.11/site-packages/selenium/webdriver/support/wait.py\", line 95, in until\n    raise TimeoutException(message, screen, stacktrace)\n","steps":[{"name":"Find a visible element","time":{"start":1762652870262,"stop":1762652875369,"duration":5107},"status":"broken","statusMessage":"selenium.common.exceptions.TimeoutException: Message: \nStacktrace:\n#0 0x5626315c0aea <unknown>\n#1 0x56263100ccdb <unknown>\n#2 0x56263105f6c4 <unknown>\n#3 0x56263105f901 <unknown>\n#4 0x5626310ae8b4 <unknown>\n#5 0x5626310abc87 <unknown>\n#6 0x562631051aca <unknown>\n#7 0x5626310527d1 <unknown>\n#8 0x562631587ab9 <unknown>\n#9 0x56263158aa8c <unknown>\n#10 0x562631570d49 <unknown>\n#11 0x56263158b685 <unknown>\n#12 0x5626315586c3 <unknown>\n#13 0x5626315ad7d8 <unknown>\n#14 0x5626315ad9b3 <unknown>\n#15 0x5626315bfa83 <unknown>\n#16 0x7f8c5b69caa4 <unknown>\n#17 0x7f8c5b729c6c <unknown>\n\n","statusTrace":"  File \"/opt/hostedtoolcache/Python/3.11.14/x64/lib/python3.11/site-packages/allure_commons/_allure.py\", line 192, in impl\n    return func(*a, **kw)\n           ^^^^^^^^^^^^^^\n  File \"/home/runner/work/luma_project/luma_project/pages/base_page.py\", line 30, in element_is_visible\n    self.go_to_element(self.element_is_present(locator))\n                       ^^^^^^^^^^^^^^^^^^^^^^^^^^^^^^^^\n  File \"/opt/hostedtoolcache/Python/3.11.14/x64/lib/python3.11/site-packages/allure_commons/_allure.py\", line 192, in impl\n    return func(*a, **kw)\n           ^^^^^^^^^^^^^^\n  File \"/home/runner/work/luma_project/luma_project/pages/base_page.py\", line 51, in element_is_present\n    return wait(self.driver, timeout).until(EC.presence_of_element_located(locator))\n           ^^^^^^^^^^^^^^^^^^^^^^^^^^^^^^^^^^^^^^^^^^^^^^^^^^^^^^^^^^^^^^^^^^^^^^^^^\n  File \"/opt/hostedtoolcache/Python/3.11.14/x64/lib/python3.11/site-packages/selenium/webdriver/support/wait.py\", line 95, in until\n    raise TimeoutException(message, screen, stacktrace)\n","steps":[{"name":"Find a present element","time":{"start":1762652870262,"stop":1762652875369,"duration":5107},"status":"broken","statusMessage":"selenium.common.exceptions.TimeoutException: Message: \nStacktrace:\n#0 0x5626315c0aea <unknown>\n#1 0x56263100ccdb <unknown>\n#2 0x56263105f6c4 <unknown>\n#3 0x56263105f901 <unknown>\n#4 0x5626310ae8b4 <unknown>\n#5 0x5626310abc87 <unknown>\n#6 0x562631051aca <unknown>\n#7 0x5626310527d1 <unknown>\n#8 0x562631587ab9 <unknown>\n#9 0x56263158aa8c <unknown>\n#10 0x562631570d49 <unknown>\n#11 0x56263158b685 <unknown>\n#12 0x5626315586c3 <unknown>\n#13 0x5626315ad7d8 <unknown>\n#14 0x5626315ad9b3 <unknown>\n#15 0x5626315bfa83 <unknown>\n#16 0x7f8c5b69caa4 <unknown>\n#17 0x7f8c5b729c6c <unknown>\n\n","statusTrace":"  File \"/opt/hostedtoolcache/Python/3.11.14/x64/lib/python3.11/site-packages/allure_commons/_allure.py\", line 192, in impl\n    return func(*a, **kw)\n           ^^^^^^^^^^^^^^\n  File \"/home/runner/work/luma_project/luma_project/pages/base_page.py\", line 51, in element_is_present\n    return wait(self.driver, timeout).until(EC.presence_of_element_located(locator))\n           ^^^^^^^^^^^^^^^^^^^^^^^^^^^^^^^^^^^^^^^^^^^^^^^^^^^^^^^^^^^^^^^^^^^^^^^^^\n  File \"/opt/hostedtoolcache/Python/3.11.14/x64/lib/python3.11/site-packages/selenium/webdriver/support/wait.py\", line 95, in until\n    raise TimeoutException(message, screen, stacktrace)\n","steps":[],"attachments":[],"parameters":[{"name":"locator","value":"('xpath', '//*[@id=\"maincontent\"]/div[4]/div[2]/div[2]/div/ul[2]/li[2]/a')"},{"name":"timeout","value":"5"}],"stepsCount":0,"shouldDisplayMessage":true,"attachmentsCount":0,"hasContent":true,"attachmentStep":false}],"attachments":[],"parameters":[{"name":"locator","value":"('xpath', '//*[@id=\"maincontent\"]/div[4]/div[2]/div[2]/div/ul[2]/li[2]/a')"},{"name":"timeout","value":"10"}],"stepsCount":1,"shouldDisplayMessage":false,"attachmentsCount":0,"hasContent":true,"attachmentStep":false}],"attachments":[],"parameters":[],"stepsCount":2,"shouldDisplayMessage":false,"attachmentsCount":0,"hasContent":true,"attachmentStep":false}],"attachments":[{"uid":"6aed2a53499b54bf","name":"Screenshot","source":"6aed2a53499b54bf.png","type":"image/png","size":23875},{"uid":"ffd2146e255b2b10","name":"HTML source","source":"ffd2146e255b2b10.html","type":"text/html","size":1433}],"parameters":[],"stepsCount":4,"shouldDisplayMessage":true,"attachmentsCount":2,"hasContent":true,"attachmentStep":false},"afterStages":[{"name":"driver::0","time":{"start":1762652875439,"stop":1762652875501,"duration":62},"status":"passed","steps":[],"attachments":[],"parameters":[],"stepsCount":0,"shouldDisplayMessage":false,"attachmentsCount":0,"hasContent":false,"attachmentStep":false},{"name":"clear_allure_result_folder::0","time":{"start":1762653839254,"stop":1762653839254,"duration":0},"status":"passed","steps":[],"attachments":[],"parameters":[],"stepsCount":0,"shouldDisplayMessage":false,"attachmentsCount":0,"hasContent":false,"attachmentStep":false}],"labels":[{"name":"severity","value":"critical"},{"name":"epic","value":"MenPage"},{"name":"parentSuite","value":"tests"},{"name":"suite","value":"test_men"},{"name":"subSuite","value":"TestMenPage"},{"name":"host","value":"runnervmw9dnm"},{"name":"thread","value":"2960-MainThread"},{"name":"framework","value":"pytest"},{"name":"language","value":"cpython3"},{"name":"package","value":"tests.test_men"},{"name":"resultFormat","value":"allure2"}],"parameters":[],"links":[],"hidden":false,"retry":false,"extra":{"severity":"critical","retries":[],"categories":[{"name":"Test defects","matchedStatuses":[],"flaky":false}],"tags":[]},"source":"b8ee8d14f56f51d9.json","parameterValues":[]}