{"uid":"f5c14a1cf8c99b1c","name":"TC 14.04.02 Verify the link 'Pants' is visible and clickable.","fullName":"tests.test_men.TestMenPage#test_tc_14_04_02","historyId":"de882e86ffef0511aa7d51c67686301e","time":{"start":1762652849495,"stop":1762652854902,"duration":5407},"description":"Verify that the link 'Pants' is displayed and clickable","descriptionHtml":"<p>Verify that the link 'Pants' is displayed and clickable</p>\n","status":"broken","statusMessage":"selenium.common.exceptions.TimeoutException: Message: \nStacktrace:\n#0 0x5606f96cdaea <unknown>\n#1 0x5606f9119cdb <unknown>\n#2 0x5606f916c6c4 <unknown>\n#3 0x5606f916c901 <unknown>\n#4 0x5606f91bb8b4 <unknown>\n#5 0x5606f91b8c87 <unknown>\n#6 0x5606f915eaca <unknown>\n#7 0x5606f915f7d1 <unknown>\n#8 0x5606f9694ab9 <unknown>\n#9 0x5606f9697a8c <unknown>\n#10 0x5606f967dd49 <unknown>\n#11 0x5606f9698685 <unknown>\n#12 0x5606f96656c3 <unknown>\n#13 0x5606f96ba7d8 <unknown>\n#14 0x5606f96ba9b3 <unknown>\n#15 0x5606f96cca83 <unknown>\n#16 0x7ffb8989caa4 <unknown>\n#17 0x7ffb89929c6c <unknown>","statusTrace":"self = <test_men.TestMenPage object at 0x7f5aae3580d0>\ndriver = <selenium.webdriver.chrome.webdriver.WebDriver (session=\"0d97359f2ac0c650bf8ea0c264457ad4\")>\n\n    @allure.title(\"TC 14.04.02 Verify the link 'Pants' is visible and clickable.\")\n    @allure.severity(allure.severity_level.CRITICAL)\n    def test_tc_14_04_02(self, driver):\n        \"\"\"Verify that the link 'Pants' is displayed and clickable\"\"\"\n        page = MenPage(driver, MEN_PAGE_URL)\n        page.open()\n>       link = page.verify_pants_link_is_visible_and_clickable()\n\ntests/test_men.py:145: \n_ _ _ _ _ _ _ _ _ _ _ _ _ _ _ _ _ _ _ _ _ _ _ _ _ _ _ _ _ _ _ _ _ _ _ _ _ _ _ _ \npages/men_page.py:140: in verify_pants_link_is_visible_and_clickable\n    element = self.element_is_visible(self.side_bar_locators.SIDE_BAR_PANTS)\npages/base_page.py:30: in element_is_visible\n    self.go_to_element(self.element_is_present(locator))\npages/base_page.py:51: in element_is_present\n    return wait(self.driver, timeout).until(EC.presence_of_element_located(locator))\n_ _ _ _ _ _ _ _ _ _ _ _ _ _ _ _ _ _ _ _ _ _ _ _ _ _ _ _ _ _ _ _ _ _ _ _ _ _ _ _ \n\nself = <selenium.webdriver.support.wait.WebDriverWait (session=\"0d97359f2ac0c650bf8ea0c264457ad4\")>\nmethod = <function presence_of_element_located.<locals>._predicate at 0x7f5aae8d8d60>\nmessage = ''\n\n    def until(self, method, message: str = \"\"):\n        \"\"\"Calls the method provided with the driver as an argument until the \\\n        return value does not evaluate to ``False``.\n    \n        :param method: callable(WebDriver)\n        :param message: optional message for :exc:`TimeoutException`\n        :returns: the result of the last call to `method`\n        :raises: :exc:`selenium.common.exceptions.TimeoutException` if timeout occurs\n        \"\"\"\n        screen = None\n        stacktrace = None\n    \n        end_time = time.monotonic() + self._timeout\n        while True:\n            try:\n                value = method(self._driver)\n                if value:\n                    return value\n            except self._ignored_exceptions as exc:\n                screen = getattr(exc, \"screen\", None)\n                stacktrace = getattr(exc, \"stacktrace\", None)\n            time.sleep(self._poll)\n            if time.monotonic() > end_time:\n                break\n>       raise TimeoutException(message, screen, stacktrace)\nE       selenium.common.exceptions.TimeoutException: Message: \nE       Stacktrace:\nE       #0 0x5606f96cdaea <unknown>\nE       #1 0x5606f9119cdb <unknown>\nE       #2 0x5606f916c6c4 <unknown>\nE       #3 0x5606f916c901 <unknown>\nE       #4 0x5606f91bb8b4 <unknown>\nE       #5 0x5606f91b8c87 <unknown>\nE       #6 0x5606f915eaca <unknown>\nE       #7 0x5606f915f7d1 <unknown>\nE       #8 0x5606f9694ab9 <unknown>\nE       #9 0x5606f9697a8c <unknown>\nE       #10 0x5606f967dd49 <unknown>\nE       #11 0x5606f9698685 <unknown>\nE       #12 0x5606f96656c3 <unknown>\nE       #13 0x5606f96ba7d8 <unknown>\nE       #14 0x5606f96ba9b3 <unknown>\nE       #15 0x5606f96cca83 <unknown>\nE       #16 0x7ffb8989caa4 <unknown>\nE       #17 0x7ffb89929c6c <unknown>\n\n/opt/hostedtoolcache/Python/3.11.14/x64/lib/python3.11/site-packages/selenium/webdriver/support/wait.py:95: TimeoutException","flaky":false,"newFailed":false,"newBroken":false,"newPassed":false,"retriesCount":0,"retriesStatusChange":false,"beforeStages":[{"name":"_session_faker","time":{"start":1762651296155,"stop":1762651296221,"duration":66},"status":"passed","steps":[],"attachments":[],"parameters":[],"stepsCount":0,"shouldDisplayMessage":false,"attachmentsCount":0,"hasContent":false,"attachmentStep":false},{"name":"clear_allure_result_folder","time":{"start":1762651296221,"stop":1762651296221,"duration":0},"status":"passed","steps":[],"attachments":[],"parameters":[],"stepsCount":0,"shouldDisplayMessage":false,"attachmentsCount":0,"hasContent":false,"attachmentStep":false},{"name":"driver","time":{"start":1762652848237,"stop":1762652849494,"duration":1257},"status":"passed","steps":[],"attachments":[],"parameters":[],"stepsCount":0,"shouldDisplayMessage":false,"attachmentsCount":0,"hasContent":false,"attachmentStep":false}],"testStage":{"description":"Verify that the link 'Pants' is displayed and clickable","status":"broken","statusMessage":"selenium.common.exceptions.TimeoutException: Message: \nStacktrace:\n#0 0x5606f96cdaea <unknown>\n#1 0x5606f9119cdb <unknown>\n#2 0x5606f916c6c4 <unknown>\n#3 0x5606f916c901 <unknown>\n#4 0x5606f91bb8b4 <unknown>\n#5 0x5606f91b8c87 <unknown>\n#6 0x5606f915eaca <unknown>\n#7 0x5606f915f7d1 <unknown>\n#8 0x5606f9694ab9 <unknown>\n#9 0x5606f9697a8c <unknown>\n#10 0x5606f967dd49 <unknown>\n#11 0x5606f9698685 <unknown>\n#12 0x5606f96656c3 <unknown>\n#13 0x5606f96ba7d8 <unknown>\n#14 0x5606f96ba9b3 <unknown>\n#15 0x5606f96cca83 <unknown>\n#16 0x7ffb8989caa4 <unknown>\n#17 0x7ffb89929c6c <unknown>","statusTrace":"self = <test_men.TestMenPage object at 0x7f5aae3580d0>\ndriver = <selenium.webdriver.chrome.webdriver.WebDriver (session=\"0d97359f2ac0c650bf8ea0c264457ad4\")>\n\n    @allure.title(\"TC 14.04.02 Verify the link 'Pants' is visible and clickable.\")\n    @allure.severity(allure.severity_level.CRITICAL)\n    def test_tc_14_04_02(self, driver):\n        \"\"\"Verify that the link 'Pants' is displayed and clickable\"\"\"\n        page = MenPage(driver, MEN_PAGE_URL)\n        page.open()\n>       link = page.verify_pants_link_is_visible_and_clickable()\n\ntests/test_men.py:145: \n_ _ _ _ _ _ _ _ _ _ _ _ _ _ _ _ _ _ _ _ _ _ _ _ _ _ _ _ _ _ _ _ _ _ _ _ _ _ _ _ \npages/men_page.py:140: in verify_pants_link_is_visible_and_clickable\n    element = self.element_is_visible(self.side_bar_locators.SIDE_BAR_PANTS)\npages/base_page.py:30: in element_is_visible\n    self.go_to_element(self.element_is_present(locator))\npages/base_page.py:51: in element_is_present\n    return wait(self.driver, timeout).until(EC.presence_of_element_located(locator))\n_ _ _ _ _ _ _ _ _ _ _ _ _ _ _ _ _ _ _ _ _ _ _ _ _ _ _ _ _ _ _ _ _ _ _ _ _ _ _ _ \n\nself = <selenium.webdriver.support.wait.WebDriverWait (session=\"0d97359f2ac0c650bf8ea0c264457ad4\")>\nmethod = <function presence_of_element_located.<locals>._predicate at 0x7f5aae8d8d60>\nmessage = ''\n\n    def until(self, method, message: str = \"\"):\n        \"\"\"Calls the method provided with the driver as an argument until the \\\n        return value does not evaluate to ``False``.\n    \n        :param method: callable(WebDriver)\n        :param message: optional message for :exc:`TimeoutException`\n        :returns: the result of the last call to `method`\n        :raises: :exc:`selenium.common.exceptions.TimeoutException` if timeout occurs\n        \"\"\"\n        screen = None\n        stacktrace = None\n    \n        end_time = time.monotonic() + self._timeout\n        while True:\n            try:\n                value = method(self._driver)\n                if value:\n                    return value\n            except self._ignored_exceptions as exc:\n                screen = getattr(exc, \"screen\", None)\n                stacktrace = getattr(exc, \"stacktrace\", None)\n            time.sleep(self._poll)\n            if time.monotonic() > end_time:\n                break\n>       raise TimeoutException(message, screen, stacktrace)\nE       selenium.common.exceptions.TimeoutException: Message: \nE       Stacktrace:\nE       #0 0x5606f96cdaea <unknown>\nE       #1 0x5606f9119cdb <unknown>\nE       #2 0x5606f916c6c4 <unknown>\nE       #3 0x5606f916c901 <unknown>\nE       #4 0x5606f91bb8b4 <unknown>\nE       #5 0x5606f91b8c87 <unknown>\nE       #6 0x5606f915eaca <unknown>\nE       #7 0x5606f915f7d1 <unknown>\nE       #8 0x5606f9694ab9 <unknown>\nE       #9 0x5606f9697a8c <unknown>\nE       #10 0x5606f967dd49 <unknown>\nE       #11 0x5606f9698685 <unknown>\nE       #12 0x5606f96656c3 <unknown>\nE       #13 0x5606f96ba7d8 <unknown>\nE       #14 0x5606f96ba9b3 <unknown>\nE       #15 0x5606f96cca83 <unknown>\nE       #16 0x7ffb8989caa4 <unknown>\nE       #17 0x7ffb89929c6c <unknown>\n\n/opt/hostedtoolcache/Python/3.11.14/x64/lib/python3.11/site-packages/selenium/webdriver/support/wait.py:95: TimeoutException","steps":[{"name":"Open a browser","time":{"start":1762652849495,"stop":1762652849790,"duration":295},"status":"passed","steps":[],"attachments":[],"parameters":[],"stepsCount":0,"shouldDisplayMessage":false,"attachmentsCount":0,"hasContent":false,"attachmentStep":false},{"name":"Find clickable elements link 'Pants' on Men page","time":{"start":1762652849790,"stop":1762652854901,"duration":5111},"status":"broken","statusMessage":"selenium.common.exceptions.TimeoutException: Message: \nStacktrace:\n#0 0x5606f96cdaea <unknown>\n#1 0x5606f9119cdb <unknown>\n#2 0x5606f916c6c4 <unknown>\n#3 0x5606f916c901 <unknown>\n#4 0x5606f91bb8b4 <unknown>\n#5 0x5606f91b8c87 <unknown>\n#6 0x5606f915eaca <unknown>\n#7 0x5606f915f7d1 <unknown>\n#8 0x5606f9694ab9 <unknown>\n#9 0x5606f9697a8c <unknown>\n#10 0x5606f967dd49 <unknown>\n#11 0x5606f9698685 <unknown>\n#12 0x5606f96656c3 <unknown>\n#13 0x5606f96ba7d8 <unknown>\n#14 0x5606f96ba9b3 <unknown>\n#15 0x5606f96cca83 <unknown>\n#16 0x7ffb8989caa4 <unknown>\n#17 0x7ffb89929c6c <unknown>\n\n","statusTrace":"  File \"/opt/hostedtoolcache/Python/3.11.14/x64/lib/python3.11/site-packages/allure_commons/_allure.py\", line 192, in impl\n    return func(*a, **kw)\n           ^^^^^^^^^^^^^^\n  File \"/home/runner/work/luma_project/luma_project/pages/men_page.py\", line 140, in verify_pants_link_is_visible_and_clickable\n    element = self.element_is_visible(self.side_bar_locators.SIDE_BAR_PANTS)\n              ^^^^^^^^^^^^^^^^^^^^^^^^^^^^^^^^^^^^^^^^^^^^^^^^^^^^^^^^^^^^^^\n  File \"/opt/hostedtoolcache/Python/3.11.14/x64/lib/python3.11/site-packages/allure_commons/_allure.py\", line 192, in impl\n    return func(*a, **kw)\n           ^^^^^^^^^^^^^^\n  File \"/home/runner/work/luma_project/luma_project/pages/base_page.py\", line 30, in element_is_visible\n    self.go_to_element(self.element_is_present(locator))\n                       ^^^^^^^^^^^^^^^^^^^^^^^^^^^^^^^^\n  File \"/opt/hostedtoolcache/Python/3.11.14/x64/lib/python3.11/site-packages/allure_commons/_allure.py\", line 192, in impl\n    return func(*a, **kw)\n           ^^^^^^^^^^^^^^\n  File \"/home/runner/work/luma_project/luma_project/pages/base_page.py\", line 51, in element_is_present\n    return wait(self.driver, timeout).until(EC.presence_of_element_located(locator))\n           ^^^^^^^^^^^^^^^^^^^^^^^^^^^^^^^^^^^^^^^^^^^^^^^^^^^^^^^^^^^^^^^^^^^^^^^^^\n  File \"/opt/hostedtoolcache/Python/3.11.14/x64/lib/python3.11/site-packages/selenium/webdriver/support/wait.py\", line 95, in until\n    raise TimeoutException(message, screen, stacktrace)\n","steps":[{"name":"Find a visible element","time":{"start":1762652849790,"stop":1762652854901,"duration":5111},"status":"broken","statusMessage":"selenium.common.exceptions.TimeoutException: Message: \nStacktrace:\n#0 0x5606f96cdaea <unknown>\n#1 0x5606f9119cdb <unknown>\n#2 0x5606f916c6c4 <unknown>\n#3 0x5606f916c901 <unknown>\n#4 0x5606f91bb8b4 <unknown>\n#5 0x5606f91b8c87 <unknown>\n#6 0x5606f915eaca <unknown>\n#7 0x5606f915f7d1 <unknown>\n#8 0x5606f9694ab9 <unknown>\n#9 0x5606f9697a8c <unknown>\n#10 0x5606f967dd49 <unknown>\n#11 0x5606f9698685 <unknown>\n#12 0x5606f96656c3 <unknown>\n#13 0x5606f96ba7d8 <unknown>\n#14 0x5606f96ba9b3 <unknown>\n#15 0x5606f96cca83 <unknown>\n#16 0x7ffb8989caa4 <unknown>\n#17 0x7ffb89929c6c <unknown>\n\n","statusTrace":"  File \"/opt/hostedtoolcache/Python/3.11.14/x64/lib/python3.11/site-packages/allure_commons/_allure.py\", line 192, in impl\n    return func(*a, **kw)\n           ^^^^^^^^^^^^^^\n  File \"/home/runner/work/luma_project/luma_project/pages/base_page.py\", line 30, in element_is_visible\n    self.go_to_element(self.element_is_present(locator))\n                       ^^^^^^^^^^^^^^^^^^^^^^^^^^^^^^^^\n  File \"/opt/hostedtoolcache/Python/3.11.14/x64/lib/python3.11/site-packages/allure_commons/_allure.py\", line 192, in impl\n    return func(*a, **kw)\n           ^^^^^^^^^^^^^^\n  File \"/home/runner/work/luma_project/luma_project/pages/base_page.py\", line 51, in element_is_present\n    return wait(self.driver, timeout).until(EC.presence_of_element_located(locator))\n           ^^^^^^^^^^^^^^^^^^^^^^^^^^^^^^^^^^^^^^^^^^^^^^^^^^^^^^^^^^^^^^^^^^^^^^^^^\n  File \"/opt/hostedtoolcache/Python/3.11.14/x64/lib/python3.11/site-packages/selenium/webdriver/support/wait.py\", line 95, in until\n    raise TimeoutException(message, screen, stacktrace)\n","steps":[{"name":"Find a present element","time":{"start":1762652849790,"stop":1762652854901,"duration":5111},"status":"broken","statusMessage":"selenium.common.exceptions.TimeoutException: Message: \nStacktrace:\n#0 0x5606f96cdaea <unknown>\n#1 0x5606f9119cdb <unknown>\n#2 0x5606f916c6c4 <unknown>\n#3 0x5606f916c901 <unknown>\n#4 0x5606f91bb8b4 <unknown>\n#5 0x5606f91b8c87 <unknown>\n#6 0x5606f915eaca <unknown>\n#7 0x5606f915f7d1 <unknown>\n#8 0x5606f9694ab9 <unknown>\n#9 0x5606f9697a8c <unknown>\n#10 0x5606f967dd49 <unknown>\n#11 0x5606f9698685 <unknown>\n#12 0x5606f96656c3 <unknown>\n#13 0x5606f96ba7d8 <unknown>\n#14 0x5606f96ba9b3 <unknown>\n#15 0x5606f96cca83 <unknown>\n#16 0x7ffb8989caa4 <unknown>\n#17 0x7ffb89929c6c <unknown>\n\n","statusTrace":"  File \"/opt/hostedtoolcache/Python/3.11.14/x64/lib/python3.11/site-packages/allure_commons/_allure.py\", line 192, in impl\n    return func(*a, **kw)\n           ^^^^^^^^^^^^^^\n  File \"/home/runner/work/luma_project/luma_project/pages/base_page.py\", line 51, in element_is_present\n    return wait(self.driver, timeout).until(EC.presence_of_element_located(locator))\n           ^^^^^^^^^^^^^^^^^^^^^^^^^^^^^^^^^^^^^^^^^^^^^^^^^^^^^^^^^^^^^^^^^^^^^^^^^\n  File \"/opt/hostedtoolcache/Python/3.11.14/x64/lib/python3.11/site-packages/selenium/webdriver/support/wait.py\", line 95, in until\n    raise TimeoutException(message, screen, stacktrace)\n","steps":[],"attachments":[],"parameters":[{"name":"locator","value":"('xpath', '//*[@id=\"maincontent\"]/div[4]/div[2]/div[2]/div/ul[2]/li[1]/a')"},{"name":"timeout","value":"5"}],"stepsCount":0,"shouldDisplayMessage":true,"attachmentsCount":0,"hasContent":true,"attachmentStep":false}],"attachments":[],"parameters":[{"name":"locator","value":"('xpath', '//*[@id=\"maincontent\"]/div[4]/div[2]/div[2]/div/ul[2]/li[1]/a')"},{"name":"timeout","value":"10"}],"stepsCount":1,"shouldDisplayMessage":false,"attachmentsCount":0,"hasContent":true,"attachmentStep":false}],"attachments":[],"parameters":[],"stepsCount":2,"shouldDisplayMessage":false,"attachmentsCount":0,"hasContent":true,"attachmentStep":false}],"attachments":[{"uid":"a2a9c243c2d01ac8","name":"Screenshot","source":"a2a9c243c2d01ac8.png","type":"image/png","size":23875},{"uid":"20c7af07ae666057","name":"HTML source","source":"20c7af07ae666057.html","type":"text/html","size":1433}],"parameters":[],"stepsCount":4,"shouldDisplayMessage":true,"attachmentsCount":2,"hasContent":true,"attachmentStep":false},"afterStages":[{"name":"driver::0","time":{"start":1762652854972,"stop":1762652855034,"duration":62},"status":"passed","steps":[],"attachments":[],"parameters":[],"stepsCount":0,"shouldDisplayMessage":false,"attachmentsCount":0,"hasContent":false,"attachmentStep":false},{"name":"clear_allure_result_folder::0","time":{"start":1762653839254,"stop":1762653839254,"duration":0},"status":"passed","steps":[],"attachments":[],"parameters":[],"stepsCount":0,"shouldDisplayMessage":false,"attachmentsCount":0,"hasContent":false,"attachmentStep":false}],"labels":[{"name":"severity","value":"critical"},{"name":"epic","value":"MenPage"},{"name":"parentSuite","value":"tests"},{"name":"suite","value":"test_men"},{"name":"subSuite","value":"TestMenPage"},{"name":"host","value":"runnervmw9dnm"},{"name":"thread","value":"2960-MainThread"},{"name":"framework","value":"pytest"},{"name":"language","value":"cpython3"},{"name":"package","value":"tests.test_men"},{"name":"resultFormat","value":"allure2"}],"parameters":[],"links":[],"hidden":false,"retry":false,"extra":{"severity":"critical","retries":[],"categories":[{"name":"Test defects","matchedStatuses":[],"flaky":false}],"tags":[]},"source":"f5c14a1cf8c99b1c.json","parameterValues":[]}