{"uid":"d74795979649a3cb","name":"TC 01.03.19 correctness of the \"Jackets\" link of the \"Men\" section","fullName":"tests.test_header.TestHeader#test_tc_01_03_19_correctness_of_jackets_men_section_link","historyId":"964a2415d1a023875ce22f1921afa898","time":{"start":1751766488487,"stop":1751766495995,"duration":7508},"description":"Check 'Jackets' subsection link click in 'Men' section redirects to the Jackets-men page and         the 'Jackets' header is displayed","descriptionHtml":"<p>Check 'Jackets' subsection link click in 'Men' section redirects to the Jackets-men page and         the 'Jackets' header is displayed</p>\n","status":"broken","statusMessage":"selenium.common.exceptions.TimeoutException: Message: \nStacktrace:\n#0 0x55dbc36ed26a <unknown>\n#1 0x55dbc3197ab0 <unknown>\n#2 0x55dbc31e96f0 <unknown>\n#3 0x55dbc31e98e1 <unknown>\n#4 0x55dbc3237b94 <unknown>\n#5 0x55dbc320f1cd <unknown>\n#6 0x55dbc3234fee <unknown>\n#7 0x55dbc320ef73 <unknown>\n#8 0x55dbc31dbaeb <unknown>\n#9 0x55dbc31dc751 <unknown>\n#10 0x55dbc36b1b7b <unknown>\n#11 0x55dbc36b5959 <unknown>\n#12 0x55dbc3698959 <unknown>\n#13 0x55dbc36b6518 <unknown>\n#14 0x55dbc367d10f <unknown>\n#15 0x55dbc36da918 <unknown>\n#16 0x55dbc36daaf6 <unknown>\n#17 0x55dbc36ec586 <unknown>\n#18 0x7f7e48e9caa4 <unknown>\n#19 0x7f7e48f29c3c <unknown>","statusTrace":"self = <test_header.TestHeader object at 0x7f6109ef3a50>\ndriver = <selenium.webdriver.chrome.webdriver.WebDriver (session=\"4a9403e8a2cfa1ab2f67035ebe67680f\")>\n\n    @allure.title('TC 01.03.19 correctness of the \"Jackets\" link of the \"Men\" section')\n    def test_tc_01_03_19_correctness_of_jackets_men_section_link(self, driver):\n        \"\"\"Check 'Jackets' subsection link click in 'Men' section redirects to the Jackets-men page and \\\n        the 'Jackets' header is displayed\"\"\"\n        page = HeaderPage(driver, MAIN_PAGE_URL)\n        page.open()\n>       page.check_redirection_of_jackets_subsection_of_men_section_link()\n\ntests/test_header.py:351: \n_ _ _ _ _ _ _ _ _ _ _ _ _ _ _ _ _ _ _ _ _ _ _ _ _ _ _ _ _ _ _ _ _ _ _ _ _ _ _ _ \npages/header_page.py:266: in check_redirection_of_jackets_subsection_of_men_section_link\n    self.action_move_to_element(self.element_is_visible(self.header_locators.TOPS_SUBSECTION))\npages/base_page.py:30: in element_is_visible\n    self.go_to_element(self.element_is_present(locator))\npages/base_page.py:51: in element_is_present\n    return wait(self.driver, timeout).until(EC.presence_of_element_located(locator))\n_ _ _ _ _ _ _ _ _ _ _ _ _ _ _ _ _ _ _ _ _ _ _ _ _ _ _ _ _ _ _ _ _ _ _ _ _ _ _ _ \n\nself = <selenium.webdriver.support.wait.WebDriverWait (session=\"4a9403e8a2cfa1ab2f67035ebe67680f\")>\nmethod = <function presence_of_element_located.<locals>._predicate at 0x7f610bbd6a20>\nmessage = ''\n\n    def until(self, method, message: str = \"\"):\n        \"\"\"Calls the method provided with the driver as an argument until the \\\n        return value does not evaluate to ``False``.\n    \n        :param method: callable(WebDriver)\n        :param message: optional message for :exc:`TimeoutException`\n        :returns: the result of the last call to `method`\n        :raises: :exc:`selenium.common.exceptions.TimeoutException` if timeout occurs\n        \"\"\"\n        screen = None\n        stacktrace = None\n    \n        end_time = time.monotonic() + self._timeout\n        while True:\n            try:\n                value = method(self._driver)\n                if value:\n                    return value\n            except self._ignored_exceptions as exc:\n                screen = getattr(exc, \"screen\", None)\n                stacktrace = getattr(exc, \"stacktrace\", None)\n            time.sleep(self._poll)\n            if time.monotonic() > end_time:\n                break\n>       raise TimeoutException(message, screen, stacktrace)\nE       selenium.common.exceptions.TimeoutException: Message: \nE       Stacktrace:\nE       #0 0x55dbc36ed26a <unknown>\nE       #1 0x55dbc3197ab0 <unknown>\nE       #2 0x55dbc31e96f0 <unknown>\nE       #3 0x55dbc31e98e1 <unknown>\nE       #4 0x55dbc3237b94 <unknown>\nE       #5 0x55dbc320f1cd <unknown>\nE       #6 0x55dbc3234fee <unknown>\nE       #7 0x55dbc320ef73 <unknown>\nE       #8 0x55dbc31dbaeb <unknown>\nE       #9 0x55dbc31dc751 <unknown>\nE       #10 0x55dbc36b1b7b <unknown>\nE       #11 0x55dbc36b5959 <unknown>\nE       #12 0x55dbc3698959 <unknown>\nE       #13 0x55dbc36b6518 <unknown>\nE       #14 0x55dbc367d10f <unknown>\nE       #15 0x55dbc36da918 <unknown>\nE       #16 0x55dbc36daaf6 <unknown>\nE       #17 0x55dbc36ec586 <unknown>\nE       #18 0x7f7e48e9caa4 <unknown>\nE       #19 0x7f7e48f29c3c <unknown>\n\n/opt/hostedtoolcache/Python/3.11.13/x64/lib/python3.11/site-packages/selenium/webdriver/support/wait.py:95: TimeoutException","flaky":false,"newFailed":false,"newBroken":false,"newPassed":false,"retriesCount":0,"retriesStatusChange":false,"beforeStages":[{"name":"_session_faker","time":{"start":1751765296491,"stop":1751765296553,"duration":62},"status":"passed","steps":[],"attachments":[],"parameters":[],"shouldDisplayMessage":false,"stepsCount":0,"attachmentsCount":0,"hasContent":false,"attachmentStep":false},{"name":"clear_allure_result_folder","time":{"start":1751765296553,"stop":1751765296553,"duration":0},"status":"passed","steps":[],"attachments":[],"parameters":[],"shouldDisplayMessage":false,"stepsCount":0,"attachmentsCount":0,"hasContent":false,"attachmentStep":false},{"name":"driver","time":{"start":1751766487206,"stop":1751766488487,"duration":1281},"status":"passed","steps":[],"attachments":[],"parameters":[],"shouldDisplayMessage":false,"stepsCount":0,"attachmentsCount":0,"hasContent":false,"attachmentStep":false}],"testStage":{"description":"Check 'Jackets' subsection link click in 'Men' section redirects to the Jackets-men page and         the 'Jackets' header is displayed","status":"broken","statusMessage":"selenium.common.exceptions.TimeoutException: Message: \nStacktrace:\n#0 0x55dbc36ed26a <unknown>\n#1 0x55dbc3197ab0 <unknown>\n#2 0x55dbc31e96f0 <unknown>\n#3 0x55dbc31e98e1 <unknown>\n#4 0x55dbc3237b94 <unknown>\n#5 0x55dbc320f1cd <unknown>\n#6 0x55dbc3234fee <unknown>\n#7 0x55dbc320ef73 <unknown>\n#8 0x55dbc31dbaeb <unknown>\n#9 0x55dbc31dc751 <unknown>\n#10 0x55dbc36b1b7b <unknown>\n#11 0x55dbc36b5959 <unknown>\n#12 0x55dbc3698959 <unknown>\n#13 0x55dbc36b6518 <unknown>\n#14 0x55dbc367d10f <unknown>\n#15 0x55dbc36da918 <unknown>\n#16 0x55dbc36daaf6 <unknown>\n#17 0x55dbc36ec586 <unknown>\n#18 0x7f7e48e9caa4 <unknown>\n#19 0x7f7e48f29c3c <unknown>","statusTrace":"self = <test_header.TestHeader object at 0x7f6109ef3a50>\ndriver = <selenium.webdriver.chrome.webdriver.WebDriver (session=\"4a9403e8a2cfa1ab2f67035ebe67680f\")>\n\n    @allure.title('TC 01.03.19 correctness of the \"Jackets\" link of the \"Men\" section')\n    def test_tc_01_03_19_correctness_of_jackets_men_section_link(self, driver):\n        \"\"\"Check 'Jackets' subsection link click in 'Men' section redirects to the Jackets-men page and \\\n        the 'Jackets' header is displayed\"\"\"\n        page = HeaderPage(driver, MAIN_PAGE_URL)\n        page.open()\n>       page.check_redirection_of_jackets_subsection_of_men_section_link()\n\ntests/test_header.py:351: \n_ _ _ _ _ _ _ _ _ _ _ _ _ _ _ _ _ _ _ _ _ _ _ _ _ _ _ _ _ _ _ _ _ _ _ _ _ _ _ _ \npages/header_page.py:266: in check_redirection_of_jackets_subsection_of_men_section_link\n    self.action_move_to_element(self.element_is_visible(self.header_locators.TOPS_SUBSECTION))\npages/base_page.py:30: in element_is_visible\n    self.go_to_element(self.element_is_present(locator))\npages/base_page.py:51: in element_is_present\n    return wait(self.driver, timeout).until(EC.presence_of_element_located(locator))\n_ _ _ _ _ _ _ _ _ _ _ _ _ _ _ _ _ _ _ _ _ _ _ _ _ _ _ _ _ _ _ _ _ _ _ _ _ _ _ _ \n\nself = <selenium.webdriver.support.wait.WebDriverWait (session=\"4a9403e8a2cfa1ab2f67035ebe67680f\")>\nmethod = <function presence_of_element_located.<locals>._predicate at 0x7f610bbd6a20>\nmessage = ''\n\n    def until(self, method, message: str = \"\"):\n        \"\"\"Calls the method provided with the driver as an argument until the \\\n        return value does not evaluate to ``False``.\n    \n        :param method: callable(WebDriver)\n        :param message: optional message for :exc:`TimeoutException`\n        :returns: the result of the last call to `method`\n        :raises: :exc:`selenium.common.exceptions.TimeoutException` if timeout occurs\n        \"\"\"\n        screen = None\n        stacktrace = None\n    \n        end_time = time.monotonic() + self._timeout\n        while True:\n            try:\n                value = method(self._driver)\n                if value:\n                    return value\n            except self._ignored_exceptions as exc:\n                screen = getattr(exc, \"screen\", None)\n                stacktrace = getattr(exc, \"stacktrace\", None)\n            time.sleep(self._poll)\n            if time.monotonic() > end_time:\n                break\n>       raise TimeoutException(message, screen, stacktrace)\nE       selenium.common.exceptions.TimeoutException: Message: \nE       Stacktrace:\nE       #0 0x55dbc36ed26a <unknown>\nE       #1 0x55dbc3197ab0 <unknown>\nE       #2 0x55dbc31e96f0 <unknown>\nE       #3 0x55dbc31e98e1 <unknown>\nE       #4 0x55dbc3237b94 <unknown>\nE       #5 0x55dbc320f1cd <unknown>\nE       #6 0x55dbc3234fee <unknown>\nE       #7 0x55dbc320ef73 <unknown>\nE       #8 0x55dbc31dbaeb <unknown>\nE       #9 0x55dbc31dc751 <unknown>\nE       #10 0x55dbc36b1b7b <unknown>\nE       #11 0x55dbc36b5959 <unknown>\nE       #12 0x55dbc3698959 <unknown>\nE       #13 0x55dbc36b6518 <unknown>\nE       #14 0x55dbc367d10f <unknown>\nE       #15 0x55dbc36da918 <unknown>\nE       #16 0x55dbc36daaf6 <unknown>\nE       #17 0x55dbc36ec586 <unknown>\nE       #18 0x7f7e48e9caa4 <unknown>\nE       #19 0x7f7e48f29c3c <unknown>\n\n/opt/hostedtoolcache/Python/3.11.13/x64/lib/python3.11/site-packages/selenium/webdriver/support/wait.py:95: TimeoutException","steps":[{"name":"Open a browser","time":{"start":1751766488487,"stop":1751766489574,"duration":1087},"status":"passed","steps":[],"attachments":[],"parameters":[],"shouldDisplayMessage":false,"stepsCount":0,"attachmentsCount":0,"hasContent":false,"attachmentStep":false},{"name":"Check redirection of the \"Jackets\" subsection of \"Men\" section link","time":{"start":1751766489575,"stop":1751766495994,"duration":6419},"status":"broken","statusMessage":"selenium.common.exceptions.TimeoutException: Message: \nStacktrace:\n#0 0x55dbc36ed26a <unknown>\n#1 0x55dbc3197ab0 <unknown>\n#2 0x55dbc31e96f0 <unknown>\n#3 0x55dbc31e98e1 <unknown>\n#4 0x55dbc3237b94 <unknown>\n#5 0x55dbc320f1cd <unknown>\n#6 0x55dbc3234fee <unknown>\n#7 0x55dbc320ef73 <unknown>\n#8 0x55dbc31dbaeb <unknown>\n#9 0x55dbc31dc751 <unknown>\n#10 0x55dbc36b1b7b <unknown>\n#11 0x55dbc36b5959 <unknown>\n#12 0x55dbc3698959 <unknown>\n#13 0x55dbc36b6518 <unknown>\n#14 0x55dbc367d10f <unknown>\n#15 0x55dbc36da918 <unknown>\n#16 0x55dbc36daaf6 <unknown>\n#17 0x55dbc36ec586 <unknown>\n#18 0x7f7e48e9caa4 <unknown>\n#19 0x7f7e48f29c3c <unknown>\n\n","statusTrace":"  File \"/opt/hostedtoolcache/Python/3.11.13/x64/lib/python3.11/site-packages/allure_commons/_allure.py\", line 192, in impl\n    return func(*a, **kw)\n           ^^^^^^^^^^^^^^\n  File \"/home/runner/work/luma_project/luma_project/pages/header_page.py\", line 266, in check_redirection_of_jackets_subsection_of_men_section_link\n    self.action_move_to_element(self.element_is_visible(self.header_locators.TOPS_SUBSECTION))\n                                ^^^^^^^^^^^^^^^^^^^^^^^^^^^^^^^^^^^^^^^^^^^^^^^^^^^^^^^^^^^^^\n  File \"/opt/hostedtoolcache/Python/3.11.13/x64/lib/python3.11/site-packages/allure_commons/_allure.py\", line 192, in impl\n    return func(*a, **kw)\n           ^^^^^^^^^^^^^^\n  File \"/home/runner/work/luma_project/luma_project/pages/base_page.py\", line 30, in element_is_visible\n    self.go_to_element(self.element_is_present(locator))\n                       ^^^^^^^^^^^^^^^^^^^^^^^^^^^^^^^^\n  File \"/opt/hostedtoolcache/Python/3.11.13/x64/lib/python3.11/site-packages/allure_commons/_allure.py\", line 192, in impl\n    return func(*a, **kw)\n           ^^^^^^^^^^^^^^\n  File \"/home/runner/work/luma_project/luma_project/pages/base_page.py\", line 51, in element_is_present\n    return wait(self.driver, timeout).until(EC.presence_of_element_located(locator))\n           ^^^^^^^^^^^^^^^^^^^^^^^^^^^^^^^^^^^^^^^^^^^^^^^^^^^^^^^^^^^^^^^^^^^^^^^^^\n  File \"/opt/hostedtoolcache/Python/3.11.13/x64/lib/python3.11/site-packages/selenium/webdriver/support/wait.py\", line 95, in until\n    raise TimeoutException(message, screen, stacktrace)\n","steps":[{"name":"Find a visible element","time":{"start":1751766489575,"stop":1751766489930,"duration":355},"status":"passed","steps":[{"name":"Find a present element","time":{"start":1751766489575,"stop":1751766489631,"duration":56},"status":"passed","steps":[],"attachments":[],"parameters":[{"name":"locator","value":"('id', 'ui-id-5')"},{"name":"timeout","value":"5"}],"shouldDisplayMessage":false,"stepsCount":0,"attachmentsCount":0,"hasContent":true,"attachmentStep":false},{"name":"Go to specified element","time":{"start":1751766489631,"stop":1751766489636,"duration":5},"status":"passed","steps":[],"attachments":[],"parameters":[{"name":"element","value":"<selenium.webdriver.remote.webelement.WebElement (session=\"4a9403e8a2cfa1ab2f67035ebe67680f\", element=\"f.C8CE788E4AF130C3F6264C4FAEBEA9D2.d.744AC27EC848B1A846E84964DD5769CC.e.25\")>"}],"shouldDisplayMessage":false,"stepsCount":0,"attachmentsCount":0,"hasContent":true,"attachmentStep":false}],"attachments":[],"parameters":[{"name":"locator","value":"('id', 'ui-id-5')"},{"name":"timeout","value":"10"}],"shouldDisplayMessage":false,"stepsCount":2,"attachmentsCount":0,"hasContent":true,"attachmentStep":false},{"name":"Move cursor to element","time":{"start":1751766489931,"stop":1751766490830,"duration":899},"status":"passed","steps":[],"attachments":[],"parameters":[{"name":"element","value":"<selenium.webdriver.remote.webelement.WebElement (session=\"4a9403e8a2cfa1ab2f67035ebe67680f\", element=\"f.C8CE788E4AF130C3F6264C4FAEBEA9D2.d.744AC27EC848B1A846E84964DD5769CC.e.25\")>"}],"shouldDisplayMessage":false,"stepsCount":0,"attachmentsCount":0,"hasContent":true,"attachmentStep":false},{"name":"Find a visible element","time":{"start":1751766490831,"stop":1751766495994,"duration":5163},"status":"broken","statusMessage":"selenium.common.exceptions.TimeoutException: Message: \nStacktrace:\n#0 0x55dbc36ed26a <unknown>\n#1 0x55dbc3197ab0 <unknown>\n#2 0x55dbc31e96f0 <unknown>\n#3 0x55dbc31e98e1 <unknown>\n#4 0x55dbc3237b94 <unknown>\n#5 0x55dbc320f1cd <unknown>\n#6 0x55dbc3234fee <unknown>\n#7 0x55dbc320ef73 <unknown>\n#8 0x55dbc31dbaeb <unknown>\n#9 0x55dbc31dc751 <unknown>\n#10 0x55dbc36b1b7b <unknown>\n#11 0x55dbc36b5959 <unknown>\n#12 0x55dbc3698959 <unknown>\n#13 0x55dbc36b6518 <unknown>\n#14 0x55dbc367d10f <unknown>\n#15 0x55dbc36da918 <unknown>\n#16 0x55dbc36daaf6 <unknown>\n#17 0x55dbc36ec586 <unknown>\n#18 0x7f7e48e9caa4 <unknown>\n#19 0x7f7e48f29c3c <unknown>\n\n","statusTrace":"  File \"/opt/hostedtoolcache/Python/3.11.13/x64/lib/python3.11/site-packages/allure_commons/_allure.py\", line 192, in impl\n    return func(*a, **kw)\n           ^^^^^^^^^^^^^^\n  File \"/home/runner/work/luma_project/luma_project/pages/base_page.py\", line 30, in element_is_visible\n    self.go_to_element(self.element_is_present(locator))\n                       ^^^^^^^^^^^^^^^^^^^^^^^^^^^^^^^^\n  File \"/opt/hostedtoolcache/Python/3.11.13/x64/lib/python3.11/site-packages/allure_commons/_allure.py\", line 192, in impl\n    return func(*a, **kw)\n           ^^^^^^^^^^^^^^\n  File \"/home/runner/work/luma_project/luma_project/pages/base_page.py\", line 51, in element_is_present\n    return wait(self.driver, timeout).until(EC.presence_of_element_located(locator))\n           ^^^^^^^^^^^^^^^^^^^^^^^^^^^^^^^^^^^^^^^^^^^^^^^^^^^^^^^^^^^^^^^^^^^^^^^^^\n  File \"/opt/hostedtoolcache/Python/3.11.13/x64/lib/python3.11/site-packages/selenium/webdriver/support/wait.py\", line 95, in until\n    raise TimeoutException(message, screen, stacktrace)\n","steps":[{"name":"Find a present element","time":{"start":1751766490831,"stop":1751766495993,"duration":5162},"status":"broken","statusMessage":"selenium.common.exceptions.TimeoutException: Message: \nStacktrace:\n#0 0x55dbc36ed26a <unknown>\n#1 0x55dbc3197ab0 <unknown>\n#2 0x55dbc31e96f0 <unknown>\n#3 0x55dbc31e98e1 <unknown>\n#4 0x55dbc3237b94 <unknown>\n#5 0x55dbc320f1cd <unknown>\n#6 0x55dbc3234fee <unknown>\n#7 0x55dbc320ef73 <unknown>\n#8 0x55dbc31dbaeb <unknown>\n#9 0x55dbc31dc751 <unknown>\n#10 0x55dbc36b1b7b <unknown>\n#11 0x55dbc36b5959 <unknown>\n#12 0x55dbc3698959 <unknown>\n#13 0x55dbc36b6518 <unknown>\n#14 0x55dbc367d10f <unknown>\n#15 0x55dbc36da918 <unknown>\n#16 0x55dbc36daaf6 <unknown>\n#17 0x55dbc36ec586 <unknown>\n#18 0x7f7e48e9caa4 <unknown>\n#19 0x7f7e48f29c3c <unknown>\n\n","statusTrace":"  File \"/opt/hostedtoolcache/Python/3.11.13/x64/lib/python3.11/site-packages/allure_commons/_allure.py\", line 192, in impl\n    return func(*a, **kw)\n           ^^^^^^^^^^^^^^\n  File \"/home/runner/work/luma_project/luma_project/pages/base_page.py\", line 51, in element_is_present\n    return wait(self.driver, timeout).until(EC.presence_of_element_located(locator))\n           ^^^^^^^^^^^^^^^^^^^^^^^^^^^^^^^^^^^^^^^^^^^^^^^^^^^^^^^^^^^^^^^^^^^^^^^^^\n  File \"/opt/hostedtoolcache/Python/3.11.13/x64/lib/python3.11/site-packages/selenium/webdriver/support/wait.py\", line 95, in until\n    raise TimeoutException(message, screen, stacktrace)\n","steps":[],"attachments":[],"parameters":[{"name":"locator","value":"('xpath', '//*[@id=\"ui-id-2\"]/li[3]/ul/li[1]')"},{"name":"timeout","value":"5"}],"shouldDisplayMessage":true,"stepsCount":0,"attachmentsCount":0,"hasContent":true,"attachmentStep":false}],"attachments":[],"parameters":[{"name":"locator","value":"('xpath', '//*[@id=\"ui-id-2\"]/li[3]/ul/li[1]')"},{"name":"timeout","value":"10"}],"shouldDisplayMessage":false,"stepsCount":1,"attachmentsCount":0,"hasContent":true,"attachmentStep":false}],"attachments":[],"parameters":[],"shouldDisplayMessage":false,"stepsCount":6,"attachmentsCount":0,"hasContent":true,"attachmentStep":false}],"attachments":[{"uid":"5785e8f2bfc916ef","name":"Screenshot","source":"5785e8f2bfc916ef.png","type":"image/png","size":563412},{"uid":"f25cc222f60f5fa","name":"HTML source","source":"f25cc222f60f5fa.html","type":"text/html","size":248011}],"parameters":[],"shouldDisplayMessage":true,"stepsCount":8,"attachmentsCount":2,"hasContent":true,"attachmentStep":false},"afterStages":[{"name":"driver::0","time":{"start":1751766496238,"stop":1751766496322,"duration":84},"status":"passed","steps":[],"attachments":[],"parameters":[],"shouldDisplayMessage":false,"stepsCount":0,"attachmentsCount":0,"hasContent":false,"attachmentStep":false},{"name":"clear_allure_result_folder::0","time":{"start":1751768731944,"stop":1751768731944,"duration":0},"status":"passed","steps":[],"attachments":[],"parameters":[],"shouldDisplayMessage":false,"stepsCount":0,"attachmentsCount":0,"hasContent":false,"attachmentStep":false}],"labels":[{"name":"epic","value":"Test Header"},{"name":"parentSuite","value":"tests"},{"name":"suite","value":"test_header"},{"name":"subSuite","value":"TestHeader"},{"name":"host","value":"fv-az1701-370"},{"name":"thread","value":"2818-MainThread"},{"name":"framework","value":"pytest"},{"name":"language","value":"cpython3"},{"name":"package","value":"tests.test_header"},{"name":"resultFormat","value":"allure2"}],"parameters":[],"links":[],"hidden":false,"retry":false,"extra":{"severity":"normal","retries":[],"categories":[{"name":"Test defects","matchedStatuses":[],"flaky":false}],"tags":[]},"source":"d74795979649a3cb.json","parameterValues":[]}