{"uid":"335d9f750bc505d9","name":"TC 01.02.04 display and interactivity of the logo","fullName":"tests.test_header.TestHeader#test_tc_01_02_04_display_and_interactivity_of_the_logo","historyId":"bd36045ca59da60ee63045bf8820d7f9","time":{"start":1761442275498,"stop":1761442280796,"duration":5298},"description":"Check that the cursor changes to a 'hand' indicating the logo is a clickable element,         and that clicking on it causes the page to reload and redirect to the main page","descriptionHtml":"<p>Check that the cursor changes to a 'hand' indicating the logo is a clickable element,         and that clicking on it causes the page to reload and redirect to the main page</p>\n","status":"broken","statusMessage":"selenium.common.exceptions.TimeoutException: Message: \nStacktrace:\n#0 0x5636fe4a4fba <unknown>\n#1 0x5636fdf296d0 <unknown>\n#2 0x5636fdf7b2aa <unknown>\n#3 0x5636fdf7b541 <unknown>\n#4 0x5636fdfc96c4 <unknown>\n#5 0x5636fdfa0e5d <unknown>\n#6 0x5636fdfc6b54 <unknown>\n#7 0x5636fdfa0c03 <unknown>\n#8 0x5636fdf6d7a8 <unknown>\n#9 0x5636fdf6e421 <unknown>\n#10 0x5636fe469b28 <unknown>\n#11 0x5636fe46d87f <unknown>\n#12 0x5636fe451c49 <unknown>\n#13 0x5636fe46e405 <unknown>\n#14 0x5636fe4374ff <unknown>\n#15 0x5636fe492258 <unknown>\n#16 0x5636fe492432 <unknown>\n#17 0x5636fe4a3fa3 <unknown>\n#18 0x7f6e3809caa4 <unknown>\n#19 0x7f6e38129c6c <unknown>","statusTrace":"self = <test_header.TestHeader object at 0x7f7c7fcb2e50>\ndriver = <selenium.webdriver.chrome.webdriver.WebDriver (session=\"15c4b84c8327782c626d2e2a4a1cb367\")>\n\n    @allure.title('TC 01.02.04 display and interactivity of the logo')\n    def test_tc_01_02_04_display_and_interactivity_of_the_logo(self, driver):\n        \"\"\"Check that the cursor changes to a 'hand' indicating the logo is a clickable element, \\\n        and that clicking on it causes the page to reload and redirect to the main page\"\"\"\n        page = HeaderPage(driver, MAIN_PAGE_URL)\n        page.open()\n>       assert \"pointer\" in page.check_element_hover_style(page.header_locators.LOGO, 'cursor', 2), \\\n            \"Failed: The cursor does not change to a 'hand' when hovering over the logo\"\n\ntests/test_header.py:75: \n_ _ _ _ _ _ _ _ _ _ _ _ _ _ _ _ _ _ _ _ _ _ _ _ _ _ _ _ _ _ _ _ _ _ _ _ _ _ _ _ \npages/base_page.py:121: in check_element_hover_style\n    element = self.element_is_visible(locator)  # Get the WebElement using locator\npages/base_page.py:30: in element_is_visible\n    self.go_to_element(self.element_is_present(locator))\npages/base_page.py:51: in element_is_present\n    return wait(self.driver, timeout).until(EC.presence_of_element_located(locator))\n_ _ _ _ _ _ _ _ _ _ _ _ _ _ _ _ _ _ _ _ _ _ _ _ _ _ _ _ _ _ _ _ _ _ _ _ _ _ _ _ \n\nself = <selenium.webdriver.support.wait.WebDriverWait (session=\"15c4b84c8327782c626d2e2a4a1cb367\")>\nmethod = <function presence_of_element_located.<locals>._predicate at 0x7f7c81a342c0>\nmessage = ''\n\n    def until(self, method, message: str = \"\"):\n        \"\"\"Calls the method provided with the driver as an argument until the \\\n        return value does not evaluate to ``False``.\n    \n        :param method: callable(WebDriver)\n        :param message: optional message for :exc:`TimeoutException`\n        :returns: the result of the last call to `method`\n        :raises: :exc:`selenium.common.exceptions.TimeoutException` if timeout occurs\n        \"\"\"\n        screen = None\n        stacktrace = None\n    \n        end_time = time.monotonic() + self._timeout\n        while True:\n            try:\n                value = method(self._driver)\n                if value:\n                    return value\n            except self._ignored_exceptions as exc:\n                screen = getattr(exc, \"screen\", None)\n                stacktrace = getattr(exc, \"stacktrace\", None)\n            time.sleep(self._poll)\n            if time.monotonic() > end_time:\n                break\n>       raise TimeoutException(message, screen, stacktrace)\nE       selenium.common.exceptions.TimeoutException: Message: \nE       Stacktrace:\nE       #0 0x5636fe4a4fba <unknown>\nE       #1 0x5636fdf296d0 <unknown>\nE       #2 0x5636fdf7b2aa <unknown>\nE       #3 0x5636fdf7b541 <unknown>\nE       #4 0x5636fdfc96c4 <unknown>\nE       #5 0x5636fdfa0e5d <unknown>\nE       #6 0x5636fdfc6b54 <unknown>\nE       #7 0x5636fdfa0c03 <unknown>\nE       #8 0x5636fdf6d7a8 <unknown>\nE       #9 0x5636fdf6e421 <unknown>\nE       #10 0x5636fe469b28 <unknown>\nE       #11 0x5636fe46d87f <unknown>\nE       #12 0x5636fe451c49 <unknown>\nE       #13 0x5636fe46e405 <unknown>\nE       #14 0x5636fe4374ff <unknown>\nE       #15 0x5636fe492258 <unknown>\nE       #16 0x5636fe492432 <unknown>\nE       #17 0x5636fe4a3fa3 <unknown>\nE       #18 0x7f6e3809caa4 <unknown>\nE       #19 0x7f6e38129c6c <unknown>\n\n/opt/hostedtoolcache/Python/3.11.13/x64/lib/python3.11/site-packages/selenium/webdriver/support/wait.py:95: TimeoutException","flaky":false,"newFailed":false,"newBroken":false,"newPassed":false,"retriesCount":0,"retriesStatusChange":false,"beforeStages":[{"name":"_session_faker","time":{"start":1761441659726,"stop":1761441659788,"duration":62},"status":"passed","steps":[],"attachments":[],"parameters":[],"stepsCount":0,"shouldDisplayMessage":false,"attachmentsCount":0,"hasContent":false,"attachmentStep":false},{"name":"clear_allure_result_folder","time":{"start":1761441659789,"stop":1761441659789,"duration":0},"status":"passed","steps":[],"attachments":[],"parameters":[],"stepsCount":0,"shouldDisplayMessage":false,"attachmentsCount":0,"hasContent":false,"attachmentStep":false},{"name":"driver","time":{"start":1761442274252,"stop":1761442275497,"duration":1245},"status":"passed","steps":[],"attachments":[],"parameters":[],"stepsCount":0,"shouldDisplayMessage":false,"attachmentsCount":0,"hasContent":false,"attachmentStep":false}],"testStage":{"description":"Check that the cursor changes to a 'hand' indicating the logo is a clickable element,         and that clicking on it causes the page to reload and redirect to the main page","status":"broken","statusMessage":"selenium.common.exceptions.TimeoutException: Message: \nStacktrace:\n#0 0x5636fe4a4fba <unknown>\n#1 0x5636fdf296d0 <unknown>\n#2 0x5636fdf7b2aa <unknown>\n#3 0x5636fdf7b541 <unknown>\n#4 0x5636fdfc96c4 <unknown>\n#5 0x5636fdfa0e5d <unknown>\n#6 0x5636fdfc6b54 <unknown>\n#7 0x5636fdfa0c03 <unknown>\n#8 0x5636fdf6d7a8 <unknown>\n#9 0x5636fdf6e421 <unknown>\n#10 0x5636fe469b28 <unknown>\n#11 0x5636fe46d87f <unknown>\n#12 0x5636fe451c49 <unknown>\n#13 0x5636fe46e405 <unknown>\n#14 0x5636fe4374ff <unknown>\n#15 0x5636fe492258 <unknown>\n#16 0x5636fe492432 <unknown>\n#17 0x5636fe4a3fa3 <unknown>\n#18 0x7f6e3809caa4 <unknown>\n#19 0x7f6e38129c6c <unknown>","statusTrace":"self = <test_header.TestHeader object at 0x7f7c7fcb2e50>\ndriver = <selenium.webdriver.chrome.webdriver.WebDriver (session=\"15c4b84c8327782c626d2e2a4a1cb367\")>\n\n    @allure.title('TC 01.02.04 display and interactivity of the logo')\n    def test_tc_01_02_04_display_and_interactivity_of_the_logo(self, driver):\n        \"\"\"Check that the cursor changes to a 'hand' indicating the logo is a clickable element, \\\n        and that clicking on it causes the page to reload and redirect to the main page\"\"\"\n        page = HeaderPage(driver, MAIN_PAGE_URL)\n        page.open()\n>       assert \"pointer\" in page.check_element_hover_style(page.header_locators.LOGO, 'cursor', 2), \\\n            \"Failed: The cursor does not change to a 'hand' when hovering over the logo\"\n\ntests/test_header.py:75: \n_ _ _ _ _ _ _ _ _ _ _ _ _ _ _ _ _ _ _ _ _ _ _ _ _ _ _ _ _ _ _ _ _ _ _ _ _ _ _ _ \npages/base_page.py:121: in check_element_hover_style\n    element = self.element_is_visible(locator)  # Get the WebElement using locator\npages/base_page.py:30: in element_is_visible\n    self.go_to_element(self.element_is_present(locator))\npages/base_page.py:51: in element_is_present\n    return wait(self.driver, timeout).until(EC.presence_of_element_located(locator))\n_ _ _ _ _ _ _ _ _ _ _ _ _ _ _ _ _ _ _ _ _ _ _ _ _ _ _ _ _ _ _ _ _ _ _ _ _ _ _ _ \n\nself = <selenium.webdriver.support.wait.WebDriverWait (session=\"15c4b84c8327782c626d2e2a4a1cb367\")>\nmethod = <function presence_of_element_located.<locals>._predicate at 0x7f7c81a342c0>\nmessage = ''\n\n    def until(self, method, message: str = \"\"):\n        \"\"\"Calls the method provided with the driver as an argument until the \\\n        return value does not evaluate to ``False``.\n    \n        :param method: callable(WebDriver)\n        :param message: optional message for :exc:`TimeoutException`\n        :returns: the result of the last call to `method`\n        :raises: :exc:`selenium.common.exceptions.TimeoutException` if timeout occurs\n        \"\"\"\n        screen = None\n        stacktrace = None\n    \n        end_time = time.monotonic() + self._timeout\n        while True:\n            try:\n                value = method(self._driver)\n                if value:\n                    return value\n            except self._ignored_exceptions as exc:\n                screen = getattr(exc, \"screen\", None)\n                stacktrace = getattr(exc, \"stacktrace\", None)\n            time.sleep(self._poll)\n            if time.monotonic() > end_time:\n                break\n>       raise TimeoutException(message, screen, stacktrace)\nE       selenium.common.exceptions.TimeoutException: Message: \nE       Stacktrace:\nE       #0 0x5636fe4a4fba <unknown>\nE       #1 0x5636fdf296d0 <unknown>\nE       #2 0x5636fdf7b2aa <unknown>\nE       #3 0x5636fdf7b541 <unknown>\nE       #4 0x5636fdfc96c4 <unknown>\nE       #5 0x5636fdfa0e5d <unknown>\nE       #6 0x5636fdfc6b54 <unknown>\nE       #7 0x5636fdfa0c03 <unknown>\nE       #8 0x5636fdf6d7a8 <unknown>\nE       #9 0x5636fdf6e421 <unknown>\nE       #10 0x5636fe469b28 <unknown>\nE       #11 0x5636fe46d87f <unknown>\nE       #12 0x5636fe451c49 <unknown>\nE       #13 0x5636fe46e405 <unknown>\nE       #14 0x5636fe4374ff <unknown>\nE       #15 0x5636fe492258 <unknown>\nE       #16 0x5636fe492432 <unknown>\nE       #17 0x5636fe4a3fa3 <unknown>\nE       #18 0x7f6e3809caa4 <unknown>\nE       #19 0x7f6e38129c6c <unknown>\n\n/opt/hostedtoolcache/Python/3.11.13/x64/lib/python3.11/site-packages/selenium/webdriver/support/wait.py:95: TimeoutException","steps":[{"name":"Open a browser","time":{"start":1761442275498,"stop":1761442275696,"duration":198},"status":"passed","steps":[],"attachments":[],"parameters":[],"stepsCount":0,"shouldDisplayMessage":false,"attachmentsCount":0,"hasContent":false,"attachmentStep":false},{"name":"Check element hover style","time":{"start":1761442275696,"stop":1761442280795,"duration":5099},"status":"broken","statusMessage":"selenium.common.exceptions.TimeoutException: Message: \nStacktrace:\n#0 0x5636fe4a4fba <unknown>\n#1 0x5636fdf296d0 <unknown>\n#2 0x5636fdf7b2aa <unknown>\n#3 0x5636fdf7b541 <unknown>\n#4 0x5636fdfc96c4 <unknown>\n#5 0x5636fdfa0e5d <unknown>\n#6 0x5636fdfc6b54 <unknown>\n#7 0x5636fdfa0c03 <unknown>\n#8 0x5636fdf6d7a8 <unknown>\n#9 0x5636fdf6e421 <unknown>\n#10 0x5636fe469b28 <unknown>\n#11 0x5636fe46d87f <unknown>\n#12 0x5636fe451c49 <unknown>\n#13 0x5636fe46e405 <unknown>\n#14 0x5636fe4374ff <unknown>\n#15 0x5636fe492258 <unknown>\n#16 0x5636fe492432 <unknown>\n#17 0x5636fe4a3fa3 <unknown>\n#18 0x7f6e3809caa4 <unknown>\n#19 0x7f6e38129c6c <unknown>\n\n","statusTrace":"  File \"/opt/hostedtoolcache/Python/3.11.13/x64/lib/python3.11/site-packages/allure_commons/_allure.py\", line 192, in impl\n    return func(*a, **kw)\n           ^^^^^^^^^^^^^^\n  File \"/home/runner/work/luma_project/luma_project/pages/base_page.py\", line 121, in check_element_hover_style\n    element = self.element_is_visible(locator)  # Get the WebElement using locator\n              ^^^^^^^^^^^^^^^^^^^^^^^^^^^^^^^^\n  File \"/opt/hostedtoolcache/Python/3.11.13/x64/lib/python3.11/site-packages/allure_commons/_allure.py\", line 192, in impl\n    return func(*a, **kw)\n           ^^^^^^^^^^^^^^\n  File \"/home/runner/work/luma_project/luma_project/pages/base_page.py\", line 30, in element_is_visible\n    self.go_to_element(self.element_is_present(locator))\n                       ^^^^^^^^^^^^^^^^^^^^^^^^^^^^^^^^\n  File \"/opt/hostedtoolcache/Python/3.11.13/x64/lib/python3.11/site-packages/allure_commons/_allure.py\", line 192, in impl\n    return func(*a, **kw)\n           ^^^^^^^^^^^^^^\n  File \"/home/runner/work/luma_project/luma_project/pages/base_page.py\", line 51, in element_is_present\n    return wait(self.driver, timeout).until(EC.presence_of_element_located(locator))\n           ^^^^^^^^^^^^^^^^^^^^^^^^^^^^^^^^^^^^^^^^^^^^^^^^^^^^^^^^^^^^^^^^^^^^^^^^^\n  File \"/opt/hostedtoolcache/Python/3.11.13/x64/lib/python3.11/site-packages/selenium/webdriver/support/wait.py\", line 95, in until\n    raise TimeoutException(message, screen, stacktrace)\n","steps":[{"name":"Find a visible element","time":{"start":1761442275696,"stop":1761442280795,"duration":5099},"status":"broken","statusMessage":"selenium.common.exceptions.TimeoutException: Message: \nStacktrace:\n#0 0x5636fe4a4fba <unknown>\n#1 0x5636fdf296d0 <unknown>\n#2 0x5636fdf7b2aa <unknown>\n#3 0x5636fdf7b541 <unknown>\n#4 0x5636fdfc96c4 <unknown>\n#5 0x5636fdfa0e5d <unknown>\n#6 0x5636fdfc6b54 <unknown>\n#7 0x5636fdfa0c03 <unknown>\n#8 0x5636fdf6d7a8 <unknown>\n#9 0x5636fdf6e421 <unknown>\n#10 0x5636fe469b28 <unknown>\n#11 0x5636fe46d87f <unknown>\n#12 0x5636fe451c49 <unknown>\n#13 0x5636fe46e405 <unknown>\n#14 0x5636fe4374ff <unknown>\n#15 0x5636fe492258 <unknown>\n#16 0x5636fe492432 <unknown>\n#17 0x5636fe4a3fa3 <unknown>\n#18 0x7f6e3809caa4 <unknown>\n#19 0x7f6e38129c6c <unknown>\n\n","statusTrace":"  File \"/opt/hostedtoolcache/Python/3.11.13/x64/lib/python3.11/site-packages/allure_commons/_allure.py\", line 192, in impl\n    return func(*a, **kw)\n           ^^^^^^^^^^^^^^\n  File \"/home/runner/work/luma_project/luma_project/pages/base_page.py\", line 30, in element_is_visible\n    self.go_to_element(self.element_is_present(locator))\n                       ^^^^^^^^^^^^^^^^^^^^^^^^^^^^^^^^\n  File \"/opt/hostedtoolcache/Python/3.11.13/x64/lib/python3.11/site-packages/allure_commons/_allure.py\", line 192, in impl\n    return func(*a, **kw)\n           ^^^^^^^^^^^^^^\n  File \"/home/runner/work/luma_project/luma_project/pages/base_page.py\", line 51, in element_is_present\n    return wait(self.driver, timeout).until(EC.presence_of_element_located(locator))\n           ^^^^^^^^^^^^^^^^^^^^^^^^^^^^^^^^^^^^^^^^^^^^^^^^^^^^^^^^^^^^^^^^^^^^^^^^^\n  File \"/opt/hostedtoolcache/Python/3.11.13/x64/lib/python3.11/site-packages/selenium/webdriver/support/wait.py\", line 95, in until\n    raise TimeoutException(message, screen, stacktrace)\n","steps":[{"name":"Find a present element","time":{"start":1761442275696,"stop":1761442280795,"duration":5099},"status":"broken","statusMessage":"selenium.common.exceptions.TimeoutException: Message: \nStacktrace:\n#0 0x5636fe4a4fba <unknown>\n#1 0x5636fdf296d0 <unknown>\n#2 0x5636fdf7b2aa <unknown>\n#3 0x5636fdf7b541 <unknown>\n#4 0x5636fdfc96c4 <unknown>\n#5 0x5636fdfa0e5d <unknown>\n#6 0x5636fdfc6b54 <unknown>\n#7 0x5636fdfa0c03 <unknown>\n#8 0x5636fdf6d7a8 <unknown>\n#9 0x5636fdf6e421 <unknown>\n#10 0x5636fe469b28 <unknown>\n#11 0x5636fe46d87f <unknown>\n#12 0x5636fe451c49 <unknown>\n#13 0x5636fe46e405 <unknown>\n#14 0x5636fe4374ff <unknown>\n#15 0x5636fe492258 <unknown>\n#16 0x5636fe492432 <unknown>\n#17 0x5636fe4a3fa3 <unknown>\n#18 0x7f6e3809caa4 <unknown>\n#19 0x7f6e38129c6c <unknown>\n\n","statusTrace":"  File \"/opt/hostedtoolcache/Python/3.11.13/x64/lib/python3.11/site-packages/allure_commons/_allure.py\", line 192, in impl\n    return func(*a, **kw)\n           ^^^^^^^^^^^^^^\n  File \"/home/runner/work/luma_project/luma_project/pages/base_page.py\", line 51, in element_is_present\n    return wait(self.driver, timeout).until(EC.presence_of_element_located(locator))\n           ^^^^^^^^^^^^^^^^^^^^^^^^^^^^^^^^^^^^^^^^^^^^^^^^^^^^^^^^^^^^^^^^^^^^^^^^^\n  File \"/opt/hostedtoolcache/Python/3.11.13/x64/lib/python3.11/site-packages/selenium/webdriver/support/wait.py\", line 95, in until\n    raise TimeoutException(message, screen, stacktrace)\n","steps":[],"attachments":[],"parameters":[{"name":"locator","value":"('xpath', \"//a[@aria-label='store logo']//img\")"},{"name":"timeout","value":"5"}],"stepsCount":0,"shouldDisplayMessage":true,"attachmentsCount":0,"hasContent":true,"attachmentStep":false}],"attachments":[],"parameters":[{"name":"locator","value":"('xpath', \"//a[@aria-label='store logo']//img\")"},{"name":"timeout","value":"10"}],"stepsCount":1,"shouldDisplayMessage":false,"attachmentsCount":0,"hasContent":true,"attachmentStep":false}],"attachments":[],"parameters":[{"name":"locator","value":"('xpath', \"//a[@aria-label='store logo']//img\")"},{"name":"css_property","value":"'cursor'"},{"name":"seconds","value":"2"}],"stepsCount":2,"shouldDisplayMessage":false,"attachmentsCount":0,"hasContent":true,"attachmentStep":false}],"attachments":[{"uid":"94e0ac7f5ade750f","name":"Screenshot","source":"94e0ac7f5ade750f.png","type":"image/png","size":23875},{"uid":"ad8edf5252142b0c","name":"HTML source","source":"ad8edf5252142b0c.html","type":"text/html","size":1433}],"parameters":[],"stepsCount":4,"shouldDisplayMessage":true,"attachmentsCount":2,"hasContent":true,"attachmentStep":false},"afterStages":[{"name":"driver::0","time":{"start":1761442280857,"stop":1761442280917,"duration":60},"status":"passed","steps":[],"attachments":[],"parameters":[],"stepsCount":0,"shouldDisplayMessage":false,"attachmentsCount":0,"hasContent":false,"attachmentStep":false},{"name":"clear_allure_result_folder::0","time":{"start":1761444065340,"stop":1761444065340,"duration":0},"status":"passed","steps":[],"attachments":[],"parameters":[],"stepsCount":0,"shouldDisplayMessage":false,"attachmentsCount":0,"hasContent":false,"attachmentStep":false}],"labels":[{"name":"epic","value":"Test Header"},{"name":"parentSuite","value":"tests"},{"name":"suite","value":"test_header"},{"name":"subSuite","value":"TestHeader"},{"name":"host","value":"runnervmwhb2z"},{"name":"thread","value":"2962-MainThread"},{"name":"framework","value":"pytest"},{"name":"language","value":"cpython3"},{"name":"package","value":"tests.test_header"},{"name":"resultFormat","value":"allure2"}],"parameters":[],"links":[],"hidden":false,"retry":false,"extra":{"severity":"normal","retries":[],"categories":[{"name":"Test defects","matchedStatuses":[],"flaky":false}],"tags":[]},"source":"335d9f750bc505d9.json","parameterValues":[]}