{"uid":"8063fcaf58986b20","name":"TC 02.01.03 - Check Search Terms link is present in the DOM tree on each page specified in DATA_1","fullName":"tests.test_footer.TestFooter#test_tc_02_01_03_check_presence_of_search_terms_link_on_pages","historyId":"72e28604ecf4efd48498244eac0a2b90","time":{"start":1761441871764,"stop":1761441877038,"duration":5274},"description":"Checks if the Search Terms link is present in the DOM tree on each page specified in DATA_1","descriptionHtml":"<p>Checks if the Search Terms link is present in the DOM tree on each page specified in DATA_1</p>\n","status":"broken","statusMessage":"selenium.common.exceptions.TimeoutException: Message: \nStacktrace:\n#0 0x562430498fba <unknown>\n#1 0x56242ff1d6d0 <unknown>\n#2 0x56242ff6f2aa <unknown>\n#3 0x56242ff6f541 <unknown>\n#4 0x56242ffbd6c4 <unknown>\n#5 0x56242ff94e5d <unknown>\n#6 0x56242ffbab54 <unknown>\n#7 0x56242ff94c03 <unknown>\n#8 0x56242ff617a8 <unknown>\n#9 0x56242ff62421 <unknown>\n#10 0x56243045db28 <unknown>\n#11 0x56243046187f <unknown>\n#12 0x562430445c49 <unknown>\n#13 0x562430462405 <unknown>\n#14 0x56243042b4ff <unknown>\n#15 0x562430486258 <unknown>\n#16 0x562430486432 <unknown>\n#17 0x562430497fa3 <unknown>\n#18 0x7f8c2d49caa4 <unknown>\n#19 0x7f8c2d529c6c <unknown>","statusTrace":"self = <test_footer.TestFooter object at 0x7f7c81542110>\ndriver = <selenium.webdriver.chrome.webdriver.WebDriver (session=\"b55c9db734c2e0da3079fee7178152fb\")>\nURL = 'https://magento.softwaretestingboard.com/what-is-new.html'\n\n    @allure.title(\"TC 02.01.03 - Check Search Terms link is present in the DOM tree on each page specified in DATA_1\")\n    @pytest.mark.parametrize('URL', DATA_1)\n    def test_tc_02_01_03_check_presence_of_search_terms_link_on_pages(self, driver, URL):\n        \"\"\"Checks if the Search Terms link is present in the DOM tree on each page specified in DATA_1\"\"\"\n        page = FooterPage(driver, url=URL)\n        page.open()\n>       search_terms_link = page.check_search_terms_link_presence()\n\ntests/test_footer.py:38: \n_ _ _ _ _ _ _ _ _ _ _ _ _ _ _ _ _ _ _ _ _ _ _ _ _ _ _ _ _ _ _ _ _ _ _ _ _ _ _ _ \npages/footer_page.py:33: in check_search_terms_link_presence\n    return self.element_is_present(self.footer_locators.SEARCH_TERMS_LINK)\npages/base_page.py:51: in element_is_present\n    return wait(self.driver, timeout).until(EC.presence_of_element_located(locator))\n_ _ _ _ _ _ _ _ _ _ _ _ _ _ _ _ _ _ _ _ _ _ _ _ _ _ _ _ _ _ _ _ _ _ _ _ _ _ _ _ \n\nself = <selenium.webdriver.support.wait.WebDriverWait (session=\"b55c9db734c2e0da3079fee7178152fb\")>\nmethod = <function presence_of_element_located.<locals>._predicate at 0x7f7c81952340>\nmessage = ''\n\n    def until(self, method, message: str = \"\"):\n        \"\"\"Calls the method provided with the driver as an argument until the \\\n        return value does not evaluate to ``False``.\n    \n        :param method: callable(WebDriver)\n        :param message: optional message for :exc:`TimeoutException`\n        :returns: the result of the last call to `method`\n        :raises: :exc:`selenium.common.exceptions.TimeoutException` if timeout occurs\n        \"\"\"\n        screen = None\n        stacktrace = None\n    \n        end_time = time.monotonic() + self._timeout\n        while True:\n            try:\n                value = method(self._driver)\n                if value:\n                    return value\n            except self._ignored_exceptions as exc:\n                screen = getattr(exc, \"screen\", None)\n                stacktrace = getattr(exc, \"stacktrace\", None)\n            time.sleep(self._poll)\n            if time.monotonic() > end_time:\n                break\n>       raise TimeoutException(message, screen, stacktrace)\nE       selenium.common.exceptions.TimeoutException: Message: \nE       Stacktrace:\nE       #0 0x562430498fba <unknown>\nE       #1 0x56242ff1d6d0 <unknown>\nE       #2 0x56242ff6f2aa <unknown>\nE       #3 0x56242ff6f541 <unknown>\nE       #4 0x56242ffbd6c4 <unknown>\nE       #5 0x56242ff94e5d <unknown>\nE       #6 0x56242ffbab54 <unknown>\nE       #7 0x56242ff94c03 <unknown>\nE       #8 0x56242ff617a8 <unknown>\nE       #9 0x56242ff62421 <unknown>\nE       #10 0x56243045db28 <unknown>\nE       #11 0x56243046187f <unknown>\nE       #12 0x562430445c49 <unknown>\nE       #13 0x562430462405 <unknown>\nE       #14 0x56243042b4ff <unknown>\nE       #15 0x562430486258 <unknown>\nE       #16 0x562430486432 <unknown>\nE       #17 0x562430497fa3 <unknown>\nE       #18 0x7f8c2d49caa4 <unknown>\nE       #19 0x7f8c2d529c6c <unknown>\n\n/opt/hostedtoolcache/Python/3.11.13/x64/lib/python3.11/site-packages/selenium/webdriver/support/wait.py:95: TimeoutException","flaky":false,"newFailed":false,"newBroken":false,"newPassed":false,"retriesCount":0,"retriesStatusChange":false,"beforeStages":[{"name":"_session_faker","time":{"start":1761441659726,"stop":1761441659788,"duration":62},"status":"passed","steps":[],"attachments":[],"parameters":[],"stepsCount":0,"shouldDisplayMessage":false,"attachmentsCount":0,"hasContent":false,"attachmentStep":false},{"name":"clear_allure_result_folder","time":{"start":1761441659789,"stop":1761441659789,"duration":0},"status":"passed","steps":[],"attachments":[],"parameters":[],"stepsCount":0,"shouldDisplayMessage":false,"attachmentsCount":0,"hasContent":false,"attachmentStep":false},{"name":"driver","time":{"start":1761441870520,"stop":1761441871764,"duration":1244},"status":"passed","steps":[],"attachments":[],"parameters":[],"stepsCount":0,"shouldDisplayMessage":false,"attachmentsCount":0,"hasContent":false,"attachmentStep":false}],"testStage":{"description":"Checks if the Search Terms link is present in the DOM tree on each page specified in DATA_1","status":"broken","statusMessage":"selenium.common.exceptions.TimeoutException: Message: \nStacktrace:\n#0 0x562430498fba <unknown>\n#1 0x56242ff1d6d0 <unknown>\n#2 0x56242ff6f2aa <unknown>\n#3 0x56242ff6f541 <unknown>\n#4 0x56242ffbd6c4 <unknown>\n#5 0x56242ff94e5d <unknown>\n#6 0x56242ffbab54 <unknown>\n#7 0x56242ff94c03 <unknown>\n#8 0x56242ff617a8 <unknown>\n#9 0x56242ff62421 <unknown>\n#10 0x56243045db28 <unknown>\n#11 0x56243046187f <unknown>\n#12 0x562430445c49 <unknown>\n#13 0x562430462405 <unknown>\n#14 0x56243042b4ff <unknown>\n#15 0x562430486258 <unknown>\n#16 0x562430486432 <unknown>\n#17 0x562430497fa3 <unknown>\n#18 0x7f8c2d49caa4 <unknown>\n#19 0x7f8c2d529c6c <unknown>","statusTrace":"self = <test_footer.TestFooter object at 0x7f7c81542110>\ndriver = <selenium.webdriver.chrome.webdriver.WebDriver (session=\"b55c9db734c2e0da3079fee7178152fb\")>\nURL = 'https://magento.softwaretestingboard.com/what-is-new.html'\n\n    @allure.title(\"TC 02.01.03 - Check Search Terms link is present in the DOM tree on each page specified in DATA_1\")\n    @pytest.mark.parametrize('URL', DATA_1)\n    def test_tc_02_01_03_check_presence_of_search_terms_link_on_pages(self, driver, URL):\n        \"\"\"Checks if the Search Terms link is present in the DOM tree on each page specified in DATA_1\"\"\"\n        page = FooterPage(driver, url=URL)\n        page.open()\n>       search_terms_link = page.check_search_terms_link_presence()\n\ntests/test_footer.py:38: \n_ _ _ _ _ _ _ _ _ _ _ _ _ _ _ _ _ _ _ _ _ _ _ _ _ _ _ _ _ _ _ _ _ _ _ _ _ _ _ _ \npages/footer_page.py:33: in check_search_terms_link_presence\n    return self.element_is_present(self.footer_locators.SEARCH_TERMS_LINK)\npages/base_page.py:51: in element_is_present\n    return wait(self.driver, timeout).until(EC.presence_of_element_located(locator))\n_ _ _ _ _ _ _ _ _ _ _ _ _ _ _ _ _ _ _ _ _ _ _ _ _ _ _ _ _ _ _ _ _ _ _ _ _ _ _ _ \n\nself = <selenium.webdriver.support.wait.WebDriverWait (session=\"b55c9db734c2e0da3079fee7178152fb\")>\nmethod = <function presence_of_element_located.<locals>._predicate at 0x7f7c81952340>\nmessage = ''\n\n    def until(self, method, message: str = \"\"):\n        \"\"\"Calls the method provided with the driver as an argument until the \\\n        return value does not evaluate to ``False``.\n    \n        :param method: callable(WebDriver)\n        :param message: optional message for :exc:`TimeoutException`\n        :returns: the result of the last call to `method`\n        :raises: :exc:`selenium.common.exceptions.TimeoutException` if timeout occurs\n        \"\"\"\n        screen = None\n        stacktrace = None\n    \n        end_time = time.monotonic() + self._timeout\n        while True:\n            try:\n                value = method(self._driver)\n                if value:\n                    return value\n            except self._ignored_exceptions as exc:\n                screen = getattr(exc, \"screen\", None)\n                stacktrace = getattr(exc, \"stacktrace\", None)\n            time.sleep(self._poll)\n            if time.monotonic() > end_time:\n                break\n>       raise TimeoutException(message, screen, stacktrace)\nE       selenium.common.exceptions.TimeoutException: Message: \nE       Stacktrace:\nE       #0 0x562430498fba <unknown>\nE       #1 0x56242ff1d6d0 <unknown>\nE       #2 0x56242ff6f2aa <unknown>\nE       #3 0x56242ff6f541 <unknown>\nE       #4 0x56242ffbd6c4 <unknown>\nE       #5 0x56242ff94e5d <unknown>\nE       #6 0x56242ffbab54 <unknown>\nE       #7 0x56242ff94c03 <unknown>\nE       #8 0x56242ff617a8 <unknown>\nE       #9 0x56242ff62421 <unknown>\nE       #10 0x56243045db28 <unknown>\nE       #11 0x56243046187f <unknown>\nE       #12 0x562430445c49 <unknown>\nE       #13 0x562430462405 <unknown>\nE       #14 0x56243042b4ff <unknown>\nE       #15 0x562430486258 <unknown>\nE       #16 0x562430486432 <unknown>\nE       #17 0x562430497fa3 <unknown>\nE       #18 0x7f8c2d49caa4 <unknown>\nE       #19 0x7f8c2d529c6c <unknown>\n\n/opt/hostedtoolcache/Python/3.11.13/x64/lib/python3.11/site-packages/selenium/webdriver/support/wait.py:95: TimeoutException","steps":[{"name":"Open a browser","time":{"start":1761441871765,"stop":1761441871934,"duration":169},"status":"passed","steps":[],"attachments":[],"parameters":[],"stepsCount":0,"shouldDisplayMessage":false,"attachmentsCount":0,"hasContent":false,"attachmentStep":false},{"name":"Check Search Terms link is present in the DOM tree","time":{"start":1761441871935,"stop":1761441877037,"duration":5102},"status":"broken","statusMessage":"selenium.common.exceptions.TimeoutException: Message: \nStacktrace:\n#0 0x562430498fba <unknown>\n#1 0x56242ff1d6d0 <unknown>\n#2 0x56242ff6f2aa <unknown>\n#3 0x56242ff6f541 <unknown>\n#4 0x56242ffbd6c4 <unknown>\n#5 0x56242ff94e5d <unknown>\n#6 0x56242ffbab54 <unknown>\n#7 0x56242ff94c03 <unknown>\n#8 0x56242ff617a8 <unknown>\n#9 0x56242ff62421 <unknown>\n#10 0x56243045db28 <unknown>\n#11 0x56243046187f <unknown>\n#12 0x562430445c49 <unknown>\n#13 0x562430462405 <unknown>\n#14 0x56243042b4ff <unknown>\n#15 0x562430486258 <unknown>\n#16 0x562430486432 <unknown>\n#17 0x562430497fa3 <unknown>\n#18 0x7f8c2d49caa4 <unknown>\n#19 0x7f8c2d529c6c <unknown>\n\n","statusTrace":"  File \"/opt/hostedtoolcache/Python/3.11.13/x64/lib/python3.11/site-packages/allure_commons/_allure.py\", line 192, in impl\n    return func(*a, **kw)\n           ^^^^^^^^^^^^^^\n  File \"/home/runner/work/luma_project/luma_project/pages/footer_page.py\", line 33, in check_search_terms_link_presence\n    return self.element_is_present(self.footer_locators.SEARCH_TERMS_LINK)\n           ^^^^^^^^^^^^^^^^^^^^^^^^^^^^^^^^^^^^^^^^^^^^^^^^^^^^^^^^^^^^^^^\n  File \"/opt/hostedtoolcache/Python/3.11.13/x64/lib/python3.11/site-packages/allure_commons/_allure.py\", line 192, in impl\n    return func(*a, **kw)\n           ^^^^^^^^^^^^^^\n  File \"/home/runner/work/luma_project/luma_project/pages/base_page.py\", line 51, in element_is_present\n    return wait(self.driver, timeout).until(EC.presence_of_element_located(locator))\n           ^^^^^^^^^^^^^^^^^^^^^^^^^^^^^^^^^^^^^^^^^^^^^^^^^^^^^^^^^^^^^^^^^^^^^^^^^\n  File \"/opt/hostedtoolcache/Python/3.11.13/x64/lib/python3.11/site-packages/selenium/webdriver/support/wait.py\", line 95, in until\n    raise TimeoutException(message, screen, stacktrace)\n","steps":[{"name":"Find a present element","time":{"start":1761441871935,"stop":1761441877037,"duration":5102},"status":"broken","statusMessage":"selenium.common.exceptions.TimeoutException: Message: \nStacktrace:\n#0 0x562430498fba <unknown>\n#1 0x56242ff1d6d0 <unknown>\n#2 0x56242ff6f2aa <unknown>\n#3 0x56242ff6f541 <unknown>\n#4 0x56242ffbd6c4 <unknown>\n#5 0x56242ff94e5d <unknown>\n#6 0x56242ffbab54 <unknown>\n#7 0x56242ff94c03 <unknown>\n#8 0x56242ff617a8 <unknown>\n#9 0x56242ff62421 <unknown>\n#10 0x56243045db28 <unknown>\n#11 0x56243046187f <unknown>\n#12 0x562430445c49 <unknown>\n#13 0x562430462405 <unknown>\n#14 0x56243042b4ff <unknown>\n#15 0x562430486258 <unknown>\n#16 0x562430486432 <unknown>\n#17 0x562430497fa3 <unknown>\n#18 0x7f8c2d49caa4 <unknown>\n#19 0x7f8c2d529c6c <unknown>\n\n","statusTrace":"  File \"/opt/hostedtoolcache/Python/3.11.13/x64/lib/python3.11/site-packages/allure_commons/_allure.py\", line 192, in impl\n    return func(*a, **kw)\n           ^^^^^^^^^^^^^^\n  File \"/home/runner/work/luma_project/luma_project/pages/base_page.py\", line 51, in element_is_present\n    return wait(self.driver, timeout).until(EC.presence_of_element_located(locator))\n           ^^^^^^^^^^^^^^^^^^^^^^^^^^^^^^^^^^^^^^^^^^^^^^^^^^^^^^^^^^^^^^^^^^^^^^^^^\n  File \"/opt/hostedtoolcache/Python/3.11.13/x64/lib/python3.11/site-packages/selenium/webdriver/support/wait.py\", line 95, in until\n    raise TimeoutException(message, screen, stacktrace)\n","steps":[],"attachments":[],"parameters":[{"name":"locator","value":"('css selector', '.footer > :nth-child(1) > a')"},{"name":"timeout","value":"5"}],"stepsCount":0,"shouldDisplayMessage":true,"attachmentsCount":0,"hasContent":true,"attachmentStep":false}],"attachments":[],"parameters":[],"stepsCount":1,"shouldDisplayMessage":false,"attachmentsCount":0,"hasContent":true,"attachmentStep":false}],"attachments":[{"uid":"c8c95e5e920f7e12","name":"Screenshot","source":"c8c95e5e920f7e12.png","type":"image/png","size":23875},{"uid":"bce49fba8f75108b","name":"HTML source","source":"bce49fba8f75108b.html","type":"text/html","size":1433}],"parameters":[],"stepsCount":3,"shouldDisplayMessage":true,"attachmentsCount":2,"hasContent":true,"attachmentStep":false},"afterStages":[{"name":"driver::0","time":{"start":1761441877110,"stop":1761441877170,"duration":60},"status":"passed","steps":[],"attachments":[],"parameters":[],"stepsCount":0,"shouldDisplayMessage":false,"attachmentsCount":0,"hasContent":false,"attachmentStep":false},{"name":"clear_allure_result_folder::0","time":{"start":1761444065340,"stop":1761444065340,"duration":0},"status":"passed","steps":[],"attachments":[],"parameters":[],"stepsCount":0,"shouldDisplayMessage":false,"attachmentsCount":0,"hasContent":false,"attachmentStep":false}],"labels":[{"name":"epic","value":"Test Footer"},{"name":"parentSuite","value":"tests"},{"name":"suite","value":"test_footer"},{"name":"subSuite","value":"TestFooter"},{"name":"host","value":"runnervmwhb2z"},{"name":"thread","value":"2962-MainThread"},{"name":"framework","value":"pytest"},{"name":"language","value":"cpython3"},{"name":"package","value":"tests.test_footer"},{"name":"resultFormat","value":"allure2"}],"parameters":[{"name":"URL","value":"'https://magento.softwaretestingboard.com/what-is-new.html'"}],"links":[],"hidden":false,"retry":false,"extra":{"severity":"normal","retries":[],"categories":[{"name":"Test defects","matchedStatuses":[],"flaky":false}],"tags":[]},"source":"8063fcaf58986b20.json","parameterValues":["'https://magento.softwaretestingboard.com/what-is-new.html'"]}