{"uid":"89445cf9735b0a95","name":"TC 03.01.20 Verify New Customers note","fullName":"tests.test_sign_in.TestNewCustomers#test_03_01_03_new_customers_note","historyId":"9ed409addb2b734e6ec6604cf97957d1","time":{"start":1761443778691,"stop":1761443783791,"duration":5100},"description":"Check if Note is present under New Customers Heading","descriptionHtml":"<p>Check if Note is present under New Customers Heading</p>\n","status":"broken","statusMessage":"selenium.common.exceptions.TimeoutException: Message: \nStacktrace:\n#0 0x564e05bd5fba <unknown>\n#1 0x564e0565a6d0 <unknown>\n#2 0x564e056ac2aa <unknown>\n#3 0x564e056ac541 <unknown>\n#4 0x564e056fa6c4 <unknown>\n#5 0x564e056d1e5d <unknown>\n#6 0x564e056f7b54 <unknown>\n#7 0x564e056d1c03 <unknown>\n#8 0x564e0569e7a8 <unknown>\n#9 0x564e0569f421 <unknown>\n#10 0x564e05b9ab28 <unknown>\n#11 0x564e05b9e87f <unknown>\n#12 0x564e05b82c49 <unknown>\n#13 0x564e05b9f405 <unknown>\n#14 0x564e05b684ff <unknown>\n#15 0x564e05bc3258 <unknown>\n#16 0x564e05bc3432 <unknown>\n#17 0x564e05bd4fa3 <unknown>\n#18 0x7f97d009caa4 <unknown>\n#19 0x7f97d0129c6c <unknown>","statusTrace":"self = <test_sign_in.TestNewCustomers object at 0x7f7c7fc4b890>\ndriver = <selenium.webdriver.chrome.webdriver.WebDriver (session=\"48daf8f7e9405673428a8a2044272123\")>\nsign_in_page = <pages.sign_in_page.SignInPage object at 0x7f7c812ff650>\n\n    @allure.title('TC 03.01.20 Verify New Customers note')\n    @allure.severity(allure.severity_level.MINOR)\n    def test_03_01_03_new_customers_note(self, driver, sign_in_page):\n        \"\"\"Check if Note is present under New Customers Heading\"\"\"\n>       note = sign_in_page.check_new_customers_note()\n\ntests/test_sign_in.py:193: \n_ _ _ _ _ _ _ _ _ _ _ _ _ _ _ _ _ _ _ _ _ _ _ _ _ _ _ _ _ _ _ _ _ _ _ _ _ _ _ _ \npages/sign_in_page.py:133: in check_new_customers_note\n    return self.element_is_visible(self.locators.NEW_CUSTOMERS_NOTE)\npages/base_page.py:30: in element_is_visible\n    self.go_to_element(self.element_is_present(locator))\npages/base_page.py:51: in element_is_present\n    return wait(self.driver, timeout).until(EC.presence_of_element_located(locator))\n_ _ _ _ _ _ _ _ _ _ _ _ _ _ _ _ _ _ _ _ _ _ _ _ _ _ _ _ _ _ _ _ _ _ _ _ _ _ _ _ \n\nself = <selenium.webdriver.support.wait.WebDriverWait (session=\"48daf8f7e9405673428a8a2044272123\")>\nmethod = <function presence_of_element_located.<locals>._predicate at 0x7f7c80d10360>\nmessage = ''\n\n    def until(self, method, message: str = \"\"):\n        \"\"\"Calls the method provided with the driver as an argument until the \\\n        return value does not evaluate to ``False``.\n    \n        :param method: callable(WebDriver)\n        :param message: optional message for :exc:`TimeoutException`\n        :returns: the result of the last call to `method`\n        :raises: :exc:`selenium.common.exceptions.TimeoutException` if timeout occurs\n        \"\"\"\n        screen = None\n        stacktrace = None\n    \n        end_time = time.monotonic() + self._timeout\n        while True:\n            try:\n                value = method(self._driver)\n                if value:\n                    return value\n            except self._ignored_exceptions as exc:\n                screen = getattr(exc, \"screen\", None)\n                stacktrace = getattr(exc, \"stacktrace\", None)\n            time.sleep(self._poll)\n            if time.monotonic() > end_time:\n                break\n>       raise TimeoutException(message, screen, stacktrace)\nE       selenium.common.exceptions.TimeoutException: Message: \nE       Stacktrace:\nE       #0 0x564e05bd5fba <unknown>\nE       #1 0x564e0565a6d0 <unknown>\nE       #2 0x564e056ac2aa <unknown>\nE       #3 0x564e056ac541 <unknown>\nE       #4 0x564e056fa6c4 <unknown>\nE       #5 0x564e056d1e5d <unknown>\nE       #6 0x564e056f7b54 <unknown>\nE       #7 0x564e056d1c03 <unknown>\nE       #8 0x564e0569e7a8 <unknown>\nE       #9 0x564e0569f421 <unknown>\nE       #10 0x564e05b9ab28 <unknown>\nE       #11 0x564e05b9e87f <unknown>\nE       #12 0x564e05b82c49 <unknown>\nE       #13 0x564e05b9f405 <unknown>\nE       #14 0x564e05b684ff <unknown>\nE       #15 0x564e05bc3258 <unknown>\nE       #16 0x564e05bc3432 <unknown>\nE       #17 0x564e05bd4fa3 <unknown>\nE       #18 0x7f97d009caa4 <unknown>\nE       #19 0x7f97d0129c6c <unknown>\n\n/opt/hostedtoolcache/Python/3.11.13/x64/lib/python3.11/site-packages/selenium/webdriver/support/wait.py:95: TimeoutException","flaky":false,"newFailed":false,"newBroken":false,"newPassed":false,"retriesCount":0,"retriesStatusChange":false,"beforeStages":[{"name":"_session_faker","time":{"start":1761441659726,"stop":1761441659788,"duration":62},"status":"passed","steps":[],"attachments":[],"parameters":[],"stepsCount":0,"shouldDisplayMessage":false,"attachmentsCount":0,"hasContent":false,"attachmentStep":false},{"name":"clear_allure_result_folder","time":{"start":1761441659789,"stop":1761441659789,"duration":0},"status":"passed","steps":[],"attachments":[],"parameters":[],"stepsCount":0,"shouldDisplayMessage":false,"attachmentsCount":0,"hasContent":false,"attachmentStep":false},{"name":"driver","time":{"start":1761443777291,"stop":1761443778545,"duration":1254},"status":"passed","steps":[],"attachments":[],"parameters":[],"stepsCount":0,"shouldDisplayMessage":false,"attachmentsCount":0,"hasContent":false,"attachmentStep":false},{"name":"sign_in_page","time":{"start":1761443778545,"stop":1761443778691,"duration":146},"status":"passed","steps":[{"name":"Open a browser","time":{"start":1761443778545,"stop":1761443778691,"duration":146},"status":"passed","steps":[],"attachments":[],"parameters":[],"stepsCount":0,"shouldDisplayMessage":false,"attachmentsCount":0,"hasContent":false,"attachmentStep":false}],"attachments":[],"parameters":[],"stepsCount":1,"shouldDisplayMessage":false,"attachmentsCount":0,"hasContent":true,"attachmentStep":false}],"testStage":{"description":"Check if Note is present under New Customers Heading","status":"broken","statusMessage":"selenium.common.exceptions.TimeoutException: Message: \nStacktrace:\n#0 0x564e05bd5fba <unknown>\n#1 0x564e0565a6d0 <unknown>\n#2 0x564e056ac2aa <unknown>\n#3 0x564e056ac541 <unknown>\n#4 0x564e056fa6c4 <unknown>\n#5 0x564e056d1e5d <unknown>\n#6 0x564e056f7b54 <unknown>\n#7 0x564e056d1c03 <unknown>\n#8 0x564e0569e7a8 <unknown>\n#9 0x564e0569f421 <unknown>\n#10 0x564e05b9ab28 <unknown>\n#11 0x564e05b9e87f <unknown>\n#12 0x564e05b82c49 <unknown>\n#13 0x564e05b9f405 <unknown>\n#14 0x564e05b684ff <unknown>\n#15 0x564e05bc3258 <unknown>\n#16 0x564e05bc3432 <unknown>\n#17 0x564e05bd4fa3 <unknown>\n#18 0x7f97d009caa4 <unknown>\n#19 0x7f97d0129c6c <unknown>","statusTrace":"self = <test_sign_in.TestNewCustomers object at 0x7f7c7fc4b890>\ndriver = <selenium.webdriver.chrome.webdriver.WebDriver (session=\"48daf8f7e9405673428a8a2044272123\")>\nsign_in_page = <pages.sign_in_page.SignInPage object at 0x7f7c812ff650>\n\n    @allure.title('TC 03.01.20 Verify New Customers note')\n    @allure.severity(allure.severity_level.MINOR)\n    def test_03_01_03_new_customers_note(self, driver, sign_in_page):\n        \"\"\"Check if Note is present under New Customers Heading\"\"\"\n>       note = sign_in_page.check_new_customers_note()\n\ntests/test_sign_in.py:193: \n_ _ _ _ _ _ _ _ _ _ _ _ _ _ _ _ _ _ _ _ _ _ _ _ _ _ _ _ _ _ _ _ _ _ _ _ _ _ _ _ \npages/sign_in_page.py:133: in check_new_customers_note\n    return self.element_is_visible(self.locators.NEW_CUSTOMERS_NOTE)\npages/base_page.py:30: in element_is_visible\n    self.go_to_element(self.element_is_present(locator))\npages/base_page.py:51: in element_is_present\n    return wait(self.driver, timeout).until(EC.presence_of_element_located(locator))\n_ _ _ _ _ _ _ _ _ _ _ _ _ _ _ _ _ _ _ _ _ _ _ _ _ _ _ _ _ _ _ _ _ _ _ _ _ _ _ _ \n\nself = <selenium.webdriver.support.wait.WebDriverWait (session=\"48daf8f7e9405673428a8a2044272123\")>\nmethod = <function presence_of_element_located.<locals>._predicate at 0x7f7c80d10360>\nmessage = ''\n\n    def until(self, method, message: str = \"\"):\n        \"\"\"Calls the method provided with the driver as an argument until the \\\n        return value does not evaluate to ``False``.\n    \n        :param method: callable(WebDriver)\n        :param message: optional message for :exc:`TimeoutException`\n        :returns: the result of the last call to `method`\n        :raises: :exc:`selenium.common.exceptions.TimeoutException` if timeout occurs\n        \"\"\"\n        screen = None\n        stacktrace = None\n    \n        end_time = time.monotonic() + self._timeout\n        while True:\n            try:\n                value = method(self._driver)\n                if value:\n                    return value\n            except self._ignored_exceptions as exc:\n                screen = getattr(exc, \"screen\", None)\n                stacktrace = getattr(exc, \"stacktrace\", None)\n            time.sleep(self._poll)\n            if time.monotonic() > end_time:\n                break\n>       raise TimeoutException(message, screen, stacktrace)\nE       selenium.common.exceptions.TimeoutException: Message: \nE       Stacktrace:\nE       #0 0x564e05bd5fba <unknown>\nE       #1 0x564e0565a6d0 <unknown>\nE       #2 0x564e056ac2aa <unknown>\nE       #3 0x564e056ac541 <unknown>\nE       #4 0x564e056fa6c4 <unknown>\nE       #5 0x564e056d1e5d <unknown>\nE       #6 0x564e056f7b54 <unknown>\nE       #7 0x564e056d1c03 <unknown>\nE       #8 0x564e0569e7a8 <unknown>\nE       #9 0x564e0569f421 <unknown>\nE       #10 0x564e05b9ab28 <unknown>\nE       #11 0x564e05b9e87f <unknown>\nE       #12 0x564e05b82c49 <unknown>\nE       #13 0x564e05b9f405 <unknown>\nE       #14 0x564e05b684ff <unknown>\nE       #15 0x564e05bc3258 <unknown>\nE       #16 0x564e05bc3432 <unknown>\nE       #17 0x564e05bd4fa3 <unknown>\nE       #18 0x7f97d009caa4 <unknown>\nE       #19 0x7f97d0129c6c <unknown>\n\n/opt/hostedtoolcache/Python/3.11.13/x64/lib/python3.11/site-packages/selenium/webdriver/support/wait.py:95: TimeoutException","steps":[{"name":"Check New Customers note is visible","time":{"start":1761443778691,"stop":1761443783791,"duration":5100},"status":"broken","statusMessage":"selenium.common.exceptions.TimeoutException: Message: \nStacktrace:\n#0 0x564e05bd5fba <unknown>\n#1 0x564e0565a6d0 <unknown>\n#2 0x564e056ac2aa <unknown>\n#3 0x564e056ac541 <unknown>\n#4 0x564e056fa6c4 <unknown>\n#5 0x564e056d1e5d <unknown>\n#6 0x564e056f7b54 <unknown>\n#7 0x564e056d1c03 <unknown>\n#8 0x564e0569e7a8 <unknown>\n#9 0x564e0569f421 <unknown>\n#10 0x564e05b9ab28 <unknown>\n#11 0x564e05b9e87f <unknown>\n#12 0x564e05b82c49 <unknown>\n#13 0x564e05b9f405 <unknown>\n#14 0x564e05b684ff <unknown>\n#15 0x564e05bc3258 <unknown>\n#16 0x564e05bc3432 <unknown>\n#17 0x564e05bd4fa3 <unknown>\n#18 0x7f97d009caa4 <unknown>\n#19 0x7f97d0129c6c <unknown>\n\n","statusTrace":"  File \"/opt/hostedtoolcache/Python/3.11.13/x64/lib/python3.11/site-packages/allure_commons/_allure.py\", line 192, in impl\n    return func(*a, **kw)\n           ^^^^^^^^^^^^^^\n  File \"/home/runner/work/luma_project/luma_project/pages/sign_in_page.py\", line 133, in check_new_customers_note\n    return self.element_is_visible(self.locators.NEW_CUSTOMERS_NOTE)\n           ^^^^^^^^^^^^^^^^^^^^^^^^^^^^^^^^^^^^^^^^^^^^^^^^^^^^^^^^^\n  File \"/opt/hostedtoolcache/Python/3.11.13/x64/lib/python3.11/site-packages/allure_commons/_allure.py\", line 192, in impl\n    return func(*a, **kw)\n           ^^^^^^^^^^^^^^\n  File \"/home/runner/work/luma_project/luma_project/pages/base_page.py\", line 30, in element_is_visible\n    self.go_to_element(self.element_is_present(locator))\n                       ^^^^^^^^^^^^^^^^^^^^^^^^^^^^^^^^\n  File \"/opt/hostedtoolcache/Python/3.11.13/x64/lib/python3.11/site-packages/allure_commons/_allure.py\", line 192, in impl\n    return func(*a, **kw)\n           ^^^^^^^^^^^^^^\n  File \"/home/runner/work/luma_project/luma_project/pages/base_page.py\", line 51, in element_is_present\n    return wait(self.driver, timeout).until(EC.presence_of_element_located(locator))\n           ^^^^^^^^^^^^^^^^^^^^^^^^^^^^^^^^^^^^^^^^^^^^^^^^^^^^^^^^^^^^^^^^^^^^^^^^^\n  File \"/opt/hostedtoolcache/Python/3.11.13/x64/lib/python3.11/site-packages/selenium/webdriver/support/wait.py\", line 95, in until\n    raise TimeoutException(message, screen, stacktrace)\n","steps":[{"name":"Find a visible element","time":{"start":1761443778691,"stop":1761443783791,"duration":5100},"status":"broken","statusMessage":"selenium.common.exceptions.TimeoutException: Message: \nStacktrace:\n#0 0x564e05bd5fba <unknown>\n#1 0x564e0565a6d0 <unknown>\n#2 0x564e056ac2aa <unknown>\n#3 0x564e056ac541 <unknown>\n#4 0x564e056fa6c4 <unknown>\n#5 0x564e056d1e5d <unknown>\n#6 0x564e056f7b54 <unknown>\n#7 0x564e056d1c03 <unknown>\n#8 0x564e0569e7a8 <unknown>\n#9 0x564e0569f421 <unknown>\n#10 0x564e05b9ab28 <unknown>\n#11 0x564e05b9e87f <unknown>\n#12 0x564e05b82c49 <unknown>\n#13 0x564e05b9f405 <unknown>\n#14 0x564e05b684ff <unknown>\n#15 0x564e05bc3258 <unknown>\n#16 0x564e05bc3432 <unknown>\n#17 0x564e05bd4fa3 <unknown>\n#18 0x7f97d009caa4 <unknown>\n#19 0x7f97d0129c6c <unknown>\n\n","statusTrace":"  File \"/opt/hostedtoolcache/Python/3.11.13/x64/lib/python3.11/site-packages/allure_commons/_allure.py\", line 192, in impl\n    return func(*a, **kw)\n           ^^^^^^^^^^^^^^\n  File \"/home/runner/work/luma_project/luma_project/pages/base_page.py\", line 30, in element_is_visible\n    self.go_to_element(self.element_is_present(locator))\n                       ^^^^^^^^^^^^^^^^^^^^^^^^^^^^^^^^\n  File \"/opt/hostedtoolcache/Python/3.11.13/x64/lib/python3.11/site-packages/allure_commons/_allure.py\", line 192, in impl\n    return func(*a, **kw)\n           ^^^^^^^^^^^^^^\n  File \"/home/runner/work/luma_project/luma_project/pages/base_page.py\", line 51, in element_is_present\n    return wait(self.driver, timeout).until(EC.presence_of_element_located(locator))\n           ^^^^^^^^^^^^^^^^^^^^^^^^^^^^^^^^^^^^^^^^^^^^^^^^^^^^^^^^^^^^^^^^^^^^^^^^^\n  File \"/opt/hostedtoolcache/Python/3.11.13/x64/lib/python3.11/site-packages/selenium/webdriver/support/wait.py\", line 95, in until\n    raise TimeoutException(message, screen, stacktrace)\n","steps":[{"name":"Find a present element","time":{"start":1761443778691,"stop":1761443783790,"duration":5099},"status":"broken","statusMessage":"selenium.common.exceptions.TimeoutException: Message: \nStacktrace:\n#0 0x564e05bd5fba <unknown>\n#1 0x564e0565a6d0 <unknown>\n#2 0x564e056ac2aa <unknown>\n#3 0x564e056ac541 <unknown>\n#4 0x564e056fa6c4 <unknown>\n#5 0x564e056d1e5d <unknown>\n#6 0x564e056f7b54 <unknown>\n#7 0x564e056d1c03 <unknown>\n#8 0x564e0569e7a8 <unknown>\n#9 0x564e0569f421 <unknown>\n#10 0x564e05b9ab28 <unknown>\n#11 0x564e05b9e87f <unknown>\n#12 0x564e05b82c49 <unknown>\n#13 0x564e05b9f405 <unknown>\n#14 0x564e05b684ff <unknown>\n#15 0x564e05bc3258 <unknown>\n#16 0x564e05bc3432 <unknown>\n#17 0x564e05bd4fa3 <unknown>\n#18 0x7f97d009caa4 <unknown>\n#19 0x7f97d0129c6c <unknown>\n\n","statusTrace":"  File \"/opt/hostedtoolcache/Python/3.11.13/x64/lib/python3.11/site-packages/allure_commons/_allure.py\", line 192, in impl\n    return func(*a, **kw)\n           ^^^^^^^^^^^^^^\n  File \"/home/runner/work/luma_project/luma_project/pages/base_page.py\", line 51, in element_is_present\n    return wait(self.driver, timeout).until(EC.presence_of_element_located(locator))\n           ^^^^^^^^^^^^^^^^^^^^^^^^^^^^^^^^^^^^^^^^^^^^^^^^^^^^^^^^^^^^^^^^^^^^^^^^^\n  File \"/opt/hostedtoolcache/Python/3.11.13/x64/lib/python3.11/site-packages/selenium/webdriver/support/wait.py\", line 95, in until\n    raise TimeoutException(message, screen, stacktrace)\n","steps":[],"attachments":[],"parameters":[{"name":"locator","value":"('css selector', '.block-new-customer > div.block-content > p')"},{"name":"timeout","value":"5"}],"stepsCount":0,"shouldDisplayMessage":true,"attachmentsCount":0,"hasContent":true,"attachmentStep":false}],"attachments":[],"parameters":[{"name":"locator","value":"('css selector', '.block-new-customer > div.block-content > p')"},{"name":"timeout","value":"10"}],"stepsCount":1,"shouldDisplayMessage":false,"attachmentsCount":0,"hasContent":true,"attachmentStep":false}],"attachments":[],"parameters":[],"stepsCount":2,"shouldDisplayMessage":false,"attachmentsCount":0,"hasContent":true,"attachmentStep":false}],"attachments":[{"uid":"cf6fc063b33c8c2c","name":"Screenshot","source":"cf6fc063b33c8c2c.png","type":"image/png","size":23875},{"uid":"687d02636e066cb","name":"HTML source","source":"687d02636e066cb.html","type":"text/html","size":1433}],"parameters":[],"stepsCount":3,"shouldDisplayMessage":true,"attachmentsCount":2,"hasContent":true,"attachmentStep":false},"afterStages":[{"name":"driver::0","time":{"start":1761443783862,"stop":1761443783922,"duration":60},"status":"passed","steps":[],"attachments":[],"parameters":[],"stepsCount":0,"shouldDisplayMessage":false,"attachmentsCount":0,"hasContent":false,"attachmentStep":false},{"name":"clear_allure_result_folder::0","time":{"start":1761444065340,"stop":1761444065340,"duration":0},"status":"passed","steps":[],"attachments":[],"parameters":[],"stepsCount":0,"shouldDisplayMessage":false,"attachmentsCount":0,"hasContent":false,"attachmentStep":false}],"labels":[{"name":"severity","value":"minor"},{"name":"feature","value":"New Customers"},{"name":"parentSuite","value":"tests"},{"name":"suite","value":"test_sign_in"},{"name":"subSuite","value":"TestNewCustomers"},{"name":"host","value":"runnervmwhb2z"},{"name":"thread","value":"2962-MainThread"},{"name":"framework","value":"pytest"},{"name":"language","value":"cpython3"},{"name":"package","value":"tests.test_sign_in"},{"name":"resultFormat","value":"allure2"}],"parameters":[],"links":[],"hidden":false,"retry":false,"extra":{"severity":"minor","retries":[],"categories":[{"name":"Test defects","matchedStatuses":[],"flaky":false}],"tags":[]},"source":"89445cf9735b0a95.json","parameterValues":[]}