{"uid":"42b48555ea5d257b","name":"TC 14.03.06 Verify the link 'Tees' is visible and clickable.","fullName":"tests.test_men.TestMenPage#test_tc_14_03_06","historyId":"18e2c763561e6c00f476223588f43d9f","time":{"start":1764467486685,"stop":1764467491963,"duration":5278},"description":"Verify that the link 'Tees' is displayed and clickable","descriptionHtml":"<p>Verify that the link 'Tees' is displayed and clickable</p>\n","status":"broken","statusMessage":"selenium.common.exceptions.TimeoutException: Message: \nStacktrace:\n#0 0x55c3d409832a <unknown>\n#1 0x55c3d3ae4e4b <unknown>\n#2 0x55c3d3b3782b <unknown>\n#3 0x55c3d3b37a61 <unknown>\n#4 0x55c3d3b86a44 <unknown>\n#5 0x55c3d3b83df7 <unknown>\n#6 0x55c3d3b29c1a <unknown>\n#7 0x55c3d3b2a921 <unknown>\n#8 0x55c3d405f239 <unknown>\n#9 0x55c3d40621e8 <unknown>\n#10 0x55c3d40484c9 <unknown>\n#11 0x55c3d4062db5 <unknown>\n#12 0x55c3d402fe93 <unknown>\n#13 0x55c3d4085098 <unknown>\n#14 0x55c3d4085273 <unknown>\n#15 0x55c3d40972c3 <unknown>\n#16 0x7ff2a9c9caa4 <unknown>\n#17 0x7ff2a9d29c6c <unknown>","statusTrace":"self = <test_men.TestMenPage object at 0x7fcd7482a090>\ndriver = <selenium.webdriver.chrome.webdriver.WebDriver (session=\"4f5481457794713ff58edfa37ae1df7a\")>\n\n    @allure.title(\"TC 14.03.06 Verify the link 'Tees' is visible and clickable.\")\n    @allure.severity(allure.severity_level.CRITICAL)\n    def test_tc_14_03_06(self, driver):\n        \"\"\"Verify that the link 'Tees' is displayed and clickable\"\"\"\n        page = MenPage(driver, MEN_PAGE_URL)\n        page.open()\n>       link = page.verify_tees_link_is_visible_and_clickable()\n\ntests/test_men.py:98: \n_ _ _ _ _ _ _ _ _ _ _ _ _ _ _ _ _ _ _ _ _ _ _ _ _ _ _ _ _ _ _ _ _ _ _ _ _ _ _ _ \npages/men_page.py:87: in verify_tees_link_is_visible_and_clickable\n    element = self.element_is_visible(self.side_bar_locators.SIDE_BAR_TEES)\npages/base_page.py:30: in element_is_visible\n    self.go_to_element(self.element_is_present(locator))\npages/base_page.py:51: in element_is_present\n    return wait(self.driver, timeout).until(EC.presence_of_element_located(locator))\n_ _ _ _ _ _ _ _ _ _ _ _ _ _ _ _ _ _ _ _ _ _ _ _ _ _ _ _ _ _ _ _ _ _ _ _ _ _ _ _ \n\nself = <selenium.webdriver.support.wait.WebDriverWait (session=\"4f5481457794713ff58edfa37ae1df7a\")>\nmethod = <function presence_of_element_located.<locals>._predicate at 0x7fcd75002b60>\nmessage = ''\n\n    def until(self, method, message: str = \"\"):\n        \"\"\"Calls the method provided with the driver as an argument until the \\\n        return value does not evaluate to ``False``.\n    \n        :param method: callable(WebDriver)\n        :param message: optional message for :exc:`TimeoutException`\n        :returns: the result of the last call to `method`\n        :raises: :exc:`selenium.common.exceptions.TimeoutException` if timeout occurs\n        \"\"\"\n        screen = None\n        stacktrace = None\n    \n        end_time = time.monotonic() + self._timeout\n        while True:\n            try:\n                value = method(self._driver)\n                if value:\n                    return value\n            except self._ignored_exceptions as exc:\n                screen = getattr(exc, \"screen\", None)\n                stacktrace = getattr(exc, \"stacktrace\", None)\n            time.sleep(self._poll)\n            if time.monotonic() > end_time:\n                break\n>       raise TimeoutException(message, screen, stacktrace)\nE       selenium.common.exceptions.TimeoutException: Message: \nE       Stacktrace:\nE       #0 0x55c3d409832a <unknown>\nE       #1 0x55c3d3ae4e4b <unknown>\nE       #2 0x55c3d3b3782b <unknown>\nE       #3 0x55c3d3b37a61 <unknown>\nE       #4 0x55c3d3b86a44 <unknown>\nE       #5 0x55c3d3b83df7 <unknown>\nE       #6 0x55c3d3b29c1a <unknown>\nE       #7 0x55c3d3b2a921 <unknown>\nE       #8 0x55c3d405f239 <unknown>\nE       #9 0x55c3d40621e8 <unknown>\nE       #10 0x55c3d40484c9 <unknown>\nE       #11 0x55c3d4062db5 <unknown>\nE       #12 0x55c3d402fe93 <unknown>\nE       #13 0x55c3d4085098 <unknown>\nE       #14 0x55c3d4085273 <unknown>\nE       #15 0x55c3d40972c3 <unknown>\nE       #16 0x7ff2a9c9caa4 <unknown>\nE       #17 0x7ff2a9d29c6c <unknown>\n\n/opt/hostedtoolcache/Python/3.11.14/x64/lib/python3.11/site-packages/selenium/webdriver/support/wait.py:95: TimeoutException","flaky":false,"newFailed":false,"newBroken":false,"newPassed":false,"retriesCount":0,"retriesStatusChange":false,"beforeStages":[{"name":"_session_faker","time":{"start":1764466076947,"stop":1764466077009,"duration":62},"status":"passed","steps":[],"attachments":[],"parameters":[],"stepsCount":0,"shouldDisplayMessage":false,"attachmentsCount":0,"hasContent":false,"attachmentStep":false},{"name":"clear_allure_result_folder","time":{"start":1764466077009,"stop":1764466077009,"duration":0},"status":"passed","steps":[],"attachments":[],"parameters":[],"stepsCount":0,"shouldDisplayMessage":false,"attachmentsCount":0,"hasContent":false,"attachmentStep":false},{"name":"driver","time":{"start":1764467485411,"stop":1764467486685,"duration":1274},"status":"passed","steps":[],"attachments":[],"parameters":[],"stepsCount":0,"shouldDisplayMessage":false,"attachmentsCount":0,"hasContent":false,"attachmentStep":false}],"testStage":{"description":"Verify that the link 'Tees' is displayed and clickable","status":"broken","statusMessage":"selenium.common.exceptions.TimeoutException: Message: \nStacktrace:\n#0 0x55c3d409832a <unknown>\n#1 0x55c3d3ae4e4b <unknown>\n#2 0x55c3d3b3782b <unknown>\n#3 0x55c3d3b37a61 <unknown>\n#4 0x55c3d3b86a44 <unknown>\n#5 0x55c3d3b83df7 <unknown>\n#6 0x55c3d3b29c1a <unknown>\n#7 0x55c3d3b2a921 <unknown>\n#8 0x55c3d405f239 <unknown>\n#9 0x55c3d40621e8 <unknown>\n#10 0x55c3d40484c9 <unknown>\n#11 0x55c3d4062db5 <unknown>\n#12 0x55c3d402fe93 <unknown>\n#13 0x55c3d4085098 <unknown>\n#14 0x55c3d4085273 <unknown>\n#15 0x55c3d40972c3 <unknown>\n#16 0x7ff2a9c9caa4 <unknown>\n#17 0x7ff2a9d29c6c <unknown>","statusTrace":"self = <test_men.TestMenPage object at 0x7fcd7482a090>\ndriver = <selenium.webdriver.chrome.webdriver.WebDriver (session=\"4f5481457794713ff58edfa37ae1df7a\")>\n\n    @allure.title(\"TC 14.03.06 Verify the link 'Tees' is visible and clickable.\")\n    @allure.severity(allure.severity_level.CRITICAL)\n    def test_tc_14_03_06(self, driver):\n        \"\"\"Verify that the link 'Tees' is displayed and clickable\"\"\"\n        page = MenPage(driver, MEN_PAGE_URL)\n        page.open()\n>       link = page.verify_tees_link_is_visible_and_clickable()\n\ntests/test_men.py:98: \n_ _ _ _ _ _ _ _ _ _ _ _ _ _ _ _ _ _ _ _ _ _ _ _ _ _ _ _ _ _ _ _ _ _ _ _ _ _ _ _ \npages/men_page.py:87: in verify_tees_link_is_visible_and_clickable\n    element = self.element_is_visible(self.side_bar_locators.SIDE_BAR_TEES)\npages/base_page.py:30: in element_is_visible\n    self.go_to_element(self.element_is_present(locator))\npages/base_page.py:51: in element_is_present\n    return wait(self.driver, timeout).until(EC.presence_of_element_located(locator))\n_ _ _ _ _ _ _ _ _ _ _ _ _ _ _ _ _ _ _ _ _ _ _ _ _ _ _ _ _ _ _ _ _ _ _ _ _ _ _ _ \n\nself = <selenium.webdriver.support.wait.WebDriverWait (session=\"4f5481457794713ff58edfa37ae1df7a\")>\nmethod = <function presence_of_element_located.<locals>._predicate at 0x7fcd75002b60>\nmessage = ''\n\n    def until(self, method, message: str = \"\"):\n        \"\"\"Calls the method provided with the driver as an argument until the \\\n        return value does not evaluate to ``False``.\n    \n        :param method: callable(WebDriver)\n        :param message: optional message for :exc:`TimeoutException`\n        :returns: the result of the last call to `method`\n        :raises: :exc:`selenium.common.exceptions.TimeoutException` if timeout occurs\n        \"\"\"\n        screen = None\n        stacktrace = None\n    \n        end_time = time.monotonic() + self._timeout\n        while True:\n            try:\n                value = method(self._driver)\n                if value:\n                    return value\n            except self._ignored_exceptions as exc:\n                screen = getattr(exc, \"screen\", None)\n                stacktrace = getattr(exc, \"stacktrace\", None)\n            time.sleep(self._poll)\n            if time.monotonic() > end_time:\n                break\n>       raise TimeoutException(message, screen, stacktrace)\nE       selenium.common.exceptions.TimeoutException: Message: \nE       Stacktrace:\nE       #0 0x55c3d409832a <unknown>\nE       #1 0x55c3d3ae4e4b <unknown>\nE       #2 0x55c3d3b3782b <unknown>\nE       #3 0x55c3d3b37a61 <unknown>\nE       #4 0x55c3d3b86a44 <unknown>\nE       #5 0x55c3d3b83df7 <unknown>\nE       #6 0x55c3d3b29c1a <unknown>\nE       #7 0x55c3d3b2a921 <unknown>\nE       #8 0x55c3d405f239 <unknown>\nE       #9 0x55c3d40621e8 <unknown>\nE       #10 0x55c3d40484c9 <unknown>\nE       #11 0x55c3d4062db5 <unknown>\nE       #12 0x55c3d402fe93 <unknown>\nE       #13 0x55c3d4085098 <unknown>\nE       #14 0x55c3d4085273 <unknown>\nE       #15 0x55c3d40972c3 <unknown>\nE       #16 0x7ff2a9c9caa4 <unknown>\nE       #17 0x7ff2a9d29c6c <unknown>\n\n/opt/hostedtoolcache/Python/3.11.14/x64/lib/python3.11/site-packages/selenium/webdriver/support/wait.py:95: TimeoutException","steps":[{"name":"Open a browser","time":{"start":1764467486685,"stop":1764467486862,"duration":177},"status":"passed","steps":[],"attachments":[],"parameters":[],"stepsCount":0,"shouldDisplayMessage":false,"attachmentsCount":0,"hasContent":false,"attachmentStep":false},{"name":"Find clickable elements link 'Tees' on Men page","time":{"start":1764467486862,"stop":1764467491962,"duration":5100},"status":"broken","statusMessage":"selenium.common.exceptions.TimeoutException: Message: \nStacktrace:\n#0 0x55c3d409832a <unknown>\n#1 0x55c3d3ae4e4b <unknown>\n#2 0x55c3d3b3782b <unknown>\n#3 0x55c3d3b37a61 <unknown>\n#4 0x55c3d3b86a44 <unknown>\n#5 0x55c3d3b83df7 <unknown>\n#6 0x55c3d3b29c1a <unknown>\n#7 0x55c3d3b2a921 <unknown>\n#8 0x55c3d405f239 <unknown>\n#9 0x55c3d40621e8 <unknown>\n#10 0x55c3d40484c9 <unknown>\n#11 0x55c3d4062db5 <unknown>\n#12 0x55c3d402fe93 <unknown>\n#13 0x55c3d4085098 <unknown>\n#14 0x55c3d4085273 <unknown>\n#15 0x55c3d40972c3 <unknown>\n#16 0x7ff2a9c9caa4 <unknown>\n#17 0x7ff2a9d29c6c <unknown>\n\n","statusTrace":"  File \"/opt/hostedtoolcache/Python/3.11.14/x64/lib/python3.11/site-packages/allure_commons/_allure.py\", line 192, in impl\n    return func(*a, **kw)\n           ^^^^^^^^^^^^^^\n  File \"/home/runner/work/luma_project/luma_project/pages/men_page.py\", line 87, in verify_tees_link_is_visible_and_clickable\n    element = self.element_is_visible(self.side_bar_locators.SIDE_BAR_TEES)\n              ^^^^^^^^^^^^^^^^^^^^^^^^^^^^^^^^^^^^^^^^^^^^^^^^^^^^^^^^^^^^^\n  File \"/opt/hostedtoolcache/Python/3.11.14/x64/lib/python3.11/site-packages/allure_commons/_allure.py\", line 192, in impl\n    return func(*a, **kw)\n           ^^^^^^^^^^^^^^\n  File \"/home/runner/work/luma_project/luma_project/pages/base_page.py\", line 30, in element_is_visible\n    self.go_to_element(self.element_is_present(locator))\n                       ^^^^^^^^^^^^^^^^^^^^^^^^^^^^^^^^\n  File \"/opt/hostedtoolcache/Python/3.11.14/x64/lib/python3.11/site-packages/allure_commons/_allure.py\", line 192, in impl\n    return func(*a, **kw)\n           ^^^^^^^^^^^^^^\n  File \"/home/runner/work/luma_project/luma_project/pages/base_page.py\", line 51, in element_is_present\n    return wait(self.driver, timeout).until(EC.presence_of_element_located(locator))\n           ^^^^^^^^^^^^^^^^^^^^^^^^^^^^^^^^^^^^^^^^^^^^^^^^^^^^^^^^^^^^^^^^^^^^^^^^^\n  File \"/opt/hostedtoolcache/Python/3.11.14/x64/lib/python3.11/site-packages/selenium/webdriver/support/wait.py\", line 95, in until\n    raise TimeoutException(message, screen, stacktrace)\n","steps":[{"name":"Find a visible element","time":{"start":1764467486863,"stop":1764467491962,"duration":5099},"status":"broken","statusMessage":"selenium.common.exceptions.TimeoutException: Message: \nStacktrace:\n#0 0x55c3d409832a <unknown>\n#1 0x55c3d3ae4e4b <unknown>\n#2 0x55c3d3b3782b <unknown>\n#3 0x55c3d3b37a61 <unknown>\n#4 0x55c3d3b86a44 <unknown>\n#5 0x55c3d3b83df7 <unknown>\n#6 0x55c3d3b29c1a <unknown>\n#7 0x55c3d3b2a921 <unknown>\n#8 0x55c3d405f239 <unknown>\n#9 0x55c3d40621e8 <unknown>\n#10 0x55c3d40484c9 <unknown>\n#11 0x55c3d4062db5 <unknown>\n#12 0x55c3d402fe93 <unknown>\n#13 0x55c3d4085098 <unknown>\n#14 0x55c3d4085273 <unknown>\n#15 0x55c3d40972c3 <unknown>\n#16 0x7ff2a9c9caa4 <unknown>\n#17 0x7ff2a9d29c6c <unknown>\n\n","statusTrace":"  File \"/opt/hostedtoolcache/Python/3.11.14/x64/lib/python3.11/site-packages/allure_commons/_allure.py\", line 192, in impl\n    return func(*a, **kw)\n           ^^^^^^^^^^^^^^\n  File \"/home/runner/work/luma_project/luma_project/pages/base_page.py\", line 30, in element_is_visible\n    self.go_to_element(self.element_is_present(locator))\n                       ^^^^^^^^^^^^^^^^^^^^^^^^^^^^^^^^\n  File \"/opt/hostedtoolcache/Python/3.11.14/x64/lib/python3.11/site-packages/allure_commons/_allure.py\", line 192, in impl\n    return func(*a, **kw)\n           ^^^^^^^^^^^^^^\n  File \"/home/runner/work/luma_project/luma_project/pages/base_page.py\", line 51, in element_is_present\n    return wait(self.driver, timeout).until(EC.presence_of_element_located(locator))\n           ^^^^^^^^^^^^^^^^^^^^^^^^^^^^^^^^^^^^^^^^^^^^^^^^^^^^^^^^^^^^^^^^^^^^^^^^^\n  File \"/opt/hostedtoolcache/Python/3.11.14/x64/lib/python3.11/site-packages/selenium/webdriver/support/wait.py\", line 95, in until\n    raise TimeoutException(message, screen, stacktrace)\n","steps":[{"name":"Find a present element","time":{"start":1764467486863,"stop":1764467491961,"duration":5098},"status":"broken","statusMessage":"selenium.common.exceptions.TimeoutException: Message: \nStacktrace:\n#0 0x55c3d409832a <unknown>\n#1 0x55c3d3ae4e4b <unknown>\n#2 0x55c3d3b3782b <unknown>\n#3 0x55c3d3b37a61 <unknown>\n#4 0x55c3d3b86a44 <unknown>\n#5 0x55c3d3b83df7 <unknown>\n#6 0x55c3d3b29c1a <unknown>\n#7 0x55c3d3b2a921 <unknown>\n#8 0x55c3d405f239 <unknown>\n#9 0x55c3d40621e8 <unknown>\n#10 0x55c3d40484c9 <unknown>\n#11 0x55c3d4062db5 <unknown>\n#12 0x55c3d402fe93 <unknown>\n#13 0x55c3d4085098 <unknown>\n#14 0x55c3d4085273 <unknown>\n#15 0x55c3d40972c3 <unknown>\n#16 0x7ff2a9c9caa4 <unknown>\n#17 0x7ff2a9d29c6c <unknown>\n\n","statusTrace":"  File \"/opt/hostedtoolcache/Python/3.11.14/x64/lib/python3.11/site-packages/allure_commons/_allure.py\", line 192, in impl\n    return func(*a, **kw)\n           ^^^^^^^^^^^^^^\n  File \"/home/runner/work/luma_project/luma_project/pages/base_page.py\", line 51, in element_is_present\n    return wait(self.driver, timeout).until(EC.presence_of_element_located(locator))\n           ^^^^^^^^^^^^^^^^^^^^^^^^^^^^^^^^^^^^^^^^^^^^^^^^^^^^^^^^^^^^^^^^^^^^^^^^^\n  File \"/opt/hostedtoolcache/Python/3.11.14/x64/lib/python3.11/site-packages/selenium/webdriver/support/wait.py\", line 95, in until\n    raise TimeoutException(message, screen, stacktrace)\n","steps":[],"attachments":[],"parameters":[{"name":"locator","value":"('xpath', '//*[@id=\"maincontent\"]/div[4]/div[2]/div[2]/div/ul[1]/li[3]/a')"},{"name":"timeout","value":"5"}],"stepsCount":0,"shouldDisplayMessage":true,"attachmentsCount":0,"hasContent":true,"attachmentStep":false}],"attachments":[],"parameters":[{"name":"locator","value":"('xpath', '//*[@id=\"maincontent\"]/div[4]/div[2]/div[2]/div/ul[1]/li[3]/a')"},{"name":"timeout","value":"10"}],"stepsCount":1,"shouldDisplayMessage":false,"attachmentsCount":0,"hasContent":true,"attachmentStep":false}],"attachments":[],"parameters":[],"stepsCount":2,"shouldDisplayMessage":false,"attachmentsCount":0,"hasContent":true,"attachmentStep":false}],"attachments":[{"uid":"a99c6102c5c98062","name":"Screenshot","source":"a99c6102c5c98062.png","type":"image/png","size":23875},{"uid":"e4e8e9b06d7d155b","name":"HTML source","source":"e4e8e9b06d7d155b.html","type":"text/html","size":1433}],"parameters":[],"stepsCount":4,"shouldDisplayMessage":true,"attachmentsCount":2,"hasContent":true,"attachmentStep":false},"afterStages":[{"name":"driver::0","time":{"start":1764467492030,"stop":1764467492092,"duration":62},"status":"passed","steps":[],"attachments":[],"parameters":[],"stepsCount":0,"shouldDisplayMessage":false,"attachmentsCount":0,"hasContent":false,"attachmentStep":false},{"name":"clear_allure_result_folder::0","time":{"start":1764468462176,"stop":1764468462176,"duration":0},"status":"passed","steps":[],"attachments":[],"parameters":[],"stepsCount":0,"shouldDisplayMessage":false,"attachmentsCount":0,"hasContent":false,"attachmentStep":false}],"labels":[{"name":"epic","value":"MenPage"},{"name":"severity","value":"critical"},{"name":"parentSuite","value":"tests"},{"name":"suite","value":"test_men"},{"name":"subSuite","value":"TestMenPage"},{"name":"host","value":"runnervmg1sw1"},{"name":"thread","value":"2964-MainThread"},{"name":"framework","value":"pytest"},{"name":"language","value":"cpython3"},{"name":"package","value":"tests.test_men"},{"name":"resultFormat","value":"allure2"}],"parameters":[],"links":[],"hidden":false,"retry":false,"extra":{"severity":"critical","retries":[],"categories":[{"name":"Test defects","matchedStatuses":[],"flaky":false}],"history":{"statistic":{"failed":0,"broken":2,"skipped":0,"passed":0,"unknown":0,"total":2},"items":[{"uid":"67049dc1b078b064","reportUrl":"https://verafes.github.io/luma_project/622/#testresult/67049dc1b078b064","status":"broken","statusDetails":"selenium.common.exceptions.TimeoutException: Message: \nStacktrace:\n#0 0x55e88748d32a <unknown>\n#1 0x55e886ed9e4b <unknown>\n#2 0x55e886f2c82b <unknown>\n#3 0x55e886f2ca61 <unknown>\n#4 0x55e886f7ba44 <unknown>\n#5 0x55e886f78df7 <unknown>\n#6 0x55e886f1ec1a <unknown>\n#7 0x55e886f1f921 <unknown>\n#8 0x55e887454239 <unknown>\n#9 0x55e8874571e8 <unknown>\n#10 0x55e88743d4c9 <unknown>\n#11 0x55e887457db5 <unknown>\n#12 0x55e887424e93 <unknown>\n#13 0x55e88747a098 <unknown>\n#14 0x55e88747a273 <unknown>\n#15 0x55e88748c2c3 <unknown>\n#16 0x7f2da6c9caa4 <unknown>\n#17 0x7f2da6d29c6c <unknown>","time":{"start":1763862741424,"stop":1763862746680,"duration":5256}}]},"tags":[]},"source":"42b48555ea5d257b.json","parameterValues":[]}