{"uid":"97370d72cc06e432","name":"TC 10.01.03, 10.01.05, 10.01.07, 10.01.09, 10.01.11, 10.01.13 - Verify 6 links in Women's Deals open the correct pages","fullName":"tests.test_sale.TestSideMenuBarWomen#test_tc_10_01_03__05_07_09_11_13","historyId":"6d7213a1d65a707abbb41883be7b66e1","time":{"start":1764467699272,"stop":1764467704371,"duration":5099},"description":"Check that six links in Women's Deals section lead to the correct pages after click","descriptionHtml":"<p>Check that six links in Women's Deals section lead to the correct pages after click</p>\n","status":"broken","statusMessage":"selenium.common.exceptions.TimeoutException: Message: \nStacktrace:\n#0 0x56344981332a <unknown>\n#1 0x56344925fe4b <unknown>\n#2 0x5634492b282b <unknown>\n#3 0x5634492b2a61 <unknown>\n#4 0x563449301a44 <unknown>\n#5 0x5634492fedf7 <unknown>\n#6 0x5634492a4c1a <unknown>\n#7 0x5634492a5921 <unknown>\n#8 0x5634497da239 <unknown>\n#9 0x5634497dd1e8 <unknown>\n#10 0x5634497c34c9 <unknown>\n#11 0x5634497dddb5 <unknown>\n#12 0x5634497aae93 <unknown>\n#13 0x563449800098 <unknown>\n#14 0x563449800273 <unknown>\n#15 0x5634498122c3 <unknown>\n#16 0x7f6f07c9caa4 <unknown>\n#17 0x7f6f07d29c6c <unknown>","statusTrace":"self = <test_sale.TestSalePage.TestSideMenuBarWomen object at 0x7fcd747b0910>\nsale_page = <pages.sale_page.SalePage object at 0x7fcd74e8de90>\nelement_locator = ('css selector', '.categories-menu > ul:nth-child(2) > li:nth-child(6) > a')\nexpected_title = 'Shorts - Bottoms - Women'\nexpected_url = 'https://magento.softwaretestingboard.com/women/bottoms-women/shorts-women.html'\n\n    @allure.title(\"TC 10.01.03, 10.01.05, 10.01.07, 10.01.09, 10.01.11, 10.01.13 - \"\n                  \"Verify 6 links in Women's Deals open the correct pages\")\n    @pytest.mark.parametrize(\n        \"element_locator, expected_title, expected_url\",\n        zip(\n            SideBarLocators.WOMEN_DEALS_ELEMENTS.values(),\n            expected_titles_w.values(),\n            expected_urls_w.values(),\n        )\n    )\n    def test_tc_10_01_03__05_07_09_11_13(self, sale_page, element_locator, expected_title, expected_url):\n        \"\"\"Check that six links in Women's Deals section lead to the correct pages after click\"\"\"\n>       element_in_women_deals = sale_page.element_is_clickable(element_locator)\n\ntests/test_sale.py:51: \n_ _ _ _ _ _ _ _ _ _ _ _ _ _ _ _ _ _ _ _ _ _ _ _ _ _ _ _ _ _ _ _ _ _ _ _ _ _ _ _ \npages/base_page.py:81: in element_is_clickable\n    return wait(self.driver, timeout).until(EC.element_to_be_clickable(locator))\n_ _ _ _ _ _ _ _ _ _ _ _ _ _ _ _ _ _ _ _ _ _ _ _ _ _ _ _ _ _ _ _ _ _ _ _ _ _ _ _ \n\nself = <selenium.webdriver.support.wait.WebDriverWait (session=\"93321dbf9096e46b653da5d3d0d6dcbd\")>\nmethod = <function element_to_be_clickable.<locals>._predicate at 0x7fcd7504b420>\nmessage = ''\n\n    def until(self, method, message: str = \"\"):\n        \"\"\"Calls the method provided with the driver as an argument until the \\\n        return value does not evaluate to ``False``.\n    \n        :param method: callable(WebDriver)\n        :param message: optional message for :exc:`TimeoutException`\n        :returns: the result of the last call to `method`\n        :raises: :exc:`selenium.common.exceptions.TimeoutException` if timeout occurs\n        \"\"\"\n        screen = None\n        stacktrace = None\n    \n        end_time = time.monotonic() + self._timeout\n        while True:\n            try:\n                value = method(self._driver)\n                if value:\n                    return value\n            except self._ignored_exceptions as exc:\n                screen = getattr(exc, \"screen\", None)\n                stacktrace = getattr(exc, \"stacktrace\", None)\n            time.sleep(self._poll)\n            if time.monotonic() > end_time:\n                break\n>       raise TimeoutException(message, screen, stacktrace)\nE       selenium.common.exceptions.TimeoutException: Message: \nE       Stacktrace:\nE       #0 0x56344981332a <unknown>\nE       #1 0x56344925fe4b <unknown>\nE       #2 0x5634492b282b <unknown>\nE       #3 0x5634492b2a61 <unknown>\nE       #4 0x563449301a44 <unknown>\nE       #5 0x5634492fedf7 <unknown>\nE       #6 0x5634492a4c1a <unknown>\nE       #7 0x5634492a5921 <unknown>\nE       #8 0x5634497da239 <unknown>\nE       #9 0x5634497dd1e8 <unknown>\nE       #10 0x5634497c34c9 <unknown>\nE       #11 0x5634497dddb5 <unknown>\nE       #12 0x5634497aae93 <unknown>\nE       #13 0x563449800098 <unknown>\nE       #14 0x563449800273 <unknown>\nE       #15 0x5634498122c3 <unknown>\nE       #16 0x7f6f07c9caa4 <unknown>\nE       #17 0x7f6f07d29c6c <unknown>\n\n/opt/hostedtoolcache/Python/3.11.14/x64/lib/python3.11/site-packages/selenium/webdriver/support/wait.py:95: TimeoutException","flaky":false,"newFailed":false,"newBroken":false,"newPassed":false,"retriesCount":0,"retriesStatusChange":false,"beforeStages":[{"name":"_session_faker","time":{"start":1764466076947,"stop":1764466077009,"duration":62},"status":"passed","steps":[],"attachments":[],"parameters":[],"stepsCount":0,"shouldDisplayMessage":false,"attachmentsCount":0,"hasContent":false,"attachmentStep":false},{"name":"clear_allure_result_folder","time":{"start":1764466077009,"stop":1764466077009,"duration":0},"status":"passed","steps":[],"attachments":[],"parameters":[],"stepsCount":0,"shouldDisplayMessage":false,"attachmentsCount":0,"hasContent":false,"attachmentStep":false},{"name":"driver","time":{"start":1764467697859,"stop":1764467699107,"duration":1248},"status":"passed","steps":[],"attachments":[],"parameters":[],"stepsCount":0,"shouldDisplayMessage":false,"attachmentsCount":0,"hasContent":false,"attachmentStep":false},{"name":"sale_page","time":{"start":1764467699107,"stop":1764467699271,"duration":164},"status":"passed","steps":[{"name":"Open a browser","time":{"start":1764467699108,"stop":1764467699271,"duration":163},"status":"passed","steps":[],"attachments":[],"parameters":[],"stepsCount":0,"shouldDisplayMessage":false,"attachmentsCount":0,"hasContent":false,"attachmentStep":false}],"attachments":[],"parameters":[],"stepsCount":1,"shouldDisplayMessage":false,"attachmentsCount":0,"hasContent":true,"attachmentStep":false}],"testStage":{"description":"Check that six links in Women's Deals section lead to the correct pages after click","status":"broken","statusMessage":"selenium.common.exceptions.TimeoutException: Message: \nStacktrace:\n#0 0x56344981332a <unknown>\n#1 0x56344925fe4b <unknown>\n#2 0x5634492b282b <unknown>\n#3 0x5634492b2a61 <unknown>\n#4 0x563449301a44 <unknown>\n#5 0x5634492fedf7 <unknown>\n#6 0x5634492a4c1a <unknown>\n#7 0x5634492a5921 <unknown>\n#8 0x5634497da239 <unknown>\n#9 0x5634497dd1e8 <unknown>\n#10 0x5634497c34c9 <unknown>\n#11 0x5634497dddb5 <unknown>\n#12 0x5634497aae93 <unknown>\n#13 0x563449800098 <unknown>\n#14 0x563449800273 <unknown>\n#15 0x5634498122c3 <unknown>\n#16 0x7f6f07c9caa4 <unknown>\n#17 0x7f6f07d29c6c <unknown>","statusTrace":"self = <test_sale.TestSalePage.TestSideMenuBarWomen object at 0x7fcd747b0910>\nsale_page = <pages.sale_page.SalePage object at 0x7fcd74e8de90>\nelement_locator = ('css selector', '.categories-menu > ul:nth-child(2) > li:nth-child(6) > a')\nexpected_title = 'Shorts - Bottoms - Women'\nexpected_url = 'https://magento.softwaretestingboard.com/women/bottoms-women/shorts-women.html'\n\n    @allure.title(\"TC 10.01.03, 10.01.05, 10.01.07, 10.01.09, 10.01.11, 10.01.13 - \"\n                  \"Verify 6 links in Women's Deals open the correct pages\")\n    @pytest.mark.parametrize(\n        \"element_locator, expected_title, expected_url\",\n        zip(\n            SideBarLocators.WOMEN_DEALS_ELEMENTS.values(),\n            expected_titles_w.values(),\n            expected_urls_w.values(),\n        )\n    )\n    def test_tc_10_01_03__05_07_09_11_13(self, sale_page, element_locator, expected_title, expected_url):\n        \"\"\"Check that six links in Women's Deals section lead to the correct pages after click\"\"\"\n>       element_in_women_deals = sale_page.element_is_clickable(element_locator)\n\ntests/test_sale.py:51: \n_ _ _ _ _ _ _ _ _ _ _ _ _ _ _ _ _ _ _ _ _ _ _ _ _ _ _ _ _ _ _ _ _ _ _ _ _ _ _ _ \npages/base_page.py:81: in element_is_clickable\n    return wait(self.driver, timeout).until(EC.element_to_be_clickable(locator))\n_ _ _ _ _ _ _ _ _ _ _ _ _ _ _ _ _ _ _ _ _ _ _ _ _ _ _ _ _ _ _ _ _ _ _ _ _ _ _ _ \n\nself = <selenium.webdriver.support.wait.WebDriverWait (session=\"93321dbf9096e46b653da5d3d0d6dcbd\")>\nmethod = <function element_to_be_clickable.<locals>._predicate at 0x7fcd7504b420>\nmessage = ''\n\n    def until(self, method, message: str = \"\"):\n        \"\"\"Calls the method provided with the driver as an argument until the \\\n        return value does not evaluate to ``False``.\n    \n        :param method: callable(WebDriver)\n        :param message: optional message for :exc:`TimeoutException`\n        :returns: the result of the last call to `method`\n        :raises: :exc:`selenium.common.exceptions.TimeoutException` if timeout occurs\n        \"\"\"\n        screen = None\n        stacktrace = None\n    \n        end_time = time.monotonic() + self._timeout\n        while True:\n            try:\n                value = method(self._driver)\n                if value:\n                    return value\n            except self._ignored_exceptions as exc:\n                screen = getattr(exc, \"screen\", None)\n                stacktrace = getattr(exc, \"stacktrace\", None)\n            time.sleep(self._poll)\n            if time.monotonic() > end_time:\n                break\n>       raise TimeoutException(message, screen, stacktrace)\nE       selenium.common.exceptions.TimeoutException: Message: \nE       Stacktrace:\nE       #0 0x56344981332a <unknown>\nE       #1 0x56344925fe4b <unknown>\nE       #2 0x5634492b282b <unknown>\nE       #3 0x5634492b2a61 <unknown>\nE       #4 0x563449301a44 <unknown>\nE       #5 0x5634492fedf7 <unknown>\nE       #6 0x5634492a4c1a <unknown>\nE       #7 0x5634492a5921 <unknown>\nE       #8 0x5634497da239 <unknown>\nE       #9 0x5634497dd1e8 <unknown>\nE       #10 0x5634497c34c9 <unknown>\nE       #11 0x5634497dddb5 <unknown>\nE       #12 0x5634497aae93 <unknown>\nE       #13 0x563449800098 <unknown>\nE       #14 0x563449800273 <unknown>\nE       #15 0x5634498122c3 <unknown>\nE       #16 0x7f6f07c9caa4 <unknown>\nE       #17 0x7f6f07d29c6c <unknown>\n\n/opt/hostedtoolcache/Python/3.11.14/x64/lib/python3.11/site-packages/selenium/webdriver/support/wait.py:95: TimeoutException","steps":[{"name":"Find clickable elements","time":{"start":1764467699272,"stop":1764467704371,"duration":5099},"status":"broken","statusMessage":"selenium.common.exceptions.TimeoutException: Message: \nStacktrace:\n#0 0x56344981332a <unknown>\n#1 0x56344925fe4b <unknown>\n#2 0x5634492b282b <unknown>\n#3 0x5634492b2a61 <unknown>\n#4 0x563449301a44 <unknown>\n#5 0x5634492fedf7 <unknown>\n#6 0x5634492a4c1a <unknown>\n#7 0x5634492a5921 <unknown>\n#8 0x5634497da239 <unknown>\n#9 0x5634497dd1e8 <unknown>\n#10 0x5634497c34c9 <unknown>\n#11 0x5634497dddb5 <unknown>\n#12 0x5634497aae93 <unknown>\n#13 0x563449800098 <unknown>\n#14 0x563449800273 <unknown>\n#15 0x5634498122c3 <unknown>\n#16 0x7f6f07c9caa4 <unknown>\n#17 0x7f6f07d29c6c <unknown>\n\n","statusTrace":"  File \"/opt/hostedtoolcache/Python/3.11.14/x64/lib/python3.11/site-packages/allure_commons/_allure.py\", line 192, in impl\n    return func(*a, **kw)\n           ^^^^^^^^^^^^^^\n  File \"/home/runner/work/luma_project/luma_project/pages/base_page.py\", line 81, in element_is_clickable\n    return wait(self.driver, timeout).until(EC.element_to_be_clickable(locator))\n           ^^^^^^^^^^^^^^^^^^^^^^^^^^^^^^^^^^^^^^^^^^^^^^^^^^^^^^^^^^^^^^^^^^^^^\n  File \"/opt/hostedtoolcache/Python/3.11.14/x64/lib/python3.11/site-packages/selenium/webdriver/support/wait.py\", line 95, in until\n    raise TimeoutException(message, screen, stacktrace)\n","steps":[],"attachments":[],"parameters":[{"name":"locator","value":"('css selector', '.categories-menu > ul:nth-child(2) > li:nth-child(6) > a')"},{"name":"timeout","value":"5"}],"stepsCount":0,"shouldDisplayMessage":true,"attachmentsCount":0,"hasContent":true,"attachmentStep":false}],"attachments":[{"uid":"7c1202d0f1bbb777","name":"Screenshot","source":"7c1202d0f1bbb777.png","type":"image/png","size":23875},{"uid":"475fa9b7688e5f05","name":"HTML source","source":"475fa9b7688e5f05.html","type":"text/html","size":1433}],"parameters":[],"stepsCount":1,"shouldDisplayMessage":true,"attachmentsCount":2,"hasContent":true,"attachmentStep":false},"afterStages":[{"name":"driver::0","time":{"start":1764467704431,"stop":1764467704491,"duration":60},"status":"passed","steps":[],"attachments":[],"parameters":[],"stepsCount":0,"shouldDisplayMessage":false,"attachmentsCount":0,"hasContent":false,"attachmentStep":false},{"name":"clear_allure_result_folder::0","time":{"start":1764468462176,"stop":1764468462176,"duration":0},"status":"passed","steps":[],"attachments":[],"parameters":[],"stepsCount":0,"shouldDisplayMessage":false,"attachmentsCount":0,"hasContent":false,"attachmentStep":false}],"labels":[{"name":"epic","value":"Sale Page"},{"name":"feature","value":"Testing Side Menu Bar - Women's Deals Section"},{"name":"parentSuite","value":"tests"},{"name":"suite","value":"test_sale"},{"name":"subSuite","value":"TestSalePage"},{"name":"host","value":"runnervmg1sw1"},{"name":"thread","value":"2964-MainThread"},{"name":"framework","value":"pytest"},{"name":"language","value":"cpython3"},{"name":"package","value":"tests.test_sale"},{"name":"resultFormat","value":"allure2"}],"parameters":[{"name":"element_locator","value":"('css selector', '.categories-menu > ul:nth-child(2) > li:nth-child(6) > a')"},{"name":"expected_title","value":"'Shorts - Bottoms - Women'"},{"name":"expected_url","value":"'https://magento.softwaretestingboard.com/women/bottoms-women/shorts-women.html'"}],"links":[],"hidden":false,"retry":false,"extra":{"severity":"normal","retries":[],"categories":[{"name":"Test defects","matchedStatuses":[],"flaky":false}],"history":{"statistic":{"failed":0,"broken":2,"skipped":0,"passed":0,"unknown":0,"total":2},"items":[{"uid":"df38e19e223be27c","reportUrl":"https://verafes.github.io/luma_project/622/#testresult/df38e19e223be27c","status":"broken","statusDetails":"selenium.common.exceptions.TimeoutException: Message: \nStacktrace:\n#0 0x562a2aac332a <unknown>\n#1 0x562a2a50fe4b <unknown>\n#2 0x562a2a56282b <unknown>\n#3 0x562a2a562a61 <unknown>\n#4 0x562a2a5b1a44 <unknown>\n#5 0x562a2a5aedf7 <unknown>\n#6 0x562a2a554c1a <unknown>\n#7 0x562a2a555921 <unknown>\n#8 0x562a2aa8a239 <unknown>\n#9 0x562a2aa8d1e8 <unknown>\n#10 0x562a2aa734c9 <unknown>\n#11 0x562a2aa8ddb5 <unknown>\n#12 0x562a2aa5ae93 <unknown>\n#13 0x562a2aab0098 <unknown>\n#14 0x562a2aab0273 <unknown>\n#15 0x562a2aac22c3 <unknown>\n#16 0x7f03a169caa4 <unknown>\n#17 0x7f03a1729c6c <unknown>","time":{"start":1763862954690,"stop":1763862959795,"duration":5105}}]},"tags":[]},"source":"97370d72cc06e432.json","parameterValues":["('css selector', '.categories-menu > ul:nth-child(2) > li:nth-child(6) > a')","'Shorts - Bottoms - Women'","'https://magento.softwaretestingboard.com/women/bottoms-women/shorts-women.html'"]}