{"uid":"9c2722e402db8ad4","name":"TC 13.01.54 - Check if block 5 'home-eco' in section 2 is clickablein the Promo Block on the main page","fullName":"tests.test_main_page.TestPromoBlock#test_tc_13_01_54_check_section2_block5_clickability","historyId":"79b9f19e40b54fa7289d08656f541a45","time":{"start":1764467364856,"stop":1764467370141,"duration":5285},"description":"This test checks if block 5 'home-eco' in section 2 in Promo Block under header is clickable","descriptionHtml":"<p>This test checks if block 5 'home-eco' in section 2 in Promo Block under header is clickable</p>\n","status":"broken","statusMessage":"selenium.common.exceptions.TimeoutException: Message: \nStacktrace:\n#0 0x5601d6ea332a <unknown>\n#1 0x5601d68efe4b <unknown>\n#2 0x5601d694282b <unknown>\n#3 0x5601d6942a61 <unknown>\n#4 0x5601d6991a44 <unknown>\n#5 0x5601d698edf7 <unknown>\n#6 0x5601d6934c1a <unknown>\n#7 0x5601d6935921 <unknown>\n#8 0x5601d6e6a239 <unknown>\n#9 0x5601d6e6d1e8 <unknown>\n#10 0x5601d6e534c9 <unknown>\n#11 0x5601d6e6ddb5 <unknown>\n#12 0x5601d6e3ae93 <unknown>\n#13 0x5601d6e90098 <unknown>\n#14 0x5601d6e90273 <unknown>\n#15 0x5601d6ea22c3 <unknown>\n#16 0x7fc5aa49caa4 <unknown>\n#17 0x7fc5aa529c6c <unknown>","statusTrace":"self = <test_main_page.TestMainPage.TestPromoBlock object at 0x7fcd738a30d0>\ndriver = <selenium.webdriver.chrome.webdriver.WebDriver (session=\"322e6867cccce59a28194c3ab793cf24\")>\n\n    @allure.title(\"TC 13.01.54 - Check if block 5 'home-eco' in section 2 is clickable\"\n                  \"in the Promo Block on the main page\")\n    def test_tc_13_01_54_check_section2_block5_clickability(self, driver):\n        \"\"\"This test checks if block 5 'home-eco' in section 2 in Promo Block under header is clickable\"\"\"\n        page = PromoBlock(driver, MAIN_PAGE_URL)\n        page.open()\n>       section2_block5 = page.check_section2_block5_clickability()\n\ntests/test_main_page.py:681: \n_ _ _ _ _ _ _ _ _ _ _ _ _ _ _ _ _ _ _ _ _ _ _ _ _ _ _ _ _ _ _ _ _ _ _ _ _ _ _ _ \npages/main_page.py:352: in check_section2_block5_clickability\n    section2_block5 = self.element_is_clickable(self.locators.SECTION_2_BLOCK_5)\npages/base_page.py:81: in element_is_clickable\n    return wait(self.driver, timeout).until(EC.element_to_be_clickable(locator))\n_ _ _ _ _ _ _ _ _ _ _ _ _ _ _ _ _ _ _ _ _ _ _ _ _ _ _ _ _ _ _ _ _ _ _ _ _ _ _ _ \n\nself = <selenium.webdriver.support.wait.WebDriverWait (session=\"322e6867cccce59a28194c3ab793cf24\")>\nmethod = <function element_to_be_clickable.<locals>._predicate at 0x7fcd756e2ac0>\nmessage = ''\n\n    def until(self, method, message: str = \"\"):\n        \"\"\"Calls the method provided with the driver as an argument until the \\\n        return value does not evaluate to ``False``.\n    \n        :param method: callable(WebDriver)\n        :param message: optional message for :exc:`TimeoutException`\n        :returns: the result of the last call to `method`\n        :raises: :exc:`selenium.common.exceptions.TimeoutException` if timeout occurs\n        \"\"\"\n        screen = None\n        stacktrace = None\n    \n        end_time = time.monotonic() + self._timeout\n        while True:\n            try:\n                value = method(self._driver)\n                if value:\n                    return value\n            except self._ignored_exceptions as exc:\n                screen = getattr(exc, \"screen\", None)\n                stacktrace = getattr(exc, \"stacktrace\", None)\n            time.sleep(self._poll)\n            if time.monotonic() > end_time:\n                break\n>       raise TimeoutException(message, screen, stacktrace)\nE       selenium.common.exceptions.TimeoutException: Message: \nE       Stacktrace:\nE       #0 0x5601d6ea332a <unknown>\nE       #1 0x5601d68efe4b <unknown>\nE       #2 0x5601d694282b <unknown>\nE       #3 0x5601d6942a61 <unknown>\nE       #4 0x5601d6991a44 <unknown>\nE       #5 0x5601d698edf7 <unknown>\nE       #6 0x5601d6934c1a <unknown>\nE       #7 0x5601d6935921 <unknown>\nE       #8 0x5601d6e6a239 <unknown>\nE       #9 0x5601d6e6d1e8 <unknown>\nE       #10 0x5601d6e534c9 <unknown>\nE       #11 0x5601d6e6ddb5 <unknown>\nE       #12 0x5601d6e3ae93 <unknown>\nE       #13 0x5601d6e90098 <unknown>\nE       #14 0x5601d6e90273 <unknown>\nE       #15 0x5601d6ea22c3 <unknown>\nE       #16 0x7fc5aa49caa4 <unknown>\nE       #17 0x7fc5aa529c6c <unknown>\n\n/opt/hostedtoolcache/Python/3.11.14/x64/lib/python3.11/site-packages/selenium/webdriver/support/wait.py:95: TimeoutException","flaky":false,"newFailed":false,"newBroken":false,"newPassed":false,"retriesCount":0,"retriesStatusChange":false,"beforeStages":[{"name":"_session_faker","time":{"start":1764466076947,"stop":1764466077009,"duration":62},"status":"passed","steps":[],"attachments":[],"parameters":[],"stepsCount":0,"shouldDisplayMessage":false,"attachmentsCount":0,"hasContent":false,"attachmentStep":false},{"name":"clear_allure_result_folder","time":{"start":1764466077009,"stop":1764466077009,"duration":0},"status":"passed","steps":[],"attachments":[],"parameters":[],"stepsCount":0,"shouldDisplayMessage":false,"attachmentsCount":0,"hasContent":false,"attachmentStep":false},{"name":"driver","time":{"start":1764467363616,"stop":1764467364856,"duration":1240},"status":"passed","steps":[],"attachments":[],"parameters":[],"stepsCount":0,"shouldDisplayMessage":false,"attachmentsCount":0,"hasContent":false,"attachmentStep":false}],"testStage":{"description":"This test checks if block 5 'home-eco' in section 2 in Promo Block under header is clickable","status":"broken","statusMessage":"selenium.common.exceptions.TimeoutException: Message: \nStacktrace:\n#0 0x5601d6ea332a <unknown>\n#1 0x5601d68efe4b <unknown>\n#2 0x5601d694282b <unknown>\n#3 0x5601d6942a61 <unknown>\n#4 0x5601d6991a44 <unknown>\n#5 0x5601d698edf7 <unknown>\n#6 0x5601d6934c1a <unknown>\n#7 0x5601d6935921 <unknown>\n#8 0x5601d6e6a239 <unknown>\n#9 0x5601d6e6d1e8 <unknown>\n#10 0x5601d6e534c9 <unknown>\n#11 0x5601d6e6ddb5 <unknown>\n#12 0x5601d6e3ae93 <unknown>\n#13 0x5601d6e90098 <unknown>\n#14 0x5601d6e90273 <unknown>\n#15 0x5601d6ea22c3 <unknown>\n#16 0x7fc5aa49caa4 <unknown>\n#17 0x7fc5aa529c6c <unknown>","statusTrace":"self = <test_main_page.TestMainPage.TestPromoBlock object at 0x7fcd738a30d0>\ndriver = <selenium.webdriver.chrome.webdriver.WebDriver (session=\"322e6867cccce59a28194c3ab793cf24\")>\n\n    @allure.title(\"TC 13.01.54 - Check if block 5 'home-eco' in section 2 is clickable\"\n                  \"in the Promo Block on the main page\")\n    def test_tc_13_01_54_check_section2_block5_clickability(self, driver):\n        \"\"\"This test checks if block 5 'home-eco' in section 2 in Promo Block under header is clickable\"\"\"\n        page = PromoBlock(driver, MAIN_PAGE_URL)\n        page.open()\n>       section2_block5 = page.check_section2_block5_clickability()\n\ntests/test_main_page.py:681: \n_ _ _ _ _ _ _ _ _ _ _ _ _ _ _ _ _ _ _ _ _ _ _ _ _ _ _ _ _ _ _ _ _ _ _ _ _ _ _ _ \npages/main_page.py:352: in check_section2_block5_clickability\n    section2_block5 = self.element_is_clickable(self.locators.SECTION_2_BLOCK_5)\npages/base_page.py:81: in element_is_clickable\n    return wait(self.driver, timeout).until(EC.element_to_be_clickable(locator))\n_ _ _ _ _ _ _ _ _ _ _ _ _ _ _ _ _ _ _ _ _ _ _ _ _ _ _ _ _ _ _ _ _ _ _ _ _ _ _ _ \n\nself = <selenium.webdriver.support.wait.WebDriverWait (session=\"322e6867cccce59a28194c3ab793cf24\")>\nmethod = <function element_to_be_clickable.<locals>._predicate at 0x7fcd756e2ac0>\nmessage = ''\n\n    def until(self, method, message: str = \"\"):\n        \"\"\"Calls the method provided with the driver as an argument until the \\\n        return value does not evaluate to ``False``.\n    \n        :param method: callable(WebDriver)\n        :param message: optional message for :exc:`TimeoutException`\n        :returns: the result of the last call to `method`\n        :raises: :exc:`selenium.common.exceptions.TimeoutException` if timeout occurs\n        \"\"\"\n        screen = None\n        stacktrace = None\n    \n        end_time = time.monotonic() + self._timeout\n        while True:\n            try:\n                value = method(self._driver)\n                if value:\n                    return value\n            except self._ignored_exceptions as exc:\n                screen = getattr(exc, \"screen\", None)\n                stacktrace = getattr(exc, \"stacktrace\", None)\n            time.sleep(self._poll)\n            if time.monotonic() > end_time:\n                break\n>       raise TimeoutException(message, screen, stacktrace)\nE       selenium.common.exceptions.TimeoutException: Message: \nE       Stacktrace:\nE       #0 0x5601d6ea332a <unknown>\nE       #1 0x5601d68efe4b <unknown>\nE       #2 0x5601d694282b <unknown>\nE       #3 0x5601d6942a61 <unknown>\nE       #4 0x5601d6991a44 <unknown>\nE       #5 0x5601d698edf7 <unknown>\nE       #6 0x5601d6934c1a <unknown>\nE       #7 0x5601d6935921 <unknown>\nE       #8 0x5601d6e6a239 <unknown>\nE       #9 0x5601d6e6d1e8 <unknown>\nE       #10 0x5601d6e534c9 <unknown>\nE       #11 0x5601d6e6ddb5 <unknown>\nE       #12 0x5601d6e3ae93 <unknown>\nE       #13 0x5601d6e90098 <unknown>\nE       #14 0x5601d6e90273 <unknown>\nE       #15 0x5601d6ea22c3 <unknown>\nE       #16 0x7fc5aa49caa4 <unknown>\nE       #17 0x7fc5aa529c6c <unknown>\n\n/opt/hostedtoolcache/Python/3.11.14/x64/lib/python3.11/site-packages/selenium/webdriver/support/wait.py:95: TimeoutException","steps":[{"name":"Open a browser","time":{"start":1764467364856,"stop":1764467365034,"duration":178},"status":"passed","steps":[],"attachments":[],"parameters":[],"stepsCount":0,"shouldDisplayMessage":false,"attachmentsCount":0,"hasContent":false,"attachmentStep":false},{"name":"Check clickability of the block 5 'home-eco' in the section 2 in the Promo Block","time":{"start":1764467365035,"stop":1764467370141,"duration":5106},"status":"broken","statusMessage":"selenium.common.exceptions.TimeoutException: Message: \nStacktrace:\n#0 0x5601d6ea332a <unknown>\n#1 0x5601d68efe4b <unknown>\n#2 0x5601d694282b <unknown>\n#3 0x5601d6942a61 <unknown>\n#4 0x5601d6991a44 <unknown>\n#5 0x5601d698edf7 <unknown>\n#6 0x5601d6934c1a <unknown>\n#7 0x5601d6935921 <unknown>\n#8 0x5601d6e6a239 <unknown>\n#9 0x5601d6e6d1e8 <unknown>\n#10 0x5601d6e534c9 <unknown>\n#11 0x5601d6e6ddb5 <unknown>\n#12 0x5601d6e3ae93 <unknown>\n#13 0x5601d6e90098 <unknown>\n#14 0x5601d6e90273 <unknown>\n#15 0x5601d6ea22c3 <unknown>\n#16 0x7fc5aa49caa4 <unknown>\n#17 0x7fc5aa529c6c <unknown>\n\n","statusTrace":"  File \"/opt/hostedtoolcache/Python/3.11.14/x64/lib/python3.11/site-packages/allure_commons/_allure.py\", line 192, in impl\n    return func(*a, **kw)\n           ^^^^^^^^^^^^^^\n  File \"/home/runner/work/luma_project/luma_project/pages/main_page.py\", line 352, in check_section2_block5_clickability\n    section2_block5 = self.element_is_clickable(self.locators.SECTION_2_BLOCK_5)\n                      ^^^^^^^^^^^^^^^^^^^^^^^^^^^^^^^^^^^^^^^^^^^^^^^^^^^^^^^^^^\n  File \"/opt/hostedtoolcache/Python/3.11.14/x64/lib/python3.11/site-packages/allure_commons/_allure.py\", line 192, in impl\n    return func(*a, **kw)\n           ^^^^^^^^^^^^^^\n  File \"/home/runner/work/luma_project/luma_project/pages/base_page.py\", line 81, in element_is_clickable\n    return wait(self.driver, timeout).until(EC.element_to_be_clickable(locator))\n           ^^^^^^^^^^^^^^^^^^^^^^^^^^^^^^^^^^^^^^^^^^^^^^^^^^^^^^^^^^^^^^^^^^^^^\n  File \"/opt/hostedtoolcache/Python/3.11.14/x64/lib/python3.11/site-packages/selenium/webdriver/support/wait.py\", line 95, in until\n    raise TimeoutException(message, screen, stacktrace)\n","steps":[{"name":"Find clickable elements","time":{"start":1764467365035,"stop":1764467370140,"duration":5105},"status":"broken","statusMessage":"selenium.common.exceptions.TimeoutException: Message: \nStacktrace:\n#0 0x5601d6ea332a <unknown>\n#1 0x5601d68efe4b <unknown>\n#2 0x5601d694282b <unknown>\n#3 0x5601d6942a61 <unknown>\n#4 0x5601d6991a44 <unknown>\n#5 0x5601d698edf7 <unknown>\n#6 0x5601d6934c1a <unknown>\n#7 0x5601d6935921 <unknown>\n#8 0x5601d6e6a239 <unknown>\n#9 0x5601d6e6d1e8 <unknown>\n#10 0x5601d6e534c9 <unknown>\n#11 0x5601d6e6ddb5 <unknown>\n#12 0x5601d6e3ae93 <unknown>\n#13 0x5601d6e90098 <unknown>\n#14 0x5601d6e90273 <unknown>\n#15 0x5601d6ea22c3 <unknown>\n#16 0x7fc5aa49caa4 <unknown>\n#17 0x7fc5aa529c6c <unknown>\n\n","statusTrace":"  File \"/opt/hostedtoolcache/Python/3.11.14/x64/lib/python3.11/site-packages/allure_commons/_allure.py\", line 192, in impl\n    return func(*a, **kw)\n           ^^^^^^^^^^^^^^\n  File \"/home/runner/work/luma_project/luma_project/pages/base_page.py\", line 81, in element_is_clickable\n    return wait(self.driver, timeout).until(EC.element_to_be_clickable(locator))\n           ^^^^^^^^^^^^^^^^^^^^^^^^^^^^^^^^^^^^^^^^^^^^^^^^^^^^^^^^^^^^^^^^^^^^^\n  File \"/opt/hostedtoolcache/Python/3.11.14/x64/lib/python3.11/site-packages/selenium/webdriver/support/wait.py\", line 95, in until\n    raise TimeoutException(message, screen, stacktrace)\n","steps":[],"attachments":[],"parameters":[{"name":"locator","value":"('css selector', '.home-eco')"},{"name":"timeout","value":"5"}],"stepsCount":0,"shouldDisplayMessage":true,"attachmentsCount":0,"hasContent":true,"attachmentStep":false}],"attachments":[],"parameters":[],"stepsCount":1,"shouldDisplayMessage":false,"attachmentsCount":0,"hasContent":true,"attachmentStep":false}],"attachments":[{"uid":"15aa802355f45910","name":"Screenshot","source":"15aa802355f45910.png","type":"image/png","size":23875},{"uid":"d325b8f9f6db73ff","name":"HTML source","source":"d325b8f9f6db73ff.html","type":"text/html","size":1433}],"parameters":[],"stepsCount":3,"shouldDisplayMessage":true,"attachmentsCount":2,"hasContent":true,"attachmentStep":false},"afterStages":[{"name":"driver::0","time":{"start":1764467370221,"stop":1764467370281,"duration":60},"status":"passed","steps":[],"attachments":[],"parameters":[],"stepsCount":0,"shouldDisplayMessage":false,"attachmentsCount":0,"hasContent":false,"attachmentStep":false},{"name":"clear_allure_result_folder::0","time":{"start":1764468462176,"stop":1764468462176,"duration":0},"status":"passed","steps":[],"attachments":[],"parameters":[],"stepsCount":0,"shouldDisplayMessage":false,"attachmentsCount":0,"hasContent":false,"attachmentStep":false}],"labels":[{"name":"feature","value":"Promo Block Testing"},{"name":"epic","value":"Main Page"},{"name":"parentSuite","value":"tests"},{"name":"suite","value":"test_main_page"},{"name":"subSuite","value":"TestMainPage"},{"name":"host","value":"runnervmg1sw1"},{"name":"thread","value":"2964-MainThread"},{"name":"framework","value":"pytest"},{"name":"language","value":"cpython3"},{"name":"package","value":"tests.test_main_page"},{"name":"resultFormat","value":"allure2"}],"parameters":[],"links":[],"hidden":false,"retry":false,"extra":{"severity":"normal","retries":[],"categories":[{"name":"Test defects","matchedStatuses":[],"flaky":false}],"history":{"statistic":{"failed":0,"broken":2,"skipped":0,"passed":0,"unknown":0,"total":2},"items":[{"uid":"a88f6b463d972b7","reportUrl":"https://verafes.github.io/luma_project/622/#testresult/a88f6b463d972b7","status":"broken","statusDetails":"selenium.common.exceptions.TimeoutException: Message: \nStacktrace:\n#0 0x5650520fe32a <unknown>\n#1 0x565051b4ae4b <unknown>\n#2 0x565051b9d82b <unknown>\n#3 0x565051b9da61 <unknown>\n#4 0x565051beca44 <unknown>\n#5 0x565051be9df7 <unknown>\n#6 0x565051b8fc1a <unknown>\n#7 0x565051b90921 <unknown>\n#8 0x5650520c5239 <unknown>\n#9 0x5650520c81e8 <unknown>\n#10 0x5650520ae4c9 <unknown>\n#11 0x5650520c8db5 <unknown>\n#12 0x565052095e93 <unknown>\n#13 0x5650520eb098 <unknown>\n#14 0x5650520eb273 <unknown>\n#15 0x5650520fd2c3 <unknown>\n#16 0x7f5099e9caa4 <unknown>\n#17 0x7f5099f29c6c <unknown>","time":{"start":1763862619253,"stop":1763862624501,"duration":5248}}]},"tags":[]},"source":"9c2722e402db8ad4.json","parameterValues":[]}