{"uid":"aad23cb0fd0d8456","name":"TC 01.03.15 display and interactivity of the \"Men\" section","fullName":"tests.test_header.TestHeader#test_tc_01_03_15_display_and_interactivity_of_the_men_section","historyId":"1965558616b3028e43b444609257b5a1","time":{"start":1764466809663,"stop":1764466814904,"duration":5241},"description":"Check the 'Tops' & 'Bottoms' subsections in 'Men' section is displayed","descriptionHtml":"<p>Check the 'Tops' &amp; 'Bottoms' subsections in 'Men' section is displayed</p>\n","status":"broken","statusMessage":"selenium.common.exceptions.TimeoutException: Message: \nStacktrace:\n#0 0x563a42f7632a <unknown>\n#1 0x563a429c2e4b <unknown>\n#2 0x563a42a1582b <unknown>\n#3 0x563a42a15a61 <unknown>\n#4 0x563a42a64a44 <unknown>\n#5 0x563a42a61df7 <unknown>\n#6 0x563a42a07c1a <unknown>\n#7 0x563a42a08921 <unknown>\n#8 0x563a42f3d239 <unknown>\n#9 0x563a42f401e8 <unknown>\n#10 0x563a42f264c9 <unknown>\n#11 0x563a42f40db5 <unknown>\n#12 0x563a42f0de93 <unknown>\n#13 0x563a42f63098 <unknown>\n#14 0x563a42f63273 <unknown>\n#15 0x563a42f752c3 <unknown>\n#16 0x7f269029caa4 <unknown>\n#17 0x7f2690329c6c <unknown>","statusTrace":"self = <test_header.TestHeader object at 0x7fcd73839c10>\ndriver = <selenium.webdriver.chrome.webdriver.WebDriver (session=\"77dd38c9e4e71e4f424e67ec5175eb89\")>\n\n    @allure.title('TC 01.03.15 display and interactivity of the \"Men\" section')\n    def test_tc_01_03_15_display_and_interactivity_of_the_men_section(self, driver):\n        \"\"\"Check the 'Tops' & 'Bottoms' subsections in 'Men' section is displayed\"\"\"\n        page = HeaderPage(driver, MAIN_PAGE_URL)\n        page.open()\n>       dropdown_items = page.check_men_section_link()\n\ntests/test_header.py:241: \n_ _ _ _ _ _ _ _ _ _ _ _ _ _ _ _ _ _ _ _ _ _ _ _ _ _ _ _ _ _ _ _ _ _ _ _ _ _ _ _ \npages/header_page.py:183: in check_men_section_link\n    self.action_move_to_element(self.element_is_visible(self.header_locators.MEN_SECTION))\npages/base_page.py:30: in element_is_visible\n    self.go_to_element(self.element_is_present(locator))\npages/base_page.py:51: in element_is_present\n    return wait(self.driver, timeout).until(EC.presence_of_element_located(locator))\n_ _ _ _ _ _ _ _ _ _ _ _ _ _ _ _ _ _ _ _ _ _ _ _ _ _ _ _ _ _ _ _ _ _ _ _ _ _ _ _ \n\nself = <selenium.webdriver.support.wait.WebDriverWait (session=\"77dd38c9e4e71e4f424e67ec5175eb89\")>\nmethod = <function presence_of_element_located.<locals>._predicate at 0x7fcd756fcc20>\nmessage = ''\n\n    def until(self, method, message: str = \"\"):\n        \"\"\"Calls the method provided with the driver as an argument until the \\\n        return value does not evaluate to ``False``.\n    \n        :param method: callable(WebDriver)\n        :param message: optional message for :exc:`TimeoutException`\n        :returns: the result of the last call to `method`\n        :raises: :exc:`selenium.common.exceptions.TimeoutException` if timeout occurs\n        \"\"\"\n        screen = None\n        stacktrace = None\n    \n        end_time = time.monotonic() + self._timeout\n        while True:\n            try:\n                value = method(self._driver)\n                if value:\n                    return value\n            except self._ignored_exceptions as exc:\n                screen = getattr(exc, \"screen\", None)\n                stacktrace = getattr(exc, \"stacktrace\", None)\n            time.sleep(self._poll)\n            if time.monotonic() > end_time:\n                break\n>       raise TimeoutException(message, screen, stacktrace)\nE       selenium.common.exceptions.TimeoutException: Message: \nE       Stacktrace:\nE       #0 0x563a42f7632a <unknown>\nE       #1 0x563a429c2e4b <unknown>\nE       #2 0x563a42a1582b <unknown>\nE       #3 0x563a42a15a61 <unknown>\nE       #4 0x563a42a64a44 <unknown>\nE       #5 0x563a42a61df7 <unknown>\nE       #6 0x563a42a07c1a <unknown>\nE       #7 0x563a42a08921 <unknown>\nE       #8 0x563a42f3d239 <unknown>\nE       #9 0x563a42f401e8 <unknown>\nE       #10 0x563a42f264c9 <unknown>\nE       #11 0x563a42f40db5 <unknown>\nE       #12 0x563a42f0de93 <unknown>\nE       #13 0x563a42f63098 <unknown>\nE       #14 0x563a42f63273 <unknown>\nE       #15 0x563a42f752c3 <unknown>\nE       #16 0x7f269029caa4 <unknown>\nE       #17 0x7f2690329c6c <unknown>\n\n/opt/hostedtoolcache/Python/3.11.14/x64/lib/python3.11/site-packages/selenium/webdriver/support/wait.py:95: TimeoutException","flaky":false,"newFailed":false,"newBroken":false,"newPassed":false,"retriesCount":0,"retriesStatusChange":false,"beforeStages":[{"name":"_session_faker","time":{"start":1764466076947,"stop":1764466077009,"duration":62},"status":"passed","steps":[],"attachments":[],"parameters":[],"stepsCount":0,"shouldDisplayMessage":false,"attachmentsCount":0,"hasContent":false,"attachmentStep":false},{"name":"clear_allure_result_folder","time":{"start":1764466077009,"stop":1764466077009,"duration":0},"status":"passed","steps":[],"attachments":[],"parameters":[],"stepsCount":0,"shouldDisplayMessage":false,"attachmentsCount":0,"hasContent":false,"attachmentStep":false},{"name":"driver","time":{"start":1764466808421,"stop":1764466809663,"duration":1242},"status":"passed","steps":[],"attachments":[],"parameters":[],"stepsCount":0,"shouldDisplayMessage":false,"attachmentsCount":0,"hasContent":false,"attachmentStep":false}],"testStage":{"description":"Check the 'Tops' & 'Bottoms' subsections in 'Men' section is displayed","status":"broken","statusMessage":"selenium.common.exceptions.TimeoutException: Message: \nStacktrace:\n#0 0x563a42f7632a <unknown>\n#1 0x563a429c2e4b <unknown>\n#2 0x563a42a1582b <unknown>\n#3 0x563a42a15a61 <unknown>\n#4 0x563a42a64a44 <unknown>\n#5 0x563a42a61df7 <unknown>\n#6 0x563a42a07c1a <unknown>\n#7 0x563a42a08921 <unknown>\n#8 0x563a42f3d239 <unknown>\n#9 0x563a42f401e8 <unknown>\n#10 0x563a42f264c9 <unknown>\n#11 0x563a42f40db5 <unknown>\n#12 0x563a42f0de93 <unknown>\n#13 0x563a42f63098 <unknown>\n#14 0x563a42f63273 <unknown>\n#15 0x563a42f752c3 <unknown>\n#16 0x7f269029caa4 <unknown>\n#17 0x7f2690329c6c <unknown>","statusTrace":"self = <test_header.TestHeader object at 0x7fcd73839c10>\ndriver = <selenium.webdriver.chrome.webdriver.WebDriver (session=\"77dd38c9e4e71e4f424e67ec5175eb89\")>\n\n    @allure.title('TC 01.03.15 display and interactivity of the \"Men\" section')\n    def test_tc_01_03_15_display_and_interactivity_of_the_men_section(self, driver):\n        \"\"\"Check the 'Tops' & 'Bottoms' subsections in 'Men' section is displayed\"\"\"\n        page = HeaderPage(driver, MAIN_PAGE_URL)\n        page.open()\n>       dropdown_items = page.check_men_section_link()\n\ntests/test_header.py:241: \n_ _ _ _ _ _ _ _ _ _ _ _ _ _ _ _ _ _ _ _ _ _ _ _ _ _ _ _ _ _ _ _ _ _ _ _ _ _ _ _ \npages/header_page.py:183: in check_men_section_link\n    self.action_move_to_element(self.element_is_visible(self.header_locators.MEN_SECTION))\npages/base_page.py:30: in element_is_visible\n    self.go_to_element(self.element_is_present(locator))\npages/base_page.py:51: in element_is_present\n    return wait(self.driver, timeout).until(EC.presence_of_element_located(locator))\n_ _ _ _ _ _ _ _ _ _ _ _ _ _ _ _ _ _ _ _ _ _ _ _ _ _ _ _ _ _ _ _ _ _ _ _ _ _ _ _ \n\nself = <selenium.webdriver.support.wait.WebDriverWait (session=\"77dd38c9e4e71e4f424e67ec5175eb89\")>\nmethod = <function presence_of_element_located.<locals>._predicate at 0x7fcd756fcc20>\nmessage = ''\n\n    def until(self, method, message: str = \"\"):\n        \"\"\"Calls the method provided with the driver as an argument until the \\\n        return value does not evaluate to ``False``.\n    \n        :param method: callable(WebDriver)\n        :param message: optional message for :exc:`TimeoutException`\n        :returns: the result of the last call to `method`\n        :raises: :exc:`selenium.common.exceptions.TimeoutException` if timeout occurs\n        \"\"\"\n        screen = None\n        stacktrace = None\n    \n        end_time = time.monotonic() + self._timeout\n        while True:\n            try:\n                value = method(self._driver)\n                if value:\n                    return value\n            except self._ignored_exceptions as exc:\n                screen = getattr(exc, \"screen\", None)\n                stacktrace = getattr(exc, \"stacktrace\", None)\n            time.sleep(self._poll)\n            if time.monotonic() > end_time:\n                break\n>       raise TimeoutException(message, screen, stacktrace)\nE       selenium.common.exceptions.TimeoutException: Message: \nE       Stacktrace:\nE       #0 0x563a42f7632a <unknown>\nE       #1 0x563a429c2e4b <unknown>\nE       #2 0x563a42a1582b <unknown>\nE       #3 0x563a42a15a61 <unknown>\nE       #4 0x563a42a64a44 <unknown>\nE       #5 0x563a42a61df7 <unknown>\nE       #6 0x563a42a07c1a <unknown>\nE       #7 0x563a42a08921 <unknown>\nE       #8 0x563a42f3d239 <unknown>\nE       #9 0x563a42f401e8 <unknown>\nE       #10 0x563a42f264c9 <unknown>\nE       #11 0x563a42f40db5 <unknown>\nE       #12 0x563a42f0de93 <unknown>\nE       #13 0x563a42f63098 <unknown>\nE       #14 0x563a42f63273 <unknown>\nE       #15 0x563a42f752c3 <unknown>\nE       #16 0x7f269029caa4 <unknown>\nE       #17 0x7f2690329c6c <unknown>\n\n/opt/hostedtoolcache/Python/3.11.14/x64/lib/python3.11/site-packages/selenium/webdriver/support/wait.py:95: TimeoutException","steps":[{"name":"Open a browser","time":{"start":1764466809663,"stop":1764466809802,"duration":139},"status":"passed","steps":[],"attachments":[],"parameters":[],"stepsCount":0,"shouldDisplayMessage":false,"attachmentsCount":0,"hasContent":false,"attachmentStep":false},{"name":"Check the \"Men\" section link","time":{"start":1764466809802,"stop":1764466814904,"duration":5102},"status":"broken","statusMessage":"selenium.common.exceptions.TimeoutException: Message: \nStacktrace:\n#0 0x563a42f7632a <unknown>\n#1 0x563a429c2e4b <unknown>\n#2 0x563a42a1582b <unknown>\n#3 0x563a42a15a61 <unknown>\n#4 0x563a42a64a44 <unknown>\n#5 0x563a42a61df7 <unknown>\n#6 0x563a42a07c1a <unknown>\n#7 0x563a42a08921 <unknown>\n#8 0x563a42f3d239 <unknown>\n#9 0x563a42f401e8 <unknown>\n#10 0x563a42f264c9 <unknown>\n#11 0x563a42f40db5 <unknown>\n#12 0x563a42f0de93 <unknown>\n#13 0x563a42f63098 <unknown>\n#14 0x563a42f63273 <unknown>\n#15 0x563a42f752c3 <unknown>\n#16 0x7f269029caa4 <unknown>\n#17 0x7f2690329c6c <unknown>\n\n","statusTrace":"  File \"/opt/hostedtoolcache/Python/3.11.14/x64/lib/python3.11/site-packages/allure_commons/_allure.py\", line 192, in impl\n    return func(*a, **kw)\n           ^^^^^^^^^^^^^^\n  File \"/home/runner/work/luma_project/luma_project/pages/header_page.py\", line 183, in check_men_section_link\n    self.action_move_to_element(self.element_is_visible(self.header_locators.MEN_SECTION))\n                                ^^^^^^^^^^^^^^^^^^^^^^^^^^^^^^^^^^^^^^^^^^^^^^^^^^^^^^^^^\n  File \"/opt/hostedtoolcache/Python/3.11.14/x64/lib/python3.11/site-packages/allure_commons/_allure.py\", line 192, in impl\n    return func(*a, **kw)\n           ^^^^^^^^^^^^^^\n  File \"/home/runner/work/luma_project/luma_project/pages/base_page.py\", line 30, in element_is_visible\n    self.go_to_element(self.element_is_present(locator))\n                       ^^^^^^^^^^^^^^^^^^^^^^^^^^^^^^^^\n  File \"/opt/hostedtoolcache/Python/3.11.14/x64/lib/python3.11/site-packages/allure_commons/_allure.py\", line 192, in impl\n    return func(*a, **kw)\n           ^^^^^^^^^^^^^^\n  File \"/home/runner/work/luma_project/luma_project/pages/base_page.py\", line 51, in element_is_present\n    return wait(self.driver, timeout).until(EC.presence_of_element_located(locator))\n           ^^^^^^^^^^^^^^^^^^^^^^^^^^^^^^^^^^^^^^^^^^^^^^^^^^^^^^^^^^^^^^^^^^^^^^^^^\n  File \"/opt/hostedtoolcache/Python/3.11.14/x64/lib/python3.11/site-packages/selenium/webdriver/support/wait.py\", line 95, in until\n    raise TimeoutException(message, screen, stacktrace)\n","steps":[{"name":"Find a visible element","time":{"start":1764466809802,"stop":1764466814903,"duration":5101},"status":"broken","statusMessage":"selenium.common.exceptions.TimeoutException: Message: \nStacktrace:\n#0 0x563a42f7632a <unknown>\n#1 0x563a429c2e4b <unknown>\n#2 0x563a42a1582b <unknown>\n#3 0x563a42a15a61 <unknown>\n#4 0x563a42a64a44 <unknown>\n#5 0x563a42a61df7 <unknown>\n#6 0x563a42a07c1a <unknown>\n#7 0x563a42a08921 <unknown>\n#8 0x563a42f3d239 <unknown>\n#9 0x563a42f401e8 <unknown>\n#10 0x563a42f264c9 <unknown>\n#11 0x563a42f40db5 <unknown>\n#12 0x563a42f0de93 <unknown>\n#13 0x563a42f63098 <unknown>\n#14 0x563a42f63273 <unknown>\n#15 0x563a42f752c3 <unknown>\n#16 0x7f269029caa4 <unknown>\n#17 0x7f2690329c6c <unknown>\n\n","statusTrace":"  File \"/opt/hostedtoolcache/Python/3.11.14/x64/lib/python3.11/site-packages/allure_commons/_allure.py\", line 192, in impl\n    return func(*a, **kw)\n           ^^^^^^^^^^^^^^\n  File \"/home/runner/work/luma_project/luma_project/pages/base_page.py\", line 30, in element_is_visible\n    self.go_to_element(self.element_is_present(locator))\n                       ^^^^^^^^^^^^^^^^^^^^^^^^^^^^^^^^\n  File \"/opt/hostedtoolcache/Python/3.11.14/x64/lib/python3.11/site-packages/allure_commons/_allure.py\", line 192, in impl\n    return func(*a, **kw)\n           ^^^^^^^^^^^^^^\n  File \"/home/runner/work/luma_project/luma_project/pages/base_page.py\", line 51, in element_is_present\n    return wait(self.driver, timeout).until(EC.presence_of_element_located(locator))\n           ^^^^^^^^^^^^^^^^^^^^^^^^^^^^^^^^^^^^^^^^^^^^^^^^^^^^^^^^^^^^^^^^^^^^^^^^^\n  File \"/opt/hostedtoolcache/Python/3.11.14/x64/lib/python3.11/site-packages/selenium/webdriver/support/wait.py\", line 95, in until\n    raise TimeoutException(message, screen, stacktrace)\n","steps":[{"name":"Find a present element","time":{"start":1764466809802,"stop":1764466814903,"duration":5101},"status":"broken","statusMessage":"selenium.common.exceptions.TimeoutException: Message: \nStacktrace:\n#0 0x563a42f7632a <unknown>\n#1 0x563a429c2e4b <unknown>\n#2 0x563a42a1582b <unknown>\n#3 0x563a42a15a61 <unknown>\n#4 0x563a42a64a44 <unknown>\n#5 0x563a42a61df7 <unknown>\n#6 0x563a42a07c1a <unknown>\n#7 0x563a42a08921 <unknown>\n#8 0x563a42f3d239 <unknown>\n#9 0x563a42f401e8 <unknown>\n#10 0x563a42f264c9 <unknown>\n#11 0x563a42f40db5 <unknown>\n#12 0x563a42f0de93 <unknown>\n#13 0x563a42f63098 <unknown>\n#14 0x563a42f63273 <unknown>\n#15 0x563a42f752c3 <unknown>\n#16 0x7f269029caa4 <unknown>\n#17 0x7f2690329c6c <unknown>\n\n","statusTrace":"  File \"/opt/hostedtoolcache/Python/3.11.14/x64/lib/python3.11/site-packages/allure_commons/_allure.py\", line 192, in impl\n    return func(*a, **kw)\n           ^^^^^^^^^^^^^^\n  File \"/home/runner/work/luma_project/luma_project/pages/base_page.py\", line 51, in element_is_present\n    return wait(self.driver, timeout).until(EC.presence_of_element_located(locator))\n           ^^^^^^^^^^^^^^^^^^^^^^^^^^^^^^^^^^^^^^^^^^^^^^^^^^^^^^^^^^^^^^^^^^^^^^^^^\n  File \"/opt/hostedtoolcache/Python/3.11.14/x64/lib/python3.11/site-packages/selenium/webdriver/support/wait.py\", line 95, in until\n    raise TimeoutException(message, screen, stacktrace)\n","steps":[],"attachments":[],"parameters":[{"name":"locator","value":"('id', 'ui-id-5')"},{"name":"timeout","value":"5"}],"stepsCount":0,"shouldDisplayMessage":true,"attachmentsCount":0,"hasContent":true,"attachmentStep":false}],"attachments":[],"parameters":[{"name":"locator","value":"('id', 'ui-id-5')"},{"name":"timeout","value":"10"}],"stepsCount":1,"shouldDisplayMessage":false,"attachmentsCount":0,"hasContent":true,"attachmentStep":false}],"attachments":[],"parameters":[],"stepsCount":2,"shouldDisplayMessage":false,"attachmentsCount":0,"hasContent":true,"attachmentStep":false}],"attachments":[{"uid":"21d2ad4720bcec60","name":"Screenshot","source":"21d2ad4720bcec60.png","type":"image/png","size":23875},{"uid":"61f0b4de6cfc72f4","name":"HTML source","source":"61f0b4de6cfc72f4.html","type":"text/html","size":1433}],"parameters":[],"stepsCount":4,"shouldDisplayMessage":true,"attachmentsCount":2,"hasContent":true,"attachmentStep":false},"afterStages":[{"name":"driver::0","time":{"start":1764466814976,"stop":1764466815038,"duration":62},"status":"passed","steps":[],"attachments":[],"parameters":[],"stepsCount":0,"shouldDisplayMessage":false,"attachmentsCount":0,"hasContent":false,"attachmentStep":false},{"name":"clear_allure_result_folder::0","time":{"start":1764468462176,"stop":1764468462176,"duration":0},"status":"passed","steps":[],"attachments":[],"parameters":[],"stepsCount":0,"shouldDisplayMessage":false,"attachmentsCount":0,"hasContent":false,"attachmentStep":false}],"labels":[{"name":"epic","value":"Test Header"},{"name":"parentSuite","value":"tests"},{"name":"suite","value":"test_header"},{"name":"subSuite","value":"TestHeader"},{"name":"host","value":"runnervmg1sw1"},{"name":"thread","value":"2964-MainThread"},{"name":"framework","value":"pytest"},{"name":"language","value":"cpython3"},{"name":"package","value":"tests.test_header"},{"name":"resultFormat","value":"allure2"}],"parameters":[],"links":[],"hidden":false,"retry":false,"extra":{"severity":"normal","retries":[],"categories":[{"name":"Test defects","matchedStatuses":[],"flaky":false}],"history":{"statistic":{"failed":0,"broken":2,"skipped":0,"passed":0,"unknown":0,"total":2},"items":[{"uid":"5027a8c81412e932","reportUrl":"https://verafes.github.io/luma_project/622/#testresult/5027a8c81412e932","status":"broken","statusDetails":"selenium.common.exceptions.TimeoutException: Message: \nStacktrace:\n#0 0x55fb2cf5c32a <unknown>\n#1 0x55fb2c9a8e4b <unknown>\n#2 0x55fb2c9fb82b <unknown>\n#3 0x55fb2c9fba61 <unknown>\n#4 0x55fb2ca4aa44 <unknown>\n#5 0x55fb2ca47df7 <unknown>\n#6 0x55fb2c9edc1a <unknown>\n#7 0x55fb2c9ee921 <unknown>\n#8 0x55fb2cf23239 <unknown>\n#9 0x55fb2cf261e8 <unknown>\n#10 0x55fb2cf0c4c9 <unknown>\n#11 0x55fb2cf26db5 <unknown>\n#12 0x55fb2cef3e93 <unknown>\n#13 0x55fb2cf49098 <unknown>\n#14 0x55fb2cf49273 <unknown>\n#15 0x55fb2cf5b2c3 <unknown>\n#16 0x7f7750c9caa4 <unknown>\n#17 0x7f7750d29c6c <unknown>","time":{"start":1763862061545,"stop":1763862066793,"duration":5248}}]},"tags":[]},"source":"aad23cb0fd0d8456.json","parameterValues":[]}