{"uid":"e6e4db2c1faa1334","name":"test_tc_10_01_01","fullName":"tests.test_gear.TestGearPage#test_tc_10_01_01","historyId":"e7062ab6bc8cbb7d8d74d875fa8e23ae","time":{"start":1764466610737,"stop":1764466615978,"duration":5241},"description":"Checking title of the Category section","descriptionHtml":"<p>Checking title of the Category section</p>\n","status":"broken","statusMessage":"selenium.common.exceptions.TimeoutException: Message: \nStacktrace:\n#0 0x55a7f916e32a <unknown>\n#1 0x55a7f8bbae4b <unknown>\n#2 0x55a7f8c0d82b <unknown>\n#3 0x55a7f8c0da61 <unknown>\n#4 0x55a7f8c5ca44 <unknown>\n#5 0x55a7f8c59df7 <unknown>\n#6 0x55a7f8bffc1a <unknown>\n#7 0x55a7f8c00921 <unknown>\n#8 0x55a7f9135239 <unknown>\n#9 0x55a7f91381e8 <unknown>\n#10 0x55a7f911e4c9 <unknown>\n#11 0x55a7f9138db5 <unknown>\n#12 0x55a7f9105e93 <unknown>\n#13 0x55a7f915b098 <unknown>\n#14 0x55a7f915b273 <unknown>\n#15 0x55a7f916d2c3 <unknown>\n#16 0x7fd56bc9caa4 <unknown>\n#17 0x7fd56bd29c6c <unknown>","statusTrace":"self = <test_gear.TestGearPage object at 0x7fcd759bec50>\ndriver = <selenium.webdriver.chrome.webdriver.WebDriver (session=\"d2b53543b3871fcca0ae979822ae0790\")>\n\n    def test_tc_10_01_01(self, driver):\n        \"\"\"Checking title of the Category section\"\"\"\n        page = GearPage(driver, GEAR_PAGE_URL)\n        page.open()\n>       title = page.check_text_in_category_title()\n\ntests/test_gear.py:12: \n_ _ _ _ _ _ _ _ _ _ _ _ _ _ _ _ _ _ _ _ _ _ _ _ _ _ _ _ _ _ _ _ _ _ _ _ _ _ _ _ \npages/gear_page_.py:11: in check_text_in_category_title\n    category_title = self.element_is_visible(self.locators.CATEGORY)\npages/base_page.py:30: in element_is_visible\n    self.go_to_element(self.element_is_present(locator))\npages/base_page.py:51: in element_is_present\n    return wait(self.driver, timeout).until(EC.presence_of_element_located(locator))\n_ _ _ _ _ _ _ _ _ _ _ _ _ _ _ _ _ _ _ _ _ _ _ _ _ _ _ _ _ _ _ _ _ _ _ _ _ _ _ _ \n\nself = <selenium.webdriver.support.wait.WebDriverWait (session=\"d2b53543b3871fcca0ae979822ae0790\")>\nmethod = <function presence_of_element_located.<locals>._predicate at 0x7fcd756b6f20>\nmessage = ''\n\n    def until(self, method, message: str = \"\"):\n        \"\"\"Calls the method provided with the driver as an argument until the \\\n        return value does not evaluate to ``False``.\n    \n        :param method: callable(WebDriver)\n        :param message: optional message for :exc:`TimeoutException`\n        :returns: the result of the last call to `method`\n        :raises: :exc:`selenium.common.exceptions.TimeoutException` if timeout occurs\n        \"\"\"\n        screen = None\n        stacktrace = None\n    \n        end_time = time.monotonic() + self._timeout\n        while True:\n            try:\n                value = method(self._driver)\n                if value:\n                    return value\n            except self._ignored_exceptions as exc:\n                screen = getattr(exc, \"screen\", None)\n                stacktrace = getattr(exc, \"stacktrace\", None)\n            time.sleep(self._poll)\n            if time.monotonic() > end_time:\n                break\n>       raise TimeoutException(message, screen, stacktrace)\nE       selenium.common.exceptions.TimeoutException: Message: \nE       Stacktrace:\nE       #0 0x55a7f916e32a <unknown>\nE       #1 0x55a7f8bbae4b <unknown>\nE       #2 0x55a7f8c0d82b <unknown>\nE       #3 0x55a7f8c0da61 <unknown>\nE       #4 0x55a7f8c5ca44 <unknown>\nE       #5 0x55a7f8c59df7 <unknown>\nE       #6 0x55a7f8bffc1a <unknown>\nE       #7 0x55a7f8c00921 <unknown>\nE       #8 0x55a7f9135239 <unknown>\nE       #9 0x55a7f91381e8 <unknown>\nE       #10 0x55a7f911e4c9 <unknown>\nE       #11 0x55a7f9138db5 <unknown>\nE       #12 0x55a7f9105e93 <unknown>\nE       #13 0x55a7f915b098 <unknown>\nE       #14 0x55a7f915b273 <unknown>\nE       #15 0x55a7f916d2c3 <unknown>\nE       #16 0x7fd56bc9caa4 <unknown>\nE       #17 0x7fd56bd29c6c <unknown>\n\n/opt/hostedtoolcache/Python/3.11.14/x64/lib/python3.11/site-packages/selenium/webdriver/support/wait.py:95: TimeoutException","flaky":false,"newFailed":false,"newBroken":false,"newPassed":false,"retriesCount":0,"retriesStatusChange":false,"beforeStages":[{"name":"_session_faker","time":{"start":1764466076947,"stop":1764466077009,"duration":62},"status":"passed","steps":[],"attachments":[],"parameters":[],"stepsCount":0,"shouldDisplayMessage":false,"attachmentsCount":0,"hasContent":false,"attachmentStep":false},{"name":"clear_allure_result_folder","time":{"start":1764466077009,"stop":1764466077009,"duration":0},"status":"passed","steps":[],"attachments":[],"parameters":[],"stepsCount":0,"shouldDisplayMessage":false,"attachmentsCount":0,"hasContent":false,"attachmentStep":false},{"name":"driver","time":{"start":1764466609495,"stop":1764466610736,"duration":1241},"status":"passed","steps":[],"attachments":[],"parameters":[],"stepsCount":0,"shouldDisplayMessage":false,"attachmentsCount":0,"hasContent":false,"attachmentStep":false}],"testStage":{"description":"Checking title of the Category section","status":"broken","statusMessage":"selenium.common.exceptions.TimeoutException: Message: \nStacktrace:\n#0 0x55a7f916e32a <unknown>\n#1 0x55a7f8bbae4b <unknown>\n#2 0x55a7f8c0d82b <unknown>\n#3 0x55a7f8c0da61 <unknown>\n#4 0x55a7f8c5ca44 <unknown>\n#5 0x55a7f8c59df7 <unknown>\n#6 0x55a7f8bffc1a <unknown>\n#7 0x55a7f8c00921 <unknown>\n#8 0x55a7f9135239 <unknown>\n#9 0x55a7f91381e8 <unknown>\n#10 0x55a7f911e4c9 <unknown>\n#11 0x55a7f9138db5 <unknown>\n#12 0x55a7f9105e93 <unknown>\n#13 0x55a7f915b098 <unknown>\n#14 0x55a7f915b273 <unknown>\n#15 0x55a7f916d2c3 <unknown>\n#16 0x7fd56bc9caa4 <unknown>\n#17 0x7fd56bd29c6c <unknown>","statusTrace":"self = <test_gear.TestGearPage object at 0x7fcd759bec50>\ndriver = <selenium.webdriver.chrome.webdriver.WebDriver (session=\"d2b53543b3871fcca0ae979822ae0790\")>\n\n    def test_tc_10_01_01(self, driver):\n        \"\"\"Checking title of the Category section\"\"\"\n        page = GearPage(driver, GEAR_PAGE_URL)\n        page.open()\n>       title = page.check_text_in_category_title()\n\ntests/test_gear.py:12: \n_ _ _ _ _ _ _ _ _ _ _ _ _ _ _ _ _ _ _ _ _ _ _ _ _ _ _ _ _ _ _ _ _ _ _ _ _ _ _ _ \npages/gear_page_.py:11: in check_text_in_category_title\n    category_title = self.element_is_visible(self.locators.CATEGORY)\npages/base_page.py:30: in element_is_visible\n    self.go_to_element(self.element_is_present(locator))\npages/base_page.py:51: in element_is_present\n    return wait(self.driver, timeout).until(EC.presence_of_element_located(locator))\n_ _ _ _ _ _ _ _ _ _ _ _ _ _ _ _ _ _ _ _ _ _ _ _ _ _ _ _ _ _ _ _ _ _ _ _ _ _ _ _ \n\nself = <selenium.webdriver.support.wait.WebDriverWait (session=\"d2b53543b3871fcca0ae979822ae0790\")>\nmethod = <function presence_of_element_located.<locals>._predicate at 0x7fcd756b6f20>\nmessage = ''\n\n    def until(self, method, message: str = \"\"):\n        \"\"\"Calls the method provided with the driver as an argument until the \\\n        return value does not evaluate to ``False``.\n    \n        :param method: callable(WebDriver)\n        :param message: optional message for :exc:`TimeoutException`\n        :returns: the result of the last call to `method`\n        :raises: :exc:`selenium.common.exceptions.TimeoutException` if timeout occurs\n        \"\"\"\n        screen = None\n        stacktrace = None\n    \n        end_time = time.monotonic() + self._timeout\n        while True:\n            try:\n                value = method(self._driver)\n                if value:\n                    return value\n            except self._ignored_exceptions as exc:\n                screen = getattr(exc, \"screen\", None)\n                stacktrace = getattr(exc, \"stacktrace\", None)\n            time.sleep(self._poll)\n            if time.monotonic() > end_time:\n                break\n>       raise TimeoutException(message, screen, stacktrace)\nE       selenium.common.exceptions.TimeoutException: Message: \nE       Stacktrace:\nE       #0 0x55a7f916e32a <unknown>\nE       #1 0x55a7f8bbae4b <unknown>\nE       #2 0x55a7f8c0d82b <unknown>\nE       #3 0x55a7f8c0da61 <unknown>\nE       #4 0x55a7f8c5ca44 <unknown>\nE       #5 0x55a7f8c59df7 <unknown>\nE       #6 0x55a7f8bffc1a <unknown>\nE       #7 0x55a7f8c00921 <unknown>\nE       #8 0x55a7f9135239 <unknown>\nE       #9 0x55a7f91381e8 <unknown>\nE       #10 0x55a7f911e4c9 <unknown>\nE       #11 0x55a7f9138db5 <unknown>\nE       #12 0x55a7f9105e93 <unknown>\nE       #13 0x55a7f915b098 <unknown>\nE       #14 0x55a7f915b273 <unknown>\nE       #15 0x55a7f916d2c3 <unknown>\nE       #16 0x7fd56bc9caa4 <unknown>\nE       #17 0x7fd56bd29c6c <unknown>\n\n/opt/hostedtoolcache/Python/3.11.14/x64/lib/python3.11/site-packages/selenium/webdriver/support/wait.py:95: TimeoutException","steps":[{"name":"Open a browser","time":{"start":1764466610737,"stop":1764466610870,"duration":133},"status":"passed","steps":[],"attachments":[],"parameters":[],"stepsCount":0,"shouldDisplayMessage":false,"attachmentsCount":0,"hasContent":false,"attachmentStep":false},{"name":"Find a visible element","time":{"start":1764466610870,"stop":1764466615978,"duration":5108},"status":"broken","statusMessage":"selenium.common.exceptions.TimeoutException: Message: \nStacktrace:\n#0 0x55a7f916e32a <unknown>\n#1 0x55a7f8bbae4b <unknown>\n#2 0x55a7f8c0d82b <unknown>\n#3 0x55a7f8c0da61 <unknown>\n#4 0x55a7f8c5ca44 <unknown>\n#5 0x55a7f8c59df7 <unknown>\n#6 0x55a7f8bffc1a <unknown>\n#7 0x55a7f8c00921 <unknown>\n#8 0x55a7f9135239 <unknown>\n#9 0x55a7f91381e8 <unknown>\n#10 0x55a7f911e4c9 <unknown>\n#11 0x55a7f9138db5 <unknown>\n#12 0x55a7f9105e93 <unknown>\n#13 0x55a7f915b098 <unknown>\n#14 0x55a7f915b273 <unknown>\n#15 0x55a7f916d2c3 <unknown>\n#16 0x7fd56bc9caa4 <unknown>\n#17 0x7fd56bd29c6c <unknown>\n\n","statusTrace":"  File \"/opt/hostedtoolcache/Python/3.11.14/x64/lib/python3.11/site-packages/allure_commons/_allure.py\", line 192, in impl\n    return func(*a, **kw)\n           ^^^^^^^^^^^^^^\n  File \"/home/runner/work/luma_project/luma_project/pages/base_page.py\", line 30, in element_is_visible\n    self.go_to_element(self.element_is_present(locator))\n                       ^^^^^^^^^^^^^^^^^^^^^^^^^^^^^^^^\n  File \"/opt/hostedtoolcache/Python/3.11.14/x64/lib/python3.11/site-packages/allure_commons/_allure.py\", line 192, in impl\n    return func(*a, **kw)\n           ^^^^^^^^^^^^^^\n  File \"/home/runner/work/luma_project/luma_project/pages/base_page.py\", line 51, in element_is_present\n    return wait(self.driver, timeout).until(EC.presence_of_element_located(locator))\n           ^^^^^^^^^^^^^^^^^^^^^^^^^^^^^^^^^^^^^^^^^^^^^^^^^^^^^^^^^^^^^^^^^^^^^^^^^\n  File \"/opt/hostedtoolcache/Python/3.11.14/x64/lib/python3.11/site-packages/selenium/webdriver/support/wait.py\", line 95, in until\n    raise TimeoutException(message, screen, stacktrace)\n","steps":[{"name":"Find a present element","time":{"start":1764466610870,"stop":1764466615978,"duration":5108},"status":"broken","statusMessage":"selenium.common.exceptions.TimeoutException: Message: \nStacktrace:\n#0 0x55a7f916e32a <unknown>\n#1 0x55a7f8bbae4b <unknown>\n#2 0x55a7f8c0d82b <unknown>\n#3 0x55a7f8c0da61 <unknown>\n#4 0x55a7f8c5ca44 <unknown>\n#5 0x55a7f8c59df7 <unknown>\n#6 0x55a7f8bffc1a <unknown>\n#7 0x55a7f8c00921 <unknown>\n#8 0x55a7f9135239 <unknown>\n#9 0x55a7f91381e8 <unknown>\n#10 0x55a7f911e4c9 <unknown>\n#11 0x55a7f9138db5 <unknown>\n#12 0x55a7f9105e93 <unknown>\n#13 0x55a7f915b098 <unknown>\n#14 0x55a7f915b273 <unknown>\n#15 0x55a7f916d2c3 <unknown>\n#16 0x7fd56bc9caa4 <unknown>\n#17 0x7fd56bd29c6c <unknown>\n\n","statusTrace":"  File \"/opt/hostedtoolcache/Python/3.11.14/x64/lib/python3.11/site-packages/allure_commons/_allure.py\", line 192, in impl\n    return func(*a, **kw)\n           ^^^^^^^^^^^^^^\n  File \"/home/runner/work/luma_project/luma_project/pages/base_page.py\", line 51, in element_is_present\n    return wait(self.driver, timeout).until(EC.presence_of_element_located(locator))\n           ^^^^^^^^^^^^^^^^^^^^^^^^^^^^^^^^^^^^^^^^^^^^^^^^^^^^^^^^^^^^^^^^^^^^^^^^^\n  File \"/opt/hostedtoolcache/Python/3.11.14/x64/lib/python3.11/site-packages/selenium/webdriver/support/wait.py\", line 95, in until\n    raise TimeoutException(message, screen, stacktrace)\n","steps":[],"attachments":[],"parameters":[{"name":"locator","value":"('xpath', \"//dl[@id='narrow-by-list2']//dt[text()='Category']\")"},{"name":"timeout","value":"5"}],"stepsCount":0,"shouldDisplayMessage":true,"attachmentsCount":0,"hasContent":true,"attachmentStep":false}],"attachments":[],"parameters":[{"name":"locator","value":"('xpath', \"//dl[@id='narrow-by-list2']//dt[text()='Category']\")"},{"name":"timeout","value":"10"}],"stepsCount":1,"shouldDisplayMessage":false,"attachmentsCount":0,"hasContent":true,"attachmentStep":false}],"attachments":[{"uid":"b82bf2c416cede11","name":"Screenshot","source":"b82bf2c416cede11.png","type":"image/png","size":23875},{"uid":"86d01a24cdf000cc","name":"HTML source","source":"86d01a24cdf000cc.html","type":"text/html","size":1433}],"parameters":[],"stepsCount":3,"shouldDisplayMessage":true,"attachmentsCount":2,"hasContent":true,"attachmentStep":false},"afterStages":[{"name":"driver::0","time":{"start":1764466616041,"stop":1764466616103,"duration":62},"status":"passed","steps":[],"attachments":[],"parameters":[],"stepsCount":0,"shouldDisplayMessage":false,"attachmentsCount":0,"hasContent":false,"attachmentStep":false},{"name":"clear_allure_result_folder::0","time":{"start":1764468462176,"stop":1764468462176,"duration":0},"status":"passed","steps":[],"attachments":[],"parameters":[],"stepsCount":0,"shouldDisplayMessage":false,"attachmentsCount":0,"hasContent":false,"attachmentStep":false}],"labels":[{"name":"parentSuite","value":"tests"},{"name":"suite","value":"test_gear"},{"name":"subSuite","value":"TestGearPage"},{"name":"host","value":"runnervmg1sw1"},{"name":"thread","value":"2964-MainThread"},{"name":"framework","value":"pytest"},{"name":"language","value":"cpython3"},{"name":"package","value":"tests.test_gear"},{"name":"resultFormat","value":"allure2"}],"parameters":[],"links":[],"hidden":false,"retry":false,"extra":{"severity":"normal","retries":[],"categories":[{"name":"Test defects","matchedStatuses":[],"flaky":false}],"history":{"statistic":{"failed":0,"broken":2,"skipped":0,"passed":0,"unknown":0,"total":2},"items":[{"uid":"31ea639bd6060a90","reportUrl":"https://verafes.github.io/luma_project/622/#testresult/31ea639bd6060a90","status":"broken","statusDetails":"selenium.common.exceptions.TimeoutException: Message: \nStacktrace:\n#0 0x564420e0f32a <unknown>\n#1 0x56442085be4b <unknown>\n#2 0x5644208ae82b <unknown>\n#3 0x5644208aea61 <unknown>\n#4 0x5644208fda44 <unknown>\n#5 0x5644208fadf7 <unknown>\n#6 0x5644208a0c1a <unknown>\n#7 0x5644208a1921 <unknown>\n#8 0x564420dd6239 <unknown>\n#9 0x564420dd91e8 <unknown>\n#10 0x564420dbf4c9 <unknown>\n#11 0x564420dd9db5 <unknown>\n#12 0x564420da6e93 <unknown>\n#13 0x564420dfc098 <unknown>\n#14 0x564420dfc273 <unknown>\n#15 0x564420e0e2c3 <unknown>\n#16 0x7f5e9389caa4 <unknown>\n#17 0x7f5e93929c6c <unknown>","time":{"start":1763861861798,"stop":1763861867083,"duration":5285}}]},"tags":[]},"source":"e6e4db2c1faa1334.json","parameterValues":[]}