{"uid":"e8b8d8e691d8cd7b","name":"TC 01.03.21 correctness of the \"Tees\" link of the \"Men\" section","fullName":"tests.test_header.TestHeader#test_tc_01_03_21_correctness_of_tees_men_section_link","historyId":"89beedecd63b905f4862543af624d59e","time":{"start":1764466902582,"stop":1764466907821,"duration":5239},"description":"Check 'Tees' subsection link click in 'Men' section redirects to the Tees-men page and         the 'Tees' header is displayed","descriptionHtml":"<p>Check 'Tees' subsection link click in 'Men' section redirects to the Tees-men page and         the 'Tees' header is displayed</p>\n","status":"broken","statusMessage":"selenium.common.exceptions.TimeoutException: Message: \nStacktrace:\n#0 0x55f4b67b432a <unknown>\n#1 0x55f4b6200e4b <unknown>\n#2 0x55f4b625382b <unknown>\n#3 0x55f4b6253a61 <unknown>\n#4 0x55f4b62a2a44 <unknown>\n#5 0x55f4b629fdf7 <unknown>\n#6 0x55f4b6245c1a <unknown>\n#7 0x55f4b6246921 <unknown>\n#8 0x55f4b677b239 <unknown>\n#9 0x55f4b677e1e8 <unknown>\n#10 0x55f4b67644c9 <unknown>\n#11 0x55f4b677edb5 <unknown>\n#12 0x55f4b674be93 <unknown>\n#13 0x55f4b67a1098 <unknown>\n#14 0x55f4b67a1273 <unknown>\n#15 0x55f4b67b32c3 <unknown>\n#16 0x7f2c8dc9caa4 <unknown>\n#17 0x7f2c8dd29c6c <unknown>","statusTrace":"self = <test_header.TestHeader object at 0x7fcd73819dd0>\ndriver = <selenium.webdriver.chrome.webdriver.WebDriver (session=\"821d8fc011b117813ab480ff088aba38\")>\n\n    @allure.title('TC 01.03.21 correctness of the \"Tees\" link of the \"Men\" section')\n    def test_tc_01_03_21_correctness_of_tees_men_section_link(self, driver):\n        \"\"\"Check 'Tees' subsection link click in 'Men' section redirects to the Tees-men page and \\\n        the 'Tees' header is displayed\"\"\"\n        page = HeaderPage(driver, MAIN_PAGE_URL)\n        page.open()\n>       page.check_redirection_of_tees_subsection_of_men_section_link()\n\ntests/test_header.py:373: \n_ _ _ _ _ _ _ _ _ _ _ _ _ _ _ _ _ _ _ _ _ _ _ _ _ _ _ _ _ _ _ _ _ _ _ _ _ _ _ _ \npages/header_page.py:287: in check_redirection_of_tees_subsection_of_men_section_link\n    self.action_move_to_element(self.element_is_visible(self.header_locators.MEN_SECTION))\npages/base_page.py:30: in element_is_visible\n    self.go_to_element(self.element_is_present(locator))\npages/base_page.py:51: in element_is_present\n    return wait(self.driver, timeout).until(EC.presence_of_element_located(locator))\n_ _ _ _ _ _ _ _ _ _ _ _ _ _ _ _ _ _ _ _ _ _ _ _ _ _ _ _ _ _ _ _ _ _ _ _ _ _ _ _ \n\nself = <selenium.webdriver.support.wait.WebDriverWait (session=\"821d8fc011b117813ab480ff088aba38\")>\nmethod = <function presence_of_element_located.<locals>._predicate at 0x7fcd7545c180>\nmessage = ''\n\n    def until(self, method, message: str = \"\"):\n        \"\"\"Calls the method provided with the driver as an argument until the \\\n        return value does not evaluate to ``False``.\n    \n        :param method: callable(WebDriver)\n        :param message: optional message for :exc:`TimeoutException`\n        :returns: the result of the last call to `method`\n        :raises: :exc:`selenium.common.exceptions.TimeoutException` if timeout occurs\n        \"\"\"\n        screen = None\n        stacktrace = None\n    \n        end_time = time.monotonic() + self._timeout\n        while True:\n            try:\n                value = method(self._driver)\n                if value:\n                    return value\n            except self._ignored_exceptions as exc:\n                screen = getattr(exc, \"screen\", None)\n                stacktrace = getattr(exc, \"stacktrace\", None)\n            time.sleep(self._poll)\n            if time.monotonic() > end_time:\n                break\n>       raise TimeoutException(message, screen, stacktrace)\nE       selenium.common.exceptions.TimeoutException: Message: \nE       Stacktrace:\nE       #0 0x55f4b67b432a <unknown>\nE       #1 0x55f4b6200e4b <unknown>\nE       #2 0x55f4b625382b <unknown>\nE       #3 0x55f4b6253a61 <unknown>\nE       #4 0x55f4b62a2a44 <unknown>\nE       #5 0x55f4b629fdf7 <unknown>\nE       #6 0x55f4b6245c1a <unknown>\nE       #7 0x55f4b6246921 <unknown>\nE       #8 0x55f4b677b239 <unknown>\nE       #9 0x55f4b677e1e8 <unknown>\nE       #10 0x55f4b67644c9 <unknown>\nE       #11 0x55f4b677edb5 <unknown>\nE       #12 0x55f4b674be93 <unknown>\nE       #13 0x55f4b67a1098 <unknown>\nE       #14 0x55f4b67a1273 <unknown>\nE       #15 0x55f4b67b32c3 <unknown>\nE       #16 0x7f2c8dc9caa4 <unknown>\nE       #17 0x7f2c8dd29c6c <unknown>\n\n/opt/hostedtoolcache/Python/3.11.14/x64/lib/python3.11/site-packages/selenium/webdriver/support/wait.py:95: TimeoutException","flaky":false,"newFailed":false,"newBroken":false,"newPassed":false,"retriesCount":0,"retriesStatusChange":false,"beforeStages":[{"name":"_session_faker","time":{"start":1764466076947,"stop":1764466077009,"duration":62},"status":"passed","steps":[],"attachments":[],"parameters":[],"stepsCount":0,"shouldDisplayMessage":false,"attachmentsCount":0,"hasContent":false,"attachmentStep":false},{"name":"clear_allure_result_folder","time":{"start":1764466077009,"stop":1764466077009,"duration":0},"status":"passed","steps":[],"attachments":[],"parameters":[],"stepsCount":0,"shouldDisplayMessage":false,"attachmentsCount":0,"hasContent":false,"attachmentStep":false},{"name":"driver","time":{"start":1764466901350,"stop":1764466902582,"duration":1232},"status":"passed","steps":[],"attachments":[],"parameters":[],"stepsCount":0,"shouldDisplayMessage":false,"attachmentsCount":0,"hasContent":false,"attachmentStep":false}],"testStage":{"description":"Check 'Tees' subsection link click in 'Men' section redirects to the Tees-men page and         the 'Tees' header is displayed","status":"broken","statusMessage":"selenium.common.exceptions.TimeoutException: Message: \nStacktrace:\n#0 0x55f4b67b432a <unknown>\n#1 0x55f4b6200e4b <unknown>\n#2 0x55f4b625382b <unknown>\n#3 0x55f4b6253a61 <unknown>\n#4 0x55f4b62a2a44 <unknown>\n#5 0x55f4b629fdf7 <unknown>\n#6 0x55f4b6245c1a <unknown>\n#7 0x55f4b6246921 <unknown>\n#8 0x55f4b677b239 <unknown>\n#9 0x55f4b677e1e8 <unknown>\n#10 0x55f4b67644c9 <unknown>\n#11 0x55f4b677edb5 <unknown>\n#12 0x55f4b674be93 <unknown>\n#13 0x55f4b67a1098 <unknown>\n#14 0x55f4b67a1273 <unknown>\n#15 0x55f4b67b32c3 <unknown>\n#16 0x7f2c8dc9caa4 <unknown>\n#17 0x7f2c8dd29c6c <unknown>","statusTrace":"self = <test_header.TestHeader object at 0x7fcd73819dd0>\ndriver = <selenium.webdriver.chrome.webdriver.WebDriver (session=\"821d8fc011b117813ab480ff088aba38\")>\n\n    @allure.title('TC 01.03.21 correctness of the \"Tees\" link of the \"Men\" section')\n    def test_tc_01_03_21_correctness_of_tees_men_section_link(self, driver):\n        \"\"\"Check 'Tees' subsection link click in 'Men' section redirects to the Tees-men page and \\\n        the 'Tees' header is displayed\"\"\"\n        page = HeaderPage(driver, MAIN_PAGE_URL)\n        page.open()\n>       page.check_redirection_of_tees_subsection_of_men_section_link()\n\ntests/test_header.py:373: \n_ _ _ _ _ _ _ _ _ _ _ _ _ _ _ _ _ _ _ _ _ _ _ _ _ _ _ _ _ _ _ _ _ _ _ _ _ _ _ _ \npages/header_page.py:287: in check_redirection_of_tees_subsection_of_men_section_link\n    self.action_move_to_element(self.element_is_visible(self.header_locators.MEN_SECTION))\npages/base_page.py:30: in element_is_visible\n    self.go_to_element(self.element_is_present(locator))\npages/base_page.py:51: in element_is_present\n    return wait(self.driver, timeout).until(EC.presence_of_element_located(locator))\n_ _ _ _ _ _ _ _ _ _ _ _ _ _ _ _ _ _ _ _ _ _ _ _ _ _ _ _ _ _ _ _ _ _ _ _ _ _ _ _ \n\nself = <selenium.webdriver.support.wait.WebDriverWait (session=\"821d8fc011b117813ab480ff088aba38\")>\nmethod = <function presence_of_element_located.<locals>._predicate at 0x7fcd7545c180>\nmessage = ''\n\n    def until(self, method, message: str = \"\"):\n        \"\"\"Calls the method provided with the driver as an argument until the \\\n        return value does not evaluate to ``False``.\n    \n        :param method: callable(WebDriver)\n        :param message: optional message for :exc:`TimeoutException`\n        :returns: the result of the last call to `method`\n        :raises: :exc:`selenium.common.exceptions.TimeoutException` if timeout occurs\n        \"\"\"\n        screen = None\n        stacktrace = None\n    \n        end_time = time.monotonic() + self._timeout\n        while True:\n            try:\n                value = method(self._driver)\n                if value:\n                    return value\n            except self._ignored_exceptions as exc:\n                screen = getattr(exc, \"screen\", None)\n                stacktrace = getattr(exc, \"stacktrace\", None)\n            time.sleep(self._poll)\n            if time.monotonic() > end_time:\n                break\n>       raise TimeoutException(message, screen, stacktrace)\nE       selenium.common.exceptions.TimeoutException: Message: \nE       Stacktrace:\nE       #0 0x55f4b67b432a <unknown>\nE       #1 0x55f4b6200e4b <unknown>\nE       #2 0x55f4b625382b <unknown>\nE       #3 0x55f4b6253a61 <unknown>\nE       #4 0x55f4b62a2a44 <unknown>\nE       #5 0x55f4b629fdf7 <unknown>\nE       #6 0x55f4b6245c1a <unknown>\nE       #7 0x55f4b6246921 <unknown>\nE       #8 0x55f4b677b239 <unknown>\nE       #9 0x55f4b677e1e8 <unknown>\nE       #10 0x55f4b67644c9 <unknown>\nE       #11 0x55f4b677edb5 <unknown>\nE       #12 0x55f4b674be93 <unknown>\nE       #13 0x55f4b67a1098 <unknown>\nE       #14 0x55f4b67a1273 <unknown>\nE       #15 0x55f4b67b32c3 <unknown>\nE       #16 0x7f2c8dc9caa4 <unknown>\nE       #17 0x7f2c8dd29c6c <unknown>\n\n/opt/hostedtoolcache/Python/3.11.14/x64/lib/python3.11/site-packages/selenium/webdriver/support/wait.py:95: TimeoutException","steps":[{"name":"Open a browser","time":{"start":1764466902582,"stop":1764466902719,"duration":137},"status":"passed","steps":[],"attachments":[],"parameters":[],"stepsCount":0,"shouldDisplayMessage":false,"attachmentsCount":0,"hasContent":false,"attachmentStep":false},{"name":"Check redirection of the \"Tees\" subsection of \"Men\" section link","time":{"start":1764466902720,"stop":1764466907821,"duration":5101},"status":"broken","statusMessage":"selenium.common.exceptions.TimeoutException: Message: \nStacktrace:\n#0 0x55f4b67b432a <unknown>\n#1 0x55f4b6200e4b <unknown>\n#2 0x55f4b625382b <unknown>\n#3 0x55f4b6253a61 <unknown>\n#4 0x55f4b62a2a44 <unknown>\n#5 0x55f4b629fdf7 <unknown>\n#6 0x55f4b6245c1a <unknown>\n#7 0x55f4b6246921 <unknown>\n#8 0x55f4b677b239 <unknown>\n#9 0x55f4b677e1e8 <unknown>\n#10 0x55f4b67644c9 <unknown>\n#11 0x55f4b677edb5 <unknown>\n#12 0x55f4b674be93 <unknown>\n#13 0x55f4b67a1098 <unknown>\n#14 0x55f4b67a1273 <unknown>\n#15 0x55f4b67b32c3 <unknown>\n#16 0x7f2c8dc9caa4 <unknown>\n#17 0x7f2c8dd29c6c <unknown>\n\n","statusTrace":"  File \"/opt/hostedtoolcache/Python/3.11.14/x64/lib/python3.11/site-packages/allure_commons/_allure.py\", line 192, in impl\n    return func(*a, **kw)\n           ^^^^^^^^^^^^^^\n  File \"/home/runner/work/luma_project/luma_project/pages/header_page.py\", line 287, in check_redirection_of_tees_subsection_of_men_section_link\n    self.action_move_to_element(self.element_is_visible(self.header_locators.MEN_SECTION))\n                                ^^^^^^^^^^^^^^^^^^^^^^^^^^^^^^^^^^^^^^^^^^^^^^^^^^^^^^^^^\n  File \"/opt/hostedtoolcache/Python/3.11.14/x64/lib/python3.11/site-packages/allure_commons/_allure.py\", line 192, in impl\n    return func(*a, **kw)\n           ^^^^^^^^^^^^^^\n  File \"/home/runner/work/luma_project/luma_project/pages/base_page.py\", line 30, in element_is_visible\n    self.go_to_element(self.element_is_present(locator))\n                       ^^^^^^^^^^^^^^^^^^^^^^^^^^^^^^^^\n  File \"/opt/hostedtoolcache/Python/3.11.14/x64/lib/python3.11/site-packages/allure_commons/_allure.py\", line 192, in impl\n    return func(*a, **kw)\n           ^^^^^^^^^^^^^^\n  File \"/home/runner/work/luma_project/luma_project/pages/base_page.py\", line 51, in element_is_present\n    return wait(self.driver, timeout).until(EC.presence_of_element_located(locator))\n           ^^^^^^^^^^^^^^^^^^^^^^^^^^^^^^^^^^^^^^^^^^^^^^^^^^^^^^^^^^^^^^^^^^^^^^^^^\n  File \"/opt/hostedtoolcache/Python/3.11.14/x64/lib/python3.11/site-packages/selenium/webdriver/support/wait.py\", line 95, in until\n    raise TimeoutException(message, screen, stacktrace)\n","steps":[{"name":"Find a visible element","time":{"start":1764466902720,"stop":1764466907821,"duration":5101},"status":"broken","statusMessage":"selenium.common.exceptions.TimeoutException: Message: \nStacktrace:\n#0 0x55f4b67b432a <unknown>\n#1 0x55f4b6200e4b <unknown>\n#2 0x55f4b625382b <unknown>\n#3 0x55f4b6253a61 <unknown>\n#4 0x55f4b62a2a44 <unknown>\n#5 0x55f4b629fdf7 <unknown>\n#6 0x55f4b6245c1a <unknown>\n#7 0x55f4b6246921 <unknown>\n#8 0x55f4b677b239 <unknown>\n#9 0x55f4b677e1e8 <unknown>\n#10 0x55f4b67644c9 <unknown>\n#11 0x55f4b677edb5 <unknown>\n#12 0x55f4b674be93 <unknown>\n#13 0x55f4b67a1098 <unknown>\n#14 0x55f4b67a1273 <unknown>\n#15 0x55f4b67b32c3 <unknown>\n#16 0x7f2c8dc9caa4 <unknown>\n#17 0x7f2c8dd29c6c <unknown>\n\n","statusTrace":"  File \"/opt/hostedtoolcache/Python/3.11.14/x64/lib/python3.11/site-packages/allure_commons/_allure.py\", line 192, in impl\n    return func(*a, **kw)\n           ^^^^^^^^^^^^^^\n  File \"/home/runner/work/luma_project/luma_project/pages/base_page.py\", line 30, in element_is_visible\n    self.go_to_element(self.element_is_present(locator))\n                       ^^^^^^^^^^^^^^^^^^^^^^^^^^^^^^^^\n  File \"/opt/hostedtoolcache/Python/3.11.14/x64/lib/python3.11/site-packages/allure_commons/_allure.py\", line 192, in impl\n    return func(*a, **kw)\n           ^^^^^^^^^^^^^^\n  File \"/home/runner/work/luma_project/luma_project/pages/base_page.py\", line 51, in element_is_present\n    return wait(self.driver, timeout).until(EC.presence_of_element_located(locator))\n           ^^^^^^^^^^^^^^^^^^^^^^^^^^^^^^^^^^^^^^^^^^^^^^^^^^^^^^^^^^^^^^^^^^^^^^^^^\n  File \"/opt/hostedtoolcache/Python/3.11.14/x64/lib/python3.11/site-packages/selenium/webdriver/support/wait.py\", line 95, in until\n    raise TimeoutException(message, screen, stacktrace)\n","steps":[{"name":"Find a present element","time":{"start":1764466902720,"stop":1764466907820,"duration":5100},"status":"broken","statusMessage":"selenium.common.exceptions.TimeoutException: Message: \nStacktrace:\n#0 0x55f4b67b432a <unknown>\n#1 0x55f4b6200e4b <unknown>\n#2 0x55f4b625382b <unknown>\n#3 0x55f4b6253a61 <unknown>\n#4 0x55f4b62a2a44 <unknown>\n#5 0x55f4b629fdf7 <unknown>\n#6 0x55f4b6245c1a <unknown>\n#7 0x55f4b6246921 <unknown>\n#8 0x55f4b677b239 <unknown>\n#9 0x55f4b677e1e8 <unknown>\n#10 0x55f4b67644c9 <unknown>\n#11 0x55f4b677edb5 <unknown>\n#12 0x55f4b674be93 <unknown>\n#13 0x55f4b67a1098 <unknown>\n#14 0x55f4b67a1273 <unknown>\n#15 0x55f4b67b32c3 <unknown>\n#16 0x7f2c8dc9caa4 <unknown>\n#17 0x7f2c8dd29c6c <unknown>\n\n","statusTrace":"  File \"/opt/hostedtoolcache/Python/3.11.14/x64/lib/python3.11/site-packages/allure_commons/_allure.py\", line 192, in impl\n    return func(*a, **kw)\n           ^^^^^^^^^^^^^^\n  File \"/home/runner/work/luma_project/luma_project/pages/base_page.py\", line 51, in element_is_present\n    return wait(self.driver, timeout).until(EC.presence_of_element_located(locator))\n           ^^^^^^^^^^^^^^^^^^^^^^^^^^^^^^^^^^^^^^^^^^^^^^^^^^^^^^^^^^^^^^^^^^^^^^^^^\n  File \"/opt/hostedtoolcache/Python/3.11.14/x64/lib/python3.11/site-packages/selenium/webdriver/support/wait.py\", line 95, in until\n    raise TimeoutException(message, screen, stacktrace)\n","steps":[],"attachments":[],"parameters":[{"name":"locator","value":"('id', 'ui-id-5')"},{"name":"timeout","value":"5"}],"stepsCount":0,"shouldDisplayMessage":true,"attachmentsCount":0,"hasContent":true,"attachmentStep":false}],"attachments":[],"parameters":[{"name":"locator","value":"('id', 'ui-id-5')"},{"name":"timeout","value":"10"}],"stepsCount":1,"shouldDisplayMessage":false,"attachmentsCount":0,"hasContent":true,"attachmentStep":false}],"attachments":[],"parameters":[],"stepsCount":2,"shouldDisplayMessage":false,"attachmentsCount":0,"hasContent":true,"attachmentStep":false}],"attachments":[{"uid":"638bdb0e2d7ea569","name":"Screenshot","source":"638bdb0e2d7ea569.png","type":"image/png","size":23875},{"uid":"cdeef6632d35bf26","name":"HTML source","source":"cdeef6632d35bf26.html","type":"text/html","size":1433}],"parameters":[],"stepsCount":4,"shouldDisplayMessage":true,"attachmentsCount":2,"hasContent":true,"attachmentStep":false},"afterStages":[{"name":"driver::0","time":{"start":1764466907889,"stop":1764466907949,"duration":60},"status":"passed","steps":[],"attachments":[],"parameters":[],"stepsCount":0,"shouldDisplayMessage":false,"attachmentsCount":0,"hasContent":false,"attachmentStep":false},{"name":"clear_allure_result_folder::0","time":{"start":1764468462176,"stop":1764468462176,"duration":0},"status":"passed","steps":[],"attachments":[],"parameters":[],"stepsCount":0,"shouldDisplayMessage":false,"attachmentsCount":0,"hasContent":false,"attachmentStep":false}],"labels":[{"name":"epic","value":"Test Header"},{"name":"parentSuite","value":"tests"},{"name":"suite","value":"test_header"},{"name":"subSuite","value":"TestHeader"},{"name":"host","value":"runnervmg1sw1"},{"name":"thread","value":"2964-MainThread"},{"name":"framework","value":"pytest"},{"name":"language","value":"cpython3"},{"name":"package","value":"tests.test_header"},{"name":"resultFormat","value":"allure2"}],"parameters":[],"links":[],"hidden":false,"retry":false,"extra":{"severity":"normal","retries":[],"categories":[{"name":"Test defects","matchedStatuses":[],"flaky":false}],"history":{"statistic":{"failed":0,"broken":2,"skipped":0,"passed":0,"unknown":0,"total":2},"items":[{"uid":"7b95b2adaaf2c194","reportUrl":"https://verafes.github.io/luma_project/622/#testresult/7b95b2adaaf2c194","status":"broken","statusDetails":"selenium.common.exceptions.TimeoutException: Message: \nStacktrace:\n#0 0x555c6b1ab32a <unknown>\n#1 0x555c6abf7e4b <unknown>\n#2 0x555c6ac4a82b <unknown>\n#3 0x555c6ac4aa61 <unknown>\n#4 0x555c6ac99a44 <unknown>\n#5 0x555c6ac96df7 <unknown>\n#6 0x555c6ac3cc1a <unknown>\n#7 0x555c6ac3d921 <unknown>\n#8 0x555c6b172239 <unknown>\n#9 0x555c6b1751e8 <unknown>\n#10 0x555c6b15b4c9 <unknown>\n#11 0x555c6b175db5 <unknown>\n#12 0x555c6b142e93 <unknown>\n#13 0x555c6b198098 <unknown>\n#14 0x555c6b198273 <unknown>\n#15 0x555c6b1aa2c3 <unknown>\n#16 0x7fea2b89caa4 <unknown>\n#17 0x7fea2b929c6c <unknown>","time":{"start":1763862154853,"stop":1763862160189,"duration":5336}}]},"tags":[]},"source":"e8b8d8e691d8cd7b.json","parameterValues":[]}