{"uid":"f1373f7c21f23e02","name":"TC 10.04.10 - Verify that the sale-20-off contains an image","fullName":"tests.test_sale.TestPromoBlocks#test_tc_10_04_10","historyId":"30f93419f98739e82522049836ef19ee","time":{"start":1764467871315,"stop":1764467876416,"duration":5101},"description":"Check img existence of 1st column in 3-columns Promo Block section","descriptionHtml":"<p>Check img existence of 1st column in 3-columns Promo Block section</p>\n","status":"broken","statusMessage":"selenium.common.exceptions.TimeoutException: Message: \nStacktrace:\n#0 0x563ed639d32a <unknown>\n#1 0x563ed5de9e4b <unknown>\n#2 0x563ed5e3c82b <unknown>\n#3 0x563ed5e3ca61 <unknown>\n#4 0x563ed5e8ba44 <unknown>\n#5 0x563ed5e88df7 <unknown>\n#6 0x563ed5e2ec1a <unknown>\n#7 0x563ed5e2f921 <unknown>\n#8 0x563ed6364239 <unknown>\n#9 0x563ed63671e8 <unknown>\n#10 0x563ed634d4c9 <unknown>\n#11 0x563ed6367db5 <unknown>\n#12 0x563ed6334e93 <unknown>\n#13 0x563ed638a098 <unknown>\n#14 0x563ed638a273 <unknown>\n#15 0x563ed639c2c3 <unknown>\n#16 0x7f3d3869caa4 <unknown>\n#17 0x7f3d38729c6c <unknown>","statusTrace":"self = <test_sale.TestSalePage.TestPromoBlocks object at 0x7fcd738cd990>\nsale_page = <pages.sale_page.SalePage object at 0x7fcd753cfc10>\n\n    @allure.title(\"TC 10.04.10 - Verify that the sale-20-off contains an image\")\n    def test_tc_10_04_10(self, sale_page):\n        \"\"\"Check img existence of 1st column in 3-columns Promo Block section\"\"\"\n>       img = sale_page.check_img_in_first_block()\n\ntests/test_sale.py:198: \n_ _ _ _ _ _ _ _ _ _ _ _ _ _ _ _ _ _ _ _ _ _ _ _ _ _ _ _ _ _ _ _ _ _ _ _ _ _ _ _ \npages/sale_page.py:85: in check_img_in_first_block\n    img = self.element_is_present(self.promo_blocks_locators.FIRST_COLUMN_IMG)\npages/base_page.py:51: in element_is_present\n    return wait(self.driver, timeout).until(EC.presence_of_element_located(locator))\n_ _ _ _ _ _ _ _ _ _ _ _ _ _ _ _ _ _ _ _ _ _ _ _ _ _ _ _ _ _ _ _ _ _ _ _ _ _ _ _ \n\nself = <selenium.webdriver.support.wait.WebDriverWait (session=\"7c466cabce14061b09240ed7b56008ab\")>\nmethod = <function presence_of_element_located.<locals>._predicate at 0x7fcd74e84180>\nmessage = ''\n\n    def until(self, method, message: str = \"\"):\n        \"\"\"Calls the method provided with the driver as an argument until the \\\n        return value does not evaluate to ``False``.\n    \n        :param method: callable(WebDriver)\n        :param message: optional message for :exc:`TimeoutException`\n        :returns: the result of the last call to `method`\n        :raises: :exc:`selenium.common.exceptions.TimeoutException` if timeout occurs\n        \"\"\"\n        screen = None\n        stacktrace = None\n    \n        end_time = time.monotonic() + self._timeout\n        while True:\n            try:\n                value = method(self._driver)\n                if value:\n                    return value\n            except self._ignored_exceptions as exc:\n                screen = getattr(exc, \"screen\", None)\n                stacktrace = getattr(exc, \"stacktrace\", None)\n            time.sleep(self._poll)\n            if time.monotonic() > end_time:\n                break\n>       raise TimeoutException(message, screen, stacktrace)\nE       selenium.common.exceptions.TimeoutException: Message: \nE       Stacktrace:\nE       #0 0x563ed639d32a <unknown>\nE       #1 0x563ed5de9e4b <unknown>\nE       #2 0x563ed5e3c82b <unknown>\nE       #3 0x563ed5e3ca61 <unknown>\nE       #4 0x563ed5e8ba44 <unknown>\nE       #5 0x563ed5e88df7 <unknown>\nE       #6 0x563ed5e2ec1a <unknown>\nE       #7 0x563ed5e2f921 <unknown>\nE       #8 0x563ed6364239 <unknown>\nE       #9 0x563ed63671e8 <unknown>\nE       #10 0x563ed634d4c9 <unknown>\nE       #11 0x563ed6367db5 <unknown>\nE       #12 0x563ed6334e93 <unknown>\nE       #13 0x563ed638a098 <unknown>\nE       #14 0x563ed638a273 <unknown>\nE       #15 0x563ed639c2c3 <unknown>\nE       #16 0x7f3d3869caa4 <unknown>\nE       #17 0x7f3d38729c6c <unknown>\n\n/opt/hostedtoolcache/Python/3.11.14/x64/lib/python3.11/site-packages/selenium/webdriver/support/wait.py:95: TimeoutException","flaky":false,"newFailed":false,"newBroken":false,"newPassed":false,"retriesCount":0,"retriesStatusChange":false,"beforeStages":[{"name":"_session_faker","time":{"start":1764466076947,"stop":1764466077009,"duration":62},"status":"passed","steps":[],"attachments":[],"parameters":[],"stepsCount":0,"shouldDisplayMessage":false,"attachmentsCount":0,"hasContent":false,"attachmentStep":false},{"name":"clear_allure_result_folder","time":{"start":1764466077009,"stop":1764466077009,"duration":0},"status":"passed","steps":[],"attachments":[],"parameters":[],"stepsCount":0,"shouldDisplayMessage":false,"attachmentsCount":0,"hasContent":false,"attachmentStep":false},{"name":"driver","time":{"start":1764467869919,"stop":1764467871166,"duration":1247},"status":"passed","steps":[],"attachments":[],"parameters":[],"stepsCount":0,"shouldDisplayMessage":false,"attachmentsCount":0,"hasContent":false,"attachmentStep":false},{"name":"sale_page","time":{"start":1764467871167,"stop":1764467871314,"duration":147},"status":"passed","steps":[{"name":"Open a browser","time":{"start":1764467871167,"stop":1764467871314,"duration":147},"status":"passed","steps":[],"attachments":[],"parameters":[],"stepsCount":0,"shouldDisplayMessage":false,"attachmentsCount":0,"hasContent":false,"attachmentStep":false}],"attachments":[],"parameters":[],"stepsCount":1,"shouldDisplayMessage":false,"attachmentsCount":0,"hasContent":true,"attachmentStep":false}],"testStage":{"description":"Check img existence of 1st column in 3-columns Promo Block section","status":"broken","statusMessage":"selenium.common.exceptions.TimeoutException: Message: \nStacktrace:\n#0 0x563ed639d32a <unknown>\n#1 0x563ed5de9e4b <unknown>\n#2 0x563ed5e3c82b <unknown>\n#3 0x563ed5e3ca61 <unknown>\n#4 0x563ed5e8ba44 <unknown>\n#5 0x563ed5e88df7 <unknown>\n#6 0x563ed5e2ec1a <unknown>\n#7 0x563ed5e2f921 <unknown>\n#8 0x563ed6364239 <unknown>\n#9 0x563ed63671e8 <unknown>\n#10 0x563ed634d4c9 <unknown>\n#11 0x563ed6367db5 <unknown>\n#12 0x563ed6334e93 <unknown>\n#13 0x563ed638a098 <unknown>\n#14 0x563ed638a273 <unknown>\n#15 0x563ed639c2c3 <unknown>\n#16 0x7f3d3869caa4 <unknown>\n#17 0x7f3d38729c6c <unknown>","statusTrace":"self = <test_sale.TestSalePage.TestPromoBlocks object at 0x7fcd738cd990>\nsale_page = <pages.sale_page.SalePage object at 0x7fcd753cfc10>\n\n    @allure.title(\"TC 10.04.10 - Verify that the sale-20-off contains an image\")\n    def test_tc_10_04_10(self, sale_page):\n        \"\"\"Check img existence of 1st column in 3-columns Promo Block section\"\"\"\n>       img = sale_page.check_img_in_first_block()\n\ntests/test_sale.py:198: \n_ _ _ _ _ _ _ _ _ _ _ _ _ _ _ _ _ _ _ _ _ _ _ _ _ _ _ _ _ _ _ _ _ _ _ _ _ _ _ _ \npages/sale_page.py:85: in check_img_in_first_block\n    img = self.element_is_present(self.promo_blocks_locators.FIRST_COLUMN_IMG)\npages/base_page.py:51: in element_is_present\n    return wait(self.driver, timeout).until(EC.presence_of_element_located(locator))\n_ _ _ _ _ _ _ _ _ _ _ _ _ _ _ _ _ _ _ _ _ _ _ _ _ _ _ _ _ _ _ _ _ _ _ _ _ _ _ _ \n\nself = <selenium.webdriver.support.wait.WebDriverWait (session=\"7c466cabce14061b09240ed7b56008ab\")>\nmethod = <function presence_of_element_located.<locals>._predicate at 0x7fcd74e84180>\nmessage = ''\n\n    def until(self, method, message: str = \"\"):\n        \"\"\"Calls the method provided with the driver as an argument until the \\\n        return value does not evaluate to ``False``.\n    \n        :param method: callable(WebDriver)\n        :param message: optional message for :exc:`TimeoutException`\n        :returns: the result of the last call to `method`\n        :raises: :exc:`selenium.common.exceptions.TimeoutException` if timeout occurs\n        \"\"\"\n        screen = None\n        stacktrace = None\n    \n        end_time = time.monotonic() + self._timeout\n        while True:\n            try:\n                value = method(self._driver)\n                if value:\n                    return value\n            except self._ignored_exceptions as exc:\n                screen = getattr(exc, \"screen\", None)\n                stacktrace = getattr(exc, \"stacktrace\", None)\n            time.sleep(self._poll)\n            if time.monotonic() > end_time:\n                break\n>       raise TimeoutException(message, screen, stacktrace)\nE       selenium.common.exceptions.TimeoutException: Message: \nE       Stacktrace:\nE       #0 0x563ed639d32a <unknown>\nE       #1 0x563ed5de9e4b <unknown>\nE       #2 0x563ed5e3c82b <unknown>\nE       #3 0x563ed5e3ca61 <unknown>\nE       #4 0x563ed5e8ba44 <unknown>\nE       #5 0x563ed5e88df7 <unknown>\nE       #6 0x563ed5e2ec1a <unknown>\nE       #7 0x563ed5e2f921 <unknown>\nE       #8 0x563ed6364239 <unknown>\nE       #9 0x563ed63671e8 <unknown>\nE       #10 0x563ed634d4c9 <unknown>\nE       #11 0x563ed6367db5 <unknown>\nE       #12 0x563ed6334e93 <unknown>\nE       #13 0x563ed638a098 <unknown>\nE       #14 0x563ed638a273 <unknown>\nE       #15 0x563ed639c2c3 <unknown>\nE       #16 0x7f3d3869caa4 <unknown>\nE       #17 0x7f3d38729c6c <unknown>\n\n/opt/hostedtoolcache/Python/3.11.14/x64/lib/python3.11/site-packages/selenium/webdriver/support/wait.py:95: TimeoutException","steps":[{"name":"Check img in 3-columns block - 1st block","time":{"start":1764467871315,"stop":1764467876416,"duration":5101},"status":"broken","statusMessage":"selenium.common.exceptions.TimeoutException: Message: \nStacktrace:\n#0 0x563ed639d32a <unknown>\n#1 0x563ed5de9e4b <unknown>\n#2 0x563ed5e3c82b <unknown>\n#3 0x563ed5e3ca61 <unknown>\n#4 0x563ed5e8ba44 <unknown>\n#5 0x563ed5e88df7 <unknown>\n#6 0x563ed5e2ec1a <unknown>\n#7 0x563ed5e2f921 <unknown>\n#8 0x563ed6364239 <unknown>\n#9 0x563ed63671e8 <unknown>\n#10 0x563ed634d4c9 <unknown>\n#11 0x563ed6367db5 <unknown>\n#12 0x563ed6334e93 <unknown>\n#13 0x563ed638a098 <unknown>\n#14 0x563ed638a273 <unknown>\n#15 0x563ed639c2c3 <unknown>\n#16 0x7f3d3869caa4 <unknown>\n#17 0x7f3d38729c6c <unknown>\n\n","statusTrace":"  File \"/opt/hostedtoolcache/Python/3.11.14/x64/lib/python3.11/site-packages/allure_commons/_allure.py\", line 192, in impl\n    return func(*a, **kw)\n           ^^^^^^^^^^^^^^\n  File \"/home/runner/work/luma_project/luma_project/pages/sale_page.py\", line 85, in check_img_in_first_block\n    img = self.element_is_present(self.promo_blocks_locators.FIRST_COLUMN_IMG)\n          ^^^^^^^^^^^^^^^^^^^^^^^^^^^^^^^^^^^^^^^^^^^^^^^^^^^^^^^^^^^^^^^^^^^^\n  File \"/opt/hostedtoolcache/Python/3.11.14/x64/lib/python3.11/site-packages/allure_commons/_allure.py\", line 192, in impl\n    return func(*a, **kw)\n           ^^^^^^^^^^^^^^\n  File \"/home/runner/work/luma_project/luma_project/pages/base_page.py\", line 51, in element_is_present\n    return wait(self.driver, timeout).until(EC.presence_of_element_located(locator))\n           ^^^^^^^^^^^^^^^^^^^^^^^^^^^^^^^^^^^^^^^^^^^^^^^^^^^^^^^^^^^^^^^^^^^^^^^^^\n  File \"/opt/hostedtoolcache/Python/3.11.14/x64/lib/python3.11/site-packages/selenium/webdriver/support/wait.py\", line 95, in until\n    raise TimeoutException(message, screen, stacktrace)\n","steps":[{"name":"Find a present element","time":{"start":1764467871315,"stop":1764467876415,"duration":5100},"status":"broken","statusMessage":"selenium.common.exceptions.TimeoutException: Message: \nStacktrace:\n#0 0x563ed639d32a <unknown>\n#1 0x563ed5de9e4b <unknown>\n#2 0x563ed5e3c82b <unknown>\n#3 0x563ed5e3ca61 <unknown>\n#4 0x563ed5e8ba44 <unknown>\n#5 0x563ed5e88df7 <unknown>\n#6 0x563ed5e2ec1a <unknown>\n#7 0x563ed5e2f921 <unknown>\n#8 0x563ed6364239 <unknown>\n#9 0x563ed63671e8 <unknown>\n#10 0x563ed634d4c9 <unknown>\n#11 0x563ed6367db5 <unknown>\n#12 0x563ed6334e93 <unknown>\n#13 0x563ed638a098 <unknown>\n#14 0x563ed638a273 <unknown>\n#15 0x563ed639c2c3 <unknown>\n#16 0x7f3d3869caa4 <unknown>\n#17 0x7f3d38729c6c <unknown>\n\n","statusTrace":"  File \"/opt/hostedtoolcache/Python/3.11.14/x64/lib/python3.11/site-packages/allure_commons/_allure.py\", line 192, in impl\n    return func(*a, **kw)\n           ^^^^^^^^^^^^^^\n  File \"/home/runner/work/luma_project/luma_project/pages/base_page.py\", line 51, in element_is_present\n    return wait(self.driver, timeout).until(EC.presence_of_element_located(locator))\n           ^^^^^^^^^^^^^^^^^^^^^^^^^^^^^^^^^^^^^^^^^^^^^^^^^^^^^^^^^^^^^^^^^^^^^^^^^\n  File \"/opt/hostedtoolcache/Python/3.11.14/x64/lib/python3.11/site-packages/selenium/webdriver/support/wait.py\", line 95, in until\n    raise TimeoutException(message, screen, stacktrace)\n","steps":[],"attachments":[],"parameters":[{"name":"locator","value":"('css selector', '.sale-20-off .image img')"},{"name":"timeout","value":"5"}],"stepsCount":0,"shouldDisplayMessage":true,"attachmentsCount":0,"hasContent":true,"attachmentStep":false}],"attachments":[],"parameters":[],"stepsCount":1,"shouldDisplayMessage":false,"attachmentsCount":0,"hasContent":true,"attachmentStep":false}],"attachments":[{"uid":"e703c3123b5ee06e","name":"Screenshot","source":"e703c3123b5ee06e.png","type":"image/png","size":23875},{"uid":"63027afa5b394355","name":"HTML source","source":"63027afa5b394355.html","type":"text/html","size":1433}],"parameters":[],"stepsCount":2,"shouldDisplayMessage":true,"attachmentsCount":2,"hasContent":true,"attachmentStep":false},"afterStages":[{"name":"driver::0","time":{"start":1764467876475,"stop":1764467876537,"duration":62},"status":"passed","steps":[],"attachments":[],"parameters":[],"stepsCount":0,"shouldDisplayMessage":false,"attachmentsCount":0,"hasContent":false,"attachmentStep":false},{"name":"clear_allure_result_folder::0","time":{"start":1764468462176,"stop":1764468462176,"duration":0},"status":"passed","steps":[],"attachments":[],"parameters":[],"stepsCount":0,"shouldDisplayMessage":false,"attachmentsCount":0,"hasContent":false,"attachmentStep":false}],"labels":[{"name":"epic","value":"Sale Page"},{"name":"feature","value":"Testing Promo Blocks, Main Block (Women's Deals) and 2 columns block - Men's Bargain, Gear Steals"},{"name":"parentSuite","value":"tests"},{"name":"suite","value":"test_sale"},{"name":"subSuite","value":"TestSalePage"},{"name":"host","value":"runnervmg1sw1"},{"name":"thread","value":"2964-MainThread"},{"name":"framework","value":"pytest"},{"name":"language","value":"cpython3"},{"name":"package","value":"tests.test_sale"},{"name":"resultFormat","value":"allure2"}],"parameters":[],"links":[],"hidden":false,"retry":false,"extra":{"severity":"normal","retries":[],"categories":[{"name":"Test defects","matchedStatuses":[],"flaky":false}],"history":{"statistic":{"failed":0,"broken":2,"skipped":0,"passed":0,"unknown":0,"total":2},"items":[{"uid":"901549aad7aac869","reportUrl":"https://verafes.github.io/luma_project/622/#testresult/901549aad7aac869","status":"broken","statusDetails":"selenium.common.exceptions.TimeoutException: Message: \nStacktrace:\n#0 0x55e5fbd7a32a <unknown>\n#1 0x55e5fb7c6e4b <unknown>\n#2 0x55e5fb81982b <unknown>\n#3 0x55e5fb819a61 <unknown>\n#4 0x55e5fb868a44 <unknown>\n#5 0x55e5fb865df7 <unknown>\n#6 0x55e5fb80bc1a <unknown>\n#7 0x55e5fb80c921 <unknown>\n#8 0x55e5fbd41239 <unknown>\n#9 0x55e5fbd441e8 <unknown>\n#10 0x55e5fbd2a4c9 <unknown>\n#11 0x55e5fbd44db5 <unknown>\n#12 0x55e5fbd11e93 <unknown>\n#13 0x55e5fbd67098 <unknown>\n#14 0x55e5fbd67273 <unknown>\n#15 0x55e5fbd792c3 <unknown>\n#16 0x7f3a9489caa4 <unknown>\n#17 0x7f3a94929c6c <unknown>","time":{"start":1763863127832,"stop":1763863132934,"duration":5102}}]},"tags":[]},"source":"f1373f7c21f23e02.json","parameterValues":[]}