{"uid":"cc6ee743f454ed80","name":"TC 13.01.52 - Check if block 3 'home-erin' in section 2 is clickablein the Promo Block on the main page","fullName":"tests.test_main_page.TestPromoBlock#test_tc_13_01_52_check_section2_block3_clickability","historyId":"2dd6059093f3a778171c7c1f2bca6ca4","time":{"start":1742088633339,"stop":1742088639970,"duration":6631},"description":"This test checks if block 3 'home-erin' in section 2 in Promo Block under header is clickable","descriptionHtml":"<p>This test checks if block 3 'home-erin' in section 2 in Promo Block under header is clickable</p>\n","status":"broken","statusMessage":"selenium.common.exceptions.TimeoutException: Message: \nStacktrace:\n#0 0x56341c93846a <unknown>\n#1 0x56341c3f1ed0 <unknown>\n#2 0x56341c443935 <unknown>\n#3 0x56341c443b61 <unknown>\n#4 0x56341c4929d4 <unknown>\n#5 0x56341c46988d <unknown>\n#6 0x56341c48fceb <unknown>\n#7 0x56341c469633 <unknown>\n#8 0x56341c4351be <unknown>\n#9 0x56341c436981 <unknown>\n#10 0x56341c8fe86b <unknown>\n#11 0x56341c90273c <unknown>\n#12 0x56341c8e5f12 <unknown>\n#13 0x56341c9032b4 <unknown>\n#14 0x56341c8ca0af <unknown>\n#15 0x56341c926ad8 <unknown>\n#16 0x56341c926cb6 <unknown>\n#17 0x56341c9372e6 <unknown>\n#18 0x7fd5b909caa4 <unknown>\n#19 0x7fd5b9129c3c <unknown>","statusTrace":"self = <test_main_page.TestMainPage.TestPromoBlock object at 0x7f5f93072dd0>\ndriver = <selenium.webdriver.chrome.webdriver.WebDriver (session=\"ce3b192c796eef86a68a1e7fb7606a6b\")>\n\n    @allure.title(\"TC 13.01.52 - Check if block 3 'home-erin' in section 2 is clickable\"\n                  \"in the Promo Block on the main page\")\n    def test_tc_13_01_52_check_section2_block3_clickability(self, driver):\n        \"\"\"This test checks if block 3 'home-erin' in section 2 in Promo Block under header is clickable\"\"\"\n        page = PromoBlock(driver, MAIN_PAGE_URL)\n        page.open()\n>       section2_block3 = page.check_section2_block3_clickability()\n\ntests/test_main_page.py:663: \n_ _ _ _ _ _ _ _ _ _ _ _ _ _ _ _ _ _ _ _ _ _ _ _ _ _ _ _ _ _ _ _ _ _ _ _ _ _ _ _ \npages/main_page.py:340: in check_section2_block3_clickability\n    section2_block3 = self.element_is_clickable(self.locators.SECTION_2_BLOCK_3)\npages/base_page.py:81: in element_is_clickable\n    return wait(self.driver, timeout).until(EC.element_to_be_clickable(locator))\n_ _ _ _ _ _ _ _ _ _ _ _ _ _ _ _ _ _ _ _ _ _ _ _ _ _ _ _ _ _ _ _ _ _ _ _ _ _ _ _ \n\nself = <selenium.webdriver.support.wait.WebDriverWait (session=\"ce3b192c796eef86a68a1e7fb7606a6b\")>\nmethod = <function element_to_be_clickable.<locals>._predicate at 0x7f5f94e70cc0>\nmessage = ''\n\n    def until(self, method, message: str = \"\"):\n        \"\"\"Calls the method provided with the driver as an argument until the \\\n        return value does not evaluate to ``False``.\n    \n        :param method: callable(WebDriver)\n        :param message: optional message for :exc:`TimeoutException`\n        :returns: the result of the last call to `method`\n        :raises: :exc:`selenium.common.exceptions.TimeoutException` if timeout occurs\n        \"\"\"\n        screen = None\n        stacktrace = None\n    \n        end_time = time.monotonic() + self._timeout\n        while True:\n            try:\n                value = method(self._driver)\n                if value:\n                    return value\n            except self._ignored_exceptions as exc:\n                screen = getattr(exc, \"screen\", None)\n                stacktrace = getattr(exc, \"stacktrace\", None)\n            time.sleep(self._poll)\n            if time.monotonic() > end_time:\n                break\n>       raise TimeoutException(message, screen, stacktrace)\nE       selenium.common.exceptions.TimeoutException: Message: \nE       Stacktrace:\nE       #0 0x56341c93846a <unknown>\nE       #1 0x56341c3f1ed0 <unknown>\nE       #2 0x56341c443935 <unknown>\nE       #3 0x56341c443b61 <unknown>\nE       #4 0x56341c4929d4 <unknown>\nE       #5 0x56341c46988d <unknown>\nE       #6 0x56341c48fceb <unknown>\nE       #7 0x56341c469633 <unknown>\nE       #8 0x56341c4351be <unknown>\nE       #9 0x56341c436981 <unknown>\nE       #10 0x56341c8fe86b <unknown>\nE       #11 0x56341c90273c <unknown>\nE       #12 0x56341c8e5f12 <unknown>\nE       #13 0x56341c9032b4 <unknown>\nE       #14 0x56341c8ca0af <unknown>\nE       #15 0x56341c926ad8 <unknown>\nE       #16 0x56341c926cb6 <unknown>\nE       #17 0x56341c9372e6 <unknown>\nE       #18 0x7fd5b909caa4 <unknown>\nE       #19 0x7fd5b9129c3c <unknown>\n\n/opt/hostedtoolcache/Python/3.11.11/x64/lib/python3.11/site-packages/selenium/webdriver/support/wait.py:95: TimeoutException","flaky":false,"newFailed":false,"newBroken":false,"newPassed":false,"retriesCount":0,"retriesStatusChange":false,"beforeStages":[{"name":"_session_faker","time":{"start":1742087795235,"stop":1742087795295,"duration":60},"status":"passed","steps":[],"attachments":[],"parameters":[],"shouldDisplayMessage":false,"stepsCount":0,"attachmentsCount":0,"hasContent":false,"attachmentStep":false},{"name":"clear_allure_result_folder","time":{"start":1742087795295,"stop":1742087795296,"duration":1},"status":"passed","steps":[],"attachments":[],"parameters":[],"shouldDisplayMessage":false,"stepsCount":0,"attachmentsCount":0,"hasContent":false,"attachmentStep":false},{"name":"driver","time":{"start":1742088632142,"stop":1742088633339,"duration":1197},"status":"passed","steps":[],"attachments":[],"parameters":[],"shouldDisplayMessage":false,"stepsCount":0,"attachmentsCount":0,"hasContent":false,"attachmentStep":false}],"testStage":{"description":"This test checks if block 3 'home-erin' in section 2 in Promo Block under header is clickable","status":"broken","statusMessage":"selenium.common.exceptions.TimeoutException: Message: \nStacktrace:\n#0 0x56341c93846a <unknown>\n#1 0x56341c3f1ed0 <unknown>\n#2 0x56341c443935 <unknown>\n#3 0x56341c443b61 <unknown>\n#4 0x56341c4929d4 <unknown>\n#5 0x56341c46988d <unknown>\n#6 0x56341c48fceb <unknown>\n#7 0x56341c469633 <unknown>\n#8 0x56341c4351be <unknown>\n#9 0x56341c436981 <unknown>\n#10 0x56341c8fe86b <unknown>\n#11 0x56341c90273c <unknown>\n#12 0x56341c8e5f12 <unknown>\n#13 0x56341c9032b4 <unknown>\n#14 0x56341c8ca0af <unknown>\n#15 0x56341c926ad8 <unknown>\n#16 0x56341c926cb6 <unknown>\n#17 0x56341c9372e6 <unknown>\n#18 0x7fd5b909caa4 <unknown>\n#19 0x7fd5b9129c3c <unknown>","statusTrace":"self = <test_main_page.TestMainPage.TestPromoBlock object at 0x7f5f93072dd0>\ndriver = <selenium.webdriver.chrome.webdriver.WebDriver (session=\"ce3b192c796eef86a68a1e7fb7606a6b\")>\n\n    @allure.title(\"TC 13.01.52 - Check if block 3 'home-erin' in section 2 is clickable\"\n                  \"in the Promo Block on the main page\")\n    def test_tc_13_01_52_check_section2_block3_clickability(self, driver):\n        \"\"\"This test checks if block 3 'home-erin' in section 2 in Promo Block under header is clickable\"\"\"\n        page = PromoBlock(driver, MAIN_PAGE_URL)\n        page.open()\n>       section2_block3 = page.check_section2_block3_clickability()\n\ntests/test_main_page.py:663: \n_ _ _ _ _ _ _ _ _ _ _ _ _ _ _ _ _ _ _ _ _ _ _ _ _ _ _ _ _ _ _ _ _ _ _ _ _ _ _ _ \npages/main_page.py:340: in check_section2_block3_clickability\n    section2_block3 = self.element_is_clickable(self.locators.SECTION_2_BLOCK_3)\npages/base_page.py:81: in element_is_clickable\n    return wait(self.driver, timeout).until(EC.element_to_be_clickable(locator))\n_ _ _ _ _ _ _ _ _ _ _ _ _ _ _ _ _ _ _ _ _ _ _ _ _ _ _ _ _ _ _ _ _ _ _ _ _ _ _ _ \n\nself = <selenium.webdriver.support.wait.WebDriverWait (session=\"ce3b192c796eef86a68a1e7fb7606a6b\")>\nmethod = <function element_to_be_clickable.<locals>._predicate at 0x7f5f94e70cc0>\nmessage = ''\n\n    def until(self, method, message: str = \"\"):\n        \"\"\"Calls the method provided with the driver as an argument until the \\\n        return value does not evaluate to ``False``.\n    \n        :param method: callable(WebDriver)\n        :param message: optional message for :exc:`TimeoutException`\n        :returns: the result of the last call to `method`\n        :raises: :exc:`selenium.common.exceptions.TimeoutException` if timeout occurs\n        \"\"\"\n        screen = None\n        stacktrace = None\n    \n        end_time = time.monotonic() + self._timeout\n        while True:\n            try:\n                value = method(self._driver)\n                if value:\n                    return value\n            except self._ignored_exceptions as exc:\n                screen = getattr(exc, \"screen\", None)\n                stacktrace = getattr(exc, \"stacktrace\", None)\n            time.sleep(self._poll)\n            if time.monotonic() > end_time:\n                break\n>       raise TimeoutException(message, screen, stacktrace)\nE       selenium.common.exceptions.TimeoutException: Message: \nE       Stacktrace:\nE       #0 0x56341c93846a <unknown>\nE       #1 0x56341c3f1ed0 <unknown>\nE       #2 0x56341c443935 <unknown>\nE       #3 0x56341c443b61 <unknown>\nE       #4 0x56341c4929d4 <unknown>\nE       #5 0x56341c46988d <unknown>\nE       #6 0x56341c48fceb <unknown>\nE       #7 0x56341c469633 <unknown>\nE       #8 0x56341c4351be <unknown>\nE       #9 0x56341c436981 <unknown>\nE       #10 0x56341c8fe86b <unknown>\nE       #11 0x56341c90273c <unknown>\nE       #12 0x56341c8e5f12 <unknown>\nE       #13 0x56341c9032b4 <unknown>\nE       #14 0x56341c8ca0af <unknown>\nE       #15 0x56341c926ad8 <unknown>\nE       #16 0x56341c926cb6 <unknown>\nE       #17 0x56341c9372e6 <unknown>\nE       #18 0x7fd5b909caa4 <unknown>\nE       #19 0x7fd5b9129c3c <unknown>\n\n/opt/hostedtoolcache/Python/3.11.11/x64/lib/python3.11/site-packages/selenium/webdriver/support/wait.py:95: TimeoutException","steps":[{"name":"Open a browser","time":{"start":1742088633339,"stop":1742088634603,"duration":1264},"status":"passed","steps":[],"attachments":[],"parameters":[],"shouldDisplayMessage":false,"stepsCount":0,"attachmentsCount":0,"hasContent":false,"attachmentStep":false},{"name":"Check clickability of the block 3 'home-erin' in the section 2 in the Promo Block","time":{"start":1742088634603,"stop":1742088639970,"duration":5367},"status":"broken","statusMessage":"selenium.common.exceptions.TimeoutException: Message: \nStacktrace:\n#0 0x56341c93846a <unknown>\n#1 0x56341c3f1ed0 <unknown>\n#2 0x56341c443935 <unknown>\n#3 0x56341c443b61 <unknown>\n#4 0x56341c4929d4 <unknown>\n#5 0x56341c46988d <unknown>\n#6 0x56341c48fceb <unknown>\n#7 0x56341c469633 <unknown>\n#8 0x56341c4351be <unknown>\n#9 0x56341c436981 <unknown>\n#10 0x56341c8fe86b <unknown>\n#11 0x56341c90273c <unknown>\n#12 0x56341c8e5f12 <unknown>\n#13 0x56341c9032b4 <unknown>\n#14 0x56341c8ca0af <unknown>\n#15 0x56341c926ad8 <unknown>\n#16 0x56341c926cb6 <unknown>\n#17 0x56341c9372e6 <unknown>\n#18 0x7fd5b909caa4 <unknown>\n#19 0x7fd5b9129c3c <unknown>\n\n","statusTrace":"  File \"/opt/hostedtoolcache/Python/3.11.11/x64/lib/python3.11/site-packages/allure_commons/_allure.py\", line 192, in impl\n    return func(*a, **kw)\n           ^^^^^^^^^^^^^^\n  File \"/home/runner/work/luma_project/luma_project/pages/main_page.py\", line 340, in check_section2_block3_clickability\n    section2_block3 = self.element_is_clickable(self.locators.SECTION_2_BLOCK_3)\n                      ^^^^^^^^^^^^^^^^^^^^^^^^^^^^^^^^^^^^^^^^^^^^^^^^^^^^^^^^^^\n  File \"/opt/hostedtoolcache/Python/3.11.11/x64/lib/python3.11/site-packages/allure_commons/_allure.py\", line 192, in impl\n    return func(*a, **kw)\n           ^^^^^^^^^^^^^^\n  File \"/home/runner/work/luma_project/luma_project/pages/base_page.py\", line 81, in element_is_clickable\n    return wait(self.driver, timeout).until(EC.element_to_be_clickable(locator))\n           ^^^^^^^^^^^^^^^^^^^^^^^^^^^^^^^^^^^^^^^^^^^^^^^^^^^^^^^^^^^^^^^^^^^^^\n  File \"/opt/hostedtoolcache/Python/3.11.11/x64/lib/python3.11/site-packages/selenium/webdriver/support/wait.py\", line 95, in until\n    raise TimeoutException(message, screen, stacktrace)\n","steps":[{"name":"Find clickable elements","time":{"start":1742088634603,"stop":1742088639970,"duration":5367},"status":"broken","statusMessage":"selenium.common.exceptions.TimeoutException: Message: \nStacktrace:\n#0 0x56341c93846a <unknown>\n#1 0x56341c3f1ed0 <unknown>\n#2 0x56341c443935 <unknown>\n#3 0x56341c443b61 <unknown>\n#4 0x56341c4929d4 <unknown>\n#5 0x56341c46988d <unknown>\n#6 0x56341c48fceb <unknown>\n#7 0x56341c469633 <unknown>\n#8 0x56341c4351be <unknown>\n#9 0x56341c436981 <unknown>\n#10 0x56341c8fe86b <unknown>\n#11 0x56341c90273c <unknown>\n#12 0x56341c8e5f12 <unknown>\n#13 0x56341c9032b4 <unknown>\n#14 0x56341c8ca0af <unknown>\n#15 0x56341c926ad8 <unknown>\n#16 0x56341c926cb6 <unknown>\n#17 0x56341c9372e6 <unknown>\n#18 0x7fd5b909caa4 <unknown>\n#19 0x7fd5b9129c3c <unknown>\n\n","statusTrace":"  File \"/opt/hostedtoolcache/Python/3.11.11/x64/lib/python3.11/site-packages/allure_commons/_allure.py\", line 192, in impl\n    return func(*a, **kw)\n           ^^^^^^^^^^^^^^\n  File \"/home/runner/work/luma_project/luma_project/pages/base_page.py\", line 81, in element_is_clickable\n    return wait(self.driver, timeout).until(EC.element_to_be_clickable(locator))\n           ^^^^^^^^^^^^^^^^^^^^^^^^^^^^^^^^^^^^^^^^^^^^^^^^^^^^^^^^^^^^^^^^^^^^^\n  File \"/opt/hostedtoolcache/Python/3.11.11/x64/lib/python3.11/site-packages/selenium/webdriver/support/wait.py\", line 95, in until\n    raise TimeoutException(message, screen, stacktrace)\n","steps":[],"attachments":[],"parameters":[{"name":"locator","value":"('css selector', '.home-erin')"},{"name":"timeout","value":"5"}],"shouldDisplayMessage":true,"stepsCount":0,"attachmentsCount":0,"hasContent":true,"attachmentStep":false}],"attachments":[],"parameters":[],"shouldDisplayMessage":false,"stepsCount":1,"attachmentsCount":0,"hasContent":true,"attachmentStep":false}],"attachments":[{"uid":"f58ac93575f0a2ef","name":"Screenshot","source":"f58ac93575f0a2ef.png","type":"image/png","size":548905},{"uid":"d4196b9c88874549","name":"HTML source","source":"d4196b9c88874549.html","type":"text/html","size":144949}],"parameters":[],"shouldDisplayMessage":true,"stepsCount":3,"attachmentsCount":2,"hasContent":true,"attachmentStep":false},"afterStages":[{"name":"driver::0","time":{"start":1742088640241,"stop":1742088640341,"duration":100},"status":"passed","steps":[],"attachments":[],"parameters":[],"shouldDisplayMessage":false,"stepsCount":0,"attachmentsCount":0,"hasContent":false,"attachmentStep":false},{"name":"clear_allure_result_folder::0","time":{"start":1742089294231,"stop":1742089294231,"duration":0},"status":"passed","steps":[],"attachments":[],"parameters":[],"shouldDisplayMessage":false,"stepsCount":0,"attachmentsCount":0,"hasContent":false,"attachmentStep":false}],"labels":[{"name":"epic","value":"Main Page"},{"name":"feature","value":"Promo Block Testing"},{"name":"parentSuite","value":"tests"},{"name":"suite","value":"test_main_page"},{"name":"subSuite","value":"TestMainPage"},{"name":"host","value":"fv-az1337-304"},{"name":"thread","value":"2817-MainThread"},{"name":"framework","value":"pytest"},{"name":"language","value":"cpython3"},{"name":"package","value":"tests.test_main_page"},{"name":"resultFormat","value":"allure2"}],"parameters":[],"links":[],"hidden":false,"retry":false,"extra":{"severity":"normal","retries":[],"categories":[{"name":"Test defects","matchedStatuses":[],"flaky":false}],"tags":[]},"source":"cc6ee743f454ed80.json","parameterValues":[]}