{"uid":"413c2f396b0bb066","name":"tc 07.02.21 Verify subtotal for items: subtotal = price * qty and displayed correctly.","fullName":"tests.test_shopping_cart.TestShoppingCartFull#test_tc_07_02_21_verify_subtotal_items_displayed_correctly_in_the_cart","historyId":"5053e2aaf151bae37a933169d86f4d65","time":{"start":1760838890644,"stop":1760838890644,"duration":0},"description":"Verify subtotal for items: subtotal = price * qty and displayed correctly.","descriptionHtml":"<p>Verify subtotal for items: subtotal = price * qty and displayed correctly.</p>\n","status":"broken","statusMessage":"selenium.common.exceptions.TimeoutException: Message: \nStacktrace:\n#0 0x55f68ed4167a <unknown>\n#1 0x55f68e7c0566 <unknown>\n#2 0x55f68e81268d <unknown>\n#3 0x55f68e812921 <unknown>\n#4 0x55f68e860e94 <unknown>\n#5 0x55f68e83865d <unknown>\n#6 0x55f68e85e328 <unknown>\n#7 0x55f68e838403 <unknown>\n#8 0x55f68e804b02 <unknown>\n#9 0x55f68e8057c1 <unknown>\n#10 0x55f68ed05448 <unknown>\n#11 0x55f68ed092af <unknown>\n#12 0x55f68ecec8d9 <unknown>\n#13 0x55f68ed09e55 <unknown>\n#14 0x55f68ecd213f <unknown>\n#15 0x55f68ed2e4b8 <unknown>\n#16 0x55f68ed2e693 <unknown>\n#17 0x55f68ed40613 <unknown>\n#18 0x7f55b4e9caa4 <unknown>\n#19 0x7f55b4f29c6c <unknown>","statusTrace":"driver = <selenium.webdriver.chrome.webdriver.WebDriver (session=\"8dc81b86144608c0c38d2e820a3198b2\")>\n\n    @pytest.fixture(scope=\"function\")\n    def full_cart_page(driver):\n        driver.get(ITEM_CART_URL)\n>       size_button = wait(driver, 5).until(EC.presence_of_element_located(shopping_locators.SIZE_BUTTON))\n\ntests/test_shopping_cart.py:13: \n_ _ _ _ _ _ _ _ _ _ _ _ _ _ _ _ _ _ _ _ _ _ _ _ _ _ _ _ _ _ _ _ _ _ _ _ _ _ _ _ \n\nself = <selenium.webdriver.support.wait.WebDriverWait (session=\"8dc81b86144608c0c38d2e820a3198b2\")>\nmethod = <function presence_of_element_located.<locals>._predicate at 0x7fcfcd39d800>\nmessage = ''\n\n    def until(self, method, message: str = \"\"):\n        \"\"\"Calls the method provided with the driver as an argument until the \\\n        return value does not evaluate to ``False``.\n    \n        :param method: callable(WebDriver)\n        :param message: optional message for :exc:`TimeoutException`\n        :returns: the result of the last call to `method`\n        :raises: :exc:`selenium.common.exceptions.TimeoutException` if timeout occurs\n        \"\"\"\n        screen = None\n        stacktrace = None\n    \n        end_time = time.monotonic() + self._timeout\n        while True:\n            try:\n                value = method(self._driver)\n                if value:\n                    return value\n            except self._ignored_exceptions as exc:\n                screen = getattr(exc, \"screen\", None)\n                stacktrace = getattr(exc, \"stacktrace\", None)\n            time.sleep(self._poll)\n            if time.monotonic() > end_time:\n                break\n>       raise TimeoutException(message, screen, stacktrace)\nE       selenium.common.exceptions.TimeoutException: Message: \nE       Stacktrace:\nE       #0 0x55f68ed4167a <unknown>\nE       #1 0x55f68e7c0566 <unknown>\nE       #2 0x55f68e81268d <unknown>\nE       #3 0x55f68e812921 <unknown>\nE       #4 0x55f68e860e94 <unknown>\nE       #5 0x55f68e83865d <unknown>\nE       #6 0x55f68e85e328 <unknown>\nE       #7 0x55f68e838403 <unknown>\nE       #8 0x55f68e804b02 <unknown>\nE       #9 0x55f68e8057c1 <unknown>\nE       #10 0x55f68ed05448 <unknown>\nE       #11 0x55f68ed092af <unknown>\nE       #12 0x55f68ecec8d9 <unknown>\nE       #13 0x55f68ed09e55 <unknown>\nE       #14 0x55f68ecd213f <unknown>\nE       #15 0x55f68ed2e4b8 <unknown>\nE       #16 0x55f68ed2e693 <unknown>\nE       #17 0x55f68ed40613 <unknown>\nE       #18 0x7f55b4e9caa4 <unknown>\nE       #19 0x7f55b4f29c6c <unknown>\n\n/opt/hostedtoolcache/Python/3.11.14/x64/lib/python3.11/site-packages/selenium/webdriver/support/wait.py:95: TimeoutException","flaky":false,"newFailed":false,"newBroken":false,"newPassed":false,"retriesCount":0,"retriesStatusChange":false,"beforeStages":[{"name":"_session_faker","time":{"start":1760836967311,"stop":1760836967372,"duration":61},"status":"passed","steps":[],"attachments":[],"parameters":[],"stepsCount":0,"shouldDisplayMessage":false,"attachmentsCount":0,"hasContent":false,"attachmentStep":false},{"name":"clear_allure_result_folder","time":{"start":1760836967372,"stop":1760836967372,"duration":0},"status":"passed","steps":[],"attachments":[],"parameters":[],"stepsCount":0,"shouldDisplayMessage":false,"attachmentsCount":0,"hasContent":false,"attachmentStep":false},{"name":"driver","time":{"start":1760838890644,"stop":1760838891902,"duration":1258},"status":"passed","steps":[],"attachments":[],"parameters":[],"stepsCount":0,"shouldDisplayMessage":false,"attachmentsCount":0,"hasContent":false,"attachmentStep":false},{"name":"full_cart_page","time":{"start":1760838891902,"stop":1760838897161,"duration":5259},"status":"broken","statusMessage":"selenium.common.exceptions.TimeoutException: Message: \nStacktrace:\n#0 0x55f68ed4167a <unknown>\n#1 0x55f68e7c0566 <unknown>\n#2 0x55f68e81268d <unknown>\n#3 0x55f68e812921 <unknown>\n#4 0x55f68e860e94 <unknown>\n#5 0x55f68e83865d <unknown>\n#6 0x55f68e85e328 <unknown>\n#7 0x55f68e838403 <unknown>\n#8 0x55f68e804b02 <unknown>\n#9 0x55f68e8057c1 <unknown>\n#10 0x55f68ed05448 <unknown>\n#11 0x55f68ed092af <unknown>\n#12 0x55f68ecec8d9 <unknown>\n#13 0x55f68ed09e55 <unknown>\n#14 0x55f68ecd213f <unknown>\n#15 0x55f68ed2e4b8 <unknown>\n#16 0x55f68ed2e693 <unknown>\n#17 0x55f68ed40613 <unknown>\n#18 0x7f55b4e9caa4 <unknown>\n#19 0x7f55b4f29c6c <unknown>\n\n","statusTrace":"  File \"/opt/hostedtoolcache/Python/3.11.14/x64/lib/python3.11/site-packages/pluggy/_callers.py\", line 38, in run_old_style_hookwrapper\n    res = yield\n          ^^^^^\n  File \"/opt/hostedtoolcache/Python/3.11.14/x64/lib/python3.11/site-packages/pluggy/_callers.py\", line 139, in _multicall\n    teardown.throw(exception)\n  File \"/opt/hostedtoolcache/Python/3.11.14/x64/lib/python3.11/site-packages/pluggy/_callers.py\", line 53, in run_old_style_hookwrapper\n    return result.get_result()\n           ^^^^^^^^^^^^^^^^^^^\n  File \"/opt/hostedtoolcache/Python/3.11.14/x64/lib/python3.11/site-packages/pluggy/_result.py\", line 103, in get_result\n    raise exc.with_traceback(tb)\n  File \"/opt/hostedtoolcache/Python/3.11.14/x64/lib/python3.11/site-packages/pluggy/_callers.py\", line 38, in run_old_style_hookwrapper\n    res = yield\n          ^^^^^\n  File \"/opt/hostedtoolcache/Python/3.11.14/x64/lib/python3.11/site-packages/pluggy/_callers.py\", line 121, in _multicall\n    res = hook_impl.function(*args)\n          ^^^^^^^^^^^^^^^^^^^^^^^^^\n  File \"/opt/hostedtoolcache/Python/3.11.14/x64/lib/python3.11/site-packages/_pytest/fixtures.py\", line 1123, in pytest_fixture_setup\n    result = call_fixture_func(fixturefunc, request, kwargs)\n             ^^^^^^^^^^^^^^^^^^^^^^^^^^^^^^^^^^^^^^^^^^^^^^^\n  File \"/opt/hostedtoolcache/Python/3.11.14/x64/lib/python3.11/site-packages/_pytest/fixtures.py\", line 902, in call_fixture_func\n    fixture_result = fixturefunc(**kwargs)\n                     ^^^^^^^^^^^^^^^^^^^^^\n  File \"/home/runner/work/luma_project/luma_project/tests/test_shopping_cart.py\", line 13, in full_cart_page\n    size_button = wait(driver, 5).until(EC.presence_of_element_located(shopping_locators.SIZE_BUTTON))\n                  ^^^^^^^^^^^^^^^^^^^^^^^^^^^^^^^^^^^^^^^^^^^^^^^^^^^^^^^^^^^^^^^^^^^^^^^^^^^^^^^^^^^^\n  File \"/opt/hostedtoolcache/Python/3.11.14/x64/lib/python3.11/site-packages/selenium/webdriver/support/wait.py\", line 95, in until\n    raise TimeoutException(message, screen, stacktrace)\n","steps":[],"attachments":[],"parameters":[],"stepsCount":0,"shouldDisplayMessage":true,"attachmentsCount":0,"hasContent":true,"attachmentStep":false}],"afterStages":[{"name":"driver::0","time":{"start":1760838897169,"stop":1760838897228,"duration":59},"status":"passed","steps":[],"attachments":[],"parameters":[],"stepsCount":0,"shouldDisplayMessage":false,"attachmentsCount":0,"hasContent":false,"attachmentStep":false},{"name":"clear_allure_result_folder::0","time":{"start":1760839387599,"stop":1760839387599,"duration":0},"status":"passed","steps":[],"attachments":[],"parameters":[],"stepsCount":0,"shouldDisplayMessage":false,"attachmentsCount":0,"hasContent":false,"attachmentStep":false}],"labels":[{"name":"feature","value":"Shopping Cart is full"},{"name":"parentSuite","value":"tests"},{"name":"suite","value":"test_shopping_cart"},{"name":"subSuite","value":"TestShoppingCartFull"},{"name":"host","value":"runnervmzdgdc"},{"name":"thread","value":"2942-MainThread"},{"name":"framework","value":"pytest"},{"name":"language","value":"cpython3"},{"name":"package","value":"tests.test_shopping_cart"},{"name":"resultFormat","value":"allure2"}],"parameters":[],"links":[],"hidden":false,"retry":false,"extra":{"severity":"normal","retries":[],"categories":[{"name":"Test defects","matchedStatuses":[],"flaky":false}],"tags":[]},"source":"413c2f396b0bb066.json","parameterValues":[]}