{"uid":"80fdd6f2ebe716a5","name":"test_tc_06_01_12_the_color_change_my_wish_and_add_to_compare_button[add_to_compare]","fullName":"tests.test_main_page.TestHotSellerSection#test_tc_06_01_12_the_color_change_my_wish_and_add_to_compare_button","historyId":"499cab94949879f050490feacb3ad33b","time":{"start":1760837982789,"stop":1760837988051,"duration":5262},"description":"This test checks the color change of the add to wishlist button and add to compare button on hover","descriptionHtml":"<p>This test checks the color change of the add to wishlist button and add to compare button on hover</p>\n","status":"broken","statusMessage":"selenium.common.exceptions.TimeoutException: Message: \nStacktrace:\n#0 0x55d7121e667a <unknown>\n#1 0x55d711c65566 <unknown>\n#2 0x55d711cb768d <unknown>\n#3 0x55d711cb7921 <unknown>\n#4 0x55d711d05e94 <unknown>\n#5 0x55d711cdd65d <unknown>\n#6 0x55d711d03328 <unknown>\n#7 0x55d711cdd403 <unknown>\n#8 0x55d711ca9b02 <unknown>\n#9 0x55d711caa7c1 <unknown>\n#10 0x55d7121aa448 <unknown>\n#11 0x55d7121ae2af <unknown>\n#12 0x55d7121918d9 <unknown>\n#13 0x55d7121aee55 <unknown>\n#14 0x55d71217713f <unknown>\n#15 0x55d7121d34b8 <unknown>\n#16 0x55d7121d3693 <unknown>\n#17 0x55d7121e5613 <unknown>\n#18 0x7fb63e49caa4 <unknown>\n#19 0x7fb63e529c6c <unknown>","statusTrace":"self = <test_main_page.TestMainPage.TestHotSellerSection object at 0x7fcfcc0631d0>\ndriver = <selenium.webdriver.chrome.webdriver.WebDriver (session=\"d17621730086081285a2a16d52dc24d7\")>\nitem = 'add_to_compare'\n\n    @pytest.mark.parametrize(\"item\", product_card_button[1:])\n    def test_tc_06_01_12_the_color_change_my_wish_and_add_to_compare_button(self, driver, item):\n        \"\"\"This test checks the color change of the add to wishlist button and add to compare button on hover\"\"\"\n        page = MainPage(driver, MAIN_PAGE_URL)\n        page.open()\n>       color_before, color_after = page.check_the_color_change_to_add_to_cart_button()\n\ntests/test_main_page.py:84: \n_ _ _ _ _ _ _ _ _ _ _ _ _ _ _ _ _ _ _ _ _ _ _ _ _ _ _ _ _ _ _ _ _ _ _ _ _ _ _ _ \npages/main_page.py:73: in check_the_color_change_to_add_to_cart_button\n    add_to_card_button = self.element_is_present(self.locators.PRODUCT_CARD_BUTTONS[\"add_to_card\"])\npages/base_page.py:51: in element_is_present\n    return wait(self.driver, timeout).until(EC.presence_of_element_located(locator))\n_ _ _ _ _ _ _ _ _ _ _ _ _ _ _ _ _ _ _ _ _ _ _ _ _ _ _ _ _ _ _ _ _ _ _ _ _ _ _ _ \n\nself = <selenium.webdriver.support.wait.WebDriverWait (session=\"d17621730086081285a2a16d52dc24d7\")>\nmethod = <function presence_of_element_located.<locals>._predicate at 0x7fcfcdb42980>\nmessage = ''\n\n    def until(self, method, message: str = \"\"):\n        \"\"\"Calls the method provided with the driver as an argument until the \\\n        return value does not evaluate to ``False``.\n    \n        :param method: callable(WebDriver)\n        :param message: optional message for :exc:`TimeoutException`\n        :returns: the result of the last call to `method`\n        :raises: :exc:`selenium.common.exceptions.TimeoutException` if timeout occurs\n        \"\"\"\n        screen = None\n        stacktrace = None\n    \n        end_time = time.monotonic() + self._timeout\n        while True:\n            try:\n                value = method(self._driver)\n                if value:\n                    return value\n            except self._ignored_exceptions as exc:\n                screen = getattr(exc, \"screen\", None)\n                stacktrace = getattr(exc, \"stacktrace\", None)\n            time.sleep(self._poll)\n            if time.monotonic() > end_time:\n                break\n>       raise TimeoutException(message, screen, stacktrace)\nE       selenium.common.exceptions.TimeoutException: Message: \nE       Stacktrace:\nE       #0 0x55d7121e667a <unknown>\nE       #1 0x55d711c65566 <unknown>\nE       #2 0x55d711cb768d <unknown>\nE       #3 0x55d711cb7921 <unknown>\nE       #4 0x55d711d05e94 <unknown>\nE       #5 0x55d711cdd65d <unknown>\nE       #6 0x55d711d03328 <unknown>\nE       #7 0x55d711cdd403 <unknown>\nE       #8 0x55d711ca9b02 <unknown>\nE       #9 0x55d711caa7c1 <unknown>\nE       #10 0x55d7121aa448 <unknown>\nE       #11 0x55d7121ae2af <unknown>\nE       #12 0x55d7121918d9 <unknown>\nE       #13 0x55d7121aee55 <unknown>\nE       #14 0x55d71217713f <unknown>\nE       #15 0x55d7121d34b8 <unknown>\nE       #16 0x55d7121d3693 <unknown>\nE       #17 0x55d7121e5613 <unknown>\nE       #18 0x7fb63e49caa4 <unknown>\nE       #19 0x7fb63e529c6c <unknown>\n\n/opt/hostedtoolcache/Python/3.11.14/x64/lib/python3.11/site-packages/selenium/webdriver/support/wait.py:95: TimeoutException","flaky":false,"newFailed":false,"newBroken":false,"newPassed":false,"retriesCount":0,"retriesStatusChange":false,"beforeStages":[{"name":"_session_faker","time":{"start":1760836967311,"stop":1760836967372,"duration":61},"status":"passed","steps":[],"attachments":[],"parameters":[],"stepsCount":0,"shouldDisplayMessage":false,"attachmentsCount":0,"hasContent":false,"attachmentStep":false},{"name":"clear_allure_result_folder","time":{"start":1760836967372,"stop":1760836967372,"duration":0},"status":"passed","steps":[],"attachments":[],"parameters":[],"stepsCount":0,"shouldDisplayMessage":false,"attachmentsCount":0,"hasContent":false,"attachmentStep":false},{"name":"driver","time":{"start":1760837981534,"stop":1760837982789,"duration":1255},"status":"passed","steps":[],"attachments":[],"parameters":[],"stepsCount":0,"shouldDisplayMessage":false,"attachmentsCount":0,"hasContent":false,"attachmentStep":false}],"testStage":{"description":"This test checks the color change of the add to wishlist button and add to compare button on hover","status":"broken","statusMessage":"selenium.common.exceptions.TimeoutException: Message: \nStacktrace:\n#0 0x55d7121e667a <unknown>\n#1 0x55d711c65566 <unknown>\n#2 0x55d711cb768d <unknown>\n#3 0x55d711cb7921 <unknown>\n#4 0x55d711d05e94 <unknown>\n#5 0x55d711cdd65d <unknown>\n#6 0x55d711d03328 <unknown>\n#7 0x55d711cdd403 <unknown>\n#8 0x55d711ca9b02 <unknown>\n#9 0x55d711caa7c1 <unknown>\n#10 0x55d7121aa448 <unknown>\n#11 0x55d7121ae2af <unknown>\n#12 0x55d7121918d9 <unknown>\n#13 0x55d7121aee55 <unknown>\n#14 0x55d71217713f <unknown>\n#15 0x55d7121d34b8 <unknown>\n#16 0x55d7121d3693 <unknown>\n#17 0x55d7121e5613 <unknown>\n#18 0x7fb63e49caa4 <unknown>\n#19 0x7fb63e529c6c <unknown>","statusTrace":"self = <test_main_page.TestMainPage.TestHotSellerSection object at 0x7fcfcc0631d0>\ndriver = <selenium.webdriver.chrome.webdriver.WebDriver (session=\"d17621730086081285a2a16d52dc24d7\")>\nitem = 'add_to_compare'\n\n    @pytest.mark.parametrize(\"item\", product_card_button[1:])\n    def test_tc_06_01_12_the_color_change_my_wish_and_add_to_compare_button(self, driver, item):\n        \"\"\"This test checks the color change of the add to wishlist button and add to compare button on hover\"\"\"\n        page = MainPage(driver, MAIN_PAGE_URL)\n        page.open()\n>       color_before, color_after = page.check_the_color_change_to_add_to_cart_button()\n\ntests/test_main_page.py:84: \n_ _ _ _ _ _ _ _ _ _ _ _ _ _ _ _ _ _ _ _ _ _ _ _ _ _ _ _ _ _ _ _ _ _ _ _ _ _ _ _ \npages/main_page.py:73: in check_the_color_change_to_add_to_cart_button\n    add_to_card_button = self.element_is_present(self.locators.PRODUCT_CARD_BUTTONS[\"add_to_card\"])\npages/base_page.py:51: in element_is_present\n    return wait(self.driver, timeout).until(EC.presence_of_element_located(locator))\n_ _ _ _ _ _ _ _ _ _ _ _ _ _ _ _ _ _ _ _ _ _ _ _ _ _ _ _ _ _ _ _ _ _ _ _ _ _ _ _ \n\nself = <selenium.webdriver.support.wait.WebDriverWait (session=\"d17621730086081285a2a16d52dc24d7\")>\nmethod = <function presence_of_element_located.<locals>._predicate at 0x7fcfcdb42980>\nmessage = ''\n\n    def until(self, method, message: str = \"\"):\n        \"\"\"Calls the method provided with the driver as an argument until the \\\n        return value does not evaluate to ``False``.\n    \n        :param method: callable(WebDriver)\n        :param message: optional message for :exc:`TimeoutException`\n        :returns: the result of the last call to `method`\n        :raises: :exc:`selenium.common.exceptions.TimeoutException` if timeout occurs\n        \"\"\"\n        screen = None\n        stacktrace = None\n    \n        end_time = time.monotonic() + self._timeout\n        while True:\n            try:\n                value = method(self._driver)\n                if value:\n                    return value\n            except self._ignored_exceptions as exc:\n                screen = getattr(exc, \"screen\", None)\n                stacktrace = getattr(exc, \"stacktrace\", None)\n            time.sleep(self._poll)\n            if time.monotonic() > end_time:\n                break\n>       raise TimeoutException(message, screen, stacktrace)\nE       selenium.common.exceptions.TimeoutException: Message: \nE       Stacktrace:\nE       #0 0x55d7121e667a <unknown>\nE       #1 0x55d711c65566 <unknown>\nE       #2 0x55d711cb768d <unknown>\nE       #3 0x55d711cb7921 <unknown>\nE       #4 0x55d711d05e94 <unknown>\nE       #5 0x55d711cdd65d <unknown>\nE       #6 0x55d711d03328 <unknown>\nE       #7 0x55d711cdd403 <unknown>\nE       #8 0x55d711ca9b02 <unknown>\nE       #9 0x55d711caa7c1 <unknown>\nE       #10 0x55d7121aa448 <unknown>\nE       #11 0x55d7121ae2af <unknown>\nE       #12 0x55d7121918d9 <unknown>\nE       #13 0x55d7121aee55 <unknown>\nE       #14 0x55d71217713f <unknown>\nE       #15 0x55d7121d34b8 <unknown>\nE       #16 0x55d7121d3693 <unknown>\nE       #17 0x55d7121e5613 <unknown>\nE       #18 0x7fb63e49caa4 <unknown>\nE       #19 0x7fb63e529c6c <unknown>\n\n/opt/hostedtoolcache/Python/3.11.14/x64/lib/python3.11/site-packages/selenium/webdriver/support/wait.py:95: TimeoutException","steps":[{"name":"Open a browser","time":{"start":1760837982789,"stop":1760837982955,"duration":166},"status":"passed","steps":[],"attachments":[],"parameters":[],"stepsCount":0,"shouldDisplayMessage":false,"attachmentsCount":0,"hasContent":false,"attachmentStep":false},{"name":"Check the color change on hover on the Add to Cart button","time":{"start":1760837982956,"stop":1760837988051,"duration":5095},"status":"broken","statusMessage":"selenium.common.exceptions.TimeoutException: Message: \nStacktrace:\n#0 0x55d7121e667a <unknown>\n#1 0x55d711c65566 <unknown>\n#2 0x55d711cb768d <unknown>\n#3 0x55d711cb7921 <unknown>\n#4 0x55d711d05e94 <unknown>\n#5 0x55d711cdd65d <unknown>\n#6 0x55d711d03328 <unknown>\n#7 0x55d711cdd403 <unknown>\n#8 0x55d711ca9b02 <unknown>\n#9 0x55d711caa7c1 <unknown>\n#10 0x55d7121aa448 <unknown>\n#11 0x55d7121ae2af <unknown>\n#12 0x55d7121918d9 <unknown>\n#13 0x55d7121aee55 <unknown>\n#14 0x55d71217713f <unknown>\n#15 0x55d7121d34b8 <unknown>\n#16 0x55d7121d3693 <unknown>\n#17 0x55d7121e5613 <unknown>\n#18 0x7fb63e49caa4 <unknown>\n#19 0x7fb63e529c6c <unknown>\n\n","statusTrace":"  File \"/opt/hostedtoolcache/Python/3.11.14/x64/lib/python3.11/site-packages/allure_commons/_allure.py\", line 192, in impl\n    return func(*a, **kw)\n           ^^^^^^^^^^^^^^\n  File \"/home/runner/work/luma_project/luma_project/pages/main_page.py\", line 73, in check_the_color_change_to_add_to_cart_button\n    add_to_card_button = self.element_is_present(self.locators.PRODUCT_CARD_BUTTONS[\"add_to_card\"])\n                         ^^^^^^^^^^^^^^^^^^^^^^^^^^^^^^^^^^^^^^^^^^^^^^^^^^^^^^^^^^^^^^^^^^^^^^^^^^\n  File \"/opt/hostedtoolcache/Python/3.11.14/x64/lib/python3.11/site-packages/allure_commons/_allure.py\", line 192, in impl\n    return func(*a, **kw)\n           ^^^^^^^^^^^^^^\n  File \"/home/runner/work/luma_project/luma_project/pages/base_page.py\", line 51, in element_is_present\n    return wait(self.driver, timeout).until(EC.presence_of_element_located(locator))\n           ^^^^^^^^^^^^^^^^^^^^^^^^^^^^^^^^^^^^^^^^^^^^^^^^^^^^^^^^^^^^^^^^^^^^^^^^^\n  File \"/opt/hostedtoolcache/Python/3.11.14/x64/lib/python3.11/site-packages/selenium/webdriver/support/wait.py\", line 95, in until\n    raise TimeoutException(message, screen, stacktrace)\n","steps":[{"name":"Get button properties before hover","time":{"start":1760837982956,"stop":1760837988051,"duration":5095},"status":"broken","statusMessage":"selenium.common.exceptions.TimeoutException: Message: \nStacktrace:\n#0 0x55d7121e667a <unknown>\n#1 0x55d711c65566 <unknown>\n#2 0x55d711cb768d <unknown>\n#3 0x55d711cb7921 <unknown>\n#4 0x55d711d05e94 <unknown>\n#5 0x55d711cdd65d <unknown>\n#6 0x55d711d03328 <unknown>\n#7 0x55d711cdd403 <unknown>\n#8 0x55d711ca9b02 <unknown>\n#9 0x55d711caa7c1 <unknown>\n#10 0x55d7121aa448 <unknown>\n#11 0x55d7121ae2af <unknown>\n#12 0x55d7121918d9 <unknown>\n#13 0x55d7121aee55 <unknown>\n#14 0x55d71217713f <unknown>\n#15 0x55d7121d34b8 <unknown>\n#16 0x55d7121d3693 <unknown>\n#17 0x55d7121e5613 <unknown>\n#18 0x7fb63e49caa4 <unknown>\n#19 0x7fb63e529c6c <unknown>\n\n","statusTrace":"  File \"/home/runner/work/luma_project/luma_project/pages/main_page.py\", line 73, in check_the_color_change_to_add_to_cart_button\n    add_to_card_button = self.element_is_present(self.locators.PRODUCT_CARD_BUTTONS[\"add_to_card\"])\n                         ^^^^^^^^^^^^^^^^^^^^^^^^^^^^^^^^^^^^^^^^^^^^^^^^^^^^^^^^^^^^^^^^^^^^^^^^^^\n  File \"/opt/hostedtoolcache/Python/3.11.14/x64/lib/python3.11/site-packages/allure_commons/_allure.py\", line 192, in impl\n    return func(*a, **kw)\n           ^^^^^^^^^^^^^^\n  File \"/home/runner/work/luma_project/luma_project/pages/base_page.py\", line 51, in element_is_present\n    return wait(self.driver, timeout).until(EC.presence_of_element_located(locator))\n           ^^^^^^^^^^^^^^^^^^^^^^^^^^^^^^^^^^^^^^^^^^^^^^^^^^^^^^^^^^^^^^^^^^^^^^^^^\n  File \"/opt/hostedtoolcache/Python/3.11.14/x64/lib/python3.11/site-packages/selenium/webdriver/support/wait.py\", line 95, in until\n    raise TimeoutException(message, screen, stacktrace)\n","steps":[{"name":"Find a present element","time":{"start":1760837982956,"stop":1760837988051,"duration":5095},"status":"broken","statusMessage":"selenium.common.exceptions.TimeoutException: Message: \nStacktrace:\n#0 0x55d7121e667a <unknown>\n#1 0x55d711c65566 <unknown>\n#2 0x55d711cb768d <unknown>\n#3 0x55d711cb7921 <unknown>\n#4 0x55d711d05e94 <unknown>\n#5 0x55d711cdd65d <unknown>\n#6 0x55d711d03328 <unknown>\n#7 0x55d711cdd403 <unknown>\n#8 0x55d711ca9b02 <unknown>\n#9 0x55d711caa7c1 <unknown>\n#10 0x55d7121aa448 <unknown>\n#11 0x55d7121ae2af <unknown>\n#12 0x55d7121918d9 <unknown>\n#13 0x55d7121aee55 <unknown>\n#14 0x55d71217713f <unknown>\n#15 0x55d7121d34b8 <unknown>\n#16 0x55d7121d3693 <unknown>\n#17 0x55d7121e5613 <unknown>\n#18 0x7fb63e49caa4 <unknown>\n#19 0x7fb63e529c6c <unknown>\n\n","statusTrace":"  File \"/opt/hostedtoolcache/Python/3.11.14/x64/lib/python3.11/site-packages/allure_commons/_allure.py\", line 192, in impl\n    return func(*a, **kw)\n           ^^^^^^^^^^^^^^\n  File \"/home/runner/work/luma_project/luma_project/pages/base_page.py\", line 51, in element_is_present\n    return wait(self.driver, timeout).until(EC.presence_of_element_located(locator))\n           ^^^^^^^^^^^^^^^^^^^^^^^^^^^^^^^^^^^^^^^^^^^^^^^^^^^^^^^^^^^^^^^^^^^^^^^^^\n  File \"/opt/hostedtoolcache/Python/3.11.14/x64/lib/python3.11/site-packages/selenium/webdriver/support/wait.py\", line 95, in until\n    raise TimeoutException(message, screen, stacktrace)\n","steps":[],"attachments":[],"parameters":[{"name":"locator","value":"('css selector', \"li[class='product-item']:nth-child(3) button[class='action tocart primary']\")"},{"name":"timeout","value":"5"}],"stepsCount":0,"shouldDisplayMessage":true,"attachmentsCount":0,"hasContent":true,"attachmentStep":false}],"attachments":[],"parameters":[],"stepsCount":1,"shouldDisplayMessage":false,"attachmentsCount":0,"hasContent":true,"attachmentStep":false}],"attachments":[],"parameters":[],"stepsCount":2,"shouldDisplayMessage":false,"attachmentsCount":0,"hasContent":true,"attachmentStep":false}],"attachments":[{"uid":"1f4dc61785c7d8de","name":"Screenshot","source":"1f4dc61785c7d8de.png","type":"image/png","size":23875},{"uid":"f16aa9f5de8c49ec","name":"HTML source","source":"f16aa9f5de8c49ec.html","type":"text/html","size":786}],"parameters":[],"stepsCount":4,"shouldDisplayMessage":true,"attachmentsCount":2,"hasContent":true,"attachmentStep":false},"afterStages":[{"name":"driver::0","time":{"start":1760837988141,"stop":1760837988200,"duration":59},"status":"passed","steps":[],"attachments":[],"parameters":[],"stepsCount":0,"shouldDisplayMessage":false,"attachmentsCount":0,"hasContent":false,"attachmentStep":false},{"name":"clear_allure_result_folder::0","time":{"start":1760839387599,"stop":1760839387599,"duration":0},"status":"passed","steps":[],"attachments":[],"parameters":[],"stepsCount":0,"shouldDisplayMessage":false,"attachmentsCount":0,"hasContent":false,"attachmentStep":false}],"labels":[{"name":"epic","value":"Main Page"},{"name":"feature","value":"Testing Hot Seller Section"},{"name":"parentSuite","value":"tests"},{"name":"suite","value":"test_main_page"},{"name":"subSuite","value":"TestMainPage"},{"name":"host","value":"runnervmzdgdc"},{"name":"thread","value":"2942-MainThread"},{"name":"framework","value":"pytest"},{"name":"language","value":"cpython3"},{"name":"package","value":"tests.test_main_page"},{"name":"resultFormat","value":"allure2"}],"parameters":[{"name":"item","value":"'add_to_compare'"}],"links":[],"hidden":false,"retry":false,"extra":{"severity":"normal","retries":[],"categories":[{"name":"Test defects","matchedStatuses":[],"flaky":false}],"tags":[]},"source":"80fdd6f2ebe716a5.json","parameterValues":["'add_to_compare'"]}