{"uid":"814e0e9b54c95ed5","name":"TC 01.02.05 display and interactivity of the cart icon","fullName":"tests.test_header.TestHeader#test_tc_01_02_05_display_and_interactivity_of_the_cart_icon","historyId":"678b88c09767b3c4697d8696d03a8406","time":{"start":1760837606024,"stop":1760837611382,"duration":5358},"description":"Check hovering over the shopping cart icon changes the cursor to a \"hand,\" indicating that the cart is a         clickable element, click on it and the message \"You have no items in your shopping cart.\" appears","descriptionHtml":"<p>Check hovering over the shopping cart icon changes the cursor to a &quot;hand,&quot; indicating that the cart is a         clickable element, click on it and the message &quot;You have no items in your shopping cart.&quot; appears</p>\n","status":"broken","statusMessage":"selenium.common.exceptions.TimeoutException: Message: \nStacktrace:\n#0 0x55fcc9fc167a <unknown>\n#1 0x55fcc9a40566 <unknown>\n#2 0x55fcc9a9268d <unknown>\n#3 0x55fcc9a92921 <unknown>\n#4 0x55fcc9ae0e94 <unknown>\n#5 0x55fcc9ab865d <unknown>\n#6 0x55fcc9ade328 <unknown>\n#7 0x55fcc9ab8403 <unknown>\n#8 0x55fcc9a84b02 <unknown>\n#9 0x55fcc9a857c1 <unknown>\n#10 0x55fcc9f85448 <unknown>\n#11 0x55fcc9f892af <unknown>\n#12 0x55fcc9f6c8d9 <unknown>\n#13 0x55fcc9f89e55 <unknown>\n#14 0x55fcc9f5213f <unknown>\n#15 0x55fcc9fae4b8 <unknown>\n#16 0x55fcc9fae693 <unknown>\n#17 0x55fcc9fc0613 <unknown>\n#18 0x7fd57c29caa4 <unknown>\n#19 0x7fd57c329c6c <unknown>","statusTrace":"self = <test_header.TestHeader object at 0x7fcfcbfaf250>\ndriver = <selenium.webdriver.chrome.webdriver.WebDriver (session=\"cc5b8a5d0fc98241a321dbd58775566d\")>\n\n    @allure.title('TC 01.02.05 display and interactivity of the cart icon')\n    def test_tc_01_02_05_display_and_interactivity_of_the_cart_icon(self, driver):\n        \"\"\"Check hovering over the shopping cart icon changes the cursor to a \"hand,\" indicating that the cart is a \\\n        clickable element, click on it and the message \"You have no items in your shopping cart.\" appears\"\"\"\n        page = HeaderPage(driver, MAIN_PAGE_URL)\n        page.open()\n>       assert \"pointer\" in page.check_element_hover_style(page.header_locators.CART_ICON, 'cursor', 2), \\\n            \"Failed: The cursor does not change to a 'hand' when hovering over the cart icon\"\n\ntests/test_header.py:92: \n_ _ _ _ _ _ _ _ _ _ _ _ _ _ _ _ _ _ _ _ _ _ _ _ _ _ _ _ _ _ _ _ _ _ _ _ _ _ _ _ \npages/base_page.py:121: in check_element_hover_style\n    element = self.element_is_visible(locator)  # Get the WebElement using locator\npages/base_page.py:30: in element_is_visible\n    self.go_to_element(self.element_is_present(locator))\npages/base_page.py:51: in element_is_present\n    return wait(self.driver, timeout).until(EC.presence_of_element_located(locator))\n_ _ _ _ _ _ _ _ _ _ _ _ _ _ _ _ _ _ _ _ _ _ _ _ _ _ _ _ _ _ _ _ _ _ _ _ _ _ _ _ \n\nself = <selenium.webdriver.support.wait.WebDriverWait (session=\"cc5b8a5d0fc98241a321dbd58775566d\")>\nmethod = <function presence_of_element_located.<locals>._predicate at 0x7fcfcdb06ac0>\nmessage = ''\n\n    def until(self, method, message: str = \"\"):\n        \"\"\"Calls the method provided with the driver as an argument until the \\\n        return value does not evaluate to ``False``.\n    \n        :param method: callable(WebDriver)\n        :param message: optional message for :exc:`TimeoutException`\n        :returns: the result of the last call to `method`\n        :raises: :exc:`selenium.common.exceptions.TimeoutException` if timeout occurs\n        \"\"\"\n        screen = None\n        stacktrace = None\n    \n        end_time = time.monotonic() + self._timeout\n        while True:\n            try:\n                value = method(self._driver)\n                if value:\n                    return value\n            except self._ignored_exceptions as exc:\n                screen = getattr(exc, \"screen\", None)\n                stacktrace = getattr(exc, \"stacktrace\", None)\n            time.sleep(self._poll)\n            if time.monotonic() > end_time:\n                break\n>       raise TimeoutException(message, screen, stacktrace)\nE       selenium.common.exceptions.TimeoutException: Message: \nE       Stacktrace:\nE       #0 0x55fcc9fc167a <unknown>\nE       #1 0x55fcc9a40566 <unknown>\nE       #2 0x55fcc9a9268d <unknown>\nE       #3 0x55fcc9a92921 <unknown>\nE       #4 0x55fcc9ae0e94 <unknown>\nE       #5 0x55fcc9ab865d <unknown>\nE       #6 0x55fcc9ade328 <unknown>\nE       #7 0x55fcc9ab8403 <unknown>\nE       #8 0x55fcc9a84b02 <unknown>\nE       #9 0x55fcc9a857c1 <unknown>\nE       #10 0x55fcc9f85448 <unknown>\nE       #11 0x55fcc9f892af <unknown>\nE       #12 0x55fcc9f6c8d9 <unknown>\nE       #13 0x55fcc9f89e55 <unknown>\nE       #14 0x55fcc9f5213f <unknown>\nE       #15 0x55fcc9fae4b8 <unknown>\nE       #16 0x55fcc9fae693 <unknown>\nE       #17 0x55fcc9fc0613 <unknown>\nE       #18 0x7fd57c29caa4 <unknown>\nE       #19 0x7fd57c329c6c <unknown>\n\n/opt/hostedtoolcache/Python/3.11.14/x64/lib/python3.11/site-packages/selenium/webdriver/support/wait.py:95: TimeoutException","flaky":false,"newFailed":false,"newBroken":false,"newPassed":false,"retriesCount":0,"retriesStatusChange":false,"beforeStages":[{"name":"_session_faker","time":{"start":1760836967311,"stop":1760836967372,"duration":61},"status":"passed","steps":[],"attachments":[],"parameters":[],"stepsCount":0,"shouldDisplayMessage":false,"attachmentsCount":0,"hasContent":false,"attachmentStep":false},{"name":"clear_allure_result_folder","time":{"start":1760836967372,"stop":1760836967372,"duration":0},"status":"passed","steps":[],"attachments":[],"parameters":[],"stepsCount":0,"shouldDisplayMessage":false,"attachmentsCount":0,"hasContent":false,"attachmentStep":false},{"name":"driver","time":{"start":1760837604782,"stop":1760837606024,"duration":1242},"status":"passed","steps":[],"attachments":[],"parameters":[],"stepsCount":0,"shouldDisplayMessage":false,"attachmentsCount":0,"hasContent":false,"attachmentStep":false}],"testStage":{"description":"Check hovering over the shopping cart icon changes the cursor to a \"hand,\" indicating that the cart is a         clickable element, click on it and the message \"You have no items in your shopping cart.\" appears","status":"broken","statusMessage":"selenium.common.exceptions.TimeoutException: Message: \nStacktrace:\n#0 0x55fcc9fc167a <unknown>\n#1 0x55fcc9a40566 <unknown>\n#2 0x55fcc9a9268d <unknown>\n#3 0x55fcc9a92921 <unknown>\n#4 0x55fcc9ae0e94 <unknown>\n#5 0x55fcc9ab865d <unknown>\n#6 0x55fcc9ade328 <unknown>\n#7 0x55fcc9ab8403 <unknown>\n#8 0x55fcc9a84b02 <unknown>\n#9 0x55fcc9a857c1 <unknown>\n#10 0x55fcc9f85448 <unknown>\n#11 0x55fcc9f892af <unknown>\n#12 0x55fcc9f6c8d9 <unknown>\n#13 0x55fcc9f89e55 <unknown>\n#14 0x55fcc9f5213f <unknown>\n#15 0x55fcc9fae4b8 <unknown>\n#16 0x55fcc9fae693 <unknown>\n#17 0x55fcc9fc0613 <unknown>\n#18 0x7fd57c29caa4 <unknown>\n#19 0x7fd57c329c6c <unknown>","statusTrace":"self = <test_header.TestHeader object at 0x7fcfcbfaf250>\ndriver = <selenium.webdriver.chrome.webdriver.WebDriver (session=\"cc5b8a5d0fc98241a321dbd58775566d\")>\n\n    @allure.title('TC 01.02.05 display and interactivity of the cart icon')\n    def test_tc_01_02_05_display_and_interactivity_of_the_cart_icon(self, driver):\n        \"\"\"Check hovering over the shopping cart icon changes the cursor to a \"hand,\" indicating that the cart is a \\\n        clickable element, click on it and the message \"You have no items in your shopping cart.\" appears\"\"\"\n        page = HeaderPage(driver, MAIN_PAGE_URL)\n        page.open()\n>       assert \"pointer\" in page.check_element_hover_style(page.header_locators.CART_ICON, 'cursor', 2), \\\n            \"Failed: The cursor does not change to a 'hand' when hovering over the cart icon\"\n\ntests/test_header.py:92: \n_ _ _ _ _ _ _ _ _ _ _ _ _ _ _ _ _ _ _ _ _ _ _ _ _ _ _ _ _ _ _ _ _ _ _ _ _ _ _ _ \npages/base_page.py:121: in check_element_hover_style\n    element = self.element_is_visible(locator)  # Get the WebElement using locator\npages/base_page.py:30: in element_is_visible\n    self.go_to_element(self.element_is_present(locator))\npages/base_page.py:51: in element_is_present\n    return wait(self.driver, timeout).until(EC.presence_of_element_located(locator))\n_ _ _ _ _ _ _ _ _ _ _ _ _ _ _ _ _ _ _ _ _ _ _ _ _ _ _ _ _ _ _ _ _ _ _ _ _ _ _ _ \n\nself = <selenium.webdriver.support.wait.WebDriverWait (session=\"cc5b8a5d0fc98241a321dbd58775566d\")>\nmethod = <function presence_of_element_located.<locals>._predicate at 0x7fcfcdb06ac0>\nmessage = ''\n\n    def until(self, method, message: str = \"\"):\n        \"\"\"Calls the method provided with the driver as an argument until the \\\n        return value does not evaluate to ``False``.\n    \n        :param method: callable(WebDriver)\n        :param message: optional message for :exc:`TimeoutException`\n        :returns: the result of the last call to `method`\n        :raises: :exc:`selenium.common.exceptions.TimeoutException` if timeout occurs\n        \"\"\"\n        screen = None\n        stacktrace = None\n    \n        end_time = time.monotonic() + self._timeout\n        while True:\n            try:\n                value = method(self._driver)\n                if value:\n                    return value\n            except self._ignored_exceptions as exc:\n                screen = getattr(exc, \"screen\", None)\n                stacktrace = getattr(exc, \"stacktrace\", None)\n            time.sleep(self._poll)\n            if time.monotonic() > end_time:\n                break\n>       raise TimeoutException(message, screen, stacktrace)\nE       selenium.common.exceptions.TimeoutException: Message: \nE       Stacktrace:\nE       #0 0x55fcc9fc167a <unknown>\nE       #1 0x55fcc9a40566 <unknown>\nE       #2 0x55fcc9a9268d <unknown>\nE       #3 0x55fcc9a92921 <unknown>\nE       #4 0x55fcc9ae0e94 <unknown>\nE       #5 0x55fcc9ab865d <unknown>\nE       #6 0x55fcc9ade328 <unknown>\nE       #7 0x55fcc9ab8403 <unknown>\nE       #8 0x55fcc9a84b02 <unknown>\nE       #9 0x55fcc9a857c1 <unknown>\nE       #10 0x55fcc9f85448 <unknown>\nE       #11 0x55fcc9f892af <unknown>\nE       #12 0x55fcc9f6c8d9 <unknown>\nE       #13 0x55fcc9f89e55 <unknown>\nE       #14 0x55fcc9f5213f <unknown>\nE       #15 0x55fcc9fae4b8 <unknown>\nE       #16 0x55fcc9fae693 <unknown>\nE       #17 0x55fcc9fc0613 <unknown>\nE       #18 0x7fd57c29caa4 <unknown>\nE       #19 0x7fd57c329c6c <unknown>\n\n/opt/hostedtoolcache/Python/3.11.14/x64/lib/python3.11/site-packages/selenium/webdriver/support/wait.py:95: TimeoutException","steps":[{"name":"Open a browser","time":{"start":1760837606024,"stop":1760837606283,"duration":259},"status":"passed","steps":[],"attachments":[],"parameters":[],"stepsCount":0,"shouldDisplayMessage":false,"attachmentsCount":0,"hasContent":false,"attachmentStep":false},{"name":"Check element hover style","time":{"start":1760837606283,"stop":1760837611382,"duration":5099},"status":"broken","statusMessage":"selenium.common.exceptions.TimeoutException: Message: \nStacktrace:\n#0 0x55fcc9fc167a <unknown>\n#1 0x55fcc9a40566 <unknown>\n#2 0x55fcc9a9268d <unknown>\n#3 0x55fcc9a92921 <unknown>\n#4 0x55fcc9ae0e94 <unknown>\n#5 0x55fcc9ab865d <unknown>\n#6 0x55fcc9ade328 <unknown>\n#7 0x55fcc9ab8403 <unknown>\n#8 0x55fcc9a84b02 <unknown>\n#9 0x55fcc9a857c1 <unknown>\n#10 0x55fcc9f85448 <unknown>\n#11 0x55fcc9f892af <unknown>\n#12 0x55fcc9f6c8d9 <unknown>\n#13 0x55fcc9f89e55 <unknown>\n#14 0x55fcc9f5213f <unknown>\n#15 0x55fcc9fae4b8 <unknown>\n#16 0x55fcc9fae693 <unknown>\n#17 0x55fcc9fc0613 <unknown>\n#18 0x7fd57c29caa4 <unknown>\n#19 0x7fd57c329c6c <unknown>\n\n","statusTrace":"  File \"/opt/hostedtoolcache/Python/3.11.14/x64/lib/python3.11/site-packages/allure_commons/_allure.py\", line 192, in impl\n    return func(*a, **kw)\n           ^^^^^^^^^^^^^^\n  File \"/home/runner/work/luma_project/luma_project/pages/base_page.py\", line 121, in check_element_hover_style\n    element = self.element_is_visible(locator)  # Get the WebElement using locator\n              ^^^^^^^^^^^^^^^^^^^^^^^^^^^^^^^^\n  File \"/opt/hostedtoolcache/Python/3.11.14/x64/lib/python3.11/site-packages/allure_commons/_allure.py\", line 192, in impl\n    return func(*a, **kw)\n           ^^^^^^^^^^^^^^\n  File \"/home/runner/work/luma_project/luma_project/pages/base_page.py\", line 30, in element_is_visible\n    self.go_to_element(self.element_is_present(locator))\n                       ^^^^^^^^^^^^^^^^^^^^^^^^^^^^^^^^\n  File \"/opt/hostedtoolcache/Python/3.11.14/x64/lib/python3.11/site-packages/allure_commons/_allure.py\", line 192, in impl\n    return func(*a, **kw)\n           ^^^^^^^^^^^^^^\n  File \"/home/runner/work/luma_project/luma_project/pages/base_page.py\", line 51, in element_is_present\n    return wait(self.driver, timeout).until(EC.presence_of_element_located(locator))\n           ^^^^^^^^^^^^^^^^^^^^^^^^^^^^^^^^^^^^^^^^^^^^^^^^^^^^^^^^^^^^^^^^^^^^^^^^^\n  File \"/opt/hostedtoolcache/Python/3.11.14/x64/lib/python3.11/site-packages/selenium/webdriver/support/wait.py\", line 95, in until\n    raise TimeoutException(message, screen, stacktrace)\n","steps":[{"name":"Find a visible element","time":{"start":1760837606283,"stop":1760837611381,"duration":5098},"status":"broken","statusMessage":"selenium.common.exceptions.TimeoutException: Message: \nStacktrace:\n#0 0x55fcc9fc167a <unknown>\n#1 0x55fcc9a40566 <unknown>\n#2 0x55fcc9a9268d <unknown>\n#3 0x55fcc9a92921 <unknown>\n#4 0x55fcc9ae0e94 <unknown>\n#5 0x55fcc9ab865d <unknown>\n#6 0x55fcc9ade328 <unknown>\n#7 0x55fcc9ab8403 <unknown>\n#8 0x55fcc9a84b02 <unknown>\n#9 0x55fcc9a857c1 <unknown>\n#10 0x55fcc9f85448 <unknown>\n#11 0x55fcc9f892af <unknown>\n#12 0x55fcc9f6c8d9 <unknown>\n#13 0x55fcc9f89e55 <unknown>\n#14 0x55fcc9f5213f <unknown>\n#15 0x55fcc9fae4b8 <unknown>\n#16 0x55fcc9fae693 <unknown>\n#17 0x55fcc9fc0613 <unknown>\n#18 0x7fd57c29caa4 <unknown>\n#19 0x7fd57c329c6c <unknown>\n\n","statusTrace":"  File \"/opt/hostedtoolcache/Python/3.11.14/x64/lib/python3.11/site-packages/allure_commons/_allure.py\", line 192, in impl\n    return func(*a, **kw)\n           ^^^^^^^^^^^^^^\n  File \"/home/runner/work/luma_project/luma_project/pages/base_page.py\", line 30, in element_is_visible\n    self.go_to_element(self.element_is_present(locator))\n                       ^^^^^^^^^^^^^^^^^^^^^^^^^^^^^^^^\n  File \"/opt/hostedtoolcache/Python/3.11.14/x64/lib/python3.11/site-packages/allure_commons/_allure.py\", line 192, in impl\n    return func(*a, **kw)\n           ^^^^^^^^^^^^^^\n  File \"/home/runner/work/luma_project/luma_project/pages/base_page.py\", line 51, in element_is_present\n    return wait(self.driver, timeout).until(EC.presence_of_element_located(locator))\n           ^^^^^^^^^^^^^^^^^^^^^^^^^^^^^^^^^^^^^^^^^^^^^^^^^^^^^^^^^^^^^^^^^^^^^^^^^\n  File \"/opt/hostedtoolcache/Python/3.11.14/x64/lib/python3.11/site-packages/selenium/webdriver/support/wait.py\", line 95, in until\n    raise TimeoutException(message, screen, stacktrace)\n","steps":[{"name":"Find a present element","time":{"start":1760837606284,"stop":1760837611381,"duration":5097},"status":"broken","statusMessage":"selenium.common.exceptions.TimeoutException: Message: \nStacktrace:\n#0 0x55fcc9fc167a <unknown>\n#1 0x55fcc9a40566 <unknown>\n#2 0x55fcc9a9268d <unknown>\n#3 0x55fcc9a92921 <unknown>\n#4 0x55fcc9ae0e94 <unknown>\n#5 0x55fcc9ab865d <unknown>\n#6 0x55fcc9ade328 <unknown>\n#7 0x55fcc9ab8403 <unknown>\n#8 0x55fcc9a84b02 <unknown>\n#9 0x55fcc9a857c1 <unknown>\n#10 0x55fcc9f85448 <unknown>\n#11 0x55fcc9f892af <unknown>\n#12 0x55fcc9f6c8d9 <unknown>\n#13 0x55fcc9f89e55 <unknown>\n#14 0x55fcc9f5213f <unknown>\n#15 0x55fcc9fae4b8 <unknown>\n#16 0x55fcc9fae693 <unknown>\n#17 0x55fcc9fc0613 <unknown>\n#18 0x7fd57c29caa4 <unknown>\n#19 0x7fd57c329c6c <unknown>\n\n","statusTrace":"  File \"/opt/hostedtoolcache/Python/3.11.14/x64/lib/python3.11/site-packages/allure_commons/_allure.py\", line 192, in impl\n    return func(*a, **kw)\n           ^^^^^^^^^^^^^^\n  File \"/home/runner/work/luma_project/luma_project/pages/base_page.py\", line 51, in element_is_present\n    return wait(self.driver, timeout).until(EC.presence_of_element_located(locator))\n           ^^^^^^^^^^^^^^^^^^^^^^^^^^^^^^^^^^^^^^^^^^^^^^^^^^^^^^^^^^^^^^^^^^^^^^^^^\n  File \"/opt/hostedtoolcache/Python/3.11.14/x64/lib/python3.11/site-packages/selenium/webdriver/support/wait.py\", line 95, in until\n    raise TimeoutException(message, screen, stacktrace)\n","steps":[],"attachments":[],"parameters":[{"name":"locator","value":"('xpath', \"//a[@class='action showcart']\")"},{"name":"timeout","value":"5"}],"stepsCount":0,"shouldDisplayMessage":true,"attachmentsCount":0,"hasContent":true,"attachmentStep":false}],"attachments":[],"parameters":[{"name":"locator","value":"('xpath', \"//a[@class='action showcart']\")"},{"name":"timeout","value":"10"}],"stepsCount":1,"shouldDisplayMessage":false,"attachmentsCount":0,"hasContent":true,"attachmentStep":false}],"attachments":[],"parameters":[{"name":"locator","value":"('xpath', \"//a[@class='action showcart']\")"},{"name":"css_property","value":"'cursor'"},{"name":"seconds","value":"2"}],"stepsCount":2,"shouldDisplayMessage":false,"attachmentsCount":0,"hasContent":true,"attachmentStep":false}],"attachments":[{"uid":"66f11214a0a877a5","name":"Screenshot","source":"66f11214a0a877a5.png","type":"image/png","size":23875},{"uid":"5e0cba1cf0710624","name":"HTML source","source":"5e0cba1cf0710624.html","type":"text/html","size":786}],"parameters":[],"stepsCount":4,"shouldDisplayMessage":true,"attachmentsCount":2,"hasContent":true,"attachmentStep":false},"afterStages":[{"name":"driver::0","time":{"start":1760837611468,"stop":1760837611527,"duration":59},"status":"passed","steps":[],"attachments":[],"parameters":[],"stepsCount":0,"shouldDisplayMessage":false,"attachmentsCount":0,"hasContent":false,"attachmentStep":false},{"name":"clear_allure_result_folder::0","time":{"start":1760839387599,"stop":1760839387599,"duration":0},"status":"passed","steps":[],"attachments":[],"parameters":[],"stepsCount":0,"shouldDisplayMessage":false,"attachmentsCount":0,"hasContent":false,"attachmentStep":false}],"labels":[{"name":"epic","value":"Test Header"},{"name":"parentSuite","value":"tests"},{"name":"suite","value":"test_header"},{"name":"subSuite","value":"TestHeader"},{"name":"host","value":"runnervmzdgdc"},{"name":"thread","value":"2942-MainThread"},{"name":"framework","value":"pytest"},{"name":"language","value":"cpython3"},{"name":"package","value":"tests.test_header"},{"name":"resultFormat","value":"allure2"}],"parameters":[],"links":[],"hidden":false,"retry":false,"extra":{"severity":"normal","retries":[],"categories":[{"name":"Test defects","matchedStatuses":[],"flaky":false}],"tags":[]},"source":"814e0e9b54c95ed5.json","parameterValues":[]}