{"uid":"872407293faf394b","name":"TC 03.01.16 Verify Forgot Your Password link is present","fullName":"tests.test_sign_in.TestRegisteredCustomers#test_03_01_16_verify_forgot_your_password_link_is_present","historyId":"6c7a7f9bceba6f9a82fd7e4cba73a3e1","time":{"start":1760839073823,"stop":1760839078920,"duration":5097},"description":"Verify that the 'Forgot your password?' link is present","descriptionHtml":"<p>Verify that the 'Forgot your password?' link is present</p>\n","status":"broken","statusMessage":"selenium.common.exceptions.TimeoutException: Message: \nStacktrace:\n#0 0x556d2d8f667a <unknown>\n#1 0x556d2d375566 <unknown>\n#2 0x556d2d3c768d <unknown>\n#3 0x556d2d3c7921 <unknown>\n#4 0x556d2d415e94 <unknown>\n#5 0x556d2d3ed65d <unknown>\n#6 0x556d2d413328 <unknown>\n#7 0x556d2d3ed403 <unknown>\n#8 0x556d2d3b9b02 <unknown>\n#9 0x556d2d3ba7c1 <unknown>\n#10 0x556d2d8ba448 <unknown>\n#11 0x556d2d8be2af <unknown>\n#12 0x556d2d8a18d9 <unknown>\n#13 0x556d2d8bee55 <unknown>\n#14 0x556d2d88713f <unknown>\n#15 0x556d2d8e34b8 <unknown>\n#16 0x556d2d8e3693 <unknown>\n#17 0x556d2d8f5613 <unknown>\n#18 0x7fc86129caa4 <unknown>\n#19 0x7fc861329c6c <unknown>","statusTrace":"self = <test_sign_in.TestRegisteredCustomers object at 0x7fcfcbf43cd0>\ndriver = <selenium.webdriver.chrome.webdriver.WebDriver (session=\"2e7b5e5a98af5939ce6d463221fb44b6\")>\nsign_in_page = <pages.sign_in_page.SignInPage object at 0x7fcfcd391610>\n\n    @allure.title('TC 03.01.16 Verify Forgot Your Password link is present')\n    @allure.severity(allure.severity_level.NORMAL)\n    def test_03_01_16_verify_forgot_your_password_link_is_present(self, driver, sign_in_page):\n        \"\"\"Verify that the 'Forgot your password?' link is present\"\"\"\n>       element = sign_in_page.check_forgot_your_password_link()\n\ntests/test_sign_in.py:152: \n_ _ _ _ _ _ _ _ _ _ _ _ _ _ _ _ _ _ _ _ _ _ _ _ _ _ _ _ _ _ _ _ _ _ _ _ _ _ _ _ \npages/sign_in_page.py:117: in check_forgot_your_password_link\n    return self.element_is_visible(self.locators.FORGOT_PASSWORD_LINK)\npages/base_page.py:30: in element_is_visible\n    self.go_to_element(self.element_is_present(locator))\npages/base_page.py:51: in element_is_present\n    return wait(self.driver, timeout).until(EC.presence_of_element_located(locator))\n_ _ _ _ _ _ _ _ _ _ _ _ _ _ _ _ _ _ _ _ _ _ _ _ _ _ _ _ _ _ _ _ _ _ _ _ _ _ _ _ \n\nself = <selenium.webdriver.support.wait.WebDriverWait (session=\"2e7b5e5a98af5939ce6d463221fb44b6\")>\nmethod = <function presence_of_element_located.<locals>._predicate at 0x7fcfcd2494e0>\nmessage = ''\n\n    def until(self, method, message: str = \"\"):\n        \"\"\"Calls the method provided with the driver as an argument until the \\\n        return value does not evaluate to ``False``.\n    \n        :param method: callable(WebDriver)\n        :param message: optional message for :exc:`TimeoutException`\n        :returns: the result of the last call to `method`\n        :raises: :exc:`selenium.common.exceptions.TimeoutException` if timeout occurs\n        \"\"\"\n        screen = None\n        stacktrace = None\n    \n        end_time = time.monotonic() + self._timeout\n        while True:\n            try:\n                value = method(self._driver)\n                if value:\n                    return value\n            except self._ignored_exceptions as exc:\n                screen = getattr(exc, \"screen\", None)\n                stacktrace = getattr(exc, \"stacktrace\", None)\n            time.sleep(self._poll)\n            if time.monotonic() > end_time:\n                break\n>       raise TimeoutException(message, screen, stacktrace)\nE       selenium.common.exceptions.TimeoutException: Message: \nE       Stacktrace:\nE       #0 0x556d2d8f667a <unknown>\nE       #1 0x556d2d375566 <unknown>\nE       #2 0x556d2d3c768d <unknown>\nE       #3 0x556d2d3c7921 <unknown>\nE       #4 0x556d2d415e94 <unknown>\nE       #5 0x556d2d3ed65d <unknown>\nE       #6 0x556d2d413328 <unknown>\nE       #7 0x556d2d3ed403 <unknown>\nE       #8 0x556d2d3b9b02 <unknown>\nE       #9 0x556d2d3ba7c1 <unknown>\nE       #10 0x556d2d8ba448 <unknown>\nE       #11 0x556d2d8be2af <unknown>\nE       #12 0x556d2d8a18d9 <unknown>\nE       #13 0x556d2d8bee55 <unknown>\nE       #14 0x556d2d88713f <unknown>\nE       #15 0x556d2d8e34b8 <unknown>\nE       #16 0x556d2d8e3693 <unknown>\nE       #17 0x556d2d8f5613 <unknown>\nE       #18 0x7fc86129caa4 <unknown>\nE       #19 0x7fc861329c6c <unknown>\n\n/opt/hostedtoolcache/Python/3.11.14/x64/lib/python3.11/site-packages/selenium/webdriver/support/wait.py:95: TimeoutException","flaky":false,"newFailed":false,"newBroken":false,"newPassed":false,"retriesCount":0,"retriesStatusChange":false,"beforeStages":[{"name":"_session_faker","time":{"start":1760836967311,"stop":1760836967372,"duration":61},"status":"passed","steps":[],"attachments":[],"parameters":[],"stepsCount":0,"shouldDisplayMessage":false,"attachmentsCount":0,"hasContent":false,"attachmentStep":false},{"name":"clear_allure_result_folder","time":{"start":1760836967372,"stop":1760836967372,"duration":0},"status":"passed","steps":[],"attachments":[],"parameters":[],"stepsCount":0,"shouldDisplayMessage":false,"attachmentsCount":0,"hasContent":false,"attachmentStep":false},{"name":"driver","time":{"start":1760839072383,"stop":1760839073634,"duration":1251},"status":"passed","steps":[],"attachments":[],"parameters":[],"stepsCount":0,"shouldDisplayMessage":false,"attachmentsCount":0,"hasContent":false,"attachmentStep":false},{"name":"sign_in_page","time":{"start":1760839073634,"stop":1760839073823,"duration":189},"status":"passed","steps":[{"name":"Open a browser","time":{"start":1760839073634,"stop":1760839073823,"duration":189},"status":"passed","steps":[],"attachments":[],"parameters":[],"stepsCount":0,"shouldDisplayMessage":false,"attachmentsCount":0,"hasContent":false,"attachmentStep":false}],"attachments":[],"parameters":[],"stepsCount":1,"shouldDisplayMessage":false,"attachmentsCount":0,"hasContent":true,"attachmentStep":false}],"testStage":{"description":"Verify that the 'Forgot your password?' link is present","status":"broken","statusMessage":"selenium.common.exceptions.TimeoutException: Message: \nStacktrace:\n#0 0x556d2d8f667a <unknown>\n#1 0x556d2d375566 <unknown>\n#2 0x556d2d3c768d <unknown>\n#3 0x556d2d3c7921 <unknown>\n#4 0x556d2d415e94 <unknown>\n#5 0x556d2d3ed65d <unknown>\n#6 0x556d2d413328 <unknown>\n#7 0x556d2d3ed403 <unknown>\n#8 0x556d2d3b9b02 <unknown>\n#9 0x556d2d3ba7c1 <unknown>\n#10 0x556d2d8ba448 <unknown>\n#11 0x556d2d8be2af <unknown>\n#12 0x556d2d8a18d9 <unknown>\n#13 0x556d2d8bee55 <unknown>\n#14 0x556d2d88713f <unknown>\n#15 0x556d2d8e34b8 <unknown>\n#16 0x556d2d8e3693 <unknown>\n#17 0x556d2d8f5613 <unknown>\n#18 0x7fc86129caa4 <unknown>\n#19 0x7fc861329c6c <unknown>","statusTrace":"self = <test_sign_in.TestRegisteredCustomers object at 0x7fcfcbf43cd0>\ndriver = <selenium.webdriver.chrome.webdriver.WebDriver (session=\"2e7b5e5a98af5939ce6d463221fb44b6\")>\nsign_in_page = <pages.sign_in_page.SignInPage object at 0x7fcfcd391610>\n\n    @allure.title('TC 03.01.16 Verify Forgot Your Password link is present')\n    @allure.severity(allure.severity_level.NORMAL)\n    def test_03_01_16_verify_forgot_your_password_link_is_present(self, driver, sign_in_page):\n        \"\"\"Verify that the 'Forgot your password?' link is present\"\"\"\n>       element = sign_in_page.check_forgot_your_password_link()\n\ntests/test_sign_in.py:152: \n_ _ _ _ _ _ _ _ _ _ _ _ _ _ _ _ _ _ _ _ _ _ _ _ _ _ _ _ _ _ _ _ _ _ _ _ _ _ _ _ \npages/sign_in_page.py:117: in check_forgot_your_password_link\n    return self.element_is_visible(self.locators.FORGOT_PASSWORD_LINK)\npages/base_page.py:30: in element_is_visible\n    self.go_to_element(self.element_is_present(locator))\npages/base_page.py:51: in element_is_present\n    return wait(self.driver, timeout).until(EC.presence_of_element_located(locator))\n_ _ _ _ _ _ _ _ _ _ _ _ _ _ _ _ _ _ _ _ _ _ _ _ _ _ _ _ _ _ _ _ _ _ _ _ _ _ _ _ \n\nself = <selenium.webdriver.support.wait.WebDriverWait (session=\"2e7b5e5a98af5939ce6d463221fb44b6\")>\nmethod = <function presence_of_element_located.<locals>._predicate at 0x7fcfcd2494e0>\nmessage = ''\n\n    def until(self, method, message: str = \"\"):\n        \"\"\"Calls the method provided with the driver as an argument until the \\\n        return value does not evaluate to ``False``.\n    \n        :param method: callable(WebDriver)\n        :param message: optional message for :exc:`TimeoutException`\n        :returns: the result of the last call to `method`\n        :raises: :exc:`selenium.common.exceptions.TimeoutException` if timeout occurs\n        \"\"\"\n        screen = None\n        stacktrace = None\n    \n        end_time = time.monotonic() + self._timeout\n        while True:\n            try:\n                value = method(self._driver)\n                if value:\n                    return value\n            except self._ignored_exceptions as exc:\n                screen = getattr(exc, \"screen\", None)\n                stacktrace = getattr(exc, \"stacktrace\", None)\n            time.sleep(self._poll)\n            if time.monotonic() > end_time:\n                break\n>       raise TimeoutException(message, screen, stacktrace)\nE       selenium.common.exceptions.TimeoutException: Message: \nE       Stacktrace:\nE       #0 0x556d2d8f667a <unknown>\nE       #1 0x556d2d375566 <unknown>\nE       #2 0x556d2d3c768d <unknown>\nE       #3 0x556d2d3c7921 <unknown>\nE       #4 0x556d2d415e94 <unknown>\nE       #5 0x556d2d3ed65d <unknown>\nE       #6 0x556d2d413328 <unknown>\nE       #7 0x556d2d3ed403 <unknown>\nE       #8 0x556d2d3b9b02 <unknown>\nE       #9 0x556d2d3ba7c1 <unknown>\nE       #10 0x556d2d8ba448 <unknown>\nE       #11 0x556d2d8be2af <unknown>\nE       #12 0x556d2d8a18d9 <unknown>\nE       #13 0x556d2d8bee55 <unknown>\nE       #14 0x556d2d88713f <unknown>\nE       #15 0x556d2d8e34b8 <unknown>\nE       #16 0x556d2d8e3693 <unknown>\nE       #17 0x556d2d8f5613 <unknown>\nE       #18 0x7fc86129caa4 <unknown>\nE       #19 0x7fc861329c6c <unknown>\n\n/opt/hostedtoolcache/Python/3.11.14/x64/lib/python3.11/site-packages/selenium/webdriver/support/wait.py:95: TimeoutException","steps":[{"name":"Check Forgot Your Password_link","time":{"start":1760839073824,"stop":1760839078920,"duration":5096},"status":"broken","statusMessage":"selenium.common.exceptions.TimeoutException: Message: \nStacktrace:\n#0 0x556d2d8f667a <unknown>\n#1 0x556d2d375566 <unknown>\n#2 0x556d2d3c768d <unknown>\n#3 0x556d2d3c7921 <unknown>\n#4 0x556d2d415e94 <unknown>\n#5 0x556d2d3ed65d <unknown>\n#6 0x556d2d413328 <unknown>\n#7 0x556d2d3ed403 <unknown>\n#8 0x556d2d3b9b02 <unknown>\n#9 0x556d2d3ba7c1 <unknown>\n#10 0x556d2d8ba448 <unknown>\n#11 0x556d2d8be2af <unknown>\n#12 0x556d2d8a18d9 <unknown>\n#13 0x556d2d8bee55 <unknown>\n#14 0x556d2d88713f <unknown>\n#15 0x556d2d8e34b8 <unknown>\n#16 0x556d2d8e3693 <unknown>\n#17 0x556d2d8f5613 <unknown>\n#18 0x7fc86129caa4 <unknown>\n#19 0x7fc861329c6c <unknown>\n\n","statusTrace":"  File \"/opt/hostedtoolcache/Python/3.11.14/x64/lib/python3.11/site-packages/allure_commons/_allure.py\", line 192, in impl\n    return func(*a, **kw)\n           ^^^^^^^^^^^^^^\n  File \"/home/runner/work/luma_project/luma_project/pages/sign_in_page.py\", line 117, in check_forgot_your_password_link\n    return self.element_is_visible(self.locators.FORGOT_PASSWORD_LINK)\n           ^^^^^^^^^^^^^^^^^^^^^^^^^^^^^^^^^^^^^^^^^^^^^^^^^^^^^^^^^^^\n  File \"/opt/hostedtoolcache/Python/3.11.14/x64/lib/python3.11/site-packages/allure_commons/_allure.py\", line 192, in impl\n    return func(*a, **kw)\n           ^^^^^^^^^^^^^^\n  File \"/home/runner/work/luma_project/luma_project/pages/base_page.py\", line 30, in element_is_visible\n    self.go_to_element(self.element_is_present(locator))\n                       ^^^^^^^^^^^^^^^^^^^^^^^^^^^^^^^^\n  File \"/opt/hostedtoolcache/Python/3.11.14/x64/lib/python3.11/site-packages/allure_commons/_allure.py\", line 192, in impl\n    return func(*a, **kw)\n           ^^^^^^^^^^^^^^\n  File \"/home/runner/work/luma_project/luma_project/pages/base_page.py\", line 51, in element_is_present\n    return wait(self.driver, timeout).until(EC.presence_of_element_located(locator))\n           ^^^^^^^^^^^^^^^^^^^^^^^^^^^^^^^^^^^^^^^^^^^^^^^^^^^^^^^^^^^^^^^^^^^^^^^^^\n  File \"/opt/hostedtoolcache/Python/3.11.14/x64/lib/python3.11/site-packages/selenium/webdriver/support/wait.py\", line 95, in until\n    raise TimeoutException(message, screen, stacktrace)\n","steps":[{"name":"Find a visible element","time":{"start":1760839073824,"stop":1760839078920,"duration":5096},"status":"broken","statusMessage":"selenium.common.exceptions.TimeoutException: Message: \nStacktrace:\n#0 0x556d2d8f667a <unknown>\n#1 0x556d2d375566 <unknown>\n#2 0x556d2d3c768d <unknown>\n#3 0x556d2d3c7921 <unknown>\n#4 0x556d2d415e94 <unknown>\n#5 0x556d2d3ed65d <unknown>\n#6 0x556d2d413328 <unknown>\n#7 0x556d2d3ed403 <unknown>\n#8 0x556d2d3b9b02 <unknown>\n#9 0x556d2d3ba7c1 <unknown>\n#10 0x556d2d8ba448 <unknown>\n#11 0x556d2d8be2af <unknown>\n#12 0x556d2d8a18d9 <unknown>\n#13 0x556d2d8bee55 <unknown>\n#14 0x556d2d88713f <unknown>\n#15 0x556d2d8e34b8 <unknown>\n#16 0x556d2d8e3693 <unknown>\n#17 0x556d2d8f5613 <unknown>\n#18 0x7fc86129caa4 <unknown>\n#19 0x7fc861329c6c <unknown>\n\n","statusTrace":"  File \"/opt/hostedtoolcache/Python/3.11.14/x64/lib/python3.11/site-packages/allure_commons/_allure.py\", line 192, in impl\n    return func(*a, **kw)\n           ^^^^^^^^^^^^^^\n  File \"/home/runner/work/luma_project/luma_project/pages/base_page.py\", line 30, in element_is_visible\n    self.go_to_element(self.element_is_present(locator))\n                       ^^^^^^^^^^^^^^^^^^^^^^^^^^^^^^^^\n  File \"/opt/hostedtoolcache/Python/3.11.14/x64/lib/python3.11/site-packages/allure_commons/_allure.py\", line 192, in impl\n    return func(*a, **kw)\n           ^^^^^^^^^^^^^^\n  File \"/home/runner/work/luma_project/luma_project/pages/base_page.py\", line 51, in element_is_present\n    return wait(self.driver, timeout).until(EC.presence_of_element_located(locator))\n           ^^^^^^^^^^^^^^^^^^^^^^^^^^^^^^^^^^^^^^^^^^^^^^^^^^^^^^^^^^^^^^^^^^^^^^^^^\n  File \"/opt/hostedtoolcache/Python/3.11.14/x64/lib/python3.11/site-packages/selenium/webdriver/support/wait.py\", line 95, in until\n    raise TimeoutException(message, screen, stacktrace)\n","steps":[{"name":"Find a present element","time":{"start":1760839073824,"stop":1760839078919,"duration":5095},"status":"broken","statusMessage":"selenium.common.exceptions.TimeoutException: Message: \nStacktrace:\n#0 0x556d2d8f667a <unknown>\n#1 0x556d2d375566 <unknown>\n#2 0x556d2d3c768d <unknown>\n#3 0x556d2d3c7921 <unknown>\n#4 0x556d2d415e94 <unknown>\n#5 0x556d2d3ed65d <unknown>\n#6 0x556d2d413328 <unknown>\n#7 0x556d2d3ed403 <unknown>\n#8 0x556d2d3b9b02 <unknown>\n#9 0x556d2d3ba7c1 <unknown>\n#10 0x556d2d8ba448 <unknown>\n#11 0x556d2d8be2af <unknown>\n#12 0x556d2d8a18d9 <unknown>\n#13 0x556d2d8bee55 <unknown>\n#14 0x556d2d88713f <unknown>\n#15 0x556d2d8e34b8 <unknown>\n#16 0x556d2d8e3693 <unknown>\n#17 0x556d2d8f5613 <unknown>\n#18 0x7fc86129caa4 <unknown>\n#19 0x7fc861329c6c <unknown>\n\n","statusTrace":"  File \"/opt/hostedtoolcache/Python/3.11.14/x64/lib/python3.11/site-packages/allure_commons/_allure.py\", line 192, in impl\n    return func(*a, **kw)\n           ^^^^^^^^^^^^^^\n  File \"/home/runner/work/luma_project/luma_project/pages/base_page.py\", line 51, in element_is_present\n    return wait(self.driver, timeout).until(EC.presence_of_element_located(locator))\n           ^^^^^^^^^^^^^^^^^^^^^^^^^^^^^^^^^^^^^^^^^^^^^^^^^^^^^^^^^^^^^^^^^^^^^^^^^\n  File \"/opt/hostedtoolcache/Python/3.11.14/x64/lib/python3.11/site-packages/selenium/webdriver/support/wait.py\", line 95, in until\n    raise TimeoutException(message, screen, stacktrace)\n","steps":[],"attachments":[],"parameters":[{"name":"locator","value":"('xpath', '//*[@id=\"login-form\"]//a')"},{"name":"timeout","value":"5"}],"stepsCount":0,"shouldDisplayMessage":true,"attachmentsCount":0,"hasContent":true,"attachmentStep":false}],"attachments":[],"parameters":[{"name":"locator","value":"('xpath', '//*[@id=\"login-form\"]//a')"},{"name":"timeout","value":"10"}],"stepsCount":1,"shouldDisplayMessage":false,"attachmentsCount":0,"hasContent":true,"attachmentStep":false}],"attachments":[],"parameters":[],"stepsCount":2,"shouldDisplayMessage":false,"attachmentsCount":0,"hasContent":true,"attachmentStep":false}],"attachments":[{"uid":"c00ccea3ea8798cb","name":"Screenshot","source":"c00ccea3ea8798cb.png","type":"image/png","size":23875},{"uid":"43672b091bc334cf","name":"HTML source","source":"43672b091bc334cf.html","type":"text/html","size":786}],"parameters":[],"stepsCount":3,"shouldDisplayMessage":true,"attachmentsCount":2,"hasContent":true,"attachmentStep":false},"afterStages":[{"name":"driver::0","time":{"start":1760839078989,"stop":1760839079049,"duration":60},"status":"passed","steps":[],"attachments":[],"parameters":[],"stepsCount":0,"shouldDisplayMessage":false,"attachmentsCount":0,"hasContent":false,"attachmentStep":false},{"name":"clear_allure_result_folder::0","time":{"start":1760839387599,"stop":1760839387599,"duration":0},"status":"passed","steps":[],"attachments":[],"parameters":[],"stepsCount":0,"shouldDisplayMessage":false,"attachmentsCount":0,"hasContent":false,"attachmentStep":false}],"labels":[{"name":"feature","value":"Registered Customers"},{"name":"epic","value":"Sign In Page"},{"name":"severity","value":"normal"},{"name":"parentSuite","value":"tests"},{"name":"suite","value":"test_sign_in"},{"name":"subSuite","value":"TestRegisteredCustomers"},{"name":"host","value":"runnervmzdgdc"},{"name":"thread","value":"2942-MainThread"},{"name":"framework","value":"pytest"},{"name":"language","value":"cpython3"},{"name":"package","value":"tests.test_sign_in"},{"name":"resultFormat","value":"allure2"}],"parameters":[],"links":[],"hidden":false,"retry":false,"extra":{"severity":"normal","retries":[],"categories":[{"name":"Test defects","matchedStatuses":[],"flaky":false}],"tags":[]},"source":"872407293faf394b.json","parameterValues":[]}