{"uid":"22fd8e8205e5a457","name":"TC 10.01.02, 10.01.04, 10.01.06, 10.01.08, 10.01.10, 10.01.12 - Verify 6 links in Women's Deals section are visible and clickable","fullName":"tests.test_sale.TestSideMenuBarWomen#test_tc_10_01_02__04__06__08__10__12","historyId":"5cd3fbb208e8186717e5b5df0d79743b","time":{"start":1763257865918,"stop":1763257871022,"duration":5104},"description":"Check that six elements in Women's Deals section are displayed and enabled","descriptionHtml":"<p>Check that six elements in Women's Deals section are displayed and enabled</p>\n","status":"broken","statusMessage":"selenium.common.exceptions.TimeoutException: Message: \nStacktrace:\n#0 0x5564baa6932a <unknown>\n#1 0x5564ba4b5e4b <unknown>\n#2 0x5564ba50882b <unknown>\n#3 0x5564ba508a61 <unknown>\n#4 0x5564ba557a44 <unknown>\n#5 0x5564ba554df7 <unknown>\n#6 0x5564ba4fac1a <unknown>\n#7 0x5564ba4fb921 <unknown>\n#8 0x5564baa30239 <unknown>\n#9 0x5564baa331e8 <unknown>\n#10 0x5564baa194c9 <unknown>\n#11 0x5564baa33db5 <unknown>\n#12 0x5564baa00e93 <unknown>\n#13 0x5564baa56098 <unknown>\n#14 0x5564baa56273 <unknown>\n#15 0x5564baa682c3 <unknown>\n#16 0x7f0ff189caa4 <unknown>\n#17 0x7f0ff1929c6c <unknown>","statusTrace":"self = <test_sale.TestSalePage.TestSideMenuBarWomen object at 0x7f0e4da65c10>\nelement_locator = ('css selector', '.categories-menu > ul:nth-child(2) > li:nth-child(6) > a')\nsale_page = <pages.sale_page.SalePage object at 0x7f0e4f338810>\n\n    @allure.title(\"TC 10.01.02, 10.01.04, 10.01.06, 10.01.08, 10.01.10, 10.01.12 - \"\n                  \"Verify 6 links in Women's Deals section are visible and clickable\")\n    @pytest.mark.parametrize(\"element_locator\", SideBarLocators.WOMEN_DEALS_ELEMENTS.values())\n    def test_tc_10_01_02__04__06__08__10__12(self, element_locator, sale_page):\n        \"\"\"Check that six elements in Women's Deals section are displayed and enabled\"\"\"\n>       element_in_women_deals = sale_page.element_is_clickable(element_locator)\n\ntests/test_sale.py:36: \n_ _ _ _ _ _ _ _ _ _ _ _ _ _ _ _ _ _ _ _ _ _ _ _ _ _ _ _ _ _ _ _ _ _ _ _ _ _ _ _ \npages/base_page.py:81: in element_is_clickable\n    return wait(self.driver, timeout).until(EC.element_to_be_clickable(locator))\n_ _ _ _ _ _ _ _ _ _ _ _ _ _ _ _ _ _ _ _ _ _ _ _ _ _ _ _ _ _ _ _ _ _ _ _ _ _ _ _ \n\nself = <selenium.webdriver.support.wait.WebDriverWait (session=\"362205dd5584c3a8edb107c9074af616\")>\nmethod = <function element_to_be_clickable.<locals>._predicate at 0x7f0e4f211a80>\nmessage = ''\n\n    def until(self, method, message: str = \"\"):\n        \"\"\"Calls the method provided with the driver as an argument until the \\\n        return value does not evaluate to ``False``.\n    \n        :param method: callable(WebDriver)\n        :param message: optional message for :exc:`TimeoutException`\n        :returns: the result of the last call to `method`\n        :raises: :exc:`selenium.common.exceptions.TimeoutException` if timeout occurs\n        \"\"\"\n        screen = None\n        stacktrace = None\n    \n        end_time = time.monotonic() + self._timeout\n        while True:\n            try:\n                value = method(self._driver)\n                if value:\n                    return value\n            except self._ignored_exceptions as exc:\n                screen = getattr(exc, \"screen\", None)\n                stacktrace = getattr(exc, \"stacktrace\", None)\n            time.sleep(self._poll)\n            if time.monotonic() > end_time:\n                break\n>       raise TimeoutException(message, screen, stacktrace)\nE       selenium.common.exceptions.TimeoutException: Message: \nE       Stacktrace:\nE       #0 0x5564baa6932a <unknown>\nE       #1 0x5564ba4b5e4b <unknown>\nE       #2 0x5564ba50882b <unknown>\nE       #3 0x5564ba508a61 <unknown>\nE       #4 0x5564ba557a44 <unknown>\nE       #5 0x5564ba554df7 <unknown>\nE       #6 0x5564ba4fac1a <unknown>\nE       #7 0x5564ba4fb921 <unknown>\nE       #8 0x5564baa30239 <unknown>\nE       #9 0x5564baa331e8 <unknown>\nE       #10 0x5564baa194c9 <unknown>\nE       #11 0x5564baa33db5 <unknown>\nE       #12 0x5564baa00e93 <unknown>\nE       #13 0x5564baa56098 <unknown>\nE       #14 0x5564baa56273 <unknown>\nE       #15 0x5564baa682c3 <unknown>\nE       #16 0x7f0ff189caa4 <unknown>\nE       #17 0x7f0ff1929c6c <unknown>\n\n/opt/hostedtoolcache/Python/3.11.14/x64/lib/python3.11/site-packages/selenium/webdriver/support/wait.py:95: TimeoutException","flaky":false,"newFailed":false,"newBroken":false,"newPassed":false,"retriesCount":0,"retriesStatusChange":false,"beforeStages":[{"name":"_session_faker","time":{"start":1763256219968,"stop":1763256220031,"duration":63},"status":"passed","steps":[],"attachments":[],"parameters":[],"stepsCount":0,"shouldDisplayMessage":false,"attachmentsCount":0,"hasContent":false,"attachmentStep":false},{"name":"clear_allure_result_folder","time":{"start":1763256220031,"stop":1763256220031,"duration":0},"status":"passed","steps":[],"attachments":[],"parameters":[],"stepsCount":0,"shouldDisplayMessage":false,"attachmentsCount":0,"hasContent":false,"attachmentStep":false},{"name":"driver","time":{"start":1763257864346,"stop":1763257865598,"duration":1252},"status":"passed","steps":[],"attachments":[],"parameters":[],"stepsCount":0,"shouldDisplayMessage":false,"attachmentsCount":0,"hasContent":false,"attachmentStep":false},{"name":"sale_page","time":{"start":1763257865598,"stop":1763257865917,"duration":319},"status":"passed","steps":[{"name":"Open a browser","time":{"start":1763257865598,"stop":1763257865917,"duration":319},"status":"passed","steps":[],"attachments":[],"parameters":[],"stepsCount":0,"shouldDisplayMessage":false,"attachmentsCount":0,"hasContent":false,"attachmentStep":false}],"attachments":[],"parameters":[],"stepsCount":1,"shouldDisplayMessage":false,"attachmentsCount":0,"hasContent":true,"attachmentStep":false}],"testStage":{"description":"Check that six elements in Women's Deals section are displayed and enabled","status":"broken","statusMessage":"selenium.common.exceptions.TimeoutException: Message: \nStacktrace:\n#0 0x5564baa6932a <unknown>\n#1 0x5564ba4b5e4b <unknown>\n#2 0x5564ba50882b <unknown>\n#3 0x5564ba508a61 <unknown>\n#4 0x5564ba557a44 <unknown>\n#5 0x5564ba554df7 <unknown>\n#6 0x5564ba4fac1a <unknown>\n#7 0x5564ba4fb921 <unknown>\n#8 0x5564baa30239 <unknown>\n#9 0x5564baa331e8 <unknown>\n#10 0x5564baa194c9 <unknown>\n#11 0x5564baa33db5 <unknown>\n#12 0x5564baa00e93 <unknown>\n#13 0x5564baa56098 <unknown>\n#14 0x5564baa56273 <unknown>\n#15 0x5564baa682c3 <unknown>\n#16 0x7f0ff189caa4 <unknown>\n#17 0x7f0ff1929c6c <unknown>","statusTrace":"self = <test_sale.TestSalePage.TestSideMenuBarWomen object at 0x7f0e4da65c10>\nelement_locator = ('css selector', '.categories-menu > ul:nth-child(2) > li:nth-child(6) > a')\nsale_page = <pages.sale_page.SalePage object at 0x7f0e4f338810>\n\n    @allure.title(\"TC 10.01.02, 10.01.04, 10.01.06, 10.01.08, 10.01.10, 10.01.12 - \"\n                  \"Verify 6 links in Women's Deals section are visible and clickable\")\n    @pytest.mark.parametrize(\"element_locator\", SideBarLocators.WOMEN_DEALS_ELEMENTS.values())\n    def test_tc_10_01_02__04__06__08__10__12(self, element_locator, sale_page):\n        \"\"\"Check that six elements in Women's Deals section are displayed and enabled\"\"\"\n>       element_in_women_deals = sale_page.element_is_clickable(element_locator)\n\ntests/test_sale.py:36: \n_ _ _ _ _ _ _ _ _ _ _ _ _ _ _ _ _ _ _ _ _ _ _ _ _ _ _ _ _ _ _ _ _ _ _ _ _ _ _ _ \npages/base_page.py:81: in element_is_clickable\n    return wait(self.driver, timeout).until(EC.element_to_be_clickable(locator))\n_ _ _ _ _ _ _ _ _ _ _ _ _ _ _ _ _ _ _ _ _ _ _ _ _ _ _ _ _ _ _ _ _ _ _ _ _ _ _ _ \n\nself = <selenium.webdriver.support.wait.WebDriverWait (session=\"362205dd5584c3a8edb107c9074af616\")>\nmethod = <function element_to_be_clickable.<locals>._predicate at 0x7f0e4f211a80>\nmessage = ''\n\n    def until(self, method, message: str = \"\"):\n        \"\"\"Calls the method provided with the driver as an argument until the \\\n        return value does not evaluate to ``False``.\n    \n        :param method: callable(WebDriver)\n        :param message: optional message for :exc:`TimeoutException`\n        :returns: the result of the last call to `method`\n        :raises: :exc:`selenium.common.exceptions.TimeoutException` if timeout occurs\n        \"\"\"\n        screen = None\n        stacktrace = None\n    \n        end_time = time.monotonic() + self._timeout\n        while True:\n            try:\n                value = method(self._driver)\n                if value:\n                    return value\n            except self._ignored_exceptions as exc:\n                screen = getattr(exc, \"screen\", None)\n                stacktrace = getattr(exc, \"stacktrace\", None)\n            time.sleep(self._poll)\n            if time.monotonic() > end_time:\n                break\n>       raise TimeoutException(message, screen, stacktrace)\nE       selenium.common.exceptions.TimeoutException: Message: \nE       Stacktrace:\nE       #0 0x5564baa6932a <unknown>\nE       #1 0x5564ba4b5e4b <unknown>\nE       #2 0x5564ba50882b <unknown>\nE       #3 0x5564ba508a61 <unknown>\nE       #4 0x5564ba557a44 <unknown>\nE       #5 0x5564ba554df7 <unknown>\nE       #6 0x5564ba4fac1a <unknown>\nE       #7 0x5564ba4fb921 <unknown>\nE       #8 0x5564baa30239 <unknown>\nE       #9 0x5564baa331e8 <unknown>\nE       #10 0x5564baa194c9 <unknown>\nE       #11 0x5564baa33db5 <unknown>\nE       #12 0x5564baa00e93 <unknown>\nE       #13 0x5564baa56098 <unknown>\nE       #14 0x5564baa56273 <unknown>\nE       #15 0x5564baa682c3 <unknown>\nE       #16 0x7f0ff189caa4 <unknown>\nE       #17 0x7f0ff1929c6c <unknown>\n\n/opt/hostedtoolcache/Python/3.11.14/x64/lib/python3.11/site-packages/selenium/webdriver/support/wait.py:95: TimeoutException","steps":[{"name":"Find clickable elements","time":{"start":1763257865918,"stop":1763257871021,"duration":5103},"status":"broken","statusMessage":"selenium.common.exceptions.TimeoutException: Message: \nStacktrace:\n#0 0x5564baa6932a <unknown>\n#1 0x5564ba4b5e4b <unknown>\n#2 0x5564ba50882b <unknown>\n#3 0x5564ba508a61 <unknown>\n#4 0x5564ba557a44 <unknown>\n#5 0x5564ba554df7 <unknown>\n#6 0x5564ba4fac1a <unknown>\n#7 0x5564ba4fb921 <unknown>\n#8 0x5564baa30239 <unknown>\n#9 0x5564baa331e8 <unknown>\n#10 0x5564baa194c9 <unknown>\n#11 0x5564baa33db5 <unknown>\n#12 0x5564baa00e93 <unknown>\n#13 0x5564baa56098 <unknown>\n#14 0x5564baa56273 <unknown>\n#15 0x5564baa682c3 <unknown>\n#16 0x7f0ff189caa4 <unknown>\n#17 0x7f0ff1929c6c <unknown>\n\n","statusTrace":"  File \"/opt/hostedtoolcache/Python/3.11.14/x64/lib/python3.11/site-packages/allure_commons/_allure.py\", line 192, in impl\n    return func(*a, **kw)\n           ^^^^^^^^^^^^^^\n  File \"/home/runner/work/luma_project/luma_project/pages/base_page.py\", line 81, in element_is_clickable\n    return wait(self.driver, timeout).until(EC.element_to_be_clickable(locator))\n           ^^^^^^^^^^^^^^^^^^^^^^^^^^^^^^^^^^^^^^^^^^^^^^^^^^^^^^^^^^^^^^^^^^^^^\n  File \"/opt/hostedtoolcache/Python/3.11.14/x64/lib/python3.11/site-packages/selenium/webdriver/support/wait.py\", line 95, in until\n    raise TimeoutException(message, screen, stacktrace)\n","steps":[],"attachments":[],"parameters":[{"name":"locator","value":"('css selector', '.categories-menu > ul:nth-child(2) > li:nth-child(6) > a')"},{"name":"timeout","value":"5"}],"stepsCount":0,"shouldDisplayMessage":true,"attachmentsCount":0,"hasContent":true,"attachmentStep":false}],"attachments":[{"uid":"3f5dffde460abaf2","name":"Screenshot","source":"3f5dffde460abaf2.png","type":"image/png","size":23875},{"uid":"6232d85fca1b459c","name":"HTML source","source":"6232d85fca1b459c.html","type":"text/html","size":1433}],"parameters":[],"stepsCount":1,"shouldDisplayMessage":true,"attachmentsCount":2,"hasContent":true,"attachmentStep":false},"afterStages":[{"name":"driver::0","time":{"start":1763257871083,"stop":1763257871145,"duration":62},"status":"passed","steps":[],"attachments":[],"parameters":[],"stepsCount":0,"shouldDisplayMessage":false,"attachmentsCount":0,"hasContent":false,"attachmentStep":false},{"name":"clear_allure_result_folder::0","time":{"start":1763258694228,"stop":1763258694228,"duration":0},"status":"passed","steps":[],"attachments":[],"parameters":[],"stepsCount":0,"shouldDisplayMessage":false,"attachmentsCount":0,"hasContent":false,"attachmentStep":false}],"labels":[{"name":"epic","value":"Sale Page"},{"name":"feature","value":"Testing Side Menu Bar - Women's Deals Section"},{"name":"parentSuite","value":"tests"},{"name":"suite","value":"test_sale"},{"name":"subSuite","value":"TestSalePage"},{"name":"host","value":"runnervmg1sw1"},{"name":"thread","value":"2953-MainThread"},{"name":"framework","value":"pytest"},{"name":"language","value":"cpython3"},{"name":"package","value":"tests.test_sale"},{"name":"resultFormat","value":"allure2"}],"parameters":[{"name":"element_locator","value":"('css selector', '.categories-menu > ul:nth-child(2) > li:nth-child(6) > a')"}],"links":[],"hidden":false,"retry":false,"extra":{"severity":"normal","retries":[],"categories":[{"name":"Test defects","matchedStatuses":[],"flaky":false}],"tags":[]},"source":"22fd8e8205e5a457.json","parameterValues":["('css selector', '.categories-menu > ul:nth-child(2) > li:nth-child(6) > a')"]}