{"uid":"63e99d28b3b1d073","name":"TC 10.01.02, 10.01.04, 10.01.06, 10.01.08, 10.01.10, 10.01.12 - Verify 6 links in Women's Deals section are visible and clickable","fullName":"tests.test_sale.TestSideMenuBarWomen#test_tc_10_01_02__04__06__08__10__12","historyId":"58e3265a1b9c30b49b0437e46b1bc65d","time":{"start":1763257838440,"stop":1763257843543,"duration":5103},"description":"Check that six elements in Women's Deals section are displayed and enabled","descriptionHtml":"<p>Check that six elements in Women's Deals section are displayed and enabled</p>\n","status":"broken","statusMessage":"selenium.common.exceptions.TimeoutException: Message: \nStacktrace:\n#0 0x560314bad32a <unknown>\n#1 0x5603145f9e4b <unknown>\n#2 0x56031464c82b <unknown>\n#3 0x56031464ca61 <unknown>\n#4 0x56031469ba44 <unknown>\n#5 0x560314698df7 <unknown>\n#6 0x56031463ec1a <unknown>\n#7 0x56031463f921 <unknown>\n#8 0x560314b74239 <unknown>\n#9 0x560314b771e8 <unknown>\n#10 0x560314b5d4c9 <unknown>\n#11 0x560314b77db5 <unknown>\n#12 0x560314b44e93 <unknown>\n#13 0x560314b9a098 <unknown>\n#14 0x560314b9a273 <unknown>\n#15 0x560314bac2c3 <unknown>\n#16 0x7f8d2ec9caa4 <unknown>\n#17 0x7f8d2ed29c6c <unknown>","statusTrace":"self = <test_sale.TestSalePage.TestSideMenuBarWomen object at 0x7f0e4da67b10>\nelement_locator = ('css selector', '.categories-menu > ul:nth-child(2) > li:nth-child(2) > a')\nsale_page = <pages.sale_page.SalePage object at 0x7f0e4ee0a610>\n\n    @allure.title(\"TC 10.01.02, 10.01.04, 10.01.06, 10.01.08, 10.01.10, 10.01.12 - \"\n                  \"Verify 6 links in Women's Deals section are visible and clickable\")\n    @pytest.mark.parametrize(\"element_locator\", SideBarLocators.WOMEN_DEALS_ELEMENTS.values())\n    def test_tc_10_01_02__04__06__08__10__12(self, element_locator, sale_page):\n        \"\"\"Check that six elements in Women's Deals section are displayed and enabled\"\"\"\n>       element_in_women_deals = sale_page.element_is_clickable(element_locator)\n\ntests/test_sale.py:36: \n_ _ _ _ _ _ _ _ _ _ _ _ _ _ _ _ _ _ _ _ _ _ _ _ _ _ _ _ _ _ _ _ _ _ _ _ _ _ _ _ \npages/base_page.py:81: in element_is_clickable\n    return wait(self.driver, timeout).until(EC.element_to_be_clickable(locator))\n_ _ _ _ _ _ _ _ _ _ _ _ _ _ _ _ _ _ _ _ _ _ _ _ _ _ _ _ _ _ _ _ _ _ _ _ _ _ _ _ \n\nself = <selenium.webdriver.support.wait.WebDriverWait (session=\"8d2bc058a6d33e133566114587d4631b\")>\nmethod = <function element_to_be_clickable.<locals>._predicate at 0x7f0e4f210ae0>\nmessage = ''\n\n    def until(self, method, message: str = \"\"):\n        \"\"\"Calls the method provided with the driver as an argument until the \\\n        return value does not evaluate to ``False``.\n    \n        :param method: callable(WebDriver)\n        :param message: optional message for :exc:`TimeoutException`\n        :returns: the result of the last call to `method`\n        :raises: :exc:`selenium.common.exceptions.TimeoutException` if timeout occurs\n        \"\"\"\n        screen = None\n        stacktrace = None\n    \n        end_time = time.monotonic() + self._timeout\n        while True:\n            try:\n                value = method(self._driver)\n                if value:\n                    return value\n            except self._ignored_exceptions as exc:\n                screen = getattr(exc, \"screen\", None)\n                stacktrace = getattr(exc, \"stacktrace\", None)\n            time.sleep(self._poll)\n            if time.monotonic() > end_time:\n                break\n>       raise TimeoutException(message, screen, stacktrace)\nE       selenium.common.exceptions.TimeoutException: Message: \nE       Stacktrace:\nE       #0 0x560314bad32a <unknown>\nE       #1 0x5603145f9e4b <unknown>\nE       #2 0x56031464c82b <unknown>\nE       #3 0x56031464ca61 <unknown>\nE       #4 0x56031469ba44 <unknown>\nE       #5 0x560314698df7 <unknown>\nE       #6 0x56031463ec1a <unknown>\nE       #7 0x56031463f921 <unknown>\nE       #8 0x560314b74239 <unknown>\nE       #9 0x560314b771e8 <unknown>\nE       #10 0x560314b5d4c9 <unknown>\nE       #11 0x560314b77db5 <unknown>\nE       #12 0x560314b44e93 <unknown>\nE       #13 0x560314b9a098 <unknown>\nE       #14 0x560314b9a273 <unknown>\nE       #15 0x560314bac2c3 <unknown>\nE       #16 0x7f8d2ec9caa4 <unknown>\nE       #17 0x7f8d2ed29c6c <unknown>\n\n/opt/hostedtoolcache/Python/3.11.14/x64/lib/python3.11/site-packages/selenium/webdriver/support/wait.py:95: TimeoutException","flaky":false,"newFailed":false,"newBroken":false,"newPassed":false,"retriesCount":0,"retriesStatusChange":false,"beforeStages":[{"name":"_session_faker","time":{"start":1763256219968,"stop":1763256220031,"duration":63},"status":"passed","steps":[],"attachments":[],"parameters":[],"stepsCount":0,"shouldDisplayMessage":false,"attachmentsCount":0,"hasContent":false,"attachmentStep":false},{"name":"clear_allure_result_folder","time":{"start":1763256220031,"stop":1763256220031,"duration":0},"status":"passed","steps":[],"attachments":[],"parameters":[],"stepsCount":0,"shouldDisplayMessage":false,"attachmentsCount":0,"hasContent":false,"attachmentStep":false},{"name":"driver","time":{"start":1763257836946,"stop":1763257838187,"duration":1241},"status":"passed","steps":[],"attachments":[],"parameters":[],"stepsCount":0,"shouldDisplayMessage":false,"attachmentsCount":0,"hasContent":false,"attachmentStep":false},{"name":"sale_page","time":{"start":1763257838187,"stop":1763257838440,"duration":253},"status":"passed","steps":[{"name":"Open a browser","time":{"start":1763257838187,"stop":1763257838440,"duration":253},"status":"passed","steps":[],"attachments":[],"parameters":[],"stepsCount":0,"shouldDisplayMessage":false,"attachmentsCount":0,"hasContent":false,"attachmentStep":false}],"attachments":[],"parameters":[],"stepsCount":1,"shouldDisplayMessage":false,"attachmentsCount":0,"hasContent":true,"attachmentStep":false}],"testStage":{"description":"Check that six elements in Women's Deals section are displayed and enabled","status":"broken","statusMessage":"selenium.common.exceptions.TimeoutException: Message: \nStacktrace:\n#0 0x560314bad32a <unknown>\n#1 0x5603145f9e4b <unknown>\n#2 0x56031464c82b <unknown>\n#3 0x56031464ca61 <unknown>\n#4 0x56031469ba44 <unknown>\n#5 0x560314698df7 <unknown>\n#6 0x56031463ec1a <unknown>\n#7 0x56031463f921 <unknown>\n#8 0x560314b74239 <unknown>\n#9 0x560314b771e8 <unknown>\n#10 0x560314b5d4c9 <unknown>\n#11 0x560314b77db5 <unknown>\n#12 0x560314b44e93 <unknown>\n#13 0x560314b9a098 <unknown>\n#14 0x560314b9a273 <unknown>\n#15 0x560314bac2c3 <unknown>\n#16 0x7f8d2ec9caa4 <unknown>\n#17 0x7f8d2ed29c6c <unknown>","statusTrace":"self = <test_sale.TestSalePage.TestSideMenuBarWomen object at 0x7f0e4da67b10>\nelement_locator = ('css selector', '.categories-menu > ul:nth-child(2) > li:nth-child(2) > a')\nsale_page = <pages.sale_page.SalePage object at 0x7f0e4ee0a610>\n\n    @allure.title(\"TC 10.01.02, 10.01.04, 10.01.06, 10.01.08, 10.01.10, 10.01.12 - \"\n                  \"Verify 6 links in Women's Deals section are visible and clickable\")\n    @pytest.mark.parametrize(\"element_locator\", SideBarLocators.WOMEN_DEALS_ELEMENTS.values())\n    def test_tc_10_01_02__04__06__08__10__12(self, element_locator, sale_page):\n        \"\"\"Check that six elements in Women's Deals section are displayed and enabled\"\"\"\n>       element_in_women_deals = sale_page.element_is_clickable(element_locator)\n\ntests/test_sale.py:36: \n_ _ _ _ _ _ _ _ _ _ _ _ _ _ _ _ _ _ _ _ _ _ _ _ _ _ _ _ _ _ _ _ _ _ _ _ _ _ _ _ \npages/base_page.py:81: in element_is_clickable\n    return wait(self.driver, timeout).until(EC.element_to_be_clickable(locator))\n_ _ _ _ _ _ _ _ _ _ _ _ _ _ _ _ _ _ _ _ _ _ _ _ _ _ _ _ _ _ _ _ _ _ _ _ _ _ _ _ \n\nself = <selenium.webdriver.support.wait.WebDriverWait (session=\"8d2bc058a6d33e133566114587d4631b\")>\nmethod = <function element_to_be_clickable.<locals>._predicate at 0x7f0e4f210ae0>\nmessage = ''\n\n    def until(self, method, message: str = \"\"):\n        \"\"\"Calls the method provided with the driver as an argument until the \\\n        return value does not evaluate to ``False``.\n    \n        :param method: callable(WebDriver)\n        :param message: optional message for :exc:`TimeoutException`\n        :returns: the result of the last call to `method`\n        :raises: :exc:`selenium.common.exceptions.TimeoutException` if timeout occurs\n        \"\"\"\n        screen = None\n        stacktrace = None\n    \n        end_time = time.monotonic() + self._timeout\n        while True:\n            try:\n                value = method(self._driver)\n                if value:\n                    return value\n            except self._ignored_exceptions as exc:\n                screen = getattr(exc, \"screen\", None)\n                stacktrace = getattr(exc, \"stacktrace\", None)\n            time.sleep(self._poll)\n            if time.monotonic() > end_time:\n                break\n>       raise TimeoutException(message, screen, stacktrace)\nE       selenium.common.exceptions.TimeoutException: Message: \nE       Stacktrace:\nE       #0 0x560314bad32a <unknown>\nE       #1 0x5603145f9e4b <unknown>\nE       #2 0x56031464c82b <unknown>\nE       #3 0x56031464ca61 <unknown>\nE       #4 0x56031469ba44 <unknown>\nE       #5 0x560314698df7 <unknown>\nE       #6 0x56031463ec1a <unknown>\nE       #7 0x56031463f921 <unknown>\nE       #8 0x560314b74239 <unknown>\nE       #9 0x560314b771e8 <unknown>\nE       #10 0x560314b5d4c9 <unknown>\nE       #11 0x560314b77db5 <unknown>\nE       #12 0x560314b44e93 <unknown>\nE       #13 0x560314b9a098 <unknown>\nE       #14 0x560314b9a273 <unknown>\nE       #15 0x560314bac2c3 <unknown>\nE       #16 0x7f8d2ec9caa4 <unknown>\nE       #17 0x7f8d2ed29c6c <unknown>\n\n/opt/hostedtoolcache/Python/3.11.14/x64/lib/python3.11/site-packages/selenium/webdriver/support/wait.py:95: TimeoutException","steps":[{"name":"Find clickable elements","time":{"start":1763257838441,"stop":1763257843543,"duration":5102},"status":"broken","statusMessage":"selenium.common.exceptions.TimeoutException: Message: \nStacktrace:\n#0 0x560314bad32a <unknown>\n#1 0x5603145f9e4b <unknown>\n#2 0x56031464c82b <unknown>\n#3 0x56031464ca61 <unknown>\n#4 0x56031469ba44 <unknown>\n#5 0x560314698df7 <unknown>\n#6 0x56031463ec1a <unknown>\n#7 0x56031463f921 <unknown>\n#8 0x560314b74239 <unknown>\n#9 0x560314b771e8 <unknown>\n#10 0x560314b5d4c9 <unknown>\n#11 0x560314b77db5 <unknown>\n#12 0x560314b44e93 <unknown>\n#13 0x560314b9a098 <unknown>\n#14 0x560314b9a273 <unknown>\n#15 0x560314bac2c3 <unknown>\n#16 0x7f8d2ec9caa4 <unknown>\n#17 0x7f8d2ed29c6c <unknown>\n\n","statusTrace":"  File \"/opt/hostedtoolcache/Python/3.11.14/x64/lib/python3.11/site-packages/allure_commons/_allure.py\", line 192, in impl\n    return func(*a, **kw)\n           ^^^^^^^^^^^^^^\n  File \"/home/runner/work/luma_project/luma_project/pages/base_page.py\", line 81, in element_is_clickable\n    return wait(self.driver, timeout).until(EC.element_to_be_clickable(locator))\n           ^^^^^^^^^^^^^^^^^^^^^^^^^^^^^^^^^^^^^^^^^^^^^^^^^^^^^^^^^^^^^^^^^^^^^\n  File \"/opt/hostedtoolcache/Python/3.11.14/x64/lib/python3.11/site-packages/selenium/webdriver/support/wait.py\", line 95, in until\n    raise TimeoutException(message, screen, stacktrace)\n","steps":[],"attachments":[],"parameters":[{"name":"locator","value":"('css selector', '.categories-menu > ul:nth-child(2) > li:nth-child(2) > a')"},{"name":"timeout","value":"5"}],"stepsCount":0,"shouldDisplayMessage":true,"attachmentsCount":0,"hasContent":true,"attachmentStep":false}],"attachments":[{"uid":"6cfaca7903542d3","name":"Screenshot","source":"6cfaca7903542d3.png","type":"image/png","size":23875},{"uid":"cc1004c827af1e45","name":"HTML source","source":"cc1004c827af1e45.html","type":"text/html","size":1433}],"parameters":[],"stepsCount":1,"shouldDisplayMessage":true,"attachmentsCount":2,"hasContent":true,"attachmentStep":false},"afterStages":[{"name":"driver::0","time":{"start":1763257843600,"stop":1763257843662,"duration":62},"status":"passed","steps":[],"attachments":[],"parameters":[],"stepsCount":0,"shouldDisplayMessage":false,"attachmentsCount":0,"hasContent":false,"attachmentStep":false},{"name":"clear_allure_result_folder::0","time":{"start":1763258694228,"stop":1763258694228,"duration":0},"status":"passed","steps":[],"attachments":[],"parameters":[],"stepsCount":0,"shouldDisplayMessage":false,"attachmentsCount":0,"hasContent":false,"attachmentStep":false}],"labels":[{"name":"epic","value":"Sale Page"},{"name":"feature","value":"Testing Side Menu Bar - Women's Deals Section"},{"name":"parentSuite","value":"tests"},{"name":"suite","value":"test_sale"},{"name":"subSuite","value":"TestSalePage"},{"name":"host","value":"runnervmg1sw1"},{"name":"thread","value":"2953-MainThread"},{"name":"framework","value":"pytest"},{"name":"language","value":"cpython3"},{"name":"package","value":"tests.test_sale"},{"name":"resultFormat","value":"allure2"}],"parameters":[{"name":"element_locator","value":"('css selector', '.categories-menu > ul:nth-child(2) > li:nth-child(2) > a')"}],"links":[],"hidden":false,"retry":false,"extra":{"severity":"normal","retries":[],"categories":[{"name":"Test defects","matchedStatuses":[],"flaky":false}],"tags":[]},"source":"63e99d28b3b1d073.json","parameterValues":["('css selector', '.categories-menu > ul:nth-child(2) > li:nth-child(2) > a')"]}