{"uid":"90848497e105afa4","name":"test_tc_11_01_06","fullName":"tests.test_gear.TestGearPage#test_tc_11_01_06","historyId":"b8098dc3537ee0d8bdb2d927c33d05d5","time":{"start":1763256812754,"stop":1763256818239,"duration":5485},"description":"Check that watches is displayed and enabled","descriptionHtml":"<p>Check that watches is displayed and enabled</p>\n","status":"broken","statusMessage":"selenium.common.exceptions.TimeoutException: Message: \nStacktrace:\n#0 0x561ffbc0932a <unknown>\n#1 0x561ffb655e4b <unknown>\n#2 0x561ffb6a882b <unknown>\n#3 0x561ffb6a8a61 <unknown>\n#4 0x561ffb6f7a44 <unknown>\n#5 0x561ffb6f4df7 <unknown>\n#6 0x561ffb69ac1a <unknown>\n#7 0x561ffb69b921 <unknown>\n#8 0x561ffbbd0239 <unknown>\n#9 0x561ffbbd31e8 <unknown>\n#10 0x561ffbbb94c9 <unknown>\n#11 0x561ffbbd3db5 <unknown>\n#12 0x561ffbba0e93 <unknown>\n#13 0x561ffbbf6098 <unknown>\n#14 0x561ffbbf6273 <unknown>\n#15 0x561ffbc082c3 <unknown>\n#16 0x7ff96d49caa4 <unknown>\n#17 0x7ff96d529c6c <unknown>","statusTrace":"self = <test_gear.TestGearPage object at 0x7f0e4ec89fd0>\ndriver = <selenium.webdriver.chrome.webdriver.WebDriver (session=\"f25d48bad66e4b75cb829b8a4043debf\")>\n\n    def test_tc_11_01_06(self, driver):\n        \"\"\"Check that watches is displayed and enabled\"\"\"\n        page = GearPage(driver, GEAR_PAGE_URL)\n        page.open()\n>       watches = page.check_watches_element()\n\ntests/test_gear.py:49: \n_ _ _ _ _ _ _ _ _ _ _ _ _ _ _ _ _ _ _ _ _ _ _ _ _ _ _ _ _ _ _ _ _ _ _ _ _ _ _ _ \npages/gear_page_.py:38: in check_watches_element\n    watches = self.element_is_clickable(self.locators.WATCHES)\npages/base_page.py:81: in element_is_clickable\n    return wait(self.driver, timeout).until(EC.element_to_be_clickable(locator))\n_ _ _ _ _ _ _ _ _ _ _ _ _ _ _ _ _ _ _ _ _ _ _ _ _ _ _ _ _ _ _ _ _ _ _ _ _ _ _ _ \n\nself = <selenium.webdriver.support.wait.WebDriverWait (session=\"f25d48bad66e4b75cb829b8a4043debf\")>\nmethod = <function element_to_be_clickable.<locals>._predicate at 0x7f0e4dc0ec00>\nmessage = ''\n\n    def until(self, method, message: str = \"\"):\n        \"\"\"Calls the method provided with the driver as an argument until the \\\n        return value does not evaluate to ``False``.\n    \n        :param method: callable(WebDriver)\n        :param message: optional message for :exc:`TimeoutException`\n        :returns: the result of the last call to `method`\n        :raises: :exc:`selenium.common.exceptions.TimeoutException` if timeout occurs\n        \"\"\"\n        screen = None\n        stacktrace = None\n    \n        end_time = time.monotonic() + self._timeout\n        while True:\n            try:\n                value = method(self._driver)\n                if value:\n                    return value\n            except self._ignored_exceptions as exc:\n                screen = getattr(exc, \"screen\", None)\n                stacktrace = getattr(exc, \"stacktrace\", None)\n            time.sleep(self._poll)\n            if time.monotonic() > end_time:\n                break\n>       raise TimeoutException(message, screen, stacktrace)\nE       selenium.common.exceptions.TimeoutException: Message: \nE       Stacktrace:\nE       #0 0x561ffbc0932a <unknown>\nE       #1 0x561ffb655e4b <unknown>\nE       #2 0x561ffb6a882b <unknown>\nE       #3 0x561ffb6a8a61 <unknown>\nE       #4 0x561ffb6f7a44 <unknown>\nE       #5 0x561ffb6f4df7 <unknown>\nE       #6 0x561ffb69ac1a <unknown>\nE       #7 0x561ffb69b921 <unknown>\nE       #8 0x561ffbbd0239 <unknown>\nE       #9 0x561ffbbd31e8 <unknown>\nE       #10 0x561ffbbb94c9 <unknown>\nE       #11 0x561ffbbd3db5 <unknown>\nE       #12 0x561ffbba0e93 <unknown>\nE       #13 0x561ffbbf6098 <unknown>\nE       #14 0x561ffbbf6273 <unknown>\nE       #15 0x561ffbc082c3 <unknown>\nE       #16 0x7ff96d49caa4 <unknown>\nE       #17 0x7ff96d529c6c <unknown>\n\n/opt/hostedtoolcache/Python/3.11.14/x64/lib/python3.11/site-packages/selenium/webdriver/support/wait.py:95: TimeoutException","flaky":false,"newFailed":false,"newBroken":false,"newPassed":false,"retriesCount":0,"retriesStatusChange":false,"beforeStages":[{"name":"_session_faker","time":{"start":1763256219968,"stop":1763256220031,"duration":63},"status":"passed","steps":[],"attachments":[],"parameters":[],"stepsCount":0,"shouldDisplayMessage":false,"attachmentsCount":0,"hasContent":false,"attachmentStep":false},{"name":"clear_allure_result_folder","time":{"start":1763256220031,"stop":1763256220031,"duration":0},"status":"passed","steps":[],"attachments":[],"parameters":[],"stepsCount":0,"shouldDisplayMessage":false,"attachmentsCount":0,"hasContent":false,"attachmentStep":false},{"name":"driver","time":{"start":1763256811503,"stop":1763256812753,"duration":1250},"status":"passed","steps":[],"attachments":[],"parameters":[],"stepsCount":0,"shouldDisplayMessage":false,"attachmentsCount":0,"hasContent":false,"attachmentStep":false}],"testStage":{"description":"Check that watches is displayed and enabled","status":"broken","statusMessage":"selenium.common.exceptions.TimeoutException: Message: \nStacktrace:\n#0 0x561ffbc0932a <unknown>\n#1 0x561ffb655e4b <unknown>\n#2 0x561ffb6a882b <unknown>\n#3 0x561ffb6a8a61 <unknown>\n#4 0x561ffb6f7a44 <unknown>\n#5 0x561ffb6f4df7 <unknown>\n#6 0x561ffb69ac1a <unknown>\n#7 0x561ffb69b921 <unknown>\n#8 0x561ffbbd0239 <unknown>\n#9 0x561ffbbd31e8 <unknown>\n#10 0x561ffbbb94c9 <unknown>\n#11 0x561ffbbd3db5 <unknown>\n#12 0x561ffbba0e93 <unknown>\n#13 0x561ffbbf6098 <unknown>\n#14 0x561ffbbf6273 <unknown>\n#15 0x561ffbc082c3 <unknown>\n#16 0x7ff96d49caa4 <unknown>\n#17 0x7ff96d529c6c <unknown>","statusTrace":"self = <test_gear.TestGearPage object at 0x7f0e4ec89fd0>\ndriver = <selenium.webdriver.chrome.webdriver.WebDriver (session=\"f25d48bad66e4b75cb829b8a4043debf\")>\n\n    def test_tc_11_01_06(self, driver):\n        \"\"\"Check that watches is displayed and enabled\"\"\"\n        page = GearPage(driver, GEAR_PAGE_URL)\n        page.open()\n>       watches = page.check_watches_element()\n\ntests/test_gear.py:49: \n_ _ _ _ _ _ _ _ _ _ _ _ _ _ _ _ _ _ _ _ _ _ _ _ _ _ _ _ _ _ _ _ _ _ _ _ _ _ _ _ \npages/gear_page_.py:38: in check_watches_element\n    watches = self.element_is_clickable(self.locators.WATCHES)\npages/base_page.py:81: in element_is_clickable\n    return wait(self.driver, timeout).until(EC.element_to_be_clickable(locator))\n_ _ _ _ _ _ _ _ _ _ _ _ _ _ _ _ _ _ _ _ _ _ _ _ _ _ _ _ _ _ _ _ _ _ _ _ _ _ _ _ \n\nself = <selenium.webdriver.support.wait.WebDriverWait (session=\"f25d48bad66e4b75cb829b8a4043debf\")>\nmethod = <function element_to_be_clickable.<locals>._predicate at 0x7f0e4dc0ec00>\nmessage = ''\n\n    def until(self, method, message: str = \"\"):\n        \"\"\"Calls the method provided with the driver as an argument until the \\\n        return value does not evaluate to ``False``.\n    \n        :param method: callable(WebDriver)\n        :param message: optional message for :exc:`TimeoutException`\n        :returns: the result of the last call to `method`\n        :raises: :exc:`selenium.common.exceptions.TimeoutException` if timeout occurs\n        \"\"\"\n        screen = None\n        stacktrace = None\n    \n        end_time = time.monotonic() + self._timeout\n        while True:\n            try:\n                value = method(self._driver)\n                if value:\n                    return value\n            except self._ignored_exceptions as exc:\n                screen = getattr(exc, \"screen\", None)\n                stacktrace = getattr(exc, \"stacktrace\", None)\n            time.sleep(self._poll)\n            if time.monotonic() > end_time:\n                break\n>       raise TimeoutException(message, screen, stacktrace)\nE       selenium.common.exceptions.TimeoutException: Message: \nE       Stacktrace:\nE       #0 0x561ffbc0932a <unknown>\nE       #1 0x561ffb655e4b <unknown>\nE       #2 0x561ffb6a882b <unknown>\nE       #3 0x561ffb6a8a61 <unknown>\nE       #4 0x561ffb6f7a44 <unknown>\nE       #5 0x561ffb6f4df7 <unknown>\nE       #6 0x561ffb69ac1a <unknown>\nE       #7 0x561ffb69b921 <unknown>\nE       #8 0x561ffbbd0239 <unknown>\nE       #9 0x561ffbbd31e8 <unknown>\nE       #10 0x561ffbbb94c9 <unknown>\nE       #11 0x561ffbbd3db5 <unknown>\nE       #12 0x561ffbba0e93 <unknown>\nE       #13 0x561ffbbf6098 <unknown>\nE       #14 0x561ffbbf6273 <unknown>\nE       #15 0x561ffbc082c3 <unknown>\nE       #16 0x7ff96d49caa4 <unknown>\nE       #17 0x7ff96d529c6c <unknown>\n\n/opt/hostedtoolcache/Python/3.11.14/x64/lib/python3.11/site-packages/selenium/webdriver/support/wait.py:95: TimeoutException","steps":[{"name":"Open a browser","time":{"start":1763256812754,"stop":1763256813131,"duration":377},"status":"passed","steps":[],"attachments":[],"parameters":[],"stepsCount":0,"shouldDisplayMessage":false,"attachmentsCount":0,"hasContent":false,"attachmentStep":false},{"name":"Find clickable elements","time":{"start":1763256813131,"stop":1763256818239,"duration":5108},"status":"broken","statusMessage":"selenium.common.exceptions.TimeoutException: Message: \nStacktrace:\n#0 0x561ffbc0932a <unknown>\n#1 0x561ffb655e4b <unknown>\n#2 0x561ffb6a882b <unknown>\n#3 0x561ffb6a8a61 <unknown>\n#4 0x561ffb6f7a44 <unknown>\n#5 0x561ffb6f4df7 <unknown>\n#6 0x561ffb69ac1a <unknown>\n#7 0x561ffb69b921 <unknown>\n#8 0x561ffbbd0239 <unknown>\n#9 0x561ffbbd31e8 <unknown>\n#10 0x561ffbbb94c9 <unknown>\n#11 0x561ffbbd3db5 <unknown>\n#12 0x561ffbba0e93 <unknown>\n#13 0x561ffbbf6098 <unknown>\n#14 0x561ffbbf6273 <unknown>\n#15 0x561ffbc082c3 <unknown>\n#16 0x7ff96d49caa4 <unknown>\n#17 0x7ff96d529c6c <unknown>\n\n","statusTrace":"  File \"/opt/hostedtoolcache/Python/3.11.14/x64/lib/python3.11/site-packages/allure_commons/_allure.py\", line 192, in impl\n    return func(*a, **kw)\n           ^^^^^^^^^^^^^^\n  File \"/home/runner/work/luma_project/luma_project/pages/base_page.py\", line 81, in element_is_clickable\n    return wait(self.driver, timeout).until(EC.element_to_be_clickable(locator))\n           ^^^^^^^^^^^^^^^^^^^^^^^^^^^^^^^^^^^^^^^^^^^^^^^^^^^^^^^^^^^^^^^^^^^^^\n  File \"/opt/hostedtoolcache/Python/3.11.14/x64/lib/python3.11/site-packages/selenium/webdriver/support/wait.py\", line 95, in until\n    raise TimeoutException(message, screen, stacktrace)\n","steps":[],"attachments":[],"parameters":[{"name":"locator","value":"('xpath', \"//dl[@id='narrow-by-list2']//a[text()='Watches']\")"},{"name":"timeout","value":"5"}],"stepsCount":0,"shouldDisplayMessage":true,"attachmentsCount":0,"hasContent":true,"attachmentStep":false}],"attachments":[{"uid":"3340d402f3e49feb","name":"Screenshot","source":"3340d402f3e49feb.png","type":"image/png","size":23875},{"uid":"43d71a58eb4a9a64","name":"HTML source","source":"43d71a58eb4a9a64.html","type":"text/html","size":1433}],"parameters":[],"stepsCount":2,"shouldDisplayMessage":true,"attachmentsCount":2,"hasContent":true,"attachmentStep":false},"afterStages":[{"name":"driver::0","time":{"start":1763256818307,"stop":1763256818369,"duration":62},"status":"passed","steps":[],"attachments":[],"parameters":[],"stepsCount":0,"shouldDisplayMessage":false,"attachmentsCount":0,"hasContent":false,"attachmentStep":false},{"name":"clear_allure_result_folder::0","time":{"start":1763258694228,"stop":1763258694228,"duration":0},"status":"passed","steps":[],"attachments":[],"parameters":[],"stepsCount":0,"shouldDisplayMessage":false,"attachmentsCount":0,"hasContent":false,"attachmentStep":false}],"labels":[{"name":"parentSuite","value":"tests"},{"name":"suite","value":"test_gear"},{"name":"subSuite","value":"TestGearPage"},{"name":"host","value":"runnervmg1sw1"},{"name":"thread","value":"2953-MainThread"},{"name":"framework","value":"pytest"},{"name":"language","value":"cpython3"},{"name":"package","value":"tests.test_gear"},{"name":"resultFormat","value":"allure2"}],"parameters":[],"links":[],"hidden":false,"retry":false,"extra":{"severity":"normal","retries":[],"categories":[{"name":"Test defects","matchedStatuses":[],"flaky":false}],"tags":[]},"source":"90848497e105afa4.json","parameterValues":[]}