{"uid":"9b3b8e0be1c79fa7","name":"TC 13.02.02 - Check the link in section 2 block 1 'home-pants' in the Promo Block leads to the correct page","fullName":"tests.test_main_page.TestPromoBlock#test_tc_13_02_02_check_section2_block1_link","historyId":"e68610f8b7c8331f3129fde632db2f7a","time":{"start":1763257576394,"stop":1763257581935,"duration":5541},"description":"Check that link in section 2 block 1 'home-pants' is correct","descriptionHtml":"<p>Check that link in section 2 block 1 'home-pants' is correct</p>\n","status":"broken","statusMessage":"selenium.common.exceptions.TimeoutException: Message: \nStacktrace:\n#0 0x55e1962d432a <unknown>\n#1 0x55e195d20e4b <unknown>\n#2 0x55e195d7382b <unknown>\n#3 0x55e195d73a61 <unknown>\n#4 0x55e195dc2a44 <unknown>\n#5 0x55e195dbfdf7 <unknown>\n#6 0x55e195d65c1a <unknown>\n#7 0x55e195d66921 <unknown>\n#8 0x55e19629b239 <unknown>\n#9 0x55e19629e1e8 <unknown>\n#10 0x55e1962844c9 <unknown>\n#11 0x55e19629edb5 <unknown>\n#12 0x55e19626be93 <unknown>\n#13 0x55e1962c1098 <unknown>\n#14 0x55e1962c1273 <unknown>\n#15 0x55e1962d32c3 <unknown>\n#16 0x7f76cf89caa4 <unknown>\n#17 0x7f76cf929c6c <unknown>","statusTrace":"self = <test_main_page.TestMainPage.TestPromoBlock object at 0x7f0e4f6020d0>\ndriver = <selenium.webdriver.chrome.webdriver.WebDriver (session=\"daf81610861f50b96824c726f5a3b214\")>\n\n    @allure.title(\"TC 13.02.02 - Check the link in section 2 block 1 'home-pants' in the Promo Block \"\n                  \"leads to the correct page\")\n    def test_tc_13_02_02_check_section2_block1_link(self, driver):\n        \"\"\"Check that link in section 2 block 1 'home-pants' is correct\"\"\"\n        page = PromoBlock(driver, MAIN_PAGE_URL)\n        page.open()\n>       page.check_section2_block1_link()\n\ntests/test_main_page.py:701: \n_ _ _ _ _ _ _ _ _ _ _ _ _ _ _ _ _ _ _ _ _ _ _ _ _ _ _ _ _ _ _ _ _ _ _ _ _ _ _ _ \npages/main_page.py:372: in check_section2_block1_link\n    section2_block1 = self.element_is_visible(self.locators.SECTION_2_BLOCK_1)\npages/base_page.py:30: in element_is_visible\n    self.go_to_element(self.element_is_present(locator))\npages/base_page.py:51: in element_is_present\n    return wait(self.driver, timeout).until(EC.presence_of_element_located(locator))\n_ _ _ _ _ _ _ _ _ _ _ _ _ _ _ _ _ _ _ _ _ _ _ _ _ _ _ _ _ _ _ _ _ _ _ _ _ _ _ _ \n\nself = <selenium.webdriver.support.wait.WebDriverWait (session=\"daf81610861f50b96824c726f5a3b214\")>\nmethod = <function presence_of_element_located.<locals>._predicate at 0x7f0e4f313c40>\nmessage = ''\n\n    def until(self, method, message: str = \"\"):\n        \"\"\"Calls the method provided with the driver as an argument until the \\\n        return value does not evaluate to ``False``.\n    \n        :param method: callable(WebDriver)\n        :param message: optional message for :exc:`TimeoutException`\n        :returns: the result of the last call to `method`\n        :raises: :exc:`selenium.common.exceptions.TimeoutException` if timeout occurs\n        \"\"\"\n        screen = None\n        stacktrace = None\n    \n        end_time = time.monotonic() + self._timeout\n        while True:\n            try:\n                value = method(self._driver)\n                if value:\n                    return value\n            except self._ignored_exceptions as exc:\n                screen = getattr(exc, \"screen\", None)\n                stacktrace = getattr(exc, \"stacktrace\", None)\n            time.sleep(self._poll)\n            if time.monotonic() > end_time:\n                break\n>       raise TimeoutException(message, screen, stacktrace)\nE       selenium.common.exceptions.TimeoutException: Message: \nE       Stacktrace:\nE       #0 0x55e1962d432a <unknown>\nE       #1 0x55e195d20e4b <unknown>\nE       #2 0x55e195d7382b <unknown>\nE       #3 0x55e195d73a61 <unknown>\nE       #4 0x55e195dc2a44 <unknown>\nE       #5 0x55e195dbfdf7 <unknown>\nE       #6 0x55e195d65c1a <unknown>\nE       #7 0x55e195d66921 <unknown>\nE       #8 0x55e19629b239 <unknown>\nE       #9 0x55e19629e1e8 <unknown>\nE       #10 0x55e1962844c9 <unknown>\nE       #11 0x55e19629edb5 <unknown>\nE       #12 0x55e19626be93 <unknown>\nE       #13 0x55e1962c1098 <unknown>\nE       #14 0x55e1962c1273 <unknown>\nE       #15 0x55e1962d32c3 <unknown>\nE       #16 0x7f76cf89caa4 <unknown>\nE       #17 0x7f76cf929c6c <unknown>\n\n/opt/hostedtoolcache/Python/3.11.14/x64/lib/python3.11/site-packages/selenium/webdriver/support/wait.py:95: TimeoutException","flaky":false,"newFailed":false,"newBroken":false,"newPassed":false,"retriesCount":0,"retriesStatusChange":false,"beforeStages":[{"name":"_session_faker","time":{"start":1763256219968,"stop":1763256220031,"duration":63},"status":"passed","steps":[],"attachments":[],"parameters":[],"stepsCount":0,"shouldDisplayMessage":false,"attachmentsCount":0,"hasContent":false,"attachmentStep":false},{"name":"clear_allure_result_folder","time":{"start":1763256220031,"stop":1763256220031,"duration":0},"status":"passed","steps":[],"attachments":[],"parameters":[],"stepsCount":0,"shouldDisplayMessage":false,"attachmentsCount":0,"hasContent":false,"attachmentStep":false},{"name":"driver","time":{"start":1763257575138,"stop":1763257576394,"duration":1256},"status":"passed","steps":[],"attachments":[],"parameters":[],"stepsCount":0,"shouldDisplayMessage":false,"attachmentsCount":0,"hasContent":false,"attachmentStep":false}],"testStage":{"description":"Check that link in section 2 block 1 'home-pants' is correct","status":"broken","statusMessage":"selenium.common.exceptions.TimeoutException: Message: \nStacktrace:\n#0 0x55e1962d432a <unknown>\n#1 0x55e195d20e4b <unknown>\n#2 0x55e195d7382b <unknown>\n#3 0x55e195d73a61 <unknown>\n#4 0x55e195dc2a44 <unknown>\n#5 0x55e195dbfdf7 <unknown>\n#6 0x55e195d65c1a <unknown>\n#7 0x55e195d66921 <unknown>\n#8 0x55e19629b239 <unknown>\n#9 0x55e19629e1e8 <unknown>\n#10 0x55e1962844c9 <unknown>\n#11 0x55e19629edb5 <unknown>\n#12 0x55e19626be93 <unknown>\n#13 0x55e1962c1098 <unknown>\n#14 0x55e1962c1273 <unknown>\n#15 0x55e1962d32c3 <unknown>\n#16 0x7f76cf89caa4 <unknown>\n#17 0x7f76cf929c6c <unknown>","statusTrace":"self = <test_main_page.TestMainPage.TestPromoBlock object at 0x7f0e4f6020d0>\ndriver = <selenium.webdriver.chrome.webdriver.WebDriver (session=\"daf81610861f50b96824c726f5a3b214\")>\n\n    @allure.title(\"TC 13.02.02 - Check the link in section 2 block 1 'home-pants' in the Promo Block \"\n                  \"leads to the correct page\")\n    def test_tc_13_02_02_check_section2_block1_link(self, driver):\n        \"\"\"Check that link in section 2 block 1 'home-pants' is correct\"\"\"\n        page = PromoBlock(driver, MAIN_PAGE_URL)\n        page.open()\n>       page.check_section2_block1_link()\n\ntests/test_main_page.py:701: \n_ _ _ _ _ _ _ _ _ _ _ _ _ _ _ _ _ _ _ _ _ _ _ _ _ _ _ _ _ _ _ _ _ _ _ _ _ _ _ _ \npages/main_page.py:372: in check_section2_block1_link\n    section2_block1 = self.element_is_visible(self.locators.SECTION_2_BLOCK_1)\npages/base_page.py:30: in element_is_visible\n    self.go_to_element(self.element_is_present(locator))\npages/base_page.py:51: in element_is_present\n    return wait(self.driver, timeout).until(EC.presence_of_element_located(locator))\n_ _ _ _ _ _ _ _ _ _ _ _ _ _ _ _ _ _ _ _ _ _ _ _ _ _ _ _ _ _ _ _ _ _ _ _ _ _ _ _ \n\nself = <selenium.webdriver.support.wait.WebDriverWait (session=\"daf81610861f50b96824c726f5a3b214\")>\nmethod = <function presence_of_element_located.<locals>._predicate at 0x7f0e4f313c40>\nmessage = ''\n\n    def until(self, method, message: str = \"\"):\n        \"\"\"Calls the method provided with the driver as an argument until the \\\n        return value does not evaluate to ``False``.\n    \n        :param method: callable(WebDriver)\n        :param message: optional message for :exc:`TimeoutException`\n        :returns: the result of the last call to `method`\n        :raises: :exc:`selenium.common.exceptions.TimeoutException` if timeout occurs\n        \"\"\"\n        screen = None\n        stacktrace = None\n    \n        end_time = time.monotonic() + self._timeout\n        while True:\n            try:\n                value = method(self._driver)\n                if value:\n                    return value\n            except self._ignored_exceptions as exc:\n                screen = getattr(exc, \"screen\", None)\n                stacktrace = getattr(exc, \"stacktrace\", None)\n            time.sleep(self._poll)\n            if time.monotonic() > end_time:\n                break\n>       raise TimeoutException(message, screen, stacktrace)\nE       selenium.common.exceptions.TimeoutException: Message: \nE       Stacktrace:\nE       #0 0x55e1962d432a <unknown>\nE       #1 0x55e195d20e4b <unknown>\nE       #2 0x55e195d7382b <unknown>\nE       #3 0x55e195d73a61 <unknown>\nE       #4 0x55e195dc2a44 <unknown>\nE       #5 0x55e195dbfdf7 <unknown>\nE       #6 0x55e195d65c1a <unknown>\nE       #7 0x55e195d66921 <unknown>\nE       #8 0x55e19629b239 <unknown>\nE       #9 0x55e19629e1e8 <unknown>\nE       #10 0x55e1962844c9 <unknown>\nE       #11 0x55e19629edb5 <unknown>\nE       #12 0x55e19626be93 <unknown>\nE       #13 0x55e1962c1098 <unknown>\nE       #14 0x55e1962c1273 <unknown>\nE       #15 0x55e1962d32c3 <unknown>\nE       #16 0x7f76cf89caa4 <unknown>\nE       #17 0x7f76cf929c6c <unknown>\n\n/opt/hostedtoolcache/Python/3.11.14/x64/lib/python3.11/site-packages/selenium/webdriver/support/wait.py:95: TimeoutException","steps":[{"name":"Open a browser","time":{"start":1763257576394,"stop":1763257576831,"duration":437},"status":"passed","steps":[],"attachments":[],"parameters":[],"stepsCount":0,"shouldDisplayMessage":false,"attachmentsCount":0,"hasContent":false,"attachmentStep":false},{"name":"Check the link in section 2 block 1 'home-pants' in the Promo Block leads to the correct page","time":{"start":1763257576831,"stop":1763257581934,"duration":5103},"status":"broken","statusMessage":"selenium.common.exceptions.TimeoutException: Message: \nStacktrace:\n#0 0x55e1962d432a <unknown>\n#1 0x55e195d20e4b <unknown>\n#2 0x55e195d7382b <unknown>\n#3 0x55e195d73a61 <unknown>\n#4 0x55e195dc2a44 <unknown>\n#5 0x55e195dbfdf7 <unknown>\n#6 0x55e195d65c1a <unknown>\n#7 0x55e195d66921 <unknown>\n#8 0x55e19629b239 <unknown>\n#9 0x55e19629e1e8 <unknown>\n#10 0x55e1962844c9 <unknown>\n#11 0x55e19629edb5 <unknown>\n#12 0x55e19626be93 <unknown>\n#13 0x55e1962c1098 <unknown>\n#14 0x55e1962c1273 <unknown>\n#15 0x55e1962d32c3 <unknown>\n#16 0x7f76cf89caa4 <unknown>\n#17 0x7f76cf929c6c <unknown>\n\n","statusTrace":"  File \"/opt/hostedtoolcache/Python/3.11.14/x64/lib/python3.11/site-packages/allure_commons/_allure.py\", line 192, in impl\n    return func(*a, **kw)\n           ^^^^^^^^^^^^^^\n  File \"/home/runner/work/luma_project/luma_project/pages/main_page.py\", line 372, in check_section2_block1_link\n    section2_block1 = self.element_is_visible(self.locators.SECTION_2_BLOCK_1)\n                      ^^^^^^^^^^^^^^^^^^^^^^^^^^^^^^^^^^^^^^^^^^^^^^^^^^^^^^^^\n  File \"/opt/hostedtoolcache/Python/3.11.14/x64/lib/python3.11/site-packages/allure_commons/_allure.py\", line 192, in impl\n    return func(*a, **kw)\n           ^^^^^^^^^^^^^^\n  File \"/home/runner/work/luma_project/luma_project/pages/base_page.py\", line 30, in element_is_visible\n    self.go_to_element(self.element_is_present(locator))\n                       ^^^^^^^^^^^^^^^^^^^^^^^^^^^^^^^^\n  File \"/opt/hostedtoolcache/Python/3.11.14/x64/lib/python3.11/site-packages/allure_commons/_allure.py\", line 192, in impl\n    return func(*a, **kw)\n           ^^^^^^^^^^^^^^\n  File \"/home/runner/work/luma_project/luma_project/pages/base_page.py\", line 51, in element_is_present\n    return wait(self.driver, timeout).until(EC.presence_of_element_located(locator))\n           ^^^^^^^^^^^^^^^^^^^^^^^^^^^^^^^^^^^^^^^^^^^^^^^^^^^^^^^^^^^^^^^^^^^^^^^^^\n  File \"/opt/hostedtoolcache/Python/3.11.14/x64/lib/python3.11/site-packages/selenium/webdriver/support/wait.py\", line 95, in until\n    raise TimeoutException(message, screen, stacktrace)\n","steps":[{"name":"Find a visible element","time":{"start":1763257576831,"stop":1763257581934,"duration":5103},"status":"broken","statusMessage":"selenium.common.exceptions.TimeoutException: Message: \nStacktrace:\n#0 0x55e1962d432a <unknown>\n#1 0x55e195d20e4b <unknown>\n#2 0x55e195d7382b <unknown>\n#3 0x55e195d73a61 <unknown>\n#4 0x55e195dc2a44 <unknown>\n#5 0x55e195dbfdf7 <unknown>\n#6 0x55e195d65c1a <unknown>\n#7 0x55e195d66921 <unknown>\n#8 0x55e19629b239 <unknown>\n#9 0x55e19629e1e8 <unknown>\n#10 0x55e1962844c9 <unknown>\n#11 0x55e19629edb5 <unknown>\n#12 0x55e19626be93 <unknown>\n#13 0x55e1962c1098 <unknown>\n#14 0x55e1962c1273 <unknown>\n#15 0x55e1962d32c3 <unknown>\n#16 0x7f76cf89caa4 <unknown>\n#17 0x7f76cf929c6c <unknown>\n\n","statusTrace":"  File \"/opt/hostedtoolcache/Python/3.11.14/x64/lib/python3.11/site-packages/allure_commons/_allure.py\", line 192, in impl\n    return func(*a, **kw)\n           ^^^^^^^^^^^^^^\n  File \"/home/runner/work/luma_project/luma_project/pages/base_page.py\", line 30, in element_is_visible\n    self.go_to_element(self.element_is_present(locator))\n                       ^^^^^^^^^^^^^^^^^^^^^^^^^^^^^^^^\n  File \"/opt/hostedtoolcache/Python/3.11.14/x64/lib/python3.11/site-packages/allure_commons/_allure.py\", line 192, in impl\n    return func(*a, **kw)\n           ^^^^^^^^^^^^^^\n  File \"/home/runner/work/luma_project/luma_project/pages/base_page.py\", line 51, in element_is_present\n    return wait(self.driver, timeout).until(EC.presence_of_element_located(locator))\n           ^^^^^^^^^^^^^^^^^^^^^^^^^^^^^^^^^^^^^^^^^^^^^^^^^^^^^^^^^^^^^^^^^^^^^^^^^\n  File \"/opt/hostedtoolcache/Python/3.11.14/x64/lib/python3.11/site-packages/selenium/webdriver/support/wait.py\", line 95, in until\n    raise TimeoutException(message, screen, stacktrace)\n","steps":[{"name":"Find a present element","time":{"start":1763257576831,"stop":1763257581934,"duration":5103},"status":"broken","statusMessage":"selenium.common.exceptions.TimeoutException: Message: \nStacktrace:\n#0 0x55e1962d432a <unknown>\n#1 0x55e195d20e4b <unknown>\n#2 0x55e195d7382b <unknown>\n#3 0x55e195d73a61 <unknown>\n#4 0x55e195dc2a44 <unknown>\n#5 0x55e195dbfdf7 <unknown>\n#6 0x55e195d65c1a <unknown>\n#7 0x55e195d66921 <unknown>\n#8 0x55e19629b239 <unknown>\n#9 0x55e19629e1e8 <unknown>\n#10 0x55e1962844c9 <unknown>\n#11 0x55e19629edb5 <unknown>\n#12 0x55e19626be93 <unknown>\n#13 0x55e1962c1098 <unknown>\n#14 0x55e1962c1273 <unknown>\n#15 0x55e1962d32c3 <unknown>\n#16 0x7f76cf89caa4 <unknown>\n#17 0x7f76cf929c6c <unknown>\n\n","statusTrace":"  File \"/opt/hostedtoolcache/Python/3.11.14/x64/lib/python3.11/site-packages/allure_commons/_allure.py\", line 192, in impl\n    return func(*a, **kw)\n           ^^^^^^^^^^^^^^\n  File \"/home/runner/work/luma_project/luma_project/pages/base_page.py\", line 51, in element_is_present\n    return wait(self.driver, timeout).until(EC.presence_of_element_located(locator))\n           ^^^^^^^^^^^^^^^^^^^^^^^^^^^^^^^^^^^^^^^^^^^^^^^^^^^^^^^^^^^^^^^^^^^^^^^^^\n  File \"/opt/hostedtoolcache/Python/3.11.14/x64/lib/python3.11/site-packages/selenium/webdriver/support/wait.py\", line 95, in until\n    raise TimeoutException(message, screen, stacktrace)\n","steps":[],"attachments":[],"parameters":[{"name":"locator","value":"('css selector', '.home-pants')"},{"name":"timeout","value":"5"}],"stepsCount":0,"shouldDisplayMessage":true,"attachmentsCount":0,"hasContent":true,"attachmentStep":false}],"attachments":[],"parameters":[{"name":"locator","value":"('css selector', '.home-pants')"},{"name":"timeout","value":"10"}],"stepsCount":1,"shouldDisplayMessage":false,"attachmentsCount":0,"hasContent":true,"attachmentStep":false}],"attachments":[],"parameters":[],"stepsCount":2,"shouldDisplayMessage":false,"attachmentsCount":0,"hasContent":true,"attachmentStep":false}],"attachments":[{"uid":"50de07162ad2f107","name":"Screenshot","source":"50de07162ad2f107.png","type":"image/png","size":23875},{"uid":"6c125d11c1b1ec15","name":"HTML source","source":"6c125d11c1b1ec15.html","type":"text/html","size":1433}],"parameters":[],"stepsCount":4,"shouldDisplayMessage":true,"attachmentsCount":2,"hasContent":true,"attachmentStep":false},"afterStages":[{"name":"driver::0","time":{"start":1763257582030,"stop":1763257582090,"duration":60},"status":"passed","steps":[],"attachments":[],"parameters":[],"stepsCount":0,"shouldDisplayMessage":false,"attachmentsCount":0,"hasContent":false,"attachmentStep":false},{"name":"clear_allure_result_folder::0","time":{"start":1763258694228,"stop":1763258694228,"duration":0},"status":"passed","steps":[],"attachments":[],"parameters":[],"stepsCount":0,"shouldDisplayMessage":false,"attachmentsCount":0,"hasContent":false,"attachmentStep":false}],"labels":[{"name":"epic","value":"Main Page"},{"name":"feature","value":"Promo Block Testing"},{"name":"parentSuite","value":"tests"},{"name":"suite","value":"test_main_page"},{"name":"subSuite","value":"TestMainPage"},{"name":"host","value":"runnervmg1sw1"},{"name":"thread","value":"2953-MainThread"},{"name":"framework","value":"pytest"},{"name":"language","value":"cpython3"},{"name":"package","value":"tests.test_main_page"},{"name":"resultFormat","value":"allure2"}],"parameters":[],"links":[],"hidden":false,"retry":false,"extra":{"severity":"normal","retries":[],"categories":[{"name":"Test defects","matchedStatuses":[],"flaky":false}],"tags":[]},"source":"9b3b8e0be1c79fa7.json","parameterValues":[]}