{"uid":"b109c8be3b473dc3","name":"TC 13.01.52 - Check if block 3 'home-erin' in section 2 is clickablein the Promo Block on the main page","fullName":"tests.test_main_page.TestPromoBlock#test_tc_13_01_52_check_section2_block3_clickability","historyId":"2dd6059093f3a778171c7c1f2bca6ca4","time":{"start":1763257548910,"stop":1763257554433,"duration":5523},"description":"This test checks if block 3 'home-erin' in section 2 in Promo Block under header is clickable","descriptionHtml":"<p>This test checks if block 3 'home-erin' in section 2 in Promo Block under header is clickable</p>\n","status":"broken","statusMessage":"selenium.common.exceptions.TimeoutException: Message: \nStacktrace:\n#0 0x56522b03632a <unknown>\n#1 0x56522aa82e4b <unknown>\n#2 0x56522aad582b <unknown>\n#3 0x56522aad5a61 <unknown>\n#4 0x56522ab24a44 <unknown>\n#5 0x56522ab21df7 <unknown>\n#6 0x56522aac7c1a <unknown>\n#7 0x56522aac8921 <unknown>\n#8 0x56522affd239 <unknown>\n#9 0x56522b0001e8 <unknown>\n#10 0x56522afe64c9 <unknown>\n#11 0x56522b000db5 <unknown>\n#12 0x56522afcde93 <unknown>\n#13 0x56522b023098 <unknown>\n#14 0x56522b023273 <unknown>\n#15 0x56522b0352c3 <unknown>\n#16 0x7f02fa89caa4 <unknown>\n#17 0x7f02fa929c6c <unknown>","statusTrace":"self = <test_main_page.TestMainPage.TestPromoBlock object at 0x7f0e4f603490>\ndriver = <selenium.webdriver.chrome.webdriver.WebDriver (session=\"179afc92e08ffaea6c42c36734a56aa5\")>\n\n    @allure.title(\"TC 13.01.52 - Check if block 3 'home-erin' in section 2 is clickable\"\n                  \"in the Promo Block on the main page\")\n    def test_tc_13_01_52_check_section2_block3_clickability(self, driver):\n        \"\"\"This test checks if block 3 'home-erin' in section 2 in Promo Block under header is clickable\"\"\"\n        page = PromoBlock(driver, MAIN_PAGE_URL)\n        page.open()\n>       section2_block3 = page.check_section2_block3_clickability()\n\ntests/test_main_page.py:663: \n_ _ _ _ _ _ _ _ _ _ _ _ _ _ _ _ _ _ _ _ _ _ _ _ _ _ _ _ _ _ _ _ _ _ _ _ _ _ _ _ \npages/main_page.py:340: in check_section2_block3_clickability\n    section2_block3 = self.element_is_clickable(self.locators.SECTION_2_BLOCK_3)\npages/base_page.py:81: in element_is_clickable\n    return wait(self.driver, timeout).until(EC.element_to_be_clickable(locator))\n_ _ _ _ _ _ _ _ _ _ _ _ _ _ _ _ _ _ _ _ _ _ _ _ _ _ _ _ _ _ _ _ _ _ _ _ _ _ _ _ \n\nself = <selenium.webdriver.support.wait.WebDriverWait (session=\"179afc92e08ffaea6c42c36734a56aa5\")>\nmethod = <function element_to_be_clickable.<locals>._predicate at 0x7f0e4f312d40>\nmessage = ''\n\n    def until(self, method, message: str = \"\"):\n        \"\"\"Calls the method provided with the driver as an argument until the \\\n        return value does not evaluate to ``False``.\n    \n        :param method: callable(WebDriver)\n        :param message: optional message for :exc:`TimeoutException`\n        :returns: the result of the last call to `method`\n        :raises: :exc:`selenium.common.exceptions.TimeoutException` if timeout occurs\n        \"\"\"\n        screen = None\n        stacktrace = None\n    \n        end_time = time.monotonic() + self._timeout\n        while True:\n            try:\n                value = method(self._driver)\n                if value:\n                    return value\n            except self._ignored_exceptions as exc:\n                screen = getattr(exc, \"screen\", None)\n                stacktrace = getattr(exc, \"stacktrace\", None)\n            time.sleep(self._poll)\n            if time.monotonic() > end_time:\n                break\n>       raise TimeoutException(message, screen, stacktrace)\nE       selenium.common.exceptions.TimeoutException: Message: \nE       Stacktrace:\nE       #0 0x56522b03632a <unknown>\nE       #1 0x56522aa82e4b <unknown>\nE       #2 0x56522aad582b <unknown>\nE       #3 0x56522aad5a61 <unknown>\nE       #4 0x56522ab24a44 <unknown>\nE       #5 0x56522ab21df7 <unknown>\nE       #6 0x56522aac7c1a <unknown>\nE       #7 0x56522aac8921 <unknown>\nE       #8 0x56522affd239 <unknown>\nE       #9 0x56522b0001e8 <unknown>\nE       #10 0x56522afe64c9 <unknown>\nE       #11 0x56522b000db5 <unknown>\nE       #12 0x56522afcde93 <unknown>\nE       #13 0x56522b023098 <unknown>\nE       #14 0x56522b023273 <unknown>\nE       #15 0x56522b0352c3 <unknown>\nE       #16 0x7f02fa89caa4 <unknown>\nE       #17 0x7f02fa929c6c <unknown>\n\n/opt/hostedtoolcache/Python/3.11.14/x64/lib/python3.11/site-packages/selenium/webdriver/support/wait.py:95: TimeoutException","flaky":false,"newFailed":false,"newBroken":false,"newPassed":false,"retriesCount":0,"retriesStatusChange":false,"beforeStages":[{"name":"_session_faker","time":{"start":1763256219968,"stop":1763256220031,"duration":63},"status":"passed","steps":[],"attachments":[],"parameters":[],"stepsCount":0,"shouldDisplayMessage":false,"attachmentsCount":0,"hasContent":false,"attachmentStep":false},{"name":"clear_allure_result_folder","time":{"start":1763256220031,"stop":1763256220031,"duration":0},"status":"passed","steps":[],"attachments":[],"parameters":[],"stepsCount":0,"shouldDisplayMessage":false,"attachmentsCount":0,"hasContent":false,"attachmentStep":false},{"name":"driver","time":{"start":1763257547667,"stop":1763257548909,"duration":1242},"status":"passed","steps":[],"attachments":[],"parameters":[],"stepsCount":0,"shouldDisplayMessage":false,"attachmentsCount":0,"hasContent":false,"attachmentStep":false}],"testStage":{"description":"This test checks if block 3 'home-erin' in section 2 in Promo Block under header is clickable","status":"broken","statusMessage":"selenium.common.exceptions.TimeoutException: Message: \nStacktrace:\n#0 0x56522b03632a <unknown>\n#1 0x56522aa82e4b <unknown>\n#2 0x56522aad582b <unknown>\n#3 0x56522aad5a61 <unknown>\n#4 0x56522ab24a44 <unknown>\n#5 0x56522ab21df7 <unknown>\n#6 0x56522aac7c1a <unknown>\n#7 0x56522aac8921 <unknown>\n#8 0x56522affd239 <unknown>\n#9 0x56522b0001e8 <unknown>\n#10 0x56522afe64c9 <unknown>\n#11 0x56522b000db5 <unknown>\n#12 0x56522afcde93 <unknown>\n#13 0x56522b023098 <unknown>\n#14 0x56522b023273 <unknown>\n#15 0x56522b0352c3 <unknown>\n#16 0x7f02fa89caa4 <unknown>\n#17 0x7f02fa929c6c <unknown>","statusTrace":"self = <test_main_page.TestMainPage.TestPromoBlock object at 0x7f0e4f603490>\ndriver = <selenium.webdriver.chrome.webdriver.WebDriver (session=\"179afc92e08ffaea6c42c36734a56aa5\")>\n\n    @allure.title(\"TC 13.01.52 - Check if block 3 'home-erin' in section 2 is clickable\"\n                  \"in the Promo Block on the main page\")\n    def test_tc_13_01_52_check_section2_block3_clickability(self, driver):\n        \"\"\"This test checks if block 3 'home-erin' in section 2 in Promo Block under header is clickable\"\"\"\n        page = PromoBlock(driver, MAIN_PAGE_URL)\n        page.open()\n>       section2_block3 = page.check_section2_block3_clickability()\n\ntests/test_main_page.py:663: \n_ _ _ _ _ _ _ _ _ _ _ _ _ _ _ _ _ _ _ _ _ _ _ _ _ _ _ _ _ _ _ _ _ _ _ _ _ _ _ _ \npages/main_page.py:340: in check_section2_block3_clickability\n    section2_block3 = self.element_is_clickable(self.locators.SECTION_2_BLOCK_3)\npages/base_page.py:81: in element_is_clickable\n    return wait(self.driver, timeout).until(EC.element_to_be_clickable(locator))\n_ _ _ _ _ _ _ _ _ _ _ _ _ _ _ _ _ _ _ _ _ _ _ _ _ _ _ _ _ _ _ _ _ _ _ _ _ _ _ _ \n\nself = <selenium.webdriver.support.wait.WebDriverWait (session=\"179afc92e08ffaea6c42c36734a56aa5\")>\nmethod = <function element_to_be_clickable.<locals>._predicate at 0x7f0e4f312d40>\nmessage = ''\n\n    def until(self, method, message: str = \"\"):\n        \"\"\"Calls the method provided with the driver as an argument until the \\\n        return value does not evaluate to ``False``.\n    \n        :param method: callable(WebDriver)\n        :param message: optional message for :exc:`TimeoutException`\n        :returns: the result of the last call to `method`\n        :raises: :exc:`selenium.common.exceptions.TimeoutException` if timeout occurs\n        \"\"\"\n        screen = None\n        stacktrace = None\n    \n        end_time = time.monotonic() + self._timeout\n        while True:\n            try:\n                value = method(self._driver)\n                if value:\n                    return value\n            except self._ignored_exceptions as exc:\n                screen = getattr(exc, \"screen\", None)\n                stacktrace = getattr(exc, \"stacktrace\", None)\n            time.sleep(self._poll)\n            if time.monotonic() > end_time:\n                break\n>       raise TimeoutException(message, screen, stacktrace)\nE       selenium.common.exceptions.TimeoutException: Message: \nE       Stacktrace:\nE       #0 0x56522b03632a <unknown>\nE       #1 0x56522aa82e4b <unknown>\nE       #2 0x56522aad582b <unknown>\nE       #3 0x56522aad5a61 <unknown>\nE       #4 0x56522ab24a44 <unknown>\nE       #5 0x56522ab21df7 <unknown>\nE       #6 0x56522aac7c1a <unknown>\nE       #7 0x56522aac8921 <unknown>\nE       #8 0x56522affd239 <unknown>\nE       #9 0x56522b0001e8 <unknown>\nE       #10 0x56522afe64c9 <unknown>\nE       #11 0x56522b000db5 <unknown>\nE       #12 0x56522afcde93 <unknown>\nE       #13 0x56522b023098 <unknown>\nE       #14 0x56522b023273 <unknown>\nE       #15 0x56522b0352c3 <unknown>\nE       #16 0x7f02fa89caa4 <unknown>\nE       #17 0x7f02fa929c6c <unknown>\n\n/opt/hostedtoolcache/Python/3.11.14/x64/lib/python3.11/site-packages/selenium/webdriver/support/wait.py:95: TimeoutException","steps":[{"name":"Open a browser","time":{"start":1763257548910,"stop":1763257549333,"duration":423},"status":"passed","steps":[],"attachments":[],"parameters":[],"stepsCount":0,"shouldDisplayMessage":false,"attachmentsCount":0,"hasContent":false,"attachmentStep":false},{"name":"Check clickability of the block 3 'home-erin' in the section 2 in the Promo Block","time":{"start":1763257549333,"stop":1763257554433,"duration":5100},"status":"broken","statusMessage":"selenium.common.exceptions.TimeoutException: Message: \nStacktrace:\n#0 0x56522b03632a <unknown>\n#1 0x56522aa82e4b <unknown>\n#2 0x56522aad582b <unknown>\n#3 0x56522aad5a61 <unknown>\n#4 0x56522ab24a44 <unknown>\n#5 0x56522ab21df7 <unknown>\n#6 0x56522aac7c1a <unknown>\n#7 0x56522aac8921 <unknown>\n#8 0x56522affd239 <unknown>\n#9 0x56522b0001e8 <unknown>\n#10 0x56522afe64c9 <unknown>\n#11 0x56522b000db5 <unknown>\n#12 0x56522afcde93 <unknown>\n#13 0x56522b023098 <unknown>\n#14 0x56522b023273 <unknown>\n#15 0x56522b0352c3 <unknown>\n#16 0x7f02fa89caa4 <unknown>\n#17 0x7f02fa929c6c <unknown>\n\n","statusTrace":"  File \"/opt/hostedtoolcache/Python/3.11.14/x64/lib/python3.11/site-packages/allure_commons/_allure.py\", line 192, in impl\n    return func(*a, **kw)\n           ^^^^^^^^^^^^^^\n  File \"/home/runner/work/luma_project/luma_project/pages/main_page.py\", line 340, in check_section2_block3_clickability\n    section2_block3 = self.element_is_clickable(self.locators.SECTION_2_BLOCK_3)\n                      ^^^^^^^^^^^^^^^^^^^^^^^^^^^^^^^^^^^^^^^^^^^^^^^^^^^^^^^^^^\n  File \"/opt/hostedtoolcache/Python/3.11.14/x64/lib/python3.11/site-packages/allure_commons/_allure.py\", line 192, in impl\n    return func(*a, **kw)\n           ^^^^^^^^^^^^^^\n  File \"/home/runner/work/luma_project/luma_project/pages/base_page.py\", line 81, in element_is_clickable\n    return wait(self.driver, timeout).until(EC.element_to_be_clickable(locator))\n           ^^^^^^^^^^^^^^^^^^^^^^^^^^^^^^^^^^^^^^^^^^^^^^^^^^^^^^^^^^^^^^^^^^^^^\n  File \"/opt/hostedtoolcache/Python/3.11.14/x64/lib/python3.11/site-packages/selenium/webdriver/support/wait.py\", line 95, in until\n    raise TimeoutException(message, screen, stacktrace)\n","steps":[{"name":"Find clickable elements","time":{"start":1763257549334,"stop":1763257554432,"duration":5098},"status":"broken","statusMessage":"selenium.common.exceptions.TimeoutException: Message: \nStacktrace:\n#0 0x56522b03632a <unknown>\n#1 0x56522aa82e4b <unknown>\n#2 0x56522aad582b <unknown>\n#3 0x56522aad5a61 <unknown>\n#4 0x56522ab24a44 <unknown>\n#5 0x56522ab21df7 <unknown>\n#6 0x56522aac7c1a <unknown>\n#7 0x56522aac8921 <unknown>\n#8 0x56522affd239 <unknown>\n#9 0x56522b0001e8 <unknown>\n#10 0x56522afe64c9 <unknown>\n#11 0x56522b000db5 <unknown>\n#12 0x56522afcde93 <unknown>\n#13 0x56522b023098 <unknown>\n#14 0x56522b023273 <unknown>\n#15 0x56522b0352c3 <unknown>\n#16 0x7f02fa89caa4 <unknown>\n#17 0x7f02fa929c6c <unknown>\n\n","statusTrace":"  File \"/opt/hostedtoolcache/Python/3.11.14/x64/lib/python3.11/site-packages/allure_commons/_allure.py\", line 192, in impl\n    return func(*a, **kw)\n           ^^^^^^^^^^^^^^\n  File \"/home/runner/work/luma_project/luma_project/pages/base_page.py\", line 81, in element_is_clickable\n    return wait(self.driver, timeout).until(EC.element_to_be_clickable(locator))\n           ^^^^^^^^^^^^^^^^^^^^^^^^^^^^^^^^^^^^^^^^^^^^^^^^^^^^^^^^^^^^^^^^^^^^^\n  File \"/opt/hostedtoolcache/Python/3.11.14/x64/lib/python3.11/site-packages/selenium/webdriver/support/wait.py\", line 95, in until\n    raise TimeoutException(message, screen, stacktrace)\n","steps":[],"attachments":[],"parameters":[{"name":"locator","value":"('css selector', '.home-erin')"},{"name":"timeout","value":"5"}],"stepsCount":0,"shouldDisplayMessage":true,"attachmentsCount":0,"hasContent":true,"attachmentStep":false}],"attachments":[],"parameters":[],"stepsCount":1,"shouldDisplayMessage":false,"attachmentsCount":0,"hasContent":true,"attachmentStep":false}],"attachments":[{"uid":"fea844cff0094fa6","name":"Screenshot","source":"fea844cff0094fa6.png","type":"image/png","size":23875},{"uid":"2a24fab3ed6ed3b0","name":"HTML source","source":"2a24fab3ed6ed3b0.html","type":"text/html","size":1433}],"parameters":[],"stepsCount":3,"shouldDisplayMessage":true,"attachmentsCount":2,"hasContent":true,"attachmentStep":false},"afterStages":[{"name":"driver::0","time":{"start":1763257554504,"stop":1763257554566,"duration":62},"status":"passed","steps":[],"attachments":[],"parameters":[],"stepsCount":0,"shouldDisplayMessage":false,"attachmentsCount":0,"hasContent":false,"attachmentStep":false},{"name":"clear_allure_result_folder::0","time":{"start":1763258694228,"stop":1763258694228,"duration":0},"status":"passed","steps":[],"attachments":[],"parameters":[],"stepsCount":0,"shouldDisplayMessage":false,"attachmentsCount":0,"hasContent":false,"attachmentStep":false}],"labels":[{"name":"epic","value":"Main Page"},{"name":"feature","value":"Promo Block Testing"},{"name":"parentSuite","value":"tests"},{"name":"suite","value":"test_main_page"},{"name":"subSuite","value":"TestMainPage"},{"name":"host","value":"runnervmg1sw1"},{"name":"thread","value":"2953-MainThread"},{"name":"framework","value":"pytest"},{"name":"language","value":"cpython3"},{"name":"package","value":"tests.test_main_page"},{"name":"resultFormat","value":"allure2"}],"parameters":[],"links":[],"hidden":false,"retry":false,"extra":{"severity":"normal","retries":[],"categories":[{"name":"Test defects","matchedStatuses":[],"flaky":false}],"tags":[]},"source":"b109c8be3b473dc3.json","parameterValues":[]}