{"uid":"b993c9da01ef16a7","name":"test_tc_11_01_04","fullName":"tests.test_gear.TestGearPage#test_tc_11_01_04","historyId":"84b5fce36034afb0f93cabfea0284c7e","time":{"start":1763256799004,"stop":1763256804390,"duration":5386},"description":"Check that fitness_equipment is displayed and enabled","descriptionHtml":"<p>Check that fitness_equipment is displayed and enabled</p>\n","status":"broken","statusMessage":"selenium.common.exceptions.TimeoutException: Message: \nStacktrace:\n#0 0x55e22c69532a <unknown>\n#1 0x55e22c0e1e4b <unknown>\n#2 0x55e22c13482b <unknown>\n#3 0x55e22c134a61 <unknown>\n#4 0x55e22c183a44 <unknown>\n#5 0x55e22c180df7 <unknown>\n#6 0x55e22c126c1a <unknown>\n#7 0x55e22c127921 <unknown>\n#8 0x55e22c65c239 <unknown>\n#9 0x55e22c65f1e8 <unknown>\n#10 0x55e22c6454c9 <unknown>\n#11 0x55e22c65fdb5 <unknown>\n#12 0x55e22c62ce93 <unknown>\n#13 0x55e22c682098 <unknown>\n#14 0x55e22c682273 <unknown>\n#15 0x55e22c6942c3 <unknown>\n#16 0x7fcb1209caa4 <unknown>\n#17 0x7fcb12129c6c <unknown>","statusTrace":"self = <test_gear.TestGearPage object at 0x7f0e4ec89950>\ndriver = <selenium.webdriver.chrome.webdriver.WebDriver (session=\"8409cc4ff33768f7ba751c57bfe425c9\")>\n\n    def test_tc_11_01_04(self, driver):\n        \"\"\"Check that fitness_equipment is displayed and enabled\"\"\"\n        page = GearPage(driver, GEAR_PAGE_URL)\n        page.open()\n>       fitness_equipment = page.check_fitness_equipment_element()\n\ntests/test_gear.py:34: \n_ _ _ _ _ _ _ _ _ _ _ _ _ _ _ _ _ _ _ _ _ _ _ _ _ _ _ _ _ _ _ _ _ _ _ _ _ _ _ _ \npages/gear_page_.py:29: in check_fitness_equipment_element\n    fitness_equipment = self.element_is_clickable(self.locators.FITNESS_EQUIPMENT)\npages/base_page.py:81: in element_is_clickable\n    return wait(self.driver, timeout).until(EC.element_to_be_clickable(locator))\n_ _ _ _ _ _ _ _ _ _ _ _ _ _ _ _ _ _ _ _ _ _ _ _ _ _ _ _ _ _ _ _ _ _ _ _ _ _ _ _ \n\nself = <selenium.webdriver.support.wait.WebDriverWait (session=\"8409cc4ff33768f7ba751c57bfe425c9\")>\nmethod = <function element_to_be_clickable.<locals>._predicate at 0x7f0e4dc0d580>\nmessage = ''\n\n    def until(self, method, message: str = \"\"):\n        \"\"\"Calls the method provided with the driver as an argument until the \\\n        return value does not evaluate to ``False``.\n    \n        :param method: callable(WebDriver)\n        :param message: optional message for :exc:`TimeoutException`\n        :returns: the result of the last call to `method`\n        :raises: :exc:`selenium.common.exceptions.TimeoutException` if timeout occurs\n        \"\"\"\n        screen = None\n        stacktrace = None\n    \n        end_time = time.monotonic() + self._timeout\n        while True:\n            try:\n                value = method(self._driver)\n                if value:\n                    return value\n            except self._ignored_exceptions as exc:\n                screen = getattr(exc, \"screen\", None)\n                stacktrace = getattr(exc, \"stacktrace\", None)\n            time.sleep(self._poll)\n            if time.monotonic() > end_time:\n                break\n>       raise TimeoutException(message, screen, stacktrace)\nE       selenium.common.exceptions.TimeoutException: Message: \nE       Stacktrace:\nE       #0 0x55e22c69532a <unknown>\nE       #1 0x55e22c0e1e4b <unknown>\nE       #2 0x55e22c13482b <unknown>\nE       #3 0x55e22c134a61 <unknown>\nE       #4 0x55e22c183a44 <unknown>\nE       #5 0x55e22c180df7 <unknown>\nE       #6 0x55e22c126c1a <unknown>\nE       #7 0x55e22c127921 <unknown>\nE       #8 0x55e22c65c239 <unknown>\nE       #9 0x55e22c65f1e8 <unknown>\nE       #10 0x55e22c6454c9 <unknown>\nE       #11 0x55e22c65fdb5 <unknown>\nE       #12 0x55e22c62ce93 <unknown>\nE       #13 0x55e22c682098 <unknown>\nE       #14 0x55e22c682273 <unknown>\nE       #15 0x55e22c6942c3 <unknown>\nE       #16 0x7fcb1209caa4 <unknown>\nE       #17 0x7fcb12129c6c <unknown>\n\n/opt/hostedtoolcache/Python/3.11.14/x64/lib/python3.11/site-packages/selenium/webdriver/support/wait.py:95: TimeoutException","flaky":false,"newFailed":false,"newBroken":false,"newPassed":false,"retriesCount":0,"retriesStatusChange":false,"beforeStages":[{"name":"_session_faker","time":{"start":1763256219968,"stop":1763256220031,"duration":63},"status":"passed","steps":[],"attachments":[],"parameters":[],"stepsCount":0,"shouldDisplayMessage":false,"attachmentsCount":0,"hasContent":false,"attachmentStep":false},{"name":"clear_allure_result_folder","time":{"start":1763256220031,"stop":1763256220031,"duration":0},"status":"passed","steps":[],"attachments":[],"parameters":[],"stepsCount":0,"shouldDisplayMessage":false,"attachmentsCount":0,"hasContent":false,"attachmentStep":false},{"name":"driver","time":{"start":1763256797739,"stop":1763256799004,"duration":1265},"status":"passed","steps":[],"attachments":[],"parameters":[],"stepsCount":0,"shouldDisplayMessage":false,"attachmentsCount":0,"hasContent":false,"attachmentStep":false}],"testStage":{"description":"Check that fitness_equipment is displayed and enabled","status":"broken","statusMessage":"selenium.common.exceptions.TimeoutException: Message: \nStacktrace:\n#0 0x55e22c69532a <unknown>\n#1 0x55e22c0e1e4b <unknown>\n#2 0x55e22c13482b <unknown>\n#3 0x55e22c134a61 <unknown>\n#4 0x55e22c183a44 <unknown>\n#5 0x55e22c180df7 <unknown>\n#6 0x55e22c126c1a <unknown>\n#7 0x55e22c127921 <unknown>\n#8 0x55e22c65c239 <unknown>\n#9 0x55e22c65f1e8 <unknown>\n#10 0x55e22c6454c9 <unknown>\n#11 0x55e22c65fdb5 <unknown>\n#12 0x55e22c62ce93 <unknown>\n#13 0x55e22c682098 <unknown>\n#14 0x55e22c682273 <unknown>\n#15 0x55e22c6942c3 <unknown>\n#16 0x7fcb1209caa4 <unknown>\n#17 0x7fcb12129c6c <unknown>","statusTrace":"self = <test_gear.TestGearPage object at 0x7f0e4ec89950>\ndriver = <selenium.webdriver.chrome.webdriver.WebDriver (session=\"8409cc4ff33768f7ba751c57bfe425c9\")>\n\n    def test_tc_11_01_04(self, driver):\n        \"\"\"Check that fitness_equipment is displayed and enabled\"\"\"\n        page = GearPage(driver, GEAR_PAGE_URL)\n        page.open()\n>       fitness_equipment = page.check_fitness_equipment_element()\n\ntests/test_gear.py:34: \n_ _ _ _ _ _ _ _ _ _ _ _ _ _ _ _ _ _ _ _ _ _ _ _ _ _ _ _ _ _ _ _ _ _ _ _ _ _ _ _ \npages/gear_page_.py:29: in check_fitness_equipment_element\n    fitness_equipment = self.element_is_clickable(self.locators.FITNESS_EQUIPMENT)\npages/base_page.py:81: in element_is_clickable\n    return wait(self.driver, timeout).until(EC.element_to_be_clickable(locator))\n_ _ _ _ _ _ _ _ _ _ _ _ _ _ _ _ _ _ _ _ _ _ _ _ _ _ _ _ _ _ _ _ _ _ _ _ _ _ _ _ \n\nself = <selenium.webdriver.support.wait.WebDriverWait (session=\"8409cc4ff33768f7ba751c57bfe425c9\")>\nmethod = <function element_to_be_clickable.<locals>._predicate at 0x7f0e4dc0d580>\nmessage = ''\n\n    def until(self, method, message: str = \"\"):\n        \"\"\"Calls the method provided with the driver as an argument until the \\\n        return value does not evaluate to ``False``.\n    \n        :param method: callable(WebDriver)\n        :param message: optional message for :exc:`TimeoutException`\n        :returns: the result of the last call to `method`\n        :raises: :exc:`selenium.common.exceptions.TimeoutException` if timeout occurs\n        \"\"\"\n        screen = None\n        stacktrace = None\n    \n        end_time = time.monotonic() + self._timeout\n        while True:\n            try:\n                value = method(self._driver)\n                if value:\n                    return value\n            except self._ignored_exceptions as exc:\n                screen = getattr(exc, \"screen\", None)\n                stacktrace = getattr(exc, \"stacktrace\", None)\n            time.sleep(self._poll)\n            if time.monotonic() > end_time:\n                break\n>       raise TimeoutException(message, screen, stacktrace)\nE       selenium.common.exceptions.TimeoutException: Message: \nE       Stacktrace:\nE       #0 0x55e22c69532a <unknown>\nE       #1 0x55e22c0e1e4b <unknown>\nE       #2 0x55e22c13482b <unknown>\nE       #3 0x55e22c134a61 <unknown>\nE       #4 0x55e22c183a44 <unknown>\nE       #5 0x55e22c180df7 <unknown>\nE       #6 0x55e22c126c1a <unknown>\nE       #7 0x55e22c127921 <unknown>\nE       #8 0x55e22c65c239 <unknown>\nE       #9 0x55e22c65f1e8 <unknown>\nE       #10 0x55e22c6454c9 <unknown>\nE       #11 0x55e22c65fdb5 <unknown>\nE       #12 0x55e22c62ce93 <unknown>\nE       #13 0x55e22c682098 <unknown>\nE       #14 0x55e22c682273 <unknown>\nE       #15 0x55e22c6942c3 <unknown>\nE       #16 0x7fcb1209caa4 <unknown>\nE       #17 0x7fcb12129c6c <unknown>\n\n/opt/hostedtoolcache/Python/3.11.14/x64/lib/python3.11/site-packages/selenium/webdriver/support/wait.py:95: TimeoutException","steps":[{"name":"Open a browser","time":{"start":1763256799004,"stop":1763256799282,"duration":278},"status":"passed","steps":[],"attachments":[],"parameters":[],"stepsCount":0,"shouldDisplayMessage":false,"attachmentsCount":0,"hasContent":false,"attachmentStep":false},{"name":"Find clickable elements","time":{"start":1763256799283,"stop":1763256804390,"duration":5107},"status":"broken","statusMessage":"selenium.common.exceptions.TimeoutException: Message: \nStacktrace:\n#0 0x55e22c69532a <unknown>\n#1 0x55e22c0e1e4b <unknown>\n#2 0x55e22c13482b <unknown>\n#3 0x55e22c134a61 <unknown>\n#4 0x55e22c183a44 <unknown>\n#5 0x55e22c180df7 <unknown>\n#6 0x55e22c126c1a <unknown>\n#7 0x55e22c127921 <unknown>\n#8 0x55e22c65c239 <unknown>\n#9 0x55e22c65f1e8 <unknown>\n#10 0x55e22c6454c9 <unknown>\n#11 0x55e22c65fdb5 <unknown>\n#12 0x55e22c62ce93 <unknown>\n#13 0x55e22c682098 <unknown>\n#14 0x55e22c682273 <unknown>\n#15 0x55e22c6942c3 <unknown>\n#16 0x7fcb1209caa4 <unknown>\n#17 0x7fcb12129c6c <unknown>\n\n","statusTrace":"  File \"/opt/hostedtoolcache/Python/3.11.14/x64/lib/python3.11/site-packages/allure_commons/_allure.py\", line 192, in impl\n    return func(*a, **kw)\n           ^^^^^^^^^^^^^^\n  File \"/home/runner/work/luma_project/luma_project/pages/base_page.py\", line 81, in element_is_clickable\n    return wait(self.driver, timeout).until(EC.element_to_be_clickable(locator))\n           ^^^^^^^^^^^^^^^^^^^^^^^^^^^^^^^^^^^^^^^^^^^^^^^^^^^^^^^^^^^^^^^^^^^^^\n  File \"/opt/hostedtoolcache/Python/3.11.14/x64/lib/python3.11/site-packages/selenium/webdriver/support/wait.py\", line 95, in until\n    raise TimeoutException(message, screen, stacktrace)\n","steps":[],"attachments":[],"parameters":[{"name":"locator","value":"('xpath', \"//dl[@id='narrow-by-list2']//a[text()='Fitness Equipment']\")"},{"name":"timeout","value":"5"}],"stepsCount":0,"shouldDisplayMessage":true,"attachmentsCount":0,"hasContent":true,"attachmentStep":false}],"attachments":[{"uid":"b26dadec786a6081","name":"Screenshot","source":"b26dadec786a6081.png","type":"image/png","size":23875},{"uid":"666eb89a6a9a8908","name":"HTML source","source":"666eb89a6a9a8908.html","type":"text/html","size":1433}],"parameters":[],"stepsCount":2,"shouldDisplayMessage":true,"attachmentsCount":2,"hasContent":true,"attachmentStep":false},"afterStages":[{"name":"driver::0","time":{"start":1763256804458,"stop":1763256804520,"duration":62},"status":"passed","steps":[],"attachments":[],"parameters":[],"stepsCount":0,"shouldDisplayMessage":false,"attachmentsCount":0,"hasContent":false,"attachmentStep":false},{"name":"clear_allure_result_folder::0","time":{"start":1763258694228,"stop":1763258694228,"duration":0},"status":"passed","steps":[],"attachments":[],"parameters":[],"stepsCount":0,"shouldDisplayMessage":false,"attachmentsCount":0,"hasContent":false,"attachmentStep":false}],"labels":[{"name":"parentSuite","value":"tests"},{"name":"suite","value":"test_gear"},{"name":"subSuite","value":"TestGearPage"},{"name":"host","value":"runnervmg1sw1"},{"name":"thread","value":"2953-MainThread"},{"name":"framework","value":"pytest"},{"name":"language","value":"cpython3"},{"name":"package","value":"tests.test_gear"},{"name":"resultFormat","value":"allure2"}],"parameters":[],"links":[],"hidden":false,"retry":false,"extra":{"severity":"normal","retries":[],"categories":[{"name":"Test defects","matchedStatuses":[],"flaky":false}],"tags":[]},"source":"b993c9da01ef16a7.json","parameterValues":[]}