{"uid":"42e0a1b0cd792819","name":"TC 02.01.19 - Check display of Orders and Returns link on each page specified in DATA_1","fullName":"tests.test_footer.TestFooter#test_tc_02_01_19_check_visibility_of_orders_and_returns_link_on_pages","historyId":"c29296b290b768e9f33013b0077275dd","time":{"start":1766280862787,"stop":1766280868072,"duration":5285},"description":"Checks if Orders and Returns link is visible on each page in DATA_1","descriptionHtml":"<p>Checks if Orders and Returns link is visible on each page in DATA_1</p>\n","status":"broken","statusMessage":"selenium.common.exceptions.TimeoutException: Message: \nStacktrace:\n#0 0x55d824e1619a <unknown>\n#1 0x55d824893c4b <unknown>\n#2 0x55d8248e5318 <unknown>\n#3 0x55d8248e5551 <unknown>\n#4 0x55d824933764 <unknown>\n#5 0x55d824930bee <unknown>\n#6 0x55d8248d7c42 <unknown>\n#7 0x55d8248d88f1 <unknown>\n#8 0x55d824ddef39 <unknown>\n#9 0x55d824de1e7d <unknown>\n#10 0x55d824dc7c81 <unknown>\n#11 0x55d824de2a5b <unknown>\n#12 0x55d824daea50 <unknown>\n#13 0x55d824e03aa8 <unknown>\n#14 0x55d824e03c79 <unknown>\n#15 0x55d824e154f3 <unknown>\n#16 0x7fb5b069caa4 <unknown>\n#17 0x7fb5b0729c6c <unknown>","statusTrace":"self = <test_footer.TestFooter object at 0x7fcfeb9e2b10>\ndriver = <selenium.webdriver.chrome.webdriver.WebDriver (session=\"644069b4868de8f0af741cfe04570921\")>\nURL = 'https://magento.softwaretestingboard.com/'\n\n    @allure.title(\"TC 02.01.19 - Check display of Orders and Returns link on each page specified in DATA_1\")\n    @pytest.mark.parametrize('URL', DATA_1)\n    def test_tc_02_01_19_check_visibility_of_orders_and_returns_link_on_pages(self, driver, URL):\n        \"\"\"Checks if Orders and Returns link is visible on each page in DATA_1\"\"\"\n        page = FooterPage(driver, url=URL)\n        page.open()\n>       orders_and_returns_link = page.check_orders_and_returns_link_is_visible()\n\ntests/test_footer.py:174: \n_ _ _ _ _ _ _ _ _ _ _ _ _ _ _ _ _ _ _ _ _ _ _ _ _ _ _ _ _ _ _ _ _ _ _ _ _ _ _ _ \npages/footer_page.py:124: in check_orders_and_returns_link_is_visible\n    return self.element_is_visible(self.footer_locators.ORDERS_AND_RETURNS_LINK)\npages/base_page.py:30: in element_is_visible\n    self.go_to_element(self.element_is_present(locator))\npages/base_page.py:51: in element_is_present\n    return wait(self.driver, timeout).until(EC.presence_of_element_located(locator))\n_ _ _ _ _ _ _ _ _ _ _ _ _ _ _ _ _ _ _ _ _ _ _ _ _ _ _ _ _ _ _ _ _ _ _ _ _ _ _ _ \n\nself = <selenium.webdriver.support.wait.WebDriverWait (session=\"644069b4868de8f0af741cfe04570921\")>\nmethod = <function presence_of_element_located.<locals>._predicate at 0x7fcfec717880>\nmessage = ''\n\n    def until(self, method, message: str = \"\"):\n        \"\"\"Calls the method provided with the driver as an argument until the \\\n        return value does not evaluate to ``False``.\n    \n        :param method: callable(WebDriver)\n        :param message: optional message for :exc:`TimeoutException`\n        :returns: the result of the last call to `method`\n        :raises: :exc:`selenium.common.exceptions.TimeoutException` if timeout occurs\n        \"\"\"\n        screen = None\n        stacktrace = None\n    \n        end_time = time.monotonic() + self._timeout\n        while True:\n            try:\n                value = method(self._driver)\n                if value:\n                    return value\n            except self._ignored_exceptions as exc:\n                screen = getattr(exc, \"screen\", None)\n                stacktrace = getattr(exc, \"stacktrace\", None)\n            time.sleep(self._poll)\n            if time.monotonic() > end_time:\n                break\n>       raise TimeoutException(message, screen, stacktrace)\nE       selenium.common.exceptions.TimeoutException: Message: \nE       Stacktrace:\nE       #0 0x55d824e1619a <unknown>\nE       #1 0x55d824893c4b <unknown>\nE       #2 0x55d8248e5318 <unknown>\nE       #3 0x55d8248e5551 <unknown>\nE       #4 0x55d824933764 <unknown>\nE       #5 0x55d824930bee <unknown>\nE       #6 0x55d8248d7c42 <unknown>\nE       #7 0x55d8248d88f1 <unknown>\nE       #8 0x55d824ddef39 <unknown>\nE       #9 0x55d824de1e7d <unknown>\nE       #10 0x55d824dc7c81 <unknown>\nE       #11 0x55d824de2a5b <unknown>\nE       #12 0x55d824daea50 <unknown>\nE       #13 0x55d824e03aa8 <unknown>\nE       #14 0x55d824e03c79 <unknown>\nE       #15 0x55d824e154f3 <unknown>\nE       #16 0x7fb5b069caa4 <unknown>\nE       #17 0x7fb5b0729c6c <unknown>\n\n/opt/hostedtoolcache/Python/3.11.14/x64/lib/python3.11/site-packages/selenium/webdriver/support/wait.py:95: TimeoutException","flaky":false,"newFailed":false,"newBroken":false,"newPassed":false,"retriesCount":0,"retriesStatusChange":false,"beforeStages":[{"name":"_session_faker","time":{"start":1766280511614,"stop":1766280511675,"duration":61},"status":"passed","steps":[],"attachments":[],"parameters":[],"stepsCount":0,"shouldDisplayMessage":false,"attachmentsCount":0,"hasContent":false,"attachmentStep":false},{"name":"clear_allure_result_folder","time":{"start":1766280511676,"stop":1766280511676,"duration":0},"status":"passed","steps":[],"attachments":[],"parameters":[],"stepsCount":0,"shouldDisplayMessage":false,"attachmentsCount":0,"hasContent":false,"attachmentStep":false},{"name":"driver","time":{"start":1766280861629,"stop":1766280862786,"duration":1157},"status":"passed","steps":[],"attachments":[],"parameters":[],"stepsCount":0,"shouldDisplayMessage":false,"attachmentsCount":0,"hasContent":false,"attachmentStep":false}],"testStage":{"description":"Checks if Orders and Returns link is visible on each page in DATA_1","status":"broken","statusMessage":"selenium.common.exceptions.TimeoutException: Message: \nStacktrace:\n#0 0x55d824e1619a <unknown>\n#1 0x55d824893c4b <unknown>\n#2 0x55d8248e5318 <unknown>\n#3 0x55d8248e5551 <unknown>\n#4 0x55d824933764 <unknown>\n#5 0x55d824930bee <unknown>\n#6 0x55d8248d7c42 <unknown>\n#7 0x55d8248d88f1 <unknown>\n#8 0x55d824ddef39 <unknown>\n#9 0x55d824de1e7d <unknown>\n#10 0x55d824dc7c81 <unknown>\n#11 0x55d824de2a5b <unknown>\n#12 0x55d824daea50 <unknown>\n#13 0x55d824e03aa8 <unknown>\n#14 0x55d824e03c79 <unknown>\n#15 0x55d824e154f3 <unknown>\n#16 0x7fb5b069caa4 <unknown>\n#17 0x7fb5b0729c6c <unknown>","statusTrace":"self = <test_footer.TestFooter object at 0x7fcfeb9e2b10>\ndriver = <selenium.webdriver.chrome.webdriver.WebDriver (session=\"644069b4868de8f0af741cfe04570921\")>\nURL = 'https://magento.softwaretestingboard.com/'\n\n    @allure.title(\"TC 02.01.19 - Check display of Orders and Returns link on each page specified in DATA_1\")\n    @pytest.mark.parametrize('URL', DATA_1)\n    def test_tc_02_01_19_check_visibility_of_orders_and_returns_link_on_pages(self, driver, URL):\n        \"\"\"Checks if Orders and Returns link is visible on each page in DATA_1\"\"\"\n        page = FooterPage(driver, url=URL)\n        page.open()\n>       orders_and_returns_link = page.check_orders_and_returns_link_is_visible()\n\ntests/test_footer.py:174: \n_ _ _ _ _ _ _ _ _ _ _ _ _ _ _ _ _ _ _ _ _ _ _ _ _ _ _ _ _ _ _ _ _ _ _ _ _ _ _ _ \npages/footer_page.py:124: in check_orders_and_returns_link_is_visible\n    return self.element_is_visible(self.footer_locators.ORDERS_AND_RETURNS_LINK)\npages/base_page.py:30: in element_is_visible\n    self.go_to_element(self.element_is_present(locator))\npages/base_page.py:51: in element_is_present\n    return wait(self.driver, timeout).until(EC.presence_of_element_located(locator))\n_ _ _ _ _ _ _ _ _ _ _ _ _ _ _ _ _ _ _ _ _ _ _ _ _ _ _ _ _ _ _ _ _ _ _ _ _ _ _ _ \n\nself = <selenium.webdriver.support.wait.WebDriverWait (session=\"644069b4868de8f0af741cfe04570921\")>\nmethod = <function presence_of_element_located.<locals>._predicate at 0x7fcfec717880>\nmessage = ''\n\n    def until(self, method, message: str = \"\"):\n        \"\"\"Calls the method provided with the driver as an argument until the \\\n        return value does not evaluate to ``False``.\n    \n        :param method: callable(WebDriver)\n        :param message: optional message for :exc:`TimeoutException`\n        :returns: the result of the last call to `method`\n        :raises: :exc:`selenium.common.exceptions.TimeoutException` if timeout occurs\n        \"\"\"\n        screen = None\n        stacktrace = None\n    \n        end_time = time.monotonic() + self._timeout\n        while True:\n            try:\n                value = method(self._driver)\n                if value:\n                    return value\n            except self._ignored_exceptions as exc:\n                screen = getattr(exc, \"screen\", None)\n                stacktrace = getattr(exc, \"stacktrace\", None)\n            time.sleep(self._poll)\n            if time.monotonic() > end_time:\n                break\n>       raise TimeoutException(message, screen, stacktrace)\nE       selenium.common.exceptions.TimeoutException: Message: \nE       Stacktrace:\nE       #0 0x55d824e1619a <unknown>\nE       #1 0x55d824893c4b <unknown>\nE       #2 0x55d8248e5318 <unknown>\nE       #3 0x55d8248e5551 <unknown>\nE       #4 0x55d824933764 <unknown>\nE       #5 0x55d824930bee <unknown>\nE       #6 0x55d8248d7c42 <unknown>\nE       #7 0x55d8248d88f1 <unknown>\nE       #8 0x55d824ddef39 <unknown>\nE       #9 0x55d824de1e7d <unknown>\nE       #10 0x55d824dc7c81 <unknown>\nE       #11 0x55d824de2a5b <unknown>\nE       #12 0x55d824daea50 <unknown>\nE       #13 0x55d824e03aa8 <unknown>\nE       #14 0x55d824e03c79 <unknown>\nE       #15 0x55d824e154f3 <unknown>\nE       #16 0x7fb5b069caa4 <unknown>\nE       #17 0x7fb5b0729c6c <unknown>\n\n/opt/hostedtoolcache/Python/3.11.14/x64/lib/python3.11/site-packages/selenium/webdriver/support/wait.py:95: TimeoutException","steps":[{"name":"Open a browser","time":{"start":1766280862787,"stop":1766280862955,"duration":168},"status":"passed","steps":[],"attachments":[],"parameters":[],"stepsCount":0,"shouldDisplayMessage":false,"attachmentsCount":0,"hasContent":false,"attachmentStep":false},{"name":"Check Orders and Returns link is visible on the page","time":{"start":1766280862955,"stop":1766280868071,"duration":5116},"status":"broken","statusMessage":"selenium.common.exceptions.TimeoutException: Message: \nStacktrace:\n#0 0x55d824e1619a <unknown>\n#1 0x55d824893c4b <unknown>\n#2 0x55d8248e5318 <unknown>\n#3 0x55d8248e5551 <unknown>\n#4 0x55d824933764 <unknown>\n#5 0x55d824930bee <unknown>\n#6 0x55d8248d7c42 <unknown>\n#7 0x55d8248d88f1 <unknown>\n#8 0x55d824ddef39 <unknown>\n#9 0x55d824de1e7d <unknown>\n#10 0x55d824dc7c81 <unknown>\n#11 0x55d824de2a5b <unknown>\n#12 0x55d824daea50 <unknown>\n#13 0x55d824e03aa8 <unknown>\n#14 0x55d824e03c79 <unknown>\n#15 0x55d824e154f3 <unknown>\n#16 0x7fb5b069caa4 <unknown>\n#17 0x7fb5b0729c6c <unknown>\n\n","statusTrace":"  File \"/opt/hostedtoolcache/Python/3.11.14/x64/lib/python3.11/site-packages/allure_commons/_allure.py\", line 192, in impl\n    return func(*a, **kw)\n           ^^^^^^^^^^^^^^\n  File \"/home/runner/work/luma_project/luma_project/pages/footer_page.py\", line 124, in check_orders_and_returns_link_is_visible\n    return self.element_is_visible(self.footer_locators.ORDERS_AND_RETURNS_LINK)\n           ^^^^^^^^^^^^^^^^^^^^^^^^^^^^^^^^^^^^^^^^^^^^^^^^^^^^^^^^^^^^^^^^^^^^^\n  File \"/opt/hostedtoolcache/Python/3.11.14/x64/lib/python3.11/site-packages/allure_commons/_allure.py\", line 192, in impl\n    return func(*a, **kw)\n           ^^^^^^^^^^^^^^\n  File \"/home/runner/work/luma_project/luma_project/pages/base_page.py\", line 30, in element_is_visible\n    self.go_to_element(self.element_is_present(locator))\n                       ^^^^^^^^^^^^^^^^^^^^^^^^^^^^^^^^\n  File \"/opt/hostedtoolcache/Python/3.11.14/x64/lib/python3.11/site-packages/allure_commons/_allure.py\", line 192, in impl\n    return func(*a, **kw)\n           ^^^^^^^^^^^^^^\n  File \"/home/runner/work/luma_project/luma_project/pages/base_page.py\", line 51, in element_is_present\n    return wait(self.driver, timeout).until(EC.presence_of_element_located(locator))\n           ^^^^^^^^^^^^^^^^^^^^^^^^^^^^^^^^^^^^^^^^^^^^^^^^^^^^^^^^^^^^^^^^^^^^^^^^^\n  File \"/opt/hostedtoolcache/Python/3.11.14/x64/lib/python3.11/site-packages/selenium/webdriver/support/wait.py\", line 95, in until\n    raise TimeoutException(message, screen, stacktrace)\n","steps":[{"name":"Find a visible element","time":{"start":1766280862955,"stop":1766280868071,"duration":5116},"status":"broken","statusMessage":"selenium.common.exceptions.TimeoutException: Message: \nStacktrace:\n#0 0x55d824e1619a <unknown>\n#1 0x55d824893c4b <unknown>\n#2 0x55d8248e5318 <unknown>\n#3 0x55d8248e5551 <unknown>\n#4 0x55d824933764 <unknown>\n#5 0x55d824930bee <unknown>\n#6 0x55d8248d7c42 <unknown>\n#7 0x55d8248d88f1 <unknown>\n#8 0x55d824ddef39 <unknown>\n#9 0x55d824de1e7d <unknown>\n#10 0x55d824dc7c81 <unknown>\n#11 0x55d824de2a5b <unknown>\n#12 0x55d824daea50 <unknown>\n#13 0x55d824e03aa8 <unknown>\n#14 0x55d824e03c79 <unknown>\n#15 0x55d824e154f3 <unknown>\n#16 0x7fb5b069caa4 <unknown>\n#17 0x7fb5b0729c6c <unknown>\n\n","statusTrace":"  File \"/opt/hostedtoolcache/Python/3.11.14/x64/lib/python3.11/site-packages/allure_commons/_allure.py\", line 192, in impl\n    return func(*a, **kw)\n           ^^^^^^^^^^^^^^\n  File \"/home/runner/work/luma_project/luma_project/pages/base_page.py\", line 30, in element_is_visible\n    self.go_to_element(self.element_is_present(locator))\n                       ^^^^^^^^^^^^^^^^^^^^^^^^^^^^^^^^\n  File \"/opt/hostedtoolcache/Python/3.11.14/x64/lib/python3.11/site-packages/allure_commons/_allure.py\", line 192, in impl\n    return func(*a, **kw)\n           ^^^^^^^^^^^^^^\n  File \"/home/runner/work/luma_project/luma_project/pages/base_page.py\", line 51, in element_is_present\n    return wait(self.driver, timeout).until(EC.presence_of_element_located(locator))\n           ^^^^^^^^^^^^^^^^^^^^^^^^^^^^^^^^^^^^^^^^^^^^^^^^^^^^^^^^^^^^^^^^^^^^^^^^^\n  File \"/opt/hostedtoolcache/Python/3.11.14/x64/lib/python3.11/site-packages/selenium/webdriver/support/wait.py\", line 95, in until\n    raise TimeoutException(message, screen, stacktrace)\n","steps":[{"name":"Find a present element","time":{"start":1766280862955,"stop":1766280868071,"duration":5116},"status":"broken","statusMessage":"selenium.common.exceptions.TimeoutException: Message: \nStacktrace:\n#0 0x55d824e1619a <unknown>\n#1 0x55d824893c4b <unknown>\n#2 0x55d8248e5318 <unknown>\n#3 0x55d8248e5551 <unknown>\n#4 0x55d824933764 <unknown>\n#5 0x55d824930bee <unknown>\n#6 0x55d8248d7c42 <unknown>\n#7 0x55d8248d88f1 <unknown>\n#8 0x55d824ddef39 <unknown>\n#9 0x55d824de1e7d <unknown>\n#10 0x55d824dc7c81 <unknown>\n#11 0x55d824de2a5b <unknown>\n#12 0x55d824daea50 <unknown>\n#13 0x55d824e03aa8 <unknown>\n#14 0x55d824e03c79 <unknown>\n#15 0x55d824e154f3 <unknown>\n#16 0x7fb5b069caa4 <unknown>\n#17 0x7fb5b0729c6c <unknown>\n\n","statusTrace":"  File \"/opt/hostedtoolcache/Python/3.11.14/x64/lib/python3.11/site-packages/allure_commons/_allure.py\", line 192, in impl\n    return func(*a, **kw)\n           ^^^^^^^^^^^^^^\n  File \"/home/runner/work/luma_project/luma_project/pages/base_page.py\", line 51, in element_is_present\n    return wait(self.driver, timeout).until(EC.presence_of_element_located(locator))\n           ^^^^^^^^^^^^^^^^^^^^^^^^^^^^^^^^^^^^^^^^^^^^^^^^^^^^^^^^^^^^^^^^^^^^^^^^^\n  File \"/opt/hostedtoolcache/Python/3.11.14/x64/lib/python3.11/site-packages/selenium/webdriver/support/wait.py\", line 95, in until\n    raise TimeoutException(message, screen, stacktrace)\n","steps":[],"attachments":[],"parameters":[{"name":"locator","value":"('css selector', '.footer > :nth-child(4) > a')"},{"name":"timeout","value":"5"}],"stepsCount":0,"shouldDisplayMessage":true,"attachmentsCount":0,"hasContent":true,"attachmentStep":false}],"attachments":[],"parameters":[{"name":"locator","value":"('css selector', '.footer > :nth-child(4) > a')"},{"name":"timeout","value":"10"}],"stepsCount":1,"shouldDisplayMessage":false,"attachmentsCount":0,"hasContent":true,"attachmentStep":false}],"attachments":[],"parameters":[],"stepsCount":2,"shouldDisplayMessage":false,"attachmentsCount":0,"hasContent":true,"attachmentStep":false}],"attachments":[{"uid":"2d1579c3e29c3b05","name":"Screenshot","source":"2d1579c3e29c3b05.png","type":"image/png","size":95250},{"uid":"bc60db34654e443a","name":"HTML source","source":"bc60db34654e443a.html","type":"text/html","size":7068}],"parameters":[],"stepsCount":4,"shouldDisplayMessage":true,"attachmentsCount":2,"hasContent":true,"attachmentStep":false},"afterStages":[{"name":"driver::0","time":{"start":1766280868166,"stop":1766280868226,"duration":60},"status":"passed","steps":[],"attachments":[],"parameters":[],"stepsCount":0,"shouldDisplayMessage":false,"attachmentsCount":0,"hasContent":false,"attachmentStep":false},{"name":"clear_allure_result_folder::0","time":{"start":1766282894635,"stop":1766282894635,"duration":0},"status":"passed","steps":[],"attachments":[],"parameters":[],"stepsCount":0,"shouldDisplayMessage":false,"attachmentsCount":0,"hasContent":false,"attachmentStep":false}],"labels":[{"name":"epic","value":"Test Footer"},{"name":"parentSuite","value":"tests"},{"name":"suite","value":"test_footer"},{"name":"subSuite","value":"TestFooter"},{"name":"host","value":"runnervmh13bl"},{"name":"thread","value":"2986-MainThread"},{"name":"framework","value":"pytest"},{"name":"language","value":"cpython3"},{"name":"package","value":"tests.test_footer"},{"name":"resultFormat","value":"allure2"}],"parameters":[{"name":"URL","value":"'https://magento.softwaretestingboard.com/'"}],"links":[],"hidden":false,"retry":false,"extra":{"severity":"normal","retries":[],"categories":[{"name":"Test defects","matchedStatuses":[],"flaky":false}],"history":{"statistic":{"failed":0,"broken":5,"skipped":0,"passed":0,"unknown":0,"total":5},"items":[{"uid":"ca4c4fb588b8d773","reportUrl":"https://verafes.github.io/luma_project/625/#testresult/ca4c4fb588b8d773","status":"broken","statusDetails":"selenium.common.exceptions.TimeoutException: Message: \nStacktrace:\n#0 0x561ba343c16a <unknown>\n#1 0x561ba2eb9c4b <unknown>\n#2 0x561ba2f0b318 <unknown>\n#3 0x561ba2f0b551 <unknown>\n#4 0x561ba2f59764 <unknown>\n#5 0x561ba2f56bee <unknown>\n#6 0x561ba2efdc42 <unknown>\n#7 0x561ba2efe8f1 <unknown>\n#8 0x561ba3404f09 <unknown>\n#9 0x561ba3407e4d <unknown>\n#10 0x561ba33edc51 <unknown>\n#11 0x561ba3408a2b <unknown>\n#12 0x561ba33d4a20 <unknown>\n#13 0x561ba3429a78 <unknown>\n#14 0x561ba3429c49 <unknown>\n#15 0x561ba343b4c3 <unknown>\n#16 0x7f74d929caa4 <unknown>\n#17 0x7f74d9329c6c <unknown>","time":{"start":1765676073021,"stop":1765676078352,"duration":5331}},{"uid":"b592ff4db264cd46","reportUrl":"https://verafes.github.io/luma_project/624/#testresult/b592ff4db264cd46","status":"broken","statusDetails":"selenium.common.exceptions.TimeoutException: Message: \nStacktrace:\n#0 0x557ab5b8d4ca <unknown>\n#1 0x557ab55dbe4b <unknown>\n#2 0x557ab562e814 <unknown>\n#3 0x557ab562ea51 <unknown>\n#4 0x557ab567da44 <unknown>\n#5 0x557ab567adf7 <unknown>\n#6 0x557ab5620c2a <unknown>\n#7 0x557ab5621931 <unknown>\n#8 0x557ab5b53cf9 <unknown>\n#9 0x557ab5b56cdc <unknown>\n#10 0x557ab5b3cf79 <unknown>\n#11 0x557ab5b578b5 <unknown>\n#12 0x557ab5b249c3 <unknown>\n#13 0x557ab5b7a228 <unknown>\n#14 0x557ab5b7a403 <unknown>\n#15 0x557ab5b8c463 <unknown>\n#16 0x7ff111c9caa4 <unknown>\n#17 0x7ff111d29c6c <unknown>","time":{"start":1765071243249,"stop":1765071248488,"duration":5239}},{"uid":"f92cf4a654df9fd","reportUrl":"https://verafes.github.io/luma_project/623/#testresult/f92cf4a654df9fd","status":"broken","statusDetails":"selenium.common.exceptions.TimeoutException: Message: \nStacktrace:\n#0 0x55c8f329832a <unknown>\n#1 0x55c8f2ce4e4b <unknown>\n#2 0x55c8f2d3782b <unknown>\n#3 0x55c8f2d37a61 <unknown>\n#4 0x55c8f2d86a44 <unknown>\n#5 0x55c8f2d83df7 <unknown>\n#6 0x55c8f2d29c1a <unknown>\n#7 0x55c8f2d2a921 <unknown>\n#8 0x55c8f325f239 <unknown>\n#9 0x55c8f32621e8 <unknown>\n#10 0x55c8f32484c9 <unknown>\n#11 0x55c8f3262db5 <unknown>\n#12 0x55c8f322fe93 <unknown>\n#13 0x55c8f3285098 <unknown>\n#14 0x55c8f3285273 <unknown>\n#15 0x55c8f32972c3 <unknown>\n#16 0x7fea6429caa4 <unknown>\n#17 0x7fea64329c6c <unknown>","time":{"start":1764466421727,"stop":1764466426983,"duration":5256}},{"uid":"3a4ff010fd5822ab","reportUrl":"https://verafes.github.io/luma_project/622/#testresult/3a4ff010fd5822ab","status":"broken","statusDetails":"selenium.common.exceptions.TimeoutException: Message: \nStacktrace:\n#0 0x562724b0732a <unknown>\n#1 0x562724553e4b <unknown>\n#2 0x5627245a682b <unknown>\n#3 0x5627245a6a61 <unknown>\n#4 0x5627245f5a44 <unknown>\n#5 0x5627245f2df7 <unknown>\n#6 0x562724598c1a <unknown>\n#7 0x562724599921 <unknown>\n#8 0x562724ace239 <unknown>\n#9 0x562724ad11e8 <unknown>\n#10 0x562724ab74c9 <unknown>\n#11 0x562724ad1db5 <unknown>\n#12 0x562724a9ee93 <unknown>\n#13 0x562724af4098 <unknown>\n#14 0x562724af4273 <unknown>\n#15 0x562724b062c3 <unknown>\n#16 0x7fb99389caa4 <unknown>\n#17 0x7fb993929c6c <unknown>","time":{"start":1763861672045,"stop":1763861677305,"duration":5260}}]},"tags":[]},"source":"42e0a1b0cd792819.json","parameterValues":["'https://magento.softwaretestingboard.com/'"]}