{"uid":"59d9bbe4abf28a85","name":"TC 17.01.05 Verify FYP Email field is appropriately labeled","fullName":"tests.test_forgot_your_password.TestForgotYourPassword#test_17_01_05_email_is_appropriately_labeled","historyId":"1cf445fd4b996056014fab7ab2cdf872","time":{"start":1766281011583,"stop":1766281016689,"duration":5106},"description":"Check if Email field is appropriately labeled ","descriptionHtml":"<p>Check if Email field is appropriately labeled</p>\n","status":"broken","statusMessage":"selenium.common.exceptions.TimeoutException: Message: \nStacktrace:\n#0 0x5604cec4619a <unknown>\n#1 0x5604ce6c3c4b <unknown>\n#2 0x5604ce715318 <unknown>\n#3 0x5604ce715551 <unknown>\n#4 0x5604ce763764 <unknown>\n#5 0x5604ce760bee <unknown>\n#6 0x5604ce707c42 <unknown>\n#7 0x5604ce7088f1 <unknown>\n#8 0x5604cec0ef39 <unknown>\n#9 0x5604cec11e7d <unknown>\n#10 0x5604cebf7c81 <unknown>\n#11 0x5604cec12a5b <unknown>\n#12 0x5604cebdea50 <unknown>\n#13 0x5604cec33aa8 <unknown>\n#14 0x5604cec33c79 <unknown>\n#15 0x5604cec454f3 <unknown>\n#16 0x7fed6229caa4 <unknown>\n#17 0x7fed62329c6c <unknown>","statusTrace":"self = <test_forgot_your_password.TestForgotYourPassword object at 0x7fcfebead050>\ndriver = <selenium.webdriver.chrome.webdriver.WebDriver (session=\"a581f68d5c6ad1cc3aae8c35088d8060\")>\nforgot_psw_page = <pages.forgot_your_password_page.ForgotYourPasswordPage object at 0x7fcfec733290>\n\n    @allure.title('TC 17.01.05 Verify FYP Email field is appropriately labeled')\n    def test_17_01_05_email_is_appropriately_labeled(self, driver, forgot_psw_page):\n        \"\"\"Check if Email field is appropriately labeled \"\"\"\n>       label = forgot_psw_page.check_forgot_psw_email_label()\n\ntests/test_forgot_your_password.py:52: \n_ _ _ _ _ _ _ _ _ _ _ _ _ _ _ _ _ _ _ _ _ _ _ _ _ _ _ _ _ _ _ _ _ _ _ _ _ _ _ _ \npages/forgot_your_password_page.py:24: in check_forgot_psw_email_label\n    return self.element_is_visible(self.locators.EMAIL_LABEL)\npages/base_page.py:30: in element_is_visible\n    self.go_to_element(self.element_is_present(locator))\npages/base_page.py:51: in element_is_present\n    return wait(self.driver, timeout).until(EC.presence_of_element_located(locator))\n_ _ _ _ _ _ _ _ _ _ _ _ _ _ _ _ _ _ _ _ _ _ _ _ _ _ _ _ _ _ _ _ _ _ _ _ _ _ _ _ \n\nself = <selenium.webdriver.support.wait.WebDriverWait (session=\"a581f68d5c6ad1cc3aae8c35088d8060\")>\nmethod = <function presence_of_element_located.<locals>._predicate at 0x7fcfec883600>\nmessage = ''\n\n    def until(self, method, message: str = \"\"):\n        \"\"\"Calls the method provided with the driver as an argument until the \\\n        return value does not evaluate to ``False``.\n    \n        :param method: callable(WebDriver)\n        :param message: optional message for :exc:`TimeoutException`\n        :returns: the result of the last call to `method`\n        :raises: :exc:`selenium.common.exceptions.TimeoutException` if timeout occurs\n        \"\"\"\n        screen = None\n        stacktrace = None\n    \n        end_time = time.monotonic() + self._timeout\n        while True:\n            try:\n                value = method(self._driver)\n                if value:\n                    return value\n            except self._ignored_exceptions as exc:\n                screen = getattr(exc, \"screen\", None)\n                stacktrace = getattr(exc, \"stacktrace\", None)\n            time.sleep(self._poll)\n            if time.monotonic() > end_time:\n                break\n>       raise TimeoutException(message, screen, stacktrace)\nE       selenium.common.exceptions.TimeoutException: Message: \nE       Stacktrace:\nE       #0 0x5604cec4619a <unknown>\nE       #1 0x5604ce6c3c4b <unknown>\nE       #2 0x5604ce715318 <unknown>\nE       #3 0x5604ce715551 <unknown>\nE       #4 0x5604ce763764 <unknown>\nE       #5 0x5604ce760bee <unknown>\nE       #6 0x5604ce707c42 <unknown>\nE       #7 0x5604ce7088f1 <unknown>\nE       #8 0x5604cec0ef39 <unknown>\nE       #9 0x5604cec11e7d <unknown>\nE       #10 0x5604cebf7c81 <unknown>\nE       #11 0x5604cec12a5b <unknown>\nE       #12 0x5604cebdea50 <unknown>\nE       #13 0x5604cec33aa8 <unknown>\nE       #14 0x5604cec33c79 <unknown>\nE       #15 0x5604cec454f3 <unknown>\nE       #16 0x7fed6229caa4 <unknown>\nE       #17 0x7fed62329c6c <unknown>\n\n/opt/hostedtoolcache/Python/3.11.14/x64/lib/python3.11/site-packages/selenium/webdriver/support/wait.py:95: TimeoutException","flaky":false,"newFailed":false,"newBroken":false,"newPassed":false,"retriesCount":0,"retriesStatusChange":false,"beforeStages":[{"name":"_session_faker","time":{"start":1766280511614,"stop":1766280511675,"duration":61},"status":"passed","steps":[],"attachments":[],"parameters":[],"stepsCount":0,"shouldDisplayMessage":false,"attachmentsCount":0,"hasContent":false,"attachmentStep":false},{"name":"clear_allure_result_folder","time":{"start":1766280511676,"stop":1766280511676,"duration":0},"status":"passed","steps":[],"attachments":[],"parameters":[],"stepsCount":0,"shouldDisplayMessage":false,"attachmentsCount":0,"hasContent":false,"attachmentStep":false},{"name":"driver","time":{"start":1766281010230,"stop":1766281011391,"duration":1161},"status":"passed","steps":[],"attachments":[],"parameters":[],"stepsCount":0,"shouldDisplayMessage":false,"attachmentsCount":0,"hasContent":false,"attachmentStep":false},{"name":"forgot_psw_page","time":{"start":1766281011391,"stop":1766281011583,"duration":192},"status":"passed","steps":[{"name":"Open a browser","time":{"start":1766281011391,"stop":1766281011583,"duration":192},"status":"passed","steps":[],"attachments":[],"parameters":[],"stepsCount":0,"shouldDisplayMessage":false,"attachmentsCount":0,"hasContent":false,"attachmentStep":false}],"attachments":[],"parameters":[],"stepsCount":1,"shouldDisplayMessage":false,"attachmentsCount":0,"hasContent":true,"attachmentStep":false}],"testStage":{"description":"Check if Email field is appropriately labeled ","status":"broken","statusMessage":"selenium.common.exceptions.TimeoutException: Message: \nStacktrace:\n#0 0x5604cec4619a <unknown>\n#1 0x5604ce6c3c4b <unknown>\n#2 0x5604ce715318 <unknown>\n#3 0x5604ce715551 <unknown>\n#4 0x5604ce763764 <unknown>\n#5 0x5604ce760bee <unknown>\n#6 0x5604ce707c42 <unknown>\n#7 0x5604ce7088f1 <unknown>\n#8 0x5604cec0ef39 <unknown>\n#9 0x5604cec11e7d <unknown>\n#10 0x5604cebf7c81 <unknown>\n#11 0x5604cec12a5b <unknown>\n#12 0x5604cebdea50 <unknown>\n#13 0x5604cec33aa8 <unknown>\n#14 0x5604cec33c79 <unknown>\n#15 0x5604cec454f3 <unknown>\n#16 0x7fed6229caa4 <unknown>\n#17 0x7fed62329c6c <unknown>","statusTrace":"self = <test_forgot_your_password.TestForgotYourPassword object at 0x7fcfebead050>\ndriver = <selenium.webdriver.chrome.webdriver.WebDriver (session=\"a581f68d5c6ad1cc3aae8c35088d8060\")>\nforgot_psw_page = <pages.forgot_your_password_page.ForgotYourPasswordPage object at 0x7fcfec733290>\n\n    @allure.title('TC 17.01.05 Verify FYP Email field is appropriately labeled')\n    def test_17_01_05_email_is_appropriately_labeled(self, driver, forgot_psw_page):\n        \"\"\"Check if Email field is appropriately labeled \"\"\"\n>       label = forgot_psw_page.check_forgot_psw_email_label()\n\ntests/test_forgot_your_password.py:52: \n_ _ _ _ _ _ _ _ _ _ _ _ _ _ _ _ _ _ _ _ _ _ _ _ _ _ _ _ _ _ _ _ _ _ _ _ _ _ _ _ \npages/forgot_your_password_page.py:24: in check_forgot_psw_email_label\n    return self.element_is_visible(self.locators.EMAIL_LABEL)\npages/base_page.py:30: in element_is_visible\n    self.go_to_element(self.element_is_present(locator))\npages/base_page.py:51: in element_is_present\n    return wait(self.driver, timeout).until(EC.presence_of_element_located(locator))\n_ _ _ _ _ _ _ _ _ _ _ _ _ _ _ _ _ _ _ _ _ _ _ _ _ _ _ _ _ _ _ _ _ _ _ _ _ _ _ _ \n\nself = <selenium.webdriver.support.wait.WebDriverWait (session=\"a581f68d5c6ad1cc3aae8c35088d8060\")>\nmethod = <function presence_of_element_located.<locals>._predicate at 0x7fcfec883600>\nmessage = ''\n\n    def until(self, method, message: str = \"\"):\n        \"\"\"Calls the method provided with the driver as an argument until the \\\n        return value does not evaluate to ``False``.\n    \n        :param method: callable(WebDriver)\n        :param message: optional message for :exc:`TimeoutException`\n        :returns: the result of the last call to `method`\n        :raises: :exc:`selenium.common.exceptions.TimeoutException` if timeout occurs\n        \"\"\"\n        screen = None\n        stacktrace = None\n    \n        end_time = time.monotonic() + self._timeout\n        while True:\n            try:\n                value = method(self._driver)\n                if value:\n                    return value\n            except self._ignored_exceptions as exc:\n                screen = getattr(exc, \"screen\", None)\n                stacktrace = getattr(exc, \"stacktrace\", None)\n            time.sleep(self._poll)\n            if time.monotonic() > end_time:\n                break\n>       raise TimeoutException(message, screen, stacktrace)\nE       selenium.common.exceptions.TimeoutException: Message: \nE       Stacktrace:\nE       #0 0x5604cec4619a <unknown>\nE       #1 0x5604ce6c3c4b <unknown>\nE       #2 0x5604ce715318 <unknown>\nE       #3 0x5604ce715551 <unknown>\nE       #4 0x5604ce763764 <unknown>\nE       #5 0x5604ce760bee <unknown>\nE       #6 0x5604ce707c42 <unknown>\nE       #7 0x5604ce7088f1 <unknown>\nE       #8 0x5604cec0ef39 <unknown>\nE       #9 0x5604cec11e7d <unknown>\nE       #10 0x5604cebf7c81 <unknown>\nE       #11 0x5604cec12a5b <unknown>\nE       #12 0x5604cebdea50 <unknown>\nE       #13 0x5604cec33aa8 <unknown>\nE       #14 0x5604cec33c79 <unknown>\nE       #15 0x5604cec454f3 <unknown>\nE       #16 0x7fed6229caa4 <unknown>\nE       #17 0x7fed62329c6c <unknown>\n\n/opt/hostedtoolcache/Python/3.11.14/x64/lib/python3.11/site-packages/selenium/webdriver/support/wait.py:95: TimeoutException","steps":[{"name":"Check FYP Email label is visible","time":{"start":1766281011584,"stop":1766281016689,"duration":5105},"status":"broken","statusMessage":"selenium.common.exceptions.TimeoutException: Message: \nStacktrace:\n#0 0x5604cec4619a <unknown>\n#1 0x5604ce6c3c4b <unknown>\n#2 0x5604ce715318 <unknown>\n#3 0x5604ce715551 <unknown>\n#4 0x5604ce763764 <unknown>\n#5 0x5604ce760bee <unknown>\n#6 0x5604ce707c42 <unknown>\n#7 0x5604ce7088f1 <unknown>\n#8 0x5604cec0ef39 <unknown>\n#9 0x5604cec11e7d <unknown>\n#10 0x5604cebf7c81 <unknown>\n#11 0x5604cec12a5b <unknown>\n#12 0x5604cebdea50 <unknown>\n#13 0x5604cec33aa8 <unknown>\n#14 0x5604cec33c79 <unknown>\n#15 0x5604cec454f3 <unknown>\n#16 0x7fed6229caa4 <unknown>\n#17 0x7fed62329c6c <unknown>\n\n","statusTrace":"  File \"/opt/hostedtoolcache/Python/3.11.14/x64/lib/python3.11/site-packages/allure_commons/_allure.py\", line 192, in impl\n    return func(*a, **kw)\n           ^^^^^^^^^^^^^^\n  File \"/home/runner/work/luma_project/luma_project/pages/forgot_your_password_page.py\", line 24, in check_forgot_psw_email_label\n    return self.element_is_visible(self.locators.EMAIL_LABEL)\n           ^^^^^^^^^^^^^^^^^^^^^^^^^^^^^^^^^^^^^^^^^^^^^^^^^^\n  File \"/opt/hostedtoolcache/Python/3.11.14/x64/lib/python3.11/site-packages/allure_commons/_allure.py\", line 192, in impl\n    return func(*a, **kw)\n           ^^^^^^^^^^^^^^\n  File \"/home/runner/work/luma_project/luma_project/pages/base_page.py\", line 30, in element_is_visible\n    self.go_to_element(self.element_is_present(locator))\n                       ^^^^^^^^^^^^^^^^^^^^^^^^^^^^^^^^\n  File \"/opt/hostedtoolcache/Python/3.11.14/x64/lib/python3.11/site-packages/allure_commons/_allure.py\", line 192, in impl\n    return func(*a, **kw)\n           ^^^^^^^^^^^^^^\n  File \"/home/runner/work/luma_project/luma_project/pages/base_page.py\", line 51, in element_is_present\n    return wait(self.driver, timeout).until(EC.presence_of_element_located(locator))\n           ^^^^^^^^^^^^^^^^^^^^^^^^^^^^^^^^^^^^^^^^^^^^^^^^^^^^^^^^^^^^^^^^^^^^^^^^^\n  File \"/opt/hostedtoolcache/Python/3.11.14/x64/lib/python3.11/site-packages/selenium/webdriver/support/wait.py\", line 95, in until\n    raise TimeoutException(message, screen, stacktrace)\n","steps":[{"name":"Find a visible element","time":{"start":1766281011584,"stop":1766281016688,"duration":5104},"status":"broken","statusMessage":"selenium.common.exceptions.TimeoutException: Message: \nStacktrace:\n#0 0x5604cec4619a <unknown>\n#1 0x5604ce6c3c4b <unknown>\n#2 0x5604ce715318 <unknown>\n#3 0x5604ce715551 <unknown>\n#4 0x5604ce763764 <unknown>\n#5 0x5604ce760bee <unknown>\n#6 0x5604ce707c42 <unknown>\n#7 0x5604ce7088f1 <unknown>\n#8 0x5604cec0ef39 <unknown>\n#9 0x5604cec11e7d <unknown>\n#10 0x5604cebf7c81 <unknown>\n#11 0x5604cec12a5b <unknown>\n#12 0x5604cebdea50 <unknown>\n#13 0x5604cec33aa8 <unknown>\n#14 0x5604cec33c79 <unknown>\n#15 0x5604cec454f3 <unknown>\n#16 0x7fed6229caa4 <unknown>\n#17 0x7fed62329c6c <unknown>\n\n","statusTrace":"  File \"/opt/hostedtoolcache/Python/3.11.14/x64/lib/python3.11/site-packages/allure_commons/_allure.py\", line 192, in impl\n    return func(*a, **kw)\n           ^^^^^^^^^^^^^^\n  File \"/home/runner/work/luma_project/luma_project/pages/base_page.py\", line 30, in element_is_visible\n    self.go_to_element(self.element_is_present(locator))\n                       ^^^^^^^^^^^^^^^^^^^^^^^^^^^^^^^^\n  File \"/opt/hostedtoolcache/Python/3.11.14/x64/lib/python3.11/site-packages/allure_commons/_allure.py\", line 192, in impl\n    return func(*a, **kw)\n           ^^^^^^^^^^^^^^\n  File \"/home/runner/work/luma_project/luma_project/pages/base_page.py\", line 51, in element_is_present\n    return wait(self.driver, timeout).until(EC.presence_of_element_located(locator))\n           ^^^^^^^^^^^^^^^^^^^^^^^^^^^^^^^^^^^^^^^^^^^^^^^^^^^^^^^^^^^^^^^^^^^^^^^^^\n  File \"/opt/hostedtoolcache/Python/3.11.14/x64/lib/python3.11/site-packages/selenium/webdriver/support/wait.py\", line 95, in until\n    raise TimeoutException(message, screen, stacktrace)\n","steps":[{"name":"Find a present element","time":{"start":1766281011584,"stop":1766281016688,"duration":5104},"status":"broken","statusMessage":"selenium.common.exceptions.TimeoutException: Message: \nStacktrace:\n#0 0x5604cec4619a <unknown>\n#1 0x5604ce6c3c4b <unknown>\n#2 0x5604ce715318 <unknown>\n#3 0x5604ce715551 <unknown>\n#4 0x5604ce763764 <unknown>\n#5 0x5604ce760bee <unknown>\n#6 0x5604ce707c42 <unknown>\n#7 0x5604ce7088f1 <unknown>\n#8 0x5604cec0ef39 <unknown>\n#9 0x5604cec11e7d <unknown>\n#10 0x5604cebf7c81 <unknown>\n#11 0x5604cec12a5b <unknown>\n#12 0x5604cebdea50 <unknown>\n#13 0x5604cec33aa8 <unknown>\n#14 0x5604cec33c79 <unknown>\n#15 0x5604cec454f3 <unknown>\n#16 0x7fed6229caa4 <unknown>\n#17 0x7fed62329c6c <unknown>\n\n","statusTrace":"  File \"/opt/hostedtoolcache/Python/3.11.14/x64/lib/python3.11/site-packages/allure_commons/_allure.py\", line 192, in impl\n    return func(*a, **kw)\n           ^^^^^^^^^^^^^^\n  File \"/home/runner/work/luma_project/luma_project/pages/base_page.py\", line 51, in element_is_present\n    return wait(self.driver, timeout).until(EC.presence_of_element_located(locator))\n           ^^^^^^^^^^^^^^^^^^^^^^^^^^^^^^^^^^^^^^^^^^^^^^^^^^^^^^^^^^^^^^^^^^^^^^^^^\n  File \"/opt/hostedtoolcache/Python/3.11.14/x64/lib/python3.11/site-packages/selenium/webdriver/support/wait.py\", line 95, in until\n    raise TimeoutException(message, screen, stacktrace)\n","steps":[],"attachments":[],"parameters":[{"name":"locator","value":"('css selector', \"label[for='email_address'] span\")"},{"name":"timeout","value":"5"}],"stepsCount":0,"shouldDisplayMessage":true,"attachmentsCount":0,"hasContent":true,"attachmentStep":false}],"attachments":[],"parameters":[{"name":"locator","value":"('css selector', \"label[for='email_address'] span\")"},{"name":"timeout","value":"10"}],"stepsCount":1,"shouldDisplayMessage":false,"attachmentsCount":0,"hasContent":true,"attachmentStep":false}],"attachments":[],"parameters":[],"stepsCount":2,"shouldDisplayMessage":false,"attachmentsCount":0,"hasContent":true,"attachmentStep":false}],"attachments":[{"uid":"d4d2cc7c4bfd65","name":"Screenshot","source":"d4d2cc7c4bfd65.png","type":"image/png","size":95591},{"uid":"d18485f1eb8c7abb","name":"HTML source","source":"d18485f1eb8c7abb.html","type":"text/html","size":7069}],"parameters":[],"stepsCount":3,"shouldDisplayMessage":true,"attachmentsCount":2,"hasContent":true,"attachmentStep":false},"afterStages":[{"name":"driver::0","time":{"start":1766281016770,"stop":1766281016830,"duration":60},"status":"passed","steps":[],"attachments":[],"parameters":[],"stepsCount":0,"shouldDisplayMessage":false,"attachmentsCount":0,"hasContent":false,"attachmentStep":false},{"name":"clear_allure_result_folder::0","time":{"start":1766282894635,"stop":1766282894635,"duration":0},"status":"passed","steps":[],"attachments":[],"parameters":[],"stepsCount":0,"shouldDisplayMessage":false,"attachmentsCount":0,"hasContent":false,"attachmentStep":false}],"labels":[{"name":"epic","value":"Forgot Your Password Page"},{"name":"parentSuite","value":"tests"},{"name":"suite","value":"test_forgot_your_password"},{"name":"subSuite","value":"TestForgotYourPassword"},{"name":"host","value":"runnervmh13bl"},{"name":"thread","value":"2986-MainThread"},{"name":"framework","value":"pytest"},{"name":"language","value":"cpython3"},{"name":"package","value":"tests.test_forgot_your_password"},{"name":"resultFormat","value":"allure2"}],"parameters":[],"links":[],"hidden":false,"retry":false,"extra":{"severity":"normal","retries":[],"categories":[{"name":"Test defects","matchedStatuses":[],"flaky":false}],"history":{"statistic":{"failed":0,"broken":5,"skipped":0,"passed":0,"unknown":0,"total":5},"items":[{"uid":"e9af29d4947ef67f","reportUrl":"https://verafes.github.io/luma_project/625/#testresult/e9af29d4947ef67f","status":"broken","statusDetails":"selenium.common.exceptions.TimeoutException: Message: \nStacktrace:\n#0 0x56430a4b516a <unknown>\n#1 0x564309f32c4b <unknown>\n#2 0x564309f84318 <unknown>\n#3 0x564309f84551 <unknown>\n#4 0x564309fd2764 <unknown>\n#5 0x564309fcfbee <unknown>\n#6 0x564309f76c42 <unknown>\n#7 0x564309f778f1 <unknown>\n#8 0x56430a47df09 <unknown>\n#9 0x56430a480e4d <unknown>\n#10 0x56430a466c51 <unknown>\n#11 0x56430a481a2b <unknown>\n#12 0x56430a44da20 <unknown>\n#13 0x56430a4a2a78 <unknown>\n#14 0x56430a4a2c49 <unknown>\n#15 0x56430a4b44c3 <unknown>\n#16 0x7fe7c8c9caa4 <unknown>\n#17 0x7fe7c8d29c6c <unknown>","time":{"start":1765676222082,"stop":1765676227198,"duration":5116}},{"uid":"ace32f9a0205eecf","reportUrl":"https://verafes.github.io/luma_project/624/#testresult/ace32f9a0205eecf","status":"broken","statusDetails":"selenium.common.exceptions.TimeoutException: Message: \nStacktrace:\n#0 0x5612e32d14ca <unknown>\n#1 0x5612e2d1fe4b <unknown>\n#2 0x5612e2d72814 <unknown>\n#3 0x5612e2d72a51 <unknown>\n#4 0x5612e2dc1a44 <unknown>\n#5 0x5612e2dbedf7 <unknown>\n#6 0x5612e2d64c2a <unknown>\n#7 0x5612e2d65931 <unknown>\n#8 0x5612e3297cf9 <unknown>\n#9 0x5612e329acdc <unknown>\n#10 0x5612e3280f79 <unknown>\n#11 0x5612e329b8b5 <unknown>\n#12 0x5612e32689c3 <unknown>\n#13 0x5612e32be228 <unknown>\n#14 0x5612e32be403 <unknown>\n#15 0x5612e32d0463 <unknown>\n#16 0x7f434929caa4 <unknown>\n#17 0x7f4349329c6c <unknown>","time":{"start":1765071392324,"stop":1765071397427,"duration":5103}},{"uid":"ec86796ce2654208","reportUrl":"https://verafes.github.io/luma_project/623/#testresult/ec86796ce2654208","status":"broken","statusDetails":"selenium.common.exceptions.TimeoutException: Message: \nStacktrace:\n#0 0x55bd21fb232a <unknown>\n#1 0x55bd219fee4b <unknown>\n#2 0x55bd21a5182b <unknown>\n#3 0x55bd21a51a61 <unknown>\n#4 0x55bd21aa0a44 <unknown>\n#5 0x55bd21a9ddf7 <unknown>\n#6 0x55bd21a43c1a <unknown>\n#7 0x55bd21a44921 <unknown>\n#8 0x55bd21f79239 <unknown>\n#9 0x55bd21f7c1e8 <unknown>\n#10 0x55bd21f624c9 <unknown>\n#11 0x55bd21f7cdb5 <unknown>\n#12 0x55bd21f49e93 <unknown>\n#13 0x55bd21f9f098 <unknown>\n#14 0x55bd21f9f273 <unknown>\n#15 0x55bd21fb12c3 <unknown>\n#16 0x7f912a89caa4 <unknown>\n#17 0x7f912a929c6c <unknown>","time":{"start":1764466571111,"stop":1764466576216,"duration":5105}},{"uid":"bfec18e356a6ad73","reportUrl":"https://verafes.github.io/luma_project/622/#testresult/bfec18e356a6ad73","status":"broken","statusDetails":"selenium.common.exceptions.TimeoutException: Message: \nStacktrace:\n#0 0x55b5b1d7f32a <unknown>\n#1 0x55b5b17cbe4b <unknown>\n#2 0x55b5b181e82b <unknown>\n#3 0x55b5b181ea61 <unknown>\n#4 0x55b5b186da44 <unknown>\n#5 0x55b5b186adf7 <unknown>\n#6 0x55b5b1810c1a <unknown>\n#7 0x55b5b1811921 <unknown>\n#8 0x55b5b1d46239 <unknown>\n#9 0x55b5b1d491e8 <unknown>\n#10 0x55b5b1d2f4c9 <unknown>\n#11 0x55b5b1d49db5 <unknown>\n#12 0x55b5b1d16e93 <unknown>\n#13 0x55b5b1d6c098 <unknown>\n#14 0x55b5b1d6c273 <unknown>\n#15 0x55b5b1d7e2c3 <unknown>\n#16 0x7efc15c9caa4 <unknown>\n#17 0x7efc15d29c6c <unknown>","time":{"start":1763861822057,"stop":1763861827162,"duration":5105}}]},"tags":[]},"source":"59d9bbe4abf28a85.json","parameterValues":[]}