{"uid":"5ecb70371821f32e","name":"TC 03.01.12 Verify Password field highlighting on click","fullName":"tests.test_sign_in.TestRegisteredCustomers#test_03_01_12_password_field_gets_highlighted_when_clicked","historyId":"7069a6b826d83e694d0af88855470aab","time":{"start":1766282558002,"stop":1766282563108,"duration":5106},"description":"\n        Check the Password field is activated with a cursor and gets highlighted when clicked\n        ","descriptionHtml":"<pre><code>    Check the Password field is activated with a cursor and gets highlighted when clicked\n</code></pre>\n","status":"broken","statusMessage":"selenium.common.exceptions.TimeoutException: Message: \nStacktrace:\n#0 0x55b320ae319a <unknown>\n#1 0x55b320560c4b <unknown>\n#2 0x55b3205b2318 <unknown>\n#3 0x55b3205b2551 <unknown>\n#4 0x55b320600764 <unknown>\n#5 0x55b3205fdbee <unknown>\n#6 0x55b3205a4c42 <unknown>\n#7 0x55b3205a58f1 <unknown>\n#8 0x55b320aabf39 <unknown>\n#9 0x55b320aaee7d <unknown>\n#10 0x55b320a94c81 <unknown>\n#11 0x55b320aafa5b <unknown>\n#12 0x55b320a7ba50 <unknown>\n#13 0x55b320ad0aa8 <unknown>\n#14 0x55b320ad0c79 <unknown>\n#15 0x55b320ae24f3 <unknown>\n#16 0x7f02ef49caa4 <unknown>\n#17 0x7f02ef529c6c <unknown>","statusTrace":"self = <test_sign_in.TestRegisteredCustomers object at 0x7fcfea9ed210>\ndriver = <selenium.webdriver.chrome.webdriver.WebDriver (session=\"3556895c4b88c0812d81ea9d180c115a\")>\nsign_in_page = <pages.sign_in_page.SignInPage object at 0x7fcfebd13310>\n\n    @allure.title('TC 03.01.12 Verify Password field highlighting on click')\n    @allure.severity(allure.severity_level.MINOR)\n    def test_03_01_12_password_field_gets_highlighted_when_clicked(self, driver, sign_in_page):\n        \"\"\"\n        Check the Password field is activated with a cursor and gets highlighted when clicked\n        \"\"\"\n>       initial_psw_box_shadow, active_psw_box_shadow = sign_in_page.activate_password_field_and_check_style()\n\ntests/test_sign_in.py:122: \n_ _ _ _ _ _ _ _ _ _ _ _ _ _ _ _ _ _ _ _ _ _ _ _ _ _ _ _ _ _ _ _ _ _ _ _ _ _ _ _ \npages/sign_in_page.py:84: in activate_password_field_and_check_style\n    return self.activate_field_and_check_style(self.locators.CUSTOMER_PASSWORD)\npages/base_page.py:311: in activate_field_and_check_style\n    initial_box_shadow = self.check_element_hover_style(locator, 'box-shadow', 5)\npages/base_page.py:121: in check_element_hover_style\n    element = self.element_is_visible(locator)  # Get the WebElement using locator\npages/base_page.py:30: in element_is_visible\n    self.go_to_element(self.element_is_present(locator))\npages/base_page.py:51: in element_is_present\n    return wait(self.driver, timeout).until(EC.presence_of_element_located(locator))\n_ _ _ _ _ _ _ _ _ _ _ _ _ _ _ _ _ _ _ _ _ _ _ _ _ _ _ _ _ _ _ _ _ _ _ _ _ _ _ _ \n\nself = <selenium.webdriver.support.wait.WebDriverWait (session=\"3556895c4b88c0812d81ea9d180c115a\")>\nmethod = <function presence_of_element_located.<locals>._predicate at 0x7fcfec015940>\nmessage = ''\n\n    def until(self, method, message: str = \"\"):\n        \"\"\"Calls the method provided with the driver as an argument until the \\\n        return value does not evaluate to ``False``.\n    \n        :param method: callable(WebDriver)\n        :param message: optional message for :exc:`TimeoutException`\n        :returns: the result of the last call to `method`\n        :raises: :exc:`selenium.common.exceptions.TimeoutException` if timeout occurs\n        \"\"\"\n        screen = None\n        stacktrace = None\n    \n        end_time = time.monotonic() + self._timeout\n        while True:\n            try:\n                value = method(self._driver)\n                if value:\n                    return value\n            except self._ignored_exceptions as exc:\n                screen = getattr(exc, \"screen\", None)\n                stacktrace = getattr(exc, \"stacktrace\", None)\n            time.sleep(self._poll)\n            if time.monotonic() > end_time:\n                break\n>       raise TimeoutException(message, screen, stacktrace)\nE       selenium.common.exceptions.TimeoutException: Message: \nE       Stacktrace:\nE       #0 0x55b320ae319a <unknown>\nE       #1 0x55b320560c4b <unknown>\nE       #2 0x55b3205b2318 <unknown>\nE       #3 0x55b3205b2551 <unknown>\nE       #4 0x55b320600764 <unknown>\nE       #5 0x55b3205fdbee <unknown>\nE       #6 0x55b3205a4c42 <unknown>\nE       #7 0x55b3205a58f1 <unknown>\nE       #8 0x55b320aabf39 <unknown>\nE       #9 0x55b320aaee7d <unknown>\nE       #10 0x55b320a94c81 <unknown>\nE       #11 0x55b320aafa5b <unknown>\nE       #12 0x55b320a7ba50 <unknown>\nE       #13 0x55b320ad0aa8 <unknown>\nE       #14 0x55b320ad0c79 <unknown>\nE       #15 0x55b320ae24f3 <unknown>\nE       #16 0x7f02ef49caa4 <unknown>\nE       #17 0x7f02ef529c6c <unknown>\n\n/opt/hostedtoolcache/Python/3.11.14/x64/lib/python3.11/site-packages/selenium/webdriver/support/wait.py:95: TimeoutException","flaky":false,"newFailed":false,"newBroken":false,"newPassed":false,"retriesCount":0,"retriesStatusChange":false,"beforeStages":[{"name":"_session_faker","time":{"start":1766280511614,"stop":1766280511675,"duration":61},"status":"passed","steps":[],"attachments":[],"parameters":[],"stepsCount":0,"shouldDisplayMessage":false,"attachmentsCount":0,"hasContent":false,"attachmentStep":false},{"name":"clear_allure_result_folder","time":{"start":1766280511676,"stop":1766280511676,"duration":0},"status":"passed","steps":[],"attachments":[],"parameters":[],"stepsCount":0,"shouldDisplayMessage":false,"attachmentsCount":0,"hasContent":false,"attachmentStep":false},{"name":"driver","time":{"start":1766282556692,"stop":1766282557854,"duration":1162},"status":"passed","steps":[],"attachments":[],"parameters":[],"stepsCount":0,"shouldDisplayMessage":false,"attachmentsCount":0,"hasContent":false,"attachmentStep":false},{"name":"sign_in_page","time":{"start":1766282557854,"stop":1766282558002,"duration":148},"status":"passed","steps":[{"name":"Open a browser","time":{"start":1766282557854,"stop":1766282558002,"duration":148},"status":"passed","steps":[],"attachments":[],"parameters":[],"stepsCount":0,"shouldDisplayMessage":false,"attachmentsCount":0,"hasContent":false,"attachmentStep":false}],"attachments":[],"parameters":[],"stepsCount":1,"shouldDisplayMessage":false,"attachmentsCount":0,"hasContent":true,"attachmentStep":false}],"testStage":{"description":"\n        Check the Password field is activated with a cursor and gets highlighted when clicked\n        ","status":"broken","statusMessage":"selenium.common.exceptions.TimeoutException: Message: \nStacktrace:\n#0 0x55b320ae319a <unknown>\n#1 0x55b320560c4b <unknown>\n#2 0x55b3205b2318 <unknown>\n#3 0x55b3205b2551 <unknown>\n#4 0x55b320600764 <unknown>\n#5 0x55b3205fdbee <unknown>\n#6 0x55b3205a4c42 <unknown>\n#7 0x55b3205a58f1 <unknown>\n#8 0x55b320aabf39 <unknown>\n#9 0x55b320aaee7d <unknown>\n#10 0x55b320a94c81 <unknown>\n#11 0x55b320aafa5b <unknown>\n#12 0x55b320a7ba50 <unknown>\n#13 0x55b320ad0aa8 <unknown>\n#14 0x55b320ad0c79 <unknown>\n#15 0x55b320ae24f3 <unknown>\n#16 0x7f02ef49caa4 <unknown>\n#17 0x7f02ef529c6c <unknown>","statusTrace":"self = <test_sign_in.TestRegisteredCustomers object at 0x7fcfea9ed210>\ndriver = <selenium.webdriver.chrome.webdriver.WebDriver (session=\"3556895c4b88c0812d81ea9d180c115a\")>\nsign_in_page = <pages.sign_in_page.SignInPage object at 0x7fcfebd13310>\n\n    @allure.title('TC 03.01.12 Verify Password field highlighting on click')\n    @allure.severity(allure.severity_level.MINOR)\n    def test_03_01_12_password_field_gets_highlighted_when_clicked(self, driver, sign_in_page):\n        \"\"\"\n        Check the Password field is activated with a cursor and gets highlighted when clicked\n        \"\"\"\n>       initial_psw_box_shadow, active_psw_box_shadow = sign_in_page.activate_password_field_and_check_style()\n\ntests/test_sign_in.py:122: \n_ _ _ _ _ _ _ _ _ _ _ _ _ _ _ _ _ _ _ _ _ _ _ _ _ _ _ _ _ _ _ _ _ _ _ _ _ _ _ _ \npages/sign_in_page.py:84: in activate_password_field_and_check_style\n    return self.activate_field_and_check_style(self.locators.CUSTOMER_PASSWORD)\npages/base_page.py:311: in activate_field_and_check_style\n    initial_box_shadow = self.check_element_hover_style(locator, 'box-shadow', 5)\npages/base_page.py:121: in check_element_hover_style\n    element = self.element_is_visible(locator)  # Get the WebElement using locator\npages/base_page.py:30: in element_is_visible\n    self.go_to_element(self.element_is_present(locator))\npages/base_page.py:51: in element_is_present\n    return wait(self.driver, timeout).until(EC.presence_of_element_located(locator))\n_ _ _ _ _ _ _ _ _ _ _ _ _ _ _ _ _ _ _ _ _ _ _ _ _ _ _ _ _ _ _ _ _ _ _ _ _ _ _ _ \n\nself = <selenium.webdriver.support.wait.WebDriverWait (session=\"3556895c4b88c0812d81ea9d180c115a\")>\nmethod = <function presence_of_element_located.<locals>._predicate at 0x7fcfec015940>\nmessage = ''\n\n    def until(self, method, message: str = \"\"):\n        \"\"\"Calls the method provided with the driver as an argument until the \\\n        return value does not evaluate to ``False``.\n    \n        :param method: callable(WebDriver)\n        :param message: optional message for :exc:`TimeoutException`\n        :returns: the result of the last call to `method`\n        :raises: :exc:`selenium.common.exceptions.TimeoutException` if timeout occurs\n        \"\"\"\n        screen = None\n        stacktrace = None\n    \n        end_time = time.monotonic() + self._timeout\n        while True:\n            try:\n                value = method(self._driver)\n                if value:\n                    return value\n            except self._ignored_exceptions as exc:\n                screen = getattr(exc, \"screen\", None)\n                stacktrace = getattr(exc, \"stacktrace\", None)\n            time.sleep(self._poll)\n            if time.monotonic() > end_time:\n                break\n>       raise TimeoutException(message, screen, stacktrace)\nE       selenium.common.exceptions.TimeoutException: Message: \nE       Stacktrace:\nE       #0 0x55b320ae319a <unknown>\nE       #1 0x55b320560c4b <unknown>\nE       #2 0x55b3205b2318 <unknown>\nE       #3 0x55b3205b2551 <unknown>\nE       #4 0x55b320600764 <unknown>\nE       #5 0x55b3205fdbee <unknown>\nE       #6 0x55b3205a4c42 <unknown>\nE       #7 0x55b3205a58f1 <unknown>\nE       #8 0x55b320aabf39 <unknown>\nE       #9 0x55b320aaee7d <unknown>\nE       #10 0x55b320a94c81 <unknown>\nE       #11 0x55b320aafa5b <unknown>\nE       #12 0x55b320a7ba50 <unknown>\nE       #13 0x55b320ad0aa8 <unknown>\nE       #14 0x55b320ad0c79 <unknown>\nE       #15 0x55b320ae24f3 <unknown>\nE       #16 0x7f02ef49caa4 <unknown>\nE       #17 0x7f02ef529c6c <unknown>\n\n/opt/hostedtoolcache/Python/3.11.14/x64/lib/python3.11/site-packages/selenium/webdriver/support/wait.py:95: TimeoutException","steps":[{"name":"Activate Password field and check style","time":{"start":1766282558003,"stop":1766282563107,"duration":5104},"status":"broken","statusMessage":"selenium.common.exceptions.TimeoutException: Message: \nStacktrace:\n#0 0x55b320ae319a <unknown>\n#1 0x55b320560c4b <unknown>\n#2 0x55b3205b2318 <unknown>\n#3 0x55b3205b2551 <unknown>\n#4 0x55b320600764 <unknown>\n#5 0x55b3205fdbee <unknown>\n#6 0x55b3205a4c42 <unknown>\n#7 0x55b3205a58f1 <unknown>\n#8 0x55b320aabf39 <unknown>\n#9 0x55b320aaee7d <unknown>\n#10 0x55b320a94c81 <unknown>\n#11 0x55b320aafa5b <unknown>\n#12 0x55b320a7ba50 <unknown>\n#13 0x55b320ad0aa8 <unknown>\n#14 0x55b320ad0c79 <unknown>\n#15 0x55b320ae24f3 <unknown>\n#16 0x7f02ef49caa4 <unknown>\n#17 0x7f02ef529c6c <unknown>\n\n","statusTrace":"  File \"/opt/hostedtoolcache/Python/3.11.14/x64/lib/python3.11/site-packages/allure_commons/_allure.py\", line 192, in impl\n    return func(*a, **kw)\n           ^^^^^^^^^^^^^^\n  File \"/home/runner/work/luma_project/luma_project/pages/sign_in_page.py\", line 84, in activate_password_field_and_check_style\n    return self.activate_field_and_check_style(self.locators.CUSTOMER_PASSWORD)\n           ^^^^^^^^^^^^^^^^^^^^^^^^^^^^^^^^^^^^^^^^^^^^^^^^^^^^^^^^^^^^^^^^^^^^\n  File \"/opt/hostedtoolcache/Python/3.11.14/x64/lib/python3.11/site-packages/allure_commons/_allure.py\", line 192, in impl\n    return func(*a, **kw)\n           ^^^^^^^^^^^^^^\n  File \"/home/runner/work/luma_project/luma_project/pages/base_page.py\", line 311, in activate_field_and_check_style\n    initial_box_shadow = self.check_element_hover_style(locator, 'box-shadow', 5)\n                         ^^^^^^^^^^^^^^^^^^^^^^^^^^^^^^^^^^^^^^^^^^^^^^^^^^^^^^^^\n  File \"/opt/hostedtoolcache/Python/3.11.14/x64/lib/python3.11/site-packages/allure_commons/_allure.py\", line 192, in impl\n    return func(*a, **kw)\n           ^^^^^^^^^^^^^^\n  File \"/home/runner/work/luma_project/luma_project/pages/base_page.py\", line 121, in check_element_hover_style\n    element = self.element_is_visible(locator)  # Get the WebElement using locator\n              ^^^^^^^^^^^^^^^^^^^^^^^^^^^^^^^^\n  File \"/opt/hostedtoolcache/Python/3.11.14/x64/lib/python3.11/site-packages/allure_commons/_allure.py\", line 192, in impl\n    return func(*a, **kw)\n           ^^^^^^^^^^^^^^\n  File \"/home/runner/work/luma_project/luma_project/pages/base_page.py\", line 30, in element_is_visible\n    self.go_to_element(self.element_is_present(locator))\n                       ^^^^^^^^^^^^^^^^^^^^^^^^^^^^^^^^\n  File \"/opt/hostedtoolcache/Python/3.11.14/x64/lib/python3.11/site-packages/allure_commons/_allure.py\", line 192, in impl\n    return func(*a, **kw)\n           ^^^^^^^^^^^^^^\n  File \"/home/runner/work/luma_project/luma_project/pages/base_page.py\", line 51, in element_is_present\n    return wait(self.driver, timeout).until(EC.presence_of_element_located(locator))\n           ^^^^^^^^^^^^^^^^^^^^^^^^^^^^^^^^^^^^^^^^^^^^^^^^^^^^^^^^^^^^^^^^^^^^^^^^^\n  File \"/opt/hostedtoolcache/Python/3.11.14/x64/lib/python3.11/site-packages/selenium/webdriver/support/wait.py\", line 95, in until\n    raise TimeoutException(message, screen, stacktrace)\n","steps":[{"name":"Activate the field and get the styles before and after activation","time":{"start":1766282558003,"stop":1766282563107,"duration":5104},"status":"broken","statusMessage":"selenium.common.exceptions.TimeoutException: Message: \nStacktrace:\n#0 0x55b320ae319a <unknown>\n#1 0x55b320560c4b <unknown>\n#2 0x55b3205b2318 <unknown>\n#3 0x55b3205b2551 <unknown>\n#4 0x55b320600764 <unknown>\n#5 0x55b3205fdbee <unknown>\n#6 0x55b3205a4c42 <unknown>\n#7 0x55b3205a58f1 <unknown>\n#8 0x55b320aabf39 <unknown>\n#9 0x55b320aaee7d <unknown>\n#10 0x55b320a94c81 <unknown>\n#11 0x55b320aafa5b <unknown>\n#12 0x55b320a7ba50 <unknown>\n#13 0x55b320ad0aa8 <unknown>\n#14 0x55b320ad0c79 <unknown>\n#15 0x55b320ae24f3 <unknown>\n#16 0x7f02ef49caa4 <unknown>\n#17 0x7f02ef529c6c <unknown>\n\n","statusTrace":"  File \"/opt/hostedtoolcache/Python/3.11.14/x64/lib/python3.11/site-packages/allure_commons/_allure.py\", line 192, in impl\n    return func(*a, **kw)\n           ^^^^^^^^^^^^^^\n  File \"/home/runner/work/luma_project/luma_project/pages/base_page.py\", line 311, in activate_field_and_check_style\n    initial_box_shadow = self.check_element_hover_style(locator, 'box-shadow', 5)\n                         ^^^^^^^^^^^^^^^^^^^^^^^^^^^^^^^^^^^^^^^^^^^^^^^^^^^^^^^^\n  File \"/opt/hostedtoolcache/Python/3.11.14/x64/lib/python3.11/site-packages/allure_commons/_allure.py\", line 192, in impl\n    return func(*a, **kw)\n           ^^^^^^^^^^^^^^\n  File \"/home/runner/work/luma_project/luma_project/pages/base_page.py\", line 121, in check_element_hover_style\n    element = self.element_is_visible(locator)  # Get the WebElement using locator\n              ^^^^^^^^^^^^^^^^^^^^^^^^^^^^^^^^\n  File \"/opt/hostedtoolcache/Python/3.11.14/x64/lib/python3.11/site-packages/allure_commons/_allure.py\", line 192, in impl\n    return func(*a, **kw)\n           ^^^^^^^^^^^^^^\n  File \"/home/runner/work/luma_project/luma_project/pages/base_page.py\", line 30, in element_is_visible\n    self.go_to_element(self.element_is_present(locator))\n                       ^^^^^^^^^^^^^^^^^^^^^^^^^^^^^^^^\n  File \"/opt/hostedtoolcache/Python/3.11.14/x64/lib/python3.11/site-packages/allure_commons/_allure.py\", line 192, in impl\n    return func(*a, **kw)\n           ^^^^^^^^^^^^^^\n  File \"/home/runner/work/luma_project/luma_project/pages/base_page.py\", line 51, in element_is_present\n    return wait(self.driver, timeout).until(EC.presence_of_element_located(locator))\n           ^^^^^^^^^^^^^^^^^^^^^^^^^^^^^^^^^^^^^^^^^^^^^^^^^^^^^^^^^^^^^^^^^^^^^^^^^\n  File \"/opt/hostedtoolcache/Python/3.11.14/x64/lib/python3.11/site-packages/selenium/webdriver/support/wait.py\", line 95, in until\n    raise TimeoutException(message, screen, stacktrace)\n","steps":[{"name":"Check element hover style","time":{"start":1766282558003,"stop":1766282563107,"duration":5104},"status":"broken","statusMessage":"selenium.common.exceptions.TimeoutException: Message: \nStacktrace:\n#0 0x55b320ae319a <unknown>\n#1 0x55b320560c4b <unknown>\n#2 0x55b3205b2318 <unknown>\n#3 0x55b3205b2551 <unknown>\n#4 0x55b320600764 <unknown>\n#5 0x55b3205fdbee <unknown>\n#6 0x55b3205a4c42 <unknown>\n#7 0x55b3205a58f1 <unknown>\n#8 0x55b320aabf39 <unknown>\n#9 0x55b320aaee7d <unknown>\n#10 0x55b320a94c81 <unknown>\n#11 0x55b320aafa5b <unknown>\n#12 0x55b320a7ba50 <unknown>\n#13 0x55b320ad0aa8 <unknown>\n#14 0x55b320ad0c79 <unknown>\n#15 0x55b320ae24f3 <unknown>\n#16 0x7f02ef49caa4 <unknown>\n#17 0x7f02ef529c6c <unknown>\n\n","statusTrace":"  File \"/opt/hostedtoolcache/Python/3.11.14/x64/lib/python3.11/site-packages/allure_commons/_allure.py\", line 192, in impl\n    return func(*a, **kw)\n           ^^^^^^^^^^^^^^\n  File \"/home/runner/work/luma_project/luma_project/pages/base_page.py\", line 121, in check_element_hover_style\n    element = self.element_is_visible(locator)  # Get the WebElement using locator\n              ^^^^^^^^^^^^^^^^^^^^^^^^^^^^^^^^\n  File \"/opt/hostedtoolcache/Python/3.11.14/x64/lib/python3.11/site-packages/allure_commons/_allure.py\", line 192, in impl\n    return func(*a, **kw)\n           ^^^^^^^^^^^^^^\n  File \"/home/runner/work/luma_project/luma_project/pages/base_page.py\", line 30, in element_is_visible\n    self.go_to_element(self.element_is_present(locator))\n                       ^^^^^^^^^^^^^^^^^^^^^^^^^^^^^^^^\n  File \"/opt/hostedtoolcache/Python/3.11.14/x64/lib/python3.11/site-packages/allure_commons/_allure.py\", line 192, in impl\n    return func(*a, **kw)\n           ^^^^^^^^^^^^^^\n  File \"/home/runner/work/luma_project/luma_project/pages/base_page.py\", line 51, in element_is_present\n    return wait(self.driver, timeout).until(EC.presence_of_element_located(locator))\n           ^^^^^^^^^^^^^^^^^^^^^^^^^^^^^^^^^^^^^^^^^^^^^^^^^^^^^^^^^^^^^^^^^^^^^^^^^\n  File \"/opt/hostedtoolcache/Python/3.11.14/x64/lib/python3.11/site-packages/selenium/webdriver/support/wait.py\", line 95, in until\n    raise TimeoutException(message, screen, stacktrace)\n","steps":[{"name":"Find a visible element","time":{"start":1766282558003,"stop":1766282563106,"duration":5103},"status":"broken","statusMessage":"selenium.common.exceptions.TimeoutException: Message: \nStacktrace:\n#0 0x55b320ae319a <unknown>\n#1 0x55b320560c4b <unknown>\n#2 0x55b3205b2318 <unknown>\n#3 0x55b3205b2551 <unknown>\n#4 0x55b320600764 <unknown>\n#5 0x55b3205fdbee <unknown>\n#6 0x55b3205a4c42 <unknown>\n#7 0x55b3205a58f1 <unknown>\n#8 0x55b320aabf39 <unknown>\n#9 0x55b320aaee7d <unknown>\n#10 0x55b320a94c81 <unknown>\n#11 0x55b320aafa5b <unknown>\n#12 0x55b320a7ba50 <unknown>\n#13 0x55b320ad0aa8 <unknown>\n#14 0x55b320ad0c79 <unknown>\n#15 0x55b320ae24f3 <unknown>\n#16 0x7f02ef49caa4 <unknown>\n#17 0x7f02ef529c6c <unknown>\n\n","statusTrace":"  File \"/opt/hostedtoolcache/Python/3.11.14/x64/lib/python3.11/site-packages/allure_commons/_allure.py\", line 192, in impl\n    return func(*a, **kw)\n           ^^^^^^^^^^^^^^\n  File \"/home/runner/work/luma_project/luma_project/pages/base_page.py\", line 30, in element_is_visible\n    self.go_to_element(self.element_is_present(locator))\n                       ^^^^^^^^^^^^^^^^^^^^^^^^^^^^^^^^\n  File \"/opt/hostedtoolcache/Python/3.11.14/x64/lib/python3.11/site-packages/allure_commons/_allure.py\", line 192, in impl\n    return func(*a, **kw)\n           ^^^^^^^^^^^^^^\n  File \"/home/runner/work/luma_project/luma_project/pages/base_page.py\", line 51, in element_is_present\n    return wait(self.driver, timeout).until(EC.presence_of_element_located(locator))\n           ^^^^^^^^^^^^^^^^^^^^^^^^^^^^^^^^^^^^^^^^^^^^^^^^^^^^^^^^^^^^^^^^^^^^^^^^^\n  File \"/opt/hostedtoolcache/Python/3.11.14/x64/lib/python3.11/site-packages/selenium/webdriver/support/wait.py\", line 95, in until\n    raise TimeoutException(message, screen, stacktrace)\n","steps":[{"name":"Find a present element","time":{"start":1766282558003,"stop":1766282563106,"duration":5103},"status":"broken","statusMessage":"selenium.common.exceptions.TimeoutException: Message: \nStacktrace:\n#0 0x55b320ae319a <unknown>\n#1 0x55b320560c4b <unknown>\n#2 0x55b3205b2318 <unknown>\n#3 0x55b3205b2551 <unknown>\n#4 0x55b320600764 <unknown>\n#5 0x55b3205fdbee <unknown>\n#6 0x55b3205a4c42 <unknown>\n#7 0x55b3205a58f1 <unknown>\n#8 0x55b320aabf39 <unknown>\n#9 0x55b320aaee7d <unknown>\n#10 0x55b320a94c81 <unknown>\n#11 0x55b320aafa5b <unknown>\n#12 0x55b320a7ba50 <unknown>\n#13 0x55b320ad0aa8 <unknown>\n#14 0x55b320ad0c79 <unknown>\n#15 0x55b320ae24f3 <unknown>\n#16 0x7f02ef49caa4 <unknown>\n#17 0x7f02ef529c6c <unknown>\n\n","statusTrace":"  File \"/opt/hostedtoolcache/Python/3.11.14/x64/lib/python3.11/site-packages/allure_commons/_allure.py\", line 192, in impl\n    return func(*a, **kw)\n           ^^^^^^^^^^^^^^\n  File \"/home/runner/work/luma_project/luma_project/pages/base_page.py\", line 51, in element_is_present\n    return wait(self.driver, timeout).until(EC.presence_of_element_located(locator))\n           ^^^^^^^^^^^^^^^^^^^^^^^^^^^^^^^^^^^^^^^^^^^^^^^^^^^^^^^^^^^^^^^^^^^^^^^^^\n  File \"/opt/hostedtoolcache/Python/3.11.14/x64/lib/python3.11/site-packages/selenium/webdriver/support/wait.py\", line 95, in until\n    raise TimeoutException(message, screen, stacktrace)\n","steps":[],"attachments":[],"parameters":[{"name":"locator","value":"('css selector', '#pass')"},{"name":"timeout","value":"5"}],"stepsCount":0,"shouldDisplayMessage":true,"attachmentsCount":0,"hasContent":true,"attachmentStep":false}],"attachments":[],"parameters":[{"name":"locator","value":"('css selector', '#pass')"},{"name":"timeout","value":"10"}],"stepsCount":1,"shouldDisplayMessage":false,"attachmentsCount":0,"hasContent":true,"attachmentStep":false}],"attachments":[],"parameters":[{"name":"locator","value":"('css selector', '#pass')"},{"name":"css_property","value":"'box-shadow'"},{"name":"seconds","value":"5"}],"stepsCount":2,"shouldDisplayMessage":false,"attachmentsCount":0,"hasContent":true,"attachmentStep":false}],"attachments":[],"parameters":[{"name":"locator","value":"('css selector', '#pass')"}],"stepsCount":3,"shouldDisplayMessage":false,"attachmentsCount":0,"hasContent":true,"attachmentStep":false}],"attachments":[],"parameters":[],"stepsCount":4,"shouldDisplayMessage":false,"attachmentsCount":0,"hasContent":true,"attachmentStep":false}],"attachments":[{"uid":"e9e1198d4598faac","name":"Screenshot","source":"e9e1198d4598faac.png","type":"image/png","size":95188},{"uid":"c963a17aa752ee6d","name":"HTML source","source":"c963a17aa752ee6d.html","type":"text/html","size":7068}],"parameters":[],"stepsCount":5,"shouldDisplayMessage":true,"attachmentsCount":2,"hasContent":true,"attachmentStep":false},"afterStages":[{"name":"driver::0","time":{"start":1766282563219,"stop":1766282563282,"duration":63},"status":"passed","steps":[],"attachments":[],"parameters":[],"stepsCount":0,"shouldDisplayMessage":false,"attachmentsCount":0,"hasContent":false,"attachmentStep":false},{"name":"clear_allure_result_folder::0","time":{"start":1766282894635,"stop":1766282894635,"duration":0},"status":"passed","steps":[],"attachments":[],"parameters":[],"stepsCount":0,"shouldDisplayMessage":false,"attachmentsCount":0,"hasContent":false,"attachmentStep":false}],"labels":[{"name":"severity","value":"minor"},{"name":"epic","value":"Sign In Page"},{"name":"feature","value":"Registered Customers"},{"name":"parentSuite","value":"tests"},{"name":"suite","value":"test_sign_in"},{"name":"subSuite","value":"TestRegisteredCustomers"},{"name":"host","value":"runnervmh13bl"},{"name":"thread","value":"2986-MainThread"},{"name":"framework","value":"pytest"},{"name":"language","value":"cpython3"},{"name":"package","value":"tests.test_sign_in"},{"name":"resultFormat","value":"allure2"}],"parameters":[],"links":[],"hidden":false,"retry":false,"extra":{"severity":"minor","retries":[],"categories":[{"name":"Test defects","matchedStatuses":[],"flaky":false}],"history":{"statistic":{"failed":0,"broken":5,"skipped":0,"passed":0,"unknown":0,"total":5},"items":[{"uid":"85b16f916971d945","reportUrl":"https://verafes.github.io/luma_project/625/#testresult/85b16f916971d945","status":"broken","statusDetails":"selenium.common.exceptions.TimeoutException: Message: \nStacktrace:\n#0 0x56479d83416a <unknown>\n#1 0x56479d2b1c4b <unknown>\n#2 0x56479d303318 <unknown>\n#3 0x56479d303551 <unknown>\n#4 0x56479d351764 <unknown>\n#5 0x56479d34ebee <unknown>\n#6 0x56479d2f5c42 <unknown>\n#7 0x56479d2f68f1 <unknown>\n#8 0x56479d7fcf09 <unknown>\n#9 0x56479d7ffe4d <unknown>\n#10 0x56479d7e5c51 <unknown>\n#11 0x56479d800a2b <unknown>\n#12 0x56479d7cca20 <unknown>\n#13 0x56479d821a78 <unknown>\n#14 0x56479d821c49 <unknown>\n#15 0x56479d8334c3 <unknown>\n#16 0x7f53ee69caa4 <unknown>\n#17 0x7f53ee729c6c <unknown>","time":{"start":1765677774449,"stop":1765677779555,"duration":5106}},{"uid":"6d1a040bf806cdc","reportUrl":"https://verafes.github.io/luma_project/624/#testresult/6d1a040bf806cdc","status":"broken","statusDetails":"selenium.common.exceptions.TimeoutException: Message: \nStacktrace:\n#0 0x55d3a492a4ca <unknown>\n#1 0x55d3a4378e4b <unknown>\n#2 0x55d3a43cb814 <unknown>\n#3 0x55d3a43cba51 <unknown>\n#4 0x55d3a441aa44 <unknown>\n#5 0x55d3a4417df7 <unknown>\n#6 0x55d3a43bdc2a <unknown>\n#7 0x55d3a43be931 <unknown>\n#8 0x55d3a48f0cf9 <unknown>\n#9 0x55d3a48f3cdc <unknown>\n#10 0x55d3a48d9f79 <unknown>\n#11 0x55d3a48f48b5 <unknown>\n#12 0x55d3a48c19c3 <unknown>\n#13 0x55d3a4917228 <unknown>\n#14 0x55d3a4917403 <unknown>\n#15 0x55d3a4929463 <unknown>\n#16 0x7f3b2049caa4 <unknown>\n#17 0x7f3b20529c6c <unknown>","time":{"start":1765072945296,"stop":1765072950400,"duration":5104}},{"uid":"967727ead6c3062e","reportUrl":"https://verafes.github.io/luma_project/623/#testresult/967727ead6c3062e","status":"broken","statusDetails":"selenium.common.exceptions.TimeoutException: Message: \nStacktrace:\n#0 0x55ddd72db32a <unknown>\n#1 0x55ddd6d27e4b <unknown>\n#2 0x55ddd6d7a82b <unknown>\n#3 0x55ddd6d7aa61 <unknown>\n#4 0x55ddd6dc9a44 <unknown>\n#5 0x55ddd6dc6df7 <unknown>\n#6 0x55ddd6d6cc1a <unknown>\n#7 0x55ddd6d6d921 <unknown>\n#8 0x55ddd72a2239 <unknown>\n#9 0x55ddd72a51e8 <unknown>\n#10 0x55ddd728b4c9 <unknown>\n#11 0x55ddd72a5db5 <unknown>\n#12 0x55ddd7272e93 <unknown>\n#13 0x55ddd72c8098 <unknown>\n#14 0x55ddd72c8273 <unknown>\n#15 0x55ddd72da2c3 <unknown>\n#16 0x7f53bdc9caa4 <unknown>\n#17 0x7f53bdd29c6c <unknown>","time":{"start":1764468123661,"stop":1764468128760,"duration":5099}},{"uid":"1620a33e2bc515b5","reportUrl":"https://verafes.github.io/luma_project/622/#testresult/1620a33e2bc515b5","status":"broken","statusDetails":"selenium.common.exceptions.TimeoutException: Message: \nStacktrace:\n#0 0x55abab44932a <unknown>\n#1 0x55abaae95e4b <unknown>\n#2 0x55abaaee882b <unknown>\n#3 0x55abaaee8a61 <unknown>\n#4 0x55abaaf37a44 <unknown>\n#5 0x55abaaf34df7 <unknown>\n#6 0x55abaaedac1a <unknown>\n#7 0x55abaaedb921 <unknown>\n#8 0x55abab410239 <unknown>\n#9 0x55abab4131e8 <unknown>\n#10 0x55abab3f94c9 <unknown>\n#11 0x55abab413db5 <unknown>\n#12 0x55abab3e0e93 <unknown>\n#13 0x55abab436098 <unknown>\n#14 0x55abab436273 <unknown>\n#15 0x55abab4482c3 <unknown>\n#16 0x7f390b49caa4 <unknown>\n#17 0x7f390b529c6c <unknown>","time":{"start":1763863380707,"stop":1763863385808,"duration":5101}}]},"tags":[]},"source":"5ecb70371821f32e.json","parameterValues":[]}