{"uid":"ba5e5868e3e7b77a","name":"TC 14.06.01 Verify the 'Men' header is displayed","fullName":"tests.test_men.TestMenPagePromoBlock#test_tc_14_06_01","historyId":"4ebf9d26f8c84101adca25b2bee7c63e","time":{"start":1766281983642,"stop":1766281988920,"duration":5278},"description":"Verify that the header 'Men' is displayed","descriptionHtml":"<p>Verify that the header 'Men' is displayed</p>\n","status":"broken","statusMessage":"selenium.common.exceptions.TimeoutException: Message: \nStacktrace:\n#0 0x558c965b619a <unknown>\n#1 0x558c96033c4b <unknown>\n#2 0x558c96085318 <unknown>\n#3 0x558c96085551 <unknown>\n#4 0x558c960d3764 <unknown>\n#5 0x558c960d0bee <unknown>\n#6 0x558c96077c42 <unknown>\n#7 0x558c960788f1 <unknown>\n#8 0x558c9657ef39 <unknown>\n#9 0x558c96581e7d <unknown>\n#10 0x558c96567c81 <unknown>\n#11 0x558c96582a5b <unknown>\n#12 0x558c9654ea50 <unknown>\n#13 0x558c965a3aa8 <unknown>\n#14 0x558c965a3c79 <unknown>\n#15 0x558c965b54f3 <unknown>\n#16 0x7fe859e9caa4 <unknown>\n#17 0x7fe859f29c6c <unknown>","statusTrace":"self = <test_men.TestMenPagePromoBlock object at 0x7fcfea93d710>\ndriver = <selenium.webdriver.chrome.webdriver.WebDriver (session=\"1d2e38a5868009ebb545880d1807c52a\")>\n\n    @allure.title(\"TC 14.06.01 Verify the 'Men' header is displayed\")\n    @allure.severity(allure.severity_level.CRITICAL)\n    def test_tc_14_06_01(self, driver):\n        \"\"\"Verify that the header 'Men' is displayed\"\"\"\n        page = MenPage(driver, MEN_PAGE_URL)\n        page.open()\n>       subhead_title = page.verify_header_men_is_visible()\n\ntests/test_men.py:187: \n_ _ _ _ _ _ _ _ _ _ _ _ _ _ _ _ _ _ _ _ _ _ _ _ _ _ _ _ _ _ _ _ _ _ _ _ _ _ _ _ \npages/men_page.py:71: in verify_header_men_is_visible\n    subhead_title = self.element_is_visible(self.side_bar_locators.SIDE_BAR_HEADER_MEN)\npages/base_page.py:30: in element_is_visible\n    self.go_to_element(self.element_is_present(locator))\npages/base_page.py:51: in element_is_present\n    return wait(self.driver, timeout).until(EC.presence_of_element_located(locator))\n_ _ _ _ _ _ _ _ _ _ _ _ _ _ _ _ _ _ _ _ _ _ _ _ _ _ _ _ _ _ _ _ _ _ _ _ _ _ _ _ \n\nself = <selenium.webdriver.support.wait.WebDriverWait (session=\"1d2e38a5868009ebb545880d1807c52a\")>\nmethod = <function presence_of_element_located.<locals>._predicate at 0x7fcfec1365c0>\nmessage = ''\n\n    def until(self, method, message: str = \"\"):\n        \"\"\"Calls the method provided with the driver as an argument until the \\\n        return value does not evaluate to ``False``.\n    \n        :param method: callable(WebDriver)\n        :param message: optional message for :exc:`TimeoutException`\n        :returns: the result of the last call to `method`\n        :raises: :exc:`selenium.common.exceptions.TimeoutException` if timeout occurs\n        \"\"\"\n        screen = None\n        stacktrace = None\n    \n        end_time = time.monotonic() + self._timeout\n        while True:\n            try:\n                value = method(self._driver)\n                if value:\n                    return value\n            except self._ignored_exceptions as exc:\n                screen = getattr(exc, \"screen\", None)\n                stacktrace = getattr(exc, \"stacktrace\", None)\n            time.sleep(self._poll)\n            if time.monotonic() > end_time:\n                break\n>       raise TimeoutException(message, screen, stacktrace)\nE       selenium.common.exceptions.TimeoutException: Message: \nE       Stacktrace:\nE       #0 0x558c965b619a <unknown>\nE       #1 0x558c96033c4b <unknown>\nE       #2 0x558c96085318 <unknown>\nE       #3 0x558c96085551 <unknown>\nE       #4 0x558c960d3764 <unknown>\nE       #5 0x558c960d0bee <unknown>\nE       #6 0x558c96077c42 <unknown>\nE       #7 0x558c960788f1 <unknown>\nE       #8 0x558c9657ef39 <unknown>\nE       #9 0x558c96581e7d <unknown>\nE       #10 0x558c96567c81 <unknown>\nE       #11 0x558c96582a5b <unknown>\nE       #12 0x558c9654ea50 <unknown>\nE       #13 0x558c965a3aa8 <unknown>\nE       #14 0x558c965a3c79 <unknown>\nE       #15 0x558c965b54f3 <unknown>\nE       #16 0x7fe859e9caa4 <unknown>\nE       #17 0x7fe859f29c6c <unknown>\n\n/opt/hostedtoolcache/Python/3.11.14/x64/lib/python3.11/site-packages/selenium/webdriver/support/wait.py:95: TimeoutException","flaky":false,"newFailed":false,"newBroken":false,"newPassed":false,"retriesCount":0,"retriesStatusChange":false,"beforeStages":[{"name":"_session_faker","time":{"start":1766280511614,"stop":1766280511675,"duration":61},"status":"passed","steps":[],"attachments":[],"parameters":[],"stepsCount":0,"shouldDisplayMessage":false,"attachmentsCount":0,"hasContent":false,"attachmentStep":false},{"name":"clear_allure_result_folder","time":{"start":1766280511676,"stop":1766280511676,"duration":0},"status":"passed","steps":[],"attachments":[],"parameters":[],"stepsCount":0,"shouldDisplayMessage":false,"attachmentsCount":0,"hasContent":false,"attachmentStep":false},{"name":"driver","time":{"start":1766281982482,"stop":1766281983642,"duration":1160},"status":"passed","steps":[],"attachments":[],"parameters":[],"stepsCount":0,"shouldDisplayMessage":false,"attachmentsCount":0,"hasContent":false,"attachmentStep":false}],"testStage":{"description":"Verify that the header 'Men' is displayed","status":"broken","statusMessage":"selenium.common.exceptions.TimeoutException: Message: \nStacktrace:\n#0 0x558c965b619a <unknown>\n#1 0x558c96033c4b <unknown>\n#2 0x558c96085318 <unknown>\n#3 0x558c96085551 <unknown>\n#4 0x558c960d3764 <unknown>\n#5 0x558c960d0bee <unknown>\n#6 0x558c96077c42 <unknown>\n#7 0x558c960788f1 <unknown>\n#8 0x558c9657ef39 <unknown>\n#9 0x558c96581e7d <unknown>\n#10 0x558c96567c81 <unknown>\n#11 0x558c96582a5b <unknown>\n#12 0x558c9654ea50 <unknown>\n#13 0x558c965a3aa8 <unknown>\n#14 0x558c965a3c79 <unknown>\n#15 0x558c965b54f3 <unknown>\n#16 0x7fe859e9caa4 <unknown>\n#17 0x7fe859f29c6c <unknown>","statusTrace":"self = <test_men.TestMenPagePromoBlock object at 0x7fcfea93d710>\ndriver = <selenium.webdriver.chrome.webdriver.WebDriver (session=\"1d2e38a5868009ebb545880d1807c52a\")>\n\n    @allure.title(\"TC 14.06.01 Verify the 'Men' header is displayed\")\n    @allure.severity(allure.severity_level.CRITICAL)\n    def test_tc_14_06_01(self, driver):\n        \"\"\"Verify that the header 'Men' is displayed\"\"\"\n        page = MenPage(driver, MEN_PAGE_URL)\n        page.open()\n>       subhead_title = page.verify_header_men_is_visible()\n\ntests/test_men.py:187: \n_ _ _ _ _ _ _ _ _ _ _ _ _ _ _ _ _ _ _ _ _ _ _ _ _ _ _ _ _ _ _ _ _ _ _ _ _ _ _ _ \npages/men_page.py:71: in verify_header_men_is_visible\n    subhead_title = self.element_is_visible(self.side_bar_locators.SIDE_BAR_HEADER_MEN)\npages/base_page.py:30: in element_is_visible\n    self.go_to_element(self.element_is_present(locator))\npages/base_page.py:51: in element_is_present\n    return wait(self.driver, timeout).until(EC.presence_of_element_located(locator))\n_ _ _ _ _ _ _ _ _ _ _ _ _ _ _ _ _ _ _ _ _ _ _ _ _ _ _ _ _ _ _ _ _ _ _ _ _ _ _ _ \n\nself = <selenium.webdriver.support.wait.WebDriverWait (session=\"1d2e38a5868009ebb545880d1807c52a\")>\nmethod = <function presence_of_element_located.<locals>._predicate at 0x7fcfec1365c0>\nmessage = ''\n\n    def until(self, method, message: str = \"\"):\n        \"\"\"Calls the method provided with the driver as an argument until the \\\n        return value does not evaluate to ``False``.\n    \n        :param method: callable(WebDriver)\n        :param message: optional message for :exc:`TimeoutException`\n        :returns: the result of the last call to `method`\n        :raises: :exc:`selenium.common.exceptions.TimeoutException` if timeout occurs\n        \"\"\"\n        screen = None\n        stacktrace = None\n    \n        end_time = time.monotonic() + self._timeout\n        while True:\n            try:\n                value = method(self._driver)\n                if value:\n                    return value\n            except self._ignored_exceptions as exc:\n                screen = getattr(exc, \"screen\", None)\n                stacktrace = getattr(exc, \"stacktrace\", None)\n            time.sleep(self._poll)\n            if time.monotonic() > end_time:\n                break\n>       raise TimeoutException(message, screen, stacktrace)\nE       selenium.common.exceptions.TimeoutException: Message: \nE       Stacktrace:\nE       #0 0x558c965b619a <unknown>\nE       #1 0x558c96033c4b <unknown>\nE       #2 0x558c96085318 <unknown>\nE       #3 0x558c96085551 <unknown>\nE       #4 0x558c960d3764 <unknown>\nE       #5 0x558c960d0bee <unknown>\nE       #6 0x558c96077c42 <unknown>\nE       #7 0x558c960788f1 <unknown>\nE       #8 0x558c9657ef39 <unknown>\nE       #9 0x558c96581e7d <unknown>\nE       #10 0x558c96567c81 <unknown>\nE       #11 0x558c96582a5b <unknown>\nE       #12 0x558c9654ea50 <unknown>\nE       #13 0x558c965a3aa8 <unknown>\nE       #14 0x558c965a3c79 <unknown>\nE       #15 0x558c965b54f3 <unknown>\nE       #16 0x7fe859e9caa4 <unknown>\nE       #17 0x7fe859f29c6c <unknown>\n\n/opt/hostedtoolcache/Python/3.11.14/x64/lib/python3.11/site-packages/selenium/webdriver/support/wait.py:95: TimeoutException","steps":[{"name":"Open a browser","time":{"start":1766281983643,"stop":1766281983815,"duration":172},"status":"passed","steps":[],"attachments":[],"parameters":[],"stepsCount":0,"shouldDisplayMessage":false,"attachmentsCount":0,"hasContent":false,"attachmentStep":false},{"name":"Verify header \"Men\" on Men page","time":{"start":1766281983815,"stop":1766281988920,"duration":5105},"status":"broken","statusMessage":"selenium.common.exceptions.TimeoutException: Message: \nStacktrace:\n#0 0x558c965b619a <unknown>\n#1 0x558c96033c4b <unknown>\n#2 0x558c96085318 <unknown>\n#3 0x558c96085551 <unknown>\n#4 0x558c960d3764 <unknown>\n#5 0x558c960d0bee <unknown>\n#6 0x558c96077c42 <unknown>\n#7 0x558c960788f1 <unknown>\n#8 0x558c9657ef39 <unknown>\n#9 0x558c96581e7d <unknown>\n#10 0x558c96567c81 <unknown>\n#11 0x558c96582a5b <unknown>\n#12 0x558c9654ea50 <unknown>\n#13 0x558c965a3aa8 <unknown>\n#14 0x558c965a3c79 <unknown>\n#15 0x558c965b54f3 <unknown>\n#16 0x7fe859e9caa4 <unknown>\n#17 0x7fe859f29c6c <unknown>\n\n","statusTrace":"  File \"/opt/hostedtoolcache/Python/3.11.14/x64/lib/python3.11/site-packages/allure_commons/_allure.py\", line 192, in impl\n    return func(*a, **kw)\n           ^^^^^^^^^^^^^^\n  File \"/home/runner/work/luma_project/luma_project/pages/men_page.py\", line 71, in verify_header_men_is_visible\n    subhead_title = self.element_is_visible(self.side_bar_locators.SIDE_BAR_HEADER_MEN)\n                    ^^^^^^^^^^^^^^^^^^^^^^^^^^^^^^^^^^^^^^^^^^^^^^^^^^^^^^^^^^^^^^^^^^^\n  File \"/opt/hostedtoolcache/Python/3.11.14/x64/lib/python3.11/site-packages/allure_commons/_allure.py\", line 192, in impl\n    return func(*a, **kw)\n           ^^^^^^^^^^^^^^\n  File \"/home/runner/work/luma_project/luma_project/pages/base_page.py\", line 30, in element_is_visible\n    self.go_to_element(self.element_is_present(locator))\n                       ^^^^^^^^^^^^^^^^^^^^^^^^^^^^^^^^\n  File \"/opt/hostedtoolcache/Python/3.11.14/x64/lib/python3.11/site-packages/allure_commons/_allure.py\", line 192, in impl\n    return func(*a, **kw)\n           ^^^^^^^^^^^^^^\n  File \"/home/runner/work/luma_project/luma_project/pages/base_page.py\", line 51, in element_is_present\n    return wait(self.driver, timeout).until(EC.presence_of_element_located(locator))\n           ^^^^^^^^^^^^^^^^^^^^^^^^^^^^^^^^^^^^^^^^^^^^^^^^^^^^^^^^^^^^^^^^^^^^^^^^^\n  File \"/opt/hostedtoolcache/Python/3.11.14/x64/lib/python3.11/site-packages/selenium/webdriver/support/wait.py\", line 95, in until\n    raise TimeoutException(message, screen, stacktrace)\n","steps":[{"name":"Find a visible element","time":{"start":1766281983816,"stop":1766281988920,"duration":5104},"status":"broken","statusMessage":"selenium.common.exceptions.TimeoutException: Message: \nStacktrace:\n#0 0x558c965b619a <unknown>\n#1 0x558c96033c4b <unknown>\n#2 0x558c96085318 <unknown>\n#3 0x558c96085551 <unknown>\n#4 0x558c960d3764 <unknown>\n#5 0x558c960d0bee <unknown>\n#6 0x558c96077c42 <unknown>\n#7 0x558c960788f1 <unknown>\n#8 0x558c9657ef39 <unknown>\n#9 0x558c96581e7d <unknown>\n#10 0x558c96567c81 <unknown>\n#11 0x558c96582a5b <unknown>\n#12 0x558c9654ea50 <unknown>\n#13 0x558c965a3aa8 <unknown>\n#14 0x558c965a3c79 <unknown>\n#15 0x558c965b54f3 <unknown>\n#16 0x7fe859e9caa4 <unknown>\n#17 0x7fe859f29c6c <unknown>\n\n","statusTrace":"  File \"/opt/hostedtoolcache/Python/3.11.14/x64/lib/python3.11/site-packages/allure_commons/_allure.py\", line 192, in impl\n    return func(*a, **kw)\n           ^^^^^^^^^^^^^^\n  File \"/home/runner/work/luma_project/luma_project/pages/base_page.py\", line 30, in element_is_visible\n    self.go_to_element(self.element_is_present(locator))\n                       ^^^^^^^^^^^^^^^^^^^^^^^^^^^^^^^^\n  File \"/opt/hostedtoolcache/Python/3.11.14/x64/lib/python3.11/site-packages/allure_commons/_allure.py\", line 192, in impl\n    return func(*a, **kw)\n           ^^^^^^^^^^^^^^\n  File \"/home/runner/work/luma_project/luma_project/pages/base_page.py\", line 51, in element_is_present\n    return wait(self.driver, timeout).until(EC.presence_of_element_located(locator))\n           ^^^^^^^^^^^^^^^^^^^^^^^^^^^^^^^^^^^^^^^^^^^^^^^^^^^^^^^^^^^^^^^^^^^^^^^^^\n  File \"/opt/hostedtoolcache/Python/3.11.14/x64/lib/python3.11/site-packages/selenium/webdriver/support/wait.py\", line 95, in until\n    raise TimeoutException(message, screen, stacktrace)\n","steps":[{"name":"Find a present element","time":{"start":1766281983816,"stop":1766281988919,"duration":5103},"status":"broken","statusMessage":"selenium.common.exceptions.TimeoutException: Message: \nStacktrace:\n#0 0x558c965b619a <unknown>\n#1 0x558c96033c4b <unknown>\n#2 0x558c96085318 <unknown>\n#3 0x558c96085551 <unknown>\n#4 0x558c960d3764 <unknown>\n#5 0x558c960d0bee <unknown>\n#6 0x558c96077c42 <unknown>\n#7 0x558c960788f1 <unknown>\n#8 0x558c9657ef39 <unknown>\n#9 0x558c96581e7d <unknown>\n#10 0x558c96567c81 <unknown>\n#11 0x558c96582a5b <unknown>\n#12 0x558c9654ea50 <unknown>\n#13 0x558c965a3aa8 <unknown>\n#14 0x558c965a3c79 <unknown>\n#15 0x558c965b54f3 <unknown>\n#16 0x7fe859e9caa4 <unknown>\n#17 0x7fe859f29c6c <unknown>\n\n","statusTrace":"  File \"/opt/hostedtoolcache/Python/3.11.14/x64/lib/python3.11/site-packages/allure_commons/_allure.py\", line 192, in impl\n    return func(*a, **kw)\n           ^^^^^^^^^^^^^^\n  File \"/home/runner/work/luma_project/luma_project/pages/base_page.py\", line 51, in element_is_present\n    return wait(self.driver, timeout).until(EC.presence_of_element_located(locator))\n           ^^^^^^^^^^^^^^^^^^^^^^^^^^^^^^^^^^^^^^^^^^^^^^^^^^^^^^^^^^^^^^^^^^^^^^^^^\n  File \"/opt/hostedtoolcache/Python/3.11.14/x64/lib/python3.11/site-packages/selenium/webdriver/support/wait.py\", line 95, in until\n    raise TimeoutException(message, screen, stacktrace)\n","steps":[],"attachments":[],"parameters":[{"name":"locator","value":"('css selector', '#page-title-heading > span')"},{"name":"timeout","value":"5"}],"stepsCount":0,"shouldDisplayMessage":true,"attachmentsCount":0,"hasContent":true,"attachmentStep":false}],"attachments":[],"parameters":[{"name":"locator","value":"('css selector', '#page-title-heading > span')"},{"name":"timeout","value":"10"}],"stepsCount":1,"shouldDisplayMessage":false,"attachmentsCount":0,"hasContent":true,"attachmentStep":false}],"attachments":[],"parameters":[],"stepsCount":2,"shouldDisplayMessage":false,"attachmentsCount":0,"hasContent":true,"attachmentStep":false}],"attachments":[{"uid":"137665bac913aa3d","name":"Screenshot","source":"137665bac913aa3d.png","type":"image/png","size":95443},{"uid":"660028845fcd1b00","name":"HTML source","source":"660028845fcd1b00.html","type":"text/html","size":7068}],"parameters":[],"stepsCount":4,"shouldDisplayMessage":true,"attachmentsCount":2,"hasContent":true,"attachmentStep":false},"afterStages":[{"name":"driver::0","time":{"start":1766281989003,"stop":1766281989065,"duration":62},"status":"passed","steps":[],"attachments":[],"parameters":[],"stepsCount":0,"shouldDisplayMessage":false,"attachmentsCount":0,"hasContent":false,"attachmentStep":false},{"name":"clear_allure_result_folder::0","time":{"start":1766282894635,"stop":1766282894635,"duration":0},"status":"passed","steps":[],"attachments":[],"parameters":[],"stepsCount":0,"shouldDisplayMessage":false,"attachmentsCount":0,"hasContent":false,"attachmentStep":false}],"labels":[{"name":"severity","value":"critical"},{"name":"epic","value":"MenPage"},{"name":"parentSuite","value":"tests"},{"name":"suite","value":"test_men"},{"name":"subSuite","value":"TestMenPagePromoBlock"},{"name":"host","value":"runnervmh13bl"},{"name":"thread","value":"2986-MainThread"},{"name":"framework","value":"pytest"},{"name":"language","value":"cpython3"},{"name":"package","value":"tests.test_men"},{"name":"resultFormat","value":"allure2"}],"parameters":[],"links":[],"hidden":false,"retry":false,"extra":{"severity":"critical","retries":[],"categories":[{"name":"Test defects","matchedStatuses":[],"flaky":false}],"history":{"statistic":{"failed":0,"broken":5,"skipped":0,"passed":0,"unknown":0,"total":5},"items":[{"uid":"9bf6d444bd5e4300","reportUrl":"https://verafes.github.io/luma_project/625/#testresult/9bf6d444bd5e4300","status":"broken","statusDetails":"selenium.common.exceptions.TimeoutException: Message: \nStacktrace:\n#0 0x55d04ad9616a <unknown>\n#1 0x55d04a813c4b <unknown>\n#2 0x55d04a865318 <unknown>\n#3 0x55d04a865551 <unknown>\n#4 0x55d04a8b3764 <unknown>\n#5 0x55d04a8b0bee <unknown>\n#6 0x55d04a857c42 <unknown>\n#7 0x55d04a8588f1 <unknown>\n#8 0x55d04ad5ef09 <unknown>\n#9 0x55d04ad61e4d <unknown>\n#10 0x55d04ad47c51 <unknown>\n#11 0x55d04ad62a2b <unknown>\n#12 0x55d04ad2ea20 <unknown>\n#13 0x55d04ad83a78 <unknown>\n#14 0x55d04ad83c49 <unknown>\n#15 0x55d04ad954c3 <unknown>\n#16 0x7f7978e9caa4 <unknown>\n#17 0x7f7978f29c6c <unknown>","time":{"start":1765677196545,"stop":1765677201853,"duration":5308}},{"uid":"94a68a8534a42d0b","reportUrl":"https://verafes.github.io/luma_project/624/#testresult/94a68a8534a42d0b","status":"broken","statusDetails":"selenium.common.exceptions.TimeoutException: Message: \nStacktrace:\n#0 0x55d26c6cf4ca <unknown>\n#1 0x55d26c11de4b <unknown>\n#2 0x55d26c170814 <unknown>\n#3 0x55d26c170a51 <unknown>\n#4 0x55d26c1bfa44 <unknown>\n#5 0x55d26c1bcdf7 <unknown>\n#6 0x55d26c162c2a <unknown>\n#7 0x55d26c163931 <unknown>\n#8 0x55d26c695cf9 <unknown>\n#9 0x55d26c698cdc <unknown>\n#10 0x55d26c67ef79 <unknown>\n#11 0x55d26c6998b5 <unknown>\n#12 0x55d26c6669c3 <unknown>\n#13 0x55d26c6bc228 <unknown>\n#14 0x55d26c6bc403 <unknown>\n#15 0x55d26c6ce463 <unknown>\n#16 0x7f4996e9caa4 <unknown>\n#17 0x7f4996f29c6c <unknown>","time":{"start":1765072367513,"stop":1765072372776,"duration":5263}},{"uid":"f98cba96a917c7a5","reportUrl":"https://verafes.github.io/luma_project/623/#testresult/f98cba96a917c7a5","status":"broken","statusDetails":"selenium.common.exceptions.TimeoutException: Message: \nStacktrace:\n#0 0x55eaccd4032a <unknown>\n#1 0x55eacc78ce4b <unknown>\n#2 0x55eacc7df82b <unknown>\n#3 0x55eacc7dfa61 <unknown>\n#4 0x55eacc82ea44 <unknown>\n#5 0x55eacc82bdf7 <unknown>\n#6 0x55eacc7d1c1a <unknown>\n#7 0x55eacc7d2921 <unknown>\n#8 0x55eaccd07239 <unknown>\n#9 0x55eaccd0a1e8 <unknown>\n#10 0x55eacccf04c9 <unknown>\n#11 0x55eaccd0adb5 <unknown>\n#12 0x55eacccd7e93 <unknown>\n#13 0x55eaccd2d098 <unknown>\n#14 0x55eaccd2d273 <unknown>\n#15 0x55eaccd3f2c3 <unknown>\n#16 0x7ff520c9caa4 <unknown>\n#17 0x7ff520d29c6c <unknown>","time":{"start":1764467546499,"stop":1764467551776,"duration":5277}},{"uid":"c0eb3b6e1e71b4","reportUrl":"https://verafes.github.io/luma_project/622/#testresult/c0eb3b6e1e71b4","status":"broken","statusDetails":"selenium.common.exceptions.TimeoutException: Message: \nStacktrace:\n#0 0x5643e475b32a <unknown>\n#1 0x5643e41a7e4b <unknown>\n#2 0x5643e41fa82b <unknown>\n#3 0x5643e41faa61 <unknown>\n#4 0x5643e4249a44 <unknown>\n#5 0x5643e4246df7 <unknown>\n#6 0x5643e41ecc1a <unknown>\n#7 0x5643e41ed921 <unknown>\n#8 0x5643e4722239 <unknown>\n#9 0x5643e47251e8 <unknown>\n#10 0x5643e470b4c9 <unknown>\n#11 0x5643e4725db5 <unknown>\n#12 0x5643e46f2e93 <unknown>\n#13 0x5643e4748098 <unknown>\n#14 0x5643e4748273 <unknown>\n#15 0x5643e475a2c3 <unknown>\n#16 0x7f5018c9caa4 <unknown>\n#17 0x7f5018d29c6c <unknown>","time":{"start":1763862801261,"stop":1763862806561,"duration":5300}}]},"tags":[]},"source":"ba5e5868e3e7b77a.json","parameterValues":[]}