{"uid":"bd53a951bb55419b","name":"TC 12.01.01 Check side panel title Shop By is visible","fullName":"tests.test_women.TestWomenPage#test_tc_12_01_01","historyId":"65c7c7373d8f67cae84633d46c99b2ed","time":{"start":1766282856233,"stop":1766282861504,"duration":5271},"description":"Check Shop By title is visible","descriptionHtml":"<p>Check Shop By title is visible</p>\n","status":"broken","statusMessage":"selenium.common.exceptions.TimeoutException: Message: \nStacktrace:\n#0 0x55ed76f9e19a <unknown>\n#1 0x55ed76a1bc4b <unknown>\n#2 0x55ed76a6d318 <unknown>\n#3 0x55ed76a6d551 <unknown>\n#4 0x55ed76abb764 <unknown>\n#5 0x55ed76ab8bee <unknown>\n#6 0x55ed76a5fc42 <unknown>\n#7 0x55ed76a608f1 <unknown>\n#8 0x55ed76f66f39 <unknown>\n#9 0x55ed76f69e7d <unknown>\n#10 0x55ed76f4fc81 <unknown>\n#11 0x55ed76f6aa5b <unknown>\n#12 0x55ed76f36a50 <unknown>\n#13 0x55ed76f8baa8 <unknown>\n#14 0x55ed76f8bc79 <unknown>\n#15 0x55ed76f9d4f3 <unknown>\n#16 0x7f71ca29caa4 <unknown>\n#17 0x7f71ca329c6c <unknown>","statusTrace":"self = <test_women.TestWomenPage object at 0x7fcfec7cc410>\ndriver = <selenium.webdriver.chrome.webdriver.WebDriver (session=\"cd0f93fc7ccf574cb47a379d539e10ba\")>\n\n    @allure.title(\"TC 12.01.01 Check side panel title Shop By is visible\")\n    def test_tc_12_01_01(self, driver):\n        \"\"\"Check Shop By title is visible\"\"\"\n        page = WomenPage(driver, WOMEN_PAGE_URL)\n        page.open()\n>       title = page.check_side_panel_name()\n\ntests/test_women.py:16: \n_ _ _ _ _ _ _ _ _ _ _ _ _ _ _ _ _ _ _ _ _ _ _ _ _ _ _ _ _ _ _ _ _ _ _ _ _ _ _ _ \npages/women_page.py:12: in check_side_panel_name\n    shop_by_title = self.element_is_visible(self.side_panel_locators.SHOP_BY)\npages/base_page.py:30: in element_is_visible\n    self.go_to_element(self.element_is_present(locator))\npages/base_page.py:51: in element_is_present\n    return wait(self.driver, timeout).until(EC.presence_of_element_located(locator))\n_ _ _ _ _ _ _ _ _ _ _ _ _ _ _ _ _ _ _ _ _ _ _ _ _ _ _ _ _ _ _ _ _ _ _ _ _ _ _ _ \n\nself = <selenium.webdriver.support.wait.WebDriverWait (session=\"cd0f93fc7ccf574cb47a379d539e10ba\")>\nmethod = <function presence_of_element_located.<locals>._predicate at 0x7fcfec09e200>\nmessage = ''\n\n    def until(self, method, message: str = \"\"):\n        \"\"\"Calls the method provided with the driver as an argument until the \\\n        return value does not evaluate to ``False``.\n    \n        :param method: callable(WebDriver)\n        :param message: optional message for :exc:`TimeoutException`\n        :returns: the result of the last call to `method`\n        :raises: :exc:`selenium.common.exceptions.TimeoutException` if timeout occurs\n        \"\"\"\n        screen = None\n        stacktrace = None\n    \n        end_time = time.monotonic() + self._timeout\n        while True:\n            try:\n                value = method(self._driver)\n                if value:\n                    return value\n            except self._ignored_exceptions as exc:\n                screen = getattr(exc, \"screen\", None)\n                stacktrace = getattr(exc, \"stacktrace\", None)\n            time.sleep(self._poll)\n            if time.monotonic() > end_time:\n                break\n>       raise TimeoutException(message, screen, stacktrace)\nE       selenium.common.exceptions.TimeoutException: Message: \nE       Stacktrace:\nE       #0 0x55ed76f9e19a <unknown>\nE       #1 0x55ed76a1bc4b <unknown>\nE       #2 0x55ed76a6d318 <unknown>\nE       #3 0x55ed76a6d551 <unknown>\nE       #4 0x55ed76abb764 <unknown>\nE       #5 0x55ed76ab8bee <unknown>\nE       #6 0x55ed76a5fc42 <unknown>\nE       #7 0x55ed76a608f1 <unknown>\nE       #8 0x55ed76f66f39 <unknown>\nE       #9 0x55ed76f69e7d <unknown>\nE       #10 0x55ed76f4fc81 <unknown>\nE       #11 0x55ed76f6aa5b <unknown>\nE       #12 0x55ed76f36a50 <unknown>\nE       #13 0x55ed76f8baa8 <unknown>\nE       #14 0x55ed76f8bc79 <unknown>\nE       #15 0x55ed76f9d4f3 <unknown>\nE       #16 0x7f71ca29caa4 <unknown>\nE       #17 0x7f71ca329c6c <unknown>\n\n/opt/hostedtoolcache/Python/3.11.14/x64/lib/python3.11/site-packages/selenium/webdriver/support/wait.py:95: TimeoutException","flaky":false,"newFailed":false,"newBroken":false,"newPassed":false,"retriesCount":0,"retriesStatusChange":false,"beforeStages":[{"name":"_session_faker","time":{"start":1766280511614,"stop":1766280511675,"duration":61},"status":"passed","steps":[],"attachments":[],"parameters":[],"stepsCount":0,"shouldDisplayMessage":false,"attachmentsCount":0,"hasContent":false,"attachmentStep":false},{"name":"clear_allure_result_folder","time":{"start":1766280511676,"stop":1766280511676,"duration":0},"status":"passed","steps":[],"attachments":[],"parameters":[],"stepsCount":0,"shouldDisplayMessage":false,"attachmentsCount":0,"hasContent":false,"attachmentStep":false},{"name":"driver","time":{"start":1766282855071,"stop":1766282856233,"duration":1162},"status":"passed","steps":[],"attachments":[],"parameters":[],"stepsCount":0,"shouldDisplayMessage":false,"attachmentsCount":0,"hasContent":false,"attachmentStep":false}],"testStage":{"description":"Check Shop By title is visible","status":"broken","statusMessage":"selenium.common.exceptions.TimeoutException: Message: \nStacktrace:\n#0 0x55ed76f9e19a <unknown>\n#1 0x55ed76a1bc4b <unknown>\n#2 0x55ed76a6d318 <unknown>\n#3 0x55ed76a6d551 <unknown>\n#4 0x55ed76abb764 <unknown>\n#5 0x55ed76ab8bee <unknown>\n#6 0x55ed76a5fc42 <unknown>\n#7 0x55ed76a608f1 <unknown>\n#8 0x55ed76f66f39 <unknown>\n#9 0x55ed76f69e7d <unknown>\n#10 0x55ed76f4fc81 <unknown>\n#11 0x55ed76f6aa5b <unknown>\n#12 0x55ed76f36a50 <unknown>\n#13 0x55ed76f8baa8 <unknown>\n#14 0x55ed76f8bc79 <unknown>\n#15 0x55ed76f9d4f3 <unknown>\n#16 0x7f71ca29caa4 <unknown>\n#17 0x7f71ca329c6c <unknown>","statusTrace":"self = <test_women.TestWomenPage object at 0x7fcfec7cc410>\ndriver = <selenium.webdriver.chrome.webdriver.WebDriver (session=\"cd0f93fc7ccf574cb47a379d539e10ba\")>\n\n    @allure.title(\"TC 12.01.01 Check side panel title Shop By is visible\")\n    def test_tc_12_01_01(self, driver):\n        \"\"\"Check Shop By title is visible\"\"\"\n        page = WomenPage(driver, WOMEN_PAGE_URL)\n        page.open()\n>       title = page.check_side_panel_name()\n\ntests/test_women.py:16: \n_ _ _ _ _ _ _ _ _ _ _ _ _ _ _ _ _ _ _ _ _ _ _ _ _ _ _ _ _ _ _ _ _ _ _ _ _ _ _ _ \npages/women_page.py:12: in check_side_panel_name\n    shop_by_title = self.element_is_visible(self.side_panel_locators.SHOP_BY)\npages/base_page.py:30: in element_is_visible\n    self.go_to_element(self.element_is_present(locator))\npages/base_page.py:51: in element_is_present\n    return wait(self.driver, timeout).until(EC.presence_of_element_located(locator))\n_ _ _ _ _ _ _ _ _ _ _ _ _ _ _ _ _ _ _ _ _ _ _ _ _ _ _ _ _ _ _ _ _ _ _ _ _ _ _ _ \n\nself = <selenium.webdriver.support.wait.WebDriverWait (session=\"cd0f93fc7ccf574cb47a379d539e10ba\")>\nmethod = <function presence_of_element_located.<locals>._predicate at 0x7fcfec09e200>\nmessage = ''\n\n    def until(self, method, message: str = \"\"):\n        \"\"\"Calls the method provided with the driver as an argument until the \\\n        return value does not evaluate to ``False``.\n    \n        :param method: callable(WebDriver)\n        :param message: optional message for :exc:`TimeoutException`\n        :returns: the result of the last call to `method`\n        :raises: :exc:`selenium.common.exceptions.TimeoutException` if timeout occurs\n        \"\"\"\n        screen = None\n        stacktrace = None\n    \n        end_time = time.monotonic() + self._timeout\n        while True:\n            try:\n                value = method(self._driver)\n                if value:\n                    return value\n            except self._ignored_exceptions as exc:\n                screen = getattr(exc, \"screen\", None)\n                stacktrace = getattr(exc, \"stacktrace\", None)\n            time.sleep(self._poll)\n            if time.monotonic() > end_time:\n                break\n>       raise TimeoutException(message, screen, stacktrace)\nE       selenium.common.exceptions.TimeoutException: Message: \nE       Stacktrace:\nE       #0 0x55ed76f9e19a <unknown>\nE       #1 0x55ed76a1bc4b <unknown>\nE       #2 0x55ed76a6d318 <unknown>\nE       #3 0x55ed76a6d551 <unknown>\nE       #4 0x55ed76abb764 <unknown>\nE       #5 0x55ed76ab8bee <unknown>\nE       #6 0x55ed76a5fc42 <unknown>\nE       #7 0x55ed76a608f1 <unknown>\nE       #8 0x55ed76f66f39 <unknown>\nE       #9 0x55ed76f69e7d <unknown>\nE       #10 0x55ed76f4fc81 <unknown>\nE       #11 0x55ed76f6aa5b <unknown>\nE       #12 0x55ed76f36a50 <unknown>\nE       #13 0x55ed76f8baa8 <unknown>\nE       #14 0x55ed76f8bc79 <unknown>\nE       #15 0x55ed76f9d4f3 <unknown>\nE       #16 0x7f71ca29caa4 <unknown>\nE       #17 0x7f71ca329c6c <unknown>\n\n/opt/hostedtoolcache/Python/3.11.14/x64/lib/python3.11/site-packages/selenium/webdriver/support/wait.py:95: TimeoutException","steps":[{"name":"Open a browser","time":{"start":1766282856233,"stop":1766282856397,"duration":164},"status":"passed","steps":[],"attachments":[],"parameters":[],"stepsCount":0,"shouldDisplayMessage":false,"attachmentsCount":0,"hasContent":false,"attachmentStep":false},{"name":"Check the side Shop By title is visible","time":{"start":1766282856397,"stop":1766282861503,"duration":5106},"status":"broken","statusMessage":"selenium.common.exceptions.TimeoutException: Message: \nStacktrace:\n#0 0x55ed76f9e19a <unknown>\n#1 0x55ed76a1bc4b <unknown>\n#2 0x55ed76a6d318 <unknown>\n#3 0x55ed76a6d551 <unknown>\n#4 0x55ed76abb764 <unknown>\n#5 0x55ed76ab8bee <unknown>\n#6 0x55ed76a5fc42 <unknown>\n#7 0x55ed76a608f1 <unknown>\n#8 0x55ed76f66f39 <unknown>\n#9 0x55ed76f69e7d <unknown>\n#10 0x55ed76f4fc81 <unknown>\n#11 0x55ed76f6aa5b <unknown>\n#12 0x55ed76f36a50 <unknown>\n#13 0x55ed76f8baa8 <unknown>\n#14 0x55ed76f8bc79 <unknown>\n#15 0x55ed76f9d4f3 <unknown>\n#16 0x7f71ca29caa4 <unknown>\n#17 0x7f71ca329c6c <unknown>\n\n","statusTrace":"  File \"/opt/hostedtoolcache/Python/3.11.14/x64/lib/python3.11/site-packages/allure_commons/_allure.py\", line 192, in impl\n    return func(*a, **kw)\n           ^^^^^^^^^^^^^^\n  File \"/home/runner/work/luma_project/luma_project/pages/women_page.py\", line 12, in check_side_panel_name\n    shop_by_title = self.element_is_visible(self.side_panel_locators.SHOP_BY)\n                    ^^^^^^^^^^^^^^^^^^^^^^^^^^^^^^^^^^^^^^^^^^^^^^^^^^^^^^^^^\n  File \"/opt/hostedtoolcache/Python/3.11.14/x64/lib/python3.11/site-packages/allure_commons/_allure.py\", line 192, in impl\n    return func(*a, **kw)\n           ^^^^^^^^^^^^^^\n  File \"/home/runner/work/luma_project/luma_project/pages/base_page.py\", line 30, in element_is_visible\n    self.go_to_element(self.element_is_present(locator))\n                       ^^^^^^^^^^^^^^^^^^^^^^^^^^^^^^^^\n  File \"/opt/hostedtoolcache/Python/3.11.14/x64/lib/python3.11/site-packages/allure_commons/_allure.py\", line 192, in impl\n    return func(*a, **kw)\n           ^^^^^^^^^^^^^^\n  File \"/home/runner/work/luma_project/luma_project/pages/base_page.py\", line 51, in element_is_present\n    return wait(self.driver, timeout).until(EC.presence_of_element_located(locator))\n           ^^^^^^^^^^^^^^^^^^^^^^^^^^^^^^^^^^^^^^^^^^^^^^^^^^^^^^^^^^^^^^^^^^^^^^^^^\n  File \"/opt/hostedtoolcache/Python/3.11.14/x64/lib/python3.11/site-packages/selenium/webdriver/support/wait.py\", line 95, in until\n    raise TimeoutException(message, screen, stacktrace)\n","steps":[{"name":"Find a visible element","time":{"start":1766282856397,"stop":1766282861503,"duration":5106},"status":"broken","statusMessage":"selenium.common.exceptions.TimeoutException: Message: \nStacktrace:\n#0 0x55ed76f9e19a <unknown>\n#1 0x55ed76a1bc4b <unknown>\n#2 0x55ed76a6d318 <unknown>\n#3 0x55ed76a6d551 <unknown>\n#4 0x55ed76abb764 <unknown>\n#5 0x55ed76ab8bee <unknown>\n#6 0x55ed76a5fc42 <unknown>\n#7 0x55ed76a608f1 <unknown>\n#8 0x55ed76f66f39 <unknown>\n#9 0x55ed76f69e7d <unknown>\n#10 0x55ed76f4fc81 <unknown>\n#11 0x55ed76f6aa5b <unknown>\n#12 0x55ed76f36a50 <unknown>\n#13 0x55ed76f8baa8 <unknown>\n#14 0x55ed76f8bc79 <unknown>\n#15 0x55ed76f9d4f3 <unknown>\n#16 0x7f71ca29caa4 <unknown>\n#17 0x7f71ca329c6c <unknown>\n\n","statusTrace":"  File \"/opt/hostedtoolcache/Python/3.11.14/x64/lib/python3.11/site-packages/allure_commons/_allure.py\", line 192, in impl\n    return func(*a, **kw)\n           ^^^^^^^^^^^^^^\n  File \"/home/runner/work/luma_project/luma_project/pages/base_page.py\", line 30, in element_is_visible\n    self.go_to_element(self.element_is_present(locator))\n                       ^^^^^^^^^^^^^^^^^^^^^^^^^^^^^^^^\n  File \"/opt/hostedtoolcache/Python/3.11.14/x64/lib/python3.11/site-packages/allure_commons/_allure.py\", line 192, in impl\n    return func(*a, **kw)\n           ^^^^^^^^^^^^^^\n  File \"/home/runner/work/luma_project/luma_project/pages/base_page.py\", line 51, in element_is_present\n    return wait(self.driver, timeout).until(EC.presence_of_element_located(locator))\n           ^^^^^^^^^^^^^^^^^^^^^^^^^^^^^^^^^^^^^^^^^^^^^^^^^^^^^^^^^^^^^^^^^^^^^^^^^\n  File \"/opt/hostedtoolcache/Python/3.11.14/x64/lib/python3.11/site-packages/selenium/webdriver/support/wait.py\", line 95, in until\n    raise TimeoutException(message, screen, stacktrace)\n","steps":[{"name":"Find a present element","time":{"start":1766282856397,"stop":1766282861503,"duration":5106},"status":"broken","statusMessage":"selenium.common.exceptions.TimeoutException: Message: \nStacktrace:\n#0 0x55ed76f9e19a <unknown>\n#1 0x55ed76a1bc4b <unknown>\n#2 0x55ed76a6d318 <unknown>\n#3 0x55ed76a6d551 <unknown>\n#4 0x55ed76abb764 <unknown>\n#5 0x55ed76ab8bee <unknown>\n#6 0x55ed76a5fc42 <unknown>\n#7 0x55ed76a608f1 <unknown>\n#8 0x55ed76f66f39 <unknown>\n#9 0x55ed76f69e7d <unknown>\n#10 0x55ed76f4fc81 <unknown>\n#11 0x55ed76f6aa5b <unknown>\n#12 0x55ed76f36a50 <unknown>\n#13 0x55ed76f8baa8 <unknown>\n#14 0x55ed76f8bc79 <unknown>\n#15 0x55ed76f9d4f3 <unknown>\n#16 0x7f71ca29caa4 <unknown>\n#17 0x7f71ca329c6c <unknown>\n\n","statusTrace":"  File \"/opt/hostedtoolcache/Python/3.11.14/x64/lib/python3.11/site-packages/allure_commons/_allure.py\", line 192, in impl\n    return func(*a, **kw)\n           ^^^^^^^^^^^^^^\n  File \"/home/runner/work/luma_project/luma_project/pages/base_page.py\", line 51, in element_is_present\n    return wait(self.driver, timeout).until(EC.presence_of_element_located(locator))\n           ^^^^^^^^^^^^^^^^^^^^^^^^^^^^^^^^^^^^^^^^^^^^^^^^^^^^^^^^^^^^^^^^^^^^^^^^^\n  File \"/opt/hostedtoolcache/Python/3.11.14/x64/lib/python3.11/site-packages/selenium/webdriver/support/wait.py\", line 95, in until\n    raise TimeoutException(message, screen, stacktrace)\n","steps":[],"attachments":[],"parameters":[{"name":"locator","value":"('xpath', '//div[4]/div[2]/div[1]/div[1]/strong')"},{"name":"timeout","value":"5"}],"stepsCount":0,"shouldDisplayMessage":true,"attachmentsCount":0,"hasContent":true,"attachmentStep":false}],"attachments":[],"parameters":[{"name":"locator","value":"('xpath', '//div[4]/div[2]/div[1]/div[1]/strong')"},{"name":"timeout","value":"10"}],"stepsCount":1,"shouldDisplayMessage":false,"attachmentsCount":0,"hasContent":true,"attachmentStep":false}],"attachments":[],"parameters":[],"stepsCount":2,"shouldDisplayMessage":false,"attachmentsCount":0,"hasContent":true,"attachmentStep":false}],"attachments":[{"uid":"60cbdd9abcb766d7","name":"Screenshot","source":"60cbdd9abcb766d7.png","type":"image/png","size":95418},{"uid":"7d9ce9cd9959883f","name":"HTML source","source":"7d9ce9cd9959883f.html","type":"text/html","size":7068}],"parameters":[],"stepsCount":4,"shouldDisplayMessage":true,"attachmentsCount":2,"hasContent":true,"attachmentStep":false},"afterStages":[{"name":"driver::0","time":{"start":1766282861575,"stop":1766282861637,"duration":62},"status":"passed","steps":[],"attachments":[],"parameters":[],"stepsCount":0,"shouldDisplayMessage":false,"attachmentsCount":0,"hasContent":false,"attachmentStep":false},{"name":"clear_allure_result_folder::0","time":{"start":1766282894635,"stop":1766282894635,"duration":0},"status":"passed","steps":[],"attachments":[],"parameters":[],"stepsCount":0,"shouldDisplayMessage":false,"attachmentsCount":0,"hasContent":false,"attachmentStep":false}],"labels":[{"name":"epic","value":"WomenPage"},{"name":"parentSuite","value":"tests"},{"name":"suite","value":"test_women"},{"name":"subSuite","value":"TestWomenPage"},{"name":"host","value":"runnervmh13bl"},{"name":"thread","value":"2986-MainThread"},{"name":"framework","value":"pytest"},{"name":"language","value":"cpython3"},{"name":"package","value":"tests.test_women"},{"name":"resultFormat","value":"allure2"}],"parameters":[],"links":[],"hidden":false,"retry":false,"extra":{"severity":"normal","retries":[],"categories":[{"name":"Test defects","matchedStatuses":[],"flaky":false}],"history":{"statistic":{"failed":0,"broken":5,"skipped":0,"passed":0,"unknown":0,"total":5},"items":[{"uid":"c166d30969bdcf85","reportUrl":"https://verafes.github.io/luma_project/625/#testresult/c166d30969bdcf85","status":"broken","statusDetails":"selenium.common.exceptions.TimeoutException: Message: \nStacktrace:\n#0 0x55f9d256716a <unknown>\n#1 0x55f9d1fe4c4b <unknown>\n#2 0x55f9d2036318 <unknown>\n#3 0x55f9d2036551 <unknown>\n#4 0x55f9d2084764 <unknown>\n#5 0x55f9d2081bee <unknown>\n#6 0x55f9d2028c42 <unknown>\n#7 0x55f9d20298f1 <unknown>\n#8 0x55f9d252ff09 <unknown>\n#9 0x55f9d2532e4d <unknown>\n#10 0x55f9d2518c51 <unknown>\n#11 0x55f9d2533a2b <unknown>\n#12 0x55f9d24ffa20 <unknown>\n#13 0x55f9d2554a78 <unknown>\n#14 0x55f9d2554c49 <unknown>\n#15 0x55f9d25664c3 <unknown>\n#16 0x7ff25d29caa4 <unknown>\n#17 0x7ff25d329c6c <unknown>","time":{"start":1765678074616,"stop":1765678079935,"duration":5319}},{"uid":"ca424007ffc01a88","reportUrl":"https://verafes.github.io/luma_project/624/#testresult/ca424007ffc01a88","status":"broken","statusDetails":"selenium.common.exceptions.TimeoutException: Message: \nStacktrace:\n#0 0x55d0197f64ca <unknown>\n#1 0x55d019244e4b <unknown>\n#2 0x55d019297814 <unknown>\n#3 0x55d019297a51 <unknown>\n#4 0x55d0192e6a44 <unknown>\n#5 0x55d0192e3df7 <unknown>\n#6 0x55d019289c2a <unknown>\n#7 0x55d01928a931 <unknown>\n#8 0x55d0197bccf9 <unknown>\n#9 0x55d0197bfcdc <unknown>\n#10 0x55d0197a5f79 <unknown>\n#11 0x55d0197c08b5 <unknown>\n#12 0x55d01978d9c3 <unknown>\n#13 0x55d0197e3228 <unknown>\n#14 0x55d0197e3403 <unknown>\n#15 0x55d0197f5463 <unknown>\n#16 0x7f45e129caa4 <unknown>\n#17 0x7f45e1329c6c <unknown>","time":{"start":1765073244811,"stop":1765073250050,"duration":5239}},{"uid":"a435e2f54fdd5240","reportUrl":"https://verafes.github.io/luma_project/623/#testresult/a435e2f54fdd5240","status":"broken","statusDetails":"selenium.common.exceptions.TimeoutException: Message: \nStacktrace:\n#0 0x5649f39c732a <unknown>\n#1 0x5649f3413e4b <unknown>\n#2 0x5649f346682b <unknown>\n#3 0x5649f3466a61 <unknown>\n#4 0x5649f34b5a44 <unknown>\n#5 0x5649f34b2df7 <unknown>\n#6 0x5649f3458c1a <unknown>\n#7 0x5649f3459921 <unknown>\n#8 0x5649f398e239 <unknown>\n#9 0x5649f39911e8 <unknown>\n#10 0x5649f39774c9 <unknown>\n#11 0x5649f3991db5 <unknown>\n#12 0x5649f395ee93 <unknown>\n#13 0x5649f39b4098 <unknown>\n#14 0x5649f39b4273 <unknown>\n#15 0x5649f39c62c3 <unknown>\n#16 0x7fc7aaa9caa4 <unknown>\n#17 0x7fc7aab29c6c <unknown>","time":{"start":1764468423545,"stop":1764468428805,"duration":5260}},{"uid":"808e3f15e237a6a9","reportUrl":"https://verafes.github.io/luma_project/622/#testresult/808e3f15e237a6a9","status":"broken","statusDetails":"selenium.common.exceptions.TimeoutException: Message: \nStacktrace:\n#0 0x55abc25b132a <unknown>\n#1 0x55abc1ffde4b <unknown>\n#2 0x55abc205082b <unknown>\n#3 0x55abc2050a61 <unknown>\n#4 0x55abc209fa44 <unknown>\n#5 0x55abc209cdf7 <unknown>\n#6 0x55abc2042c1a <unknown>\n#7 0x55abc2043921 <unknown>\n#8 0x55abc2578239 <unknown>\n#9 0x55abc257b1e8 <unknown>\n#10 0x55abc25614c9 <unknown>\n#11 0x55abc257bdb5 <unknown>\n#12 0x55abc2548e93 <unknown>\n#13 0x55abc259e098 <unknown>\n#14 0x55abc259e273 <unknown>\n#15 0x55abc25b02c3 <unknown>\n#16 0x7fbe89e9caa4 <unknown>\n#17 0x7fbe89f29c6c <unknown>","time":{"start":1763863681910,"stop":1763863687203,"duration":5293}}]},"tags":[]},"source":"bd53a951bb55419b.json","parameterValues":[]}