{"uid":"bf42cd8494cbb2a6","name":"TC 10.01.01 - Verify 'WOMEN'S DEALS' title is correct","fullName":"tests.test_sale.TestSideMenuBarWomen#test_tc_10_01_01","historyId":"364988a32487f54869ff7281f63ea0c1","time":{"start":1766282056480,"stop":1766282061586,"duration":5106},"description":"Check title of Women's Deals section","descriptionHtml":"<p>Check title of Women's Deals section</p>\n","status":"broken","statusMessage":"selenium.common.exceptions.TimeoutException: Message: \nStacktrace:\n#0 0x5651ab7bb19a <unknown>\n#1 0x5651ab238c4b <unknown>\n#2 0x5651ab28a318 <unknown>\n#3 0x5651ab28a551 <unknown>\n#4 0x5651ab2d8764 <unknown>\n#5 0x5651ab2d5bee <unknown>\n#6 0x5651ab27cc42 <unknown>\n#7 0x5651ab27d8f1 <unknown>\n#8 0x5651ab783f39 <unknown>\n#9 0x5651ab786e7d <unknown>\n#10 0x5651ab76cc81 <unknown>\n#11 0x5651ab787a5b <unknown>\n#12 0x5651ab753a50 <unknown>\n#13 0x5651ab7a8aa8 <unknown>\n#14 0x5651ab7a8c79 <unknown>\n#15 0x5651ab7ba4f3 <unknown>\n#16 0x7ff66689caa4 <unknown>\n#17 0x7ff666929c6c <unknown>","statusTrace":"self = <test_sale.TestSalePage.TestSideMenuBarWomen object at 0x7fcfea977b50>\nsale_page = <pages.sale_page.SalePage object at 0x7fcfec0d7350>\n\n    @allure.title(\"TC 10.01.01 - Verify 'WOMEN'S DEALS' title is correct\")\n    def test_tc_10_01_01(self, sale_page):\n        \"\"\"Check title of Women's Deals section\"\"\"\n>       title = sale_page.check_text_in_women_deals_title()\n\ntests/test_sale.py:28: \n_ _ _ _ _ _ _ _ _ _ _ _ _ _ _ _ _ _ _ _ _ _ _ _ _ _ _ _ _ _ _ _ _ _ _ _ _ _ _ _ \npages/sale_page.py:13: in check_text_in_women_deals_title\n    women_deals_title = self.element_is_visible(self.side_bar_locators.WOMEN_DEALS_TITLE)\npages/base_page.py:30: in element_is_visible\n    self.go_to_element(self.element_is_present(locator))\npages/base_page.py:51: in element_is_present\n    return wait(self.driver, timeout).until(EC.presence_of_element_located(locator))\n_ _ _ _ _ _ _ _ _ _ _ _ _ _ _ _ _ _ _ _ _ _ _ _ _ _ _ _ _ _ _ _ _ _ _ _ _ _ _ _ \n\nself = <selenium.webdriver.support.wait.WebDriverWait (session=\"2a5567b4f71834f52d1f6f95d12d35cb\")>\nmethod = <function presence_of_element_located.<locals>._predicate at 0x7fcfec1a9620>\nmessage = ''\n\n    def until(self, method, message: str = \"\"):\n        \"\"\"Calls the method provided with the driver as an argument until the \\\n        return value does not evaluate to ``False``.\n    \n        :param method: callable(WebDriver)\n        :param message: optional message for :exc:`TimeoutException`\n        :returns: the result of the last call to `method`\n        :raises: :exc:`selenium.common.exceptions.TimeoutException` if timeout occurs\n        \"\"\"\n        screen = None\n        stacktrace = None\n    \n        end_time = time.monotonic() + self._timeout\n        while True:\n            try:\n                value = method(self._driver)\n                if value:\n                    return value\n            except self._ignored_exceptions as exc:\n                screen = getattr(exc, \"screen\", None)\n                stacktrace = getattr(exc, \"stacktrace\", None)\n            time.sleep(self._poll)\n            if time.monotonic() > end_time:\n                break\n>       raise TimeoutException(message, screen, stacktrace)\nE       selenium.common.exceptions.TimeoutException: Message: \nE       Stacktrace:\nE       #0 0x5651ab7bb19a <unknown>\nE       #1 0x5651ab238c4b <unknown>\nE       #2 0x5651ab28a318 <unknown>\nE       #3 0x5651ab28a551 <unknown>\nE       #4 0x5651ab2d8764 <unknown>\nE       #5 0x5651ab2d5bee <unknown>\nE       #6 0x5651ab27cc42 <unknown>\nE       #7 0x5651ab27d8f1 <unknown>\nE       #8 0x5651ab783f39 <unknown>\nE       #9 0x5651ab786e7d <unknown>\nE       #10 0x5651ab76cc81 <unknown>\nE       #11 0x5651ab787a5b <unknown>\nE       #12 0x5651ab753a50 <unknown>\nE       #13 0x5651ab7a8aa8 <unknown>\nE       #14 0x5651ab7a8c79 <unknown>\nE       #15 0x5651ab7ba4f3 <unknown>\nE       #16 0x7ff66689caa4 <unknown>\nE       #17 0x7ff666929c6c <unknown>\n\n/opt/hostedtoolcache/Python/3.11.14/x64/lib/python3.11/site-packages/selenium/webdriver/support/wait.py:95: TimeoutException","flaky":false,"newFailed":false,"newBroken":false,"newPassed":false,"retriesCount":0,"retriesStatusChange":false,"beforeStages":[{"name":"_session_faker","time":{"start":1766280511614,"stop":1766280511675,"duration":61},"status":"passed","steps":[],"attachments":[],"parameters":[],"stepsCount":0,"shouldDisplayMessage":false,"attachmentsCount":0,"hasContent":false,"attachmentStep":false},{"name":"clear_allure_result_folder","time":{"start":1766280511676,"stop":1766280511676,"duration":0},"status":"passed","steps":[],"attachments":[],"parameters":[],"stepsCount":0,"shouldDisplayMessage":false,"attachmentsCount":0,"hasContent":false,"attachmentStep":false},{"name":"driver","time":{"start":1766282055123,"stop":1766282056282,"duration":1159},"status":"passed","steps":[],"attachments":[],"parameters":[],"stepsCount":0,"shouldDisplayMessage":false,"attachmentsCount":0,"hasContent":false,"attachmentStep":false},{"name":"sale_page","time":{"start":1766282056282,"stop":1766282056480,"duration":198},"status":"passed","steps":[{"name":"Open a browser","time":{"start":1766282056283,"stop":1766282056480,"duration":197},"status":"passed","steps":[],"attachments":[],"parameters":[],"stepsCount":0,"shouldDisplayMessage":false,"attachmentsCount":0,"hasContent":false,"attachmentStep":false}],"attachments":[],"parameters":[],"stepsCount":1,"shouldDisplayMessage":false,"attachmentsCount":0,"hasContent":true,"attachmentStep":false}],"testStage":{"description":"Check title of Women's Deals section","status":"broken","statusMessage":"selenium.common.exceptions.TimeoutException: Message: \nStacktrace:\n#0 0x5651ab7bb19a <unknown>\n#1 0x5651ab238c4b <unknown>\n#2 0x5651ab28a318 <unknown>\n#3 0x5651ab28a551 <unknown>\n#4 0x5651ab2d8764 <unknown>\n#5 0x5651ab2d5bee <unknown>\n#6 0x5651ab27cc42 <unknown>\n#7 0x5651ab27d8f1 <unknown>\n#8 0x5651ab783f39 <unknown>\n#9 0x5651ab786e7d <unknown>\n#10 0x5651ab76cc81 <unknown>\n#11 0x5651ab787a5b <unknown>\n#12 0x5651ab753a50 <unknown>\n#13 0x5651ab7a8aa8 <unknown>\n#14 0x5651ab7a8c79 <unknown>\n#15 0x5651ab7ba4f3 <unknown>\n#16 0x7ff66689caa4 <unknown>\n#17 0x7ff666929c6c <unknown>","statusTrace":"self = <test_sale.TestSalePage.TestSideMenuBarWomen object at 0x7fcfea977b50>\nsale_page = <pages.sale_page.SalePage object at 0x7fcfec0d7350>\n\n    @allure.title(\"TC 10.01.01 - Verify 'WOMEN'S DEALS' title is correct\")\n    def test_tc_10_01_01(self, sale_page):\n        \"\"\"Check title of Women's Deals section\"\"\"\n>       title = sale_page.check_text_in_women_deals_title()\n\ntests/test_sale.py:28: \n_ _ _ _ _ _ _ _ _ _ _ _ _ _ _ _ _ _ _ _ _ _ _ _ _ _ _ _ _ _ _ _ _ _ _ _ _ _ _ _ \npages/sale_page.py:13: in check_text_in_women_deals_title\n    women_deals_title = self.element_is_visible(self.side_bar_locators.WOMEN_DEALS_TITLE)\npages/base_page.py:30: in element_is_visible\n    self.go_to_element(self.element_is_present(locator))\npages/base_page.py:51: in element_is_present\n    return wait(self.driver, timeout).until(EC.presence_of_element_located(locator))\n_ _ _ _ _ _ _ _ _ _ _ _ _ _ _ _ _ _ _ _ _ _ _ _ _ _ _ _ _ _ _ _ _ _ _ _ _ _ _ _ \n\nself = <selenium.webdriver.support.wait.WebDriverWait (session=\"2a5567b4f71834f52d1f6f95d12d35cb\")>\nmethod = <function presence_of_element_located.<locals>._predicate at 0x7fcfec1a9620>\nmessage = ''\n\n    def until(self, method, message: str = \"\"):\n        \"\"\"Calls the method provided with the driver as an argument until the \\\n        return value does not evaluate to ``False``.\n    \n        :param method: callable(WebDriver)\n        :param message: optional message for :exc:`TimeoutException`\n        :returns: the result of the last call to `method`\n        :raises: :exc:`selenium.common.exceptions.TimeoutException` if timeout occurs\n        \"\"\"\n        screen = None\n        stacktrace = None\n    \n        end_time = time.monotonic() + self._timeout\n        while True:\n            try:\n                value = method(self._driver)\n                if value:\n                    return value\n            except self._ignored_exceptions as exc:\n                screen = getattr(exc, \"screen\", None)\n                stacktrace = getattr(exc, \"stacktrace\", None)\n            time.sleep(self._poll)\n            if time.monotonic() > end_time:\n                break\n>       raise TimeoutException(message, screen, stacktrace)\nE       selenium.common.exceptions.TimeoutException: Message: \nE       Stacktrace:\nE       #0 0x5651ab7bb19a <unknown>\nE       #1 0x5651ab238c4b <unknown>\nE       #2 0x5651ab28a318 <unknown>\nE       #3 0x5651ab28a551 <unknown>\nE       #4 0x5651ab2d8764 <unknown>\nE       #5 0x5651ab2d5bee <unknown>\nE       #6 0x5651ab27cc42 <unknown>\nE       #7 0x5651ab27d8f1 <unknown>\nE       #8 0x5651ab783f39 <unknown>\nE       #9 0x5651ab786e7d <unknown>\nE       #10 0x5651ab76cc81 <unknown>\nE       #11 0x5651ab787a5b <unknown>\nE       #12 0x5651ab753a50 <unknown>\nE       #13 0x5651ab7a8aa8 <unknown>\nE       #14 0x5651ab7a8c79 <unknown>\nE       #15 0x5651ab7ba4f3 <unknown>\nE       #16 0x7ff66689caa4 <unknown>\nE       #17 0x7ff666929c6c <unknown>\n\n/opt/hostedtoolcache/Python/3.11.14/x64/lib/python3.11/site-packages/selenium/webdriver/support/wait.py:95: TimeoutException","steps":[{"name":"Check text in Women's deals title","time":{"start":1766282056480,"stop":1766282061586,"duration":5106},"status":"broken","statusMessage":"selenium.common.exceptions.TimeoutException: Message: \nStacktrace:\n#0 0x5651ab7bb19a <unknown>\n#1 0x5651ab238c4b <unknown>\n#2 0x5651ab28a318 <unknown>\n#3 0x5651ab28a551 <unknown>\n#4 0x5651ab2d8764 <unknown>\n#5 0x5651ab2d5bee <unknown>\n#6 0x5651ab27cc42 <unknown>\n#7 0x5651ab27d8f1 <unknown>\n#8 0x5651ab783f39 <unknown>\n#9 0x5651ab786e7d <unknown>\n#10 0x5651ab76cc81 <unknown>\n#11 0x5651ab787a5b <unknown>\n#12 0x5651ab753a50 <unknown>\n#13 0x5651ab7a8aa8 <unknown>\n#14 0x5651ab7a8c79 <unknown>\n#15 0x5651ab7ba4f3 <unknown>\n#16 0x7ff66689caa4 <unknown>\n#17 0x7ff666929c6c <unknown>\n\n","statusTrace":"  File \"/opt/hostedtoolcache/Python/3.11.14/x64/lib/python3.11/site-packages/allure_commons/_allure.py\", line 192, in impl\n    return func(*a, **kw)\n           ^^^^^^^^^^^^^^\n  File \"/home/runner/work/luma_project/luma_project/pages/sale_page.py\", line 13, in check_text_in_women_deals_title\n    women_deals_title = self.element_is_visible(self.side_bar_locators.WOMEN_DEALS_TITLE)\n                        ^^^^^^^^^^^^^^^^^^^^^^^^^^^^^^^^^^^^^^^^^^^^^^^^^^^^^^^^^^^^^^^^^\n  File \"/opt/hostedtoolcache/Python/3.11.14/x64/lib/python3.11/site-packages/allure_commons/_allure.py\", line 192, in impl\n    return func(*a, **kw)\n           ^^^^^^^^^^^^^^\n  File \"/home/runner/work/luma_project/luma_project/pages/base_page.py\", line 30, in element_is_visible\n    self.go_to_element(self.element_is_present(locator))\n                       ^^^^^^^^^^^^^^^^^^^^^^^^^^^^^^^^\n  File \"/opt/hostedtoolcache/Python/3.11.14/x64/lib/python3.11/site-packages/allure_commons/_allure.py\", line 192, in impl\n    return func(*a, **kw)\n           ^^^^^^^^^^^^^^\n  File \"/home/runner/work/luma_project/luma_project/pages/base_page.py\", line 51, in element_is_present\n    return wait(self.driver, timeout).until(EC.presence_of_element_located(locator))\n           ^^^^^^^^^^^^^^^^^^^^^^^^^^^^^^^^^^^^^^^^^^^^^^^^^^^^^^^^^^^^^^^^^^^^^^^^^\n  File \"/opt/hostedtoolcache/Python/3.11.14/x64/lib/python3.11/site-packages/selenium/webdriver/support/wait.py\", line 95, in until\n    raise TimeoutException(message, screen, stacktrace)\n","steps":[{"name":"Find a visible element","time":{"start":1766282056480,"stop":1766282061585,"duration":5105},"status":"broken","statusMessage":"selenium.common.exceptions.TimeoutException: Message: \nStacktrace:\n#0 0x5651ab7bb19a <unknown>\n#1 0x5651ab238c4b <unknown>\n#2 0x5651ab28a318 <unknown>\n#3 0x5651ab28a551 <unknown>\n#4 0x5651ab2d8764 <unknown>\n#5 0x5651ab2d5bee <unknown>\n#6 0x5651ab27cc42 <unknown>\n#7 0x5651ab27d8f1 <unknown>\n#8 0x5651ab783f39 <unknown>\n#9 0x5651ab786e7d <unknown>\n#10 0x5651ab76cc81 <unknown>\n#11 0x5651ab787a5b <unknown>\n#12 0x5651ab753a50 <unknown>\n#13 0x5651ab7a8aa8 <unknown>\n#14 0x5651ab7a8c79 <unknown>\n#15 0x5651ab7ba4f3 <unknown>\n#16 0x7ff66689caa4 <unknown>\n#17 0x7ff666929c6c <unknown>\n\n","statusTrace":"  File \"/opt/hostedtoolcache/Python/3.11.14/x64/lib/python3.11/site-packages/allure_commons/_allure.py\", line 192, in impl\n    return func(*a, **kw)\n           ^^^^^^^^^^^^^^\n  File \"/home/runner/work/luma_project/luma_project/pages/base_page.py\", line 30, in element_is_visible\n    self.go_to_element(self.element_is_present(locator))\n                       ^^^^^^^^^^^^^^^^^^^^^^^^^^^^^^^^\n  File \"/opt/hostedtoolcache/Python/3.11.14/x64/lib/python3.11/site-packages/allure_commons/_allure.py\", line 192, in impl\n    return func(*a, **kw)\n           ^^^^^^^^^^^^^^\n  File \"/home/runner/work/luma_project/luma_project/pages/base_page.py\", line 51, in element_is_present\n    return wait(self.driver, timeout).until(EC.presence_of_element_located(locator))\n           ^^^^^^^^^^^^^^^^^^^^^^^^^^^^^^^^^^^^^^^^^^^^^^^^^^^^^^^^^^^^^^^^^^^^^^^^^\n  File \"/opt/hostedtoolcache/Python/3.11.14/x64/lib/python3.11/site-packages/selenium/webdriver/support/wait.py\", line 95, in until\n    raise TimeoutException(message, screen, stacktrace)\n","steps":[{"name":"Find a present element","time":{"start":1766282056481,"stop":1766282061585,"duration":5104},"status":"broken","statusMessage":"selenium.common.exceptions.TimeoutException: Message: \nStacktrace:\n#0 0x5651ab7bb19a <unknown>\n#1 0x5651ab238c4b <unknown>\n#2 0x5651ab28a318 <unknown>\n#3 0x5651ab28a551 <unknown>\n#4 0x5651ab2d8764 <unknown>\n#5 0x5651ab2d5bee <unknown>\n#6 0x5651ab27cc42 <unknown>\n#7 0x5651ab27d8f1 <unknown>\n#8 0x5651ab783f39 <unknown>\n#9 0x5651ab786e7d <unknown>\n#10 0x5651ab76cc81 <unknown>\n#11 0x5651ab787a5b <unknown>\n#12 0x5651ab753a50 <unknown>\n#13 0x5651ab7a8aa8 <unknown>\n#14 0x5651ab7a8c79 <unknown>\n#15 0x5651ab7ba4f3 <unknown>\n#16 0x7ff66689caa4 <unknown>\n#17 0x7ff666929c6c <unknown>\n\n","statusTrace":"  File \"/opt/hostedtoolcache/Python/3.11.14/x64/lib/python3.11/site-packages/allure_commons/_allure.py\", line 192, in impl\n    return func(*a, **kw)\n           ^^^^^^^^^^^^^^\n  File \"/home/runner/work/luma_project/luma_project/pages/base_page.py\", line 51, in element_is_present\n    return wait(self.driver, timeout).until(EC.presence_of_element_located(locator))\n           ^^^^^^^^^^^^^^^^^^^^^^^^^^^^^^^^^^^^^^^^^^^^^^^^^^^^^^^^^^^^^^^^^^^^^^^^^\n  File \"/opt/hostedtoolcache/Python/3.11.14/x64/lib/python3.11/site-packages/selenium/webdriver/support/wait.py\", line 95, in until\n    raise TimeoutException(message, screen, stacktrace)\n","steps":[],"attachments":[],"parameters":[{"name":"locator","value":"('css selector', '.categories-menu > strong:nth-child(1) > span')"},{"name":"timeout","value":"5"}],"stepsCount":0,"shouldDisplayMessage":true,"attachmentsCount":0,"hasContent":true,"attachmentStep":false}],"attachments":[],"parameters":[{"name":"locator","value":"('css selector', '.categories-menu > strong:nth-child(1) > span')"},{"name":"timeout","value":"10"}],"stepsCount":1,"shouldDisplayMessage":false,"attachmentsCount":0,"hasContent":true,"attachmentStep":false}],"attachments":[],"parameters":[],"stepsCount":2,"shouldDisplayMessage":false,"attachmentsCount":0,"hasContent":true,"attachmentStep":false}],"attachments":[{"uid":"e983b0e011f10d16","name":"Screenshot","source":"e983b0e011f10d16.png","type":"image/png","size":95741},{"uid":"302c3446c75d1bb6","name":"HTML source","source":"302c3446c75d1bb6.html","type":"text/html","size":7069}],"parameters":[],"stepsCount":3,"shouldDisplayMessage":true,"attachmentsCount":2,"hasContent":true,"attachmentStep":false},"afterStages":[{"name":"driver::0","time":{"start":1766282061679,"stop":1766282061741,"duration":62},"status":"passed","steps":[],"attachments":[],"parameters":[],"stepsCount":0,"shouldDisplayMessage":false,"attachmentsCount":0,"hasContent":false,"attachmentStep":false},{"name":"clear_allure_result_folder::0","time":{"start":1766282894635,"stop":1766282894635,"duration":0},"status":"passed","steps":[],"attachments":[],"parameters":[],"stepsCount":0,"shouldDisplayMessage":false,"attachmentsCount":0,"hasContent":false,"attachmentStep":false}],"labels":[{"name":"epic","value":"Sale Page"},{"name":"feature","value":"Testing Side Menu Bar - Women's Deals Section"},{"name":"parentSuite","value":"tests"},{"name":"suite","value":"test_sale"},{"name":"subSuite","value":"TestSalePage"},{"name":"host","value":"runnervmh13bl"},{"name":"thread","value":"2986-MainThread"},{"name":"framework","value":"pytest"},{"name":"language","value":"cpython3"},{"name":"package","value":"tests.test_sale"},{"name":"resultFormat","value":"allure2"}],"parameters":[],"links":[],"hidden":false,"retry":false,"extra":{"severity":"normal","retries":[],"categories":[{"name":"Test defects","matchedStatuses":[],"flaky":false}],"history":{"statistic":{"failed":0,"broken":5,"skipped":0,"passed":0,"unknown":0,"total":5},"items":[{"uid":"35a940c4cf3ff7c4","reportUrl":"https://verafes.github.io/luma_project/625/#testresult/35a940c4cf3ff7c4","status":"broken","statusDetails":"selenium.common.exceptions.TimeoutException: Message: \nStacktrace:\n#0 0x56053670716a <unknown>\n#1 0x560536184c4b <unknown>\n#2 0x5605361d6318 <unknown>\n#3 0x5605361d6551 <unknown>\n#4 0x560536224764 <unknown>\n#5 0x560536221bee <unknown>\n#6 0x5605361c8c42 <unknown>\n#7 0x5605361c98f1 <unknown>\n#8 0x5605366cff09 <unknown>\n#9 0x5605366d2e4d <unknown>\n#10 0x5605366b8c51 <unknown>\n#11 0x5605366d3a2b <unknown>\n#12 0x56053669fa20 <unknown>\n#13 0x5605366f4a78 <unknown>\n#14 0x5605366f4c49 <unknown>\n#15 0x5605367064c3 <unknown>\n#16 0x7f5a4429caa4 <unknown>\n#17 0x7f5a44329c6c <unknown>","time":{"start":1765677269764,"stop":1765677274868,"duration":5104}},{"uid":"574228155aea7bfa","reportUrl":"https://verafes.github.io/luma_project/624/#testresult/574228155aea7bfa","status":"broken","statusDetails":"selenium.common.exceptions.TimeoutException: Message: \nStacktrace:\n#0 0x558f878114ca <unknown>\n#1 0x558f8725fe4b <unknown>\n#2 0x558f872b2814 <unknown>\n#3 0x558f872b2a51 <unknown>\n#4 0x558f87301a44 <unknown>\n#5 0x558f872fedf7 <unknown>\n#6 0x558f872a4c2a <unknown>\n#7 0x558f872a5931 <unknown>\n#8 0x558f877d7cf9 <unknown>\n#9 0x558f877dacdc <unknown>\n#10 0x558f877c0f79 <unknown>\n#11 0x558f877db8b5 <unknown>\n#12 0x558f877a89c3 <unknown>\n#13 0x558f877fe228 <unknown>\n#14 0x558f877fe403 <unknown>\n#15 0x558f87810463 <unknown>\n#16 0x7ff60ba9caa4 <unknown>\n#17 0x7ff60bb29c6c <unknown>","time":{"start":1765072440904,"stop":1765072446007,"duration":5103}},{"uid":"a128605954412e08","reportUrl":"https://verafes.github.io/luma_project/623/#testresult/a128605954412e08","status":"broken","statusDetails":"selenium.common.exceptions.TimeoutException: Message: \nStacktrace:\n#0 0x5604c574f32a <unknown>\n#1 0x5604c519be4b <unknown>\n#2 0x5604c51ee82b <unknown>\n#3 0x5604c51eea61 <unknown>\n#4 0x5604c523da44 <unknown>\n#5 0x5604c523adf7 <unknown>\n#6 0x5604c51e0c1a <unknown>\n#7 0x5604c51e1921 <unknown>\n#8 0x5604c5716239 <unknown>\n#9 0x5604c57191e8 <unknown>\n#10 0x5604c56ff4c9 <unknown>\n#11 0x5604c5719db5 <unknown>\n#12 0x5604c56e6e93 <unknown>\n#13 0x5604c573c098 <unknown>\n#14 0x5604c573c273 <unknown>\n#15 0x5604c574e2c3 <unknown>\n#16 0x7f2cc989caa4 <unknown>\n#17 0x7f2cc9929c6c <unknown>","time":{"start":1764467619731,"stop":1764467624831,"duration":5100}},{"uid":"3fcadc020b234ad2","reportUrl":"https://verafes.github.io/luma_project/622/#testresult/3fcadc020b234ad2","status":"broken","statusDetails":"selenium.common.exceptions.TimeoutException: Message: \nStacktrace:\n#0 0x561c91afa32a <unknown>\n#1 0x561c91546e4b <unknown>\n#2 0x561c9159982b <unknown>\n#3 0x561c91599a61 <unknown>\n#4 0x561c915e8a44 <unknown>\n#5 0x561c915e5df7 <unknown>\n#6 0x561c9158bc1a <unknown>\n#7 0x561c9158c921 <unknown>\n#8 0x561c91ac1239 <unknown>\n#9 0x561c91ac41e8 <unknown>\n#10 0x561c91aaa4c9 <unknown>\n#11 0x561c91ac4db5 <unknown>\n#12 0x561c91a91e93 <unknown>\n#13 0x561c91ae7098 <unknown>\n#14 0x561c91ae7273 <unknown>\n#15 0x561c91af92c3 <unknown>\n#16 0x7fcd1929caa4 <unknown>\n#17 0x7fcd19329c6c <unknown>","time":{"start":1763862874716,"stop":1763862879819,"duration":5103}}]},"tags":[]},"source":"bf42cd8494cbb2a6.json","parameterValues":[]}