{
  "uid" : "16b32a2c82b8bfa6",
  "name" : "test 04.02.03 create an account with empty last name",
  "fullName" : "tests.test_create_an_account.TestCreateAnAccount#test_tc_04_02_03_create_account_with_empty_last_name",
  "historyId" : "b0b76ba10ef3f2f190b5a1be004a500a",
  "time" : {
    "start" : 1758503580370,
    "stop" : 1758503585471,
    "duration" : 5101
  },
  "description" : " Verify that customer can't Create An Account with empty last name",
  "descriptionHtml" : "<p>Verify that customer can't Create An Account with empty last name</p>\n",
  "status" : "broken",
  "statusMessage" : "selenium.common.exceptions.TimeoutException: Message: \nStacktrace:\n#0 0x5654ee20294a <unknown>\n#1 0x5654edc778a0 <unknown>\n#2 0x5654edcc9540 <unknown>\n#3 0x5654edcc9731 <unknown>\n#4 0x5654edd17824 <unknown>\n#5 0x5654edcef05d <unknown>\n#6 0x5654edd14c23 <unknown>\n#7 0x5654edceee03 <unknown>\n#8 0x5654edcbb968 <unknown>\n#9 0x5654edcbc5e1 <unknown>\n#10 0x5654ee1c6548 <unknown>\n#11 0x5654ee1ca272 <unknown>\n#12 0x5654ee1ad313 <unknown>\n#13 0x5654ee1cadc5 <unknown>\n#14 0x5654ee19249f <unknown>\n#15 0x5654ee1ef158 <unknown>\n#16 0x5654ee1ef332 <unknown>\n#17 0x5654ee201a53 <unknown>\n#18 0x7f4f31a9caa4 <unknown>\n#19 0x7f4f31b29c3c <unknown>",
  "statusTrace" : "self = <test_create_an_account.TestCreateAnAccount object at 0x7f22c1564980>\ncreate_account_page = <pages.create_an_account_page.CreateAccountPage object at 0x7f22c0fb3050>\n\n    @allure.title('test 04.02.03 create an account with empty last name')\n    @allure.severity(allure.severity_level.BLOCKER)\n    def test_tc_04_02_03_create_account_with_empty_last_name(self, create_account_page):\n        \"\"\" Verify that customer can't Create An Account with empty last name\"\"\"\n>       message = create_account_page.create_with_empty_last_name()\n\ntests/test_create_an_account.py:204: \n_ _ _ _ _ _ _ _ _ _ _ _ _ _ _ _ _ _ _ _ _ _ _ _ _ _ _ _ _ _ _ _ _ _ _ _ _ _ _ _ \npages/create_an_account_page.py:320: in create_with_empty_last_name\n    self.element_is_visible(self.locators.FIRST_NAME).send_keys('test727')\npages/base_page.py:30: in element_is_visible\n    self.go_to_element(self.element_is_present(locator))\npages/base_page.py:51: in element_is_present\n    return wait(self.driver, timeout).until(EC.presence_of_element_located(locator))\n_ _ _ _ _ _ _ _ _ _ _ _ _ _ _ _ _ _ _ _ _ _ _ _ _ _ _ _ _ _ _ _ _ _ _ _ _ _ _ _ \n\nself = <selenium.webdriver.support.wait.WebDriverWait (session=\"2272d5ff380c77c1f4f0b0b27bb7fe03\")>\nmethod = <function presence_of_element_located.<locals>._predicate at 0x7f22c0996340>\nmessage = ''\n\n    def until(self, method, message: str = \"\"):\n        \"\"\"Calls the method provided with the driver as an argument until the \\\n        return value does not evaluate to ``False``.\n    \n        :param method: callable(WebDriver)\n        :param message: optional message for :exc:`TimeoutException`\n        :returns: the result of the last call to `method`\n        :raises: :exc:`selenium.common.exceptions.TimeoutException` if timeout occurs\n        \"\"\"\n        screen = None\n        stacktrace = None\n    \n        end_time = time.monotonic() + self._timeout\n        while True:\n            try:\n                value = method(self._driver)\n                if value:\n                    return value\n            except self._ignored_exceptions as exc:\n                screen = getattr(exc, \"screen\", None)\n                stacktrace = getattr(exc, \"stacktrace\", None)\n            time.sleep(self._poll)\n            if time.monotonic() > end_time:\n                break\n>       raise TimeoutException(message, screen, stacktrace)\nE       selenium.common.exceptions.TimeoutException: Message: \nE       Stacktrace:\nE       #0 0x5654ee20294a <unknown>\nE       #1 0x5654edc778a0 <unknown>\nE       #2 0x5654edcc9540 <unknown>\nE       #3 0x5654edcc9731 <unknown>\nE       #4 0x5654edd17824 <unknown>\nE       #5 0x5654edcef05d <unknown>\nE       #6 0x5654edd14c23 <unknown>\nE       #7 0x5654edceee03 <unknown>\nE       #8 0x5654edcbb968 <unknown>\nE       #9 0x5654edcbc5e1 <unknown>\nE       #10 0x5654ee1c6548 <unknown>\nE       #11 0x5654ee1ca272 <unknown>\nE       #12 0x5654ee1ad313 <unknown>\nE       #13 0x5654ee1cadc5 <unknown>\nE       #14 0x5654ee19249f <unknown>\nE       #15 0x5654ee1ef158 <unknown>\nE       #16 0x5654ee1ef332 <unknown>\nE       #17 0x5654ee201a53 <unknown>\nE       #18 0x7f4f31a9caa4 <unknown>\nE       #19 0x7f4f31b29c3c <unknown>\n\n/opt/hostedtoolcache/Python/3.12.3/x64/lib/python3.12/site-packages/selenium/webdriver/support/wait.py:95: TimeoutException",
  "flaky" : false,
  "newFailed" : false,
  "beforeStages" : [ {
    "name" : "_session_faker",
    "time" : {
      "start" : 1758503447562,
      "stop" : 1758503447629,
      "duration" : 67
    },
    "status" : "passed",
    "steps" : [ ],
    "attachments" : [ ],
    "parameters" : [ ],
    "stepsCount" : 0,
    "attachmentsCount" : 0,
    "shouldDisplayMessage" : false,
    "hasContent" : false
  }, {
    "name" : "clear_allure_result_folder",
    "time" : {
      "start" : 1758503447630,
      "stop" : 1758503447630,
      "duration" : 0
    },
    "status" : "passed",
    "steps" : [ ],
    "attachments" : [ ],
    "parameters" : [ ],
    "stepsCount" : 0,
    "attachmentsCount" : 0,
    "shouldDisplayMessage" : false,
    "hasContent" : false
  }, {
    "name" : "driver",
    "time" : {
      "start" : 1758503578794,
      "stop" : 1758503580033,
      "duration" : 1239
    },
    "status" : "passed",
    "steps" : [ ],
    "attachments" : [ ],
    "parameters" : [ ],
    "stepsCount" : 0,
    "attachmentsCount" : 0,
    "shouldDisplayMessage" : false,
    "hasContent" : false
  }, {
    "name" : "create_account_page",
    "time" : {
      "start" : 1758503580033,
      "stop" : 1758503580370,
      "duration" : 337
    },
    "status" : "passed",
    "steps" : [ {
      "name" : "Open a browser",
      "time" : {
        "start" : 1758503580033,
        "stop" : 1758503580370,
        "duration" : 337
      },
      "status" : "passed",
      "steps" : [ ],
      "attachments" : [ ],
      "parameters" : [ ],
      "stepsCount" : 0,
      "attachmentsCount" : 0,
      "shouldDisplayMessage" : false,
      "hasContent" : false
    } ],
    "attachments" : [ ],
    "parameters" : [ ],
    "stepsCount" : 1,
    "attachmentsCount" : 0,
    "shouldDisplayMessage" : false,
    "hasContent" : true
  } ],
  "testStage" : {
    "description" : " Verify that customer can't Create An Account with empty last name",
    "status" : "broken",
    "statusMessage" : "selenium.common.exceptions.TimeoutException: Message: \nStacktrace:\n#0 0x5654ee20294a <unknown>\n#1 0x5654edc778a0 <unknown>\n#2 0x5654edcc9540 <unknown>\n#3 0x5654edcc9731 <unknown>\n#4 0x5654edd17824 <unknown>\n#5 0x5654edcef05d <unknown>\n#6 0x5654edd14c23 <unknown>\n#7 0x5654edceee03 <unknown>\n#8 0x5654edcbb968 <unknown>\n#9 0x5654edcbc5e1 <unknown>\n#10 0x5654ee1c6548 <unknown>\n#11 0x5654ee1ca272 <unknown>\n#12 0x5654ee1ad313 <unknown>\n#13 0x5654ee1cadc5 <unknown>\n#14 0x5654ee19249f <unknown>\n#15 0x5654ee1ef158 <unknown>\n#16 0x5654ee1ef332 <unknown>\n#17 0x5654ee201a53 <unknown>\n#18 0x7f4f31a9caa4 <unknown>\n#19 0x7f4f31b29c3c <unknown>",
    "statusTrace" : "self = <test_create_an_account.TestCreateAnAccount object at 0x7f22c1564980>\ncreate_account_page = <pages.create_an_account_page.CreateAccountPage object at 0x7f22c0fb3050>\n\n    @allure.title('test 04.02.03 create an account with empty last name')\n    @allure.severity(allure.severity_level.BLOCKER)\n    def test_tc_04_02_03_create_account_with_empty_last_name(self, create_account_page):\n        \"\"\" Verify that customer can't Create An Account with empty last name\"\"\"\n>       message = create_account_page.create_with_empty_last_name()\n\ntests/test_create_an_account.py:204: \n_ _ _ _ _ _ _ _ _ _ _ _ _ _ _ _ _ _ _ _ _ _ _ _ _ _ _ _ _ _ _ _ _ _ _ _ _ _ _ _ \npages/create_an_account_page.py:320: in create_with_empty_last_name\n    self.element_is_visible(self.locators.FIRST_NAME).send_keys('test727')\npages/base_page.py:30: in element_is_visible\n    self.go_to_element(self.element_is_present(locator))\npages/base_page.py:51: in element_is_present\n    return wait(self.driver, timeout).until(EC.presence_of_element_located(locator))\n_ _ _ _ _ _ _ _ _ _ _ _ _ _ _ _ _ _ _ _ _ _ _ _ _ _ _ _ _ _ _ _ _ _ _ _ _ _ _ _ \n\nself = <selenium.webdriver.support.wait.WebDriverWait (session=\"2272d5ff380c77c1f4f0b0b27bb7fe03\")>\nmethod = <function presence_of_element_located.<locals>._predicate at 0x7f22c0996340>\nmessage = ''\n\n    def until(self, method, message: str = \"\"):\n        \"\"\"Calls the method provided with the driver as an argument until the \\\n        return value does not evaluate to ``False``.\n    \n        :param method: callable(WebDriver)\n        :param message: optional message for :exc:`TimeoutException`\n        :returns: the result of the last call to `method`\n        :raises: :exc:`selenium.common.exceptions.TimeoutException` if timeout occurs\n        \"\"\"\n        screen = None\n        stacktrace = None\n    \n        end_time = time.monotonic() + self._timeout\n        while True:\n            try:\n                value = method(self._driver)\n                if value:\n                    return value\n            except self._ignored_exceptions as exc:\n                screen = getattr(exc, \"screen\", None)\n                stacktrace = getattr(exc, \"stacktrace\", None)\n            time.sleep(self._poll)\n            if time.monotonic() > end_time:\n                break\n>       raise TimeoutException(message, screen, stacktrace)\nE       selenium.common.exceptions.TimeoutException: Message: \nE       Stacktrace:\nE       #0 0x5654ee20294a <unknown>\nE       #1 0x5654edc778a0 <unknown>\nE       #2 0x5654edcc9540 <unknown>\nE       #3 0x5654edcc9731 <unknown>\nE       #4 0x5654edd17824 <unknown>\nE       #5 0x5654edcef05d <unknown>\nE       #6 0x5654edd14c23 <unknown>\nE       #7 0x5654edceee03 <unknown>\nE       #8 0x5654edcbb968 <unknown>\nE       #9 0x5654edcbc5e1 <unknown>\nE       #10 0x5654ee1c6548 <unknown>\nE       #11 0x5654ee1ca272 <unknown>\nE       #12 0x5654ee1ad313 <unknown>\nE       #13 0x5654ee1cadc5 <unknown>\nE       #14 0x5654ee19249f <unknown>\nE       #15 0x5654ee1ef158 <unknown>\nE       #16 0x5654ee1ef332 <unknown>\nE       #17 0x5654ee201a53 <unknown>\nE       #18 0x7f4f31a9caa4 <unknown>\nE       #19 0x7f4f31b29c3c <unknown>\n\n/opt/hostedtoolcache/Python/3.12.3/x64/lib/python3.12/site-packages/selenium/webdriver/support/wait.py:95: TimeoutException",
    "steps" : [ {
      "name" : "Create an account with empty last name",
      "time" : {
        "start" : 1758503580370,
        "stop" : 1758503585471,
        "duration" : 5101
      },
      "status" : "broken",
      "statusMessage" : "selenium.common.exceptions.TimeoutException: Message: \nStacktrace:\n#0 0x5654ee20294a <unknown>\n#1 0x5654edc778a0 <unknown>\n#2 0x5654edcc9540 <unknown>\n#3 0x5654edcc9731 <unknown>\n#4 0x5654edd17824 <unknown>\n#5 0x5654edcef05d <unknown>\n#6 0x5654edd14c23 <unknown>\n#7 0x5654edceee03 <unknown>\n#8 0x5654edcbb968 <unknown>\n#9 0x5654edcbc5e1 <unknown>\n#10 0x5654ee1c6548 <unknown>\n#11 0x5654ee1ca272 <unknown>\n#12 0x5654ee1ad313 <unknown>\n#13 0x5654ee1cadc5 <unknown>\n#14 0x5654ee19249f <unknown>\n#15 0x5654ee1ef158 <unknown>\n#16 0x5654ee1ef332 <unknown>\n#17 0x5654ee201a53 <unknown>\n#18 0x7f4f31a9caa4 <unknown>\n#19 0x7f4f31b29c3c <unknown>\n\n",
      "statusTrace" : "  File \"/opt/hostedtoolcache/Python/3.12.3/x64/lib/python3.12/site-packages/allure_commons/_allure.py\", line 192, in impl\n    return func(*a, **kw)\n           ^^^^^^^^^^^^^^\n  File \"/home/runner/work/luma_project/luma_project/pages/create_an_account_page.py\", line 320, in create_with_empty_last_name\n    self.element_is_visible(self.locators.FIRST_NAME).send_keys('test727')\n    ^^^^^^^^^^^^^^^^^^^^^^^^^^^^^^^^^^^^^^^^^^^^^^^^^\n  File \"/opt/hostedtoolcache/Python/3.12.3/x64/lib/python3.12/site-packages/allure_commons/_allure.py\", line 192, in impl\n    return func(*a, **kw)\n           ^^^^^^^^^^^^^^\n  File \"/home/runner/work/luma_project/luma_project/pages/base_page.py\", line 30, in element_is_visible\n    self.go_to_element(self.element_is_present(locator))\n                       ^^^^^^^^^^^^^^^^^^^^^^^^^^^^^^^^\n  File \"/opt/hostedtoolcache/Python/3.12.3/x64/lib/python3.12/site-packages/allure_commons/_allure.py\", line 192, in impl\n    return func(*a, **kw)\n           ^^^^^^^^^^^^^^\n  File \"/home/runner/work/luma_project/luma_project/pages/base_page.py\", line 51, in element_is_present\n    return wait(self.driver, timeout).until(EC.presence_of_element_located(locator))\n           ^^^^^^^^^^^^^^^^^^^^^^^^^^^^^^^^^^^^^^^^^^^^^^^^^^^^^^^^^^^^^^^^^^^^^^^^^\n  File \"/opt/hostedtoolcache/Python/3.12.3/x64/lib/python3.12/site-packages/selenium/webdriver/support/wait.py\", line 95, in until\n    raise TimeoutException(message, screen, stacktrace)\n",
      "steps" : [ {
        "name" : "Find a visible element",
        "time" : {
          "start" : 1758503580370,
          "stop" : 1758503585471,
          "duration" : 5101
        },
        "status" : "broken",
        "statusMessage" : "selenium.common.exceptions.TimeoutException: Message: \nStacktrace:\n#0 0x5654ee20294a <unknown>\n#1 0x5654edc778a0 <unknown>\n#2 0x5654edcc9540 <unknown>\n#3 0x5654edcc9731 <unknown>\n#4 0x5654edd17824 <unknown>\n#5 0x5654edcef05d <unknown>\n#6 0x5654edd14c23 <unknown>\n#7 0x5654edceee03 <unknown>\n#8 0x5654edcbb968 <unknown>\n#9 0x5654edcbc5e1 <unknown>\n#10 0x5654ee1c6548 <unknown>\n#11 0x5654ee1ca272 <unknown>\n#12 0x5654ee1ad313 <unknown>\n#13 0x5654ee1cadc5 <unknown>\n#14 0x5654ee19249f <unknown>\n#15 0x5654ee1ef158 <unknown>\n#16 0x5654ee1ef332 <unknown>\n#17 0x5654ee201a53 <unknown>\n#18 0x7f4f31a9caa4 <unknown>\n#19 0x7f4f31b29c3c <unknown>\n\n",
        "statusTrace" : "  File \"/opt/hostedtoolcache/Python/3.12.3/x64/lib/python3.12/site-packages/allure_commons/_allure.py\", line 192, in impl\n    return func(*a, **kw)\n           ^^^^^^^^^^^^^^\n  File \"/home/runner/work/luma_project/luma_project/pages/base_page.py\", line 30, in element_is_visible\n    self.go_to_element(self.element_is_present(locator))\n                       ^^^^^^^^^^^^^^^^^^^^^^^^^^^^^^^^\n  File \"/opt/hostedtoolcache/Python/3.12.3/x64/lib/python3.12/site-packages/allure_commons/_allure.py\", line 192, in impl\n    return func(*a, **kw)\n           ^^^^^^^^^^^^^^\n  File \"/home/runner/work/luma_project/luma_project/pages/base_page.py\", line 51, in element_is_present\n    return wait(self.driver, timeout).until(EC.presence_of_element_located(locator))\n           ^^^^^^^^^^^^^^^^^^^^^^^^^^^^^^^^^^^^^^^^^^^^^^^^^^^^^^^^^^^^^^^^^^^^^^^^^\n  File \"/opt/hostedtoolcache/Python/3.12.3/x64/lib/python3.12/site-packages/selenium/webdriver/support/wait.py\", line 95, in until\n    raise TimeoutException(message, screen, stacktrace)\n",
        "steps" : [ {
          "name" : "Find a present element",
          "time" : {
            "start" : 1758503580371,
            "stop" : 1758503585470,
            "duration" : 5099
          },
          "status" : "broken",
          "statusMessage" : "selenium.common.exceptions.TimeoutException: Message: \nStacktrace:\n#0 0x5654ee20294a <unknown>\n#1 0x5654edc778a0 <unknown>\n#2 0x5654edcc9540 <unknown>\n#3 0x5654edcc9731 <unknown>\n#4 0x5654edd17824 <unknown>\n#5 0x5654edcef05d <unknown>\n#6 0x5654edd14c23 <unknown>\n#7 0x5654edceee03 <unknown>\n#8 0x5654edcbb968 <unknown>\n#9 0x5654edcbc5e1 <unknown>\n#10 0x5654ee1c6548 <unknown>\n#11 0x5654ee1ca272 <unknown>\n#12 0x5654ee1ad313 <unknown>\n#13 0x5654ee1cadc5 <unknown>\n#14 0x5654ee19249f <unknown>\n#15 0x5654ee1ef158 <unknown>\n#16 0x5654ee1ef332 <unknown>\n#17 0x5654ee201a53 <unknown>\n#18 0x7f4f31a9caa4 <unknown>\n#19 0x7f4f31b29c3c <unknown>\n\n",
          "statusTrace" : "  File \"/opt/hostedtoolcache/Python/3.12.3/x64/lib/python3.12/site-packages/allure_commons/_allure.py\", line 192, in impl\n    return func(*a, **kw)\n           ^^^^^^^^^^^^^^\n  File \"/home/runner/work/luma_project/luma_project/pages/base_page.py\", line 51, in element_is_present\n    return wait(self.driver, timeout).until(EC.presence_of_element_located(locator))\n           ^^^^^^^^^^^^^^^^^^^^^^^^^^^^^^^^^^^^^^^^^^^^^^^^^^^^^^^^^^^^^^^^^^^^^^^^^\n  File \"/opt/hostedtoolcache/Python/3.12.3/x64/lib/python3.12/site-packages/selenium/webdriver/support/wait.py\", line 95, in until\n    raise TimeoutException(message, screen, stacktrace)\n",
          "steps" : [ ],
          "attachments" : [ ],
          "parameters" : [ {
            "name" : "locator",
            "value" : "('id', 'firstname')"
          }, {
            "name" : "timeout",
            "value" : "5"
          } ],
          "stepsCount" : 0,
          "attachmentsCount" : 0,
          "shouldDisplayMessage" : true,
          "hasContent" : true
        } ],
        "attachments" : [ ],
        "parameters" : [ {
          "name" : "locator",
          "value" : "('id', 'firstname')"
        }, {
          "name" : "timeout",
          "value" : "10"
        } ],
        "stepsCount" : 1,
        "attachmentsCount" : 0,
        "shouldDisplayMessage" : false,
        "hasContent" : true
      } ],
      "attachments" : [ ],
      "parameters" : [ ],
      "stepsCount" : 2,
      "attachmentsCount" : 0,
      "shouldDisplayMessage" : false,
      "hasContent" : true
    } ],
    "attachments" : [ {
      "uid" : "19f5b3f413678c82",
      "name" : "Screenshot",
      "source" : "19f5b3f413678c82.png",
      "type" : "image/png",
      "size" : 23875
    }, {
      "uid" : "cab097dae5c1d13a",
      "name" : "HTML source",
      "source" : "cab097dae5c1d13a.html",
      "type" : "text/html",
      "size" : 786
    } ],
    "parameters" : [ ],
    "stepsCount" : 3,
    "attachmentsCount" : 2,
    "shouldDisplayMessage" : true,
    "hasContent" : true
  },
  "afterStages" : [ {
    "name" : "clear_allure_result_folder::0",
    "time" : {
      "start" : 1758505893826,
      "stop" : 1758505893826,
      "duration" : 0
    },
    "status" : "passed",
    "steps" : [ ],
    "attachments" : [ ],
    "parameters" : [ ],
    "stepsCount" : 0,
    "attachmentsCount" : 0,
    "shouldDisplayMessage" : false,
    "hasContent" : false
  }, {
    "name" : "driver::0",
    "time" : {
      "start" : 1758503585549,
      "stop" : 1758503585609,
      "duration" : 60
    },
    "status" : "passed",
    "steps" : [ ],
    "attachments" : [ ],
    "parameters" : [ ],
    "stepsCount" : 0,
    "attachmentsCount" : 0,
    "shouldDisplayMessage" : false,
    "hasContent" : false
  } ],
  "labels" : [ {
    "name" : "severity",
    "value" : "blocker"
  }, {
    "name" : "epic",
    "value" : "Create An Account"
  }, {
    "name" : "parentSuite",
    "value" : "tests"
  }, {
    "name" : "suite",
    "value" : "test_create_an_account"
  }, {
    "name" : "subSuite",
    "value" : "TestCreateAnAccount"
  }, {
    "name" : "host",
    "value" : "runnervmf4ws1"
  }, {
    "name" : "thread",
    "value" : "2993-MainThread"
  }, {
    "name" : "framework",
    "value" : "pytest"
  }, {
    "name" : "language",
    "value" : "cpython3"
  }, {
    "name" : "package",
    "value" : "tests.test_create_an_account"
  }, {
    "name" : "resultFormat",
    "value" : "allure2"
  } ],
  "parameters" : [ ],
  "links" : [ ],
  "hidden" : false,
  "retry" : false,
  "extra" : {
    "severity" : "blocker",
    "retries" : [ ],
    "categories" : [ {
      "name" : "Test defects",
      "matchedStatuses" : [ ],
      "flaky" : false
    } ],
    "tags" : [ ]
  },
  "source" : "16b32a2c82b8bfa6.json",
  "parameterValues" : [ ]
}