{
  "uid" : "17360c6c6ca971b0",
  "name" : "TC 13.01.53 - Check if block 4 'home-performance' in section 2 is clickablein the Promo Block on the main page",
  "fullName" : "tests.test_main_page.TestPromoBlock#test_tc_13_01_53_check_section2_block4_clickability",
  "historyId" : "b050a9ed05762877bd26dc4acb15ac18",
  "time" : {
    "start" : 1740964705763,
    "stop" : 1740964712325,
    "duration" : 6562
  },
  "description" : "This test checks if block 4 'home-performance' in section 2 in Promo Block under header is clickable",
  "descriptionHtml" : "<p>This test checks if block 4 'home-performance' in section 2 in Promo Block under header is clickable</p>\n",
  "status" : "broken",
  "statusMessage" : "selenium.common.exceptions.TimeoutException: Message: \nStacktrace:\n#0 0x55f85f247bea <unknown>\n#1 0x55f85ece57d0 <unknown>\n#2 0x55f85ed36cc0 <unknown>\n#3 0x55f85ed36e41 <unknown>\n#4 0x55f85ed85984 <unknown>\n#5 0x55f85ed5cabd <unknown>\n#6 0x55f85ed82d0c <unknown>\n#7 0x55f85ed5c863 <unknown>\n#8 0x55f85ed28ac8 <unknown>\n#9 0x55f85ed29c31 <unknown>\n#10 0x55f85f21118b <unknown>\n#11 0x55f85f215112 <unknown>\n#12 0x55f85f1fe04c <unknown>\n#13 0x55f85f215d04 <unknown>\n#14 0x55f85f1e24bf <unknown>\n#15 0x55f85f236528 <unknown>\n#16 0x55f85f2366f9 <unknown>\n#17 0x55f85f246a66 <unknown>\n#18 0x7f0ba329caa4 <unknown>\n#19 0x7f0ba3329c3c <unknown>",
  "statusTrace" : "self = <test_main_page.TestMainPage.TestPromoBlock object at 0x7f71f0405220>\ndriver = <selenium.webdriver.chrome.webdriver.WebDriver (session=\"276b3632c6759953786c91c6e8e5ef7c\")>\n\n    @allure.title(\"TC 13.01.53 - Check if block 4 'home-performance' in section 2 is clickable\"\n                  \"in the Promo Block on the main page\")\n    def test_tc_13_01_53_check_section2_block4_clickability(self, driver):\n        \"\"\"This test checks if block 4 'home-performance' in section 2 in Promo Block under header is clickable\"\"\"\n        page = PromoBlock(driver, MAIN_PAGE_URL)\n        page.open()\n>       section2_block4 = page.check_section2_block4_clickability()\n\ntests/test_main_page.py:672: \n_ _ _ _ _ _ _ _ _ _ _ _ _ _ _ _ _ _ _ _ _ _ _ _ _ _ _ _ _ _ _ _ _ _ _ _ _ _ _ _ \npages/main_page.py:346: in check_section2_block4_clickability\n    section2_block4 = self.element_is_clickable(self.locators.SECTION_2_BLOCK_4)\npages/base_page.py:81: in element_is_clickable\n    return wait(self.driver, timeout).until(EC.element_to_be_clickable(locator))\n_ _ _ _ _ _ _ _ _ _ _ _ _ _ _ _ _ _ _ _ _ _ _ _ _ _ _ _ _ _ _ _ _ _ _ _ _ _ _ _ \n\nself = <selenium.webdriver.support.wait.WebDriverWait (session=\"276b3632c6759953786c91c6e8e5ef7c\")>\nmethod = <function element_to_be_clickable.<locals>._predicate at 0x7f71f06a8720>\nmessage = ''\n\n    def until(self, method, message: str = \"\"):\n        \"\"\"Calls the method provided with the driver as an argument until the \\\n        return value does not evaluate to ``False``.\n    \n        :param method: callable(WebDriver)\n        :param message: optional message for :exc:`TimeoutException`\n        :returns: the result of the last call to `method`\n        :raises: :exc:`selenium.common.exceptions.TimeoutException` if timeout occurs\n        \"\"\"\n        screen = None\n        stacktrace = None\n    \n        end_time = time.monotonic() + self._timeout\n        while True:\n            try:\n                value = method(self._driver)\n                if value:\n                    return value\n            except self._ignored_exceptions as exc:\n                screen = getattr(exc, \"screen\", None)\n                stacktrace = getattr(exc, \"stacktrace\", None)\n            time.sleep(self._poll)\n            if time.monotonic() > end_time:\n                break\n>       raise TimeoutException(message, screen, stacktrace)\nE       selenium.common.exceptions.TimeoutException: Message: \nE       Stacktrace:\nE       #0 0x55f85f247bea <unknown>\nE       #1 0x55f85ece57d0 <unknown>\nE       #2 0x55f85ed36cc0 <unknown>\nE       #3 0x55f85ed36e41 <unknown>\nE       #4 0x55f85ed85984 <unknown>\nE       #5 0x55f85ed5cabd <unknown>\nE       #6 0x55f85ed82d0c <unknown>\nE       #7 0x55f85ed5c863 <unknown>\nE       #8 0x55f85ed28ac8 <unknown>\nE       #9 0x55f85ed29c31 <unknown>\nE       #10 0x55f85f21118b <unknown>\nE       #11 0x55f85f215112 <unknown>\nE       #12 0x55f85f1fe04c <unknown>\nE       #13 0x55f85f215d04 <unknown>\nE       #14 0x55f85f1e24bf <unknown>\nE       #15 0x55f85f236528 <unknown>\nE       #16 0x55f85f2366f9 <unknown>\nE       #17 0x55f85f246a66 <unknown>\nE       #18 0x7f0ba329caa4 <unknown>\nE       #19 0x7f0ba3329c3c <unknown>\n\n/opt/hostedtoolcache/Python/3.12.3/x64/lib/python3.12/site-packages/selenium/webdriver/support/wait.py:95: TimeoutException",
  "flaky" : false,
  "newFailed" : false,
  "beforeStages" : [ {
    "name" : "clear_allure_result_folder",
    "time" : {
      "start" : 1740963896594,
      "stop" : 1740963896594,
      "duration" : 0
    },
    "status" : "passed",
    "steps" : [ ],
    "attachments" : [ ],
    "parameters" : [ ],
    "stepsCount" : 0,
    "attachmentsCount" : 0,
    "shouldDisplayMessage" : false,
    "hasContent" : false
  }, {
    "name" : "driver",
    "time" : {
      "start" : 1740964704502,
      "stop" : 1740964705762,
      "duration" : 1260
    },
    "status" : "passed",
    "steps" : [ ],
    "attachments" : [ ],
    "parameters" : [ ],
    "stepsCount" : 0,
    "attachmentsCount" : 0,
    "shouldDisplayMessage" : false,
    "hasContent" : false
  }, {
    "name" : "_session_faker",
    "time" : {
      "start" : 1740963896526,
      "stop" : 1740963896594,
      "duration" : 68
    },
    "status" : "passed",
    "steps" : [ ],
    "attachments" : [ ],
    "parameters" : [ ],
    "stepsCount" : 0,
    "attachmentsCount" : 0,
    "shouldDisplayMessage" : false,
    "hasContent" : false
  } ],
  "testStage" : {
    "description" : "This test checks if block 4 'home-performance' in section 2 in Promo Block under header is clickable",
    "status" : "broken",
    "statusMessage" : "selenium.common.exceptions.TimeoutException: Message: \nStacktrace:\n#0 0x55f85f247bea <unknown>\n#1 0x55f85ece57d0 <unknown>\n#2 0x55f85ed36cc0 <unknown>\n#3 0x55f85ed36e41 <unknown>\n#4 0x55f85ed85984 <unknown>\n#5 0x55f85ed5cabd <unknown>\n#6 0x55f85ed82d0c <unknown>\n#7 0x55f85ed5c863 <unknown>\n#8 0x55f85ed28ac8 <unknown>\n#9 0x55f85ed29c31 <unknown>\n#10 0x55f85f21118b <unknown>\n#11 0x55f85f215112 <unknown>\n#12 0x55f85f1fe04c <unknown>\n#13 0x55f85f215d04 <unknown>\n#14 0x55f85f1e24bf <unknown>\n#15 0x55f85f236528 <unknown>\n#16 0x55f85f2366f9 <unknown>\n#17 0x55f85f246a66 <unknown>\n#18 0x7f0ba329caa4 <unknown>\n#19 0x7f0ba3329c3c <unknown>",
    "statusTrace" : "self = <test_main_page.TestMainPage.TestPromoBlock object at 0x7f71f0405220>\ndriver = <selenium.webdriver.chrome.webdriver.WebDriver (session=\"276b3632c6759953786c91c6e8e5ef7c\")>\n\n    @allure.title(\"TC 13.01.53 - Check if block 4 'home-performance' in section 2 is clickable\"\n                  \"in the Promo Block on the main page\")\n    def test_tc_13_01_53_check_section2_block4_clickability(self, driver):\n        \"\"\"This test checks if block 4 'home-performance' in section 2 in Promo Block under header is clickable\"\"\"\n        page = PromoBlock(driver, MAIN_PAGE_URL)\n        page.open()\n>       section2_block4 = page.check_section2_block4_clickability()\n\ntests/test_main_page.py:672: \n_ _ _ _ _ _ _ _ _ _ _ _ _ _ _ _ _ _ _ _ _ _ _ _ _ _ _ _ _ _ _ _ _ _ _ _ _ _ _ _ \npages/main_page.py:346: in check_section2_block4_clickability\n    section2_block4 = self.element_is_clickable(self.locators.SECTION_2_BLOCK_4)\npages/base_page.py:81: in element_is_clickable\n    return wait(self.driver, timeout).until(EC.element_to_be_clickable(locator))\n_ _ _ _ _ _ _ _ _ _ _ _ _ _ _ _ _ _ _ _ _ _ _ _ _ _ _ _ _ _ _ _ _ _ _ _ _ _ _ _ \n\nself = <selenium.webdriver.support.wait.WebDriverWait (session=\"276b3632c6759953786c91c6e8e5ef7c\")>\nmethod = <function element_to_be_clickable.<locals>._predicate at 0x7f71f06a8720>\nmessage = ''\n\n    def until(self, method, message: str = \"\"):\n        \"\"\"Calls the method provided with the driver as an argument until the \\\n        return value does not evaluate to ``False``.\n    \n        :param method: callable(WebDriver)\n        :param message: optional message for :exc:`TimeoutException`\n        :returns: the result of the last call to `method`\n        :raises: :exc:`selenium.common.exceptions.TimeoutException` if timeout occurs\n        \"\"\"\n        screen = None\n        stacktrace = None\n    \n        end_time = time.monotonic() + self._timeout\n        while True:\n            try:\n                value = method(self._driver)\n                if value:\n                    return value\n            except self._ignored_exceptions as exc:\n                screen = getattr(exc, \"screen\", None)\n                stacktrace = getattr(exc, \"stacktrace\", None)\n            time.sleep(self._poll)\n            if time.monotonic() > end_time:\n                break\n>       raise TimeoutException(message, screen, stacktrace)\nE       selenium.common.exceptions.TimeoutException: Message: \nE       Stacktrace:\nE       #0 0x55f85f247bea <unknown>\nE       #1 0x55f85ece57d0 <unknown>\nE       #2 0x55f85ed36cc0 <unknown>\nE       #3 0x55f85ed36e41 <unknown>\nE       #4 0x55f85ed85984 <unknown>\nE       #5 0x55f85ed5cabd <unknown>\nE       #6 0x55f85ed82d0c <unknown>\nE       #7 0x55f85ed5c863 <unknown>\nE       #8 0x55f85ed28ac8 <unknown>\nE       #9 0x55f85ed29c31 <unknown>\nE       #10 0x55f85f21118b <unknown>\nE       #11 0x55f85f215112 <unknown>\nE       #12 0x55f85f1fe04c <unknown>\nE       #13 0x55f85f215d04 <unknown>\nE       #14 0x55f85f1e24bf <unknown>\nE       #15 0x55f85f236528 <unknown>\nE       #16 0x55f85f2366f9 <unknown>\nE       #17 0x55f85f246a66 <unknown>\nE       #18 0x7f0ba329caa4 <unknown>\nE       #19 0x7f0ba3329c3c <unknown>\n\n/opt/hostedtoolcache/Python/3.12.3/x64/lib/python3.12/site-packages/selenium/webdriver/support/wait.py:95: TimeoutException",
    "steps" : [ {
      "name" : "Open a browser",
      "time" : {
        "start" : 1740964705763,
        "stop" : 1740964706867,
        "duration" : 1104
      },
      "status" : "passed",
      "steps" : [ ],
      "attachments" : [ ],
      "parameters" : [ ],
      "stepsCount" : 0,
      "attachmentsCount" : 0,
      "shouldDisplayMessage" : false,
      "hasContent" : false
    }, {
      "name" : "Check clickability of the block 4 'home-performance' in the section 2 in the Promo Block",
      "time" : {
        "start" : 1740964706867,
        "stop" : 1740964712325,
        "duration" : 5458
      },
      "status" : "broken",
      "statusMessage" : "selenium.common.exceptions.TimeoutException: Message: \nStacktrace:\n#0 0x55f85f247bea <unknown>\n#1 0x55f85ece57d0 <unknown>\n#2 0x55f85ed36cc0 <unknown>\n#3 0x55f85ed36e41 <unknown>\n#4 0x55f85ed85984 <unknown>\n#5 0x55f85ed5cabd <unknown>\n#6 0x55f85ed82d0c <unknown>\n#7 0x55f85ed5c863 <unknown>\n#8 0x55f85ed28ac8 <unknown>\n#9 0x55f85ed29c31 <unknown>\n#10 0x55f85f21118b <unknown>\n#11 0x55f85f215112 <unknown>\n#12 0x55f85f1fe04c <unknown>\n#13 0x55f85f215d04 <unknown>\n#14 0x55f85f1e24bf <unknown>\n#15 0x55f85f236528 <unknown>\n#16 0x55f85f2366f9 <unknown>\n#17 0x55f85f246a66 <unknown>\n#18 0x7f0ba329caa4 <unknown>\n#19 0x7f0ba3329c3c <unknown>\n\n",
      "statusTrace" : "  File \"/opt/hostedtoolcache/Python/3.12.3/x64/lib/python3.12/site-packages/allure_commons/_allure.py\", line 192, in impl\n    return func(*a, **kw)\n           ^^^^^^^^^^^^^^\n  File \"/home/runner/work/luma_project/luma_project/pages/main_page.py\", line 346, in check_section2_block4_clickability\n    section2_block4 = self.element_is_clickable(self.locators.SECTION_2_BLOCK_4)\n                      ^^^^^^^^^^^^^^^^^^^^^^^^^^^^^^^^^^^^^^^^^^^^^^^^^^^^^^^^^^\n  File \"/opt/hostedtoolcache/Python/3.12.3/x64/lib/python3.12/site-packages/allure_commons/_allure.py\", line 192, in impl\n    return func(*a, **kw)\n           ^^^^^^^^^^^^^^\n  File \"/home/runner/work/luma_project/luma_project/pages/base_page.py\", line 81, in element_is_clickable\n    return wait(self.driver, timeout).until(EC.element_to_be_clickable(locator))\n           ^^^^^^^^^^^^^^^^^^^^^^^^^^^^^^^^^^^^^^^^^^^^^^^^^^^^^^^^^^^^^^^^^^^^^\n  File \"/opt/hostedtoolcache/Python/3.12.3/x64/lib/python3.12/site-packages/selenium/webdriver/support/wait.py\", line 95, in until\n    raise TimeoutException(message, screen, stacktrace)\n",
      "steps" : [ {
        "name" : "Find clickable elements",
        "time" : {
          "start" : 1740964706867,
          "stop" : 1740964712324,
          "duration" : 5457
        },
        "status" : "broken",
        "statusMessage" : "selenium.common.exceptions.TimeoutException: Message: \nStacktrace:\n#0 0x55f85f247bea <unknown>\n#1 0x55f85ece57d0 <unknown>\n#2 0x55f85ed36cc0 <unknown>\n#3 0x55f85ed36e41 <unknown>\n#4 0x55f85ed85984 <unknown>\n#5 0x55f85ed5cabd <unknown>\n#6 0x55f85ed82d0c <unknown>\n#7 0x55f85ed5c863 <unknown>\n#8 0x55f85ed28ac8 <unknown>\n#9 0x55f85ed29c31 <unknown>\n#10 0x55f85f21118b <unknown>\n#11 0x55f85f215112 <unknown>\n#12 0x55f85f1fe04c <unknown>\n#13 0x55f85f215d04 <unknown>\n#14 0x55f85f1e24bf <unknown>\n#15 0x55f85f236528 <unknown>\n#16 0x55f85f2366f9 <unknown>\n#17 0x55f85f246a66 <unknown>\n#18 0x7f0ba329caa4 <unknown>\n#19 0x7f0ba3329c3c <unknown>\n\n",
        "statusTrace" : "  File \"/opt/hostedtoolcache/Python/3.12.3/x64/lib/python3.12/site-packages/allure_commons/_allure.py\", line 192, in impl\n    return func(*a, **kw)\n           ^^^^^^^^^^^^^^\n  File \"/home/runner/work/luma_project/luma_project/pages/base_page.py\", line 81, in element_is_clickable\n    return wait(self.driver, timeout).until(EC.element_to_be_clickable(locator))\n           ^^^^^^^^^^^^^^^^^^^^^^^^^^^^^^^^^^^^^^^^^^^^^^^^^^^^^^^^^^^^^^^^^^^^^\n  File \"/opt/hostedtoolcache/Python/3.12.3/x64/lib/python3.12/site-packages/selenium/webdriver/support/wait.py\", line 95, in until\n    raise TimeoutException(message, screen, stacktrace)\n",
        "steps" : [ ],
        "attachments" : [ ],
        "parameters" : [ {
          "name" : "locator",
          "value" : "('css selector', '.home-performance')"
        }, {
          "name" : "timeout",
          "value" : "5"
        } ],
        "stepsCount" : 0,
        "attachmentsCount" : 0,
        "shouldDisplayMessage" : true,
        "hasContent" : true
      } ],
      "attachments" : [ ],
      "parameters" : [ ],
      "stepsCount" : 1,
      "attachmentsCount" : 0,
      "shouldDisplayMessage" : false,
      "hasContent" : true
    } ],
    "attachments" : [ {
      "uid" : "18315200bd4e05ab",
      "name" : "Screenshot",
      "source" : "18315200bd4e05ab.png",
      "type" : "image/png",
      "size" : 548905
    }, {
      "uid" : "e2c1e2e506aef5b9",
      "name" : "HTML source",
      "source" : "e2c1e2e506aef5b9.html",
      "type" : "text/html",
      "size" : 144999
    } ],
    "parameters" : [ ],
    "stepsCount" : 3,
    "attachmentsCount" : 2,
    "shouldDisplayMessage" : true,
    "hasContent" : true
  },
  "afterStages" : [ {
    "name" : "clear_allure_result_folder::0",
    "time" : {
      "start" : 1740965328775,
      "stop" : 1740965328776,
      "duration" : 1
    },
    "status" : "passed",
    "steps" : [ ],
    "attachments" : [ ],
    "parameters" : [ ],
    "stepsCount" : 0,
    "attachmentsCount" : 0,
    "shouldDisplayMessage" : false,
    "hasContent" : false
  }, {
    "name" : "driver::0",
    "time" : {
      "start" : 1740964712566,
      "stop" : 1740964712670,
      "duration" : 104
    },
    "status" : "passed",
    "steps" : [ ],
    "attachments" : [ ],
    "parameters" : [ ],
    "stepsCount" : 0,
    "attachmentsCount" : 0,
    "shouldDisplayMessage" : false,
    "hasContent" : false
  } ],
  "labels" : [ {
    "name" : "feature",
    "value" : "Promo Block Testing"
  }, {
    "name" : "epic",
    "value" : "Main Page"
  }, {
    "name" : "parentSuite",
    "value" : "tests"
  }, {
    "name" : "suite",
    "value" : "test_main_page"
  }, {
    "name" : "subSuite",
    "value" : "TestMainPage"
  }, {
    "name" : "host",
    "value" : "fv-az1118-98"
  }, {
    "name" : "thread",
    "value" : "3495-MainThread"
  }, {
    "name" : "framework",
    "value" : "pytest"
  }, {
    "name" : "language",
    "value" : "cpython3"
  }, {
    "name" : "package",
    "value" : "tests.test_main_page"
  }, {
    "name" : "resultFormat",
    "value" : "allure2"
  } ],
  "parameters" : [ ],
  "links" : [ ],
  "hidden" : false,
  "retry" : false,
  "extra" : {
    "severity" : "normal",
    "retries" : [ ],
    "categories" : [ {
      "name" : "Test defects",
      "matchedStatuses" : [ ],
      "flaky" : false
    } ],
    "tags" : [ ]
  },
  "source" : "17360c6c6ca971b0.json",
  "parameterValues" : [ ]
}