{
  "uid" : "1e7178717501fe86",
  "name" : "TC 13.01.52 - Check if block 3 'home-erin' in section 2 is clickablein the Promo Block on the main page",
  "fullName" : "tests.test_main_page.TestPromoBlock#test_tc_13_01_52_check_section2_block3_clickability",
  "historyId" : "2dd6059093f3a778171c7c1f2bca6ca4",
  "time" : {
    "start" : 1743988953528,
    "stop" : 1743988960428,
    "duration" : 6900
  },
  "description" : "This test checks if block 3 'home-erin' in section 2 in Promo Block under header is clickable",
  "descriptionHtml" : "<p>This test checks if block 3 'home-erin' in section 2 in Promo Block under header is clickable</p>\n",
  "status" : "broken",
  "statusMessage" : "selenium.common.exceptions.TimeoutException: Message: \nStacktrace:\n#0 0x559d6a274ffa <unknown>\n#1 0x559d69d33970 <unknown>\n#2 0x559d69d85385 <unknown>\n#3 0x559d69d855b1 <unknown>\n#4 0x559d69dd43c4 <unknown>\n#5 0x559d69dab2bd <unknown>\n#6 0x559d69dd170c <unknown>\n#7 0x559d69dab063 <unknown>\n#8 0x559d69d77328 <unknown>\n#9 0x559d69d78491 <unknown>\n#10 0x559d6a23c42b <unknown>\n#11 0x559d6a2402ec <unknown>\n#12 0x559d6a223a22 <unknown>\n#13 0x559d6a240e64 <unknown>\n#14 0x559d6a207bef <unknown>\n#15 0x559d6a263558 <unknown>\n#16 0x559d6a263736 <unknown>\n#17 0x559d6a273e76 <unknown>\n#18 0x7f60f969caa4 <unknown>\n#19 0x7f60f9729c3c <unknown>",
  "statusTrace" : "self = <test_main_page.TestMainPage.TestPromoBlock object at 0x7f4010fa8260>\ndriver = <selenium.webdriver.chrome.webdriver.WebDriver (session=\"f1f43b80744b9dec605c9db7cad6d2ae\")>\n\n    @allure.title(\"TC 13.01.52 - Check if block 3 'home-erin' in section 2 is clickable\"\n                  \"in the Promo Block on the main page\")\n    def test_tc_13_01_52_check_section2_block3_clickability(self, driver):\n        \"\"\"This test checks if block 3 'home-erin' in section 2 in Promo Block under header is clickable\"\"\"\n        page = PromoBlock(driver, MAIN_PAGE_URL)\n        page.open()\n>       section2_block3 = page.check_section2_block3_clickability()\n\ntests/test_main_page.py:663: \n_ _ _ _ _ _ _ _ _ _ _ _ _ _ _ _ _ _ _ _ _ _ _ _ _ _ _ _ _ _ _ _ _ _ _ _ _ _ _ _ \npages/main_page.py:340: in check_section2_block3_clickability\n    section2_block3 = self.element_is_clickable(self.locators.SECTION_2_BLOCK_3)\npages/base_page.py:81: in element_is_clickable\n    return wait(self.driver, timeout).until(EC.element_to_be_clickable(locator))\n_ _ _ _ _ _ _ _ _ _ _ _ _ _ _ _ _ _ _ _ _ _ _ _ _ _ _ _ _ _ _ _ _ _ _ _ _ _ _ _ \n\nself = <selenium.webdriver.support.wait.WebDriverWait (session=\"f1f43b80744b9dec605c9db7cad6d2ae\")>\nmethod = <function element_to_be_clickable.<locals>._predicate at 0x7f4010d249a0>\nmessage = ''\n\n    def until(self, method, message: str = \"\"):\n        \"\"\"Calls the method provided with the driver as an argument until the \\\n        return value does not evaluate to ``False``.\n    \n        :param method: callable(WebDriver)\n        :param message: optional message for :exc:`TimeoutException`\n        :returns: the result of the last call to `method`\n        :raises: :exc:`selenium.common.exceptions.TimeoutException` if timeout occurs\n        \"\"\"\n        screen = None\n        stacktrace = None\n    \n        end_time = time.monotonic() + self._timeout\n        while True:\n            try:\n                value = method(self._driver)\n                if value:\n                    return value\n            except self._ignored_exceptions as exc:\n                screen = getattr(exc, \"screen\", None)\n                stacktrace = getattr(exc, \"stacktrace\", None)\n            time.sleep(self._poll)\n            if time.monotonic() > end_time:\n                break\n>       raise TimeoutException(message, screen, stacktrace)\nE       selenium.common.exceptions.TimeoutException: Message: \nE       Stacktrace:\nE       #0 0x559d6a274ffa <unknown>\nE       #1 0x559d69d33970 <unknown>\nE       #2 0x559d69d85385 <unknown>\nE       #3 0x559d69d855b1 <unknown>\nE       #4 0x559d69dd43c4 <unknown>\nE       #5 0x559d69dab2bd <unknown>\nE       #6 0x559d69dd170c <unknown>\nE       #7 0x559d69dab063 <unknown>\nE       #8 0x559d69d77328 <unknown>\nE       #9 0x559d69d78491 <unknown>\nE       #10 0x559d6a23c42b <unknown>\nE       #11 0x559d6a2402ec <unknown>\nE       #12 0x559d6a223a22 <unknown>\nE       #13 0x559d6a240e64 <unknown>\nE       #14 0x559d6a207bef <unknown>\nE       #15 0x559d6a263558 <unknown>\nE       #16 0x559d6a263736 <unknown>\nE       #17 0x559d6a273e76 <unknown>\nE       #18 0x7f60f969caa4 <unknown>\nE       #19 0x7f60f9729c3c <unknown>\n\n/opt/hostedtoolcache/Python/3.12.3/x64/lib/python3.12/site-packages/selenium/webdriver/support/wait.py:95: TimeoutException",
  "flaky" : false,
  "newFailed" : false,
  "beforeStages" : [ {
    "name" : "_session_faker",
    "time" : {
      "start" : 1743988100008,
      "stop" : 1743988100075,
      "duration" : 67
    },
    "status" : "passed",
    "steps" : [ ],
    "attachments" : [ ],
    "parameters" : [ ],
    "stepsCount" : 0,
    "attachmentsCount" : 0,
    "shouldDisplayMessage" : false,
    "hasContent" : false
  }, {
    "name" : "clear_allure_result_folder",
    "time" : {
      "start" : 1743988100075,
      "stop" : 1743988100075,
      "duration" : 0
    },
    "status" : "passed",
    "steps" : [ ],
    "attachments" : [ ],
    "parameters" : [ ],
    "stepsCount" : 0,
    "attachmentsCount" : 0,
    "shouldDisplayMessage" : false,
    "hasContent" : false
  }, {
    "name" : "driver",
    "time" : {
      "start" : 1743988952338,
      "stop" : 1743988953527,
      "duration" : 1189
    },
    "status" : "passed",
    "steps" : [ ],
    "attachments" : [ ],
    "parameters" : [ ],
    "stepsCount" : 0,
    "attachmentsCount" : 0,
    "shouldDisplayMessage" : false,
    "hasContent" : false
  } ],
  "testStage" : {
    "description" : "This test checks if block 3 'home-erin' in section 2 in Promo Block under header is clickable",
    "status" : "broken",
    "statusMessage" : "selenium.common.exceptions.TimeoutException: Message: \nStacktrace:\n#0 0x559d6a274ffa <unknown>\n#1 0x559d69d33970 <unknown>\n#2 0x559d69d85385 <unknown>\n#3 0x559d69d855b1 <unknown>\n#4 0x559d69dd43c4 <unknown>\n#5 0x559d69dab2bd <unknown>\n#6 0x559d69dd170c <unknown>\n#7 0x559d69dab063 <unknown>\n#8 0x559d69d77328 <unknown>\n#9 0x559d69d78491 <unknown>\n#10 0x559d6a23c42b <unknown>\n#11 0x559d6a2402ec <unknown>\n#12 0x559d6a223a22 <unknown>\n#13 0x559d6a240e64 <unknown>\n#14 0x559d6a207bef <unknown>\n#15 0x559d6a263558 <unknown>\n#16 0x559d6a263736 <unknown>\n#17 0x559d6a273e76 <unknown>\n#18 0x7f60f969caa4 <unknown>\n#19 0x7f60f9729c3c <unknown>",
    "statusTrace" : "self = <test_main_page.TestMainPage.TestPromoBlock object at 0x7f4010fa8260>\ndriver = <selenium.webdriver.chrome.webdriver.WebDriver (session=\"f1f43b80744b9dec605c9db7cad6d2ae\")>\n\n    @allure.title(\"TC 13.01.52 - Check if block 3 'home-erin' in section 2 is clickable\"\n                  \"in the Promo Block on the main page\")\n    def test_tc_13_01_52_check_section2_block3_clickability(self, driver):\n        \"\"\"This test checks if block 3 'home-erin' in section 2 in Promo Block under header is clickable\"\"\"\n        page = PromoBlock(driver, MAIN_PAGE_URL)\n        page.open()\n>       section2_block3 = page.check_section2_block3_clickability()\n\ntests/test_main_page.py:663: \n_ _ _ _ _ _ _ _ _ _ _ _ _ _ _ _ _ _ _ _ _ _ _ _ _ _ _ _ _ _ _ _ _ _ _ _ _ _ _ _ \npages/main_page.py:340: in check_section2_block3_clickability\n    section2_block3 = self.element_is_clickable(self.locators.SECTION_2_BLOCK_3)\npages/base_page.py:81: in element_is_clickable\n    return wait(self.driver, timeout).until(EC.element_to_be_clickable(locator))\n_ _ _ _ _ _ _ _ _ _ _ _ _ _ _ _ _ _ _ _ _ _ _ _ _ _ _ _ _ _ _ _ _ _ _ _ _ _ _ _ \n\nself = <selenium.webdriver.support.wait.WebDriverWait (session=\"f1f43b80744b9dec605c9db7cad6d2ae\")>\nmethod = <function element_to_be_clickable.<locals>._predicate at 0x7f4010d249a0>\nmessage = ''\n\n    def until(self, method, message: str = \"\"):\n        \"\"\"Calls the method provided with the driver as an argument until the \\\n        return value does not evaluate to ``False``.\n    \n        :param method: callable(WebDriver)\n        :param message: optional message for :exc:`TimeoutException`\n        :returns: the result of the last call to `method`\n        :raises: :exc:`selenium.common.exceptions.TimeoutException` if timeout occurs\n        \"\"\"\n        screen = None\n        stacktrace = None\n    \n        end_time = time.monotonic() + self._timeout\n        while True:\n            try:\n                value = method(self._driver)\n                if value:\n                    return value\n            except self._ignored_exceptions as exc:\n                screen = getattr(exc, \"screen\", None)\n                stacktrace = getattr(exc, \"stacktrace\", None)\n            time.sleep(self._poll)\n            if time.monotonic() > end_time:\n                break\n>       raise TimeoutException(message, screen, stacktrace)\nE       selenium.common.exceptions.TimeoutException: Message: \nE       Stacktrace:\nE       #0 0x559d6a274ffa <unknown>\nE       #1 0x559d69d33970 <unknown>\nE       #2 0x559d69d85385 <unknown>\nE       #3 0x559d69d855b1 <unknown>\nE       #4 0x559d69dd43c4 <unknown>\nE       #5 0x559d69dab2bd <unknown>\nE       #6 0x559d69dd170c <unknown>\nE       #7 0x559d69dab063 <unknown>\nE       #8 0x559d69d77328 <unknown>\nE       #9 0x559d69d78491 <unknown>\nE       #10 0x559d6a23c42b <unknown>\nE       #11 0x559d6a2402ec <unknown>\nE       #12 0x559d6a223a22 <unknown>\nE       #13 0x559d6a240e64 <unknown>\nE       #14 0x559d6a207bef <unknown>\nE       #15 0x559d6a263558 <unknown>\nE       #16 0x559d6a263736 <unknown>\nE       #17 0x559d6a273e76 <unknown>\nE       #18 0x7f60f969caa4 <unknown>\nE       #19 0x7f60f9729c3c <unknown>\n\n/opt/hostedtoolcache/Python/3.12.3/x64/lib/python3.12/site-packages/selenium/webdriver/support/wait.py:95: TimeoutException",
    "steps" : [ {
      "name" : "Open a browser",
      "time" : {
        "start" : 1743988953528,
        "stop" : 1743988954687,
        "duration" : 1159
      },
      "status" : "passed",
      "steps" : [ ],
      "attachments" : [ ],
      "parameters" : [ ],
      "stepsCount" : 0,
      "attachmentsCount" : 0,
      "shouldDisplayMessage" : false,
      "hasContent" : false
    }, {
      "name" : "Check clickability of the block 3 'home-erin' in the section 2 in the Promo Block",
      "time" : {
        "start" : 1743988954688,
        "stop" : 1743988960428,
        "duration" : 5740
      },
      "status" : "broken",
      "statusMessage" : "selenium.common.exceptions.TimeoutException: Message: \nStacktrace:\n#0 0x559d6a274ffa <unknown>\n#1 0x559d69d33970 <unknown>\n#2 0x559d69d85385 <unknown>\n#3 0x559d69d855b1 <unknown>\n#4 0x559d69dd43c4 <unknown>\n#5 0x559d69dab2bd <unknown>\n#6 0x559d69dd170c <unknown>\n#7 0x559d69dab063 <unknown>\n#8 0x559d69d77328 <unknown>\n#9 0x559d69d78491 <unknown>\n#10 0x559d6a23c42b <unknown>\n#11 0x559d6a2402ec <unknown>\n#12 0x559d6a223a22 <unknown>\n#13 0x559d6a240e64 <unknown>\n#14 0x559d6a207bef <unknown>\n#15 0x559d6a263558 <unknown>\n#16 0x559d6a263736 <unknown>\n#17 0x559d6a273e76 <unknown>\n#18 0x7f60f969caa4 <unknown>\n#19 0x7f60f9729c3c <unknown>\n\n",
      "statusTrace" : "  File \"/opt/hostedtoolcache/Python/3.12.3/x64/lib/python3.12/site-packages/allure_commons/_allure.py\", line 192, in impl\n    return func(*a, **kw)\n           ^^^^^^^^^^^^^^\n  File \"/home/runner/work/luma_project/luma_project/pages/main_page.py\", line 340, in check_section2_block3_clickability\n    section2_block3 = self.element_is_clickable(self.locators.SECTION_2_BLOCK_3)\n                      ^^^^^^^^^^^^^^^^^^^^^^^^^^^^^^^^^^^^^^^^^^^^^^^^^^^^^^^^^^\n  File \"/opt/hostedtoolcache/Python/3.12.3/x64/lib/python3.12/site-packages/allure_commons/_allure.py\", line 192, in impl\n    return func(*a, **kw)\n           ^^^^^^^^^^^^^^\n  File \"/home/runner/work/luma_project/luma_project/pages/base_page.py\", line 81, in element_is_clickable\n    return wait(self.driver, timeout).until(EC.element_to_be_clickable(locator))\n           ^^^^^^^^^^^^^^^^^^^^^^^^^^^^^^^^^^^^^^^^^^^^^^^^^^^^^^^^^^^^^^^^^^^^^\n  File \"/opt/hostedtoolcache/Python/3.12.3/x64/lib/python3.12/site-packages/selenium/webdriver/support/wait.py\", line 95, in until\n    raise TimeoutException(message, screen, stacktrace)\n",
      "steps" : [ {
        "name" : "Find clickable elements",
        "time" : {
          "start" : 1743988954688,
          "stop" : 1743988960428,
          "duration" : 5740
        },
        "status" : "broken",
        "statusMessage" : "selenium.common.exceptions.TimeoutException: Message: \nStacktrace:\n#0 0x559d6a274ffa <unknown>\n#1 0x559d69d33970 <unknown>\n#2 0x559d69d85385 <unknown>\n#3 0x559d69d855b1 <unknown>\n#4 0x559d69dd43c4 <unknown>\n#5 0x559d69dab2bd <unknown>\n#6 0x559d69dd170c <unknown>\n#7 0x559d69dab063 <unknown>\n#8 0x559d69d77328 <unknown>\n#9 0x559d69d78491 <unknown>\n#10 0x559d6a23c42b <unknown>\n#11 0x559d6a2402ec <unknown>\n#12 0x559d6a223a22 <unknown>\n#13 0x559d6a240e64 <unknown>\n#14 0x559d6a207bef <unknown>\n#15 0x559d6a263558 <unknown>\n#16 0x559d6a263736 <unknown>\n#17 0x559d6a273e76 <unknown>\n#18 0x7f60f969caa4 <unknown>\n#19 0x7f60f9729c3c <unknown>\n\n",
        "statusTrace" : "  File \"/opt/hostedtoolcache/Python/3.12.3/x64/lib/python3.12/site-packages/allure_commons/_allure.py\", line 192, in impl\n    return func(*a, **kw)\n           ^^^^^^^^^^^^^^\n  File \"/home/runner/work/luma_project/luma_project/pages/base_page.py\", line 81, in element_is_clickable\n    return wait(self.driver, timeout).until(EC.element_to_be_clickable(locator))\n           ^^^^^^^^^^^^^^^^^^^^^^^^^^^^^^^^^^^^^^^^^^^^^^^^^^^^^^^^^^^^^^^^^^^^^\n  File \"/opt/hostedtoolcache/Python/3.12.3/x64/lib/python3.12/site-packages/selenium/webdriver/support/wait.py\", line 95, in until\n    raise TimeoutException(message, screen, stacktrace)\n",
        "steps" : [ ],
        "attachments" : [ ],
        "parameters" : [ {
          "name" : "locator",
          "value" : "('css selector', '.home-erin')"
        }, {
          "name" : "timeout",
          "value" : "5"
        } ],
        "stepsCount" : 0,
        "attachmentsCount" : 0,
        "shouldDisplayMessage" : true,
        "hasContent" : true
      } ],
      "attachments" : [ ],
      "parameters" : [ ],
      "stepsCount" : 1,
      "attachmentsCount" : 0,
      "shouldDisplayMessage" : false,
      "hasContent" : true
    } ],
    "attachments" : [ {
      "uid" : "14a8f6d37a210254",
      "name" : "Screenshot",
      "source" : "14a8f6d37a210254.png",
      "type" : "image/png",
      "size" : 548905
    }, {
      "uid" : "e8716b46bd57b27a",
      "name" : "HTML source",
      "source" : "e8716b46bd57b27a.html",
      "type" : "text/html",
      "size" : 144953
    } ],
    "parameters" : [ ],
    "stepsCount" : 3,
    "attachmentsCount" : 2,
    "shouldDisplayMessage" : true,
    "hasContent" : true
  },
  "afterStages" : [ {
    "name" : "clear_allure_result_folder::0",
    "time" : {
      "start" : 1743989614644,
      "stop" : 1743989614644,
      "duration" : 0
    },
    "status" : "passed",
    "steps" : [ ],
    "attachments" : [ ],
    "parameters" : [ ],
    "stepsCount" : 0,
    "attachmentsCount" : 0,
    "shouldDisplayMessage" : false,
    "hasContent" : false
  }, {
    "name" : "driver::0",
    "time" : {
      "start" : 1743988960770,
      "stop" : 1743988960917,
      "duration" : 147
    },
    "status" : "passed",
    "steps" : [ ],
    "attachments" : [ ],
    "parameters" : [ ],
    "stepsCount" : 0,
    "attachmentsCount" : 0,
    "shouldDisplayMessage" : false,
    "hasContent" : false
  } ],
  "labels" : [ {
    "name" : "feature",
    "value" : "Promo Block Testing"
  }, {
    "name" : "epic",
    "value" : "Main Page"
  }, {
    "name" : "parentSuite",
    "value" : "tests"
  }, {
    "name" : "suite",
    "value" : "test_main_page"
  }, {
    "name" : "subSuite",
    "value" : "TestMainPage"
  }, {
    "name" : "host",
    "value" : "fv-az1950-360"
  }, {
    "name" : "thread",
    "value" : "3534-MainThread"
  }, {
    "name" : "framework",
    "value" : "pytest"
  }, {
    "name" : "language",
    "value" : "cpython3"
  }, {
    "name" : "package",
    "value" : "tests.test_main_page"
  }, {
    "name" : "resultFormat",
    "value" : "allure2"
  } ],
  "parameters" : [ ],
  "links" : [ ],
  "hidden" : false,
  "retry" : false,
  "extra" : {
    "severity" : "normal",
    "retries" : [ ],
    "categories" : [ {
      "name" : "Test defects",
      "matchedStatuses" : [ ],
      "flaky" : false
    } ],
    "tags" : [ ]
  },
  "source" : "1e7178717501fe86.json",
  "parameterValues" : [ ]
}