{
  "uid" : "232c331701154bf9",
  "name" : "TC 01.03.29 correctly redirected the link \"Gear - Bags\"",
  "fullName" : "tests.test_header.TestHeader#test_tc_01_03_29_correctly_redirected_the_link_gear_bags",
  "historyId" : "db4c0e32acbf4359582bfb2da7ff67bc",
  "time" : {
    "start" : 1760318619080,
    "stop" : 1760318624447,
    "duration" : 5367
  },
  "description" : "Verify the link 'Bags' redirected to the page and the 'Bags' header is displayed",
  "descriptionHtml" : "<p>Verify the link 'Bags' redirected to the page and the 'Bags' header is displayed</p>\n",
  "status" : "broken",
  "statusMessage" : "selenium.common.exceptions.TimeoutException: Message: \nStacktrace:\n#0 0x562f42b70fba <unknown>\n#1 0x562f425f56d0 <unknown>\n#2 0x562f426472aa <unknown>\n#3 0x562f42647541 <unknown>\n#4 0x562f426956c4 <unknown>\n#5 0x562f4266ce5d <unknown>\n#6 0x562f42692b54 <unknown>\n#7 0x562f4266cc03 <unknown>\n#8 0x562f426397a8 <unknown>\n#9 0x562f4263a421 <unknown>\n#10 0x562f42b35b28 <unknown>\n#11 0x562f42b3987f <unknown>\n#12 0x562f42b1dc49 <unknown>\n#13 0x562f42b3a405 <unknown>\n#14 0x562f42b034ff <unknown>\n#15 0x562f42b5e258 <unknown>\n#16 0x562f42b5e432 <unknown>\n#17 0x562f42b6ffa3 <unknown>\n#18 0x7f073b09caa4 <unknown>\n#19 0x7f073b129c6c <unknown>",
  "statusTrace" : "self = <test_header.TestHeader object at 0x7f4205971d60>\ndriver = <selenium.webdriver.chrome.webdriver.WebDriver (session=\"11a33bb9295d96c56fa92ebd89dfd138\")>\n\n    @allure.title('TC 01.03.29 correctly redirected the link \"Gear - Bags\"')\n    def test_tc_01_03_29_correctly_redirected_the_link_gear_bags(self, driver):\n        \"\"\"Verify the link 'Bags' redirected to the page and the 'Bags' header is displayed\"\"\"\n        page = HeaderPage(driver, MAIN_PAGE_URL)\n        page.open()\n>       current_page = page.redirected_the_link_gear_bags()\n\ntests/test_header.py:257: \n_ _ _ _ _ _ _ _ _ _ _ _ _ _ _ _ _ _ _ _ _ _ _ _ _ _ _ _ _ _ _ _ _ _ _ _ _ _ _ _ \npages/header_page.py:198: in redirected_the_link_gear_bags\n    self.element_is_visible(self.header_locators.GEAR)\npages/base_page.py:30: in element_is_visible\n    self.go_to_element(self.element_is_present(locator))\npages/base_page.py:51: in element_is_present\n    return wait(self.driver, timeout).until(EC.presence_of_element_located(locator))\n_ _ _ _ _ _ _ _ _ _ _ _ _ _ _ _ _ _ _ _ _ _ _ _ _ _ _ _ _ _ _ _ _ _ _ _ _ _ _ _ \n\nself = <selenium.webdriver.support.wait.WebDriverWait (session=\"11a33bb9295d96c56fa92ebd89dfd138\")>\nmethod = <function presence_of_element_located.<locals>._predicate at 0x7f4205c0b560>\nmessage = ''\n\n    def until(self, method, message: str = \"\"):\n        \"\"\"Calls the method provided with the driver as an argument until the \\\n        return value does not evaluate to ``False``.\n    \n        :param method: callable(WebDriver)\n        :param message: optional message for :exc:`TimeoutException`\n        :returns: the result of the last call to `method`\n        :raises: :exc:`selenium.common.exceptions.TimeoutException` if timeout occurs\n        \"\"\"\n        screen = None\n        stacktrace = None\n    \n        end_time = time.monotonic() + self._timeout\n        while True:\n            try:\n                value = method(self._driver)\n                if value:\n                    return value\n            except self._ignored_exceptions as exc:\n                screen = getattr(exc, \"screen\", None)\n                stacktrace = getattr(exc, \"stacktrace\", None)\n            time.sleep(self._poll)\n            if time.monotonic() > end_time:\n                break\n>       raise TimeoutException(message, screen, stacktrace)\nE       selenium.common.exceptions.TimeoutException: Message: \nE       Stacktrace:\nE       #0 0x562f42b70fba <unknown>\nE       #1 0x562f425f56d0 <unknown>\nE       #2 0x562f426472aa <unknown>\nE       #3 0x562f42647541 <unknown>\nE       #4 0x562f426956c4 <unknown>\nE       #5 0x562f4266ce5d <unknown>\nE       #6 0x562f42692b54 <unknown>\nE       #7 0x562f4266cc03 <unknown>\nE       #8 0x562f426397a8 <unknown>\nE       #9 0x562f4263a421 <unknown>\nE       #10 0x562f42b35b28 <unknown>\nE       #11 0x562f42b3987f <unknown>\nE       #12 0x562f42b1dc49 <unknown>\nE       #13 0x562f42b3a405 <unknown>\nE       #14 0x562f42b034ff <unknown>\nE       #15 0x562f42b5e258 <unknown>\nE       #16 0x562f42b5e432 <unknown>\nE       #17 0x562f42b6ffa3 <unknown>\nE       #18 0x7f073b09caa4 <unknown>\nE       #19 0x7f073b129c6c <unknown>\n\n/opt/hostedtoolcache/Python/3.12.3/x64/lib/python3.12/site-packages/selenium/webdriver/support/wait.py:95: TimeoutException",
  "flaky" : false,
  "newFailed" : false,
  "beforeStages" : [ {
    "name" : "clear_allure_result_folder",
    "time" : {
      "start" : 1760317852254,
      "stop" : 1760317852255,
      "duration" : 1
    },
    "status" : "passed",
    "steps" : [ ],
    "attachments" : [ ],
    "parameters" : [ ],
    "stepsCount" : 0,
    "attachmentsCount" : 0,
    "shouldDisplayMessage" : false,
    "hasContent" : false
  }, {
    "name" : "driver",
    "time" : {
      "start" : 1760318617828,
      "stop" : 1760318619080,
      "duration" : 1252
    },
    "status" : "passed",
    "steps" : [ ],
    "attachments" : [ ],
    "parameters" : [ ],
    "stepsCount" : 0,
    "attachmentsCount" : 0,
    "shouldDisplayMessage" : false,
    "hasContent" : false
  }, {
    "name" : "_session_faker",
    "time" : {
      "start" : 1760317852186,
      "stop" : 1760317852254,
      "duration" : 68
    },
    "status" : "passed",
    "steps" : [ ],
    "attachments" : [ ],
    "parameters" : [ ],
    "stepsCount" : 0,
    "attachmentsCount" : 0,
    "shouldDisplayMessage" : false,
    "hasContent" : false
  } ],
  "testStage" : {
    "description" : "Verify the link 'Bags' redirected to the page and the 'Bags' header is displayed",
    "status" : "broken",
    "statusMessage" : "selenium.common.exceptions.TimeoutException: Message: \nStacktrace:\n#0 0x562f42b70fba <unknown>\n#1 0x562f425f56d0 <unknown>\n#2 0x562f426472aa <unknown>\n#3 0x562f42647541 <unknown>\n#4 0x562f426956c4 <unknown>\n#5 0x562f4266ce5d <unknown>\n#6 0x562f42692b54 <unknown>\n#7 0x562f4266cc03 <unknown>\n#8 0x562f426397a8 <unknown>\n#9 0x562f4263a421 <unknown>\n#10 0x562f42b35b28 <unknown>\n#11 0x562f42b3987f <unknown>\n#12 0x562f42b1dc49 <unknown>\n#13 0x562f42b3a405 <unknown>\n#14 0x562f42b034ff <unknown>\n#15 0x562f42b5e258 <unknown>\n#16 0x562f42b5e432 <unknown>\n#17 0x562f42b6ffa3 <unknown>\n#18 0x7f073b09caa4 <unknown>\n#19 0x7f073b129c6c <unknown>",
    "statusTrace" : "self = <test_header.TestHeader object at 0x7f4205971d60>\ndriver = <selenium.webdriver.chrome.webdriver.WebDriver (session=\"11a33bb9295d96c56fa92ebd89dfd138\")>\n\n    @allure.title('TC 01.03.29 correctly redirected the link \"Gear - Bags\"')\n    def test_tc_01_03_29_correctly_redirected_the_link_gear_bags(self, driver):\n        \"\"\"Verify the link 'Bags' redirected to the page and the 'Bags' header is displayed\"\"\"\n        page = HeaderPage(driver, MAIN_PAGE_URL)\n        page.open()\n>       current_page = page.redirected_the_link_gear_bags()\n\ntests/test_header.py:257: \n_ _ _ _ _ _ _ _ _ _ _ _ _ _ _ _ _ _ _ _ _ _ _ _ _ _ _ _ _ _ _ _ _ _ _ _ _ _ _ _ \npages/header_page.py:198: in redirected_the_link_gear_bags\n    self.element_is_visible(self.header_locators.GEAR)\npages/base_page.py:30: in element_is_visible\n    self.go_to_element(self.element_is_present(locator))\npages/base_page.py:51: in element_is_present\n    return wait(self.driver, timeout).until(EC.presence_of_element_located(locator))\n_ _ _ _ _ _ _ _ _ _ _ _ _ _ _ _ _ _ _ _ _ _ _ _ _ _ _ _ _ _ _ _ _ _ _ _ _ _ _ _ \n\nself = <selenium.webdriver.support.wait.WebDriverWait (session=\"11a33bb9295d96c56fa92ebd89dfd138\")>\nmethod = <function presence_of_element_located.<locals>._predicate at 0x7f4205c0b560>\nmessage = ''\n\n    def until(self, method, message: str = \"\"):\n        \"\"\"Calls the method provided with the driver as an argument until the \\\n        return value does not evaluate to ``False``.\n    \n        :param method: callable(WebDriver)\n        :param message: optional message for :exc:`TimeoutException`\n        :returns: the result of the last call to `method`\n        :raises: :exc:`selenium.common.exceptions.TimeoutException` if timeout occurs\n        \"\"\"\n        screen = None\n        stacktrace = None\n    \n        end_time = time.monotonic() + self._timeout\n        while True:\n            try:\n                value = method(self._driver)\n                if value:\n                    return value\n            except self._ignored_exceptions as exc:\n                screen = getattr(exc, \"screen\", None)\n                stacktrace = getattr(exc, \"stacktrace\", None)\n            time.sleep(self._poll)\n            if time.monotonic() > end_time:\n                break\n>       raise TimeoutException(message, screen, stacktrace)\nE       selenium.common.exceptions.TimeoutException: Message: \nE       Stacktrace:\nE       #0 0x562f42b70fba <unknown>\nE       #1 0x562f425f56d0 <unknown>\nE       #2 0x562f426472aa <unknown>\nE       #3 0x562f42647541 <unknown>\nE       #4 0x562f426956c4 <unknown>\nE       #5 0x562f4266ce5d <unknown>\nE       #6 0x562f42692b54 <unknown>\nE       #7 0x562f4266cc03 <unknown>\nE       #8 0x562f426397a8 <unknown>\nE       #9 0x562f4263a421 <unknown>\nE       #10 0x562f42b35b28 <unknown>\nE       #11 0x562f42b3987f <unknown>\nE       #12 0x562f42b1dc49 <unknown>\nE       #13 0x562f42b3a405 <unknown>\nE       #14 0x562f42b034ff <unknown>\nE       #15 0x562f42b5e258 <unknown>\nE       #16 0x562f42b5e432 <unknown>\nE       #17 0x562f42b6ffa3 <unknown>\nE       #18 0x7f073b09caa4 <unknown>\nE       #19 0x7f073b129c6c <unknown>\n\n/opt/hostedtoolcache/Python/3.12.3/x64/lib/python3.12/site-packages/selenium/webdriver/support/wait.py:95: TimeoutException",
    "steps" : [ {
      "name" : "Open a browser",
      "time" : {
        "start" : 1760318619080,
        "stop" : 1760318619346,
        "duration" : 266
      },
      "status" : "passed",
      "steps" : [ ],
      "attachments" : [ ],
      "parameters" : [ ],
      "stepsCount" : 0,
      "attachmentsCount" : 0,
      "shouldDisplayMessage" : false,
      "hasContent" : false
    }, {
      "name" : "Redirected the link \"Gear - Bags\"",
      "time" : {
        "start" : 1760318619346,
        "stop" : 1760318624446,
        "duration" : 5100
      },
      "status" : "broken",
      "statusMessage" : "selenium.common.exceptions.TimeoutException: Message: \nStacktrace:\n#0 0x562f42b70fba <unknown>\n#1 0x562f425f56d0 <unknown>\n#2 0x562f426472aa <unknown>\n#3 0x562f42647541 <unknown>\n#4 0x562f426956c4 <unknown>\n#5 0x562f4266ce5d <unknown>\n#6 0x562f42692b54 <unknown>\n#7 0x562f4266cc03 <unknown>\n#8 0x562f426397a8 <unknown>\n#9 0x562f4263a421 <unknown>\n#10 0x562f42b35b28 <unknown>\n#11 0x562f42b3987f <unknown>\n#12 0x562f42b1dc49 <unknown>\n#13 0x562f42b3a405 <unknown>\n#14 0x562f42b034ff <unknown>\n#15 0x562f42b5e258 <unknown>\n#16 0x562f42b5e432 <unknown>\n#17 0x562f42b6ffa3 <unknown>\n#18 0x7f073b09caa4 <unknown>\n#19 0x7f073b129c6c <unknown>\n\n",
      "statusTrace" : "  File \"/opt/hostedtoolcache/Python/3.12.3/x64/lib/python3.12/site-packages/allure_commons/_allure.py\", line 192, in impl\n    return func(*a, **kw)\n           ^^^^^^^^^^^^^^\n  File \"/home/runner/work/luma_project/luma_project/pages/header_page.py\", line 198, in redirected_the_link_gear_bags\n    self.element_is_visible(self.header_locators.GEAR)\n  File \"/opt/hostedtoolcache/Python/3.12.3/x64/lib/python3.12/site-packages/allure_commons/_allure.py\", line 192, in impl\n    return func(*a, **kw)\n           ^^^^^^^^^^^^^^\n  File \"/home/runner/work/luma_project/luma_project/pages/base_page.py\", line 30, in element_is_visible\n    self.go_to_element(self.element_is_present(locator))\n                       ^^^^^^^^^^^^^^^^^^^^^^^^^^^^^^^^\n  File \"/opt/hostedtoolcache/Python/3.12.3/x64/lib/python3.12/site-packages/allure_commons/_allure.py\", line 192, in impl\n    return func(*a, **kw)\n           ^^^^^^^^^^^^^^\n  File \"/home/runner/work/luma_project/luma_project/pages/base_page.py\", line 51, in element_is_present\n    return wait(self.driver, timeout).until(EC.presence_of_element_located(locator))\n           ^^^^^^^^^^^^^^^^^^^^^^^^^^^^^^^^^^^^^^^^^^^^^^^^^^^^^^^^^^^^^^^^^^^^^^^^^\n  File \"/opt/hostedtoolcache/Python/3.12.3/x64/lib/python3.12/site-packages/selenium/webdriver/support/wait.py\", line 95, in until\n    raise TimeoutException(message, screen, stacktrace)\n",
      "steps" : [ {
        "name" : "Find a visible element",
        "time" : {
          "start" : 1760318619346,
          "stop" : 1760318624446,
          "duration" : 5100
        },
        "status" : "broken",
        "statusMessage" : "selenium.common.exceptions.TimeoutException: Message: \nStacktrace:\n#0 0x562f42b70fba <unknown>\n#1 0x562f425f56d0 <unknown>\n#2 0x562f426472aa <unknown>\n#3 0x562f42647541 <unknown>\n#4 0x562f426956c4 <unknown>\n#5 0x562f4266ce5d <unknown>\n#6 0x562f42692b54 <unknown>\n#7 0x562f4266cc03 <unknown>\n#8 0x562f426397a8 <unknown>\n#9 0x562f4263a421 <unknown>\n#10 0x562f42b35b28 <unknown>\n#11 0x562f42b3987f <unknown>\n#12 0x562f42b1dc49 <unknown>\n#13 0x562f42b3a405 <unknown>\n#14 0x562f42b034ff <unknown>\n#15 0x562f42b5e258 <unknown>\n#16 0x562f42b5e432 <unknown>\n#17 0x562f42b6ffa3 <unknown>\n#18 0x7f073b09caa4 <unknown>\n#19 0x7f073b129c6c <unknown>\n\n",
        "statusTrace" : "  File \"/opt/hostedtoolcache/Python/3.12.3/x64/lib/python3.12/site-packages/allure_commons/_allure.py\", line 192, in impl\n    return func(*a, **kw)\n           ^^^^^^^^^^^^^^\n  File \"/home/runner/work/luma_project/luma_project/pages/base_page.py\", line 30, in element_is_visible\n    self.go_to_element(self.element_is_present(locator))\n                       ^^^^^^^^^^^^^^^^^^^^^^^^^^^^^^^^\n  File \"/opt/hostedtoolcache/Python/3.12.3/x64/lib/python3.12/site-packages/allure_commons/_allure.py\", line 192, in impl\n    return func(*a, **kw)\n           ^^^^^^^^^^^^^^\n  File \"/home/runner/work/luma_project/luma_project/pages/base_page.py\", line 51, in element_is_present\n    return wait(self.driver, timeout).until(EC.presence_of_element_located(locator))\n           ^^^^^^^^^^^^^^^^^^^^^^^^^^^^^^^^^^^^^^^^^^^^^^^^^^^^^^^^^^^^^^^^^^^^^^^^^\n  File \"/opt/hostedtoolcache/Python/3.12.3/x64/lib/python3.12/site-packages/selenium/webdriver/support/wait.py\", line 95, in until\n    raise TimeoutException(message, screen, stacktrace)\n",
        "steps" : [ {
          "name" : "Find a present element",
          "time" : {
            "start" : 1760318619346,
            "stop" : 1760318624446,
            "duration" : 5100
          },
          "status" : "broken",
          "statusMessage" : "selenium.common.exceptions.TimeoutException: Message: \nStacktrace:\n#0 0x562f42b70fba <unknown>\n#1 0x562f425f56d0 <unknown>\n#2 0x562f426472aa <unknown>\n#3 0x562f42647541 <unknown>\n#4 0x562f426956c4 <unknown>\n#5 0x562f4266ce5d <unknown>\n#6 0x562f42692b54 <unknown>\n#7 0x562f4266cc03 <unknown>\n#8 0x562f426397a8 <unknown>\n#9 0x562f4263a421 <unknown>\n#10 0x562f42b35b28 <unknown>\n#11 0x562f42b3987f <unknown>\n#12 0x562f42b1dc49 <unknown>\n#13 0x562f42b3a405 <unknown>\n#14 0x562f42b034ff <unknown>\n#15 0x562f42b5e258 <unknown>\n#16 0x562f42b5e432 <unknown>\n#17 0x562f42b6ffa3 <unknown>\n#18 0x7f073b09caa4 <unknown>\n#19 0x7f073b129c6c <unknown>\n\n",
          "statusTrace" : "  File \"/opt/hostedtoolcache/Python/3.12.3/x64/lib/python3.12/site-packages/allure_commons/_allure.py\", line 192, in impl\n    return func(*a, **kw)\n           ^^^^^^^^^^^^^^\n  File \"/home/runner/work/luma_project/luma_project/pages/base_page.py\", line 51, in element_is_present\n    return wait(self.driver, timeout).until(EC.presence_of_element_located(locator))\n           ^^^^^^^^^^^^^^^^^^^^^^^^^^^^^^^^^^^^^^^^^^^^^^^^^^^^^^^^^^^^^^^^^^^^^^^^^\n  File \"/opt/hostedtoolcache/Python/3.12.3/x64/lib/python3.12/site-packages/selenium/webdriver/support/wait.py\", line 95, in until\n    raise TimeoutException(message, screen, stacktrace)\n",
          "steps" : [ ],
          "attachments" : [ ],
          "parameters" : [ {
            "name" : "locator",
            "value" : "('id', 'ui-id-6')"
          }, {
            "name" : "timeout",
            "value" : "5"
          } ],
          "stepsCount" : 0,
          "attachmentsCount" : 0,
          "shouldDisplayMessage" : true,
          "hasContent" : true
        } ],
        "attachments" : [ ],
        "parameters" : [ {
          "name" : "locator",
          "value" : "('id', 'ui-id-6')"
        }, {
          "name" : "timeout",
          "value" : "10"
        } ],
        "stepsCount" : 1,
        "attachmentsCount" : 0,
        "shouldDisplayMessage" : false,
        "hasContent" : true
      } ],
      "attachments" : [ ],
      "parameters" : [ ],
      "stepsCount" : 2,
      "attachmentsCount" : 0,
      "shouldDisplayMessage" : false,
      "hasContent" : true
    } ],
    "attachments" : [ {
      "uid" : "624cc781f2591863",
      "name" : "Screenshot",
      "source" : "624cc781f2591863.png",
      "type" : "image/png",
      "size" : 23875
    }, {
      "uid" : "ef78adc8263ce48a",
      "name" : "HTML source",
      "source" : "ef78adc8263ce48a.html",
      "type" : "text/html",
      "size" : 786
    } ],
    "parameters" : [ ],
    "stepsCount" : 4,
    "attachmentsCount" : 2,
    "shouldDisplayMessage" : true,
    "hasContent" : true
  },
  "afterStages" : [ {
    "name" : "clear_allure_result_folder::0",
    "time" : {
      "start" : 1760320278816,
      "stop" : 1760320278816,
      "duration" : 0
    },
    "status" : "passed",
    "steps" : [ ],
    "attachments" : [ ],
    "parameters" : [ ],
    "stepsCount" : 0,
    "attachmentsCount" : 0,
    "shouldDisplayMessage" : false,
    "hasContent" : false
  }, {
    "name" : "driver::0",
    "time" : {
      "start" : 1760318624517,
      "stop" : 1760318624577,
      "duration" : 60
    },
    "status" : "passed",
    "steps" : [ ],
    "attachments" : [ ],
    "parameters" : [ ],
    "stepsCount" : 0,
    "attachmentsCount" : 0,
    "shouldDisplayMessage" : false,
    "hasContent" : false
  } ],
  "labels" : [ {
    "name" : "epic",
    "value" : "Test Header"
  }, {
    "name" : "parentSuite",
    "value" : "tests"
  }, {
    "name" : "suite",
    "value" : "test_header"
  }, {
    "name" : "subSuite",
    "value" : "TestHeader"
  }, {
    "name" : "host",
    "value" : "runnervmwhb2z"
  }, {
    "name" : "thread",
    "value" : "3004-MainThread"
  }, {
    "name" : "framework",
    "value" : "pytest"
  }, {
    "name" : "language",
    "value" : "cpython3"
  }, {
    "name" : "package",
    "value" : "tests.test_header"
  }, {
    "name" : "resultFormat",
    "value" : "allure2"
  } ],
  "parameters" : [ ],
  "links" : [ ],
  "hidden" : false,
  "retry" : false,
  "extra" : {
    "severity" : "normal",
    "retries" : [ ],
    "categories" : [ {
      "name" : "Test defects",
      "matchedStatuses" : [ ],
      "flaky" : false
    } ],
    "tags" : [ ]
  },
  "source" : "232c331701154bf9.json",
  "parameterValues" : [ ]
}