{
  "uid" : "26bb84e5f53eb864",
  "name" : "TC 10.03.01 - Verify 'GEAR DEALS' title is correct",
  "fullName" : "tests.test_sale.TestSideMenuBarGear#test_tc_10_03_01",
  "historyId" : "cf1509f33217635e02ba8ef437b791e6",
  "time" : {
    "start" : 1757900355941,
    "stop" : 1757900361040,
    "duration" : 5099
  },
  "description" : "Check title of Gear Deals section",
  "descriptionHtml" : "<p>Check title of Gear Deals section</p>\n",
  "status" : "broken",
  "statusMessage" : "selenium.common.exceptions.TimeoutException: Message: \nStacktrace:\n#0 0x561795c5594a <unknown>\n#1 0x5617956ca8a0 <unknown>\n#2 0x56179571c540 <unknown>\n#3 0x56179571c731 <unknown>\n#4 0x56179576a824 <unknown>\n#5 0x56179574205d <unknown>\n#6 0x561795767c23 <unknown>\n#7 0x561795741e03 <unknown>\n#8 0x56179570e968 <unknown>\n#9 0x56179570f5e1 <unknown>\n#10 0x561795c19548 <unknown>\n#11 0x561795c1d272 <unknown>\n#12 0x561795c00313 <unknown>\n#13 0x561795c1ddc5 <unknown>\n#14 0x561795be549f <unknown>\n#15 0x561795c42158 <unknown>\n#16 0x561795c42332 <unknown>\n#17 0x561795c54a53 <unknown>\n#18 0x7f465be9caa4 <unknown>\n#19 0x7f465bf29c3c <unknown>",
  "statusTrace" : "self = <test_sale.TestSalePage.TestSideMenuBarGear object at 0x7f9ca247e2a0>\nsale_page = <pages.sale_page.SalePage object at 0x7f9ca2358b00>\n\n    @allure.title(\"TC 10.03.01 - Verify 'GEAR DEALS' title is correct\")\n    def test_tc_10_03_01(self, sale_page):\n        \"\"\"Check title of Gear Deals section\"\"\"\n>       title = sale_page.check_text_in_gear_deals_title()\n\ntests/test_sale.py:100: \n_ _ _ _ _ _ _ _ _ _ _ _ _ _ _ _ _ _ _ _ _ _ _ _ _ _ _ _ _ _ _ _ _ _ _ _ _ _ _ _ \npages/sale_page.py:25: in check_text_in_gear_deals_title\n    gear_deals_title = self.element_is_visible(self.side_bar_locators.GEAR_DEALS_TITLE)\npages/base_page.py:30: in element_is_visible\n    self.go_to_element(self.element_is_present(locator))\npages/base_page.py:51: in element_is_present\n    return wait(self.driver, timeout).until(EC.presence_of_element_located(locator))\n_ _ _ _ _ _ _ _ _ _ _ _ _ _ _ _ _ _ _ _ _ _ _ _ _ _ _ _ _ _ _ _ _ _ _ _ _ _ _ _ \n\nself = <selenium.webdriver.support.wait.WebDriverWait (session=\"f2881aac5336a84858d03c3221755d5a\")>\nmethod = <function presence_of_element_located.<locals>._predicate at 0x7f9ca20d87c0>\nmessage = ''\n\n    def until(self, method, message: str = \"\"):\n        \"\"\"Calls the method provided with the driver as an argument until the \\\n        return value does not evaluate to ``False``.\n    \n        :param method: callable(WebDriver)\n        :param message: optional message for :exc:`TimeoutException`\n        :returns: the result of the last call to `method`\n        :raises: :exc:`selenium.common.exceptions.TimeoutException` if timeout occurs\n        \"\"\"\n        screen = None\n        stacktrace = None\n    \n        end_time = time.monotonic() + self._timeout\n        while True:\n            try:\n                value = method(self._driver)\n                if value:\n                    return value\n            except self._ignored_exceptions as exc:\n                screen = getattr(exc, \"screen\", None)\n                stacktrace = getattr(exc, \"stacktrace\", None)\n            time.sleep(self._poll)\n            if time.monotonic() > end_time:\n                break\n>       raise TimeoutException(message, screen, stacktrace)\nE       selenium.common.exceptions.TimeoutException: Message: \nE       Stacktrace:\nE       #0 0x561795c5594a <unknown>\nE       #1 0x5617956ca8a0 <unknown>\nE       #2 0x56179571c540 <unknown>\nE       #3 0x56179571c731 <unknown>\nE       #4 0x56179576a824 <unknown>\nE       #5 0x56179574205d <unknown>\nE       #6 0x561795767c23 <unknown>\nE       #7 0x561795741e03 <unknown>\nE       #8 0x56179570e968 <unknown>\nE       #9 0x56179570f5e1 <unknown>\nE       #10 0x561795c19548 <unknown>\nE       #11 0x561795c1d272 <unknown>\nE       #12 0x561795c00313 <unknown>\nE       #13 0x561795c1ddc5 <unknown>\nE       #14 0x561795be549f <unknown>\nE       #15 0x561795c42158 <unknown>\nE       #16 0x561795c42332 <unknown>\nE       #17 0x561795c54a53 <unknown>\nE       #18 0x7f465be9caa4 <unknown>\nE       #19 0x7f465bf29c3c <unknown>\n\n/opt/hostedtoolcache/Python/3.12.3/x64/lib/python3.12/site-packages/selenium/webdriver/support/wait.py:95: TimeoutException",
  "flaky" : false,
  "newFailed" : false,
  "beforeStages" : [ {
    "name" : "_session_faker",
    "time" : {
      "start" : 1757898622011,
      "stop" : 1757898622079,
      "duration" : 68
    },
    "status" : "passed",
    "steps" : [ ],
    "attachments" : [ ],
    "parameters" : [ ],
    "stepsCount" : 0,
    "attachmentsCount" : 0,
    "shouldDisplayMessage" : false,
    "hasContent" : false
  }, {
    "name" : "clear_allure_result_folder",
    "time" : {
      "start" : 1757898622079,
      "stop" : 1757898622079,
      "duration" : 0
    },
    "status" : "passed",
    "steps" : [ ],
    "attachments" : [ ],
    "parameters" : [ ],
    "stepsCount" : 0,
    "attachmentsCount" : 0,
    "shouldDisplayMessage" : false,
    "hasContent" : false
  }, {
    "name" : "sale_page",
    "time" : {
      "start" : 1757900355790,
      "stop" : 1757900355940,
      "duration" : 150
    },
    "status" : "passed",
    "steps" : [ {
      "name" : "Open a browser",
      "time" : {
        "start" : 1757900355791,
        "stop" : 1757900355940,
        "duration" : 149
      },
      "status" : "passed",
      "steps" : [ ],
      "attachments" : [ ],
      "parameters" : [ ],
      "stepsCount" : 0,
      "attachmentsCount" : 0,
      "shouldDisplayMessage" : false,
      "hasContent" : false
    } ],
    "attachments" : [ ],
    "parameters" : [ ],
    "stepsCount" : 1,
    "attachmentsCount" : 0,
    "shouldDisplayMessage" : false,
    "hasContent" : true
  }, {
    "name" : "driver",
    "time" : {
      "start" : 1757900354527,
      "stop" : 1757900355790,
      "duration" : 1263
    },
    "status" : "passed",
    "steps" : [ ],
    "attachments" : [ ],
    "parameters" : [ ],
    "stepsCount" : 0,
    "attachmentsCount" : 0,
    "shouldDisplayMessage" : false,
    "hasContent" : false
  } ],
  "testStage" : {
    "description" : "Check title of Gear Deals section",
    "status" : "broken",
    "statusMessage" : "selenium.common.exceptions.TimeoutException: Message: \nStacktrace:\n#0 0x561795c5594a <unknown>\n#1 0x5617956ca8a0 <unknown>\n#2 0x56179571c540 <unknown>\n#3 0x56179571c731 <unknown>\n#4 0x56179576a824 <unknown>\n#5 0x56179574205d <unknown>\n#6 0x561795767c23 <unknown>\n#7 0x561795741e03 <unknown>\n#8 0x56179570e968 <unknown>\n#9 0x56179570f5e1 <unknown>\n#10 0x561795c19548 <unknown>\n#11 0x561795c1d272 <unknown>\n#12 0x561795c00313 <unknown>\n#13 0x561795c1ddc5 <unknown>\n#14 0x561795be549f <unknown>\n#15 0x561795c42158 <unknown>\n#16 0x561795c42332 <unknown>\n#17 0x561795c54a53 <unknown>\n#18 0x7f465be9caa4 <unknown>\n#19 0x7f465bf29c3c <unknown>",
    "statusTrace" : "self = <test_sale.TestSalePage.TestSideMenuBarGear object at 0x7f9ca247e2a0>\nsale_page = <pages.sale_page.SalePage object at 0x7f9ca2358b00>\n\n    @allure.title(\"TC 10.03.01 - Verify 'GEAR DEALS' title is correct\")\n    def test_tc_10_03_01(self, sale_page):\n        \"\"\"Check title of Gear Deals section\"\"\"\n>       title = sale_page.check_text_in_gear_deals_title()\n\ntests/test_sale.py:100: \n_ _ _ _ _ _ _ _ _ _ _ _ _ _ _ _ _ _ _ _ _ _ _ _ _ _ _ _ _ _ _ _ _ _ _ _ _ _ _ _ \npages/sale_page.py:25: in check_text_in_gear_deals_title\n    gear_deals_title = self.element_is_visible(self.side_bar_locators.GEAR_DEALS_TITLE)\npages/base_page.py:30: in element_is_visible\n    self.go_to_element(self.element_is_present(locator))\npages/base_page.py:51: in element_is_present\n    return wait(self.driver, timeout).until(EC.presence_of_element_located(locator))\n_ _ _ _ _ _ _ _ _ _ _ _ _ _ _ _ _ _ _ _ _ _ _ _ _ _ _ _ _ _ _ _ _ _ _ _ _ _ _ _ \n\nself = <selenium.webdriver.support.wait.WebDriverWait (session=\"f2881aac5336a84858d03c3221755d5a\")>\nmethod = <function presence_of_element_located.<locals>._predicate at 0x7f9ca20d87c0>\nmessage = ''\n\n    def until(self, method, message: str = \"\"):\n        \"\"\"Calls the method provided with the driver as an argument until the \\\n        return value does not evaluate to ``False``.\n    \n        :param method: callable(WebDriver)\n        :param message: optional message for :exc:`TimeoutException`\n        :returns: the result of the last call to `method`\n        :raises: :exc:`selenium.common.exceptions.TimeoutException` if timeout occurs\n        \"\"\"\n        screen = None\n        stacktrace = None\n    \n        end_time = time.monotonic() + self._timeout\n        while True:\n            try:\n                value = method(self._driver)\n                if value:\n                    return value\n            except self._ignored_exceptions as exc:\n                screen = getattr(exc, \"screen\", None)\n                stacktrace = getattr(exc, \"stacktrace\", None)\n            time.sleep(self._poll)\n            if time.monotonic() > end_time:\n                break\n>       raise TimeoutException(message, screen, stacktrace)\nE       selenium.common.exceptions.TimeoutException: Message: \nE       Stacktrace:\nE       #0 0x561795c5594a <unknown>\nE       #1 0x5617956ca8a0 <unknown>\nE       #2 0x56179571c540 <unknown>\nE       #3 0x56179571c731 <unknown>\nE       #4 0x56179576a824 <unknown>\nE       #5 0x56179574205d <unknown>\nE       #6 0x561795767c23 <unknown>\nE       #7 0x561795741e03 <unknown>\nE       #8 0x56179570e968 <unknown>\nE       #9 0x56179570f5e1 <unknown>\nE       #10 0x561795c19548 <unknown>\nE       #11 0x561795c1d272 <unknown>\nE       #12 0x561795c00313 <unknown>\nE       #13 0x561795c1ddc5 <unknown>\nE       #14 0x561795be549f <unknown>\nE       #15 0x561795c42158 <unknown>\nE       #16 0x561795c42332 <unknown>\nE       #17 0x561795c54a53 <unknown>\nE       #18 0x7f465be9caa4 <unknown>\nE       #19 0x7f465bf29c3c <unknown>\n\n/opt/hostedtoolcache/Python/3.12.3/x64/lib/python3.12/site-packages/selenium/webdriver/support/wait.py:95: TimeoutException",
    "steps" : [ {
      "name" : "Check text in Gear deals title",
      "time" : {
        "start" : 1757900355941,
        "stop" : 1757900361040,
        "duration" : 5099
      },
      "status" : "broken",
      "statusMessage" : "selenium.common.exceptions.TimeoutException: Message: \nStacktrace:\n#0 0x561795c5594a <unknown>\n#1 0x5617956ca8a0 <unknown>\n#2 0x56179571c540 <unknown>\n#3 0x56179571c731 <unknown>\n#4 0x56179576a824 <unknown>\n#5 0x56179574205d <unknown>\n#6 0x561795767c23 <unknown>\n#7 0x561795741e03 <unknown>\n#8 0x56179570e968 <unknown>\n#9 0x56179570f5e1 <unknown>\n#10 0x561795c19548 <unknown>\n#11 0x561795c1d272 <unknown>\n#12 0x561795c00313 <unknown>\n#13 0x561795c1ddc5 <unknown>\n#14 0x561795be549f <unknown>\n#15 0x561795c42158 <unknown>\n#16 0x561795c42332 <unknown>\n#17 0x561795c54a53 <unknown>\n#18 0x7f465be9caa4 <unknown>\n#19 0x7f465bf29c3c <unknown>\n\n",
      "statusTrace" : "  File \"/opt/hostedtoolcache/Python/3.12.3/x64/lib/python3.12/site-packages/allure_commons/_allure.py\", line 192, in impl\n    return func(*a, **kw)\n           ^^^^^^^^^^^^^^\n  File \"/home/runner/work/luma_project/luma_project/pages/sale_page.py\", line 25, in check_text_in_gear_deals_title\n    gear_deals_title = self.element_is_visible(self.side_bar_locators.GEAR_DEALS_TITLE)\n                       ^^^^^^^^^^^^^^^^^^^^^^^^^^^^^^^^^^^^^^^^^^^^^^^^^^^^^^^^^^^^^^^^\n  File \"/opt/hostedtoolcache/Python/3.12.3/x64/lib/python3.12/site-packages/allure_commons/_allure.py\", line 192, in impl\n    return func(*a, **kw)\n           ^^^^^^^^^^^^^^\n  File \"/home/runner/work/luma_project/luma_project/pages/base_page.py\", line 30, in element_is_visible\n    self.go_to_element(self.element_is_present(locator))\n                       ^^^^^^^^^^^^^^^^^^^^^^^^^^^^^^^^\n  File \"/opt/hostedtoolcache/Python/3.12.3/x64/lib/python3.12/site-packages/allure_commons/_allure.py\", line 192, in impl\n    return func(*a, **kw)\n           ^^^^^^^^^^^^^^\n  File \"/home/runner/work/luma_project/luma_project/pages/base_page.py\", line 51, in element_is_present\n    return wait(self.driver, timeout).until(EC.presence_of_element_located(locator))\n           ^^^^^^^^^^^^^^^^^^^^^^^^^^^^^^^^^^^^^^^^^^^^^^^^^^^^^^^^^^^^^^^^^^^^^^^^^\n  File \"/opt/hostedtoolcache/Python/3.12.3/x64/lib/python3.12/site-packages/selenium/webdriver/support/wait.py\", line 95, in until\n    raise TimeoutException(message, screen, stacktrace)\n",
      "steps" : [ {
        "name" : "Find a visible element",
        "time" : {
          "start" : 1757900355941,
          "stop" : 1757900361039,
          "duration" : 5098
        },
        "status" : "broken",
        "statusMessage" : "selenium.common.exceptions.TimeoutException: Message: \nStacktrace:\n#0 0x561795c5594a <unknown>\n#1 0x5617956ca8a0 <unknown>\n#2 0x56179571c540 <unknown>\n#3 0x56179571c731 <unknown>\n#4 0x56179576a824 <unknown>\n#5 0x56179574205d <unknown>\n#6 0x561795767c23 <unknown>\n#7 0x561795741e03 <unknown>\n#8 0x56179570e968 <unknown>\n#9 0x56179570f5e1 <unknown>\n#10 0x561795c19548 <unknown>\n#11 0x561795c1d272 <unknown>\n#12 0x561795c00313 <unknown>\n#13 0x561795c1ddc5 <unknown>\n#14 0x561795be549f <unknown>\n#15 0x561795c42158 <unknown>\n#16 0x561795c42332 <unknown>\n#17 0x561795c54a53 <unknown>\n#18 0x7f465be9caa4 <unknown>\n#19 0x7f465bf29c3c <unknown>\n\n",
        "statusTrace" : "  File \"/opt/hostedtoolcache/Python/3.12.3/x64/lib/python3.12/site-packages/allure_commons/_allure.py\", line 192, in impl\n    return func(*a, **kw)\n           ^^^^^^^^^^^^^^\n  File \"/home/runner/work/luma_project/luma_project/pages/base_page.py\", line 30, in element_is_visible\n    self.go_to_element(self.element_is_present(locator))\n                       ^^^^^^^^^^^^^^^^^^^^^^^^^^^^^^^^\n  File \"/opt/hostedtoolcache/Python/3.12.3/x64/lib/python3.12/site-packages/allure_commons/_allure.py\", line 192, in impl\n    return func(*a, **kw)\n           ^^^^^^^^^^^^^^\n  File \"/home/runner/work/luma_project/luma_project/pages/base_page.py\", line 51, in element_is_present\n    return wait(self.driver, timeout).until(EC.presence_of_element_located(locator))\n           ^^^^^^^^^^^^^^^^^^^^^^^^^^^^^^^^^^^^^^^^^^^^^^^^^^^^^^^^^^^^^^^^^^^^^^^^^\n  File \"/opt/hostedtoolcache/Python/3.12.3/x64/lib/python3.12/site-packages/selenium/webdriver/support/wait.py\", line 95, in until\n    raise TimeoutException(message, screen, stacktrace)\n",
        "steps" : [ {
          "name" : "Find a present element",
          "time" : {
            "start" : 1757900355941,
            "stop" : 1757900361039,
            "duration" : 5098
          },
          "status" : "broken",
          "statusMessage" : "selenium.common.exceptions.TimeoutException: Message: \nStacktrace:\n#0 0x561795c5594a <unknown>\n#1 0x5617956ca8a0 <unknown>\n#2 0x56179571c540 <unknown>\n#3 0x56179571c731 <unknown>\n#4 0x56179576a824 <unknown>\n#5 0x56179574205d <unknown>\n#6 0x561795767c23 <unknown>\n#7 0x561795741e03 <unknown>\n#8 0x56179570e968 <unknown>\n#9 0x56179570f5e1 <unknown>\n#10 0x561795c19548 <unknown>\n#11 0x561795c1d272 <unknown>\n#12 0x561795c00313 <unknown>\n#13 0x561795c1ddc5 <unknown>\n#14 0x561795be549f <unknown>\n#15 0x561795c42158 <unknown>\n#16 0x561795c42332 <unknown>\n#17 0x561795c54a53 <unknown>\n#18 0x7f465be9caa4 <unknown>\n#19 0x7f465bf29c3c <unknown>\n\n",
          "statusTrace" : "  File \"/opt/hostedtoolcache/Python/3.12.3/x64/lib/python3.12/site-packages/allure_commons/_allure.py\", line 192, in impl\n    return func(*a, **kw)\n           ^^^^^^^^^^^^^^\n  File \"/home/runner/work/luma_project/luma_project/pages/base_page.py\", line 51, in element_is_present\n    return wait(self.driver, timeout).until(EC.presence_of_element_located(locator))\n           ^^^^^^^^^^^^^^^^^^^^^^^^^^^^^^^^^^^^^^^^^^^^^^^^^^^^^^^^^^^^^^^^^^^^^^^^^\n  File \"/opt/hostedtoolcache/Python/3.12.3/x64/lib/python3.12/site-packages/selenium/webdriver/support/wait.py\", line 95, in until\n    raise TimeoutException(message, screen, stacktrace)\n",
          "steps" : [ ],
          "attachments" : [ ],
          "parameters" : [ {
            "name" : "locator",
            "value" : "('css selector', '.categories-menu > strong:nth-child(5) > span')"
          }, {
            "name" : "timeout",
            "value" : "5"
          } ],
          "stepsCount" : 0,
          "attachmentsCount" : 0,
          "shouldDisplayMessage" : true,
          "hasContent" : true
        } ],
        "attachments" : [ ],
        "parameters" : [ {
          "name" : "locator",
          "value" : "('css selector', '.categories-menu > strong:nth-child(5) > span')"
        }, {
          "name" : "timeout",
          "value" : "10"
        } ],
        "stepsCount" : 1,
        "attachmentsCount" : 0,
        "shouldDisplayMessage" : false,
        "hasContent" : true
      } ],
      "attachments" : [ ],
      "parameters" : [ ],
      "stepsCount" : 2,
      "attachmentsCount" : 0,
      "shouldDisplayMessage" : false,
      "hasContent" : true
    } ],
    "attachments" : [ {
      "uid" : "bee09299fa01e79f",
      "name" : "Screenshot",
      "source" : "bee09299fa01e79f.png",
      "type" : "image/png",
      "size" : 23875
    }, {
      "uid" : "d5a2de0dd156593a",
      "name" : "HTML source",
      "source" : "d5a2de0dd156593a.html",
      "type" : "text/html",
      "size" : 786
    } ],
    "parameters" : [ ],
    "stepsCount" : 3,
    "attachmentsCount" : 2,
    "shouldDisplayMessage" : true,
    "hasContent" : true
  },
  "afterStages" : [ {
    "name" : "clear_allure_result_folder::0",
    "time" : {
      "start" : 1757901039531,
      "stop" : 1757901039531,
      "duration" : 0
    },
    "status" : "passed",
    "steps" : [ ],
    "attachments" : [ ],
    "parameters" : [ ],
    "stepsCount" : 0,
    "attachmentsCount" : 0,
    "shouldDisplayMessage" : false,
    "hasContent" : false
  }, {
    "name" : "driver::0",
    "time" : {
      "start" : 1757900361103,
      "stop" : 1757900361163,
      "duration" : 60
    },
    "status" : "passed",
    "steps" : [ ],
    "attachments" : [ ],
    "parameters" : [ ],
    "stepsCount" : 0,
    "attachmentsCount" : 0,
    "shouldDisplayMessage" : false,
    "hasContent" : false
  } ],
  "labels" : [ {
    "name" : "epic",
    "value" : "Sale Page"
  }, {
    "name" : "feature",
    "value" : "Testing Side Menu Bar - Gear Deals Section"
  }, {
    "name" : "parentSuite",
    "value" : "tests"
  }, {
    "name" : "suite",
    "value" : "test_sale"
  }, {
    "name" : "subSuite",
    "value" : "TestSalePage"
  }, {
    "name" : "host",
    "value" : "runnervmf4ws1"
  }, {
    "name" : "thread",
    "value" : "3099-MainThread"
  }, {
    "name" : "framework",
    "value" : "pytest"
  }, {
    "name" : "language",
    "value" : "cpython3"
  }, {
    "name" : "package",
    "value" : "tests.test_sale"
  }, {
    "name" : "resultFormat",
    "value" : "allure2"
  } ],
  "parameters" : [ ],
  "links" : [ ],
  "hidden" : false,
  "retry" : false,
  "extra" : {
    "severity" : "normal",
    "retries" : [ ],
    "categories" : [ {
      "name" : "Test defects",
      "matchedStatuses" : [ ],
      "flaky" : false
    } ],
    "tags" : [ ]
  },
  "source" : "26bb84e5f53eb864.json",
  "parameterValues" : [ ]
}