{
  "uid" : "27b80732acf2701a",
  "name" : "TC 13.01.07 - Check the display of the info block title in section 1 'home-main' in the Promo Block",
  "fullName" : "tests.test_main_page.TestPromoBlock#test_tc_13_01_07_check_correctness_of_info_block_title_in_section1",
  "historyId" : "f37f4507cdbe036872522f0b2144571b",
  "time" : {
    "start" : 1760318932236,
    "stop" : 1760318937450,
    "duration" : 5214
  },
  "description" : "This test checks if the info block title in section 1 'home-main' is correct\n            in the Promo Block under header on the Main Page",
  "descriptionHtml" : "<p>This test checks if the info block title in section 1 'home-main' is correct\nin the Promo Block under header on the Main Page</p>\n",
  "status" : "broken",
  "statusMessage" : "selenium.common.exceptions.TimeoutException: Message: \nStacktrace:\n#0 0x5641d97d1fba <unknown>\n#1 0x5641d92566d0 <unknown>\n#2 0x5641d92a82aa <unknown>\n#3 0x5641d92a8541 <unknown>\n#4 0x5641d92f66c4 <unknown>\n#5 0x5641d92cde5d <unknown>\n#6 0x5641d92f3b54 <unknown>\n#7 0x5641d92cdc03 <unknown>\n#8 0x5641d929a7a8 <unknown>\n#9 0x5641d929b421 <unknown>\n#10 0x5641d9796b28 <unknown>\n#11 0x5641d979a87f <unknown>\n#12 0x5641d977ec49 <unknown>\n#13 0x5641d979b405 <unknown>\n#14 0x5641d97644ff <unknown>\n#15 0x5641d97bf258 <unknown>\n#16 0x5641d97bf432 <unknown>\n#17 0x5641d97d0fa3 <unknown>\n#18 0x7f7be409caa4 <unknown>\n#19 0x7f7be4129c6c <unknown>",
  "statusTrace" : "self = <test_main_page.TestMainPage.TestPromoBlock object at 0x7f420597e570>\ndriver = <selenium.webdriver.chrome.webdriver.WebDriver (session=\"f11a6eca696f3e1538e02f142993a279\")>\n\n    @allure.title(\"TC 13.01.07 - Check the display of the info block title \"\n                  \"in section 1 'home-main' in the Promo Block\")\n    def test_tc_13_01_07_check_correctness_of_info_block_title_in_section1(self, driver):\n        \"\"\"This test checks if the info block title in section 1 'home-main' is correct\n        in the Promo Block under header on the Main Page\"\"\"\n        page = PromoBlock(driver, MAIN_PAGE_URL)\n        page.open()\n>       actual_text = page.get_text(self.locators.SECTION_1_INFO_BLOCK_TITLE)\n\ntests/test_main_page.py:182: \n_ _ _ _ _ _ _ _ _ _ _ _ _ _ _ _ _ _ _ _ _ _ _ _ _ _ _ _ _ _ _ _ _ _ _ _ _ _ _ _ \npages/base_page.py:145: in get_text\n    text = self.element_is_visible(locator)\npages/base_page.py:30: in element_is_visible\n    self.go_to_element(self.element_is_present(locator))\npages/base_page.py:51: in element_is_present\n    return wait(self.driver, timeout).until(EC.presence_of_element_located(locator))\n_ _ _ _ _ _ _ _ _ _ _ _ _ _ _ _ _ _ _ _ _ _ _ _ _ _ _ _ _ _ _ _ _ _ _ _ _ _ _ _ \n\nself = <selenium.webdriver.support.wait.WebDriverWait (session=\"f11a6eca696f3e1538e02f142993a279\")>\nmethod = <function presence_of_element_located.<locals>._predicate at 0x7f420567bc40>\nmessage = ''\n\n    def until(self, method, message: str = \"\"):\n        \"\"\"Calls the method provided with the driver as an argument until the \\\n        return value does not evaluate to ``False``.\n    \n        :param method: callable(WebDriver)\n        :param message: optional message for :exc:`TimeoutException`\n        :returns: the result of the last call to `method`\n        :raises: :exc:`selenium.common.exceptions.TimeoutException` if timeout occurs\n        \"\"\"\n        screen = None\n        stacktrace = None\n    \n        end_time = time.monotonic() + self._timeout\n        while True:\n            try:\n                value = method(self._driver)\n                if value:\n                    return value\n            except self._ignored_exceptions as exc:\n                screen = getattr(exc, \"screen\", None)\n                stacktrace = getattr(exc, \"stacktrace\", None)\n            time.sleep(self._poll)\n            if time.monotonic() > end_time:\n                break\n>       raise TimeoutException(message, screen, stacktrace)\nE       selenium.common.exceptions.TimeoutException: Message: \nE       Stacktrace:\nE       #0 0x5641d97d1fba <unknown>\nE       #1 0x5641d92566d0 <unknown>\nE       #2 0x5641d92a82aa <unknown>\nE       #3 0x5641d92a8541 <unknown>\nE       #4 0x5641d92f66c4 <unknown>\nE       #5 0x5641d92cde5d <unknown>\nE       #6 0x5641d92f3b54 <unknown>\nE       #7 0x5641d92cdc03 <unknown>\nE       #8 0x5641d929a7a8 <unknown>\nE       #9 0x5641d929b421 <unknown>\nE       #10 0x5641d9796b28 <unknown>\nE       #11 0x5641d979a87f <unknown>\nE       #12 0x5641d977ec49 <unknown>\nE       #13 0x5641d979b405 <unknown>\nE       #14 0x5641d97644ff <unknown>\nE       #15 0x5641d97bf258 <unknown>\nE       #16 0x5641d97bf432 <unknown>\nE       #17 0x5641d97d0fa3 <unknown>\nE       #18 0x7f7be409caa4 <unknown>\nE       #19 0x7f7be4129c6c <unknown>\n\n/opt/hostedtoolcache/Python/3.12.3/x64/lib/python3.12/site-packages/selenium/webdriver/support/wait.py:95: TimeoutException",
  "flaky" : false,
  "newFailed" : false,
  "beforeStages" : [ {
    "name" : "driver",
    "time" : {
      "start" : 1760318930980,
      "stop" : 1760318932235,
      "duration" : 1255
    },
    "status" : "passed",
    "steps" : [ ],
    "attachments" : [ ],
    "parameters" : [ ],
    "stepsCount" : 0,
    "attachmentsCount" : 0,
    "shouldDisplayMessage" : false,
    "hasContent" : false
  }, {
    "name" : "clear_allure_result_folder",
    "time" : {
      "start" : 1760317852254,
      "stop" : 1760317852255,
      "duration" : 1
    },
    "status" : "passed",
    "steps" : [ ],
    "attachments" : [ ],
    "parameters" : [ ],
    "stepsCount" : 0,
    "attachmentsCount" : 0,
    "shouldDisplayMessage" : false,
    "hasContent" : false
  }, {
    "name" : "_session_faker",
    "time" : {
      "start" : 1760317852186,
      "stop" : 1760317852254,
      "duration" : 68
    },
    "status" : "passed",
    "steps" : [ ],
    "attachments" : [ ],
    "parameters" : [ ],
    "stepsCount" : 0,
    "attachmentsCount" : 0,
    "shouldDisplayMessage" : false,
    "hasContent" : false
  } ],
  "testStage" : {
    "description" : "This test checks if the info block title in section 1 'home-main' is correct\n            in the Promo Block under header on the Main Page",
    "status" : "broken",
    "statusMessage" : "selenium.common.exceptions.TimeoutException: Message: \nStacktrace:\n#0 0x5641d97d1fba <unknown>\n#1 0x5641d92566d0 <unknown>\n#2 0x5641d92a82aa <unknown>\n#3 0x5641d92a8541 <unknown>\n#4 0x5641d92f66c4 <unknown>\n#5 0x5641d92cde5d <unknown>\n#6 0x5641d92f3b54 <unknown>\n#7 0x5641d92cdc03 <unknown>\n#8 0x5641d929a7a8 <unknown>\n#9 0x5641d929b421 <unknown>\n#10 0x5641d9796b28 <unknown>\n#11 0x5641d979a87f <unknown>\n#12 0x5641d977ec49 <unknown>\n#13 0x5641d979b405 <unknown>\n#14 0x5641d97644ff <unknown>\n#15 0x5641d97bf258 <unknown>\n#16 0x5641d97bf432 <unknown>\n#17 0x5641d97d0fa3 <unknown>\n#18 0x7f7be409caa4 <unknown>\n#19 0x7f7be4129c6c <unknown>",
    "statusTrace" : "self = <test_main_page.TestMainPage.TestPromoBlock object at 0x7f420597e570>\ndriver = <selenium.webdriver.chrome.webdriver.WebDriver (session=\"f11a6eca696f3e1538e02f142993a279\")>\n\n    @allure.title(\"TC 13.01.07 - Check the display of the info block title \"\n                  \"in section 1 'home-main' in the Promo Block\")\n    def test_tc_13_01_07_check_correctness_of_info_block_title_in_section1(self, driver):\n        \"\"\"This test checks if the info block title in section 1 'home-main' is correct\n        in the Promo Block under header on the Main Page\"\"\"\n        page = PromoBlock(driver, MAIN_PAGE_URL)\n        page.open()\n>       actual_text = page.get_text(self.locators.SECTION_1_INFO_BLOCK_TITLE)\n\ntests/test_main_page.py:182: \n_ _ _ _ _ _ _ _ _ _ _ _ _ _ _ _ _ _ _ _ _ _ _ _ _ _ _ _ _ _ _ _ _ _ _ _ _ _ _ _ \npages/base_page.py:145: in get_text\n    text = self.element_is_visible(locator)\npages/base_page.py:30: in element_is_visible\n    self.go_to_element(self.element_is_present(locator))\npages/base_page.py:51: in element_is_present\n    return wait(self.driver, timeout).until(EC.presence_of_element_located(locator))\n_ _ _ _ _ _ _ _ _ _ _ _ _ _ _ _ _ _ _ _ _ _ _ _ _ _ _ _ _ _ _ _ _ _ _ _ _ _ _ _ \n\nself = <selenium.webdriver.support.wait.WebDriverWait (session=\"f11a6eca696f3e1538e02f142993a279\")>\nmethod = <function presence_of_element_located.<locals>._predicate at 0x7f420567bc40>\nmessage = ''\n\n    def until(self, method, message: str = \"\"):\n        \"\"\"Calls the method provided with the driver as an argument until the \\\n        return value does not evaluate to ``False``.\n    \n        :param method: callable(WebDriver)\n        :param message: optional message for :exc:`TimeoutException`\n        :returns: the result of the last call to `method`\n        :raises: :exc:`selenium.common.exceptions.TimeoutException` if timeout occurs\n        \"\"\"\n        screen = None\n        stacktrace = None\n    \n        end_time = time.monotonic() + self._timeout\n        while True:\n            try:\n                value = method(self._driver)\n                if value:\n                    return value\n            except self._ignored_exceptions as exc:\n                screen = getattr(exc, \"screen\", None)\n                stacktrace = getattr(exc, \"stacktrace\", None)\n            time.sleep(self._poll)\n            if time.monotonic() > end_time:\n                break\n>       raise TimeoutException(message, screen, stacktrace)\nE       selenium.common.exceptions.TimeoutException: Message: \nE       Stacktrace:\nE       #0 0x5641d97d1fba <unknown>\nE       #1 0x5641d92566d0 <unknown>\nE       #2 0x5641d92a82aa <unknown>\nE       #3 0x5641d92a8541 <unknown>\nE       #4 0x5641d92f66c4 <unknown>\nE       #5 0x5641d92cde5d <unknown>\nE       #6 0x5641d92f3b54 <unknown>\nE       #7 0x5641d92cdc03 <unknown>\nE       #8 0x5641d929a7a8 <unknown>\nE       #9 0x5641d929b421 <unknown>\nE       #10 0x5641d9796b28 <unknown>\nE       #11 0x5641d979a87f <unknown>\nE       #12 0x5641d977ec49 <unknown>\nE       #13 0x5641d979b405 <unknown>\nE       #14 0x5641d97644ff <unknown>\nE       #15 0x5641d97bf258 <unknown>\nE       #16 0x5641d97bf432 <unknown>\nE       #17 0x5641d97d0fa3 <unknown>\nE       #18 0x7f7be409caa4 <unknown>\nE       #19 0x7f7be4129c6c <unknown>\n\n/opt/hostedtoolcache/Python/3.12.3/x64/lib/python3.12/site-packages/selenium/webdriver/support/wait.py:95: TimeoutException",
    "steps" : [ {
      "name" : "Open a browser",
      "time" : {
        "start" : 1760318932236,
        "stop" : 1760318932346,
        "duration" : 110
      },
      "status" : "passed",
      "steps" : [ ],
      "attachments" : [ ],
      "parameters" : [ ],
      "stepsCount" : 0,
      "attachmentsCount" : 0,
      "shouldDisplayMessage" : false,
      "hasContent" : false
    }, {
      "name" : "Get element text",
      "time" : {
        "start" : 1760318932346,
        "stop" : 1760318937449,
        "duration" : 5103
      },
      "status" : "broken",
      "statusMessage" : "selenium.common.exceptions.TimeoutException: Message: \nStacktrace:\n#0 0x5641d97d1fba <unknown>\n#1 0x5641d92566d0 <unknown>\n#2 0x5641d92a82aa <unknown>\n#3 0x5641d92a8541 <unknown>\n#4 0x5641d92f66c4 <unknown>\n#5 0x5641d92cde5d <unknown>\n#6 0x5641d92f3b54 <unknown>\n#7 0x5641d92cdc03 <unknown>\n#8 0x5641d929a7a8 <unknown>\n#9 0x5641d929b421 <unknown>\n#10 0x5641d9796b28 <unknown>\n#11 0x5641d979a87f <unknown>\n#12 0x5641d977ec49 <unknown>\n#13 0x5641d979b405 <unknown>\n#14 0x5641d97644ff <unknown>\n#15 0x5641d97bf258 <unknown>\n#16 0x5641d97bf432 <unknown>\n#17 0x5641d97d0fa3 <unknown>\n#18 0x7f7be409caa4 <unknown>\n#19 0x7f7be4129c6c <unknown>\n\n",
      "statusTrace" : "  File \"/opt/hostedtoolcache/Python/3.12.3/x64/lib/python3.12/site-packages/allure_commons/_allure.py\", line 192, in impl\n    return func(*a, **kw)\n           ^^^^^^^^^^^^^^\n  File \"/home/runner/work/luma_project/luma_project/pages/base_page.py\", line 145, in get_text\n    text = self.element_is_visible(locator)\n           ^^^^^^^^^^^^^^^^^^^^^^^^^^^^^^^^\n  File \"/opt/hostedtoolcache/Python/3.12.3/x64/lib/python3.12/site-packages/allure_commons/_allure.py\", line 192, in impl\n    return func(*a, **kw)\n           ^^^^^^^^^^^^^^\n  File \"/home/runner/work/luma_project/luma_project/pages/base_page.py\", line 30, in element_is_visible\n    self.go_to_element(self.element_is_present(locator))\n                       ^^^^^^^^^^^^^^^^^^^^^^^^^^^^^^^^\n  File \"/opt/hostedtoolcache/Python/3.12.3/x64/lib/python3.12/site-packages/allure_commons/_allure.py\", line 192, in impl\n    return func(*a, **kw)\n           ^^^^^^^^^^^^^^\n  File \"/home/runner/work/luma_project/luma_project/pages/base_page.py\", line 51, in element_is_present\n    return wait(self.driver, timeout).until(EC.presence_of_element_located(locator))\n           ^^^^^^^^^^^^^^^^^^^^^^^^^^^^^^^^^^^^^^^^^^^^^^^^^^^^^^^^^^^^^^^^^^^^^^^^^\n  File \"/opt/hostedtoolcache/Python/3.12.3/x64/lib/python3.12/site-packages/selenium/webdriver/support/wait.py\", line 95, in until\n    raise TimeoutException(message, screen, stacktrace)\n",
      "steps" : [ {
        "name" : "Find a visible element",
        "time" : {
          "start" : 1760318932346,
          "stop" : 1760318937449,
          "duration" : 5103
        },
        "status" : "broken",
        "statusMessage" : "selenium.common.exceptions.TimeoutException: Message: \nStacktrace:\n#0 0x5641d97d1fba <unknown>\n#1 0x5641d92566d0 <unknown>\n#2 0x5641d92a82aa <unknown>\n#3 0x5641d92a8541 <unknown>\n#4 0x5641d92f66c4 <unknown>\n#5 0x5641d92cde5d <unknown>\n#6 0x5641d92f3b54 <unknown>\n#7 0x5641d92cdc03 <unknown>\n#8 0x5641d929a7a8 <unknown>\n#9 0x5641d929b421 <unknown>\n#10 0x5641d9796b28 <unknown>\n#11 0x5641d979a87f <unknown>\n#12 0x5641d977ec49 <unknown>\n#13 0x5641d979b405 <unknown>\n#14 0x5641d97644ff <unknown>\n#15 0x5641d97bf258 <unknown>\n#16 0x5641d97bf432 <unknown>\n#17 0x5641d97d0fa3 <unknown>\n#18 0x7f7be409caa4 <unknown>\n#19 0x7f7be4129c6c <unknown>\n\n",
        "statusTrace" : "  File \"/opt/hostedtoolcache/Python/3.12.3/x64/lib/python3.12/site-packages/allure_commons/_allure.py\", line 192, in impl\n    return func(*a, **kw)\n           ^^^^^^^^^^^^^^\n  File \"/home/runner/work/luma_project/luma_project/pages/base_page.py\", line 30, in element_is_visible\n    self.go_to_element(self.element_is_present(locator))\n                       ^^^^^^^^^^^^^^^^^^^^^^^^^^^^^^^^\n  File \"/opt/hostedtoolcache/Python/3.12.3/x64/lib/python3.12/site-packages/allure_commons/_allure.py\", line 192, in impl\n    return func(*a, **kw)\n           ^^^^^^^^^^^^^^\n  File \"/home/runner/work/luma_project/luma_project/pages/base_page.py\", line 51, in element_is_present\n    return wait(self.driver, timeout).until(EC.presence_of_element_located(locator))\n           ^^^^^^^^^^^^^^^^^^^^^^^^^^^^^^^^^^^^^^^^^^^^^^^^^^^^^^^^^^^^^^^^^^^^^^^^^\n  File \"/opt/hostedtoolcache/Python/3.12.3/x64/lib/python3.12/site-packages/selenium/webdriver/support/wait.py\", line 95, in until\n    raise TimeoutException(message, screen, stacktrace)\n",
        "steps" : [ {
          "name" : "Find a present element",
          "time" : {
            "start" : 1760318932346,
            "stop" : 1760318937449,
            "duration" : 5103
          },
          "status" : "broken",
          "statusMessage" : "selenium.common.exceptions.TimeoutException: Message: \nStacktrace:\n#0 0x5641d97d1fba <unknown>\n#1 0x5641d92566d0 <unknown>\n#2 0x5641d92a82aa <unknown>\n#3 0x5641d92a8541 <unknown>\n#4 0x5641d92f66c4 <unknown>\n#5 0x5641d92cde5d <unknown>\n#6 0x5641d92f3b54 <unknown>\n#7 0x5641d92cdc03 <unknown>\n#8 0x5641d929a7a8 <unknown>\n#9 0x5641d929b421 <unknown>\n#10 0x5641d9796b28 <unknown>\n#11 0x5641d979a87f <unknown>\n#12 0x5641d977ec49 <unknown>\n#13 0x5641d979b405 <unknown>\n#14 0x5641d97644ff <unknown>\n#15 0x5641d97bf258 <unknown>\n#16 0x5641d97bf432 <unknown>\n#17 0x5641d97d0fa3 <unknown>\n#18 0x7f7be409caa4 <unknown>\n#19 0x7f7be4129c6c <unknown>\n\n",
          "statusTrace" : "  File \"/opt/hostedtoolcache/Python/3.12.3/x64/lib/python3.12/site-packages/allure_commons/_allure.py\", line 192, in impl\n    return func(*a, **kw)\n           ^^^^^^^^^^^^^^\n  File \"/home/runner/work/luma_project/luma_project/pages/base_page.py\", line 51, in element_is_present\n    return wait(self.driver, timeout).until(EC.presence_of_element_located(locator))\n           ^^^^^^^^^^^^^^^^^^^^^^^^^^^^^^^^^^^^^^^^^^^^^^^^^^^^^^^^^^^^^^^^^^^^^^^^^\n  File \"/opt/hostedtoolcache/Python/3.12.3/x64/lib/python3.12/site-packages/selenium/webdriver/support/wait.py\", line 95, in until\n    raise TimeoutException(message, screen, stacktrace)\n",
          "steps" : [ ],
          "attachments" : [ ],
          "parameters" : [ {
            "name" : "locator",
            "value" : "('css selector', '.home-main .title')"
          }, {
            "name" : "timeout",
            "value" : "5"
          } ],
          "stepsCount" : 0,
          "attachmentsCount" : 0,
          "shouldDisplayMessage" : true,
          "hasContent" : true
        } ],
        "attachments" : [ ],
        "parameters" : [ {
          "name" : "locator",
          "value" : "('css selector', '.home-main .title')"
        }, {
          "name" : "timeout",
          "value" : "10"
        } ],
        "stepsCount" : 1,
        "attachmentsCount" : 0,
        "shouldDisplayMessage" : false,
        "hasContent" : true
      } ],
      "attachments" : [ ],
      "parameters" : [ {
        "name" : "locator",
        "value" : "('css selector', '.home-main .title')"
      } ],
      "stepsCount" : 2,
      "attachmentsCount" : 0,
      "shouldDisplayMessage" : false,
      "hasContent" : true
    } ],
    "attachments" : [ {
      "uid" : "cf85fb62090f2423",
      "name" : "Screenshot",
      "source" : "cf85fb62090f2423.png",
      "type" : "image/png",
      "size" : 23875
    }, {
      "uid" : "a1410cf7e487b350",
      "name" : "HTML source",
      "source" : "a1410cf7e487b350.html",
      "type" : "text/html",
      "size" : 786
    } ],
    "parameters" : [ ],
    "stepsCount" : 4,
    "attachmentsCount" : 2,
    "shouldDisplayMessage" : true,
    "hasContent" : true
  },
  "afterStages" : [ {
    "name" : "driver::0",
    "time" : {
      "start" : 1760318937519,
      "stop" : 1760318937579,
      "duration" : 60
    },
    "status" : "passed",
    "steps" : [ ],
    "attachments" : [ ],
    "parameters" : [ ],
    "stepsCount" : 0,
    "attachmentsCount" : 0,
    "shouldDisplayMessage" : false,
    "hasContent" : false
  }, {
    "name" : "clear_allure_result_folder::0",
    "time" : {
      "start" : 1760320278816,
      "stop" : 1760320278816,
      "duration" : 0
    },
    "status" : "passed",
    "steps" : [ ],
    "attachments" : [ ],
    "parameters" : [ ],
    "stepsCount" : 0,
    "attachmentsCount" : 0,
    "shouldDisplayMessage" : false,
    "hasContent" : false
  } ],
  "labels" : [ {
    "name" : "epic",
    "value" : "Main Page"
  }, {
    "name" : "feature",
    "value" : "Promo Block Testing"
  }, {
    "name" : "parentSuite",
    "value" : "tests"
  }, {
    "name" : "suite",
    "value" : "test_main_page"
  }, {
    "name" : "subSuite",
    "value" : "TestMainPage"
  }, {
    "name" : "host",
    "value" : "runnervmwhb2z"
  }, {
    "name" : "thread",
    "value" : "3004-MainThread"
  }, {
    "name" : "framework",
    "value" : "pytest"
  }, {
    "name" : "language",
    "value" : "cpython3"
  }, {
    "name" : "package",
    "value" : "tests.test_main_page"
  }, {
    "name" : "resultFormat",
    "value" : "allure2"
  } ],
  "parameters" : [ ],
  "links" : [ ],
  "hidden" : false,
  "retry" : false,
  "extra" : {
    "severity" : "normal",
    "retries" : [ ],
    "categories" : [ {
      "name" : "Test defects",
      "matchedStatuses" : [ ],
      "flaky" : false
    } ],
    "tags" : [ ]
  },
  "source" : "27b80732acf2701a.json",
  "parameterValues" : [ ]
}