{
  "uid" : "2bd621bbd8a0ebca",
  "name" : "TC 13.01.53 - Check if block 4 'home-performance' in section 2 is clickablein the Promo Block on the main page",
  "fullName" : "tests.test_main_page.TestPromoBlock#test_tc_13_01_53_check_section2_block4_clickability",
  "historyId" : "b050a9ed05762877bd26dc4acb15ac18",
  "time" : {
    "start" : 1758504765725,
    "stop" : 1758504771110,
    "duration" : 5385
  },
  "description" : "This test checks if block 4 'home-performance' in section 2 in Promo Block under header is clickable",
  "descriptionHtml" : "<p>This test checks if block 4 'home-performance' in section 2 in Promo Block under header is clickable</p>\n",
  "status" : "broken",
  "statusMessage" : "selenium.common.exceptions.TimeoutException: Message: \nStacktrace:\n#0 0x5559ed83e94a <unknown>\n#1 0x5559ed2b38a0 <unknown>\n#2 0x5559ed305540 <unknown>\n#3 0x5559ed305731 <unknown>\n#4 0x5559ed353824 <unknown>\n#5 0x5559ed32b05d <unknown>\n#6 0x5559ed350c23 <unknown>\n#7 0x5559ed32ae03 <unknown>\n#8 0x5559ed2f7968 <unknown>\n#9 0x5559ed2f85e1 <unknown>\n#10 0x5559ed802548 <unknown>\n#11 0x5559ed806272 <unknown>\n#12 0x5559ed7e9313 <unknown>\n#13 0x5559ed806dc5 <unknown>\n#14 0x5559ed7ce49f <unknown>\n#15 0x5559ed82b158 <unknown>\n#16 0x5559ed82b332 <unknown>\n#17 0x5559ed83da53 <unknown>\n#18 0x7f2669e9caa4 <unknown>\n#19 0x7f2669f29c3c <unknown>",
  "statusTrace" : "self = <test_main_page.TestMainPage.TestPromoBlock object at 0x7f22c0f7df40>\ndriver = <selenium.webdriver.chrome.webdriver.WebDriver (session=\"905ae47c93232eb9a595bd3df9641444\")>\n\n    @allure.title(\"TC 13.01.53 - Check if block 4 'home-performance' in section 2 is clickable\"\n                  \"in the Promo Block on the main page\")\n    def test_tc_13_01_53_check_section2_block4_clickability(self, driver):\n        \"\"\"This test checks if block 4 'home-performance' in section 2 in Promo Block under header is clickable\"\"\"\n        page = PromoBlock(driver, MAIN_PAGE_URL)\n        page.open()\n>       section2_block4 = page.check_section2_block4_clickability()\n\ntests/test_main_page.py:672: \n_ _ _ _ _ _ _ _ _ _ _ _ _ _ _ _ _ _ _ _ _ _ _ _ _ _ _ _ _ _ _ _ _ _ _ _ _ _ _ _ \npages/main_page.py:346: in check_section2_block4_clickability\n    section2_block4 = self.element_is_clickable(self.locators.SECTION_2_BLOCK_4)\npages/base_page.py:81: in element_is_clickable\n    return wait(self.driver, timeout).until(EC.element_to_be_clickable(locator))\n_ _ _ _ _ _ _ _ _ _ _ _ _ _ _ _ _ _ _ _ _ _ _ _ _ _ _ _ _ _ _ _ _ _ _ _ _ _ _ _ \n\nself = <selenium.webdriver.support.wait.WebDriverWait (session=\"905ae47c93232eb9a595bd3df9641444\")>\nmethod = <function element_to_be_clickable.<locals>._predicate at 0x7f22c1207240>\nmessage = ''\n\n    def until(self, method, message: str = \"\"):\n        \"\"\"Calls the method provided with the driver as an argument until the \\\n        return value does not evaluate to ``False``.\n    \n        :param method: callable(WebDriver)\n        :param message: optional message for :exc:`TimeoutException`\n        :returns: the result of the last call to `method`\n        :raises: :exc:`selenium.common.exceptions.TimeoutException` if timeout occurs\n        \"\"\"\n        screen = None\n        stacktrace = None\n    \n        end_time = time.monotonic() + self._timeout\n        while True:\n            try:\n                value = method(self._driver)\n                if value:\n                    return value\n            except self._ignored_exceptions as exc:\n                screen = getattr(exc, \"screen\", None)\n                stacktrace = getattr(exc, \"stacktrace\", None)\n            time.sleep(self._poll)\n            if time.monotonic() > end_time:\n                break\n>       raise TimeoutException(message, screen, stacktrace)\nE       selenium.common.exceptions.TimeoutException: Message: \nE       Stacktrace:\nE       #0 0x5559ed83e94a <unknown>\nE       #1 0x5559ed2b38a0 <unknown>\nE       #2 0x5559ed305540 <unknown>\nE       #3 0x5559ed305731 <unknown>\nE       #4 0x5559ed353824 <unknown>\nE       #5 0x5559ed32b05d <unknown>\nE       #6 0x5559ed350c23 <unknown>\nE       #7 0x5559ed32ae03 <unknown>\nE       #8 0x5559ed2f7968 <unknown>\nE       #9 0x5559ed2f85e1 <unknown>\nE       #10 0x5559ed802548 <unknown>\nE       #11 0x5559ed806272 <unknown>\nE       #12 0x5559ed7e9313 <unknown>\nE       #13 0x5559ed806dc5 <unknown>\nE       #14 0x5559ed7ce49f <unknown>\nE       #15 0x5559ed82b158 <unknown>\nE       #16 0x5559ed82b332 <unknown>\nE       #17 0x5559ed83da53 <unknown>\nE       #18 0x7f2669e9caa4 <unknown>\nE       #19 0x7f2669f29c3c <unknown>\n\n/opt/hostedtoolcache/Python/3.12.3/x64/lib/python3.12/site-packages/selenium/webdriver/support/wait.py:95: TimeoutException",
  "flaky" : false,
  "newFailed" : false,
  "beforeStages" : [ {
    "name" : "_session_faker",
    "time" : {
      "start" : 1758503447562,
      "stop" : 1758503447629,
      "duration" : 67
    },
    "status" : "passed",
    "steps" : [ ],
    "attachments" : [ ],
    "parameters" : [ ],
    "stepsCount" : 0,
    "attachmentsCount" : 0,
    "shouldDisplayMessage" : false,
    "hasContent" : false
  }, {
    "name" : "clear_allure_result_folder",
    "time" : {
      "start" : 1758503447630,
      "stop" : 1758503447630,
      "duration" : 0
    },
    "status" : "passed",
    "steps" : [ ],
    "attachments" : [ ],
    "parameters" : [ ],
    "stepsCount" : 0,
    "attachmentsCount" : 0,
    "shouldDisplayMessage" : false,
    "hasContent" : false
  }, {
    "name" : "driver",
    "time" : {
      "start" : 1758504764486,
      "stop" : 1758504765725,
      "duration" : 1239
    },
    "status" : "passed",
    "steps" : [ ],
    "attachments" : [ ],
    "parameters" : [ ],
    "stepsCount" : 0,
    "attachmentsCount" : 0,
    "shouldDisplayMessage" : false,
    "hasContent" : false
  } ],
  "testStage" : {
    "description" : "This test checks if block 4 'home-performance' in section 2 in Promo Block under header is clickable",
    "status" : "broken",
    "statusMessage" : "selenium.common.exceptions.TimeoutException: Message: \nStacktrace:\n#0 0x5559ed83e94a <unknown>\n#1 0x5559ed2b38a0 <unknown>\n#2 0x5559ed305540 <unknown>\n#3 0x5559ed305731 <unknown>\n#4 0x5559ed353824 <unknown>\n#5 0x5559ed32b05d <unknown>\n#6 0x5559ed350c23 <unknown>\n#7 0x5559ed32ae03 <unknown>\n#8 0x5559ed2f7968 <unknown>\n#9 0x5559ed2f85e1 <unknown>\n#10 0x5559ed802548 <unknown>\n#11 0x5559ed806272 <unknown>\n#12 0x5559ed7e9313 <unknown>\n#13 0x5559ed806dc5 <unknown>\n#14 0x5559ed7ce49f <unknown>\n#15 0x5559ed82b158 <unknown>\n#16 0x5559ed82b332 <unknown>\n#17 0x5559ed83da53 <unknown>\n#18 0x7f2669e9caa4 <unknown>\n#19 0x7f2669f29c3c <unknown>",
    "statusTrace" : "self = <test_main_page.TestMainPage.TestPromoBlock object at 0x7f22c0f7df40>\ndriver = <selenium.webdriver.chrome.webdriver.WebDriver (session=\"905ae47c93232eb9a595bd3df9641444\")>\n\n    @allure.title(\"TC 13.01.53 - Check if block 4 'home-performance' in section 2 is clickable\"\n                  \"in the Promo Block on the main page\")\n    def test_tc_13_01_53_check_section2_block4_clickability(self, driver):\n        \"\"\"This test checks if block 4 'home-performance' in section 2 in Promo Block under header is clickable\"\"\"\n        page = PromoBlock(driver, MAIN_PAGE_URL)\n        page.open()\n>       section2_block4 = page.check_section2_block4_clickability()\n\ntests/test_main_page.py:672: \n_ _ _ _ _ _ _ _ _ _ _ _ _ _ _ _ _ _ _ _ _ _ _ _ _ _ _ _ _ _ _ _ _ _ _ _ _ _ _ _ \npages/main_page.py:346: in check_section2_block4_clickability\n    section2_block4 = self.element_is_clickable(self.locators.SECTION_2_BLOCK_4)\npages/base_page.py:81: in element_is_clickable\n    return wait(self.driver, timeout).until(EC.element_to_be_clickable(locator))\n_ _ _ _ _ _ _ _ _ _ _ _ _ _ _ _ _ _ _ _ _ _ _ _ _ _ _ _ _ _ _ _ _ _ _ _ _ _ _ _ \n\nself = <selenium.webdriver.support.wait.WebDriverWait (session=\"905ae47c93232eb9a595bd3df9641444\")>\nmethod = <function element_to_be_clickable.<locals>._predicate at 0x7f22c1207240>\nmessage = ''\n\n    def until(self, method, message: str = \"\"):\n        \"\"\"Calls the method provided with the driver as an argument until the \\\n        return value does not evaluate to ``False``.\n    \n        :param method: callable(WebDriver)\n        :param message: optional message for :exc:`TimeoutException`\n        :returns: the result of the last call to `method`\n        :raises: :exc:`selenium.common.exceptions.TimeoutException` if timeout occurs\n        \"\"\"\n        screen = None\n        stacktrace = None\n    \n        end_time = time.monotonic() + self._timeout\n        while True:\n            try:\n                value = method(self._driver)\n                if value:\n                    return value\n            except self._ignored_exceptions as exc:\n                screen = getattr(exc, \"screen\", None)\n                stacktrace = getattr(exc, \"stacktrace\", None)\n            time.sleep(self._poll)\n            if time.monotonic() > end_time:\n                break\n>       raise TimeoutException(message, screen, stacktrace)\nE       selenium.common.exceptions.TimeoutException: Message: \nE       Stacktrace:\nE       #0 0x5559ed83e94a <unknown>\nE       #1 0x5559ed2b38a0 <unknown>\nE       #2 0x5559ed305540 <unknown>\nE       #3 0x5559ed305731 <unknown>\nE       #4 0x5559ed353824 <unknown>\nE       #5 0x5559ed32b05d <unknown>\nE       #6 0x5559ed350c23 <unknown>\nE       #7 0x5559ed32ae03 <unknown>\nE       #8 0x5559ed2f7968 <unknown>\nE       #9 0x5559ed2f85e1 <unknown>\nE       #10 0x5559ed802548 <unknown>\nE       #11 0x5559ed806272 <unknown>\nE       #12 0x5559ed7e9313 <unknown>\nE       #13 0x5559ed806dc5 <unknown>\nE       #14 0x5559ed7ce49f <unknown>\nE       #15 0x5559ed82b158 <unknown>\nE       #16 0x5559ed82b332 <unknown>\nE       #17 0x5559ed83da53 <unknown>\nE       #18 0x7f2669e9caa4 <unknown>\nE       #19 0x7f2669f29c3c <unknown>\n\n/opt/hostedtoolcache/Python/3.12.3/x64/lib/python3.12/site-packages/selenium/webdriver/support/wait.py:95: TimeoutException",
    "steps" : [ {
      "name" : "Open a browser",
      "time" : {
        "start" : 1758504765725,
        "stop" : 1758504766008,
        "duration" : 283
      },
      "status" : "passed",
      "steps" : [ ],
      "attachments" : [ ],
      "parameters" : [ ],
      "stepsCount" : 0,
      "attachmentsCount" : 0,
      "shouldDisplayMessage" : false,
      "hasContent" : false
    }, {
      "name" : "Check clickability of the block 4 'home-performance' in the section 2 in the Promo Block",
      "time" : {
        "start" : 1758504766009,
        "stop" : 1758504771110,
        "duration" : 5101
      },
      "status" : "broken",
      "statusMessage" : "selenium.common.exceptions.TimeoutException: Message: \nStacktrace:\n#0 0x5559ed83e94a <unknown>\n#1 0x5559ed2b38a0 <unknown>\n#2 0x5559ed305540 <unknown>\n#3 0x5559ed305731 <unknown>\n#4 0x5559ed353824 <unknown>\n#5 0x5559ed32b05d <unknown>\n#6 0x5559ed350c23 <unknown>\n#7 0x5559ed32ae03 <unknown>\n#8 0x5559ed2f7968 <unknown>\n#9 0x5559ed2f85e1 <unknown>\n#10 0x5559ed802548 <unknown>\n#11 0x5559ed806272 <unknown>\n#12 0x5559ed7e9313 <unknown>\n#13 0x5559ed806dc5 <unknown>\n#14 0x5559ed7ce49f <unknown>\n#15 0x5559ed82b158 <unknown>\n#16 0x5559ed82b332 <unknown>\n#17 0x5559ed83da53 <unknown>\n#18 0x7f2669e9caa4 <unknown>\n#19 0x7f2669f29c3c <unknown>\n\n",
      "statusTrace" : "  File \"/opt/hostedtoolcache/Python/3.12.3/x64/lib/python3.12/site-packages/allure_commons/_allure.py\", line 192, in impl\n    return func(*a, **kw)\n           ^^^^^^^^^^^^^^\n  File \"/home/runner/work/luma_project/luma_project/pages/main_page.py\", line 346, in check_section2_block4_clickability\n    section2_block4 = self.element_is_clickable(self.locators.SECTION_2_BLOCK_4)\n                      ^^^^^^^^^^^^^^^^^^^^^^^^^^^^^^^^^^^^^^^^^^^^^^^^^^^^^^^^^^\n  File \"/opt/hostedtoolcache/Python/3.12.3/x64/lib/python3.12/site-packages/allure_commons/_allure.py\", line 192, in impl\n    return func(*a, **kw)\n           ^^^^^^^^^^^^^^\n  File \"/home/runner/work/luma_project/luma_project/pages/base_page.py\", line 81, in element_is_clickable\n    return wait(self.driver, timeout).until(EC.element_to_be_clickable(locator))\n           ^^^^^^^^^^^^^^^^^^^^^^^^^^^^^^^^^^^^^^^^^^^^^^^^^^^^^^^^^^^^^^^^^^^^^\n  File \"/opt/hostedtoolcache/Python/3.12.3/x64/lib/python3.12/site-packages/selenium/webdriver/support/wait.py\", line 95, in until\n    raise TimeoutException(message, screen, stacktrace)\n",
      "steps" : [ {
        "name" : "Find clickable elements",
        "time" : {
          "start" : 1758504766009,
          "stop" : 1758504771109,
          "duration" : 5100
        },
        "status" : "broken",
        "statusMessage" : "selenium.common.exceptions.TimeoutException: Message: \nStacktrace:\n#0 0x5559ed83e94a <unknown>\n#1 0x5559ed2b38a0 <unknown>\n#2 0x5559ed305540 <unknown>\n#3 0x5559ed305731 <unknown>\n#4 0x5559ed353824 <unknown>\n#5 0x5559ed32b05d <unknown>\n#6 0x5559ed350c23 <unknown>\n#7 0x5559ed32ae03 <unknown>\n#8 0x5559ed2f7968 <unknown>\n#9 0x5559ed2f85e1 <unknown>\n#10 0x5559ed802548 <unknown>\n#11 0x5559ed806272 <unknown>\n#12 0x5559ed7e9313 <unknown>\n#13 0x5559ed806dc5 <unknown>\n#14 0x5559ed7ce49f <unknown>\n#15 0x5559ed82b158 <unknown>\n#16 0x5559ed82b332 <unknown>\n#17 0x5559ed83da53 <unknown>\n#18 0x7f2669e9caa4 <unknown>\n#19 0x7f2669f29c3c <unknown>\n\n",
        "statusTrace" : "  File \"/opt/hostedtoolcache/Python/3.12.3/x64/lib/python3.12/site-packages/allure_commons/_allure.py\", line 192, in impl\n    return func(*a, **kw)\n           ^^^^^^^^^^^^^^\n  File \"/home/runner/work/luma_project/luma_project/pages/base_page.py\", line 81, in element_is_clickable\n    return wait(self.driver, timeout).until(EC.element_to_be_clickable(locator))\n           ^^^^^^^^^^^^^^^^^^^^^^^^^^^^^^^^^^^^^^^^^^^^^^^^^^^^^^^^^^^^^^^^^^^^^\n  File \"/opt/hostedtoolcache/Python/3.12.3/x64/lib/python3.12/site-packages/selenium/webdriver/support/wait.py\", line 95, in until\n    raise TimeoutException(message, screen, stacktrace)\n",
        "steps" : [ ],
        "attachments" : [ ],
        "parameters" : [ {
          "name" : "locator",
          "value" : "('css selector', '.home-performance')"
        }, {
          "name" : "timeout",
          "value" : "5"
        } ],
        "stepsCount" : 0,
        "attachmentsCount" : 0,
        "shouldDisplayMessage" : true,
        "hasContent" : true
      } ],
      "attachments" : [ ],
      "parameters" : [ ],
      "stepsCount" : 1,
      "attachmentsCount" : 0,
      "shouldDisplayMessage" : false,
      "hasContent" : true
    } ],
    "attachments" : [ {
      "uid" : "dd656455a4ac0801",
      "name" : "Screenshot",
      "source" : "dd656455a4ac0801.png",
      "type" : "image/png",
      "size" : 23875
    }, {
      "uid" : "9305d8c3964baeed",
      "name" : "HTML source",
      "source" : "9305d8c3964baeed.html",
      "type" : "text/html",
      "size" : 786
    } ],
    "parameters" : [ ],
    "stepsCount" : 3,
    "attachmentsCount" : 2,
    "shouldDisplayMessage" : true,
    "hasContent" : true
  },
  "afterStages" : [ {
    "name" : "clear_allure_result_folder::0",
    "time" : {
      "start" : 1758505893826,
      "stop" : 1758505893826,
      "duration" : 0
    },
    "status" : "passed",
    "steps" : [ ],
    "attachments" : [ ],
    "parameters" : [ ],
    "stepsCount" : 0,
    "attachmentsCount" : 0,
    "shouldDisplayMessage" : false,
    "hasContent" : false
  }, {
    "name" : "driver::0",
    "time" : {
      "start" : 1758504771191,
      "stop" : 1758504771250,
      "duration" : 59
    },
    "status" : "passed",
    "steps" : [ ],
    "attachments" : [ ],
    "parameters" : [ ],
    "stepsCount" : 0,
    "attachmentsCount" : 0,
    "shouldDisplayMessage" : false,
    "hasContent" : false
  } ],
  "labels" : [ {
    "name" : "feature",
    "value" : "Promo Block Testing"
  }, {
    "name" : "epic",
    "value" : "Main Page"
  }, {
    "name" : "parentSuite",
    "value" : "tests"
  }, {
    "name" : "suite",
    "value" : "test_main_page"
  }, {
    "name" : "subSuite",
    "value" : "TestMainPage"
  }, {
    "name" : "host",
    "value" : "runnervmf4ws1"
  }, {
    "name" : "thread",
    "value" : "2993-MainThread"
  }, {
    "name" : "framework",
    "value" : "pytest"
  }, {
    "name" : "language",
    "value" : "cpython3"
  }, {
    "name" : "package",
    "value" : "tests.test_main_page"
  }, {
    "name" : "resultFormat",
    "value" : "allure2"
  } ],
  "parameters" : [ ],
  "links" : [ ],
  "hidden" : false,
  "retry" : false,
  "extra" : {
    "severity" : "normal",
    "retries" : [ ],
    "categories" : [ {
      "name" : "Test defects",
      "matchedStatuses" : [ ],
      "flaky" : false
    } ],
    "tags" : [ ]
  },
  "source" : "2bd621bbd8a0ebca.json",
  "parameterValues" : [ ]
}