{
  "uid" : "2bdb6d7ae8468aed",
  "name" : "TC 17.01.02 Verify Forgot Your Password note",
  "fullName" : "tests.test_forgot_your_password.TestForgotYourPassword#test_17_01_02_registered_customers_note",
  "historyId" : "97a0b48b6fa8f2c0bd5d6c41e7847b75",
  "time" : {
    "start" : 1759108611042,
    "stop" : 1759108616150,
    "duration" : 5108
  },
  "description" : "Check Registered Customers note is present ",
  "descriptionHtml" : "<p>Check Registered Customers note is present</p>\n",
  "status" : "broken",
  "statusMessage" : "selenium.common.exceptions.TimeoutException: Message: \nStacktrace:\n#0 0x55c7e1b66cba <unknown>\n#1 0x55c7e15db8e0 <unknown>\n#2 0x55c7e162d580 <unknown>\n#3 0x55c7e162d771 <unknown>\n#4 0x55c7e167b864 <unknown>\n#5 0x55c7e165309d <unknown>\n#6 0x55c7e1678c63 <unknown>\n#7 0x55c7e1652e43 <unknown>\n#8 0x55c7e161f9a8 <unknown>\n#9 0x55c7e1620621 <unknown>\n#10 0x55c7e1b2a8b8 <unknown>\n#11 0x55c7e1b2e5e2 <unknown>\n#12 0x55c7e1b11683 <unknown>\n#13 0x55c7e1b2f135 <unknown>\n#14 0x55c7e1af680f <unknown>\n#15 0x55c7e1b534c8 <unknown>\n#16 0x55c7e1b536a2 <unknown>\n#17 0x55c7e1b65dc3 <unknown>\n#18 0x7f3ea3e9caa4 <unknown>\n#19 0x7f3ea3f29c6c <unknown>",
  "statusTrace" : "self = <test_forgot_your_password.TestForgotYourPassword object at 0x7f0da8ab24b0>\ndriver = <selenium.webdriver.chrome.webdriver.WebDriver (session=\"da7ccab6ac246b20ccf89d16b047ceb4\")>\nforgot_psw_page = <pages.forgot_your_password_page.ForgotYourPasswordPage object at 0x7f0da85bdc70>\n\n    @allure.title('TC 17.01.02 Verify Forgot Your Password note')\n    def test_17_01_02_registered_customers_note(self, driver, forgot_psw_page):\n        \"\"\"Check Registered Customers note is present \"\"\"\n>       note = forgot_psw_page.check_forgot_your_psw_note()\n\ntests/test_forgot_your_password.py:31: \n_ _ _ _ _ _ _ _ _ _ _ _ _ _ _ _ _ _ _ _ _ _ _ _ _ _ _ _ _ _ _ _ _ _ _ _ _ _ _ _ \npages/forgot_your_password_page.py:19: in check_forgot_your_psw_note\n    return self.element_is_visible(self.locators.FORGOT_YOUR_PASSWORD_NOTE)\npages/base_page.py:30: in element_is_visible\n    self.go_to_element(self.element_is_present(locator))\npages/base_page.py:51: in element_is_present\n    return wait(self.driver, timeout).until(EC.presence_of_element_located(locator))\n_ _ _ _ _ _ _ _ _ _ _ _ _ _ _ _ _ _ _ _ _ _ _ _ _ _ _ _ _ _ _ _ _ _ _ _ _ _ _ _ \n\nself = <selenium.webdriver.support.wait.WebDriverWait (session=\"da7ccab6ac246b20ccf89d16b047ceb4\")>\nmethod = <function presence_of_element_located.<locals>._predicate at 0x7f0da8762d40>\nmessage = ''\n\n    def until(self, method, message: str = \"\"):\n        \"\"\"Calls the method provided with the driver as an argument until the \\\n        return value does not evaluate to ``False``.\n    \n        :param method: callable(WebDriver)\n        :param message: optional message for :exc:`TimeoutException`\n        :returns: the result of the last call to `method`\n        :raises: :exc:`selenium.common.exceptions.TimeoutException` if timeout occurs\n        \"\"\"\n        screen = None\n        stacktrace = None\n    \n        end_time = time.monotonic() + self._timeout\n        while True:\n            try:\n                value = method(self._driver)\n                if value:\n                    return value\n            except self._ignored_exceptions as exc:\n                screen = getattr(exc, \"screen\", None)\n                stacktrace = getattr(exc, \"stacktrace\", None)\n            time.sleep(self._poll)\n            if time.monotonic() > end_time:\n                break\n>       raise TimeoutException(message, screen, stacktrace)\nE       selenium.common.exceptions.TimeoutException: Message: \nE       Stacktrace:\nE       #0 0x55c7e1b66cba <unknown>\nE       #1 0x55c7e15db8e0 <unknown>\nE       #2 0x55c7e162d580 <unknown>\nE       #3 0x55c7e162d771 <unknown>\nE       #4 0x55c7e167b864 <unknown>\nE       #5 0x55c7e165309d <unknown>\nE       #6 0x55c7e1678c63 <unknown>\nE       #7 0x55c7e1652e43 <unknown>\nE       #8 0x55c7e161f9a8 <unknown>\nE       #9 0x55c7e1620621 <unknown>\nE       #10 0x55c7e1b2a8b8 <unknown>\nE       #11 0x55c7e1b2e5e2 <unknown>\nE       #12 0x55c7e1b11683 <unknown>\nE       #13 0x55c7e1b2f135 <unknown>\nE       #14 0x55c7e1af680f <unknown>\nE       #15 0x55c7e1b534c8 <unknown>\nE       #16 0x55c7e1b536a2 <unknown>\nE       #17 0x55c7e1b65dc3 <unknown>\nE       #18 0x7f3ea3e9caa4 <unknown>\nE       #19 0x7f3ea3f29c6c <unknown>\n\n/opt/hostedtoolcache/Python/3.12.3/x64/lib/python3.12/site-packages/selenium/webdriver/support/wait.py:95: TimeoutException",
  "flaky" : false,
  "newFailed" : false,
  "beforeStages" : [ {
    "name" : "driver",
    "time" : {
      "start" : 1759108609541,
      "stop" : 1759108610831,
      "duration" : 1290
    },
    "status" : "passed",
    "steps" : [ ],
    "attachments" : [ ],
    "parameters" : [ ],
    "stepsCount" : 0,
    "attachmentsCount" : 0,
    "shouldDisplayMessage" : false,
    "hasContent" : false
  }, {
    "name" : "clear_allure_result_folder",
    "time" : {
      "start" : 1759108091635,
      "stop" : 1759108091636,
      "duration" : 1
    },
    "status" : "passed",
    "steps" : [ ],
    "attachments" : [ ],
    "parameters" : [ ],
    "stepsCount" : 0,
    "attachmentsCount" : 0,
    "shouldDisplayMessage" : false,
    "hasContent" : false
  }, {
    "name" : "_session_faker",
    "time" : {
      "start" : 1759108091552,
      "stop" : 1759108091635,
      "duration" : 83
    },
    "status" : "passed",
    "steps" : [ ],
    "attachments" : [ ],
    "parameters" : [ ],
    "stepsCount" : 0,
    "attachmentsCount" : 0,
    "shouldDisplayMessage" : false,
    "hasContent" : false
  }, {
    "name" : "forgot_psw_page",
    "time" : {
      "start" : 1759108610831,
      "stop" : 1759108611041,
      "duration" : 210
    },
    "status" : "passed",
    "steps" : [ {
      "name" : "Open a browser",
      "time" : {
        "start" : 1759108610831,
        "stop" : 1759108611041,
        "duration" : 210
      },
      "status" : "passed",
      "steps" : [ ],
      "attachments" : [ ],
      "parameters" : [ ],
      "stepsCount" : 0,
      "attachmentsCount" : 0,
      "shouldDisplayMessage" : false,
      "hasContent" : false
    } ],
    "attachments" : [ ],
    "parameters" : [ ],
    "stepsCount" : 1,
    "attachmentsCount" : 0,
    "shouldDisplayMessage" : false,
    "hasContent" : true
  } ],
  "testStage" : {
    "description" : "Check Registered Customers note is present ",
    "status" : "broken",
    "statusMessage" : "selenium.common.exceptions.TimeoutException: Message: \nStacktrace:\n#0 0x55c7e1b66cba <unknown>\n#1 0x55c7e15db8e0 <unknown>\n#2 0x55c7e162d580 <unknown>\n#3 0x55c7e162d771 <unknown>\n#4 0x55c7e167b864 <unknown>\n#5 0x55c7e165309d <unknown>\n#6 0x55c7e1678c63 <unknown>\n#7 0x55c7e1652e43 <unknown>\n#8 0x55c7e161f9a8 <unknown>\n#9 0x55c7e1620621 <unknown>\n#10 0x55c7e1b2a8b8 <unknown>\n#11 0x55c7e1b2e5e2 <unknown>\n#12 0x55c7e1b11683 <unknown>\n#13 0x55c7e1b2f135 <unknown>\n#14 0x55c7e1af680f <unknown>\n#15 0x55c7e1b534c8 <unknown>\n#16 0x55c7e1b536a2 <unknown>\n#17 0x55c7e1b65dc3 <unknown>\n#18 0x7f3ea3e9caa4 <unknown>\n#19 0x7f3ea3f29c6c <unknown>",
    "statusTrace" : "self = <test_forgot_your_password.TestForgotYourPassword object at 0x7f0da8ab24b0>\ndriver = <selenium.webdriver.chrome.webdriver.WebDriver (session=\"da7ccab6ac246b20ccf89d16b047ceb4\")>\nforgot_psw_page = <pages.forgot_your_password_page.ForgotYourPasswordPage object at 0x7f0da85bdc70>\n\n    @allure.title('TC 17.01.02 Verify Forgot Your Password note')\n    def test_17_01_02_registered_customers_note(self, driver, forgot_psw_page):\n        \"\"\"Check Registered Customers note is present \"\"\"\n>       note = forgot_psw_page.check_forgot_your_psw_note()\n\ntests/test_forgot_your_password.py:31: \n_ _ _ _ _ _ _ _ _ _ _ _ _ _ _ _ _ _ _ _ _ _ _ _ _ _ _ _ _ _ _ _ _ _ _ _ _ _ _ _ \npages/forgot_your_password_page.py:19: in check_forgot_your_psw_note\n    return self.element_is_visible(self.locators.FORGOT_YOUR_PASSWORD_NOTE)\npages/base_page.py:30: in element_is_visible\n    self.go_to_element(self.element_is_present(locator))\npages/base_page.py:51: in element_is_present\n    return wait(self.driver, timeout).until(EC.presence_of_element_located(locator))\n_ _ _ _ _ _ _ _ _ _ _ _ _ _ _ _ _ _ _ _ _ _ _ _ _ _ _ _ _ _ _ _ _ _ _ _ _ _ _ _ \n\nself = <selenium.webdriver.support.wait.WebDriverWait (session=\"da7ccab6ac246b20ccf89d16b047ceb4\")>\nmethod = <function presence_of_element_located.<locals>._predicate at 0x7f0da8762d40>\nmessage = ''\n\n    def until(self, method, message: str = \"\"):\n        \"\"\"Calls the method provided with the driver as an argument until the \\\n        return value does not evaluate to ``False``.\n    \n        :param method: callable(WebDriver)\n        :param message: optional message for :exc:`TimeoutException`\n        :returns: the result of the last call to `method`\n        :raises: :exc:`selenium.common.exceptions.TimeoutException` if timeout occurs\n        \"\"\"\n        screen = None\n        stacktrace = None\n    \n        end_time = time.monotonic() + self._timeout\n        while True:\n            try:\n                value = method(self._driver)\n                if value:\n                    return value\n            except self._ignored_exceptions as exc:\n                screen = getattr(exc, \"screen\", None)\n                stacktrace = getattr(exc, \"stacktrace\", None)\n            time.sleep(self._poll)\n            if time.monotonic() > end_time:\n                break\n>       raise TimeoutException(message, screen, stacktrace)\nE       selenium.common.exceptions.TimeoutException: Message: \nE       Stacktrace:\nE       #0 0x55c7e1b66cba <unknown>\nE       #1 0x55c7e15db8e0 <unknown>\nE       #2 0x55c7e162d580 <unknown>\nE       #3 0x55c7e162d771 <unknown>\nE       #4 0x55c7e167b864 <unknown>\nE       #5 0x55c7e165309d <unknown>\nE       #6 0x55c7e1678c63 <unknown>\nE       #7 0x55c7e1652e43 <unknown>\nE       #8 0x55c7e161f9a8 <unknown>\nE       #9 0x55c7e1620621 <unknown>\nE       #10 0x55c7e1b2a8b8 <unknown>\nE       #11 0x55c7e1b2e5e2 <unknown>\nE       #12 0x55c7e1b11683 <unknown>\nE       #13 0x55c7e1b2f135 <unknown>\nE       #14 0x55c7e1af680f <unknown>\nE       #15 0x55c7e1b534c8 <unknown>\nE       #16 0x55c7e1b536a2 <unknown>\nE       #17 0x55c7e1b65dc3 <unknown>\nE       #18 0x7f3ea3e9caa4 <unknown>\nE       #19 0x7f3ea3f29c6c <unknown>\n\n/opt/hostedtoolcache/Python/3.12.3/x64/lib/python3.12/site-packages/selenium/webdriver/support/wait.py:95: TimeoutException",
    "steps" : [ {
      "name" : "Check Forgot Your Password note is visible",
      "time" : {
        "start" : 1759108611042,
        "stop" : 1759108616150,
        "duration" : 5108
      },
      "status" : "broken",
      "statusMessage" : "selenium.common.exceptions.TimeoutException: Message: \nStacktrace:\n#0 0x55c7e1b66cba <unknown>\n#1 0x55c7e15db8e0 <unknown>\n#2 0x55c7e162d580 <unknown>\n#3 0x55c7e162d771 <unknown>\n#4 0x55c7e167b864 <unknown>\n#5 0x55c7e165309d <unknown>\n#6 0x55c7e1678c63 <unknown>\n#7 0x55c7e1652e43 <unknown>\n#8 0x55c7e161f9a8 <unknown>\n#9 0x55c7e1620621 <unknown>\n#10 0x55c7e1b2a8b8 <unknown>\n#11 0x55c7e1b2e5e2 <unknown>\n#12 0x55c7e1b11683 <unknown>\n#13 0x55c7e1b2f135 <unknown>\n#14 0x55c7e1af680f <unknown>\n#15 0x55c7e1b534c8 <unknown>\n#16 0x55c7e1b536a2 <unknown>\n#17 0x55c7e1b65dc3 <unknown>\n#18 0x7f3ea3e9caa4 <unknown>\n#19 0x7f3ea3f29c6c <unknown>\n\n",
      "statusTrace" : "  File \"/opt/hostedtoolcache/Python/3.12.3/x64/lib/python3.12/site-packages/allure_commons/_allure.py\", line 192, in impl\n    return func(*a, **kw)\n           ^^^^^^^^^^^^^^\n  File \"/home/runner/work/luma_project/luma_project/pages/forgot_your_password_page.py\", line 19, in check_forgot_your_psw_note\n    return self.element_is_visible(self.locators.FORGOT_YOUR_PASSWORD_NOTE)\n           ^^^^^^^^^^^^^^^^^^^^^^^^^^^^^^^^^^^^^^^^^^^^^^^^^^^^^^^^^^^^^^^^\n  File \"/opt/hostedtoolcache/Python/3.12.3/x64/lib/python3.12/site-packages/allure_commons/_allure.py\", line 192, in impl\n    return func(*a, **kw)\n           ^^^^^^^^^^^^^^\n  File \"/home/runner/work/luma_project/luma_project/pages/base_page.py\", line 30, in element_is_visible\n    self.go_to_element(self.element_is_present(locator))\n                       ^^^^^^^^^^^^^^^^^^^^^^^^^^^^^^^^\n  File \"/opt/hostedtoolcache/Python/3.12.3/x64/lib/python3.12/site-packages/allure_commons/_allure.py\", line 192, in impl\n    return func(*a, **kw)\n           ^^^^^^^^^^^^^^\n  File \"/home/runner/work/luma_project/luma_project/pages/base_page.py\", line 51, in element_is_present\n    return wait(self.driver, timeout).until(EC.presence_of_element_located(locator))\n           ^^^^^^^^^^^^^^^^^^^^^^^^^^^^^^^^^^^^^^^^^^^^^^^^^^^^^^^^^^^^^^^^^^^^^^^^^\n  File \"/opt/hostedtoolcache/Python/3.12.3/x64/lib/python3.12/site-packages/selenium/webdriver/support/wait.py\", line 95, in until\n    raise TimeoutException(message, screen, stacktrace)\n",
      "steps" : [ {
        "name" : "Find a visible element",
        "time" : {
          "start" : 1759108611042,
          "stop" : 1759108616149,
          "duration" : 5107
        },
        "status" : "broken",
        "statusMessage" : "selenium.common.exceptions.TimeoutException: Message: \nStacktrace:\n#0 0x55c7e1b66cba <unknown>\n#1 0x55c7e15db8e0 <unknown>\n#2 0x55c7e162d580 <unknown>\n#3 0x55c7e162d771 <unknown>\n#4 0x55c7e167b864 <unknown>\n#5 0x55c7e165309d <unknown>\n#6 0x55c7e1678c63 <unknown>\n#7 0x55c7e1652e43 <unknown>\n#8 0x55c7e161f9a8 <unknown>\n#9 0x55c7e1620621 <unknown>\n#10 0x55c7e1b2a8b8 <unknown>\n#11 0x55c7e1b2e5e2 <unknown>\n#12 0x55c7e1b11683 <unknown>\n#13 0x55c7e1b2f135 <unknown>\n#14 0x55c7e1af680f <unknown>\n#15 0x55c7e1b534c8 <unknown>\n#16 0x55c7e1b536a2 <unknown>\n#17 0x55c7e1b65dc3 <unknown>\n#18 0x7f3ea3e9caa4 <unknown>\n#19 0x7f3ea3f29c6c <unknown>\n\n",
        "statusTrace" : "  File \"/opt/hostedtoolcache/Python/3.12.3/x64/lib/python3.12/site-packages/allure_commons/_allure.py\", line 192, in impl\n    return func(*a, **kw)\n           ^^^^^^^^^^^^^^\n  File \"/home/runner/work/luma_project/luma_project/pages/base_page.py\", line 30, in element_is_visible\n    self.go_to_element(self.element_is_present(locator))\n                       ^^^^^^^^^^^^^^^^^^^^^^^^^^^^^^^^\n  File \"/opt/hostedtoolcache/Python/3.12.3/x64/lib/python3.12/site-packages/allure_commons/_allure.py\", line 192, in impl\n    return func(*a, **kw)\n           ^^^^^^^^^^^^^^\n  File \"/home/runner/work/luma_project/luma_project/pages/base_page.py\", line 51, in element_is_present\n    return wait(self.driver, timeout).until(EC.presence_of_element_located(locator))\n           ^^^^^^^^^^^^^^^^^^^^^^^^^^^^^^^^^^^^^^^^^^^^^^^^^^^^^^^^^^^^^^^^^^^^^^^^^\n  File \"/opt/hostedtoolcache/Python/3.12.3/x64/lib/python3.12/site-packages/selenium/webdriver/support/wait.py\", line 95, in until\n    raise TimeoutException(message, screen, stacktrace)\n",
        "steps" : [ {
          "name" : "Find a present element",
          "time" : {
            "start" : 1759108611042,
            "stop" : 1759108616149,
            "duration" : 5107
          },
          "status" : "broken",
          "statusMessage" : "selenium.common.exceptions.TimeoutException: Message: \nStacktrace:\n#0 0x55c7e1b66cba <unknown>\n#1 0x55c7e15db8e0 <unknown>\n#2 0x55c7e162d580 <unknown>\n#3 0x55c7e162d771 <unknown>\n#4 0x55c7e167b864 <unknown>\n#5 0x55c7e165309d <unknown>\n#6 0x55c7e1678c63 <unknown>\n#7 0x55c7e1652e43 <unknown>\n#8 0x55c7e161f9a8 <unknown>\n#9 0x55c7e1620621 <unknown>\n#10 0x55c7e1b2a8b8 <unknown>\n#11 0x55c7e1b2e5e2 <unknown>\n#12 0x55c7e1b11683 <unknown>\n#13 0x55c7e1b2f135 <unknown>\n#14 0x55c7e1af680f <unknown>\n#15 0x55c7e1b534c8 <unknown>\n#16 0x55c7e1b536a2 <unknown>\n#17 0x55c7e1b65dc3 <unknown>\n#18 0x7f3ea3e9caa4 <unknown>\n#19 0x7f3ea3f29c6c <unknown>\n\n",
          "statusTrace" : "  File \"/opt/hostedtoolcache/Python/3.12.3/x64/lib/python3.12/site-packages/allure_commons/_allure.py\", line 192, in impl\n    return func(*a, **kw)\n           ^^^^^^^^^^^^^^\n  File \"/home/runner/work/luma_project/luma_project/pages/base_page.py\", line 51, in element_is_present\n    return wait(self.driver, timeout).until(EC.presence_of_element_located(locator))\n           ^^^^^^^^^^^^^^^^^^^^^^^^^^^^^^^^^^^^^^^^^^^^^^^^^^^^^^^^^^^^^^^^^^^^^^^^^\n  File \"/opt/hostedtoolcache/Python/3.12.3/x64/lib/python3.12/site-packages/selenium/webdriver/support/wait.py\", line 95, in until\n    raise TimeoutException(message, screen, stacktrace)\n",
          "steps" : [ ],
          "attachments" : [ ],
          "parameters" : [ {
            "name" : "locator",
            "value" : "('css selector', 'div.field.note')"
          }, {
            "name" : "timeout",
            "value" : "5"
          } ],
          "stepsCount" : 0,
          "attachmentsCount" : 0,
          "shouldDisplayMessage" : true,
          "hasContent" : true
        } ],
        "attachments" : [ ],
        "parameters" : [ {
          "name" : "locator",
          "value" : "('css selector', 'div.field.note')"
        }, {
          "name" : "timeout",
          "value" : "10"
        } ],
        "stepsCount" : 1,
        "attachmentsCount" : 0,
        "shouldDisplayMessage" : false,
        "hasContent" : true
      } ],
      "attachments" : [ ],
      "parameters" : [ ],
      "stepsCount" : 2,
      "attachmentsCount" : 0,
      "shouldDisplayMessage" : false,
      "hasContent" : true
    } ],
    "attachments" : [ {
      "uid" : "3bafa2369ac3b42e",
      "name" : "Screenshot",
      "source" : "3bafa2369ac3b42e.png",
      "type" : "image/png",
      "size" : 23875
    }, {
      "uid" : "11eb7fe4402b90bc",
      "name" : "HTML source",
      "source" : "11eb7fe4402b90bc.html",
      "type" : "text/html",
      "size" : 786
    } ],
    "parameters" : [ ],
    "stepsCount" : 3,
    "attachmentsCount" : 2,
    "shouldDisplayMessage" : true,
    "hasContent" : true
  },
  "afterStages" : [ {
    "name" : "driver::0",
    "time" : {
      "start" : 1759108616227,
      "stop" : 1759108616287,
      "duration" : 60
    },
    "status" : "passed",
    "steps" : [ ],
    "attachments" : [ ],
    "parameters" : [ ],
    "stepsCount" : 0,
    "attachmentsCount" : 0,
    "shouldDisplayMessage" : false,
    "hasContent" : false
  }, {
    "name" : "clear_allure_result_folder::0",
    "time" : {
      "start" : 1759110554884,
      "stop" : 1759110554884,
      "duration" : 0
    },
    "status" : "passed",
    "steps" : [ ],
    "attachments" : [ ],
    "parameters" : [ ],
    "stepsCount" : 0,
    "attachmentsCount" : 0,
    "shouldDisplayMessage" : false,
    "hasContent" : false
  } ],
  "labels" : [ {
    "name" : "epic",
    "value" : "Forgot Your Password Page"
  }, {
    "name" : "parentSuite",
    "value" : "tests"
  }, {
    "name" : "suite",
    "value" : "test_forgot_your_password"
  }, {
    "name" : "subSuite",
    "value" : "TestForgotYourPassword"
  }, {
    "name" : "host",
    "value" : "runnervm3ublj"
  }, {
    "name" : "thread",
    "value" : "3001-MainThread"
  }, {
    "name" : "framework",
    "value" : "pytest"
  }, {
    "name" : "language",
    "value" : "cpython3"
  }, {
    "name" : "package",
    "value" : "tests.test_forgot_your_password"
  }, {
    "name" : "resultFormat",
    "value" : "allure2"
  } ],
  "parameters" : [ ],
  "links" : [ ],
  "hidden" : false,
  "retry" : false,
  "extra" : {
    "severity" : "normal",
    "retries" : [ ],
    "categories" : [ {
      "name" : "Test defects",
      "matchedStatuses" : [ ],
      "flaky" : false
    } ],
    "tags" : [ ]
  },
  "source" : "2bdb6d7ae8468aed.json",
  "parameterValues" : [ ]
}