{
  "uid" : "2e88f97f07b0e821",
  "name" : "TC 03.01.06 Verify Email field is appropriately labeled",
  "fullName" : "tests.test_sign_in.TestRegisteredCustomers#test_03_01_06_email_is_appropriately_labeled",
  "historyId" : "7022e9f2c5809ffff6fe13cce03628f0",
  "time" : {
    "start" : 1757295811852,
    "stop" : 1757295816967,
    "duration" : 5115
  },
  "description" : "Check if Email field is appropriately labeled ",
  "descriptionHtml" : "<p>Check if Email field is appropriately labeled</p>\n",
  "status" : "broken",
  "statusMessage" : "selenium.common.exceptions.TimeoutException: Message: \nStacktrace:\n#0 0x56213c3e708a <unknown>\n#1 0x56213be86a70 <unknown>\n#2 0x56213bed8907 <unknown>\n#3 0x56213bed8b01 <unknown>\n#4 0x56213bf26d54 <unknown>\n#5 0x56213befe40d <unknown>\n#6 0x56213bf2414f <unknown>\n#7 0x56213befe1b3 <unknown>\n#8 0x56213beca59b <unknown>\n#9 0x56213becb971 <unknown>\n#10 0x56213c3ac25b <unknown>\n#11 0x56213c3affa9 <unknown>\n#12 0x56213c393339 <unknown>\n#13 0x56213c3b0b58 <unknown>\n#14 0x56213c377c1f <unknown>\n#15 0x56213c3d4118 <unknown>\n#16 0x56213c3d42f6 <unknown>\n#17 0x56213c3e6066 <unknown>\n#18 0x7f0b3689caa4 <unknown>\n#19 0x7f0b36929c3c <unknown>",
  "statusTrace" : "self = <test_sign_in.TestRegisteredCustomers object at 0x7f430ec84d70>\ndriver = <selenium.webdriver.chrome.webdriver.WebDriver (session=\"edd1fccf56ad2451bf98f0678a8ec50a\")>\nsign_in_page = <pages.sign_in_page.SignInPage object at 0x7f430eb69550>\n\n    @allure.title('TC 03.01.06 Verify Email field is appropriately labeled')\n    @allure.severity(allure.severity_level.NORMAL)\n    def test_03_01_06_email_is_appropriately_labeled(self, driver, sign_in_page):\n        \"\"\"Check if Email field is appropriately labeled \"\"\"\n>       label = sign_in_page.check_customer_email_label()\n\ntests/test_sign_in.py:68: \n_ _ _ _ _ _ _ _ _ _ _ _ _ _ _ _ _ _ _ _ _ _ _ _ _ _ _ _ _ _ _ _ _ _ _ _ _ _ _ _ \npages/sign_in_page.py:29: in check_customer_email_label\n    return self.element_is_visible(self.locators.CUSTOMER_EMAIL_LABEL)\npages/base_page.py:30: in element_is_visible\n    self.go_to_element(self.element_is_present(locator))\npages/base_page.py:51: in element_is_present\n    return wait(self.driver, timeout).until(EC.presence_of_element_located(locator))\n_ _ _ _ _ _ _ _ _ _ _ _ _ _ _ _ _ _ _ _ _ _ _ _ _ _ _ _ _ _ _ _ _ _ _ _ _ _ _ _ \n\nself = <selenium.webdriver.support.wait.WebDriverWait (session=\"edd1fccf56ad2451bf98f0678a8ec50a\")>\nmethod = <function presence_of_element_located.<locals>._predicate at 0x7f430e910e00>\nmessage = ''\n\n    def until(self, method, message: str = \"\"):\n        \"\"\"Calls the method provided with the driver as an argument until the \\\n        return value does not evaluate to ``False``.\n    \n        :param method: callable(WebDriver)\n        :param message: optional message for :exc:`TimeoutException`\n        :returns: the result of the last call to `method`\n        :raises: :exc:`selenium.common.exceptions.TimeoutException` if timeout occurs\n        \"\"\"\n        screen = None\n        stacktrace = None\n    \n        end_time = time.monotonic() + self._timeout\n        while True:\n            try:\n                value = method(self._driver)\n                if value:\n                    return value\n            except self._ignored_exceptions as exc:\n                screen = getattr(exc, \"screen\", None)\n                stacktrace = getattr(exc, \"stacktrace\", None)\n            time.sleep(self._poll)\n            if time.monotonic() > end_time:\n                break\n>       raise TimeoutException(message, screen, stacktrace)\nE       selenium.common.exceptions.TimeoutException: Message: \nE       Stacktrace:\nE       #0 0x56213c3e708a <unknown>\nE       #1 0x56213be86a70 <unknown>\nE       #2 0x56213bed8907 <unknown>\nE       #3 0x56213bed8b01 <unknown>\nE       #4 0x56213bf26d54 <unknown>\nE       #5 0x56213befe40d <unknown>\nE       #6 0x56213bf2414f <unknown>\nE       #7 0x56213befe1b3 <unknown>\nE       #8 0x56213beca59b <unknown>\nE       #9 0x56213becb971 <unknown>\nE       #10 0x56213c3ac25b <unknown>\nE       #11 0x56213c3affa9 <unknown>\nE       #12 0x56213c393339 <unknown>\nE       #13 0x56213c3b0b58 <unknown>\nE       #14 0x56213c377c1f <unknown>\nE       #15 0x56213c3d4118 <unknown>\nE       #16 0x56213c3d42f6 <unknown>\nE       #17 0x56213c3e6066 <unknown>\nE       #18 0x7f0b3689caa4 <unknown>\nE       #19 0x7f0b36929c3c <unknown>\n\n/opt/hostedtoolcache/Python/3.12.3/x64/lib/python3.12/site-packages/selenium/webdriver/support/wait.py:95: TimeoutException",
  "flaky" : false,
  "newFailed" : false,
  "beforeStages" : [ {
    "name" : "_session_faker",
    "time" : {
      "start" : 1757293755437,
      "stop" : 1757293755504,
      "duration" : 67
    },
    "status" : "passed",
    "steps" : [ ],
    "attachments" : [ ],
    "parameters" : [ ],
    "stepsCount" : 0,
    "attachmentsCount" : 0,
    "shouldDisplayMessage" : false,
    "hasContent" : false
  }, {
    "name" : "sign_in_page",
    "time" : {
      "start" : 1757295811560,
      "stop" : 1757295811852,
      "duration" : 292
    },
    "status" : "passed",
    "steps" : [ {
      "name" : "Open a browser",
      "time" : {
        "start" : 1757295811560,
        "stop" : 1757295811852,
        "duration" : 292
      },
      "status" : "passed",
      "steps" : [ ],
      "attachments" : [ ],
      "parameters" : [ ],
      "stepsCount" : 0,
      "attachmentsCount" : 0,
      "shouldDisplayMessage" : false,
      "hasContent" : false
    } ],
    "attachments" : [ ],
    "parameters" : [ ],
    "stepsCount" : 1,
    "attachmentsCount" : 0,
    "shouldDisplayMessage" : false,
    "hasContent" : true
  }, {
    "name" : "driver",
    "time" : {
      "start" : 1757295810323,
      "stop" : 1757295811560,
      "duration" : 1237
    },
    "status" : "passed",
    "steps" : [ ],
    "attachments" : [ ],
    "parameters" : [ ],
    "stepsCount" : 0,
    "attachmentsCount" : 0,
    "shouldDisplayMessage" : false,
    "hasContent" : false
  }, {
    "name" : "clear_allure_result_folder",
    "time" : {
      "start" : 1757293755504,
      "stop" : 1757293755504,
      "duration" : 0
    },
    "status" : "passed",
    "steps" : [ ],
    "attachments" : [ ],
    "parameters" : [ ],
    "stepsCount" : 0,
    "attachmentsCount" : 0,
    "shouldDisplayMessage" : false,
    "hasContent" : false
  } ],
  "testStage" : {
    "description" : "Check if Email field is appropriately labeled ",
    "status" : "broken",
    "statusMessage" : "selenium.common.exceptions.TimeoutException: Message: \nStacktrace:\n#0 0x56213c3e708a <unknown>\n#1 0x56213be86a70 <unknown>\n#2 0x56213bed8907 <unknown>\n#3 0x56213bed8b01 <unknown>\n#4 0x56213bf26d54 <unknown>\n#5 0x56213befe40d <unknown>\n#6 0x56213bf2414f <unknown>\n#7 0x56213befe1b3 <unknown>\n#8 0x56213beca59b <unknown>\n#9 0x56213becb971 <unknown>\n#10 0x56213c3ac25b <unknown>\n#11 0x56213c3affa9 <unknown>\n#12 0x56213c393339 <unknown>\n#13 0x56213c3b0b58 <unknown>\n#14 0x56213c377c1f <unknown>\n#15 0x56213c3d4118 <unknown>\n#16 0x56213c3d42f6 <unknown>\n#17 0x56213c3e6066 <unknown>\n#18 0x7f0b3689caa4 <unknown>\n#19 0x7f0b36929c3c <unknown>",
    "statusTrace" : "self = <test_sign_in.TestRegisteredCustomers object at 0x7f430ec84d70>\ndriver = <selenium.webdriver.chrome.webdriver.WebDriver (session=\"edd1fccf56ad2451bf98f0678a8ec50a\")>\nsign_in_page = <pages.sign_in_page.SignInPage object at 0x7f430eb69550>\n\n    @allure.title('TC 03.01.06 Verify Email field is appropriately labeled')\n    @allure.severity(allure.severity_level.NORMAL)\n    def test_03_01_06_email_is_appropriately_labeled(self, driver, sign_in_page):\n        \"\"\"Check if Email field is appropriately labeled \"\"\"\n>       label = sign_in_page.check_customer_email_label()\n\ntests/test_sign_in.py:68: \n_ _ _ _ _ _ _ _ _ _ _ _ _ _ _ _ _ _ _ _ _ _ _ _ _ _ _ _ _ _ _ _ _ _ _ _ _ _ _ _ \npages/sign_in_page.py:29: in check_customer_email_label\n    return self.element_is_visible(self.locators.CUSTOMER_EMAIL_LABEL)\npages/base_page.py:30: in element_is_visible\n    self.go_to_element(self.element_is_present(locator))\npages/base_page.py:51: in element_is_present\n    return wait(self.driver, timeout).until(EC.presence_of_element_located(locator))\n_ _ _ _ _ _ _ _ _ _ _ _ _ _ _ _ _ _ _ _ _ _ _ _ _ _ _ _ _ _ _ _ _ _ _ _ _ _ _ _ \n\nself = <selenium.webdriver.support.wait.WebDriverWait (session=\"edd1fccf56ad2451bf98f0678a8ec50a\")>\nmethod = <function presence_of_element_located.<locals>._predicate at 0x7f430e910e00>\nmessage = ''\n\n    def until(self, method, message: str = \"\"):\n        \"\"\"Calls the method provided with the driver as an argument until the \\\n        return value does not evaluate to ``False``.\n    \n        :param method: callable(WebDriver)\n        :param message: optional message for :exc:`TimeoutException`\n        :returns: the result of the last call to `method`\n        :raises: :exc:`selenium.common.exceptions.TimeoutException` if timeout occurs\n        \"\"\"\n        screen = None\n        stacktrace = None\n    \n        end_time = time.monotonic() + self._timeout\n        while True:\n            try:\n                value = method(self._driver)\n                if value:\n                    return value\n            except self._ignored_exceptions as exc:\n                screen = getattr(exc, \"screen\", None)\n                stacktrace = getattr(exc, \"stacktrace\", None)\n            time.sleep(self._poll)\n            if time.monotonic() > end_time:\n                break\n>       raise TimeoutException(message, screen, stacktrace)\nE       selenium.common.exceptions.TimeoutException: Message: \nE       Stacktrace:\nE       #0 0x56213c3e708a <unknown>\nE       #1 0x56213be86a70 <unknown>\nE       #2 0x56213bed8907 <unknown>\nE       #3 0x56213bed8b01 <unknown>\nE       #4 0x56213bf26d54 <unknown>\nE       #5 0x56213befe40d <unknown>\nE       #6 0x56213bf2414f <unknown>\nE       #7 0x56213befe1b3 <unknown>\nE       #8 0x56213beca59b <unknown>\nE       #9 0x56213becb971 <unknown>\nE       #10 0x56213c3ac25b <unknown>\nE       #11 0x56213c3affa9 <unknown>\nE       #12 0x56213c393339 <unknown>\nE       #13 0x56213c3b0b58 <unknown>\nE       #14 0x56213c377c1f <unknown>\nE       #15 0x56213c3d4118 <unknown>\nE       #16 0x56213c3d42f6 <unknown>\nE       #17 0x56213c3e6066 <unknown>\nE       #18 0x7f0b3689caa4 <unknown>\nE       #19 0x7f0b36929c3c <unknown>\n\n/opt/hostedtoolcache/Python/3.12.3/x64/lib/python3.12/site-packages/selenium/webdriver/support/wait.py:95: TimeoutException",
    "steps" : [ {
      "name" : "Check Email label is visible",
      "time" : {
        "start" : 1757295811852,
        "stop" : 1757295816967,
        "duration" : 5115
      },
      "status" : "broken",
      "statusMessage" : "selenium.common.exceptions.TimeoutException: Message: \nStacktrace:\n#0 0x56213c3e708a <unknown>\n#1 0x56213be86a70 <unknown>\n#2 0x56213bed8907 <unknown>\n#3 0x56213bed8b01 <unknown>\n#4 0x56213bf26d54 <unknown>\n#5 0x56213befe40d <unknown>\n#6 0x56213bf2414f <unknown>\n#7 0x56213befe1b3 <unknown>\n#8 0x56213beca59b <unknown>\n#9 0x56213becb971 <unknown>\n#10 0x56213c3ac25b <unknown>\n#11 0x56213c3affa9 <unknown>\n#12 0x56213c393339 <unknown>\n#13 0x56213c3b0b58 <unknown>\n#14 0x56213c377c1f <unknown>\n#15 0x56213c3d4118 <unknown>\n#16 0x56213c3d42f6 <unknown>\n#17 0x56213c3e6066 <unknown>\n#18 0x7f0b3689caa4 <unknown>\n#19 0x7f0b36929c3c <unknown>\n\n",
      "statusTrace" : "  File \"/opt/hostedtoolcache/Python/3.12.3/x64/lib/python3.12/site-packages/allure_commons/_allure.py\", line 192, in impl\n    return func(*a, **kw)\n           ^^^^^^^^^^^^^^\n  File \"/home/runner/work/luma_project/luma_project/pages/sign_in_page.py\", line 29, in check_customer_email_label\n    return self.element_is_visible(self.locators.CUSTOMER_EMAIL_LABEL)\n           ^^^^^^^^^^^^^^^^^^^^^^^^^^^^^^^^^^^^^^^^^^^^^^^^^^^^^^^^^^^\n  File \"/opt/hostedtoolcache/Python/3.12.3/x64/lib/python3.12/site-packages/allure_commons/_allure.py\", line 192, in impl\n    return func(*a, **kw)\n           ^^^^^^^^^^^^^^\n  File \"/home/runner/work/luma_project/luma_project/pages/base_page.py\", line 30, in element_is_visible\n    self.go_to_element(self.element_is_present(locator))\n                       ^^^^^^^^^^^^^^^^^^^^^^^^^^^^^^^^\n  File \"/opt/hostedtoolcache/Python/3.12.3/x64/lib/python3.12/site-packages/allure_commons/_allure.py\", line 192, in impl\n    return func(*a, **kw)\n           ^^^^^^^^^^^^^^\n  File \"/home/runner/work/luma_project/luma_project/pages/base_page.py\", line 51, in element_is_present\n    return wait(self.driver, timeout).until(EC.presence_of_element_located(locator))\n           ^^^^^^^^^^^^^^^^^^^^^^^^^^^^^^^^^^^^^^^^^^^^^^^^^^^^^^^^^^^^^^^^^^^^^^^^^\n  File \"/opt/hostedtoolcache/Python/3.12.3/x64/lib/python3.12/site-packages/selenium/webdriver/support/wait.py\", line 95, in until\n    raise TimeoutException(message, screen, stacktrace)\n",
      "steps" : [ {
        "name" : "Find a visible element",
        "time" : {
          "start" : 1757295811852,
          "stop" : 1757295816966,
          "duration" : 5114
        },
        "status" : "broken",
        "statusMessage" : "selenium.common.exceptions.TimeoutException: Message: \nStacktrace:\n#0 0x56213c3e708a <unknown>\n#1 0x56213be86a70 <unknown>\n#2 0x56213bed8907 <unknown>\n#3 0x56213bed8b01 <unknown>\n#4 0x56213bf26d54 <unknown>\n#5 0x56213befe40d <unknown>\n#6 0x56213bf2414f <unknown>\n#7 0x56213befe1b3 <unknown>\n#8 0x56213beca59b <unknown>\n#9 0x56213becb971 <unknown>\n#10 0x56213c3ac25b <unknown>\n#11 0x56213c3affa9 <unknown>\n#12 0x56213c393339 <unknown>\n#13 0x56213c3b0b58 <unknown>\n#14 0x56213c377c1f <unknown>\n#15 0x56213c3d4118 <unknown>\n#16 0x56213c3d42f6 <unknown>\n#17 0x56213c3e6066 <unknown>\n#18 0x7f0b3689caa4 <unknown>\n#19 0x7f0b36929c3c <unknown>\n\n",
        "statusTrace" : "  File \"/opt/hostedtoolcache/Python/3.12.3/x64/lib/python3.12/site-packages/allure_commons/_allure.py\", line 192, in impl\n    return func(*a, **kw)\n           ^^^^^^^^^^^^^^\n  File \"/home/runner/work/luma_project/luma_project/pages/base_page.py\", line 30, in element_is_visible\n    self.go_to_element(self.element_is_present(locator))\n                       ^^^^^^^^^^^^^^^^^^^^^^^^^^^^^^^^\n  File \"/opt/hostedtoolcache/Python/3.12.3/x64/lib/python3.12/site-packages/allure_commons/_allure.py\", line 192, in impl\n    return func(*a, **kw)\n           ^^^^^^^^^^^^^^\n  File \"/home/runner/work/luma_project/luma_project/pages/base_page.py\", line 51, in element_is_present\n    return wait(self.driver, timeout).until(EC.presence_of_element_located(locator))\n           ^^^^^^^^^^^^^^^^^^^^^^^^^^^^^^^^^^^^^^^^^^^^^^^^^^^^^^^^^^^^^^^^^^^^^^^^^\n  File \"/opt/hostedtoolcache/Python/3.12.3/x64/lib/python3.12/site-packages/selenium/webdriver/support/wait.py\", line 95, in until\n    raise TimeoutException(message, screen, stacktrace)\n",
        "steps" : [ {
          "name" : "Find a present element",
          "time" : {
            "start" : 1757295811852,
            "stop" : 1757295816966,
            "duration" : 5114
          },
          "status" : "broken",
          "statusMessage" : "selenium.common.exceptions.TimeoutException: Message: \nStacktrace:\n#0 0x56213c3e708a <unknown>\n#1 0x56213be86a70 <unknown>\n#2 0x56213bed8907 <unknown>\n#3 0x56213bed8b01 <unknown>\n#4 0x56213bf26d54 <unknown>\n#5 0x56213befe40d <unknown>\n#6 0x56213bf2414f <unknown>\n#7 0x56213befe1b3 <unknown>\n#8 0x56213beca59b <unknown>\n#9 0x56213becb971 <unknown>\n#10 0x56213c3ac25b <unknown>\n#11 0x56213c3affa9 <unknown>\n#12 0x56213c393339 <unknown>\n#13 0x56213c3b0b58 <unknown>\n#14 0x56213c377c1f <unknown>\n#15 0x56213c3d4118 <unknown>\n#16 0x56213c3d42f6 <unknown>\n#17 0x56213c3e6066 <unknown>\n#18 0x7f0b3689caa4 <unknown>\n#19 0x7f0b36929c3c <unknown>\n\n",
          "statusTrace" : "  File \"/opt/hostedtoolcache/Python/3.12.3/x64/lib/python3.12/site-packages/allure_commons/_allure.py\", line 192, in impl\n    return func(*a, **kw)\n           ^^^^^^^^^^^^^^\n  File \"/home/runner/work/luma_project/luma_project/pages/base_page.py\", line 51, in element_is_present\n    return wait(self.driver, timeout).until(EC.presence_of_element_located(locator))\n           ^^^^^^^^^^^^^^^^^^^^^^^^^^^^^^^^^^^^^^^^^^^^^^^^^^^^^^^^^^^^^^^^^^^^^^^^^\n  File \"/opt/hostedtoolcache/Python/3.12.3/x64/lib/python3.12/site-packages/selenium/webdriver/support/wait.py\", line 95, in until\n    raise TimeoutException(message, screen, stacktrace)\n",
          "steps" : [ ],
          "attachments" : [ ],
          "parameters" : [ {
            "name" : "locator",
            "value" : "('css selector', \"label[for='email'] span\")"
          }, {
            "name" : "timeout",
            "value" : "5"
          } ],
          "stepsCount" : 0,
          "attachmentsCount" : 0,
          "shouldDisplayMessage" : true,
          "hasContent" : true
        } ],
        "attachments" : [ ],
        "parameters" : [ {
          "name" : "locator",
          "value" : "('css selector', \"label[for='email'] span\")"
        }, {
          "name" : "timeout",
          "value" : "10"
        } ],
        "stepsCount" : 1,
        "attachmentsCount" : 0,
        "shouldDisplayMessage" : false,
        "hasContent" : true
      } ],
      "attachments" : [ ],
      "parameters" : [ ],
      "stepsCount" : 2,
      "attachmentsCount" : 0,
      "shouldDisplayMessage" : false,
      "hasContent" : true
    } ],
    "attachments" : [ {
      "uid" : "1ec62b5c11d3fc10",
      "name" : "Screenshot",
      "source" : "1ec62b5c11d3fc10.png",
      "type" : "image/png",
      "size" : 23875
    }, {
      "uid" : "12fd2150a4ede73",
      "name" : "HTML source",
      "source" : "12fd2150a4ede73.html",
      "type" : "text/html",
      "size" : 786
    } ],
    "parameters" : [ ],
    "stepsCount" : 3,
    "attachmentsCount" : 2,
    "shouldDisplayMessage" : true,
    "hasContent" : true
  },
  "afterStages" : [ {
    "name" : "driver::0",
    "time" : {
      "start" : 1757295817049,
      "stop" : 1757295817109,
      "duration" : 60
    },
    "status" : "passed",
    "steps" : [ ],
    "attachments" : [ ],
    "parameters" : [ ],
    "stepsCount" : 0,
    "attachmentsCount" : 0,
    "shouldDisplayMessage" : false,
    "hasContent" : false
  }, {
    "name" : "clear_allure_result_folder::0",
    "time" : {
      "start" : 1757296196170,
      "stop" : 1757296196170,
      "duration" : 0
    },
    "status" : "passed",
    "steps" : [ ],
    "attachments" : [ ],
    "parameters" : [ ],
    "stepsCount" : 0,
    "attachmentsCount" : 0,
    "shouldDisplayMessage" : false,
    "hasContent" : false
  } ],
  "labels" : [ {
    "name" : "feature",
    "value" : "Registered Customers"
  }, {
    "name" : "severity",
    "value" : "normal"
  }, {
    "name" : "epic",
    "value" : "Sign In Page"
  }, {
    "name" : "parentSuite",
    "value" : "tests"
  }, {
    "name" : "suite",
    "value" : "test_sign_in"
  }, {
    "name" : "subSuite",
    "value" : "TestRegisteredCustomers"
  }, {
    "name" : "host",
    "value" : "pkrvm7jw40e0xgp"
  }, {
    "name" : "thread",
    "value" : "3126-MainThread"
  }, {
    "name" : "framework",
    "value" : "pytest"
  }, {
    "name" : "language",
    "value" : "cpython3"
  }, {
    "name" : "package",
    "value" : "tests.test_sign_in"
  }, {
    "name" : "resultFormat",
    "value" : "allure2"
  } ],
  "parameters" : [ ],
  "links" : [ ],
  "hidden" : false,
  "retry" : false,
  "extra" : {
    "severity" : "normal",
    "retries" : [ ],
    "categories" : [ {
      "name" : "Test defects",
      "matchedStatuses" : [ ],
      "flaky" : false
    } ],
    "tags" : [ ]
  },
  "source" : "2e88f97f07b0e821.json",
  "parameterValues" : [ ]
}