{
  "uid" : "31c57199a14b3b39",
  "name" : "TC 01.03.34 correctly redirected the link \"Training Video Download\"",
  "fullName" : "tests.test_header.TestHeader#test_tc_01_03_34_correctly_redirected_the_link_training_video_download",
  "historyId" : "112d02372d5f1c097cf93e5643431a1a",
  "time" : {
    "start" : 1744593702918,
    "stop" : 1744593704761,
    "duration" : 1843
  },
  "description" : "Verify 'Training - Video Download' link click redirected to the 'Video Download' page\n            and the 'Video Download' header is displayed",
  "descriptionHtml" : "<p>Verify 'Training - Video Download' link click redirected to the 'Video Download' page\nand the 'Video Download' header is displayed</p>\n",
  "status" : "broken",
  "statusMessage" : "selenium.common.exceptions.ElementNotInteractableException: Message: element not interactable\n  (Session info: chrome=135.0.7049.52)\nStacktrace:\n#0 0x55a996f49e6a <unknown>\n#1 0x55a9969fb493 <unknown>\n#2 0x55a996a4dd0e <unknown>\n#3 0x55a996a40b7d <unknown>\n#4 0x55a996a72752 <unknown>\n#5 0x55a996a404fa <unknown>\n#6 0x55a996a7291e <unknown>\n#7 0x55a996a987b5 <unknown>\n#8 0x55a996a72523 <unknown>\n#9 0x55a996a3eef3 <unknown>\n#10 0x55a996a3fb51 <unknown>\n#11 0x55a996f0ed2b <unknown>\n#12 0x55a996f12c01 <unknown>\n#13 0x55a996ef6512 <unknown>\n#14 0x55a996f13774 <unknown>\n#15 0x55a996eda90f <unknown>\n#16 0x55a996f37fb8 <unknown>\n#17 0x55a996f38196 <unknown>\n#18 0x55a996f48cb6 <unknown>\n#19 0x7fdbff89caa4 <unknown>\n#20 0x7fdbff929c3c <unknown>",
  "statusTrace" : "self = <test_header.TestHeader object at 0x7f3d772345c0>\ndriver = <selenium.webdriver.chrome.webdriver.WebDriver (session=\"40b0a5c208c95ad2a86c00c047d2afca\")>\n\n    @allure.title('TC 01.03.34 correctly redirected the link \"Training Video Download\"')\n    def test_tc_01_03_34_correctly_redirected_the_link_training_video_download(self, driver):\n        \"\"\"Verify 'Training - Video Download' link click redirected to the 'Video Download' page\n            and the 'Video Download' header is displayed\"\"\"\n        page = HeaderPage(driver, MAIN_PAGE_URL)\n        page.open()\n>       current_page = page.redirected_the_link_training_video_download()\n\ntests/test_header.py:144: \n_ _ _ _ _ _ _ _ _ _ _ _ _ _ _ _ _ _ _ _ _ _ _ _ _ _ _ _ _ _ _ _ _ _ _ _ _ _ _ _ \npages/header_page.py:101: in redirected_the_link_training_video_download\n    element.click()\n/opt/hostedtoolcache/Python/3.12.3/x64/lib/python3.12/site-packages/selenium/webdriver/remote/webelement.py:93: in click\n    self._execute(Command.CLICK_ELEMENT)\n/opt/hostedtoolcache/Python/3.12.3/x64/lib/python3.12/site-packages/selenium/webdriver/remote/webelement.py:394: in _execute\n    return self._parent.execute(command, params)\n/opt/hostedtoolcache/Python/3.12.3/x64/lib/python3.12/site-packages/selenium/webdriver/remote/webdriver.py:344: in execute\n    self.error_handler.check_response(response)\n_ _ _ _ _ _ _ _ _ _ _ _ _ _ _ _ _ _ _ _ _ _ _ _ _ _ _ _ _ _ _ _ _ _ _ _ _ _ _ _ \n\nself = <selenium.webdriver.remote.errorhandler.ErrorHandler object at 0x7f3d772b1940>\nresponse = {'status': 400, 'value': '{\"value\":{\"error\":\"element not interactable\",\"message\":\"element not interactable\\\\n  (Sessio...\\\\n#18 0x55a996f48cb6 \\\\u003Cunknown>\\\\n#19 0x7fdbff89caa4 \\\\u003Cunknown>\\\\n#20 0x7fdbff929c3c \\\\u003Cunknown>\\\\n\"}}'}\n\n    def check_response(self, response: Dict[str, Any]) -> None:\n        \"\"\"Checks that a JSON response from the WebDriver does not have an\n        error.\n    \n        :Args:\n         - response - The JSON response from the WebDriver server as a dictionary\n           object.\n    \n        :Raises: If the response contains an error message.\n        \"\"\"\n        status = response.get(\"status\", None)\n        if not status or status == ErrorCode.SUCCESS:\n            return\n        value = None\n        message = response.get(\"message\", \"\")\n        screen: str = response.get(\"screen\", \"\")\n        stacktrace = None\n        if isinstance(status, int):\n            value_json = response.get(\"value\", None)\n            if value_json and isinstance(value_json, str):\n                import json\n    \n                try:\n                    value = json.loads(value_json)\n                    if len(value) == 1:\n                        value = value[\"value\"]\n                    status = value.get(\"error\", None)\n                    if not status:\n                        status = value.get(\"status\", ErrorCode.UNKNOWN_ERROR)\n                        message = value.get(\"value\") or value.get(\"message\")\n                        if not isinstance(message, str):\n                            value = message\n                            message = message.get(\"message\")\n                    else:\n                        message = value.get(\"message\", None)\n                except ValueError:\n                    pass\n    \n        exception_class: Type[WebDriverException]\n        e = ErrorCode()\n        error_codes = [item for item in dir(e) if not item.startswith(\"__\")]\n        for error_code in error_codes:\n            error_info = getattr(ErrorCode, error_code)\n            if isinstance(error_info, list) and status in error_info:\n                exception_class = getattr(ExceptionMapping, error_code, WebDriverException)\n                break\n        else:\n            exception_class = WebDriverException\n    \n        if not value:\n            value = response[\"value\"]\n        if isinstance(value, str):\n            raise exception_class(value)\n        if message == \"\" and \"message\" in value:\n            message = value[\"message\"]\n    \n        screen = None  # type: ignore[assignment]\n        if \"screen\" in value:\n            screen = value[\"screen\"]\n    \n        stacktrace = None\n        st_value = value.get(\"stackTrace\") or value.get(\"stacktrace\")\n        if st_value:\n            if isinstance(st_value, str):\n                stacktrace = st_value.split(\"\\n\")\n            else:\n                stacktrace = []\n                try:\n                    for frame in st_value:\n                        line = frame.get(\"lineNumber\", \"\")\n                        file = frame.get(\"fileName\", \"<anonymous>\")\n                        if line:\n                            file = f\"{file}:{line}\"\n                        meth = frame.get(\"methodName\", \"<anonymous>\")\n                        if \"className\" in frame:\n                            meth = f\"{frame['className']}.{meth}\"\n                        msg = \"    at %s (%s)\"\n                        msg = msg % (meth, file)\n                        stacktrace.append(msg)\n                except TypeError:\n                    pass\n        if exception_class == UnexpectedAlertPresentException:\n            alert_text = None\n            if \"data\" in value:\n                alert_text = value[\"data\"].get(\"text\")\n            elif \"alert\" in value:\n                alert_text = value[\"alert\"].get(\"text\")\n            raise exception_class(message, screen, stacktrace, alert_text)  # type: ignore[call-arg]  # mypy is not smart enough here\n>       raise exception_class(message, screen, stacktrace)\nE       selenium.common.exceptions.ElementNotInteractableException: Message: element not interactable\nE         (Session info: chrome=135.0.7049.52)\nE       Stacktrace:\nE       #0 0x55a996f49e6a <unknown>\nE       #1 0x55a9969fb493 <unknown>\nE       #2 0x55a996a4dd0e <unknown>\nE       #3 0x55a996a40b7d <unknown>\nE       #4 0x55a996a72752 <unknown>\nE       #5 0x55a996a404fa <unknown>\nE       #6 0x55a996a7291e <unknown>\nE       #7 0x55a996a987b5 <unknown>\nE       #8 0x55a996a72523 <unknown>\nE       #9 0x55a996a3eef3 <unknown>\nE       #10 0x55a996a3fb51 <unknown>\nE       #11 0x55a996f0ed2b <unknown>\nE       #12 0x55a996f12c01 <unknown>\nE       #13 0x55a996ef6512 <unknown>\nE       #14 0x55a996f13774 <unknown>\nE       #15 0x55a996eda90f <unknown>\nE       #16 0x55a996f37fb8 <unknown>\nE       #17 0x55a996f38196 <unknown>\nE       #18 0x55a996f48cb6 <unknown>\nE       #19 0x7fdbff89caa4 <unknown>\nE       #20 0x7fdbff929c3c <unknown>\n\n/opt/hostedtoolcache/Python/3.12.3/x64/lib/python3.12/site-packages/selenium/webdriver/remote/errorhandler.py:229: ElementNotInteractableException",
  "flaky" : false,
  "newFailed" : false,
  "beforeStages" : [ {
    "name" : "driver",
    "time" : {
      "start" : 1744593701708,
      "stop" : 1744593702918,
      "duration" : 1210
    },
    "status" : "passed",
    "steps" : [ ],
    "attachments" : [ ],
    "parameters" : [ ],
    "stepsCount" : 0,
    "attachmentsCount" : 0,
    "shouldDisplayMessage" : false,
    "hasContent" : false
  }, {
    "name" : "_session_faker",
    "time" : {
      "start" : 1744592976563,
      "stop" : 1744592976630,
      "duration" : 67
    },
    "status" : "passed",
    "steps" : [ ],
    "attachments" : [ ],
    "parameters" : [ ],
    "stepsCount" : 0,
    "attachmentsCount" : 0,
    "shouldDisplayMessage" : false,
    "hasContent" : false
  }, {
    "name" : "clear_allure_result_folder",
    "time" : {
      "start" : 1744592976630,
      "stop" : 1744592976630,
      "duration" : 0
    },
    "status" : "passed",
    "steps" : [ ],
    "attachments" : [ ],
    "parameters" : [ ],
    "stepsCount" : 0,
    "attachmentsCount" : 0,
    "shouldDisplayMessage" : false,
    "hasContent" : false
  } ],
  "testStage" : {
    "description" : "Verify 'Training - Video Download' link click redirected to the 'Video Download' page\n            and the 'Video Download' header is displayed",
    "status" : "broken",
    "statusMessage" : "selenium.common.exceptions.ElementNotInteractableException: Message: element not interactable\n  (Session info: chrome=135.0.7049.52)\nStacktrace:\n#0 0x55a996f49e6a <unknown>\n#1 0x55a9969fb493 <unknown>\n#2 0x55a996a4dd0e <unknown>\n#3 0x55a996a40b7d <unknown>\n#4 0x55a996a72752 <unknown>\n#5 0x55a996a404fa <unknown>\n#6 0x55a996a7291e <unknown>\n#7 0x55a996a987b5 <unknown>\n#8 0x55a996a72523 <unknown>\n#9 0x55a996a3eef3 <unknown>\n#10 0x55a996a3fb51 <unknown>\n#11 0x55a996f0ed2b <unknown>\n#12 0x55a996f12c01 <unknown>\n#13 0x55a996ef6512 <unknown>\n#14 0x55a996f13774 <unknown>\n#15 0x55a996eda90f <unknown>\n#16 0x55a996f37fb8 <unknown>\n#17 0x55a996f38196 <unknown>\n#18 0x55a996f48cb6 <unknown>\n#19 0x7fdbff89caa4 <unknown>\n#20 0x7fdbff929c3c <unknown>",
    "statusTrace" : "self = <test_header.TestHeader object at 0x7f3d772345c0>\ndriver = <selenium.webdriver.chrome.webdriver.WebDriver (session=\"40b0a5c208c95ad2a86c00c047d2afca\")>\n\n    @allure.title('TC 01.03.34 correctly redirected the link \"Training Video Download\"')\n    def test_tc_01_03_34_correctly_redirected_the_link_training_video_download(self, driver):\n        \"\"\"Verify 'Training - Video Download' link click redirected to the 'Video Download' page\n            and the 'Video Download' header is displayed\"\"\"\n        page = HeaderPage(driver, MAIN_PAGE_URL)\n        page.open()\n>       current_page = page.redirected_the_link_training_video_download()\n\ntests/test_header.py:144: \n_ _ _ _ _ _ _ _ _ _ _ _ _ _ _ _ _ _ _ _ _ _ _ _ _ _ _ _ _ _ _ _ _ _ _ _ _ _ _ _ \npages/header_page.py:101: in redirected_the_link_training_video_download\n    element.click()\n/opt/hostedtoolcache/Python/3.12.3/x64/lib/python3.12/site-packages/selenium/webdriver/remote/webelement.py:93: in click\n    self._execute(Command.CLICK_ELEMENT)\n/opt/hostedtoolcache/Python/3.12.3/x64/lib/python3.12/site-packages/selenium/webdriver/remote/webelement.py:394: in _execute\n    return self._parent.execute(command, params)\n/opt/hostedtoolcache/Python/3.12.3/x64/lib/python3.12/site-packages/selenium/webdriver/remote/webdriver.py:344: in execute\n    self.error_handler.check_response(response)\n_ _ _ _ _ _ _ _ _ _ _ _ _ _ _ _ _ _ _ _ _ _ _ _ _ _ _ _ _ _ _ _ _ _ _ _ _ _ _ _ \n\nself = <selenium.webdriver.remote.errorhandler.ErrorHandler object at 0x7f3d772b1940>\nresponse = {'status': 400, 'value': '{\"value\":{\"error\":\"element not interactable\",\"message\":\"element not interactable\\\\n  (Sessio...\\\\n#18 0x55a996f48cb6 \\\\u003Cunknown>\\\\n#19 0x7fdbff89caa4 \\\\u003Cunknown>\\\\n#20 0x7fdbff929c3c \\\\u003Cunknown>\\\\n\"}}'}\n\n    def check_response(self, response: Dict[str, Any]) -> None:\n        \"\"\"Checks that a JSON response from the WebDriver does not have an\n        error.\n    \n        :Args:\n         - response - The JSON response from the WebDriver server as a dictionary\n           object.\n    \n        :Raises: If the response contains an error message.\n        \"\"\"\n        status = response.get(\"status\", None)\n        if not status or status == ErrorCode.SUCCESS:\n            return\n        value = None\n        message = response.get(\"message\", \"\")\n        screen: str = response.get(\"screen\", \"\")\n        stacktrace = None\n        if isinstance(status, int):\n            value_json = response.get(\"value\", None)\n            if value_json and isinstance(value_json, str):\n                import json\n    \n                try:\n                    value = json.loads(value_json)\n                    if len(value) == 1:\n                        value = value[\"value\"]\n                    status = value.get(\"error\", None)\n                    if not status:\n                        status = value.get(\"status\", ErrorCode.UNKNOWN_ERROR)\n                        message = value.get(\"value\") or value.get(\"message\")\n                        if not isinstance(message, str):\n                            value = message\n                            message = message.get(\"message\")\n                    else:\n                        message = value.get(\"message\", None)\n                except ValueError:\n                    pass\n    \n        exception_class: Type[WebDriverException]\n        e = ErrorCode()\n        error_codes = [item for item in dir(e) if not item.startswith(\"__\")]\n        for error_code in error_codes:\n            error_info = getattr(ErrorCode, error_code)\n            if isinstance(error_info, list) and status in error_info:\n                exception_class = getattr(ExceptionMapping, error_code, WebDriverException)\n                break\n        else:\n            exception_class = WebDriverException\n    \n        if not value:\n            value = response[\"value\"]\n        if isinstance(value, str):\n            raise exception_class(value)\n        if message == \"\" and \"message\" in value:\n            message = value[\"message\"]\n    \n        screen = None  # type: ignore[assignment]\n        if \"screen\" in value:\n            screen = value[\"screen\"]\n    \n        stacktrace = None\n        st_value = value.get(\"stackTrace\") or value.get(\"stacktrace\")\n        if st_value:\n            if isinstance(st_value, str):\n                stacktrace = st_value.split(\"\\n\")\n            else:\n                stacktrace = []\n                try:\n                    for frame in st_value:\n                        line = frame.get(\"lineNumber\", \"\")\n                        file = frame.get(\"fileName\", \"<anonymous>\")\n                        if line:\n                            file = f\"{file}:{line}\"\n                        meth = frame.get(\"methodName\", \"<anonymous>\")\n                        if \"className\" in frame:\n                            meth = f\"{frame['className']}.{meth}\"\n                        msg = \"    at %s (%s)\"\n                        msg = msg % (meth, file)\n                        stacktrace.append(msg)\n                except TypeError:\n                    pass\n        if exception_class == UnexpectedAlertPresentException:\n            alert_text = None\n            if \"data\" in value:\n                alert_text = value[\"data\"].get(\"text\")\n            elif \"alert\" in value:\n                alert_text = value[\"alert\"].get(\"text\")\n            raise exception_class(message, screen, stacktrace, alert_text)  # type: ignore[call-arg]  # mypy is not smart enough here\n>       raise exception_class(message, screen, stacktrace)\nE       selenium.common.exceptions.ElementNotInteractableException: Message: element not interactable\nE         (Session info: chrome=135.0.7049.52)\nE       Stacktrace:\nE       #0 0x55a996f49e6a <unknown>\nE       #1 0x55a9969fb493 <unknown>\nE       #2 0x55a996a4dd0e <unknown>\nE       #3 0x55a996a40b7d <unknown>\nE       #4 0x55a996a72752 <unknown>\nE       #5 0x55a996a404fa <unknown>\nE       #6 0x55a996a7291e <unknown>\nE       #7 0x55a996a987b5 <unknown>\nE       #8 0x55a996a72523 <unknown>\nE       #9 0x55a996a3eef3 <unknown>\nE       #10 0x55a996a3fb51 <unknown>\nE       #11 0x55a996f0ed2b <unknown>\nE       #12 0x55a996f12c01 <unknown>\nE       #13 0x55a996ef6512 <unknown>\nE       #14 0x55a996f13774 <unknown>\nE       #15 0x55a996eda90f <unknown>\nE       #16 0x55a996f37fb8 <unknown>\nE       #17 0x55a996f38196 <unknown>\nE       #18 0x55a996f48cb6 <unknown>\nE       #19 0x7fdbff89caa4 <unknown>\nE       #20 0x7fdbff929c3c <unknown>\n\n/opt/hostedtoolcache/Python/3.12.3/x64/lib/python3.12/site-packages/selenium/webdriver/remote/errorhandler.py:229: ElementNotInteractableException",
    "steps" : [ {
      "name" : "Open a browser",
      "time" : {
        "start" : 1744593702918,
        "stop" : 1744593704389,
        "duration" : 1471
      },
      "status" : "passed",
      "steps" : [ ],
      "attachments" : [ ],
      "parameters" : [ ],
      "stepsCount" : 0,
      "attachmentsCount" : 0,
      "shouldDisplayMessage" : false,
      "hasContent" : false
    }, {
      "name" : "Redirected the link \"Training - Video Download\"",
      "time" : {
        "start" : 1744593704389,
        "stop" : 1744593704760,
        "duration" : 371
      },
      "status" : "broken",
      "statusMessage" : "selenium.common.exceptions.ElementNotInteractableException: Message: element not interactable\n  (Session info: chrome=135.0.7049.52)\nStacktrace:\n#0 0x55a996f49e6a <unknown>\n#1 0x55a9969fb493 <unknown>\n#2 0x55a996a4dd0e <unknown>\n#3 0x55a996a40b7d <unknown>\n#4 0x55a996a72752 <unknown>\n#5 0x55a996a404fa <unknown>\n#6 0x55a996a7291e <unknown>\n#7 0x55a996a987b5 <unknown>\n#8 0x55a996a72523 <unknown>\n#9 0x55a996a3eef3 <unknown>\n#10 0x55a996a3fb51 <unknown>\n#11 0x55a996f0ed2b <unknown>\n#12 0x55a996f12c01 <unknown>\n#13 0x55a996ef6512 <unknown>\n#14 0x55a996f13774 <unknown>\n#15 0x55a996eda90f <unknown>\n#16 0x55a996f37fb8 <unknown>\n#17 0x55a996f38196 <unknown>\n#18 0x55a996f48cb6 <unknown>\n#19 0x7fdbff89caa4 <unknown>\n#20 0x7fdbff929c3c <unknown>\n\n",
      "statusTrace" : "  File \"/opt/hostedtoolcache/Python/3.12.3/x64/lib/python3.12/site-packages/allure_commons/_allure.py\", line 192, in impl\n    return func(*a, **kw)\n           ^^^^^^^^^^^^^^\n  File \"/home/runner/work/luma_project/luma_project/pages/header_page.py\", line 101, in redirected_the_link_training_video_download\n    element.click()\n  File \"/opt/hostedtoolcache/Python/3.12.3/x64/lib/python3.12/site-packages/selenium/webdriver/remote/webelement.py\", line 93, in click\n    self._execute(Command.CLICK_ELEMENT)\n  File \"/opt/hostedtoolcache/Python/3.12.3/x64/lib/python3.12/site-packages/selenium/webdriver/remote/webelement.py\", line 394, in _execute\n    return self._parent.execute(command, params)\n           ^^^^^^^^^^^^^^^^^^^^^^^^^^^^^^^^^^^^^\n  File \"/opt/hostedtoolcache/Python/3.12.3/x64/lib/python3.12/site-packages/selenium/webdriver/remote/webdriver.py\", line 344, in execute\n    self.error_handler.check_response(response)\n  File \"/opt/hostedtoolcache/Python/3.12.3/x64/lib/python3.12/site-packages/selenium/webdriver/remote/errorhandler.py\", line 229, in check_response\n    raise exception_class(message, screen, stacktrace)\n",
      "steps" : [ {
        "name" : "Find a visible element",
        "time" : {
          "start" : 1744593704389,
          "stop" : 1744593704427,
          "duration" : 38
        },
        "status" : "passed",
        "steps" : [ {
          "name" : "Find a present element",
          "time" : {
            "start" : 1744593704389,
            "stop" : 1744593704398,
            "duration" : 9
          },
          "status" : "passed",
          "steps" : [ ],
          "attachments" : [ ],
          "parameters" : [ {
            "name" : "locator",
            "value" : "('id', 'ui-id-7')"
          }, {
            "name" : "timeout",
            "value" : "5"
          } ],
          "stepsCount" : 0,
          "attachmentsCount" : 0,
          "shouldDisplayMessage" : false,
          "hasContent" : true
        }, {
          "name" : "Go to specified element",
          "time" : {
            "start" : 1744593704398,
            "stop" : 1744593704404,
            "duration" : 6
          },
          "status" : "passed",
          "steps" : [ ],
          "attachments" : [ ],
          "parameters" : [ {
            "name" : "element",
            "value" : "<selenium.webdriver.remote.webelement.WebElement (session=\"40b0a5c208c95ad2a86c00c047d2afca\", element=\"f.54835FEEE783AEC3F573A823C9C5E08A.d.F3891B1DF586AD27749AF8FBE514A890.e.56\")>"
          } ],
          "stepsCount" : 0,
          "attachmentsCount" : 0,
          "shouldDisplayMessage" : false,
          "hasContent" : true
        } ],
        "attachments" : [ ],
        "parameters" : [ {
          "name" : "locator",
          "value" : "('id', 'ui-id-7')"
        }, {
          "name" : "timeout",
          "value" : "10"
        } ],
        "stepsCount" : 2,
        "attachmentsCount" : 0,
        "shouldDisplayMessage" : false,
        "hasContent" : true
      }, {
        "name" : "Check element hover style",
        "time" : {
          "start" : 1744593704428,
          "stop" : 1744593704735,
          "duration" : 307
        },
        "status" : "passed",
        "steps" : [ {
          "name" : "Find a visible element",
          "time" : {
            "start" : 1744593704428,
            "stop" : 1744593704465,
            "duration" : 37
          },
          "status" : "passed",
          "steps" : [ {
            "name" : "Find a present element",
            "time" : {
              "start" : 1744593704428,
              "stop" : 1744593704440,
              "duration" : 12
            },
            "status" : "passed",
            "steps" : [ ],
            "attachments" : [ ],
            "parameters" : [ {
              "name" : "locator",
              "value" : "('id', 'ui-id-7')"
            }, {
              "name" : "timeout",
              "value" : "5"
            } ],
            "stepsCount" : 0,
            "attachmentsCount" : 0,
            "shouldDisplayMessage" : false,
            "hasContent" : true
          }, {
            "name" : "Go to specified element",
            "time" : {
              "start" : 1744593704440,
              "stop" : 1744593704447,
              "duration" : 7
            },
            "status" : "passed",
            "steps" : [ ],
            "attachments" : [ ],
            "parameters" : [ {
              "name" : "element",
              "value" : "<selenium.webdriver.remote.webelement.WebElement (session=\"40b0a5c208c95ad2a86c00c047d2afca\", element=\"f.54835FEEE783AEC3F573A823C9C5E08A.d.F3891B1DF586AD27749AF8FBE514A890.e.56\")>"
            } ],
            "stepsCount" : 0,
            "attachmentsCount" : 0,
            "shouldDisplayMessage" : false,
            "hasContent" : true
          } ],
          "attachments" : [ ],
          "parameters" : [ {
            "name" : "locator",
            "value" : "('id', 'ui-id-7')"
          }, {
            "name" : "timeout",
            "value" : "10"
          } ],
          "stepsCount" : 2,
          "attachmentsCount" : 0,
          "shouldDisplayMessage" : false,
          "hasContent" : true
        }, {
          "name" : "Move cursor to element",
          "time" : {
            "start" : 1744593704465,
            "stop" : 1744593704728,
            "duration" : 263
          },
          "status" : "passed",
          "steps" : [ ],
          "attachments" : [ ],
          "parameters" : [ {
            "name" : "element",
            "value" : "<selenium.webdriver.remote.webelement.WebElement (session=\"40b0a5c208c95ad2a86c00c047d2afca\", element=\"f.54835FEEE783AEC3F573A823C9C5E08A.d.F3891B1DF586AD27749AF8FBE514A890.e.56\")>"
          } ],
          "stepsCount" : 0,
          "attachmentsCount" : 0,
          "shouldDisplayMessage" : false,
          "hasContent" : true
        } ],
        "attachments" : [ ],
        "parameters" : [ {
          "name" : "locator",
          "value" : "('id', 'ui-id-7')"
        }, {
          "name" : "css_property",
          "value" : "'pointer'"
        }, {
          "name" : "seconds",
          "value" : "1"
        } ],
        "stepsCount" : 4,
        "attachmentsCount" : 0,
        "shouldDisplayMessage" : false,
        "hasContent" : true
      }, {
        "name" : "Find a present element",
        "time" : {
          "start" : 1744593704735,
          "stop" : 1744593704743,
          "duration" : 8
        },
        "status" : "passed",
        "steps" : [ ],
        "attachments" : [ ],
        "parameters" : [ {
          "name" : "locator",
          "value" : "('id', 'ui-id-28')"
        }, {
          "name" : "timeout",
          "value" : "5"
        } ],
        "stepsCount" : 0,
        "attachmentsCount" : 0,
        "shouldDisplayMessage" : false,
        "hasContent" : true
      } ],
      "attachments" : [ ],
      "parameters" : [ ],
      "stepsCount" : 9,
      "attachmentsCount" : 0,
      "shouldDisplayMessage" : true,
      "hasContent" : true
    } ],
    "attachments" : [ {
      "uid" : "889dc915938bf1b2",
      "name" : "Screenshot",
      "source" : "889dc915938bf1b2.png",
      "type" : "image/png",
      "size" : 534153
    }, {
      "uid" : "38fe46cb40451095",
      "name" : "HTML source",
      "source" : "38fe46cb40451095.html",
      "type" : "text/html",
      "size" : 136593
    } ],
    "parameters" : [ ],
    "stepsCount" : 11,
    "attachmentsCount" : 2,
    "shouldDisplayMessage" : true,
    "hasContent" : true
  },
  "afterStages" : [ {
    "name" : "driver::0",
    "time" : {
      "start" : 1744593705071,
      "stop" : 1744593705137,
      "duration" : 66
    },
    "status" : "passed",
    "steps" : [ ],
    "attachments" : [ ],
    "parameters" : [ ],
    "stepsCount" : 0,
    "attachmentsCount" : 0,
    "shouldDisplayMessage" : false,
    "hasContent" : false
  }, {
    "name" : "clear_allure_result_folder::0",
    "time" : {
      "start" : 1744595635559,
      "stop" : 1744595635559,
      "duration" : 0
    },
    "status" : "passed",
    "steps" : [ ],
    "attachments" : [ ],
    "parameters" : [ ],
    "stepsCount" : 0,
    "attachmentsCount" : 0,
    "shouldDisplayMessage" : false,
    "hasContent" : false
  } ],
  "labels" : [ {
    "name" : "epic",
    "value" : "Test Header"
  }, {
    "name" : "parentSuite",
    "value" : "tests"
  }, {
    "name" : "suite",
    "value" : "test_header"
  }, {
    "name" : "subSuite",
    "value" : "TestHeader"
  }, {
    "name" : "host",
    "value" : "fv-az1377-621"
  }, {
    "name" : "thread",
    "value" : "2924-MainThread"
  }, {
    "name" : "framework",
    "value" : "pytest"
  }, {
    "name" : "language",
    "value" : "cpython3"
  }, {
    "name" : "package",
    "value" : "tests.test_header"
  }, {
    "name" : "resultFormat",
    "value" : "allure2"
  } ],
  "parameters" : [ ],
  "links" : [ ],
  "hidden" : false,
  "retry" : false,
  "extra" : {
    "severity" : "normal",
    "retries" : [ ],
    "categories" : [ {
      "name" : "Test defects",
      "matchedStatuses" : [ ],
      "flaky" : false
    } ],
    "tags" : [ ]
  },
  "source" : "31c57199a14b3b39.json",
  "parameterValues" : [ ]
}