{
  "uid" : "330296673284d148",
  "name" : "TC 13.02.03 - Check the link in section 2 block 2 'home-t-shirts' in the Promo Block leads to the correct page",
  "fullName" : "tests.test_main_page.TestPromoBlock#test_tc_13_02_03_check_section2_block2_link",
  "historyId" : "8276abc4c28a076413326f9f418f9d74",
  "time" : {
    "start" : 1745198759630,
    "stop" : 1745198767000,
    "duration" : 7370
  },
  "description" : "Check that link in section 2 block 2 'home-t-shirts' is correct",
  "descriptionHtml" : "<p>Check that link in section 2 block 2 'home-t-shirts' is correct</p>\n",
  "status" : "broken",
  "statusMessage" : "selenium.common.exceptions.TimeoutException: Message: \nStacktrace:\n#0 0x556cac8dad0a <unknown>\n#1 0x556cac38b5f0 <unknown>\n#2 0x556cac3dca33 <unknown>\n#3 0x556cac3dcc21 <unknown>\n#4 0x556cac42b274 <unknown>\n#5 0x556cac40268d <unknown>\n#6 0x556cac428660 <unknown>\n#7 0x556cac402433 <unknown>\n#8 0x556cac3ceea3 <unknown>\n#9 0x556cac3cfb01 <unknown>\n#10 0x556cac89fb5b <unknown>\n#11 0x556cac8a3a41 <unknown>\n#12 0x556cac886c52 <unknown>\n#13 0x556cac8a45b4 <unknown>\n#14 0x556cac86af0f <unknown>\n#15 0x556cac8c8db8 <unknown>\n#16 0x556cac8c8f96 <unknown>\n#17 0x556cac8d9b56 <unknown>\n#18 0x7f17b849caa4 <unknown>\n#19 0x7f17b8529c3c <unknown>",
  "statusTrace" : "self = <test_main_page.TestMainPage.TestPromoBlock object at 0x7fbf7d230110>\ndriver = <selenium.webdriver.chrome.webdriver.WebDriver (session=\"19ee0478fac737bf22ee4c1a678e2e8c\")>\n\n    @allure.title(\"TC 13.02.03 - Check the link in section 2 block 2 'home-t-shirts' in the Promo Block \"\n                  \"leads to the correct page\")\n    def test_tc_13_02_03_check_section2_block2_link(self, driver):\n        \"\"\"Check that link in section 2 block 2 'home-t-shirts' is correct\"\"\"\n        page = PromoBlock(driver, MAIN_PAGE_URL)\n        page.open()\n>       page.check_section2_block2_link()\n\ntests/test_main_page.py:712: \n_ _ _ _ _ _ _ _ _ _ _ _ _ _ _ _ _ _ _ _ _ _ _ _ _ _ _ _ _ _ _ _ _ _ _ _ _ _ _ _ \npages/main_page.py:386: in check_section2_block2_link\n    section2_block2 = self.element_is_visible(self.locators.SECTION_2_BLOCK_2)\npages/base_page.py:30: in element_is_visible\n    self.go_to_element(self.element_is_present(locator))\npages/base_page.py:51: in element_is_present\n    return wait(self.driver, timeout).until(EC.presence_of_element_located(locator))\n_ _ _ _ _ _ _ _ _ _ _ _ _ _ _ _ _ _ _ _ _ _ _ _ _ _ _ _ _ _ _ _ _ _ _ _ _ _ _ _ \n\nself = <selenium.webdriver.support.wait.WebDriverWait (session=\"19ee0478fac737bf22ee4c1a678e2e8c\")>\nmethod = <function presence_of_element_located.<locals>._predicate at 0x7fbf7cf65d00>\nmessage = ''\n\n    def until(self, method, message: str = \"\"):\n        \"\"\"Calls the method provided with the driver as an argument until the \\\n        return value does not evaluate to ``False``.\n    \n        :param method: callable(WebDriver)\n        :param message: optional message for :exc:`TimeoutException`\n        :returns: the result of the last call to `method`\n        :raises: :exc:`selenium.common.exceptions.TimeoutException` if timeout occurs\n        \"\"\"\n        screen = None\n        stacktrace = None\n    \n        end_time = time.monotonic() + self._timeout\n        while True:\n            try:\n                value = method(self._driver)\n                if value:\n                    return value\n            except self._ignored_exceptions as exc:\n                screen = getattr(exc, \"screen\", None)\n                stacktrace = getattr(exc, \"stacktrace\", None)\n            time.sleep(self._poll)\n            if time.monotonic() > end_time:\n                break\n>       raise TimeoutException(message, screen, stacktrace)\nE       selenium.common.exceptions.TimeoutException: Message: \nE       Stacktrace:\nE       #0 0x556cac8dad0a <unknown>\nE       #1 0x556cac38b5f0 <unknown>\nE       #2 0x556cac3dca33 <unknown>\nE       #3 0x556cac3dcc21 <unknown>\nE       #4 0x556cac42b274 <unknown>\nE       #5 0x556cac40268d <unknown>\nE       #6 0x556cac428660 <unknown>\nE       #7 0x556cac402433 <unknown>\nE       #8 0x556cac3ceea3 <unknown>\nE       #9 0x556cac3cfb01 <unknown>\nE       #10 0x556cac89fb5b <unknown>\nE       #11 0x556cac8a3a41 <unknown>\nE       #12 0x556cac886c52 <unknown>\nE       #13 0x556cac8a45b4 <unknown>\nE       #14 0x556cac86af0f <unknown>\nE       #15 0x556cac8c8db8 <unknown>\nE       #16 0x556cac8c8f96 <unknown>\nE       #17 0x556cac8d9b56 <unknown>\nE       #18 0x7f17b849caa4 <unknown>\nE       #19 0x7f17b8529c3c <unknown>\n\n/opt/hostedtoolcache/Python/3.12.3/x64/lib/python3.12/site-packages/selenium/webdriver/support/wait.py:95: TimeoutException",
  "flaky" : false,
  "newFailed" : false,
  "beforeStages" : [ {
    "name" : "clear_allure_result_folder",
    "time" : {
      "start" : 1745197862690,
      "stop" : 1745197862690,
      "duration" : 0
    },
    "status" : "passed",
    "steps" : [ ],
    "attachments" : [ ],
    "parameters" : [ ],
    "stepsCount" : 0,
    "attachmentsCount" : 0,
    "shouldDisplayMessage" : false,
    "hasContent" : false
  }, {
    "name" : "driver",
    "time" : {
      "start" : 1745198758428,
      "stop" : 1745198759629,
      "duration" : 1201
    },
    "status" : "passed",
    "steps" : [ ],
    "attachments" : [ ],
    "parameters" : [ ],
    "stepsCount" : 0,
    "attachmentsCount" : 0,
    "shouldDisplayMessage" : false,
    "hasContent" : false
  }, {
    "name" : "_session_faker",
    "time" : {
      "start" : 1745197862622,
      "stop" : 1745197862690,
      "duration" : 68
    },
    "status" : "passed",
    "steps" : [ ],
    "attachments" : [ ],
    "parameters" : [ ],
    "stepsCount" : 0,
    "attachmentsCount" : 0,
    "shouldDisplayMessage" : false,
    "hasContent" : false
  } ],
  "testStage" : {
    "description" : "Check that link in section 2 block 2 'home-t-shirts' is correct",
    "status" : "broken",
    "statusMessage" : "selenium.common.exceptions.TimeoutException: Message: \nStacktrace:\n#0 0x556cac8dad0a <unknown>\n#1 0x556cac38b5f0 <unknown>\n#2 0x556cac3dca33 <unknown>\n#3 0x556cac3dcc21 <unknown>\n#4 0x556cac42b274 <unknown>\n#5 0x556cac40268d <unknown>\n#6 0x556cac428660 <unknown>\n#7 0x556cac402433 <unknown>\n#8 0x556cac3ceea3 <unknown>\n#9 0x556cac3cfb01 <unknown>\n#10 0x556cac89fb5b <unknown>\n#11 0x556cac8a3a41 <unknown>\n#12 0x556cac886c52 <unknown>\n#13 0x556cac8a45b4 <unknown>\n#14 0x556cac86af0f <unknown>\n#15 0x556cac8c8db8 <unknown>\n#16 0x556cac8c8f96 <unknown>\n#17 0x556cac8d9b56 <unknown>\n#18 0x7f17b849caa4 <unknown>\n#19 0x7f17b8529c3c <unknown>",
    "statusTrace" : "self = <test_main_page.TestMainPage.TestPromoBlock object at 0x7fbf7d230110>\ndriver = <selenium.webdriver.chrome.webdriver.WebDriver (session=\"19ee0478fac737bf22ee4c1a678e2e8c\")>\n\n    @allure.title(\"TC 13.02.03 - Check the link in section 2 block 2 'home-t-shirts' in the Promo Block \"\n                  \"leads to the correct page\")\n    def test_tc_13_02_03_check_section2_block2_link(self, driver):\n        \"\"\"Check that link in section 2 block 2 'home-t-shirts' is correct\"\"\"\n        page = PromoBlock(driver, MAIN_PAGE_URL)\n        page.open()\n>       page.check_section2_block2_link()\n\ntests/test_main_page.py:712: \n_ _ _ _ _ _ _ _ _ _ _ _ _ _ _ _ _ _ _ _ _ _ _ _ _ _ _ _ _ _ _ _ _ _ _ _ _ _ _ _ \npages/main_page.py:386: in check_section2_block2_link\n    section2_block2 = self.element_is_visible(self.locators.SECTION_2_BLOCK_2)\npages/base_page.py:30: in element_is_visible\n    self.go_to_element(self.element_is_present(locator))\npages/base_page.py:51: in element_is_present\n    return wait(self.driver, timeout).until(EC.presence_of_element_located(locator))\n_ _ _ _ _ _ _ _ _ _ _ _ _ _ _ _ _ _ _ _ _ _ _ _ _ _ _ _ _ _ _ _ _ _ _ _ _ _ _ _ \n\nself = <selenium.webdriver.support.wait.WebDriverWait (session=\"19ee0478fac737bf22ee4c1a678e2e8c\")>\nmethod = <function presence_of_element_located.<locals>._predicate at 0x7fbf7cf65d00>\nmessage = ''\n\n    def until(self, method, message: str = \"\"):\n        \"\"\"Calls the method provided with the driver as an argument until the \\\n        return value does not evaluate to ``False``.\n    \n        :param method: callable(WebDriver)\n        :param message: optional message for :exc:`TimeoutException`\n        :returns: the result of the last call to `method`\n        :raises: :exc:`selenium.common.exceptions.TimeoutException` if timeout occurs\n        \"\"\"\n        screen = None\n        stacktrace = None\n    \n        end_time = time.monotonic() + self._timeout\n        while True:\n            try:\n                value = method(self._driver)\n                if value:\n                    return value\n            except self._ignored_exceptions as exc:\n                screen = getattr(exc, \"screen\", None)\n                stacktrace = getattr(exc, \"stacktrace\", None)\n            time.sleep(self._poll)\n            if time.monotonic() > end_time:\n                break\n>       raise TimeoutException(message, screen, stacktrace)\nE       selenium.common.exceptions.TimeoutException: Message: \nE       Stacktrace:\nE       #0 0x556cac8dad0a <unknown>\nE       #1 0x556cac38b5f0 <unknown>\nE       #2 0x556cac3dca33 <unknown>\nE       #3 0x556cac3dcc21 <unknown>\nE       #4 0x556cac42b274 <unknown>\nE       #5 0x556cac40268d <unknown>\nE       #6 0x556cac428660 <unknown>\nE       #7 0x556cac402433 <unknown>\nE       #8 0x556cac3ceea3 <unknown>\nE       #9 0x556cac3cfb01 <unknown>\nE       #10 0x556cac89fb5b <unknown>\nE       #11 0x556cac8a3a41 <unknown>\nE       #12 0x556cac886c52 <unknown>\nE       #13 0x556cac8a45b4 <unknown>\nE       #14 0x556cac86af0f <unknown>\nE       #15 0x556cac8c8db8 <unknown>\nE       #16 0x556cac8c8f96 <unknown>\nE       #17 0x556cac8d9b56 <unknown>\nE       #18 0x7f17b849caa4 <unknown>\nE       #19 0x7f17b8529c3c <unknown>\n\n/opt/hostedtoolcache/Python/3.12.3/x64/lib/python3.12/site-packages/selenium/webdriver/support/wait.py:95: TimeoutException",
    "steps" : [ {
      "name" : "Open a browser",
      "time" : {
        "start" : 1745198759630,
        "stop" : 1745198760963,
        "duration" : 1333
      },
      "status" : "passed",
      "steps" : [ ],
      "attachments" : [ ],
      "parameters" : [ ],
      "stepsCount" : 0,
      "attachmentsCount" : 0,
      "shouldDisplayMessage" : false,
      "hasContent" : false
    }, {
      "name" : "Check the link in section 2 block 2 'home-t-shirts' in the Promo Block leads to the correct page",
      "time" : {
        "start" : 1745198760963,
        "stop" : 1745198767000,
        "duration" : 6037
      },
      "status" : "broken",
      "statusMessage" : "selenium.common.exceptions.TimeoutException: Message: \nStacktrace:\n#0 0x556cac8dad0a <unknown>\n#1 0x556cac38b5f0 <unknown>\n#2 0x556cac3dca33 <unknown>\n#3 0x556cac3dcc21 <unknown>\n#4 0x556cac42b274 <unknown>\n#5 0x556cac40268d <unknown>\n#6 0x556cac428660 <unknown>\n#7 0x556cac402433 <unknown>\n#8 0x556cac3ceea3 <unknown>\n#9 0x556cac3cfb01 <unknown>\n#10 0x556cac89fb5b <unknown>\n#11 0x556cac8a3a41 <unknown>\n#12 0x556cac886c52 <unknown>\n#13 0x556cac8a45b4 <unknown>\n#14 0x556cac86af0f <unknown>\n#15 0x556cac8c8db8 <unknown>\n#16 0x556cac8c8f96 <unknown>\n#17 0x556cac8d9b56 <unknown>\n#18 0x7f17b849caa4 <unknown>\n#19 0x7f17b8529c3c <unknown>\n\n",
      "statusTrace" : "  File \"/opt/hostedtoolcache/Python/3.12.3/x64/lib/python3.12/site-packages/allure_commons/_allure.py\", line 192, in impl\n    return func(*a, **kw)\n           ^^^^^^^^^^^^^^\n  File \"/home/runner/work/luma_project/luma_project/pages/main_page.py\", line 386, in check_section2_block2_link\n    section2_block2 = self.element_is_visible(self.locators.SECTION_2_BLOCK_2)\n                      ^^^^^^^^^^^^^^^^^^^^^^^^^^^^^^^^^^^^^^^^^^^^^^^^^^^^^^^^\n  File \"/opt/hostedtoolcache/Python/3.12.3/x64/lib/python3.12/site-packages/allure_commons/_allure.py\", line 192, in impl\n    return func(*a, **kw)\n           ^^^^^^^^^^^^^^\n  File \"/home/runner/work/luma_project/luma_project/pages/base_page.py\", line 30, in element_is_visible\n    self.go_to_element(self.element_is_present(locator))\n                       ^^^^^^^^^^^^^^^^^^^^^^^^^^^^^^^^\n  File \"/opt/hostedtoolcache/Python/3.12.3/x64/lib/python3.12/site-packages/allure_commons/_allure.py\", line 192, in impl\n    return func(*a, **kw)\n           ^^^^^^^^^^^^^^\n  File \"/home/runner/work/luma_project/luma_project/pages/base_page.py\", line 51, in element_is_present\n    return wait(self.driver, timeout).until(EC.presence_of_element_located(locator))\n           ^^^^^^^^^^^^^^^^^^^^^^^^^^^^^^^^^^^^^^^^^^^^^^^^^^^^^^^^^^^^^^^^^^^^^^^^^\n  File \"/opt/hostedtoolcache/Python/3.12.3/x64/lib/python3.12/site-packages/selenium/webdriver/support/wait.py\", line 95, in until\n    raise TimeoutException(message, screen, stacktrace)\n",
      "steps" : [ {
        "name" : "Find a visible element",
        "time" : {
          "start" : 1745198760963,
          "stop" : 1745198766999,
          "duration" : 6036
        },
        "status" : "broken",
        "statusMessage" : "selenium.common.exceptions.TimeoutException: Message: \nStacktrace:\n#0 0x556cac8dad0a <unknown>\n#1 0x556cac38b5f0 <unknown>\n#2 0x556cac3dca33 <unknown>\n#3 0x556cac3dcc21 <unknown>\n#4 0x556cac42b274 <unknown>\n#5 0x556cac40268d <unknown>\n#6 0x556cac428660 <unknown>\n#7 0x556cac402433 <unknown>\n#8 0x556cac3ceea3 <unknown>\n#9 0x556cac3cfb01 <unknown>\n#10 0x556cac89fb5b <unknown>\n#11 0x556cac8a3a41 <unknown>\n#12 0x556cac886c52 <unknown>\n#13 0x556cac8a45b4 <unknown>\n#14 0x556cac86af0f <unknown>\n#15 0x556cac8c8db8 <unknown>\n#16 0x556cac8c8f96 <unknown>\n#17 0x556cac8d9b56 <unknown>\n#18 0x7f17b849caa4 <unknown>\n#19 0x7f17b8529c3c <unknown>\n\n",
        "statusTrace" : "  File \"/opt/hostedtoolcache/Python/3.12.3/x64/lib/python3.12/site-packages/allure_commons/_allure.py\", line 192, in impl\n    return func(*a, **kw)\n           ^^^^^^^^^^^^^^\n  File \"/home/runner/work/luma_project/luma_project/pages/base_page.py\", line 30, in element_is_visible\n    self.go_to_element(self.element_is_present(locator))\n                       ^^^^^^^^^^^^^^^^^^^^^^^^^^^^^^^^\n  File \"/opt/hostedtoolcache/Python/3.12.3/x64/lib/python3.12/site-packages/allure_commons/_allure.py\", line 192, in impl\n    return func(*a, **kw)\n           ^^^^^^^^^^^^^^\n  File \"/home/runner/work/luma_project/luma_project/pages/base_page.py\", line 51, in element_is_present\n    return wait(self.driver, timeout).until(EC.presence_of_element_located(locator))\n           ^^^^^^^^^^^^^^^^^^^^^^^^^^^^^^^^^^^^^^^^^^^^^^^^^^^^^^^^^^^^^^^^^^^^^^^^^\n  File \"/opt/hostedtoolcache/Python/3.12.3/x64/lib/python3.12/site-packages/selenium/webdriver/support/wait.py\", line 95, in until\n    raise TimeoutException(message, screen, stacktrace)\n",
        "steps" : [ {
          "name" : "Find a present element",
          "time" : {
            "start" : 1745198760963,
            "stop" : 1745198766999,
            "duration" : 6036
          },
          "status" : "broken",
          "statusMessage" : "selenium.common.exceptions.TimeoutException: Message: \nStacktrace:\n#0 0x556cac8dad0a <unknown>\n#1 0x556cac38b5f0 <unknown>\n#2 0x556cac3dca33 <unknown>\n#3 0x556cac3dcc21 <unknown>\n#4 0x556cac42b274 <unknown>\n#5 0x556cac40268d <unknown>\n#6 0x556cac428660 <unknown>\n#7 0x556cac402433 <unknown>\n#8 0x556cac3ceea3 <unknown>\n#9 0x556cac3cfb01 <unknown>\n#10 0x556cac89fb5b <unknown>\n#11 0x556cac8a3a41 <unknown>\n#12 0x556cac886c52 <unknown>\n#13 0x556cac8a45b4 <unknown>\n#14 0x556cac86af0f <unknown>\n#15 0x556cac8c8db8 <unknown>\n#16 0x556cac8c8f96 <unknown>\n#17 0x556cac8d9b56 <unknown>\n#18 0x7f17b849caa4 <unknown>\n#19 0x7f17b8529c3c <unknown>\n\n",
          "statusTrace" : "  File \"/opt/hostedtoolcache/Python/3.12.3/x64/lib/python3.12/site-packages/allure_commons/_allure.py\", line 192, in impl\n    return func(*a, **kw)\n           ^^^^^^^^^^^^^^\n  File \"/home/runner/work/luma_project/luma_project/pages/base_page.py\", line 51, in element_is_present\n    return wait(self.driver, timeout).until(EC.presence_of_element_located(locator))\n           ^^^^^^^^^^^^^^^^^^^^^^^^^^^^^^^^^^^^^^^^^^^^^^^^^^^^^^^^^^^^^^^^^^^^^^^^^\n  File \"/opt/hostedtoolcache/Python/3.12.3/x64/lib/python3.12/site-packages/selenium/webdriver/support/wait.py\", line 95, in until\n    raise TimeoutException(message, screen, stacktrace)\n",
          "steps" : [ ],
          "attachments" : [ ],
          "parameters" : [ {
            "name" : "locator",
            "value" : "('css selector', '.home-t-shirts')"
          }, {
            "name" : "timeout",
            "value" : "5"
          } ],
          "stepsCount" : 0,
          "attachmentsCount" : 0,
          "shouldDisplayMessage" : true,
          "hasContent" : true
        } ],
        "attachments" : [ ],
        "parameters" : [ {
          "name" : "locator",
          "value" : "('css selector', '.home-t-shirts')"
        }, {
          "name" : "timeout",
          "value" : "10"
        } ],
        "stepsCount" : 1,
        "attachmentsCount" : 0,
        "shouldDisplayMessage" : false,
        "hasContent" : true
      } ],
      "attachments" : [ ],
      "parameters" : [ ],
      "stepsCount" : 2,
      "attachmentsCount" : 0,
      "shouldDisplayMessage" : false,
      "hasContent" : true
    } ],
    "attachments" : [ {
      "uid" : "628e121d7e1501f4",
      "name" : "Screenshot",
      "source" : "628e121d7e1501f4.png",
      "type" : "image/png",
      "size" : 549116
    }, {
      "uid" : "d456eeb6b4d30fba",
      "name" : "HTML source",
      "source" : "d456eeb6b4d30fba.html",
      "type" : "text/html",
      "size" : 143401
    } ],
    "parameters" : [ ],
    "stepsCount" : 4,
    "attachmentsCount" : 2,
    "shouldDisplayMessage" : true,
    "hasContent" : true
  },
  "afterStages" : [ {
    "name" : "clear_allure_result_folder::0",
    "time" : {
      "start" : 1745199391300,
      "stop" : 1745199391300,
      "duration" : 0
    },
    "status" : "passed",
    "steps" : [ ],
    "attachments" : [ ],
    "parameters" : [ ],
    "stepsCount" : 0,
    "attachmentsCount" : 0,
    "shouldDisplayMessage" : false,
    "hasContent" : false
  }, {
    "name" : "driver::0",
    "time" : {
      "start" : 1745198767264,
      "stop" : 1745198767390,
      "duration" : 126
    },
    "status" : "passed",
    "steps" : [ ],
    "attachments" : [ ],
    "parameters" : [ ],
    "stepsCount" : 0,
    "attachmentsCount" : 0,
    "shouldDisplayMessage" : false,
    "hasContent" : false
  } ],
  "labels" : [ {
    "name" : "feature",
    "value" : "Promo Block Testing"
  }, {
    "name" : "epic",
    "value" : "Main Page"
  }, {
    "name" : "parentSuite",
    "value" : "tests"
  }, {
    "name" : "suite",
    "value" : "test_main_page"
  }, {
    "name" : "subSuite",
    "value" : "TestMainPage"
  }, {
    "name" : "host",
    "value" : "fv-az1928-941"
  }, {
    "name" : "thread",
    "value" : "2939-MainThread"
  }, {
    "name" : "framework",
    "value" : "pytest"
  }, {
    "name" : "language",
    "value" : "cpython3"
  }, {
    "name" : "package",
    "value" : "tests.test_main_page"
  }, {
    "name" : "resultFormat",
    "value" : "allure2"
  } ],
  "parameters" : [ ],
  "links" : [ ],
  "hidden" : false,
  "retry" : false,
  "extra" : {
    "severity" : "normal",
    "retries" : [ ],
    "categories" : [ {
      "name" : "Test defects",
      "matchedStatuses" : [ ],
      "flaky" : false
    } ],
    "tags" : [ ]
  },
  "source" : "330296673284d148.json",
  "parameterValues" : [ ]
}