{
  "uid" : "39e3ccf32e760ed9",
  "name" : "TC 03.01.11 Verify Password field is appropriately labeled",
  "fullName" : "tests.test_sign_in.TestRegisteredCustomers#test_03_01_11_password_is_appropriately_labeled",
  "historyId" : "7acd7b9d3a697b3e6ab4ba6b0910a3db",
  "time" : {
    "start" : 1757900694546,
    "stop" : 1757900699650,
    "duration" : 5104
  },
  "description" : "Check if Password field is appropriately labeled ",
  "descriptionHtml" : "<p>Check if Password field is appropriately labeled</p>\n",
  "status" : "broken",
  "statusMessage" : "selenium.common.exceptions.TimeoutException: Message: \nStacktrace:\n#0 0x562303b7d94a <unknown>\n#1 0x5623035f28a0 <unknown>\n#2 0x562303644540 <unknown>\n#3 0x562303644731 <unknown>\n#4 0x562303692824 <unknown>\n#5 0x56230366a05d <unknown>\n#6 0x56230368fc23 <unknown>\n#7 0x562303669e03 <unknown>\n#8 0x562303636968 <unknown>\n#9 0x5623036375e1 <unknown>\n#10 0x562303b41548 <unknown>\n#11 0x562303b45272 <unknown>\n#12 0x562303b28313 <unknown>\n#13 0x562303b45dc5 <unknown>\n#14 0x562303b0d49f <unknown>\n#15 0x562303b6a158 <unknown>\n#16 0x562303b6a332 <unknown>\n#17 0x562303b7ca53 <unknown>\n#18 0x7f4448c9caa4 <unknown>\n#19 0x7f4448d29c3c <unknown>",
  "statusTrace" : "self = <test_sign_in.TestRegisteredCustomers object at 0x7f9ca2485880>\ndriver = <selenium.webdriver.chrome.webdriver.WebDriver (session=\"a3e2022abc0edada30fb7d30b2de8767\")>\nsign_in_page = <pages.sign_in_page.SignInPage object at 0x7f9ca236e1e0>\n\n    @allure.title('TC 03.01.11 Verify Password field is appropriately labeled')\n    @allure.severity(allure.severity_level.NORMAL)\n    def test_03_01_11_password_is_appropriately_labeled(self, driver, sign_in_page):\n        \"\"\"Check if Password field is appropriately labeled \"\"\"\n>       label = sign_in_page.check_customer_password_label()\n\ntests/test_sign_in.py:111: \n_ _ _ _ _ _ _ _ _ _ _ _ _ _ _ _ _ _ _ _ _ _ _ _ _ _ _ _ _ _ _ _ _ _ _ _ _ _ _ _ \npages/sign_in_page.py:69: in check_customer_password_label\n    return self.element_is_visible(self.locators.CUSTOMER_PASSWORD_LABEL)\npages/base_page.py:30: in element_is_visible\n    self.go_to_element(self.element_is_present(locator))\npages/base_page.py:51: in element_is_present\n    return wait(self.driver, timeout).until(EC.presence_of_element_located(locator))\n_ _ _ _ _ _ _ _ _ _ _ _ _ _ _ _ _ _ _ _ _ _ _ _ _ _ _ _ _ _ _ _ _ _ _ _ _ _ _ _ \n\nself = <selenium.webdriver.support.wait.WebDriverWait (session=\"a3e2022abc0edada30fb7d30b2de8767\")>\nmethod = <function presence_of_element_located.<locals>._predicate at 0x7f9ca2141940>\nmessage = ''\n\n    def until(self, method, message: str = \"\"):\n        \"\"\"Calls the method provided with the driver as an argument until the \\\n        return value does not evaluate to ``False``.\n    \n        :param method: callable(WebDriver)\n        :param message: optional message for :exc:`TimeoutException`\n        :returns: the result of the last call to `method`\n        :raises: :exc:`selenium.common.exceptions.TimeoutException` if timeout occurs\n        \"\"\"\n        screen = None\n        stacktrace = None\n    \n        end_time = time.monotonic() + self._timeout\n        while True:\n            try:\n                value = method(self._driver)\n                if value:\n                    return value\n            except self._ignored_exceptions as exc:\n                screen = getattr(exc, \"screen\", None)\n                stacktrace = getattr(exc, \"stacktrace\", None)\n            time.sleep(self._poll)\n            if time.monotonic() > end_time:\n                break\n>       raise TimeoutException(message, screen, stacktrace)\nE       selenium.common.exceptions.TimeoutException: Message: \nE       Stacktrace:\nE       #0 0x562303b7d94a <unknown>\nE       #1 0x5623035f28a0 <unknown>\nE       #2 0x562303644540 <unknown>\nE       #3 0x562303644731 <unknown>\nE       #4 0x562303692824 <unknown>\nE       #5 0x56230366a05d <unknown>\nE       #6 0x56230368fc23 <unknown>\nE       #7 0x562303669e03 <unknown>\nE       #8 0x562303636968 <unknown>\nE       #9 0x5623036375e1 <unknown>\nE       #10 0x562303b41548 <unknown>\nE       #11 0x562303b45272 <unknown>\nE       #12 0x562303b28313 <unknown>\nE       #13 0x562303b45dc5 <unknown>\nE       #14 0x562303b0d49f <unknown>\nE       #15 0x562303b6a158 <unknown>\nE       #16 0x562303b6a332 <unknown>\nE       #17 0x562303b7ca53 <unknown>\nE       #18 0x7f4448c9caa4 <unknown>\nE       #19 0x7f4448d29c3c <unknown>\n\n/opt/hostedtoolcache/Python/3.12.3/x64/lib/python3.12/site-packages/selenium/webdriver/support/wait.py:95: TimeoutException",
  "flaky" : false,
  "newFailed" : false,
  "beforeStages" : [ {
    "name" : "_session_faker",
    "time" : {
      "start" : 1757898622011,
      "stop" : 1757898622079,
      "duration" : 68
    },
    "status" : "passed",
    "steps" : [ ],
    "attachments" : [ ],
    "parameters" : [ ],
    "stepsCount" : 0,
    "attachmentsCount" : 0,
    "shouldDisplayMessage" : false,
    "hasContent" : false
  }, {
    "name" : "clear_allure_result_folder",
    "time" : {
      "start" : 1757898622079,
      "stop" : 1757898622079,
      "duration" : 0
    },
    "status" : "passed",
    "steps" : [ ],
    "attachments" : [ ],
    "parameters" : [ ],
    "stepsCount" : 0,
    "attachmentsCount" : 0,
    "shouldDisplayMessage" : false,
    "hasContent" : false
  }, {
    "name" : "driver",
    "time" : {
      "start" : 1757900693151,
      "stop" : 1757900694397,
      "duration" : 1246
    },
    "status" : "passed",
    "steps" : [ ],
    "attachments" : [ ],
    "parameters" : [ ],
    "stepsCount" : 0,
    "attachmentsCount" : 0,
    "shouldDisplayMessage" : false,
    "hasContent" : false
  }, {
    "name" : "sign_in_page",
    "time" : {
      "start" : 1757900694397,
      "stop" : 1757900694545,
      "duration" : 148
    },
    "status" : "passed",
    "steps" : [ {
      "name" : "Open a browser",
      "time" : {
        "start" : 1757900694397,
        "stop" : 1757900694545,
        "duration" : 148
      },
      "status" : "passed",
      "steps" : [ ],
      "attachments" : [ ],
      "parameters" : [ ],
      "stepsCount" : 0,
      "attachmentsCount" : 0,
      "shouldDisplayMessage" : false,
      "hasContent" : false
    } ],
    "attachments" : [ ],
    "parameters" : [ ],
    "stepsCount" : 1,
    "attachmentsCount" : 0,
    "shouldDisplayMessage" : false,
    "hasContent" : true
  } ],
  "testStage" : {
    "description" : "Check if Password field is appropriately labeled ",
    "status" : "broken",
    "statusMessage" : "selenium.common.exceptions.TimeoutException: Message: \nStacktrace:\n#0 0x562303b7d94a <unknown>\n#1 0x5623035f28a0 <unknown>\n#2 0x562303644540 <unknown>\n#3 0x562303644731 <unknown>\n#4 0x562303692824 <unknown>\n#5 0x56230366a05d <unknown>\n#6 0x56230368fc23 <unknown>\n#7 0x562303669e03 <unknown>\n#8 0x562303636968 <unknown>\n#9 0x5623036375e1 <unknown>\n#10 0x562303b41548 <unknown>\n#11 0x562303b45272 <unknown>\n#12 0x562303b28313 <unknown>\n#13 0x562303b45dc5 <unknown>\n#14 0x562303b0d49f <unknown>\n#15 0x562303b6a158 <unknown>\n#16 0x562303b6a332 <unknown>\n#17 0x562303b7ca53 <unknown>\n#18 0x7f4448c9caa4 <unknown>\n#19 0x7f4448d29c3c <unknown>",
    "statusTrace" : "self = <test_sign_in.TestRegisteredCustomers object at 0x7f9ca2485880>\ndriver = <selenium.webdriver.chrome.webdriver.WebDriver (session=\"a3e2022abc0edada30fb7d30b2de8767\")>\nsign_in_page = <pages.sign_in_page.SignInPage object at 0x7f9ca236e1e0>\n\n    @allure.title('TC 03.01.11 Verify Password field is appropriately labeled')\n    @allure.severity(allure.severity_level.NORMAL)\n    def test_03_01_11_password_is_appropriately_labeled(self, driver, sign_in_page):\n        \"\"\"Check if Password field is appropriately labeled \"\"\"\n>       label = sign_in_page.check_customer_password_label()\n\ntests/test_sign_in.py:111: \n_ _ _ _ _ _ _ _ _ _ _ _ _ _ _ _ _ _ _ _ _ _ _ _ _ _ _ _ _ _ _ _ _ _ _ _ _ _ _ _ \npages/sign_in_page.py:69: in check_customer_password_label\n    return self.element_is_visible(self.locators.CUSTOMER_PASSWORD_LABEL)\npages/base_page.py:30: in element_is_visible\n    self.go_to_element(self.element_is_present(locator))\npages/base_page.py:51: in element_is_present\n    return wait(self.driver, timeout).until(EC.presence_of_element_located(locator))\n_ _ _ _ _ _ _ _ _ _ _ _ _ _ _ _ _ _ _ _ _ _ _ _ _ _ _ _ _ _ _ _ _ _ _ _ _ _ _ _ \n\nself = <selenium.webdriver.support.wait.WebDriverWait (session=\"a3e2022abc0edada30fb7d30b2de8767\")>\nmethod = <function presence_of_element_located.<locals>._predicate at 0x7f9ca2141940>\nmessage = ''\n\n    def until(self, method, message: str = \"\"):\n        \"\"\"Calls the method provided with the driver as an argument until the \\\n        return value does not evaluate to ``False``.\n    \n        :param method: callable(WebDriver)\n        :param message: optional message for :exc:`TimeoutException`\n        :returns: the result of the last call to `method`\n        :raises: :exc:`selenium.common.exceptions.TimeoutException` if timeout occurs\n        \"\"\"\n        screen = None\n        stacktrace = None\n    \n        end_time = time.monotonic() + self._timeout\n        while True:\n            try:\n                value = method(self._driver)\n                if value:\n                    return value\n            except self._ignored_exceptions as exc:\n                screen = getattr(exc, \"screen\", None)\n                stacktrace = getattr(exc, \"stacktrace\", None)\n            time.sleep(self._poll)\n            if time.monotonic() > end_time:\n                break\n>       raise TimeoutException(message, screen, stacktrace)\nE       selenium.common.exceptions.TimeoutException: Message: \nE       Stacktrace:\nE       #0 0x562303b7d94a <unknown>\nE       #1 0x5623035f28a0 <unknown>\nE       #2 0x562303644540 <unknown>\nE       #3 0x562303644731 <unknown>\nE       #4 0x562303692824 <unknown>\nE       #5 0x56230366a05d <unknown>\nE       #6 0x56230368fc23 <unknown>\nE       #7 0x562303669e03 <unknown>\nE       #8 0x562303636968 <unknown>\nE       #9 0x5623036375e1 <unknown>\nE       #10 0x562303b41548 <unknown>\nE       #11 0x562303b45272 <unknown>\nE       #12 0x562303b28313 <unknown>\nE       #13 0x562303b45dc5 <unknown>\nE       #14 0x562303b0d49f <unknown>\nE       #15 0x562303b6a158 <unknown>\nE       #16 0x562303b6a332 <unknown>\nE       #17 0x562303b7ca53 <unknown>\nE       #18 0x7f4448c9caa4 <unknown>\nE       #19 0x7f4448d29c3c <unknown>\n\n/opt/hostedtoolcache/Python/3.12.3/x64/lib/python3.12/site-packages/selenium/webdriver/support/wait.py:95: TimeoutException",
    "steps" : [ {
      "name" : "Check Password label is visible",
      "time" : {
        "start" : 1757900694546,
        "stop" : 1757900699649,
        "duration" : 5103
      },
      "status" : "broken",
      "statusMessage" : "selenium.common.exceptions.TimeoutException: Message: \nStacktrace:\n#0 0x562303b7d94a <unknown>\n#1 0x5623035f28a0 <unknown>\n#2 0x562303644540 <unknown>\n#3 0x562303644731 <unknown>\n#4 0x562303692824 <unknown>\n#5 0x56230366a05d <unknown>\n#6 0x56230368fc23 <unknown>\n#7 0x562303669e03 <unknown>\n#8 0x562303636968 <unknown>\n#9 0x5623036375e1 <unknown>\n#10 0x562303b41548 <unknown>\n#11 0x562303b45272 <unknown>\n#12 0x562303b28313 <unknown>\n#13 0x562303b45dc5 <unknown>\n#14 0x562303b0d49f <unknown>\n#15 0x562303b6a158 <unknown>\n#16 0x562303b6a332 <unknown>\n#17 0x562303b7ca53 <unknown>\n#18 0x7f4448c9caa4 <unknown>\n#19 0x7f4448d29c3c <unknown>\n\n",
      "statusTrace" : "  File \"/opt/hostedtoolcache/Python/3.12.3/x64/lib/python3.12/site-packages/allure_commons/_allure.py\", line 192, in impl\n    return func(*a, **kw)\n           ^^^^^^^^^^^^^^\n  File \"/home/runner/work/luma_project/luma_project/pages/sign_in_page.py\", line 69, in check_customer_password_label\n    return self.element_is_visible(self.locators.CUSTOMER_PASSWORD_LABEL)\n           ^^^^^^^^^^^^^^^^^^^^^^^^^^^^^^^^^^^^^^^^^^^^^^^^^^^^^^^^^^^^^^\n  File \"/opt/hostedtoolcache/Python/3.12.3/x64/lib/python3.12/site-packages/allure_commons/_allure.py\", line 192, in impl\n    return func(*a, **kw)\n           ^^^^^^^^^^^^^^\n  File \"/home/runner/work/luma_project/luma_project/pages/base_page.py\", line 30, in element_is_visible\n    self.go_to_element(self.element_is_present(locator))\n                       ^^^^^^^^^^^^^^^^^^^^^^^^^^^^^^^^\n  File \"/opt/hostedtoolcache/Python/3.12.3/x64/lib/python3.12/site-packages/allure_commons/_allure.py\", line 192, in impl\n    return func(*a, **kw)\n           ^^^^^^^^^^^^^^\n  File \"/home/runner/work/luma_project/luma_project/pages/base_page.py\", line 51, in element_is_present\n    return wait(self.driver, timeout).until(EC.presence_of_element_located(locator))\n           ^^^^^^^^^^^^^^^^^^^^^^^^^^^^^^^^^^^^^^^^^^^^^^^^^^^^^^^^^^^^^^^^^^^^^^^^^\n  File \"/opt/hostedtoolcache/Python/3.12.3/x64/lib/python3.12/site-packages/selenium/webdriver/support/wait.py\", line 95, in until\n    raise TimeoutException(message, screen, stacktrace)\n",
      "steps" : [ {
        "name" : "Find a visible element",
        "time" : {
          "start" : 1757900694546,
          "stop" : 1757900699649,
          "duration" : 5103
        },
        "status" : "broken",
        "statusMessage" : "selenium.common.exceptions.TimeoutException: Message: \nStacktrace:\n#0 0x562303b7d94a <unknown>\n#1 0x5623035f28a0 <unknown>\n#2 0x562303644540 <unknown>\n#3 0x562303644731 <unknown>\n#4 0x562303692824 <unknown>\n#5 0x56230366a05d <unknown>\n#6 0x56230368fc23 <unknown>\n#7 0x562303669e03 <unknown>\n#8 0x562303636968 <unknown>\n#9 0x5623036375e1 <unknown>\n#10 0x562303b41548 <unknown>\n#11 0x562303b45272 <unknown>\n#12 0x562303b28313 <unknown>\n#13 0x562303b45dc5 <unknown>\n#14 0x562303b0d49f <unknown>\n#15 0x562303b6a158 <unknown>\n#16 0x562303b6a332 <unknown>\n#17 0x562303b7ca53 <unknown>\n#18 0x7f4448c9caa4 <unknown>\n#19 0x7f4448d29c3c <unknown>\n\n",
        "statusTrace" : "  File \"/opt/hostedtoolcache/Python/3.12.3/x64/lib/python3.12/site-packages/allure_commons/_allure.py\", line 192, in impl\n    return func(*a, **kw)\n           ^^^^^^^^^^^^^^\n  File \"/home/runner/work/luma_project/luma_project/pages/base_page.py\", line 30, in element_is_visible\n    self.go_to_element(self.element_is_present(locator))\n                       ^^^^^^^^^^^^^^^^^^^^^^^^^^^^^^^^\n  File \"/opt/hostedtoolcache/Python/3.12.3/x64/lib/python3.12/site-packages/allure_commons/_allure.py\", line 192, in impl\n    return func(*a, **kw)\n           ^^^^^^^^^^^^^^\n  File \"/home/runner/work/luma_project/luma_project/pages/base_page.py\", line 51, in element_is_present\n    return wait(self.driver, timeout).until(EC.presence_of_element_located(locator))\n           ^^^^^^^^^^^^^^^^^^^^^^^^^^^^^^^^^^^^^^^^^^^^^^^^^^^^^^^^^^^^^^^^^^^^^^^^^\n  File \"/opt/hostedtoolcache/Python/3.12.3/x64/lib/python3.12/site-packages/selenium/webdriver/support/wait.py\", line 95, in until\n    raise TimeoutException(message, screen, stacktrace)\n",
        "steps" : [ {
          "name" : "Find a present element",
          "time" : {
            "start" : 1757900694546,
            "stop" : 1757900699649,
            "duration" : 5103
          },
          "status" : "broken",
          "statusMessage" : "selenium.common.exceptions.TimeoutException: Message: \nStacktrace:\n#0 0x562303b7d94a <unknown>\n#1 0x5623035f28a0 <unknown>\n#2 0x562303644540 <unknown>\n#3 0x562303644731 <unknown>\n#4 0x562303692824 <unknown>\n#5 0x56230366a05d <unknown>\n#6 0x56230368fc23 <unknown>\n#7 0x562303669e03 <unknown>\n#8 0x562303636968 <unknown>\n#9 0x5623036375e1 <unknown>\n#10 0x562303b41548 <unknown>\n#11 0x562303b45272 <unknown>\n#12 0x562303b28313 <unknown>\n#13 0x562303b45dc5 <unknown>\n#14 0x562303b0d49f <unknown>\n#15 0x562303b6a158 <unknown>\n#16 0x562303b6a332 <unknown>\n#17 0x562303b7ca53 <unknown>\n#18 0x7f4448c9caa4 <unknown>\n#19 0x7f4448d29c3c <unknown>\n\n",
          "statusTrace" : "  File \"/opt/hostedtoolcache/Python/3.12.3/x64/lib/python3.12/site-packages/allure_commons/_allure.py\", line 192, in impl\n    return func(*a, **kw)\n           ^^^^^^^^^^^^^^\n  File \"/home/runner/work/luma_project/luma_project/pages/base_page.py\", line 51, in element_is_present\n    return wait(self.driver, timeout).until(EC.presence_of_element_located(locator))\n           ^^^^^^^^^^^^^^^^^^^^^^^^^^^^^^^^^^^^^^^^^^^^^^^^^^^^^^^^^^^^^^^^^^^^^^^^^\n  File \"/opt/hostedtoolcache/Python/3.12.3/x64/lib/python3.12/site-packages/selenium/webdriver/support/wait.py\", line 95, in until\n    raise TimeoutException(message, screen, stacktrace)\n",
          "steps" : [ ],
          "attachments" : [ ],
          "parameters" : [ {
            "name" : "locator",
            "value" : "('css selector', \"label[for ='pass'] span\")"
          }, {
            "name" : "timeout",
            "value" : "5"
          } ],
          "stepsCount" : 0,
          "attachmentsCount" : 0,
          "shouldDisplayMessage" : true,
          "hasContent" : true
        } ],
        "attachments" : [ ],
        "parameters" : [ {
          "name" : "locator",
          "value" : "('css selector', \"label[for ='pass'] span\")"
        }, {
          "name" : "timeout",
          "value" : "10"
        } ],
        "stepsCount" : 1,
        "attachmentsCount" : 0,
        "shouldDisplayMessage" : false,
        "hasContent" : true
      } ],
      "attachments" : [ ],
      "parameters" : [ ],
      "stepsCount" : 2,
      "attachmentsCount" : 0,
      "shouldDisplayMessage" : false,
      "hasContent" : true
    } ],
    "attachments" : [ {
      "uid" : "5e642ce9e503d1d3",
      "name" : "Screenshot",
      "source" : "5e642ce9e503d1d3.png",
      "type" : "image/png",
      "size" : 23875
    }, {
      "uid" : "97a90bdfb61abeac",
      "name" : "HTML source",
      "source" : "97a90bdfb61abeac.html",
      "type" : "text/html",
      "size" : 786
    } ],
    "parameters" : [ ],
    "stepsCount" : 3,
    "attachmentsCount" : 2,
    "shouldDisplayMessage" : true,
    "hasContent" : true
  },
  "afterStages" : [ {
    "name" : "clear_allure_result_folder::0",
    "time" : {
      "start" : 1757901039531,
      "stop" : 1757901039531,
      "duration" : 0
    },
    "status" : "passed",
    "steps" : [ ],
    "attachments" : [ ],
    "parameters" : [ ],
    "stepsCount" : 0,
    "attachmentsCount" : 0,
    "shouldDisplayMessage" : false,
    "hasContent" : false
  }, {
    "name" : "driver::0",
    "time" : {
      "start" : 1757900699723,
      "stop" : 1757900699782,
      "duration" : 59
    },
    "status" : "passed",
    "steps" : [ ],
    "attachments" : [ ],
    "parameters" : [ ],
    "stepsCount" : 0,
    "attachmentsCount" : 0,
    "shouldDisplayMessage" : false,
    "hasContent" : false
  } ],
  "labels" : [ {
    "name" : "severity",
    "value" : "normal"
  }, {
    "name" : "epic",
    "value" : "Sign In Page"
  }, {
    "name" : "feature",
    "value" : "Registered Customers"
  }, {
    "name" : "parentSuite",
    "value" : "tests"
  }, {
    "name" : "suite",
    "value" : "test_sign_in"
  }, {
    "name" : "subSuite",
    "value" : "TestRegisteredCustomers"
  }, {
    "name" : "host",
    "value" : "runnervmf4ws1"
  }, {
    "name" : "thread",
    "value" : "3099-MainThread"
  }, {
    "name" : "framework",
    "value" : "pytest"
  }, {
    "name" : "language",
    "value" : "cpython3"
  }, {
    "name" : "package",
    "value" : "tests.test_sign_in"
  }, {
    "name" : "resultFormat",
    "value" : "allure2"
  } ],
  "parameters" : [ ],
  "links" : [ ],
  "hidden" : false,
  "retry" : false,
  "extra" : {
    "severity" : "normal",
    "retries" : [ ],
    "categories" : [ {
      "name" : "Test defects",
      "matchedStatuses" : [ ],
      "flaky" : false
    } ],
    "tags" : [ ]
  },
  "source" : "39e3ccf32e760ed9.json",
  "parameterValues" : [ ]
}