{
  "uid" : "3a4672e2536bbaff",
  "name" : "TC 13.01.52 - Check if block 3 'home-erin' in section 2 is clickablein the Promo Block on the main page",
  "fullName" : "tests.test_main_page.TestPromoBlock#test_tc_13_01_52_check_section2_block3_clickability",
  "historyId" : "2dd6059093f3a778171c7c1f2bca6ca4",
  "time" : {
    "start" : 1753061845506,
    "stop" : 1753061852149,
    "duration" : 6643
  },
  "description" : "This test checks if block 3 'home-erin' in section 2 in Promo Block under header is clickable",
  "descriptionHtml" : "<p>This test checks if block 3 'home-erin' in section 2 in Promo Block under header is clickable</p>\n",
  "status" : "broken",
  "statusMessage" : "selenium.common.exceptions.TimeoutException: Message: \nStacktrace:\n#0 0x55872af9e23a <unknown>\n#1 0x55872aa48ab0 <unknown>\n#2 0x55872aa9a6f0 <unknown>\n#3 0x55872aa9a8e1 <unknown>\n#4 0x55872aae8b94 <unknown>\n#5 0x55872aac01cd <unknown>\n#6 0x55872aae5fee <unknown>\n#7 0x55872aabff73 <unknown>\n#8 0x55872aa8caeb <unknown>\n#9 0x55872aa8d751 <unknown>\n#10 0x55872af62b4b <unknown>\n#11 0x55872af66929 <unknown>\n#12 0x55872af49929 <unknown>\n#13 0x55872af674e8 <unknown>\n#14 0x55872af2e0df <unknown>\n#15 0x55872af8b8e8 <unknown>\n#16 0x55872af8bac6 <unknown>\n#17 0x55872af9d556 <unknown>\n#18 0x7f55b509caa4 <unknown>\n#19 0x7f55b5129c3c <unknown>",
  "statusTrace" : "self = <test_main_page.TestMainPage.TestPromoBlock object at 0x7f933fb723f0>\ndriver = <selenium.webdriver.chrome.webdriver.WebDriver (session=\"727af3a67acc6ca99f0e65ab04d1257e\")>\n\n    @allure.title(\"TC 13.01.52 - Check if block 3 'home-erin' in section 2 is clickable\"\n                  \"in the Promo Block on the main page\")\n    def test_tc_13_01_52_check_section2_block3_clickability(self, driver):\n        \"\"\"This test checks if block 3 'home-erin' in section 2 in Promo Block under header is clickable\"\"\"\n        page = PromoBlock(driver, MAIN_PAGE_URL)\n        page.open()\n>       section2_block3 = page.check_section2_block3_clickability()\n\ntests/test_main_page.py:663: \n_ _ _ _ _ _ _ _ _ _ _ _ _ _ _ _ _ _ _ _ _ _ _ _ _ _ _ _ _ _ _ _ _ _ _ _ _ _ _ _ \npages/main_page.py:340: in check_section2_block3_clickability\n    section2_block3 = self.element_is_clickable(self.locators.SECTION_2_BLOCK_3)\npages/base_page.py:81: in element_is_clickable\n    return wait(self.driver, timeout).until(EC.element_to_be_clickable(locator))\n_ _ _ _ _ _ _ _ _ _ _ _ _ _ _ _ _ _ _ _ _ _ _ _ _ _ _ _ _ _ _ _ _ _ _ _ _ _ _ _ \n\nself = <selenium.webdriver.support.wait.WebDriverWait (session=\"727af3a67acc6ca99f0e65ab04d1257e\")>\nmethod = <function element_to_be_clickable.<locals>._predicate at 0x7f933f865d00>\nmessage = ''\n\n    def until(self, method, message: str = \"\"):\n        \"\"\"Calls the method provided with the driver as an argument until the \\\n        return value does not evaluate to ``False``.\n    \n        :param method: callable(WebDriver)\n        :param message: optional message for :exc:`TimeoutException`\n        :returns: the result of the last call to `method`\n        :raises: :exc:`selenium.common.exceptions.TimeoutException` if timeout occurs\n        \"\"\"\n        screen = None\n        stacktrace = None\n    \n        end_time = time.monotonic() + self._timeout\n        while True:\n            try:\n                value = method(self._driver)\n                if value:\n                    return value\n            except self._ignored_exceptions as exc:\n                screen = getattr(exc, \"screen\", None)\n                stacktrace = getattr(exc, \"stacktrace\", None)\n            time.sleep(self._poll)\n            if time.monotonic() > end_time:\n                break\n>       raise TimeoutException(message, screen, stacktrace)\nE       selenium.common.exceptions.TimeoutException: Message: \nE       Stacktrace:\nE       #0 0x55872af9e23a <unknown>\nE       #1 0x55872aa48ab0 <unknown>\nE       #2 0x55872aa9a6f0 <unknown>\nE       #3 0x55872aa9a8e1 <unknown>\nE       #4 0x55872aae8b94 <unknown>\nE       #5 0x55872aac01cd <unknown>\nE       #6 0x55872aae5fee <unknown>\nE       #7 0x55872aabff73 <unknown>\nE       #8 0x55872aa8caeb <unknown>\nE       #9 0x55872aa8d751 <unknown>\nE       #10 0x55872af62b4b <unknown>\nE       #11 0x55872af66929 <unknown>\nE       #12 0x55872af49929 <unknown>\nE       #13 0x55872af674e8 <unknown>\nE       #14 0x55872af2e0df <unknown>\nE       #15 0x55872af8b8e8 <unknown>\nE       #16 0x55872af8bac6 <unknown>\nE       #17 0x55872af9d556 <unknown>\nE       #18 0x7f55b509caa4 <unknown>\nE       #19 0x7f55b5129c3c <unknown>\n\n/opt/hostedtoolcache/Python/3.12.3/x64/lib/python3.12/site-packages/selenium/webdriver/support/wait.py:95: TimeoutException",
  "flaky" : false,
  "newFailed" : false,
  "beforeStages" : [ {
    "name" : "_session_faker",
    "time" : {
      "start" : 1753060870428,
      "stop" : 1753060870497,
      "duration" : 69
    },
    "status" : "passed",
    "steps" : [ ],
    "attachments" : [ ],
    "parameters" : [ ],
    "stepsCount" : 0,
    "attachmentsCount" : 0,
    "shouldDisplayMessage" : false,
    "hasContent" : false
  }, {
    "name" : "clear_allure_result_folder",
    "time" : {
      "start" : 1753060870497,
      "stop" : 1753060870497,
      "duration" : 0
    },
    "status" : "passed",
    "steps" : [ ],
    "attachments" : [ ],
    "parameters" : [ ],
    "stepsCount" : 0,
    "attachmentsCount" : 0,
    "shouldDisplayMessage" : false,
    "hasContent" : false
  }, {
    "name" : "driver",
    "time" : {
      "start" : 1753061844245,
      "stop" : 1753061845506,
      "duration" : 1261
    },
    "status" : "passed",
    "steps" : [ ],
    "attachments" : [ ],
    "parameters" : [ ],
    "stepsCount" : 0,
    "attachmentsCount" : 0,
    "shouldDisplayMessage" : false,
    "hasContent" : false
  } ],
  "testStage" : {
    "description" : "This test checks if block 3 'home-erin' in section 2 in Promo Block under header is clickable",
    "status" : "broken",
    "statusMessage" : "selenium.common.exceptions.TimeoutException: Message: \nStacktrace:\n#0 0x55872af9e23a <unknown>\n#1 0x55872aa48ab0 <unknown>\n#2 0x55872aa9a6f0 <unknown>\n#3 0x55872aa9a8e1 <unknown>\n#4 0x55872aae8b94 <unknown>\n#5 0x55872aac01cd <unknown>\n#6 0x55872aae5fee <unknown>\n#7 0x55872aabff73 <unknown>\n#8 0x55872aa8caeb <unknown>\n#9 0x55872aa8d751 <unknown>\n#10 0x55872af62b4b <unknown>\n#11 0x55872af66929 <unknown>\n#12 0x55872af49929 <unknown>\n#13 0x55872af674e8 <unknown>\n#14 0x55872af2e0df <unknown>\n#15 0x55872af8b8e8 <unknown>\n#16 0x55872af8bac6 <unknown>\n#17 0x55872af9d556 <unknown>\n#18 0x7f55b509caa4 <unknown>\n#19 0x7f55b5129c3c <unknown>",
    "statusTrace" : "self = <test_main_page.TestMainPage.TestPromoBlock object at 0x7f933fb723f0>\ndriver = <selenium.webdriver.chrome.webdriver.WebDriver (session=\"727af3a67acc6ca99f0e65ab04d1257e\")>\n\n    @allure.title(\"TC 13.01.52 - Check if block 3 'home-erin' in section 2 is clickable\"\n                  \"in the Promo Block on the main page\")\n    def test_tc_13_01_52_check_section2_block3_clickability(self, driver):\n        \"\"\"This test checks if block 3 'home-erin' in section 2 in Promo Block under header is clickable\"\"\"\n        page = PromoBlock(driver, MAIN_PAGE_URL)\n        page.open()\n>       section2_block3 = page.check_section2_block3_clickability()\n\ntests/test_main_page.py:663: \n_ _ _ _ _ _ _ _ _ _ _ _ _ _ _ _ _ _ _ _ _ _ _ _ _ _ _ _ _ _ _ _ _ _ _ _ _ _ _ _ \npages/main_page.py:340: in check_section2_block3_clickability\n    section2_block3 = self.element_is_clickable(self.locators.SECTION_2_BLOCK_3)\npages/base_page.py:81: in element_is_clickable\n    return wait(self.driver, timeout).until(EC.element_to_be_clickable(locator))\n_ _ _ _ _ _ _ _ _ _ _ _ _ _ _ _ _ _ _ _ _ _ _ _ _ _ _ _ _ _ _ _ _ _ _ _ _ _ _ _ \n\nself = <selenium.webdriver.support.wait.WebDriverWait (session=\"727af3a67acc6ca99f0e65ab04d1257e\")>\nmethod = <function element_to_be_clickable.<locals>._predicate at 0x7f933f865d00>\nmessage = ''\n\n    def until(self, method, message: str = \"\"):\n        \"\"\"Calls the method provided with the driver as an argument until the \\\n        return value does not evaluate to ``False``.\n    \n        :param method: callable(WebDriver)\n        :param message: optional message for :exc:`TimeoutException`\n        :returns: the result of the last call to `method`\n        :raises: :exc:`selenium.common.exceptions.TimeoutException` if timeout occurs\n        \"\"\"\n        screen = None\n        stacktrace = None\n    \n        end_time = time.monotonic() + self._timeout\n        while True:\n            try:\n                value = method(self._driver)\n                if value:\n                    return value\n            except self._ignored_exceptions as exc:\n                screen = getattr(exc, \"screen\", None)\n                stacktrace = getattr(exc, \"stacktrace\", None)\n            time.sleep(self._poll)\n            if time.monotonic() > end_time:\n                break\n>       raise TimeoutException(message, screen, stacktrace)\nE       selenium.common.exceptions.TimeoutException: Message: \nE       Stacktrace:\nE       #0 0x55872af9e23a <unknown>\nE       #1 0x55872aa48ab0 <unknown>\nE       #2 0x55872aa9a6f0 <unknown>\nE       #3 0x55872aa9a8e1 <unknown>\nE       #4 0x55872aae8b94 <unknown>\nE       #5 0x55872aac01cd <unknown>\nE       #6 0x55872aae5fee <unknown>\nE       #7 0x55872aabff73 <unknown>\nE       #8 0x55872aa8caeb <unknown>\nE       #9 0x55872aa8d751 <unknown>\nE       #10 0x55872af62b4b <unknown>\nE       #11 0x55872af66929 <unknown>\nE       #12 0x55872af49929 <unknown>\nE       #13 0x55872af674e8 <unknown>\nE       #14 0x55872af2e0df <unknown>\nE       #15 0x55872af8b8e8 <unknown>\nE       #16 0x55872af8bac6 <unknown>\nE       #17 0x55872af9d556 <unknown>\nE       #18 0x7f55b509caa4 <unknown>\nE       #19 0x7f55b5129c3c <unknown>\n\n/opt/hostedtoolcache/Python/3.12.3/x64/lib/python3.12/site-packages/selenium/webdriver/support/wait.py:95: TimeoutException",
    "steps" : [ {
      "name" : "Open a browser",
      "time" : {
        "start" : 1753061845506,
        "stop" : 1753061847028,
        "duration" : 1522
      },
      "status" : "passed",
      "steps" : [ ],
      "attachments" : [ ],
      "parameters" : [ ],
      "stepsCount" : 0,
      "attachmentsCount" : 0,
      "shouldDisplayMessage" : false,
      "hasContent" : false
    }, {
      "name" : "Check clickability of the block 3 'home-erin' in the section 2 in the Promo Block",
      "time" : {
        "start" : 1753061847028,
        "stop" : 1753061852148,
        "duration" : 5120
      },
      "status" : "broken",
      "statusMessage" : "selenium.common.exceptions.TimeoutException: Message: \nStacktrace:\n#0 0x55872af9e23a <unknown>\n#1 0x55872aa48ab0 <unknown>\n#2 0x55872aa9a6f0 <unknown>\n#3 0x55872aa9a8e1 <unknown>\n#4 0x55872aae8b94 <unknown>\n#5 0x55872aac01cd <unknown>\n#6 0x55872aae5fee <unknown>\n#7 0x55872aabff73 <unknown>\n#8 0x55872aa8caeb <unknown>\n#9 0x55872aa8d751 <unknown>\n#10 0x55872af62b4b <unknown>\n#11 0x55872af66929 <unknown>\n#12 0x55872af49929 <unknown>\n#13 0x55872af674e8 <unknown>\n#14 0x55872af2e0df <unknown>\n#15 0x55872af8b8e8 <unknown>\n#16 0x55872af8bac6 <unknown>\n#17 0x55872af9d556 <unknown>\n#18 0x7f55b509caa4 <unknown>\n#19 0x7f55b5129c3c <unknown>\n\n",
      "statusTrace" : "  File \"/opt/hostedtoolcache/Python/3.12.3/x64/lib/python3.12/site-packages/allure_commons/_allure.py\", line 192, in impl\n    return func(*a, **kw)\n           ^^^^^^^^^^^^^^\n  File \"/home/runner/work/luma_project/luma_project/pages/main_page.py\", line 340, in check_section2_block3_clickability\n    section2_block3 = self.element_is_clickable(self.locators.SECTION_2_BLOCK_3)\n                      ^^^^^^^^^^^^^^^^^^^^^^^^^^^^^^^^^^^^^^^^^^^^^^^^^^^^^^^^^^\n  File \"/opt/hostedtoolcache/Python/3.12.3/x64/lib/python3.12/site-packages/allure_commons/_allure.py\", line 192, in impl\n    return func(*a, **kw)\n           ^^^^^^^^^^^^^^\n  File \"/home/runner/work/luma_project/luma_project/pages/base_page.py\", line 81, in element_is_clickable\n    return wait(self.driver, timeout).until(EC.element_to_be_clickable(locator))\n           ^^^^^^^^^^^^^^^^^^^^^^^^^^^^^^^^^^^^^^^^^^^^^^^^^^^^^^^^^^^^^^^^^^^^^\n  File \"/opt/hostedtoolcache/Python/3.12.3/x64/lib/python3.12/site-packages/selenium/webdriver/support/wait.py\", line 95, in until\n    raise TimeoutException(message, screen, stacktrace)\n",
      "steps" : [ {
        "name" : "Find clickable elements",
        "time" : {
          "start" : 1753061847028,
          "stop" : 1753061852148,
          "duration" : 5120
        },
        "status" : "broken",
        "statusMessage" : "selenium.common.exceptions.TimeoutException: Message: \nStacktrace:\n#0 0x55872af9e23a <unknown>\n#1 0x55872aa48ab0 <unknown>\n#2 0x55872aa9a6f0 <unknown>\n#3 0x55872aa9a8e1 <unknown>\n#4 0x55872aae8b94 <unknown>\n#5 0x55872aac01cd <unknown>\n#6 0x55872aae5fee <unknown>\n#7 0x55872aabff73 <unknown>\n#8 0x55872aa8caeb <unknown>\n#9 0x55872aa8d751 <unknown>\n#10 0x55872af62b4b <unknown>\n#11 0x55872af66929 <unknown>\n#12 0x55872af49929 <unknown>\n#13 0x55872af674e8 <unknown>\n#14 0x55872af2e0df <unknown>\n#15 0x55872af8b8e8 <unknown>\n#16 0x55872af8bac6 <unknown>\n#17 0x55872af9d556 <unknown>\n#18 0x7f55b509caa4 <unknown>\n#19 0x7f55b5129c3c <unknown>\n\n",
        "statusTrace" : "  File \"/opt/hostedtoolcache/Python/3.12.3/x64/lib/python3.12/site-packages/allure_commons/_allure.py\", line 192, in impl\n    return func(*a, **kw)\n           ^^^^^^^^^^^^^^\n  File \"/home/runner/work/luma_project/luma_project/pages/base_page.py\", line 81, in element_is_clickable\n    return wait(self.driver, timeout).until(EC.element_to_be_clickable(locator))\n           ^^^^^^^^^^^^^^^^^^^^^^^^^^^^^^^^^^^^^^^^^^^^^^^^^^^^^^^^^^^^^^^^^^^^^\n  File \"/opt/hostedtoolcache/Python/3.12.3/x64/lib/python3.12/site-packages/selenium/webdriver/support/wait.py\", line 95, in until\n    raise TimeoutException(message, screen, stacktrace)\n",
        "steps" : [ ],
        "attachments" : [ ],
        "parameters" : [ {
          "name" : "locator",
          "value" : "('css selector', '.home-erin')"
        }, {
          "name" : "timeout",
          "value" : "5"
        } ],
        "stepsCount" : 0,
        "attachmentsCount" : 0,
        "shouldDisplayMessage" : true,
        "hasContent" : true
      } ],
      "attachments" : [ ],
      "parameters" : [ ],
      "stepsCount" : 1,
      "attachmentsCount" : 0,
      "shouldDisplayMessage" : false,
      "hasContent" : true
    } ],
    "attachments" : [ {
      "uid" : "3ebdb112e7e37e19",
      "name" : "Screenshot",
      "source" : "3ebdb112e7e37e19.png",
      "type" : "image/png",
      "size" : 232116
    }, {
      "uid" : "b3ab51d1ef7cbb6a",
      "name" : "HTML source",
      "source" : "b3ab51d1ef7cbb6a.html",
      "type" : "text/html",
      "size" : 207307
    } ],
    "parameters" : [ ],
    "stepsCount" : 3,
    "attachmentsCount" : 2,
    "shouldDisplayMessage" : true,
    "hasContent" : true
  },
  "afterStages" : [ {
    "name" : "clear_allure_result_folder::0",
    "time" : {
      "start" : 1753062650592,
      "stop" : 1753062650592,
      "duration" : 0
    },
    "status" : "passed",
    "steps" : [ ],
    "attachments" : [ ],
    "parameters" : [ ],
    "stepsCount" : 0,
    "attachmentsCount" : 0,
    "shouldDisplayMessage" : false,
    "hasContent" : false
  }, {
    "name" : "driver::0",
    "time" : {
      "start" : 1753061852329,
      "stop" : 1753061852399,
      "duration" : 70
    },
    "status" : "passed",
    "steps" : [ ],
    "attachments" : [ ],
    "parameters" : [ ],
    "stepsCount" : 0,
    "attachmentsCount" : 0,
    "shouldDisplayMessage" : false,
    "hasContent" : false
  } ],
  "labels" : [ {
    "name" : "epic",
    "value" : "Main Page"
  }, {
    "name" : "feature",
    "value" : "Promo Block Testing"
  }, {
    "name" : "parentSuite",
    "value" : "tests"
  }, {
    "name" : "suite",
    "value" : "test_main_page"
  }, {
    "name" : "subSuite",
    "value" : "TestMainPage"
  }, {
    "name" : "host",
    "value" : "pkrvmq0rgcvqdmg"
  }, {
    "name" : "thread",
    "value" : "2994-MainThread"
  }, {
    "name" : "framework",
    "value" : "pytest"
  }, {
    "name" : "language",
    "value" : "cpython3"
  }, {
    "name" : "package",
    "value" : "tests.test_main_page"
  }, {
    "name" : "resultFormat",
    "value" : "allure2"
  } ],
  "parameters" : [ ],
  "links" : [ ],
  "hidden" : false,
  "retry" : false,
  "extra" : {
    "severity" : "normal",
    "retries" : [ ],
    "categories" : [ {
      "name" : "Test defects",
      "matchedStatuses" : [ ],
      "flaky" : false
    } ],
    "tags" : [ ]
  },
  "source" : "3a4672e2536bbaff.json",
  "parameterValues" : [ ]
}