{
  "uid" : "3cdcbf5f52941e4f",
  "name" : "TC 03.01.08 Verify displayed email matches the entered email in Email field",
  "fullName" : "tests.test_sign_in.TestRegisteredCustomers#test_03_01_08_value_in_email_matches",
  "historyId" : "0527a5aa90b8948774702f21c0b679c3",
  "time" : {
    "start" : 1762134459625,
    "stop" : 1762134464726,
    "duration" : 5101
  },
  "description" : "Check if the displayed email matches the entered email in Email field",
  "descriptionHtml" : "<p>Check if the displayed email matches the entered email in Email field</p>\n",
  "status" : "broken",
  "statusMessage" : "selenium.common.exceptions.TimeoutException: Message: \nStacktrace:\n#0 0x56484f363aea <unknown>\n#1 0x56484edafcdb <unknown>\n#2 0x56484ee026c4 <unknown>\n#3 0x56484ee02901 <unknown>\n#4 0x56484ee518b4 <unknown>\n#5 0x56484ee4ec87 <unknown>\n#6 0x56484edf4aca <unknown>\n#7 0x56484edf57d1 <unknown>\n#8 0x56484f32aab9 <unknown>\n#9 0x56484f32da8c <unknown>\n#10 0x56484f313d49 <unknown>\n#11 0x56484f32e685 <unknown>\n#12 0x56484f2fb6c3 <unknown>\n#13 0x56484f3507d8 <unknown>\n#14 0x56484f3509b3 <unknown>\n#15 0x56484f362a83 <unknown>\n#16 0x7f3d7f69caa4 <unknown>\n#17 0x7f3d7f729c6c <unknown>",
  "statusTrace" : "self = <test_sign_in.TestRegisteredCustomers object at 0x7f69c97257c0>\ndriver = <selenium.webdriver.chrome.webdriver.WebDriver (session=\"d6175d52b59e653e0605cfde9d338977\")>\nsign_in_page = <pages.sign_in_page.SignInPage object at 0x7f69c94e32c0>\n\n    @allure.title('TC 03.01.08 Verify displayed email matches the entered email in Email field')\n    @allure.severity(allure.severity_level.CRITICAL)\n    def test_03_01_08_value_in_email_matches(self, driver, sign_in_page):\n        \"\"\"Check if the displayed email matches the entered email in Email field\"\"\"\n>       sign_in_page.fill_in_email_field(credentials['email'])\n\ntests/test_sign_in.py:87: \n_ _ _ _ _ _ _ _ _ _ _ _ _ _ _ _ _ _ _ _ _ _ _ _ _ _ _ _ _ _ _ _ _ _ _ _ _ _ _ _ \npages/sign_in_page.py:54: in fill_in_email_field\n    self.fill_in_field(self.check_customer_email_field_is_clickable(), email)\npages/sign_in_page.py:41: in check_customer_email_field_is_clickable\n    return self.element_is_clickable(self.locators.CUSTOMER_EMAIL)\npages/base_page.py:81: in element_is_clickable\n    return wait(self.driver, timeout).until(EC.element_to_be_clickable(locator))\n_ _ _ _ _ _ _ _ _ _ _ _ _ _ _ _ _ _ _ _ _ _ _ _ _ _ _ _ _ _ _ _ _ _ _ _ _ _ _ _ \n\nself = <selenium.webdriver.support.wait.WebDriverWait (session=\"d6175d52b59e653e0605cfde9d338977\")>\nmethod = <function element_to_be_clickable.<locals>._predicate at 0x7f69c91d58a0>\nmessage = ''\n\n    def until(self, method, message: str = \"\"):\n        \"\"\"Calls the method provided with the driver as an argument until the \\\n        return value does not evaluate to ``False``.\n    \n        :param method: callable(WebDriver)\n        :param message: optional message for :exc:`TimeoutException`\n        :returns: the result of the last call to `method`\n        :raises: :exc:`selenium.common.exceptions.TimeoutException` if timeout occurs\n        \"\"\"\n        screen = None\n        stacktrace = None\n    \n        end_time = time.monotonic() + self._timeout\n        while True:\n            try:\n                value = method(self._driver)\n                if value:\n                    return value\n            except self._ignored_exceptions as exc:\n                screen = getattr(exc, \"screen\", None)\n                stacktrace = getattr(exc, \"stacktrace\", None)\n            time.sleep(self._poll)\n            if time.monotonic() > end_time:\n                break\n>       raise TimeoutException(message, screen, stacktrace)\nE       selenium.common.exceptions.TimeoutException: Message: \nE       Stacktrace:\nE       #0 0x56484f363aea <unknown>\nE       #1 0x56484edafcdb <unknown>\nE       #2 0x56484ee026c4 <unknown>\nE       #3 0x56484ee02901 <unknown>\nE       #4 0x56484ee518b4 <unknown>\nE       #5 0x56484ee4ec87 <unknown>\nE       #6 0x56484edf4aca <unknown>\nE       #7 0x56484edf57d1 <unknown>\nE       #8 0x56484f32aab9 <unknown>\nE       #9 0x56484f32da8c <unknown>\nE       #10 0x56484f313d49 <unknown>\nE       #11 0x56484f32e685 <unknown>\nE       #12 0x56484f2fb6c3 <unknown>\nE       #13 0x56484f3507d8 <unknown>\nE       #14 0x56484f3509b3 <unknown>\nE       #15 0x56484f362a83 <unknown>\nE       #16 0x7f3d7f69caa4 <unknown>\nE       #17 0x7f3d7f729c6c <unknown>\n\n/opt/hostedtoolcache/Python/3.12.3/x64/lib/python3.12/site-packages/selenium/webdriver/support/wait.py:95: TimeoutException",
  "flaky" : false,
  "newFailed" : false,
  "beforeStages" : [ {
    "name" : "_session_faker",
    "time" : {
      "start" : 1762132384015,
      "stop" : 1762132384084,
      "duration" : 69
    },
    "status" : "passed",
    "steps" : [ ],
    "attachments" : [ ],
    "parameters" : [ ],
    "stepsCount" : 0,
    "attachmentsCount" : 0,
    "shouldDisplayMessage" : false,
    "hasContent" : false
  }, {
    "name" : "driver",
    "time" : {
      "start" : 1762134458119,
      "stop" : 1762134459373,
      "duration" : 1254
    },
    "status" : "passed",
    "steps" : [ ],
    "attachments" : [ ],
    "parameters" : [ ],
    "stepsCount" : 0,
    "attachmentsCount" : 0,
    "shouldDisplayMessage" : false,
    "hasContent" : false
  }, {
    "name" : "clear_allure_result_folder",
    "time" : {
      "start" : 1762132384084,
      "stop" : 1762132384084,
      "duration" : 0
    },
    "status" : "passed",
    "steps" : [ ],
    "attachments" : [ ],
    "parameters" : [ ],
    "stepsCount" : 0,
    "attachmentsCount" : 0,
    "shouldDisplayMessage" : false,
    "hasContent" : false
  }, {
    "name" : "sign_in_page",
    "time" : {
      "start" : 1762134459374,
      "stop" : 1762134459625,
      "duration" : 251
    },
    "status" : "passed",
    "steps" : [ {
      "name" : "Open a browser",
      "time" : {
        "start" : 1762134459374,
        "stop" : 1762134459625,
        "duration" : 251
      },
      "status" : "passed",
      "steps" : [ ],
      "attachments" : [ ],
      "parameters" : [ ],
      "stepsCount" : 0,
      "attachmentsCount" : 0,
      "shouldDisplayMessage" : false,
      "hasContent" : false
    } ],
    "attachments" : [ ],
    "parameters" : [ ],
    "stepsCount" : 1,
    "attachmentsCount" : 0,
    "shouldDisplayMessage" : false,
    "hasContent" : true
  } ],
  "testStage" : {
    "description" : "Check if the displayed email matches the entered email in Email field",
    "status" : "broken",
    "statusMessage" : "selenium.common.exceptions.TimeoutException: Message: \nStacktrace:\n#0 0x56484f363aea <unknown>\n#1 0x56484edafcdb <unknown>\n#2 0x56484ee026c4 <unknown>\n#3 0x56484ee02901 <unknown>\n#4 0x56484ee518b4 <unknown>\n#5 0x56484ee4ec87 <unknown>\n#6 0x56484edf4aca <unknown>\n#7 0x56484edf57d1 <unknown>\n#8 0x56484f32aab9 <unknown>\n#9 0x56484f32da8c <unknown>\n#10 0x56484f313d49 <unknown>\n#11 0x56484f32e685 <unknown>\n#12 0x56484f2fb6c3 <unknown>\n#13 0x56484f3507d8 <unknown>\n#14 0x56484f3509b3 <unknown>\n#15 0x56484f362a83 <unknown>\n#16 0x7f3d7f69caa4 <unknown>\n#17 0x7f3d7f729c6c <unknown>",
    "statusTrace" : "self = <test_sign_in.TestRegisteredCustomers object at 0x7f69c97257c0>\ndriver = <selenium.webdriver.chrome.webdriver.WebDriver (session=\"d6175d52b59e653e0605cfde9d338977\")>\nsign_in_page = <pages.sign_in_page.SignInPage object at 0x7f69c94e32c0>\n\n    @allure.title('TC 03.01.08 Verify displayed email matches the entered email in Email field')\n    @allure.severity(allure.severity_level.CRITICAL)\n    def test_03_01_08_value_in_email_matches(self, driver, sign_in_page):\n        \"\"\"Check if the displayed email matches the entered email in Email field\"\"\"\n>       sign_in_page.fill_in_email_field(credentials['email'])\n\ntests/test_sign_in.py:87: \n_ _ _ _ _ _ _ _ _ _ _ _ _ _ _ _ _ _ _ _ _ _ _ _ _ _ _ _ _ _ _ _ _ _ _ _ _ _ _ _ \npages/sign_in_page.py:54: in fill_in_email_field\n    self.fill_in_field(self.check_customer_email_field_is_clickable(), email)\npages/sign_in_page.py:41: in check_customer_email_field_is_clickable\n    return self.element_is_clickable(self.locators.CUSTOMER_EMAIL)\npages/base_page.py:81: in element_is_clickable\n    return wait(self.driver, timeout).until(EC.element_to_be_clickable(locator))\n_ _ _ _ _ _ _ _ _ _ _ _ _ _ _ _ _ _ _ _ _ _ _ _ _ _ _ _ _ _ _ _ _ _ _ _ _ _ _ _ \n\nself = <selenium.webdriver.support.wait.WebDriverWait (session=\"d6175d52b59e653e0605cfde9d338977\")>\nmethod = <function element_to_be_clickable.<locals>._predicate at 0x7f69c91d58a0>\nmessage = ''\n\n    def until(self, method, message: str = \"\"):\n        \"\"\"Calls the method provided with the driver as an argument until the \\\n        return value does not evaluate to ``False``.\n    \n        :param method: callable(WebDriver)\n        :param message: optional message for :exc:`TimeoutException`\n        :returns: the result of the last call to `method`\n        :raises: :exc:`selenium.common.exceptions.TimeoutException` if timeout occurs\n        \"\"\"\n        screen = None\n        stacktrace = None\n    \n        end_time = time.monotonic() + self._timeout\n        while True:\n            try:\n                value = method(self._driver)\n                if value:\n                    return value\n            except self._ignored_exceptions as exc:\n                screen = getattr(exc, \"screen\", None)\n                stacktrace = getattr(exc, \"stacktrace\", None)\n            time.sleep(self._poll)\n            if time.monotonic() > end_time:\n                break\n>       raise TimeoutException(message, screen, stacktrace)\nE       selenium.common.exceptions.TimeoutException: Message: \nE       Stacktrace:\nE       #0 0x56484f363aea <unknown>\nE       #1 0x56484edafcdb <unknown>\nE       #2 0x56484ee026c4 <unknown>\nE       #3 0x56484ee02901 <unknown>\nE       #4 0x56484ee518b4 <unknown>\nE       #5 0x56484ee4ec87 <unknown>\nE       #6 0x56484edf4aca <unknown>\nE       #7 0x56484edf57d1 <unknown>\nE       #8 0x56484f32aab9 <unknown>\nE       #9 0x56484f32da8c <unknown>\nE       #10 0x56484f313d49 <unknown>\nE       #11 0x56484f32e685 <unknown>\nE       #12 0x56484f2fb6c3 <unknown>\nE       #13 0x56484f3507d8 <unknown>\nE       #14 0x56484f3509b3 <unknown>\nE       #15 0x56484f362a83 <unknown>\nE       #16 0x7f3d7f69caa4 <unknown>\nE       #17 0x7f3d7f729c6c <unknown>\n\n/opt/hostedtoolcache/Python/3.12.3/x64/lib/python3.12/site-packages/selenium/webdriver/support/wait.py:95: TimeoutException",
    "steps" : [ {
      "name" : "Fill in Email field",
      "time" : {
        "start" : 1762134459625,
        "stop" : 1762134464725,
        "duration" : 5100
      },
      "status" : "broken",
      "statusMessage" : "selenium.common.exceptions.TimeoutException: Message: \nStacktrace:\n#0 0x56484f363aea <unknown>\n#1 0x56484edafcdb <unknown>\n#2 0x56484ee026c4 <unknown>\n#3 0x56484ee02901 <unknown>\n#4 0x56484ee518b4 <unknown>\n#5 0x56484ee4ec87 <unknown>\n#6 0x56484edf4aca <unknown>\n#7 0x56484edf57d1 <unknown>\n#8 0x56484f32aab9 <unknown>\n#9 0x56484f32da8c <unknown>\n#10 0x56484f313d49 <unknown>\n#11 0x56484f32e685 <unknown>\n#12 0x56484f2fb6c3 <unknown>\n#13 0x56484f3507d8 <unknown>\n#14 0x56484f3509b3 <unknown>\n#15 0x56484f362a83 <unknown>\n#16 0x7f3d7f69caa4 <unknown>\n#17 0x7f3d7f729c6c <unknown>\n\n",
      "statusTrace" : "  File \"/opt/hostedtoolcache/Python/3.12.3/x64/lib/python3.12/site-packages/allure_commons/_allure.py\", line 192, in impl\n    return func(*a, **kw)\n           ^^^^^^^^^^^^^^\n  File \"/home/runner/work/luma_project/luma_project/pages/sign_in_page.py\", line 54, in fill_in_email_field\n    self.fill_in_field(self.check_customer_email_field_is_clickable(), email)\n                       ^^^^^^^^^^^^^^^^^^^^^^^^^^^^^^^^^^^^^^^^^^^^^^\n  File \"/opt/hostedtoolcache/Python/3.12.3/x64/lib/python3.12/site-packages/allure_commons/_allure.py\", line 192, in impl\n    return func(*a, **kw)\n           ^^^^^^^^^^^^^^\n  File \"/home/runner/work/luma_project/luma_project/pages/sign_in_page.py\", line 41, in check_customer_email_field_is_clickable\n    return self.element_is_clickable(self.locators.CUSTOMER_EMAIL)\n           ^^^^^^^^^^^^^^^^^^^^^^^^^^^^^^^^^^^^^^^^^^^^^^^^^^^^^^^\n  File \"/opt/hostedtoolcache/Python/3.12.3/x64/lib/python3.12/site-packages/allure_commons/_allure.py\", line 192, in impl\n    return func(*a, **kw)\n           ^^^^^^^^^^^^^^\n  File \"/home/runner/work/luma_project/luma_project/pages/base_page.py\", line 81, in element_is_clickable\n    return wait(self.driver, timeout).until(EC.element_to_be_clickable(locator))\n           ^^^^^^^^^^^^^^^^^^^^^^^^^^^^^^^^^^^^^^^^^^^^^^^^^^^^^^^^^^^^^^^^^^^^^\n  File \"/opt/hostedtoolcache/Python/3.12.3/x64/lib/python3.12/site-packages/selenium/webdriver/support/wait.py\", line 95, in until\n    raise TimeoutException(message, screen, stacktrace)\n",
      "steps" : [ {
        "name" : "Check Email field is clickable",
        "time" : {
          "start" : 1762134459625,
          "stop" : 1762134464725,
          "duration" : 5100
        },
        "status" : "broken",
        "statusMessage" : "selenium.common.exceptions.TimeoutException: Message: \nStacktrace:\n#0 0x56484f363aea <unknown>\n#1 0x56484edafcdb <unknown>\n#2 0x56484ee026c4 <unknown>\n#3 0x56484ee02901 <unknown>\n#4 0x56484ee518b4 <unknown>\n#5 0x56484ee4ec87 <unknown>\n#6 0x56484edf4aca <unknown>\n#7 0x56484edf57d1 <unknown>\n#8 0x56484f32aab9 <unknown>\n#9 0x56484f32da8c <unknown>\n#10 0x56484f313d49 <unknown>\n#11 0x56484f32e685 <unknown>\n#12 0x56484f2fb6c3 <unknown>\n#13 0x56484f3507d8 <unknown>\n#14 0x56484f3509b3 <unknown>\n#15 0x56484f362a83 <unknown>\n#16 0x7f3d7f69caa4 <unknown>\n#17 0x7f3d7f729c6c <unknown>\n\n",
        "statusTrace" : "  File \"/opt/hostedtoolcache/Python/3.12.3/x64/lib/python3.12/site-packages/allure_commons/_allure.py\", line 192, in impl\n    return func(*a, **kw)\n           ^^^^^^^^^^^^^^\n  File \"/home/runner/work/luma_project/luma_project/pages/sign_in_page.py\", line 41, in check_customer_email_field_is_clickable\n    return self.element_is_clickable(self.locators.CUSTOMER_EMAIL)\n           ^^^^^^^^^^^^^^^^^^^^^^^^^^^^^^^^^^^^^^^^^^^^^^^^^^^^^^^\n  File \"/opt/hostedtoolcache/Python/3.12.3/x64/lib/python3.12/site-packages/allure_commons/_allure.py\", line 192, in impl\n    return func(*a, **kw)\n           ^^^^^^^^^^^^^^\n  File \"/home/runner/work/luma_project/luma_project/pages/base_page.py\", line 81, in element_is_clickable\n    return wait(self.driver, timeout).until(EC.element_to_be_clickable(locator))\n           ^^^^^^^^^^^^^^^^^^^^^^^^^^^^^^^^^^^^^^^^^^^^^^^^^^^^^^^^^^^^^^^^^^^^^\n  File \"/opt/hostedtoolcache/Python/3.12.3/x64/lib/python3.12/site-packages/selenium/webdriver/support/wait.py\", line 95, in until\n    raise TimeoutException(message, screen, stacktrace)\n",
        "steps" : [ {
          "name" : "Find clickable elements",
          "time" : {
            "start" : 1762134459625,
            "stop" : 1762134464725,
            "duration" : 5100
          },
          "status" : "broken",
          "statusMessage" : "selenium.common.exceptions.TimeoutException: Message: \nStacktrace:\n#0 0x56484f363aea <unknown>\n#1 0x56484edafcdb <unknown>\n#2 0x56484ee026c4 <unknown>\n#3 0x56484ee02901 <unknown>\n#4 0x56484ee518b4 <unknown>\n#5 0x56484ee4ec87 <unknown>\n#6 0x56484edf4aca <unknown>\n#7 0x56484edf57d1 <unknown>\n#8 0x56484f32aab9 <unknown>\n#9 0x56484f32da8c <unknown>\n#10 0x56484f313d49 <unknown>\n#11 0x56484f32e685 <unknown>\n#12 0x56484f2fb6c3 <unknown>\n#13 0x56484f3507d8 <unknown>\n#14 0x56484f3509b3 <unknown>\n#15 0x56484f362a83 <unknown>\n#16 0x7f3d7f69caa4 <unknown>\n#17 0x7f3d7f729c6c <unknown>\n\n",
          "statusTrace" : "  File \"/opt/hostedtoolcache/Python/3.12.3/x64/lib/python3.12/site-packages/allure_commons/_allure.py\", line 192, in impl\n    return func(*a, **kw)\n           ^^^^^^^^^^^^^^\n  File \"/home/runner/work/luma_project/luma_project/pages/base_page.py\", line 81, in element_is_clickable\n    return wait(self.driver, timeout).until(EC.element_to_be_clickable(locator))\n           ^^^^^^^^^^^^^^^^^^^^^^^^^^^^^^^^^^^^^^^^^^^^^^^^^^^^^^^^^^^^^^^^^^^^^\n  File \"/opt/hostedtoolcache/Python/3.12.3/x64/lib/python3.12/site-packages/selenium/webdriver/support/wait.py\", line 95, in until\n    raise TimeoutException(message, screen, stacktrace)\n",
          "steps" : [ ],
          "attachments" : [ ],
          "parameters" : [ {
            "name" : "locator",
            "value" : "('css selector', '#email')"
          }, {
            "name" : "timeout",
            "value" : "5"
          } ],
          "stepsCount" : 0,
          "attachmentsCount" : 0,
          "shouldDisplayMessage" : true,
          "hasContent" : true
        } ],
        "attachments" : [ ],
        "parameters" : [ ],
        "stepsCount" : 1,
        "attachmentsCount" : 0,
        "shouldDisplayMessage" : false,
        "hasContent" : true
      } ],
      "attachments" : [ ],
      "parameters" : [ {
        "name" : "email",
        "value" : "'teston120@mailinator.com'"
      } ],
      "stepsCount" : 2,
      "attachmentsCount" : 0,
      "shouldDisplayMessage" : false,
      "hasContent" : true
    } ],
    "attachments" : [ {
      "uid" : "f7e2532ad81587af",
      "name" : "Screenshot",
      "source" : "f7e2532ad81587af.png",
      "type" : "image/png",
      "size" : 23875
    }, {
      "uid" : "d07e9b1bc96afc3",
      "name" : "HTML source",
      "source" : "d07e9b1bc96afc3.html",
      "type" : "text/html",
      "size" : 1433
    } ],
    "parameters" : [ ],
    "stepsCount" : 3,
    "attachmentsCount" : 2,
    "shouldDisplayMessage" : true,
    "hasContent" : true
  },
  "afterStages" : [ {
    "name" : "driver::0",
    "time" : {
      "start" : 1762134464801,
      "stop" : 1762134464863,
      "duration" : 62
    },
    "status" : "passed",
    "steps" : [ ],
    "attachments" : [ ],
    "parameters" : [ ],
    "stepsCount" : 0,
    "attachmentsCount" : 0,
    "shouldDisplayMessage" : false,
    "hasContent" : false
  }, {
    "name" : "clear_allure_result_folder::0",
    "time" : {
      "start" : 1762134831241,
      "stop" : 1762134831241,
      "duration" : 0
    },
    "status" : "passed",
    "steps" : [ ],
    "attachments" : [ ],
    "parameters" : [ ],
    "stepsCount" : 0,
    "attachmentsCount" : 0,
    "shouldDisplayMessage" : false,
    "hasContent" : false
  } ],
  "labels" : [ {
    "name" : "epic",
    "value" : "Sign In Page"
  }, {
    "name" : "severity",
    "value" : "critical"
  }, {
    "name" : "feature",
    "value" : "Registered Customers"
  }, {
    "name" : "parentSuite",
    "value" : "tests"
  }, {
    "name" : "suite",
    "value" : "test_sign_in"
  }, {
    "name" : "subSuite",
    "value" : "TestRegisteredCustomers"
  }, {
    "name" : "host",
    "value" : "runnervmf2e7y"
  }, {
    "name" : "thread",
    "value" : "3807-MainThread"
  }, {
    "name" : "framework",
    "value" : "pytest"
  }, {
    "name" : "language",
    "value" : "cpython3"
  }, {
    "name" : "package",
    "value" : "tests.test_sign_in"
  }, {
    "name" : "resultFormat",
    "value" : "allure2"
  } ],
  "parameters" : [ ],
  "links" : [ ],
  "hidden" : false,
  "retry" : false,
  "extra" : {
    "severity" : "critical",
    "retries" : [ ],
    "categories" : [ {
      "name" : "Test defects",
      "matchedStatuses" : [ ],
      "flaky" : false
    } ],
    "tags" : [ ]
  },
  "source" : "3cdcbf5f52941e4f.json",
  "parameterValues" : [ ]
}