{
  "uid" : "3ceb20ba21769de4",
  "name" : "TC 02.01.15 - Check if Advanced Search link is clickable on each page specified in DATA_1",
  "fullName" : "tests.test_footer.TestFooter#test_tc_02_01_15_check_clickability_of_advanced_search_link_on_pages",
  "historyId" : "9e4bcdb9ed37b97ee9619dacba478ea2",
  "time" : {
    "start" : 1760318189233,
    "stop" : 1760318194581,
    "duration" : 5348
  },
  "description" : "This test checks if Advanced Search link is clickable on each page specified in DATA_1",
  "descriptionHtml" : "<p>This test checks if Advanced Search link is clickable on each page specified in DATA_1</p>\n",
  "status" : "broken",
  "statusMessage" : "selenium.common.exceptions.TimeoutException: Message: \nStacktrace:\n#0 0x5599340e1fba <unknown>\n#1 0x559933b666d0 <unknown>\n#2 0x559933bb82aa <unknown>\n#3 0x559933bb8541 <unknown>\n#4 0x559933c066c4 <unknown>\n#5 0x559933bdde5d <unknown>\n#6 0x559933c03b54 <unknown>\n#7 0x559933bddc03 <unknown>\n#8 0x559933baa7a8 <unknown>\n#9 0x559933bab421 <unknown>\n#10 0x5599340a6b28 <unknown>\n#11 0x5599340aa87f <unknown>\n#12 0x55993408ec49 <unknown>\n#13 0x5599340ab405 <unknown>\n#14 0x5599340744ff <unknown>\n#15 0x5599340cf258 <unknown>\n#16 0x5599340cf432 <unknown>\n#17 0x5599340e0fa3 <unknown>\n#18 0x7fbe1209caa4 <unknown>\n#19 0x7fbe12129c6c <unknown>",
  "statusTrace" : "self = <test_footer.TestFooter object at 0x7f4205eb0770>\ndriver = <selenium.webdriver.chrome.webdriver.WebDriver (session=\"a24301ee4da634b12aa61527512431c4\")>\nURL = 'https://magento.softwaretestingboard.com/what-is-new.html'\n\n    @allure.title(\"TC 02.01.15 - Check if Advanced Search link is clickable on each page specified in DATA_1\")\n    @pytest.mark.parametrize('URL', DATA_1)\n    def test_tc_02_01_15_check_clickability_of_advanced_search_link_on_pages(self, driver, URL):\n        \"\"\"This test checks if Advanced Search link is clickable on each page specified in DATA_1\"\"\"\n        page = FooterPage(driver, url=URL)\n        page.open()\n>       advanced_search_link = page.check_advanced_search_link_clickability()\n\ntests/test_footer.py:144: \n_ _ _ _ _ _ _ _ _ _ _ _ _ _ _ _ _ _ _ _ _ _ _ _ _ _ _ _ _ _ _ _ _ _ _ _ _ _ _ _ \npages/footer_page.py:189: in check_advanced_search_link_clickability\n    return self.element_is_clickable(self.footer_locators.ADVANCED_SEARCH_LINK)\npages/base_page.py:81: in element_is_clickable\n    return wait(self.driver, timeout).until(EC.element_to_be_clickable(locator))\n_ _ _ _ _ _ _ _ _ _ _ _ _ _ _ _ _ _ _ _ _ _ _ _ _ _ _ _ _ _ _ _ _ _ _ _ _ _ _ _ \n\nself = <selenium.webdriver.support.wait.WebDriverWait (session=\"a24301ee4da634b12aa61527512431c4\")>\nmethod = <function element_to_be_clickable.<locals>._predicate at 0x7f4205c0b880>\nmessage = ''\n\n    def until(self, method, message: str = \"\"):\n        \"\"\"Calls the method provided with the driver as an argument until the \\\n        return value does not evaluate to ``False``.\n    \n        :param method: callable(WebDriver)\n        :param message: optional message for :exc:`TimeoutException`\n        :returns: the result of the last call to `method`\n        :raises: :exc:`selenium.common.exceptions.TimeoutException` if timeout occurs\n        \"\"\"\n        screen = None\n        stacktrace = None\n    \n        end_time = time.monotonic() + self._timeout\n        while True:\n            try:\n                value = method(self._driver)\n                if value:\n                    return value\n            except self._ignored_exceptions as exc:\n                screen = getattr(exc, \"screen\", None)\n                stacktrace = getattr(exc, \"stacktrace\", None)\n            time.sleep(self._poll)\n            if time.monotonic() > end_time:\n                break\n>       raise TimeoutException(message, screen, stacktrace)\nE       selenium.common.exceptions.TimeoutException: Message: \nE       Stacktrace:\nE       #0 0x5599340e1fba <unknown>\nE       #1 0x559933b666d0 <unknown>\nE       #2 0x559933bb82aa <unknown>\nE       #3 0x559933bb8541 <unknown>\nE       #4 0x559933c066c4 <unknown>\nE       #5 0x559933bdde5d <unknown>\nE       #6 0x559933c03b54 <unknown>\nE       #7 0x559933bddc03 <unknown>\nE       #8 0x559933baa7a8 <unknown>\nE       #9 0x559933bab421 <unknown>\nE       #10 0x5599340a6b28 <unknown>\nE       #11 0x5599340aa87f <unknown>\nE       #12 0x55993408ec49 <unknown>\nE       #13 0x5599340ab405 <unknown>\nE       #14 0x5599340744ff <unknown>\nE       #15 0x5599340cf258 <unknown>\nE       #16 0x5599340cf432 <unknown>\nE       #17 0x5599340e0fa3 <unknown>\nE       #18 0x7fbe1209caa4 <unknown>\nE       #19 0x7fbe12129c6c <unknown>\n\n/opt/hostedtoolcache/Python/3.12.3/x64/lib/python3.12/site-packages/selenium/webdriver/support/wait.py:95: TimeoutException",
  "flaky" : false,
  "newFailed" : false,
  "beforeStages" : [ {
    "name" : "driver",
    "time" : {
      "start" : 1760318187982,
      "stop" : 1760318189233,
      "duration" : 1251
    },
    "status" : "passed",
    "steps" : [ ],
    "attachments" : [ ],
    "parameters" : [ ],
    "stepsCount" : 0,
    "attachmentsCount" : 0,
    "shouldDisplayMessage" : false,
    "hasContent" : false
  }, {
    "name" : "clear_allure_result_folder",
    "time" : {
      "start" : 1760317852254,
      "stop" : 1760317852255,
      "duration" : 1
    },
    "status" : "passed",
    "steps" : [ ],
    "attachments" : [ ],
    "parameters" : [ ],
    "stepsCount" : 0,
    "attachmentsCount" : 0,
    "shouldDisplayMessage" : false,
    "hasContent" : false
  }, {
    "name" : "_session_faker",
    "time" : {
      "start" : 1760317852186,
      "stop" : 1760317852254,
      "duration" : 68
    },
    "status" : "passed",
    "steps" : [ ],
    "attachments" : [ ],
    "parameters" : [ ],
    "stepsCount" : 0,
    "attachmentsCount" : 0,
    "shouldDisplayMessage" : false,
    "hasContent" : false
  } ],
  "testStage" : {
    "description" : "This test checks if Advanced Search link is clickable on each page specified in DATA_1",
    "status" : "broken",
    "statusMessage" : "selenium.common.exceptions.TimeoutException: Message: \nStacktrace:\n#0 0x5599340e1fba <unknown>\n#1 0x559933b666d0 <unknown>\n#2 0x559933bb82aa <unknown>\n#3 0x559933bb8541 <unknown>\n#4 0x559933c066c4 <unknown>\n#5 0x559933bdde5d <unknown>\n#6 0x559933c03b54 <unknown>\n#7 0x559933bddc03 <unknown>\n#8 0x559933baa7a8 <unknown>\n#9 0x559933bab421 <unknown>\n#10 0x5599340a6b28 <unknown>\n#11 0x5599340aa87f <unknown>\n#12 0x55993408ec49 <unknown>\n#13 0x5599340ab405 <unknown>\n#14 0x5599340744ff <unknown>\n#15 0x5599340cf258 <unknown>\n#16 0x5599340cf432 <unknown>\n#17 0x5599340e0fa3 <unknown>\n#18 0x7fbe1209caa4 <unknown>\n#19 0x7fbe12129c6c <unknown>",
    "statusTrace" : "self = <test_footer.TestFooter object at 0x7f4205eb0770>\ndriver = <selenium.webdriver.chrome.webdriver.WebDriver (session=\"a24301ee4da634b12aa61527512431c4\")>\nURL = 'https://magento.softwaretestingboard.com/what-is-new.html'\n\n    @allure.title(\"TC 02.01.15 - Check if Advanced Search link is clickable on each page specified in DATA_1\")\n    @pytest.mark.parametrize('URL', DATA_1)\n    def test_tc_02_01_15_check_clickability_of_advanced_search_link_on_pages(self, driver, URL):\n        \"\"\"This test checks if Advanced Search link is clickable on each page specified in DATA_1\"\"\"\n        page = FooterPage(driver, url=URL)\n        page.open()\n>       advanced_search_link = page.check_advanced_search_link_clickability()\n\ntests/test_footer.py:144: \n_ _ _ _ _ _ _ _ _ _ _ _ _ _ _ _ _ _ _ _ _ _ _ _ _ _ _ _ _ _ _ _ _ _ _ _ _ _ _ _ \npages/footer_page.py:189: in check_advanced_search_link_clickability\n    return self.element_is_clickable(self.footer_locators.ADVANCED_SEARCH_LINK)\npages/base_page.py:81: in element_is_clickable\n    return wait(self.driver, timeout).until(EC.element_to_be_clickable(locator))\n_ _ _ _ _ _ _ _ _ _ _ _ _ _ _ _ _ _ _ _ _ _ _ _ _ _ _ _ _ _ _ _ _ _ _ _ _ _ _ _ \n\nself = <selenium.webdriver.support.wait.WebDriverWait (session=\"a24301ee4da634b12aa61527512431c4\")>\nmethod = <function element_to_be_clickable.<locals>._predicate at 0x7f4205c0b880>\nmessage = ''\n\n    def until(self, method, message: str = \"\"):\n        \"\"\"Calls the method provided with the driver as an argument until the \\\n        return value does not evaluate to ``False``.\n    \n        :param method: callable(WebDriver)\n        :param message: optional message for :exc:`TimeoutException`\n        :returns: the result of the last call to `method`\n        :raises: :exc:`selenium.common.exceptions.TimeoutException` if timeout occurs\n        \"\"\"\n        screen = None\n        stacktrace = None\n    \n        end_time = time.monotonic() + self._timeout\n        while True:\n            try:\n                value = method(self._driver)\n                if value:\n                    return value\n            except self._ignored_exceptions as exc:\n                screen = getattr(exc, \"screen\", None)\n                stacktrace = getattr(exc, \"stacktrace\", None)\n            time.sleep(self._poll)\n            if time.monotonic() > end_time:\n                break\n>       raise TimeoutException(message, screen, stacktrace)\nE       selenium.common.exceptions.TimeoutException: Message: \nE       Stacktrace:\nE       #0 0x5599340e1fba <unknown>\nE       #1 0x559933b666d0 <unknown>\nE       #2 0x559933bb82aa <unknown>\nE       #3 0x559933bb8541 <unknown>\nE       #4 0x559933c066c4 <unknown>\nE       #5 0x559933bdde5d <unknown>\nE       #6 0x559933c03b54 <unknown>\nE       #7 0x559933bddc03 <unknown>\nE       #8 0x559933baa7a8 <unknown>\nE       #9 0x559933bab421 <unknown>\nE       #10 0x5599340a6b28 <unknown>\nE       #11 0x5599340aa87f <unknown>\nE       #12 0x55993408ec49 <unknown>\nE       #13 0x5599340ab405 <unknown>\nE       #14 0x5599340744ff <unknown>\nE       #15 0x5599340cf258 <unknown>\nE       #16 0x5599340cf432 <unknown>\nE       #17 0x5599340e0fa3 <unknown>\nE       #18 0x7fbe1209caa4 <unknown>\nE       #19 0x7fbe12129c6c <unknown>\n\n/opt/hostedtoolcache/Python/3.12.3/x64/lib/python3.12/site-packages/selenium/webdriver/support/wait.py:95: TimeoutException",
    "steps" : [ {
      "name" : "Open a browser",
      "time" : {
        "start" : 1760318189233,
        "stop" : 1760318189482,
        "duration" : 249
      },
      "status" : "passed",
      "steps" : [ ],
      "attachments" : [ ],
      "parameters" : [ ],
      "stepsCount" : 0,
      "attachmentsCount" : 0,
      "shouldDisplayMessage" : false,
      "hasContent" : false
    }, {
      "name" : "Check Advanced Search link is clickable",
      "time" : {
        "start" : 1760318189482,
        "stop" : 1760318194581,
        "duration" : 5099
      },
      "status" : "broken",
      "statusMessage" : "selenium.common.exceptions.TimeoutException: Message: \nStacktrace:\n#0 0x5599340e1fba <unknown>\n#1 0x559933b666d0 <unknown>\n#2 0x559933bb82aa <unknown>\n#3 0x559933bb8541 <unknown>\n#4 0x559933c066c4 <unknown>\n#5 0x559933bdde5d <unknown>\n#6 0x559933c03b54 <unknown>\n#7 0x559933bddc03 <unknown>\n#8 0x559933baa7a8 <unknown>\n#9 0x559933bab421 <unknown>\n#10 0x5599340a6b28 <unknown>\n#11 0x5599340aa87f <unknown>\n#12 0x55993408ec49 <unknown>\n#13 0x5599340ab405 <unknown>\n#14 0x5599340744ff <unknown>\n#15 0x5599340cf258 <unknown>\n#16 0x5599340cf432 <unknown>\n#17 0x5599340e0fa3 <unknown>\n#18 0x7fbe1209caa4 <unknown>\n#19 0x7fbe12129c6c <unknown>\n\n",
      "statusTrace" : "  File \"/opt/hostedtoolcache/Python/3.12.3/x64/lib/python3.12/site-packages/allure_commons/_allure.py\", line 192, in impl\n    return func(*a, **kw)\n           ^^^^^^^^^^^^^^\n  File \"/home/runner/work/luma_project/luma_project/pages/footer_page.py\", line 189, in check_advanced_search_link_clickability\n    return self.element_is_clickable(self.footer_locators.ADVANCED_SEARCH_LINK)\n           ^^^^^^^^^^^^^^^^^^^^^^^^^^^^^^^^^^^^^^^^^^^^^^^^^^^^^^^^^^^^^^^^^^^^\n  File \"/opt/hostedtoolcache/Python/3.12.3/x64/lib/python3.12/site-packages/allure_commons/_allure.py\", line 192, in impl\n    return func(*a, **kw)\n           ^^^^^^^^^^^^^^\n  File \"/home/runner/work/luma_project/luma_project/pages/base_page.py\", line 81, in element_is_clickable\n    return wait(self.driver, timeout).until(EC.element_to_be_clickable(locator))\n           ^^^^^^^^^^^^^^^^^^^^^^^^^^^^^^^^^^^^^^^^^^^^^^^^^^^^^^^^^^^^^^^^^^^^^\n  File \"/opt/hostedtoolcache/Python/3.12.3/x64/lib/python3.12/site-packages/selenium/webdriver/support/wait.py\", line 95, in until\n    raise TimeoutException(message, screen, stacktrace)\n",
      "steps" : [ {
        "name" : "Find clickable elements",
        "time" : {
          "start" : 1760318189482,
          "stop" : 1760318194580,
          "duration" : 5098
        },
        "status" : "broken",
        "statusMessage" : "selenium.common.exceptions.TimeoutException: Message: \nStacktrace:\n#0 0x5599340e1fba <unknown>\n#1 0x559933b666d0 <unknown>\n#2 0x559933bb82aa <unknown>\n#3 0x559933bb8541 <unknown>\n#4 0x559933c066c4 <unknown>\n#5 0x559933bdde5d <unknown>\n#6 0x559933c03b54 <unknown>\n#7 0x559933bddc03 <unknown>\n#8 0x559933baa7a8 <unknown>\n#9 0x559933bab421 <unknown>\n#10 0x5599340a6b28 <unknown>\n#11 0x5599340aa87f <unknown>\n#12 0x55993408ec49 <unknown>\n#13 0x5599340ab405 <unknown>\n#14 0x5599340744ff <unknown>\n#15 0x5599340cf258 <unknown>\n#16 0x5599340cf432 <unknown>\n#17 0x5599340e0fa3 <unknown>\n#18 0x7fbe1209caa4 <unknown>\n#19 0x7fbe12129c6c <unknown>\n\n",
        "statusTrace" : "  File \"/opt/hostedtoolcache/Python/3.12.3/x64/lib/python3.12/site-packages/allure_commons/_allure.py\", line 192, in impl\n    return func(*a, **kw)\n           ^^^^^^^^^^^^^^\n  File \"/home/runner/work/luma_project/luma_project/pages/base_page.py\", line 81, in element_is_clickable\n    return wait(self.driver, timeout).until(EC.element_to_be_clickable(locator))\n           ^^^^^^^^^^^^^^^^^^^^^^^^^^^^^^^^^^^^^^^^^^^^^^^^^^^^^^^^^^^^^^^^^^^^^\n  File \"/opt/hostedtoolcache/Python/3.12.3/x64/lib/python3.12/site-packages/selenium/webdriver/support/wait.py\", line 95, in until\n    raise TimeoutException(message, screen, stacktrace)\n",
        "steps" : [ ],
        "attachments" : [ ],
        "parameters" : [ {
          "name" : "locator",
          "value" : "('css selector', '.footer > :nth-child(3) > a')"
        }, {
          "name" : "timeout",
          "value" : "5"
        } ],
        "stepsCount" : 0,
        "attachmentsCount" : 0,
        "shouldDisplayMessage" : true,
        "hasContent" : true
      } ],
      "attachments" : [ ],
      "parameters" : [ ],
      "stepsCount" : 1,
      "attachmentsCount" : 0,
      "shouldDisplayMessage" : false,
      "hasContent" : true
    } ],
    "attachments" : [ {
      "uid" : "c2d83234947b7311",
      "name" : "Screenshot",
      "source" : "c2d83234947b7311.png",
      "type" : "image/png",
      "size" : 23875
    }, {
      "uid" : "967e333365fe3a92",
      "name" : "HTML source",
      "source" : "967e333365fe3a92.html",
      "type" : "text/html",
      "size" : 786
    } ],
    "parameters" : [ ],
    "stepsCount" : 3,
    "attachmentsCount" : 2,
    "shouldDisplayMessage" : true,
    "hasContent" : true
  },
  "afterStages" : [ {
    "name" : "driver::0",
    "time" : {
      "start" : 1760318194650,
      "stop" : 1760318194710,
      "duration" : 60
    },
    "status" : "passed",
    "steps" : [ ],
    "attachments" : [ ],
    "parameters" : [ ],
    "stepsCount" : 0,
    "attachmentsCount" : 0,
    "shouldDisplayMessage" : false,
    "hasContent" : false
  }, {
    "name" : "clear_allure_result_folder::0",
    "time" : {
      "start" : 1760320278816,
      "stop" : 1760320278816,
      "duration" : 0
    },
    "status" : "passed",
    "steps" : [ ],
    "attachments" : [ ],
    "parameters" : [ ],
    "stepsCount" : 0,
    "attachmentsCount" : 0,
    "shouldDisplayMessage" : false,
    "hasContent" : false
  } ],
  "labels" : [ {
    "name" : "epic",
    "value" : "Test Footer"
  }, {
    "name" : "parentSuite",
    "value" : "tests"
  }, {
    "name" : "suite",
    "value" : "test_footer"
  }, {
    "name" : "subSuite",
    "value" : "TestFooter"
  }, {
    "name" : "host",
    "value" : "runnervmwhb2z"
  }, {
    "name" : "thread",
    "value" : "3004-MainThread"
  }, {
    "name" : "framework",
    "value" : "pytest"
  }, {
    "name" : "language",
    "value" : "cpython3"
  }, {
    "name" : "package",
    "value" : "tests.test_footer"
  }, {
    "name" : "resultFormat",
    "value" : "allure2"
  } ],
  "parameters" : [ {
    "name" : "URL",
    "value" : "'https://magento.softwaretestingboard.com/what-is-new.html'"
  } ],
  "links" : [ ],
  "hidden" : false,
  "retry" : false,
  "extra" : {
    "severity" : "normal",
    "retries" : [ ],
    "categories" : [ {
      "name" : "Test defects",
      "matchedStatuses" : [ ],
      "flaky" : false
    } ],
    "tags" : [ ]
  },
  "source" : "3ceb20ba21769de4.json",
  "parameterValues" : [ "'https://magento.softwaretestingboard.com/what-is-new.html'" ]
}