{
  "uid" : "411f0a54984f33e2",
  "name" : "TC 17.01.20 Verify Reset My Password button is clickable",
  "fullName" : "tests.test_forgot_your_password.TestForgotYourPassword#test_17_01_20_reset_my_password_button_is_clickable",
  "historyId" : "b1c1a3818d9d0853a19f023cc67ba21e",
  "time" : {
    "start" : 1759108658114,
    "stop" : 1759108663219,
    "duration" : 5105
  },
  "description" : "Check that the 'Reset My Password' button is clickable",
  "descriptionHtml" : "<p>Check that the 'Reset My Password' button is clickable</p>\n",
  "status" : "broken",
  "statusMessage" : "selenium.common.exceptions.TimeoutException: Message: \nStacktrace:\n#0 0x5634a5faccba <unknown>\n#1 0x5634a5a218e0 <unknown>\n#2 0x5634a5a73580 <unknown>\n#3 0x5634a5a73771 <unknown>\n#4 0x5634a5ac1864 <unknown>\n#5 0x5634a5a9909d <unknown>\n#6 0x5634a5abec63 <unknown>\n#7 0x5634a5a98e43 <unknown>\n#8 0x5634a5a659a8 <unknown>\n#9 0x5634a5a66621 <unknown>\n#10 0x5634a5f708b8 <unknown>\n#11 0x5634a5f745e2 <unknown>\n#12 0x5634a5f57683 <unknown>\n#13 0x5634a5f75135 <unknown>\n#14 0x5634a5f3c80f <unknown>\n#15 0x5634a5f994c8 <unknown>\n#16 0x5634a5f996a2 <unknown>\n#17 0x5634a5fabdc3 <unknown>\n#18 0x7fb4d749caa4 <unknown>\n#19 0x7fb4d7529c6c <unknown>",
  "statusTrace" : "self = <test_forgot_your_password.TestForgotYourPassword object at 0x7f0da85266f0>\ndriver = <selenium.webdriver.chrome.webdriver.WebDriver (session=\"914af0abfba24fa2091a5406c575db52\")>\nforgot_psw_page = <pages.forgot_your_password_page.ForgotYourPasswordPage object at 0x7f0da85b75c0>\n\n    @allure.title('TC 17.01.20 Verify Reset My Password button is clickable')\n    def test_17_01_20_reset_my_password_button_is_clickable(self, driver, forgot_psw_page):\n        \"\"\"Check that the 'Reset My Password' button is clickable\"\"\"\n>       reset_my_psw_button = forgot_psw_page.check_reset_my_password_button_is_clickable()\n\ntests/test_forgot_your_password.py:188: \n_ _ _ _ _ _ _ _ _ _ _ _ _ _ _ _ _ _ _ _ _ _ _ _ _ _ _ _ _ _ _ _ _ _ _ _ _ _ _ _ \npages/forgot_your_password_page.py:119: in check_reset_my_password_button_is_clickable\n    return self.element_is_clickable(self.locators.RESET_MY_PASSWORD_BUTTON)\npages/base_page.py:81: in element_is_clickable\n    return wait(self.driver, timeout).until(EC.element_to_be_clickable(locator))\n_ _ _ _ _ _ _ _ _ _ _ _ _ _ _ _ _ _ _ _ _ _ _ _ _ _ _ _ _ _ _ _ _ _ _ _ _ _ _ _ \n\nself = <selenium.webdriver.support.wait.WebDriverWait (session=\"914af0abfba24fa2091a5406c575db52\")>\nmethod = <function element_to_be_clickable.<locals>._predicate at 0x7f0da8783880>\nmessage = ''\n\n    def until(self, method, message: str = \"\"):\n        \"\"\"Calls the method provided with the driver as an argument until the \\\n        return value does not evaluate to ``False``.\n    \n        :param method: callable(WebDriver)\n        :param message: optional message for :exc:`TimeoutException`\n        :returns: the result of the last call to `method`\n        :raises: :exc:`selenium.common.exceptions.TimeoutException` if timeout occurs\n        \"\"\"\n        screen = None\n        stacktrace = None\n    \n        end_time = time.monotonic() + self._timeout\n        while True:\n            try:\n                value = method(self._driver)\n                if value:\n                    return value\n            except self._ignored_exceptions as exc:\n                screen = getattr(exc, \"screen\", None)\n                stacktrace = getattr(exc, \"stacktrace\", None)\n            time.sleep(self._poll)\n            if time.monotonic() > end_time:\n                break\n>       raise TimeoutException(message, screen, stacktrace)\nE       selenium.common.exceptions.TimeoutException: Message: \nE       Stacktrace:\nE       #0 0x5634a5faccba <unknown>\nE       #1 0x5634a5a218e0 <unknown>\nE       #2 0x5634a5a73580 <unknown>\nE       #3 0x5634a5a73771 <unknown>\nE       #4 0x5634a5ac1864 <unknown>\nE       #5 0x5634a5a9909d <unknown>\nE       #6 0x5634a5abec63 <unknown>\nE       #7 0x5634a5a98e43 <unknown>\nE       #8 0x5634a5a659a8 <unknown>\nE       #9 0x5634a5a66621 <unknown>\nE       #10 0x5634a5f708b8 <unknown>\nE       #11 0x5634a5f745e2 <unknown>\nE       #12 0x5634a5f57683 <unknown>\nE       #13 0x5634a5f75135 <unknown>\nE       #14 0x5634a5f3c80f <unknown>\nE       #15 0x5634a5f994c8 <unknown>\nE       #16 0x5634a5f996a2 <unknown>\nE       #17 0x5634a5fabdc3 <unknown>\nE       #18 0x7fb4d749caa4 <unknown>\nE       #19 0x7fb4d7529c6c <unknown>\n\n/opt/hostedtoolcache/Python/3.12.3/x64/lib/python3.12/site-packages/selenium/webdriver/support/wait.py:95: TimeoutException",
  "flaky" : false,
  "newFailed" : false,
  "beforeStages" : [ {
    "name" : "driver",
    "time" : {
      "start" : 1759108656697,
      "stop" : 1759108657963,
      "duration" : 1266
    },
    "status" : "passed",
    "steps" : [ ],
    "attachments" : [ ],
    "parameters" : [ ],
    "stepsCount" : 0,
    "attachmentsCount" : 0,
    "shouldDisplayMessage" : false,
    "hasContent" : false
  }, {
    "name" : "forgot_psw_page",
    "time" : {
      "start" : 1759108657963,
      "stop" : 1759108658113,
      "duration" : 150
    },
    "status" : "passed",
    "steps" : [ {
      "name" : "Open a browser",
      "time" : {
        "start" : 1759108657963,
        "stop" : 1759108658113,
        "duration" : 150
      },
      "status" : "passed",
      "steps" : [ ],
      "attachments" : [ ],
      "parameters" : [ ],
      "stepsCount" : 0,
      "attachmentsCount" : 0,
      "shouldDisplayMessage" : false,
      "hasContent" : false
    } ],
    "attachments" : [ ],
    "parameters" : [ ],
    "stepsCount" : 1,
    "attachmentsCount" : 0,
    "shouldDisplayMessage" : false,
    "hasContent" : true
  }, {
    "name" : "clear_allure_result_folder",
    "time" : {
      "start" : 1759108091635,
      "stop" : 1759108091636,
      "duration" : 1
    },
    "status" : "passed",
    "steps" : [ ],
    "attachments" : [ ],
    "parameters" : [ ],
    "stepsCount" : 0,
    "attachmentsCount" : 0,
    "shouldDisplayMessage" : false,
    "hasContent" : false
  }, {
    "name" : "_session_faker",
    "time" : {
      "start" : 1759108091552,
      "stop" : 1759108091635,
      "duration" : 83
    },
    "status" : "passed",
    "steps" : [ ],
    "attachments" : [ ],
    "parameters" : [ ],
    "stepsCount" : 0,
    "attachmentsCount" : 0,
    "shouldDisplayMessage" : false,
    "hasContent" : false
  } ],
  "testStage" : {
    "description" : "Check that the 'Reset My Password' button is clickable",
    "status" : "broken",
    "statusMessage" : "selenium.common.exceptions.TimeoutException: Message: \nStacktrace:\n#0 0x5634a5faccba <unknown>\n#1 0x5634a5a218e0 <unknown>\n#2 0x5634a5a73580 <unknown>\n#3 0x5634a5a73771 <unknown>\n#4 0x5634a5ac1864 <unknown>\n#5 0x5634a5a9909d <unknown>\n#6 0x5634a5abec63 <unknown>\n#7 0x5634a5a98e43 <unknown>\n#8 0x5634a5a659a8 <unknown>\n#9 0x5634a5a66621 <unknown>\n#10 0x5634a5f708b8 <unknown>\n#11 0x5634a5f745e2 <unknown>\n#12 0x5634a5f57683 <unknown>\n#13 0x5634a5f75135 <unknown>\n#14 0x5634a5f3c80f <unknown>\n#15 0x5634a5f994c8 <unknown>\n#16 0x5634a5f996a2 <unknown>\n#17 0x5634a5fabdc3 <unknown>\n#18 0x7fb4d749caa4 <unknown>\n#19 0x7fb4d7529c6c <unknown>",
    "statusTrace" : "self = <test_forgot_your_password.TestForgotYourPassword object at 0x7f0da85266f0>\ndriver = <selenium.webdriver.chrome.webdriver.WebDriver (session=\"914af0abfba24fa2091a5406c575db52\")>\nforgot_psw_page = <pages.forgot_your_password_page.ForgotYourPasswordPage object at 0x7f0da85b75c0>\n\n    @allure.title('TC 17.01.20 Verify Reset My Password button is clickable')\n    def test_17_01_20_reset_my_password_button_is_clickable(self, driver, forgot_psw_page):\n        \"\"\"Check that the 'Reset My Password' button is clickable\"\"\"\n>       reset_my_psw_button = forgot_psw_page.check_reset_my_password_button_is_clickable()\n\ntests/test_forgot_your_password.py:188: \n_ _ _ _ _ _ _ _ _ _ _ _ _ _ _ _ _ _ _ _ _ _ _ _ _ _ _ _ _ _ _ _ _ _ _ _ _ _ _ _ \npages/forgot_your_password_page.py:119: in check_reset_my_password_button_is_clickable\n    return self.element_is_clickable(self.locators.RESET_MY_PASSWORD_BUTTON)\npages/base_page.py:81: in element_is_clickable\n    return wait(self.driver, timeout).until(EC.element_to_be_clickable(locator))\n_ _ _ _ _ _ _ _ _ _ _ _ _ _ _ _ _ _ _ _ _ _ _ _ _ _ _ _ _ _ _ _ _ _ _ _ _ _ _ _ \n\nself = <selenium.webdriver.support.wait.WebDriverWait (session=\"914af0abfba24fa2091a5406c575db52\")>\nmethod = <function element_to_be_clickable.<locals>._predicate at 0x7f0da8783880>\nmessage = ''\n\n    def until(self, method, message: str = \"\"):\n        \"\"\"Calls the method provided with the driver as an argument until the \\\n        return value does not evaluate to ``False``.\n    \n        :param method: callable(WebDriver)\n        :param message: optional message for :exc:`TimeoutException`\n        :returns: the result of the last call to `method`\n        :raises: :exc:`selenium.common.exceptions.TimeoutException` if timeout occurs\n        \"\"\"\n        screen = None\n        stacktrace = None\n    \n        end_time = time.monotonic() + self._timeout\n        while True:\n            try:\n                value = method(self._driver)\n                if value:\n                    return value\n            except self._ignored_exceptions as exc:\n                screen = getattr(exc, \"screen\", None)\n                stacktrace = getattr(exc, \"stacktrace\", None)\n            time.sleep(self._poll)\n            if time.monotonic() > end_time:\n                break\n>       raise TimeoutException(message, screen, stacktrace)\nE       selenium.common.exceptions.TimeoutException: Message: \nE       Stacktrace:\nE       #0 0x5634a5faccba <unknown>\nE       #1 0x5634a5a218e0 <unknown>\nE       #2 0x5634a5a73580 <unknown>\nE       #3 0x5634a5a73771 <unknown>\nE       #4 0x5634a5ac1864 <unknown>\nE       #5 0x5634a5a9909d <unknown>\nE       #6 0x5634a5abec63 <unknown>\nE       #7 0x5634a5a98e43 <unknown>\nE       #8 0x5634a5a659a8 <unknown>\nE       #9 0x5634a5a66621 <unknown>\nE       #10 0x5634a5f708b8 <unknown>\nE       #11 0x5634a5f745e2 <unknown>\nE       #12 0x5634a5f57683 <unknown>\nE       #13 0x5634a5f75135 <unknown>\nE       #14 0x5634a5f3c80f <unknown>\nE       #15 0x5634a5f994c8 <unknown>\nE       #16 0x5634a5f996a2 <unknown>\nE       #17 0x5634a5fabdc3 <unknown>\nE       #18 0x7fb4d749caa4 <unknown>\nE       #19 0x7fb4d7529c6c <unknown>\n\n/opt/hostedtoolcache/Python/3.12.3/x64/lib/python3.12/site-packages/selenium/webdriver/support/wait.py:95: TimeoutException",
    "steps" : [ {
      "name" : "Check Reset My Password button is clickable",
      "time" : {
        "start" : 1759108658114,
        "stop" : 1759108663219,
        "duration" : 5105
      },
      "status" : "broken",
      "statusMessage" : "selenium.common.exceptions.TimeoutException: Message: \nStacktrace:\n#0 0x5634a5faccba <unknown>\n#1 0x5634a5a218e0 <unknown>\n#2 0x5634a5a73580 <unknown>\n#3 0x5634a5a73771 <unknown>\n#4 0x5634a5ac1864 <unknown>\n#5 0x5634a5a9909d <unknown>\n#6 0x5634a5abec63 <unknown>\n#7 0x5634a5a98e43 <unknown>\n#8 0x5634a5a659a8 <unknown>\n#9 0x5634a5a66621 <unknown>\n#10 0x5634a5f708b8 <unknown>\n#11 0x5634a5f745e2 <unknown>\n#12 0x5634a5f57683 <unknown>\n#13 0x5634a5f75135 <unknown>\n#14 0x5634a5f3c80f <unknown>\n#15 0x5634a5f994c8 <unknown>\n#16 0x5634a5f996a2 <unknown>\n#17 0x5634a5fabdc3 <unknown>\n#18 0x7fb4d749caa4 <unknown>\n#19 0x7fb4d7529c6c <unknown>\n\n",
      "statusTrace" : "  File \"/opt/hostedtoolcache/Python/3.12.3/x64/lib/python3.12/site-packages/allure_commons/_allure.py\", line 192, in impl\n    return func(*a, **kw)\n           ^^^^^^^^^^^^^^\n  File \"/home/runner/work/luma_project/luma_project/pages/forgot_your_password_page.py\", line 119, in check_reset_my_password_button_is_clickable\n    return self.element_is_clickable(self.locators.RESET_MY_PASSWORD_BUTTON)\n           ^^^^^^^^^^^^^^^^^^^^^^^^^^^^^^^^^^^^^^^^^^^^^^^^^^^^^^^^^^^^^^^^^\n  File \"/opt/hostedtoolcache/Python/3.12.3/x64/lib/python3.12/site-packages/allure_commons/_allure.py\", line 192, in impl\n    return func(*a, **kw)\n           ^^^^^^^^^^^^^^\n  File \"/home/runner/work/luma_project/luma_project/pages/base_page.py\", line 81, in element_is_clickable\n    return wait(self.driver, timeout).until(EC.element_to_be_clickable(locator))\n           ^^^^^^^^^^^^^^^^^^^^^^^^^^^^^^^^^^^^^^^^^^^^^^^^^^^^^^^^^^^^^^^^^^^^^\n  File \"/opt/hostedtoolcache/Python/3.12.3/x64/lib/python3.12/site-packages/selenium/webdriver/support/wait.py\", line 95, in until\n    raise TimeoutException(message, screen, stacktrace)\n",
      "steps" : [ {
        "name" : "Find clickable elements",
        "time" : {
          "start" : 1759108658114,
          "stop" : 1759108663219,
          "duration" : 5105
        },
        "status" : "broken",
        "statusMessage" : "selenium.common.exceptions.TimeoutException: Message: \nStacktrace:\n#0 0x5634a5faccba <unknown>\n#1 0x5634a5a218e0 <unknown>\n#2 0x5634a5a73580 <unknown>\n#3 0x5634a5a73771 <unknown>\n#4 0x5634a5ac1864 <unknown>\n#5 0x5634a5a9909d <unknown>\n#6 0x5634a5abec63 <unknown>\n#7 0x5634a5a98e43 <unknown>\n#8 0x5634a5a659a8 <unknown>\n#9 0x5634a5a66621 <unknown>\n#10 0x5634a5f708b8 <unknown>\n#11 0x5634a5f745e2 <unknown>\n#12 0x5634a5f57683 <unknown>\n#13 0x5634a5f75135 <unknown>\n#14 0x5634a5f3c80f <unknown>\n#15 0x5634a5f994c8 <unknown>\n#16 0x5634a5f996a2 <unknown>\n#17 0x5634a5fabdc3 <unknown>\n#18 0x7fb4d749caa4 <unknown>\n#19 0x7fb4d7529c6c <unknown>\n\n",
        "statusTrace" : "  File \"/opt/hostedtoolcache/Python/3.12.3/x64/lib/python3.12/site-packages/allure_commons/_allure.py\", line 192, in impl\n    return func(*a, **kw)\n           ^^^^^^^^^^^^^^\n  File \"/home/runner/work/luma_project/luma_project/pages/base_page.py\", line 81, in element_is_clickable\n    return wait(self.driver, timeout).until(EC.element_to_be_clickable(locator))\n           ^^^^^^^^^^^^^^^^^^^^^^^^^^^^^^^^^^^^^^^^^^^^^^^^^^^^^^^^^^^^^^^^^^^^^\n  File \"/opt/hostedtoolcache/Python/3.12.3/x64/lib/python3.12/site-packages/selenium/webdriver/support/wait.py\", line 95, in until\n    raise TimeoutException(message, screen, stacktrace)\n",
        "steps" : [ ],
        "attachments" : [ ],
        "parameters" : [ {
          "name" : "locator",
          "value" : "('css selector', 'button[class=\"action submit primary\"]')"
        }, {
          "name" : "timeout",
          "value" : "5"
        } ],
        "stepsCount" : 0,
        "attachmentsCount" : 0,
        "shouldDisplayMessage" : true,
        "hasContent" : true
      } ],
      "attachments" : [ ],
      "parameters" : [ ],
      "stepsCount" : 1,
      "attachmentsCount" : 0,
      "shouldDisplayMessage" : false,
      "hasContent" : true
    } ],
    "attachments" : [ {
      "uid" : "7fc6c562aa4467b3",
      "name" : "Screenshot",
      "source" : "7fc6c562aa4467b3.png",
      "type" : "image/png",
      "size" : 23875
    }, {
      "uid" : "f0ecacdab709b117",
      "name" : "HTML source",
      "source" : "f0ecacdab709b117.html",
      "type" : "text/html",
      "size" : 786
    } ],
    "parameters" : [ ],
    "stepsCount" : 2,
    "attachmentsCount" : 2,
    "shouldDisplayMessage" : true,
    "hasContent" : true
  },
  "afterStages" : [ {
    "name" : "driver::0",
    "time" : {
      "start" : 1759108663291,
      "stop" : 1759108663352,
      "duration" : 61
    },
    "status" : "passed",
    "steps" : [ ],
    "attachments" : [ ],
    "parameters" : [ ],
    "stepsCount" : 0,
    "attachmentsCount" : 0,
    "shouldDisplayMessage" : false,
    "hasContent" : false
  }, {
    "name" : "clear_allure_result_folder::0",
    "time" : {
      "start" : 1759110554884,
      "stop" : 1759110554884,
      "duration" : 0
    },
    "status" : "passed",
    "steps" : [ ],
    "attachments" : [ ],
    "parameters" : [ ],
    "stepsCount" : 0,
    "attachmentsCount" : 0,
    "shouldDisplayMessage" : false,
    "hasContent" : false
  } ],
  "labels" : [ {
    "name" : "epic",
    "value" : "Forgot Your Password Page"
  }, {
    "name" : "parentSuite",
    "value" : "tests"
  }, {
    "name" : "suite",
    "value" : "test_forgot_your_password"
  }, {
    "name" : "subSuite",
    "value" : "TestForgotYourPassword"
  }, {
    "name" : "host",
    "value" : "runnervm3ublj"
  }, {
    "name" : "thread",
    "value" : "3001-MainThread"
  }, {
    "name" : "framework",
    "value" : "pytest"
  }, {
    "name" : "language",
    "value" : "cpython3"
  }, {
    "name" : "package",
    "value" : "tests.test_forgot_your_password"
  }, {
    "name" : "resultFormat",
    "value" : "allure2"
  } ],
  "parameters" : [ ],
  "links" : [ ],
  "hidden" : false,
  "retry" : false,
  "extra" : {
    "severity" : "normal",
    "retries" : [ ],
    "categories" : [ {
      "name" : "Test defects",
      "matchedStatuses" : [ ],
      "flaky" : false
    } ],
    "tags" : [ ]
  },
  "source" : "411f0a54984f33e2.json",
  "parameterValues" : [ ]
}