{
  "uid" : "47faf6971b0e3e63",
  "name" : "TC 13.01.19 - Check the display of the text in block 1 'home-pants' in the Promo Block",
  "fullName" : "tests.test_main_page.TestPromoBlock#test_tc_13_01_19_check_info_block_text_in_section2_block1",
  "historyId" : "268a5e587fbf7503e6be39e394bd3e64",
  "time" : {
    "start" : 1755480686363,
    "stop" : 1755480692853,
    "duration" : 6490
  },
  "description" : "This test checks if the info block text in section 2 block 1 'home-pants' is correct\n            in the Promo Block under header on the Main Page",
  "descriptionHtml" : "<p>This test checks if the info block text in section 2 block 1 'home-pants' is correct\nin the Promo Block under header on the Main Page</p>\n",
  "status" : "broken",
  "statusMessage" : "selenium.common.exceptions.TimeoutException: Message: \nStacktrace:\n#0 0x55e351b1205a <unknown>\n#1 0x55e3515b1a70 <unknown>\n#2 0x55e351603907 <unknown>\n#3 0x55e351603b01 <unknown>\n#4 0x55e351651d54 <unknown>\n#5 0x55e35162940d <unknown>\n#6 0x55e35164f14f <unknown>\n#7 0x55e3516291b3 <unknown>\n#8 0x55e3515f559b <unknown>\n#9 0x55e3515f6971 <unknown>\n#10 0x55e351ad722b <unknown>\n#11 0x55e351adaf79 <unknown>\n#12 0x55e351abe309 <unknown>\n#13 0x55e351adbb28 <unknown>\n#14 0x55e351aa2bef <unknown>\n#15 0x55e351aff0e8 <unknown>\n#16 0x55e351aff2c6 <unknown>\n#17 0x55e351b11036 <unknown>\n#18 0x7f986aa9caa4 <unknown>\n#19 0x7f986ab29c3c <unknown>",
  "statusTrace" : "self = <test_main_page.TestMainPage.TestPromoBlock object at 0x7f4620938650>\ndriver = <selenium.webdriver.chrome.webdriver.WebDriver (session=\"68314955bb4935a983cca779a7e829a9\")>\n\n    @allure.title(\"TC 13.01.19 - Check the display of the text in block 1 'home-pants' in the Promo Block\")\n    def test_tc_13_01_19_check_info_block_text_in_section2_block1(self, driver):\n        \"\"\"This test checks if the info block text in section 2 block 1 'home-pants' is correct\n        in the Promo Block under header on the Main Page\"\"\"\n        page = PromoBlock(driver, MAIN_PAGE_URL)\n        page.open()\n>       actual_text = page.get_text(self.locators.SECTION_2_BLOCK_1_INFO_BLOCK_TEXT)\n\ntests/test_main_page.py:282: \n_ _ _ _ _ _ _ _ _ _ _ _ _ _ _ _ _ _ _ _ _ _ _ _ _ _ _ _ _ _ _ _ _ _ _ _ _ _ _ _ \npages/base_page.py:145: in get_text\n    text = self.element_is_visible(locator)\npages/base_page.py:30: in element_is_visible\n    self.go_to_element(self.element_is_present(locator))\npages/base_page.py:51: in element_is_present\n    return wait(self.driver, timeout).until(EC.presence_of_element_located(locator))\n_ _ _ _ _ _ _ _ _ _ _ _ _ _ _ _ _ _ _ _ _ _ _ _ _ _ _ _ _ _ _ _ _ _ _ _ _ _ _ _ \n\nself = <selenium.webdriver.support.wait.WebDriverWait (session=\"68314955bb4935a983cca779a7e829a9\")>\nmethod = <function presence_of_element_located.<locals>._predicate at 0x7f4620bfa3e0>\nmessage = ''\n\n    def until(self, method, message: str = \"\"):\n        \"\"\"Calls the method provided with the driver as an argument until the \\\n        return value does not evaluate to ``False``.\n    \n        :param method: callable(WebDriver)\n        :param message: optional message for :exc:`TimeoutException`\n        :returns: the result of the last call to `method`\n        :raises: :exc:`selenium.common.exceptions.TimeoutException` if timeout occurs\n        \"\"\"\n        screen = None\n        stacktrace = None\n    \n        end_time = time.monotonic() + self._timeout\n        while True:\n            try:\n                value = method(self._driver)\n                if value:\n                    return value\n            except self._ignored_exceptions as exc:\n                screen = getattr(exc, \"screen\", None)\n                stacktrace = getattr(exc, \"stacktrace\", None)\n            time.sleep(self._poll)\n            if time.monotonic() > end_time:\n                break\n>       raise TimeoutException(message, screen, stacktrace)\nE       selenium.common.exceptions.TimeoutException: Message: \nE       Stacktrace:\nE       #0 0x55e351b1205a <unknown>\nE       #1 0x55e3515b1a70 <unknown>\nE       #2 0x55e351603907 <unknown>\nE       #3 0x55e351603b01 <unknown>\nE       #4 0x55e351651d54 <unknown>\nE       #5 0x55e35162940d <unknown>\nE       #6 0x55e35164f14f <unknown>\nE       #7 0x55e3516291b3 <unknown>\nE       #8 0x55e3515f559b <unknown>\nE       #9 0x55e3515f6971 <unknown>\nE       #10 0x55e351ad722b <unknown>\nE       #11 0x55e351adaf79 <unknown>\nE       #12 0x55e351abe309 <unknown>\nE       #13 0x55e351adbb28 <unknown>\nE       #14 0x55e351aa2bef <unknown>\nE       #15 0x55e351aff0e8 <unknown>\nE       #16 0x55e351aff2c6 <unknown>\nE       #17 0x55e351b11036 <unknown>\nE       #18 0x7f986aa9caa4 <unknown>\nE       #19 0x7f986ab29c3c <unknown>\n\n/opt/hostedtoolcache/Python/3.12.3/x64/lib/python3.12/site-packages/selenium/webdriver/support/wait.py:95: TimeoutException",
  "flaky" : false,
  "newFailed" : false,
  "beforeStages" : [ {
    "name" : "_session_faker",
    "time" : {
      "start" : 1755479903640,
      "stop" : 1755479903709,
      "duration" : 69
    },
    "status" : "passed",
    "steps" : [ ],
    "attachments" : [ ],
    "parameters" : [ ],
    "stepsCount" : 0,
    "attachmentsCount" : 0,
    "shouldDisplayMessage" : false,
    "hasContent" : false
  }, {
    "name" : "driver",
    "time" : {
      "start" : 1755480685124,
      "stop" : 1755480686362,
      "duration" : 1238
    },
    "status" : "passed",
    "steps" : [ ],
    "attachments" : [ ],
    "parameters" : [ ],
    "stepsCount" : 0,
    "attachmentsCount" : 0,
    "shouldDisplayMessage" : false,
    "hasContent" : false
  }, {
    "name" : "clear_allure_result_folder",
    "time" : {
      "start" : 1755479903709,
      "stop" : 1755479903709,
      "duration" : 0
    },
    "status" : "passed",
    "steps" : [ ],
    "attachments" : [ ],
    "parameters" : [ ],
    "stepsCount" : 0,
    "attachmentsCount" : 0,
    "shouldDisplayMessage" : false,
    "hasContent" : false
  } ],
  "testStage" : {
    "description" : "This test checks if the info block text in section 2 block 1 'home-pants' is correct\n            in the Promo Block under header on the Main Page",
    "status" : "broken",
    "statusMessage" : "selenium.common.exceptions.TimeoutException: Message: \nStacktrace:\n#0 0x55e351b1205a <unknown>\n#1 0x55e3515b1a70 <unknown>\n#2 0x55e351603907 <unknown>\n#3 0x55e351603b01 <unknown>\n#4 0x55e351651d54 <unknown>\n#5 0x55e35162940d <unknown>\n#6 0x55e35164f14f <unknown>\n#7 0x55e3516291b3 <unknown>\n#8 0x55e3515f559b <unknown>\n#9 0x55e3515f6971 <unknown>\n#10 0x55e351ad722b <unknown>\n#11 0x55e351adaf79 <unknown>\n#12 0x55e351abe309 <unknown>\n#13 0x55e351adbb28 <unknown>\n#14 0x55e351aa2bef <unknown>\n#15 0x55e351aff0e8 <unknown>\n#16 0x55e351aff2c6 <unknown>\n#17 0x55e351b11036 <unknown>\n#18 0x7f986aa9caa4 <unknown>\n#19 0x7f986ab29c3c <unknown>",
    "statusTrace" : "self = <test_main_page.TestMainPage.TestPromoBlock object at 0x7f4620938650>\ndriver = <selenium.webdriver.chrome.webdriver.WebDriver (session=\"68314955bb4935a983cca779a7e829a9\")>\n\n    @allure.title(\"TC 13.01.19 - Check the display of the text in block 1 'home-pants' in the Promo Block\")\n    def test_tc_13_01_19_check_info_block_text_in_section2_block1(self, driver):\n        \"\"\"This test checks if the info block text in section 2 block 1 'home-pants' is correct\n        in the Promo Block under header on the Main Page\"\"\"\n        page = PromoBlock(driver, MAIN_PAGE_URL)\n        page.open()\n>       actual_text = page.get_text(self.locators.SECTION_2_BLOCK_1_INFO_BLOCK_TEXT)\n\ntests/test_main_page.py:282: \n_ _ _ _ _ _ _ _ _ _ _ _ _ _ _ _ _ _ _ _ _ _ _ _ _ _ _ _ _ _ _ _ _ _ _ _ _ _ _ _ \npages/base_page.py:145: in get_text\n    text = self.element_is_visible(locator)\npages/base_page.py:30: in element_is_visible\n    self.go_to_element(self.element_is_present(locator))\npages/base_page.py:51: in element_is_present\n    return wait(self.driver, timeout).until(EC.presence_of_element_located(locator))\n_ _ _ _ _ _ _ _ _ _ _ _ _ _ _ _ _ _ _ _ _ _ _ _ _ _ _ _ _ _ _ _ _ _ _ _ _ _ _ _ \n\nself = <selenium.webdriver.support.wait.WebDriverWait (session=\"68314955bb4935a983cca779a7e829a9\")>\nmethod = <function presence_of_element_located.<locals>._predicate at 0x7f4620bfa3e0>\nmessage = ''\n\n    def until(self, method, message: str = \"\"):\n        \"\"\"Calls the method provided with the driver as an argument until the \\\n        return value does not evaluate to ``False``.\n    \n        :param method: callable(WebDriver)\n        :param message: optional message for :exc:`TimeoutException`\n        :returns: the result of the last call to `method`\n        :raises: :exc:`selenium.common.exceptions.TimeoutException` if timeout occurs\n        \"\"\"\n        screen = None\n        stacktrace = None\n    \n        end_time = time.monotonic() + self._timeout\n        while True:\n            try:\n                value = method(self._driver)\n                if value:\n                    return value\n            except self._ignored_exceptions as exc:\n                screen = getattr(exc, \"screen\", None)\n                stacktrace = getattr(exc, \"stacktrace\", None)\n            time.sleep(self._poll)\n            if time.monotonic() > end_time:\n                break\n>       raise TimeoutException(message, screen, stacktrace)\nE       selenium.common.exceptions.TimeoutException: Message: \nE       Stacktrace:\nE       #0 0x55e351b1205a <unknown>\nE       #1 0x55e3515b1a70 <unknown>\nE       #2 0x55e351603907 <unknown>\nE       #3 0x55e351603b01 <unknown>\nE       #4 0x55e351651d54 <unknown>\nE       #5 0x55e35162940d <unknown>\nE       #6 0x55e35164f14f <unknown>\nE       #7 0x55e3516291b3 <unknown>\nE       #8 0x55e3515f559b <unknown>\nE       #9 0x55e3515f6971 <unknown>\nE       #10 0x55e351ad722b <unknown>\nE       #11 0x55e351adaf79 <unknown>\nE       #12 0x55e351abe309 <unknown>\nE       #13 0x55e351adbb28 <unknown>\nE       #14 0x55e351aa2bef <unknown>\nE       #15 0x55e351aff0e8 <unknown>\nE       #16 0x55e351aff2c6 <unknown>\nE       #17 0x55e351b11036 <unknown>\nE       #18 0x7f986aa9caa4 <unknown>\nE       #19 0x7f986ab29c3c <unknown>\n\n/opt/hostedtoolcache/Python/3.12.3/x64/lib/python3.12/site-packages/selenium/webdriver/support/wait.py:95: TimeoutException",
    "steps" : [ {
      "name" : "Open a browser",
      "time" : {
        "start" : 1755480686363,
        "stop" : 1755480687687,
        "duration" : 1324
      },
      "status" : "passed",
      "steps" : [ ],
      "attachments" : [ ],
      "parameters" : [ ],
      "stepsCount" : 0,
      "attachmentsCount" : 0,
      "shouldDisplayMessage" : false,
      "hasContent" : false
    }, {
      "name" : "Get element text",
      "time" : {
        "start" : 1755480687687,
        "stop" : 1755480692853,
        "duration" : 5166
      },
      "status" : "broken",
      "statusMessage" : "selenium.common.exceptions.TimeoutException: Message: \nStacktrace:\n#0 0x55e351b1205a <unknown>\n#1 0x55e3515b1a70 <unknown>\n#2 0x55e351603907 <unknown>\n#3 0x55e351603b01 <unknown>\n#4 0x55e351651d54 <unknown>\n#5 0x55e35162940d <unknown>\n#6 0x55e35164f14f <unknown>\n#7 0x55e3516291b3 <unknown>\n#8 0x55e3515f559b <unknown>\n#9 0x55e3515f6971 <unknown>\n#10 0x55e351ad722b <unknown>\n#11 0x55e351adaf79 <unknown>\n#12 0x55e351abe309 <unknown>\n#13 0x55e351adbb28 <unknown>\n#14 0x55e351aa2bef <unknown>\n#15 0x55e351aff0e8 <unknown>\n#16 0x55e351aff2c6 <unknown>\n#17 0x55e351b11036 <unknown>\n#18 0x7f986aa9caa4 <unknown>\n#19 0x7f986ab29c3c <unknown>\n\n",
      "statusTrace" : "  File \"/opt/hostedtoolcache/Python/3.12.3/x64/lib/python3.12/site-packages/allure_commons/_allure.py\", line 192, in impl\n    return func(*a, **kw)\n           ^^^^^^^^^^^^^^\n  File \"/home/runner/work/luma_project/luma_project/pages/base_page.py\", line 145, in get_text\n    text = self.element_is_visible(locator)\n           ^^^^^^^^^^^^^^^^^^^^^^^^^^^^^^^^\n  File \"/opt/hostedtoolcache/Python/3.12.3/x64/lib/python3.12/site-packages/allure_commons/_allure.py\", line 192, in impl\n    return func(*a, **kw)\n           ^^^^^^^^^^^^^^\n  File \"/home/runner/work/luma_project/luma_project/pages/base_page.py\", line 30, in element_is_visible\n    self.go_to_element(self.element_is_present(locator))\n                       ^^^^^^^^^^^^^^^^^^^^^^^^^^^^^^^^\n  File \"/opt/hostedtoolcache/Python/3.12.3/x64/lib/python3.12/site-packages/allure_commons/_allure.py\", line 192, in impl\n    return func(*a, **kw)\n           ^^^^^^^^^^^^^^\n  File \"/home/runner/work/luma_project/luma_project/pages/base_page.py\", line 51, in element_is_present\n    return wait(self.driver, timeout).until(EC.presence_of_element_located(locator))\n           ^^^^^^^^^^^^^^^^^^^^^^^^^^^^^^^^^^^^^^^^^^^^^^^^^^^^^^^^^^^^^^^^^^^^^^^^^\n  File \"/opt/hostedtoolcache/Python/3.12.3/x64/lib/python3.12/site-packages/selenium/webdriver/support/wait.py\", line 95, in until\n    raise TimeoutException(message, screen, stacktrace)\n",
      "steps" : [ {
        "name" : "Find a visible element",
        "time" : {
          "start" : 1755480687687,
          "stop" : 1755480692852,
          "duration" : 5165
        },
        "status" : "broken",
        "statusMessage" : "selenium.common.exceptions.TimeoutException: Message: \nStacktrace:\n#0 0x55e351b1205a <unknown>\n#1 0x55e3515b1a70 <unknown>\n#2 0x55e351603907 <unknown>\n#3 0x55e351603b01 <unknown>\n#4 0x55e351651d54 <unknown>\n#5 0x55e35162940d <unknown>\n#6 0x55e35164f14f <unknown>\n#7 0x55e3516291b3 <unknown>\n#8 0x55e3515f559b <unknown>\n#9 0x55e3515f6971 <unknown>\n#10 0x55e351ad722b <unknown>\n#11 0x55e351adaf79 <unknown>\n#12 0x55e351abe309 <unknown>\n#13 0x55e351adbb28 <unknown>\n#14 0x55e351aa2bef <unknown>\n#15 0x55e351aff0e8 <unknown>\n#16 0x55e351aff2c6 <unknown>\n#17 0x55e351b11036 <unknown>\n#18 0x7f986aa9caa4 <unknown>\n#19 0x7f986ab29c3c <unknown>\n\n",
        "statusTrace" : "  File \"/opt/hostedtoolcache/Python/3.12.3/x64/lib/python3.12/site-packages/allure_commons/_allure.py\", line 192, in impl\n    return func(*a, **kw)\n           ^^^^^^^^^^^^^^\n  File \"/home/runner/work/luma_project/luma_project/pages/base_page.py\", line 30, in element_is_visible\n    self.go_to_element(self.element_is_present(locator))\n                       ^^^^^^^^^^^^^^^^^^^^^^^^^^^^^^^^\n  File \"/opt/hostedtoolcache/Python/3.12.3/x64/lib/python3.12/site-packages/allure_commons/_allure.py\", line 192, in impl\n    return func(*a, **kw)\n           ^^^^^^^^^^^^^^\n  File \"/home/runner/work/luma_project/luma_project/pages/base_page.py\", line 51, in element_is_present\n    return wait(self.driver, timeout).until(EC.presence_of_element_located(locator))\n           ^^^^^^^^^^^^^^^^^^^^^^^^^^^^^^^^^^^^^^^^^^^^^^^^^^^^^^^^^^^^^^^^^^^^^^^^^\n  File \"/opt/hostedtoolcache/Python/3.12.3/x64/lib/python3.12/site-packages/selenium/webdriver/support/wait.py\", line 95, in until\n    raise TimeoutException(message, screen, stacktrace)\n",
        "steps" : [ {
          "name" : "Find a present element",
          "time" : {
            "start" : 1755480687687,
            "stop" : 1755480692852,
            "duration" : 5165
          },
          "status" : "broken",
          "statusMessage" : "selenium.common.exceptions.TimeoutException: Message: \nStacktrace:\n#0 0x55e351b1205a <unknown>\n#1 0x55e3515b1a70 <unknown>\n#2 0x55e351603907 <unknown>\n#3 0x55e351603b01 <unknown>\n#4 0x55e351651d54 <unknown>\n#5 0x55e35162940d <unknown>\n#6 0x55e35164f14f <unknown>\n#7 0x55e3516291b3 <unknown>\n#8 0x55e3515f559b <unknown>\n#9 0x55e3515f6971 <unknown>\n#10 0x55e351ad722b <unknown>\n#11 0x55e351adaf79 <unknown>\n#12 0x55e351abe309 <unknown>\n#13 0x55e351adbb28 <unknown>\n#14 0x55e351aa2bef <unknown>\n#15 0x55e351aff0e8 <unknown>\n#16 0x55e351aff2c6 <unknown>\n#17 0x55e351b11036 <unknown>\n#18 0x7f986aa9caa4 <unknown>\n#19 0x7f986ab29c3c <unknown>\n\n",
          "statusTrace" : "  File \"/opt/hostedtoolcache/Python/3.12.3/x64/lib/python3.12/site-packages/allure_commons/_allure.py\", line 192, in impl\n    return func(*a, **kw)\n           ^^^^^^^^^^^^^^\n  File \"/home/runner/work/luma_project/luma_project/pages/base_page.py\", line 51, in element_is_present\n    return wait(self.driver, timeout).until(EC.presence_of_element_located(locator))\n           ^^^^^^^^^^^^^^^^^^^^^^^^^^^^^^^^^^^^^^^^^^^^^^^^^^^^^^^^^^^^^^^^^^^^^^^^^\n  File \"/opt/hostedtoolcache/Python/3.12.3/x64/lib/python3.12/site-packages/selenium/webdriver/support/wait.py\", line 95, in until\n    raise TimeoutException(message, screen, stacktrace)\n",
          "steps" : [ ],
          "attachments" : [ ],
          "parameters" : [ {
            "name" : "locator",
            "value" : "('css selector', '.home-pants .content .info')"
          }, {
            "name" : "timeout",
            "value" : "5"
          } ],
          "stepsCount" : 0,
          "attachmentsCount" : 0,
          "shouldDisplayMessage" : true,
          "hasContent" : true
        } ],
        "attachments" : [ ],
        "parameters" : [ {
          "name" : "locator",
          "value" : "('css selector', '.home-pants .content .info')"
        }, {
          "name" : "timeout",
          "value" : "10"
        } ],
        "stepsCount" : 1,
        "attachmentsCount" : 0,
        "shouldDisplayMessage" : false,
        "hasContent" : true
      } ],
      "attachments" : [ ],
      "parameters" : [ {
        "name" : "locator",
        "value" : "('css selector', '.home-pants .content .info')"
      } ],
      "stepsCount" : 2,
      "attachmentsCount" : 0,
      "shouldDisplayMessage" : false,
      "hasContent" : true
    } ],
    "attachments" : [ {
      "uid" : "43f27cfca5cbba6b",
      "name" : "Screenshot",
      "source" : "43f27cfca5cbba6b.png",
      "type" : "image/png",
      "size" : 242630
    }, {
      "uid" : "98990ef73fcec5ff",
      "name" : "HTML source",
      "source" : "98990ef73fcec5ff.html",
      "type" : "text/html",
      "size" : 184379
    } ],
    "parameters" : [ ],
    "stepsCount" : 4,
    "attachmentsCount" : 2,
    "shouldDisplayMessage" : true,
    "hasContent" : true
  },
  "afterStages" : [ {
    "name" : "driver::0",
    "time" : {
      "start" : 1755480693021,
      "stop" : 1755480693089,
      "duration" : 68
    },
    "status" : "passed",
    "steps" : [ ],
    "attachments" : [ ],
    "parameters" : [ ],
    "stepsCount" : 0,
    "attachmentsCount" : 0,
    "shouldDisplayMessage" : false,
    "hasContent" : false
  }, {
    "name" : "clear_allure_result_folder::0",
    "time" : {
      "start" : 1755481680743,
      "stop" : 1755481680743,
      "duration" : 0
    },
    "status" : "passed",
    "steps" : [ ],
    "attachments" : [ ],
    "parameters" : [ ],
    "stepsCount" : 0,
    "attachmentsCount" : 0,
    "shouldDisplayMessage" : false,
    "hasContent" : false
  } ],
  "labels" : [ {
    "name" : "epic",
    "value" : "Main Page"
  }, {
    "name" : "feature",
    "value" : "Promo Block Testing"
  }, {
    "name" : "parentSuite",
    "value" : "tests"
  }, {
    "name" : "suite",
    "value" : "test_main_page"
  }, {
    "name" : "subSuite",
    "value" : "TestMainPage"
  }, {
    "name" : "host",
    "value" : "pkrvmubgrv54qmi"
  }, {
    "name" : "thread",
    "value" : "2981-MainThread"
  }, {
    "name" : "framework",
    "value" : "pytest"
  }, {
    "name" : "language",
    "value" : "cpython3"
  }, {
    "name" : "package",
    "value" : "tests.test_main_page"
  }, {
    "name" : "resultFormat",
    "value" : "allure2"
  } ],
  "parameters" : [ ],
  "links" : [ ],
  "hidden" : false,
  "retry" : false,
  "extra" : {
    "severity" : "normal",
    "retries" : [ ],
    "categories" : [ {
      "name" : "Test defects",
      "matchedStatuses" : [ ],
      "flaky" : false
    } ],
    "tags" : [ ]
  },
  "source" : "47faf6971b0e3e63.json",
  "parameterValues" : [ ]
}