{
  "uid" : "4855d464638cc89c",
  "name" : "TC 02.01.12 - Check text of Privacy and Cookie Policy link on each page specified in DATA_1",
  "fullName" : "tests.test_footer.TestFooter#test_tc_02_01_12_check_text_of_privacy_and_cookie_policy_link_on_pages",
  "historyId" : "8b3cb51bf1c7a9b18f1f625b06c7d81c",
  "time" : {
    "start" : 1757294056898,
    "stop" : 1757294057241,
    "duration" : 343
  },
  "description" : "Checks if text of Privacy and Cookie Policy link matches expected on each page in DATA_1",
  "descriptionHtml" : "<p>Checks if text of Privacy and Cookie Policy link matches expected on each page in DATA_1</p>\n",
  "status" : "broken",
  "statusMessage" : "selenium.common.exceptions.NoSuchElementException: Message: no such element: Unable to locate element: {\"method\":\"css selector\",\"selector\":\".footer > :nth-child(2) > a\"}\n  (Session info: chrome=139.0.7258.154); For documentation on this error, please visit: https://www.selenium.dev/documentation/webdriver/troubleshooting/errors#no-such-element-exception\nStacktrace:\n#0 0x5571819e008a <unknown>\n#1 0x55718147fa70 <unknown>\n#2 0x5571814d1907 <unknown>\n#3 0x5571814d1b01 <unknown>\n#4 0x55718151fd54 <unknown>\n#5 0x5571814f740d <unknown>\n#6 0x55718151d14f <unknown>\n#7 0x5571814f71b3 <unknown>\n#8 0x5571814c359b <unknown>\n#9 0x5571814c4971 <unknown>\n#10 0x5571819a525b <unknown>\n#11 0x5571819a8fa9 <unknown>\n#12 0x55718198c339 <unknown>\n#13 0x5571819a9b58 <unknown>\n#14 0x557181970c1f <unknown>\n#15 0x5571819cd118 <unknown>\n#16 0x5571819cd2f6 <unknown>\n#17 0x5571819df066 <unknown>\n#18 0x7f753369caa4 <unknown>\n#19 0x7f7533729c3c <unknown>",
  "statusTrace" : "self = <test_footer.TestFooter object at 0x7f430f291370>\ndriver = <selenium.webdriver.chrome.webdriver.WebDriver (session=\"7c43721a62ccfd2703fa048cbf52db6b\")>\nURL = 'https://magento.softwaretestingboard.com/'\n\n    @allure.title(\"TC 02.01.12 - Check text of Privacy and Cookie Policy link on each page specified in DATA_1\")\n    @pytest.mark.parametrize('URL', DATA_1)\n    def test_tc_02_01_12_check_text_of_privacy_and_cookie_policy_link_on_pages(self, driver, URL):\n        \"\"\"Checks if text of Privacy and Cookie Policy link matches expected on each page in DATA_1\"\"\"\n        page = FooterPage(driver, url=URL)\n        page.open()\n>       actual_text = page.check_text_of_privacy_and_cookie_policy_link()\n\ntests/test_footer.py:114: \n_ _ _ _ _ _ _ _ _ _ _ _ _ _ _ _ _ _ _ _ _ _ _ _ _ _ _ _ _ _ _ _ _ _ _ _ _ _ _ _ \npages/footer_page.py:224: in check_text_of_privacy_and_cookie_policy_link\n    link_text = self.driver.find_element(*self.footer_locators.PRIVACY_AND_COOKIE_POLICY_LINK).text\n/opt/hostedtoolcache/Python/3.12.3/x64/lib/python3.12/site-packages/selenium/webdriver/remote/webdriver.py:738: in find_element\n    return self.execute(Command.FIND_ELEMENT, {\"using\": by, \"value\": value})[\"value\"]\n/opt/hostedtoolcache/Python/3.12.3/x64/lib/python3.12/site-packages/selenium/webdriver/remote/webdriver.py:344: in execute\n    self.error_handler.check_response(response)\n_ _ _ _ _ _ _ _ _ _ _ _ _ _ _ _ _ _ _ _ _ _ _ _ _ _ _ _ _ _ _ _ _ _ _ _ _ _ _ _ \n\nself = <selenium.webdriver.remote.errorhandler.ErrorHandler object at 0x7f430ecd14c0>\nresponse = {'status': 404, 'value': '{\"value\":{\"error\":\"no such element\",\"message\":\"no such element: Unable to locate element: {\\...\\\\n#17 0x5571819df066 \\\\u003Cunknown>\\\\n#18 0x7f753369caa4 \\\\u003Cunknown>\\\\n#19 0x7f7533729c3c \\\\u003Cunknown>\\\\n\"}}'}\n\n    def check_response(self, response: Dict[str, Any]) -> None:\n        \"\"\"Checks that a JSON response from the WebDriver does not have an\n        error.\n    \n        :Args:\n         - response - The JSON response from the WebDriver server as a dictionary\n           object.\n    \n        :Raises: If the response contains an error message.\n        \"\"\"\n        status = response.get(\"status\", None)\n        if not status or status == ErrorCode.SUCCESS:\n            return\n        value = None\n        message = response.get(\"message\", \"\")\n        screen: str = response.get(\"screen\", \"\")\n        stacktrace = None\n        if isinstance(status, int):\n            value_json = response.get(\"value\", None)\n            if value_json and isinstance(value_json, str):\n                import json\n    \n                try:\n                    value = json.loads(value_json)\n                    if len(value) == 1:\n                        value = value[\"value\"]\n                    status = value.get(\"error\", None)\n                    if not status:\n                        status = value.get(\"status\", ErrorCode.UNKNOWN_ERROR)\n                        message = value.get(\"value\") or value.get(\"message\")\n                        if not isinstance(message, str):\n                            value = message\n                            message = message.get(\"message\")\n                    else:\n                        message = value.get(\"message\", None)\n                except ValueError:\n                    pass\n    \n        exception_class: Type[WebDriverException]\n        e = ErrorCode()\n        error_codes = [item for item in dir(e) if not item.startswith(\"__\")]\n        for error_code in error_codes:\n            error_info = getattr(ErrorCode, error_code)\n            if isinstance(error_info, list) and status in error_info:\n                exception_class = getattr(ExceptionMapping, error_code, WebDriverException)\n                break\n        else:\n            exception_class = WebDriverException\n    \n        if not value:\n            value = response[\"value\"]\n        if isinstance(value, str):\n            raise exception_class(value)\n        if message == \"\" and \"message\" in value:\n            message = value[\"message\"]\n    \n        screen = None  # type: ignore[assignment]\n        if \"screen\" in value:\n            screen = value[\"screen\"]\n    \n        stacktrace = None\n        st_value = value.get(\"stackTrace\") or value.get(\"stacktrace\")\n        if st_value:\n            if isinstance(st_value, str):\n                stacktrace = st_value.split(\"\\n\")\n            else:\n                stacktrace = []\n                try:\n                    for frame in st_value:\n                        line = frame.get(\"lineNumber\", \"\")\n                        file = frame.get(\"fileName\", \"<anonymous>\")\n                        if line:\n                            file = f\"{file}:{line}\"\n                        meth = frame.get(\"methodName\", \"<anonymous>\")\n                        if \"className\" in frame:\n                            meth = f\"{frame['className']}.{meth}\"\n                        msg = \"    at %s (%s)\"\n                        msg = msg % (meth, file)\n                        stacktrace.append(msg)\n                except TypeError:\n                    pass\n        if exception_class == UnexpectedAlertPresentException:\n            alert_text = None\n            if \"data\" in value:\n                alert_text = value[\"data\"].get(\"text\")\n            elif \"alert\" in value:\n                alert_text = value[\"alert\"].get(\"text\")\n            raise exception_class(message, screen, stacktrace, alert_text)  # type: ignore[call-arg]  # mypy is not smart enough here\n>       raise exception_class(message, screen, stacktrace)\nE       selenium.common.exceptions.NoSuchElementException: Message: no such element: Unable to locate element: {\"method\":\"css selector\",\"selector\":\".footer > :nth-child(2) > a\"}\nE         (Session info: chrome=139.0.7258.154); For documentation on this error, please visit: https://www.selenium.dev/documentation/webdriver/troubleshooting/errors#no-such-element-exception\nE       Stacktrace:\nE       #0 0x5571819e008a <unknown>\nE       #1 0x55718147fa70 <unknown>\nE       #2 0x5571814d1907 <unknown>\nE       #3 0x5571814d1b01 <unknown>\nE       #4 0x55718151fd54 <unknown>\nE       #5 0x5571814f740d <unknown>\nE       #6 0x55718151d14f <unknown>\nE       #7 0x5571814f71b3 <unknown>\nE       #8 0x5571814c359b <unknown>\nE       #9 0x5571814c4971 <unknown>\nE       #10 0x5571819a525b <unknown>\nE       #11 0x5571819a8fa9 <unknown>\nE       #12 0x55718198c339 <unknown>\nE       #13 0x5571819a9b58 <unknown>\nE       #14 0x557181970c1f <unknown>\nE       #15 0x5571819cd118 <unknown>\nE       #16 0x5571819cd2f6 <unknown>\nE       #17 0x5571819df066 <unknown>\nE       #18 0x7f753369caa4 <unknown>\nE       #19 0x7f7533729c3c <unknown>\n\n/opt/hostedtoolcache/Python/3.12.3/x64/lib/python3.12/site-packages/selenium/webdriver/remote/errorhandler.py:229: NoSuchElementException",
  "flaky" : false,
  "newFailed" : false,
  "beforeStages" : [ {
    "name" : "driver",
    "time" : {
      "start" : 1757294055666,
      "stop" : 1757294056897,
      "duration" : 1231
    },
    "status" : "passed",
    "steps" : [ ],
    "attachments" : [ ],
    "parameters" : [ ],
    "stepsCount" : 0,
    "attachmentsCount" : 0,
    "shouldDisplayMessage" : false,
    "hasContent" : false
  }, {
    "name" : "_session_faker",
    "time" : {
      "start" : 1757293755437,
      "stop" : 1757293755504,
      "duration" : 67
    },
    "status" : "passed",
    "steps" : [ ],
    "attachments" : [ ],
    "parameters" : [ ],
    "stepsCount" : 0,
    "attachmentsCount" : 0,
    "shouldDisplayMessage" : false,
    "hasContent" : false
  }, {
    "name" : "clear_allure_result_folder",
    "time" : {
      "start" : 1757293755504,
      "stop" : 1757293755504,
      "duration" : 0
    },
    "status" : "passed",
    "steps" : [ ],
    "attachments" : [ ],
    "parameters" : [ ],
    "stepsCount" : 0,
    "attachmentsCount" : 0,
    "shouldDisplayMessage" : false,
    "hasContent" : false
  } ],
  "testStage" : {
    "description" : "Checks if text of Privacy and Cookie Policy link matches expected on each page in DATA_1",
    "status" : "broken",
    "statusMessage" : "selenium.common.exceptions.NoSuchElementException: Message: no such element: Unable to locate element: {\"method\":\"css selector\",\"selector\":\".footer > :nth-child(2) > a\"}\n  (Session info: chrome=139.0.7258.154); For documentation on this error, please visit: https://www.selenium.dev/documentation/webdriver/troubleshooting/errors#no-such-element-exception\nStacktrace:\n#0 0x5571819e008a <unknown>\n#1 0x55718147fa70 <unknown>\n#2 0x5571814d1907 <unknown>\n#3 0x5571814d1b01 <unknown>\n#4 0x55718151fd54 <unknown>\n#5 0x5571814f740d <unknown>\n#6 0x55718151d14f <unknown>\n#7 0x5571814f71b3 <unknown>\n#8 0x5571814c359b <unknown>\n#9 0x5571814c4971 <unknown>\n#10 0x5571819a525b <unknown>\n#11 0x5571819a8fa9 <unknown>\n#12 0x55718198c339 <unknown>\n#13 0x5571819a9b58 <unknown>\n#14 0x557181970c1f <unknown>\n#15 0x5571819cd118 <unknown>\n#16 0x5571819cd2f6 <unknown>\n#17 0x5571819df066 <unknown>\n#18 0x7f753369caa4 <unknown>\n#19 0x7f7533729c3c <unknown>",
    "statusTrace" : "self = <test_footer.TestFooter object at 0x7f430f291370>\ndriver = <selenium.webdriver.chrome.webdriver.WebDriver (session=\"7c43721a62ccfd2703fa048cbf52db6b\")>\nURL = 'https://magento.softwaretestingboard.com/'\n\n    @allure.title(\"TC 02.01.12 - Check text of Privacy and Cookie Policy link on each page specified in DATA_1\")\n    @pytest.mark.parametrize('URL', DATA_1)\n    def test_tc_02_01_12_check_text_of_privacy_and_cookie_policy_link_on_pages(self, driver, URL):\n        \"\"\"Checks if text of Privacy and Cookie Policy link matches expected on each page in DATA_1\"\"\"\n        page = FooterPage(driver, url=URL)\n        page.open()\n>       actual_text = page.check_text_of_privacy_and_cookie_policy_link()\n\ntests/test_footer.py:114: \n_ _ _ _ _ _ _ _ _ _ _ _ _ _ _ _ _ _ _ _ _ _ _ _ _ _ _ _ _ _ _ _ _ _ _ _ _ _ _ _ \npages/footer_page.py:224: in check_text_of_privacy_and_cookie_policy_link\n    link_text = self.driver.find_element(*self.footer_locators.PRIVACY_AND_COOKIE_POLICY_LINK).text\n/opt/hostedtoolcache/Python/3.12.3/x64/lib/python3.12/site-packages/selenium/webdriver/remote/webdriver.py:738: in find_element\n    return self.execute(Command.FIND_ELEMENT, {\"using\": by, \"value\": value})[\"value\"]\n/opt/hostedtoolcache/Python/3.12.3/x64/lib/python3.12/site-packages/selenium/webdriver/remote/webdriver.py:344: in execute\n    self.error_handler.check_response(response)\n_ _ _ _ _ _ _ _ _ _ _ _ _ _ _ _ _ _ _ _ _ _ _ _ _ _ _ _ _ _ _ _ _ _ _ _ _ _ _ _ \n\nself = <selenium.webdriver.remote.errorhandler.ErrorHandler object at 0x7f430ecd14c0>\nresponse = {'status': 404, 'value': '{\"value\":{\"error\":\"no such element\",\"message\":\"no such element: Unable to locate element: {\\...\\\\n#17 0x5571819df066 \\\\u003Cunknown>\\\\n#18 0x7f753369caa4 \\\\u003Cunknown>\\\\n#19 0x7f7533729c3c \\\\u003Cunknown>\\\\n\"}}'}\n\n    def check_response(self, response: Dict[str, Any]) -> None:\n        \"\"\"Checks that a JSON response from the WebDriver does not have an\n        error.\n    \n        :Args:\n         - response - The JSON response from the WebDriver server as a dictionary\n           object.\n    \n        :Raises: If the response contains an error message.\n        \"\"\"\n        status = response.get(\"status\", None)\n        if not status or status == ErrorCode.SUCCESS:\n            return\n        value = None\n        message = response.get(\"message\", \"\")\n        screen: str = response.get(\"screen\", \"\")\n        stacktrace = None\n        if isinstance(status, int):\n            value_json = response.get(\"value\", None)\n            if value_json and isinstance(value_json, str):\n                import json\n    \n                try:\n                    value = json.loads(value_json)\n                    if len(value) == 1:\n                        value = value[\"value\"]\n                    status = value.get(\"error\", None)\n                    if not status:\n                        status = value.get(\"status\", ErrorCode.UNKNOWN_ERROR)\n                        message = value.get(\"value\") or value.get(\"message\")\n                        if not isinstance(message, str):\n                            value = message\n                            message = message.get(\"message\")\n                    else:\n                        message = value.get(\"message\", None)\n                except ValueError:\n                    pass\n    \n        exception_class: Type[WebDriverException]\n        e = ErrorCode()\n        error_codes = [item for item in dir(e) if not item.startswith(\"__\")]\n        for error_code in error_codes:\n            error_info = getattr(ErrorCode, error_code)\n            if isinstance(error_info, list) and status in error_info:\n                exception_class = getattr(ExceptionMapping, error_code, WebDriverException)\n                break\n        else:\n            exception_class = WebDriverException\n    \n        if not value:\n            value = response[\"value\"]\n        if isinstance(value, str):\n            raise exception_class(value)\n        if message == \"\" and \"message\" in value:\n            message = value[\"message\"]\n    \n        screen = None  # type: ignore[assignment]\n        if \"screen\" in value:\n            screen = value[\"screen\"]\n    \n        stacktrace = None\n        st_value = value.get(\"stackTrace\") or value.get(\"stacktrace\")\n        if st_value:\n            if isinstance(st_value, str):\n                stacktrace = st_value.split(\"\\n\")\n            else:\n                stacktrace = []\n                try:\n                    for frame in st_value:\n                        line = frame.get(\"lineNumber\", \"\")\n                        file = frame.get(\"fileName\", \"<anonymous>\")\n                        if line:\n                            file = f\"{file}:{line}\"\n                        meth = frame.get(\"methodName\", \"<anonymous>\")\n                        if \"className\" in frame:\n                            meth = f\"{frame['className']}.{meth}\"\n                        msg = \"    at %s (%s)\"\n                        msg = msg % (meth, file)\n                        stacktrace.append(msg)\n                except TypeError:\n                    pass\n        if exception_class == UnexpectedAlertPresentException:\n            alert_text = None\n            if \"data\" in value:\n                alert_text = value[\"data\"].get(\"text\")\n            elif \"alert\" in value:\n                alert_text = value[\"alert\"].get(\"text\")\n            raise exception_class(message, screen, stacktrace, alert_text)  # type: ignore[call-arg]  # mypy is not smart enough here\n>       raise exception_class(message, screen, stacktrace)\nE       selenium.common.exceptions.NoSuchElementException: Message: no such element: Unable to locate element: {\"method\":\"css selector\",\"selector\":\".footer > :nth-child(2) > a\"}\nE         (Session info: chrome=139.0.7258.154); For documentation on this error, please visit: https://www.selenium.dev/documentation/webdriver/troubleshooting/errors#no-such-element-exception\nE       Stacktrace:\nE       #0 0x5571819e008a <unknown>\nE       #1 0x55718147fa70 <unknown>\nE       #2 0x5571814d1907 <unknown>\nE       #3 0x5571814d1b01 <unknown>\nE       #4 0x55718151fd54 <unknown>\nE       #5 0x5571814f740d <unknown>\nE       #6 0x55718151d14f <unknown>\nE       #7 0x5571814f71b3 <unknown>\nE       #8 0x5571814c359b <unknown>\nE       #9 0x5571814c4971 <unknown>\nE       #10 0x5571819a525b <unknown>\nE       #11 0x5571819a8fa9 <unknown>\nE       #12 0x55718198c339 <unknown>\nE       #13 0x5571819a9b58 <unknown>\nE       #14 0x557181970c1f <unknown>\nE       #15 0x5571819cd118 <unknown>\nE       #16 0x5571819cd2f6 <unknown>\nE       #17 0x5571819df066 <unknown>\nE       #18 0x7f753369caa4 <unknown>\nE       #19 0x7f7533729c3c <unknown>\n\n/opt/hostedtoolcache/Python/3.12.3/x64/lib/python3.12/site-packages/selenium/webdriver/remote/errorhandler.py:229: NoSuchElementException",
    "steps" : [ {
      "name" : "Open a browser",
      "time" : {
        "start" : 1757294056898,
        "stop" : 1757294057225,
        "duration" : 327
      },
      "status" : "passed",
      "steps" : [ ],
      "attachments" : [ ],
      "parameters" : [ ],
      "stepsCount" : 0,
      "attachmentsCount" : 0,
      "shouldDisplayMessage" : false,
      "hasContent" : false
    }, {
      "name" : "Check the text of Privacy and Cookie Policy link",
      "time" : {
        "start" : 1757294057225,
        "stop" : 1757294057240,
        "duration" : 15
      },
      "status" : "broken",
      "statusMessage" : "selenium.common.exceptions.NoSuchElementException: Message: no such element: Unable to locate element: {\"method\":\"css selector\",\"selector\":\".footer > :nth-child(2) > a\"}\n  (Session info: chrome=139.0.7258.154); For documentation on this error, please visit: https://www.selenium.dev/documentation/webdriver/troubleshooting/errors#no-such-element-exception\nStacktrace:\n#0 0x5571819e008a <unknown>\n#1 0x55718147fa70 <unknown>\n#2 0x5571814d1907 <unknown>\n#3 0x5571814d1b01 <unknown>\n#4 0x55718151fd54 <unknown>\n#5 0x5571814f740d <unknown>\n#6 0x55718151d14f <unknown>\n#7 0x5571814f71b3 <unknown>\n#8 0x5571814c359b <unknown>\n#9 0x5571814c4971 <unknown>\n#10 0x5571819a525b <unknown>\n#11 0x5571819a8fa9 <unknown>\n#12 0x55718198c339 <unknown>\n#13 0x5571819a9b58 <unknown>\n#14 0x557181970c1f <unknown>\n#15 0x5571819cd118 <unknown>\n#16 0x5571819cd2f6 <unknown>\n#17 0x5571819df066 <unknown>\n#18 0x7f753369caa4 <unknown>\n#19 0x7f7533729c3c <unknown>\n\n",
      "statusTrace" : "  File \"/opt/hostedtoolcache/Python/3.12.3/x64/lib/python3.12/site-packages/allure_commons/_allure.py\", line 192, in impl\n    return func(*a, **kw)\n           ^^^^^^^^^^^^^^\n  File \"/home/runner/work/luma_project/luma_project/pages/footer_page.py\", line 224, in check_text_of_privacy_and_cookie_policy_link\n    link_text = self.driver.find_element(*self.footer_locators.PRIVACY_AND_COOKIE_POLICY_LINK).text\n                ^^^^^^^^^^^^^^^^^^^^^^^^^^^^^^^^^^^^^^^^^^^^^^^^^^^^^^^^^^^^^^^^^^^^^^^^^^^^^^\n  File \"/opt/hostedtoolcache/Python/3.12.3/x64/lib/python3.12/site-packages/selenium/webdriver/remote/webdriver.py\", line 738, in find_element\n    return self.execute(Command.FIND_ELEMENT, {\"using\": by, \"value\": value})[\"value\"]\n           ^^^^^^^^^^^^^^^^^^^^^^^^^^^^^^^^^^^^^^^^^^^^^^^^^^^^^^^^^^^^^^^^^\n  File \"/opt/hostedtoolcache/Python/3.12.3/x64/lib/python3.12/site-packages/selenium/webdriver/remote/webdriver.py\", line 344, in execute\n    self.error_handler.check_response(response)\n  File \"/opt/hostedtoolcache/Python/3.12.3/x64/lib/python3.12/site-packages/selenium/webdriver/remote/errorhandler.py\", line 229, in check_response\n    raise exception_class(message, screen, stacktrace)\n",
      "steps" : [ ],
      "attachments" : [ ],
      "parameters" : [ ],
      "stepsCount" : 0,
      "attachmentsCount" : 0,
      "shouldDisplayMessage" : true,
      "hasContent" : true
    } ],
    "attachments" : [ {
      "uid" : "d474d925c5717835",
      "name" : "Screenshot",
      "source" : "d474d925c5717835.png",
      "type" : "image/png",
      "size" : 23875
    }, {
      "uid" : "962e25b91838e3d8",
      "name" : "HTML source",
      "source" : "962e25b91838e3d8.html",
      "type" : "text/html",
      "size" : 786
    } ],
    "parameters" : [ ],
    "stepsCount" : 2,
    "attachmentsCount" : 2,
    "shouldDisplayMessage" : true,
    "hasContent" : true
  },
  "afterStages" : [ {
    "name" : "driver::0",
    "time" : {
      "start" : 1757294057337,
      "stop" : 1757294057396,
      "duration" : 59
    },
    "status" : "passed",
    "steps" : [ ],
    "attachments" : [ ],
    "parameters" : [ ],
    "stepsCount" : 0,
    "attachmentsCount" : 0,
    "shouldDisplayMessage" : false,
    "hasContent" : false
  }, {
    "name" : "clear_allure_result_folder::0",
    "time" : {
      "start" : 1757296196170,
      "stop" : 1757296196170,
      "duration" : 0
    },
    "status" : "passed",
    "steps" : [ ],
    "attachments" : [ ],
    "parameters" : [ ],
    "stepsCount" : 0,
    "attachmentsCount" : 0,
    "shouldDisplayMessage" : false,
    "hasContent" : false
  } ],
  "labels" : [ {
    "name" : "epic",
    "value" : "Test Footer"
  }, {
    "name" : "parentSuite",
    "value" : "tests"
  }, {
    "name" : "suite",
    "value" : "test_footer"
  }, {
    "name" : "subSuite",
    "value" : "TestFooter"
  }, {
    "name" : "host",
    "value" : "pkrvm7jw40e0xgp"
  }, {
    "name" : "thread",
    "value" : "3126-MainThread"
  }, {
    "name" : "framework",
    "value" : "pytest"
  }, {
    "name" : "language",
    "value" : "cpython3"
  }, {
    "name" : "package",
    "value" : "tests.test_footer"
  }, {
    "name" : "resultFormat",
    "value" : "allure2"
  } ],
  "parameters" : [ {
    "name" : "URL",
    "value" : "'https://magento.softwaretestingboard.com/'"
  } ],
  "links" : [ ],
  "hidden" : false,
  "retry" : false,
  "extra" : {
    "severity" : "normal",
    "retries" : [ ],
    "categories" : [ {
      "name" : "Test defects",
      "matchedStatuses" : [ ],
      "flaky" : false
    } ],
    "tags" : [ ]
  },
  "source" : "4855d464638cc89c.json",
  "parameterValues" : [ "'https://magento.softwaretestingboard.com/'" ]
}