{
  "uid" : "4d95a185a277c6f5",
  "name" : "TC 10.03.03, 10.03.05 - Verify 2 links in Gear Deals open the correct pages",
  "fullName" : "tests.test_sale.TestSideMenuBarGear#test_tc_10_03_03__05",
  "historyId" : "796b66b95c8ca0864fd4fb8a7fc1e65d",
  "time" : {
    "start" : 1759714557463,
    "stop" : 1759714562565,
    "duration" : 5102
  },
  "description" : "Check that two links in Gear Deals section lead to the correct pages after click",
  "descriptionHtml" : "<p>Check that two links in Gear Deals section lead to the correct pages after click</p>\n",
  "status" : "broken",
  "statusMessage" : "selenium.common.exceptions.TimeoutException: Message: \nStacktrace:\n#0 0x55c756fa7fba <unknown>\n#1 0x55c756a2c6d0 <unknown>\n#2 0x55c756a7e2aa <unknown>\n#3 0x55c756a7e541 <unknown>\n#4 0x55c756acc6c4 <unknown>\n#5 0x55c756aa3e5d <unknown>\n#6 0x55c756ac9b54 <unknown>\n#7 0x55c756aa3c03 <unknown>\n#8 0x55c756a707a8 <unknown>\n#9 0x55c756a71421 <unknown>\n#10 0x55c756f6cb28 <unknown>\n#11 0x55c756f7087f <unknown>\n#12 0x55c756f54c49 <unknown>\n#13 0x55c756f71405 <unknown>\n#14 0x55c756f3a4ff <unknown>\n#15 0x55c756f95258 <unknown>\n#16 0x55c756f95432 <unknown>\n#17 0x55c756fa6fa3 <unknown>\n#18 0x7fa165c9caa4 <unknown>\n#19 0x7fa165d29c6c <unknown>",
  "statusTrace" : "self = <test_sale.TestSalePage.TestSideMenuBarGear object at 0x7f6f89693050>\nsale_page = <pages.sale_page.SalePage object at 0x7f6f895683e0>\nelement_locator = ('css selector', '.categories-menu > ul:nth-child(6) > li:nth-child(1) > a')\nexpected_title = 'Bags - Gear'\nexpected_url = 'https://magento.softwaretestingboard.com/gear/bags.html'\n\n    @allure.title(\"TC 10.03.03, 10.03.05 - \"\n                  \"Verify 2 links in Gear Deals open the correct pages\")\n    @pytest.mark.parametrize(\n        \"element_locator, expected_title, expected_url\",\n        zip(\n            SideBarLocators.GEAR_DEALS_ELEMENTS.values(),\n            expected_titles_gear.values(),\n            expected_urls_gear.values(),\n        )\n    )\n    def test_tc_10_03_03__05(self, sale_page, element_locator, expected_title, expected_url):\n        \"\"\"Check that two links in Gear Deals section lead to the correct pages after click\"\"\"\n>       element_in_gear_deals = sale_page.element_is_clickable(element_locator)\n\ntests/test_sale.py:123: \n_ _ _ _ _ _ _ _ _ _ _ _ _ _ _ _ _ _ _ _ _ _ _ _ _ _ _ _ _ _ _ _ _ _ _ _ _ _ _ _ \npages/base_page.py:81: in element_is_clickable\n    return wait(self.driver, timeout).until(EC.element_to_be_clickable(locator))\n_ _ _ _ _ _ _ _ _ _ _ _ _ _ _ _ _ _ _ _ _ _ _ _ _ _ _ _ _ _ _ _ _ _ _ _ _ _ _ _ \n\nself = <selenium.webdriver.support.wait.WebDriverWait (session=\"9569f88bc95711245ceea286407dc90d\")>\nmethod = <function element_to_be_clickable.<locals>._predicate at 0x7f6f88ff9b20>\nmessage = ''\n\n    def until(self, method, message: str = \"\"):\n        \"\"\"Calls the method provided with the driver as an argument until the \\\n        return value does not evaluate to ``False``.\n    \n        :param method: callable(WebDriver)\n        :param message: optional message for :exc:`TimeoutException`\n        :returns: the result of the last call to `method`\n        :raises: :exc:`selenium.common.exceptions.TimeoutException` if timeout occurs\n        \"\"\"\n        screen = None\n        stacktrace = None\n    \n        end_time = time.monotonic() + self._timeout\n        while True:\n            try:\n                value = method(self._driver)\n                if value:\n                    return value\n            except self._ignored_exceptions as exc:\n                screen = getattr(exc, \"screen\", None)\n                stacktrace = getattr(exc, \"stacktrace\", None)\n            time.sleep(self._poll)\n            if time.monotonic() > end_time:\n                break\n>       raise TimeoutException(message, screen, stacktrace)\nE       selenium.common.exceptions.TimeoutException: Message: \nE       Stacktrace:\nE       #0 0x55c756fa7fba <unknown>\nE       #1 0x55c756a2c6d0 <unknown>\nE       #2 0x55c756a7e2aa <unknown>\nE       #3 0x55c756a7e541 <unknown>\nE       #4 0x55c756acc6c4 <unknown>\nE       #5 0x55c756aa3e5d <unknown>\nE       #6 0x55c756ac9b54 <unknown>\nE       #7 0x55c756aa3c03 <unknown>\nE       #8 0x55c756a707a8 <unknown>\nE       #9 0x55c756a71421 <unknown>\nE       #10 0x55c756f6cb28 <unknown>\nE       #11 0x55c756f7087f <unknown>\nE       #12 0x55c756f54c49 <unknown>\nE       #13 0x55c756f71405 <unknown>\nE       #14 0x55c756f3a4ff <unknown>\nE       #15 0x55c756f95258 <unknown>\nE       #16 0x55c756f95432 <unknown>\nE       #17 0x55c756fa6fa3 <unknown>\nE       #18 0x7fa165c9caa4 <unknown>\nE       #19 0x7fa165d29c6c <unknown>\n\n/opt/hostedtoolcache/Python/3.12.3/x64/lib/python3.12/site-packages/selenium/webdriver/support/wait.py:95: TimeoutException",
  "flaky" : false,
  "newFailed" : false,
  "beforeStages" : [ {
    "name" : "clear_allure_result_folder",
    "time" : {
      "start" : 1759712796322,
      "stop" : 1759712796323,
      "duration" : 1
    },
    "status" : "passed",
    "steps" : [ ],
    "attachments" : [ ],
    "parameters" : [ ],
    "stepsCount" : 0,
    "attachmentsCount" : 0,
    "shouldDisplayMessage" : false,
    "hasContent" : false
  }, {
    "name" : "driver",
    "time" : {
      "start" : 1759714555732,
      "stop" : 1759714556981,
      "duration" : 1249
    },
    "status" : "passed",
    "steps" : [ ],
    "attachments" : [ ],
    "parameters" : [ ],
    "stepsCount" : 0,
    "attachmentsCount" : 0,
    "shouldDisplayMessage" : false,
    "hasContent" : false
  }, {
    "name" : "_session_faker",
    "time" : {
      "start" : 1759712796252,
      "stop" : 1759712796322,
      "duration" : 70
    },
    "status" : "passed",
    "steps" : [ ],
    "attachments" : [ ],
    "parameters" : [ ],
    "stepsCount" : 0,
    "attachmentsCount" : 0,
    "shouldDisplayMessage" : false,
    "hasContent" : false
  }, {
    "name" : "sale_page",
    "time" : {
      "start" : 1759714556981,
      "stop" : 1759714557463,
      "duration" : 482
    },
    "status" : "passed",
    "steps" : [ {
      "name" : "Open a browser",
      "time" : {
        "start" : 1759714556981,
        "stop" : 1759714557463,
        "duration" : 482
      },
      "status" : "passed",
      "steps" : [ ],
      "attachments" : [ ],
      "parameters" : [ ],
      "stepsCount" : 0,
      "attachmentsCount" : 0,
      "shouldDisplayMessage" : false,
      "hasContent" : false
    } ],
    "attachments" : [ ],
    "parameters" : [ ],
    "stepsCount" : 1,
    "attachmentsCount" : 0,
    "shouldDisplayMessage" : false,
    "hasContent" : true
  } ],
  "testStage" : {
    "description" : "Check that two links in Gear Deals section lead to the correct pages after click",
    "status" : "broken",
    "statusMessage" : "selenium.common.exceptions.TimeoutException: Message: \nStacktrace:\n#0 0x55c756fa7fba <unknown>\n#1 0x55c756a2c6d0 <unknown>\n#2 0x55c756a7e2aa <unknown>\n#3 0x55c756a7e541 <unknown>\n#4 0x55c756acc6c4 <unknown>\n#5 0x55c756aa3e5d <unknown>\n#6 0x55c756ac9b54 <unknown>\n#7 0x55c756aa3c03 <unknown>\n#8 0x55c756a707a8 <unknown>\n#9 0x55c756a71421 <unknown>\n#10 0x55c756f6cb28 <unknown>\n#11 0x55c756f7087f <unknown>\n#12 0x55c756f54c49 <unknown>\n#13 0x55c756f71405 <unknown>\n#14 0x55c756f3a4ff <unknown>\n#15 0x55c756f95258 <unknown>\n#16 0x55c756f95432 <unknown>\n#17 0x55c756fa6fa3 <unknown>\n#18 0x7fa165c9caa4 <unknown>\n#19 0x7fa165d29c6c <unknown>",
    "statusTrace" : "self = <test_sale.TestSalePage.TestSideMenuBarGear object at 0x7f6f89693050>\nsale_page = <pages.sale_page.SalePage object at 0x7f6f895683e0>\nelement_locator = ('css selector', '.categories-menu > ul:nth-child(6) > li:nth-child(1) > a')\nexpected_title = 'Bags - Gear'\nexpected_url = 'https://magento.softwaretestingboard.com/gear/bags.html'\n\n    @allure.title(\"TC 10.03.03, 10.03.05 - \"\n                  \"Verify 2 links in Gear Deals open the correct pages\")\n    @pytest.mark.parametrize(\n        \"element_locator, expected_title, expected_url\",\n        zip(\n            SideBarLocators.GEAR_DEALS_ELEMENTS.values(),\n            expected_titles_gear.values(),\n            expected_urls_gear.values(),\n        )\n    )\n    def test_tc_10_03_03__05(self, sale_page, element_locator, expected_title, expected_url):\n        \"\"\"Check that two links in Gear Deals section lead to the correct pages after click\"\"\"\n>       element_in_gear_deals = sale_page.element_is_clickable(element_locator)\n\ntests/test_sale.py:123: \n_ _ _ _ _ _ _ _ _ _ _ _ _ _ _ _ _ _ _ _ _ _ _ _ _ _ _ _ _ _ _ _ _ _ _ _ _ _ _ _ \npages/base_page.py:81: in element_is_clickable\n    return wait(self.driver, timeout).until(EC.element_to_be_clickable(locator))\n_ _ _ _ _ _ _ _ _ _ _ _ _ _ _ _ _ _ _ _ _ _ _ _ _ _ _ _ _ _ _ _ _ _ _ _ _ _ _ _ \n\nself = <selenium.webdriver.support.wait.WebDriverWait (session=\"9569f88bc95711245ceea286407dc90d\")>\nmethod = <function element_to_be_clickable.<locals>._predicate at 0x7f6f88ff9b20>\nmessage = ''\n\n    def until(self, method, message: str = \"\"):\n        \"\"\"Calls the method provided with the driver as an argument until the \\\n        return value does not evaluate to ``False``.\n    \n        :param method: callable(WebDriver)\n        :param message: optional message for :exc:`TimeoutException`\n        :returns: the result of the last call to `method`\n        :raises: :exc:`selenium.common.exceptions.TimeoutException` if timeout occurs\n        \"\"\"\n        screen = None\n        stacktrace = None\n    \n        end_time = time.monotonic() + self._timeout\n        while True:\n            try:\n                value = method(self._driver)\n                if value:\n                    return value\n            except self._ignored_exceptions as exc:\n                screen = getattr(exc, \"screen\", None)\n                stacktrace = getattr(exc, \"stacktrace\", None)\n            time.sleep(self._poll)\n            if time.monotonic() > end_time:\n                break\n>       raise TimeoutException(message, screen, stacktrace)\nE       selenium.common.exceptions.TimeoutException: Message: \nE       Stacktrace:\nE       #0 0x55c756fa7fba <unknown>\nE       #1 0x55c756a2c6d0 <unknown>\nE       #2 0x55c756a7e2aa <unknown>\nE       #3 0x55c756a7e541 <unknown>\nE       #4 0x55c756acc6c4 <unknown>\nE       #5 0x55c756aa3e5d <unknown>\nE       #6 0x55c756ac9b54 <unknown>\nE       #7 0x55c756aa3c03 <unknown>\nE       #8 0x55c756a707a8 <unknown>\nE       #9 0x55c756a71421 <unknown>\nE       #10 0x55c756f6cb28 <unknown>\nE       #11 0x55c756f7087f <unknown>\nE       #12 0x55c756f54c49 <unknown>\nE       #13 0x55c756f71405 <unknown>\nE       #14 0x55c756f3a4ff <unknown>\nE       #15 0x55c756f95258 <unknown>\nE       #16 0x55c756f95432 <unknown>\nE       #17 0x55c756fa6fa3 <unknown>\nE       #18 0x7fa165c9caa4 <unknown>\nE       #19 0x7fa165d29c6c <unknown>\n\n/opt/hostedtoolcache/Python/3.12.3/x64/lib/python3.12/site-packages/selenium/webdriver/support/wait.py:95: TimeoutException",
    "steps" : [ {
      "name" : "Find clickable elements",
      "time" : {
        "start" : 1759714557464,
        "stop" : 1759714562565,
        "duration" : 5101
      },
      "status" : "broken",
      "statusMessage" : "selenium.common.exceptions.TimeoutException: Message: \nStacktrace:\n#0 0x55c756fa7fba <unknown>\n#1 0x55c756a2c6d0 <unknown>\n#2 0x55c756a7e2aa <unknown>\n#3 0x55c756a7e541 <unknown>\n#4 0x55c756acc6c4 <unknown>\n#5 0x55c756aa3e5d <unknown>\n#6 0x55c756ac9b54 <unknown>\n#7 0x55c756aa3c03 <unknown>\n#8 0x55c756a707a8 <unknown>\n#9 0x55c756a71421 <unknown>\n#10 0x55c756f6cb28 <unknown>\n#11 0x55c756f7087f <unknown>\n#12 0x55c756f54c49 <unknown>\n#13 0x55c756f71405 <unknown>\n#14 0x55c756f3a4ff <unknown>\n#15 0x55c756f95258 <unknown>\n#16 0x55c756f95432 <unknown>\n#17 0x55c756fa6fa3 <unknown>\n#18 0x7fa165c9caa4 <unknown>\n#19 0x7fa165d29c6c <unknown>\n\n",
      "statusTrace" : "  File \"/opt/hostedtoolcache/Python/3.12.3/x64/lib/python3.12/site-packages/allure_commons/_allure.py\", line 192, in impl\n    return func(*a, **kw)\n           ^^^^^^^^^^^^^^\n  File \"/home/runner/work/luma_project/luma_project/pages/base_page.py\", line 81, in element_is_clickable\n    return wait(self.driver, timeout).until(EC.element_to_be_clickable(locator))\n           ^^^^^^^^^^^^^^^^^^^^^^^^^^^^^^^^^^^^^^^^^^^^^^^^^^^^^^^^^^^^^^^^^^^^^\n  File \"/opt/hostedtoolcache/Python/3.12.3/x64/lib/python3.12/site-packages/selenium/webdriver/support/wait.py\", line 95, in until\n    raise TimeoutException(message, screen, stacktrace)\n",
      "steps" : [ ],
      "attachments" : [ ],
      "parameters" : [ {
        "name" : "locator",
        "value" : "('css selector', '.categories-menu > ul:nth-child(6) > li:nth-child(1) > a')"
      }, {
        "name" : "timeout",
        "value" : "5"
      } ],
      "stepsCount" : 0,
      "attachmentsCount" : 0,
      "shouldDisplayMessage" : true,
      "hasContent" : true
    } ],
    "attachments" : [ {
      "uid" : "b8b7974243f17c9e",
      "name" : "Screenshot",
      "source" : "b8b7974243f17c9e.png",
      "type" : "image/png",
      "size" : 23875
    }, {
      "uid" : "4ea3173251bcc1d7",
      "name" : "HTML source",
      "source" : "4ea3173251bcc1d7.html",
      "type" : "text/html",
      "size" : 786
    } ],
    "parameters" : [ ],
    "stepsCount" : 1,
    "attachmentsCount" : 2,
    "shouldDisplayMessage" : true,
    "hasContent" : true
  },
  "afterStages" : [ {
    "name" : "clear_allure_result_folder::0",
    "time" : {
      "start" : 1759715229969,
      "stop" : 1759715229969,
      "duration" : 0
    },
    "status" : "passed",
    "steps" : [ ],
    "attachments" : [ ],
    "parameters" : [ ],
    "stepsCount" : 0,
    "attachmentsCount" : 0,
    "shouldDisplayMessage" : false,
    "hasContent" : false
  }, {
    "name" : "driver::0",
    "time" : {
      "start" : 1759714562636,
      "stop" : 1759714562696,
      "duration" : 60
    },
    "status" : "passed",
    "steps" : [ ],
    "attachments" : [ ],
    "parameters" : [ ],
    "stepsCount" : 0,
    "attachmentsCount" : 0,
    "shouldDisplayMessage" : false,
    "hasContent" : false
  } ],
  "labels" : [ {
    "name" : "feature",
    "value" : "Testing Side Menu Bar - Gear Deals Section"
  }, {
    "name" : "epic",
    "value" : "Sale Page"
  }, {
    "name" : "parentSuite",
    "value" : "tests"
  }, {
    "name" : "suite",
    "value" : "test_sale"
  }, {
    "name" : "subSuite",
    "value" : "TestSalePage"
  }, {
    "name" : "host",
    "value" : "runnervmwhb2z"
  }, {
    "name" : "thread",
    "value" : "2979-MainThread"
  }, {
    "name" : "framework",
    "value" : "pytest"
  }, {
    "name" : "language",
    "value" : "cpython3"
  }, {
    "name" : "package",
    "value" : "tests.test_sale"
  }, {
    "name" : "resultFormat",
    "value" : "allure2"
  } ],
  "parameters" : [ {
    "name" : "element_locator",
    "value" : "('css selector', '.categories-menu > ul:nth-child(6) > li:nth-child(1) > a')"
  }, {
    "name" : "expected_title",
    "value" : "'Bags - Gear'"
  }, {
    "name" : "expected_url",
    "value" : "'https://magento.softwaretestingboard.com/gear/bags.html'"
  } ],
  "links" : [ ],
  "hidden" : false,
  "retry" : false,
  "extra" : {
    "severity" : "normal",
    "retries" : [ ],
    "categories" : [ {
      "name" : "Test defects",
      "matchedStatuses" : [ ],
      "flaky" : false
    } ],
    "tags" : [ ]
  },
  "source" : "4d95a185a277c6f5.json",
  "parameterValues" : [ "('css selector', '.categories-menu > ul:nth-child(6) > li:nth-child(1) > a')", "'Bags - Gear'", "'https://magento.softwaretestingboard.com/gear/bags.html'" ]
}