{
  "uid" : "5289835500e3ecfe",
  "name" : "TC 03.01.10 Verify Password field is correct format and clickable",
  "fullName" : "tests.test_sign_in.TestRegisteredCustomers#test_03_01_10_password_field_is_correct_format_and_clickable",
  "historyId" : "7db35f8602497806709b79a302c3c0e8",
  "time" : {
    "start" : 1759110199476,
    "stop" : 1759110204570,
    "duration" : 5094
  },
  "description" : "Check if the password input field is of correct format (input-text) and clickable",
  "descriptionHtml" : "<p>Check if the password input field is of correct format (input-text) and clickable</p>\n",
  "status" : "broken",
  "statusMessage" : "selenium.common.exceptions.TimeoutException: Message: \nStacktrace:\n#0 0x55ea4dff7cba <unknown>\n#1 0x55ea4da6c8e0 <unknown>\n#2 0x55ea4dabe580 <unknown>\n#3 0x55ea4dabe771 <unknown>\n#4 0x55ea4db0c864 <unknown>\n#5 0x55ea4dae409d <unknown>\n#6 0x55ea4db09c63 <unknown>\n#7 0x55ea4dae3e43 <unknown>\n#8 0x55ea4dab09a8 <unknown>\n#9 0x55ea4dab1621 <unknown>\n#10 0x55ea4dfbb8b8 <unknown>\n#11 0x55ea4dfbf5e2 <unknown>\n#12 0x55ea4dfa2683 <unknown>\n#13 0x55ea4dfc0135 <unknown>\n#14 0x55ea4df8780f <unknown>\n#15 0x55ea4dfe44c8 <unknown>\n#16 0x55ea4dfe46a2 <unknown>\n#17 0x55ea4dff6dc3 <unknown>\n#18 0x7fc6fae9caa4 <unknown>\n#19 0x7fc6faf29c6c <unknown>",
  "statusTrace" : "self = <test_sign_in.TestRegisteredCustomers object at 0x7f0da8554ce0>\ndriver = <selenium.webdriver.chrome.webdriver.WebDriver (session=\"f855b29386d3bfb8c3a7ce4da894cb4d\")>\nsign_in_page = <pages.sign_in_page.SignInPage object at 0x7f0da8440890>\n\n    @allure.title('TC 03.01.10 Verify Password field is correct format and clickable')\n    @allure.severity(allure.severity_level.BLOCKER)\n    def test_03_01_10_password_field_is_correct_format_and_clickable(self, driver, sign_in_page):\n        \"\"\"Check if the password input field is of correct format (input-text) and clickable\"\"\"\n>       password_input = sign_in_page.check_customer_password_field_is_clickable()\n\ntests/test_sign_in.py:102: \n_ _ _ _ _ _ _ _ _ _ _ _ _ _ _ _ _ _ _ _ _ _ _ _ _ _ _ _ _ _ _ _ _ _ _ _ _ _ _ _ \npages/sign_in_page.py:64: in check_customer_password_field_is_clickable\n    return self.element_is_clickable(self.locators.CUSTOMER_PASSWORD)\npages/base_page.py:81: in element_is_clickable\n    return wait(self.driver, timeout).until(EC.element_to_be_clickable(locator))\n_ _ _ _ _ _ _ _ _ _ _ _ _ _ _ _ _ _ _ _ _ _ _ _ _ _ _ _ _ _ _ _ _ _ _ _ _ _ _ _ \n\nself = <selenium.webdriver.support.wait.WebDriverWait (session=\"f855b29386d3bfb8c3a7ce4da894cb4d\")>\nmethod = <function element_to_be_clickable.<locals>._predicate at 0x7f0da7ef51c0>\nmessage = ''\n\n    def until(self, method, message: str = \"\"):\n        \"\"\"Calls the method provided with the driver as an argument until the \\\n        return value does not evaluate to ``False``.\n    \n        :param method: callable(WebDriver)\n        :param message: optional message for :exc:`TimeoutException`\n        :returns: the result of the last call to `method`\n        :raises: :exc:`selenium.common.exceptions.TimeoutException` if timeout occurs\n        \"\"\"\n        screen = None\n        stacktrace = None\n    \n        end_time = time.monotonic() + self._timeout\n        while True:\n            try:\n                value = method(self._driver)\n                if value:\n                    return value\n            except self._ignored_exceptions as exc:\n                screen = getattr(exc, \"screen\", None)\n                stacktrace = getattr(exc, \"stacktrace\", None)\n            time.sleep(self._poll)\n            if time.monotonic() > end_time:\n                break\n>       raise TimeoutException(message, screen, stacktrace)\nE       selenium.common.exceptions.TimeoutException: Message: \nE       Stacktrace:\nE       #0 0x55ea4dff7cba <unknown>\nE       #1 0x55ea4da6c8e0 <unknown>\nE       #2 0x55ea4dabe580 <unknown>\nE       #3 0x55ea4dabe771 <unknown>\nE       #4 0x55ea4db0c864 <unknown>\nE       #5 0x55ea4dae409d <unknown>\nE       #6 0x55ea4db09c63 <unknown>\nE       #7 0x55ea4dae3e43 <unknown>\nE       #8 0x55ea4dab09a8 <unknown>\nE       #9 0x55ea4dab1621 <unknown>\nE       #10 0x55ea4dfbb8b8 <unknown>\nE       #11 0x55ea4dfbf5e2 <unknown>\nE       #12 0x55ea4dfa2683 <unknown>\nE       #13 0x55ea4dfc0135 <unknown>\nE       #14 0x55ea4df8780f <unknown>\nE       #15 0x55ea4dfe44c8 <unknown>\nE       #16 0x55ea4dfe46a2 <unknown>\nE       #17 0x55ea4dff6dc3 <unknown>\nE       #18 0x7fc6fae9caa4 <unknown>\nE       #19 0x7fc6faf29c6c <unknown>\n\n/opt/hostedtoolcache/Python/3.12.3/x64/lib/python3.12/site-packages/selenium/webdriver/support/wait.py:95: TimeoutException",
  "flaky" : false,
  "newFailed" : false,
  "beforeStages" : [ {
    "name" : "sign_in_page",
    "time" : {
      "start" : 1759110199216,
      "stop" : 1759110199475,
      "duration" : 259
    },
    "status" : "passed",
    "steps" : [ {
      "name" : "Open a browser",
      "time" : {
        "start" : 1759110199216,
        "stop" : 1759110199475,
        "duration" : 259
      },
      "status" : "passed",
      "steps" : [ ],
      "attachments" : [ ],
      "parameters" : [ ],
      "stepsCount" : 0,
      "attachmentsCount" : 0,
      "shouldDisplayMessage" : false,
      "hasContent" : false
    } ],
    "attachments" : [ ],
    "parameters" : [ ],
    "stepsCount" : 1,
    "attachmentsCount" : 0,
    "shouldDisplayMessage" : false,
    "hasContent" : true
  }, {
    "name" : "driver",
    "time" : {
      "start" : 1759110197973,
      "stop" : 1759110199216,
      "duration" : 1243
    },
    "status" : "passed",
    "steps" : [ ],
    "attachments" : [ ],
    "parameters" : [ ],
    "stepsCount" : 0,
    "attachmentsCount" : 0,
    "shouldDisplayMessage" : false,
    "hasContent" : false
  }, {
    "name" : "clear_allure_result_folder",
    "time" : {
      "start" : 1759108091635,
      "stop" : 1759108091636,
      "duration" : 1
    },
    "status" : "passed",
    "steps" : [ ],
    "attachments" : [ ],
    "parameters" : [ ],
    "stepsCount" : 0,
    "attachmentsCount" : 0,
    "shouldDisplayMessage" : false,
    "hasContent" : false
  }, {
    "name" : "_session_faker",
    "time" : {
      "start" : 1759108091552,
      "stop" : 1759108091635,
      "duration" : 83
    },
    "status" : "passed",
    "steps" : [ ],
    "attachments" : [ ],
    "parameters" : [ ],
    "stepsCount" : 0,
    "attachmentsCount" : 0,
    "shouldDisplayMessage" : false,
    "hasContent" : false
  } ],
  "testStage" : {
    "description" : "Check if the password input field is of correct format (input-text) and clickable",
    "status" : "broken",
    "statusMessage" : "selenium.common.exceptions.TimeoutException: Message: \nStacktrace:\n#0 0x55ea4dff7cba <unknown>\n#1 0x55ea4da6c8e0 <unknown>\n#2 0x55ea4dabe580 <unknown>\n#3 0x55ea4dabe771 <unknown>\n#4 0x55ea4db0c864 <unknown>\n#5 0x55ea4dae409d <unknown>\n#6 0x55ea4db09c63 <unknown>\n#7 0x55ea4dae3e43 <unknown>\n#8 0x55ea4dab09a8 <unknown>\n#9 0x55ea4dab1621 <unknown>\n#10 0x55ea4dfbb8b8 <unknown>\n#11 0x55ea4dfbf5e2 <unknown>\n#12 0x55ea4dfa2683 <unknown>\n#13 0x55ea4dfc0135 <unknown>\n#14 0x55ea4df8780f <unknown>\n#15 0x55ea4dfe44c8 <unknown>\n#16 0x55ea4dfe46a2 <unknown>\n#17 0x55ea4dff6dc3 <unknown>\n#18 0x7fc6fae9caa4 <unknown>\n#19 0x7fc6faf29c6c <unknown>",
    "statusTrace" : "self = <test_sign_in.TestRegisteredCustomers object at 0x7f0da8554ce0>\ndriver = <selenium.webdriver.chrome.webdriver.WebDriver (session=\"f855b29386d3bfb8c3a7ce4da894cb4d\")>\nsign_in_page = <pages.sign_in_page.SignInPage object at 0x7f0da8440890>\n\n    @allure.title('TC 03.01.10 Verify Password field is correct format and clickable')\n    @allure.severity(allure.severity_level.BLOCKER)\n    def test_03_01_10_password_field_is_correct_format_and_clickable(self, driver, sign_in_page):\n        \"\"\"Check if the password input field is of correct format (input-text) and clickable\"\"\"\n>       password_input = sign_in_page.check_customer_password_field_is_clickable()\n\ntests/test_sign_in.py:102: \n_ _ _ _ _ _ _ _ _ _ _ _ _ _ _ _ _ _ _ _ _ _ _ _ _ _ _ _ _ _ _ _ _ _ _ _ _ _ _ _ \npages/sign_in_page.py:64: in check_customer_password_field_is_clickable\n    return self.element_is_clickable(self.locators.CUSTOMER_PASSWORD)\npages/base_page.py:81: in element_is_clickable\n    return wait(self.driver, timeout).until(EC.element_to_be_clickable(locator))\n_ _ _ _ _ _ _ _ _ _ _ _ _ _ _ _ _ _ _ _ _ _ _ _ _ _ _ _ _ _ _ _ _ _ _ _ _ _ _ _ \n\nself = <selenium.webdriver.support.wait.WebDriverWait (session=\"f855b29386d3bfb8c3a7ce4da894cb4d\")>\nmethod = <function element_to_be_clickable.<locals>._predicate at 0x7f0da7ef51c0>\nmessage = ''\n\n    def until(self, method, message: str = \"\"):\n        \"\"\"Calls the method provided with the driver as an argument until the \\\n        return value does not evaluate to ``False``.\n    \n        :param method: callable(WebDriver)\n        :param message: optional message for :exc:`TimeoutException`\n        :returns: the result of the last call to `method`\n        :raises: :exc:`selenium.common.exceptions.TimeoutException` if timeout occurs\n        \"\"\"\n        screen = None\n        stacktrace = None\n    \n        end_time = time.monotonic() + self._timeout\n        while True:\n            try:\n                value = method(self._driver)\n                if value:\n                    return value\n            except self._ignored_exceptions as exc:\n                screen = getattr(exc, \"screen\", None)\n                stacktrace = getattr(exc, \"stacktrace\", None)\n            time.sleep(self._poll)\n            if time.monotonic() > end_time:\n                break\n>       raise TimeoutException(message, screen, stacktrace)\nE       selenium.common.exceptions.TimeoutException: Message: \nE       Stacktrace:\nE       #0 0x55ea4dff7cba <unknown>\nE       #1 0x55ea4da6c8e0 <unknown>\nE       #2 0x55ea4dabe580 <unknown>\nE       #3 0x55ea4dabe771 <unknown>\nE       #4 0x55ea4db0c864 <unknown>\nE       #5 0x55ea4dae409d <unknown>\nE       #6 0x55ea4db09c63 <unknown>\nE       #7 0x55ea4dae3e43 <unknown>\nE       #8 0x55ea4dab09a8 <unknown>\nE       #9 0x55ea4dab1621 <unknown>\nE       #10 0x55ea4dfbb8b8 <unknown>\nE       #11 0x55ea4dfbf5e2 <unknown>\nE       #12 0x55ea4dfa2683 <unknown>\nE       #13 0x55ea4dfc0135 <unknown>\nE       #14 0x55ea4df8780f <unknown>\nE       #15 0x55ea4dfe44c8 <unknown>\nE       #16 0x55ea4dfe46a2 <unknown>\nE       #17 0x55ea4dff6dc3 <unknown>\nE       #18 0x7fc6fae9caa4 <unknown>\nE       #19 0x7fc6faf29c6c <unknown>\n\n/opt/hostedtoolcache/Python/3.12.3/x64/lib/python3.12/site-packages/selenium/webdriver/support/wait.py:95: TimeoutException",
    "steps" : [ {
      "name" : "Check Password field is clickable",
      "time" : {
        "start" : 1759110199476,
        "stop" : 1759110204569,
        "duration" : 5093
      },
      "status" : "broken",
      "statusMessage" : "selenium.common.exceptions.TimeoutException: Message: \nStacktrace:\n#0 0x55ea4dff7cba <unknown>\n#1 0x55ea4da6c8e0 <unknown>\n#2 0x55ea4dabe580 <unknown>\n#3 0x55ea4dabe771 <unknown>\n#4 0x55ea4db0c864 <unknown>\n#5 0x55ea4dae409d <unknown>\n#6 0x55ea4db09c63 <unknown>\n#7 0x55ea4dae3e43 <unknown>\n#8 0x55ea4dab09a8 <unknown>\n#9 0x55ea4dab1621 <unknown>\n#10 0x55ea4dfbb8b8 <unknown>\n#11 0x55ea4dfbf5e2 <unknown>\n#12 0x55ea4dfa2683 <unknown>\n#13 0x55ea4dfc0135 <unknown>\n#14 0x55ea4df8780f <unknown>\n#15 0x55ea4dfe44c8 <unknown>\n#16 0x55ea4dfe46a2 <unknown>\n#17 0x55ea4dff6dc3 <unknown>\n#18 0x7fc6fae9caa4 <unknown>\n#19 0x7fc6faf29c6c <unknown>\n\n",
      "statusTrace" : "  File \"/opt/hostedtoolcache/Python/3.12.3/x64/lib/python3.12/site-packages/allure_commons/_allure.py\", line 192, in impl\n    return func(*a, **kw)\n           ^^^^^^^^^^^^^^\n  File \"/home/runner/work/luma_project/luma_project/pages/sign_in_page.py\", line 64, in check_customer_password_field_is_clickable\n    return self.element_is_clickable(self.locators.CUSTOMER_PASSWORD)\n           ^^^^^^^^^^^^^^^^^^^^^^^^^^^^^^^^^^^^^^^^^^^^^^^^^^^^^^^^^^\n  File \"/opt/hostedtoolcache/Python/3.12.3/x64/lib/python3.12/site-packages/allure_commons/_allure.py\", line 192, in impl\n    return func(*a, **kw)\n           ^^^^^^^^^^^^^^\n  File \"/home/runner/work/luma_project/luma_project/pages/base_page.py\", line 81, in element_is_clickable\n    return wait(self.driver, timeout).until(EC.element_to_be_clickable(locator))\n           ^^^^^^^^^^^^^^^^^^^^^^^^^^^^^^^^^^^^^^^^^^^^^^^^^^^^^^^^^^^^^^^^^^^^^\n  File \"/opt/hostedtoolcache/Python/3.12.3/x64/lib/python3.12/site-packages/selenium/webdriver/support/wait.py\", line 95, in until\n    raise TimeoutException(message, screen, stacktrace)\n",
      "steps" : [ {
        "name" : "Find clickable elements",
        "time" : {
          "start" : 1759110199476,
          "stop" : 1759110204569,
          "duration" : 5093
        },
        "status" : "broken",
        "statusMessage" : "selenium.common.exceptions.TimeoutException: Message: \nStacktrace:\n#0 0x55ea4dff7cba <unknown>\n#1 0x55ea4da6c8e0 <unknown>\n#2 0x55ea4dabe580 <unknown>\n#3 0x55ea4dabe771 <unknown>\n#4 0x55ea4db0c864 <unknown>\n#5 0x55ea4dae409d <unknown>\n#6 0x55ea4db09c63 <unknown>\n#7 0x55ea4dae3e43 <unknown>\n#8 0x55ea4dab09a8 <unknown>\n#9 0x55ea4dab1621 <unknown>\n#10 0x55ea4dfbb8b8 <unknown>\n#11 0x55ea4dfbf5e2 <unknown>\n#12 0x55ea4dfa2683 <unknown>\n#13 0x55ea4dfc0135 <unknown>\n#14 0x55ea4df8780f <unknown>\n#15 0x55ea4dfe44c8 <unknown>\n#16 0x55ea4dfe46a2 <unknown>\n#17 0x55ea4dff6dc3 <unknown>\n#18 0x7fc6fae9caa4 <unknown>\n#19 0x7fc6faf29c6c <unknown>\n\n",
        "statusTrace" : "  File \"/opt/hostedtoolcache/Python/3.12.3/x64/lib/python3.12/site-packages/allure_commons/_allure.py\", line 192, in impl\n    return func(*a, **kw)\n           ^^^^^^^^^^^^^^\n  File \"/home/runner/work/luma_project/luma_project/pages/base_page.py\", line 81, in element_is_clickable\n    return wait(self.driver, timeout).until(EC.element_to_be_clickable(locator))\n           ^^^^^^^^^^^^^^^^^^^^^^^^^^^^^^^^^^^^^^^^^^^^^^^^^^^^^^^^^^^^^^^^^^^^^\n  File \"/opt/hostedtoolcache/Python/3.12.3/x64/lib/python3.12/site-packages/selenium/webdriver/support/wait.py\", line 95, in until\n    raise TimeoutException(message, screen, stacktrace)\n",
        "steps" : [ ],
        "attachments" : [ ],
        "parameters" : [ {
          "name" : "locator",
          "value" : "('css selector', '#pass')"
        }, {
          "name" : "timeout",
          "value" : "5"
        } ],
        "stepsCount" : 0,
        "attachmentsCount" : 0,
        "shouldDisplayMessage" : true,
        "hasContent" : true
      } ],
      "attachments" : [ ],
      "parameters" : [ ],
      "stepsCount" : 1,
      "attachmentsCount" : 0,
      "shouldDisplayMessage" : false,
      "hasContent" : true
    } ],
    "attachments" : [ {
      "uid" : "88458e301747b0b1",
      "name" : "Screenshot",
      "source" : "88458e301747b0b1.png",
      "type" : "image/png",
      "size" : 23875
    }, {
      "uid" : "ad56d8a310ddc62f",
      "name" : "HTML source",
      "source" : "ad56d8a310ddc62f.html",
      "type" : "text/html",
      "size" : 786
    } ],
    "parameters" : [ ],
    "stepsCount" : 2,
    "attachmentsCount" : 2,
    "shouldDisplayMessage" : true,
    "hasContent" : true
  },
  "afterStages" : [ {
    "name" : "driver::0",
    "time" : {
      "start" : 1759110204643,
      "stop" : 1759110204702,
      "duration" : 59
    },
    "status" : "passed",
    "steps" : [ ],
    "attachments" : [ ],
    "parameters" : [ ],
    "stepsCount" : 0,
    "attachmentsCount" : 0,
    "shouldDisplayMessage" : false,
    "hasContent" : false
  }, {
    "name" : "clear_allure_result_folder::0",
    "time" : {
      "start" : 1759110554884,
      "stop" : 1759110554884,
      "duration" : 0
    },
    "status" : "passed",
    "steps" : [ ],
    "attachments" : [ ],
    "parameters" : [ ],
    "stepsCount" : 0,
    "attachmentsCount" : 0,
    "shouldDisplayMessage" : false,
    "hasContent" : false
  } ],
  "labels" : [ {
    "name" : "severity",
    "value" : "blocker"
  }, {
    "name" : "feature",
    "value" : "Registered Customers"
  }, {
    "name" : "epic",
    "value" : "Sign In Page"
  }, {
    "name" : "parentSuite",
    "value" : "tests"
  }, {
    "name" : "suite",
    "value" : "test_sign_in"
  }, {
    "name" : "subSuite",
    "value" : "TestRegisteredCustomers"
  }, {
    "name" : "host",
    "value" : "runnervm3ublj"
  }, {
    "name" : "thread",
    "value" : "3001-MainThread"
  }, {
    "name" : "framework",
    "value" : "pytest"
  }, {
    "name" : "language",
    "value" : "cpython3"
  }, {
    "name" : "package",
    "value" : "tests.test_sign_in"
  }, {
    "name" : "resultFormat",
    "value" : "allure2"
  } ],
  "parameters" : [ ],
  "links" : [ ],
  "hidden" : false,
  "retry" : false,
  "extra" : {
    "severity" : "blocker",
    "retries" : [ ],
    "categories" : [ {
      "name" : "Test defects",
      "matchedStatuses" : [ ],
      "flaky" : false
    } ],
    "tags" : [ ]
  },
  "source" : "5289835500e3ecfe.json",
  "parameterValues" : [ ]
}