{
  "uid" : "54e7c9533f11574",
  "name" : "TC 04_01_01 Verify Create An Account Page h1 Header",
  "fullName" : "tests.test_create_an_account.TestCreateAnAccount#test_04_01_01_h1_heading",
  "historyId" : "9b3a6a9fb86471708b3d4920c794cf69",
  "time" : {
    "start" : 1759712815361,
    "stop" : 1759712815585,
    "duration" : 224
  },
  "description" : " Verify that the Create An Account page heading is present. ",
  "descriptionHtml" : "<p>Verify that the Create An Account page heading is present.</p>\n",
  "status" : "failed",
  "statusMessage" : "AssertionError: h1 heading is not present\nassert (<selenium.webdriver.remote.webelement.WebElement (session=\"ebe5cce630eb3a932abe093fee22607e\", element=\"f.A41F2DDBB5BC9F787640C399B2FC9AFF.d.0418ACA31B9486D3DAB60790C7DED727.e.2\")> and '503' == 'Create New Customer Account'\n  - Create New Customer Account\n  + 503)",
  "statusTrace" : "self = <test_create_an_account.TestCreateAnAccount object at 0x7f6f89eed790>\ncreate_account_page = <pages.create_an_account_page.CreateAccountPage object at 0x7f6f89e41940>\n\n    @allure.title('TC 04_01_01 Verify Create An Account Page h1 Header')\n    @allure.severity(allure.severity_level.NORMAL)\n    def test_04_01_01_h1_heading(self, create_account_page):\n        \"\"\" Verify that the Create An Account page heading is present. \"\"\"\n        h1_heading = create_account_page.check_h1_header()\n>       assert h1_heading and h1_heading.text == create_account_data['h1_heading'], \\\n            \"h1 heading is not present\"\nE       AssertionError: h1 heading is not present\nE       assert (<selenium.webdriver.remote.webelement.WebElement (session=\"ebe5cce630eb3a932abe093fee22607e\", element=\"f.A41F2DDBB5BC9F787640C399B2FC9AFF.d.0418ACA31B9486D3DAB60790C7DED727.e.2\")> and '503' == 'Create New Customer Account'\nE         - Create New Customer Account\nE         + 503)\n\ntests/test_create_an_account.py:23: AssertionError",
  "flaky" : false,
  "newFailed" : false,
  "beforeStages" : [ {
    "name" : "clear_allure_result_folder",
    "time" : {
      "start" : 1759712796322,
      "stop" : 1759712796323,
      "duration" : 1
    },
    "status" : "passed",
    "steps" : [ ],
    "attachments" : [ ],
    "parameters" : [ ],
    "stepsCount" : 0,
    "attachmentsCount" : 0,
    "shouldDisplayMessage" : false,
    "hasContent" : false
  }, {
    "name" : "_session_faker",
    "time" : {
      "start" : 1759712796252,
      "stop" : 1759712796322,
      "duration" : 70
    },
    "status" : "passed",
    "steps" : [ ],
    "attachments" : [ ],
    "parameters" : [ ],
    "stepsCount" : 0,
    "attachmentsCount" : 0,
    "shouldDisplayMessage" : false,
    "hasContent" : false
  }, {
    "name" : "driver",
    "time" : {
      "start" : 1759712796323,
      "stop" : 1759712814714,
      "duration" : 18391
    },
    "status" : "passed",
    "steps" : [ ],
    "attachments" : [ ],
    "parameters" : [ ],
    "stepsCount" : 0,
    "attachmentsCount" : 0,
    "shouldDisplayMessage" : false,
    "hasContent" : false
  }, {
    "name" : "create_account_page",
    "time" : {
      "start" : 1759712814714,
      "stop" : 1759712815360,
      "duration" : 646
    },
    "status" : "passed",
    "steps" : [ {
      "name" : "Open a browser",
      "time" : {
        "start" : 1759712814714,
        "stop" : 1759712815360,
        "duration" : 646
      },
      "status" : "passed",
      "steps" : [ ],
      "attachments" : [ ],
      "parameters" : [ ],
      "stepsCount" : 0,
      "attachmentsCount" : 0,
      "shouldDisplayMessage" : false,
      "hasContent" : false
    } ],
    "attachments" : [ ],
    "parameters" : [ ],
    "stepsCount" : 1,
    "attachmentsCount" : 0,
    "shouldDisplayMessage" : false,
    "hasContent" : true
  } ],
  "testStage" : {
    "description" : " Verify that the Create An Account page heading is present. ",
    "status" : "failed",
    "statusMessage" : "AssertionError: h1 heading is not present\nassert (<selenium.webdriver.remote.webelement.WebElement (session=\"ebe5cce630eb3a932abe093fee22607e\", element=\"f.A41F2DDBB5BC9F787640C399B2FC9AFF.d.0418ACA31B9486D3DAB60790C7DED727.e.2\")> and '503' == 'Create New Customer Account'\n  - Create New Customer Account\n  + 503)",
    "statusTrace" : "self = <test_create_an_account.TestCreateAnAccount object at 0x7f6f89eed790>\ncreate_account_page = <pages.create_an_account_page.CreateAccountPage object at 0x7f6f89e41940>\n\n    @allure.title('TC 04_01_01 Verify Create An Account Page h1 Header')\n    @allure.severity(allure.severity_level.NORMAL)\n    def test_04_01_01_h1_heading(self, create_account_page):\n        \"\"\" Verify that the Create An Account page heading is present. \"\"\"\n        h1_heading = create_account_page.check_h1_header()\n>       assert h1_heading and h1_heading.text == create_account_data['h1_heading'], \\\n            \"h1 heading is not present\"\nE       AssertionError: h1 heading is not present\nE       assert (<selenium.webdriver.remote.webelement.WebElement (session=\"ebe5cce630eb3a932abe093fee22607e\", element=\"f.A41F2DDBB5BC9F787640C399B2FC9AFF.d.0418ACA31B9486D3DAB60790C7DED727.e.2\")> and '503' == 'Create New Customer Account'\nE         - Create New Customer Account\nE         + 503)\n\ntests/test_create_an_account.py:23: AssertionError",
    "steps" : [ {
      "name" : "Check Create An Account h1 header is visible",
      "time" : {
        "start" : 1759712815361,
        "stop" : 1759712815557,
        "duration" : 196
      },
      "status" : "passed",
      "steps" : [ {
        "name" : "Find a visible element",
        "time" : {
          "start" : 1759712815361,
          "stop" : 1759712815557,
          "duration" : 196
        },
        "status" : "passed",
        "steps" : [ {
          "name" : "Find a present element",
          "time" : {
            "start" : 1759712815361,
            "stop" : 1759712815496,
            "duration" : 135
          },
          "status" : "passed",
          "steps" : [ ],
          "attachments" : [ ],
          "parameters" : [ {
            "name" : "locator",
            "value" : "('css selector', 'h1')"
          }, {
            "name" : "timeout",
            "value" : "5"
          } ],
          "stepsCount" : 0,
          "attachmentsCount" : 0,
          "shouldDisplayMessage" : false,
          "hasContent" : true
        }, {
          "name" : "Go to specified element",
          "time" : {
            "start" : 1759712815496,
            "stop" : 1759712815517,
            "duration" : 21
          },
          "status" : "passed",
          "steps" : [ ],
          "attachments" : [ ],
          "parameters" : [ {
            "name" : "element",
            "value" : "<selenium.webdriver.remote.webelement.WebElement (session=\"ebe5cce630eb3a932abe093fee22607e\", element=\"f.A41F2DDBB5BC9F787640C399B2FC9AFF.d.0418ACA31B9486D3DAB60790C7DED727.e.2\")>"
          } ],
          "stepsCount" : 0,
          "attachmentsCount" : 0,
          "shouldDisplayMessage" : false,
          "hasContent" : true
        } ],
        "attachments" : [ ],
        "parameters" : [ {
          "name" : "locator",
          "value" : "('css selector', 'h1')"
        }, {
          "name" : "timeout",
          "value" : "10"
        } ],
        "stepsCount" : 2,
        "attachmentsCount" : 0,
        "shouldDisplayMessage" : false,
        "hasContent" : true
      } ],
      "attachments" : [ ],
      "parameters" : [ ],
      "stepsCount" : 3,
      "attachmentsCount" : 0,
      "shouldDisplayMessage" : false,
      "hasContent" : true
    } ],
    "attachments" : [ {
      "uid" : "a27ba0af0b90e59c",
      "name" : "Screenshot",
      "source" : "a27ba0af0b90e59c.png",
      "type" : "image/png",
      "size" : 23875
    }, {
      "uid" : "19d3e26943a5e45c",
      "name" : "HTML source",
      "source" : "19d3e26943a5e45c.html",
      "type" : "text/html",
      "size" : 786
    } ],
    "parameters" : [ ],
    "stepsCount" : 4,
    "attachmentsCount" : 2,
    "shouldDisplayMessage" : true,
    "hasContent" : true
  },
  "afterStages" : [ {
    "name" : "clear_allure_result_folder::0",
    "time" : {
      "start" : 1759715229969,
      "stop" : 1759715229969,
      "duration" : 0
    },
    "status" : "passed",
    "steps" : [ ],
    "attachments" : [ ],
    "parameters" : [ ],
    "stepsCount" : 0,
    "attachmentsCount" : 0,
    "shouldDisplayMessage" : false,
    "hasContent" : false
  }, {
    "name" : "driver::0",
    "time" : {
      "start" : 1759712815728,
      "stop" : 1759712815804,
      "duration" : 76
    },
    "status" : "passed",
    "steps" : [ ],
    "attachments" : [ ],
    "parameters" : [ ],
    "stepsCount" : 0,
    "attachmentsCount" : 0,
    "shouldDisplayMessage" : false,
    "hasContent" : false
  } ],
  "labels" : [ {
    "name" : "severity",
    "value" : "normal"
  }, {
    "name" : "epic",
    "value" : "Create An Account"
  }, {
    "name" : "parentSuite",
    "value" : "tests"
  }, {
    "name" : "suite",
    "value" : "test_create_an_account"
  }, {
    "name" : "subSuite",
    "value" : "TestCreateAnAccount"
  }, {
    "name" : "host",
    "value" : "runnervmwhb2z"
  }, {
    "name" : "thread",
    "value" : "2979-MainThread"
  }, {
    "name" : "framework",
    "value" : "pytest"
  }, {
    "name" : "language",
    "value" : "cpython3"
  }, {
    "name" : "package",
    "value" : "tests.test_create_an_account"
  }, {
    "name" : "resultFormat",
    "value" : "allure2"
  } ],
  "parameters" : [ ],
  "links" : [ ],
  "hidden" : false,
  "retry" : false,
  "extra" : {
    "severity" : "normal",
    "retries" : [ ],
    "categories" : [ {
      "name" : "Product defects",
      "matchedStatuses" : [ ],
      "flaky" : false
    } ],
    "tags" : [ ]
  },
  "source" : "54e7c9533f11574.json",
  "parameterValues" : [ ]
}