{
  "uid" : "59765047dce07efb",
  "name" : "test 04.02.06 create an account with empty confirm password",
  "fullName" : "tests.test_create_an_account.TestCreateAnAccount#test_tc_04_02_06_create_account_with_empty_confirm_password",
  "historyId" : "bf44a5aa8f7078537d7289210fe2a54f",
  "time" : {
    "start" : 1760318004707,
    "stop" : 1760318009805,
    "duration" : 5098
  },
  "description" : " Verify that customer can't Create An Account with empty confirm password",
  "descriptionHtml" : "<p>Verify that customer can't Create An Account with empty confirm password</p>\n",
  "status" : "broken",
  "statusMessage" : "selenium.common.exceptions.TimeoutException: Message: \nStacktrace:\n#0 0x55e098009fba <unknown>\n#1 0x55e097a8e6d0 <unknown>\n#2 0x55e097ae02aa <unknown>\n#3 0x55e097ae0541 <unknown>\n#4 0x55e097b2e6c4 <unknown>\n#5 0x55e097b05e5d <unknown>\n#6 0x55e097b2bb54 <unknown>\n#7 0x55e097b05c03 <unknown>\n#8 0x55e097ad27a8 <unknown>\n#9 0x55e097ad3421 <unknown>\n#10 0x55e097fceb28 <unknown>\n#11 0x55e097fd287f <unknown>\n#12 0x55e097fb6c49 <unknown>\n#13 0x55e097fd3405 <unknown>\n#14 0x55e097f9c4ff <unknown>\n#15 0x55e097ff7258 <unknown>\n#16 0x55e097ff7432 <unknown>\n#17 0x55e098008fa3 <unknown>\n#18 0x7fda56c9caa4 <unknown>\n#19 0x7fda56d29c6c <unknown>",
  "statusTrace" : "self = <test_create_an_account.TestCreateAnAccount object at 0x7f4205e79220>\ncreate_account_page = <pages.create_an_account_page.CreateAccountPage object at 0x7f42059aa3c0>\n\n    @allure.title('test 04.02.06 create an account with empty confirm password')\n    @allure.severity(allure.severity_level.CRITICAL)\n    def test_tc_04_02_06_create_account_with_empty_confirm_password(self, create_account_page):\n        \"\"\" Verify that customer can't Create An Account with empty confirm password\"\"\"\n>       message = create_account_page.create_with_empty_confirm_password()\n\ntests/test_create_an_account.py:225: \n_ _ _ _ _ _ _ _ _ _ _ _ _ _ _ _ _ _ _ _ _ _ _ _ _ _ _ _ _ _ _ _ _ _ _ _ _ _ _ _ \npages/create_an_account_page.py:354: in create_with_empty_confirm_password\n    self.element_is_visible(self.locators.FIRST_NAME).send_keys('test727')\npages/base_page.py:30: in element_is_visible\n    self.go_to_element(self.element_is_present(locator))\npages/base_page.py:51: in element_is_present\n    return wait(self.driver, timeout).until(EC.presence_of_element_located(locator))\n_ _ _ _ _ _ _ _ _ _ _ _ _ _ _ _ _ _ _ _ _ _ _ _ _ _ _ _ _ _ _ _ _ _ _ _ _ _ _ _ \n\nself = <selenium.webdriver.support.wait.WebDriverWait (session=\"de4400f447edd6817fab25170fc2ab4c\")>\nmethod = <function presence_of_element_located.<locals>._predicate at 0x7f4205cf5440>\nmessage = ''\n\n    def until(self, method, message: str = \"\"):\n        \"\"\"Calls the method provided with the driver as an argument until the \\\n        return value does not evaluate to ``False``.\n    \n        :param method: callable(WebDriver)\n        :param message: optional message for :exc:`TimeoutException`\n        :returns: the result of the last call to `method`\n        :raises: :exc:`selenium.common.exceptions.TimeoutException` if timeout occurs\n        \"\"\"\n        screen = None\n        stacktrace = None\n    \n        end_time = time.monotonic() + self._timeout\n        while True:\n            try:\n                value = method(self._driver)\n                if value:\n                    return value\n            except self._ignored_exceptions as exc:\n                screen = getattr(exc, \"screen\", None)\n                stacktrace = getattr(exc, \"stacktrace\", None)\n            time.sleep(self._poll)\n            if time.monotonic() > end_time:\n                break\n>       raise TimeoutException(message, screen, stacktrace)\nE       selenium.common.exceptions.TimeoutException: Message: \nE       Stacktrace:\nE       #0 0x55e098009fba <unknown>\nE       #1 0x55e097a8e6d0 <unknown>\nE       #2 0x55e097ae02aa <unknown>\nE       #3 0x55e097ae0541 <unknown>\nE       #4 0x55e097b2e6c4 <unknown>\nE       #5 0x55e097b05e5d <unknown>\nE       #6 0x55e097b2bb54 <unknown>\nE       #7 0x55e097b05c03 <unknown>\nE       #8 0x55e097ad27a8 <unknown>\nE       #9 0x55e097ad3421 <unknown>\nE       #10 0x55e097fceb28 <unknown>\nE       #11 0x55e097fd287f <unknown>\nE       #12 0x55e097fb6c49 <unknown>\nE       #13 0x55e097fd3405 <unknown>\nE       #14 0x55e097f9c4ff <unknown>\nE       #15 0x55e097ff7258 <unknown>\nE       #16 0x55e097ff7432 <unknown>\nE       #17 0x55e098008fa3 <unknown>\nE       #18 0x7fda56c9caa4 <unknown>\nE       #19 0x7fda56d29c6c <unknown>\n\n/opt/hostedtoolcache/Python/3.12.3/x64/lib/python3.12/site-packages/selenium/webdriver/support/wait.py:95: TimeoutException",
  "flaky" : false,
  "newFailed" : false,
  "beforeStages" : [ {
    "name" : "driver",
    "time" : {
      "start" : 1760318003266,
      "stop" : 1760318004506,
      "duration" : 1240
    },
    "status" : "passed",
    "steps" : [ ],
    "attachments" : [ ],
    "parameters" : [ ],
    "stepsCount" : 0,
    "attachmentsCount" : 0,
    "shouldDisplayMessage" : false,
    "hasContent" : false
  }, {
    "name" : "clear_allure_result_folder",
    "time" : {
      "start" : 1760317852254,
      "stop" : 1760317852255,
      "duration" : 1
    },
    "status" : "passed",
    "steps" : [ ],
    "attachments" : [ ],
    "parameters" : [ ],
    "stepsCount" : 0,
    "attachmentsCount" : 0,
    "shouldDisplayMessage" : false,
    "hasContent" : false
  }, {
    "name" : "create_account_page",
    "time" : {
      "start" : 1760318004506,
      "stop" : 1760318004706,
      "duration" : 200
    },
    "status" : "passed",
    "steps" : [ {
      "name" : "Open a browser",
      "time" : {
        "start" : 1760318004506,
        "stop" : 1760318004706,
        "duration" : 200
      },
      "status" : "passed",
      "steps" : [ ],
      "attachments" : [ ],
      "parameters" : [ ],
      "stepsCount" : 0,
      "attachmentsCount" : 0,
      "shouldDisplayMessage" : false,
      "hasContent" : false
    } ],
    "attachments" : [ ],
    "parameters" : [ ],
    "stepsCount" : 1,
    "attachmentsCount" : 0,
    "shouldDisplayMessage" : false,
    "hasContent" : true
  }, {
    "name" : "_session_faker",
    "time" : {
      "start" : 1760317852186,
      "stop" : 1760317852254,
      "duration" : 68
    },
    "status" : "passed",
    "steps" : [ ],
    "attachments" : [ ],
    "parameters" : [ ],
    "stepsCount" : 0,
    "attachmentsCount" : 0,
    "shouldDisplayMessage" : false,
    "hasContent" : false
  } ],
  "testStage" : {
    "description" : " Verify that customer can't Create An Account with empty confirm password",
    "status" : "broken",
    "statusMessage" : "selenium.common.exceptions.TimeoutException: Message: \nStacktrace:\n#0 0x55e098009fba <unknown>\n#1 0x55e097a8e6d0 <unknown>\n#2 0x55e097ae02aa <unknown>\n#3 0x55e097ae0541 <unknown>\n#4 0x55e097b2e6c4 <unknown>\n#5 0x55e097b05e5d <unknown>\n#6 0x55e097b2bb54 <unknown>\n#7 0x55e097b05c03 <unknown>\n#8 0x55e097ad27a8 <unknown>\n#9 0x55e097ad3421 <unknown>\n#10 0x55e097fceb28 <unknown>\n#11 0x55e097fd287f <unknown>\n#12 0x55e097fb6c49 <unknown>\n#13 0x55e097fd3405 <unknown>\n#14 0x55e097f9c4ff <unknown>\n#15 0x55e097ff7258 <unknown>\n#16 0x55e097ff7432 <unknown>\n#17 0x55e098008fa3 <unknown>\n#18 0x7fda56c9caa4 <unknown>\n#19 0x7fda56d29c6c <unknown>",
    "statusTrace" : "self = <test_create_an_account.TestCreateAnAccount object at 0x7f4205e79220>\ncreate_account_page = <pages.create_an_account_page.CreateAccountPage object at 0x7f42059aa3c0>\n\n    @allure.title('test 04.02.06 create an account with empty confirm password')\n    @allure.severity(allure.severity_level.CRITICAL)\n    def test_tc_04_02_06_create_account_with_empty_confirm_password(self, create_account_page):\n        \"\"\" Verify that customer can't Create An Account with empty confirm password\"\"\"\n>       message = create_account_page.create_with_empty_confirm_password()\n\ntests/test_create_an_account.py:225: \n_ _ _ _ _ _ _ _ _ _ _ _ _ _ _ _ _ _ _ _ _ _ _ _ _ _ _ _ _ _ _ _ _ _ _ _ _ _ _ _ \npages/create_an_account_page.py:354: in create_with_empty_confirm_password\n    self.element_is_visible(self.locators.FIRST_NAME).send_keys('test727')\npages/base_page.py:30: in element_is_visible\n    self.go_to_element(self.element_is_present(locator))\npages/base_page.py:51: in element_is_present\n    return wait(self.driver, timeout).until(EC.presence_of_element_located(locator))\n_ _ _ _ _ _ _ _ _ _ _ _ _ _ _ _ _ _ _ _ _ _ _ _ _ _ _ _ _ _ _ _ _ _ _ _ _ _ _ _ \n\nself = <selenium.webdriver.support.wait.WebDriverWait (session=\"de4400f447edd6817fab25170fc2ab4c\")>\nmethod = <function presence_of_element_located.<locals>._predicate at 0x7f4205cf5440>\nmessage = ''\n\n    def until(self, method, message: str = \"\"):\n        \"\"\"Calls the method provided with the driver as an argument until the \\\n        return value does not evaluate to ``False``.\n    \n        :param method: callable(WebDriver)\n        :param message: optional message for :exc:`TimeoutException`\n        :returns: the result of the last call to `method`\n        :raises: :exc:`selenium.common.exceptions.TimeoutException` if timeout occurs\n        \"\"\"\n        screen = None\n        stacktrace = None\n    \n        end_time = time.monotonic() + self._timeout\n        while True:\n            try:\n                value = method(self._driver)\n                if value:\n                    return value\n            except self._ignored_exceptions as exc:\n                screen = getattr(exc, \"screen\", None)\n                stacktrace = getattr(exc, \"stacktrace\", None)\n            time.sleep(self._poll)\n            if time.monotonic() > end_time:\n                break\n>       raise TimeoutException(message, screen, stacktrace)\nE       selenium.common.exceptions.TimeoutException: Message: \nE       Stacktrace:\nE       #0 0x55e098009fba <unknown>\nE       #1 0x55e097a8e6d0 <unknown>\nE       #2 0x55e097ae02aa <unknown>\nE       #3 0x55e097ae0541 <unknown>\nE       #4 0x55e097b2e6c4 <unknown>\nE       #5 0x55e097b05e5d <unknown>\nE       #6 0x55e097b2bb54 <unknown>\nE       #7 0x55e097b05c03 <unknown>\nE       #8 0x55e097ad27a8 <unknown>\nE       #9 0x55e097ad3421 <unknown>\nE       #10 0x55e097fceb28 <unknown>\nE       #11 0x55e097fd287f <unknown>\nE       #12 0x55e097fb6c49 <unknown>\nE       #13 0x55e097fd3405 <unknown>\nE       #14 0x55e097f9c4ff <unknown>\nE       #15 0x55e097ff7258 <unknown>\nE       #16 0x55e097ff7432 <unknown>\nE       #17 0x55e098008fa3 <unknown>\nE       #18 0x7fda56c9caa4 <unknown>\nE       #19 0x7fda56d29c6c <unknown>\n\n/opt/hostedtoolcache/Python/3.12.3/x64/lib/python3.12/site-packages/selenium/webdriver/support/wait.py:95: TimeoutException",
    "steps" : [ {
      "name" : "Create an account with empty confirm password",
      "time" : {
        "start" : 1760318004707,
        "stop" : 1760318009805,
        "duration" : 5098
      },
      "status" : "broken",
      "statusMessage" : "selenium.common.exceptions.TimeoutException: Message: \nStacktrace:\n#0 0x55e098009fba <unknown>\n#1 0x55e097a8e6d0 <unknown>\n#2 0x55e097ae02aa <unknown>\n#3 0x55e097ae0541 <unknown>\n#4 0x55e097b2e6c4 <unknown>\n#5 0x55e097b05e5d <unknown>\n#6 0x55e097b2bb54 <unknown>\n#7 0x55e097b05c03 <unknown>\n#8 0x55e097ad27a8 <unknown>\n#9 0x55e097ad3421 <unknown>\n#10 0x55e097fceb28 <unknown>\n#11 0x55e097fd287f <unknown>\n#12 0x55e097fb6c49 <unknown>\n#13 0x55e097fd3405 <unknown>\n#14 0x55e097f9c4ff <unknown>\n#15 0x55e097ff7258 <unknown>\n#16 0x55e097ff7432 <unknown>\n#17 0x55e098008fa3 <unknown>\n#18 0x7fda56c9caa4 <unknown>\n#19 0x7fda56d29c6c <unknown>\n\n",
      "statusTrace" : "  File \"/opt/hostedtoolcache/Python/3.12.3/x64/lib/python3.12/site-packages/allure_commons/_allure.py\", line 192, in impl\n    return func(*a, **kw)\n           ^^^^^^^^^^^^^^\n  File \"/home/runner/work/luma_project/luma_project/pages/create_an_account_page.py\", line 354, in create_with_empty_confirm_password\n    self.element_is_visible(self.locators.FIRST_NAME).send_keys('test727')\n    ^^^^^^^^^^^^^^^^^^^^^^^^^^^^^^^^^^^^^^^^^^^^^^^^^\n  File \"/opt/hostedtoolcache/Python/3.12.3/x64/lib/python3.12/site-packages/allure_commons/_allure.py\", line 192, in impl\n    return func(*a, **kw)\n           ^^^^^^^^^^^^^^\n  File \"/home/runner/work/luma_project/luma_project/pages/base_page.py\", line 30, in element_is_visible\n    self.go_to_element(self.element_is_present(locator))\n                       ^^^^^^^^^^^^^^^^^^^^^^^^^^^^^^^^\n  File \"/opt/hostedtoolcache/Python/3.12.3/x64/lib/python3.12/site-packages/allure_commons/_allure.py\", line 192, in impl\n    return func(*a, **kw)\n           ^^^^^^^^^^^^^^\n  File \"/home/runner/work/luma_project/luma_project/pages/base_page.py\", line 51, in element_is_present\n    return wait(self.driver, timeout).until(EC.presence_of_element_located(locator))\n           ^^^^^^^^^^^^^^^^^^^^^^^^^^^^^^^^^^^^^^^^^^^^^^^^^^^^^^^^^^^^^^^^^^^^^^^^^\n  File \"/opt/hostedtoolcache/Python/3.12.3/x64/lib/python3.12/site-packages/selenium/webdriver/support/wait.py\", line 95, in until\n    raise TimeoutException(message, screen, stacktrace)\n",
      "steps" : [ {
        "name" : "Find a visible element",
        "time" : {
          "start" : 1760318004707,
          "stop" : 1760318009805,
          "duration" : 5098
        },
        "status" : "broken",
        "statusMessage" : "selenium.common.exceptions.TimeoutException: Message: \nStacktrace:\n#0 0x55e098009fba <unknown>\n#1 0x55e097a8e6d0 <unknown>\n#2 0x55e097ae02aa <unknown>\n#3 0x55e097ae0541 <unknown>\n#4 0x55e097b2e6c4 <unknown>\n#5 0x55e097b05e5d <unknown>\n#6 0x55e097b2bb54 <unknown>\n#7 0x55e097b05c03 <unknown>\n#8 0x55e097ad27a8 <unknown>\n#9 0x55e097ad3421 <unknown>\n#10 0x55e097fceb28 <unknown>\n#11 0x55e097fd287f <unknown>\n#12 0x55e097fb6c49 <unknown>\n#13 0x55e097fd3405 <unknown>\n#14 0x55e097f9c4ff <unknown>\n#15 0x55e097ff7258 <unknown>\n#16 0x55e097ff7432 <unknown>\n#17 0x55e098008fa3 <unknown>\n#18 0x7fda56c9caa4 <unknown>\n#19 0x7fda56d29c6c <unknown>\n\n",
        "statusTrace" : "  File \"/opt/hostedtoolcache/Python/3.12.3/x64/lib/python3.12/site-packages/allure_commons/_allure.py\", line 192, in impl\n    return func(*a, **kw)\n           ^^^^^^^^^^^^^^\n  File \"/home/runner/work/luma_project/luma_project/pages/base_page.py\", line 30, in element_is_visible\n    self.go_to_element(self.element_is_present(locator))\n                       ^^^^^^^^^^^^^^^^^^^^^^^^^^^^^^^^\n  File \"/opt/hostedtoolcache/Python/3.12.3/x64/lib/python3.12/site-packages/allure_commons/_allure.py\", line 192, in impl\n    return func(*a, **kw)\n           ^^^^^^^^^^^^^^\n  File \"/home/runner/work/luma_project/luma_project/pages/base_page.py\", line 51, in element_is_present\n    return wait(self.driver, timeout).until(EC.presence_of_element_located(locator))\n           ^^^^^^^^^^^^^^^^^^^^^^^^^^^^^^^^^^^^^^^^^^^^^^^^^^^^^^^^^^^^^^^^^^^^^^^^^\n  File \"/opt/hostedtoolcache/Python/3.12.3/x64/lib/python3.12/site-packages/selenium/webdriver/support/wait.py\", line 95, in until\n    raise TimeoutException(message, screen, stacktrace)\n",
        "steps" : [ {
          "name" : "Find a present element",
          "time" : {
            "start" : 1760318004707,
            "stop" : 1760318009804,
            "duration" : 5097
          },
          "status" : "broken",
          "statusMessage" : "selenium.common.exceptions.TimeoutException: Message: \nStacktrace:\n#0 0x55e098009fba <unknown>\n#1 0x55e097a8e6d0 <unknown>\n#2 0x55e097ae02aa <unknown>\n#3 0x55e097ae0541 <unknown>\n#4 0x55e097b2e6c4 <unknown>\n#5 0x55e097b05e5d <unknown>\n#6 0x55e097b2bb54 <unknown>\n#7 0x55e097b05c03 <unknown>\n#8 0x55e097ad27a8 <unknown>\n#9 0x55e097ad3421 <unknown>\n#10 0x55e097fceb28 <unknown>\n#11 0x55e097fd287f <unknown>\n#12 0x55e097fb6c49 <unknown>\n#13 0x55e097fd3405 <unknown>\n#14 0x55e097f9c4ff <unknown>\n#15 0x55e097ff7258 <unknown>\n#16 0x55e097ff7432 <unknown>\n#17 0x55e098008fa3 <unknown>\n#18 0x7fda56c9caa4 <unknown>\n#19 0x7fda56d29c6c <unknown>\n\n",
          "statusTrace" : "  File \"/opt/hostedtoolcache/Python/3.12.3/x64/lib/python3.12/site-packages/allure_commons/_allure.py\", line 192, in impl\n    return func(*a, **kw)\n           ^^^^^^^^^^^^^^\n  File \"/home/runner/work/luma_project/luma_project/pages/base_page.py\", line 51, in element_is_present\n    return wait(self.driver, timeout).until(EC.presence_of_element_located(locator))\n           ^^^^^^^^^^^^^^^^^^^^^^^^^^^^^^^^^^^^^^^^^^^^^^^^^^^^^^^^^^^^^^^^^^^^^^^^^\n  File \"/opt/hostedtoolcache/Python/3.12.3/x64/lib/python3.12/site-packages/selenium/webdriver/support/wait.py\", line 95, in until\n    raise TimeoutException(message, screen, stacktrace)\n",
          "steps" : [ ],
          "attachments" : [ ],
          "parameters" : [ {
            "name" : "locator",
            "value" : "('id', 'firstname')"
          }, {
            "name" : "timeout",
            "value" : "5"
          } ],
          "stepsCount" : 0,
          "attachmentsCount" : 0,
          "shouldDisplayMessage" : true,
          "hasContent" : true
        } ],
        "attachments" : [ ],
        "parameters" : [ {
          "name" : "locator",
          "value" : "('id', 'firstname')"
        }, {
          "name" : "timeout",
          "value" : "10"
        } ],
        "stepsCount" : 1,
        "attachmentsCount" : 0,
        "shouldDisplayMessage" : false,
        "hasContent" : true
      } ],
      "attachments" : [ ],
      "parameters" : [ ],
      "stepsCount" : 2,
      "attachmentsCount" : 0,
      "shouldDisplayMessage" : false,
      "hasContent" : true
    } ],
    "attachments" : [ {
      "uid" : "8d8951e063a637a1",
      "name" : "Screenshot",
      "source" : "8d8951e063a637a1.png",
      "type" : "image/png",
      "size" : 23875
    }, {
      "uid" : "e8c8fcd868086320",
      "name" : "HTML source",
      "source" : "e8c8fcd868086320.html",
      "type" : "text/html",
      "size" : 786
    } ],
    "parameters" : [ ],
    "stepsCount" : 3,
    "attachmentsCount" : 2,
    "shouldDisplayMessage" : true,
    "hasContent" : true
  },
  "afterStages" : [ {
    "name" : "driver::0",
    "time" : {
      "start" : 1760318009886,
      "stop" : 1760318009946,
      "duration" : 60
    },
    "status" : "passed",
    "steps" : [ ],
    "attachments" : [ ],
    "parameters" : [ ],
    "stepsCount" : 0,
    "attachmentsCount" : 0,
    "shouldDisplayMessage" : false,
    "hasContent" : false
  }, {
    "name" : "clear_allure_result_folder::0",
    "time" : {
      "start" : 1760320278816,
      "stop" : 1760320278816,
      "duration" : 0
    },
    "status" : "passed",
    "steps" : [ ],
    "attachments" : [ ],
    "parameters" : [ ],
    "stepsCount" : 0,
    "attachmentsCount" : 0,
    "shouldDisplayMessage" : false,
    "hasContent" : false
  } ],
  "labels" : [ {
    "name" : "epic",
    "value" : "Create An Account"
  }, {
    "name" : "severity",
    "value" : "critical"
  }, {
    "name" : "parentSuite",
    "value" : "tests"
  }, {
    "name" : "suite",
    "value" : "test_create_an_account"
  }, {
    "name" : "subSuite",
    "value" : "TestCreateAnAccount"
  }, {
    "name" : "host",
    "value" : "runnervmwhb2z"
  }, {
    "name" : "thread",
    "value" : "3004-MainThread"
  }, {
    "name" : "framework",
    "value" : "pytest"
  }, {
    "name" : "language",
    "value" : "cpython3"
  }, {
    "name" : "package",
    "value" : "tests.test_create_an_account"
  }, {
    "name" : "resultFormat",
    "value" : "allure2"
  } ],
  "parameters" : [ ],
  "links" : [ ],
  "hidden" : false,
  "retry" : false,
  "extra" : {
    "severity" : "critical",
    "retries" : [ ],
    "categories" : [ {
      "name" : "Test defects",
      "matchedStatuses" : [ ],
      "flaky" : false
    } ],
    "tags" : [ ]
  },
  "source" : "59765047dce07efb.json",
  "parameterValues" : [ ]
}