{
  "uid" : "5bc1113d8afc4325",
  "name" : "tc 07.02.07 Verify that 'Proceed to checkout' button is displayed and clickable",
  "fullName" : "tests.test_shopping_cart.TestShoppingCartFull#test_tc_07_02_07_verify_proceed_to_checkout_button_is_actual",
  "historyId" : "134b6a6958ee1496fd06be610c3ead5c",
  "time" : {
    "start" : 1762134315030,
    "stop" : 1762134315030,
    "duration" : 0
  },
  "description" : "Check that the 'Proceed to checkout' button is displayed and clickable.",
  "descriptionHtml" : "<p>Check that the 'Proceed to checkout' button is displayed and clickable.</p>\n",
  "status" : "broken",
  "statusMessage" : "selenium.common.exceptions.TimeoutException: Message: \nStacktrace:\n#0 0x561ecf8c3aea <unknown>\n#1 0x561ecf30fcdb <unknown>\n#2 0x561ecf3626c4 <unknown>\n#3 0x561ecf362901 <unknown>\n#4 0x561ecf3b18b4 <unknown>\n#5 0x561ecf3aec87 <unknown>\n#6 0x561ecf354aca <unknown>\n#7 0x561ecf3557d1 <unknown>\n#8 0x561ecf88aab9 <unknown>\n#9 0x561ecf88da8c <unknown>\n#10 0x561ecf873d49 <unknown>\n#11 0x561ecf88e685 <unknown>\n#12 0x561ecf85b6c3 <unknown>\n#13 0x561ecf8b07d8 <unknown>\n#14 0x561ecf8b09b3 <unknown>\n#15 0x561ecf8c2a83 <unknown>\n#16 0x7fa51e29caa4 <unknown>\n#17 0x7fa51e329c6c <unknown>",
  "statusTrace" : "driver = <selenium.webdriver.chrome.webdriver.WebDriver (session=\"f14fcdd682eb47bf802a7c18c4b70a6a\")>\n\n    @pytest.fixture(scope=\"function\")\n    def full_cart_page(driver):\n        driver.get(ITEM_CART_URL)\n>       size_button = wait(driver, 5).until(EC.presence_of_element_located(shopping_locators.SIZE_BUTTON))\n\ntests/test_shopping_cart.py:13: \n_ _ _ _ _ _ _ _ _ _ _ _ _ _ _ _ _ _ _ _ _ _ _ _ _ _ _ _ _ _ _ _ _ _ _ _ _ _ _ _ \n\nself = <selenium.webdriver.support.wait.WebDriverWait (session=\"f14fcdd682eb47bf802a7c18c4b70a6a\")>\nmethod = <function presence_of_element_located.<locals>._predicate at 0x7f69c9076020>\nmessage = ''\n\n    def until(self, method, message: str = \"\"):\n        \"\"\"Calls the method provided with the driver as an argument until the \\\n        return value does not evaluate to ``False``.\n    \n        :param method: callable(WebDriver)\n        :param message: optional message for :exc:`TimeoutException`\n        :returns: the result of the last call to `method`\n        :raises: :exc:`selenium.common.exceptions.TimeoutException` if timeout occurs\n        \"\"\"\n        screen = None\n        stacktrace = None\n    \n        end_time = time.monotonic() + self._timeout\n        while True:\n            try:\n                value = method(self._driver)\n                if value:\n                    return value\n            except self._ignored_exceptions as exc:\n                screen = getattr(exc, \"screen\", None)\n                stacktrace = getattr(exc, \"stacktrace\", None)\n            time.sleep(self._poll)\n            if time.monotonic() > end_time:\n                break\n>       raise TimeoutException(message, screen, stacktrace)\nE       selenium.common.exceptions.TimeoutException: Message: \nE       Stacktrace:\nE       #0 0x561ecf8c3aea <unknown>\nE       #1 0x561ecf30fcdb <unknown>\nE       #2 0x561ecf3626c4 <unknown>\nE       #3 0x561ecf362901 <unknown>\nE       #4 0x561ecf3b18b4 <unknown>\nE       #5 0x561ecf3aec87 <unknown>\nE       #6 0x561ecf354aca <unknown>\nE       #7 0x561ecf3557d1 <unknown>\nE       #8 0x561ecf88aab9 <unknown>\nE       #9 0x561ecf88da8c <unknown>\nE       #10 0x561ecf873d49 <unknown>\nE       #11 0x561ecf88e685 <unknown>\nE       #12 0x561ecf85b6c3 <unknown>\nE       #13 0x561ecf8b07d8 <unknown>\nE       #14 0x561ecf8b09b3 <unknown>\nE       #15 0x561ecf8c2a83 <unknown>\nE       #16 0x7fa51e29caa4 <unknown>\nE       #17 0x7fa51e329c6c <unknown>\n\n/opt/hostedtoolcache/Python/3.12.3/x64/lib/python3.12/site-packages/selenium/webdriver/support/wait.py:95: TimeoutException",
  "flaky" : false,
  "newFailed" : false,
  "beforeStages" : [ {
    "name" : "full_cart_page",
    "time" : {
      "start" : 1762134316279,
      "stop" : 1762134321704,
      "duration" : 5425
    },
    "status" : "broken",
    "statusMessage" : "selenium.common.exceptions.TimeoutException: Message: \nStacktrace:\n#0 0x561ecf8c3aea <unknown>\n#1 0x561ecf30fcdb <unknown>\n#2 0x561ecf3626c4 <unknown>\n#3 0x561ecf362901 <unknown>\n#4 0x561ecf3b18b4 <unknown>\n#5 0x561ecf3aec87 <unknown>\n#6 0x561ecf354aca <unknown>\n#7 0x561ecf3557d1 <unknown>\n#8 0x561ecf88aab9 <unknown>\n#9 0x561ecf88da8c <unknown>\n#10 0x561ecf873d49 <unknown>\n#11 0x561ecf88e685 <unknown>\n#12 0x561ecf85b6c3 <unknown>\n#13 0x561ecf8b07d8 <unknown>\n#14 0x561ecf8b09b3 <unknown>\n#15 0x561ecf8c2a83 <unknown>\n#16 0x7fa51e29caa4 <unknown>\n#17 0x7fa51e329c6c <unknown>\n\n",
    "statusTrace" : "  File \"/opt/hostedtoolcache/Python/3.12.3/x64/lib/python3.12/site-packages/pluggy/_callers.py\", line 38, in run_old_style_hookwrapper\n    res = yield\n          ^^^^^\n  File \"/opt/hostedtoolcache/Python/3.12.3/x64/lib/python3.12/site-packages/pluggy/_callers.py\", line 139, in _multicall\n    teardown.throw(exception)\n  File \"/opt/hostedtoolcache/Python/3.12.3/x64/lib/python3.12/site-packages/pluggy/_callers.py\", line 53, in run_old_style_hookwrapper\n    return result.get_result()\n           ^^^^^^^^^^^^^^^^^^^\n  File \"/opt/hostedtoolcache/Python/3.12.3/x64/lib/python3.12/site-packages/pluggy/_result.py\", line 103, in get_result\n    raise exc.with_traceback(tb)\n  File \"/opt/hostedtoolcache/Python/3.12.3/x64/lib/python3.12/site-packages/pluggy/_callers.py\", line 38, in run_old_style_hookwrapper\n    res = yield\n          ^^^^^\n  File \"/opt/hostedtoolcache/Python/3.12.3/x64/lib/python3.12/site-packages/pluggy/_callers.py\", line 121, in _multicall\n    res = hook_impl.function(*args)\n          ^^^^^^^^^^^^^^^^^^^^^^^^^\n  File \"/opt/hostedtoolcache/Python/3.12.3/x64/lib/python3.12/site-packages/_pytest/fixtures.py\", line 1123, in pytest_fixture_setup\n    result = call_fixture_func(fixturefunc, request, kwargs)\n             ^^^^^^^^^^^^^^^^^^^^^^^^^^^^^^^^^^^^^^^^^^^^^^^\n  File \"/opt/hostedtoolcache/Python/3.12.3/x64/lib/python3.12/site-packages/_pytest/fixtures.py\", line 902, in call_fixture_func\n    fixture_result = fixturefunc(**kwargs)\n                     ^^^^^^^^^^^^^^^^^^^^^\n  File \"/home/runner/work/luma_project/luma_project/tests/test_shopping_cart.py\", line 13, in full_cart_page\n    size_button = wait(driver, 5).until(EC.presence_of_element_located(shopping_locators.SIZE_BUTTON))\n                  ^^^^^^^^^^^^^^^^^^^^^^^^^^^^^^^^^^^^^^^^^^^^^^^^^^^^^^^^^^^^^^^^^^^^^^^^^^^^^^^^^^^^\n  File \"/opt/hostedtoolcache/Python/3.12.3/x64/lib/python3.12/site-packages/selenium/webdriver/support/wait.py\", line 95, in until\n    raise TimeoutException(message, screen, stacktrace)\n",
    "steps" : [ ],
    "attachments" : [ ],
    "parameters" : [ ],
    "stepsCount" : 0,
    "attachmentsCount" : 0,
    "shouldDisplayMessage" : true,
    "hasContent" : true
  }, {
    "name" : "_session_faker",
    "time" : {
      "start" : 1762132384015,
      "stop" : 1762132384084,
      "duration" : 69
    },
    "status" : "passed",
    "steps" : [ ],
    "attachments" : [ ],
    "parameters" : [ ],
    "stepsCount" : 0,
    "attachmentsCount" : 0,
    "shouldDisplayMessage" : false,
    "hasContent" : false
  }, {
    "name" : "clear_allure_result_folder",
    "time" : {
      "start" : 1762132384084,
      "stop" : 1762132384084,
      "duration" : 0
    },
    "status" : "passed",
    "steps" : [ ],
    "attachments" : [ ],
    "parameters" : [ ],
    "stepsCount" : 0,
    "attachmentsCount" : 0,
    "shouldDisplayMessage" : false,
    "hasContent" : false
  }, {
    "name" : "driver",
    "time" : {
      "start" : 1762134315031,
      "stop" : 1762134316279,
      "duration" : 1248
    },
    "status" : "passed",
    "steps" : [ ],
    "attachments" : [ ],
    "parameters" : [ ],
    "stepsCount" : 0,
    "attachmentsCount" : 0,
    "shouldDisplayMessage" : false,
    "hasContent" : false
  } ],
  "afterStages" : [ {
    "name" : "clear_allure_result_folder::0",
    "time" : {
      "start" : 1762134831241,
      "stop" : 1762134831241,
      "duration" : 0
    },
    "status" : "passed",
    "steps" : [ ],
    "attachments" : [ ],
    "parameters" : [ ],
    "stepsCount" : 0,
    "attachmentsCount" : 0,
    "shouldDisplayMessage" : false,
    "hasContent" : false
  }, {
    "name" : "driver::0",
    "time" : {
      "start" : 1762134321714,
      "stop" : 1762134321775,
      "duration" : 61
    },
    "status" : "passed",
    "steps" : [ ],
    "attachments" : [ ],
    "parameters" : [ ],
    "stepsCount" : 0,
    "attachmentsCount" : 0,
    "shouldDisplayMessage" : false,
    "hasContent" : false
  } ],
  "labels" : [ {
    "name" : "feature",
    "value" : "Shopping Cart is full"
  }, {
    "name" : "parentSuite",
    "value" : "tests"
  }, {
    "name" : "suite",
    "value" : "test_shopping_cart"
  }, {
    "name" : "subSuite",
    "value" : "TestShoppingCartFull"
  }, {
    "name" : "host",
    "value" : "runnervmf2e7y"
  }, {
    "name" : "thread",
    "value" : "3807-MainThread"
  }, {
    "name" : "framework",
    "value" : "pytest"
  }, {
    "name" : "language",
    "value" : "cpython3"
  }, {
    "name" : "package",
    "value" : "tests.test_shopping_cart"
  }, {
    "name" : "resultFormat",
    "value" : "allure2"
  } ],
  "parameters" : [ ],
  "links" : [ ],
  "hidden" : false,
  "retry" : false,
  "extra" : {
    "severity" : "normal",
    "retries" : [ ],
    "categories" : [ {
      "name" : "Test defects",
      "matchedStatuses" : [ ],
      "flaky" : false
    } ],
    "tags" : [ ]
  },
  "source" : "5bc1113d8afc4325.json",
  "parameterValues" : [ ]
}