{
  "uid" : "5c88a63d5788d5ae",
  "name" : "TC 16.02.08 Check the title page",
  "fullName" : "tests.test_training.TestTrainingSidebar#test_tc_16_02_09_verify_title_page_training",
  "historyId" : "7ed604d0178c474a795ab4cc26a3da4e",
  "time" : {
    "start" : 1757296115494,
    "stop" : 1757296115499,
    "duration" : 5
  },
  "description" : "This test check the title page",
  "descriptionHtml" : "<p>This test check the title page</p>\n",
  "status" : "failed",
  "statusMessage" : "AssertionError: Expected title: 'Training', Actual title: 503 Service Unavailable\nassert '503 Service Unavailable' == 'Training'\n  - Training\n  + 503 Service Unavailable",
  "statusTrace" : "self = <test_training.TestMainPage.TestTrainingSidebar object at 0x7f430ec8df70>\ntraining_page = <pages.training_page.TrainingPage object at 0x7f430eb56f30>\n\n    @allure.title(\"TC 16.02.08 Check the title page\")\n    def test_tc_16_02_09_verify_title_page_training(self, training_page):\n        \"\"\"This test check the title page\"\"\"\n        title = training_page.get_actual_title_of_current_page()\n>       assert title == 'Training', f\"Expected title: 'Training', Actual title: {title}\"\nE       AssertionError: Expected title: 'Training', Actual title: 503 Service Unavailable\nE       assert '503 Service Unavailable' == 'Training'\nE         - Training\nE         + 503 Service Unavailable\n\ntests/test_training.py:116: AssertionError",
  "flaky" : false,
  "newFailed" : false,
  "beforeStages" : [ {
    "name" : "training_page",
    "time" : {
      "start" : 1757296115162,
      "stop" : 1757296115494,
      "duration" : 332
    },
    "status" : "passed",
    "steps" : [ {
      "name" : "Open a browser",
      "time" : {
        "start" : 1757296115162,
        "stop" : 1757296115494,
        "duration" : 332
      },
      "status" : "passed",
      "steps" : [ ],
      "attachments" : [ ],
      "parameters" : [ ],
      "stepsCount" : 0,
      "attachmentsCount" : 0,
      "shouldDisplayMessage" : false,
      "hasContent" : false
    } ],
    "attachments" : [ ],
    "parameters" : [ ],
    "stepsCount" : 1,
    "attachmentsCount" : 0,
    "shouldDisplayMessage" : false,
    "hasContent" : true
  }, {
    "name" : "driver",
    "time" : {
      "start" : 1757296113918,
      "stop" : 1757296115161,
      "duration" : 1243
    },
    "status" : "passed",
    "steps" : [ ],
    "attachments" : [ ],
    "parameters" : [ ],
    "stepsCount" : 0,
    "attachmentsCount" : 0,
    "shouldDisplayMessage" : false,
    "hasContent" : false
  }, {
    "name" : "_session_faker",
    "time" : {
      "start" : 1757293755437,
      "stop" : 1757293755504,
      "duration" : 67
    },
    "status" : "passed",
    "steps" : [ ],
    "attachments" : [ ],
    "parameters" : [ ],
    "stepsCount" : 0,
    "attachmentsCount" : 0,
    "shouldDisplayMessage" : false,
    "hasContent" : false
  }, {
    "name" : "clear_allure_result_folder",
    "time" : {
      "start" : 1757293755504,
      "stop" : 1757293755504,
      "duration" : 0
    },
    "status" : "passed",
    "steps" : [ ],
    "attachments" : [ ],
    "parameters" : [ ],
    "stepsCount" : 0,
    "attachmentsCount" : 0,
    "shouldDisplayMessage" : false,
    "hasContent" : false
  } ],
  "testStage" : {
    "description" : "This test check the title page",
    "status" : "failed",
    "statusMessage" : "AssertionError: Expected title: 'Training', Actual title: 503 Service Unavailable\nassert '503 Service Unavailable' == 'Training'\n  - Training\n  + 503 Service Unavailable",
    "statusTrace" : "self = <test_training.TestMainPage.TestTrainingSidebar object at 0x7f430ec8df70>\ntraining_page = <pages.training_page.TrainingPage object at 0x7f430eb56f30>\n\n    @allure.title(\"TC 16.02.08 Check the title page\")\n    def test_tc_16_02_09_verify_title_page_training(self, training_page):\n        \"\"\"This test check the title page\"\"\"\n        title = training_page.get_actual_title_of_current_page()\n>       assert title == 'Training', f\"Expected title: 'Training', Actual title: {title}\"\nE       AssertionError: Expected title: 'Training', Actual title: 503 Service Unavailable\nE       assert '503 Service Unavailable' == 'Training'\nE         - Training\nE         + 503 Service Unavailable\n\ntests/test_training.py:116: AssertionError",
    "steps" : [ {
      "name" : "Getting actual title of the current webpage",
      "time" : {
        "start" : 1757296115495,
        "stop" : 1757296115499,
        "duration" : 4
      },
      "status" : "passed",
      "steps" : [ ],
      "attachments" : [ ],
      "parameters" : [ ],
      "stepsCount" : 0,
      "attachmentsCount" : 0,
      "shouldDisplayMessage" : false,
      "hasContent" : false
    } ],
    "attachments" : [ {
      "uid" : "7186944bd9fb4e76",
      "name" : "Screenshot",
      "source" : "7186944bd9fb4e76.png",
      "type" : "image/png",
      "size" : 23875
    }, {
      "uid" : "a8366123ffc7f320",
      "name" : "HTML source",
      "source" : "a8366123ffc7f320.html",
      "type" : "text/html",
      "size" : 786
    } ],
    "parameters" : [ ],
    "stepsCount" : 1,
    "attachmentsCount" : 2,
    "shouldDisplayMessage" : true,
    "hasContent" : true
  },
  "afterStages" : [ {
    "name" : "driver::0",
    "time" : {
      "start" : 1757296115590,
      "stop" : 1757296115651,
      "duration" : 61
    },
    "status" : "passed",
    "steps" : [ ],
    "attachments" : [ ],
    "parameters" : [ ],
    "stepsCount" : 0,
    "attachmentsCount" : 0,
    "shouldDisplayMessage" : false,
    "hasContent" : false
  }, {
    "name" : "clear_allure_result_folder::0",
    "time" : {
      "start" : 1757296196170,
      "stop" : 1757296196170,
      "duration" : 0
    },
    "status" : "passed",
    "steps" : [ ],
    "attachments" : [ ],
    "parameters" : [ ],
    "stepsCount" : 0,
    "attachmentsCount" : 0,
    "shouldDisplayMessage" : false,
    "hasContent" : false
  } ],
  "labels" : [ {
    "name" : "epic",
    "value" : "Training Page"
  }, {
    "name" : "feature",
    "value" : "Testing Training Page Sidebar"
  }, {
    "name" : "parentSuite",
    "value" : "tests"
  }, {
    "name" : "suite",
    "value" : "test_training"
  }, {
    "name" : "subSuite",
    "value" : "TestMainPage"
  }, {
    "name" : "host",
    "value" : "pkrvm7jw40e0xgp"
  }, {
    "name" : "thread",
    "value" : "3126-MainThread"
  }, {
    "name" : "framework",
    "value" : "pytest"
  }, {
    "name" : "language",
    "value" : "cpython3"
  }, {
    "name" : "package",
    "value" : "tests.test_training"
  }, {
    "name" : "resultFormat",
    "value" : "allure2"
  } ],
  "parameters" : [ ],
  "links" : [ ],
  "hidden" : false,
  "retry" : false,
  "extra" : {
    "severity" : "normal",
    "retries" : [ ],
    "categories" : [ {
      "name" : "Product defects",
      "matchedStatuses" : [ ],
      "flaky" : false
    } ],
    "tags" : [ ]
  },
  "source" : "5c88a63d5788d5ae.json",
  "parameterValues" : [ ]
}