{
  "uid" : "5d244cbf76cd3e28",
  "name" : "TC 13.02.04 - Check the link in section 2 block 3 'home-erin' in the Promo Block leads to the correct page",
  "fullName" : "tests.test_main_page.TestPromoBlock#test_tc_13_02_04_check_section2_block3_link",
  "historyId" : "5d3b0b6226171412707a07ee4e2e97aa",
  "time" : {
    "start" : 1750642597416,
    "stop" : 1750642604852,
    "duration" : 7436
  },
  "description" : "Check that link in section 2 block 3 'home-erin' is correct",
  "descriptionHtml" : "<p>Check that link in section 2 block 3 'home-erin' is correct</p>\n",
  "status" : "broken",
  "statusMessage" : "selenium.common.exceptions.TimeoutException: Message: \nStacktrace:\n#0 0x5610e1004c9a <unknown>\n#1 0x5610e0aaa6e0 <unknown>\n#2 0x5610e0afc117 <unknown>\n#3 0x5610e0afc311 <unknown>\n#4 0x5610e0b4aec4 <unknown>\n#5 0x5610e0b21e5d <unknown>\n#6 0x5610e0b482cc <unknown>\n#7 0x5610e0b21c03 <unknown>\n#8 0x5610e0aee47b <unknown>\n#9 0x5610e0aef0e1 <unknown>\n#10 0x5610e0fc944b <unknown>\n#11 0x5610e0fcd37f <unknown>\n#12 0x5610e0fb0f89 <unknown>\n#13 0x5610e0fcdf18 <unknown>\n#14 0x5610e0f956df <unknown>\n#15 0x5610e0ff2308 <unknown>\n#16 0x5610e0ff24e6 <unknown>\n#17 0x5610e1003b76 <unknown>\n#18 0x7f662cc9caa4 <unknown>\n#19 0x7f662cd29c3c <unknown>",
  "statusTrace" : "self = <test_main_page.TestMainPage.TestPromoBlock object at 0x7fd0567b42f0>\ndriver = <selenium.webdriver.chrome.webdriver.WebDriver (session=\"75375af2ff3be2e26f3a45acf4961166\")>\n\n    @allure.title(\"TC 13.02.04 - Check the link in section 2 block 3 'home-erin' in the Promo Block \"\n                  \"leads to the correct page\")\n    def test_tc_13_02_04_check_section2_block3_link(self, driver):\n        \"\"\"Check that link in section 2 block 3 'home-erin' is correct\"\"\"\n        page = PromoBlock(driver, MAIN_PAGE_URL)\n        page.open()\n>       page.check_section2_block3_link()\n\ntests/test_main_page.py:723: \n_ _ _ _ _ _ _ _ _ _ _ _ _ _ _ _ _ _ _ _ _ _ _ _ _ _ _ _ _ _ _ _ _ _ _ _ _ _ _ _ \npages/main_page.py:400: in check_section2_block3_link\n    section2_block3 = self.element_is_visible(self.locators.SECTION_2_BLOCK_3)\npages/base_page.py:30: in element_is_visible\n    self.go_to_element(self.element_is_present(locator))\npages/base_page.py:51: in element_is_present\n    return wait(self.driver, timeout).until(EC.presence_of_element_located(locator))\n_ _ _ _ _ _ _ _ _ _ _ _ _ _ _ _ _ _ _ _ _ _ _ _ _ _ _ _ _ _ _ _ _ _ _ _ _ _ _ _ \n\nself = <selenium.webdriver.support.wait.WebDriverWait (session=\"75375af2ff3be2e26f3a45acf4961166\")>\nmethod = <function presence_of_element_located.<locals>._predicate at 0x7fd056397920>\nmessage = ''\n\n    def until(self, method, message: str = \"\"):\n        \"\"\"Calls the method provided with the driver as an argument until the \\\n        return value does not evaluate to ``False``.\n    \n        :param method: callable(WebDriver)\n        :param message: optional message for :exc:`TimeoutException`\n        :returns: the result of the last call to `method`\n        :raises: :exc:`selenium.common.exceptions.TimeoutException` if timeout occurs\n        \"\"\"\n        screen = None\n        stacktrace = None\n    \n        end_time = time.monotonic() + self._timeout\n        while True:\n            try:\n                value = method(self._driver)\n                if value:\n                    return value\n            except self._ignored_exceptions as exc:\n                screen = getattr(exc, \"screen\", None)\n                stacktrace = getattr(exc, \"stacktrace\", None)\n            time.sleep(self._poll)\n            if time.monotonic() > end_time:\n                break\n>       raise TimeoutException(message, screen, stacktrace)\nE       selenium.common.exceptions.TimeoutException: Message: \nE       Stacktrace:\nE       #0 0x5610e1004c9a <unknown>\nE       #1 0x5610e0aaa6e0 <unknown>\nE       #2 0x5610e0afc117 <unknown>\nE       #3 0x5610e0afc311 <unknown>\nE       #4 0x5610e0b4aec4 <unknown>\nE       #5 0x5610e0b21e5d <unknown>\nE       #6 0x5610e0b482cc <unknown>\nE       #7 0x5610e0b21c03 <unknown>\nE       #8 0x5610e0aee47b <unknown>\nE       #9 0x5610e0aef0e1 <unknown>\nE       #10 0x5610e0fc944b <unknown>\nE       #11 0x5610e0fcd37f <unknown>\nE       #12 0x5610e0fb0f89 <unknown>\nE       #13 0x5610e0fcdf18 <unknown>\nE       #14 0x5610e0f956df <unknown>\nE       #15 0x5610e0ff2308 <unknown>\nE       #16 0x5610e0ff24e6 <unknown>\nE       #17 0x5610e1003b76 <unknown>\nE       #18 0x7f662cc9caa4 <unknown>\nE       #19 0x7f662cd29c3c <unknown>\n\n/opt/hostedtoolcache/Python/3.12.3/x64/lib/python3.12/site-packages/selenium/webdriver/support/wait.py:95: TimeoutException",
  "flaky" : false,
  "newFailed" : false,
  "beforeStages" : [ {
    "name" : "_session_faker",
    "time" : {
      "start" : 1750641429906,
      "stop" : 1750641429975,
      "duration" : 69
    },
    "status" : "passed",
    "steps" : [ ],
    "attachments" : [ ],
    "parameters" : [ ],
    "stepsCount" : 0,
    "attachmentsCount" : 0,
    "shouldDisplayMessage" : false,
    "hasContent" : false
  }, {
    "name" : "clear_allure_result_folder",
    "time" : {
      "start" : 1750641429975,
      "stop" : 1750641429975,
      "duration" : 0
    },
    "status" : "passed",
    "steps" : [ ],
    "attachments" : [ ],
    "parameters" : [ ],
    "stepsCount" : 0,
    "attachmentsCount" : 0,
    "shouldDisplayMessage" : false,
    "hasContent" : false
  }, {
    "name" : "driver",
    "time" : {
      "start" : 1750642596146,
      "stop" : 1750642597416,
      "duration" : 1270
    },
    "status" : "passed",
    "steps" : [ ],
    "attachments" : [ ],
    "parameters" : [ ],
    "stepsCount" : 0,
    "attachmentsCount" : 0,
    "shouldDisplayMessage" : false,
    "hasContent" : false
  } ],
  "testStage" : {
    "description" : "Check that link in section 2 block 3 'home-erin' is correct",
    "status" : "broken",
    "statusMessage" : "selenium.common.exceptions.TimeoutException: Message: \nStacktrace:\n#0 0x5610e1004c9a <unknown>\n#1 0x5610e0aaa6e0 <unknown>\n#2 0x5610e0afc117 <unknown>\n#3 0x5610e0afc311 <unknown>\n#4 0x5610e0b4aec4 <unknown>\n#5 0x5610e0b21e5d <unknown>\n#6 0x5610e0b482cc <unknown>\n#7 0x5610e0b21c03 <unknown>\n#8 0x5610e0aee47b <unknown>\n#9 0x5610e0aef0e1 <unknown>\n#10 0x5610e0fc944b <unknown>\n#11 0x5610e0fcd37f <unknown>\n#12 0x5610e0fb0f89 <unknown>\n#13 0x5610e0fcdf18 <unknown>\n#14 0x5610e0f956df <unknown>\n#15 0x5610e0ff2308 <unknown>\n#16 0x5610e0ff24e6 <unknown>\n#17 0x5610e1003b76 <unknown>\n#18 0x7f662cc9caa4 <unknown>\n#19 0x7f662cd29c3c <unknown>",
    "statusTrace" : "self = <test_main_page.TestMainPage.TestPromoBlock object at 0x7fd0567b42f0>\ndriver = <selenium.webdriver.chrome.webdriver.WebDriver (session=\"75375af2ff3be2e26f3a45acf4961166\")>\n\n    @allure.title(\"TC 13.02.04 - Check the link in section 2 block 3 'home-erin' in the Promo Block \"\n                  \"leads to the correct page\")\n    def test_tc_13_02_04_check_section2_block3_link(self, driver):\n        \"\"\"Check that link in section 2 block 3 'home-erin' is correct\"\"\"\n        page = PromoBlock(driver, MAIN_PAGE_URL)\n        page.open()\n>       page.check_section2_block3_link()\n\ntests/test_main_page.py:723: \n_ _ _ _ _ _ _ _ _ _ _ _ _ _ _ _ _ _ _ _ _ _ _ _ _ _ _ _ _ _ _ _ _ _ _ _ _ _ _ _ \npages/main_page.py:400: in check_section2_block3_link\n    section2_block3 = self.element_is_visible(self.locators.SECTION_2_BLOCK_3)\npages/base_page.py:30: in element_is_visible\n    self.go_to_element(self.element_is_present(locator))\npages/base_page.py:51: in element_is_present\n    return wait(self.driver, timeout).until(EC.presence_of_element_located(locator))\n_ _ _ _ _ _ _ _ _ _ _ _ _ _ _ _ _ _ _ _ _ _ _ _ _ _ _ _ _ _ _ _ _ _ _ _ _ _ _ _ \n\nself = <selenium.webdriver.support.wait.WebDriverWait (session=\"75375af2ff3be2e26f3a45acf4961166\")>\nmethod = <function presence_of_element_located.<locals>._predicate at 0x7fd056397920>\nmessage = ''\n\n    def until(self, method, message: str = \"\"):\n        \"\"\"Calls the method provided with the driver as an argument until the \\\n        return value does not evaluate to ``False``.\n    \n        :param method: callable(WebDriver)\n        :param message: optional message for :exc:`TimeoutException`\n        :returns: the result of the last call to `method`\n        :raises: :exc:`selenium.common.exceptions.TimeoutException` if timeout occurs\n        \"\"\"\n        screen = None\n        stacktrace = None\n    \n        end_time = time.monotonic() + self._timeout\n        while True:\n            try:\n                value = method(self._driver)\n                if value:\n                    return value\n            except self._ignored_exceptions as exc:\n                screen = getattr(exc, \"screen\", None)\n                stacktrace = getattr(exc, \"stacktrace\", None)\n            time.sleep(self._poll)\n            if time.monotonic() > end_time:\n                break\n>       raise TimeoutException(message, screen, stacktrace)\nE       selenium.common.exceptions.TimeoutException: Message: \nE       Stacktrace:\nE       #0 0x5610e1004c9a <unknown>\nE       #1 0x5610e0aaa6e0 <unknown>\nE       #2 0x5610e0afc117 <unknown>\nE       #3 0x5610e0afc311 <unknown>\nE       #4 0x5610e0b4aec4 <unknown>\nE       #5 0x5610e0b21e5d <unknown>\nE       #6 0x5610e0b482cc <unknown>\nE       #7 0x5610e0b21c03 <unknown>\nE       #8 0x5610e0aee47b <unknown>\nE       #9 0x5610e0aef0e1 <unknown>\nE       #10 0x5610e0fc944b <unknown>\nE       #11 0x5610e0fcd37f <unknown>\nE       #12 0x5610e0fb0f89 <unknown>\nE       #13 0x5610e0fcdf18 <unknown>\nE       #14 0x5610e0f956df <unknown>\nE       #15 0x5610e0ff2308 <unknown>\nE       #16 0x5610e0ff24e6 <unknown>\nE       #17 0x5610e1003b76 <unknown>\nE       #18 0x7f662cc9caa4 <unknown>\nE       #19 0x7f662cd29c3c <unknown>\n\n/opt/hostedtoolcache/Python/3.12.3/x64/lib/python3.12/site-packages/selenium/webdriver/support/wait.py:95: TimeoutException",
    "steps" : [ {
      "name" : "Open a browser",
      "time" : {
        "start" : 1750642597416,
        "stop" : 1750642599633,
        "duration" : 2217
      },
      "status" : "passed",
      "steps" : [ ],
      "attachments" : [ ],
      "parameters" : [ ],
      "stepsCount" : 0,
      "attachmentsCount" : 0,
      "shouldDisplayMessage" : false,
      "hasContent" : false
    }, {
      "name" : "Check the link in section 2 block 3 'home-erin' in the Promo Block leads to the correct page",
      "time" : {
        "start" : 1750642599633,
        "stop" : 1750642604852,
        "duration" : 5219
      },
      "status" : "broken",
      "statusMessage" : "selenium.common.exceptions.TimeoutException: Message: \nStacktrace:\n#0 0x5610e1004c9a <unknown>\n#1 0x5610e0aaa6e0 <unknown>\n#2 0x5610e0afc117 <unknown>\n#3 0x5610e0afc311 <unknown>\n#4 0x5610e0b4aec4 <unknown>\n#5 0x5610e0b21e5d <unknown>\n#6 0x5610e0b482cc <unknown>\n#7 0x5610e0b21c03 <unknown>\n#8 0x5610e0aee47b <unknown>\n#9 0x5610e0aef0e1 <unknown>\n#10 0x5610e0fc944b <unknown>\n#11 0x5610e0fcd37f <unknown>\n#12 0x5610e0fb0f89 <unknown>\n#13 0x5610e0fcdf18 <unknown>\n#14 0x5610e0f956df <unknown>\n#15 0x5610e0ff2308 <unknown>\n#16 0x5610e0ff24e6 <unknown>\n#17 0x5610e1003b76 <unknown>\n#18 0x7f662cc9caa4 <unknown>\n#19 0x7f662cd29c3c <unknown>\n\n",
      "statusTrace" : "  File \"/opt/hostedtoolcache/Python/3.12.3/x64/lib/python3.12/site-packages/allure_commons/_allure.py\", line 192, in impl\n    return func(*a, **kw)\n           ^^^^^^^^^^^^^^\n  File \"/home/runner/work/luma_project/luma_project/pages/main_page.py\", line 400, in check_section2_block3_link\n    section2_block3 = self.element_is_visible(self.locators.SECTION_2_BLOCK_3)\n                      ^^^^^^^^^^^^^^^^^^^^^^^^^^^^^^^^^^^^^^^^^^^^^^^^^^^^^^^^\n  File \"/opt/hostedtoolcache/Python/3.12.3/x64/lib/python3.12/site-packages/allure_commons/_allure.py\", line 192, in impl\n    return func(*a, **kw)\n           ^^^^^^^^^^^^^^\n  File \"/home/runner/work/luma_project/luma_project/pages/base_page.py\", line 30, in element_is_visible\n    self.go_to_element(self.element_is_present(locator))\n                       ^^^^^^^^^^^^^^^^^^^^^^^^^^^^^^^^\n  File \"/opt/hostedtoolcache/Python/3.12.3/x64/lib/python3.12/site-packages/allure_commons/_allure.py\", line 192, in impl\n    return func(*a, **kw)\n           ^^^^^^^^^^^^^^\n  File \"/home/runner/work/luma_project/luma_project/pages/base_page.py\", line 51, in element_is_present\n    return wait(self.driver, timeout).until(EC.presence_of_element_located(locator))\n           ^^^^^^^^^^^^^^^^^^^^^^^^^^^^^^^^^^^^^^^^^^^^^^^^^^^^^^^^^^^^^^^^^^^^^^^^^\n  File \"/opt/hostedtoolcache/Python/3.12.3/x64/lib/python3.12/site-packages/selenium/webdriver/support/wait.py\", line 95, in until\n    raise TimeoutException(message, screen, stacktrace)\n",
      "steps" : [ {
        "name" : "Find a visible element",
        "time" : {
          "start" : 1750642599633,
          "stop" : 1750642604852,
          "duration" : 5219
        },
        "status" : "broken",
        "statusMessage" : "selenium.common.exceptions.TimeoutException: Message: \nStacktrace:\n#0 0x5610e1004c9a <unknown>\n#1 0x5610e0aaa6e0 <unknown>\n#2 0x5610e0afc117 <unknown>\n#3 0x5610e0afc311 <unknown>\n#4 0x5610e0b4aec4 <unknown>\n#5 0x5610e0b21e5d <unknown>\n#6 0x5610e0b482cc <unknown>\n#7 0x5610e0b21c03 <unknown>\n#8 0x5610e0aee47b <unknown>\n#9 0x5610e0aef0e1 <unknown>\n#10 0x5610e0fc944b <unknown>\n#11 0x5610e0fcd37f <unknown>\n#12 0x5610e0fb0f89 <unknown>\n#13 0x5610e0fcdf18 <unknown>\n#14 0x5610e0f956df <unknown>\n#15 0x5610e0ff2308 <unknown>\n#16 0x5610e0ff24e6 <unknown>\n#17 0x5610e1003b76 <unknown>\n#18 0x7f662cc9caa4 <unknown>\n#19 0x7f662cd29c3c <unknown>\n\n",
        "statusTrace" : "  File \"/opt/hostedtoolcache/Python/3.12.3/x64/lib/python3.12/site-packages/allure_commons/_allure.py\", line 192, in impl\n    return func(*a, **kw)\n           ^^^^^^^^^^^^^^\n  File \"/home/runner/work/luma_project/luma_project/pages/base_page.py\", line 30, in element_is_visible\n    self.go_to_element(self.element_is_present(locator))\n                       ^^^^^^^^^^^^^^^^^^^^^^^^^^^^^^^^\n  File \"/opt/hostedtoolcache/Python/3.12.3/x64/lib/python3.12/site-packages/allure_commons/_allure.py\", line 192, in impl\n    return func(*a, **kw)\n           ^^^^^^^^^^^^^^\n  File \"/home/runner/work/luma_project/luma_project/pages/base_page.py\", line 51, in element_is_present\n    return wait(self.driver, timeout).until(EC.presence_of_element_located(locator))\n           ^^^^^^^^^^^^^^^^^^^^^^^^^^^^^^^^^^^^^^^^^^^^^^^^^^^^^^^^^^^^^^^^^^^^^^^^^\n  File \"/opt/hostedtoolcache/Python/3.12.3/x64/lib/python3.12/site-packages/selenium/webdriver/support/wait.py\", line 95, in until\n    raise TimeoutException(message, screen, stacktrace)\n",
        "steps" : [ {
          "name" : "Find a present element",
          "time" : {
            "start" : 1750642599633,
            "stop" : 1750642604851,
            "duration" : 5218
          },
          "status" : "broken",
          "statusMessage" : "selenium.common.exceptions.TimeoutException: Message: \nStacktrace:\n#0 0x5610e1004c9a <unknown>\n#1 0x5610e0aaa6e0 <unknown>\n#2 0x5610e0afc117 <unknown>\n#3 0x5610e0afc311 <unknown>\n#4 0x5610e0b4aec4 <unknown>\n#5 0x5610e0b21e5d <unknown>\n#6 0x5610e0b482cc <unknown>\n#7 0x5610e0b21c03 <unknown>\n#8 0x5610e0aee47b <unknown>\n#9 0x5610e0aef0e1 <unknown>\n#10 0x5610e0fc944b <unknown>\n#11 0x5610e0fcd37f <unknown>\n#12 0x5610e0fb0f89 <unknown>\n#13 0x5610e0fcdf18 <unknown>\n#14 0x5610e0f956df <unknown>\n#15 0x5610e0ff2308 <unknown>\n#16 0x5610e0ff24e6 <unknown>\n#17 0x5610e1003b76 <unknown>\n#18 0x7f662cc9caa4 <unknown>\n#19 0x7f662cd29c3c <unknown>\n\n",
          "statusTrace" : "  File \"/opt/hostedtoolcache/Python/3.12.3/x64/lib/python3.12/site-packages/allure_commons/_allure.py\", line 192, in impl\n    return func(*a, **kw)\n           ^^^^^^^^^^^^^^\n  File \"/home/runner/work/luma_project/luma_project/pages/base_page.py\", line 51, in element_is_present\n    return wait(self.driver, timeout).until(EC.presence_of_element_located(locator))\n           ^^^^^^^^^^^^^^^^^^^^^^^^^^^^^^^^^^^^^^^^^^^^^^^^^^^^^^^^^^^^^^^^^^^^^^^^^\n  File \"/opt/hostedtoolcache/Python/3.12.3/x64/lib/python3.12/site-packages/selenium/webdriver/support/wait.py\", line 95, in until\n    raise TimeoutException(message, screen, stacktrace)\n",
          "steps" : [ ],
          "attachments" : [ ],
          "parameters" : [ {
            "name" : "locator",
            "value" : "('css selector', '.home-erin')"
          }, {
            "name" : "timeout",
            "value" : "5"
          } ],
          "stepsCount" : 0,
          "attachmentsCount" : 0,
          "shouldDisplayMessage" : true,
          "hasContent" : true
        } ],
        "attachments" : [ ],
        "parameters" : [ {
          "name" : "locator",
          "value" : "('css selector', '.home-erin')"
        }, {
          "name" : "timeout",
          "value" : "10"
        } ],
        "stepsCount" : 1,
        "attachmentsCount" : 0,
        "shouldDisplayMessage" : false,
        "hasContent" : true
      } ],
      "attachments" : [ ],
      "parameters" : [ ],
      "stepsCount" : 2,
      "attachmentsCount" : 0,
      "shouldDisplayMessage" : false,
      "hasContent" : true
    } ],
    "attachments" : [ {
      "uid" : "1c50f2588124d049",
      "name" : "Screenshot",
      "source" : "1c50f2588124d049.png",
      "type" : "image/png",
      "size" : 556351
    }, {
      "uid" : "ea35afe89b9f55d9",
      "name" : "HTML source",
      "source" : "ea35afe89b9f55d9.html",
      "type" : "text/html",
      "size" : 188858
    } ],
    "parameters" : [ ],
    "stepsCount" : 4,
    "attachmentsCount" : 2,
    "shouldDisplayMessage" : true,
    "hasContent" : true
  },
  "afterStages" : [ {
    "name" : "clear_allure_result_folder::0",
    "time" : {
      "start" : 1750643522322,
      "stop" : 1750643522322,
      "duration" : 0
    },
    "status" : "passed",
    "steps" : [ ],
    "attachments" : [ ],
    "parameters" : [ ],
    "stepsCount" : 0,
    "attachmentsCount" : 0,
    "shouldDisplayMessage" : false,
    "hasContent" : false
  }, {
    "name" : "driver::0",
    "time" : {
      "start" : 1750642605105,
      "stop" : 1750642605175,
      "duration" : 70
    },
    "status" : "passed",
    "steps" : [ ],
    "attachments" : [ ],
    "parameters" : [ ],
    "stepsCount" : 0,
    "attachmentsCount" : 0,
    "shouldDisplayMessage" : false,
    "hasContent" : false
  } ],
  "labels" : [ {
    "name" : "feature",
    "value" : "Promo Block Testing"
  }, {
    "name" : "epic",
    "value" : "Main Page"
  }, {
    "name" : "parentSuite",
    "value" : "tests"
  }, {
    "name" : "suite",
    "value" : "test_main_page"
  }, {
    "name" : "subSuite",
    "value" : "TestMainPage"
  }, {
    "name" : "host",
    "value" : "fv-az1065-163"
  }, {
    "name" : "thread",
    "value" : "3597-MainThread"
  }, {
    "name" : "framework",
    "value" : "pytest"
  }, {
    "name" : "language",
    "value" : "cpython3"
  }, {
    "name" : "package",
    "value" : "tests.test_main_page"
  }, {
    "name" : "resultFormat",
    "value" : "allure2"
  } ],
  "parameters" : [ ],
  "links" : [ ],
  "hidden" : false,
  "retry" : false,
  "extra" : {
    "severity" : "normal",
    "retries" : [ ],
    "categories" : [ {
      "name" : "Test defects",
      "matchedStatuses" : [ ],
      "flaky" : false
    } ],
    "tags" : [ ]
  },
  "source" : "5d244cbf76cd3e28.json",
  "parameterValues" : [ ]
}