{
  "uid" : "6db812ea9bfaf9cd",
  "name" : "TC 13.01.45 - Check block 2 'home-t-shirts' in section 2 of the Promo Block is present in the DOM tree",
  "fullName" : "tests.test_main_page.TestPromoBlock#test_tc_13_01_45_check_block2_in_section2_is_present",
  "historyId" : "b2990700aa81ab309bfebec2ac4ead86",
  "time" : {
    "start" : 1745198670103,
    "stop" : 1745198676484,
    "duration" : 6381
  },
  "description" : "This test checks if block 2 'home-t-shirts' in section 2 in the Promo Block is present\n            in the DOM tree on the main page",
  "descriptionHtml" : "<p>This test checks if block 2 'home-t-shirts' in section 2 in the Promo Block is present\nin the DOM tree on the main page</p>\n",
  "status" : "broken",
  "statusMessage" : "selenium.common.exceptions.TimeoutException: Message: \nStacktrace:\n#0 0x55a8e175fd0a <unknown>\n#1 0x55a8e12105f0 <unknown>\n#2 0x55a8e1261a33 <unknown>\n#3 0x55a8e1261c21 <unknown>\n#4 0x55a8e12b0274 <unknown>\n#5 0x55a8e128768d <unknown>\n#6 0x55a8e12ad660 <unknown>\n#7 0x55a8e1287433 <unknown>\n#8 0x55a8e1253ea3 <unknown>\n#9 0x55a8e1254b01 <unknown>\n#10 0x55a8e1724b5b <unknown>\n#11 0x55a8e1728a41 <unknown>\n#12 0x55a8e170bc52 <unknown>\n#13 0x55a8e17295b4 <unknown>\n#14 0x55a8e16eff0f <unknown>\n#15 0x55a8e174ddb8 <unknown>\n#16 0x55a8e174df96 <unknown>\n#17 0x55a8e175eb56 <unknown>\n#18 0x7fd424c9caa4 <unknown>\n#19 0x7fd424d29c3c <unknown>",
  "statusTrace" : "self = <test_main_page.TestMainPage.TestPromoBlock object at 0x7fbf7d230a40>\ndriver = <selenium.webdriver.chrome.webdriver.WebDriver (session=\"b707b8cfbeaa2dcd28b4a1a384895d37\")>\n\n    @allure.title(\"TC 13.01.45 - Check block 2 'home-t-shirts' in section 2 of the Promo Block is present \"\n                  \"in the DOM tree\")\n    def test_tc_13_01_45_check_block2_in_section2_is_present(self, driver):\n        \"\"\"This test checks if block 2 'home-t-shirts' in section 2 in the Promo Block is present\n        in the DOM tree on the main page\"\"\"\n        page = PromoBlock(driver, MAIN_PAGE_URL)\n        page.open()\n>       block2_section2 = page.check_block2_section2_is_present()\n\ntests/test_main_page.py:594: \n_ _ _ _ _ _ _ _ _ _ _ _ _ _ _ _ _ _ _ _ _ _ _ _ _ _ _ _ _ _ _ _ _ _ _ _ _ _ _ _ \npages/main_page.py:211: in check_block2_section2_is_present\n    return self.element_is_present(self.locators.SECTION_2_BLOCK_2)\npages/base_page.py:51: in element_is_present\n    return wait(self.driver, timeout).until(EC.presence_of_element_located(locator))\n_ _ _ _ _ _ _ _ _ _ _ _ _ _ _ _ _ _ _ _ _ _ _ _ _ _ _ _ _ _ _ _ _ _ _ _ _ _ _ _ \n\nself = <selenium.webdriver.support.wait.WebDriverWait (session=\"b707b8cfbeaa2dcd28b4a1a384895d37\")>\nmethod = <function presence_of_element_located.<locals>._predicate at 0x7fbf7cf66fc0>\nmessage = ''\n\n    def until(self, method, message: str = \"\"):\n        \"\"\"Calls the method provided with the driver as an argument until the \\\n        return value does not evaluate to ``False``.\n    \n        :param method: callable(WebDriver)\n        :param message: optional message for :exc:`TimeoutException`\n        :returns: the result of the last call to `method`\n        :raises: :exc:`selenium.common.exceptions.TimeoutException` if timeout occurs\n        \"\"\"\n        screen = None\n        stacktrace = None\n    \n        end_time = time.monotonic() + self._timeout\n        while True:\n            try:\n                value = method(self._driver)\n                if value:\n                    return value\n            except self._ignored_exceptions as exc:\n                screen = getattr(exc, \"screen\", None)\n                stacktrace = getattr(exc, \"stacktrace\", None)\n            time.sleep(self._poll)\n            if time.monotonic() > end_time:\n                break\n>       raise TimeoutException(message, screen, stacktrace)\nE       selenium.common.exceptions.TimeoutException: Message: \nE       Stacktrace:\nE       #0 0x55a8e175fd0a <unknown>\nE       #1 0x55a8e12105f0 <unknown>\nE       #2 0x55a8e1261a33 <unknown>\nE       #3 0x55a8e1261c21 <unknown>\nE       #4 0x55a8e12b0274 <unknown>\nE       #5 0x55a8e128768d <unknown>\nE       #6 0x55a8e12ad660 <unknown>\nE       #7 0x55a8e1287433 <unknown>\nE       #8 0x55a8e1253ea3 <unknown>\nE       #9 0x55a8e1254b01 <unknown>\nE       #10 0x55a8e1724b5b <unknown>\nE       #11 0x55a8e1728a41 <unknown>\nE       #12 0x55a8e170bc52 <unknown>\nE       #13 0x55a8e17295b4 <unknown>\nE       #14 0x55a8e16eff0f <unknown>\nE       #15 0x55a8e174ddb8 <unknown>\nE       #16 0x55a8e174df96 <unknown>\nE       #17 0x55a8e175eb56 <unknown>\nE       #18 0x7fd424c9caa4 <unknown>\nE       #19 0x7fd424d29c3c <unknown>\n\n/opt/hostedtoolcache/Python/3.12.3/x64/lib/python3.12/site-packages/selenium/webdriver/support/wait.py:95: TimeoutException",
  "flaky" : false,
  "newFailed" : false,
  "beforeStages" : [ {
    "name" : "clear_allure_result_folder",
    "time" : {
      "start" : 1745197862690,
      "stop" : 1745197862690,
      "duration" : 0
    },
    "status" : "passed",
    "steps" : [ ],
    "attachments" : [ ],
    "parameters" : [ ],
    "stepsCount" : 0,
    "attachmentsCount" : 0,
    "shouldDisplayMessage" : false,
    "hasContent" : false
  }, {
    "name" : "driver",
    "time" : {
      "start" : 1745198668889,
      "stop" : 1745198670102,
      "duration" : 1213
    },
    "status" : "passed",
    "steps" : [ ],
    "attachments" : [ ],
    "parameters" : [ ],
    "stepsCount" : 0,
    "attachmentsCount" : 0,
    "shouldDisplayMessage" : false,
    "hasContent" : false
  }, {
    "name" : "_session_faker",
    "time" : {
      "start" : 1745197862622,
      "stop" : 1745197862690,
      "duration" : 68
    },
    "status" : "passed",
    "steps" : [ ],
    "attachments" : [ ],
    "parameters" : [ ],
    "stepsCount" : 0,
    "attachmentsCount" : 0,
    "shouldDisplayMessage" : false,
    "hasContent" : false
  } ],
  "testStage" : {
    "description" : "This test checks if block 2 'home-t-shirts' in section 2 in the Promo Block is present\n            in the DOM tree on the main page",
    "status" : "broken",
    "statusMessage" : "selenium.common.exceptions.TimeoutException: Message: \nStacktrace:\n#0 0x55a8e175fd0a <unknown>\n#1 0x55a8e12105f0 <unknown>\n#2 0x55a8e1261a33 <unknown>\n#3 0x55a8e1261c21 <unknown>\n#4 0x55a8e12b0274 <unknown>\n#5 0x55a8e128768d <unknown>\n#6 0x55a8e12ad660 <unknown>\n#7 0x55a8e1287433 <unknown>\n#8 0x55a8e1253ea3 <unknown>\n#9 0x55a8e1254b01 <unknown>\n#10 0x55a8e1724b5b <unknown>\n#11 0x55a8e1728a41 <unknown>\n#12 0x55a8e170bc52 <unknown>\n#13 0x55a8e17295b4 <unknown>\n#14 0x55a8e16eff0f <unknown>\n#15 0x55a8e174ddb8 <unknown>\n#16 0x55a8e174df96 <unknown>\n#17 0x55a8e175eb56 <unknown>\n#18 0x7fd424c9caa4 <unknown>\n#19 0x7fd424d29c3c <unknown>",
    "statusTrace" : "self = <test_main_page.TestMainPage.TestPromoBlock object at 0x7fbf7d230a40>\ndriver = <selenium.webdriver.chrome.webdriver.WebDriver (session=\"b707b8cfbeaa2dcd28b4a1a384895d37\")>\n\n    @allure.title(\"TC 13.01.45 - Check block 2 'home-t-shirts' in section 2 of the Promo Block is present \"\n                  \"in the DOM tree\")\n    def test_tc_13_01_45_check_block2_in_section2_is_present(self, driver):\n        \"\"\"This test checks if block 2 'home-t-shirts' in section 2 in the Promo Block is present\n        in the DOM tree on the main page\"\"\"\n        page = PromoBlock(driver, MAIN_PAGE_URL)\n        page.open()\n>       block2_section2 = page.check_block2_section2_is_present()\n\ntests/test_main_page.py:594: \n_ _ _ _ _ _ _ _ _ _ _ _ _ _ _ _ _ _ _ _ _ _ _ _ _ _ _ _ _ _ _ _ _ _ _ _ _ _ _ _ \npages/main_page.py:211: in check_block2_section2_is_present\n    return self.element_is_present(self.locators.SECTION_2_BLOCK_2)\npages/base_page.py:51: in element_is_present\n    return wait(self.driver, timeout).until(EC.presence_of_element_located(locator))\n_ _ _ _ _ _ _ _ _ _ _ _ _ _ _ _ _ _ _ _ _ _ _ _ _ _ _ _ _ _ _ _ _ _ _ _ _ _ _ _ \n\nself = <selenium.webdriver.support.wait.WebDriverWait (session=\"b707b8cfbeaa2dcd28b4a1a384895d37\")>\nmethod = <function presence_of_element_located.<locals>._predicate at 0x7fbf7cf66fc0>\nmessage = ''\n\n    def until(self, method, message: str = \"\"):\n        \"\"\"Calls the method provided with the driver as an argument until the \\\n        return value does not evaluate to ``False``.\n    \n        :param method: callable(WebDriver)\n        :param message: optional message for :exc:`TimeoutException`\n        :returns: the result of the last call to `method`\n        :raises: :exc:`selenium.common.exceptions.TimeoutException` if timeout occurs\n        \"\"\"\n        screen = None\n        stacktrace = None\n    \n        end_time = time.monotonic() + self._timeout\n        while True:\n            try:\n                value = method(self._driver)\n                if value:\n                    return value\n            except self._ignored_exceptions as exc:\n                screen = getattr(exc, \"screen\", None)\n                stacktrace = getattr(exc, \"stacktrace\", None)\n            time.sleep(self._poll)\n            if time.monotonic() > end_time:\n                break\n>       raise TimeoutException(message, screen, stacktrace)\nE       selenium.common.exceptions.TimeoutException: Message: \nE       Stacktrace:\nE       #0 0x55a8e175fd0a <unknown>\nE       #1 0x55a8e12105f0 <unknown>\nE       #2 0x55a8e1261a33 <unknown>\nE       #3 0x55a8e1261c21 <unknown>\nE       #4 0x55a8e12b0274 <unknown>\nE       #5 0x55a8e128768d <unknown>\nE       #6 0x55a8e12ad660 <unknown>\nE       #7 0x55a8e1287433 <unknown>\nE       #8 0x55a8e1253ea3 <unknown>\nE       #9 0x55a8e1254b01 <unknown>\nE       #10 0x55a8e1724b5b <unknown>\nE       #11 0x55a8e1728a41 <unknown>\nE       #12 0x55a8e170bc52 <unknown>\nE       #13 0x55a8e17295b4 <unknown>\nE       #14 0x55a8e16eff0f <unknown>\nE       #15 0x55a8e174ddb8 <unknown>\nE       #16 0x55a8e174df96 <unknown>\nE       #17 0x55a8e175eb56 <unknown>\nE       #18 0x7fd424c9caa4 <unknown>\nE       #19 0x7fd424d29c3c <unknown>\n\n/opt/hostedtoolcache/Python/3.12.3/x64/lib/python3.12/site-packages/selenium/webdriver/support/wait.py:95: TimeoutException",
    "steps" : [ {
      "name" : "Open a browser",
      "time" : {
        "start" : 1745198670103,
        "stop" : 1745198671194,
        "duration" : 1091
      },
      "status" : "passed",
      "steps" : [ ],
      "attachments" : [ ],
      "parameters" : [ ],
      "stepsCount" : 0,
      "attachmentsCount" : 0,
      "shouldDisplayMessage" : false,
      "hasContent" : false
    }, {
      "name" : "Check block 2 'home-t-shirts' in section 2 of the Promo Block is present in the DOM tree",
      "time" : {
        "start" : 1745198671194,
        "stop" : 1745198676483,
        "duration" : 5289
      },
      "status" : "broken",
      "statusMessage" : "selenium.common.exceptions.TimeoutException: Message: \nStacktrace:\n#0 0x55a8e175fd0a <unknown>\n#1 0x55a8e12105f0 <unknown>\n#2 0x55a8e1261a33 <unknown>\n#3 0x55a8e1261c21 <unknown>\n#4 0x55a8e12b0274 <unknown>\n#5 0x55a8e128768d <unknown>\n#6 0x55a8e12ad660 <unknown>\n#7 0x55a8e1287433 <unknown>\n#8 0x55a8e1253ea3 <unknown>\n#9 0x55a8e1254b01 <unknown>\n#10 0x55a8e1724b5b <unknown>\n#11 0x55a8e1728a41 <unknown>\n#12 0x55a8e170bc52 <unknown>\n#13 0x55a8e17295b4 <unknown>\n#14 0x55a8e16eff0f <unknown>\n#15 0x55a8e174ddb8 <unknown>\n#16 0x55a8e174df96 <unknown>\n#17 0x55a8e175eb56 <unknown>\n#18 0x7fd424c9caa4 <unknown>\n#19 0x7fd424d29c3c <unknown>\n\n",
      "statusTrace" : "  File \"/opt/hostedtoolcache/Python/3.12.3/x64/lib/python3.12/site-packages/allure_commons/_allure.py\", line 192, in impl\n    return func(*a, **kw)\n           ^^^^^^^^^^^^^^\n  File \"/home/runner/work/luma_project/luma_project/pages/main_page.py\", line 211, in check_block2_section2_is_present\n    return self.element_is_present(self.locators.SECTION_2_BLOCK_2)\n           ^^^^^^^^^^^^^^^^^^^^^^^^^^^^^^^^^^^^^^^^^^^^^^^^^^^^^^^^\n  File \"/opt/hostedtoolcache/Python/3.12.3/x64/lib/python3.12/site-packages/allure_commons/_allure.py\", line 192, in impl\n    return func(*a, **kw)\n           ^^^^^^^^^^^^^^\n  File \"/home/runner/work/luma_project/luma_project/pages/base_page.py\", line 51, in element_is_present\n    return wait(self.driver, timeout).until(EC.presence_of_element_located(locator))\n           ^^^^^^^^^^^^^^^^^^^^^^^^^^^^^^^^^^^^^^^^^^^^^^^^^^^^^^^^^^^^^^^^^^^^^^^^^\n  File \"/opt/hostedtoolcache/Python/3.12.3/x64/lib/python3.12/site-packages/selenium/webdriver/support/wait.py\", line 95, in until\n    raise TimeoutException(message, screen, stacktrace)\n",
      "steps" : [ {
        "name" : "Find a present element",
        "time" : {
          "start" : 1745198671194,
          "stop" : 1745198676483,
          "duration" : 5289
        },
        "status" : "broken",
        "statusMessage" : "selenium.common.exceptions.TimeoutException: Message: \nStacktrace:\n#0 0x55a8e175fd0a <unknown>\n#1 0x55a8e12105f0 <unknown>\n#2 0x55a8e1261a33 <unknown>\n#3 0x55a8e1261c21 <unknown>\n#4 0x55a8e12b0274 <unknown>\n#5 0x55a8e128768d <unknown>\n#6 0x55a8e12ad660 <unknown>\n#7 0x55a8e1287433 <unknown>\n#8 0x55a8e1253ea3 <unknown>\n#9 0x55a8e1254b01 <unknown>\n#10 0x55a8e1724b5b <unknown>\n#11 0x55a8e1728a41 <unknown>\n#12 0x55a8e170bc52 <unknown>\n#13 0x55a8e17295b4 <unknown>\n#14 0x55a8e16eff0f <unknown>\n#15 0x55a8e174ddb8 <unknown>\n#16 0x55a8e174df96 <unknown>\n#17 0x55a8e175eb56 <unknown>\n#18 0x7fd424c9caa4 <unknown>\n#19 0x7fd424d29c3c <unknown>\n\n",
        "statusTrace" : "  File \"/opt/hostedtoolcache/Python/3.12.3/x64/lib/python3.12/site-packages/allure_commons/_allure.py\", line 192, in impl\n    return func(*a, **kw)\n           ^^^^^^^^^^^^^^\n  File \"/home/runner/work/luma_project/luma_project/pages/base_page.py\", line 51, in element_is_present\n    return wait(self.driver, timeout).until(EC.presence_of_element_located(locator))\n           ^^^^^^^^^^^^^^^^^^^^^^^^^^^^^^^^^^^^^^^^^^^^^^^^^^^^^^^^^^^^^^^^^^^^^^^^^\n  File \"/opt/hostedtoolcache/Python/3.12.3/x64/lib/python3.12/site-packages/selenium/webdriver/support/wait.py\", line 95, in until\n    raise TimeoutException(message, screen, stacktrace)\n",
        "steps" : [ ],
        "attachments" : [ ],
        "parameters" : [ {
          "name" : "locator",
          "value" : "('css selector', '.home-t-shirts')"
        }, {
          "name" : "timeout",
          "value" : "5"
        } ],
        "stepsCount" : 0,
        "attachmentsCount" : 0,
        "shouldDisplayMessage" : true,
        "hasContent" : true
      } ],
      "attachments" : [ ],
      "parameters" : [ ],
      "stepsCount" : 1,
      "attachmentsCount" : 0,
      "shouldDisplayMessage" : false,
      "hasContent" : true
    } ],
    "attachments" : [ {
      "uid" : "c6d9a02211de7c9a",
      "name" : "Screenshot",
      "source" : "c6d9a02211de7c9a.png",
      "type" : "image/png",
      "size" : 549116
    }, {
      "uid" : "434ccfc9648056ca",
      "name" : "HTML source",
      "source" : "434ccfc9648056ca.html",
      "type" : "text/html",
      "size" : 143407
    } ],
    "parameters" : [ ],
    "stepsCount" : 3,
    "attachmentsCount" : 2,
    "shouldDisplayMessage" : true,
    "hasContent" : true
  },
  "afterStages" : [ {
    "name" : "clear_allure_result_folder::0",
    "time" : {
      "start" : 1745199391300,
      "stop" : 1745199391300,
      "duration" : 0
    },
    "status" : "passed",
    "steps" : [ ],
    "attachments" : [ ],
    "parameters" : [ ],
    "stepsCount" : 0,
    "attachmentsCount" : 0,
    "shouldDisplayMessage" : false,
    "hasContent" : false
  }, {
    "name" : "driver::0",
    "time" : {
      "start" : 1745198676845,
      "stop" : 1745198676961,
      "duration" : 116
    },
    "status" : "passed",
    "steps" : [ ],
    "attachments" : [ ],
    "parameters" : [ ],
    "stepsCount" : 0,
    "attachmentsCount" : 0,
    "shouldDisplayMessage" : false,
    "hasContent" : false
  } ],
  "labels" : [ {
    "name" : "feature",
    "value" : "Promo Block Testing"
  }, {
    "name" : "epic",
    "value" : "Main Page"
  }, {
    "name" : "parentSuite",
    "value" : "tests"
  }, {
    "name" : "suite",
    "value" : "test_main_page"
  }, {
    "name" : "subSuite",
    "value" : "TestMainPage"
  }, {
    "name" : "host",
    "value" : "fv-az1928-941"
  }, {
    "name" : "thread",
    "value" : "2939-MainThread"
  }, {
    "name" : "framework",
    "value" : "pytest"
  }, {
    "name" : "language",
    "value" : "cpython3"
  }, {
    "name" : "package",
    "value" : "tests.test_main_page"
  }, {
    "name" : "resultFormat",
    "value" : "allure2"
  } ],
  "parameters" : [ ],
  "links" : [ ],
  "hidden" : false,
  "retry" : false,
  "extra" : {
    "severity" : "normal",
    "retries" : [ ],
    "categories" : [ {
      "name" : "Test defects",
      "matchedStatuses" : [ ],
      "flaky" : false
    } ],
    "tags" : [ ]
  },
  "source" : "6db812ea9bfaf9cd.json",
  "parameterValues" : [ ]
}