{
  "uid" : "70c0ebe3666024b7",
  "name" : "TC 13.01.27 - Check the display of the info block in block 3 'home-erin' in the Promo Block",
  "fullName" : "tests.test_main_page.TestPromoBlock#test_tc_13_01_27_check_info_block_in_section2_block3",
  "historyId" : "030d6e136a785002d8c6b4466664e77a",
  "time" : {
    "start" : 1741568795974,
    "stop" : 1741568802624,
    "duration" : 6650
  },
  "description" : "This test checks if info block in section 2 block 3 'home-erin' is displayed in the Promo Block\n             under header on the Main Page",
  "descriptionHtml" : "<p>This test checks if info block in section 2 block 3 'home-erin' is displayed in the Promo Block\nunder header on the Main Page</p>\n",
  "status" : "broken",
  "statusMessage" : "selenium.common.exceptions.TimeoutException: Message: \nStacktrace:\n#0 0x555915d1314a <unknown>\n#1 0x5559157b0b80 <unknown>\n#2 0x5559158020e9 <unknown>\n#3 0x555915802271 <unknown>\n#4 0x555915850de4 <unknown>\n#5 0x555915827efd <unknown>\n#6 0x55591584e14a <unknown>\n#7 0x555915827ca3 <unknown>\n#8 0x5559157f3f08 <unknown>\n#9 0x5559157f5071 <unknown>\n#10 0x555915cdcb5b <unknown>\n#11 0x555915ce0ae2 <unknown>\n#12 0x555915cc8967 <unknown>\n#13 0x555915ce16d4 <unknown>\n#14 0x555915cacc7f <unknown>\n#15 0x555915d01cd8 <unknown>\n#16 0x555915d01ea9 <unknown>\n#17 0x555915d11fc6 <unknown>\n#18 0x7f262809caa4 <unknown>\n#19 0x7f2628129c3c <unknown>",
  "statusTrace" : "self = <test_main_page.TestMainPage.TestPromoBlock object at 0x7f384fb130b0>\ndriver = <selenium.webdriver.chrome.webdriver.WebDriver (session=\"18af027cc83cbaf8e6e4fbb15f601d06\")>\n\n    @allure.title(\"TC 13.01.27 - Check the display of the info block in block 3 'home-erin' in the Promo Block\")\n    def test_tc_13_01_27_check_info_block_in_section2_block3(self, driver):\n        \"\"\"This test checks if info block in section 2 block 3 'home-erin' is displayed in the Promo Block\n         under header on the Main Page\"\"\"\n        page = PromoBlock(driver, MAIN_PAGE_URL)\n        page.open()\n>       assert page.element_is_visible(self.locators.SECTION_2_BLOCK_3_INFO_BLOCK), \\\n            \"The info block in section 2 block 3 under header is invisible on the Main Page\"\n\ntests/test_main_page.py:383: \n_ _ _ _ _ _ _ _ _ _ _ _ _ _ _ _ _ _ _ _ _ _ _ _ _ _ _ _ _ _ _ _ _ _ _ _ _ _ _ _ \npages/base_page.py:30: in element_is_visible\n    self.go_to_element(self.element_is_present(locator))\npages/base_page.py:51: in element_is_present\n    return wait(self.driver, timeout).until(EC.presence_of_element_located(locator))\n_ _ _ _ _ _ _ _ _ _ _ _ _ _ _ _ _ _ _ _ _ _ _ _ _ _ _ _ _ _ _ _ _ _ _ _ _ _ _ _ \n\nself = <selenium.webdriver.support.wait.WebDriverWait (session=\"18af027cc83cbaf8e6e4fbb15f601d06\")>\nmethod = <function presence_of_element_located.<locals>._predicate at 0x7f384fd39940>\nmessage = ''\n\n    def until(self, method, message: str = \"\"):\n        \"\"\"Calls the method provided with the driver as an argument until the \\\n        return value does not evaluate to ``False``.\n    \n        :param method: callable(WebDriver)\n        :param message: optional message for :exc:`TimeoutException`\n        :returns: the result of the last call to `method`\n        :raises: :exc:`selenium.common.exceptions.TimeoutException` if timeout occurs\n        \"\"\"\n        screen = None\n        stacktrace = None\n    \n        end_time = time.monotonic() + self._timeout\n        while True:\n            try:\n                value = method(self._driver)\n                if value:\n                    return value\n            except self._ignored_exceptions as exc:\n                screen = getattr(exc, \"screen\", None)\n                stacktrace = getattr(exc, \"stacktrace\", None)\n            time.sleep(self._poll)\n            if time.monotonic() > end_time:\n                break\n>       raise TimeoutException(message, screen, stacktrace)\nE       selenium.common.exceptions.TimeoutException: Message: \nE       Stacktrace:\nE       #0 0x555915d1314a <unknown>\nE       #1 0x5559157b0b80 <unknown>\nE       #2 0x5559158020e9 <unknown>\nE       #3 0x555915802271 <unknown>\nE       #4 0x555915850de4 <unknown>\nE       #5 0x555915827efd <unknown>\nE       #6 0x55591584e14a <unknown>\nE       #7 0x555915827ca3 <unknown>\nE       #8 0x5559157f3f08 <unknown>\nE       #9 0x5559157f5071 <unknown>\nE       #10 0x555915cdcb5b <unknown>\nE       #11 0x555915ce0ae2 <unknown>\nE       #12 0x555915cc8967 <unknown>\nE       #13 0x555915ce16d4 <unknown>\nE       #14 0x555915cacc7f <unknown>\nE       #15 0x555915d01cd8 <unknown>\nE       #16 0x555915d01ea9 <unknown>\nE       #17 0x555915d11fc6 <unknown>\nE       #18 0x7f262809caa4 <unknown>\nE       #19 0x7f2628129c3c <unknown>\n\n/opt/hostedtoolcache/Python/3.12.3/x64/lib/python3.12/site-packages/selenium/webdriver/support/wait.py:95: TimeoutException",
  "flaky" : false,
  "newFailed" : false,
  "beforeStages" : [ {
    "name" : "driver",
    "time" : {
      "start" : 1741568794720,
      "stop" : 1741568795973,
      "duration" : 1253
    },
    "status" : "passed",
    "steps" : [ ],
    "attachments" : [ ],
    "parameters" : [ ],
    "attachmentsCount" : 0,
    "shouldDisplayMessage" : false,
    "hasContent" : false,
    "stepsCount" : 0
  }, {
    "name" : "_session_faker",
    "time" : {
      "start" : 1741568105215,
      "stop" : 1741568105283,
      "duration" : 68
    },
    "status" : "passed",
    "steps" : [ ],
    "attachments" : [ ],
    "parameters" : [ ],
    "attachmentsCount" : 0,
    "shouldDisplayMessage" : false,
    "hasContent" : false,
    "stepsCount" : 0
  }, {
    "name" : "clear_allure_result_folder",
    "time" : {
      "start" : 1741568105283,
      "stop" : 1741568105283,
      "duration" : 0
    },
    "status" : "passed",
    "steps" : [ ],
    "attachments" : [ ],
    "parameters" : [ ],
    "attachmentsCount" : 0,
    "shouldDisplayMessage" : false,
    "hasContent" : false,
    "stepsCount" : 0
  } ],
  "testStage" : {
    "description" : "This test checks if info block in section 2 block 3 'home-erin' is displayed in the Promo Block\n             under header on the Main Page",
    "status" : "broken",
    "statusMessage" : "selenium.common.exceptions.TimeoutException: Message: \nStacktrace:\n#0 0x555915d1314a <unknown>\n#1 0x5559157b0b80 <unknown>\n#2 0x5559158020e9 <unknown>\n#3 0x555915802271 <unknown>\n#4 0x555915850de4 <unknown>\n#5 0x555915827efd <unknown>\n#6 0x55591584e14a <unknown>\n#7 0x555915827ca3 <unknown>\n#8 0x5559157f3f08 <unknown>\n#9 0x5559157f5071 <unknown>\n#10 0x555915cdcb5b <unknown>\n#11 0x555915ce0ae2 <unknown>\n#12 0x555915cc8967 <unknown>\n#13 0x555915ce16d4 <unknown>\n#14 0x555915cacc7f <unknown>\n#15 0x555915d01cd8 <unknown>\n#16 0x555915d01ea9 <unknown>\n#17 0x555915d11fc6 <unknown>\n#18 0x7f262809caa4 <unknown>\n#19 0x7f2628129c3c <unknown>",
    "statusTrace" : "self = <test_main_page.TestMainPage.TestPromoBlock object at 0x7f384fb130b0>\ndriver = <selenium.webdriver.chrome.webdriver.WebDriver (session=\"18af027cc83cbaf8e6e4fbb15f601d06\")>\n\n    @allure.title(\"TC 13.01.27 - Check the display of the info block in block 3 'home-erin' in the Promo Block\")\n    def test_tc_13_01_27_check_info_block_in_section2_block3(self, driver):\n        \"\"\"This test checks if info block in section 2 block 3 'home-erin' is displayed in the Promo Block\n         under header on the Main Page\"\"\"\n        page = PromoBlock(driver, MAIN_PAGE_URL)\n        page.open()\n>       assert page.element_is_visible(self.locators.SECTION_2_BLOCK_3_INFO_BLOCK), \\\n            \"The info block in section 2 block 3 under header is invisible on the Main Page\"\n\ntests/test_main_page.py:383: \n_ _ _ _ _ _ _ _ _ _ _ _ _ _ _ _ _ _ _ _ _ _ _ _ _ _ _ _ _ _ _ _ _ _ _ _ _ _ _ _ \npages/base_page.py:30: in element_is_visible\n    self.go_to_element(self.element_is_present(locator))\npages/base_page.py:51: in element_is_present\n    return wait(self.driver, timeout).until(EC.presence_of_element_located(locator))\n_ _ _ _ _ _ _ _ _ _ _ _ _ _ _ _ _ _ _ _ _ _ _ _ _ _ _ _ _ _ _ _ _ _ _ _ _ _ _ _ \n\nself = <selenium.webdriver.support.wait.WebDriverWait (session=\"18af027cc83cbaf8e6e4fbb15f601d06\")>\nmethod = <function presence_of_element_located.<locals>._predicate at 0x7f384fd39940>\nmessage = ''\n\n    def until(self, method, message: str = \"\"):\n        \"\"\"Calls the method provided with the driver as an argument until the \\\n        return value does not evaluate to ``False``.\n    \n        :param method: callable(WebDriver)\n        :param message: optional message for :exc:`TimeoutException`\n        :returns: the result of the last call to `method`\n        :raises: :exc:`selenium.common.exceptions.TimeoutException` if timeout occurs\n        \"\"\"\n        screen = None\n        stacktrace = None\n    \n        end_time = time.monotonic() + self._timeout\n        while True:\n            try:\n                value = method(self._driver)\n                if value:\n                    return value\n            except self._ignored_exceptions as exc:\n                screen = getattr(exc, \"screen\", None)\n                stacktrace = getattr(exc, \"stacktrace\", None)\n            time.sleep(self._poll)\n            if time.monotonic() > end_time:\n                break\n>       raise TimeoutException(message, screen, stacktrace)\nE       selenium.common.exceptions.TimeoutException: Message: \nE       Stacktrace:\nE       #0 0x555915d1314a <unknown>\nE       #1 0x5559157b0b80 <unknown>\nE       #2 0x5559158020e9 <unknown>\nE       #3 0x555915802271 <unknown>\nE       #4 0x555915850de4 <unknown>\nE       #5 0x555915827efd <unknown>\nE       #6 0x55591584e14a <unknown>\nE       #7 0x555915827ca3 <unknown>\nE       #8 0x5559157f3f08 <unknown>\nE       #9 0x5559157f5071 <unknown>\nE       #10 0x555915cdcb5b <unknown>\nE       #11 0x555915ce0ae2 <unknown>\nE       #12 0x555915cc8967 <unknown>\nE       #13 0x555915ce16d4 <unknown>\nE       #14 0x555915cacc7f <unknown>\nE       #15 0x555915d01cd8 <unknown>\nE       #16 0x555915d01ea9 <unknown>\nE       #17 0x555915d11fc6 <unknown>\nE       #18 0x7f262809caa4 <unknown>\nE       #19 0x7f2628129c3c <unknown>\n\n/opt/hostedtoolcache/Python/3.12.3/x64/lib/python3.12/site-packages/selenium/webdriver/support/wait.py:95: TimeoutException",
    "steps" : [ {
      "name" : "Open a browser",
      "time" : {
        "start" : 1741568795974,
        "stop" : 1741568797044,
        "duration" : 1070
      },
      "status" : "passed",
      "steps" : [ ],
      "attachments" : [ ],
      "parameters" : [ ],
      "attachmentsCount" : 0,
      "shouldDisplayMessage" : false,
      "hasContent" : false,
      "stepsCount" : 0
    }, {
      "name" : "Find a visible element",
      "time" : {
        "start" : 1741568797045,
        "stop" : 1741568802622,
        "duration" : 5577
      },
      "status" : "broken",
      "statusMessage" : "selenium.common.exceptions.TimeoutException: Message: \nStacktrace:\n#0 0x555915d1314a <unknown>\n#1 0x5559157b0b80 <unknown>\n#2 0x5559158020e9 <unknown>\n#3 0x555915802271 <unknown>\n#4 0x555915850de4 <unknown>\n#5 0x555915827efd <unknown>\n#6 0x55591584e14a <unknown>\n#7 0x555915827ca3 <unknown>\n#8 0x5559157f3f08 <unknown>\n#9 0x5559157f5071 <unknown>\n#10 0x555915cdcb5b <unknown>\n#11 0x555915ce0ae2 <unknown>\n#12 0x555915cc8967 <unknown>\n#13 0x555915ce16d4 <unknown>\n#14 0x555915cacc7f <unknown>\n#15 0x555915d01cd8 <unknown>\n#16 0x555915d01ea9 <unknown>\n#17 0x555915d11fc6 <unknown>\n#18 0x7f262809caa4 <unknown>\n#19 0x7f2628129c3c <unknown>\n\n",
      "statusTrace" : "  File \"/opt/hostedtoolcache/Python/3.12.3/x64/lib/python3.12/site-packages/allure_commons/_allure.py\", line 192, in impl\n    return func(*a, **kw)\n           ^^^^^^^^^^^^^^\n  File \"/home/runner/work/luma_project/luma_project/pages/base_page.py\", line 30, in element_is_visible\n    self.go_to_element(self.element_is_present(locator))\n                       ^^^^^^^^^^^^^^^^^^^^^^^^^^^^^^^^\n  File \"/opt/hostedtoolcache/Python/3.12.3/x64/lib/python3.12/site-packages/allure_commons/_allure.py\", line 192, in impl\n    return func(*a, **kw)\n           ^^^^^^^^^^^^^^\n  File \"/home/runner/work/luma_project/luma_project/pages/base_page.py\", line 51, in element_is_present\n    return wait(self.driver, timeout).until(EC.presence_of_element_located(locator))\n           ^^^^^^^^^^^^^^^^^^^^^^^^^^^^^^^^^^^^^^^^^^^^^^^^^^^^^^^^^^^^^^^^^^^^^^^^^\n  File \"/opt/hostedtoolcache/Python/3.12.3/x64/lib/python3.12/site-packages/selenium/webdriver/support/wait.py\", line 95, in until\n    raise TimeoutException(message, screen, stacktrace)\n",
      "steps" : [ {
        "name" : "Find a present element",
        "time" : {
          "start" : 1741568797045,
          "stop" : 1741568802620,
          "duration" : 5575
        },
        "status" : "broken",
        "statusMessage" : "selenium.common.exceptions.TimeoutException: Message: \nStacktrace:\n#0 0x555915d1314a <unknown>\n#1 0x5559157b0b80 <unknown>\n#2 0x5559158020e9 <unknown>\n#3 0x555915802271 <unknown>\n#4 0x555915850de4 <unknown>\n#5 0x555915827efd <unknown>\n#6 0x55591584e14a <unknown>\n#7 0x555915827ca3 <unknown>\n#8 0x5559157f3f08 <unknown>\n#9 0x5559157f5071 <unknown>\n#10 0x555915cdcb5b <unknown>\n#11 0x555915ce0ae2 <unknown>\n#12 0x555915cc8967 <unknown>\n#13 0x555915ce16d4 <unknown>\n#14 0x555915cacc7f <unknown>\n#15 0x555915d01cd8 <unknown>\n#16 0x555915d01ea9 <unknown>\n#17 0x555915d11fc6 <unknown>\n#18 0x7f262809caa4 <unknown>\n#19 0x7f2628129c3c <unknown>\n\n",
        "statusTrace" : "  File \"/opt/hostedtoolcache/Python/3.12.3/x64/lib/python3.12/site-packages/allure_commons/_allure.py\", line 192, in impl\n    return func(*a, **kw)\n           ^^^^^^^^^^^^^^\n  File \"/home/runner/work/luma_project/luma_project/pages/base_page.py\", line 51, in element_is_present\n    return wait(self.driver, timeout).until(EC.presence_of_element_located(locator))\n           ^^^^^^^^^^^^^^^^^^^^^^^^^^^^^^^^^^^^^^^^^^^^^^^^^^^^^^^^^^^^^^^^^^^^^^^^^\n  File \"/opt/hostedtoolcache/Python/3.12.3/x64/lib/python3.12/site-packages/selenium/webdriver/support/wait.py\", line 95, in until\n    raise TimeoutException(message, screen, stacktrace)\n",
        "steps" : [ ],
        "attachments" : [ ],
        "parameters" : [ {
          "name" : "locator",
          "value" : "('css selector', '.home-erin .content')"
        }, {
          "name" : "timeout",
          "value" : "5"
        } ],
        "attachmentsCount" : 0,
        "shouldDisplayMessage" : true,
        "hasContent" : true,
        "stepsCount" : 0
      } ],
      "attachments" : [ ],
      "parameters" : [ {
        "name" : "locator",
        "value" : "('css selector', '.home-erin .content')"
      }, {
        "name" : "timeout",
        "value" : "10"
      } ],
      "attachmentsCount" : 0,
      "shouldDisplayMessage" : false,
      "hasContent" : true,
      "stepsCount" : 1
    } ],
    "attachments" : [ {
      "uid" : "15606331b47c0436",
      "name" : "Screenshot",
      "source" : "15606331b47c0436.png",
      "type" : "image/png",
      "size" : 548905
    }, {
      "uid" : "97be97b4f055ac49",
      "name" : "HTML source",
      "source" : "97be97b4f055ac49.html",
      "type" : "text/html",
      "size" : 144098
    } ],
    "parameters" : [ ],
    "attachmentsCount" : 2,
    "shouldDisplayMessage" : true,
    "hasContent" : true,
    "stepsCount" : 3
  },
  "afterStages" : [ {
    "name" : "driver::0",
    "time" : {
      "start" : 1741568803630,
      "stop" : 1741568803764,
      "duration" : 134
    },
    "status" : "passed",
    "steps" : [ ],
    "attachments" : [ ],
    "parameters" : [ ],
    "attachmentsCount" : 0,
    "shouldDisplayMessage" : false,
    "hasContent" : false,
    "stepsCount" : 0
  }, {
    "name" : "clear_allure_result_folder::0",
    "time" : {
      "start" : 1741569715694,
      "stop" : 1741569715694,
      "duration" : 0
    },
    "status" : "passed",
    "steps" : [ ],
    "attachments" : [ ],
    "parameters" : [ ],
    "attachmentsCount" : 0,
    "shouldDisplayMessage" : false,
    "hasContent" : false,
    "stepsCount" : 0
  } ],
  "labels" : [ {
    "name" : "feature",
    "value" : "Promo Block Testing"
  }, {
    "name" : "epic",
    "value" : "Main Page"
  }, {
    "name" : "parentSuite",
    "value" : "tests"
  }, {
    "name" : "suite",
    "value" : "test_main_page"
  }, {
    "name" : "subSuite",
    "value" : "TestMainPage"
  }, {
    "name" : "host",
    "value" : "fv-az1278-701"
  }, {
    "name" : "thread",
    "value" : "2862-MainThread"
  }, {
    "name" : "framework",
    "value" : "pytest"
  }, {
    "name" : "language",
    "value" : "cpython3"
  }, {
    "name" : "package",
    "value" : "tests.test_main_page"
  }, {
    "name" : "resultFormat",
    "value" : "allure2"
  } ],
  "parameters" : [ ],
  "links" : [ ],
  "hidden" : false,
  "retry" : false,
  "extra" : {
    "severity" : "normal",
    "retries" : [ ],
    "categories" : [ {
      "name" : "Test defects",
      "matchedStatuses" : [ ],
      "flaky" : false
    } ],
    "tags" : [ ]
  },
  "source" : "70c0ebe3666024b7.json",
  "parameterValues" : [ ]
}