{
  "uid" : "74185abf0d82825",
  "name" : "TC 13.01.50 - Check if block 1 'home-pants' in section 2 is clickablein the Promo Block on the main page",
  "fullName" : "tests.test_main_page.TestPromoBlock#test_tc_13_01_50_check_section2_block1_clickability",
  "historyId" : "3859571638e9bbf85fd31e5492109e9c",
  "time" : {
    "start" : 1746408323220,
    "stop" : 1746408330002,
    "duration" : 6782
  },
  "description" : "This test checks if block 1 'home-pants' in section 2 in Promo Block under header is clickable",
  "descriptionHtml" : "<p>This test checks if block 1 'home-pants' in section 2 in Promo Block under header is clickable</p>\n",
  "status" : "broken",
  "statusMessage" : "selenium.common.exceptions.TimeoutException: Message: \nStacktrace:\n#0 0x558882a0975a <unknown>\n#1 0x5588824bc4b0 <unknown>\n#2 0x55888250d9b3 <unknown>\n#3 0x55888250dba1 <unknown>\n#4 0x55888255c1f4 <unknown>\n#5 0x5588825335bd <unknown>\n#6 0x5588825595e0 <unknown>\n#7 0x558882533363 <unknown>\n#8 0x5588824ffd63 <unknown>\n#9 0x5588825009c1 <unknown>\n#10 0x5588829cea6b <unknown>\n#11 0x5588829d2951 <unknown>\n#12 0x5588829b6b62 <unknown>\n#13 0x5588829d34c4 <unknown>\n#14 0x55888299b13f <unknown>\n#15 0x5588829f76f8 <unknown>\n#16 0x5588829f78d6 <unknown>\n#17 0x558882a085a6 <unknown>\n#18 0x7f7adb69caa4 <unknown>\n#19 0x7f7adb729c3c <unknown>",
  "statusTrace" : "self = <test_main_page.TestMainPage.TestPromoBlock object at 0x7fd8081f30e0>\ndriver = <selenium.webdriver.chrome.webdriver.WebDriver (session=\"8a735134118b20bf91056dd83229bd5d\")>\n\n    @allure.title(\"TC 13.01.50 - Check if block 1 'home-pants' in section 2 is clickable\"\n                  \"in the Promo Block on the main page\")\n    def test_tc_13_01_50_check_section2_block1_clickability(self, driver):\n        \"\"\"This test checks if block 1 'home-pants' in section 2 in Promo Block under header is clickable\"\"\"\n        page = PromoBlock(driver, MAIN_PAGE_URL)\n        page.open()\n>       section2_block1 = page.check_section2_block1_clickability()\n\ntests/test_main_page.py:645: \n_ _ _ _ _ _ _ _ _ _ _ _ _ _ _ _ _ _ _ _ _ _ _ _ _ _ _ _ _ _ _ _ _ _ _ _ _ _ _ _ \npages/main_page.py:328: in check_section2_block1_clickability\n    section2_block1 = self.element_is_clickable(self.locators.SECTION_2_BLOCK_1)\npages/base_page.py:81: in element_is_clickable\n    return wait(self.driver, timeout).until(EC.element_to_be_clickable(locator))\n_ _ _ _ _ _ _ _ _ _ _ _ _ _ _ _ _ _ _ _ _ _ _ _ _ _ _ _ _ _ _ _ _ _ _ _ _ _ _ _ \n\nself = <selenium.webdriver.support.wait.WebDriverWait (session=\"8a735134118b20bf91056dd83229bd5d\")>\nmethod = <function element_to_be_clickable.<locals>._predicate at 0x7fd807f41940>\nmessage = ''\n\n    def until(self, method, message: str = \"\"):\n        \"\"\"Calls the method provided with the driver as an argument until the \\\n        return value does not evaluate to ``False``.\n    \n        :param method: callable(WebDriver)\n        :param message: optional message for :exc:`TimeoutException`\n        :returns: the result of the last call to `method`\n        :raises: :exc:`selenium.common.exceptions.TimeoutException` if timeout occurs\n        \"\"\"\n        screen = None\n        stacktrace = None\n    \n        end_time = time.monotonic() + self._timeout\n        while True:\n            try:\n                value = method(self._driver)\n                if value:\n                    return value\n            except self._ignored_exceptions as exc:\n                screen = getattr(exc, \"screen\", None)\n                stacktrace = getattr(exc, \"stacktrace\", None)\n            time.sleep(self._poll)\n            if time.monotonic() > end_time:\n                break\n>       raise TimeoutException(message, screen, stacktrace)\nE       selenium.common.exceptions.TimeoutException: Message: \nE       Stacktrace:\nE       #0 0x558882a0975a <unknown>\nE       #1 0x5588824bc4b0 <unknown>\nE       #2 0x55888250d9b3 <unknown>\nE       #3 0x55888250dba1 <unknown>\nE       #4 0x55888255c1f4 <unknown>\nE       #5 0x5588825335bd <unknown>\nE       #6 0x5588825595e0 <unknown>\nE       #7 0x558882533363 <unknown>\nE       #8 0x5588824ffd63 <unknown>\nE       #9 0x5588825009c1 <unknown>\nE       #10 0x5588829cea6b <unknown>\nE       #11 0x5588829d2951 <unknown>\nE       #12 0x5588829b6b62 <unknown>\nE       #13 0x5588829d34c4 <unknown>\nE       #14 0x55888299b13f <unknown>\nE       #15 0x5588829f76f8 <unknown>\nE       #16 0x5588829f78d6 <unknown>\nE       #17 0x558882a085a6 <unknown>\nE       #18 0x7f7adb69caa4 <unknown>\nE       #19 0x7f7adb729c3c <unknown>\n\n/opt/hostedtoolcache/Python/3.12.3/x64/lib/python3.12/site-packages/selenium/webdriver/support/wait.py:95: TimeoutException",
  "flaky" : false,
  "newFailed" : false,
  "beforeStages" : [ {
    "name" : "_session_faker",
    "time" : {
      "start" : 1746407521298,
      "stop" : 1746407521371,
      "duration" : 73
    },
    "status" : "passed",
    "steps" : [ ],
    "attachments" : [ ],
    "parameters" : [ ],
    "stepsCount" : 0,
    "attachmentsCount" : 0,
    "shouldDisplayMessage" : false,
    "hasContent" : false
  }, {
    "name" : "clear_allure_result_folder",
    "time" : {
      "start" : 1746407521372,
      "stop" : 1746407521372,
      "duration" : 0
    },
    "status" : "passed",
    "steps" : [ ],
    "attachments" : [ ],
    "parameters" : [ ],
    "stepsCount" : 0,
    "attachmentsCount" : 0,
    "shouldDisplayMessage" : false,
    "hasContent" : false
  }, {
    "name" : "driver",
    "time" : {
      "start" : 1746408322024,
      "stop" : 1746408323220,
      "duration" : 1196
    },
    "status" : "passed",
    "steps" : [ ],
    "attachments" : [ ],
    "parameters" : [ ],
    "stepsCount" : 0,
    "attachmentsCount" : 0,
    "shouldDisplayMessage" : false,
    "hasContent" : false
  } ],
  "testStage" : {
    "description" : "This test checks if block 1 'home-pants' in section 2 in Promo Block under header is clickable",
    "status" : "broken",
    "statusMessage" : "selenium.common.exceptions.TimeoutException: Message: \nStacktrace:\n#0 0x558882a0975a <unknown>\n#1 0x5588824bc4b0 <unknown>\n#2 0x55888250d9b3 <unknown>\n#3 0x55888250dba1 <unknown>\n#4 0x55888255c1f4 <unknown>\n#5 0x5588825335bd <unknown>\n#6 0x5588825595e0 <unknown>\n#7 0x558882533363 <unknown>\n#8 0x5588824ffd63 <unknown>\n#9 0x5588825009c1 <unknown>\n#10 0x5588829cea6b <unknown>\n#11 0x5588829d2951 <unknown>\n#12 0x5588829b6b62 <unknown>\n#13 0x5588829d34c4 <unknown>\n#14 0x55888299b13f <unknown>\n#15 0x5588829f76f8 <unknown>\n#16 0x5588829f78d6 <unknown>\n#17 0x558882a085a6 <unknown>\n#18 0x7f7adb69caa4 <unknown>\n#19 0x7f7adb729c3c <unknown>",
    "statusTrace" : "self = <test_main_page.TestMainPage.TestPromoBlock object at 0x7fd8081f30e0>\ndriver = <selenium.webdriver.chrome.webdriver.WebDriver (session=\"8a735134118b20bf91056dd83229bd5d\")>\n\n    @allure.title(\"TC 13.01.50 - Check if block 1 'home-pants' in section 2 is clickable\"\n                  \"in the Promo Block on the main page\")\n    def test_tc_13_01_50_check_section2_block1_clickability(self, driver):\n        \"\"\"This test checks if block 1 'home-pants' in section 2 in Promo Block under header is clickable\"\"\"\n        page = PromoBlock(driver, MAIN_PAGE_URL)\n        page.open()\n>       section2_block1 = page.check_section2_block1_clickability()\n\ntests/test_main_page.py:645: \n_ _ _ _ _ _ _ _ _ _ _ _ _ _ _ _ _ _ _ _ _ _ _ _ _ _ _ _ _ _ _ _ _ _ _ _ _ _ _ _ \npages/main_page.py:328: in check_section2_block1_clickability\n    section2_block1 = self.element_is_clickable(self.locators.SECTION_2_BLOCK_1)\npages/base_page.py:81: in element_is_clickable\n    return wait(self.driver, timeout).until(EC.element_to_be_clickable(locator))\n_ _ _ _ _ _ _ _ _ _ _ _ _ _ _ _ _ _ _ _ _ _ _ _ _ _ _ _ _ _ _ _ _ _ _ _ _ _ _ _ \n\nself = <selenium.webdriver.support.wait.WebDriverWait (session=\"8a735134118b20bf91056dd83229bd5d\")>\nmethod = <function element_to_be_clickable.<locals>._predicate at 0x7fd807f41940>\nmessage = ''\n\n    def until(self, method, message: str = \"\"):\n        \"\"\"Calls the method provided with the driver as an argument until the \\\n        return value does not evaluate to ``False``.\n    \n        :param method: callable(WebDriver)\n        :param message: optional message for :exc:`TimeoutException`\n        :returns: the result of the last call to `method`\n        :raises: :exc:`selenium.common.exceptions.TimeoutException` if timeout occurs\n        \"\"\"\n        screen = None\n        stacktrace = None\n    \n        end_time = time.monotonic() + self._timeout\n        while True:\n            try:\n                value = method(self._driver)\n                if value:\n                    return value\n            except self._ignored_exceptions as exc:\n                screen = getattr(exc, \"screen\", None)\n                stacktrace = getattr(exc, \"stacktrace\", None)\n            time.sleep(self._poll)\n            if time.monotonic() > end_time:\n                break\n>       raise TimeoutException(message, screen, stacktrace)\nE       selenium.common.exceptions.TimeoutException: Message: \nE       Stacktrace:\nE       #0 0x558882a0975a <unknown>\nE       #1 0x5588824bc4b0 <unknown>\nE       #2 0x55888250d9b3 <unknown>\nE       #3 0x55888250dba1 <unknown>\nE       #4 0x55888255c1f4 <unknown>\nE       #5 0x5588825335bd <unknown>\nE       #6 0x5588825595e0 <unknown>\nE       #7 0x558882533363 <unknown>\nE       #8 0x5588824ffd63 <unknown>\nE       #9 0x5588825009c1 <unknown>\nE       #10 0x5588829cea6b <unknown>\nE       #11 0x5588829d2951 <unknown>\nE       #12 0x5588829b6b62 <unknown>\nE       #13 0x5588829d34c4 <unknown>\nE       #14 0x55888299b13f <unknown>\nE       #15 0x5588829f76f8 <unknown>\nE       #16 0x5588829f78d6 <unknown>\nE       #17 0x558882a085a6 <unknown>\nE       #18 0x7f7adb69caa4 <unknown>\nE       #19 0x7f7adb729c3c <unknown>\n\n/opt/hostedtoolcache/Python/3.12.3/x64/lib/python3.12/site-packages/selenium/webdriver/support/wait.py:95: TimeoutException",
    "steps" : [ {
      "name" : "Open a browser",
      "time" : {
        "start" : 1746408323220,
        "stop" : 1746408324221,
        "duration" : 1001
      },
      "status" : "passed",
      "steps" : [ ],
      "attachments" : [ ],
      "parameters" : [ ],
      "stepsCount" : 0,
      "attachmentsCount" : 0,
      "shouldDisplayMessage" : false,
      "hasContent" : false
    }, {
      "name" : "Check clickability of the block 1 'home-pants' in the section 2 in the Promo Block",
      "time" : {
        "start" : 1746408324222,
        "stop" : 1746408330002,
        "duration" : 5780
      },
      "status" : "broken",
      "statusMessage" : "selenium.common.exceptions.TimeoutException: Message: \nStacktrace:\n#0 0x558882a0975a <unknown>\n#1 0x5588824bc4b0 <unknown>\n#2 0x55888250d9b3 <unknown>\n#3 0x55888250dba1 <unknown>\n#4 0x55888255c1f4 <unknown>\n#5 0x5588825335bd <unknown>\n#6 0x5588825595e0 <unknown>\n#7 0x558882533363 <unknown>\n#8 0x5588824ffd63 <unknown>\n#9 0x5588825009c1 <unknown>\n#10 0x5588829cea6b <unknown>\n#11 0x5588829d2951 <unknown>\n#12 0x5588829b6b62 <unknown>\n#13 0x5588829d34c4 <unknown>\n#14 0x55888299b13f <unknown>\n#15 0x5588829f76f8 <unknown>\n#16 0x5588829f78d6 <unknown>\n#17 0x558882a085a6 <unknown>\n#18 0x7f7adb69caa4 <unknown>\n#19 0x7f7adb729c3c <unknown>\n\n",
      "statusTrace" : "  File \"/opt/hostedtoolcache/Python/3.12.3/x64/lib/python3.12/site-packages/allure_commons/_allure.py\", line 192, in impl\n    return func(*a, **kw)\n           ^^^^^^^^^^^^^^\n  File \"/home/runner/work/luma_project/luma_project/pages/main_page.py\", line 328, in check_section2_block1_clickability\n    section2_block1 = self.element_is_clickable(self.locators.SECTION_2_BLOCK_1)\n                      ^^^^^^^^^^^^^^^^^^^^^^^^^^^^^^^^^^^^^^^^^^^^^^^^^^^^^^^^^^\n  File \"/opt/hostedtoolcache/Python/3.12.3/x64/lib/python3.12/site-packages/allure_commons/_allure.py\", line 192, in impl\n    return func(*a, **kw)\n           ^^^^^^^^^^^^^^\n  File \"/home/runner/work/luma_project/luma_project/pages/base_page.py\", line 81, in element_is_clickable\n    return wait(self.driver, timeout).until(EC.element_to_be_clickable(locator))\n           ^^^^^^^^^^^^^^^^^^^^^^^^^^^^^^^^^^^^^^^^^^^^^^^^^^^^^^^^^^^^^^^^^^^^^\n  File \"/opt/hostedtoolcache/Python/3.12.3/x64/lib/python3.12/site-packages/selenium/webdriver/support/wait.py\", line 95, in until\n    raise TimeoutException(message, screen, stacktrace)\n",
      "steps" : [ {
        "name" : "Find clickable elements",
        "time" : {
          "start" : 1746408324222,
          "stop" : 1746408330001,
          "duration" : 5779
        },
        "status" : "broken",
        "statusMessage" : "selenium.common.exceptions.TimeoutException: Message: \nStacktrace:\n#0 0x558882a0975a <unknown>\n#1 0x5588824bc4b0 <unknown>\n#2 0x55888250d9b3 <unknown>\n#3 0x55888250dba1 <unknown>\n#4 0x55888255c1f4 <unknown>\n#5 0x5588825335bd <unknown>\n#6 0x5588825595e0 <unknown>\n#7 0x558882533363 <unknown>\n#8 0x5588824ffd63 <unknown>\n#9 0x5588825009c1 <unknown>\n#10 0x5588829cea6b <unknown>\n#11 0x5588829d2951 <unknown>\n#12 0x5588829b6b62 <unknown>\n#13 0x5588829d34c4 <unknown>\n#14 0x55888299b13f <unknown>\n#15 0x5588829f76f8 <unknown>\n#16 0x5588829f78d6 <unknown>\n#17 0x558882a085a6 <unknown>\n#18 0x7f7adb69caa4 <unknown>\n#19 0x7f7adb729c3c <unknown>\n\n",
        "statusTrace" : "  File \"/opt/hostedtoolcache/Python/3.12.3/x64/lib/python3.12/site-packages/allure_commons/_allure.py\", line 192, in impl\n    return func(*a, **kw)\n           ^^^^^^^^^^^^^^\n  File \"/home/runner/work/luma_project/luma_project/pages/base_page.py\", line 81, in element_is_clickable\n    return wait(self.driver, timeout).until(EC.element_to_be_clickable(locator))\n           ^^^^^^^^^^^^^^^^^^^^^^^^^^^^^^^^^^^^^^^^^^^^^^^^^^^^^^^^^^^^^^^^^^^^^\n  File \"/opt/hostedtoolcache/Python/3.12.3/x64/lib/python3.12/site-packages/selenium/webdriver/support/wait.py\", line 95, in until\n    raise TimeoutException(message, screen, stacktrace)\n",
        "steps" : [ ],
        "attachments" : [ ],
        "parameters" : [ {
          "name" : "locator",
          "value" : "('css selector', '.home-pants')"
        }, {
          "name" : "timeout",
          "value" : "5"
        } ],
        "stepsCount" : 0,
        "attachmentsCount" : 0,
        "shouldDisplayMessage" : true,
        "hasContent" : true
      } ],
      "attachments" : [ ],
      "parameters" : [ ],
      "stepsCount" : 1,
      "attachmentsCount" : 0,
      "shouldDisplayMessage" : false,
      "hasContent" : true
    } ],
    "attachments" : [ {
      "uid" : "912577fbe1229197",
      "name" : "Screenshot",
      "source" : "912577fbe1229197.png",
      "type" : "image/png",
      "size" : 549116
    }, {
      "uid" : "7bd4bfec24ff5bd3",
      "name" : "HTML source",
      "source" : "7bd4bfec24ff5bd3.html",
      "type" : "text/html",
      "size" : 145069
    } ],
    "parameters" : [ ],
    "stepsCount" : 3,
    "attachmentsCount" : 2,
    "shouldDisplayMessage" : true,
    "hasContent" : true
  },
  "afterStages" : [ {
    "name" : "clear_allure_result_folder::0",
    "time" : {
      "start" : 1746408967305,
      "stop" : 1746408967305,
      "duration" : 0
    },
    "status" : "passed",
    "steps" : [ ],
    "attachments" : [ ],
    "parameters" : [ ],
    "stepsCount" : 0,
    "attachmentsCount" : 0,
    "shouldDisplayMessage" : false,
    "hasContent" : false
  }, {
    "name" : "driver::0",
    "time" : {
      "start" : 1746408330478,
      "stop" : 1746408330624,
      "duration" : 146
    },
    "status" : "passed",
    "steps" : [ ],
    "attachments" : [ ],
    "parameters" : [ ],
    "stepsCount" : 0,
    "attachmentsCount" : 0,
    "shouldDisplayMessage" : false,
    "hasContent" : false
  } ],
  "labels" : [ {
    "name" : "feature",
    "value" : "Promo Block Testing"
  }, {
    "name" : "epic",
    "value" : "Main Page"
  }, {
    "name" : "parentSuite",
    "value" : "tests"
  }, {
    "name" : "suite",
    "value" : "test_main_page"
  }, {
    "name" : "subSuite",
    "value" : "TestMainPage"
  }, {
    "name" : "host",
    "value" : "fv-az791-218"
  }, {
    "name" : "thread",
    "value" : "3054-MainThread"
  }, {
    "name" : "framework",
    "value" : "pytest"
  }, {
    "name" : "language",
    "value" : "cpython3"
  }, {
    "name" : "package",
    "value" : "tests.test_main_page"
  }, {
    "name" : "resultFormat",
    "value" : "allure2"
  } ],
  "parameters" : [ ],
  "links" : [ ],
  "hidden" : false,
  "retry" : false,
  "extra" : {
    "severity" : "normal",
    "retries" : [ ],
    "categories" : [ {
      "name" : "Test defects",
      "matchedStatuses" : [ ],
      "flaky" : false
    } ],
    "tags" : [ ]
  },
  "source" : "74185abf0d82825.json",
  "parameterValues" : [ ]
}