{
  "uid" : "7a09c3144d1d7051",
  "name" : "tc 07.02.22 Verify subtotal in Summury Card: subtotal = price * qty and displayed correctly.",
  "fullName" : "tests.test_shopping_cart.TestShoppingCartFull#test_tc_07_02_22_verify_subtotal_displayed_correctly_in_summary_card",
  "historyId" : "a2797fdcb251487a396e7395ba0413f5",
  "time" : {
    "start" : 1760319786214,
    "stop" : 1760319786214,
    "duration" : 0
  },
  "description" : "Verify subtotal in summary: subtotal = price * qty and displayed correctly.",
  "descriptionHtml" : "<p>Verify subtotal in summary: subtotal = price * qty and displayed correctly.</p>\n",
  "status" : "broken",
  "statusMessage" : "selenium.common.exceptions.TimeoutException: Message: \nStacktrace:\n#0 0x55a97fd13fba <unknown>\n#1 0x55a97f7986d0 <unknown>\n#2 0x55a97f7ea2aa <unknown>\n#3 0x55a97f7ea541 <unknown>\n#4 0x55a97f8386c4 <unknown>\n#5 0x55a97f80fe5d <unknown>\n#6 0x55a97f835b54 <unknown>\n#7 0x55a97f80fc03 <unknown>\n#8 0x55a97f7dc7a8 <unknown>\n#9 0x55a97f7dd421 <unknown>\n#10 0x55a97fcd8b28 <unknown>\n#11 0x55a97fcdc87f <unknown>\n#12 0x55a97fcc0c49 <unknown>\n#13 0x55a97fcdd405 <unknown>\n#14 0x55a97fca64ff <unknown>\n#15 0x55a97fd01258 <unknown>\n#16 0x55a97fd01432 <unknown>\n#17 0x55a97fd12fa3 <unknown>\n#18 0x7f3ce629caa4 <unknown>\n#19 0x7f3ce6329c6c <unknown>",
  "statusTrace" : "driver = <selenium.webdriver.chrome.webdriver.WebDriver (session=\"8543c8d29812168fa09f72669f682325\")>\n\n    @pytest.fixture(scope=\"function\")\n    def full_cart_page(driver):\n        driver.get(ITEM_CART_URL)\n>       size_button = wait(driver, 5).until(EC.presence_of_element_located(shopping_locators.SIZE_BUTTON))\n\ntests/test_shopping_cart.py:13: \n_ _ _ _ _ _ _ _ _ _ _ _ _ _ _ _ _ _ _ _ _ _ _ _ _ _ _ _ _ _ _ _ _ _ _ _ _ _ _ _ \n\nself = <selenium.webdriver.support.wait.WebDriverWait (session=\"8543c8d29812168fa09f72669f682325\")>\nmethod = <function presence_of_element_located.<locals>._predicate at 0x7f42052eefc0>\nmessage = ''\n\n    def until(self, method, message: str = \"\"):\n        \"\"\"Calls the method provided with the driver as an argument until the \\\n        return value does not evaluate to ``False``.\n    \n        :param method: callable(WebDriver)\n        :param message: optional message for :exc:`TimeoutException`\n        :returns: the result of the last call to `method`\n        :raises: :exc:`selenium.common.exceptions.TimeoutException` if timeout occurs\n        \"\"\"\n        screen = None\n        stacktrace = None\n    \n        end_time = time.monotonic() + self._timeout\n        while True:\n            try:\n                value = method(self._driver)\n                if value:\n                    return value\n            except self._ignored_exceptions as exc:\n                screen = getattr(exc, \"screen\", None)\n                stacktrace = getattr(exc, \"stacktrace\", None)\n            time.sleep(self._poll)\n            if time.monotonic() > end_time:\n                break\n>       raise TimeoutException(message, screen, stacktrace)\nE       selenium.common.exceptions.TimeoutException: Message: \nE       Stacktrace:\nE       #0 0x55a97fd13fba <unknown>\nE       #1 0x55a97f7986d0 <unknown>\nE       #2 0x55a97f7ea2aa <unknown>\nE       #3 0x55a97f7ea541 <unknown>\nE       #4 0x55a97f8386c4 <unknown>\nE       #5 0x55a97f80fe5d <unknown>\nE       #6 0x55a97f835b54 <unknown>\nE       #7 0x55a97f80fc03 <unknown>\nE       #8 0x55a97f7dc7a8 <unknown>\nE       #9 0x55a97f7dd421 <unknown>\nE       #10 0x55a97fcd8b28 <unknown>\nE       #11 0x55a97fcdc87f <unknown>\nE       #12 0x55a97fcc0c49 <unknown>\nE       #13 0x55a97fcdd405 <unknown>\nE       #14 0x55a97fca64ff <unknown>\nE       #15 0x55a97fd01258 <unknown>\nE       #16 0x55a97fd01432 <unknown>\nE       #17 0x55a97fd12fa3 <unknown>\nE       #18 0x7f3ce629caa4 <unknown>\nE       #19 0x7f3ce6329c6c <unknown>\n\n/opt/hostedtoolcache/Python/3.12.3/x64/lib/python3.12/site-packages/selenium/webdriver/support/wait.py:95: TimeoutException",
  "flaky" : false,
  "newFailed" : false,
  "beforeStages" : [ {
    "name" : "driver",
    "time" : {
      "start" : 1760319786214,
      "stop" : 1760319787466,
      "duration" : 1252
    },
    "status" : "passed",
    "steps" : [ ],
    "attachments" : [ ],
    "parameters" : [ ],
    "stepsCount" : 0,
    "attachmentsCount" : 0,
    "shouldDisplayMessage" : false,
    "hasContent" : false
  }, {
    "name" : "clear_allure_result_folder",
    "time" : {
      "start" : 1760317852254,
      "stop" : 1760317852255,
      "duration" : 1
    },
    "status" : "passed",
    "steps" : [ ],
    "attachments" : [ ],
    "parameters" : [ ],
    "stepsCount" : 0,
    "attachmentsCount" : 0,
    "shouldDisplayMessage" : false,
    "hasContent" : false
  }, {
    "name" : "full_cart_page",
    "time" : {
      "start" : 1760319787466,
      "stop" : 1760319792841,
      "duration" : 5375
    },
    "status" : "broken",
    "statusMessage" : "selenium.common.exceptions.TimeoutException: Message: \nStacktrace:\n#0 0x55a97fd13fba <unknown>\n#1 0x55a97f7986d0 <unknown>\n#2 0x55a97f7ea2aa <unknown>\n#3 0x55a97f7ea541 <unknown>\n#4 0x55a97f8386c4 <unknown>\n#5 0x55a97f80fe5d <unknown>\n#6 0x55a97f835b54 <unknown>\n#7 0x55a97f80fc03 <unknown>\n#8 0x55a97f7dc7a8 <unknown>\n#9 0x55a97f7dd421 <unknown>\n#10 0x55a97fcd8b28 <unknown>\n#11 0x55a97fcdc87f <unknown>\n#12 0x55a97fcc0c49 <unknown>\n#13 0x55a97fcdd405 <unknown>\n#14 0x55a97fca64ff <unknown>\n#15 0x55a97fd01258 <unknown>\n#16 0x55a97fd01432 <unknown>\n#17 0x55a97fd12fa3 <unknown>\n#18 0x7f3ce629caa4 <unknown>\n#19 0x7f3ce6329c6c <unknown>\n\n",
    "statusTrace" : "  File \"/opt/hostedtoolcache/Python/3.12.3/x64/lib/python3.12/site-packages/pluggy/_callers.py\", line 38, in run_old_style_hookwrapper\n    res = yield\n          ^^^^^\n  File \"/opt/hostedtoolcache/Python/3.12.3/x64/lib/python3.12/site-packages/pluggy/_callers.py\", line 139, in _multicall\n    teardown.throw(exception)\n  File \"/opt/hostedtoolcache/Python/3.12.3/x64/lib/python3.12/site-packages/pluggy/_callers.py\", line 53, in run_old_style_hookwrapper\n    return result.get_result()\n           ^^^^^^^^^^^^^^^^^^^\n  File \"/opt/hostedtoolcache/Python/3.12.3/x64/lib/python3.12/site-packages/pluggy/_result.py\", line 103, in get_result\n    raise exc.with_traceback(tb)\n  File \"/opt/hostedtoolcache/Python/3.12.3/x64/lib/python3.12/site-packages/pluggy/_callers.py\", line 38, in run_old_style_hookwrapper\n    res = yield\n          ^^^^^\n  File \"/opt/hostedtoolcache/Python/3.12.3/x64/lib/python3.12/site-packages/pluggy/_callers.py\", line 121, in _multicall\n    res = hook_impl.function(*args)\n          ^^^^^^^^^^^^^^^^^^^^^^^^^\n  File \"/opt/hostedtoolcache/Python/3.12.3/x64/lib/python3.12/site-packages/_pytest/fixtures.py\", line 1123, in pytest_fixture_setup\n    result = call_fixture_func(fixturefunc, request, kwargs)\n             ^^^^^^^^^^^^^^^^^^^^^^^^^^^^^^^^^^^^^^^^^^^^^^^\n  File \"/opt/hostedtoolcache/Python/3.12.3/x64/lib/python3.12/site-packages/_pytest/fixtures.py\", line 902, in call_fixture_func\n    fixture_result = fixturefunc(**kwargs)\n                     ^^^^^^^^^^^^^^^^^^^^^\n  File \"/home/runner/work/luma_project/luma_project/tests/test_shopping_cart.py\", line 13, in full_cart_page\n    size_button = wait(driver, 5).until(EC.presence_of_element_located(shopping_locators.SIZE_BUTTON))\n                  ^^^^^^^^^^^^^^^^^^^^^^^^^^^^^^^^^^^^^^^^^^^^^^^^^^^^^^^^^^^^^^^^^^^^^^^^^^^^^^^^^^^^\n  File \"/opt/hostedtoolcache/Python/3.12.3/x64/lib/python3.12/site-packages/selenium/webdriver/support/wait.py\", line 95, in until\n    raise TimeoutException(message, screen, stacktrace)\n",
    "steps" : [ ],
    "attachments" : [ ],
    "parameters" : [ ],
    "stepsCount" : 0,
    "attachmentsCount" : 0,
    "shouldDisplayMessage" : true,
    "hasContent" : true
  }, {
    "name" : "_session_faker",
    "time" : {
      "start" : 1760317852186,
      "stop" : 1760317852254,
      "duration" : 68
    },
    "status" : "passed",
    "steps" : [ ],
    "attachments" : [ ],
    "parameters" : [ ],
    "stepsCount" : 0,
    "attachmentsCount" : 0,
    "shouldDisplayMessage" : false,
    "hasContent" : false
  } ],
  "afterStages" : [ {
    "name" : "driver::0",
    "time" : {
      "start" : 1760319792850,
      "stop" : 1760319792910,
      "duration" : 60
    },
    "status" : "passed",
    "steps" : [ ],
    "attachments" : [ ],
    "parameters" : [ ],
    "stepsCount" : 0,
    "attachmentsCount" : 0,
    "shouldDisplayMessage" : false,
    "hasContent" : false
  }, {
    "name" : "clear_allure_result_folder::0",
    "time" : {
      "start" : 1760320278816,
      "stop" : 1760320278816,
      "duration" : 0
    },
    "status" : "passed",
    "steps" : [ ],
    "attachments" : [ ],
    "parameters" : [ ],
    "stepsCount" : 0,
    "attachmentsCount" : 0,
    "shouldDisplayMessage" : false,
    "hasContent" : false
  } ],
  "labels" : [ {
    "name" : "feature",
    "value" : "Shopping Cart is full"
  }, {
    "name" : "parentSuite",
    "value" : "tests"
  }, {
    "name" : "suite",
    "value" : "test_shopping_cart"
  }, {
    "name" : "subSuite",
    "value" : "TestShoppingCartFull"
  }, {
    "name" : "host",
    "value" : "runnervmwhb2z"
  }, {
    "name" : "thread",
    "value" : "3004-MainThread"
  }, {
    "name" : "framework",
    "value" : "pytest"
  }, {
    "name" : "language",
    "value" : "cpython3"
  }, {
    "name" : "package",
    "value" : "tests.test_shopping_cart"
  }, {
    "name" : "resultFormat",
    "value" : "allure2"
  } ],
  "parameters" : [ ],
  "links" : [ ],
  "hidden" : false,
  "retry" : false,
  "extra" : {
    "severity" : "normal",
    "retries" : [ ],
    "categories" : [ {
      "name" : "Test defects",
      "matchedStatuses" : [ ],
      "flaky" : false
    } ],
    "tags" : [ ]
  },
  "source" : "7a09c3144d1d7051.json",
  "parameterValues" : [ ]
}