{
  "uid" : "7c2313482d1a36d",
  "name" : "TC 16.01.06 Verify Sidebar panel title My Wish List is visible and contains text 'My Wish List'",
  "fullName" : "tests.test_training.TestTrainingSidebar#test_tc_16_01_06_check_sidebar_my_wish_list",
  "historyId" : "d83b6ed2b0ade266e7c6a7787c1cb280",
  "time" : {
    "start" : 1757296101888,
    "stop" : 1757296107009,
    "duration" : 5121
  },
  "description" : "Check Sidebar Category title has correct text and is visible",
  "descriptionHtml" : "<p>Check Sidebar Category title has correct text and is visible</p>\n",
  "status" : "broken",
  "statusMessage" : "selenium.common.exceptions.TimeoutException: Message: \nStacktrace:\n#0 0x55bc87ed608a <unknown>\n#1 0x55bc87975a70 <unknown>\n#2 0x55bc879c7907 <unknown>\n#3 0x55bc879c7b01 <unknown>\n#4 0x55bc87a15d54 <unknown>\n#5 0x55bc879ed40d <unknown>\n#6 0x55bc87a1314f <unknown>\n#7 0x55bc879ed1b3 <unknown>\n#8 0x55bc879b959b <unknown>\n#9 0x55bc879ba971 <unknown>\n#10 0x55bc87e9b25b <unknown>\n#11 0x55bc87e9efa9 <unknown>\n#12 0x55bc87e82339 <unknown>\n#13 0x55bc87e9fb58 <unknown>\n#14 0x55bc87e66c1f <unknown>\n#15 0x55bc87ec3118 <unknown>\n#16 0x55bc87ec32f6 <unknown>\n#17 0x55bc87ed5066 <unknown>\n#18 0x7fbd46e9caa4 <unknown>\n#19 0x7fbd46f29c3c <unknown>",
  "statusTrace" : "self = <test_training.TestMainPage.TestTrainingSidebar object at 0x7f430ec8e870>\ntraining_page = <pages.training_page.TrainingPage object at 0x7f430eb73ce0>\n\n    @allure.title(\"TC 16.01.06 Verify Sidebar panel title My Wish List is visible and contains text 'My Wish List'\")\n    def test_tc_16_01_06_check_sidebar_my_wish_list(self, training_page):\n        \"\"\"Check Sidebar Category title has correct text and is visible\"\"\"\n>       title = training_page.check_sidebar_panel_my_wish_list()\n\ntests/test_training.py:54: \n_ _ _ _ _ _ _ _ _ _ _ _ _ _ _ _ _ _ _ _ _ _ _ _ _ _ _ _ _ _ _ _ _ _ _ _ _ _ _ _ \npages/training_page.py:49: in check_sidebar_panel_my_wish_list\n    my_wish_list = self.element_is_visible(self.locators.MY_WISH_LIST)\npages/base_page.py:30: in element_is_visible\n    self.go_to_element(self.element_is_present(locator))\npages/base_page.py:51: in element_is_present\n    return wait(self.driver, timeout).until(EC.presence_of_element_located(locator))\n_ _ _ _ _ _ _ _ _ _ _ _ _ _ _ _ _ _ _ _ _ _ _ _ _ _ _ _ _ _ _ _ _ _ _ _ _ _ _ _ \n\nself = <selenium.webdriver.support.wait.WebDriverWait (session=\"e8ff363ea19c306bd3273f2d31d89688\")>\nmethod = <function presence_of_element_located.<locals>._predicate at 0x7f430e9419e0>\nmessage = ''\n\n    def until(self, method, message: str = \"\"):\n        \"\"\"Calls the method provided with the driver as an argument until the \\\n        return value does not evaluate to ``False``.\n    \n        :param method: callable(WebDriver)\n        :param message: optional message for :exc:`TimeoutException`\n        :returns: the result of the last call to `method`\n        :raises: :exc:`selenium.common.exceptions.TimeoutException` if timeout occurs\n        \"\"\"\n        screen = None\n        stacktrace = None\n    \n        end_time = time.monotonic() + self._timeout\n        while True:\n            try:\n                value = method(self._driver)\n                if value:\n                    return value\n            except self._ignored_exceptions as exc:\n                screen = getattr(exc, \"screen\", None)\n                stacktrace = getattr(exc, \"stacktrace\", None)\n            time.sleep(self._poll)\n            if time.monotonic() > end_time:\n                break\n>       raise TimeoutException(message, screen, stacktrace)\nE       selenium.common.exceptions.TimeoutException: Message: \nE       Stacktrace:\nE       #0 0x55bc87ed608a <unknown>\nE       #1 0x55bc87975a70 <unknown>\nE       #2 0x55bc879c7907 <unknown>\nE       #3 0x55bc879c7b01 <unknown>\nE       #4 0x55bc87a15d54 <unknown>\nE       #5 0x55bc879ed40d <unknown>\nE       #6 0x55bc87a1314f <unknown>\nE       #7 0x55bc879ed1b3 <unknown>\nE       #8 0x55bc879b959b <unknown>\nE       #9 0x55bc879ba971 <unknown>\nE       #10 0x55bc87e9b25b <unknown>\nE       #11 0x55bc87e9efa9 <unknown>\nE       #12 0x55bc87e82339 <unknown>\nE       #13 0x55bc87e9fb58 <unknown>\nE       #14 0x55bc87e66c1f <unknown>\nE       #15 0x55bc87ec3118 <unknown>\nE       #16 0x55bc87ec32f6 <unknown>\nE       #17 0x55bc87ed5066 <unknown>\nE       #18 0x7fbd46e9caa4 <unknown>\nE       #19 0x7fbd46f29c3c <unknown>\n\n/opt/hostedtoolcache/Python/3.12.3/x64/lib/python3.12/site-packages/selenium/webdriver/support/wait.py:95: TimeoutException",
  "flaky" : false,
  "newFailed" : false,
  "beforeStages" : [ {
    "name" : "driver",
    "time" : {
      "start" : 1757296100360,
      "stop" : 1757296101597,
      "duration" : 1237
    },
    "status" : "passed",
    "steps" : [ ],
    "attachments" : [ ],
    "parameters" : [ ],
    "stepsCount" : 0,
    "attachmentsCount" : 0,
    "shouldDisplayMessage" : false,
    "hasContent" : false
  }, {
    "name" : "_session_faker",
    "time" : {
      "start" : 1757293755437,
      "stop" : 1757293755504,
      "duration" : 67
    },
    "status" : "passed",
    "steps" : [ ],
    "attachments" : [ ],
    "parameters" : [ ],
    "stepsCount" : 0,
    "attachmentsCount" : 0,
    "shouldDisplayMessage" : false,
    "hasContent" : false
  }, {
    "name" : "training_page",
    "time" : {
      "start" : 1757296101597,
      "stop" : 1757296101888,
      "duration" : 291
    },
    "status" : "passed",
    "steps" : [ {
      "name" : "Open a browser",
      "time" : {
        "start" : 1757296101597,
        "stop" : 1757296101888,
        "duration" : 291
      },
      "status" : "passed",
      "steps" : [ ],
      "attachments" : [ ],
      "parameters" : [ ],
      "stepsCount" : 0,
      "attachmentsCount" : 0,
      "shouldDisplayMessage" : false,
      "hasContent" : false
    } ],
    "attachments" : [ ],
    "parameters" : [ ],
    "stepsCount" : 1,
    "attachmentsCount" : 0,
    "shouldDisplayMessage" : false,
    "hasContent" : true
  }, {
    "name" : "clear_allure_result_folder",
    "time" : {
      "start" : 1757293755504,
      "stop" : 1757293755504,
      "duration" : 0
    },
    "status" : "passed",
    "steps" : [ ],
    "attachments" : [ ],
    "parameters" : [ ],
    "stepsCount" : 0,
    "attachmentsCount" : 0,
    "shouldDisplayMessage" : false,
    "hasContent" : false
  } ],
  "testStage" : {
    "description" : "Check Sidebar Category title has correct text and is visible",
    "status" : "broken",
    "statusMessage" : "selenium.common.exceptions.TimeoutException: Message: \nStacktrace:\n#0 0x55bc87ed608a <unknown>\n#1 0x55bc87975a70 <unknown>\n#2 0x55bc879c7907 <unknown>\n#3 0x55bc879c7b01 <unknown>\n#4 0x55bc87a15d54 <unknown>\n#5 0x55bc879ed40d <unknown>\n#6 0x55bc87a1314f <unknown>\n#7 0x55bc879ed1b3 <unknown>\n#8 0x55bc879b959b <unknown>\n#9 0x55bc879ba971 <unknown>\n#10 0x55bc87e9b25b <unknown>\n#11 0x55bc87e9efa9 <unknown>\n#12 0x55bc87e82339 <unknown>\n#13 0x55bc87e9fb58 <unknown>\n#14 0x55bc87e66c1f <unknown>\n#15 0x55bc87ec3118 <unknown>\n#16 0x55bc87ec32f6 <unknown>\n#17 0x55bc87ed5066 <unknown>\n#18 0x7fbd46e9caa4 <unknown>\n#19 0x7fbd46f29c3c <unknown>",
    "statusTrace" : "self = <test_training.TestMainPage.TestTrainingSidebar object at 0x7f430ec8e870>\ntraining_page = <pages.training_page.TrainingPage object at 0x7f430eb73ce0>\n\n    @allure.title(\"TC 16.01.06 Verify Sidebar panel title My Wish List is visible and contains text 'My Wish List'\")\n    def test_tc_16_01_06_check_sidebar_my_wish_list(self, training_page):\n        \"\"\"Check Sidebar Category title has correct text and is visible\"\"\"\n>       title = training_page.check_sidebar_panel_my_wish_list()\n\ntests/test_training.py:54: \n_ _ _ _ _ _ _ _ _ _ _ _ _ _ _ _ _ _ _ _ _ _ _ _ _ _ _ _ _ _ _ _ _ _ _ _ _ _ _ _ \npages/training_page.py:49: in check_sidebar_panel_my_wish_list\n    my_wish_list = self.element_is_visible(self.locators.MY_WISH_LIST)\npages/base_page.py:30: in element_is_visible\n    self.go_to_element(self.element_is_present(locator))\npages/base_page.py:51: in element_is_present\n    return wait(self.driver, timeout).until(EC.presence_of_element_located(locator))\n_ _ _ _ _ _ _ _ _ _ _ _ _ _ _ _ _ _ _ _ _ _ _ _ _ _ _ _ _ _ _ _ _ _ _ _ _ _ _ _ \n\nself = <selenium.webdriver.support.wait.WebDriverWait (session=\"e8ff363ea19c306bd3273f2d31d89688\")>\nmethod = <function presence_of_element_located.<locals>._predicate at 0x7f430e9419e0>\nmessage = ''\n\n    def until(self, method, message: str = \"\"):\n        \"\"\"Calls the method provided with the driver as an argument until the \\\n        return value does not evaluate to ``False``.\n    \n        :param method: callable(WebDriver)\n        :param message: optional message for :exc:`TimeoutException`\n        :returns: the result of the last call to `method`\n        :raises: :exc:`selenium.common.exceptions.TimeoutException` if timeout occurs\n        \"\"\"\n        screen = None\n        stacktrace = None\n    \n        end_time = time.monotonic() + self._timeout\n        while True:\n            try:\n                value = method(self._driver)\n                if value:\n                    return value\n            except self._ignored_exceptions as exc:\n                screen = getattr(exc, \"screen\", None)\n                stacktrace = getattr(exc, \"stacktrace\", None)\n            time.sleep(self._poll)\n            if time.monotonic() > end_time:\n                break\n>       raise TimeoutException(message, screen, stacktrace)\nE       selenium.common.exceptions.TimeoutException: Message: \nE       Stacktrace:\nE       #0 0x55bc87ed608a <unknown>\nE       #1 0x55bc87975a70 <unknown>\nE       #2 0x55bc879c7907 <unknown>\nE       #3 0x55bc879c7b01 <unknown>\nE       #4 0x55bc87a15d54 <unknown>\nE       #5 0x55bc879ed40d <unknown>\nE       #6 0x55bc87a1314f <unknown>\nE       #7 0x55bc879ed1b3 <unknown>\nE       #8 0x55bc879b959b <unknown>\nE       #9 0x55bc879ba971 <unknown>\nE       #10 0x55bc87e9b25b <unknown>\nE       #11 0x55bc87e9efa9 <unknown>\nE       #12 0x55bc87e82339 <unknown>\nE       #13 0x55bc87e9fb58 <unknown>\nE       #14 0x55bc87e66c1f <unknown>\nE       #15 0x55bc87ec3118 <unknown>\nE       #16 0x55bc87ec32f6 <unknown>\nE       #17 0x55bc87ed5066 <unknown>\nE       #18 0x7fbd46e9caa4 <unknown>\nE       #19 0x7fbd46f29c3c <unknown>\n\n/opt/hostedtoolcache/Python/3.12.3/x64/lib/python3.12/site-packages/selenium/webdriver/support/wait.py:95: TimeoutException",
    "steps" : [ {
      "name" : "Check the Sidebar My Wish List is visible and contains text \"My Wish List\"",
      "time" : {
        "start" : 1757296101888,
        "stop" : 1757296107008,
        "duration" : 5120
      },
      "status" : "broken",
      "statusMessage" : "selenium.common.exceptions.TimeoutException: Message: \nStacktrace:\n#0 0x55bc87ed608a <unknown>\n#1 0x55bc87975a70 <unknown>\n#2 0x55bc879c7907 <unknown>\n#3 0x55bc879c7b01 <unknown>\n#4 0x55bc87a15d54 <unknown>\n#5 0x55bc879ed40d <unknown>\n#6 0x55bc87a1314f <unknown>\n#7 0x55bc879ed1b3 <unknown>\n#8 0x55bc879b959b <unknown>\n#9 0x55bc879ba971 <unknown>\n#10 0x55bc87e9b25b <unknown>\n#11 0x55bc87e9efa9 <unknown>\n#12 0x55bc87e82339 <unknown>\n#13 0x55bc87e9fb58 <unknown>\n#14 0x55bc87e66c1f <unknown>\n#15 0x55bc87ec3118 <unknown>\n#16 0x55bc87ec32f6 <unknown>\n#17 0x55bc87ed5066 <unknown>\n#18 0x7fbd46e9caa4 <unknown>\n#19 0x7fbd46f29c3c <unknown>\n\n",
      "statusTrace" : "  File \"/opt/hostedtoolcache/Python/3.12.3/x64/lib/python3.12/site-packages/allure_commons/_allure.py\", line 192, in impl\n    return func(*a, **kw)\n           ^^^^^^^^^^^^^^\n  File \"/home/runner/work/luma_project/luma_project/pages/training_page.py\", line 49, in check_sidebar_panel_my_wish_list\n    my_wish_list = self.element_is_visible(self.locators.MY_WISH_LIST)\n                   ^^^^^^^^^^^^^^^^^^^^^^^^^^^^^^^^^^^^^^^^^^^^^^^^^^^\n  File \"/opt/hostedtoolcache/Python/3.12.3/x64/lib/python3.12/site-packages/allure_commons/_allure.py\", line 192, in impl\n    return func(*a, **kw)\n           ^^^^^^^^^^^^^^\n  File \"/home/runner/work/luma_project/luma_project/pages/base_page.py\", line 30, in element_is_visible\n    self.go_to_element(self.element_is_present(locator))\n                       ^^^^^^^^^^^^^^^^^^^^^^^^^^^^^^^^\n  File \"/opt/hostedtoolcache/Python/3.12.3/x64/lib/python3.12/site-packages/allure_commons/_allure.py\", line 192, in impl\n    return func(*a, **kw)\n           ^^^^^^^^^^^^^^\n  File \"/home/runner/work/luma_project/luma_project/pages/base_page.py\", line 51, in element_is_present\n    return wait(self.driver, timeout).until(EC.presence_of_element_located(locator))\n           ^^^^^^^^^^^^^^^^^^^^^^^^^^^^^^^^^^^^^^^^^^^^^^^^^^^^^^^^^^^^^^^^^^^^^^^^^\n  File \"/opt/hostedtoolcache/Python/3.12.3/x64/lib/python3.12/site-packages/selenium/webdriver/support/wait.py\", line 95, in until\n    raise TimeoutException(message, screen, stacktrace)\n",
      "steps" : [ {
        "name" : "Find a visible element",
        "time" : {
          "start" : 1757296101888,
          "stop" : 1757296107008,
          "duration" : 5120
        },
        "status" : "broken",
        "statusMessage" : "selenium.common.exceptions.TimeoutException: Message: \nStacktrace:\n#0 0x55bc87ed608a <unknown>\n#1 0x55bc87975a70 <unknown>\n#2 0x55bc879c7907 <unknown>\n#3 0x55bc879c7b01 <unknown>\n#4 0x55bc87a15d54 <unknown>\n#5 0x55bc879ed40d <unknown>\n#6 0x55bc87a1314f <unknown>\n#7 0x55bc879ed1b3 <unknown>\n#8 0x55bc879b959b <unknown>\n#9 0x55bc879ba971 <unknown>\n#10 0x55bc87e9b25b <unknown>\n#11 0x55bc87e9efa9 <unknown>\n#12 0x55bc87e82339 <unknown>\n#13 0x55bc87e9fb58 <unknown>\n#14 0x55bc87e66c1f <unknown>\n#15 0x55bc87ec3118 <unknown>\n#16 0x55bc87ec32f6 <unknown>\n#17 0x55bc87ed5066 <unknown>\n#18 0x7fbd46e9caa4 <unknown>\n#19 0x7fbd46f29c3c <unknown>\n\n",
        "statusTrace" : "  File \"/opt/hostedtoolcache/Python/3.12.3/x64/lib/python3.12/site-packages/allure_commons/_allure.py\", line 192, in impl\n    return func(*a, **kw)\n           ^^^^^^^^^^^^^^\n  File \"/home/runner/work/luma_project/luma_project/pages/base_page.py\", line 30, in element_is_visible\n    self.go_to_element(self.element_is_present(locator))\n                       ^^^^^^^^^^^^^^^^^^^^^^^^^^^^^^^^\n  File \"/opt/hostedtoolcache/Python/3.12.3/x64/lib/python3.12/site-packages/allure_commons/_allure.py\", line 192, in impl\n    return func(*a, **kw)\n           ^^^^^^^^^^^^^^\n  File \"/home/runner/work/luma_project/luma_project/pages/base_page.py\", line 51, in element_is_present\n    return wait(self.driver, timeout).until(EC.presence_of_element_located(locator))\n           ^^^^^^^^^^^^^^^^^^^^^^^^^^^^^^^^^^^^^^^^^^^^^^^^^^^^^^^^^^^^^^^^^^^^^^^^^\n  File \"/opt/hostedtoolcache/Python/3.12.3/x64/lib/python3.12/site-packages/selenium/webdriver/support/wait.py\", line 95, in until\n    raise TimeoutException(message, screen, stacktrace)\n",
        "steps" : [ {
          "name" : "Find a present element",
          "time" : {
            "start" : 1757296101888,
            "stop" : 1757296107008,
            "duration" : 5120
          },
          "status" : "broken",
          "statusMessage" : "selenium.common.exceptions.TimeoutException: Message: \nStacktrace:\n#0 0x55bc87ed608a <unknown>\n#1 0x55bc87975a70 <unknown>\n#2 0x55bc879c7907 <unknown>\n#3 0x55bc879c7b01 <unknown>\n#4 0x55bc87a15d54 <unknown>\n#5 0x55bc879ed40d <unknown>\n#6 0x55bc87a1314f <unknown>\n#7 0x55bc879ed1b3 <unknown>\n#8 0x55bc879b959b <unknown>\n#9 0x55bc879ba971 <unknown>\n#10 0x55bc87e9b25b <unknown>\n#11 0x55bc87e9efa9 <unknown>\n#12 0x55bc87e82339 <unknown>\n#13 0x55bc87e9fb58 <unknown>\n#14 0x55bc87e66c1f <unknown>\n#15 0x55bc87ec3118 <unknown>\n#16 0x55bc87ec32f6 <unknown>\n#17 0x55bc87ed5066 <unknown>\n#18 0x7fbd46e9caa4 <unknown>\n#19 0x7fbd46f29c3c <unknown>\n\n",
          "statusTrace" : "  File \"/opt/hostedtoolcache/Python/3.12.3/x64/lib/python3.12/site-packages/allure_commons/_allure.py\", line 192, in impl\n    return func(*a, **kw)\n           ^^^^^^^^^^^^^^\n  File \"/home/runner/work/luma_project/luma_project/pages/base_page.py\", line 51, in element_is_present\n    return wait(self.driver, timeout).until(EC.presence_of_element_located(locator))\n           ^^^^^^^^^^^^^^^^^^^^^^^^^^^^^^^^^^^^^^^^^^^^^^^^^^^^^^^^^^^^^^^^^^^^^^^^^\n  File \"/opt/hostedtoolcache/Python/3.12.3/x64/lib/python3.12/site-packages/selenium/webdriver/support/wait.py\", line 95, in until\n    raise TimeoutException(message, screen, stacktrace)\n",
          "steps" : [ ],
          "attachments" : [ ],
          "parameters" : [ {
            "name" : "locator",
            "value" : "('xpath', '//*[@id=\"maincontent\"]/div[4]/div[3]/div[2]/div[1]/strong')"
          }, {
            "name" : "timeout",
            "value" : "5"
          } ],
          "stepsCount" : 0,
          "attachmentsCount" : 0,
          "shouldDisplayMessage" : true,
          "hasContent" : true
        } ],
        "attachments" : [ ],
        "parameters" : [ {
          "name" : "locator",
          "value" : "('xpath', '//*[@id=\"maincontent\"]/div[4]/div[3]/div[2]/div[1]/strong')"
        }, {
          "name" : "timeout",
          "value" : "10"
        } ],
        "stepsCount" : 1,
        "attachmentsCount" : 0,
        "shouldDisplayMessage" : false,
        "hasContent" : true
      } ],
      "attachments" : [ ],
      "parameters" : [ ],
      "stepsCount" : 2,
      "attachmentsCount" : 0,
      "shouldDisplayMessage" : false,
      "hasContent" : true
    } ],
    "attachments" : [ {
      "uid" : "358f0a93fd8f147f",
      "name" : "Screenshot",
      "source" : "358f0a93fd8f147f.png",
      "type" : "image/png",
      "size" : 23875
    }, {
      "uid" : "b9a43b717f5cf10",
      "name" : "HTML source",
      "source" : "b9a43b717f5cf10.html",
      "type" : "text/html",
      "size" : 786
    } ],
    "parameters" : [ ],
    "stepsCount" : 3,
    "attachmentsCount" : 2,
    "shouldDisplayMessage" : true,
    "hasContent" : true
  },
  "afterStages" : [ {
    "name" : "driver::0",
    "time" : {
      "start" : 1757296107083,
      "stop" : 1757296107143,
      "duration" : 60
    },
    "status" : "passed",
    "steps" : [ ],
    "attachments" : [ ],
    "parameters" : [ ],
    "stepsCount" : 0,
    "attachmentsCount" : 0,
    "shouldDisplayMessage" : false,
    "hasContent" : false
  }, {
    "name" : "clear_allure_result_folder::0",
    "time" : {
      "start" : 1757296196170,
      "stop" : 1757296196170,
      "duration" : 0
    },
    "status" : "passed",
    "steps" : [ ],
    "attachments" : [ ],
    "parameters" : [ ],
    "stepsCount" : 0,
    "attachmentsCount" : 0,
    "shouldDisplayMessage" : false,
    "hasContent" : false
  } ],
  "labels" : [ {
    "name" : "epic",
    "value" : "Training Page"
  }, {
    "name" : "feature",
    "value" : "Testing Training Page Sidebar"
  }, {
    "name" : "parentSuite",
    "value" : "tests"
  }, {
    "name" : "suite",
    "value" : "test_training"
  }, {
    "name" : "subSuite",
    "value" : "TestMainPage"
  }, {
    "name" : "host",
    "value" : "pkrvm7jw40e0xgp"
  }, {
    "name" : "thread",
    "value" : "3126-MainThread"
  }, {
    "name" : "framework",
    "value" : "pytest"
  }, {
    "name" : "language",
    "value" : "cpython3"
  }, {
    "name" : "package",
    "value" : "tests.test_training"
  }, {
    "name" : "resultFormat",
    "value" : "allure2"
  } ],
  "parameters" : [ ],
  "links" : [ ],
  "hidden" : false,
  "retry" : false,
  "extra" : {
    "severity" : "normal",
    "retries" : [ ],
    "categories" : [ {
      "name" : "Test defects",
      "matchedStatuses" : [ ],
      "flaky" : false
    } ],
    "tags" : [ ]
  },
  "source" : "7c2313482d1a36d.json",
  "parameterValues" : [ ]
}