{
  "uid" : "7cac60be1728acc9",
  "name" : "TC 13.01.43 - Check section 2 in the Promo Block is present in the DOM tree",
  "fullName" : "tests.test_main_page.TestPromoBlock#test_tc_13_01_43_check_section2_is_present",
  "historyId" : "9904c77bd1cad8af40ab427267be1a3c",
  "time" : {
    "start" : 1751851923357,
    "stop" : 1751851930338,
    "duration" : 6981
  },
  "description" : "This test checks if section 2 in the Promo Block is present in the DOM tree on the main page",
  "descriptionHtml" : "<p>This test checks if section 2 in the Promo Block is present in the DOM tree on the main page</p>\n",
  "status" : "broken",
  "statusMessage" : "selenium.common.exceptions.TimeoutException: Message: \nStacktrace:\n#0 0x5570a871126a <unknown>\n#1 0x5570a81bbab0 <unknown>\n#2 0x5570a820d6f0 <unknown>\n#3 0x5570a820d8e1 <unknown>\n#4 0x5570a825bb94 <unknown>\n#5 0x5570a82331cd <unknown>\n#6 0x5570a8258fee <unknown>\n#7 0x5570a8232f73 <unknown>\n#8 0x5570a81ffaeb <unknown>\n#9 0x5570a8200751 <unknown>\n#10 0x5570a86d5b7b <unknown>\n#11 0x5570a86d9959 <unknown>\n#12 0x5570a86bc959 <unknown>\n#13 0x5570a86da518 <unknown>\n#14 0x5570a86a110f <unknown>\n#15 0x5570a86fe918 <unknown>\n#16 0x5570a86feaf6 <unknown>\n#17 0x5570a8710586 <unknown>\n#18 0x7f45d5a9caa4 <unknown>\n#19 0x7f45d5b29c3c <unknown>",
  "statusTrace" : "self = <test_main_page.TestMainPage.TestPromoBlock object at 0x7efe33694fe0>\ndriver = <selenium.webdriver.chrome.webdriver.WebDriver (session=\"d8d812919a69ecd04b748e85f042d129\")>\n\n    @allure.title(\"TC 13.01.43 - Check section 2 in the Promo Block is present in the DOM tree\")\n    def test_tc_13_01_43_check_section2_is_present(self, driver):\n        \"\"\"This test checks if section 2 in the Promo Block is present in the DOM tree on the main page\"\"\"\n        page = PromoBlock(driver, MAIN_PAGE_URL)\n        page.open()\n>       section2 = page.check_section2_is_present()\n\ntests/test_main_page.py:572: \n_ _ _ _ _ _ _ _ _ _ _ _ _ _ _ _ _ _ _ _ _ _ _ _ _ _ _ _ _ _ _ _ _ _ _ _ _ _ _ _ \npages/main_page.py:201: in check_section2_is_present\n    return self.element_is_present(self.locators.SECTION_2)\npages/base_page.py:51: in element_is_present\n    return wait(self.driver, timeout).until(EC.presence_of_element_located(locator))\n_ _ _ _ _ _ _ _ _ _ _ _ _ _ _ _ _ _ _ _ _ _ _ _ _ _ _ _ _ _ _ _ _ _ _ _ _ _ _ _ \n\nself = <selenium.webdriver.support.wait.WebDriverWait (session=\"d8d812919a69ecd04b748e85f042d129\")>\nmethod = <function presence_of_element_located.<locals>._predicate at 0x7efe3330e980>\nmessage = ''\n\n    def until(self, method, message: str = \"\"):\n        \"\"\"Calls the method provided with the driver as an argument until the \\\n        return value does not evaluate to ``False``.\n    \n        :param method: callable(WebDriver)\n        :param message: optional message for :exc:`TimeoutException`\n        :returns: the result of the last call to `method`\n        :raises: :exc:`selenium.common.exceptions.TimeoutException` if timeout occurs\n        \"\"\"\n        screen = None\n        stacktrace = None\n    \n        end_time = time.monotonic() + self._timeout\n        while True:\n            try:\n                value = method(self._driver)\n                if value:\n                    return value\n            except self._ignored_exceptions as exc:\n                screen = getattr(exc, \"screen\", None)\n                stacktrace = getattr(exc, \"stacktrace\", None)\n            time.sleep(self._poll)\n            if time.monotonic() > end_time:\n                break\n>       raise TimeoutException(message, screen, stacktrace)\nE       selenium.common.exceptions.TimeoutException: Message: \nE       Stacktrace:\nE       #0 0x5570a871126a <unknown>\nE       #1 0x5570a81bbab0 <unknown>\nE       #2 0x5570a820d6f0 <unknown>\nE       #3 0x5570a820d8e1 <unknown>\nE       #4 0x5570a825bb94 <unknown>\nE       #5 0x5570a82331cd <unknown>\nE       #6 0x5570a8258fee <unknown>\nE       #7 0x5570a8232f73 <unknown>\nE       #8 0x5570a81ffaeb <unknown>\nE       #9 0x5570a8200751 <unknown>\nE       #10 0x5570a86d5b7b <unknown>\nE       #11 0x5570a86d9959 <unknown>\nE       #12 0x5570a86bc959 <unknown>\nE       #13 0x5570a86da518 <unknown>\nE       #14 0x5570a86a110f <unknown>\nE       #15 0x5570a86fe918 <unknown>\nE       #16 0x5570a86feaf6 <unknown>\nE       #17 0x5570a8710586 <unknown>\nE       #18 0x7f45d5a9caa4 <unknown>\nE       #19 0x7f45d5b29c3c <unknown>\n\n/opt/hostedtoolcache/Python/3.12.3/x64/lib/python3.12/site-packages/selenium/webdriver/support/wait.py:95: TimeoutException",
  "flaky" : false,
  "newFailed" : false,
  "beforeStages" : [ {
    "name" : "clear_allure_result_folder",
    "time" : {
      "start" : 1751851072934,
      "stop" : 1751851072934,
      "duration" : 0
    },
    "status" : "passed",
    "steps" : [ ],
    "attachments" : [ ],
    "parameters" : [ ],
    "stepsCount" : 0,
    "attachmentsCount" : 0,
    "shouldDisplayMessage" : false,
    "hasContent" : false
  }, {
    "name" : "driver",
    "time" : {
      "start" : 1751851922073,
      "stop" : 1751851923357,
      "duration" : 1284
    },
    "status" : "passed",
    "steps" : [ ],
    "attachments" : [ ],
    "parameters" : [ ],
    "stepsCount" : 0,
    "attachmentsCount" : 0,
    "shouldDisplayMessage" : false,
    "hasContent" : false
  }, {
    "name" : "_session_faker",
    "time" : {
      "start" : 1751851072864,
      "stop" : 1751851072933,
      "duration" : 69
    },
    "status" : "passed",
    "steps" : [ ],
    "attachments" : [ ],
    "parameters" : [ ],
    "stepsCount" : 0,
    "attachmentsCount" : 0,
    "shouldDisplayMessage" : false,
    "hasContent" : false
  } ],
  "testStage" : {
    "description" : "This test checks if section 2 in the Promo Block is present in the DOM tree on the main page",
    "status" : "broken",
    "statusMessage" : "selenium.common.exceptions.TimeoutException: Message: \nStacktrace:\n#0 0x5570a871126a <unknown>\n#1 0x5570a81bbab0 <unknown>\n#2 0x5570a820d6f0 <unknown>\n#3 0x5570a820d8e1 <unknown>\n#4 0x5570a825bb94 <unknown>\n#5 0x5570a82331cd <unknown>\n#6 0x5570a8258fee <unknown>\n#7 0x5570a8232f73 <unknown>\n#8 0x5570a81ffaeb <unknown>\n#9 0x5570a8200751 <unknown>\n#10 0x5570a86d5b7b <unknown>\n#11 0x5570a86d9959 <unknown>\n#12 0x5570a86bc959 <unknown>\n#13 0x5570a86da518 <unknown>\n#14 0x5570a86a110f <unknown>\n#15 0x5570a86fe918 <unknown>\n#16 0x5570a86feaf6 <unknown>\n#17 0x5570a8710586 <unknown>\n#18 0x7f45d5a9caa4 <unknown>\n#19 0x7f45d5b29c3c <unknown>",
    "statusTrace" : "self = <test_main_page.TestMainPage.TestPromoBlock object at 0x7efe33694fe0>\ndriver = <selenium.webdriver.chrome.webdriver.WebDriver (session=\"d8d812919a69ecd04b748e85f042d129\")>\n\n    @allure.title(\"TC 13.01.43 - Check section 2 in the Promo Block is present in the DOM tree\")\n    def test_tc_13_01_43_check_section2_is_present(self, driver):\n        \"\"\"This test checks if section 2 in the Promo Block is present in the DOM tree on the main page\"\"\"\n        page = PromoBlock(driver, MAIN_PAGE_URL)\n        page.open()\n>       section2 = page.check_section2_is_present()\n\ntests/test_main_page.py:572: \n_ _ _ _ _ _ _ _ _ _ _ _ _ _ _ _ _ _ _ _ _ _ _ _ _ _ _ _ _ _ _ _ _ _ _ _ _ _ _ _ \npages/main_page.py:201: in check_section2_is_present\n    return self.element_is_present(self.locators.SECTION_2)\npages/base_page.py:51: in element_is_present\n    return wait(self.driver, timeout).until(EC.presence_of_element_located(locator))\n_ _ _ _ _ _ _ _ _ _ _ _ _ _ _ _ _ _ _ _ _ _ _ _ _ _ _ _ _ _ _ _ _ _ _ _ _ _ _ _ \n\nself = <selenium.webdriver.support.wait.WebDriverWait (session=\"d8d812919a69ecd04b748e85f042d129\")>\nmethod = <function presence_of_element_located.<locals>._predicate at 0x7efe3330e980>\nmessage = ''\n\n    def until(self, method, message: str = \"\"):\n        \"\"\"Calls the method provided with the driver as an argument until the \\\n        return value does not evaluate to ``False``.\n    \n        :param method: callable(WebDriver)\n        :param message: optional message for :exc:`TimeoutException`\n        :returns: the result of the last call to `method`\n        :raises: :exc:`selenium.common.exceptions.TimeoutException` if timeout occurs\n        \"\"\"\n        screen = None\n        stacktrace = None\n    \n        end_time = time.monotonic() + self._timeout\n        while True:\n            try:\n                value = method(self._driver)\n                if value:\n                    return value\n            except self._ignored_exceptions as exc:\n                screen = getattr(exc, \"screen\", None)\n                stacktrace = getattr(exc, \"stacktrace\", None)\n            time.sleep(self._poll)\n            if time.monotonic() > end_time:\n                break\n>       raise TimeoutException(message, screen, stacktrace)\nE       selenium.common.exceptions.TimeoutException: Message: \nE       Stacktrace:\nE       #0 0x5570a871126a <unknown>\nE       #1 0x5570a81bbab0 <unknown>\nE       #2 0x5570a820d6f0 <unknown>\nE       #3 0x5570a820d8e1 <unknown>\nE       #4 0x5570a825bb94 <unknown>\nE       #5 0x5570a82331cd <unknown>\nE       #6 0x5570a8258fee <unknown>\nE       #7 0x5570a8232f73 <unknown>\nE       #8 0x5570a81ffaeb <unknown>\nE       #9 0x5570a8200751 <unknown>\nE       #10 0x5570a86d5b7b <unknown>\nE       #11 0x5570a86d9959 <unknown>\nE       #12 0x5570a86bc959 <unknown>\nE       #13 0x5570a86da518 <unknown>\nE       #14 0x5570a86a110f <unknown>\nE       #15 0x5570a86fe918 <unknown>\nE       #16 0x5570a86feaf6 <unknown>\nE       #17 0x5570a8710586 <unknown>\nE       #18 0x7f45d5a9caa4 <unknown>\nE       #19 0x7f45d5b29c3c <unknown>\n\n/opt/hostedtoolcache/Python/3.12.3/x64/lib/python3.12/site-packages/selenium/webdriver/support/wait.py:95: TimeoutException",
    "steps" : [ {
      "name" : "Open a browser",
      "time" : {
        "start" : 1751851923357,
        "stop" : 1751851925207,
        "duration" : 1850
      },
      "status" : "passed",
      "steps" : [ ],
      "attachments" : [ ],
      "parameters" : [ ],
      "stepsCount" : 0,
      "attachmentsCount" : 0,
      "shouldDisplayMessage" : false,
      "hasContent" : false
    }, {
      "name" : "Check section 2 in the Promo Block is present in the DOM tree",
      "time" : {
        "start" : 1751851925208,
        "stop" : 1751851930337,
        "duration" : 5129
      },
      "status" : "broken",
      "statusMessage" : "selenium.common.exceptions.TimeoutException: Message: \nStacktrace:\n#0 0x5570a871126a <unknown>\n#1 0x5570a81bbab0 <unknown>\n#2 0x5570a820d6f0 <unknown>\n#3 0x5570a820d8e1 <unknown>\n#4 0x5570a825bb94 <unknown>\n#5 0x5570a82331cd <unknown>\n#6 0x5570a8258fee <unknown>\n#7 0x5570a8232f73 <unknown>\n#8 0x5570a81ffaeb <unknown>\n#9 0x5570a8200751 <unknown>\n#10 0x5570a86d5b7b <unknown>\n#11 0x5570a86d9959 <unknown>\n#12 0x5570a86bc959 <unknown>\n#13 0x5570a86da518 <unknown>\n#14 0x5570a86a110f <unknown>\n#15 0x5570a86fe918 <unknown>\n#16 0x5570a86feaf6 <unknown>\n#17 0x5570a8710586 <unknown>\n#18 0x7f45d5a9caa4 <unknown>\n#19 0x7f45d5b29c3c <unknown>\n\n",
      "statusTrace" : "  File \"/opt/hostedtoolcache/Python/3.12.3/x64/lib/python3.12/site-packages/allure_commons/_allure.py\", line 192, in impl\n    return func(*a, **kw)\n           ^^^^^^^^^^^^^^\n  File \"/home/runner/work/luma_project/luma_project/pages/main_page.py\", line 201, in check_section2_is_present\n    return self.element_is_present(self.locators.SECTION_2)\n           ^^^^^^^^^^^^^^^^^^^^^^^^^^^^^^^^^^^^^^^^^^^^^^^^\n  File \"/opt/hostedtoolcache/Python/3.12.3/x64/lib/python3.12/site-packages/allure_commons/_allure.py\", line 192, in impl\n    return func(*a, **kw)\n           ^^^^^^^^^^^^^^\n  File \"/home/runner/work/luma_project/luma_project/pages/base_page.py\", line 51, in element_is_present\n    return wait(self.driver, timeout).until(EC.presence_of_element_located(locator))\n           ^^^^^^^^^^^^^^^^^^^^^^^^^^^^^^^^^^^^^^^^^^^^^^^^^^^^^^^^^^^^^^^^^^^^^^^^^\n  File \"/opt/hostedtoolcache/Python/3.12.3/x64/lib/python3.12/site-packages/selenium/webdriver/support/wait.py\", line 95, in until\n    raise TimeoutException(message, screen, stacktrace)\n",
      "steps" : [ {
        "name" : "Find a present element",
        "time" : {
          "start" : 1751851925208,
          "stop" : 1751851930337,
          "duration" : 5129
        },
        "status" : "broken",
        "statusMessage" : "selenium.common.exceptions.TimeoutException: Message: \nStacktrace:\n#0 0x5570a871126a <unknown>\n#1 0x5570a81bbab0 <unknown>\n#2 0x5570a820d6f0 <unknown>\n#3 0x5570a820d8e1 <unknown>\n#4 0x5570a825bb94 <unknown>\n#5 0x5570a82331cd <unknown>\n#6 0x5570a8258fee <unknown>\n#7 0x5570a8232f73 <unknown>\n#8 0x5570a81ffaeb <unknown>\n#9 0x5570a8200751 <unknown>\n#10 0x5570a86d5b7b <unknown>\n#11 0x5570a86d9959 <unknown>\n#12 0x5570a86bc959 <unknown>\n#13 0x5570a86da518 <unknown>\n#14 0x5570a86a110f <unknown>\n#15 0x5570a86fe918 <unknown>\n#16 0x5570a86feaf6 <unknown>\n#17 0x5570a8710586 <unknown>\n#18 0x7f45d5a9caa4 <unknown>\n#19 0x7f45d5b29c3c <unknown>\n\n",
        "statusTrace" : "  File \"/opt/hostedtoolcache/Python/3.12.3/x64/lib/python3.12/site-packages/allure_commons/_allure.py\", line 192, in impl\n    return func(*a, **kw)\n           ^^^^^^^^^^^^^^\n  File \"/home/runner/work/luma_project/luma_project/pages/base_page.py\", line 51, in element_is_present\n    return wait(self.driver, timeout).until(EC.presence_of_element_located(locator))\n           ^^^^^^^^^^^^^^^^^^^^^^^^^^^^^^^^^^^^^^^^^^^^^^^^^^^^^^^^^^^^^^^^^^^^^^^^^\n  File \"/opt/hostedtoolcache/Python/3.12.3/x64/lib/python3.12/site-packages/selenium/webdriver/support/wait.py\", line 95, in until\n    raise TimeoutException(message, screen, stacktrace)\n",
        "steps" : [ ],
        "attachments" : [ ],
        "parameters" : [ {
          "name" : "locator",
          "value" : "('css selector', '.blocks-promo > div')"
        }, {
          "name" : "timeout",
          "value" : "5"
        } ],
        "stepsCount" : 0,
        "attachmentsCount" : 0,
        "shouldDisplayMessage" : true,
        "hasContent" : true
      } ],
      "attachments" : [ ],
      "parameters" : [ ],
      "stepsCount" : 1,
      "attachmentsCount" : 0,
      "shouldDisplayMessage" : false,
      "hasContent" : true
    } ],
    "attachments" : [ {
      "uid" : "2d7ec95295007399",
      "name" : "Screenshot",
      "source" : "2d7ec95295007399.png",
      "type" : "image/png",
      "size" : 550493
    }, {
      "uid" : "bdcc57b063c474c",
      "name" : "HTML source",
      "source" : "bdcc57b063c474c.html",
      "type" : "text/html",
      "size" : 213914
    } ],
    "parameters" : [ ],
    "stepsCount" : 3,
    "attachmentsCount" : 2,
    "shouldDisplayMessage" : true,
    "hasContent" : true
  },
  "afterStages" : [ {
    "name" : "clear_allure_result_folder::0",
    "time" : {
      "start" : 1751852881776,
      "stop" : 1751852881776,
      "duration" : 0
    },
    "status" : "passed",
    "steps" : [ ],
    "attachments" : [ ],
    "parameters" : [ ],
    "stepsCount" : 0,
    "attachmentsCount" : 0,
    "shouldDisplayMessage" : false,
    "hasContent" : false
  }, {
    "name" : "driver::0",
    "time" : {
      "start" : 1751851930587,
      "stop" : 1751851930656,
      "duration" : 69
    },
    "status" : "passed",
    "steps" : [ ],
    "attachments" : [ ],
    "parameters" : [ ],
    "stepsCount" : 0,
    "attachmentsCount" : 0,
    "shouldDisplayMessage" : false,
    "hasContent" : false
  } ],
  "labels" : [ {
    "name" : "epic",
    "value" : "Main Page"
  }, {
    "name" : "feature",
    "value" : "Promo Block Testing"
  }, {
    "name" : "parentSuite",
    "value" : "tests"
  }, {
    "name" : "suite",
    "value" : "test_main_page"
  }, {
    "name" : "subSuite",
    "value" : "TestMainPage"
  }, {
    "name" : "host",
    "value" : "fv-az1693-34"
  }, {
    "name" : "thread",
    "value" : "2919-MainThread"
  }, {
    "name" : "framework",
    "value" : "pytest"
  }, {
    "name" : "language",
    "value" : "cpython3"
  }, {
    "name" : "package",
    "value" : "tests.test_main_page"
  }, {
    "name" : "resultFormat",
    "value" : "allure2"
  } ],
  "parameters" : [ ],
  "links" : [ ],
  "hidden" : false,
  "retry" : false,
  "extra" : {
    "severity" : "normal",
    "retries" : [ ],
    "categories" : [ {
      "name" : "Test defects",
      "matchedStatuses" : [ ],
      "flaky" : false
    } ],
    "tags" : [ ]
  },
  "source" : "7cac60be1728acc9.json",
  "parameterValues" : [ ]
}