{
  "uid" : "7d4e13603af2343b",
  "name" : "TC 01_15_01 Verify possibility to vote with 1 star",
  "fullName" : "tests.test_reviews_page.TestReviews#test_tc_01_15_01_check_that_it_is_possible_to_vote_for_1_star",
  "historyId" : "cfd828a389f57bf8c414a44a924590cf",
  "time" : {
    "start" : 1760319392266,
    "stop" : 1760319397689,
    "duration" : 5423
  },
  "description" : "\n        The user is NOT logged in, located in the product card, section \"Reviews\"\n        1. All required fields are filled with correct data\n        2. Pressed 1 star\n        3.The \"Submit Review\" button is pressed\n        Result: Present in the DOM and visible on the page the message: \"You submitted your review for moderation.\"\n        This code works when run on Win, Mac, Ubuntu on a real laptop and has the features of working on GitHub Action.\n        When interacting with the GitHub Action, it checks not for the text of the \"Success\" message, but for the \"Success\" URL\"\n        ",
  "descriptionHtml" : "<pre><code>    The user is NOT logged in, located in the product card, section &quot;Reviews&quot;\n    1. All required fields are filled with correct data\n    2. Pressed 1 star\n    3.The &quot;Submit Review&quot; button is pressed\n    Result: Present in the DOM and visible on the page the message: &quot;You submitted your review for moderation.&quot;\n    This code works when run on Win, Mac, Ubuntu on a real laptop and has the features of working on GitHub Action.\n    When interacting with the GitHub Action, it checks not for the text of the &quot;Success&quot; message, but for the &quot;Success&quot; URL&quot;\n</code></pre>\n",
  "status" : "broken",
  "statusMessage" : "selenium.common.exceptions.TimeoutException: Message: \nStacktrace:\n#0 0x55c6118d5fba <unknown>\n#1 0x55c61135a6d0 <unknown>\n#2 0x55c6113ac2aa <unknown>\n#3 0x55c6113ac541 <unknown>\n#4 0x55c6113fa6c4 <unknown>\n#5 0x55c6113d1e5d <unknown>\n#6 0x55c6113f7b54 <unknown>\n#7 0x55c6113d1c03 <unknown>\n#8 0x55c61139e7a8 <unknown>\n#9 0x55c61139f421 <unknown>\n#10 0x55c61189ab28 <unknown>\n#11 0x55c61189e87f <unknown>\n#12 0x55c611882c49 <unknown>\n#13 0x55c61189f405 <unknown>\n#14 0x55c6118684ff <unknown>\n#15 0x55c6118c3258 <unknown>\n#16 0x55c6118c3432 <unknown>\n#17 0x55c6118d4fa3 <unknown>\n#18 0x7fc90109caa4 <unknown>\n#19 0x7fc901129c6c <unknown>",
  "statusTrace" : "self = <test_reviews_page.TestReviews object at 0x7f4205989dc0>\ndriver = <selenium.webdriver.chrome.webdriver.WebDriver (session=\"358e0fee7d29fd194106e5295af28718\")>\n\n    @allure.title('TC 01_15_01 Verify possibility to vote with 1 star')\n    def test_tc_01_15_01_check_that_it_is_possible_to_vote_for_1_star(self, driver):\n        \"\"\"\n        The user is NOT logged in, located in the product card, section \"Reviews\"\n        1. All required fields are filled with correct data\n        2. Pressed 1 star\n        3.The \"Submit Review\" button is pressed\n        Result: Present in the DOM and visible on the page the message: \"You submitted your review for moderation.\"\n        This code works when run on Win, Mac, Ubuntu on a real laptop and has the features of working on GitHub Action.\n        When interacting with the GitHub Action, it checks not for the text of the \"Success\" message, but for the \"Success\" URL\"\n        \"\"\"\n    \n        \"\"\"Steps\"\"\"\n        page = ReviewsPage(driver, REVIEWS_URL_GENERAL)\n        page.open()\n    \n        \"\"\"Get the current URL and print it\"\"\"\n        page.get_the_current_URL_and_print_it()\n    \n        \"\"\"Steps\"\"\"\n>       page.open_review_menu()\n\ntests/test_reviews_page.py:35: \n_ _ _ _ _ _ _ _ _ _ _ _ _ _ _ _ _ _ _ _ _ _ _ _ _ _ _ _ _ _ _ _ _ _ _ _ _ _ _ _ \npages/reviews_page.py:14: in open_review_menu\n    review_menu = self.element_is_clickable(self.locators.REVIEW_MENU)\npages/base_page.py:81: in element_is_clickable\n    return wait(self.driver, timeout).until(EC.element_to_be_clickable(locator))\n_ _ _ _ _ _ _ _ _ _ _ _ _ _ _ _ _ _ _ _ _ _ _ _ _ _ _ _ _ _ _ _ _ _ _ _ _ _ _ _ \n\nself = <selenium.webdriver.support.wait.WebDriverWait (session=\"358e0fee7d29fd194106e5295af28718\")>\nmethod = <function element_to_be_clickable.<locals>._predicate at 0x7f42053ce0c0>\nmessage = ''\n\n    def until(self, method, message: str = \"\"):\n        \"\"\"Calls the method provided with the driver as an argument until the \\\n        return value does not evaluate to ``False``.\n    \n        :param method: callable(WebDriver)\n        :param message: optional message for :exc:`TimeoutException`\n        :returns: the result of the last call to `method`\n        :raises: :exc:`selenium.common.exceptions.TimeoutException` if timeout occurs\n        \"\"\"\n        screen = None\n        stacktrace = None\n    \n        end_time = time.monotonic() + self._timeout\n        while True:\n            try:\n                value = method(self._driver)\n                if value:\n                    return value\n            except self._ignored_exceptions as exc:\n                screen = getattr(exc, \"screen\", None)\n                stacktrace = getattr(exc, \"stacktrace\", None)\n            time.sleep(self._poll)\n            if time.monotonic() > end_time:\n                break\n>       raise TimeoutException(message, screen, stacktrace)\nE       selenium.common.exceptions.TimeoutException: Message: \nE       Stacktrace:\nE       #0 0x55c6118d5fba <unknown>\nE       #1 0x55c61135a6d0 <unknown>\nE       #2 0x55c6113ac2aa <unknown>\nE       #3 0x55c6113ac541 <unknown>\nE       #4 0x55c6113fa6c4 <unknown>\nE       #5 0x55c6113d1e5d <unknown>\nE       #6 0x55c6113f7b54 <unknown>\nE       #7 0x55c6113d1c03 <unknown>\nE       #8 0x55c61139e7a8 <unknown>\nE       #9 0x55c61139f421 <unknown>\nE       #10 0x55c61189ab28 <unknown>\nE       #11 0x55c61189e87f <unknown>\nE       #12 0x55c611882c49 <unknown>\nE       #13 0x55c61189f405 <unknown>\nE       #14 0x55c6118684ff <unknown>\nE       #15 0x55c6118c3258 <unknown>\nE       #16 0x55c6118c3432 <unknown>\nE       #17 0x55c6118d4fa3 <unknown>\nE       #18 0x7fc90109caa4 <unknown>\nE       #19 0x7fc901129c6c <unknown>\n\n/opt/hostedtoolcache/Python/3.12.3/x64/lib/python3.12/site-packages/selenium/webdriver/support/wait.py:95: TimeoutException",
  "flaky" : false,
  "newFailed" : false,
  "beforeStages" : [ {
    "name" : "clear_allure_result_folder",
    "time" : {
      "start" : 1760317852254,
      "stop" : 1760317852255,
      "duration" : 1
    },
    "status" : "passed",
    "steps" : [ ],
    "attachments" : [ ],
    "parameters" : [ ],
    "stepsCount" : 0,
    "attachmentsCount" : 0,
    "shouldDisplayMessage" : false,
    "hasContent" : false
  }, {
    "name" : "_session_faker",
    "time" : {
      "start" : 1760317852186,
      "stop" : 1760317852254,
      "duration" : 68
    },
    "status" : "passed",
    "steps" : [ ],
    "attachments" : [ ],
    "parameters" : [ ],
    "stepsCount" : 0,
    "attachmentsCount" : 0,
    "shouldDisplayMessage" : false,
    "hasContent" : false
  }, {
    "name" : "driver",
    "time" : {
      "start" : 1760319391018,
      "stop" : 1760319392266,
      "duration" : 1248
    },
    "status" : "passed",
    "steps" : [ ],
    "attachments" : [ ],
    "parameters" : [ ],
    "stepsCount" : 0,
    "attachmentsCount" : 0,
    "shouldDisplayMessage" : false,
    "hasContent" : false
  } ],
  "testStage" : {
    "description" : "\n        The user is NOT logged in, located in the product card, section \"Reviews\"\n        1. All required fields are filled with correct data\n        2. Pressed 1 star\n        3.The \"Submit Review\" button is pressed\n        Result: Present in the DOM and visible on the page the message: \"You submitted your review for moderation.\"\n        This code works when run on Win, Mac, Ubuntu on a real laptop and has the features of working on GitHub Action.\n        When interacting with the GitHub Action, it checks not for the text of the \"Success\" message, but for the \"Success\" URL\"\n        ",
    "status" : "broken",
    "statusMessage" : "selenium.common.exceptions.TimeoutException: Message: \nStacktrace:\n#0 0x55c6118d5fba <unknown>\n#1 0x55c61135a6d0 <unknown>\n#2 0x55c6113ac2aa <unknown>\n#3 0x55c6113ac541 <unknown>\n#4 0x55c6113fa6c4 <unknown>\n#5 0x55c6113d1e5d <unknown>\n#6 0x55c6113f7b54 <unknown>\n#7 0x55c6113d1c03 <unknown>\n#8 0x55c61139e7a8 <unknown>\n#9 0x55c61139f421 <unknown>\n#10 0x55c61189ab28 <unknown>\n#11 0x55c61189e87f <unknown>\n#12 0x55c611882c49 <unknown>\n#13 0x55c61189f405 <unknown>\n#14 0x55c6118684ff <unknown>\n#15 0x55c6118c3258 <unknown>\n#16 0x55c6118c3432 <unknown>\n#17 0x55c6118d4fa3 <unknown>\n#18 0x7fc90109caa4 <unknown>\n#19 0x7fc901129c6c <unknown>",
    "statusTrace" : "self = <test_reviews_page.TestReviews object at 0x7f4205989dc0>\ndriver = <selenium.webdriver.chrome.webdriver.WebDriver (session=\"358e0fee7d29fd194106e5295af28718\")>\n\n    @allure.title('TC 01_15_01 Verify possibility to vote with 1 star')\n    def test_tc_01_15_01_check_that_it_is_possible_to_vote_for_1_star(self, driver):\n        \"\"\"\n        The user is NOT logged in, located in the product card, section \"Reviews\"\n        1. All required fields are filled with correct data\n        2. Pressed 1 star\n        3.The \"Submit Review\" button is pressed\n        Result: Present in the DOM and visible on the page the message: \"You submitted your review for moderation.\"\n        This code works when run on Win, Mac, Ubuntu on a real laptop and has the features of working on GitHub Action.\n        When interacting with the GitHub Action, it checks not for the text of the \"Success\" message, but for the \"Success\" URL\"\n        \"\"\"\n    \n        \"\"\"Steps\"\"\"\n        page = ReviewsPage(driver, REVIEWS_URL_GENERAL)\n        page.open()\n    \n        \"\"\"Get the current URL and print it\"\"\"\n        page.get_the_current_URL_and_print_it()\n    \n        \"\"\"Steps\"\"\"\n>       page.open_review_menu()\n\ntests/test_reviews_page.py:35: \n_ _ _ _ _ _ _ _ _ _ _ _ _ _ _ _ _ _ _ _ _ _ _ _ _ _ _ _ _ _ _ _ _ _ _ _ _ _ _ _ \npages/reviews_page.py:14: in open_review_menu\n    review_menu = self.element_is_clickable(self.locators.REVIEW_MENU)\npages/base_page.py:81: in element_is_clickable\n    return wait(self.driver, timeout).until(EC.element_to_be_clickable(locator))\n_ _ _ _ _ _ _ _ _ _ _ _ _ _ _ _ _ _ _ _ _ _ _ _ _ _ _ _ _ _ _ _ _ _ _ _ _ _ _ _ \n\nself = <selenium.webdriver.support.wait.WebDriverWait (session=\"358e0fee7d29fd194106e5295af28718\")>\nmethod = <function element_to_be_clickable.<locals>._predicate at 0x7f42053ce0c0>\nmessage = ''\n\n    def until(self, method, message: str = \"\"):\n        \"\"\"Calls the method provided with the driver as an argument until the \\\n        return value does not evaluate to ``False``.\n    \n        :param method: callable(WebDriver)\n        :param message: optional message for :exc:`TimeoutException`\n        :returns: the result of the last call to `method`\n        :raises: :exc:`selenium.common.exceptions.TimeoutException` if timeout occurs\n        \"\"\"\n        screen = None\n        stacktrace = None\n    \n        end_time = time.monotonic() + self._timeout\n        while True:\n            try:\n                value = method(self._driver)\n                if value:\n                    return value\n            except self._ignored_exceptions as exc:\n                screen = getattr(exc, \"screen\", None)\n                stacktrace = getattr(exc, \"stacktrace\", None)\n            time.sleep(self._poll)\n            if time.monotonic() > end_time:\n                break\n>       raise TimeoutException(message, screen, stacktrace)\nE       selenium.common.exceptions.TimeoutException: Message: \nE       Stacktrace:\nE       #0 0x55c6118d5fba <unknown>\nE       #1 0x55c61135a6d0 <unknown>\nE       #2 0x55c6113ac2aa <unknown>\nE       #3 0x55c6113ac541 <unknown>\nE       #4 0x55c6113fa6c4 <unknown>\nE       #5 0x55c6113d1e5d <unknown>\nE       #6 0x55c6113f7b54 <unknown>\nE       #7 0x55c6113d1c03 <unknown>\nE       #8 0x55c61139e7a8 <unknown>\nE       #9 0x55c61139f421 <unknown>\nE       #10 0x55c61189ab28 <unknown>\nE       #11 0x55c61189e87f <unknown>\nE       #12 0x55c611882c49 <unknown>\nE       #13 0x55c61189f405 <unknown>\nE       #14 0x55c6118684ff <unknown>\nE       #15 0x55c6118c3258 <unknown>\nE       #16 0x55c6118c3432 <unknown>\nE       #17 0x55c6118d4fa3 <unknown>\nE       #18 0x7fc90109caa4 <unknown>\nE       #19 0x7fc901129c6c <unknown>\n\n/opt/hostedtoolcache/Python/3.12.3/x64/lib/python3.12/site-packages/selenium/webdriver/support/wait.py:95: TimeoutException",
    "steps" : [ {
      "name" : "Open a browser",
      "time" : {
        "start" : 1760319392266,
        "stop" : 1760319392582,
        "duration" : 316
      },
      "status" : "passed",
      "steps" : [ ],
      "attachments" : [ ],
      "parameters" : [ ],
      "stepsCount" : 0,
      "attachmentsCount" : 0,
      "shouldDisplayMessage" : false,
      "hasContent" : false
    }, {
      "name" : "Find clickable elements",
      "time" : {
        "start" : 1760319392587,
        "stop" : 1760319397689,
        "duration" : 5102
      },
      "status" : "broken",
      "statusMessage" : "selenium.common.exceptions.TimeoutException: Message: \nStacktrace:\n#0 0x55c6118d5fba <unknown>\n#1 0x55c61135a6d0 <unknown>\n#2 0x55c6113ac2aa <unknown>\n#3 0x55c6113ac541 <unknown>\n#4 0x55c6113fa6c4 <unknown>\n#5 0x55c6113d1e5d <unknown>\n#6 0x55c6113f7b54 <unknown>\n#7 0x55c6113d1c03 <unknown>\n#8 0x55c61139e7a8 <unknown>\n#9 0x55c61139f421 <unknown>\n#10 0x55c61189ab28 <unknown>\n#11 0x55c61189e87f <unknown>\n#12 0x55c611882c49 <unknown>\n#13 0x55c61189f405 <unknown>\n#14 0x55c6118684ff <unknown>\n#15 0x55c6118c3258 <unknown>\n#16 0x55c6118c3432 <unknown>\n#17 0x55c6118d4fa3 <unknown>\n#18 0x7fc90109caa4 <unknown>\n#19 0x7fc901129c6c <unknown>\n\n",
      "statusTrace" : "  File \"/opt/hostedtoolcache/Python/3.12.3/x64/lib/python3.12/site-packages/allure_commons/_allure.py\", line 192, in impl\n    return func(*a, **kw)\n           ^^^^^^^^^^^^^^\n  File \"/home/runner/work/luma_project/luma_project/pages/base_page.py\", line 81, in element_is_clickable\n    return wait(self.driver, timeout).until(EC.element_to_be_clickable(locator))\n           ^^^^^^^^^^^^^^^^^^^^^^^^^^^^^^^^^^^^^^^^^^^^^^^^^^^^^^^^^^^^^^^^^^^^^\n  File \"/opt/hostedtoolcache/Python/3.12.3/x64/lib/python3.12/site-packages/selenium/webdriver/support/wait.py\", line 95, in until\n    raise TimeoutException(message, screen, stacktrace)\n",
      "steps" : [ ],
      "attachments" : [ ],
      "parameters" : [ {
        "name" : "locator",
        "value" : "('css selector', '#tab-label-reviews-title')"
      }, {
        "name" : "timeout",
        "value" : "5"
      } ],
      "stepsCount" : 0,
      "attachmentsCount" : 0,
      "shouldDisplayMessage" : true,
      "hasContent" : true
    } ],
    "attachments" : [ {
      "uid" : "c6ea6eee198bc862",
      "name" : "Screenshot",
      "source" : "c6ea6eee198bc862.png",
      "type" : "image/png",
      "size" : 23875
    }, {
      "uid" : "86bdfbed84acadd9",
      "name" : "HTML source",
      "source" : "86bdfbed84acadd9.html",
      "type" : "text/html",
      "size" : 786
    } ],
    "parameters" : [ ],
    "stepsCount" : 2,
    "attachmentsCount" : 2,
    "shouldDisplayMessage" : true,
    "hasContent" : true
  },
  "afterStages" : [ {
    "name" : "clear_allure_result_folder::0",
    "time" : {
      "start" : 1760320278816,
      "stop" : 1760320278816,
      "duration" : 0
    },
    "status" : "passed",
    "steps" : [ ],
    "attachments" : [ ],
    "parameters" : [ ],
    "stepsCount" : 0,
    "attachmentsCount" : 0,
    "shouldDisplayMessage" : false,
    "hasContent" : false
  }, {
    "name" : "driver::0",
    "time" : {
      "start" : 1760319397758,
      "stop" : 1760319397818,
      "duration" : 60
    },
    "status" : "passed",
    "steps" : [ ],
    "attachments" : [ ],
    "parameters" : [ ],
    "stepsCount" : 0,
    "attachmentsCount" : 0,
    "shouldDisplayMessage" : false,
    "hasContent" : false
  } ],
  "labels" : [ {
    "name" : "epic",
    "value" : "Review Page"
  }, {
    "name" : "parentSuite",
    "value" : "tests"
  }, {
    "name" : "suite",
    "value" : "test_reviews_page"
  }, {
    "name" : "subSuite",
    "value" : "TestReviews"
  }, {
    "name" : "host",
    "value" : "runnervmwhb2z"
  }, {
    "name" : "thread",
    "value" : "3004-MainThread"
  }, {
    "name" : "framework",
    "value" : "pytest"
  }, {
    "name" : "language",
    "value" : "cpython3"
  }, {
    "name" : "package",
    "value" : "tests.test_reviews_page"
  }, {
    "name" : "resultFormat",
    "value" : "allure2"
  } ],
  "parameters" : [ ],
  "links" : [ ],
  "hidden" : false,
  "retry" : false,
  "extra" : {
    "severity" : "normal",
    "retries" : [ ],
    "categories" : [ {
      "name" : "Test defects",
      "matchedStatuses" : [ ],
      "flaky" : false
    } ],
    "tags" : [ ]
  },
  "source" : "7d4e13603af2343b.json",
  "parameterValues" : [ ]
}