{
  "uid" : "7d7e9819904c217d",
  "name" : "TC 10.04.03, 10.04.06, 10.04.09 - Verify that links in Main block, 2 columns block open the correct pages",
  "fullName" : "tests.test_sale.TestPromoBlocks#test_tc_10_04_03__06__09",
  "historyId" : "4915ebcf58c89eb7a23b472d3564ad5c",
  "time" : {
    "start" : 1757900428784,
    "stop" : 1757900433883,
    "duration" : 5099
  },
  "description" : "Check that two links in Gear Deals section lead to the correct pages after click",
  "descriptionHtml" : "<p>Check that two links in Gear Deals section lead to the correct pages after click</p>\n",
  "status" : "broken",
  "statusMessage" : "selenium.common.exceptions.TimeoutException: Message: \nStacktrace:\n#0 0x5619fd93594a <unknown>\n#1 0x5619fd3aa8a0 <unknown>\n#2 0x5619fd3fc540 <unknown>\n#3 0x5619fd3fc731 <unknown>\n#4 0x5619fd44a824 <unknown>\n#5 0x5619fd42205d <unknown>\n#6 0x5619fd447c23 <unknown>\n#7 0x5619fd421e03 <unknown>\n#8 0x5619fd3ee968 <unknown>\n#9 0x5619fd3ef5e1 <unknown>\n#10 0x5619fd8f9548 <unknown>\n#11 0x5619fd8fd272 <unknown>\n#12 0x5619fd8e0313 <unknown>\n#13 0x5619fd8fddc5 <unknown>\n#14 0x5619fd8c549f <unknown>\n#15 0x5619fd922158 <unknown>\n#16 0x5619fd922332 <unknown>\n#17 0x5619fd934a53 <unknown>\n#18 0x7f7e6269caa4 <unknown>\n#19 0x7f7e62729c3c <unknown>",
  "statusTrace" : "self = <test_sale.TestSalePage.TestPromoBlocks object at 0x7f9ca247c8f0>\nsale_page = <pages.sale_page.SalePage object at 0x7f9ca2350980>\nelement_locator = ('css selector', '.sale-main .more')\nexpected_title = 'Women Sale'\nexpected_url = 'https://magento.softwaretestingboard.com/promotions/women-sale.html'\n\n    @allure.title(\"TC 10.04.03, 10.04.06, 10.04.09 - \"\n                  \"Verify that links in Main block, 2 columns block open the correct pages\")\n    @pytest.mark.parametrize(\n        \"element_locator, expected_title, expected_url\",\n        zip(\n            MainContentPromoBlocks.MAIN_AND_2COLUMNS_BLOCKS_BUTTONS.values(),\n            expected_titles_promo_blocks.values(),\n            expected_urls_promo_blocks.values(),\n        )\n    )\n    def test_tc_10_04_03__06__09(self, sale_page, element_locator, expected_title, expected_url):\n        \"\"\"Check that two links in Gear Deals section lead to the correct pages after click\"\"\"\n>       element_in_promo_block = sale_page.element_is_clickable(element_locator)\n\ntests/test_sale.py:187: \n_ _ _ _ _ _ _ _ _ _ _ _ _ _ _ _ _ _ _ _ _ _ _ _ _ _ _ _ _ _ _ _ _ _ _ _ _ _ _ _ \npages/base_page.py:81: in element_is_clickable\n    return wait(self.driver, timeout).until(EC.element_to_be_clickable(locator))\n_ _ _ _ _ _ _ _ _ _ _ _ _ _ _ _ _ _ _ _ _ _ _ _ _ _ _ _ _ _ _ _ _ _ _ _ _ _ _ _ \n\nself = <selenium.webdriver.support.wait.WebDriverWait (session=\"5af625ab2772b144d4e3889374b40f11\")>\nmethod = <function element_to_be_clickable.<locals>._predicate at 0x7f9ca203a7a0>\nmessage = ''\n\n    def until(self, method, message: str = \"\"):\n        \"\"\"Calls the method provided with the driver as an argument until the \\\n        return value does not evaluate to ``False``.\n    \n        :param method: callable(WebDriver)\n        :param message: optional message for :exc:`TimeoutException`\n        :returns: the result of the last call to `method`\n        :raises: :exc:`selenium.common.exceptions.TimeoutException` if timeout occurs\n        \"\"\"\n        screen = None\n        stacktrace = None\n    \n        end_time = time.monotonic() + self._timeout\n        while True:\n            try:\n                value = method(self._driver)\n                if value:\n                    return value\n            except self._ignored_exceptions as exc:\n                screen = getattr(exc, \"screen\", None)\n                stacktrace = getattr(exc, \"stacktrace\", None)\n            time.sleep(self._poll)\n            if time.monotonic() > end_time:\n                break\n>       raise TimeoutException(message, screen, stacktrace)\nE       selenium.common.exceptions.TimeoutException: Message: \nE       Stacktrace:\nE       #0 0x5619fd93594a <unknown>\nE       #1 0x5619fd3aa8a0 <unknown>\nE       #2 0x5619fd3fc540 <unknown>\nE       #3 0x5619fd3fc731 <unknown>\nE       #4 0x5619fd44a824 <unknown>\nE       #5 0x5619fd42205d <unknown>\nE       #6 0x5619fd447c23 <unknown>\nE       #7 0x5619fd421e03 <unknown>\nE       #8 0x5619fd3ee968 <unknown>\nE       #9 0x5619fd3ef5e1 <unknown>\nE       #10 0x5619fd8f9548 <unknown>\nE       #11 0x5619fd8fd272 <unknown>\nE       #12 0x5619fd8e0313 <unknown>\nE       #13 0x5619fd8fddc5 <unknown>\nE       #14 0x5619fd8c549f <unknown>\nE       #15 0x5619fd922158 <unknown>\nE       #16 0x5619fd922332 <unknown>\nE       #17 0x5619fd934a53 <unknown>\nE       #18 0x7f7e6269caa4 <unknown>\nE       #19 0x7f7e62729c3c <unknown>\n\n/opt/hostedtoolcache/Python/3.12.3/x64/lib/python3.12/site-packages/selenium/webdriver/support/wait.py:95: TimeoutException",
  "flaky" : false,
  "newFailed" : false,
  "beforeStages" : [ {
    "name" : "_session_faker",
    "time" : {
      "start" : 1757898622011,
      "stop" : 1757898622079,
      "duration" : 68
    },
    "status" : "passed",
    "steps" : [ ],
    "attachments" : [ ],
    "parameters" : [ ],
    "stepsCount" : 0,
    "attachmentsCount" : 0,
    "shouldDisplayMessage" : false,
    "hasContent" : false
  }, {
    "name" : "clear_allure_result_folder",
    "time" : {
      "start" : 1757898622079,
      "stop" : 1757898622079,
      "duration" : 0
    },
    "status" : "passed",
    "steps" : [ ],
    "attachments" : [ ],
    "parameters" : [ ],
    "stepsCount" : 0,
    "attachmentsCount" : 0,
    "shouldDisplayMessage" : false,
    "hasContent" : false
  }, {
    "name" : "driver",
    "time" : {
      "start" : 1757900427393,
      "stop" : 1757900428637,
      "duration" : 1244
    },
    "status" : "passed",
    "steps" : [ ],
    "attachments" : [ ],
    "parameters" : [ ],
    "stepsCount" : 0,
    "attachmentsCount" : 0,
    "shouldDisplayMessage" : false,
    "hasContent" : false
  }, {
    "name" : "sale_page",
    "time" : {
      "start" : 1757900428637,
      "stop" : 1757900428783,
      "duration" : 146
    },
    "status" : "passed",
    "steps" : [ {
      "name" : "Open a browser",
      "time" : {
        "start" : 1757900428637,
        "stop" : 1757900428783,
        "duration" : 146
      },
      "status" : "passed",
      "steps" : [ ],
      "attachments" : [ ],
      "parameters" : [ ],
      "stepsCount" : 0,
      "attachmentsCount" : 0,
      "shouldDisplayMessage" : false,
      "hasContent" : false
    } ],
    "attachments" : [ ],
    "parameters" : [ ],
    "stepsCount" : 1,
    "attachmentsCount" : 0,
    "shouldDisplayMessage" : false,
    "hasContent" : true
  } ],
  "testStage" : {
    "description" : "Check that two links in Gear Deals section lead to the correct pages after click",
    "status" : "broken",
    "statusMessage" : "selenium.common.exceptions.TimeoutException: Message: \nStacktrace:\n#0 0x5619fd93594a <unknown>\n#1 0x5619fd3aa8a0 <unknown>\n#2 0x5619fd3fc540 <unknown>\n#3 0x5619fd3fc731 <unknown>\n#4 0x5619fd44a824 <unknown>\n#5 0x5619fd42205d <unknown>\n#6 0x5619fd447c23 <unknown>\n#7 0x5619fd421e03 <unknown>\n#8 0x5619fd3ee968 <unknown>\n#9 0x5619fd3ef5e1 <unknown>\n#10 0x5619fd8f9548 <unknown>\n#11 0x5619fd8fd272 <unknown>\n#12 0x5619fd8e0313 <unknown>\n#13 0x5619fd8fddc5 <unknown>\n#14 0x5619fd8c549f <unknown>\n#15 0x5619fd922158 <unknown>\n#16 0x5619fd922332 <unknown>\n#17 0x5619fd934a53 <unknown>\n#18 0x7f7e6269caa4 <unknown>\n#19 0x7f7e62729c3c <unknown>",
    "statusTrace" : "self = <test_sale.TestSalePage.TestPromoBlocks object at 0x7f9ca247c8f0>\nsale_page = <pages.sale_page.SalePage object at 0x7f9ca2350980>\nelement_locator = ('css selector', '.sale-main .more')\nexpected_title = 'Women Sale'\nexpected_url = 'https://magento.softwaretestingboard.com/promotions/women-sale.html'\n\n    @allure.title(\"TC 10.04.03, 10.04.06, 10.04.09 - \"\n                  \"Verify that links in Main block, 2 columns block open the correct pages\")\n    @pytest.mark.parametrize(\n        \"element_locator, expected_title, expected_url\",\n        zip(\n            MainContentPromoBlocks.MAIN_AND_2COLUMNS_BLOCKS_BUTTONS.values(),\n            expected_titles_promo_blocks.values(),\n            expected_urls_promo_blocks.values(),\n        )\n    )\n    def test_tc_10_04_03__06__09(self, sale_page, element_locator, expected_title, expected_url):\n        \"\"\"Check that two links in Gear Deals section lead to the correct pages after click\"\"\"\n>       element_in_promo_block = sale_page.element_is_clickable(element_locator)\n\ntests/test_sale.py:187: \n_ _ _ _ _ _ _ _ _ _ _ _ _ _ _ _ _ _ _ _ _ _ _ _ _ _ _ _ _ _ _ _ _ _ _ _ _ _ _ _ \npages/base_page.py:81: in element_is_clickable\n    return wait(self.driver, timeout).until(EC.element_to_be_clickable(locator))\n_ _ _ _ _ _ _ _ _ _ _ _ _ _ _ _ _ _ _ _ _ _ _ _ _ _ _ _ _ _ _ _ _ _ _ _ _ _ _ _ \n\nself = <selenium.webdriver.support.wait.WebDriverWait (session=\"5af625ab2772b144d4e3889374b40f11\")>\nmethod = <function element_to_be_clickable.<locals>._predicate at 0x7f9ca203a7a0>\nmessage = ''\n\n    def until(self, method, message: str = \"\"):\n        \"\"\"Calls the method provided with the driver as an argument until the \\\n        return value does not evaluate to ``False``.\n    \n        :param method: callable(WebDriver)\n        :param message: optional message for :exc:`TimeoutException`\n        :returns: the result of the last call to `method`\n        :raises: :exc:`selenium.common.exceptions.TimeoutException` if timeout occurs\n        \"\"\"\n        screen = None\n        stacktrace = None\n    \n        end_time = time.monotonic() + self._timeout\n        while True:\n            try:\n                value = method(self._driver)\n                if value:\n                    return value\n            except self._ignored_exceptions as exc:\n                screen = getattr(exc, \"screen\", None)\n                stacktrace = getattr(exc, \"stacktrace\", None)\n            time.sleep(self._poll)\n            if time.monotonic() > end_time:\n                break\n>       raise TimeoutException(message, screen, stacktrace)\nE       selenium.common.exceptions.TimeoutException: Message: \nE       Stacktrace:\nE       #0 0x5619fd93594a <unknown>\nE       #1 0x5619fd3aa8a0 <unknown>\nE       #2 0x5619fd3fc540 <unknown>\nE       #3 0x5619fd3fc731 <unknown>\nE       #4 0x5619fd44a824 <unknown>\nE       #5 0x5619fd42205d <unknown>\nE       #6 0x5619fd447c23 <unknown>\nE       #7 0x5619fd421e03 <unknown>\nE       #8 0x5619fd3ee968 <unknown>\nE       #9 0x5619fd3ef5e1 <unknown>\nE       #10 0x5619fd8f9548 <unknown>\nE       #11 0x5619fd8fd272 <unknown>\nE       #12 0x5619fd8e0313 <unknown>\nE       #13 0x5619fd8fddc5 <unknown>\nE       #14 0x5619fd8c549f <unknown>\nE       #15 0x5619fd922158 <unknown>\nE       #16 0x5619fd922332 <unknown>\nE       #17 0x5619fd934a53 <unknown>\nE       #18 0x7f7e6269caa4 <unknown>\nE       #19 0x7f7e62729c3c <unknown>\n\n/opt/hostedtoolcache/Python/3.12.3/x64/lib/python3.12/site-packages/selenium/webdriver/support/wait.py:95: TimeoutException",
    "steps" : [ {
      "name" : "Find clickable elements",
      "time" : {
        "start" : 1757900428784,
        "stop" : 1757900433883,
        "duration" : 5099
      },
      "status" : "broken",
      "statusMessage" : "selenium.common.exceptions.TimeoutException: Message: \nStacktrace:\n#0 0x5619fd93594a <unknown>\n#1 0x5619fd3aa8a0 <unknown>\n#2 0x5619fd3fc540 <unknown>\n#3 0x5619fd3fc731 <unknown>\n#4 0x5619fd44a824 <unknown>\n#5 0x5619fd42205d <unknown>\n#6 0x5619fd447c23 <unknown>\n#7 0x5619fd421e03 <unknown>\n#8 0x5619fd3ee968 <unknown>\n#9 0x5619fd3ef5e1 <unknown>\n#10 0x5619fd8f9548 <unknown>\n#11 0x5619fd8fd272 <unknown>\n#12 0x5619fd8e0313 <unknown>\n#13 0x5619fd8fddc5 <unknown>\n#14 0x5619fd8c549f <unknown>\n#15 0x5619fd922158 <unknown>\n#16 0x5619fd922332 <unknown>\n#17 0x5619fd934a53 <unknown>\n#18 0x7f7e6269caa4 <unknown>\n#19 0x7f7e62729c3c <unknown>\n\n",
      "statusTrace" : "  File \"/opt/hostedtoolcache/Python/3.12.3/x64/lib/python3.12/site-packages/allure_commons/_allure.py\", line 192, in impl\n    return func(*a, **kw)\n           ^^^^^^^^^^^^^^\n  File \"/home/runner/work/luma_project/luma_project/pages/base_page.py\", line 81, in element_is_clickable\n    return wait(self.driver, timeout).until(EC.element_to_be_clickable(locator))\n           ^^^^^^^^^^^^^^^^^^^^^^^^^^^^^^^^^^^^^^^^^^^^^^^^^^^^^^^^^^^^^^^^^^^^^\n  File \"/opt/hostedtoolcache/Python/3.12.3/x64/lib/python3.12/site-packages/selenium/webdriver/support/wait.py\", line 95, in until\n    raise TimeoutException(message, screen, stacktrace)\n",
      "steps" : [ ],
      "attachments" : [ ],
      "parameters" : [ {
        "name" : "locator",
        "value" : "('css selector', '.sale-main .more')"
      }, {
        "name" : "timeout",
        "value" : "5"
      } ],
      "stepsCount" : 0,
      "attachmentsCount" : 0,
      "shouldDisplayMessage" : true,
      "hasContent" : true
    } ],
    "attachments" : [ {
      "uid" : "9de5cd76e59030a9",
      "name" : "Screenshot",
      "source" : "9de5cd76e59030a9.png",
      "type" : "image/png",
      "size" : 23875
    }, {
      "uid" : "b4a4d03c3d57d96b",
      "name" : "HTML source",
      "source" : "b4a4d03c3d57d96b.html",
      "type" : "text/html",
      "size" : 786
    } ],
    "parameters" : [ ],
    "stepsCount" : 1,
    "attachmentsCount" : 2,
    "shouldDisplayMessage" : true,
    "hasContent" : true
  },
  "afterStages" : [ {
    "name" : "clear_allure_result_folder::0",
    "time" : {
      "start" : 1757901039531,
      "stop" : 1757901039531,
      "duration" : 0
    },
    "status" : "passed",
    "steps" : [ ],
    "attachments" : [ ],
    "parameters" : [ ],
    "stepsCount" : 0,
    "attachmentsCount" : 0,
    "shouldDisplayMessage" : false,
    "hasContent" : false
  }, {
    "name" : "driver::0",
    "time" : {
      "start" : 1757900433948,
      "stop" : 1757900434008,
      "duration" : 60
    },
    "status" : "passed",
    "steps" : [ ],
    "attachments" : [ ],
    "parameters" : [ ],
    "stepsCount" : 0,
    "attachmentsCount" : 0,
    "shouldDisplayMessage" : false,
    "hasContent" : false
  } ],
  "labels" : [ {
    "name" : "feature",
    "value" : "Testing Promo Blocks, Main Block (Women's Deals) and 2 columns block - Men's Bargain, Gear Steals"
  }, {
    "name" : "epic",
    "value" : "Sale Page"
  }, {
    "name" : "parentSuite",
    "value" : "tests"
  }, {
    "name" : "suite",
    "value" : "test_sale"
  }, {
    "name" : "subSuite",
    "value" : "TestSalePage"
  }, {
    "name" : "host",
    "value" : "runnervmf4ws1"
  }, {
    "name" : "thread",
    "value" : "3099-MainThread"
  }, {
    "name" : "framework",
    "value" : "pytest"
  }, {
    "name" : "language",
    "value" : "cpython3"
  }, {
    "name" : "package",
    "value" : "tests.test_sale"
  }, {
    "name" : "resultFormat",
    "value" : "allure2"
  } ],
  "parameters" : [ {
    "name" : "element_locator",
    "value" : "('css selector', '.sale-main .more')"
  }, {
    "name" : "expected_title",
    "value" : "'Women Sale'"
  }, {
    "name" : "expected_url",
    "value" : "'https://magento.softwaretestingboard.com/promotions/women-sale.html'"
  } ],
  "links" : [ ],
  "hidden" : false,
  "retry" : false,
  "extra" : {
    "severity" : "normal",
    "retries" : [ ],
    "categories" : [ {
      "name" : "Test defects",
      "matchedStatuses" : [ ],
      "flaky" : false
    } ],
    "tags" : [ ]
  },
  "source" : "7d7e9819904c217d.json",
  "parameterValues" : [ "('css selector', '.sale-main .more')", "'Women Sale'", "'https://magento.softwaretestingboard.com/promotions/women-sale.html'" ]
}