{
  "uid" : "81958006dc9ba9e9",
  "name" : "TC 01.03.22 correctness of the \"Tanks\" link of the \"Men\" section",
  "fullName" : "tests.test_header.TestHeader#test_tc_01_03_22_correctness_of_tanks_men_section_link",
  "historyId" : "624219791e9cdef93da4ca00906ee324",
  "time" : {
    "start" : 1757294615107,
    "stop" : 1757294620334,
    "duration" : 5227
  },
  "description" : "Check 'Tanks' subsection link click in 'Men' section redirects to the Tanks-men page and         the 'Tanks' header is displayed",
  "descriptionHtml" : "<p>Check 'Tanks' subsection link click in 'Men' section redirects to the Tanks-men page and         the 'Tanks' header is displayed</p>\n",
  "status" : "broken",
  "statusMessage" : "selenium.common.exceptions.TimeoutException: Message: \nStacktrace:\n#0 0x5587c9a6b08a <unknown>\n#1 0x5587c950aa70 <unknown>\n#2 0x5587c955c907 <unknown>\n#3 0x5587c955cb01 <unknown>\n#4 0x5587c95aad54 <unknown>\n#5 0x5587c958240d <unknown>\n#6 0x5587c95a814f <unknown>\n#7 0x5587c95821b3 <unknown>\n#8 0x5587c954e59b <unknown>\n#9 0x5587c954f971 <unknown>\n#10 0x5587c9a3025b <unknown>\n#11 0x5587c9a33fa9 <unknown>\n#12 0x5587c9a17339 <unknown>\n#13 0x5587c9a34b58 <unknown>\n#14 0x5587c99fbc1f <unknown>\n#15 0x5587c9a58118 <unknown>\n#16 0x5587c9a582f6 <unknown>\n#17 0x5587c9a6a066 <unknown>\n#18 0x7f59ce09caa4 <unknown>\n#19 0x7f59ce129c3c <unknown>",
  "statusTrace" : "self = <test_header.TestHeader object at 0x7f430ec5fbc0>\ndriver = <selenium.webdriver.chrome.webdriver.WebDriver (session=\"766525c1af761992cee522154d082a06\")>\n\n    @allure.title('TC 01.03.22 correctness of the \"Tanks\" link of the \"Men\" section')\n    def test_tc_01_03_22_correctness_of_tanks_men_section_link(self, driver):\n        \"\"\"Check 'Tanks' subsection link click in 'Men' section redirects to the Tanks-men page and \\\n        the 'Tanks' header is displayed\"\"\"\n        page = HeaderPage(driver, MAIN_PAGE_URL)\n        page.open()\n>       page.check_redirection_of_tanks_subsection_of_men_section_link()\n\ntests/test_header.py:384: \n_ _ _ _ _ _ _ _ _ _ _ _ _ _ _ _ _ _ _ _ _ _ _ _ _ _ _ _ _ _ _ _ _ _ _ _ _ _ _ _ \npages/header_page.py:298: in check_redirection_of_tanks_subsection_of_men_section_link\n    self.action_move_to_element(self.element_is_visible(self.header_locators.MEN_SECTION))\npages/base_page.py:30: in element_is_visible\n    self.go_to_element(self.element_is_present(locator))\npages/base_page.py:51: in element_is_present\n    return wait(self.driver, timeout).until(EC.presence_of_element_located(locator))\n_ _ _ _ _ _ _ _ _ _ _ _ _ _ _ _ _ _ _ _ _ _ _ _ _ _ _ _ _ _ _ _ _ _ _ _ _ _ _ _ \n\nself = <selenium.webdriver.support.wait.WebDriverWait (session=\"766525c1af761992cee522154d082a06\")>\nmethod = <function presence_of_element_located.<locals>._predicate at 0x7f430ef4a480>\nmessage = ''\n\n    def until(self, method, message: str = \"\"):\n        \"\"\"Calls the method provided with the driver as an argument until the \\\n        return value does not evaluate to ``False``.\n    \n        :param method: callable(WebDriver)\n        :param message: optional message for :exc:`TimeoutException`\n        :returns: the result of the last call to `method`\n        :raises: :exc:`selenium.common.exceptions.TimeoutException` if timeout occurs\n        \"\"\"\n        screen = None\n        stacktrace = None\n    \n        end_time = time.monotonic() + self._timeout\n        while True:\n            try:\n                value = method(self._driver)\n                if value:\n                    return value\n            except self._ignored_exceptions as exc:\n                screen = getattr(exc, \"screen\", None)\n                stacktrace = getattr(exc, \"stacktrace\", None)\n            time.sleep(self._poll)\n            if time.monotonic() > end_time:\n                break\n>       raise TimeoutException(message, screen, stacktrace)\nE       selenium.common.exceptions.TimeoutException: Message: \nE       Stacktrace:\nE       #0 0x5587c9a6b08a <unknown>\nE       #1 0x5587c950aa70 <unknown>\nE       #2 0x5587c955c907 <unknown>\nE       #3 0x5587c955cb01 <unknown>\nE       #4 0x5587c95aad54 <unknown>\nE       #5 0x5587c958240d <unknown>\nE       #6 0x5587c95a814f <unknown>\nE       #7 0x5587c95821b3 <unknown>\nE       #8 0x5587c954e59b <unknown>\nE       #9 0x5587c954f971 <unknown>\nE       #10 0x5587c9a3025b <unknown>\nE       #11 0x5587c9a33fa9 <unknown>\nE       #12 0x5587c9a17339 <unknown>\nE       #13 0x5587c9a34b58 <unknown>\nE       #14 0x5587c99fbc1f <unknown>\nE       #15 0x5587c9a58118 <unknown>\nE       #16 0x5587c9a582f6 <unknown>\nE       #17 0x5587c9a6a066 <unknown>\nE       #18 0x7f59ce09caa4 <unknown>\nE       #19 0x7f59ce129c3c <unknown>\n\n/opt/hostedtoolcache/Python/3.12.3/x64/lib/python3.12/site-packages/selenium/webdriver/support/wait.py:95: TimeoutException",
  "flaky" : false,
  "newFailed" : false,
  "beforeStages" : [ {
    "name" : "_session_faker",
    "time" : {
      "start" : 1757293755437,
      "stop" : 1757293755504,
      "duration" : 67
    },
    "status" : "passed",
    "steps" : [ ],
    "attachments" : [ ],
    "parameters" : [ ],
    "stepsCount" : 0,
    "attachmentsCount" : 0,
    "shouldDisplayMessage" : false,
    "hasContent" : false
  }, {
    "name" : "clear_allure_result_folder",
    "time" : {
      "start" : 1757293755504,
      "stop" : 1757293755504,
      "duration" : 0
    },
    "status" : "passed",
    "steps" : [ ],
    "attachments" : [ ],
    "parameters" : [ ],
    "stepsCount" : 0,
    "attachmentsCount" : 0,
    "shouldDisplayMessage" : false,
    "hasContent" : false
  }, {
    "name" : "driver",
    "time" : {
      "start" : 1757294613864,
      "stop" : 1757294615107,
      "duration" : 1243
    },
    "status" : "passed",
    "steps" : [ ],
    "attachments" : [ ],
    "parameters" : [ ],
    "stepsCount" : 0,
    "attachmentsCount" : 0,
    "shouldDisplayMessage" : false,
    "hasContent" : false
  } ],
  "testStage" : {
    "description" : "Check 'Tanks' subsection link click in 'Men' section redirects to the Tanks-men page and         the 'Tanks' header is displayed",
    "status" : "broken",
    "statusMessage" : "selenium.common.exceptions.TimeoutException: Message: \nStacktrace:\n#0 0x5587c9a6b08a <unknown>\n#1 0x5587c950aa70 <unknown>\n#2 0x5587c955c907 <unknown>\n#3 0x5587c955cb01 <unknown>\n#4 0x5587c95aad54 <unknown>\n#5 0x5587c958240d <unknown>\n#6 0x5587c95a814f <unknown>\n#7 0x5587c95821b3 <unknown>\n#8 0x5587c954e59b <unknown>\n#9 0x5587c954f971 <unknown>\n#10 0x5587c9a3025b <unknown>\n#11 0x5587c9a33fa9 <unknown>\n#12 0x5587c9a17339 <unknown>\n#13 0x5587c9a34b58 <unknown>\n#14 0x5587c99fbc1f <unknown>\n#15 0x5587c9a58118 <unknown>\n#16 0x5587c9a582f6 <unknown>\n#17 0x5587c9a6a066 <unknown>\n#18 0x7f59ce09caa4 <unknown>\n#19 0x7f59ce129c3c <unknown>",
    "statusTrace" : "self = <test_header.TestHeader object at 0x7f430ec5fbc0>\ndriver = <selenium.webdriver.chrome.webdriver.WebDriver (session=\"766525c1af761992cee522154d082a06\")>\n\n    @allure.title('TC 01.03.22 correctness of the \"Tanks\" link of the \"Men\" section')\n    def test_tc_01_03_22_correctness_of_tanks_men_section_link(self, driver):\n        \"\"\"Check 'Tanks' subsection link click in 'Men' section redirects to the Tanks-men page and \\\n        the 'Tanks' header is displayed\"\"\"\n        page = HeaderPage(driver, MAIN_PAGE_URL)\n        page.open()\n>       page.check_redirection_of_tanks_subsection_of_men_section_link()\n\ntests/test_header.py:384: \n_ _ _ _ _ _ _ _ _ _ _ _ _ _ _ _ _ _ _ _ _ _ _ _ _ _ _ _ _ _ _ _ _ _ _ _ _ _ _ _ \npages/header_page.py:298: in check_redirection_of_tanks_subsection_of_men_section_link\n    self.action_move_to_element(self.element_is_visible(self.header_locators.MEN_SECTION))\npages/base_page.py:30: in element_is_visible\n    self.go_to_element(self.element_is_present(locator))\npages/base_page.py:51: in element_is_present\n    return wait(self.driver, timeout).until(EC.presence_of_element_located(locator))\n_ _ _ _ _ _ _ _ _ _ _ _ _ _ _ _ _ _ _ _ _ _ _ _ _ _ _ _ _ _ _ _ _ _ _ _ _ _ _ _ \n\nself = <selenium.webdriver.support.wait.WebDriverWait (session=\"766525c1af761992cee522154d082a06\")>\nmethod = <function presence_of_element_located.<locals>._predicate at 0x7f430ef4a480>\nmessage = ''\n\n    def until(self, method, message: str = \"\"):\n        \"\"\"Calls the method provided with the driver as an argument until the \\\n        return value does not evaluate to ``False``.\n    \n        :param method: callable(WebDriver)\n        :param message: optional message for :exc:`TimeoutException`\n        :returns: the result of the last call to `method`\n        :raises: :exc:`selenium.common.exceptions.TimeoutException` if timeout occurs\n        \"\"\"\n        screen = None\n        stacktrace = None\n    \n        end_time = time.monotonic() + self._timeout\n        while True:\n            try:\n                value = method(self._driver)\n                if value:\n                    return value\n            except self._ignored_exceptions as exc:\n                screen = getattr(exc, \"screen\", None)\n                stacktrace = getattr(exc, \"stacktrace\", None)\n            time.sleep(self._poll)\n            if time.monotonic() > end_time:\n                break\n>       raise TimeoutException(message, screen, stacktrace)\nE       selenium.common.exceptions.TimeoutException: Message: \nE       Stacktrace:\nE       #0 0x5587c9a6b08a <unknown>\nE       #1 0x5587c950aa70 <unknown>\nE       #2 0x5587c955c907 <unknown>\nE       #3 0x5587c955cb01 <unknown>\nE       #4 0x5587c95aad54 <unknown>\nE       #5 0x5587c958240d <unknown>\nE       #6 0x5587c95a814f <unknown>\nE       #7 0x5587c95821b3 <unknown>\nE       #8 0x5587c954e59b <unknown>\nE       #9 0x5587c954f971 <unknown>\nE       #10 0x5587c9a3025b <unknown>\nE       #11 0x5587c9a33fa9 <unknown>\nE       #12 0x5587c9a17339 <unknown>\nE       #13 0x5587c9a34b58 <unknown>\nE       #14 0x5587c99fbc1f <unknown>\nE       #15 0x5587c9a58118 <unknown>\nE       #16 0x5587c9a582f6 <unknown>\nE       #17 0x5587c9a6a066 <unknown>\nE       #18 0x7f59ce09caa4 <unknown>\nE       #19 0x7f59ce129c3c <unknown>\n\n/opt/hostedtoolcache/Python/3.12.3/x64/lib/python3.12/site-packages/selenium/webdriver/support/wait.py:95: TimeoutException",
    "steps" : [ {
      "name" : "Open a browser",
      "time" : {
        "start" : 1757294615108,
        "stop" : 1757294615212,
        "duration" : 104
      },
      "status" : "passed",
      "steps" : [ ],
      "attachments" : [ ],
      "parameters" : [ ],
      "stepsCount" : 0,
      "attachmentsCount" : 0,
      "shouldDisplayMessage" : false,
      "hasContent" : false
    }, {
      "name" : "Check redirection of the \"Tanks\" subsection of \"Men\" section link",
      "time" : {
        "start" : 1757294615212,
        "stop" : 1757294620334,
        "duration" : 5122
      },
      "status" : "broken",
      "statusMessage" : "selenium.common.exceptions.TimeoutException: Message: \nStacktrace:\n#0 0x5587c9a6b08a <unknown>\n#1 0x5587c950aa70 <unknown>\n#2 0x5587c955c907 <unknown>\n#3 0x5587c955cb01 <unknown>\n#4 0x5587c95aad54 <unknown>\n#5 0x5587c958240d <unknown>\n#6 0x5587c95a814f <unknown>\n#7 0x5587c95821b3 <unknown>\n#8 0x5587c954e59b <unknown>\n#9 0x5587c954f971 <unknown>\n#10 0x5587c9a3025b <unknown>\n#11 0x5587c9a33fa9 <unknown>\n#12 0x5587c9a17339 <unknown>\n#13 0x5587c9a34b58 <unknown>\n#14 0x5587c99fbc1f <unknown>\n#15 0x5587c9a58118 <unknown>\n#16 0x5587c9a582f6 <unknown>\n#17 0x5587c9a6a066 <unknown>\n#18 0x7f59ce09caa4 <unknown>\n#19 0x7f59ce129c3c <unknown>\n\n",
      "statusTrace" : "  File \"/opt/hostedtoolcache/Python/3.12.3/x64/lib/python3.12/site-packages/allure_commons/_allure.py\", line 192, in impl\n    return func(*a, **kw)\n           ^^^^^^^^^^^^^^\n  File \"/home/runner/work/luma_project/luma_project/pages/header_page.py\", line 298, in check_redirection_of_tanks_subsection_of_men_section_link\n    self.action_move_to_element(self.element_is_visible(self.header_locators.MEN_SECTION))\n                                ^^^^^^^^^^^^^^^^^^^^^^^^^^^^^^^^^^^^^^^^^^^^^^^^^^^^^^^^^\n  File \"/opt/hostedtoolcache/Python/3.12.3/x64/lib/python3.12/site-packages/allure_commons/_allure.py\", line 192, in impl\n    return func(*a, **kw)\n           ^^^^^^^^^^^^^^\n  File \"/home/runner/work/luma_project/luma_project/pages/base_page.py\", line 30, in element_is_visible\n    self.go_to_element(self.element_is_present(locator))\n                       ^^^^^^^^^^^^^^^^^^^^^^^^^^^^^^^^\n  File \"/opt/hostedtoolcache/Python/3.12.3/x64/lib/python3.12/site-packages/allure_commons/_allure.py\", line 192, in impl\n    return func(*a, **kw)\n           ^^^^^^^^^^^^^^\n  File \"/home/runner/work/luma_project/luma_project/pages/base_page.py\", line 51, in element_is_present\n    return wait(self.driver, timeout).until(EC.presence_of_element_located(locator))\n           ^^^^^^^^^^^^^^^^^^^^^^^^^^^^^^^^^^^^^^^^^^^^^^^^^^^^^^^^^^^^^^^^^^^^^^^^^\n  File \"/opt/hostedtoolcache/Python/3.12.3/x64/lib/python3.12/site-packages/selenium/webdriver/support/wait.py\", line 95, in until\n    raise TimeoutException(message, screen, stacktrace)\n",
      "steps" : [ {
        "name" : "Find a visible element",
        "time" : {
          "start" : 1757294615212,
          "stop" : 1757294620334,
          "duration" : 5122
        },
        "status" : "broken",
        "statusMessage" : "selenium.common.exceptions.TimeoutException: Message: \nStacktrace:\n#0 0x5587c9a6b08a <unknown>\n#1 0x5587c950aa70 <unknown>\n#2 0x5587c955c907 <unknown>\n#3 0x5587c955cb01 <unknown>\n#4 0x5587c95aad54 <unknown>\n#5 0x5587c958240d <unknown>\n#6 0x5587c95a814f <unknown>\n#7 0x5587c95821b3 <unknown>\n#8 0x5587c954e59b <unknown>\n#9 0x5587c954f971 <unknown>\n#10 0x5587c9a3025b <unknown>\n#11 0x5587c9a33fa9 <unknown>\n#12 0x5587c9a17339 <unknown>\n#13 0x5587c9a34b58 <unknown>\n#14 0x5587c99fbc1f <unknown>\n#15 0x5587c9a58118 <unknown>\n#16 0x5587c9a582f6 <unknown>\n#17 0x5587c9a6a066 <unknown>\n#18 0x7f59ce09caa4 <unknown>\n#19 0x7f59ce129c3c <unknown>\n\n",
        "statusTrace" : "  File \"/opt/hostedtoolcache/Python/3.12.3/x64/lib/python3.12/site-packages/allure_commons/_allure.py\", line 192, in impl\n    return func(*a, **kw)\n           ^^^^^^^^^^^^^^\n  File \"/home/runner/work/luma_project/luma_project/pages/base_page.py\", line 30, in element_is_visible\n    self.go_to_element(self.element_is_present(locator))\n                       ^^^^^^^^^^^^^^^^^^^^^^^^^^^^^^^^\n  File \"/opt/hostedtoolcache/Python/3.12.3/x64/lib/python3.12/site-packages/allure_commons/_allure.py\", line 192, in impl\n    return func(*a, **kw)\n           ^^^^^^^^^^^^^^\n  File \"/home/runner/work/luma_project/luma_project/pages/base_page.py\", line 51, in element_is_present\n    return wait(self.driver, timeout).until(EC.presence_of_element_located(locator))\n           ^^^^^^^^^^^^^^^^^^^^^^^^^^^^^^^^^^^^^^^^^^^^^^^^^^^^^^^^^^^^^^^^^^^^^^^^^\n  File \"/opt/hostedtoolcache/Python/3.12.3/x64/lib/python3.12/site-packages/selenium/webdriver/support/wait.py\", line 95, in until\n    raise TimeoutException(message, screen, stacktrace)\n",
        "steps" : [ {
          "name" : "Find a present element",
          "time" : {
            "start" : 1757294615213,
            "stop" : 1757294620333,
            "duration" : 5120
          },
          "status" : "broken",
          "statusMessage" : "selenium.common.exceptions.TimeoutException: Message: \nStacktrace:\n#0 0x5587c9a6b08a <unknown>\n#1 0x5587c950aa70 <unknown>\n#2 0x5587c955c907 <unknown>\n#3 0x5587c955cb01 <unknown>\n#4 0x5587c95aad54 <unknown>\n#5 0x5587c958240d <unknown>\n#6 0x5587c95a814f <unknown>\n#7 0x5587c95821b3 <unknown>\n#8 0x5587c954e59b <unknown>\n#9 0x5587c954f971 <unknown>\n#10 0x5587c9a3025b <unknown>\n#11 0x5587c9a33fa9 <unknown>\n#12 0x5587c9a17339 <unknown>\n#13 0x5587c9a34b58 <unknown>\n#14 0x5587c99fbc1f <unknown>\n#15 0x5587c9a58118 <unknown>\n#16 0x5587c9a582f6 <unknown>\n#17 0x5587c9a6a066 <unknown>\n#18 0x7f59ce09caa4 <unknown>\n#19 0x7f59ce129c3c <unknown>\n\n",
          "statusTrace" : "  File \"/opt/hostedtoolcache/Python/3.12.3/x64/lib/python3.12/site-packages/allure_commons/_allure.py\", line 192, in impl\n    return func(*a, **kw)\n           ^^^^^^^^^^^^^^\n  File \"/home/runner/work/luma_project/luma_project/pages/base_page.py\", line 51, in element_is_present\n    return wait(self.driver, timeout).until(EC.presence_of_element_located(locator))\n           ^^^^^^^^^^^^^^^^^^^^^^^^^^^^^^^^^^^^^^^^^^^^^^^^^^^^^^^^^^^^^^^^^^^^^^^^^\n  File \"/opt/hostedtoolcache/Python/3.12.3/x64/lib/python3.12/site-packages/selenium/webdriver/support/wait.py\", line 95, in until\n    raise TimeoutException(message, screen, stacktrace)\n",
          "steps" : [ ],
          "attachments" : [ ],
          "parameters" : [ {
            "name" : "locator",
            "value" : "('id', 'ui-id-5')"
          }, {
            "name" : "timeout",
            "value" : "5"
          } ],
          "stepsCount" : 0,
          "attachmentsCount" : 0,
          "shouldDisplayMessage" : true,
          "hasContent" : true
        } ],
        "attachments" : [ ],
        "parameters" : [ {
          "name" : "locator",
          "value" : "('id', 'ui-id-5')"
        }, {
          "name" : "timeout",
          "value" : "10"
        } ],
        "stepsCount" : 1,
        "attachmentsCount" : 0,
        "shouldDisplayMessage" : false,
        "hasContent" : true
      } ],
      "attachments" : [ ],
      "parameters" : [ ],
      "stepsCount" : 2,
      "attachmentsCount" : 0,
      "shouldDisplayMessage" : false,
      "hasContent" : true
    } ],
    "attachments" : [ {
      "uid" : "2be51e20acb3684",
      "name" : "Screenshot",
      "source" : "2be51e20acb3684.png",
      "type" : "image/png",
      "size" : 23875
    }, {
      "uid" : "e08281c4919676dc",
      "name" : "HTML source",
      "source" : "e08281c4919676dc.html",
      "type" : "text/html",
      "size" : 786
    } ],
    "parameters" : [ ],
    "stepsCount" : 4,
    "attachmentsCount" : 2,
    "shouldDisplayMessage" : true,
    "hasContent" : true
  },
  "afterStages" : [ {
    "name" : "clear_allure_result_folder::0",
    "time" : {
      "start" : 1757296196170,
      "stop" : 1757296196170,
      "duration" : 0
    },
    "status" : "passed",
    "steps" : [ ],
    "attachments" : [ ],
    "parameters" : [ ],
    "stepsCount" : 0,
    "attachmentsCount" : 0,
    "shouldDisplayMessage" : false,
    "hasContent" : false
  }, {
    "name" : "driver::0",
    "time" : {
      "start" : 1757294620418,
      "stop" : 1757294620477,
      "duration" : 59
    },
    "status" : "passed",
    "steps" : [ ],
    "attachments" : [ ],
    "parameters" : [ ],
    "stepsCount" : 0,
    "attachmentsCount" : 0,
    "shouldDisplayMessage" : false,
    "hasContent" : false
  } ],
  "labels" : [ {
    "name" : "epic",
    "value" : "Test Header"
  }, {
    "name" : "parentSuite",
    "value" : "tests"
  }, {
    "name" : "suite",
    "value" : "test_header"
  }, {
    "name" : "subSuite",
    "value" : "TestHeader"
  }, {
    "name" : "host",
    "value" : "pkrvm7jw40e0xgp"
  }, {
    "name" : "thread",
    "value" : "3126-MainThread"
  }, {
    "name" : "framework",
    "value" : "pytest"
  }, {
    "name" : "language",
    "value" : "cpython3"
  }, {
    "name" : "package",
    "value" : "tests.test_header"
  }, {
    "name" : "resultFormat",
    "value" : "allure2"
  } ],
  "parameters" : [ ],
  "links" : [ ],
  "hidden" : false,
  "retry" : false,
  "extra" : {
    "severity" : "normal",
    "retries" : [ ],
    "categories" : [ {
      "name" : "Test defects",
      "matchedStatuses" : [ ],
      "flaky" : false
    } ],
    "tags" : [ ]
  },
  "source" : "81958006dc9ba9e9.json",
  "parameterValues" : [ ]
}