{
  "uid" : "82aab2c003e006d4",
  "name" : "TC 13.01.45 - Check block 2 'home-t-shirts' in section 2 of the Promo Block is present in the DOM tree",
  "fullName" : "tests.test_main_page.TestPromoBlock#test_tc_13_01_45_check_block2_in_section2_is_present",
  "historyId" : "b2990700aa81ab309bfebec2ac4ead86",
  "time" : {
    "start" : 1750642485770,
    "stop" : 1750642492602,
    "duration" : 6832
  },
  "description" : "This test checks if block 2 'home-t-shirts' in section 2 in the Promo Block is present\n            in the DOM tree on the main page",
  "descriptionHtml" : "<p>This test checks if block 2 'home-t-shirts' in section 2 in the Promo Block is present\nin the DOM tree on the main page</p>\n",
  "status" : "broken",
  "statusMessage" : "selenium.common.exceptions.TimeoutException: Message: \nStacktrace:\n#0 0x562556eb1c9a <unknown>\n#1 0x5625569576e0 <unknown>\n#2 0x5625569a9117 <unknown>\n#3 0x5625569a9311 <unknown>\n#4 0x5625569f7ec4 <unknown>\n#5 0x5625569cee5d <unknown>\n#6 0x5625569f52cc <unknown>\n#7 0x5625569cec03 <unknown>\n#8 0x56255699b47b <unknown>\n#9 0x56255699c0e1 <unknown>\n#10 0x562556e7644b <unknown>\n#11 0x562556e7a37f <unknown>\n#12 0x562556e5df89 <unknown>\n#13 0x562556e7af18 <unknown>\n#14 0x562556e426df <unknown>\n#15 0x562556e9f308 <unknown>\n#16 0x562556e9f4e6 <unknown>\n#17 0x562556eb0b76 <unknown>\n#18 0x7f883369caa4 <unknown>\n#19 0x7f8833729c3c <unknown>",
  "statusTrace" : "self = <test_main_page.TestMainPage.TestPromoBlock object at 0x7fd0567b4aa0>\ndriver = <selenium.webdriver.chrome.webdriver.WebDriver (session=\"44947b4381a9b737baf9d279601d95be\")>\n\n    @allure.title(\"TC 13.01.45 - Check block 2 'home-t-shirts' in section 2 of the Promo Block is present \"\n                  \"in the DOM tree\")\n    def test_tc_13_01_45_check_block2_in_section2_is_present(self, driver):\n        \"\"\"This test checks if block 2 'home-t-shirts' in section 2 in the Promo Block is present\n        in the DOM tree on the main page\"\"\"\n        page = PromoBlock(driver, MAIN_PAGE_URL)\n        page.open()\n>       block2_section2 = page.check_block2_section2_is_present()\n\ntests/test_main_page.py:594: \n_ _ _ _ _ _ _ _ _ _ _ _ _ _ _ _ _ _ _ _ _ _ _ _ _ _ _ _ _ _ _ _ _ _ _ _ _ _ _ _ \npages/main_page.py:211: in check_block2_section2_is_present\n    return self.element_is_present(self.locators.SECTION_2_BLOCK_2)\npages/base_page.py:51: in element_is_present\n    return wait(self.driver, timeout).until(EC.presence_of_element_located(locator))\n_ _ _ _ _ _ _ _ _ _ _ _ _ _ _ _ _ _ _ _ _ _ _ _ _ _ _ _ _ _ _ _ _ _ _ _ _ _ _ _ \n\nself = <selenium.webdriver.support.wait.WebDriverWait (session=\"44947b4381a9b737baf9d279601d95be\")>\nmethod = <function presence_of_element_located.<locals>._predicate at 0x7fd0563963e0>\nmessage = ''\n\n    def until(self, method, message: str = \"\"):\n        \"\"\"Calls the method provided with the driver as an argument until the \\\n        return value does not evaluate to ``False``.\n    \n        :param method: callable(WebDriver)\n        :param message: optional message for :exc:`TimeoutException`\n        :returns: the result of the last call to `method`\n        :raises: :exc:`selenium.common.exceptions.TimeoutException` if timeout occurs\n        \"\"\"\n        screen = None\n        stacktrace = None\n    \n        end_time = time.monotonic() + self._timeout\n        while True:\n            try:\n                value = method(self._driver)\n                if value:\n                    return value\n            except self._ignored_exceptions as exc:\n                screen = getattr(exc, \"screen\", None)\n                stacktrace = getattr(exc, \"stacktrace\", None)\n            time.sleep(self._poll)\n            if time.monotonic() > end_time:\n                break\n>       raise TimeoutException(message, screen, stacktrace)\nE       selenium.common.exceptions.TimeoutException: Message: \nE       Stacktrace:\nE       #0 0x562556eb1c9a <unknown>\nE       #1 0x5625569576e0 <unknown>\nE       #2 0x5625569a9117 <unknown>\nE       #3 0x5625569a9311 <unknown>\nE       #4 0x5625569f7ec4 <unknown>\nE       #5 0x5625569cee5d <unknown>\nE       #6 0x5625569f52cc <unknown>\nE       #7 0x5625569cec03 <unknown>\nE       #8 0x56255699b47b <unknown>\nE       #9 0x56255699c0e1 <unknown>\nE       #10 0x562556e7644b <unknown>\nE       #11 0x562556e7a37f <unknown>\nE       #12 0x562556e5df89 <unknown>\nE       #13 0x562556e7af18 <unknown>\nE       #14 0x562556e426df <unknown>\nE       #15 0x562556e9f308 <unknown>\nE       #16 0x562556e9f4e6 <unknown>\nE       #17 0x562556eb0b76 <unknown>\nE       #18 0x7f883369caa4 <unknown>\nE       #19 0x7f8833729c3c <unknown>\n\n/opt/hostedtoolcache/Python/3.12.3/x64/lib/python3.12/site-packages/selenium/webdriver/support/wait.py:95: TimeoutException",
  "flaky" : false,
  "newFailed" : false,
  "beforeStages" : [ {
    "name" : "_session_faker",
    "time" : {
      "start" : 1750641429906,
      "stop" : 1750641429975,
      "duration" : 69
    },
    "status" : "passed",
    "steps" : [ ],
    "attachments" : [ ],
    "parameters" : [ ],
    "stepsCount" : 0,
    "attachmentsCount" : 0,
    "shouldDisplayMessage" : false,
    "hasContent" : false
  }, {
    "name" : "clear_allure_result_folder",
    "time" : {
      "start" : 1750641429975,
      "stop" : 1750641429975,
      "duration" : 0
    },
    "status" : "passed",
    "steps" : [ ],
    "attachments" : [ ],
    "parameters" : [ ],
    "stepsCount" : 0,
    "attachmentsCount" : 0,
    "shouldDisplayMessage" : false,
    "hasContent" : false
  }, {
    "name" : "driver",
    "time" : {
      "start" : 1750642484497,
      "stop" : 1750642485770,
      "duration" : 1273
    },
    "status" : "passed",
    "steps" : [ ],
    "attachments" : [ ],
    "parameters" : [ ],
    "stepsCount" : 0,
    "attachmentsCount" : 0,
    "shouldDisplayMessage" : false,
    "hasContent" : false
  } ],
  "testStage" : {
    "description" : "This test checks if block 2 'home-t-shirts' in section 2 in the Promo Block is present\n            in the DOM tree on the main page",
    "status" : "broken",
    "statusMessage" : "selenium.common.exceptions.TimeoutException: Message: \nStacktrace:\n#0 0x562556eb1c9a <unknown>\n#1 0x5625569576e0 <unknown>\n#2 0x5625569a9117 <unknown>\n#3 0x5625569a9311 <unknown>\n#4 0x5625569f7ec4 <unknown>\n#5 0x5625569cee5d <unknown>\n#6 0x5625569f52cc <unknown>\n#7 0x5625569cec03 <unknown>\n#8 0x56255699b47b <unknown>\n#9 0x56255699c0e1 <unknown>\n#10 0x562556e7644b <unknown>\n#11 0x562556e7a37f <unknown>\n#12 0x562556e5df89 <unknown>\n#13 0x562556e7af18 <unknown>\n#14 0x562556e426df <unknown>\n#15 0x562556e9f308 <unknown>\n#16 0x562556e9f4e6 <unknown>\n#17 0x562556eb0b76 <unknown>\n#18 0x7f883369caa4 <unknown>\n#19 0x7f8833729c3c <unknown>",
    "statusTrace" : "self = <test_main_page.TestMainPage.TestPromoBlock object at 0x7fd0567b4aa0>\ndriver = <selenium.webdriver.chrome.webdriver.WebDriver (session=\"44947b4381a9b737baf9d279601d95be\")>\n\n    @allure.title(\"TC 13.01.45 - Check block 2 'home-t-shirts' in section 2 of the Promo Block is present \"\n                  \"in the DOM tree\")\n    def test_tc_13_01_45_check_block2_in_section2_is_present(self, driver):\n        \"\"\"This test checks if block 2 'home-t-shirts' in section 2 in the Promo Block is present\n        in the DOM tree on the main page\"\"\"\n        page = PromoBlock(driver, MAIN_PAGE_URL)\n        page.open()\n>       block2_section2 = page.check_block2_section2_is_present()\n\ntests/test_main_page.py:594: \n_ _ _ _ _ _ _ _ _ _ _ _ _ _ _ _ _ _ _ _ _ _ _ _ _ _ _ _ _ _ _ _ _ _ _ _ _ _ _ _ \npages/main_page.py:211: in check_block2_section2_is_present\n    return self.element_is_present(self.locators.SECTION_2_BLOCK_2)\npages/base_page.py:51: in element_is_present\n    return wait(self.driver, timeout).until(EC.presence_of_element_located(locator))\n_ _ _ _ _ _ _ _ _ _ _ _ _ _ _ _ _ _ _ _ _ _ _ _ _ _ _ _ _ _ _ _ _ _ _ _ _ _ _ _ \n\nself = <selenium.webdriver.support.wait.WebDriverWait (session=\"44947b4381a9b737baf9d279601d95be\")>\nmethod = <function presence_of_element_located.<locals>._predicate at 0x7fd0563963e0>\nmessage = ''\n\n    def until(self, method, message: str = \"\"):\n        \"\"\"Calls the method provided with the driver as an argument until the \\\n        return value does not evaluate to ``False``.\n    \n        :param method: callable(WebDriver)\n        :param message: optional message for :exc:`TimeoutException`\n        :returns: the result of the last call to `method`\n        :raises: :exc:`selenium.common.exceptions.TimeoutException` if timeout occurs\n        \"\"\"\n        screen = None\n        stacktrace = None\n    \n        end_time = time.monotonic() + self._timeout\n        while True:\n            try:\n                value = method(self._driver)\n                if value:\n                    return value\n            except self._ignored_exceptions as exc:\n                screen = getattr(exc, \"screen\", None)\n                stacktrace = getattr(exc, \"stacktrace\", None)\n            time.sleep(self._poll)\n            if time.monotonic() > end_time:\n                break\n>       raise TimeoutException(message, screen, stacktrace)\nE       selenium.common.exceptions.TimeoutException: Message: \nE       Stacktrace:\nE       #0 0x562556eb1c9a <unknown>\nE       #1 0x5625569576e0 <unknown>\nE       #2 0x5625569a9117 <unknown>\nE       #3 0x5625569a9311 <unknown>\nE       #4 0x5625569f7ec4 <unknown>\nE       #5 0x5625569cee5d <unknown>\nE       #6 0x5625569f52cc <unknown>\nE       #7 0x5625569cec03 <unknown>\nE       #8 0x56255699b47b <unknown>\nE       #9 0x56255699c0e1 <unknown>\nE       #10 0x562556e7644b <unknown>\nE       #11 0x562556e7a37f <unknown>\nE       #12 0x562556e5df89 <unknown>\nE       #13 0x562556e7af18 <unknown>\nE       #14 0x562556e426df <unknown>\nE       #15 0x562556e9f308 <unknown>\nE       #16 0x562556e9f4e6 <unknown>\nE       #17 0x562556eb0b76 <unknown>\nE       #18 0x7f883369caa4 <unknown>\nE       #19 0x7f8833729c3c <unknown>\n\n/opt/hostedtoolcache/Python/3.12.3/x64/lib/python3.12/site-packages/selenium/webdriver/support/wait.py:95: TimeoutException",
    "steps" : [ {
      "name" : "Open a browser",
      "time" : {
        "start" : 1750642485770,
        "stop" : 1750642487182,
        "duration" : 1412
      },
      "status" : "passed",
      "steps" : [ ],
      "attachments" : [ ],
      "parameters" : [ ],
      "stepsCount" : 0,
      "attachmentsCount" : 0,
      "shouldDisplayMessage" : false,
      "hasContent" : false
    }, {
      "name" : "Check block 2 'home-t-shirts' in section 2 of the Promo Block is present in the DOM tree",
      "time" : {
        "start" : 1750642487182,
        "stop" : 1750642492601,
        "duration" : 5419
      },
      "status" : "broken",
      "statusMessage" : "selenium.common.exceptions.TimeoutException: Message: \nStacktrace:\n#0 0x562556eb1c9a <unknown>\n#1 0x5625569576e0 <unknown>\n#2 0x5625569a9117 <unknown>\n#3 0x5625569a9311 <unknown>\n#4 0x5625569f7ec4 <unknown>\n#5 0x5625569cee5d <unknown>\n#6 0x5625569f52cc <unknown>\n#7 0x5625569cec03 <unknown>\n#8 0x56255699b47b <unknown>\n#9 0x56255699c0e1 <unknown>\n#10 0x562556e7644b <unknown>\n#11 0x562556e7a37f <unknown>\n#12 0x562556e5df89 <unknown>\n#13 0x562556e7af18 <unknown>\n#14 0x562556e426df <unknown>\n#15 0x562556e9f308 <unknown>\n#16 0x562556e9f4e6 <unknown>\n#17 0x562556eb0b76 <unknown>\n#18 0x7f883369caa4 <unknown>\n#19 0x7f8833729c3c <unknown>\n\n",
      "statusTrace" : "  File \"/opt/hostedtoolcache/Python/3.12.3/x64/lib/python3.12/site-packages/allure_commons/_allure.py\", line 192, in impl\n    return func(*a, **kw)\n           ^^^^^^^^^^^^^^\n  File \"/home/runner/work/luma_project/luma_project/pages/main_page.py\", line 211, in check_block2_section2_is_present\n    return self.element_is_present(self.locators.SECTION_2_BLOCK_2)\n           ^^^^^^^^^^^^^^^^^^^^^^^^^^^^^^^^^^^^^^^^^^^^^^^^^^^^^^^^\n  File \"/opt/hostedtoolcache/Python/3.12.3/x64/lib/python3.12/site-packages/allure_commons/_allure.py\", line 192, in impl\n    return func(*a, **kw)\n           ^^^^^^^^^^^^^^\n  File \"/home/runner/work/luma_project/luma_project/pages/base_page.py\", line 51, in element_is_present\n    return wait(self.driver, timeout).until(EC.presence_of_element_located(locator))\n           ^^^^^^^^^^^^^^^^^^^^^^^^^^^^^^^^^^^^^^^^^^^^^^^^^^^^^^^^^^^^^^^^^^^^^^^^^\n  File \"/opt/hostedtoolcache/Python/3.12.3/x64/lib/python3.12/site-packages/selenium/webdriver/support/wait.py\", line 95, in until\n    raise TimeoutException(message, screen, stacktrace)\n",
      "steps" : [ {
        "name" : "Find a present element",
        "time" : {
          "start" : 1750642487183,
          "stop" : 1750642492601,
          "duration" : 5418
        },
        "status" : "broken",
        "statusMessage" : "selenium.common.exceptions.TimeoutException: Message: \nStacktrace:\n#0 0x562556eb1c9a <unknown>\n#1 0x5625569576e0 <unknown>\n#2 0x5625569a9117 <unknown>\n#3 0x5625569a9311 <unknown>\n#4 0x5625569f7ec4 <unknown>\n#5 0x5625569cee5d <unknown>\n#6 0x5625569f52cc <unknown>\n#7 0x5625569cec03 <unknown>\n#8 0x56255699b47b <unknown>\n#9 0x56255699c0e1 <unknown>\n#10 0x562556e7644b <unknown>\n#11 0x562556e7a37f <unknown>\n#12 0x562556e5df89 <unknown>\n#13 0x562556e7af18 <unknown>\n#14 0x562556e426df <unknown>\n#15 0x562556e9f308 <unknown>\n#16 0x562556e9f4e6 <unknown>\n#17 0x562556eb0b76 <unknown>\n#18 0x7f883369caa4 <unknown>\n#19 0x7f8833729c3c <unknown>\n\n",
        "statusTrace" : "  File \"/opt/hostedtoolcache/Python/3.12.3/x64/lib/python3.12/site-packages/allure_commons/_allure.py\", line 192, in impl\n    return func(*a, **kw)\n           ^^^^^^^^^^^^^^\n  File \"/home/runner/work/luma_project/luma_project/pages/base_page.py\", line 51, in element_is_present\n    return wait(self.driver, timeout).until(EC.presence_of_element_located(locator))\n           ^^^^^^^^^^^^^^^^^^^^^^^^^^^^^^^^^^^^^^^^^^^^^^^^^^^^^^^^^^^^^^^^^^^^^^^^^\n  File \"/opt/hostedtoolcache/Python/3.12.3/x64/lib/python3.12/site-packages/selenium/webdriver/support/wait.py\", line 95, in until\n    raise TimeoutException(message, screen, stacktrace)\n",
        "steps" : [ ],
        "attachments" : [ ],
        "parameters" : [ {
          "name" : "locator",
          "value" : "('css selector', '.home-t-shirts')"
        }, {
          "name" : "timeout",
          "value" : "5"
        } ],
        "stepsCount" : 0,
        "attachmentsCount" : 0,
        "shouldDisplayMessage" : true,
        "hasContent" : true
      } ],
      "attachments" : [ ],
      "parameters" : [ ],
      "stepsCount" : 1,
      "attachmentsCount" : 0,
      "shouldDisplayMessage" : false,
      "hasContent" : true
    } ],
    "attachments" : [ {
      "uid" : "f8a99fc197487f37",
      "name" : "Screenshot",
      "source" : "f8a99fc197487f37.png",
      "type" : "image/png",
      "size" : 556258
    }, {
      "uid" : "22983983553033a1",
      "name" : "HTML source",
      "source" : "22983983553033a1.html",
      "type" : "text/html",
      "size" : 185703
    } ],
    "parameters" : [ ],
    "stepsCount" : 3,
    "attachmentsCount" : 2,
    "shouldDisplayMessage" : true,
    "hasContent" : true
  },
  "afterStages" : [ {
    "name" : "clear_allure_result_folder::0",
    "time" : {
      "start" : 1750643522322,
      "stop" : 1750643522322,
      "duration" : 0
    },
    "status" : "passed",
    "steps" : [ ],
    "attachments" : [ ],
    "parameters" : [ ],
    "stepsCount" : 0,
    "attachmentsCount" : 0,
    "shouldDisplayMessage" : false,
    "hasContent" : false
  }, {
    "name" : "driver::0",
    "time" : {
      "start" : 1750642492843,
      "stop" : 1750642492915,
      "duration" : 72
    },
    "status" : "passed",
    "steps" : [ ],
    "attachments" : [ ],
    "parameters" : [ ],
    "stepsCount" : 0,
    "attachmentsCount" : 0,
    "shouldDisplayMessage" : false,
    "hasContent" : false
  } ],
  "labels" : [ {
    "name" : "feature",
    "value" : "Promo Block Testing"
  }, {
    "name" : "epic",
    "value" : "Main Page"
  }, {
    "name" : "parentSuite",
    "value" : "tests"
  }, {
    "name" : "suite",
    "value" : "test_main_page"
  }, {
    "name" : "subSuite",
    "value" : "TestMainPage"
  }, {
    "name" : "host",
    "value" : "fv-az1065-163"
  }, {
    "name" : "thread",
    "value" : "3597-MainThread"
  }, {
    "name" : "framework",
    "value" : "pytest"
  }, {
    "name" : "language",
    "value" : "cpython3"
  }, {
    "name" : "package",
    "value" : "tests.test_main_page"
  }, {
    "name" : "resultFormat",
    "value" : "allure2"
  } ],
  "parameters" : [ ],
  "links" : [ ],
  "hidden" : false,
  "retry" : false,
  "extra" : {
    "severity" : "normal",
    "retries" : [ ],
    "categories" : [ {
      "name" : "Test defects",
      "matchedStatuses" : [ ],
      "flaky" : false
    } ],
    "tags" : [ ]
  },
  "source" : "82aab2c003e006d4.json",
  "parameterValues" : [ ]
}