{
  "uid" : "84598489d4dc1de6",
  "name" : "test 04.02.08 create an account with registered email",
  "fullName" : "tests.test_create_an_account.TestCreateAnAccount#test_tc_04_02_08_create_account_with_registered_email",
  "historyId" : "c101ae59c3b0c9e670864106821cc3ef",
  "time" : {
    "start" : 1758503566790,
    "stop" : 1758503571891,
    "duration" : 5101
  },
  "description" : " Verify that customer can't Create An Account with registered email before ",
  "descriptionHtml" : "<p>Verify that customer can't Create An Account with registered email before</p>\n",
  "status" : "broken",
  "statusMessage" : "selenium.common.exceptions.TimeoutException: Message: \nStacktrace:\n#0 0x55ae45ec694a <unknown>\n#1 0x55ae4593b8a0 <unknown>\n#2 0x55ae4598d540 <unknown>\n#3 0x55ae4598d731 <unknown>\n#4 0x55ae459db824 <unknown>\n#5 0x55ae459b305d <unknown>\n#6 0x55ae459d8c23 <unknown>\n#7 0x55ae459b2e03 <unknown>\n#8 0x55ae4597f968 <unknown>\n#9 0x55ae459805e1 <unknown>\n#10 0x55ae45e8a548 <unknown>\n#11 0x55ae45e8e272 <unknown>\n#12 0x55ae45e71313 <unknown>\n#13 0x55ae45e8edc5 <unknown>\n#14 0x55ae45e5649f <unknown>\n#15 0x55ae45eb3158 <unknown>\n#16 0x55ae45eb3332 <unknown>\n#17 0x55ae45ec5a53 <unknown>\n#18 0x7f131ca9caa4 <unknown>\n#19 0x7f131cb29c3c <unknown>",
  "statusTrace" : "self = <test_create_an_account.TestCreateAnAccount object at 0x7f22c1564470>\ncreate_account_page = <pages.create_an_account_page.CreateAccountPage object at 0x7f22c0fc4b30>\n\n    @allure.title('test 04.02.08 create an account with registered email')\n    @allure.severity(allure.severity_level.CRITICAL)\n    def test_tc_04_02_08_create_account_with_registered_email(self, create_account_page):\n        \"\"\" Verify that customer can't Create An Account with registered email before \"\"\"\n>       message = create_account_page.create_with_email()\n\ntests/test_create_an_account.py:181: \n_ _ _ _ _ _ _ _ _ _ _ _ _ _ _ _ _ _ _ _ _ _ _ _ _ _ _ _ _ _ _ _ _ _ _ _ _ _ _ _ \npages/create_an_account_page.py:285: in create_with_email\n    self.element_is_visible(self.locators.FIRST_NAME).send_keys('test')\npages/base_page.py:30: in element_is_visible\n    self.go_to_element(self.element_is_present(locator))\npages/base_page.py:51: in element_is_present\n    return wait(self.driver, timeout).until(EC.presence_of_element_located(locator))\n_ _ _ _ _ _ _ _ _ _ _ _ _ _ _ _ _ _ _ _ _ _ _ _ _ _ _ _ _ _ _ _ _ _ _ _ _ _ _ _ \n\nself = <selenium.webdriver.support.wait.WebDriverWait (session=\"b2a41e19cd9bb5870a194aee17b1f996\")>\nmethod = <function presence_of_element_located.<locals>._predicate at 0x7f22c13fd4e0>\nmessage = ''\n\n    def until(self, method, message: str = \"\"):\n        \"\"\"Calls the method provided with the driver as an argument until the \\\n        return value does not evaluate to ``False``.\n    \n        :param method: callable(WebDriver)\n        :param message: optional message for :exc:`TimeoutException`\n        :returns: the result of the last call to `method`\n        :raises: :exc:`selenium.common.exceptions.TimeoutException` if timeout occurs\n        \"\"\"\n        screen = None\n        stacktrace = None\n    \n        end_time = time.monotonic() + self._timeout\n        while True:\n            try:\n                value = method(self._driver)\n                if value:\n                    return value\n            except self._ignored_exceptions as exc:\n                screen = getattr(exc, \"screen\", None)\n                stacktrace = getattr(exc, \"stacktrace\", None)\n            time.sleep(self._poll)\n            if time.monotonic() > end_time:\n                break\n>       raise TimeoutException(message, screen, stacktrace)\nE       selenium.common.exceptions.TimeoutException: Message: \nE       Stacktrace:\nE       #0 0x55ae45ec694a <unknown>\nE       #1 0x55ae4593b8a0 <unknown>\nE       #2 0x55ae4598d540 <unknown>\nE       #3 0x55ae4598d731 <unknown>\nE       #4 0x55ae459db824 <unknown>\nE       #5 0x55ae459b305d <unknown>\nE       #6 0x55ae459d8c23 <unknown>\nE       #7 0x55ae459b2e03 <unknown>\nE       #8 0x55ae4597f968 <unknown>\nE       #9 0x55ae459805e1 <unknown>\nE       #10 0x55ae45e8a548 <unknown>\nE       #11 0x55ae45e8e272 <unknown>\nE       #12 0x55ae45e71313 <unknown>\nE       #13 0x55ae45e8edc5 <unknown>\nE       #14 0x55ae45e5649f <unknown>\nE       #15 0x55ae45eb3158 <unknown>\nE       #16 0x55ae45eb3332 <unknown>\nE       #17 0x55ae45ec5a53 <unknown>\nE       #18 0x7f131ca9caa4 <unknown>\nE       #19 0x7f131cb29c3c <unknown>\n\n/opt/hostedtoolcache/Python/3.12.3/x64/lib/python3.12/site-packages/selenium/webdriver/support/wait.py:95: TimeoutException",
  "flaky" : false,
  "newFailed" : false,
  "beforeStages" : [ {
    "name" : "driver",
    "time" : {
      "start" : 1758503565195,
      "stop" : 1758503566433,
      "duration" : 1238
    },
    "status" : "passed",
    "steps" : [ ],
    "attachments" : [ ],
    "parameters" : [ ],
    "stepsCount" : 0,
    "attachmentsCount" : 0,
    "shouldDisplayMessage" : false,
    "hasContent" : false
  }, {
    "name" : "create_account_page",
    "time" : {
      "start" : 1758503566433,
      "stop" : 1758503566790,
      "duration" : 357
    },
    "status" : "passed",
    "steps" : [ {
      "name" : "Open a browser",
      "time" : {
        "start" : 1758503566434,
        "stop" : 1758503566789,
        "duration" : 355
      },
      "status" : "passed",
      "steps" : [ ],
      "attachments" : [ ],
      "parameters" : [ ],
      "stepsCount" : 0,
      "attachmentsCount" : 0,
      "shouldDisplayMessage" : false,
      "hasContent" : false
    } ],
    "attachments" : [ ],
    "parameters" : [ ],
    "stepsCount" : 1,
    "attachmentsCount" : 0,
    "shouldDisplayMessage" : false,
    "hasContent" : true
  }, {
    "name" : "_session_faker",
    "time" : {
      "start" : 1758503447562,
      "stop" : 1758503447629,
      "duration" : 67
    },
    "status" : "passed",
    "steps" : [ ],
    "attachments" : [ ],
    "parameters" : [ ],
    "stepsCount" : 0,
    "attachmentsCount" : 0,
    "shouldDisplayMessage" : false,
    "hasContent" : false
  }, {
    "name" : "clear_allure_result_folder",
    "time" : {
      "start" : 1758503447630,
      "stop" : 1758503447630,
      "duration" : 0
    },
    "status" : "passed",
    "steps" : [ ],
    "attachments" : [ ],
    "parameters" : [ ],
    "stepsCount" : 0,
    "attachmentsCount" : 0,
    "shouldDisplayMessage" : false,
    "hasContent" : false
  } ],
  "testStage" : {
    "description" : " Verify that customer can't Create An Account with registered email before ",
    "status" : "broken",
    "statusMessage" : "selenium.common.exceptions.TimeoutException: Message: \nStacktrace:\n#0 0x55ae45ec694a <unknown>\n#1 0x55ae4593b8a0 <unknown>\n#2 0x55ae4598d540 <unknown>\n#3 0x55ae4598d731 <unknown>\n#4 0x55ae459db824 <unknown>\n#5 0x55ae459b305d <unknown>\n#6 0x55ae459d8c23 <unknown>\n#7 0x55ae459b2e03 <unknown>\n#8 0x55ae4597f968 <unknown>\n#9 0x55ae459805e1 <unknown>\n#10 0x55ae45e8a548 <unknown>\n#11 0x55ae45e8e272 <unknown>\n#12 0x55ae45e71313 <unknown>\n#13 0x55ae45e8edc5 <unknown>\n#14 0x55ae45e5649f <unknown>\n#15 0x55ae45eb3158 <unknown>\n#16 0x55ae45eb3332 <unknown>\n#17 0x55ae45ec5a53 <unknown>\n#18 0x7f131ca9caa4 <unknown>\n#19 0x7f131cb29c3c <unknown>",
    "statusTrace" : "self = <test_create_an_account.TestCreateAnAccount object at 0x7f22c1564470>\ncreate_account_page = <pages.create_an_account_page.CreateAccountPage object at 0x7f22c0fc4b30>\n\n    @allure.title('test 04.02.08 create an account with registered email')\n    @allure.severity(allure.severity_level.CRITICAL)\n    def test_tc_04_02_08_create_account_with_registered_email(self, create_account_page):\n        \"\"\" Verify that customer can't Create An Account with registered email before \"\"\"\n>       message = create_account_page.create_with_email()\n\ntests/test_create_an_account.py:181: \n_ _ _ _ _ _ _ _ _ _ _ _ _ _ _ _ _ _ _ _ _ _ _ _ _ _ _ _ _ _ _ _ _ _ _ _ _ _ _ _ \npages/create_an_account_page.py:285: in create_with_email\n    self.element_is_visible(self.locators.FIRST_NAME).send_keys('test')\npages/base_page.py:30: in element_is_visible\n    self.go_to_element(self.element_is_present(locator))\npages/base_page.py:51: in element_is_present\n    return wait(self.driver, timeout).until(EC.presence_of_element_located(locator))\n_ _ _ _ _ _ _ _ _ _ _ _ _ _ _ _ _ _ _ _ _ _ _ _ _ _ _ _ _ _ _ _ _ _ _ _ _ _ _ _ \n\nself = <selenium.webdriver.support.wait.WebDriverWait (session=\"b2a41e19cd9bb5870a194aee17b1f996\")>\nmethod = <function presence_of_element_located.<locals>._predicate at 0x7f22c13fd4e0>\nmessage = ''\n\n    def until(self, method, message: str = \"\"):\n        \"\"\"Calls the method provided with the driver as an argument until the \\\n        return value does not evaluate to ``False``.\n    \n        :param method: callable(WebDriver)\n        :param message: optional message for :exc:`TimeoutException`\n        :returns: the result of the last call to `method`\n        :raises: :exc:`selenium.common.exceptions.TimeoutException` if timeout occurs\n        \"\"\"\n        screen = None\n        stacktrace = None\n    \n        end_time = time.monotonic() + self._timeout\n        while True:\n            try:\n                value = method(self._driver)\n                if value:\n                    return value\n            except self._ignored_exceptions as exc:\n                screen = getattr(exc, \"screen\", None)\n                stacktrace = getattr(exc, \"stacktrace\", None)\n            time.sleep(self._poll)\n            if time.monotonic() > end_time:\n                break\n>       raise TimeoutException(message, screen, stacktrace)\nE       selenium.common.exceptions.TimeoutException: Message: \nE       Stacktrace:\nE       #0 0x55ae45ec694a <unknown>\nE       #1 0x55ae4593b8a0 <unknown>\nE       #2 0x55ae4598d540 <unknown>\nE       #3 0x55ae4598d731 <unknown>\nE       #4 0x55ae459db824 <unknown>\nE       #5 0x55ae459b305d <unknown>\nE       #6 0x55ae459d8c23 <unknown>\nE       #7 0x55ae459b2e03 <unknown>\nE       #8 0x55ae4597f968 <unknown>\nE       #9 0x55ae459805e1 <unknown>\nE       #10 0x55ae45e8a548 <unknown>\nE       #11 0x55ae45e8e272 <unknown>\nE       #12 0x55ae45e71313 <unknown>\nE       #13 0x55ae45e8edc5 <unknown>\nE       #14 0x55ae45e5649f <unknown>\nE       #15 0x55ae45eb3158 <unknown>\nE       #16 0x55ae45eb3332 <unknown>\nE       #17 0x55ae45ec5a53 <unknown>\nE       #18 0x7f131ca9caa4 <unknown>\nE       #19 0x7f131cb29c3c <unknown>\n\n/opt/hostedtoolcache/Python/3.12.3/x64/lib/python3.12/site-packages/selenium/webdriver/support/wait.py:95: TimeoutException",
    "steps" : [ {
      "name" : "Create an account with registered e-mail",
      "time" : {
        "start" : 1758503566790,
        "stop" : 1758503571890,
        "duration" : 5100
      },
      "status" : "broken",
      "statusMessage" : "selenium.common.exceptions.TimeoutException: Message: \nStacktrace:\n#0 0x55ae45ec694a <unknown>\n#1 0x55ae4593b8a0 <unknown>\n#2 0x55ae4598d540 <unknown>\n#3 0x55ae4598d731 <unknown>\n#4 0x55ae459db824 <unknown>\n#5 0x55ae459b305d <unknown>\n#6 0x55ae459d8c23 <unknown>\n#7 0x55ae459b2e03 <unknown>\n#8 0x55ae4597f968 <unknown>\n#9 0x55ae459805e1 <unknown>\n#10 0x55ae45e8a548 <unknown>\n#11 0x55ae45e8e272 <unknown>\n#12 0x55ae45e71313 <unknown>\n#13 0x55ae45e8edc5 <unknown>\n#14 0x55ae45e5649f <unknown>\n#15 0x55ae45eb3158 <unknown>\n#16 0x55ae45eb3332 <unknown>\n#17 0x55ae45ec5a53 <unknown>\n#18 0x7f131ca9caa4 <unknown>\n#19 0x7f131cb29c3c <unknown>\n\n",
      "statusTrace" : "  File \"/opt/hostedtoolcache/Python/3.12.3/x64/lib/python3.12/site-packages/allure_commons/_allure.py\", line 192, in impl\n    return func(*a, **kw)\n           ^^^^^^^^^^^^^^\n  File \"/home/runner/work/luma_project/luma_project/pages/create_an_account_page.py\", line 285, in create_with_email\n    self.element_is_visible(self.locators.FIRST_NAME).send_keys('test')\n    ^^^^^^^^^^^^^^^^^^^^^^^^^^^^^^^^^^^^^^^^^^^^^^^^^\n  File \"/opt/hostedtoolcache/Python/3.12.3/x64/lib/python3.12/site-packages/allure_commons/_allure.py\", line 192, in impl\n    return func(*a, **kw)\n           ^^^^^^^^^^^^^^\n  File \"/home/runner/work/luma_project/luma_project/pages/base_page.py\", line 30, in element_is_visible\n    self.go_to_element(self.element_is_present(locator))\n                       ^^^^^^^^^^^^^^^^^^^^^^^^^^^^^^^^\n  File \"/opt/hostedtoolcache/Python/3.12.3/x64/lib/python3.12/site-packages/allure_commons/_allure.py\", line 192, in impl\n    return func(*a, **kw)\n           ^^^^^^^^^^^^^^\n  File \"/home/runner/work/luma_project/luma_project/pages/base_page.py\", line 51, in element_is_present\n    return wait(self.driver, timeout).until(EC.presence_of_element_located(locator))\n           ^^^^^^^^^^^^^^^^^^^^^^^^^^^^^^^^^^^^^^^^^^^^^^^^^^^^^^^^^^^^^^^^^^^^^^^^^\n  File \"/opt/hostedtoolcache/Python/3.12.3/x64/lib/python3.12/site-packages/selenium/webdriver/support/wait.py\", line 95, in until\n    raise TimeoutException(message, screen, stacktrace)\n",
      "steps" : [ {
        "name" : "Find a visible element",
        "time" : {
          "start" : 1758503566790,
          "stop" : 1758503571890,
          "duration" : 5100
        },
        "status" : "broken",
        "statusMessage" : "selenium.common.exceptions.TimeoutException: Message: \nStacktrace:\n#0 0x55ae45ec694a <unknown>\n#1 0x55ae4593b8a0 <unknown>\n#2 0x55ae4598d540 <unknown>\n#3 0x55ae4598d731 <unknown>\n#4 0x55ae459db824 <unknown>\n#5 0x55ae459b305d <unknown>\n#6 0x55ae459d8c23 <unknown>\n#7 0x55ae459b2e03 <unknown>\n#8 0x55ae4597f968 <unknown>\n#9 0x55ae459805e1 <unknown>\n#10 0x55ae45e8a548 <unknown>\n#11 0x55ae45e8e272 <unknown>\n#12 0x55ae45e71313 <unknown>\n#13 0x55ae45e8edc5 <unknown>\n#14 0x55ae45e5649f <unknown>\n#15 0x55ae45eb3158 <unknown>\n#16 0x55ae45eb3332 <unknown>\n#17 0x55ae45ec5a53 <unknown>\n#18 0x7f131ca9caa4 <unknown>\n#19 0x7f131cb29c3c <unknown>\n\n",
        "statusTrace" : "  File \"/opt/hostedtoolcache/Python/3.12.3/x64/lib/python3.12/site-packages/allure_commons/_allure.py\", line 192, in impl\n    return func(*a, **kw)\n           ^^^^^^^^^^^^^^\n  File \"/home/runner/work/luma_project/luma_project/pages/base_page.py\", line 30, in element_is_visible\n    self.go_to_element(self.element_is_present(locator))\n                       ^^^^^^^^^^^^^^^^^^^^^^^^^^^^^^^^\n  File \"/opt/hostedtoolcache/Python/3.12.3/x64/lib/python3.12/site-packages/allure_commons/_allure.py\", line 192, in impl\n    return func(*a, **kw)\n           ^^^^^^^^^^^^^^\n  File \"/home/runner/work/luma_project/luma_project/pages/base_page.py\", line 51, in element_is_present\n    return wait(self.driver, timeout).until(EC.presence_of_element_located(locator))\n           ^^^^^^^^^^^^^^^^^^^^^^^^^^^^^^^^^^^^^^^^^^^^^^^^^^^^^^^^^^^^^^^^^^^^^^^^^\n  File \"/opt/hostedtoolcache/Python/3.12.3/x64/lib/python3.12/site-packages/selenium/webdriver/support/wait.py\", line 95, in until\n    raise TimeoutException(message, screen, stacktrace)\n",
        "steps" : [ {
          "name" : "Find a present element",
          "time" : {
            "start" : 1758503566790,
            "stop" : 1758503571890,
            "duration" : 5100
          },
          "status" : "broken",
          "statusMessage" : "selenium.common.exceptions.TimeoutException: Message: \nStacktrace:\n#0 0x55ae45ec694a <unknown>\n#1 0x55ae4593b8a0 <unknown>\n#2 0x55ae4598d540 <unknown>\n#3 0x55ae4598d731 <unknown>\n#4 0x55ae459db824 <unknown>\n#5 0x55ae459b305d <unknown>\n#6 0x55ae459d8c23 <unknown>\n#7 0x55ae459b2e03 <unknown>\n#8 0x55ae4597f968 <unknown>\n#9 0x55ae459805e1 <unknown>\n#10 0x55ae45e8a548 <unknown>\n#11 0x55ae45e8e272 <unknown>\n#12 0x55ae45e71313 <unknown>\n#13 0x55ae45e8edc5 <unknown>\n#14 0x55ae45e5649f <unknown>\n#15 0x55ae45eb3158 <unknown>\n#16 0x55ae45eb3332 <unknown>\n#17 0x55ae45ec5a53 <unknown>\n#18 0x7f131ca9caa4 <unknown>\n#19 0x7f131cb29c3c <unknown>\n\n",
          "statusTrace" : "  File \"/opt/hostedtoolcache/Python/3.12.3/x64/lib/python3.12/site-packages/allure_commons/_allure.py\", line 192, in impl\n    return func(*a, **kw)\n           ^^^^^^^^^^^^^^\n  File \"/home/runner/work/luma_project/luma_project/pages/base_page.py\", line 51, in element_is_present\n    return wait(self.driver, timeout).until(EC.presence_of_element_located(locator))\n           ^^^^^^^^^^^^^^^^^^^^^^^^^^^^^^^^^^^^^^^^^^^^^^^^^^^^^^^^^^^^^^^^^^^^^^^^^\n  File \"/opt/hostedtoolcache/Python/3.12.3/x64/lib/python3.12/site-packages/selenium/webdriver/support/wait.py\", line 95, in until\n    raise TimeoutException(message, screen, stacktrace)\n",
          "steps" : [ ],
          "attachments" : [ ],
          "parameters" : [ {
            "name" : "locator",
            "value" : "('id', 'firstname')"
          }, {
            "name" : "timeout",
            "value" : "5"
          } ],
          "stepsCount" : 0,
          "attachmentsCount" : 0,
          "shouldDisplayMessage" : true,
          "hasContent" : true
        } ],
        "attachments" : [ ],
        "parameters" : [ {
          "name" : "locator",
          "value" : "('id', 'firstname')"
        }, {
          "name" : "timeout",
          "value" : "10"
        } ],
        "stepsCount" : 1,
        "attachmentsCount" : 0,
        "shouldDisplayMessage" : false,
        "hasContent" : true
      } ],
      "attachments" : [ ],
      "parameters" : [ ],
      "stepsCount" : 2,
      "attachmentsCount" : 0,
      "shouldDisplayMessage" : false,
      "hasContent" : true
    } ],
    "attachments" : [ {
      "uid" : "7925f5db92a3b8df",
      "name" : "Screenshot",
      "source" : "7925f5db92a3b8df.png",
      "type" : "image/png",
      "size" : 23875
    }, {
      "uid" : "ec34f7aea7d79ccd",
      "name" : "HTML source",
      "source" : "ec34f7aea7d79ccd.html",
      "type" : "text/html",
      "size" : 786
    } ],
    "parameters" : [ ],
    "stepsCount" : 3,
    "attachmentsCount" : 2,
    "shouldDisplayMessage" : true,
    "hasContent" : true
  },
  "afterStages" : [ {
    "name" : "driver::0",
    "time" : {
      "start" : 1758503571966,
      "stop" : 1758503572025,
      "duration" : 59
    },
    "status" : "passed",
    "steps" : [ ],
    "attachments" : [ ],
    "parameters" : [ ],
    "stepsCount" : 0,
    "attachmentsCount" : 0,
    "shouldDisplayMessage" : false,
    "hasContent" : false
  }, {
    "name" : "clear_allure_result_folder::0",
    "time" : {
      "start" : 1758505893826,
      "stop" : 1758505893826,
      "duration" : 0
    },
    "status" : "passed",
    "steps" : [ ],
    "attachments" : [ ],
    "parameters" : [ ],
    "stepsCount" : 0,
    "attachmentsCount" : 0,
    "shouldDisplayMessage" : false,
    "hasContent" : false
  } ],
  "labels" : [ {
    "name" : "severity",
    "value" : "critical"
  }, {
    "name" : "epic",
    "value" : "Create An Account"
  }, {
    "name" : "parentSuite",
    "value" : "tests"
  }, {
    "name" : "suite",
    "value" : "test_create_an_account"
  }, {
    "name" : "subSuite",
    "value" : "TestCreateAnAccount"
  }, {
    "name" : "host",
    "value" : "runnervmf4ws1"
  }, {
    "name" : "thread",
    "value" : "2993-MainThread"
  }, {
    "name" : "framework",
    "value" : "pytest"
  }, {
    "name" : "language",
    "value" : "cpython3"
  }, {
    "name" : "package",
    "value" : "tests.test_create_an_account"
  }, {
    "name" : "resultFormat",
    "value" : "allure2"
  } ],
  "parameters" : [ ],
  "links" : [ ],
  "hidden" : false,
  "retry" : false,
  "extra" : {
    "severity" : "critical",
    "retries" : [ ],
    "categories" : [ {
      "name" : "Test defects",
      "matchedStatuses" : [ ],
      "flaky" : false
    } ],
    "tags" : [ ]
  },
  "source" : "84598489d4dc1de6.json",
  "parameterValues" : [ ]
}