{
  "uid" : "88bed490e5ebec91",
  "name" : "TC 10.01.02, 10.01.04, 10.01.06, 10.01.08, 10.01.10, 10.01.12 - Verify 6 links in Women's Deals section are visible and clickable",
  "fullName" : "tests.test_sale.TestSideMenuBarWomen#test_tc_10_01_02__04__06__08__10__12",
  "historyId" : "b7d286b381c5945965daefa99c618895",
  "time" : {
    "start" : 1757900223529,
    "stop" : 1757900228629,
    "duration" : 5100
  },
  "description" : "Check that six elements in Women's Deals section are displayed and enabled",
  "descriptionHtml" : "<p>Check that six elements in Women's Deals section are displayed and enabled</p>\n",
  "status" : "broken",
  "statusMessage" : "selenium.common.exceptions.TimeoutException: Message: \nStacktrace:\n#0 0x55d3f042794a <unknown>\n#1 0x55d3efe9c8a0 <unknown>\n#2 0x55d3efeee540 <unknown>\n#3 0x55d3efeee731 <unknown>\n#4 0x55d3eff3c824 <unknown>\n#5 0x55d3eff1405d <unknown>\n#6 0x55d3eff39c23 <unknown>\n#7 0x55d3eff13e03 <unknown>\n#8 0x55d3efee0968 <unknown>\n#9 0x55d3efee15e1 <unknown>\n#10 0x55d3f03eb548 <unknown>\n#11 0x55d3f03ef272 <unknown>\n#12 0x55d3f03d2313 <unknown>\n#13 0x55d3f03efdc5 <unknown>\n#14 0x55d3f03b749f <unknown>\n#15 0x55d3f0414158 <unknown>\n#16 0x55d3f0414332 <unknown>\n#17 0x55d3f0426a53 <unknown>\n#18 0x7f53f629caa4 <unknown>\n#19 0x7f53f6329c3c <unknown>",
  "statusTrace" : "self = <test_sale.TestSalePage.TestSideMenuBarWomen object at 0x7f9ca247b0b0>\nelement_locator = ('css selector', '.categories-menu > ul:nth-child(2) > li:nth-child(4) > a')\nsale_page = <pages.sale_page.SalePage object at 0x7f9ca234a450>\n\n    @allure.title(\"TC 10.01.02, 10.01.04, 10.01.06, 10.01.08, 10.01.10, 10.01.12 - \"\n                  \"Verify 6 links in Women's Deals section are visible and clickable\")\n    @pytest.mark.parametrize(\"element_locator\", SideBarLocators.WOMEN_DEALS_ELEMENTS.values())\n    def test_tc_10_01_02__04__06__08__10__12(self, element_locator, sale_page):\n        \"\"\"Check that six elements in Women's Deals section are displayed and enabled\"\"\"\n>       element_in_women_deals = sale_page.element_is_clickable(element_locator)\n\ntests/test_sale.py:36: \n_ _ _ _ _ _ _ _ _ _ _ _ _ _ _ _ _ _ _ _ _ _ _ _ _ _ _ _ _ _ _ _ _ _ _ _ _ _ _ _ \npages/base_page.py:81: in element_is_clickable\n    return wait(self.driver, timeout).until(EC.element_to_be_clickable(locator))\n_ _ _ _ _ _ _ _ _ _ _ _ _ _ _ _ _ _ _ _ _ _ _ _ _ _ _ _ _ _ _ _ _ _ _ _ _ _ _ _ \n\nself = <selenium.webdriver.support.wait.WebDriverWait (session=\"2d5482925fd3c0cfbbef254a143dbfee\")>\nmethod = <function element_to_be_clickable.<locals>._predicate at 0x7f9ca2038c20>\nmessage = ''\n\n    def until(self, method, message: str = \"\"):\n        \"\"\"Calls the method provided with the driver as an argument until the \\\n        return value does not evaluate to ``False``.\n    \n        :param method: callable(WebDriver)\n        :param message: optional message for :exc:`TimeoutException`\n        :returns: the result of the last call to `method`\n        :raises: :exc:`selenium.common.exceptions.TimeoutException` if timeout occurs\n        \"\"\"\n        screen = None\n        stacktrace = None\n    \n        end_time = time.monotonic() + self._timeout\n        while True:\n            try:\n                value = method(self._driver)\n                if value:\n                    return value\n            except self._ignored_exceptions as exc:\n                screen = getattr(exc, \"screen\", None)\n                stacktrace = getattr(exc, \"stacktrace\", None)\n            time.sleep(self._poll)\n            if time.monotonic() > end_time:\n                break\n>       raise TimeoutException(message, screen, stacktrace)\nE       selenium.common.exceptions.TimeoutException: Message: \nE       Stacktrace:\nE       #0 0x55d3f042794a <unknown>\nE       #1 0x55d3efe9c8a0 <unknown>\nE       #2 0x55d3efeee540 <unknown>\nE       #3 0x55d3efeee731 <unknown>\nE       #4 0x55d3eff3c824 <unknown>\nE       #5 0x55d3eff1405d <unknown>\nE       #6 0x55d3eff39c23 <unknown>\nE       #7 0x55d3eff13e03 <unknown>\nE       #8 0x55d3efee0968 <unknown>\nE       #9 0x55d3efee15e1 <unknown>\nE       #10 0x55d3f03eb548 <unknown>\nE       #11 0x55d3f03ef272 <unknown>\nE       #12 0x55d3f03d2313 <unknown>\nE       #13 0x55d3f03efdc5 <unknown>\nE       #14 0x55d3f03b749f <unknown>\nE       #15 0x55d3f0414158 <unknown>\nE       #16 0x55d3f0414332 <unknown>\nE       #17 0x55d3f0426a53 <unknown>\nE       #18 0x7f53f629caa4 <unknown>\nE       #19 0x7f53f6329c3c <unknown>\n\n/opt/hostedtoolcache/Python/3.12.3/x64/lib/python3.12/site-packages/selenium/webdriver/support/wait.py:95: TimeoutException",
  "flaky" : false,
  "newFailed" : false,
  "beforeStages" : [ {
    "name" : "_session_faker",
    "time" : {
      "start" : 1757898622011,
      "stop" : 1757898622079,
      "duration" : 68
    },
    "status" : "passed",
    "steps" : [ ],
    "attachments" : [ ],
    "parameters" : [ ],
    "stepsCount" : 0,
    "attachmentsCount" : 0,
    "shouldDisplayMessage" : false,
    "hasContent" : false
  }, {
    "name" : "sale_page",
    "time" : {
      "start" : 1757900223395,
      "stop" : 1757900223528,
      "duration" : 133
    },
    "status" : "passed",
    "steps" : [ {
      "name" : "Open a browser",
      "time" : {
        "start" : 1757900223395,
        "stop" : 1757900223528,
        "duration" : 133
      },
      "status" : "passed",
      "steps" : [ ],
      "attachments" : [ ],
      "parameters" : [ ],
      "stepsCount" : 0,
      "attachmentsCount" : 0,
      "shouldDisplayMessage" : false,
      "hasContent" : false
    } ],
    "attachments" : [ ],
    "parameters" : [ ],
    "stepsCount" : 1,
    "attachmentsCount" : 0,
    "shouldDisplayMessage" : false,
    "hasContent" : true
  }, {
    "name" : "clear_allure_result_folder",
    "time" : {
      "start" : 1757898622079,
      "stop" : 1757898622079,
      "duration" : 0
    },
    "status" : "passed",
    "steps" : [ ],
    "attachments" : [ ],
    "parameters" : [ ],
    "stepsCount" : 0,
    "attachmentsCount" : 0,
    "shouldDisplayMessage" : false,
    "hasContent" : false
  }, {
    "name" : "driver",
    "time" : {
      "start" : 1757900222149,
      "stop" : 1757900223395,
      "duration" : 1246
    },
    "status" : "passed",
    "steps" : [ ],
    "attachments" : [ ],
    "parameters" : [ ],
    "stepsCount" : 0,
    "attachmentsCount" : 0,
    "shouldDisplayMessage" : false,
    "hasContent" : false
  } ],
  "testStage" : {
    "description" : "Check that six elements in Women's Deals section are displayed and enabled",
    "status" : "broken",
    "statusMessage" : "selenium.common.exceptions.TimeoutException: Message: \nStacktrace:\n#0 0x55d3f042794a <unknown>\n#1 0x55d3efe9c8a0 <unknown>\n#2 0x55d3efeee540 <unknown>\n#3 0x55d3efeee731 <unknown>\n#4 0x55d3eff3c824 <unknown>\n#5 0x55d3eff1405d <unknown>\n#6 0x55d3eff39c23 <unknown>\n#7 0x55d3eff13e03 <unknown>\n#8 0x55d3efee0968 <unknown>\n#9 0x55d3efee15e1 <unknown>\n#10 0x55d3f03eb548 <unknown>\n#11 0x55d3f03ef272 <unknown>\n#12 0x55d3f03d2313 <unknown>\n#13 0x55d3f03efdc5 <unknown>\n#14 0x55d3f03b749f <unknown>\n#15 0x55d3f0414158 <unknown>\n#16 0x55d3f0414332 <unknown>\n#17 0x55d3f0426a53 <unknown>\n#18 0x7f53f629caa4 <unknown>\n#19 0x7f53f6329c3c <unknown>",
    "statusTrace" : "self = <test_sale.TestSalePage.TestSideMenuBarWomen object at 0x7f9ca247b0b0>\nelement_locator = ('css selector', '.categories-menu > ul:nth-child(2) > li:nth-child(4) > a')\nsale_page = <pages.sale_page.SalePage object at 0x7f9ca234a450>\n\n    @allure.title(\"TC 10.01.02, 10.01.04, 10.01.06, 10.01.08, 10.01.10, 10.01.12 - \"\n                  \"Verify 6 links in Women's Deals section are visible and clickable\")\n    @pytest.mark.parametrize(\"element_locator\", SideBarLocators.WOMEN_DEALS_ELEMENTS.values())\n    def test_tc_10_01_02__04__06__08__10__12(self, element_locator, sale_page):\n        \"\"\"Check that six elements in Women's Deals section are displayed and enabled\"\"\"\n>       element_in_women_deals = sale_page.element_is_clickable(element_locator)\n\ntests/test_sale.py:36: \n_ _ _ _ _ _ _ _ _ _ _ _ _ _ _ _ _ _ _ _ _ _ _ _ _ _ _ _ _ _ _ _ _ _ _ _ _ _ _ _ \npages/base_page.py:81: in element_is_clickable\n    return wait(self.driver, timeout).until(EC.element_to_be_clickable(locator))\n_ _ _ _ _ _ _ _ _ _ _ _ _ _ _ _ _ _ _ _ _ _ _ _ _ _ _ _ _ _ _ _ _ _ _ _ _ _ _ _ \n\nself = <selenium.webdriver.support.wait.WebDriverWait (session=\"2d5482925fd3c0cfbbef254a143dbfee\")>\nmethod = <function element_to_be_clickable.<locals>._predicate at 0x7f9ca2038c20>\nmessage = ''\n\n    def until(self, method, message: str = \"\"):\n        \"\"\"Calls the method provided with the driver as an argument until the \\\n        return value does not evaluate to ``False``.\n    \n        :param method: callable(WebDriver)\n        :param message: optional message for :exc:`TimeoutException`\n        :returns: the result of the last call to `method`\n        :raises: :exc:`selenium.common.exceptions.TimeoutException` if timeout occurs\n        \"\"\"\n        screen = None\n        stacktrace = None\n    \n        end_time = time.monotonic() + self._timeout\n        while True:\n            try:\n                value = method(self._driver)\n                if value:\n                    return value\n            except self._ignored_exceptions as exc:\n                screen = getattr(exc, \"screen\", None)\n                stacktrace = getattr(exc, \"stacktrace\", None)\n            time.sleep(self._poll)\n            if time.monotonic() > end_time:\n                break\n>       raise TimeoutException(message, screen, stacktrace)\nE       selenium.common.exceptions.TimeoutException: Message: \nE       Stacktrace:\nE       #0 0x55d3f042794a <unknown>\nE       #1 0x55d3efe9c8a0 <unknown>\nE       #2 0x55d3efeee540 <unknown>\nE       #3 0x55d3efeee731 <unknown>\nE       #4 0x55d3eff3c824 <unknown>\nE       #5 0x55d3eff1405d <unknown>\nE       #6 0x55d3eff39c23 <unknown>\nE       #7 0x55d3eff13e03 <unknown>\nE       #8 0x55d3efee0968 <unknown>\nE       #9 0x55d3efee15e1 <unknown>\nE       #10 0x55d3f03eb548 <unknown>\nE       #11 0x55d3f03ef272 <unknown>\nE       #12 0x55d3f03d2313 <unknown>\nE       #13 0x55d3f03efdc5 <unknown>\nE       #14 0x55d3f03b749f <unknown>\nE       #15 0x55d3f0414158 <unknown>\nE       #16 0x55d3f0414332 <unknown>\nE       #17 0x55d3f0426a53 <unknown>\nE       #18 0x7f53f629caa4 <unknown>\nE       #19 0x7f53f6329c3c <unknown>\n\n/opt/hostedtoolcache/Python/3.12.3/x64/lib/python3.12/site-packages/selenium/webdriver/support/wait.py:95: TimeoutException",
    "steps" : [ {
      "name" : "Find clickable elements",
      "time" : {
        "start" : 1757900223529,
        "stop" : 1757900228629,
        "duration" : 5100
      },
      "status" : "broken",
      "statusMessage" : "selenium.common.exceptions.TimeoutException: Message: \nStacktrace:\n#0 0x55d3f042794a <unknown>\n#1 0x55d3efe9c8a0 <unknown>\n#2 0x55d3efeee540 <unknown>\n#3 0x55d3efeee731 <unknown>\n#4 0x55d3eff3c824 <unknown>\n#5 0x55d3eff1405d <unknown>\n#6 0x55d3eff39c23 <unknown>\n#7 0x55d3eff13e03 <unknown>\n#8 0x55d3efee0968 <unknown>\n#9 0x55d3efee15e1 <unknown>\n#10 0x55d3f03eb548 <unknown>\n#11 0x55d3f03ef272 <unknown>\n#12 0x55d3f03d2313 <unknown>\n#13 0x55d3f03efdc5 <unknown>\n#14 0x55d3f03b749f <unknown>\n#15 0x55d3f0414158 <unknown>\n#16 0x55d3f0414332 <unknown>\n#17 0x55d3f0426a53 <unknown>\n#18 0x7f53f629caa4 <unknown>\n#19 0x7f53f6329c3c <unknown>\n\n",
      "statusTrace" : "  File \"/opt/hostedtoolcache/Python/3.12.3/x64/lib/python3.12/site-packages/allure_commons/_allure.py\", line 192, in impl\n    return func(*a, **kw)\n           ^^^^^^^^^^^^^^\n  File \"/home/runner/work/luma_project/luma_project/pages/base_page.py\", line 81, in element_is_clickable\n    return wait(self.driver, timeout).until(EC.element_to_be_clickable(locator))\n           ^^^^^^^^^^^^^^^^^^^^^^^^^^^^^^^^^^^^^^^^^^^^^^^^^^^^^^^^^^^^^^^^^^^^^\n  File \"/opt/hostedtoolcache/Python/3.12.3/x64/lib/python3.12/site-packages/selenium/webdriver/support/wait.py\", line 95, in until\n    raise TimeoutException(message, screen, stacktrace)\n",
      "steps" : [ ],
      "attachments" : [ ],
      "parameters" : [ {
        "name" : "locator",
        "value" : "('css selector', '.categories-menu > ul:nth-child(2) > li:nth-child(4) > a')"
      }, {
        "name" : "timeout",
        "value" : "5"
      } ],
      "stepsCount" : 0,
      "attachmentsCount" : 0,
      "shouldDisplayMessage" : true,
      "hasContent" : true
    } ],
    "attachments" : [ {
      "uid" : "f8e4521bf0afb5eb",
      "name" : "Screenshot",
      "source" : "f8e4521bf0afb5eb.png",
      "type" : "image/png",
      "size" : 23875
    }, {
      "uid" : "396ebe7c488e9cf5",
      "name" : "HTML source",
      "source" : "396ebe7c488e9cf5.html",
      "type" : "text/html",
      "size" : 786
    } ],
    "parameters" : [ ],
    "stepsCount" : 1,
    "attachmentsCount" : 2,
    "shouldDisplayMessage" : true,
    "hasContent" : true
  },
  "afterStages" : [ {
    "name" : "clear_allure_result_folder::0",
    "time" : {
      "start" : 1757901039531,
      "stop" : 1757901039531,
      "duration" : 0
    },
    "status" : "passed",
    "steps" : [ ],
    "attachments" : [ ],
    "parameters" : [ ],
    "stepsCount" : 0,
    "attachmentsCount" : 0,
    "shouldDisplayMessage" : false,
    "hasContent" : false
  }, {
    "name" : "driver::0",
    "time" : {
      "start" : 1757900228688,
      "stop" : 1757900228748,
      "duration" : 60
    },
    "status" : "passed",
    "steps" : [ ],
    "attachments" : [ ],
    "parameters" : [ ],
    "stepsCount" : 0,
    "attachmentsCount" : 0,
    "shouldDisplayMessage" : false,
    "hasContent" : false
  } ],
  "labels" : [ {
    "name" : "feature",
    "value" : "Testing Side Menu Bar - Women's Deals Section"
  }, {
    "name" : "epic",
    "value" : "Sale Page"
  }, {
    "name" : "parentSuite",
    "value" : "tests"
  }, {
    "name" : "suite",
    "value" : "test_sale"
  }, {
    "name" : "subSuite",
    "value" : "TestSalePage"
  }, {
    "name" : "host",
    "value" : "runnervmf4ws1"
  }, {
    "name" : "thread",
    "value" : "3099-MainThread"
  }, {
    "name" : "framework",
    "value" : "pytest"
  }, {
    "name" : "language",
    "value" : "cpython3"
  }, {
    "name" : "package",
    "value" : "tests.test_sale"
  }, {
    "name" : "resultFormat",
    "value" : "allure2"
  } ],
  "parameters" : [ {
    "name" : "element_locator",
    "value" : "('css selector', '.categories-menu > ul:nth-child(2) > li:nth-child(4) > a')"
  } ],
  "links" : [ ],
  "hidden" : false,
  "retry" : false,
  "extra" : {
    "severity" : "normal",
    "retries" : [ ],
    "categories" : [ {
      "name" : "Test defects",
      "matchedStatuses" : [ ],
      "flaky" : false
    } ],
    "tags" : [ ]
  },
  "source" : "88bed490e5ebec91.json",
  "parameterValues" : [ "('css selector', '.categories-menu > ul:nth-child(2) > li:nth-child(4) > a')" ]
}