{
  "uid" : "88c9ad01e506ea18",
  "name" : "TC 13.01.45 - Check block 2 'home-t-shirts' in section 2 of the Promo Block is present in the DOM tree",
  "fullName" : "tests.test_main_page.TestPromoBlock#test_tc_13_01_45_check_block2_in_section2_is_present",
  "historyId" : "b2990700aa81ab309bfebec2ac4ead86",
  "time" : {
    "start" : 1753666624144,
    "stop" : 1753666630753,
    "duration" : 6609
  },
  "description" : "This test checks if block 2 'home-t-shirts' in section 2 in the Promo Block is present\n            in the DOM tree on the main page",
  "descriptionHtml" : "<p>This test checks if block 2 'home-t-shirts' in section 2 in the Promo Block is present\nin the DOM tree on the main page</p>\n",
  "status" : "broken",
  "statusMessage" : "selenium.common.exceptions.TimeoutException: Message: \nStacktrace:\n#0 0x564e493b07da <unknown>\n#1 0x564e48e552e0 <unknown>\n#2 0x564e48ea6e00 <unknown>\n#3 0x564e48ea6ff1 <unknown>\n#4 0x564e48ef5324 <unknown>\n#5 0x564e48ecc8dd <unknown>\n#6 0x564e48ef271c <unknown>\n#7 0x564e48ecc683 <unknown>\n#8 0x564e48e98b5b <unknown>\n#9 0x564e48e99f31 <unknown>\n#10 0x564e4937572b <unknown>\n#11 0x564e49379534 <unknown>\n#12 0x564e4935c229 <unknown>\n#13 0x564e4937a0d8 <unknown>\n#14 0x564e4934061f <unknown>\n#15 0x564e4939ddd8 <unknown>\n#16 0x564e4939dfb6 <unknown>\n#17 0x564e493afaf6 <unknown>\n#18 0x7f0b4449caa4 <unknown>\n#19 0x7f0b44529c3c <unknown>",
  "statusTrace" : "self = <test_main_page.TestMainPage.TestPromoBlock object at 0x7f042da18dd0>\ndriver = <selenium.webdriver.chrome.webdriver.WebDriver (session=\"ef38b231b30b92e661827487ba1b3aa0\")>\n\n    @allure.title(\"TC 13.01.45 - Check block 2 'home-t-shirts' in section 2 of the Promo Block is present \"\n                  \"in the DOM tree\")\n    def test_tc_13_01_45_check_block2_in_section2_is_present(self, driver):\n        \"\"\"This test checks if block 2 'home-t-shirts' in section 2 in the Promo Block is present\n        in the DOM tree on the main page\"\"\"\n        page = PromoBlock(driver, MAIN_PAGE_URL)\n        page.open()\n>       block2_section2 = page.check_block2_section2_is_present()\n\ntests/test_main_page.py:594: \n_ _ _ _ _ _ _ _ _ _ _ _ _ _ _ _ _ _ _ _ _ _ _ _ _ _ _ _ _ _ _ _ _ _ _ _ _ _ _ _ \npages/main_page.py:211: in check_block2_section2_is_present\n    return self.element_is_present(self.locators.SECTION_2_BLOCK_2)\npages/base_page.py:51: in element_is_present\n    return wait(self.driver, timeout).until(EC.presence_of_element_located(locator))\n_ _ _ _ _ _ _ _ _ _ _ _ _ _ _ _ _ _ _ _ _ _ _ _ _ _ _ _ _ _ _ _ _ _ _ _ _ _ _ _ \n\nself = <selenium.webdriver.support.wait.WebDriverWait (session=\"ef38b231b30b92e661827487ba1b3aa0\")>\nmethod = <function presence_of_element_located.<locals>._predicate at 0x7f042d792d40>\nmessage = ''\n\n    def until(self, method, message: str = \"\"):\n        \"\"\"Calls the method provided with the driver as an argument until the \\\n        return value does not evaluate to ``False``.\n    \n        :param method: callable(WebDriver)\n        :param message: optional message for :exc:`TimeoutException`\n        :returns: the result of the last call to `method`\n        :raises: :exc:`selenium.common.exceptions.TimeoutException` if timeout occurs\n        \"\"\"\n        screen = None\n        stacktrace = None\n    \n        end_time = time.monotonic() + self._timeout\n        while True:\n            try:\n                value = method(self._driver)\n                if value:\n                    return value\n            except self._ignored_exceptions as exc:\n                screen = getattr(exc, \"screen\", None)\n                stacktrace = getattr(exc, \"stacktrace\", None)\n            time.sleep(self._poll)\n            if time.monotonic() > end_time:\n                break\n>       raise TimeoutException(message, screen, stacktrace)\nE       selenium.common.exceptions.TimeoutException: Message: \nE       Stacktrace:\nE       #0 0x564e493b07da <unknown>\nE       #1 0x564e48e552e0 <unknown>\nE       #2 0x564e48ea6e00 <unknown>\nE       #3 0x564e48ea6ff1 <unknown>\nE       #4 0x564e48ef5324 <unknown>\nE       #5 0x564e48ecc8dd <unknown>\nE       #6 0x564e48ef271c <unknown>\nE       #7 0x564e48ecc683 <unknown>\nE       #8 0x564e48e98b5b <unknown>\nE       #9 0x564e48e99f31 <unknown>\nE       #10 0x564e4937572b <unknown>\nE       #11 0x564e49379534 <unknown>\nE       #12 0x564e4935c229 <unknown>\nE       #13 0x564e4937a0d8 <unknown>\nE       #14 0x564e4934061f <unknown>\nE       #15 0x564e4939ddd8 <unknown>\nE       #16 0x564e4939dfb6 <unknown>\nE       #17 0x564e493afaf6 <unknown>\nE       #18 0x7f0b4449caa4 <unknown>\nE       #19 0x7f0b44529c3c <unknown>\n\n/opt/hostedtoolcache/Python/3.12.3/x64/lib/python3.12/site-packages/selenium/webdriver/support/wait.py:95: TimeoutException",
  "flaky" : false,
  "newFailed" : false,
  "beforeStages" : [ {
    "name" : "driver",
    "time" : {
      "start" : 1753666622853,
      "stop" : 1753666624143,
      "duration" : 1290
    },
    "status" : "passed",
    "steps" : [ ],
    "attachments" : [ ],
    "parameters" : [ ],
    "stepsCount" : 0,
    "attachmentsCount" : 0,
    "shouldDisplayMessage" : false,
    "hasContent" : false
  }, {
    "name" : "_session_faker",
    "time" : {
      "start" : 1753665754091,
      "stop" : 1753665754158,
      "duration" : 67
    },
    "status" : "passed",
    "steps" : [ ],
    "attachments" : [ ],
    "parameters" : [ ],
    "stepsCount" : 0,
    "attachmentsCount" : 0,
    "shouldDisplayMessage" : false,
    "hasContent" : false
  }, {
    "name" : "clear_allure_result_folder",
    "time" : {
      "start" : 1753665754158,
      "stop" : 1753665754158,
      "duration" : 0
    },
    "status" : "passed",
    "steps" : [ ],
    "attachments" : [ ],
    "parameters" : [ ],
    "stepsCount" : 0,
    "attachmentsCount" : 0,
    "shouldDisplayMessage" : false,
    "hasContent" : false
  } ],
  "testStage" : {
    "description" : "This test checks if block 2 'home-t-shirts' in section 2 in the Promo Block is present\n            in the DOM tree on the main page",
    "status" : "broken",
    "statusMessage" : "selenium.common.exceptions.TimeoutException: Message: \nStacktrace:\n#0 0x564e493b07da <unknown>\n#1 0x564e48e552e0 <unknown>\n#2 0x564e48ea6e00 <unknown>\n#3 0x564e48ea6ff1 <unknown>\n#4 0x564e48ef5324 <unknown>\n#5 0x564e48ecc8dd <unknown>\n#6 0x564e48ef271c <unknown>\n#7 0x564e48ecc683 <unknown>\n#8 0x564e48e98b5b <unknown>\n#9 0x564e48e99f31 <unknown>\n#10 0x564e4937572b <unknown>\n#11 0x564e49379534 <unknown>\n#12 0x564e4935c229 <unknown>\n#13 0x564e4937a0d8 <unknown>\n#14 0x564e4934061f <unknown>\n#15 0x564e4939ddd8 <unknown>\n#16 0x564e4939dfb6 <unknown>\n#17 0x564e493afaf6 <unknown>\n#18 0x7f0b4449caa4 <unknown>\n#19 0x7f0b44529c3c <unknown>",
    "statusTrace" : "self = <test_main_page.TestMainPage.TestPromoBlock object at 0x7f042da18dd0>\ndriver = <selenium.webdriver.chrome.webdriver.WebDriver (session=\"ef38b231b30b92e661827487ba1b3aa0\")>\n\n    @allure.title(\"TC 13.01.45 - Check block 2 'home-t-shirts' in section 2 of the Promo Block is present \"\n                  \"in the DOM tree\")\n    def test_tc_13_01_45_check_block2_in_section2_is_present(self, driver):\n        \"\"\"This test checks if block 2 'home-t-shirts' in section 2 in the Promo Block is present\n        in the DOM tree on the main page\"\"\"\n        page = PromoBlock(driver, MAIN_PAGE_URL)\n        page.open()\n>       block2_section2 = page.check_block2_section2_is_present()\n\ntests/test_main_page.py:594: \n_ _ _ _ _ _ _ _ _ _ _ _ _ _ _ _ _ _ _ _ _ _ _ _ _ _ _ _ _ _ _ _ _ _ _ _ _ _ _ _ \npages/main_page.py:211: in check_block2_section2_is_present\n    return self.element_is_present(self.locators.SECTION_2_BLOCK_2)\npages/base_page.py:51: in element_is_present\n    return wait(self.driver, timeout).until(EC.presence_of_element_located(locator))\n_ _ _ _ _ _ _ _ _ _ _ _ _ _ _ _ _ _ _ _ _ _ _ _ _ _ _ _ _ _ _ _ _ _ _ _ _ _ _ _ \n\nself = <selenium.webdriver.support.wait.WebDriverWait (session=\"ef38b231b30b92e661827487ba1b3aa0\")>\nmethod = <function presence_of_element_located.<locals>._predicate at 0x7f042d792d40>\nmessage = ''\n\n    def until(self, method, message: str = \"\"):\n        \"\"\"Calls the method provided with the driver as an argument until the \\\n        return value does not evaluate to ``False``.\n    \n        :param method: callable(WebDriver)\n        :param message: optional message for :exc:`TimeoutException`\n        :returns: the result of the last call to `method`\n        :raises: :exc:`selenium.common.exceptions.TimeoutException` if timeout occurs\n        \"\"\"\n        screen = None\n        stacktrace = None\n    \n        end_time = time.monotonic() + self._timeout\n        while True:\n            try:\n                value = method(self._driver)\n                if value:\n                    return value\n            except self._ignored_exceptions as exc:\n                screen = getattr(exc, \"screen\", None)\n                stacktrace = getattr(exc, \"stacktrace\", None)\n            time.sleep(self._poll)\n            if time.monotonic() > end_time:\n                break\n>       raise TimeoutException(message, screen, stacktrace)\nE       selenium.common.exceptions.TimeoutException: Message: \nE       Stacktrace:\nE       #0 0x564e493b07da <unknown>\nE       #1 0x564e48e552e0 <unknown>\nE       #2 0x564e48ea6e00 <unknown>\nE       #3 0x564e48ea6ff1 <unknown>\nE       #4 0x564e48ef5324 <unknown>\nE       #5 0x564e48ecc8dd <unknown>\nE       #6 0x564e48ef271c <unknown>\nE       #7 0x564e48ecc683 <unknown>\nE       #8 0x564e48e98b5b <unknown>\nE       #9 0x564e48e99f31 <unknown>\nE       #10 0x564e4937572b <unknown>\nE       #11 0x564e49379534 <unknown>\nE       #12 0x564e4935c229 <unknown>\nE       #13 0x564e4937a0d8 <unknown>\nE       #14 0x564e4934061f <unknown>\nE       #15 0x564e4939ddd8 <unknown>\nE       #16 0x564e4939dfb6 <unknown>\nE       #17 0x564e493afaf6 <unknown>\nE       #18 0x7f0b4449caa4 <unknown>\nE       #19 0x7f0b44529c3c <unknown>\n\n/opt/hostedtoolcache/Python/3.12.3/x64/lib/python3.12/site-packages/selenium/webdriver/support/wait.py:95: TimeoutException",
    "steps" : [ {
      "name" : "Open a browser",
      "time" : {
        "start" : 1753666624144,
        "stop" : 1753666625622,
        "duration" : 1478
      },
      "status" : "passed",
      "steps" : [ ],
      "attachments" : [ ],
      "parameters" : [ ],
      "stepsCount" : 0,
      "attachmentsCount" : 0,
      "shouldDisplayMessage" : false,
      "hasContent" : false
    }, {
      "name" : "Check block 2 'home-t-shirts' in section 2 of the Promo Block is present in the DOM tree",
      "time" : {
        "start" : 1753666625622,
        "stop" : 1753666630752,
        "duration" : 5130
      },
      "status" : "broken",
      "statusMessage" : "selenium.common.exceptions.TimeoutException: Message: \nStacktrace:\n#0 0x564e493b07da <unknown>\n#1 0x564e48e552e0 <unknown>\n#2 0x564e48ea6e00 <unknown>\n#3 0x564e48ea6ff1 <unknown>\n#4 0x564e48ef5324 <unknown>\n#5 0x564e48ecc8dd <unknown>\n#6 0x564e48ef271c <unknown>\n#7 0x564e48ecc683 <unknown>\n#8 0x564e48e98b5b <unknown>\n#9 0x564e48e99f31 <unknown>\n#10 0x564e4937572b <unknown>\n#11 0x564e49379534 <unknown>\n#12 0x564e4935c229 <unknown>\n#13 0x564e4937a0d8 <unknown>\n#14 0x564e4934061f <unknown>\n#15 0x564e4939ddd8 <unknown>\n#16 0x564e4939dfb6 <unknown>\n#17 0x564e493afaf6 <unknown>\n#18 0x7f0b4449caa4 <unknown>\n#19 0x7f0b44529c3c <unknown>\n\n",
      "statusTrace" : "  File \"/opt/hostedtoolcache/Python/3.12.3/x64/lib/python3.12/site-packages/allure_commons/_allure.py\", line 192, in impl\n    return func(*a, **kw)\n           ^^^^^^^^^^^^^^\n  File \"/home/runner/work/luma_project/luma_project/pages/main_page.py\", line 211, in check_block2_section2_is_present\n    return self.element_is_present(self.locators.SECTION_2_BLOCK_2)\n           ^^^^^^^^^^^^^^^^^^^^^^^^^^^^^^^^^^^^^^^^^^^^^^^^^^^^^^^^\n  File \"/opt/hostedtoolcache/Python/3.12.3/x64/lib/python3.12/site-packages/allure_commons/_allure.py\", line 192, in impl\n    return func(*a, **kw)\n           ^^^^^^^^^^^^^^\n  File \"/home/runner/work/luma_project/luma_project/pages/base_page.py\", line 51, in element_is_present\n    return wait(self.driver, timeout).until(EC.presence_of_element_located(locator))\n           ^^^^^^^^^^^^^^^^^^^^^^^^^^^^^^^^^^^^^^^^^^^^^^^^^^^^^^^^^^^^^^^^^^^^^^^^^\n  File \"/opt/hostedtoolcache/Python/3.12.3/x64/lib/python3.12/site-packages/selenium/webdriver/support/wait.py\", line 95, in until\n    raise TimeoutException(message, screen, stacktrace)\n",
      "steps" : [ {
        "name" : "Find a present element",
        "time" : {
          "start" : 1753666625622,
          "stop" : 1753666630752,
          "duration" : 5130
        },
        "status" : "broken",
        "statusMessage" : "selenium.common.exceptions.TimeoutException: Message: \nStacktrace:\n#0 0x564e493b07da <unknown>\n#1 0x564e48e552e0 <unknown>\n#2 0x564e48ea6e00 <unknown>\n#3 0x564e48ea6ff1 <unknown>\n#4 0x564e48ef5324 <unknown>\n#5 0x564e48ecc8dd <unknown>\n#6 0x564e48ef271c <unknown>\n#7 0x564e48ecc683 <unknown>\n#8 0x564e48e98b5b <unknown>\n#9 0x564e48e99f31 <unknown>\n#10 0x564e4937572b <unknown>\n#11 0x564e49379534 <unknown>\n#12 0x564e4935c229 <unknown>\n#13 0x564e4937a0d8 <unknown>\n#14 0x564e4934061f <unknown>\n#15 0x564e4939ddd8 <unknown>\n#16 0x564e4939dfb6 <unknown>\n#17 0x564e493afaf6 <unknown>\n#18 0x7f0b4449caa4 <unknown>\n#19 0x7f0b44529c3c <unknown>\n\n",
        "statusTrace" : "  File \"/opt/hostedtoolcache/Python/3.12.3/x64/lib/python3.12/site-packages/allure_commons/_allure.py\", line 192, in impl\n    return func(*a, **kw)\n           ^^^^^^^^^^^^^^\n  File \"/home/runner/work/luma_project/luma_project/pages/base_page.py\", line 51, in element_is_present\n    return wait(self.driver, timeout).until(EC.presence_of_element_located(locator))\n           ^^^^^^^^^^^^^^^^^^^^^^^^^^^^^^^^^^^^^^^^^^^^^^^^^^^^^^^^^^^^^^^^^^^^^^^^^\n  File \"/opt/hostedtoolcache/Python/3.12.3/x64/lib/python3.12/site-packages/selenium/webdriver/support/wait.py\", line 95, in until\n    raise TimeoutException(message, screen, stacktrace)\n",
        "steps" : [ ],
        "attachments" : [ ],
        "parameters" : [ {
          "name" : "locator",
          "value" : "('css selector', '.home-t-shirts')"
        }, {
          "name" : "timeout",
          "value" : "5"
        } ],
        "stepsCount" : 0,
        "attachmentsCount" : 0,
        "shouldDisplayMessage" : true,
        "hasContent" : true
      } ],
      "attachments" : [ ],
      "parameters" : [ ],
      "stepsCount" : 1,
      "attachmentsCount" : 0,
      "shouldDisplayMessage" : false,
      "hasContent" : true
    } ],
    "attachments" : [ {
      "uid" : "64c413f522e15e0f",
      "name" : "Screenshot",
      "source" : "64c413f522e15e0f.png",
      "type" : "image/png",
      "size" : 554227
    }, {
      "uid" : "81ce81e01b6c6d4",
      "name" : "HTML source",
      "source" : "81ce81e01b6c6d4.html",
      "type" : "text/html",
      "size" : 228234
    } ],
    "parameters" : [ ],
    "stepsCount" : 3,
    "attachmentsCount" : 2,
    "shouldDisplayMessage" : true,
    "hasContent" : true
  },
  "afterStages" : [ {
    "name" : "driver::0",
    "time" : {
      "start" : 1753666630997,
      "stop" : 1753666631067,
      "duration" : 70
    },
    "status" : "passed",
    "steps" : [ ],
    "attachments" : [ ],
    "parameters" : [ ],
    "stepsCount" : 0,
    "attachmentsCount" : 0,
    "shouldDisplayMessage" : false,
    "hasContent" : false
  }, {
    "name" : "clear_allure_result_folder::0",
    "time" : {
      "start" : 1753667421389,
      "stop" : 1753667421389,
      "duration" : 0
    },
    "status" : "passed",
    "steps" : [ ],
    "attachments" : [ ],
    "parameters" : [ ],
    "stepsCount" : 0,
    "attachmentsCount" : 0,
    "shouldDisplayMessage" : false,
    "hasContent" : false
  } ],
  "labels" : [ {
    "name" : "feature",
    "value" : "Promo Block Testing"
  }, {
    "name" : "epic",
    "value" : "Main Page"
  }, {
    "name" : "parentSuite",
    "value" : "tests"
  }, {
    "name" : "suite",
    "value" : "test_main_page"
  }, {
    "name" : "subSuite",
    "value" : "TestMainPage"
  }, {
    "name" : "host",
    "value" : "pkrvmpptgkbjq6m"
  }, {
    "name" : "thread",
    "value" : "2983-MainThread"
  }, {
    "name" : "framework",
    "value" : "pytest"
  }, {
    "name" : "language",
    "value" : "cpython3"
  }, {
    "name" : "package",
    "value" : "tests.test_main_page"
  }, {
    "name" : "resultFormat",
    "value" : "allure2"
  } ],
  "parameters" : [ ],
  "links" : [ ],
  "hidden" : false,
  "retry" : false,
  "extra" : {
    "severity" : "normal",
    "retries" : [ ],
    "categories" : [ {
      "name" : "Test defects",
      "matchedStatuses" : [ ],
      "flaky" : false
    } ],
    "tags" : [ ]
  },
  "source" : "88c9ad01e506ea18.json",
  "parameterValues" : [ ]
}