{
  "uid" : "8c3c3863b6c49d08",
  "name" : "TC 18.01.03 message \"You have no items to compare.\" is displayed",
  "fullName" : "tests.test_training_video_download.TestTrainingVideoDownload#test_tc_18_01_03_message_no_items_to_compare_is_displayed",
  "historyId" : "d2934b053b2c5378e679ae01bae119ba",
  "time" : {
    "start" : 1758505827549,
    "stop" : 1758505832971,
    "duration" : 5422
  },
  "description" : "Verify message 'You have no items to compare.' is visible",
  "descriptionHtml" : "<p>Verify message 'You have no items to compare.' is visible</p>\n",
  "status" : "broken",
  "statusMessage" : "selenium.common.exceptions.TimeoutException: Message: \nStacktrace:\n#0 0x560c8fa2d94a <unknown>\n#1 0x560c8f4a28a0 <unknown>\n#2 0x560c8f4f4540 <unknown>\n#3 0x560c8f4f4731 <unknown>\n#4 0x560c8f542824 <unknown>\n#5 0x560c8f51a05d <unknown>\n#6 0x560c8f53fc23 <unknown>\n#7 0x560c8f519e03 <unknown>\n#8 0x560c8f4e6968 <unknown>\n#9 0x560c8f4e75e1 <unknown>\n#10 0x560c8f9f1548 <unknown>\n#11 0x560c8f9f5272 <unknown>\n#12 0x560c8f9d8313 <unknown>\n#13 0x560c8f9f5dc5 <unknown>\n#14 0x560c8f9bd49f <unknown>\n#15 0x560c8fa1a158 <unknown>\n#16 0x560c8fa1a332 <unknown>\n#17 0x560c8fa2ca53 <unknown>\n#18 0x7fbc7ac9caa4 <unknown>\n#19 0x7fbc7ad29c3c <unknown>",
  "statusTrace" : "self = <test_training_video_download.TestTrainingVideoDownload object at 0x7f22c0f9f6e0>\ndriver = <selenium.webdriver.chrome.webdriver.WebDriver (session=\"4c71c28b723f0a0ac12314d96addbbcc\")>\n\n    @allure.title('TC 18.01.03 message \"You have no items to compare.\" is displayed')\n    def test_tc_18_01_03_message_no_items_to_compare_is_displayed(self, driver):\n        \"\"\"Verify message 'You have no items to compare.' is visible\"\"\"\n        page = TrainingVideoDownloadPage(driver, VIDEO_DOWNLOAD_PAGE_URL)\n        page.open()\n>       text = page.message_no_items_to_compare_is_displayed()\n\ntests/test_training_video_download.py:30: \n_ _ _ _ _ _ _ _ _ _ _ _ _ _ _ _ _ _ _ _ _ _ _ _ _ _ _ _ _ _ _ _ _ _ _ _ _ _ _ _ \npages/training_video_download_page.py:26: in message_no_items_to_compare_is_displayed\n    text = self.element_is_visible(self.training_video_download_locators.COMPARE_MESSAGE)\npages/base_page.py:30: in element_is_visible\n    self.go_to_element(self.element_is_present(locator))\npages/base_page.py:51: in element_is_present\n    return wait(self.driver, timeout).until(EC.presence_of_element_located(locator))\n_ _ _ _ _ _ _ _ _ _ _ _ _ _ _ _ _ _ _ _ _ _ _ _ _ _ _ _ _ _ _ _ _ _ _ _ _ _ _ _ \n\nself = <selenium.webdriver.support.wait.WebDriverWait (session=\"4c71c28b723f0a0ac12314d96addbbcc\")>\nmethod = <function presence_of_element_located.<locals>._predicate at 0x7f22c0b5bba0>\nmessage = ''\n\n    def until(self, method, message: str = \"\"):\n        \"\"\"Calls the method provided with the driver as an argument until the \\\n        return value does not evaluate to ``False``.\n    \n        :param method: callable(WebDriver)\n        :param message: optional message for :exc:`TimeoutException`\n        :returns: the result of the last call to `method`\n        :raises: :exc:`selenium.common.exceptions.TimeoutException` if timeout occurs\n        \"\"\"\n        screen = None\n        stacktrace = None\n    \n        end_time = time.monotonic() + self._timeout\n        while True:\n            try:\n                value = method(self._driver)\n                if value:\n                    return value\n            except self._ignored_exceptions as exc:\n                screen = getattr(exc, \"screen\", None)\n                stacktrace = getattr(exc, \"stacktrace\", None)\n            time.sleep(self._poll)\n            if time.monotonic() > end_time:\n                break\n>       raise TimeoutException(message, screen, stacktrace)\nE       selenium.common.exceptions.TimeoutException: Message: \nE       Stacktrace:\nE       #0 0x560c8fa2d94a <unknown>\nE       #1 0x560c8f4a28a0 <unknown>\nE       #2 0x560c8f4f4540 <unknown>\nE       #3 0x560c8f4f4731 <unknown>\nE       #4 0x560c8f542824 <unknown>\nE       #5 0x560c8f51a05d <unknown>\nE       #6 0x560c8f53fc23 <unknown>\nE       #7 0x560c8f519e03 <unknown>\nE       #8 0x560c8f4e6968 <unknown>\nE       #9 0x560c8f4e75e1 <unknown>\nE       #10 0x560c8f9f1548 <unknown>\nE       #11 0x560c8f9f5272 <unknown>\nE       #12 0x560c8f9d8313 <unknown>\nE       #13 0x560c8f9f5dc5 <unknown>\nE       #14 0x560c8f9bd49f <unknown>\nE       #15 0x560c8fa1a158 <unknown>\nE       #16 0x560c8fa1a332 <unknown>\nE       #17 0x560c8fa2ca53 <unknown>\nE       #18 0x7fbc7ac9caa4 <unknown>\nE       #19 0x7fbc7ad29c3c <unknown>\n\n/opt/hostedtoolcache/Python/3.12.3/x64/lib/python3.12/site-packages/selenium/webdriver/support/wait.py:95: TimeoutException",
  "flaky" : false,
  "newFailed" : false,
  "beforeStages" : [ {
    "name" : "_session_faker",
    "time" : {
      "start" : 1758503447562,
      "stop" : 1758503447629,
      "duration" : 67
    },
    "status" : "passed",
    "steps" : [ ],
    "attachments" : [ ],
    "parameters" : [ ],
    "stepsCount" : 0,
    "attachmentsCount" : 0,
    "shouldDisplayMessage" : false,
    "hasContent" : false
  }, {
    "name" : "clear_allure_result_folder",
    "time" : {
      "start" : 1758503447630,
      "stop" : 1758503447630,
      "duration" : 0
    },
    "status" : "passed",
    "steps" : [ ],
    "attachments" : [ ],
    "parameters" : [ ],
    "stepsCount" : 0,
    "attachmentsCount" : 0,
    "shouldDisplayMessage" : false,
    "hasContent" : false
  }, {
    "name" : "driver",
    "time" : {
      "start" : 1758505826313,
      "stop" : 1758505827549,
      "duration" : 1236
    },
    "status" : "passed",
    "steps" : [ ],
    "attachments" : [ ],
    "parameters" : [ ],
    "stepsCount" : 0,
    "attachmentsCount" : 0,
    "shouldDisplayMessage" : false,
    "hasContent" : false
  } ],
  "testStage" : {
    "description" : "Verify message 'You have no items to compare.' is visible",
    "status" : "broken",
    "statusMessage" : "selenium.common.exceptions.TimeoutException: Message: \nStacktrace:\n#0 0x560c8fa2d94a <unknown>\n#1 0x560c8f4a28a0 <unknown>\n#2 0x560c8f4f4540 <unknown>\n#3 0x560c8f4f4731 <unknown>\n#4 0x560c8f542824 <unknown>\n#5 0x560c8f51a05d <unknown>\n#6 0x560c8f53fc23 <unknown>\n#7 0x560c8f519e03 <unknown>\n#8 0x560c8f4e6968 <unknown>\n#9 0x560c8f4e75e1 <unknown>\n#10 0x560c8f9f1548 <unknown>\n#11 0x560c8f9f5272 <unknown>\n#12 0x560c8f9d8313 <unknown>\n#13 0x560c8f9f5dc5 <unknown>\n#14 0x560c8f9bd49f <unknown>\n#15 0x560c8fa1a158 <unknown>\n#16 0x560c8fa1a332 <unknown>\n#17 0x560c8fa2ca53 <unknown>\n#18 0x7fbc7ac9caa4 <unknown>\n#19 0x7fbc7ad29c3c <unknown>",
    "statusTrace" : "self = <test_training_video_download.TestTrainingVideoDownload object at 0x7f22c0f9f6e0>\ndriver = <selenium.webdriver.chrome.webdriver.WebDriver (session=\"4c71c28b723f0a0ac12314d96addbbcc\")>\n\n    @allure.title('TC 18.01.03 message \"You have no items to compare.\" is displayed')\n    def test_tc_18_01_03_message_no_items_to_compare_is_displayed(self, driver):\n        \"\"\"Verify message 'You have no items to compare.' is visible\"\"\"\n        page = TrainingVideoDownloadPage(driver, VIDEO_DOWNLOAD_PAGE_URL)\n        page.open()\n>       text = page.message_no_items_to_compare_is_displayed()\n\ntests/test_training_video_download.py:30: \n_ _ _ _ _ _ _ _ _ _ _ _ _ _ _ _ _ _ _ _ _ _ _ _ _ _ _ _ _ _ _ _ _ _ _ _ _ _ _ _ \npages/training_video_download_page.py:26: in message_no_items_to_compare_is_displayed\n    text = self.element_is_visible(self.training_video_download_locators.COMPARE_MESSAGE)\npages/base_page.py:30: in element_is_visible\n    self.go_to_element(self.element_is_present(locator))\npages/base_page.py:51: in element_is_present\n    return wait(self.driver, timeout).until(EC.presence_of_element_located(locator))\n_ _ _ _ _ _ _ _ _ _ _ _ _ _ _ _ _ _ _ _ _ _ _ _ _ _ _ _ _ _ _ _ _ _ _ _ _ _ _ _ \n\nself = <selenium.webdriver.support.wait.WebDriverWait (session=\"4c71c28b723f0a0ac12314d96addbbcc\")>\nmethod = <function presence_of_element_located.<locals>._predicate at 0x7f22c0b5bba0>\nmessage = ''\n\n    def until(self, method, message: str = \"\"):\n        \"\"\"Calls the method provided with the driver as an argument until the \\\n        return value does not evaluate to ``False``.\n    \n        :param method: callable(WebDriver)\n        :param message: optional message for :exc:`TimeoutException`\n        :returns: the result of the last call to `method`\n        :raises: :exc:`selenium.common.exceptions.TimeoutException` if timeout occurs\n        \"\"\"\n        screen = None\n        stacktrace = None\n    \n        end_time = time.monotonic() + self._timeout\n        while True:\n            try:\n                value = method(self._driver)\n                if value:\n                    return value\n            except self._ignored_exceptions as exc:\n                screen = getattr(exc, \"screen\", None)\n                stacktrace = getattr(exc, \"stacktrace\", None)\n            time.sleep(self._poll)\n            if time.monotonic() > end_time:\n                break\n>       raise TimeoutException(message, screen, stacktrace)\nE       selenium.common.exceptions.TimeoutException: Message: \nE       Stacktrace:\nE       #0 0x560c8fa2d94a <unknown>\nE       #1 0x560c8f4a28a0 <unknown>\nE       #2 0x560c8f4f4540 <unknown>\nE       #3 0x560c8f4f4731 <unknown>\nE       #4 0x560c8f542824 <unknown>\nE       #5 0x560c8f51a05d <unknown>\nE       #6 0x560c8f53fc23 <unknown>\nE       #7 0x560c8f519e03 <unknown>\nE       #8 0x560c8f4e6968 <unknown>\nE       #9 0x560c8f4e75e1 <unknown>\nE       #10 0x560c8f9f1548 <unknown>\nE       #11 0x560c8f9f5272 <unknown>\nE       #12 0x560c8f9d8313 <unknown>\nE       #13 0x560c8f9f5dc5 <unknown>\nE       #14 0x560c8f9bd49f <unknown>\nE       #15 0x560c8fa1a158 <unknown>\nE       #16 0x560c8fa1a332 <unknown>\nE       #17 0x560c8fa2ca53 <unknown>\nE       #18 0x7fbc7ac9caa4 <unknown>\nE       #19 0x7fbc7ad29c3c <unknown>\n\n/opt/hostedtoolcache/Python/3.12.3/x64/lib/python3.12/site-packages/selenium/webdriver/support/wait.py:95: TimeoutException",
    "steps" : [ {
      "name" : "Open a browser",
      "time" : {
        "start" : 1758505827549,
        "stop" : 1758505827868,
        "duration" : 319
      },
      "status" : "passed",
      "steps" : [ ],
      "attachments" : [ ],
      "parameters" : [ ],
      "stepsCount" : 0,
      "attachmentsCount" : 0,
      "shouldDisplayMessage" : false,
      "hasContent" : false
    }, {
      "name" : "Message no item is displayed",
      "time" : {
        "start" : 1758505827868,
        "stop" : 1758505832970,
        "duration" : 5102
      },
      "status" : "broken",
      "statusMessage" : "selenium.common.exceptions.TimeoutException: Message: \nStacktrace:\n#0 0x560c8fa2d94a <unknown>\n#1 0x560c8f4a28a0 <unknown>\n#2 0x560c8f4f4540 <unknown>\n#3 0x560c8f4f4731 <unknown>\n#4 0x560c8f542824 <unknown>\n#5 0x560c8f51a05d <unknown>\n#6 0x560c8f53fc23 <unknown>\n#7 0x560c8f519e03 <unknown>\n#8 0x560c8f4e6968 <unknown>\n#9 0x560c8f4e75e1 <unknown>\n#10 0x560c8f9f1548 <unknown>\n#11 0x560c8f9f5272 <unknown>\n#12 0x560c8f9d8313 <unknown>\n#13 0x560c8f9f5dc5 <unknown>\n#14 0x560c8f9bd49f <unknown>\n#15 0x560c8fa1a158 <unknown>\n#16 0x560c8fa1a332 <unknown>\n#17 0x560c8fa2ca53 <unknown>\n#18 0x7fbc7ac9caa4 <unknown>\n#19 0x7fbc7ad29c3c <unknown>\n\n",
      "statusTrace" : "  File \"/opt/hostedtoolcache/Python/3.12.3/x64/lib/python3.12/site-packages/allure_commons/_allure.py\", line 192, in impl\n    return func(*a, **kw)\n           ^^^^^^^^^^^^^^\n  File \"/home/runner/work/luma_project/luma_project/pages/training_video_download_page.py\", line 26, in message_no_items_to_compare_is_displayed\n    text = self.element_is_visible(self.training_video_download_locators.COMPARE_MESSAGE)\n           ^^^^^^^^^^^^^^^^^^^^^^^^^^^^^^^^^^^^^^^^^^^^^^^^^^^^^^^^^^^^^^^^^^^^^^^^^^^^^^\n  File \"/opt/hostedtoolcache/Python/3.12.3/x64/lib/python3.12/site-packages/allure_commons/_allure.py\", line 192, in impl\n    return func(*a, **kw)\n           ^^^^^^^^^^^^^^\n  File \"/home/runner/work/luma_project/luma_project/pages/base_page.py\", line 30, in element_is_visible\n    self.go_to_element(self.element_is_present(locator))\n                       ^^^^^^^^^^^^^^^^^^^^^^^^^^^^^^^^\n  File \"/opt/hostedtoolcache/Python/3.12.3/x64/lib/python3.12/site-packages/allure_commons/_allure.py\", line 192, in impl\n    return func(*a, **kw)\n           ^^^^^^^^^^^^^^\n  File \"/home/runner/work/luma_project/luma_project/pages/base_page.py\", line 51, in element_is_present\n    return wait(self.driver, timeout).until(EC.presence_of_element_located(locator))\n           ^^^^^^^^^^^^^^^^^^^^^^^^^^^^^^^^^^^^^^^^^^^^^^^^^^^^^^^^^^^^^^^^^^^^^^^^^\n  File \"/opt/hostedtoolcache/Python/3.12.3/x64/lib/python3.12/site-packages/selenium/webdriver/support/wait.py\", line 95, in until\n    raise TimeoutException(message, screen, stacktrace)\n",
      "steps" : [ {
        "name" : "Find a visible element",
        "time" : {
          "start" : 1758505827869,
          "stop" : 1758505832970,
          "duration" : 5101
        },
        "status" : "broken",
        "statusMessage" : "selenium.common.exceptions.TimeoutException: Message: \nStacktrace:\n#0 0x560c8fa2d94a <unknown>\n#1 0x560c8f4a28a0 <unknown>\n#2 0x560c8f4f4540 <unknown>\n#3 0x560c8f4f4731 <unknown>\n#4 0x560c8f542824 <unknown>\n#5 0x560c8f51a05d <unknown>\n#6 0x560c8f53fc23 <unknown>\n#7 0x560c8f519e03 <unknown>\n#8 0x560c8f4e6968 <unknown>\n#9 0x560c8f4e75e1 <unknown>\n#10 0x560c8f9f1548 <unknown>\n#11 0x560c8f9f5272 <unknown>\n#12 0x560c8f9d8313 <unknown>\n#13 0x560c8f9f5dc5 <unknown>\n#14 0x560c8f9bd49f <unknown>\n#15 0x560c8fa1a158 <unknown>\n#16 0x560c8fa1a332 <unknown>\n#17 0x560c8fa2ca53 <unknown>\n#18 0x7fbc7ac9caa4 <unknown>\n#19 0x7fbc7ad29c3c <unknown>\n\n",
        "statusTrace" : "  File \"/opt/hostedtoolcache/Python/3.12.3/x64/lib/python3.12/site-packages/allure_commons/_allure.py\", line 192, in impl\n    return func(*a, **kw)\n           ^^^^^^^^^^^^^^\n  File \"/home/runner/work/luma_project/luma_project/pages/base_page.py\", line 30, in element_is_visible\n    self.go_to_element(self.element_is_present(locator))\n                       ^^^^^^^^^^^^^^^^^^^^^^^^^^^^^^^^\n  File \"/opt/hostedtoolcache/Python/3.12.3/x64/lib/python3.12/site-packages/allure_commons/_allure.py\", line 192, in impl\n    return func(*a, **kw)\n           ^^^^^^^^^^^^^^\n  File \"/home/runner/work/luma_project/luma_project/pages/base_page.py\", line 51, in element_is_present\n    return wait(self.driver, timeout).until(EC.presence_of_element_located(locator))\n           ^^^^^^^^^^^^^^^^^^^^^^^^^^^^^^^^^^^^^^^^^^^^^^^^^^^^^^^^^^^^^^^^^^^^^^^^^\n  File \"/opt/hostedtoolcache/Python/3.12.3/x64/lib/python3.12/site-packages/selenium/webdriver/support/wait.py\", line 95, in until\n    raise TimeoutException(message, screen, stacktrace)\n",
        "steps" : [ {
          "name" : "Find a present element",
          "time" : {
            "start" : 1758505827869,
            "stop" : 1758505832970,
            "duration" : 5101
          },
          "status" : "broken",
          "statusMessage" : "selenium.common.exceptions.TimeoutException: Message: \nStacktrace:\n#0 0x560c8fa2d94a <unknown>\n#1 0x560c8f4a28a0 <unknown>\n#2 0x560c8f4f4540 <unknown>\n#3 0x560c8f4f4731 <unknown>\n#4 0x560c8f542824 <unknown>\n#5 0x560c8f51a05d <unknown>\n#6 0x560c8f53fc23 <unknown>\n#7 0x560c8f519e03 <unknown>\n#8 0x560c8f4e6968 <unknown>\n#9 0x560c8f4e75e1 <unknown>\n#10 0x560c8f9f1548 <unknown>\n#11 0x560c8f9f5272 <unknown>\n#12 0x560c8f9d8313 <unknown>\n#13 0x560c8f9f5dc5 <unknown>\n#14 0x560c8f9bd49f <unknown>\n#15 0x560c8fa1a158 <unknown>\n#16 0x560c8fa1a332 <unknown>\n#17 0x560c8fa2ca53 <unknown>\n#18 0x7fbc7ac9caa4 <unknown>\n#19 0x7fbc7ad29c3c <unknown>\n\n",
          "statusTrace" : "  File \"/opt/hostedtoolcache/Python/3.12.3/x64/lib/python3.12/site-packages/allure_commons/_allure.py\", line 192, in impl\n    return func(*a, **kw)\n           ^^^^^^^^^^^^^^\n  File \"/home/runner/work/luma_project/luma_project/pages/base_page.py\", line 51, in element_is_present\n    return wait(self.driver, timeout).until(EC.presence_of_element_located(locator))\n           ^^^^^^^^^^^^^^^^^^^^^^^^^^^^^^^^^^^^^^^^^^^^^^^^^^^^^^^^^^^^^^^^^^^^^^^^^\n  File \"/opt/hostedtoolcache/Python/3.12.3/x64/lib/python3.12/site-packages/selenium/webdriver/support/wait.py\", line 95, in until\n    raise TimeoutException(message, screen, stacktrace)\n",
          "steps" : [ ],
          "attachments" : [ ],
          "parameters" : [ {
            "name" : "locator",
            "value" : "('css selector', '.block.block-compare .empty')"
          }, {
            "name" : "timeout",
            "value" : "5"
          } ],
          "stepsCount" : 0,
          "attachmentsCount" : 0,
          "shouldDisplayMessage" : true,
          "hasContent" : true
        } ],
        "attachments" : [ ],
        "parameters" : [ {
          "name" : "locator",
          "value" : "('css selector', '.block.block-compare .empty')"
        }, {
          "name" : "timeout",
          "value" : "10"
        } ],
        "stepsCount" : 1,
        "attachmentsCount" : 0,
        "shouldDisplayMessage" : false,
        "hasContent" : true
      } ],
      "attachments" : [ ],
      "parameters" : [ ],
      "stepsCount" : 2,
      "attachmentsCount" : 0,
      "shouldDisplayMessage" : false,
      "hasContent" : true
    } ],
    "attachments" : [ {
      "uid" : "598bc0b16b37928",
      "name" : "Screenshot",
      "source" : "598bc0b16b37928.png",
      "type" : "image/png",
      "size" : 23875
    }, {
      "uid" : "5f0696925a5aea4e",
      "name" : "HTML source",
      "source" : "5f0696925a5aea4e.html",
      "type" : "text/html",
      "size" : 786
    } ],
    "parameters" : [ ],
    "stepsCount" : 4,
    "attachmentsCount" : 2,
    "shouldDisplayMessage" : true,
    "hasContent" : true
  },
  "afterStages" : [ {
    "name" : "clear_allure_result_folder::0",
    "time" : {
      "start" : 1758505893826,
      "stop" : 1758505893826,
      "duration" : 0
    },
    "status" : "passed",
    "steps" : [ ],
    "attachments" : [ ],
    "parameters" : [ ],
    "stepsCount" : 0,
    "attachmentsCount" : 0,
    "shouldDisplayMessage" : false,
    "hasContent" : false
  }, {
    "name" : "driver::0",
    "time" : {
      "start" : 1758505833035,
      "stop" : 1758505833095,
      "duration" : 60
    },
    "status" : "passed",
    "steps" : [ ],
    "attachments" : [ ],
    "parameters" : [ ],
    "stepsCount" : 0,
    "attachmentsCount" : 0,
    "shouldDisplayMessage" : false,
    "hasContent" : false
  } ],
  "labels" : [ {
    "name" : "epic",
    "value" : "Test Training Video"
  }, {
    "name" : "parentSuite",
    "value" : "tests"
  }, {
    "name" : "suite",
    "value" : "test_training_video_download"
  }, {
    "name" : "subSuite",
    "value" : "TestTrainingVideoDownload"
  }, {
    "name" : "host",
    "value" : "runnervmf4ws1"
  }, {
    "name" : "thread",
    "value" : "2993-MainThread"
  }, {
    "name" : "framework",
    "value" : "pytest"
  }, {
    "name" : "language",
    "value" : "cpython3"
  }, {
    "name" : "package",
    "value" : "tests.test_training_video_download"
  }, {
    "name" : "resultFormat",
    "value" : "allure2"
  } ],
  "parameters" : [ ],
  "links" : [ ],
  "hidden" : false,
  "retry" : false,
  "extra" : {
    "severity" : "normal",
    "retries" : [ ],
    "categories" : [ {
      "name" : "Test defects",
      "matchedStatuses" : [ ],
      "flaky" : false
    } ],
    "tags" : [ ]
  },
  "source" : "8c3c3863b6c49d08.json",
  "parameterValues" : [ ]
}