{
  "uid" : "8fd0e8674b067db",
  "name" : "TC 03.01.07 Verify Email field highlighting on click",
  "fullName" : "tests.test_sign_in.TestRegisteredCustomers#test_03_01_07_email_field_gets_highlighted_when_clicked",
  "historyId" : "5fc6e0fd11003afdf9c23d12edce02bd",
  "time" : {
    "start" : 1762134452875,
    "stop" : 1762134457979,
    "duration" : 5104
  },
  "description" : "\n        Check the Email field is activated with a cursor and gets highlighted when clicked\n        ",
  "descriptionHtml" : "<pre><code>    Check the Email field is activated with a cursor and gets highlighted when clicked\n</code></pre>\n",
  "status" : "broken",
  "statusMessage" : "selenium.common.exceptions.TimeoutException: Message: \nStacktrace:\n#0 0x560dd60c6aea <unknown>\n#1 0x560dd5b12cdb <unknown>\n#2 0x560dd5b656c4 <unknown>\n#3 0x560dd5b65901 <unknown>\n#4 0x560dd5bb48b4 <unknown>\n#5 0x560dd5bb1c87 <unknown>\n#6 0x560dd5b57aca <unknown>\n#7 0x560dd5b587d1 <unknown>\n#8 0x560dd608dab9 <unknown>\n#9 0x560dd6090a8c <unknown>\n#10 0x560dd6076d49 <unknown>\n#11 0x560dd6091685 <unknown>\n#12 0x560dd605e6c3 <unknown>\n#13 0x560dd60b37d8 <unknown>\n#14 0x560dd60b39b3 <unknown>\n#15 0x560dd60c5a83 <unknown>\n#16 0x7f7d7329caa4 <unknown>\n#17 0x7f7d73329c6c <unknown>",
  "statusTrace" : "self = <test_sign_in.TestRegisteredCustomers object at 0x7f69c9724140>\ndriver = <selenium.webdriver.chrome.webdriver.WebDriver (session=\"91d0c39ee3aaf84398159416f85f47ae\")>\nsign_in_page = <pages.sign_in_page.SignInPage object at 0x7f69c94d05c0>\n\n    @allure.title('TC 03.01.07 Verify Email field highlighting on click')\n    @allure.severity(allure.severity_level.MINOR)\n    def test_03_01_07_email_field_gets_highlighted_when_clicked(self, driver, sign_in_page):\n        \"\"\"\n        Check the Email field is activated with a cursor and gets highlighted when clicked\n        \"\"\"\n>       initial_box_shadow, active_box_shadow = sign_in_page.activate_email_field_and_check_style()\n\ntests/test_sign_in.py:79: \n_ _ _ _ _ _ _ _ _ _ _ _ _ _ _ _ _ _ _ _ _ _ _ _ _ _ _ _ _ _ _ _ _ _ _ _ _ _ _ _ \npages/sign_in_page.py:49: in activate_email_field_and_check_style\n    return self.activate_field_and_check_style(self.locators.CUSTOMER_EMAIL)\npages/base_page.py:311: in activate_field_and_check_style\n    initial_box_shadow = self.check_element_hover_style(locator, 'box-shadow', 5)\npages/base_page.py:121: in check_element_hover_style\n    element = self.element_is_visible(locator)  # Get the WebElement using locator\npages/base_page.py:30: in element_is_visible\n    self.go_to_element(self.element_is_present(locator))\npages/base_page.py:51: in element_is_present\n    return wait(self.driver, timeout).until(EC.presence_of_element_located(locator))\n_ _ _ _ _ _ _ _ _ _ _ _ _ _ _ _ _ _ _ _ _ _ _ _ _ _ _ _ _ _ _ _ _ _ _ _ _ _ _ _ \n\nself = <selenium.webdriver.support.wait.WebDriverWait (session=\"91d0c39ee3aaf84398159416f85f47ae\")>\nmethod = <function presence_of_element_located.<locals>._predicate at 0x7f69c91d5260>\nmessage = ''\n\n    def until(self, method, message: str = \"\"):\n        \"\"\"Calls the method provided with the driver as an argument until the \\\n        return value does not evaluate to ``False``.\n    \n        :param method: callable(WebDriver)\n        :param message: optional message for :exc:`TimeoutException`\n        :returns: the result of the last call to `method`\n        :raises: :exc:`selenium.common.exceptions.TimeoutException` if timeout occurs\n        \"\"\"\n        screen = None\n        stacktrace = None\n    \n        end_time = time.monotonic() + self._timeout\n        while True:\n            try:\n                value = method(self._driver)\n                if value:\n                    return value\n            except self._ignored_exceptions as exc:\n                screen = getattr(exc, \"screen\", None)\n                stacktrace = getattr(exc, \"stacktrace\", None)\n            time.sleep(self._poll)\n            if time.monotonic() > end_time:\n                break\n>       raise TimeoutException(message, screen, stacktrace)\nE       selenium.common.exceptions.TimeoutException: Message: \nE       Stacktrace:\nE       #0 0x560dd60c6aea <unknown>\nE       #1 0x560dd5b12cdb <unknown>\nE       #2 0x560dd5b656c4 <unknown>\nE       #3 0x560dd5b65901 <unknown>\nE       #4 0x560dd5bb48b4 <unknown>\nE       #5 0x560dd5bb1c87 <unknown>\nE       #6 0x560dd5b57aca <unknown>\nE       #7 0x560dd5b587d1 <unknown>\nE       #8 0x560dd608dab9 <unknown>\nE       #9 0x560dd6090a8c <unknown>\nE       #10 0x560dd6076d49 <unknown>\nE       #11 0x560dd6091685 <unknown>\nE       #12 0x560dd605e6c3 <unknown>\nE       #13 0x560dd60b37d8 <unknown>\nE       #14 0x560dd60b39b3 <unknown>\nE       #15 0x560dd60c5a83 <unknown>\nE       #16 0x7f7d7329caa4 <unknown>\nE       #17 0x7f7d73329c6c <unknown>\n\n/opt/hostedtoolcache/Python/3.12.3/x64/lib/python3.12/site-packages/selenium/webdriver/support/wait.py:95: TimeoutException",
  "flaky" : false,
  "newFailed" : false,
  "beforeStages" : [ {
    "name" : "_session_faker",
    "time" : {
      "start" : 1762132384015,
      "stop" : 1762132384084,
      "duration" : 69
    },
    "status" : "passed",
    "steps" : [ ],
    "attachments" : [ ],
    "parameters" : [ ],
    "stepsCount" : 0,
    "attachmentsCount" : 0,
    "shouldDisplayMessage" : false,
    "hasContent" : false
  }, {
    "name" : "clear_allure_result_folder",
    "time" : {
      "start" : 1762132384084,
      "stop" : 1762132384084,
      "duration" : 0
    },
    "status" : "passed",
    "steps" : [ ],
    "attachments" : [ ],
    "parameters" : [ ],
    "stepsCount" : 0,
    "attachmentsCount" : 0,
    "shouldDisplayMessage" : false,
    "hasContent" : false
  }, {
    "name" : "sign_in_page",
    "time" : {
      "start" : 1762134452521,
      "stop" : 1762134452874,
      "duration" : 353
    },
    "status" : "passed",
    "steps" : [ {
      "name" : "Open a browser",
      "time" : {
        "start" : 1762134452521,
        "stop" : 1762134452874,
        "duration" : 353
      },
      "status" : "passed",
      "steps" : [ ],
      "attachments" : [ ],
      "parameters" : [ ],
      "stepsCount" : 0,
      "attachmentsCount" : 0,
      "shouldDisplayMessage" : false,
      "hasContent" : false
    } ],
    "attachments" : [ ],
    "parameters" : [ ],
    "stepsCount" : 1,
    "attachmentsCount" : 0,
    "shouldDisplayMessage" : false,
    "hasContent" : true
  }, {
    "name" : "driver",
    "time" : {
      "start" : 1762134451264,
      "stop" : 1762134452520,
      "duration" : 1256
    },
    "status" : "passed",
    "steps" : [ ],
    "attachments" : [ ],
    "parameters" : [ ],
    "stepsCount" : 0,
    "attachmentsCount" : 0,
    "shouldDisplayMessage" : false,
    "hasContent" : false
  } ],
  "testStage" : {
    "description" : "\n        Check the Email field is activated with a cursor and gets highlighted when clicked\n        ",
    "status" : "broken",
    "statusMessage" : "selenium.common.exceptions.TimeoutException: Message: \nStacktrace:\n#0 0x560dd60c6aea <unknown>\n#1 0x560dd5b12cdb <unknown>\n#2 0x560dd5b656c4 <unknown>\n#3 0x560dd5b65901 <unknown>\n#4 0x560dd5bb48b4 <unknown>\n#5 0x560dd5bb1c87 <unknown>\n#6 0x560dd5b57aca <unknown>\n#7 0x560dd5b587d1 <unknown>\n#8 0x560dd608dab9 <unknown>\n#9 0x560dd6090a8c <unknown>\n#10 0x560dd6076d49 <unknown>\n#11 0x560dd6091685 <unknown>\n#12 0x560dd605e6c3 <unknown>\n#13 0x560dd60b37d8 <unknown>\n#14 0x560dd60b39b3 <unknown>\n#15 0x560dd60c5a83 <unknown>\n#16 0x7f7d7329caa4 <unknown>\n#17 0x7f7d73329c6c <unknown>",
    "statusTrace" : "self = <test_sign_in.TestRegisteredCustomers object at 0x7f69c9724140>\ndriver = <selenium.webdriver.chrome.webdriver.WebDriver (session=\"91d0c39ee3aaf84398159416f85f47ae\")>\nsign_in_page = <pages.sign_in_page.SignInPage object at 0x7f69c94d05c0>\n\n    @allure.title('TC 03.01.07 Verify Email field highlighting on click')\n    @allure.severity(allure.severity_level.MINOR)\n    def test_03_01_07_email_field_gets_highlighted_when_clicked(self, driver, sign_in_page):\n        \"\"\"\n        Check the Email field is activated with a cursor and gets highlighted when clicked\n        \"\"\"\n>       initial_box_shadow, active_box_shadow = sign_in_page.activate_email_field_and_check_style()\n\ntests/test_sign_in.py:79: \n_ _ _ _ _ _ _ _ _ _ _ _ _ _ _ _ _ _ _ _ _ _ _ _ _ _ _ _ _ _ _ _ _ _ _ _ _ _ _ _ \npages/sign_in_page.py:49: in activate_email_field_and_check_style\n    return self.activate_field_and_check_style(self.locators.CUSTOMER_EMAIL)\npages/base_page.py:311: in activate_field_and_check_style\n    initial_box_shadow = self.check_element_hover_style(locator, 'box-shadow', 5)\npages/base_page.py:121: in check_element_hover_style\n    element = self.element_is_visible(locator)  # Get the WebElement using locator\npages/base_page.py:30: in element_is_visible\n    self.go_to_element(self.element_is_present(locator))\npages/base_page.py:51: in element_is_present\n    return wait(self.driver, timeout).until(EC.presence_of_element_located(locator))\n_ _ _ _ _ _ _ _ _ _ _ _ _ _ _ _ _ _ _ _ _ _ _ _ _ _ _ _ _ _ _ _ _ _ _ _ _ _ _ _ \n\nself = <selenium.webdriver.support.wait.WebDriverWait (session=\"91d0c39ee3aaf84398159416f85f47ae\")>\nmethod = <function presence_of_element_located.<locals>._predicate at 0x7f69c91d5260>\nmessage = ''\n\n    def until(self, method, message: str = \"\"):\n        \"\"\"Calls the method provided with the driver as an argument until the \\\n        return value does not evaluate to ``False``.\n    \n        :param method: callable(WebDriver)\n        :param message: optional message for :exc:`TimeoutException`\n        :returns: the result of the last call to `method`\n        :raises: :exc:`selenium.common.exceptions.TimeoutException` if timeout occurs\n        \"\"\"\n        screen = None\n        stacktrace = None\n    \n        end_time = time.monotonic() + self._timeout\n        while True:\n            try:\n                value = method(self._driver)\n                if value:\n                    return value\n            except self._ignored_exceptions as exc:\n                screen = getattr(exc, \"screen\", None)\n                stacktrace = getattr(exc, \"stacktrace\", None)\n            time.sleep(self._poll)\n            if time.monotonic() > end_time:\n                break\n>       raise TimeoutException(message, screen, stacktrace)\nE       selenium.common.exceptions.TimeoutException: Message: \nE       Stacktrace:\nE       #0 0x560dd60c6aea <unknown>\nE       #1 0x560dd5b12cdb <unknown>\nE       #2 0x560dd5b656c4 <unknown>\nE       #3 0x560dd5b65901 <unknown>\nE       #4 0x560dd5bb48b4 <unknown>\nE       #5 0x560dd5bb1c87 <unknown>\nE       #6 0x560dd5b57aca <unknown>\nE       #7 0x560dd5b587d1 <unknown>\nE       #8 0x560dd608dab9 <unknown>\nE       #9 0x560dd6090a8c <unknown>\nE       #10 0x560dd6076d49 <unknown>\nE       #11 0x560dd6091685 <unknown>\nE       #12 0x560dd605e6c3 <unknown>\nE       #13 0x560dd60b37d8 <unknown>\nE       #14 0x560dd60b39b3 <unknown>\nE       #15 0x560dd60c5a83 <unknown>\nE       #16 0x7f7d7329caa4 <unknown>\nE       #17 0x7f7d73329c6c <unknown>\n\n/opt/hostedtoolcache/Python/3.12.3/x64/lib/python3.12/site-packages/selenium/webdriver/support/wait.py:95: TimeoutException",
    "steps" : [ {
      "name" : "Activate Email field and check style",
      "time" : {
        "start" : 1762134452875,
        "stop" : 1762134457978,
        "duration" : 5103
      },
      "status" : "broken",
      "statusMessage" : "selenium.common.exceptions.TimeoutException: Message: \nStacktrace:\n#0 0x560dd60c6aea <unknown>\n#1 0x560dd5b12cdb <unknown>\n#2 0x560dd5b656c4 <unknown>\n#3 0x560dd5b65901 <unknown>\n#4 0x560dd5bb48b4 <unknown>\n#5 0x560dd5bb1c87 <unknown>\n#6 0x560dd5b57aca <unknown>\n#7 0x560dd5b587d1 <unknown>\n#8 0x560dd608dab9 <unknown>\n#9 0x560dd6090a8c <unknown>\n#10 0x560dd6076d49 <unknown>\n#11 0x560dd6091685 <unknown>\n#12 0x560dd605e6c3 <unknown>\n#13 0x560dd60b37d8 <unknown>\n#14 0x560dd60b39b3 <unknown>\n#15 0x560dd60c5a83 <unknown>\n#16 0x7f7d7329caa4 <unknown>\n#17 0x7f7d73329c6c <unknown>\n\n",
      "statusTrace" : "  File \"/opt/hostedtoolcache/Python/3.12.3/x64/lib/python3.12/site-packages/allure_commons/_allure.py\", line 192, in impl\n    return func(*a, **kw)\n           ^^^^^^^^^^^^^^\n  File \"/home/runner/work/luma_project/luma_project/pages/sign_in_page.py\", line 49, in activate_email_field_and_check_style\n    return self.activate_field_and_check_style(self.locators.CUSTOMER_EMAIL)\n           ^^^^^^^^^^^^^^^^^^^^^^^^^^^^^^^^^^^^^^^^^^^^^^^^^^^^^^^^^^^^^^^^^\n  File \"/opt/hostedtoolcache/Python/3.12.3/x64/lib/python3.12/site-packages/allure_commons/_allure.py\", line 192, in impl\n    return func(*a, **kw)\n           ^^^^^^^^^^^^^^\n  File \"/home/runner/work/luma_project/luma_project/pages/base_page.py\", line 311, in activate_field_and_check_style\n    initial_box_shadow = self.check_element_hover_style(locator, 'box-shadow', 5)\n                         ^^^^^^^^^^^^^^^^^^^^^^^^^^^^^^^^^^^^^^^^^^^^^^^^^^^^^^^^\n  File \"/opt/hostedtoolcache/Python/3.12.3/x64/lib/python3.12/site-packages/allure_commons/_allure.py\", line 192, in impl\n    return func(*a, **kw)\n           ^^^^^^^^^^^^^^\n  File \"/home/runner/work/luma_project/luma_project/pages/base_page.py\", line 121, in check_element_hover_style\n    element = self.element_is_visible(locator)  # Get the WebElement using locator\n              ^^^^^^^^^^^^^^^^^^^^^^^^^^^^^^^^\n  File \"/opt/hostedtoolcache/Python/3.12.3/x64/lib/python3.12/site-packages/allure_commons/_allure.py\", line 192, in impl\n    return func(*a, **kw)\n           ^^^^^^^^^^^^^^\n  File \"/home/runner/work/luma_project/luma_project/pages/base_page.py\", line 30, in element_is_visible\n    self.go_to_element(self.element_is_present(locator))\n                       ^^^^^^^^^^^^^^^^^^^^^^^^^^^^^^^^\n  File \"/opt/hostedtoolcache/Python/3.12.3/x64/lib/python3.12/site-packages/allure_commons/_allure.py\", line 192, in impl\n    return func(*a, **kw)\n           ^^^^^^^^^^^^^^\n  File \"/home/runner/work/luma_project/luma_project/pages/base_page.py\", line 51, in element_is_present\n    return wait(self.driver, timeout).until(EC.presence_of_element_located(locator))\n           ^^^^^^^^^^^^^^^^^^^^^^^^^^^^^^^^^^^^^^^^^^^^^^^^^^^^^^^^^^^^^^^^^^^^^^^^^\n  File \"/opt/hostedtoolcache/Python/3.12.3/x64/lib/python3.12/site-packages/selenium/webdriver/support/wait.py\", line 95, in until\n    raise TimeoutException(message, screen, stacktrace)\n",
      "steps" : [ {
        "name" : "Activate the field and get the styles before and after activation",
        "time" : {
          "start" : 1762134452875,
          "stop" : 1762134457978,
          "duration" : 5103
        },
        "status" : "broken",
        "statusMessage" : "selenium.common.exceptions.TimeoutException: Message: \nStacktrace:\n#0 0x560dd60c6aea <unknown>\n#1 0x560dd5b12cdb <unknown>\n#2 0x560dd5b656c4 <unknown>\n#3 0x560dd5b65901 <unknown>\n#4 0x560dd5bb48b4 <unknown>\n#5 0x560dd5bb1c87 <unknown>\n#6 0x560dd5b57aca <unknown>\n#7 0x560dd5b587d1 <unknown>\n#8 0x560dd608dab9 <unknown>\n#9 0x560dd6090a8c <unknown>\n#10 0x560dd6076d49 <unknown>\n#11 0x560dd6091685 <unknown>\n#12 0x560dd605e6c3 <unknown>\n#13 0x560dd60b37d8 <unknown>\n#14 0x560dd60b39b3 <unknown>\n#15 0x560dd60c5a83 <unknown>\n#16 0x7f7d7329caa4 <unknown>\n#17 0x7f7d73329c6c <unknown>\n\n",
        "statusTrace" : "  File \"/opt/hostedtoolcache/Python/3.12.3/x64/lib/python3.12/site-packages/allure_commons/_allure.py\", line 192, in impl\n    return func(*a, **kw)\n           ^^^^^^^^^^^^^^\n  File \"/home/runner/work/luma_project/luma_project/pages/base_page.py\", line 311, in activate_field_and_check_style\n    initial_box_shadow = self.check_element_hover_style(locator, 'box-shadow', 5)\n                         ^^^^^^^^^^^^^^^^^^^^^^^^^^^^^^^^^^^^^^^^^^^^^^^^^^^^^^^^\n  File \"/opt/hostedtoolcache/Python/3.12.3/x64/lib/python3.12/site-packages/allure_commons/_allure.py\", line 192, in impl\n    return func(*a, **kw)\n           ^^^^^^^^^^^^^^\n  File \"/home/runner/work/luma_project/luma_project/pages/base_page.py\", line 121, in check_element_hover_style\n    element = self.element_is_visible(locator)  # Get the WebElement using locator\n              ^^^^^^^^^^^^^^^^^^^^^^^^^^^^^^^^\n  File \"/opt/hostedtoolcache/Python/3.12.3/x64/lib/python3.12/site-packages/allure_commons/_allure.py\", line 192, in impl\n    return func(*a, **kw)\n           ^^^^^^^^^^^^^^\n  File \"/home/runner/work/luma_project/luma_project/pages/base_page.py\", line 30, in element_is_visible\n    self.go_to_element(self.element_is_present(locator))\n                       ^^^^^^^^^^^^^^^^^^^^^^^^^^^^^^^^\n  File \"/opt/hostedtoolcache/Python/3.12.3/x64/lib/python3.12/site-packages/allure_commons/_allure.py\", line 192, in impl\n    return func(*a, **kw)\n           ^^^^^^^^^^^^^^\n  File \"/home/runner/work/luma_project/luma_project/pages/base_page.py\", line 51, in element_is_present\n    return wait(self.driver, timeout).until(EC.presence_of_element_located(locator))\n           ^^^^^^^^^^^^^^^^^^^^^^^^^^^^^^^^^^^^^^^^^^^^^^^^^^^^^^^^^^^^^^^^^^^^^^^^^\n  File \"/opt/hostedtoolcache/Python/3.12.3/x64/lib/python3.12/site-packages/selenium/webdriver/support/wait.py\", line 95, in until\n    raise TimeoutException(message, screen, stacktrace)\n",
        "steps" : [ {
          "name" : "Check element hover style",
          "time" : {
            "start" : 1762134452875,
            "stop" : 1762134457978,
            "duration" : 5103
          },
          "status" : "broken",
          "statusMessage" : "selenium.common.exceptions.TimeoutException: Message: \nStacktrace:\n#0 0x560dd60c6aea <unknown>\n#1 0x560dd5b12cdb <unknown>\n#2 0x560dd5b656c4 <unknown>\n#3 0x560dd5b65901 <unknown>\n#4 0x560dd5bb48b4 <unknown>\n#5 0x560dd5bb1c87 <unknown>\n#6 0x560dd5b57aca <unknown>\n#7 0x560dd5b587d1 <unknown>\n#8 0x560dd608dab9 <unknown>\n#9 0x560dd6090a8c <unknown>\n#10 0x560dd6076d49 <unknown>\n#11 0x560dd6091685 <unknown>\n#12 0x560dd605e6c3 <unknown>\n#13 0x560dd60b37d8 <unknown>\n#14 0x560dd60b39b3 <unknown>\n#15 0x560dd60c5a83 <unknown>\n#16 0x7f7d7329caa4 <unknown>\n#17 0x7f7d73329c6c <unknown>\n\n",
          "statusTrace" : "  File \"/opt/hostedtoolcache/Python/3.12.3/x64/lib/python3.12/site-packages/allure_commons/_allure.py\", line 192, in impl\n    return func(*a, **kw)\n           ^^^^^^^^^^^^^^\n  File \"/home/runner/work/luma_project/luma_project/pages/base_page.py\", line 121, in check_element_hover_style\n    element = self.element_is_visible(locator)  # Get the WebElement using locator\n              ^^^^^^^^^^^^^^^^^^^^^^^^^^^^^^^^\n  File \"/opt/hostedtoolcache/Python/3.12.3/x64/lib/python3.12/site-packages/allure_commons/_allure.py\", line 192, in impl\n    return func(*a, **kw)\n           ^^^^^^^^^^^^^^\n  File \"/home/runner/work/luma_project/luma_project/pages/base_page.py\", line 30, in element_is_visible\n    self.go_to_element(self.element_is_present(locator))\n                       ^^^^^^^^^^^^^^^^^^^^^^^^^^^^^^^^\n  File \"/opt/hostedtoolcache/Python/3.12.3/x64/lib/python3.12/site-packages/allure_commons/_allure.py\", line 192, in impl\n    return func(*a, **kw)\n           ^^^^^^^^^^^^^^\n  File \"/home/runner/work/luma_project/luma_project/pages/base_page.py\", line 51, in element_is_present\n    return wait(self.driver, timeout).until(EC.presence_of_element_located(locator))\n           ^^^^^^^^^^^^^^^^^^^^^^^^^^^^^^^^^^^^^^^^^^^^^^^^^^^^^^^^^^^^^^^^^^^^^^^^^\n  File \"/opt/hostedtoolcache/Python/3.12.3/x64/lib/python3.12/site-packages/selenium/webdriver/support/wait.py\", line 95, in until\n    raise TimeoutException(message, screen, stacktrace)\n",
          "steps" : [ {
            "name" : "Find a visible element",
            "time" : {
              "start" : 1762134452875,
              "stop" : 1762134457977,
              "duration" : 5102
            },
            "status" : "broken",
            "statusMessage" : "selenium.common.exceptions.TimeoutException: Message: \nStacktrace:\n#0 0x560dd60c6aea <unknown>\n#1 0x560dd5b12cdb <unknown>\n#2 0x560dd5b656c4 <unknown>\n#3 0x560dd5b65901 <unknown>\n#4 0x560dd5bb48b4 <unknown>\n#5 0x560dd5bb1c87 <unknown>\n#6 0x560dd5b57aca <unknown>\n#7 0x560dd5b587d1 <unknown>\n#8 0x560dd608dab9 <unknown>\n#9 0x560dd6090a8c <unknown>\n#10 0x560dd6076d49 <unknown>\n#11 0x560dd6091685 <unknown>\n#12 0x560dd605e6c3 <unknown>\n#13 0x560dd60b37d8 <unknown>\n#14 0x560dd60b39b3 <unknown>\n#15 0x560dd60c5a83 <unknown>\n#16 0x7f7d7329caa4 <unknown>\n#17 0x7f7d73329c6c <unknown>\n\n",
            "statusTrace" : "  File \"/opt/hostedtoolcache/Python/3.12.3/x64/lib/python3.12/site-packages/allure_commons/_allure.py\", line 192, in impl\n    return func(*a, **kw)\n           ^^^^^^^^^^^^^^\n  File \"/home/runner/work/luma_project/luma_project/pages/base_page.py\", line 30, in element_is_visible\n    self.go_to_element(self.element_is_present(locator))\n                       ^^^^^^^^^^^^^^^^^^^^^^^^^^^^^^^^\n  File \"/opt/hostedtoolcache/Python/3.12.3/x64/lib/python3.12/site-packages/allure_commons/_allure.py\", line 192, in impl\n    return func(*a, **kw)\n           ^^^^^^^^^^^^^^\n  File \"/home/runner/work/luma_project/luma_project/pages/base_page.py\", line 51, in element_is_present\n    return wait(self.driver, timeout).until(EC.presence_of_element_located(locator))\n           ^^^^^^^^^^^^^^^^^^^^^^^^^^^^^^^^^^^^^^^^^^^^^^^^^^^^^^^^^^^^^^^^^^^^^^^^^\n  File \"/opt/hostedtoolcache/Python/3.12.3/x64/lib/python3.12/site-packages/selenium/webdriver/support/wait.py\", line 95, in until\n    raise TimeoutException(message, screen, stacktrace)\n",
            "steps" : [ {
              "name" : "Find a present element",
              "time" : {
                "start" : 1762134452875,
                "stop" : 1762134457977,
                "duration" : 5102
              },
              "status" : "broken",
              "statusMessage" : "selenium.common.exceptions.TimeoutException: Message: \nStacktrace:\n#0 0x560dd60c6aea <unknown>\n#1 0x560dd5b12cdb <unknown>\n#2 0x560dd5b656c4 <unknown>\n#3 0x560dd5b65901 <unknown>\n#4 0x560dd5bb48b4 <unknown>\n#5 0x560dd5bb1c87 <unknown>\n#6 0x560dd5b57aca <unknown>\n#7 0x560dd5b587d1 <unknown>\n#8 0x560dd608dab9 <unknown>\n#9 0x560dd6090a8c <unknown>\n#10 0x560dd6076d49 <unknown>\n#11 0x560dd6091685 <unknown>\n#12 0x560dd605e6c3 <unknown>\n#13 0x560dd60b37d8 <unknown>\n#14 0x560dd60b39b3 <unknown>\n#15 0x560dd60c5a83 <unknown>\n#16 0x7f7d7329caa4 <unknown>\n#17 0x7f7d73329c6c <unknown>\n\n",
              "statusTrace" : "  File \"/opt/hostedtoolcache/Python/3.12.3/x64/lib/python3.12/site-packages/allure_commons/_allure.py\", line 192, in impl\n    return func(*a, **kw)\n           ^^^^^^^^^^^^^^\n  File \"/home/runner/work/luma_project/luma_project/pages/base_page.py\", line 51, in element_is_present\n    return wait(self.driver, timeout).until(EC.presence_of_element_located(locator))\n           ^^^^^^^^^^^^^^^^^^^^^^^^^^^^^^^^^^^^^^^^^^^^^^^^^^^^^^^^^^^^^^^^^^^^^^^^^\n  File \"/opt/hostedtoolcache/Python/3.12.3/x64/lib/python3.12/site-packages/selenium/webdriver/support/wait.py\", line 95, in until\n    raise TimeoutException(message, screen, stacktrace)\n",
              "steps" : [ ],
              "attachments" : [ ],
              "parameters" : [ {
                "name" : "locator",
                "value" : "('css selector', '#email')"
              }, {
                "name" : "timeout",
                "value" : "5"
              } ],
              "stepsCount" : 0,
              "attachmentsCount" : 0,
              "shouldDisplayMessage" : true,
              "hasContent" : true
            } ],
            "attachments" : [ ],
            "parameters" : [ {
              "name" : "locator",
              "value" : "('css selector', '#email')"
            }, {
              "name" : "timeout",
              "value" : "10"
            } ],
            "stepsCount" : 1,
            "attachmentsCount" : 0,
            "shouldDisplayMessage" : false,
            "hasContent" : true
          } ],
          "attachments" : [ ],
          "parameters" : [ {
            "name" : "locator",
            "value" : "('css selector', '#email')"
          }, {
            "name" : "css_property",
            "value" : "'box-shadow'"
          }, {
            "name" : "seconds",
            "value" : "5"
          } ],
          "stepsCount" : 2,
          "attachmentsCount" : 0,
          "shouldDisplayMessage" : false,
          "hasContent" : true
        } ],
        "attachments" : [ ],
        "parameters" : [ {
          "name" : "locator",
          "value" : "('css selector', '#email')"
        } ],
        "stepsCount" : 3,
        "attachmentsCount" : 0,
        "shouldDisplayMessage" : false,
        "hasContent" : true
      } ],
      "attachments" : [ ],
      "parameters" : [ ],
      "stepsCount" : 4,
      "attachmentsCount" : 0,
      "shouldDisplayMessage" : false,
      "hasContent" : true
    } ],
    "attachments" : [ {
      "uid" : "adf9fa0e8e6b5fd3",
      "name" : "Screenshot",
      "source" : "adf9fa0e8e6b5fd3.png",
      "type" : "image/png",
      "size" : 23875
    }, {
      "uid" : "94da19eee6257930",
      "name" : "HTML source",
      "source" : "94da19eee6257930.html",
      "type" : "text/html",
      "size" : 1433
    } ],
    "parameters" : [ ],
    "stepsCount" : 5,
    "attachmentsCount" : 2,
    "shouldDisplayMessage" : true,
    "hasContent" : true
  },
  "afterStages" : [ {
    "name" : "clear_allure_result_folder::0",
    "time" : {
      "start" : 1762134831241,
      "stop" : 1762134831241,
      "duration" : 0
    },
    "status" : "passed",
    "steps" : [ ],
    "attachments" : [ ],
    "parameters" : [ ],
    "stepsCount" : 0,
    "attachmentsCount" : 0,
    "shouldDisplayMessage" : false,
    "hasContent" : false
  }, {
    "name" : "driver::0",
    "time" : {
      "start" : 1762134458056,
      "stop" : 1762134458118,
      "duration" : 62
    },
    "status" : "passed",
    "steps" : [ ],
    "attachments" : [ ],
    "parameters" : [ ],
    "stepsCount" : 0,
    "attachmentsCount" : 0,
    "shouldDisplayMessage" : false,
    "hasContent" : false
  } ],
  "labels" : [ {
    "name" : "epic",
    "value" : "Sign In Page"
  }, {
    "name" : "severity",
    "value" : "minor"
  }, {
    "name" : "feature",
    "value" : "Registered Customers"
  }, {
    "name" : "parentSuite",
    "value" : "tests"
  }, {
    "name" : "suite",
    "value" : "test_sign_in"
  }, {
    "name" : "subSuite",
    "value" : "TestRegisteredCustomers"
  }, {
    "name" : "host",
    "value" : "runnervmf2e7y"
  }, {
    "name" : "thread",
    "value" : "3807-MainThread"
  }, {
    "name" : "framework",
    "value" : "pytest"
  }, {
    "name" : "language",
    "value" : "cpython3"
  }, {
    "name" : "package",
    "value" : "tests.test_sign_in"
  }, {
    "name" : "resultFormat",
    "value" : "allure2"
  } ],
  "parameters" : [ ],
  "links" : [ ],
  "hidden" : false,
  "retry" : false,
  "extra" : {
    "severity" : "minor",
    "retries" : [ ],
    "categories" : [ {
      "name" : "Test defects",
      "matchedStatuses" : [ ],
      "flaky" : false
    } ],
    "tags" : [ ]
  },
  "source" : "8fd0e8674b067db.json",
  "parameterValues" : [ ]
}