{
  "uid" : "91b6eb23a59878dc",
  "name" : "TC 01.03.04 correct redirection of the link \"Women\"",
  "fullName" : "tests.test_header.TestHeader#test_tc_01_03_04_correct_redirection_of_the_link_women",
  "historyId" : "c448a7b8388b4d1d0ddc44f556e5b108",
  "time" : {
    "start" : 1752456359249,
    "stop" : 1752456367579,
    "duration" : 8330
  },
  "description" : "Verify that the link 'Women' correctly opens and redirects to a new webpage, the header 'Women' is\n        displayed",
  "descriptionHtml" : "<p>Verify that the link 'Women' correctly opens and redirects to a new webpage, the header 'Women' is\ndisplayed</p>\n",
  "status" : "broken",
  "statusMessage" : "selenium.common.exceptions.TimeoutException: Message: \nStacktrace:\n#0 0x5588d9eb123a <unknown>\n#1 0x5588d995bab0 <unknown>\n#2 0x5588d99ad6f0 <unknown>\n#3 0x5588d99ad8e1 <unknown>\n#4 0x5588d99fbb94 <unknown>\n#5 0x5588d99d31cd <unknown>\n#6 0x5588d99f8fee <unknown>\n#7 0x5588d99d2f73 <unknown>\n#8 0x5588d999faeb <unknown>\n#9 0x5588d99a0751 <unknown>\n#10 0x5588d9e75b4b <unknown>\n#11 0x5588d9e79929 <unknown>\n#12 0x5588d9e5c929 <unknown>\n#13 0x5588d9e7a4e8 <unknown>\n#14 0x5588d9e410df <unknown>\n#15 0x5588d9e9e8e8 <unknown>\n#16 0x5588d9e9eac6 <unknown>\n#17 0x5588d9eb0556 <unknown>\n#18 0x7f0121e9caa4 <unknown>\n#19 0x7f0121f29c3c <unknown>",
  "statusTrace" : "self = <test_header.TestHeader object at 0x7f1525dd0560>\ndriver = <selenium.webdriver.chrome.webdriver.WebDriver (session=\"a80c1bed84ce7eeb094a60d83063d4ec\")>\n\n    @allure.title('TC 01.03.04 correct redirection of the link \"Women\"')\n    def test_tc_01_03_04_correct_redirection_of_the_link_women(self, driver):\n        \"\"\"Verify that the link 'Women' correctly opens and redirects to a new webpage, the header 'Women' is\n        displayed\"\"\"\n        page = HeaderPage(driver, MAIN_PAGE_URL)\n        page.open()\n>       current_page = page.redirection_of_the_link_women()\n\ntests/test_header.py:175: \n_ _ _ _ _ _ _ _ _ _ _ _ _ _ _ _ _ _ _ _ _ _ _ _ _ _ _ _ _ _ _ _ _ _ _ _ _ _ _ _ \npages/header_page.py:127: in redirection_of_the_link_women\n    text = self.get_text(self.women_locators.WOMEN_HEAD_TEXT)\npages/base_page.py:145: in get_text\n    text = self.element_is_visible(locator)\npages/base_page.py:30: in element_is_visible\n    self.go_to_element(self.element_is_present(locator))\npages/base_page.py:51: in element_is_present\n    return wait(self.driver, timeout).until(EC.presence_of_element_located(locator))\n_ _ _ _ _ _ _ _ _ _ _ _ _ _ _ _ _ _ _ _ _ _ _ _ _ _ _ _ _ _ _ _ _ _ _ _ _ _ _ _ \n\nself = <selenium.webdriver.support.wait.WebDriverWait (session=\"a80c1bed84ce7eeb094a60d83063d4ec\")>\nmethod = <function presence_of_element_located.<locals>._predicate at 0x7f152605c2c0>\nmessage = ''\n\n    def until(self, method, message: str = \"\"):\n        \"\"\"Calls the method provided with the driver as an argument until the \\\n        return value does not evaluate to ``False``.\n    \n        :param method: callable(WebDriver)\n        :param message: optional message for :exc:`TimeoutException`\n        :returns: the result of the last call to `method`\n        :raises: :exc:`selenium.common.exceptions.TimeoutException` if timeout occurs\n        \"\"\"\n        screen = None\n        stacktrace = None\n    \n        end_time = time.monotonic() + self._timeout\n        while True:\n            try:\n                value = method(self._driver)\n                if value:\n                    return value\n            except self._ignored_exceptions as exc:\n                screen = getattr(exc, \"screen\", None)\n                stacktrace = getattr(exc, \"stacktrace\", None)\n            time.sleep(self._poll)\n            if time.monotonic() > end_time:\n                break\n>       raise TimeoutException(message, screen, stacktrace)\nE       selenium.common.exceptions.TimeoutException: Message: \nE       Stacktrace:\nE       #0 0x5588d9eb123a <unknown>\nE       #1 0x5588d995bab0 <unknown>\nE       #2 0x5588d99ad6f0 <unknown>\nE       #3 0x5588d99ad8e1 <unknown>\nE       #4 0x5588d99fbb94 <unknown>\nE       #5 0x5588d99d31cd <unknown>\nE       #6 0x5588d99f8fee <unknown>\nE       #7 0x5588d99d2f73 <unknown>\nE       #8 0x5588d999faeb <unknown>\nE       #9 0x5588d99a0751 <unknown>\nE       #10 0x5588d9e75b4b <unknown>\nE       #11 0x5588d9e79929 <unknown>\nE       #12 0x5588d9e5c929 <unknown>\nE       #13 0x5588d9e7a4e8 <unknown>\nE       #14 0x5588d9e410df <unknown>\nE       #15 0x5588d9e9e8e8 <unknown>\nE       #16 0x5588d9e9eac6 <unknown>\nE       #17 0x5588d9eb0556 <unknown>\nE       #18 0x7f0121e9caa4 <unknown>\nE       #19 0x7f0121f29c3c <unknown>\n\n/opt/hostedtoolcache/Python/3.12.3/x64/lib/python3.12/site-packages/selenium/webdriver/support/wait.py:95: TimeoutException",
  "flaky" : false,
  "newFailed" : false,
  "beforeStages" : [ {
    "name" : "clear_allure_result_folder",
    "time" : {
      "start" : 1752455934384,
      "stop" : 1752455934384,
      "duration" : 0
    },
    "status" : "passed",
    "steps" : [ ],
    "attachments" : [ ],
    "parameters" : [ ],
    "stepsCount" : 0,
    "attachmentsCount" : 0,
    "shouldDisplayMessage" : false,
    "hasContent" : false
  }, {
    "name" : "driver",
    "time" : {
      "start" : 1752456357923,
      "stop" : 1752456359248,
      "duration" : 1325
    },
    "status" : "passed",
    "steps" : [ ],
    "attachments" : [ ],
    "parameters" : [ ],
    "stepsCount" : 0,
    "attachmentsCount" : 0,
    "shouldDisplayMessage" : false,
    "hasContent" : false
  }, {
    "name" : "_session_faker",
    "time" : {
      "start" : 1752455934316,
      "stop" : 1752455934384,
      "duration" : 68
    },
    "status" : "passed",
    "steps" : [ ],
    "attachments" : [ ],
    "parameters" : [ ],
    "stepsCount" : 0,
    "attachmentsCount" : 0,
    "shouldDisplayMessage" : false,
    "hasContent" : false
  } ],
  "testStage" : {
    "description" : "Verify that the link 'Women' correctly opens and redirects to a new webpage, the header 'Women' is\n        displayed",
    "status" : "broken",
    "statusMessage" : "selenium.common.exceptions.TimeoutException: Message: \nStacktrace:\n#0 0x5588d9eb123a <unknown>\n#1 0x5588d995bab0 <unknown>\n#2 0x5588d99ad6f0 <unknown>\n#3 0x5588d99ad8e1 <unknown>\n#4 0x5588d99fbb94 <unknown>\n#5 0x5588d99d31cd <unknown>\n#6 0x5588d99f8fee <unknown>\n#7 0x5588d99d2f73 <unknown>\n#8 0x5588d999faeb <unknown>\n#9 0x5588d99a0751 <unknown>\n#10 0x5588d9e75b4b <unknown>\n#11 0x5588d9e79929 <unknown>\n#12 0x5588d9e5c929 <unknown>\n#13 0x5588d9e7a4e8 <unknown>\n#14 0x5588d9e410df <unknown>\n#15 0x5588d9e9e8e8 <unknown>\n#16 0x5588d9e9eac6 <unknown>\n#17 0x5588d9eb0556 <unknown>\n#18 0x7f0121e9caa4 <unknown>\n#19 0x7f0121f29c3c <unknown>",
    "statusTrace" : "self = <test_header.TestHeader object at 0x7f1525dd0560>\ndriver = <selenium.webdriver.chrome.webdriver.WebDriver (session=\"a80c1bed84ce7eeb094a60d83063d4ec\")>\n\n    @allure.title('TC 01.03.04 correct redirection of the link \"Women\"')\n    def test_tc_01_03_04_correct_redirection_of_the_link_women(self, driver):\n        \"\"\"Verify that the link 'Women' correctly opens and redirects to a new webpage, the header 'Women' is\n        displayed\"\"\"\n        page = HeaderPage(driver, MAIN_PAGE_URL)\n        page.open()\n>       current_page = page.redirection_of_the_link_women()\n\ntests/test_header.py:175: \n_ _ _ _ _ _ _ _ _ _ _ _ _ _ _ _ _ _ _ _ _ _ _ _ _ _ _ _ _ _ _ _ _ _ _ _ _ _ _ _ \npages/header_page.py:127: in redirection_of_the_link_women\n    text = self.get_text(self.women_locators.WOMEN_HEAD_TEXT)\npages/base_page.py:145: in get_text\n    text = self.element_is_visible(locator)\npages/base_page.py:30: in element_is_visible\n    self.go_to_element(self.element_is_present(locator))\npages/base_page.py:51: in element_is_present\n    return wait(self.driver, timeout).until(EC.presence_of_element_located(locator))\n_ _ _ _ _ _ _ _ _ _ _ _ _ _ _ _ _ _ _ _ _ _ _ _ _ _ _ _ _ _ _ _ _ _ _ _ _ _ _ _ \n\nself = <selenium.webdriver.support.wait.WebDriverWait (session=\"a80c1bed84ce7eeb094a60d83063d4ec\")>\nmethod = <function presence_of_element_located.<locals>._predicate at 0x7f152605c2c0>\nmessage = ''\n\n    def until(self, method, message: str = \"\"):\n        \"\"\"Calls the method provided with the driver as an argument until the \\\n        return value does not evaluate to ``False``.\n    \n        :param method: callable(WebDriver)\n        :param message: optional message for :exc:`TimeoutException`\n        :returns: the result of the last call to `method`\n        :raises: :exc:`selenium.common.exceptions.TimeoutException` if timeout occurs\n        \"\"\"\n        screen = None\n        stacktrace = None\n    \n        end_time = time.monotonic() + self._timeout\n        while True:\n            try:\n                value = method(self._driver)\n                if value:\n                    return value\n            except self._ignored_exceptions as exc:\n                screen = getattr(exc, \"screen\", None)\n                stacktrace = getattr(exc, \"stacktrace\", None)\n            time.sleep(self._poll)\n            if time.monotonic() > end_time:\n                break\n>       raise TimeoutException(message, screen, stacktrace)\nE       selenium.common.exceptions.TimeoutException: Message: \nE       Stacktrace:\nE       #0 0x5588d9eb123a <unknown>\nE       #1 0x5588d995bab0 <unknown>\nE       #2 0x5588d99ad6f0 <unknown>\nE       #3 0x5588d99ad8e1 <unknown>\nE       #4 0x5588d99fbb94 <unknown>\nE       #5 0x5588d99d31cd <unknown>\nE       #6 0x5588d99f8fee <unknown>\nE       #7 0x5588d99d2f73 <unknown>\nE       #8 0x5588d999faeb <unknown>\nE       #9 0x5588d99a0751 <unknown>\nE       #10 0x5588d9e75b4b <unknown>\nE       #11 0x5588d9e79929 <unknown>\nE       #12 0x5588d9e5c929 <unknown>\nE       #13 0x5588d9e7a4e8 <unknown>\nE       #14 0x5588d9e410df <unknown>\nE       #15 0x5588d9e9e8e8 <unknown>\nE       #16 0x5588d9e9eac6 <unknown>\nE       #17 0x5588d9eb0556 <unknown>\nE       #18 0x7f0121e9caa4 <unknown>\nE       #19 0x7f0121f29c3c <unknown>\n\n/opt/hostedtoolcache/Python/3.12.3/x64/lib/python3.12/site-packages/selenium/webdriver/support/wait.py:95: TimeoutException",
    "steps" : [ {
      "name" : "Open a browser",
      "time" : {
        "start" : 1752456359249,
        "stop" : 1752456362129,
        "duration" : 2880
      },
      "status" : "passed",
      "steps" : [ ],
      "attachments" : [ ],
      "parameters" : [ ],
      "stepsCount" : 0,
      "attachmentsCount" : 0,
      "shouldDisplayMessage" : false,
      "hasContent" : false
    }, {
      "name" : "Redirection of the link \"Women\"",
      "time" : {
        "start" : 1752456362129,
        "stop" : 1752456367578,
        "duration" : 5449
      },
      "status" : "broken",
      "statusMessage" : "selenium.common.exceptions.TimeoutException: Message: \nStacktrace:\n#0 0x5588d9eb123a <unknown>\n#1 0x5588d995bab0 <unknown>\n#2 0x5588d99ad6f0 <unknown>\n#3 0x5588d99ad8e1 <unknown>\n#4 0x5588d99fbb94 <unknown>\n#5 0x5588d99d31cd <unknown>\n#6 0x5588d99f8fee <unknown>\n#7 0x5588d99d2f73 <unknown>\n#8 0x5588d999faeb <unknown>\n#9 0x5588d99a0751 <unknown>\n#10 0x5588d9e75b4b <unknown>\n#11 0x5588d9e79929 <unknown>\n#12 0x5588d9e5c929 <unknown>\n#13 0x5588d9e7a4e8 <unknown>\n#14 0x5588d9e410df <unknown>\n#15 0x5588d9e9e8e8 <unknown>\n#16 0x5588d9e9eac6 <unknown>\n#17 0x5588d9eb0556 <unknown>\n#18 0x7f0121e9caa4 <unknown>\n#19 0x7f0121f29c3c <unknown>\n\n",
      "statusTrace" : "  File \"/opt/hostedtoolcache/Python/3.12.3/x64/lib/python3.12/site-packages/allure_commons/_allure.py\", line 192, in impl\n    return func(*a, **kw)\n           ^^^^^^^^^^^^^^\n  File \"/home/runner/work/luma_project/luma_project/pages/header_page.py\", line 127, in redirection_of_the_link_women\n    text = self.get_text(self.women_locators.WOMEN_HEAD_TEXT)\n           ^^^^^^^^^^^^^^^^^^^^^^^^^^^^^^^^^^^^^^^^^^^^^^^^^^\n  File \"/opt/hostedtoolcache/Python/3.12.3/x64/lib/python3.12/site-packages/allure_commons/_allure.py\", line 192, in impl\n    return func(*a, **kw)\n           ^^^^^^^^^^^^^^\n  File \"/home/runner/work/luma_project/luma_project/pages/base_page.py\", line 145, in get_text\n    text = self.element_is_visible(locator)\n           ^^^^^^^^^^^^^^^^^^^^^^^^^^^^^^^^\n  File \"/opt/hostedtoolcache/Python/3.12.3/x64/lib/python3.12/site-packages/allure_commons/_allure.py\", line 192, in impl\n    return func(*a, **kw)\n           ^^^^^^^^^^^^^^\n  File \"/home/runner/work/luma_project/luma_project/pages/base_page.py\", line 30, in element_is_visible\n    self.go_to_element(self.element_is_present(locator))\n                       ^^^^^^^^^^^^^^^^^^^^^^^^^^^^^^^^\n  File \"/opt/hostedtoolcache/Python/3.12.3/x64/lib/python3.12/site-packages/allure_commons/_allure.py\", line 192, in impl\n    return func(*a, **kw)\n           ^^^^^^^^^^^^^^\n  File \"/home/runner/work/luma_project/luma_project/pages/base_page.py\", line 51, in element_is_present\n    return wait(self.driver, timeout).until(EC.presence_of_element_located(locator))\n           ^^^^^^^^^^^^^^^^^^^^^^^^^^^^^^^^^^^^^^^^^^^^^^^^^^^^^^^^^^^^^^^^^^^^^^^^^\n  File \"/opt/hostedtoolcache/Python/3.12.3/x64/lib/python3.12/site-packages/selenium/webdriver/support/wait.py\", line 95, in until\n    raise TimeoutException(message, screen, stacktrace)\n",
      "steps" : [ {
        "name" : "Find a visible element",
        "time" : {
          "start" : 1752456362129,
          "stop" : 1752456362194,
          "duration" : 65
        },
        "status" : "passed",
        "steps" : [ {
          "name" : "Find a present element",
          "time" : {
            "start" : 1752456362129,
            "stop" : 1752456362151,
            "duration" : 22
          },
          "status" : "passed",
          "steps" : [ ],
          "attachments" : [ ],
          "parameters" : [ {
            "name" : "locator",
            "value" : "('id', 'ui-id-4')"
          }, {
            "name" : "timeout",
            "value" : "5"
          } ],
          "stepsCount" : 0,
          "attachmentsCount" : 0,
          "shouldDisplayMessage" : false,
          "hasContent" : true
        }, {
          "name" : "Go to specified element",
          "time" : {
            "start" : 1752456362151,
            "stop" : 1752456362164,
            "duration" : 13
          },
          "status" : "passed",
          "steps" : [ ],
          "attachments" : [ ],
          "parameters" : [ {
            "name" : "element",
            "value" : "<selenium.webdriver.remote.webelement.WebElement (session=\"a80c1bed84ce7eeb094a60d83063d4ec\", element=\"f.F970B63B984DA04725CE62C432B1859B.d.3AC70015445CD3D0F6C46AA455F9EE9A.e.19\")>"
          } ],
          "stepsCount" : 0,
          "attachmentsCount" : 0,
          "shouldDisplayMessage" : false,
          "hasContent" : true
        } ],
        "attachments" : [ ],
        "parameters" : [ {
          "name" : "locator",
          "value" : "('id', 'ui-id-4')"
        }, {
          "name" : "timeout",
          "value" : "10"
        } ],
        "stepsCount" : 2,
        "attachmentsCount" : 0,
        "shouldDisplayMessage" : false,
        "hasContent" : true
      }, {
        "name" : "Get element text",
        "time" : {
          "start" : 1752456362387,
          "stop" : 1752456367578,
          "duration" : 5191
        },
        "status" : "broken",
        "statusMessage" : "selenium.common.exceptions.TimeoutException: Message: \nStacktrace:\n#0 0x5588d9eb123a <unknown>\n#1 0x5588d995bab0 <unknown>\n#2 0x5588d99ad6f0 <unknown>\n#3 0x5588d99ad8e1 <unknown>\n#4 0x5588d99fbb94 <unknown>\n#5 0x5588d99d31cd <unknown>\n#6 0x5588d99f8fee <unknown>\n#7 0x5588d99d2f73 <unknown>\n#8 0x5588d999faeb <unknown>\n#9 0x5588d99a0751 <unknown>\n#10 0x5588d9e75b4b <unknown>\n#11 0x5588d9e79929 <unknown>\n#12 0x5588d9e5c929 <unknown>\n#13 0x5588d9e7a4e8 <unknown>\n#14 0x5588d9e410df <unknown>\n#15 0x5588d9e9e8e8 <unknown>\n#16 0x5588d9e9eac6 <unknown>\n#17 0x5588d9eb0556 <unknown>\n#18 0x7f0121e9caa4 <unknown>\n#19 0x7f0121f29c3c <unknown>\n\n",
        "statusTrace" : "  File \"/opt/hostedtoolcache/Python/3.12.3/x64/lib/python3.12/site-packages/allure_commons/_allure.py\", line 192, in impl\n    return func(*a, **kw)\n           ^^^^^^^^^^^^^^\n  File \"/home/runner/work/luma_project/luma_project/pages/base_page.py\", line 145, in get_text\n    text = self.element_is_visible(locator)\n           ^^^^^^^^^^^^^^^^^^^^^^^^^^^^^^^^\n  File \"/opt/hostedtoolcache/Python/3.12.3/x64/lib/python3.12/site-packages/allure_commons/_allure.py\", line 192, in impl\n    return func(*a, **kw)\n           ^^^^^^^^^^^^^^\n  File \"/home/runner/work/luma_project/luma_project/pages/base_page.py\", line 30, in element_is_visible\n    self.go_to_element(self.element_is_present(locator))\n                       ^^^^^^^^^^^^^^^^^^^^^^^^^^^^^^^^\n  File \"/opt/hostedtoolcache/Python/3.12.3/x64/lib/python3.12/site-packages/allure_commons/_allure.py\", line 192, in impl\n    return func(*a, **kw)\n           ^^^^^^^^^^^^^^\n  File \"/home/runner/work/luma_project/luma_project/pages/base_page.py\", line 51, in element_is_present\n    return wait(self.driver, timeout).until(EC.presence_of_element_located(locator))\n           ^^^^^^^^^^^^^^^^^^^^^^^^^^^^^^^^^^^^^^^^^^^^^^^^^^^^^^^^^^^^^^^^^^^^^^^^^\n  File \"/opt/hostedtoolcache/Python/3.12.3/x64/lib/python3.12/site-packages/selenium/webdriver/support/wait.py\", line 95, in until\n    raise TimeoutException(message, screen, stacktrace)\n",
        "steps" : [ {
          "name" : "Find a visible element",
          "time" : {
            "start" : 1752456362387,
            "stop" : 1752456367578,
            "duration" : 5191
          },
          "status" : "broken",
          "statusMessage" : "selenium.common.exceptions.TimeoutException: Message: \nStacktrace:\n#0 0x5588d9eb123a <unknown>\n#1 0x5588d995bab0 <unknown>\n#2 0x5588d99ad6f0 <unknown>\n#3 0x5588d99ad8e1 <unknown>\n#4 0x5588d99fbb94 <unknown>\n#5 0x5588d99d31cd <unknown>\n#6 0x5588d99f8fee <unknown>\n#7 0x5588d99d2f73 <unknown>\n#8 0x5588d999faeb <unknown>\n#9 0x5588d99a0751 <unknown>\n#10 0x5588d9e75b4b <unknown>\n#11 0x5588d9e79929 <unknown>\n#12 0x5588d9e5c929 <unknown>\n#13 0x5588d9e7a4e8 <unknown>\n#14 0x5588d9e410df <unknown>\n#15 0x5588d9e9e8e8 <unknown>\n#16 0x5588d9e9eac6 <unknown>\n#17 0x5588d9eb0556 <unknown>\n#18 0x7f0121e9caa4 <unknown>\n#19 0x7f0121f29c3c <unknown>\n\n",
          "statusTrace" : "  File \"/opt/hostedtoolcache/Python/3.12.3/x64/lib/python3.12/site-packages/allure_commons/_allure.py\", line 192, in impl\n    return func(*a, **kw)\n           ^^^^^^^^^^^^^^\n  File \"/home/runner/work/luma_project/luma_project/pages/base_page.py\", line 30, in element_is_visible\n    self.go_to_element(self.element_is_present(locator))\n                       ^^^^^^^^^^^^^^^^^^^^^^^^^^^^^^^^\n  File \"/opt/hostedtoolcache/Python/3.12.3/x64/lib/python3.12/site-packages/allure_commons/_allure.py\", line 192, in impl\n    return func(*a, **kw)\n           ^^^^^^^^^^^^^^\n  File \"/home/runner/work/luma_project/luma_project/pages/base_page.py\", line 51, in element_is_present\n    return wait(self.driver, timeout).until(EC.presence_of_element_located(locator))\n           ^^^^^^^^^^^^^^^^^^^^^^^^^^^^^^^^^^^^^^^^^^^^^^^^^^^^^^^^^^^^^^^^^^^^^^^^^\n  File \"/opt/hostedtoolcache/Python/3.12.3/x64/lib/python3.12/site-packages/selenium/webdriver/support/wait.py\", line 95, in until\n    raise TimeoutException(message, screen, stacktrace)\n",
          "steps" : [ {
            "name" : "Find a present element",
            "time" : {
              "start" : 1752456362387,
              "stop" : 1752456367577,
              "duration" : 5190
            },
            "status" : "broken",
            "statusMessage" : "selenium.common.exceptions.TimeoutException: Message: \nStacktrace:\n#0 0x5588d9eb123a <unknown>\n#1 0x5588d995bab0 <unknown>\n#2 0x5588d99ad6f0 <unknown>\n#3 0x5588d99ad8e1 <unknown>\n#4 0x5588d99fbb94 <unknown>\n#5 0x5588d99d31cd <unknown>\n#6 0x5588d99f8fee <unknown>\n#7 0x5588d99d2f73 <unknown>\n#8 0x5588d999faeb <unknown>\n#9 0x5588d99a0751 <unknown>\n#10 0x5588d9e75b4b <unknown>\n#11 0x5588d9e79929 <unknown>\n#12 0x5588d9e5c929 <unknown>\n#13 0x5588d9e7a4e8 <unknown>\n#14 0x5588d9e410df <unknown>\n#15 0x5588d9e9e8e8 <unknown>\n#16 0x5588d9e9eac6 <unknown>\n#17 0x5588d9eb0556 <unknown>\n#18 0x7f0121e9caa4 <unknown>\n#19 0x7f0121f29c3c <unknown>\n\n",
            "statusTrace" : "  File \"/opt/hostedtoolcache/Python/3.12.3/x64/lib/python3.12/site-packages/allure_commons/_allure.py\", line 192, in impl\n    return func(*a, **kw)\n           ^^^^^^^^^^^^^^\n  File \"/home/runner/work/luma_project/luma_project/pages/base_page.py\", line 51, in element_is_present\n    return wait(self.driver, timeout).until(EC.presence_of_element_located(locator))\n           ^^^^^^^^^^^^^^^^^^^^^^^^^^^^^^^^^^^^^^^^^^^^^^^^^^^^^^^^^^^^^^^^^^^^^^^^^\n  File \"/opt/hostedtoolcache/Python/3.12.3/x64/lib/python3.12/site-packages/selenium/webdriver/support/wait.py\", line 95, in until\n    raise TimeoutException(message, screen, stacktrace)\n",
            "steps" : [ ],
            "attachments" : [ ],
            "parameters" : [ {
              "name" : "locator",
              "value" : "('xpath', '//*[@id=\"page-title-heading\"]/span')"
            }, {
              "name" : "timeout",
              "value" : "5"
            } ],
            "stepsCount" : 0,
            "attachmentsCount" : 0,
            "shouldDisplayMessage" : true,
            "hasContent" : true
          } ],
          "attachments" : [ ],
          "parameters" : [ {
            "name" : "locator",
            "value" : "('xpath', '//*[@id=\"page-title-heading\"]/span')"
          }, {
            "name" : "timeout",
            "value" : "10"
          } ],
          "stepsCount" : 1,
          "attachmentsCount" : 0,
          "shouldDisplayMessage" : false,
          "hasContent" : true
        } ],
        "attachments" : [ ],
        "parameters" : [ {
          "name" : "locator",
          "value" : "('xpath', '//*[@id=\"page-title-heading\"]/span')"
        } ],
        "stepsCount" : 2,
        "attachmentsCount" : 0,
        "shouldDisplayMessage" : false,
        "hasContent" : true
      } ],
      "attachments" : [ ],
      "parameters" : [ ],
      "stepsCount" : 6,
      "attachmentsCount" : 0,
      "shouldDisplayMessage" : false,
      "hasContent" : true
    } ],
    "attachments" : [ {
      "uid" : "9a8ebe24939b9df",
      "name" : "Screenshot",
      "source" : "9a8ebe24939b9df.png",
      "type" : "image/png",
      "size" : 87757
    }, {
      "uid" : "571534c7cdc643c8",
      "name" : "HTML source",
      "source" : "571534c7cdc643c8.html",
      "type" : "text/html",
      "size" : 186408
    } ],
    "parameters" : [ ],
    "stepsCount" : 8,
    "attachmentsCount" : 2,
    "shouldDisplayMessage" : true,
    "hasContent" : true
  },
  "afterStages" : [ {
    "name" : "clear_allure_result_folder::0",
    "time" : {
      "start" : 1752459821686,
      "stop" : 1752459821686,
      "duration" : 0
    },
    "status" : "passed",
    "steps" : [ ],
    "attachments" : [ ],
    "parameters" : [ ],
    "stepsCount" : 0,
    "attachmentsCount" : 0,
    "shouldDisplayMessage" : false,
    "hasContent" : false
  }, {
    "name" : "driver::0",
    "time" : {
      "start" : 1752456367973,
      "stop" : 1752456368059,
      "duration" : 86
    },
    "status" : "passed",
    "steps" : [ ],
    "attachments" : [ ],
    "parameters" : [ ],
    "stepsCount" : 0,
    "attachmentsCount" : 0,
    "shouldDisplayMessage" : false,
    "hasContent" : false
  } ],
  "labels" : [ {
    "name" : "epic",
    "value" : "Test Header"
  }, {
    "name" : "parentSuite",
    "value" : "tests"
  }, {
    "name" : "suite",
    "value" : "test_header"
  }, {
    "name" : "subSuite",
    "value" : "TestHeader"
  }, {
    "name" : "host",
    "value" : "fv-az1278-766"
  }, {
    "name" : "thread",
    "value" : "2969-MainThread"
  }, {
    "name" : "framework",
    "value" : "pytest"
  }, {
    "name" : "language",
    "value" : "cpython3"
  }, {
    "name" : "package",
    "value" : "tests.test_header"
  }, {
    "name" : "resultFormat",
    "value" : "allure2"
  } ],
  "parameters" : [ ],
  "links" : [ ],
  "hidden" : false,
  "retry" : false,
  "extra" : {
    "severity" : "normal",
    "retries" : [ ],
    "categories" : [ {
      "name" : "Test defects",
      "matchedStatuses" : [ ],
      "flaky" : false
    } ],
    "tags" : [ ]
  },
  "source" : "91b6eb23a59878dc.json",
  "parameterValues" : [ ]
}