{
  "uid" : "931d861e13136f1b",
  "name" : "TC 14.06.01 Verify the 'Men' header is displayed",
  "fullName" : "tests.test_men.TestMenPagePromoBlock#test_tc_14_06_01",
  "historyId" : "4ebf9d26f8c84101adca25b2bee7c63e",
  "time" : {
    "start" : 1762133897014,
    "stop" : 1762133902359,
    "duration" : 5345
  },
  "description" : "Verify that the header 'Men' is displayed",
  "descriptionHtml" : "<p>Verify that the header 'Men' is displayed</p>\n",
  "status" : "broken",
  "statusMessage" : "selenium.common.exceptions.TimeoutException: Message: \nStacktrace:\n#0 0x561120b35aea <unknown>\n#1 0x561120581cdb <unknown>\n#2 0x5611205d46c4 <unknown>\n#3 0x5611205d4901 <unknown>\n#4 0x5611206238b4 <unknown>\n#5 0x561120620c87 <unknown>\n#6 0x5611205c6aca <unknown>\n#7 0x5611205c77d1 <unknown>\n#8 0x561120afcab9 <unknown>\n#9 0x561120affa8c <unknown>\n#10 0x561120ae5d49 <unknown>\n#11 0x561120b00685 <unknown>\n#12 0x561120acd6c3 <unknown>\n#13 0x561120b227d8 <unknown>\n#14 0x561120b229b3 <unknown>\n#15 0x561120b34a83 <unknown>\n#16 0x7f7cbda9caa4 <unknown>\n#17 0x7f7cbdb29c6c <unknown>",
  "statusTrace" : "self = <test_men.TestMenPagePromoBlock object at 0x7f69c9712090>\ndriver = <selenium.webdriver.chrome.webdriver.WebDriver (session=\"8458c4d173ace208c00aca65719840d1\")>\n\n    @allure.title(\"TC 14.06.01 Verify the 'Men' header is displayed\")\n    @allure.severity(allure.severity_level.CRITICAL)\n    def test_tc_14_06_01(self, driver):\n        \"\"\"Verify that the header 'Men' is displayed\"\"\"\n        page = MenPage(driver, MEN_PAGE_URL)\n        page.open()\n>       subhead_title = page.verify_header_men_is_visible()\n\ntests/test_men.py:187: \n_ _ _ _ _ _ _ _ _ _ _ _ _ _ _ _ _ _ _ _ _ _ _ _ _ _ _ _ _ _ _ _ _ _ _ _ _ _ _ _ \npages/men_page.py:71: in verify_header_men_is_visible\n    subhead_title = self.element_is_visible(self.side_bar_locators.SIDE_BAR_HEADER_MEN)\npages/base_page.py:30: in element_is_visible\n    self.go_to_element(self.element_is_present(locator))\npages/base_page.py:51: in element_is_present\n    return wait(self.driver, timeout).until(EC.presence_of_element_located(locator))\n_ _ _ _ _ _ _ _ _ _ _ _ _ _ _ _ _ _ _ _ _ _ _ _ _ _ _ _ _ _ _ _ _ _ _ _ _ _ _ _ \n\nself = <selenium.webdriver.support.wait.WebDriverWait (session=\"8458c4d173ace208c00aca65719840d1\")>\nmethod = <function presence_of_element_located.<locals>._predicate at 0x7f69c909a5c0>\nmessage = ''\n\n    def until(self, method, message: str = \"\"):\n        \"\"\"Calls the method provided with the driver as an argument until the \\\n        return value does not evaluate to ``False``.\n    \n        :param method: callable(WebDriver)\n        :param message: optional message for :exc:`TimeoutException`\n        :returns: the result of the last call to `method`\n        :raises: :exc:`selenium.common.exceptions.TimeoutException` if timeout occurs\n        \"\"\"\n        screen = None\n        stacktrace = None\n    \n        end_time = time.monotonic() + self._timeout\n        while True:\n            try:\n                value = method(self._driver)\n                if value:\n                    return value\n            except self._ignored_exceptions as exc:\n                screen = getattr(exc, \"screen\", None)\n                stacktrace = getattr(exc, \"stacktrace\", None)\n            time.sleep(self._poll)\n            if time.monotonic() > end_time:\n                break\n>       raise TimeoutException(message, screen, stacktrace)\nE       selenium.common.exceptions.TimeoutException: Message: \nE       Stacktrace:\nE       #0 0x561120b35aea <unknown>\nE       #1 0x561120581cdb <unknown>\nE       #2 0x5611205d46c4 <unknown>\nE       #3 0x5611205d4901 <unknown>\nE       #4 0x5611206238b4 <unknown>\nE       #5 0x561120620c87 <unknown>\nE       #6 0x5611205c6aca <unknown>\nE       #7 0x5611205c77d1 <unknown>\nE       #8 0x561120afcab9 <unknown>\nE       #9 0x561120affa8c <unknown>\nE       #10 0x561120ae5d49 <unknown>\nE       #11 0x561120b00685 <unknown>\nE       #12 0x561120acd6c3 <unknown>\nE       #13 0x561120b227d8 <unknown>\nE       #14 0x561120b229b3 <unknown>\nE       #15 0x561120b34a83 <unknown>\nE       #16 0x7f7cbda9caa4 <unknown>\nE       #17 0x7f7cbdb29c6c <unknown>\n\n/opt/hostedtoolcache/Python/3.12.3/x64/lib/python3.12/site-packages/selenium/webdriver/support/wait.py:95: TimeoutException",
  "flaky" : false,
  "newFailed" : false,
  "beforeStages" : [ {
    "name" : "_session_faker",
    "time" : {
      "start" : 1762132384015,
      "stop" : 1762132384084,
      "duration" : 69
    },
    "status" : "passed",
    "steps" : [ ],
    "attachments" : [ ],
    "parameters" : [ ],
    "stepsCount" : 0,
    "attachmentsCount" : 0,
    "shouldDisplayMessage" : false,
    "hasContent" : false
  }, {
    "name" : "driver",
    "time" : {
      "start" : 1762133895773,
      "stop" : 1762133897013,
      "duration" : 1240
    },
    "status" : "passed",
    "steps" : [ ],
    "attachments" : [ ],
    "parameters" : [ ],
    "stepsCount" : 0,
    "attachmentsCount" : 0,
    "shouldDisplayMessage" : false,
    "hasContent" : false
  }, {
    "name" : "clear_allure_result_folder",
    "time" : {
      "start" : 1762132384084,
      "stop" : 1762132384084,
      "duration" : 0
    },
    "status" : "passed",
    "steps" : [ ],
    "attachments" : [ ],
    "parameters" : [ ],
    "stepsCount" : 0,
    "attachmentsCount" : 0,
    "shouldDisplayMessage" : false,
    "hasContent" : false
  } ],
  "testStage" : {
    "description" : "Verify that the header 'Men' is displayed",
    "status" : "broken",
    "statusMessage" : "selenium.common.exceptions.TimeoutException: Message: \nStacktrace:\n#0 0x561120b35aea <unknown>\n#1 0x561120581cdb <unknown>\n#2 0x5611205d46c4 <unknown>\n#3 0x5611205d4901 <unknown>\n#4 0x5611206238b4 <unknown>\n#5 0x561120620c87 <unknown>\n#6 0x5611205c6aca <unknown>\n#7 0x5611205c77d1 <unknown>\n#8 0x561120afcab9 <unknown>\n#9 0x561120affa8c <unknown>\n#10 0x561120ae5d49 <unknown>\n#11 0x561120b00685 <unknown>\n#12 0x561120acd6c3 <unknown>\n#13 0x561120b227d8 <unknown>\n#14 0x561120b229b3 <unknown>\n#15 0x561120b34a83 <unknown>\n#16 0x7f7cbda9caa4 <unknown>\n#17 0x7f7cbdb29c6c <unknown>",
    "statusTrace" : "self = <test_men.TestMenPagePromoBlock object at 0x7f69c9712090>\ndriver = <selenium.webdriver.chrome.webdriver.WebDriver (session=\"8458c4d173ace208c00aca65719840d1\")>\n\n    @allure.title(\"TC 14.06.01 Verify the 'Men' header is displayed\")\n    @allure.severity(allure.severity_level.CRITICAL)\n    def test_tc_14_06_01(self, driver):\n        \"\"\"Verify that the header 'Men' is displayed\"\"\"\n        page = MenPage(driver, MEN_PAGE_URL)\n        page.open()\n>       subhead_title = page.verify_header_men_is_visible()\n\ntests/test_men.py:187: \n_ _ _ _ _ _ _ _ _ _ _ _ _ _ _ _ _ _ _ _ _ _ _ _ _ _ _ _ _ _ _ _ _ _ _ _ _ _ _ _ \npages/men_page.py:71: in verify_header_men_is_visible\n    subhead_title = self.element_is_visible(self.side_bar_locators.SIDE_BAR_HEADER_MEN)\npages/base_page.py:30: in element_is_visible\n    self.go_to_element(self.element_is_present(locator))\npages/base_page.py:51: in element_is_present\n    return wait(self.driver, timeout).until(EC.presence_of_element_located(locator))\n_ _ _ _ _ _ _ _ _ _ _ _ _ _ _ _ _ _ _ _ _ _ _ _ _ _ _ _ _ _ _ _ _ _ _ _ _ _ _ _ \n\nself = <selenium.webdriver.support.wait.WebDriverWait (session=\"8458c4d173ace208c00aca65719840d1\")>\nmethod = <function presence_of_element_located.<locals>._predicate at 0x7f69c909a5c0>\nmessage = ''\n\n    def until(self, method, message: str = \"\"):\n        \"\"\"Calls the method provided with the driver as an argument until the \\\n        return value does not evaluate to ``False``.\n    \n        :param method: callable(WebDriver)\n        :param message: optional message for :exc:`TimeoutException`\n        :returns: the result of the last call to `method`\n        :raises: :exc:`selenium.common.exceptions.TimeoutException` if timeout occurs\n        \"\"\"\n        screen = None\n        stacktrace = None\n    \n        end_time = time.monotonic() + self._timeout\n        while True:\n            try:\n                value = method(self._driver)\n                if value:\n                    return value\n            except self._ignored_exceptions as exc:\n                screen = getattr(exc, \"screen\", None)\n                stacktrace = getattr(exc, \"stacktrace\", None)\n            time.sleep(self._poll)\n            if time.monotonic() > end_time:\n                break\n>       raise TimeoutException(message, screen, stacktrace)\nE       selenium.common.exceptions.TimeoutException: Message: \nE       Stacktrace:\nE       #0 0x561120b35aea <unknown>\nE       #1 0x561120581cdb <unknown>\nE       #2 0x5611205d46c4 <unknown>\nE       #3 0x5611205d4901 <unknown>\nE       #4 0x5611206238b4 <unknown>\nE       #5 0x561120620c87 <unknown>\nE       #6 0x5611205c6aca <unknown>\nE       #7 0x5611205c77d1 <unknown>\nE       #8 0x561120afcab9 <unknown>\nE       #9 0x561120affa8c <unknown>\nE       #10 0x561120ae5d49 <unknown>\nE       #11 0x561120b00685 <unknown>\nE       #12 0x561120acd6c3 <unknown>\nE       #13 0x561120b227d8 <unknown>\nE       #14 0x561120b229b3 <unknown>\nE       #15 0x561120b34a83 <unknown>\nE       #16 0x7f7cbda9caa4 <unknown>\nE       #17 0x7f7cbdb29c6c <unknown>\n\n/opt/hostedtoolcache/Python/3.12.3/x64/lib/python3.12/site-packages/selenium/webdriver/support/wait.py:95: TimeoutException",
    "steps" : [ {
      "name" : "Open a browser",
      "time" : {
        "start" : 1762133897014,
        "stop" : 1762133897257,
        "duration" : 243
      },
      "status" : "passed",
      "steps" : [ ],
      "attachments" : [ ],
      "parameters" : [ ],
      "stepsCount" : 0,
      "attachmentsCount" : 0,
      "shouldDisplayMessage" : false,
      "hasContent" : false
    }, {
      "name" : "Verify header \"Men\" on Men page",
      "time" : {
        "start" : 1762133897257,
        "stop" : 1762133902358,
        "duration" : 5101
      },
      "status" : "broken",
      "statusMessage" : "selenium.common.exceptions.TimeoutException: Message: \nStacktrace:\n#0 0x561120b35aea <unknown>\n#1 0x561120581cdb <unknown>\n#2 0x5611205d46c4 <unknown>\n#3 0x5611205d4901 <unknown>\n#4 0x5611206238b4 <unknown>\n#5 0x561120620c87 <unknown>\n#6 0x5611205c6aca <unknown>\n#7 0x5611205c77d1 <unknown>\n#8 0x561120afcab9 <unknown>\n#9 0x561120affa8c <unknown>\n#10 0x561120ae5d49 <unknown>\n#11 0x561120b00685 <unknown>\n#12 0x561120acd6c3 <unknown>\n#13 0x561120b227d8 <unknown>\n#14 0x561120b229b3 <unknown>\n#15 0x561120b34a83 <unknown>\n#16 0x7f7cbda9caa4 <unknown>\n#17 0x7f7cbdb29c6c <unknown>\n\n",
      "statusTrace" : "  File \"/opt/hostedtoolcache/Python/3.12.3/x64/lib/python3.12/site-packages/allure_commons/_allure.py\", line 192, in impl\n    return func(*a, **kw)\n           ^^^^^^^^^^^^^^\n  File \"/home/runner/work/luma_project/luma_project/pages/men_page.py\", line 71, in verify_header_men_is_visible\n    subhead_title = self.element_is_visible(self.side_bar_locators.SIDE_BAR_HEADER_MEN)\n                    ^^^^^^^^^^^^^^^^^^^^^^^^^^^^^^^^^^^^^^^^^^^^^^^^^^^^^^^^^^^^^^^^^^^\n  File \"/opt/hostedtoolcache/Python/3.12.3/x64/lib/python3.12/site-packages/allure_commons/_allure.py\", line 192, in impl\n    return func(*a, **kw)\n           ^^^^^^^^^^^^^^\n  File \"/home/runner/work/luma_project/luma_project/pages/base_page.py\", line 30, in element_is_visible\n    self.go_to_element(self.element_is_present(locator))\n                       ^^^^^^^^^^^^^^^^^^^^^^^^^^^^^^^^\n  File \"/opt/hostedtoolcache/Python/3.12.3/x64/lib/python3.12/site-packages/allure_commons/_allure.py\", line 192, in impl\n    return func(*a, **kw)\n           ^^^^^^^^^^^^^^\n  File \"/home/runner/work/luma_project/luma_project/pages/base_page.py\", line 51, in element_is_present\n    return wait(self.driver, timeout).until(EC.presence_of_element_located(locator))\n           ^^^^^^^^^^^^^^^^^^^^^^^^^^^^^^^^^^^^^^^^^^^^^^^^^^^^^^^^^^^^^^^^^^^^^^^^^\n  File \"/opt/hostedtoolcache/Python/3.12.3/x64/lib/python3.12/site-packages/selenium/webdriver/support/wait.py\", line 95, in until\n    raise TimeoutException(message, screen, stacktrace)\n",
      "steps" : [ {
        "name" : "Find a visible element",
        "time" : {
          "start" : 1762133897257,
          "stop" : 1762133902358,
          "duration" : 5101
        },
        "status" : "broken",
        "statusMessage" : "selenium.common.exceptions.TimeoutException: Message: \nStacktrace:\n#0 0x561120b35aea <unknown>\n#1 0x561120581cdb <unknown>\n#2 0x5611205d46c4 <unknown>\n#3 0x5611205d4901 <unknown>\n#4 0x5611206238b4 <unknown>\n#5 0x561120620c87 <unknown>\n#6 0x5611205c6aca <unknown>\n#7 0x5611205c77d1 <unknown>\n#8 0x561120afcab9 <unknown>\n#9 0x561120affa8c <unknown>\n#10 0x561120ae5d49 <unknown>\n#11 0x561120b00685 <unknown>\n#12 0x561120acd6c3 <unknown>\n#13 0x561120b227d8 <unknown>\n#14 0x561120b229b3 <unknown>\n#15 0x561120b34a83 <unknown>\n#16 0x7f7cbda9caa4 <unknown>\n#17 0x7f7cbdb29c6c <unknown>\n\n",
        "statusTrace" : "  File \"/opt/hostedtoolcache/Python/3.12.3/x64/lib/python3.12/site-packages/allure_commons/_allure.py\", line 192, in impl\n    return func(*a, **kw)\n           ^^^^^^^^^^^^^^\n  File \"/home/runner/work/luma_project/luma_project/pages/base_page.py\", line 30, in element_is_visible\n    self.go_to_element(self.element_is_present(locator))\n                       ^^^^^^^^^^^^^^^^^^^^^^^^^^^^^^^^\n  File \"/opt/hostedtoolcache/Python/3.12.3/x64/lib/python3.12/site-packages/allure_commons/_allure.py\", line 192, in impl\n    return func(*a, **kw)\n           ^^^^^^^^^^^^^^\n  File \"/home/runner/work/luma_project/luma_project/pages/base_page.py\", line 51, in element_is_present\n    return wait(self.driver, timeout).until(EC.presence_of_element_located(locator))\n           ^^^^^^^^^^^^^^^^^^^^^^^^^^^^^^^^^^^^^^^^^^^^^^^^^^^^^^^^^^^^^^^^^^^^^^^^^\n  File \"/opt/hostedtoolcache/Python/3.12.3/x64/lib/python3.12/site-packages/selenium/webdriver/support/wait.py\", line 95, in until\n    raise TimeoutException(message, screen, stacktrace)\n",
        "steps" : [ {
          "name" : "Find a present element",
          "time" : {
            "start" : 1762133897257,
            "stop" : 1762133902358,
            "duration" : 5101
          },
          "status" : "broken",
          "statusMessage" : "selenium.common.exceptions.TimeoutException: Message: \nStacktrace:\n#0 0x561120b35aea <unknown>\n#1 0x561120581cdb <unknown>\n#2 0x5611205d46c4 <unknown>\n#3 0x5611205d4901 <unknown>\n#4 0x5611206238b4 <unknown>\n#5 0x561120620c87 <unknown>\n#6 0x5611205c6aca <unknown>\n#7 0x5611205c77d1 <unknown>\n#8 0x561120afcab9 <unknown>\n#9 0x561120affa8c <unknown>\n#10 0x561120ae5d49 <unknown>\n#11 0x561120b00685 <unknown>\n#12 0x561120acd6c3 <unknown>\n#13 0x561120b227d8 <unknown>\n#14 0x561120b229b3 <unknown>\n#15 0x561120b34a83 <unknown>\n#16 0x7f7cbda9caa4 <unknown>\n#17 0x7f7cbdb29c6c <unknown>\n\n",
          "statusTrace" : "  File \"/opt/hostedtoolcache/Python/3.12.3/x64/lib/python3.12/site-packages/allure_commons/_allure.py\", line 192, in impl\n    return func(*a, **kw)\n           ^^^^^^^^^^^^^^\n  File \"/home/runner/work/luma_project/luma_project/pages/base_page.py\", line 51, in element_is_present\n    return wait(self.driver, timeout).until(EC.presence_of_element_located(locator))\n           ^^^^^^^^^^^^^^^^^^^^^^^^^^^^^^^^^^^^^^^^^^^^^^^^^^^^^^^^^^^^^^^^^^^^^^^^^\n  File \"/opt/hostedtoolcache/Python/3.12.3/x64/lib/python3.12/site-packages/selenium/webdriver/support/wait.py\", line 95, in until\n    raise TimeoutException(message, screen, stacktrace)\n",
          "steps" : [ ],
          "attachments" : [ ],
          "parameters" : [ {
            "name" : "locator",
            "value" : "('css selector', '#page-title-heading > span')"
          }, {
            "name" : "timeout",
            "value" : "5"
          } ],
          "stepsCount" : 0,
          "attachmentsCount" : 0,
          "shouldDisplayMessage" : true,
          "hasContent" : true
        } ],
        "attachments" : [ ],
        "parameters" : [ {
          "name" : "locator",
          "value" : "('css selector', '#page-title-heading > span')"
        }, {
          "name" : "timeout",
          "value" : "10"
        } ],
        "stepsCount" : 1,
        "attachmentsCount" : 0,
        "shouldDisplayMessage" : false,
        "hasContent" : true
      } ],
      "attachments" : [ ],
      "parameters" : [ ],
      "stepsCount" : 2,
      "attachmentsCount" : 0,
      "shouldDisplayMessage" : false,
      "hasContent" : true
    } ],
    "attachments" : [ {
      "uid" : "ecf377c98acc508b",
      "name" : "Screenshot",
      "source" : "ecf377c98acc508b.png",
      "type" : "image/png",
      "size" : 23875
    }, {
      "uid" : "acc77e6e7978760a",
      "name" : "HTML source",
      "source" : "acc77e6e7978760a.html",
      "type" : "text/html",
      "size" : 1433
    } ],
    "parameters" : [ ],
    "stepsCount" : 4,
    "attachmentsCount" : 2,
    "shouldDisplayMessage" : true,
    "hasContent" : true
  },
  "afterStages" : [ {
    "name" : "driver::0",
    "time" : {
      "start" : 1762133902430,
      "stop" : 1762133902490,
      "duration" : 60
    },
    "status" : "passed",
    "steps" : [ ],
    "attachments" : [ ],
    "parameters" : [ ],
    "stepsCount" : 0,
    "attachmentsCount" : 0,
    "shouldDisplayMessage" : false,
    "hasContent" : false
  }, {
    "name" : "clear_allure_result_folder::0",
    "time" : {
      "start" : 1762134831241,
      "stop" : 1762134831241,
      "duration" : 0
    },
    "status" : "passed",
    "steps" : [ ],
    "attachments" : [ ],
    "parameters" : [ ],
    "stepsCount" : 0,
    "attachmentsCount" : 0,
    "shouldDisplayMessage" : false,
    "hasContent" : false
  } ],
  "labels" : [ {
    "name" : "epic",
    "value" : "MenPage"
  }, {
    "name" : "severity",
    "value" : "critical"
  }, {
    "name" : "parentSuite",
    "value" : "tests"
  }, {
    "name" : "suite",
    "value" : "test_men"
  }, {
    "name" : "subSuite",
    "value" : "TestMenPagePromoBlock"
  }, {
    "name" : "host",
    "value" : "runnervmf2e7y"
  }, {
    "name" : "thread",
    "value" : "3807-MainThread"
  }, {
    "name" : "framework",
    "value" : "pytest"
  }, {
    "name" : "language",
    "value" : "cpython3"
  }, {
    "name" : "package",
    "value" : "tests.test_men"
  }, {
    "name" : "resultFormat",
    "value" : "allure2"
  } ],
  "parameters" : [ ],
  "links" : [ ],
  "hidden" : false,
  "retry" : false,
  "extra" : {
    "severity" : "critical",
    "retries" : [ ],
    "categories" : [ {
      "name" : "Test defects",
      "matchedStatuses" : [ ],
      "flaky" : false
    } ],
    "tags" : [ ]
  },
  "source" : "931d861e13136f1b.json",
  "parameterValues" : [ ]
}