{
  "uid" : "95220f61e5c0655d",
  "name" : "TC 01.03.13 correctness of the \"Pants\" link of the \"Women\" section",
  "fullName" : "tests.test_header.TestHeader#test_tc_01_03_13_correctness_pants_link_women_section",
  "historyId" : "24e6269abbe6dbb39fbf14042669180f",
  "time" : {
    "start" : 1759109057431,
    "stop" : 1759109062798,
    "duration" : 5367
  },
  "description" : "Check 'Pants' subsection link click in 'Women' section redirects to the Pants page and         the 'Pants' header is displayed",
  "descriptionHtml" : "<p>Check 'Pants' subsection link click in 'Women' section redirects to the Pants page and         the 'Pants' header is displayed</p>\n",
  "status" : "broken",
  "statusMessage" : "selenium.common.exceptions.TimeoutException: Message: \nStacktrace:\n#0 0x555b01b3bcba <unknown>\n#1 0x555b015b08e0 <unknown>\n#2 0x555b01602580 <unknown>\n#3 0x555b01602771 <unknown>\n#4 0x555b01650864 <unknown>\n#5 0x555b0162809d <unknown>\n#6 0x555b0164dc63 <unknown>\n#7 0x555b01627e43 <unknown>\n#8 0x555b015f49a8 <unknown>\n#9 0x555b015f5621 <unknown>\n#10 0x555b01aff8b8 <unknown>\n#11 0x555b01b035e2 <unknown>\n#12 0x555b01ae6683 <unknown>\n#13 0x555b01b04135 <unknown>\n#14 0x555b01acb80f <unknown>\n#15 0x555b01b284c8 <unknown>\n#16 0x555b01b286a2 <unknown>\n#17 0x555b01b3adc3 <unknown>\n#18 0x7f4cffe9caa4 <unknown>\n#19 0x7f4cfff29c6c <unknown>",
  "statusTrace" : "self = <test_header.TestHeader object at 0x7f0da8530da0>\ndriver = <selenium.webdriver.chrome.webdriver.WebDriver (session=\"9c7f50fa6989333813d4731636f99c86\")>\n\n    @allure.title('TC 01.03.13 correctness of the \"Pants\" link of the \"Women\" section')\n    def test_tc_01_03_13_correctness_pants_link_women_section(self, driver):\n        \"\"\"Check 'Pants' subsection link click in 'Women' section redirects to the Pants page and \\\n        the 'Pants' header is displayed\"\"\"\n        page = HeaderPage(driver, MAIN_PAGE_URL)\n        page.open()\n>       page.check_women_pants_subsection_link()\n\ntests/test_header.py:517: \n_ _ _ _ _ _ _ _ _ _ _ _ _ _ _ _ _ _ _ _ _ _ _ _ _ _ _ _ _ _ _ _ _ _ _ _ _ _ _ _ \npages/header_page.py:406: in check_women_pants_subsection_link\n    self.action_move_to_element(self.element_is_visible(self.header_locators.WOMEN_SECTION))\npages/base_page.py:30: in element_is_visible\n    self.go_to_element(self.element_is_present(locator))\npages/base_page.py:51: in element_is_present\n    return wait(self.driver, timeout).until(EC.presence_of_element_located(locator))\n_ _ _ _ _ _ _ _ _ _ _ _ _ _ _ _ _ _ _ _ _ _ _ _ _ _ _ _ _ _ _ _ _ _ _ _ _ _ _ _ \n\nself = <selenium.webdriver.support.wait.WebDriverWait (session=\"9c7f50fa6989333813d4731636f99c86\")>\nmethod = <function presence_of_element_located.<locals>._predicate at 0x7f0da8718180>\nmessage = ''\n\n    def until(self, method, message: str = \"\"):\n        \"\"\"Calls the method provided with the driver as an argument until the \\\n        return value does not evaluate to ``False``.\n    \n        :param method: callable(WebDriver)\n        :param message: optional message for :exc:`TimeoutException`\n        :returns: the result of the last call to `method`\n        :raises: :exc:`selenium.common.exceptions.TimeoutException` if timeout occurs\n        \"\"\"\n        screen = None\n        stacktrace = None\n    \n        end_time = time.monotonic() + self._timeout\n        while True:\n            try:\n                value = method(self._driver)\n                if value:\n                    return value\n            except self._ignored_exceptions as exc:\n                screen = getattr(exc, \"screen\", None)\n                stacktrace = getattr(exc, \"stacktrace\", None)\n            time.sleep(self._poll)\n            if time.monotonic() > end_time:\n                break\n>       raise TimeoutException(message, screen, stacktrace)\nE       selenium.common.exceptions.TimeoutException: Message: \nE       Stacktrace:\nE       #0 0x555b01b3bcba <unknown>\nE       #1 0x555b015b08e0 <unknown>\nE       #2 0x555b01602580 <unknown>\nE       #3 0x555b01602771 <unknown>\nE       #4 0x555b01650864 <unknown>\nE       #5 0x555b0162809d <unknown>\nE       #6 0x555b0164dc63 <unknown>\nE       #7 0x555b01627e43 <unknown>\nE       #8 0x555b015f49a8 <unknown>\nE       #9 0x555b015f5621 <unknown>\nE       #10 0x555b01aff8b8 <unknown>\nE       #11 0x555b01b035e2 <unknown>\nE       #12 0x555b01ae6683 <unknown>\nE       #13 0x555b01b04135 <unknown>\nE       #14 0x555b01acb80f <unknown>\nE       #15 0x555b01b284c8 <unknown>\nE       #16 0x555b01b286a2 <unknown>\nE       #17 0x555b01b3adc3 <unknown>\nE       #18 0x7f4cffe9caa4 <unknown>\nE       #19 0x7f4cfff29c6c <unknown>\n\n/opt/hostedtoolcache/Python/3.12.3/x64/lib/python3.12/site-packages/selenium/webdriver/support/wait.py:95: TimeoutException",
  "flaky" : false,
  "newFailed" : false,
  "beforeStages" : [ {
    "name" : "driver",
    "time" : {
      "start" : 1759109056163,
      "stop" : 1759109057431,
      "duration" : 1268
    },
    "status" : "passed",
    "steps" : [ ],
    "attachments" : [ ],
    "parameters" : [ ],
    "stepsCount" : 0,
    "attachmentsCount" : 0,
    "shouldDisplayMessage" : false,
    "hasContent" : false
  }, {
    "name" : "clear_allure_result_folder",
    "time" : {
      "start" : 1759108091635,
      "stop" : 1759108091636,
      "duration" : 1
    },
    "status" : "passed",
    "steps" : [ ],
    "attachments" : [ ],
    "parameters" : [ ],
    "stepsCount" : 0,
    "attachmentsCount" : 0,
    "shouldDisplayMessage" : false,
    "hasContent" : false
  }, {
    "name" : "_session_faker",
    "time" : {
      "start" : 1759108091552,
      "stop" : 1759108091635,
      "duration" : 83
    },
    "status" : "passed",
    "steps" : [ ],
    "attachments" : [ ],
    "parameters" : [ ],
    "stepsCount" : 0,
    "attachmentsCount" : 0,
    "shouldDisplayMessage" : false,
    "hasContent" : false
  } ],
  "testStage" : {
    "description" : "Check 'Pants' subsection link click in 'Women' section redirects to the Pants page and         the 'Pants' header is displayed",
    "status" : "broken",
    "statusMessage" : "selenium.common.exceptions.TimeoutException: Message: \nStacktrace:\n#0 0x555b01b3bcba <unknown>\n#1 0x555b015b08e0 <unknown>\n#2 0x555b01602580 <unknown>\n#3 0x555b01602771 <unknown>\n#4 0x555b01650864 <unknown>\n#5 0x555b0162809d <unknown>\n#6 0x555b0164dc63 <unknown>\n#7 0x555b01627e43 <unknown>\n#8 0x555b015f49a8 <unknown>\n#9 0x555b015f5621 <unknown>\n#10 0x555b01aff8b8 <unknown>\n#11 0x555b01b035e2 <unknown>\n#12 0x555b01ae6683 <unknown>\n#13 0x555b01b04135 <unknown>\n#14 0x555b01acb80f <unknown>\n#15 0x555b01b284c8 <unknown>\n#16 0x555b01b286a2 <unknown>\n#17 0x555b01b3adc3 <unknown>\n#18 0x7f4cffe9caa4 <unknown>\n#19 0x7f4cfff29c6c <unknown>",
    "statusTrace" : "self = <test_header.TestHeader object at 0x7f0da8530da0>\ndriver = <selenium.webdriver.chrome.webdriver.WebDriver (session=\"9c7f50fa6989333813d4731636f99c86\")>\n\n    @allure.title('TC 01.03.13 correctness of the \"Pants\" link of the \"Women\" section')\n    def test_tc_01_03_13_correctness_pants_link_women_section(self, driver):\n        \"\"\"Check 'Pants' subsection link click in 'Women' section redirects to the Pants page and \\\n        the 'Pants' header is displayed\"\"\"\n        page = HeaderPage(driver, MAIN_PAGE_URL)\n        page.open()\n>       page.check_women_pants_subsection_link()\n\ntests/test_header.py:517: \n_ _ _ _ _ _ _ _ _ _ _ _ _ _ _ _ _ _ _ _ _ _ _ _ _ _ _ _ _ _ _ _ _ _ _ _ _ _ _ _ \npages/header_page.py:406: in check_women_pants_subsection_link\n    self.action_move_to_element(self.element_is_visible(self.header_locators.WOMEN_SECTION))\npages/base_page.py:30: in element_is_visible\n    self.go_to_element(self.element_is_present(locator))\npages/base_page.py:51: in element_is_present\n    return wait(self.driver, timeout).until(EC.presence_of_element_located(locator))\n_ _ _ _ _ _ _ _ _ _ _ _ _ _ _ _ _ _ _ _ _ _ _ _ _ _ _ _ _ _ _ _ _ _ _ _ _ _ _ _ \n\nself = <selenium.webdriver.support.wait.WebDriverWait (session=\"9c7f50fa6989333813d4731636f99c86\")>\nmethod = <function presence_of_element_located.<locals>._predicate at 0x7f0da8718180>\nmessage = ''\n\n    def until(self, method, message: str = \"\"):\n        \"\"\"Calls the method provided with the driver as an argument until the \\\n        return value does not evaluate to ``False``.\n    \n        :param method: callable(WebDriver)\n        :param message: optional message for :exc:`TimeoutException`\n        :returns: the result of the last call to `method`\n        :raises: :exc:`selenium.common.exceptions.TimeoutException` if timeout occurs\n        \"\"\"\n        screen = None\n        stacktrace = None\n    \n        end_time = time.monotonic() + self._timeout\n        while True:\n            try:\n                value = method(self._driver)\n                if value:\n                    return value\n            except self._ignored_exceptions as exc:\n                screen = getattr(exc, \"screen\", None)\n                stacktrace = getattr(exc, \"stacktrace\", None)\n            time.sleep(self._poll)\n            if time.monotonic() > end_time:\n                break\n>       raise TimeoutException(message, screen, stacktrace)\nE       selenium.common.exceptions.TimeoutException: Message: \nE       Stacktrace:\nE       #0 0x555b01b3bcba <unknown>\nE       #1 0x555b015b08e0 <unknown>\nE       #2 0x555b01602580 <unknown>\nE       #3 0x555b01602771 <unknown>\nE       #4 0x555b01650864 <unknown>\nE       #5 0x555b0162809d <unknown>\nE       #6 0x555b0164dc63 <unknown>\nE       #7 0x555b01627e43 <unknown>\nE       #8 0x555b015f49a8 <unknown>\nE       #9 0x555b015f5621 <unknown>\nE       #10 0x555b01aff8b8 <unknown>\nE       #11 0x555b01b035e2 <unknown>\nE       #12 0x555b01ae6683 <unknown>\nE       #13 0x555b01b04135 <unknown>\nE       #14 0x555b01acb80f <unknown>\nE       #15 0x555b01b284c8 <unknown>\nE       #16 0x555b01b286a2 <unknown>\nE       #17 0x555b01b3adc3 <unknown>\nE       #18 0x7f4cffe9caa4 <unknown>\nE       #19 0x7f4cfff29c6c <unknown>\n\n/opt/hostedtoolcache/Python/3.12.3/x64/lib/python3.12/site-packages/selenium/webdriver/support/wait.py:95: TimeoutException",
    "steps" : [ {
      "name" : "Open a browser",
      "time" : {
        "start" : 1759109057431,
        "stop" : 1759109057685,
        "duration" : 254
      },
      "status" : "passed",
      "steps" : [ ],
      "attachments" : [ ],
      "parameters" : [ ],
      "stepsCount" : 0,
      "attachmentsCount" : 0,
      "shouldDisplayMessage" : false,
      "hasContent" : false
    }, {
      "name" : "Check the \"Pants\" link of the \"Women\" section",
      "time" : {
        "start" : 1759109057686,
        "stop" : 1759109062797,
        "duration" : 5111
      },
      "status" : "broken",
      "statusMessage" : "selenium.common.exceptions.TimeoutException: Message: \nStacktrace:\n#0 0x555b01b3bcba <unknown>\n#1 0x555b015b08e0 <unknown>\n#2 0x555b01602580 <unknown>\n#3 0x555b01602771 <unknown>\n#4 0x555b01650864 <unknown>\n#5 0x555b0162809d <unknown>\n#6 0x555b0164dc63 <unknown>\n#7 0x555b01627e43 <unknown>\n#8 0x555b015f49a8 <unknown>\n#9 0x555b015f5621 <unknown>\n#10 0x555b01aff8b8 <unknown>\n#11 0x555b01b035e2 <unknown>\n#12 0x555b01ae6683 <unknown>\n#13 0x555b01b04135 <unknown>\n#14 0x555b01acb80f <unknown>\n#15 0x555b01b284c8 <unknown>\n#16 0x555b01b286a2 <unknown>\n#17 0x555b01b3adc3 <unknown>\n#18 0x7f4cffe9caa4 <unknown>\n#19 0x7f4cfff29c6c <unknown>\n\n",
      "statusTrace" : "  File \"/opt/hostedtoolcache/Python/3.12.3/x64/lib/python3.12/site-packages/allure_commons/_allure.py\", line 192, in impl\n    return func(*a, **kw)\n           ^^^^^^^^^^^^^^\n  File \"/home/runner/work/luma_project/luma_project/pages/header_page.py\", line 406, in check_women_pants_subsection_link\n    self.action_move_to_element(self.element_is_visible(self.header_locators.WOMEN_SECTION))\n                                ^^^^^^^^^^^^^^^^^^^^^^^^^^^^^^^^^^^^^^^^^^^^^^^^^^^^^^^^^^^\n  File \"/opt/hostedtoolcache/Python/3.12.3/x64/lib/python3.12/site-packages/allure_commons/_allure.py\", line 192, in impl\n    return func(*a, **kw)\n           ^^^^^^^^^^^^^^\n  File \"/home/runner/work/luma_project/luma_project/pages/base_page.py\", line 30, in element_is_visible\n    self.go_to_element(self.element_is_present(locator))\n                       ^^^^^^^^^^^^^^^^^^^^^^^^^^^^^^^^\n  File \"/opt/hostedtoolcache/Python/3.12.3/x64/lib/python3.12/site-packages/allure_commons/_allure.py\", line 192, in impl\n    return func(*a, **kw)\n           ^^^^^^^^^^^^^^\n  File \"/home/runner/work/luma_project/luma_project/pages/base_page.py\", line 51, in element_is_present\n    return wait(self.driver, timeout).until(EC.presence_of_element_located(locator))\n           ^^^^^^^^^^^^^^^^^^^^^^^^^^^^^^^^^^^^^^^^^^^^^^^^^^^^^^^^^^^^^^^^^^^^^^^^^\n  File \"/opt/hostedtoolcache/Python/3.12.3/x64/lib/python3.12/site-packages/selenium/webdriver/support/wait.py\", line 95, in until\n    raise TimeoutException(message, screen, stacktrace)\n",
      "steps" : [ {
        "name" : "Find a visible element",
        "time" : {
          "start" : 1759109057686,
          "stop" : 1759109062797,
          "duration" : 5111
        },
        "status" : "broken",
        "statusMessage" : "selenium.common.exceptions.TimeoutException: Message: \nStacktrace:\n#0 0x555b01b3bcba <unknown>\n#1 0x555b015b08e0 <unknown>\n#2 0x555b01602580 <unknown>\n#3 0x555b01602771 <unknown>\n#4 0x555b01650864 <unknown>\n#5 0x555b0162809d <unknown>\n#6 0x555b0164dc63 <unknown>\n#7 0x555b01627e43 <unknown>\n#8 0x555b015f49a8 <unknown>\n#9 0x555b015f5621 <unknown>\n#10 0x555b01aff8b8 <unknown>\n#11 0x555b01b035e2 <unknown>\n#12 0x555b01ae6683 <unknown>\n#13 0x555b01b04135 <unknown>\n#14 0x555b01acb80f <unknown>\n#15 0x555b01b284c8 <unknown>\n#16 0x555b01b286a2 <unknown>\n#17 0x555b01b3adc3 <unknown>\n#18 0x7f4cffe9caa4 <unknown>\n#19 0x7f4cfff29c6c <unknown>\n\n",
        "statusTrace" : "  File \"/opt/hostedtoolcache/Python/3.12.3/x64/lib/python3.12/site-packages/allure_commons/_allure.py\", line 192, in impl\n    return func(*a, **kw)\n           ^^^^^^^^^^^^^^\n  File \"/home/runner/work/luma_project/luma_project/pages/base_page.py\", line 30, in element_is_visible\n    self.go_to_element(self.element_is_present(locator))\n                       ^^^^^^^^^^^^^^^^^^^^^^^^^^^^^^^^\n  File \"/opt/hostedtoolcache/Python/3.12.3/x64/lib/python3.12/site-packages/allure_commons/_allure.py\", line 192, in impl\n    return func(*a, **kw)\n           ^^^^^^^^^^^^^^\n  File \"/home/runner/work/luma_project/luma_project/pages/base_page.py\", line 51, in element_is_present\n    return wait(self.driver, timeout).until(EC.presence_of_element_located(locator))\n           ^^^^^^^^^^^^^^^^^^^^^^^^^^^^^^^^^^^^^^^^^^^^^^^^^^^^^^^^^^^^^^^^^^^^^^^^^\n  File \"/opt/hostedtoolcache/Python/3.12.3/x64/lib/python3.12/site-packages/selenium/webdriver/support/wait.py\", line 95, in until\n    raise TimeoutException(message, screen, stacktrace)\n",
        "steps" : [ {
          "name" : "Find a present element",
          "time" : {
            "start" : 1759109057686,
            "stop" : 1759109062797,
            "duration" : 5111
          },
          "status" : "broken",
          "statusMessage" : "selenium.common.exceptions.TimeoutException: Message: \nStacktrace:\n#0 0x555b01b3bcba <unknown>\n#1 0x555b015b08e0 <unknown>\n#2 0x555b01602580 <unknown>\n#3 0x555b01602771 <unknown>\n#4 0x555b01650864 <unknown>\n#5 0x555b0162809d <unknown>\n#6 0x555b0164dc63 <unknown>\n#7 0x555b01627e43 <unknown>\n#8 0x555b015f49a8 <unknown>\n#9 0x555b015f5621 <unknown>\n#10 0x555b01aff8b8 <unknown>\n#11 0x555b01b035e2 <unknown>\n#12 0x555b01ae6683 <unknown>\n#13 0x555b01b04135 <unknown>\n#14 0x555b01acb80f <unknown>\n#15 0x555b01b284c8 <unknown>\n#16 0x555b01b286a2 <unknown>\n#17 0x555b01b3adc3 <unknown>\n#18 0x7f4cffe9caa4 <unknown>\n#19 0x7f4cfff29c6c <unknown>\n\n",
          "statusTrace" : "  File \"/opt/hostedtoolcache/Python/3.12.3/x64/lib/python3.12/site-packages/allure_commons/_allure.py\", line 192, in impl\n    return func(*a, **kw)\n           ^^^^^^^^^^^^^^\n  File \"/home/runner/work/luma_project/luma_project/pages/base_page.py\", line 51, in element_is_present\n    return wait(self.driver, timeout).until(EC.presence_of_element_located(locator))\n           ^^^^^^^^^^^^^^^^^^^^^^^^^^^^^^^^^^^^^^^^^^^^^^^^^^^^^^^^^^^^^^^^^^^^^^^^^\n  File \"/opt/hostedtoolcache/Python/3.12.3/x64/lib/python3.12/site-packages/selenium/webdriver/support/wait.py\", line 95, in until\n    raise TimeoutException(message, screen, stacktrace)\n",
          "steps" : [ ],
          "attachments" : [ ],
          "parameters" : [ {
            "name" : "locator",
            "value" : "('xpath', \"(//a[@id='ui-id-4'])[1]\")"
          }, {
            "name" : "timeout",
            "value" : "5"
          } ],
          "stepsCount" : 0,
          "attachmentsCount" : 0,
          "shouldDisplayMessage" : true,
          "hasContent" : true
        } ],
        "attachments" : [ ],
        "parameters" : [ {
          "name" : "locator",
          "value" : "('xpath', \"(//a[@id='ui-id-4'])[1]\")"
        }, {
          "name" : "timeout",
          "value" : "10"
        } ],
        "stepsCount" : 1,
        "attachmentsCount" : 0,
        "shouldDisplayMessage" : false,
        "hasContent" : true
      } ],
      "attachments" : [ ],
      "parameters" : [ ],
      "stepsCount" : 2,
      "attachmentsCount" : 0,
      "shouldDisplayMessage" : false,
      "hasContent" : true
    } ],
    "attachments" : [ {
      "uid" : "8e117172a9d78a6d",
      "name" : "Screenshot",
      "source" : "8e117172a9d78a6d.png",
      "type" : "image/png",
      "size" : 23875
    }, {
      "uid" : "4c612456b28eb743",
      "name" : "HTML source",
      "source" : "4c612456b28eb743.html",
      "type" : "text/html",
      "size" : 786
    } ],
    "parameters" : [ ],
    "stepsCount" : 4,
    "attachmentsCount" : 2,
    "shouldDisplayMessage" : true,
    "hasContent" : true
  },
  "afterStages" : [ {
    "name" : "driver::0",
    "time" : {
      "start" : 1759109062884,
      "stop" : 1759109062945,
      "duration" : 61
    },
    "status" : "passed",
    "steps" : [ ],
    "attachments" : [ ],
    "parameters" : [ ],
    "stepsCount" : 0,
    "attachmentsCount" : 0,
    "shouldDisplayMessage" : false,
    "hasContent" : false
  }, {
    "name" : "clear_allure_result_folder::0",
    "time" : {
      "start" : 1759110554884,
      "stop" : 1759110554884,
      "duration" : 0
    },
    "status" : "passed",
    "steps" : [ ],
    "attachments" : [ ],
    "parameters" : [ ],
    "stepsCount" : 0,
    "attachmentsCount" : 0,
    "shouldDisplayMessage" : false,
    "hasContent" : false
  } ],
  "labels" : [ {
    "name" : "epic",
    "value" : "Test Header"
  }, {
    "name" : "parentSuite",
    "value" : "tests"
  }, {
    "name" : "suite",
    "value" : "test_header"
  }, {
    "name" : "subSuite",
    "value" : "TestHeader"
  }, {
    "name" : "host",
    "value" : "runnervm3ublj"
  }, {
    "name" : "thread",
    "value" : "3001-MainThread"
  }, {
    "name" : "framework",
    "value" : "pytest"
  }, {
    "name" : "language",
    "value" : "cpython3"
  }, {
    "name" : "package",
    "value" : "tests.test_header"
  }, {
    "name" : "resultFormat",
    "value" : "allure2"
  } ],
  "parameters" : [ ],
  "links" : [ ],
  "hidden" : false,
  "retry" : false,
  "extra" : {
    "severity" : "normal",
    "retries" : [ ],
    "categories" : [ {
      "name" : "Test defects",
      "matchedStatuses" : [ ],
      "flaky" : false
    } ],
    "tags" : [ ]
  },
  "source" : "95220f61e5c0655d.json",
  "parameterValues" : [ ]
}