{
  "uid" : "9b0a50c73a76603b",
  "name" : "TC 16.01.03 Verify Sidebar title Video Download is visible and contains text 'Video Download'",
  "fullName" : "tests.test_training.TestTrainingSidebar#test_tc_16_01_03_check_sidebar_video_download_title",
  "historyId" : "8f7b8593a3c286dc866848aa8c14bb94",
  "time" : {
    "start" : 1759110441332,
    "stop" : 1759110446431,
    "duration" : 5099
  },
  "description" : "Check Sidebar Video Download title has correct text and is visible",
  "descriptionHtml" : "<p>Check Sidebar Video Download title has correct text and is visible</p>\n",
  "status" : "broken",
  "statusMessage" : "selenium.common.exceptions.TimeoutException: Message: \nStacktrace:\n#0 0x55663f429cba <unknown>\n#1 0x55663ee9e8e0 <unknown>\n#2 0x55663eef0580 <unknown>\n#3 0x55663eef0771 <unknown>\n#4 0x55663ef3e864 <unknown>\n#5 0x55663ef1609d <unknown>\n#6 0x55663ef3bc63 <unknown>\n#7 0x55663ef15e43 <unknown>\n#8 0x55663eee29a8 <unknown>\n#9 0x55663eee3621 <unknown>\n#10 0x55663f3ed8b8 <unknown>\n#11 0x55663f3f15e2 <unknown>\n#12 0x55663f3d4683 <unknown>\n#13 0x55663f3f2135 <unknown>\n#14 0x55663f3b980f <unknown>\n#15 0x55663f4164c8 <unknown>\n#16 0x55663f4166a2 <unknown>\n#17 0x55663f428dc3 <unknown>\n#18 0x7f276f49caa4 <unknown>\n#19 0x7f276f529c6c <unknown>",
  "statusTrace" : "self = <test_training.TestMainPage.TestTrainingSidebar object at 0x7f0da855b3b0>\ntraining_page = <pages.training_page.TrainingPage object at 0x7f0da7fb2030>\n\n    @allure.title(\"TC 16.01.03 Verify Sidebar title Video Download is visible and contains text 'Video Download'\")\n    def test_tc_16_01_03_check_sidebar_video_download_title(self, training_page):\n        \"\"\"Check Sidebar Video Download title has correct text and is visible\"\"\"\n>       title = training_page.check_sidebar_panel_video_download()\n\ntests/test_training.py:36: \n_ _ _ _ _ _ _ _ _ _ _ _ _ _ _ _ _ _ _ _ _ _ _ _ _ _ _ _ _ _ _ _ _ _ _ _ _ _ _ _ \npages/training_page.py:28: in check_sidebar_panel_video_download\n    video_download = self.element_is_visible(self.locators.VIDEO_DOWNLOAD)\npages/base_page.py:30: in element_is_visible\n    self.go_to_element(self.element_is_present(locator))\npages/base_page.py:51: in element_is_present\n    return wait(self.driver, timeout).until(EC.presence_of_element_located(locator))\n_ _ _ _ _ _ _ _ _ _ _ _ _ _ _ _ _ _ _ _ _ _ _ _ _ _ _ _ _ _ _ _ _ _ _ _ _ _ _ _ \n\nself = <selenium.webdriver.support.wait.WebDriverWait (session=\"6160024830a543ff2818d4c979028d6a\")>\nmethod = <function presence_of_element_located.<locals>._predicate at 0x7f0da7ec0540>\nmessage = ''\n\n    def until(self, method, message: str = \"\"):\n        \"\"\"Calls the method provided with the driver as an argument until the \\\n        return value does not evaluate to ``False``.\n    \n        :param method: callable(WebDriver)\n        :param message: optional message for :exc:`TimeoutException`\n        :returns: the result of the last call to `method`\n        :raises: :exc:`selenium.common.exceptions.TimeoutException` if timeout occurs\n        \"\"\"\n        screen = None\n        stacktrace = None\n    \n        end_time = time.monotonic() + self._timeout\n        while True:\n            try:\n                value = method(self._driver)\n                if value:\n                    return value\n            except self._ignored_exceptions as exc:\n                screen = getattr(exc, \"screen\", None)\n                stacktrace = getattr(exc, \"stacktrace\", None)\n            time.sleep(self._poll)\n            if time.monotonic() > end_time:\n                break\n>       raise TimeoutException(message, screen, stacktrace)\nE       selenium.common.exceptions.TimeoutException: Message: \nE       Stacktrace:\nE       #0 0x55663f429cba <unknown>\nE       #1 0x55663ee9e8e0 <unknown>\nE       #2 0x55663eef0580 <unknown>\nE       #3 0x55663eef0771 <unknown>\nE       #4 0x55663ef3e864 <unknown>\nE       #5 0x55663ef1609d <unknown>\nE       #6 0x55663ef3bc63 <unknown>\nE       #7 0x55663ef15e43 <unknown>\nE       #8 0x55663eee29a8 <unknown>\nE       #9 0x55663eee3621 <unknown>\nE       #10 0x55663f3ed8b8 <unknown>\nE       #11 0x55663f3f15e2 <unknown>\nE       #12 0x55663f3d4683 <unknown>\nE       #13 0x55663f3f2135 <unknown>\nE       #14 0x55663f3b980f <unknown>\nE       #15 0x55663f4164c8 <unknown>\nE       #16 0x55663f4166a2 <unknown>\nE       #17 0x55663f428dc3 <unknown>\nE       #18 0x7f276f49caa4 <unknown>\nE       #19 0x7f276f529c6c <unknown>\n\n/opt/hostedtoolcache/Python/3.12.3/x64/lib/python3.12/site-packages/selenium/webdriver/support/wait.py:95: TimeoutException",
  "flaky" : false,
  "newFailed" : false,
  "beforeStages" : [ {
    "name" : "training_page",
    "time" : {
      "start" : 1759110441040,
      "stop" : 1759110441332,
      "duration" : 292
    },
    "status" : "passed",
    "steps" : [ {
      "name" : "Open a browser",
      "time" : {
        "start" : 1759110441040,
        "stop" : 1759110441332,
        "duration" : 292
      },
      "status" : "passed",
      "steps" : [ ],
      "attachments" : [ ],
      "parameters" : [ ],
      "stepsCount" : 0,
      "attachmentsCount" : 0,
      "shouldDisplayMessage" : false,
      "hasContent" : false
    } ],
    "attachments" : [ ],
    "parameters" : [ ],
    "stepsCount" : 1,
    "attachmentsCount" : 0,
    "shouldDisplayMessage" : false,
    "hasContent" : true
  }, {
    "name" : "clear_allure_result_folder",
    "time" : {
      "start" : 1759108091635,
      "stop" : 1759108091636,
      "duration" : 1
    },
    "status" : "passed",
    "steps" : [ ],
    "attachments" : [ ],
    "parameters" : [ ],
    "stepsCount" : 0,
    "attachmentsCount" : 0,
    "shouldDisplayMessage" : false,
    "hasContent" : false
  }, {
    "name" : "driver",
    "time" : {
      "start" : 1759110439793,
      "stop" : 1759110441040,
      "duration" : 1247
    },
    "status" : "passed",
    "steps" : [ ],
    "attachments" : [ ],
    "parameters" : [ ],
    "stepsCount" : 0,
    "attachmentsCount" : 0,
    "shouldDisplayMessage" : false,
    "hasContent" : false
  }, {
    "name" : "_session_faker",
    "time" : {
      "start" : 1759108091552,
      "stop" : 1759108091635,
      "duration" : 83
    },
    "status" : "passed",
    "steps" : [ ],
    "attachments" : [ ],
    "parameters" : [ ],
    "stepsCount" : 0,
    "attachmentsCount" : 0,
    "shouldDisplayMessage" : false,
    "hasContent" : false
  } ],
  "testStage" : {
    "description" : "Check Sidebar Video Download title has correct text and is visible",
    "status" : "broken",
    "statusMessage" : "selenium.common.exceptions.TimeoutException: Message: \nStacktrace:\n#0 0x55663f429cba <unknown>\n#1 0x55663ee9e8e0 <unknown>\n#2 0x55663eef0580 <unknown>\n#3 0x55663eef0771 <unknown>\n#4 0x55663ef3e864 <unknown>\n#5 0x55663ef1609d <unknown>\n#6 0x55663ef3bc63 <unknown>\n#7 0x55663ef15e43 <unknown>\n#8 0x55663eee29a8 <unknown>\n#9 0x55663eee3621 <unknown>\n#10 0x55663f3ed8b8 <unknown>\n#11 0x55663f3f15e2 <unknown>\n#12 0x55663f3d4683 <unknown>\n#13 0x55663f3f2135 <unknown>\n#14 0x55663f3b980f <unknown>\n#15 0x55663f4164c8 <unknown>\n#16 0x55663f4166a2 <unknown>\n#17 0x55663f428dc3 <unknown>\n#18 0x7f276f49caa4 <unknown>\n#19 0x7f276f529c6c <unknown>",
    "statusTrace" : "self = <test_training.TestMainPage.TestTrainingSidebar object at 0x7f0da855b3b0>\ntraining_page = <pages.training_page.TrainingPage object at 0x7f0da7fb2030>\n\n    @allure.title(\"TC 16.01.03 Verify Sidebar title Video Download is visible and contains text 'Video Download'\")\n    def test_tc_16_01_03_check_sidebar_video_download_title(self, training_page):\n        \"\"\"Check Sidebar Video Download title has correct text and is visible\"\"\"\n>       title = training_page.check_sidebar_panel_video_download()\n\ntests/test_training.py:36: \n_ _ _ _ _ _ _ _ _ _ _ _ _ _ _ _ _ _ _ _ _ _ _ _ _ _ _ _ _ _ _ _ _ _ _ _ _ _ _ _ \npages/training_page.py:28: in check_sidebar_panel_video_download\n    video_download = self.element_is_visible(self.locators.VIDEO_DOWNLOAD)\npages/base_page.py:30: in element_is_visible\n    self.go_to_element(self.element_is_present(locator))\npages/base_page.py:51: in element_is_present\n    return wait(self.driver, timeout).until(EC.presence_of_element_located(locator))\n_ _ _ _ _ _ _ _ _ _ _ _ _ _ _ _ _ _ _ _ _ _ _ _ _ _ _ _ _ _ _ _ _ _ _ _ _ _ _ _ \n\nself = <selenium.webdriver.support.wait.WebDriverWait (session=\"6160024830a543ff2818d4c979028d6a\")>\nmethod = <function presence_of_element_located.<locals>._predicate at 0x7f0da7ec0540>\nmessage = ''\n\n    def until(self, method, message: str = \"\"):\n        \"\"\"Calls the method provided with the driver as an argument until the \\\n        return value does not evaluate to ``False``.\n    \n        :param method: callable(WebDriver)\n        :param message: optional message for :exc:`TimeoutException`\n        :returns: the result of the last call to `method`\n        :raises: :exc:`selenium.common.exceptions.TimeoutException` if timeout occurs\n        \"\"\"\n        screen = None\n        stacktrace = None\n    \n        end_time = time.monotonic() + self._timeout\n        while True:\n            try:\n                value = method(self._driver)\n                if value:\n                    return value\n            except self._ignored_exceptions as exc:\n                screen = getattr(exc, \"screen\", None)\n                stacktrace = getattr(exc, \"stacktrace\", None)\n            time.sleep(self._poll)\n            if time.monotonic() > end_time:\n                break\n>       raise TimeoutException(message, screen, stacktrace)\nE       selenium.common.exceptions.TimeoutException: Message: \nE       Stacktrace:\nE       #0 0x55663f429cba <unknown>\nE       #1 0x55663ee9e8e0 <unknown>\nE       #2 0x55663eef0580 <unknown>\nE       #3 0x55663eef0771 <unknown>\nE       #4 0x55663ef3e864 <unknown>\nE       #5 0x55663ef1609d <unknown>\nE       #6 0x55663ef3bc63 <unknown>\nE       #7 0x55663ef15e43 <unknown>\nE       #8 0x55663eee29a8 <unknown>\nE       #9 0x55663eee3621 <unknown>\nE       #10 0x55663f3ed8b8 <unknown>\nE       #11 0x55663f3f15e2 <unknown>\nE       #12 0x55663f3d4683 <unknown>\nE       #13 0x55663f3f2135 <unknown>\nE       #14 0x55663f3b980f <unknown>\nE       #15 0x55663f4164c8 <unknown>\nE       #16 0x55663f4166a2 <unknown>\nE       #17 0x55663f428dc3 <unknown>\nE       #18 0x7f276f49caa4 <unknown>\nE       #19 0x7f276f529c6c <unknown>\n\n/opt/hostedtoolcache/Python/3.12.3/x64/lib/python3.12/site-packages/selenium/webdriver/support/wait.py:95: TimeoutException",
    "steps" : [ {
      "name" : "Check the Sidebar Video Download is visible and contains text \"Video Download\"",
      "time" : {
        "start" : 1759110441332,
        "stop" : 1759110446430,
        "duration" : 5098
      },
      "status" : "broken",
      "statusMessage" : "selenium.common.exceptions.TimeoutException: Message: \nStacktrace:\n#0 0x55663f429cba <unknown>\n#1 0x55663ee9e8e0 <unknown>\n#2 0x55663eef0580 <unknown>\n#3 0x55663eef0771 <unknown>\n#4 0x55663ef3e864 <unknown>\n#5 0x55663ef1609d <unknown>\n#6 0x55663ef3bc63 <unknown>\n#7 0x55663ef15e43 <unknown>\n#8 0x55663eee29a8 <unknown>\n#9 0x55663eee3621 <unknown>\n#10 0x55663f3ed8b8 <unknown>\n#11 0x55663f3f15e2 <unknown>\n#12 0x55663f3d4683 <unknown>\n#13 0x55663f3f2135 <unknown>\n#14 0x55663f3b980f <unknown>\n#15 0x55663f4164c8 <unknown>\n#16 0x55663f4166a2 <unknown>\n#17 0x55663f428dc3 <unknown>\n#18 0x7f276f49caa4 <unknown>\n#19 0x7f276f529c6c <unknown>\n\n",
      "statusTrace" : "  File \"/opt/hostedtoolcache/Python/3.12.3/x64/lib/python3.12/site-packages/allure_commons/_allure.py\", line 192, in impl\n    return func(*a, **kw)\n           ^^^^^^^^^^^^^^\n  File \"/home/runner/work/luma_project/luma_project/pages/training_page.py\", line 28, in check_sidebar_panel_video_download\n    video_download = self.element_is_visible(self.locators.VIDEO_DOWNLOAD)\n                     ^^^^^^^^^^^^^^^^^^^^^^^^^^^^^^^^^^^^^^^^^^^^^^^^^^^^^\n  File \"/opt/hostedtoolcache/Python/3.12.3/x64/lib/python3.12/site-packages/allure_commons/_allure.py\", line 192, in impl\n    return func(*a, **kw)\n           ^^^^^^^^^^^^^^\n  File \"/home/runner/work/luma_project/luma_project/pages/base_page.py\", line 30, in element_is_visible\n    self.go_to_element(self.element_is_present(locator))\n                       ^^^^^^^^^^^^^^^^^^^^^^^^^^^^^^^^\n  File \"/opt/hostedtoolcache/Python/3.12.3/x64/lib/python3.12/site-packages/allure_commons/_allure.py\", line 192, in impl\n    return func(*a, **kw)\n           ^^^^^^^^^^^^^^\n  File \"/home/runner/work/luma_project/luma_project/pages/base_page.py\", line 51, in element_is_present\n    return wait(self.driver, timeout).until(EC.presence_of_element_located(locator))\n           ^^^^^^^^^^^^^^^^^^^^^^^^^^^^^^^^^^^^^^^^^^^^^^^^^^^^^^^^^^^^^^^^^^^^^^^^^\n  File \"/opt/hostedtoolcache/Python/3.12.3/x64/lib/python3.12/site-packages/selenium/webdriver/support/wait.py\", line 95, in until\n    raise TimeoutException(message, screen, stacktrace)\n",
      "steps" : [ {
        "name" : "Find a visible element",
        "time" : {
          "start" : 1759110441333,
          "stop" : 1759110446430,
          "duration" : 5097
        },
        "status" : "broken",
        "statusMessage" : "selenium.common.exceptions.TimeoutException: Message: \nStacktrace:\n#0 0x55663f429cba <unknown>\n#1 0x55663ee9e8e0 <unknown>\n#2 0x55663eef0580 <unknown>\n#3 0x55663eef0771 <unknown>\n#4 0x55663ef3e864 <unknown>\n#5 0x55663ef1609d <unknown>\n#6 0x55663ef3bc63 <unknown>\n#7 0x55663ef15e43 <unknown>\n#8 0x55663eee29a8 <unknown>\n#9 0x55663eee3621 <unknown>\n#10 0x55663f3ed8b8 <unknown>\n#11 0x55663f3f15e2 <unknown>\n#12 0x55663f3d4683 <unknown>\n#13 0x55663f3f2135 <unknown>\n#14 0x55663f3b980f <unknown>\n#15 0x55663f4164c8 <unknown>\n#16 0x55663f4166a2 <unknown>\n#17 0x55663f428dc3 <unknown>\n#18 0x7f276f49caa4 <unknown>\n#19 0x7f276f529c6c <unknown>\n\n",
        "statusTrace" : "  File \"/opt/hostedtoolcache/Python/3.12.3/x64/lib/python3.12/site-packages/allure_commons/_allure.py\", line 192, in impl\n    return func(*a, **kw)\n           ^^^^^^^^^^^^^^\n  File \"/home/runner/work/luma_project/luma_project/pages/base_page.py\", line 30, in element_is_visible\n    self.go_to_element(self.element_is_present(locator))\n                       ^^^^^^^^^^^^^^^^^^^^^^^^^^^^^^^^\n  File \"/opt/hostedtoolcache/Python/3.12.3/x64/lib/python3.12/site-packages/allure_commons/_allure.py\", line 192, in impl\n    return func(*a, **kw)\n           ^^^^^^^^^^^^^^\n  File \"/home/runner/work/luma_project/luma_project/pages/base_page.py\", line 51, in element_is_present\n    return wait(self.driver, timeout).until(EC.presence_of_element_located(locator))\n           ^^^^^^^^^^^^^^^^^^^^^^^^^^^^^^^^^^^^^^^^^^^^^^^^^^^^^^^^^^^^^^^^^^^^^^^^^\n  File \"/opt/hostedtoolcache/Python/3.12.3/x64/lib/python3.12/site-packages/selenium/webdriver/support/wait.py\", line 95, in until\n    raise TimeoutException(message, screen, stacktrace)\n",
        "steps" : [ {
          "name" : "Find a present element",
          "time" : {
            "start" : 1759110441333,
            "stop" : 1759110446429,
            "duration" : 5096
          },
          "status" : "broken",
          "statusMessage" : "selenium.common.exceptions.TimeoutException: Message: \nStacktrace:\n#0 0x55663f429cba <unknown>\n#1 0x55663ee9e8e0 <unknown>\n#2 0x55663eef0580 <unknown>\n#3 0x55663eef0771 <unknown>\n#4 0x55663ef3e864 <unknown>\n#5 0x55663ef1609d <unknown>\n#6 0x55663ef3bc63 <unknown>\n#7 0x55663ef15e43 <unknown>\n#8 0x55663eee29a8 <unknown>\n#9 0x55663eee3621 <unknown>\n#10 0x55663f3ed8b8 <unknown>\n#11 0x55663f3f15e2 <unknown>\n#12 0x55663f3d4683 <unknown>\n#13 0x55663f3f2135 <unknown>\n#14 0x55663f3b980f <unknown>\n#15 0x55663f4164c8 <unknown>\n#16 0x55663f4166a2 <unknown>\n#17 0x55663f428dc3 <unknown>\n#18 0x7f276f49caa4 <unknown>\n#19 0x7f276f529c6c <unknown>\n\n",
          "statusTrace" : "  File \"/opt/hostedtoolcache/Python/3.12.3/x64/lib/python3.12/site-packages/allure_commons/_allure.py\", line 192, in impl\n    return func(*a, **kw)\n           ^^^^^^^^^^^^^^\n  File \"/home/runner/work/luma_project/luma_project/pages/base_page.py\", line 51, in element_is_present\n    return wait(self.driver, timeout).until(EC.presence_of_element_located(locator))\n           ^^^^^^^^^^^^^^^^^^^^^^^^^^^^^^^^^^^^^^^^^^^^^^^^^^^^^^^^^^^^^^^^^^^^^^^^^\n  File \"/opt/hostedtoolcache/Python/3.12.3/x64/lib/python3.12/site-packages/selenium/webdriver/support/wait.py\", line 95, in until\n    raise TimeoutException(message, screen, stacktrace)\n",
          "steps" : [ ],
          "attachments" : [ ],
          "parameters" : [ {
            "name" : "locator",
            "value" : "('xpath', '//*[@id=\"narrow-by-list2\"]/dd/ol/li/a')"
          }, {
            "name" : "timeout",
            "value" : "5"
          } ],
          "stepsCount" : 0,
          "attachmentsCount" : 0,
          "shouldDisplayMessage" : true,
          "hasContent" : true
        } ],
        "attachments" : [ ],
        "parameters" : [ {
          "name" : "locator",
          "value" : "('xpath', '//*[@id=\"narrow-by-list2\"]/dd/ol/li/a')"
        }, {
          "name" : "timeout",
          "value" : "10"
        } ],
        "stepsCount" : 1,
        "attachmentsCount" : 0,
        "shouldDisplayMessage" : false,
        "hasContent" : true
      } ],
      "attachments" : [ ],
      "parameters" : [ ],
      "stepsCount" : 2,
      "attachmentsCount" : 0,
      "shouldDisplayMessage" : false,
      "hasContent" : true
    } ],
    "attachments" : [ {
      "uid" : "39ded4925d06107a",
      "name" : "Screenshot",
      "source" : "39ded4925d06107a.png",
      "type" : "image/png",
      "size" : 23875
    }, {
      "uid" : "9713e236786166e2",
      "name" : "HTML source",
      "source" : "9713e236786166e2.html",
      "type" : "text/html",
      "size" : 786
    } ],
    "parameters" : [ ],
    "stepsCount" : 3,
    "attachmentsCount" : 2,
    "shouldDisplayMessage" : true,
    "hasContent" : true
  },
  "afterStages" : [ {
    "name" : "clear_allure_result_folder::0",
    "time" : {
      "start" : 1759110554884,
      "stop" : 1759110554884,
      "duration" : 0
    },
    "status" : "passed",
    "steps" : [ ],
    "attachments" : [ ],
    "parameters" : [ ],
    "stepsCount" : 0,
    "attachmentsCount" : 0,
    "shouldDisplayMessage" : false,
    "hasContent" : false
  }, {
    "name" : "driver::0",
    "time" : {
      "start" : 1759110446529,
      "stop" : 1759110446593,
      "duration" : 64
    },
    "status" : "passed",
    "steps" : [ ],
    "attachments" : [ ],
    "parameters" : [ ],
    "stepsCount" : 0,
    "attachmentsCount" : 0,
    "shouldDisplayMessage" : false,
    "hasContent" : false
  } ],
  "labels" : [ {
    "name" : "feature",
    "value" : "Testing Training Page Sidebar"
  }, {
    "name" : "epic",
    "value" : "Training Page"
  }, {
    "name" : "parentSuite",
    "value" : "tests"
  }, {
    "name" : "suite",
    "value" : "test_training"
  }, {
    "name" : "subSuite",
    "value" : "TestMainPage"
  }, {
    "name" : "host",
    "value" : "runnervm3ublj"
  }, {
    "name" : "thread",
    "value" : "3001-MainThread"
  }, {
    "name" : "framework",
    "value" : "pytest"
  }, {
    "name" : "language",
    "value" : "cpython3"
  }, {
    "name" : "package",
    "value" : "tests.test_training"
  }, {
    "name" : "resultFormat",
    "value" : "allure2"
  } ],
  "parameters" : [ ],
  "links" : [ ],
  "hidden" : false,
  "retry" : false,
  "extra" : {
    "severity" : "normal",
    "retries" : [ ],
    "categories" : [ {
      "name" : "Test defects",
      "matchedStatuses" : [ ],
      "flaky" : false
    } ],
    "tags" : [ ]
  },
  "source" : "9b0a50c73a76603b.json",
  "parameterValues" : [ ]
}