{
  "uid" : "9c51afa975dcabbf",
  "name" : "TC 10.04.04 - Verify that the Men's Deals contains an image",
  "fullName" : "tests.test_sale.TestPromoBlocks#test_tc_10_04_04",
  "historyId" : "5e83bde2404b6ec03270854d0abb68bd",
  "time" : {
    "start" : 1757295541583,
    "stop" : 1757295546698,
    "duration" : 5115
  },
  "description" : "Check img existence of Men's Deals section",
  "descriptionHtml" : "<p>Check img existence of Men's Deals section</p>\n",
  "status" : "broken",
  "statusMessage" : "selenium.common.exceptions.TimeoutException: Message: \nStacktrace:\n#0 0x55f7dcaa508a <unknown>\n#1 0x55f7dc544a70 <unknown>\n#2 0x55f7dc596907 <unknown>\n#3 0x55f7dc596b01 <unknown>\n#4 0x55f7dc5e4d54 <unknown>\n#5 0x55f7dc5bc40d <unknown>\n#6 0x55f7dc5e214f <unknown>\n#7 0x55f7dc5bc1b3 <unknown>\n#8 0x55f7dc58859b <unknown>\n#9 0x55f7dc589971 <unknown>\n#10 0x55f7dca6a25b <unknown>\n#11 0x55f7dca6dfa9 <unknown>\n#12 0x55f7dca51339 <unknown>\n#13 0x55f7dca6eb58 <unknown>\n#14 0x55f7dca35c1f <unknown>\n#15 0x55f7dca92118 <unknown>\n#16 0x55f7dca922f6 <unknown>\n#17 0x55f7dcaa4066 <unknown>\n#18 0x7f9e39e9caa4 <unknown>\n#19 0x7f9e39f29c3c <unknown>",
  "statusTrace" : "self = <test_sale.TestSalePage.TestPromoBlocks object at 0x7f430ec7f890>\nsale_page = <pages.sale_page.SalePage object at 0x7f430eb5b290>\n\n    @allure.title(\"TC 10.04.04 - Verify that the Men's Deals contains an image\")\n    def test_tc_10_04_04(self, sale_page):\n        \"\"\"Check img existence of Men's Deals section\"\"\"\n>       img = sale_page.check_img_in_men_block()\n\ntests/test_sale.py:142: \n_ _ _ _ _ _ _ _ _ _ _ _ _ _ _ _ _ _ _ _ _ _ _ _ _ _ _ _ _ _ _ _ _ _ _ _ _ _ _ _ \npages/sale_page.py:37: in check_img_in_men_block\n    img = self.element_is_visible(self.promo_blocks_locators.SALE_MEN_IMG)\npages/base_page.py:30: in element_is_visible\n    self.go_to_element(self.element_is_present(locator))\npages/base_page.py:51: in element_is_present\n    return wait(self.driver, timeout).until(EC.presence_of_element_located(locator))\n_ _ _ _ _ _ _ _ _ _ _ _ _ _ _ _ _ _ _ _ _ _ _ _ _ _ _ _ _ _ _ _ _ _ _ _ _ _ _ _ \n\nself = <selenium.webdriver.support.wait.WebDriverWait (session=\"a89c7e6ad9ed536ef88f90e514ba2b12\")>\nmethod = <function presence_of_element_located.<locals>._predicate at 0x7f430e896520>\nmessage = ''\n\n    def until(self, method, message: str = \"\"):\n        \"\"\"Calls the method provided with the driver as an argument until the \\\n        return value does not evaluate to ``False``.\n    \n        :param method: callable(WebDriver)\n        :param message: optional message for :exc:`TimeoutException`\n        :returns: the result of the last call to `method`\n        :raises: :exc:`selenium.common.exceptions.TimeoutException` if timeout occurs\n        \"\"\"\n        screen = None\n        stacktrace = None\n    \n        end_time = time.monotonic() + self._timeout\n        while True:\n            try:\n                value = method(self._driver)\n                if value:\n                    return value\n            except self._ignored_exceptions as exc:\n                screen = getattr(exc, \"screen\", None)\n                stacktrace = getattr(exc, \"stacktrace\", None)\n            time.sleep(self._poll)\n            if time.monotonic() > end_time:\n                break\n>       raise TimeoutException(message, screen, stacktrace)\nE       selenium.common.exceptions.TimeoutException: Message: \nE       Stacktrace:\nE       #0 0x55f7dcaa508a <unknown>\nE       #1 0x55f7dc544a70 <unknown>\nE       #2 0x55f7dc596907 <unknown>\nE       #3 0x55f7dc596b01 <unknown>\nE       #4 0x55f7dc5e4d54 <unknown>\nE       #5 0x55f7dc5bc40d <unknown>\nE       #6 0x55f7dc5e214f <unknown>\nE       #7 0x55f7dc5bc1b3 <unknown>\nE       #8 0x55f7dc58859b <unknown>\nE       #9 0x55f7dc589971 <unknown>\nE       #10 0x55f7dca6a25b <unknown>\nE       #11 0x55f7dca6dfa9 <unknown>\nE       #12 0x55f7dca51339 <unknown>\nE       #13 0x55f7dca6eb58 <unknown>\nE       #14 0x55f7dca35c1f <unknown>\nE       #15 0x55f7dca92118 <unknown>\nE       #16 0x55f7dca922f6 <unknown>\nE       #17 0x55f7dcaa4066 <unknown>\nE       #18 0x7f9e39e9caa4 <unknown>\nE       #19 0x7f9e39f29c3c <unknown>\n\n/opt/hostedtoolcache/Python/3.12.3/x64/lib/python3.12/site-packages/selenium/webdriver/support/wait.py:95: TimeoutException",
  "flaky" : false,
  "newFailed" : false,
  "beforeStages" : [ {
    "name" : "_session_faker",
    "time" : {
      "start" : 1757293755437,
      "stop" : 1757293755504,
      "duration" : 67
    },
    "status" : "passed",
    "steps" : [ ],
    "attachments" : [ ],
    "parameters" : [ ],
    "stepsCount" : 0,
    "attachmentsCount" : 0,
    "shouldDisplayMessage" : false,
    "hasContent" : false
  }, {
    "name" : "driver",
    "time" : {
      "start" : 1757295540104,
      "stop" : 1757295541338,
      "duration" : 1234
    },
    "status" : "passed",
    "steps" : [ ],
    "attachments" : [ ],
    "parameters" : [ ],
    "stepsCount" : 0,
    "attachmentsCount" : 0,
    "shouldDisplayMessage" : false,
    "hasContent" : false
  }, {
    "name" : "sale_page",
    "time" : {
      "start" : 1757295541339,
      "stop" : 1757295541583,
      "duration" : 244
    },
    "status" : "passed",
    "steps" : [ {
      "name" : "Open a browser",
      "time" : {
        "start" : 1757295541339,
        "stop" : 1757295541582,
        "duration" : 243
      },
      "status" : "passed",
      "steps" : [ ],
      "attachments" : [ ],
      "parameters" : [ ],
      "stepsCount" : 0,
      "attachmentsCount" : 0,
      "shouldDisplayMessage" : false,
      "hasContent" : false
    } ],
    "attachments" : [ ],
    "parameters" : [ ],
    "stepsCount" : 1,
    "attachmentsCount" : 0,
    "shouldDisplayMessage" : false,
    "hasContent" : true
  }, {
    "name" : "clear_allure_result_folder",
    "time" : {
      "start" : 1757293755504,
      "stop" : 1757293755504,
      "duration" : 0
    },
    "status" : "passed",
    "steps" : [ ],
    "attachments" : [ ],
    "parameters" : [ ],
    "stepsCount" : 0,
    "attachmentsCount" : 0,
    "shouldDisplayMessage" : false,
    "hasContent" : false
  } ],
  "testStage" : {
    "description" : "Check img existence of Men's Deals section",
    "status" : "broken",
    "statusMessage" : "selenium.common.exceptions.TimeoutException: Message: \nStacktrace:\n#0 0x55f7dcaa508a <unknown>\n#1 0x55f7dc544a70 <unknown>\n#2 0x55f7dc596907 <unknown>\n#3 0x55f7dc596b01 <unknown>\n#4 0x55f7dc5e4d54 <unknown>\n#5 0x55f7dc5bc40d <unknown>\n#6 0x55f7dc5e214f <unknown>\n#7 0x55f7dc5bc1b3 <unknown>\n#8 0x55f7dc58859b <unknown>\n#9 0x55f7dc589971 <unknown>\n#10 0x55f7dca6a25b <unknown>\n#11 0x55f7dca6dfa9 <unknown>\n#12 0x55f7dca51339 <unknown>\n#13 0x55f7dca6eb58 <unknown>\n#14 0x55f7dca35c1f <unknown>\n#15 0x55f7dca92118 <unknown>\n#16 0x55f7dca922f6 <unknown>\n#17 0x55f7dcaa4066 <unknown>\n#18 0x7f9e39e9caa4 <unknown>\n#19 0x7f9e39f29c3c <unknown>",
    "statusTrace" : "self = <test_sale.TestSalePage.TestPromoBlocks object at 0x7f430ec7f890>\nsale_page = <pages.sale_page.SalePage object at 0x7f430eb5b290>\n\n    @allure.title(\"TC 10.04.04 - Verify that the Men's Deals contains an image\")\n    def test_tc_10_04_04(self, sale_page):\n        \"\"\"Check img existence of Men's Deals section\"\"\"\n>       img = sale_page.check_img_in_men_block()\n\ntests/test_sale.py:142: \n_ _ _ _ _ _ _ _ _ _ _ _ _ _ _ _ _ _ _ _ _ _ _ _ _ _ _ _ _ _ _ _ _ _ _ _ _ _ _ _ \npages/sale_page.py:37: in check_img_in_men_block\n    img = self.element_is_visible(self.promo_blocks_locators.SALE_MEN_IMG)\npages/base_page.py:30: in element_is_visible\n    self.go_to_element(self.element_is_present(locator))\npages/base_page.py:51: in element_is_present\n    return wait(self.driver, timeout).until(EC.presence_of_element_located(locator))\n_ _ _ _ _ _ _ _ _ _ _ _ _ _ _ _ _ _ _ _ _ _ _ _ _ _ _ _ _ _ _ _ _ _ _ _ _ _ _ _ \n\nself = <selenium.webdriver.support.wait.WebDriverWait (session=\"a89c7e6ad9ed536ef88f90e514ba2b12\")>\nmethod = <function presence_of_element_located.<locals>._predicate at 0x7f430e896520>\nmessage = ''\n\n    def until(self, method, message: str = \"\"):\n        \"\"\"Calls the method provided with the driver as an argument until the \\\n        return value does not evaluate to ``False``.\n    \n        :param method: callable(WebDriver)\n        :param message: optional message for :exc:`TimeoutException`\n        :returns: the result of the last call to `method`\n        :raises: :exc:`selenium.common.exceptions.TimeoutException` if timeout occurs\n        \"\"\"\n        screen = None\n        stacktrace = None\n    \n        end_time = time.monotonic() + self._timeout\n        while True:\n            try:\n                value = method(self._driver)\n                if value:\n                    return value\n            except self._ignored_exceptions as exc:\n                screen = getattr(exc, \"screen\", None)\n                stacktrace = getattr(exc, \"stacktrace\", None)\n            time.sleep(self._poll)\n            if time.monotonic() > end_time:\n                break\n>       raise TimeoutException(message, screen, stacktrace)\nE       selenium.common.exceptions.TimeoutException: Message: \nE       Stacktrace:\nE       #0 0x55f7dcaa508a <unknown>\nE       #1 0x55f7dc544a70 <unknown>\nE       #2 0x55f7dc596907 <unknown>\nE       #3 0x55f7dc596b01 <unknown>\nE       #4 0x55f7dc5e4d54 <unknown>\nE       #5 0x55f7dc5bc40d <unknown>\nE       #6 0x55f7dc5e214f <unknown>\nE       #7 0x55f7dc5bc1b3 <unknown>\nE       #8 0x55f7dc58859b <unknown>\nE       #9 0x55f7dc589971 <unknown>\nE       #10 0x55f7dca6a25b <unknown>\nE       #11 0x55f7dca6dfa9 <unknown>\nE       #12 0x55f7dca51339 <unknown>\nE       #13 0x55f7dca6eb58 <unknown>\nE       #14 0x55f7dca35c1f <unknown>\nE       #15 0x55f7dca92118 <unknown>\nE       #16 0x55f7dca922f6 <unknown>\nE       #17 0x55f7dcaa4066 <unknown>\nE       #18 0x7f9e39e9caa4 <unknown>\nE       #19 0x7f9e39f29c3c <unknown>\n\n/opt/hostedtoolcache/Python/3.12.3/x64/lib/python3.12/site-packages/selenium/webdriver/support/wait.py:95: TimeoutException",
    "steps" : [ {
      "name" : "Check img in 2 columns block - Men's Deals",
      "time" : {
        "start" : 1757295541583,
        "stop" : 1757295546697,
        "duration" : 5114
      },
      "status" : "broken",
      "statusMessage" : "selenium.common.exceptions.TimeoutException: Message: \nStacktrace:\n#0 0x55f7dcaa508a <unknown>\n#1 0x55f7dc544a70 <unknown>\n#2 0x55f7dc596907 <unknown>\n#3 0x55f7dc596b01 <unknown>\n#4 0x55f7dc5e4d54 <unknown>\n#5 0x55f7dc5bc40d <unknown>\n#6 0x55f7dc5e214f <unknown>\n#7 0x55f7dc5bc1b3 <unknown>\n#8 0x55f7dc58859b <unknown>\n#9 0x55f7dc589971 <unknown>\n#10 0x55f7dca6a25b <unknown>\n#11 0x55f7dca6dfa9 <unknown>\n#12 0x55f7dca51339 <unknown>\n#13 0x55f7dca6eb58 <unknown>\n#14 0x55f7dca35c1f <unknown>\n#15 0x55f7dca92118 <unknown>\n#16 0x55f7dca922f6 <unknown>\n#17 0x55f7dcaa4066 <unknown>\n#18 0x7f9e39e9caa4 <unknown>\n#19 0x7f9e39f29c3c <unknown>\n\n",
      "statusTrace" : "  File \"/opt/hostedtoolcache/Python/3.12.3/x64/lib/python3.12/site-packages/allure_commons/_allure.py\", line 192, in impl\n    return func(*a, **kw)\n           ^^^^^^^^^^^^^^\n  File \"/home/runner/work/luma_project/luma_project/pages/sale_page.py\", line 37, in check_img_in_men_block\n    img = self.element_is_visible(self.promo_blocks_locators.SALE_MEN_IMG)\n          ^^^^^^^^^^^^^^^^^^^^^^^^^^^^^^^^^^^^^^^^^^^^^^^^^^^^^^^^^^^^^^^^\n  File \"/opt/hostedtoolcache/Python/3.12.3/x64/lib/python3.12/site-packages/allure_commons/_allure.py\", line 192, in impl\n    return func(*a, **kw)\n           ^^^^^^^^^^^^^^\n  File \"/home/runner/work/luma_project/luma_project/pages/base_page.py\", line 30, in element_is_visible\n    self.go_to_element(self.element_is_present(locator))\n                       ^^^^^^^^^^^^^^^^^^^^^^^^^^^^^^^^\n  File \"/opt/hostedtoolcache/Python/3.12.3/x64/lib/python3.12/site-packages/allure_commons/_allure.py\", line 192, in impl\n    return func(*a, **kw)\n           ^^^^^^^^^^^^^^\n  File \"/home/runner/work/luma_project/luma_project/pages/base_page.py\", line 51, in element_is_present\n    return wait(self.driver, timeout).until(EC.presence_of_element_located(locator))\n           ^^^^^^^^^^^^^^^^^^^^^^^^^^^^^^^^^^^^^^^^^^^^^^^^^^^^^^^^^^^^^^^^^^^^^^^^^\n  File \"/opt/hostedtoolcache/Python/3.12.3/x64/lib/python3.12/site-packages/selenium/webdriver/support/wait.py\", line 95, in until\n    raise TimeoutException(message, screen, stacktrace)\n",
      "steps" : [ {
        "name" : "Find a visible element",
        "time" : {
          "start" : 1757295541583,
          "stop" : 1757295546697,
          "duration" : 5114
        },
        "status" : "broken",
        "statusMessage" : "selenium.common.exceptions.TimeoutException: Message: \nStacktrace:\n#0 0x55f7dcaa508a <unknown>\n#1 0x55f7dc544a70 <unknown>\n#2 0x55f7dc596907 <unknown>\n#3 0x55f7dc596b01 <unknown>\n#4 0x55f7dc5e4d54 <unknown>\n#5 0x55f7dc5bc40d <unknown>\n#6 0x55f7dc5e214f <unknown>\n#7 0x55f7dc5bc1b3 <unknown>\n#8 0x55f7dc58859b <unknown>\n#9 0x55f7dc589971 <unknown>\n#10 0x55f7dca6a25b <unknown>\n#11 0x55f7dca6dfa9 <unknown>\n#12 0x55f7dca51339 <unknown>\n#13 0x55f7dca6eb58 <unknown>\n#14 0x55f7dca35c1f <unknown>\n#15 0x55f7dca92118 <unknown>\n#16 0x55f7dca922f6 <unknown>\n#17 0x55f7dcaa4066 <unknown>\n#18 0x7f9e39e9caa4 <unknown>\n#19 0x7f9e39f29c3c <unknown>\n\n",
        "statusTrace" : "  File \"/opt/hostedtoolcache/Python/3.12.3/x64/lib/python3.12/site-packages/allure_commons/_allure.py\", line 192, in impl\n    return func(*a, **kw)\n           ^^^^^^^^^^^^^^\n  File \"/home/runner/work/luma_project/luma_project/pages/base_page.py\", line 30, in element_is_visible\n    self.go_to_element(self.element_is_present(locator))\n                       ^^^^^^^^^^^^^^^^^^^^^^^^^^^^^^^^\n  File \"/opt/hostedtoolcache/Python/3.12.3/x64/lib/python3.12/site-packages/allure_commons/_allure.py\", line 192, in impl\n    return func(*a, **kw)\n           ^^^^^^^^^^^^^^\n  File \"/home/runner/work/luma_project/luma_project/pages/base_page.py\", line 51, in element_is_present\n    return wait(self.driver, timeout).until(EC.presence_of_element_located(locator))\n           ^^^^^^^^^^^^^^^^^^^^^^^^^^^^^^^^^^^^^^^^^^^^^^^^^^^^^^^^^^^^^^^^^^^^^^^^^\n  File \"/opt/hostedtoolcache/Python/3.12.3/x64/lib/python3.12/site-packages/selenium/webdriver/support/wait.py\", line 95, in until\n    raise TimeoutException(message, screen, stacktrace)\n",
        "steps" : [ {
          "name" : "Find a present element",
          "time" : {
            "start" : 1757295541583,
            "stop" : 1757295546697,
            "duration" : 5114
          },
          "status" : "broken",
          "statusMessage" : "selenium.common.exceptions.TimeoutException: Message: \nStacktrace:\n#0 0x55f7dcaa508a <unknown>\n#1 0x55f7dc544a70 <unknown>\n#2 0x55f7dc596907 <unknown>\n#3 0x55f7dc596b01 <unknown>\n#4 0x55f7dc5e4d54 <unknown>\n#5 0x55f7dc5bc40d <unknown>\n#6 0x55f7dc5e214f <unknown>\n#7 0x55f7dc5bc1b3 <unknown>\n#8 0x55f7dc58859b <unknown>\n#9 0x55f7dc589971 <unknown>\n#10 0x55f7dca6a25b <unknown>\n#11 0x55f7dca6dfa9 <unknown>\n#12 0x55f7dca51339 <unknown>\n#13 0x55f7dca6eb58 <unknown>\n#14 0x55f7dca35c1f <unknown>\n#15 0x55f7dca92118 <unknown>\n#16 0x55f7dca922f6 <unknown>\n#17 0x55f7dcaa4066 <unknown>\n#18 0x7f9e39e9caa4 <unknown>\n#19 0x7f9e39f29c3c <unknown>\n\n",
          "statusTrace" : "  File \"/opt/hostedtoolcache/Python/3.12.3/x64/lib/python3.12/site-packages/allure_commons/_allure.py\", line 192, in impl\n    return func(*a, **kw)\n           ^^^^^^^^^^^^^^\n  File \"/home/runner/work/luma_project/luma_project/pages/base_page.py\", line 51, in element_is_present\n    return wait(self.driver, timeout).until(EC.presence_of_element_located(locator))\n           ^^^^^^^^^^^^^^^^^^^^^^^^^^^^^^^^^^^^^^^^^^^^^^^^^^^^^^^^^^^^^^^^^^^^^^^^^\n  File \"/opt/hostedtoolcache/Python/3.12.3/x64/lib/python3.12/site-packages/selenium/webdriver/support/wait.py\", line 95, in until\n    raise TimeoutException(message, screen, stacktrace)\n",
          "steps" : [ ],
          "attachments" : [ ],
          "parameters" : [ {
            "name" : "locator",
            "value" : "('css selector', '.sale-mens img')"
          }, {
            "name" : "timeout",
            "value" : "5"
          } ],
          "stepsCount" : 0,
          "attachmentsCount" : 0,
          "shouldDisplayMessage" : true,
          "hasContent" : true
        } ],
        "attachments" : [ ],
        "parameters" : [ {
          "name" : "locator",
          "value" : "('css selector', '.sale-mens img')"
        }, {
          "name" : "timeout",
          "value" : "10"
        } ],
        "stepsCount" : 1,
        "attachmentsCount" : 0,
        "shouldDisplayMessage" : false,
        "hasContent" : true
      } ],
      "attachments" : [ ],
      "parameters" : [ ],
      "stepsCount" : 2,
      "attachmentsCount" : 0,
      "shouldDisplayMessage" : false,
      "hasContent" : true
    } ],
    "attachments" : [ {
      "uid" : "2d99efd6f6e21a48",
      "name" : "Screenshot",
      "source" : "2d99efd6f6e21a48.png",
      "type" : "image/png",
      "size" : 23875
    }, {
      "uid" : "e61b477bdb6c0d6",
      "name" : "HTML source",
      "source" : "e61b477bdb6c0d6.html",
      "type" : "text/html",
      "size" : 786
    } ],
    "parameters" : [ ],
    "stepsCount" : 3,
    "attachmentsCount" : 2,
    "shouldDisplayMessage" : true,
    "hasContent" : true
  },
  "afterStages" : [ {
    "name" : "driver::0",
    "time" : {
      "start" : 1757295546775,
      "stop" : 1757295546835,
      "duration" : 60
    },
    "status" : "passed",
    "steps" : [ ],
    "attachments" : [ ],
    "parameters" : [ ],
    "stepsCount" : 0,
    "attachmentsCount" : 0,
    "shouldDisplayMessage" : false,
    "hasContent" : false
  }, {
    "name" : "clear_allure_result_folder::0",
    "time" : {
      "start" : 1757296196170,
      "stop" : 1757296196170,
      "duration" : 0
    },
    "status" : "passed",
    "steps" : [ ],
    "attachments" : [ ],
    "parameters" : [ ],
    "stepsCount" : 0,
    "attachmentsCount" : 0,
    "shouldDisplayMessage" : false,
    "hasContent" : false
  } ],
  "labels" : [ {
    "name" : "epic",
    "value" : "Sale Page"
  }, {
    "name" : "feature",
    "value" : "Testing Promo Blocks, Main Block (Women's Deals) and 2 columns block - Men's Bargain, Gear Steals"
  }, {
    "name" : "parentSuite",
    "value" : "tests"
  }, {
    "name" : "suite",
    "value" : "test_sale"
  }, {
    "name" : "subSuite",
    "value" : "TestSalePage"
  }, {
    "name" : "host",
    "value" : "pkrvm7jw40e0xgp"
  }, {
    "name" : "thread",
    "value" : "3126-MainThread"
  }, {
    "name" : "framework",
    "value" : "pytest"
  }, {
    "name" : "language",
    "value" : "cpython3"
  }, {
    "name" : "package",
    "value" : "tests.test_sale"
  }, {
    "name" : "resultFormat",
    "value" : "allure2"
  } ],
  "parameters" : [ ],
  "links" : [ ],
  "hidden" : false,
  "retry" : false,
  "extra" : {
    "severity" : "normal",
    "retries" : [ ],
    "categories" : [ {
      "name" : "Test defects",
      "matchedStatuses" : [ ],
      "flaky" : false
    } ],
    "tags" : [ ]
  },
  "source" : "9c51afa975dcabbf.json",
  "parameterValues" : [ ]
}