{
  "uid" : "9e855c5d26faa2f1",
  "name" : "tc 07.02.04 Verify that entered quantity displayed correctly after changing",
  "fullName" : "tests.test_shopping_cart.TestShoppingCartFull#test_tc_07_02_04_verify_quantity_field_displayed_correctly",
  "historyId" : "b72f37120d2f138f7d5dde433b02a183",
  "time" : {
    "start" : 1761529566918,
    "stop" : 1761529566918,
    "duration" : 0
  },
  "description" : "Check that entered quantity displayed correctly after changing.",
  "descriptionHtml" : "<p>Check that entered quantity displayed correctly after changing.</p>\n",
  "status" : "broken",
  "statusMessage" : "selenium.common.exceptions.TimeoutException: Message: \nStacktrace:\n#0 0x561e3ec0dfba <unknown>\n#1 0x561e3e6926d0 <unknown>\n#2 0x561e3e6e42aa <unknown>\n#3 0x561e3e6e4541 <unknown>\n#4 0x561e3e7326c4 <unknown>\n#5 0x561e3e709e5d <unknown>\n#6 0x561e3e72fb54 <unknown>\n#7 0x561e3e709c03 <unknown>\n#8 0x561e3e6d67a8 <unknown>\n#9 0x561e3e6d7421 <unknown>\n#10 0x561e3ebd2b28 <unknown>\n#11 0x561e3ebd687f <unknown>\n#12 0x561e3ebbac49 <unknown>\n#13 0x561e3ebd7405 <unknown>\n#14 0x561e3eba04ff <unknown>\n#15 0x561e3ebfb258 <unknown>\n#16 0x561e3ebfb432 <unknown>\n#17 0x561e3ec0cfa3 <unknown>\n#18 0x7f73fcc9caa4 <unknown>\n#19 0x7f73fcd29c6c <unknown>",
  "statusTrace" : "driver = <selenium.webdriver.chrome.webdriver.WebDriver (session=\"bc38920366f1c26b76ee6137cbf3c0dd\")>\n\n    @pytest.fixture(scope=\"function\")\n    def full_cart_page(driver):\n        driver.get(ITEM_CART_URL)\n>       size_button = wait(driver, 5).until(EC.presence_of_element_located(shopping_locators.SIZE_BUTTON))\n\ntests/test_shopping_cart.py:13: \n_ _ _ _ _ _ _ _ _ _ _ _ _ _ _ _ _ _ _ _ _ _ _ _ _ _ _ _ _ _ _ _ _ _ _ _ _ _ _ _ \n\nself = <selenium.webdriver.support.wait.WebDriverWait (session=\"bc38920366f1c26b76ee6137cbf3c0dd\")>\nmethod = <function presence_of_element_located.<locals>._predicate at 0x7f5f0353a2a0>\nmessage = ''\n\n    def until(self, method, message: str = \"\"):\n        \"\"\"Calls the method provided with the driver as an argument until the \\\n        return value does not evaluate to ``False``.\n    \n        :param method: callable(WebDriver)\n        :param message: optional message for :exc:`TimeoutException`\n        :returns: the result of the last call to `method`\n        :raises: :exc:`selenium.common.exceptions.TimeoutException` if timeout occurs\n        \"\"\"\n        screen = None\n        stacktrace = None\n    \n        end_time = time.monotonic() + self._timeout\n        while True:\n            try:\n                value = method(self._driver)\n                if value:\n                    return value\n            except self._ignored_exceptions as exc:\n                screen = getattr(exc, \"screen\", None)\n                stacktrace = getattr(exc, \"stacktrace\", None)\n            time.sleep(self._poll)\n            if time.monotonic() > end_time:\n                break\n>       raise TimeoutException(message, screen, stacktrace)\nE       selenium.common.exceptions.TimeoutException: Message: \nE       Stacktrace:\nE       #0 0x561e3ec0dfba <unknown>\nE       #1 0x561e3e6926d0 <unknown>\nE       #2 0x561e3e6e42aa <unknown>\nE       #3 0x561e3e6e4541 <unknown>\nE       #4 0x561e3e7326c4 <unknown>\nE       #5 0x561e3e709e5d <unknown>\nE       #6 0x561e3e72fb54 <unknown>\nE       #7 0x561e3e709c03 <unknown>\nE       #8 0x561e3e6d67a8 <unknown>\nE       #9 0x561e3e6d7421 <unknown>\nE       #10 0x561e3ebd2b28 <unknown>\nE       #11 0x561e3ebd687f <unknown>\nE       #12 0x561e3ebbac49 <unknown>\nE       #13 0x561e3ebd7405 <unknown>\nE       #14 0x561e3eba04ff <unknown>\nE       #15 0x561e3ebfb258 <unknown>\nE       #16 0x561e3ebfb432 <unknown>\nE       #17 0x561e3ec0cfa3 <unknown>\nE       #18 0x7f73fcc9caa4 <unknown>\nE       #19 0x7f73fcd29c6c <unknown>\n\n/opt/hostedtoolcache/Python/3.12.3/x64/lib/python3.12/site-packages/selenium/webdriver/support/wait.py:95: TimeoutException",
  "flaky" : false,
  "newFailed" : false,
  "beforeStages" : [ {
    "name" : "driver",
    "time" : {
      "start" : 1761529566919,
      "stop" : 1761529568158,
      "duration" : 1239
    },
    "status" : "passed",
    "steps" : [ ],
    "attachments" : [ ],
    "parameters" : [ ],
    "stepsCount" : 0,
    "attachmentsCount" : 0,
    "shouldDisplayMessage" : false,
    "hasContent" : false
  }, {
    "name" : "_session_faker",
    "time" : {
      "start" : 1761527678629,
      "stop" : 1761527678696,
      "duration" : 67
    },
    "status" : "passed",
    "steps" : [ ],
    "attachments" : [ ],
    "parameters" : [ ],
    "stepsCount" : 0,
    "attachmentsCount" : 0,
    "shouldDisplayMessage" : false,
    "hasContent" : false
  }, {
    "name" : "full_cart_page",
    "time" : {
      "start" : 1761529568159,
      "stop" : 1761529573448,
      "duration" : 5289
    },
    "status" : "broken",
    "statusMessage" : "selenium.common.exceptions.TimeoutException: Message: \nStacktrace:\n#0 0x561e3ec0dfba <unknown>\n#1 0x561e3e6926d0 <unknown>\n#2 0x561e3e6e42aa <unknown>\n#3 0x561e3e6e4541 <unknown>\n#4 0x561e3e7326c4 <unknown>\n#5 0x561e3e709e5d <unknown>\n#6 0x561e3e72fb54 <unknown>\n#7 0x561e3e709c03 <unknown>\n#8 0x561e3e6d67a8 <unknown>\n#9 0x561e3e6d7421 <unknown>\n#10 0x561e3ebd2b28 <unknown>\n#11 0x561e3ebd687f <unknown>\n#12 0x561e3ebbac49 <unknown>\n#13 0x561e3ebd7405 <unknown>\n#14 0x561e3eba04ff <unknown>\n#15 0x561e3ebfb258 <unknown>\n#16 0x561e3ebfb432 <unknown>\n#17 0x561e3ec0cfa3 <unknown>\n#18 0x7f73fcc9caa4 <unknown>\n#19 0x7f73fcd29c6c <unknown>\n\n",
    "statusTrace" : "  File \"/opt/hostedtoolcache/Python/3.12.3/x64/lib/python3.12/site-packages/pluggy/_callers.py\", line 38, in run_old_style_hookwrapper\n    res = yield\n          ^^^^^\n  File \"/opt/hostedtoolcache/Python/3.12.3/x64/lib/python3.12/site-packages/pluggy/_callers.py\", line 139, in _multicall\n    teardown.throw(exception)\n  File \"/opt/hostedtoolcache/Python/3.12.3/x64/lib/python3.12/site-packages/pluggy/_callers.py\", line 53, in run_old_style_hookwrapper\n    return result.get_result()\n           ^^^^^^^^^^^^^^^^^^^\n  File \"/opt/hostedtoolcache/Python/3.12.3/x64/lib/python3.12/site-packages/pluggy/_result.py\", line 103, in get_result\n    raise exc.with_traceback(tb)\n  File \"/opt/hostedtoolcache/Python/3.12.3/x64/lib/python3.12/site-packages/pluggy/_callers.py\", line 38, in run_old_style_hookwrapper\n    res = yield\n          ^^^^^\n  File \"/opt/hostedtoolcache/Python/3.12.3/x64/lib/python3.12/site-packages/pluggy/_callers.py\", line 121, in _multicall\n    res = hook_impl.function(*args)\n          ^^^^^^^^^^^^^^^^^^^^^^^^^\n  File \"/opt/hostedtoolcache/Python/3.12.3/x64/lib/python3.12/site-packages/_pytest/fixtures.py\", line 1123, in pytest_fixture_setup\n    result = call_fixture_func(fixturefunc, request, kwargs)\n             ^^^^^^^^^^^^^^^^^^^^^^^^^^^^^^^^^^^^^^^^^^^^^^^\n  File \"/opt/hostedtoolcache/Python/3.12.3/x64/lib/python3.12/site-packages/_pytest/fixtures.py\", line 902, in call_fixture_func\n    fixture_result = fixturefunc(**kwargs)\n                     ^^^^^^^^^^^^^^^^^^^^^\n  File \"/home/runner/work/luma_project/luma_project/tests/test_shopping_cart.py\", line 13, in full_cart_page\n    size_button = wait(driver, 5).until(EC.presence_of_element_located(shopping_locators.SIZE_BUTTON))\n                  ^^^^^^^^^^^^^^^^^^^^^^^^^^^^^^^^^^^^^^^^^^^^^^^^^^^^^^^^^^^^^^^^^^^^^^^^^^^^^^^^^^^^\n  File \"/opt/hostedtoolcache/Python/3.12.3/x64/lib/python3.12/site-packages/selenium/webdriver/support/wait.py\", line 95, in until\n    raise TimeoutException(message, screen, stacktrace)\n",
    "steps" : [ ],
    "attachments" : [ ],
    "parameters" : [ ],
    "stepsCount" : 0,
    "attachmentsCount" : 0,
    "shouldDisplayMessage" : true,
    "hasContent" : true
  }, {
    "name" : "clear_allure_result_folder",
    "time" : {
      "start" : 1761527678696,
      "stop" : 1761527678696,
      "duration" : 0
    },
    "status" : "passed",
    "steps" : [ ],
    "attachments" : [ ],
    "parameters" : [ ],
    "stepsCount" : 0,
    "attachmentsCount" : 0,
    "shouldDisplayMessage" : false,
    "hasContent" : false
  } ],
  "afterStages" : [ {
    "name" : "driver::0",
    "time" : {
      "start" : 1761529573456,
      "stop" : 1761529573516,
      "duration" : 60
    },
    "status" : "passed",
    "steps" : [ ],
    "attachments" : [ ],
    "parameters" : [ ],
    "stepsCount" : 0,
    "attachmentsCount" : 0,
    "shouldDisplayMessage" : false,
    "hasContent" : false
  }, {
    "name" : "clear_allure_result_folder::0",
    "time" : {
      "start" : 1761530087586,
      "stop" : 1761530087586,
      "duration" : 0
    },
    "status" : "passed",
    "steps" : [ ],
    "attachments" : [ ],
    "parameters" : [ ],
    "stepsCount" : 0,
    "attachmentsCount" : 0,
    "shouldDisplayMessage" : false,
    "hasContent" : false
  } ],
  "labels" : [ {
    "name" : "feature",
    "value" : "Shopping Cart is full"
  }, {
    "name" : "parentSuite",
    "value" : "tests"
  }, {
    "name" : "suite",
    "value" : "test_shopping_cart"
  }, {
    "name" : "subSuite",
    "value" : "TestShoppingCartFull"
  }, {
    "name" : "host",
    "value" : "runnervmwhb2z"
  }, {
    "name" : "thread",
    "value" : "3173-MainThread"
  }, {
    "name" : "framework",
    "value" : "pytest"
  }, {
    "name" : "language",
    "value" : "cpython3"
  }, {
    "name" : "package",
    "value" : "tests.test_shopping_cart"
  }, {
    "name" : "resultFormat",
    "value" : "allure2"
  } ],
  "parameters" : [ ],
  "links" : [ ],
  "hidden" : false,
  "retry" : false,
  "extra" : {
    "severity" : "normal",
    "retries" : [ ],
    "categories" : [ {
      "name" : "Test defects",
      "matchedStatuses" : [ ],
      "flaky" : false
    } ],
    "tags" : [ ]
  },
  "source" : "9e855c5d26faa2f1.json",
  "parameterValues" : [ ]
}