{
  "uid" : "a550ac4d75b223d3",
  "name" : "TC 13.01.10 - Check display of block 1 'home-pants' in section 2 in the Promo Block",
  "fullName" : "tests.test_main_page.TestPromoBlock#test_tc_13_01_10_check_section2_block1_display",
  "historyId" : "5390cf3118b038076d53ce62a673c841",
  "time" : {
    "start" : 1742778982390,
    "stop" : 1742778990304,
    "duration" : 7914
  },
  "description" : "This test checks if block 1 'home-pants' is displayed in section 2 of Promo Block under header\n            on the Main Page",
  "descriptionHtml" : "<p>This test checks if block 1 'home-pants' is displayed in section 2 of Promo Block under header\non the Main Page</p>\n",
  "status" : "broken",
  "statusMessage" : "selenium.common.exceptions.TimeoutException: Message: \nStacktrace:\n#0 0x55be4bf35a1a <unknown>\n#1 0x55be4b9ed390 <unknown>\n#2 0x55be4ba3ec85 <unknown>\n#3 0x55be4ba3eeb1 <unknown>\n#4 0x55be4ba8dd64 <unknown>\n#5 0x55be4ba64bfd <unknown>\n#6 0x55be4ba8b07b <unknown>\n#7 0x55be4ba649a3 <unknown>\n#8 0x55be4ba3060e <unknown>\n#9 0x55be4ba31dd1 <unknown>\n#10 0x55be4befbddb <unknown>\n#11 0x55be4beffcbc <unknown>\n#12 0x55be4bee3392 <unknown>\n#13 0x55be4bf00834 <unknown>\n#14 0x55be4bec71ef <unknown>\n#15 0x55be4bf24038 <unknown>\n#16 0x55be4bf24216 <unknown>\n#17 0x55be4bf34896 <unknown>\n#18 0x7f390829caa4 <unknown>\n#19 0x7f3908329c3c <unknown>",
  "statusTrace" : "self = <test_main_page.TestMainPage.TestPromoBlock object at 0x7f48ee2b7500>\ndriver = <selenium.webdriver.chrome.webdriver.WebDriver (session=\"d7194f74d433a5d86253ab59e9a5e05f\")>\n\n    @allure.title(\"TC 13.01.10 - Check display of block 1 'home-pants' in section 2 in the Promo Block\")\n    def test_tc_13_01_10_check_section2_block1_display(self, driver):\n        \"\"\"This test checks if block 1 'home-pants' is displayed in section 2 of Promo Block under header\n        on the Main Page\"\"\"\n        page = PromoBlock(driver, MAIN_PAGE_URL)\n        page.open()\n>       assert page.element_is_visible(self.locators.SECTION_2_BLOCK_1), \\\n            \"Block 1 in Section 2 under header is invisible on the Main Page\"\n\ntests/test_main_page.py:201: \n_ _ _ _ _ _ _ _ _ _ _ _ _ _ _ _ _ _ _ _ _ _ _ _ _ _ _ _ _ _ _ _ _ _ _ _ _ _ _ _ \npages/base_page.py:30: in element_is_visible\n    self.go_to_element(self.element_is_present(locator))\npages/base_page.py:51: in element_is_present\n    return wait(self.driver, timeout).until(EC.presence_of_element_located(locator))\n_ _ _ _ _ _ _ _ _ _ _ _ _ _ _ _ _ _ _ _ _ _ _ _ _ _ _ _ _ _ _ _ _ _ _ _ _ _ _ _ \n\nself = <selenium.webdriver.support.wait.WebDriverWait (session=\"d7194f74d433a5d86253ab59e9a5e05f\")>\nmethod = <function presence_of_element_located.<locals>._predicate at 0x7f48ee03f7e0>\nmessage = ''\n\n    def until(self, method, message: str = \"\"):\n        \"\"\"Calls the method provided with the driver as an argument until the \\\n        return value does not evaluate to ``False``.\n    \n        :param method: callable(WebDriver)\n        :param message: optional message for :exc:`TimeoutException`\n        :returns: the result of the last call to `method`\n        :raises: :exc:`selenium.common.exceptions.TimeoutException` if timeout occurs\n        \"\"\"\n        screen = None\n        stacktrace = None\n    \n        end_time = time.monotonic() + self._timeout\n        while True:\n            try:\n                value = method(self._driver)\n                if value:\n                    return value\n            except self._ignored_exceptions as exc:\n                screen = getattr(exc, \"screen\", None)\n                stacktrace = getattr(exc, \"stacktrace\", None)\n            time.sleep(self._poll)\n            if time.monotonic() > end_time:\n                break\n>       raise TimeoutException(message, screen, stacktrace)\nE       selenium.common.exceptions.TimeoutException: Message: \nE       Stacktrace:\nE       #0 0x55be4bf35a1a <unknown>\nE       #1 0x55be4b9ed390 <unknown>\nE       #2 0x55be4ba3ec85 <unknown>\nE       #3 0x55be4ba3eeb1 <unknown>\nE       #4 0x55be4ba8dd64 <unknown>\nE       #5 0x55be4ba64bfd <unknown>\nE       #6 0x55be4ba8b07b <unknown>\nE       #7 0x55be4ba649a3 <unknown>\nE       #8 0x55be4ba3060e <unknown>\nE       #9 0x55be4ba31dd1 <unknown>\nE       #10 0x55be4befbddb <unknown>\nE       #11 0x55be4beffcbc <unknown>\nE       #12 0x55be4bee3392 <unknown>\nE       #13 0x55be4bf00834 <unknown>\nE       #14 0x55be4bec71ef <unknown>\nE       #15 0x55be4bf24038 <unknown>\nE       #16 0x55be4bf24216 <unknown>\nE       #17 0x55be4bf34896 <unknown>\nE       #18 0x7f390829caa4 <unknown>\nE       #19 0x7f3908329c3c <unknown>\n\n/opt/hostedtoolcache/Python/3.12.3/x64/lib/python3.12/site-packages/selenium/webdriver/support/wait.py:95: TimeoutException",
  "flaky" : false,
  "newFailed" : false,
  "beforeStages" : [ {
    "name" : "driver",
    "time" : {
      "start" : 1742778981182,
      "stop" : 1742778982390,
      "duration" : 1208
    },
    "status" : "passed",
    "steps" : [ ],
    "attachments" : [ ],
    "parameters" : [ ],
    "stepsCount" : 0,
    "attachmentsCount" : 0,
    "shouldDisplayMessage" : false,
    "hasContent" : false
  }, {
    "name" : "_session_faker",
    "time" : {
      "start" : 1742778442384,
      "stop" : 1742778442451,
      "duration" : 67
    },
    "status" : "passed",
    "steps" : [ ],
    "attachments" : [ ],
    "parameters" : [ ],
    "stepsCount" : 0,
    "attachmentsCount" : 0,
    "shouldDisplayMessage" : false,
    "hasContent" : false
  }, {
    "name" : "clear_allure_result_folder",
    "time" : {
      "start" : 1742778442451,
      "stop" : 1742778442451,
      "duration" : 0
    },
    "status" : "passed",
    "steps" : [ ],
    "attachments" : [ ],
    "parameters" : [ ],
    "stepsCount" : 0,
    "attachmentsCount" : 0,
    "shouldDisplayMessage" : false,
    "hasContent" : false
  } ],
  "testStage" : {
    "description" : "This test checks if block 1 'home-pants' is displayed in section 2 of Promo Block under header\n            on the Main Page",
    "status" : "broken",
    "statusMessage" : "selenium.common.exceptions.TimeoutException: Message: \nStacktrace:\n#0 0x55be4bf35a1a <unknown>\n#1 0x55be4b9ed390 <unknown>\n#2 0x55be4ba3ec85 <unknown>\n#3 0x55be4ba3eeb1 <unknown>\n#4 0x55be4ba8dd64 <unknown>\n#5 0x55be4ba64bfd <unknown>\n#6 0x55be4ba8b07b <unknown>\n#7 0x55be4ba649a3 <unknown>\n#8 0x55be4ba3060e <unknown>\n#9 0x55be4ba31dd1 <unknown>\n#10 0x55be4befbddb <unknown>\n#11 0x55be4beffcbc <unknown>\n#12 0x55be4bee3392 <unknown>\n#13 0x55be4bf00834 <unknown>\n#14 0x55be4bec71ef <unknown>\n#15 0x55be4bf24038 <unknown>\n#16 0x55be4bf24216 <unknown>\n#17 0x55be4bf34896 <unknown>\n#18 0x7f390829caa4 <unknown>\n#19 0x7f3908329c3c <unknown>",
    "statusTrace" : "self = <test_main_page.TestMainPage.TestPromoBlock object at 0x7f48ee2b7500>\ndriver = <selenium.webdriver.chrome.webdriver.WebDriver (session=\"d7194f74d433a5d86253ab59e9a5e05f\")>\n\n    @allure.title(\"TC 13.01.10 - Check display of block 1 'home-pants' in section 2 in the Promo Block\")\n    def test_tc_13_01_10_check_section2_block1_display(self, driver):\n        \"\"\"This test checks if block 1 'home-pants' is displayed in section 2 of Promo Block under header\n        on the Main Page\"\"\"\n        page = PromoBlock(driver, MAIN_PAGE_URL)\n        page.open()\n>       assert page.element_is_visible(self.locators.SECTION_2_BLOCK_1), \\\n            \"Block 1 in Section 2 under header is invisible on the Main Page\"\n\ntests/test_main_page.py:201: \n_ _ _ _ _ _ _ _ _ _ _ _ _ _ _ _ _ _ _ _ _ _ _ _ _ _ _ _ _ _ _ _ _ _ _ _ _ _ _ _ \npages/base_page.py:30: in element_is_visible\n    self.go_to_element(self.element_is_present(locator))\npages/base_page.py:51: in element_is_present\n    return wait(self.driver, timeout).until(EC.presence_of_element_located(locator))\n_ _ _ _ _ _ _ _ _ _ _ _ _ _ _ _ _ _ _ _ _ _ _ _ _ _ _ _ _ _ _ _ _ _ _ _ _ _ _ _ \n\nself = <selenium.webdriver.support.wait.WebDriverWait (session=\"d7194f74d433a5d86253ab59e9a5e05f\")>\nmethod = <function presence_of_element_located.<locals>._predicate at 0x7f48ee03f7e0>\nmessage = ''\n\n    def until(self, method, message: str = \"\"):\n        \"\"\"Calls the method provided with the driver as an argument until the \\\n        return value does not evaluate to ``False``.\n    \n        :param method: callable(WebDriver)\n        :param message: optional message for :exc:`TimeoutException`\n        :returns: the result of the last call to `method`\n        :raises: :exc:`selenium.common.exceptions.TimeoutException` if timeout occurs\n        \"\"\"\n        screen = None\n        stacktrace = None\n    \n        end_time = time.monotonic() + self._timeout\n        while True:\n            try:\n                value = method(self._driver)\n                if value:\n                    return value\n            except self._ignored_exceptions as exc:\n                screen = getattr(exc, \"screen\", None)\n                stacktrace = getattr(exc, \"stacktrace\", None)\n            time.sleep(self._poll)\n            if time.monotonic() > end_time:\n                break\n>       raise TimeoutException(message, screen, stacktrace)\nE       selenium.common.exceptions.TimeoutException: Message: \nE       Stacktrace:\nE       #0 0x55be4bf35a1a <unknown>\nE       #1 0x55be4b9ed390 <unknown>\nE       #2 0x55be4ba3ec85 <unknown>\nE       #3 0x55be4ba3eeb1 <unknown>\nE       #4 0x55be4ba8dd64 <unknown>\nE       #5 0x55be4ba64bfd <unknown>\nE       #6 0x55be4ba8b07b <unknown>\nE       #7 0x55be4ba649a3 <unknown>\nE       #8 0x55be4ba3060e <unknown>\nE       #9 0x55be4ba31dd1 <unknown>\nE       #10 0x55be4befbddb <unknown>\nE       #11 0x55be4beffcbc <unknown>\nE       #12 0x55be4bee3392 <unknown>\nE       #13 0x55be4bf00834 <unknown>\nE       #14 0x55be4bec71ef <unknown>\nE       #15 0x55be4bf24038 <unknown>\nE       #16 0x55be4bf24216 <unknown>\nE       #17 0x55be4bf34896 <unknown>\nE       #18 0x7f390829caa4 <unknown>\nE       #19 0x7f3908329c3c <unknown>\n\n/opt/hostedtoolcache/Python/3.12.3/x64/lib/python3.12/site-packages/selenium/webdriver/support/wait.py:95: TimeoutException",
    "steps" : [ {
      "name" : "Open a browser",
      "time" : {
        "start" : 1742778982390,
        "stop" : 1742778983422,
        "duration" : 1032
      },
      "status" : "passed",
      "steps" : [ ],
      "attachments" : [ ],
      "parameters" : [ ],
      "stepsCount" : 0,
      "attachmentsCount" : 0,
      "shouldDisplayMessage" : false,
      "hasContent" : false
    }, {
      "name" : "Find a visible element",
      "time" : {
        "start" : 1742778983422,
        "stop" : 1742778990303,
        "duration" : 6881
      },
      "status" : "broken",
      "statusMessage" : "selenium.common.exceptions.TimeoutException: Message: \nStacktrace:\n#0 0x55be4bf35a1a <unknown>\n#1 0x55be4b9ed390 <unknown>\n#2 0x55be4ba3ec85 <unknown>\n#3 0x55be4ba3eeb1 <unknown>\n#4 0x55be4ba8dd64 <unknown>\n#5 0x55be4ba64bfd <unknown>\n#6 0x55be4ba8b07b <unknown>\n#7 0x55be4ba649a3 <unknown>\n#8 0x55be4ba3060e <unknown>\n#9 0x55be4ba31dd1 <unknown>\n#10 0x55be4befbddb <unknown>\n#11 0x55be4beffcbc <unknown>\n#12 0x55be4bee3392 <unknown>\n#13 0x55be4bf00834 <unknown>\n#14 0x55be4bec71ef <unknown>\n#15 0x55be4bf24038 <unknown>\n#16 0x55be4bf24216 <unknown>\n#17 0x55be4bf34896 <unknown>\n#18 0x7f390829caa4 <unknown>\n#19 0x7f3908329c3c <unknown>\n\n",
      "statusTrace" : "  File \"/opt/hostedtoolcache/Python/3.12.3/x64/lib/python3.12/site-packages/allure_commons/_allure.py\", line 192, in impl\n    return func(*a, **kw)\n           ^^^^^^^^^^^^^^\n  File \"/home/runner/work/luma_project/luma_project/pages/base_page.py\", line 30, in element_is_visible\n    self.go_to_element(self.element_is_present(locator))\n                       ^^^^^^^^^^^^^^^^^^^^^^^^^^^^^^^^\n  File \"/opt/hostedtoolcache/Python/3.12.3/x64/lib/python3.12/site-packages/allure_commons/_allure.py\", line 192, in impl\n    return func(*a, **kw)\n           ^^^^^^^^^^^^^^\n  File \"/home/runner/work/luma_project/luma_project/pages/base_page.py\", line 51, in element_is_present\n    return wait(self.driver, timeout).until(EC.presence_of_element_located(locator))\n           ^^^^^^^^^^^^^^^^^^^^^^^^^^^^^^^^^^^^^^^^^^^^^^^^^^^^^^^^^^^^^^^^^^^^^^^^^\n  File \"/opt/hostedtoolcache/Python/3.12.3/x64/lib/python3.12/site-packages/selenium/webdriver/support/wait.py\", line 95, in until\n    raise TimeoutException(message, screen, stacktrace)\n",
      "steps" : [ {
        "name" : "Find a present element",
        "time" : {
          "start" : 1742778983422,
          "stop" : 1742778990303,
          "duration" : 6881
        },
        "status" : "broken",
        "statusMessage" : "selenium.common.exceptions.TimeoutException: Message: \nStacktrace:\n#0 0x55be4bf35a1a <unknown>\n#1 0x55be4b9ed390 <unknown>\n#2 0x55be4ba3ec85 <unknown>\n#3 0x55be4ba3eeb1 <unknown>\n#4 0x55be4ba8dd64 <unknown>\n#5 0x55be4ba64bfd <unknown>\n#6 0x55be4ba8b07b <unknown>\n#7 0x55be4ba649a3 <unknown>\n#8 0x55be4ba3060e <unknown>\n#9 0x55be4ba31dd1 <unknown>\n#10 0x55be4befbddb <unknown>\n#11 0x55be4beffcbc <unknown>\n#12 0x55be4bee3392 <unknown>\n#13 0x55be4bf00834 <unknown>\n#14 0x55be4bec71ef <unknown>\n#15 0x55be4bf24038 <unknown>\n#16 0x55be4bf24216 <unknown>\n#17 0x55be4bf34896 <unknown>\n#18 0x7f390829caa4 <unknown>\n#19 0x7f3908329c3c <unknown>\n\n",
        "statusTrace" : "  File \"/opt/hostedtoolcache/Python/3.12.3/x64/lib/python3.12/site-packages/allure_commons/_allure.py\", line 192, in impl\n    return func(*a, **kw)\n           ^^^^^^^^^^^^^^\n  File \"/home/runner/work/luma_project/luma_project/pages/base_page.py\", line 51, in element_is_present\n    return wait(self.driver, timeout).until(EC.presence_of_element_located(locator))\n           ^^^^^^^^^^^^^^^^^^^^^^^^^^^^^^^^^^^^^^^^^^^^^^^^^^^^^^^^^^^^^^^^^^^^^^^^^\n  File \"/opt/hostedtoolcache/Python/3.12.3/x64/lib/python3.12/site-packages/selenium/webdriver/support/wait.py\", line 95, in until\n    raise TimeoutException(message, screen, stacktrace)\n",
        "steps" : [ ],
        "attachments" : [ ],
        "parameters" : [ {
          "name" : "locator",
          "value" : "('css selector', '.home-pants')"
        }, {
          "name" : "timeout",
          "value" : "5"
        } ],
        "stepsCount" : 0,
        "attachmentsCount" : 0,
        "shouldDisplayMessage" : true,
        "hasContent" : true
      } ],
      "attachments" : [ ],
      "parameters" : [ {
        "name" : "locator",
        "value" : "('css selector', '.home-pants')"
      }, {
        "name" : "timeout",
        "value" : "10"
      } ],
      "stepsCount" : 1,
      "attachmentsCount" : 0,
      "shouldDisplayMessage" : false,
      "hasContent" : true
    } ],
    "attachments" : [ {
      "uid" : "bb8e028de6f3e3b2",
      "name" : "Screenshot",
      "source" : "bb8e028de6f3e3b2.png",
      "type" : "image/png",
      "size" : 548905
    }, {
      "uid" : "3f016017b8f9e6ae",
      "name" : "HTML source",
      "source" : "3f016017b8f9e6ae.html",
      "type" : "text/html",
      "size" : 144883
    } ],
    "parameters" : [ ],
    "stepsCount" : 3,
    "attachmentsCount" : 2,
    "shouldDisplayMessage" : true,
    "hasContent" : true
  },
  "afterStages" : [ {
    "name" : "driver::0",
    "time" : {
      "start" : 1742778990542,
      "stop" : 1742778990707,
      "duration" : 165
    },
    "status" : "passed",
    "steps" : [ ],
    "attachments" : [ ],
    "parameters" : [ ],
    "stepsCount" : 0,
    "attachmentsCount" : 0,
    "shouldDisplayMessage" : false,
    "hasContent" : false
  }, {
    "name" : "clear_allure_result_folder::0",
    "time" : {
      "start" : 1742779916908,
      "stop" : 1742779916908,
      "duration" : 0
    },
    "status" : "passed",
    "steps" : [ ],
    "attachments" : [ ],
    "parameters" : [ ],
    "stepsCount" : 0,
    "attachmentsCount" : 0,
    "shouldDisplayMessage" : false,
    "hasContent" : false
  } ],
  "labels" : [ {
    "name" : "epic",
    "value" : "Main Page"
  }, {
    "name" : "feature",
    "value" : "Promo Block Testing"
  }, {
    "name" : "parentSuite",
    "value" : "tests"
  }, {
    "name" : "suite",
    "value" : "test_main_page"
  }, {
    "name" : "subSuite",
    "value" : "TestMainPage"
  }, {
    "name" : "host",
    "value" : "fv-az1712-60"
  }, {
    "name" : "thread",
    "value" : "2930-MainThread"
  }, {
    "name" : "framework",
    "value" : "pytest"
  }, {
    "name" : "language",
    "value" : "cpython3"
  }, {
    "name" : "package",
    "value" : "tests.test_main_page"
  }, {
    "name" : "resultFormat",
    "value" : "allure2"
  } ],
  "parameters" : [ ],
  "links" : [ ],
  "hidden" : false,
  "retry" : false,
  "extra" : {
    "severity" : "normal",
    "retries" : [ ],
    "categories" : [ {
      "name" : "Test defects",
      "matchedStatuses" : [ ],
      "flaky" : false
    } ],
    "tags" : [ ]
  },
  "source" : "a550ac4d75b223d3.json",
  "parameterValues" : [ ]
}