{
  "uid" : "a695b7304c21389e",
  "name" : "TC 12.01.01 Check side panel title Shop By is visible",
  "fullName" : "tests.test_women.TestWomenPage#test_tc_12_01_01",
  "historyId" : "65c7c7373d8f67cae84633d46c99b2ed",
  "time" : {
    "start" : 1760320239826,
    "stop" : 1760320245063,
    "duration" : 5237
  },
  "description" : "Check Shop By title is visible",
  "descriptionHtml" : "<p>Check Shop By title is visible</p>\n",
  "status" : "broken",
  "statusMessage" : "selenium.common.exceptions.TimeoutException: Message: \nStacktrace:\n#0 0x5568dbf1efba <unknown>\n#1 0x5568db9a36d0 <unknown>\n#2 0x5568db9f52aa <unknown>\n#3 0x5568db9f5541 <unknown>\n#4 0x5568dba436c4 <unknown>\n#5 0x5568dba1ae5d <unknown>\n#6 0x5568dba40b54 <unknown>\n#7 0x5568dba1ac03 <unknown>\n#8 0x5568db9e77a8 <unknown>\n#9 0x5568db9e8421 <unknown>\n#10 0x5568dbee3b28 <unknown>\n#11 0x5568dbee787f <unknown>\n#12 0x5568dbecbc49 <unknown>\n#13 0x5568dbee8405 <unknown>\n#14 0x5568dbeb14ff <unknown>\n#15 0x5568dbf0c258 <unknown>\n#16 0x5568dbf0c432 <unknown>\n#17 0x5568dbf1dfa3 <unknown>\n#18 0x7f4f16c9caa4 <unknown>\n#19 0x7f4f16d29c6c <unknown>",
  "statusTrace" : "self = <test_women.TestWomenPage object at 0x7f42059a09e0>\ndriver = <selenium.webdriver.chrome.webdriver.WebDriver (session=\"ed34ac3b215dc7dcbbc8add865a22031\")>\n\n    @allure.title(\"TC 12.01.01 Check side panel title Shop By is visible\")\n    def test_tc_12_01_01(self, driver):\n        \"\"\"Check Shop By title is visible\"\"\"\n        page = WomenPage(driver, WOMEN_PAGE_URL)\n        page.open()\n>       title = page.check_side_panel_name()\n\ntests/test_women.py:16: \n_ _ _ _ _ _ _ _ _ _ _ _ _ _ _ _ _ _ _ _ _ _ _ _ _ _ _ _ _ _ _ _ _ _ _ _ _ _ _ _ \npages/women_page.py:12: in check_side_panel_name\n    shop_by_title = self.element_is_visible(self.side_panel_locators.SHOP_BY)\npages/base_page.py:30: in element_is_visible\n    self.go_to_element(self.element_is_present(locator))\npages/base_page.py:51: in element_is_present\n    return wait(self.driver, timeout).until(EC.presence_of_element_located(locator))\n_ _ _ _ _ _ _ _ _ _ _ _ _ _ _ _ _ _ _ _ _ _ _ _ _ _ _ _ _ _ _ _ _ _ _ _ _ _ _ _ \n\nself = <selenium.webdriver.support.wait.WebDriverWait (session=\"ed34ac3b215dc7dcbbc8add865a22031\")>\nmethod = <function presence_of_element_located.<locals>._predicate at 0x7f42054b1d00>\nmessage = ''\n\n    def until(self, method, message: str = \"\"):\n        \"\"\"Calls the method provided with the driver as an argument until the \\\n        return value does not evaluate to ``False``.\n    \n        :param method: callable(WebDriver)\n        :param message: optional message for :exc:`TimeoutException`\n        :returns: the result of the last call to `method`\n        :raises: :exc:`selenium.common.exceptions.TimeoutException` if timeout occurs\n        \"\"\"\n        screen = None\n        stacktrace = None\n    \n        end_time = time.monotonic() + self._timeout\n        while True:\n            try:\n                value = method(self._driver)\n                if value:\n                    return value\n            except self._ignored_exceptions as exc:\n                screen = getattr(exc, \"screen\", None)\n                stacktrace = getattr(exc, \"stacktrace\", None)\n            time.sleep(self._poll)\n            if time.monotonic() > end_time:\n                break\n>       raise TimeoutException(message, screen, stacktrace)\nE       selenium.common.exceptions.TimeoutException: Message: \nE       Stacktrace:\nE       #0 0x5568dbf1efba <unknown>\nE       #1 0x5568db9a36d0 <unknown>\nE       #2 0x5568db9f52aa <unknown>\nE       #3 0x5568db9f5541 <unknown>\nE       #4 0x5568dba436c4 <unknown>\nE       #5 0x5568dba1ae5d <unknown>\nE       #6 0x5568dba40b54 <unknown>\nE       #7 0x5568dba1ac03 <unknown>\nE       #8 0x5568db9e77a8 <unknown>\nE       #9 0x5568db9e8421 <unknown>\nE       #10 0x5568dbee3b28 <unknown>\nE       #11 0x5568dbee787f <unknown>\nE       #12 0x5568dbecbc49 <unknown>\nE       #13 0x5568dbee8405 <unknown>\nE       #14 0x5568dbeb14ff <unknown>\nE       #15 0x5568dbf0c258 <unknown>\nE       #16 0x5568dbf0c432 <unknown>\nE       #17 0x5568dbf1dfa3 <unknown>\nE       #18 0x7f4f16c9caa4 <unknown>\nE       #19 0x7f4f16d29c6c <unknown>\n\n/opt/hostedtoolcache/Python/3.12.3/x64/lib/python3.12/site-packages/selenium/webdriver/support/wait.py:95: TimeoutException",
  "flaky" : false,
  "newFailed" : false,
  "beforeStages" : [ {
    "name" : "driver",
    "time" : {
      "start" : 1760320238568,
      "stop" : 1760320239825,
      "duration" : 1257
    },
    "status" : "passed",
    "steps" : [ ],
    "attachments" : [ ],
    "parameters" : [ ],
    "stepsCount" : 0,
    "attachmentsCount" : 0,
    "shouldDisplayMessage" : false,
    "hasContent" : false
  }, {
    "name" : "clear_allure_result_folder",
    "time" : {
      "start" : 1760317852254,
      "stop" : 1760317852255,
      "duration" : 1
    },
    "status" : "passed",
    "steps" : [ ],
    "attachments" : [ ],
    "parameters" : [ ],
    "stepsCount" : 0,
    "attachmentsCount" : 0,
    "shouldDisplayMessage" : false,
    "hasContent" : false
  }, {
    "name" : "_session_faker",
    "time" : {
      "start" : 1760317852186,
      "stop" : 1760317852254,
      "duration" : 68
    },
    "status" : "passed",
    "steps" : [ ],
    "attachments" : [ ],
    "parameters" : [ ],
    "stepsCount" : 0,
    "attachmentsCount" : 0,
    "shouldDisplayMessage" : false,
    "hasContent" : false
  } ],
  "testStage" : {
    "description" : "Check Shop By title is visible",
    "status" : "broken",
    "statusMessage" : "selenium.common.exceptions.TimeoutException: Message: \nStacktrace:\n#0 0x5568dbf1efba <unknown>\n#1 0x5568db9a36d0 <unknown>\n#2 0x5568db9f52aa <unknown>\n#3 0x5568db9f5541 <unknown>\n#4 0x5568dba436c4 <unknown>\n#5 0x5568dba1ae5d <unknown>\n#6 0x5568dba40b54 <unknown>\n#7 0x5568dba1ac03 <unknown>\n#8 0x5568db9e77a8 <unknown>\n#9 0x5568db9e8421 <unknown>\n#10 0x5568dbee3b28 <unknown>\n#11 0x5568dbee787f <unknown>\n#12 0x5568dbecbc49 <unknown>\n#13 0x5568dbee8405 <unknown>\n#14 0x5568dbeb14ff <unknown>\n#15 0x5568dbf0c258 <unknown>\n#16 0x5568dbf0c432 <unknown>\n#17 0x5568dbf1dfa3 <unknown>\n#18 0x7f4f16c9caa4 <unknown>\n#19 0x7f4f16d29c6c <unknown>",
    "statusTrace" : "self = <test_women.TestWomenPage object at 0x7f42059a09e0>\ndriver = <selenium.webdriver.chrome.webdriver.WebDriver (session=\"ed34ac3b215dc7dcbbc8add865a22031\")>\n\n    @allure.title(\"TC 12.01.01 Check side panel title Shop By is visible\")\n    def test_tc_12_01_01(self, driver):\n        \"\"\"Check Shop By title is visible\"\"\"\n        page = WomenPage(driver, WOMEN_PAGE_URL)\n        page.open()\n>       title = page.check_side_panel_name()\n\ntests/test_women.py:16: \n_ _ _ _ _ _ _ _ _ _ _ _ _ _ _ _ _ _ _ _ _ _ _ _ _ _ _ _ _ _ _ _ _ _ _ _ _ _ _ _ \npages/women_page.py:12: in check_side_panel_name\n    shop_by_title = self.element_is_visible(self.side_panel_locators.SHOP_BY)\npages/base_page.py:30: in element_is_visible\n    self.go_to_element(self.element_is_present(locator))\npages/base_page.py:51: in element_is_present\n    return wait(self.driver, timeout).until(EC.presence_of_element_located(locator))\n_ _ _ _ _ _ _ _ _ _ _ _ _ _ _ _ _ _ _ _ _ _ _ _ _ _ _ _ _ _ _ _ _ _ _ _ _ _ _ _ \n\nself = <selenium.webdriver.support.wait.WebDriverWait (session=\"ed34ac3b215dc7dcbbc8add865a22031\")>\nmethod = <function presence_of_element_located.<locals>._predicate at 0x7f42054b1d00>\nmessage = ''\n\n    def until(self, method, message: str = \"\"):\n        \"\"\"Calls the method provided with the driver as an argument until the \\\n        return value does not evaluate to ``False``.\n    \n        :param method: callable(WebDriver)\n        :param message: optional message for :exc:`TimeoutException`\n        :returns: the result of the last call to `method`\n        :raises: :exc:`selenium.common.exceptions.TimeoutException` if timeout occurs\n        \"\"\"\n        screen = None\n        stacktrace = None\n    \n        end_time = time.monotonic() + self._timeout\n        while True:\n            try:\n                value = method(self._driver)\n                if value:\n                    return value\n            except self._ignored_exceptions as exc:\n                screen = getattr(exc, \"screen\", None)\n                stacktrace = getattr(exc, \"stacktrace\", None)\n            time.sleep(self._poll)\n            if time.monotonic() > end_time:\n                break\n>       raise TimeoutException(message, screen, stacktrace)\nE       selenium.common.exceptions.TimeoutException: Message: \nE       Stacktrace:\nE       #0 0x5568dbf1efba <unknown>\nE       #1 0x5568db9a36d0 <unknown>\nE       #2 0x5568db9f52aa <unknown>\nE       #3 0x5568db9f5541 <unknown>\nE       #4 0x5568dba436c4 <unknown>\nE       #5 0x5568dba1ae5d <unknown>\nE       #6 0x5568dba40b54 <unknown>\nE       #7 0x5568dba1ac03 <unknown>\nE       #8 0x5568db9e77a8 <unknown>\nE       #9 0x5568db9e8421 <unknown>\nE       #10 0x5568dbee3b28 <unknown>\nE       #11 0x5568dbee787f <unknown>\nE       #12 0x5568dbecbc49 <unknown>\nE       #13 0x5568dbee8405 <unknown>\nE       #14 0x5568dbeb14ff <unknown>\nE       #15 0x5568dbf0c258 <unknown>\nE       #16 0x5568dbf0c432 <unknown>\nE       #17 0x5568dbf1dfa3 <unknown>\nE       #18 0x7f4f16c9caa4 <unknown>\nE       #19 0x7f4f16d29c6c <unknown>\n\n/opt/hostedtoolcache/Python/3.12.3/x64/lib/python3.12/site-packages/selenium/webdriver/support/wait.py:95: TimeoutException",
    "steps" : [ {
      "name" : "Open a browser",
      "time" : {
        "start" : 1760320239826,
        "stop" : 1760320239959,
        "duration" : 133
      },
      "status" : "passed",
      "steps" : [ ],
      "attachments" : [ ],
      "parameters" : [ ],
      "stepsCount" : 0,
      "attachmentsCount" : 0,
      "shouldDisplayMessage" : false,
      "hasContent" : false
    }, {
      "name" : "Check the side Shop By title is visible",
      "time" : {
        "start" : 1760320239959,
        "stop" : 1760320245062,
        "duration" : 5103
      },
      "status" : "broken",
      "statusMessage" : "selenium.common.exceptions.TimeoutException: Message: \nStacktrace:\n#0 0x5568dbf1efba <unknown>\n#1 0x5568db9a36d0 <unknown>\n#2 0x5568db9f52aa <unknown>\n#3 0x5568db9f5541 <unknown>\n#4 0x5568dba436c4 <unknown>\n#5 0x5568dba1ae5d <unknown>\n#6 0x5568dba40b54 <unknown>\n#7 0x5568dba1ac03 <unknown>\n#8 0x5568db9e77a8 <unknown>\n#9 0x5568db9e8421 <unknown>\n#10 0x5568dbee3b28 <unknown>\n#11 0x5568dbee787f <unknown>\n#12 0x5568dbecbc49 <unknown>\n#13 0x5568dbee8405 <unknown>\n#14 0x5568dbeb14ff <unknown>\n#15 0x5568dbf0c258 <unknown>\n#16 0x5568dbf0c432 <unknown>\n#17 0x5568dbf1dfa3 <unknown>\n#18 0x7f4f16c9caa4 <unknown>\n#19 0x7f4f16d29c6c <unknown>\n\n",
      "statusTrace" : "  File \"/opt/hostedtoolcache/Python/3.12.3/x64/lib/python3.12/site-packages/allure_commons/_allure.py\", line 192, in impl\n    return func(*a, **kw)\n           ^^^^^^^^^^^^^^\n  File \"/home/runner/work/luma_project/luma_project/pages/women_page.py\", line 12, in check_side_panel_name\n    shop_by_title = self.element_is_visible(self.side_panel_locators.SHOP_BY)\n                    ^^^^^^^^^^^^^^^^^^^^^^^^^^^^^^^^^^^^^^^^^^^^^^^^^^^^^^^^^\n  File \"/opt/hostedtoolcache/Python/3.12.3/x64/lib/python3.12/site-packages/allure_commons/_allure.py\", line 192, in impl\n    return func(*a, **kw)\n           ^^^^^^^^^^^^^^\n  File \"/home/runner/work/luma_project/luma_project/pages/base_page.py\", line 30, in element_is_visible\n    self.go_to_element(self.element_is_present(locator))\n                       ^^^^^^^^^^^^^^^^^^^^^^^^^^^^^^^^\n  File \"/opt/hostedtoolcache/Python/3.12.3/x64/lib/python3.12/site-packages/allure_commons/_allure.py\", line 192, in impl\n    return func(*a, **kw)\n           ^^^^^^^^^^^^^^\n  File \"/home/runner/work/luma_project/luma_project/pages/base_page.py\", line 51, in element_is_present\n    return wait(self.driver, timeout).until(EC.presence_of_element_located(locator))\n           ^^^^^^^^^^^^^^^^^^^^^^^^^^^^^^^^^^^^^^^^^^^^^^^^^^^^^^^^^^^^^^^^^^^^^^^^^\n  File \"/opt/hostedtoolcache/Python/3.12.3/x64/lib/python3.12/site-packages/selenium/webdriver/support/wait.py\", line 95, in until\n    raise TimeoutException(message, screen, stacktrace)\n",
      "steps" : [ {
        "name" : "Find a visible element",
        "time" : {
          "start" : 1760320239959,
          "stop" : 1760320245062,
          "duration" : 5103
        },
        "status" : "broken",
        "statusMessage" : "selenium.common.exceptions.TimeoutException: Message: \nStacktrace:\n#0 0x5568dbf1efba <unknown>\n#1 0x5568db9a36d0 <unknown>\n#2 0x5568db9f52aa <unknown>\n#3 0x5568db9f5541 <unknown>\n#4 0x5568dba436c4 <unknown>\n#5 0x5568dba1ae5d <unknown>\n#6 0x5568dba40b54 <unknown>\n#7 0x5568dba1ac03 <unknown>\n#8 0x5568db9e77a8 <unknown>\n#9 0x5568db9e8421 <unknown>\n#10 0x5568dbee3b28 <unknown>\n#11 0x5568dbee787f <unknown>\n#12 0x5568dbecbc49 <unknown>\n#13 0x5568dbee8405 <unknown>\n#14 0x5568dbeb14ff <unknown>\n#15 0x5568dbf0c258 <unknown>\n#16 0x5568dbf0c432 <unknown>\n#17 0x5568dbf1dfa3 <unknown>\n#18 0x7f4f16c9caa4 <unknown>\n#19 0x7f4f16d29c6c <unknown>\n\n",
        "statusTrace" : "  File \"/opt/hostedtoolcache/Python/3.12.3/x64/lib/python3.12/site-packages/allure_commons/_allure.py\", line 192, in impl\n    return func(*a, **kw)\n           ^^^^^^^^^^^^^^\n  File \"/home/runner/work/luma_project/luma_project/pages/base_page.py\", line 30, in element_is_visible\n    self.go_to_element(self.element_is_present(locator))\n                       ^^^^^^^^^^^^^^^^^^^^^^^^^^^^^^^^\n  File \"/opt/hostedtoolcache/Python/3.12.3/x64/lib/python3.12/site-packages/allure_commons/_allure.py\", line 192, in impl\n    return func(*a, **kw)\n           ^^^^^^^^^^^^^^\n  File \"/home/runner/work/luma_project/luma_project/pages/base_page.py\", line 51, in element_is_present\n    return wait(self.driver, timeout).until(EC.presence_of_element_located(locator))\n           ^^^^^^^^^^^^^^^^^^^^^^^^^^^^^^^^^^^^^^^^^^^^^^^^^^^^^^^^^^^^^^^^^^^^^^^^^\n  File \"/opt/hostedtoolcache/Python/3.12.3/x64/lib/python3.12/site-packages/selenium/webdriver/support/wait.py\", line 95, in until\n    raise TimeoutException(message, screen, stacktrace)\n",
        "steps" : [ {
          "name" : "Find a present element",
          "time" : {
            "start" : 1760320239959,
            "stop" : 1760320245062,
            "duration" : 5103
          },
          "status" : "broken",
          "statusMessage" : "selenium.common.exceptions.TimeoutException: Message: \nStacktrace:\n#0 0x5568dbf1efba <unknown>\n#1 0x5568db9a36d0 <unknown>\n#2 0x5568db9f52aa <unknown>\n#3 0x5568db9f5541 <unknown>\n#4 0x5568dba436c4 <unknown>\n#5 0x5568dba1ae5d <unknown>\n#6 0x5568dba40b54 <unknown>\n#7 0x5568dba1ac03 <unknown>\n#8 0x5568db9e77a8 <unknown>\n#9 0x5568db9e8421 <unknown>\n#10 0x5568dbee3b28 <unknown>\n#11 0x5568dbee787f <unknown>\n#12 0x5568dbecbc49 <unknown>\n#13 0x5568dbee8405 <unknown>\n#14 0x5568dbeb14ff <unknown>\n#15 0x5568dbf0c258 <unknown>\n#16 0x5568dbf0c432 <unknown>\n#17 0x5568dbf1dfa3 <unknown>\n#18 0x7f4f16c9caa4 <unknown>\n#19 0x7f4f16d29c6c <unknown>\n\n",
          "statusTrace" : "  File \"/opt/hostedtoolcache/Python/3.12.3/x64/lib/python3.12/site-packages/allure_commons/_allure.py\", line 192, in impl\n    return func(*a, **kw)\n           ^^^^^^^^^^^^^^\n  File \"/home/runner/work/luma_project/luma_project/pages/base_page.py\", line 51, in element_is_present\n    return wait(self.driver, timeout).until(EC.presence_of_element_located(locator))\n           ^^^^^^^^^^^^^^^^^^^^^^^^^^^^^^^^^^^^^^^^^^^^^^^^^^^^^^^^^^^^^^^^^^^^^^^^^\n  File \"/opt/hostedtoolcache/Python/3.12.3/x64/lib/python3.12/site-packages/selenium/webdriver/support/wait.py\", line 95, in until\n    raise TimeoutException(message, screen, stacktrace)\n",
          "steps" : [ ],
          "attachments" : [ ],
          "parameters" : [ {
            "name" : "locator",
            "value" : "('xpath', '//div[4]/div[2]/div[1]/div[1]/strong')"
          }, {
            "name" : "timeout",
            "value" : "5"
          } ],
          "stepsCount" : 0,
          "attachmentsCount" : 0,
          "shouldDisplayMessage" : true,
          "hasContent" : true
        } ],
        "attachments" : [ ],
        "parameters" : [ {
          "name" : "locator",
          "value" : "('xpath', '//div[4]/div[2]/div[1]/div[1]/strong')"
        }, {
          "name" : "timeout",
          "value" : "10"
        } ],
        "stepsCount" : 1,
        "attachmentsCount" : 0,
        "shouldDisplayMessage" : false,
        "hasContent" : true
      } ],
      "attachments" : [ ],
      "parameters" : [ ],
      "stepsCount" : 2,
      "attachmentsCount" : 0,
      "shouldDisplayMessage" : false,
      "hasContent" : true
    } ],
    "attachments" : [ {
      "uid" : "9d67ca410f39da04",
      "name" : "Screenshot",
      "source" : "9d67ca410f39da04.png",
      "type" : "image/png",
      "size" : 23875
    }, {
      "uid" : "6b4dd86b79ab45c3",
      "name" : "HTML source",
      "source" : "6b4dd86b79ab45c3.html",
      "type" : "text/html",
      "size" : 786
    } ],
    "parameters" : [ ],
    "stepsCount" : 4,
    "attachmentsCount" : 2,
    "shouldDisplayMessage" : true,
    "hasContent" : true
  },
  "afterStages" : [ {
    "name" : "driver::0",
    "time" : {
      "start" : 1760320245123,
      "stop" : 1760320245183,
      "duration" : 60
    },
    "status" : "passed",
    "steps" : [ ],
    "attachments" : [ ],
    "parameters" : [ ],
    "stepsCount" : 0,
    "attachmentsCount" : 0,
    "shouldDisplayMessage" : false,
    "hasContent" : false
  }, {
    "name" : "clear_allure_result_folder::0",
    "time" : {
      "start" : 1760320278816,
      "stop" : 1760320278816,
      "duration" : 0
    },
    "status" : "passed",
    "steps" : [ ],
    "attachments" : [ ],
    "parameters" : [ ],
    "stepsCount" : 0,
    "attachmentsCount" : 0,
    "shouldDisplayMessage" : false,
    "hasContent" : false
  } ],
  "labels" : [ {
    "name" : "epic",
    "value" : "WomenPage"
  }, {
    "name" : "parentSuite",
    "value" : "tests"
  }, {
    "name" : "suite",
    "value" : "test_women"
  }, {
    "name" : "subSuite",
    "value" : "TestWomenPage"
  }, {
    "name" : "host",
    "value" : "runnervmwhb2z"
  }, {
    "name" : "thread",
    "value" : "3004-MainThread"
  }, {
    "name" : "framework",
    "value" : "pytest"
  }, {
    "name" : "language",
    "value" : "cpython3"
  }, {
    "name" : "package",
    "value" : "tests.test_women"
  }, {
    "name" : "resultFormat",
    "value" : "allure2"
  } ],
  "parameters" : [ ],
  "links" : [ ],
  "hidden" : false,
  "retry" : false,
  "extra" : {
    "severity" : "normal",
    "retries" : [ ],
    "categories" : [ {
      "name" : "Test defects",
      "matchedStatuses" : [ ],
      "flaky" : false
    } ],
    "tags" : [ ]
  },
  "source" : "a695b7304c21389e.json",
  "parameterValues" : [ ]
}