{
  "uid" : "a6ca8c33fc7ccab2",
  "name" : "TC 13.01.17 - Check the display of the info block in block 1 'home-pants' in the Promo Block",
  "fullName" : "tests.test_main_page.TestPromoBlock#test_tc_13_01_17_check_info_block_in_section2_block1",
  "historyId" : "974455db7c788d5a4f19a3bc1a5cf9e9",
  "time" : {
    "start" : 1756085105063,
    "stop" : 1756085112176,
    "duration" : 7113
  },
  "description" : "This test checks if info block in section 2 block 1 'home-pants' is displayed",
  "descriptionHtml" : "<p>This test checks if info block in section 2 block 1 'home-pants' is displayed</p>\n",
  "status" : "broken",
  "statusMessage" : "selenium.common.exceptions.TimeoutException: Message: \nStacktrace:\n#0 0x5555f57fa01a <unknown>\n#1 0x5555f5299a70 <unknown>\n#2 0x5555f52eb907 <unknown>\n#3 0x5555f52ebb01 <unknown>\n#4 0x5555f5339d54 <unknown>\n#5 0x5555f531140d <unknown>\n#6 0x5555f533714f <unknown>\n#7 0x5555f53111b3 <unknown>\n#8 0x5555f52dd59b <unknown>\n#9 0x5555f52de971 <unknown>\n#10 0x5555f57bf1eb <unknown>\n#11 0x5555f57c2f39 <unknown>\n#12 0x5555f57a62c9 <unknown>\n#13 0x5555f57c3ae8 <unknown>\n#14 0x5555f578abaf <unknown>\n#15 0x5555f57e70a8 <unknown>\n#16 0x5555f57e7286 <unknown>\n#17 0x5555f57f8ff6 <unknown>\n#18 0x7ffa41a9caa4 <unknown>\n#19 0x7ffa41b29c3c <unknown>",
  "statusTrace" : "self = <test_main_page.TestMainPage.TestPromoBlock object at 0x7f3c6e636de0>\ndriver = <selenium.webdriver.chrome.webdriver.WebDriver (session=\"875421ec62b12eeb41b050667bea148c\")>\n\n    @allure.title(\"TC 13.01.17 - Check the display of the info block in block 1 'home-pants' in the Promo Block\")\n    def test_tc_13_01_17_check_info_block_in_section2_block1(self, driver):\n        \"\"\"This test checks if info block in section 2 block 1 'home-pants' is displayed\"\"\"\n        page = PromoBlock(driver, MAIN_PAGE_URL)\n        page.open()\n>       assert page.element_is_visible(self.locators.SECTION_2_BLOCK_1_INFO_BLOCK), \\\n            \"The info block in section 2 block 1 under header is invisible on the Main Page\"\n\ntests/test_main_page.py:262: \n_ _ _ _ _ _ _ _ _ _ _ _ _ _ _ _ _ _ _ _ _ _ _ _ _ _ _ _ _ _ _ _ _ _ _ _ _ _ _ _ \npages/base_page.py:30: in element_is_visible\n    self.go_to_element(self.element_is_present(locator))\npages/base_page.py:51: in element_is_present\n    return wait(self.driver, timeout).until(EC.presence_of_element_located(locator))\n_ _ _ _ _ _ _ _ _ _ _ _ _ _ _ _ _ _ _ _ _ _ _ _ _ _ _ _ _ _ _ _ _ _ _ _ _ _ _ _ \n\nself = <selenium.webdriver.support.wait.WebDriverWait (session=\"875421ec62b12eeb41b050667bea148c\")>\nmethod = <function presence_of_element_located.<locals>._predicate at 0x7f3c6e483600>\nmessage = ''\n\n    def until(self, method, message: str = \"\"):\n        \"\"\"Calls the method provided with the driver as an argument until the \\\n        return value does not evaluate to ``False``.\n    \n        :param method: callable(WebDriver)\n        :param message: optional message for :exc:`TimeoutException`\n        :returns: the result of the last call to `method`\n        :raises: :exc:`selenium.common.exceptions.TimeoutException` if timeout occurs\n        \"\"\"\n        screen = None\n        stacktrace = None\n    \n        end_time = time.monotonic() + self._timeout\n        while True:\n            try:\n                value = method(self._driver)\n                if value:\n                    return value\n            except self._ignored_exceptions as exc:\n                screen = getattr(exc, \"screen\", None)\n                stacktrace = getattr(exc, \"stacktrace\", None)\n            time.sleep(self._poll)\n            if time.monotonic() > end_time:\n                break\n>       raise TimeoutException(message, screen, stacktrace)\nE       selenium.common.exceptions.TimeoutException: Message: \nE       Stacktrace:\nE       #0 0x5555f57fa01a <unknown>\nE       #1 0x5555f5299a70 <unknown>\nE       #2 0x5555f52eb907 <unknown>\nE       #3 0x5555f52ebb01 <unknown>\nE       #4 0x5555f5339d54 <unknown>\nE       #5 0x5555f531140d <unknown>\nE       #6 0x5555f533714f <unknown>\nE       #7 0x5555f53111b3 <unknown>\nE       #8 0x5555f52dd59b <unknown>\nE       #9 0x5555f52de971 <unknown>\nE       #10 0x5555f57bf1eb <unknown>\nE       #11 0x5555f57c2f39 <unknown>\nE       #12 0x5555f57a62c9 <unknown>\nE       #13 0x5555f57c3ae8 <unknown>\nE       #14 0x5555f578abaf <unknown>\nE       #15 0x5555f57e70a8 <unknown>\nE       #16 0x5555f57e7286 <unknown>\nE       #17 0x5555f57f8ff6 <unknown>\nE       #18 0x7ffa41a9caa4 <unknown>\nE       #19 0x7ffa41b29c3c <unknown>\n\n/opt/hostedtoolcache/Python/3.12.3/x64/lib/python3.12/site-packages/selenium/webdriver/support/wait.py:95: TimeoutException",
  "flaky" : false,
  "newFailed" : false,
  "beforeStages" : [ {
    "name" : "_session_faker",
    "time" : {
      "start" : 1756084307480,
      "stop" : 1756084307548,
      "duration" : 68
    },
    "status" : "passed",
    "steps" : [ ],
    "attachments" : [ ],
    "parameters" : [ ],
    "stepsCount" : 0,
    "attachmentsCount" : 0,
    "shouldDisplayMessage" : false,
    "hasContent" : false
  }, {
    "name" : "clear_allure_result_folder",
    "time" : {
      "start" : 1756084307548,
      "stop" : 1756084307548,
      "duration" : 0
    },
    "status" : "passed",
    "steps" : [ ],
    "attachments" : [ ],
    "parameters" : [ ],
    "stepsCount" : 0,
    "attachmentsCount" : 0,
    "shouldDisplayMessage" : false,
    "hasContent" : false
  }, {
    "name" : "driver",
    "time" : {
      "start" : 1756085103839,
      "stop" : 1756085105062,
      "duration" : 1223
    },
    "status" : "passed",
    "steps" : [ ],
    "attachments" : [ ],
    "parameters" : [ ],
    "stepsCount" : 0,
    "attachmentsCount" : 0,
    "shouldDisplayMessage" : false,
    "hasContent" : false
  } ],
  "testStage" : {
    "description" : "This test checks if info block in section 2 block 1 'home-pants' is displayed",
    "status" : "broken",
    "statusMessage" : "selenium.common.exceptions.TimeoutException: Message: \nStacktrace:\n#0 0x5555f57fa01a <unknown>\n#1 0x5555f5299a70 <unknown>\n#2 0x5555f52eb907 <unknown>\n#3 0x5555f52ebb01 <unknown>\n#4 0x5555f5339d54 <unknown>\n#5 0x5555f531140d <unknown>\n#6 0x5555f533714f <unknown>\n#7 0x5555f53111b3 <unknown>\n#8 0x5555f52dd59b <unknown>\n#9 0x5555f52de971 <unknown>\n#10 0x5555f57bf1eb <unknown>\n#11 0x5555f57c2f39 <unknown>\n#12 0x5555f57a62c9 <unknown>\n#13 0x5555f57c3ae8 <unknown>\n#14 0x5555f578abaf <unknown>\n#15 0x5555f57e70a8 <unknown>\n#16 0x5555f57e7286 <unknown>\n#17 0x5555f57f8ff6 <unknown>\n#18 0x7ffa41a9caa4 <unknown>\n#19 0x7ffa41b29c3c <unknown>",
    "statusTrace" : "self = <test_main_page.TestMainPage.TestPromoBlock object at 0x7f3c6e636de0>\ndriver = <selenium.webdriver.chrome.webdriver.WebDriver (session=\"875421ec62b12eeb41b050667bea148c\")>\n\n    @allure.title(\"TC 13.01.17 - Check the display of the info block in block 1 'home-pants' in the Promo Block\")\n    def test_tc_13_01_17_check_info_block_in_section2_block1(self, driver):\n        \"\"\"This test checks if info block in section 2 block 1 'home-pants' is displayed\"\"\"\n        page = PromoBlock(driver, MAIN_PAGE_URL)\n        page.open()\n>       assert page.element_is_visible(self.locators.SECTION_2_BLOCK_1_INFO_BLOCK), \\\n            \"The info block in section 2 block 1 under header is invisible on the Main Page\"\n\ntests/test_main_page.py:262: \n_ _ _ _ _ _ _ _ _ _ _ _ _ _ _ _ _ _ _ _ _ _ _ _ _ _ _ _ _ _ _ _ _ _ _ _ _ _ _ _ \npages/base_page.py:30: in element_is_visible\n    self.go_to_element(self.element_is_present(locator))\npages/base_page.py:51: in element_is_present\n    return wait(self.driver, timeout).until(EC.presence_of_element_located(locator))\n_ _ _ _ _ _ _ _ _ _ _ _ _ _ _ _ _ _ _ _ _ _ _ _ _ _ _ _ _ _ _ _ _ _ _ _ _ _ _ _ \n\nself = <selenium.webdriver.support.wait.WebDriverWait (session=\"875421ec62b12eeb41b050667bea148c\")>\nmethod = <function presence_of_element_located.<locals>._predicate at 0x7f3c6e483600>\nmessage = ''\n\n    def until(self, method, message: str = \"\"):\n        \"\"\"Calls the method provided with the driver as an argument until the \\\n        return value does not evaluate to ``False``.\n    \n        :param method: callable(WebDriver)\n        :param message: optional message for :exc:`TimeoutException`\n        :returns: the result of the last call to `method`\n        :raises: :exc:`selenium.common.exceptions.TimeoutException` if timeout occurs\n        \"\"\"\n        screen = None\n        stacktrace = None\n    \n        end_time = time.monotonic() + self._timeout\n        while True:\n            try:\n                value = method(self._driver)\n                if value:\n                    return value\n            except self._ignored_exceptions as exc:\n                screen = getattr(exc, \"screen\", None)\n                stacktrace = getattr(exc, \"stacktrace\", None)\n            time.sleep(self._poll)\n            if time.monotonic() > end_time:\n                break\n>       raise TimeoutException(message, screen, stacktrace)\nE       selenium.common.exceptions.TimeoutException: Message: \nE       Stacktrace:\nE       #0 0x5555f57fa01a <unknown>\nE       #1 0x5555f5299a70 <unknown>\nE       #2 0x5555f52eb907 <unknown>\nE       #3 0x5555f52ebb01 <unknown>\nE       #4 0x5555f5339d54 <unknown>\nE       #5 0x5555f531140d <unknown>\nE       #6 0x5555f533714f <unknown>\nE       #7 0x5555f53111b3 <unknown>\nE       #8 0x5555f52dd59b <unknown>\nE       #9 0x5555f52de971 <unknown>\nE       #10 0x5555f57bf1eb <unknown>\nE       #11 0x5555f57c2f39 <unknown>\nE       #12 0x5555f57a62c9 <unknown>\nE       #13 0x5555f57c3ae8 <unknown>\nE       #14 0x5555f578abaf <unknown>\nE       #15 0x5555f57e70a8 <unknown>\nE       #16 0x5555f57e7286 <unknown>\nE       #17 0x5555f57f8ff6 <unknown>\nE       #18 0x7ffa41a9caa4 <unknown>\nE       #19 0x7ffa41b29c3c <unknown>\n\n/opt/hostedtoolcache/Python/3.12.3/x64/lib/python3.12/site-packages/selenium/webdriver/support/wait.py:95: TimeoutException",
    "steps" : [ {
      "name" : "Open a browser",
      "time" : {
        "start" : 1756085105063,
        "stop" : 1756085107063,
        "duration" : 2000
      },
      "status" : "passed",
      "steps" : [ ],
      "attachments" : [ ],
      "parameters" : [ ],
      "stepsCount" : 0,
      "attachmentsCount" : 0,
      "shouldDisplayMessage" : false,
      "hasContent" : false
    }, {
      "name" : "Find a visible element",
      "time" : {
        "start" : 1756085107063,
        "stop" : 1756085112176,
        "duration" : 5113
      },
      "status" : "broken",
      "statusMessage" : "selenium.common.exceptions.TimeoutException: Message: \nStacktrace:\n#0 0x5555f57fa01a <unknown>\n#1 0x5555f5299a70 <unknown>\n#2 0x5555f52eb907 <unknown>\n#3 0x5555f52ebb01 <unknown>\n#4 0x5555f5339d54 <unknown>\n#5 0x5555f531140d <unknown>\n#6 0x5555f533714f <unknown>\n#7 0x5555f53111b3 <unknown>\n#8 0x5555f52dd59b <unknown>\n#9 0x5555f52de971 <unknown>\n#10 0x5555f57bf1eb <unknown>\n#11 0x5555f57c2f39 <unknown>\n#12 0x5555f57a62c9 <unknown>\n#13 0x5555f57c3ae8 <unknown>\n#14 0x5555f578abaf <unknown>\n#15 0x5555f57e70a8 <unknown>\n#16 0x5555f57e7286 <unknown>\n#17 0x5555f57f8ff6 <unknown>\n#18 0x7ffa41a9caa4 <unknown>\n#19 0x7ffa41b29c3c <unknown>\n\n",
      "statusTrace" : "  File \"/opt/hostedtoolcache/Python/3.12.3/x64/lib/python3.12/site-packages/allure_commons/_allure.py\", line 192, in impl\n    return func(*a, **kw)\n           ^^^^^^^^^^^^^^\n  File \"/home/runner/work/luma_project/luma_project/pages/base_page.py\", line 30, in element_is_visible\n    self.go_to_element(self.element_is_present(locator))\n                       ^^^^^^^^^^^^^^^^^^^^^^^^^^^^^^^^\n  File \"/opt/hostedtoolcache/Python/3.12.3/x64/lib/python3.12/site-packages/allure_commons/_allure.py\", line 192, in impl\n    return func(*a, **kw)\n           ^^^^^^^^^^^^^^\n  File \"/home/runner/work/luma_project/luma_project/pages/base_page.py\", line 51, in element_is_present\n    return wait(self.driver, timeout).until(EC.presence_of_element_located(locator))\n           ^^^^^^^^^^^^^^^^^^^^^^^^^^^^^^^^^^^^^^^^^^^^^^^^^^^^^^^^^^^^^^^^^^^^^^^^^\n  File \"/opt/hostedtoolcache/Python/3.12.3/x64/lib/python3.12/site-packages/selenium/webdriver/support/wait.py\", line 95, in until\n    raise TimeoutException(message, screen, stacktrace)\n",
      "steps" : [ {
        "name" : "Find a present element",
        "time" : {
          "start" : 1756085107063,
          "stop" : 1756085112175,
          "duration" : 5112
        },
        "status" : "broken",
        "statusMessage" : "selenium.common.exceptions.TimeoutException: Message: \nStacktrace:\n#0 0x5555f57fa01a <unknown>\n#1 0x5555f5299a70 <unknown>\n#2 0x5555f52eb907 <unknown>\n#3 0x5555f52ebb01 <unknown>\n#4 0x5555f5339d54 <unknown>\n#5 0x5555f531140d <unknown>\n#6 0x5555f533714f <unknown>\n#7 0x5555f53111b3 <unknown>\n#8 0x5555f52dd59b <unknown>\n#9 0x5555f52de971 <unknown>\n#10 0x5555f57bf1eb <unknown>\n#11 0x5555f57c2f39 <unknown>\n#12 0x5555f57a62c9 <unknown>\n#13 0x5555f57c3ae8 <unknown>\n#14 0x5555f578abaf <unknown>\n#15 0x5555f57e70a8 <unknown>\n#16 0x5555f57e7286 <unknown>\n#17 0x5555f57f8ff6 <unknown>\n#18 0x7ffa41a9caa4 <unknown>\n#19 0x7ffa41b29c3c <unknown>\n\n",
        "statusTrace" : "  File \"/opt/hostedtoolcache/Python/3.12.3/x64/lib/python3.12/site-packages/allure_commons/_allure.py\", line 192, in impl\n    return func(*a, **kw)\n           ^^^^^^^^^^^^^^\n  File \"/home/runner/work/luma_project/luma_project/pages/base_page.py\", line 51, in element_is_present\n    return wait(self.driver, timeout).until(EC.presence_of_element_located(locator))\n           ^^^^^^^^^^^^^^^^^^^^^^^^^^^^^^^^^^^^^^^^^^^^^^^^^^^^^^^^^^^^^^^^^^^^^^^^^\n  File \"/opt/hostedtoolcache/Python/3.12.3/x64/lib/python3.12/site-packages/selenium/webdriver/support/wait.py\", line 95, in until\n    raise TimeoutException(message, screen, stacktrace)\n",
        "steps" : [ ],
        "attachments" : [ ],
        "parameters" : [ {
          "name" : "locator",
          "value" : "('css selector', '.home-pants .content')"
        }, {
          "name" : "timeout",
          "value" : "5"
        } ],
        "stepsCount" : 0,
        "attachmentsCount" : 0,
        "shouldDisplayMessage" : true,
        "hasContent" : true
      } ],
      "attachments" : [ ],
      "parameters" : [ {
        "name" : "locator",
        "value" : "('css selector', '.home-pants .content')"
      }, {
        "name" : "timeout",
        "value" : "10"
      } ],
      "stepsCount" : 1,
      "attachmentsCount" : 0,
      "shouldDisplayMessage" : false,
      "hasContent" : true
    } ],
    "attachments" : [ {
      "uid" : "e8a2981b3c005be7",
      "name" : "Screenshot",
      "source" : "e8a2981b3c005be7.png",
      "type" : "image/png",
      "size" : 205784
    }, {
      "uid" : "e6943762b0b5942d",
      "name" : "HTML source",
      "source" : "e6943762b0b5942d.html",
      "type" : "text/html",
      "size" : 210448
    } ],
    "parameters" : [ ],
    "stepsCount" : 3,
    "attachmentsCount" : 2,
    "shouldDisplayMessage" : true,
    "hasContent" : true
  },
  "afterStages" : [ {
    "name" : "clear_allure_result_folder::0",
    "time" : {
      "start" : 1756086144847,
      "stop" : 1756086144847,
      "duration" : 0
    },
    "status" : "passed",
    "steps" : [ ],
    "attachments" : [ ],
    "parameters" : [ ],
    "stepsCount" : 0,
    "attachmentsCount" : 0,
    "shouldDisplayMessage" : false,
    "hasContent" : false
  }, {
    "name" : "driver::0",
    "time" : {
      "start" : 1756085112318,
      "stop" : 1756085112387,
      "duration" : 69
    },
    "status" : "passed",
    "steps" : [ ],
    "attachments" : [ ],
    "parameters" : [ ],
    "stepsCount" : 0,
    "attachmentsCount" : 0,
    "shouldDisplayMessage" : false,
    "hasContent" : false
  } ],
  "labels" : [ {
    "name" : "feature",
    "value" : "Promo Block Testing"
  }, {
    "name" : "epic",
    "value" : "Main Page"
  }, {
    "name" : "parentSuite",
    "value" : "tests"
  }, {
    "name" : "suite",
    "value" : "test_main_page"
  }, {
    "name" : "subSuite",
    "value" : "TestMainPage"
  }, {
    "name" : "host",
    "value" : "pkrvmqc4gcfdwos"
  }, {
    "name" : "thread",
    "value" : "2976-MainThread"
  }, {
    "name" : "framework",
    "value" : "pytest"
  }, {
    "name" : "language",
    "value" : "cpython3"
  }, {
    "name" : "package",
    "value" : "tests.test_main_page"
  }, {
    "name" : "resultFormat",
    "value" : "allure2"
  } ],
  "parameters" : [ ],
  "links" : [ ],
  "hidden" : false,
  "retry" : false,
  "extra" : {
    "severity" : "normal",
    "retries" : [ ],
    "categories" : [ {
      "name" : "Test defects",
      "matchedStatuses" : [ ],
      "flaky" : false
    } ],
    "tags" : [ ]
  },
  "source" : "a6ca8c33fc7ccab2.json",
  "parameterValues" : [ ]
}