{
  "uid" : "a9a176305d7d4cb2",
  "name" : "TC 10.02.03, 10.02.05, 10.02.07, 10.02.09, 10.02.11 - Verify 5 links in Men's Deals open the correct pages",
  "fullName" : "tests.test_sale.TestSideMenuBarMen#test_tc_10_01_03__05_07_09_11_13",
  "historyId" : "43d60aadc30792aa4e5b0e2f9f7fad97",
  "time" : {
    "start" : 1762134107174,
    "stop" : 1762134112277,
    "duration" : 5103
  },
  "description" : "Check that five links in Men's Deals section lead to the correct pages after click",
  "descriptionHtml" : "<p>Check that five links in Men's Deals section lead to the correct pages after click</p>\n",
  "status" : "broken",
  "statusMessage" : "selenium.common.exceptions.TimeoutException: Message: \nStacktrace:\n#0 0x55f2f07f2aea <unknown>\n#1 0x55f2f023ecdb <unknown>\n#2 0x55f2f02916c4 <unknown>\n#3 0x55f2f0291901 <unknown>\n#4 0x55f2f02e08b4 <unknown>\n#5 0x55f2f02ddc87 <unknown>\n#6 0x55f2f0283aca <unknown>\n#7 0x55f2f02847d1 <unknown>\n#8 0x55f2f07b9ab9 <unknown>\n#9 0x55f2f07bca8c <unknown>\n#10 0x55f2f07a2d49 <unknown>\n#11 0x55f2f07bd685 <unknown>\n#12 0x55f2f078a6c3 <unknown>\n#13 0x55f2f07df7d8 <unknown>\n#14 0x55f2f07df9b3 <unknown>\n#15 0x55f2f07f1a83 <unknown>\n#16 0x7f9eb669caa4 <unknown>\n#17 0x7f9eb6729c6c <unknown>",
  "statusTrace" : "self = <test_sale.TestSalePage.TestSideMenuBarMen object at 0x7f69c971fbc0>\nsale_page = <pages.sale_page.SalePage object at 0x7f69c94c3fe0>\nelement_locator = ('css selector', '.categories-menu > ul:nth-child(4) > li:nth-child(2) > a')\nexpected_title = 'Jackets - Tops - Men'\nexpected_url = 'https://magento.softwaretestingboard.com/men/tops-men/jackets-men.html'\n\n    @allure.title(\"TC 10.02.03, 10.02.05, 10.02.07, 10.02.09, 10.02.11 - \"\n                  \"Verify 5 links in Men's Deals open the correct pages\")\n    @pytest.mark.parametrize(\n        \"element_locator, expected_title, expected_url\",\n        zip(\n            SideBarLocators.MEN_DEALS_ELEMENTS.values(),\n            expected_titles_m.values(),\n            expected_urls_m.values(),\n        )\n    )\n    def test_tc_10_01_03__05_07_09_11_13(self, sale_page, element_locator, expected_title, expected_url):\n        \"\"\"Check that five links in Men's Deals section lead to the correct pages after click\"\"\"\n>       element_in_men_deals = sale_page.element_is_clickable(element_locator)\n\ntests/test_sale.py:88: \n_ _ _ _ _ _ _ _ _ _ _ _ _ _ _ _ _ _ _ _ _ _ _ _ _ _ _ _ _ _ _ _ _ _ _ _ _ _ _ _ \npages/base_page.py:81: in element_is_clickable\n    return wait(self.driver, timeout).until(EC.element_to_be_clickable(locator))\n_ _ _ _ _ _ _ _ _ _ _ _ _ _ _ _ _ _ _ _ _ _ _ _ _ _ _ _ _ _ _ _ _ _ _ _ _ _ _ _ \n\nself = <selenium.webdriver.support.wait.WebDriverWait (session=\"ba5e741dbc8cd49bc56c9501fe9196a4\")>\nmethod = <function element_to_be_clickable.<locals>._predicate at 0x7f69c912a8e0>\nmessage = ''\n\n    def until(self, method, message: str = \"\"):\n        \"\"\"Calls the method provided with the driver as an argument until the \\\n        return value does not evaluate to ``False``.\n    \n        :param method: callable(WebDriver)\n        :param message: optional message for :exc:`TimeoutException`\n        :returns: the result of the last call to `method`\n        :raises: :exc:`selenium.common.exceptions.TimeoutException` if timeout occurs\n        \"\"\"\n        screen = None\n        stacktrace = None\n    \n        end_time = time.monotonic() + self._timeout\n        while True:\n            try:\n                value = method(self._driver)\n                if value:\n                    return value\n            except self._ignored_exceptions as exc:\n                screen = getattr(exc, \"screen\", None)\n                stacktrace = getattr(exc, \"stacktrace\", None)\n            time.sleep(self._poll)\n            if time.monotonic() > end_time:\n                break\n>       raise TimeoutException(message, screen, stacktrace)\nE       selenium.common.exceptions.TimeoutException: Message: \nE       Stacktrace:\nE       #0 0x55f2f07f2aea <unknown>\nE       #1 0x55f2f023ecdb <unknown>\nE       #2 0x55f2f02916c4 <unknown>\nE       #3 0x55f2f0291901 <unknown>\nE       #4 0x55f2f02e08b4 <unknown>\nE       #5 0x55f2f02ddc87 <unknown>\nE       #6 0x55f2f0283aca <unknown>\nE       #7 0x55f2f02847d1 <unknown>\nE       #8 0x55f2f07b9ab9 <unknown>\nE       #9 0x55f2f07bca8c <unknown>\nE       #10 0x55f2f07a2d49 <unknown>\nE       #11 0x55f2f07bd685 <unknown>\nE       #12 0x55f2f078a6c3 <unknown>\nE       #13 0x55f2f07df7d8 <unknown>\nE       #14 0x55f2f07df9b3 <unknown>\nE       #15 0x55f2f07f1a83 <unknown>\nE       #16 0x7f9eb669caa4 <unknown>\nE       #17 0x7f9eb6729c6c <unknown>\n\n/opt/hostedtoolcache/Python/3.12.3/x64/lib/python3.12/site-packages/selenium/webdriver/support/wait.py:95: TimeoutException",
  "flaky" : false,
  "newFailed" : false,
  "beforeStages" : [ {
    "name" : "_session_faker",
    "time" : {
      "start" : 1762132384015,
      "stop" : 1762132384084,
      "duration" : 69
    },
    "status" : "passed",
    "steps" : [ ],
    "attachments" : [ ],
    "parameters" : [ ],
    "stepsCount" : 0,
    "attachmentsCount" : 0,
    "shouldDisplayMessage" : false,
    "hasContent" : false
  }, {
    "name" : "driver",
    "time" : {
      "start" : 1762134105606,
      "stop" : 1762134106857,
      "duration" : 1251
    },
    "status" : "passed",
    "steps" : [ ],
    "attachments" : [ ],
    "parameters" : [ ],
    "stepsCount" : 0,
    "attachmentsCount" : 0,
    "shouldDisplayMessage" : false,
    "hasContent" : false
  }, {
    "name" : "clear_allure_result_folder",
    "time" : {
      "start" : 1762132384084,
      "stop" : 1762132384084,
      "duration" : 0
    },
    "status" : "passed",
    "steps" : [ ],
    "attachments" : [ ],
    "parameters" : [ ],
    "stepsCount" : 0,
    "attachmentsCount" : 0,
    "shouldDisplayMessage" : false,
    "hasContent" : false
  }, {
    "name" : "sale_page",
    "time" : {
      "start" : 1762134106857,
      "stop" : 1762134107174,
      "duration" : 317
    },
    "status" : "passed",
    "steps" : [ {
      "name" : "Open a browser",
      "time" : {
        "start" : 1762134106858,
        "stop" : 1762134107174,
        "duration" : 316
      },
      "status" : "passed",
      "steps" : [ ],
      "attachments" : [ ],
      "parameters" : [ ],
      "stepsCount" : 0,
      "attachmentsCount" : 0,
      "shouldDisplayMessage" : false,
      "hasContent" : false
    } ],
    "attachments" : [ ],
    "parameters" : [ ],
    "stepsCount" : 1,
    "attachmentsCount" : 0,
    "shouldDisplayMessage" : false,
    "hasContent" : true
  } ],
  "testStage" : {
    "description" : "Check that five links in Men's Deals section lead to the correct pages after click",
    "status" : "broken",
    "statusMessage" : "selenium.common.exceptions.TimeoutException: Message: \nStacktrace:\n#0 0x55f2f07f2aea <unknown>\n#1 0x55f2f023ecdb <unknown>\n#2 0x55f2f02916c4 <unknown>\n#3 0x55f2f0291901 <unknown>\n#4 0x55f2f02e08b4 <unknown>\n#5 0x55f2f02ddc87 <unknown>\n#6 0x55f2f0283aca <unknown>\n#7 0x55f2f02847d1 <unknown>\n#8 0x55f2f07b9ab9 <unknown>\n#9 0x55f2f07bca8c <unknown>\n#10 0x55f2f07a2d49 <unknown>\n#11 0x55f2f07bd685 <unknown>\n#12 0x55f2f078a6c3 <unknown>\n#13 0x55f2f07df7d8 <unknown>\n#14 0x55f2f07df9b3 <unknown>\n#15 0x55f2f07f1a83 <unknown>\n#16 0x7f9eb669caa4 <unknown>\n#17 0x7f9eb6729c6c <unknown>",
    "statusTrace" : "self = <test_sale.TestSalePage.TestSideMenuBarMen object at 0x7f69c971fbc0>\nsale_page = <pages.sale_page.SalePage object at 0x7f69c94c3fe0>\nelement_locator = ('css selector', '.categories-menu > ul:nth-child(4) > li:nth-child(2) > a')\nexpected_title = 'Jackets - Tops - Men'\nexpected_url = 'https://magento.softwaretestingboard.com/men/tops-men/jackets-men.html'\n\n    @allure.title(\"TC 10.02.03, 10.02.05, 10.02.07, 10.02.09, 10.02.11 - \"\n                  \"Verify 5 links in Men's Deals open the correct pages\")\n    @pytest.mark.parametrize(\n        \"element_locator, expected_title, expected_url\",\n        zip(\n            SideBarLocators.MEN_DEALS_ELEMENTS.values(),\n            expected_titles_m.values(),\n            expected_urls_m.values(),\n        )\n    )\n    def test_tc_10_01_03__05_07_09_11_13(self, sale_page, element_locator, expected_title, expected_url):\n        \"\"\"Check that five links in Men's Deals section lead to the correct pages after click\"\"\"\n>       element_in_men_deals = sale_page.element_is_clickable(element_locator)\n\ntests/test_sale.py:88: \n_ _ _ _ _ _ _ _ _ _ _ _ _ _ _ _ _ _ _ _ _ _ _ _ _ _ _ _ _ _ _ _ _ _ _ _ _ _ _ _ \npages/base_page.py:81: in element_is_clickable\n    return wait(self.driver, timeout).until(EC.element_to_be_clickable(locator))\n_ _ _ _ _ _ _ _ _ _ _ _ _ _ _ _ _ _ _ _ _ _ _ _ _ _ _ _ _ _ _ _ _ _ _ _ _ _ _ _ \n\nself = <selenium.webdriver.support.wait.WebDriverWait (session=\"ba5e741dbc8cd49bc56c9501fe9196a4\")>\nmethod = <function element_to_be_clickable.<locals>._predicate at 0x7f69c912a8e0>\nmessage = ''\n\n    def until(self, method, message: str = \"\"):\n        \"\"\"Calls the method provided with the driver as an argument until the \\\n        return value does not evaluate to ``False``.\n    \n        :param method: callable(WebDriver)\n        :param message: optional message for :exc:`TimeoutException`\n        :returns: the result of the last call to `method`\n        :raises: :exc:`selenium.common.exceptions.TimeoutException` if timeout occurs\n        \"\"\"\n        screen = None\n        stacktrace = None\n    \n        end_time = time.monotonic() + self._timeout\n        while True:\n            try:\n                value = method(self._driver)\n                if value:\n                    return value\n            except self._ignored_exceptions as exc:\n                screen = getattr(exc, \"screen\", None)\n                stacktrace = getattr(exc, \"stacktrace\", None)\n            time.sleep(self._poll)\n            if time.monotonic() > end_time:\n                break\n>       raise TimeoutException(message, screen, stacktrace)\nE       selenium.common.exceptions.TimeoutException: Message: \nE       Stacktrace:\nE       #0 0x55f2f07f2aea <unknown>\nE       #1 0x55f2f023ecdb <unknown>\nE       #2 0x55f2f02916c4 <unknown>\nE       #3 0x55f2f0291901 <unknown>\nE       #4 0x55f2f02e08b4 <unknown>\nE       #5 0x55f2f02ddc87 <unknown>\nE       #6 0x55f2f0283aca <unknown>\nE       #7 0x55f2f02847d1 <unknown>\nE       #8 0x55f2f07b9ab9 <unknown>\nE       #9 0x55f2f07bca8c <unknown>\nE       #10 0x55f2f07a2d49 <unknown>\nE       #11 0x55f2f07bd685 <unknown>\nE       #12 0x55f2f078a6c3 <unknown>\nE       #13 0x55f2f07df7d8 <unknown>\nE       #14 0x55f2f07df9b3 <unknown>\nE       #15 0x55f2f07f1a83 <unknown>\nE       #16 0x7f9eb669caa4 <unknown>\nE       #17 0x7f9eb6729c6c <unknown>\n\n/opt/hostedtoolcache/Python/3.12.3/x64/lib/python3.12/site-packages/selenium/webdriver/support/wait.py:95: TimeoutException",
    "steps" : [ {
      "name" : "Find clickable elements",
      "time" : {
        "start" : 1762134107174,
        "stop" : 1762134112276,
        "duration" : 5102
      },
      "status" : "broken",
      "statusMessage" : "selenium.common.exceptions.TimeoutException: Message: \nStacktrace:\n#0 0x55f2f07f2aea <unknown>\n#1 0x55f2f023ecdb <unknown>\n#2 0x55f2f02916c4 <unknown>\n#3 0x55f2f0291901 <unknown>\n#4 0x55f2f02e08b4 <unknown>\n#5 0x55f2f02ddc87 <unknown>\n#6 0x55f2f0283aca <unknown>\n#7 0x55f2f02847d1 <unknown>\n#8 0x55f2f07b9ab9 <unknown>\n#9 0x55f2f07bca8c <unknown>\n#10 0x55f2f07a2d49 <unknown>\n#11 0x55f2f07bd685 <unknown>\n#12 0x55f2f078a6c3 <unknown>\n#13 0x55f2f07df7d8 <unknown>\n#14 0x55f2f07df9b3 <unknown>\n#15 0x55f2f07f1a83 <unknown>\n#16 0x7f9eb669caa4 <unknown>\n#17 0x7f9eb6729c6c <unknown>\n\n",
      "statusTrace" : "  File \"/opt/hostedtoolcache/Python/3.12.3/x64/lib/python3.12/site-packages/allure_commons/_allure.py\", line 192, in impl\n    return func(*a, **kw)\n           ^^^^^^^^^^^^^^\n  File \"/home/runner/work/luma_project/luma_project/pages/base_page.py\", line 81, in element_is_clickable\n    return wait(self.driver, timeout).until(EC.element_to_be_clickable(locator))\n           ^^^^^^^^^^^^^^^^^^^^^^^^^^^^^^^^^^^^^^^^^^^^^^^^^^^^^^^^^^^^^^^^^^^^^\n  File \"/opt/hostedtoolcache/Python/3.12.3/x64/lib/python3.12/site-packages/selenium/webdriver/support/wait.py\", line 95, in until\n    raise TimeoutException(message, screen, stacktrace)\n",
      "steps" : [ ],
      "attachments" : [ ],
      "parameters" : [ {
        "name" : "locator",
        "value" : "('css selector', '.categories-menu > ul:nth-child(4) > li:nth-child(2) > a')"
      }, {
        "name" : "timeout",
        "value" : "5"
      } ],
      "stepsCount" : 0,
      "attachmentsCount" : 0,
      "shouldDisplayMessage" : true,
      "hasContent" : true
    } ],
    "attachments" : [ {
      "uid" : "172fd77583153be4",
      "name" : "Screenshot",
      "source" : "172fd77583153be4.png",
      "type" : "image/png",
      "size" : 23875
    }, {
      "uid" : "bcffa3b56d92330f",
      "name" : "HTML source",
      "source" : "bcffa3b56d92330f.html",
      "type" : "text/html",
      "size" : 1433
    } ],
    "parameters" : [ ],
    "stepsCount" : 1,
    "attachmentsCount" : 2,
    "shouldDisplayMessage" : true,
    "hasContent" : true
  },
  "afterStages" : [ {
    "name" : "driver::0",
    "time" : {
      "start" : 1762134112344,
      "stop" : 1762134112406,
      "duration" : 62
    },
    "status" : "passed",
    "steps" : [ ],
    "attachments" : [ ],
    "parameters" : [ ],
    "stepsCount" : 0,
    "attachmentsCount" : 0,
    "shouldDisplayMessage" : false,
    "hasContent" : false
  }, {
    "name" : "clear_allure_result_folder::0",
    "time" : {
      "start" : 1762134831241,
      "stop" : 1762134831241,
      "duration" : 0
    },
    "status" : "passed",
    "steps" : [ ],
    "attachments" : [ ],
    "parameters" : [ ],
    "stepsCount" : 0,
    "attachmentsCount" : 0,
    "shouldDisplayMessage" : false,
    "hasContent" : false
  } ],
  "labels" : [ {
    "name" : "epic",
    "value" : "Sale Page"
  }, {
    "name" : "feature",
    "value" : "Testing Side Menu Bar - Men's Deals Section"
  }, {
    "name" : "parentSuite",
    "value" : "tests"
  }, {
    "name" : "suite",
    "value" : "test_sale"
  }, {
    "name" : "subSuite",
    "value" : "TestSalePage"
  }, {
    "name" : "host",
    "value" : "runnervmf2e7y"
  }, {
    "name" : "thread",
    "value" : "3807-MainThread"
  }, {
    "name" : "framework",
    "value" : "pytest"
  }, {
    "name" : "language",
    "value" : "cpython3"
  }, {
    "name" : "package",
    "value" : "tests.test_sale"
  }, {
    "name" : "resultFormat",
    "value" : "allure2"
  } ],
  "parameters" : [ {
    "name" : "element_locator",
    "value" : "('css selector', '.categories-menu > ul:nth-child(4) > li:nth-child(2) > a')"
  }, {
    "name" : "expected_title",
    "value" : "'Jackets - Tops - Men'"
  }, {
    "name" : "expected_url",
    "value" : "'https://magento.softwaretestingboard.com/men/tops-men/jackets-men.html'"
  } ],
  "links" : [ ],
  "hidden" : false,
  "retry" : false,
  "extra" : {
    "severity" : "normal",
    "retries" : [ ],
    "categories" : [ {
      "name" : "Test defects",
      "matchedStatuses" : [ ],
      "flaky" : false
    } ],
    "tags" : [ ]
  },
  "source" : "a9a176305d7d4cb2.json",
  "parameterValues" : [ "('css selector', '.categories-menu > ul:nth-child(4) > li:nth-child(2) > a')", "'Jackets - Tops - Men'", "'https://magento.softwaretestingboard.com/men/tops-men/jackets-men.html'" ]
}