{
  "uid" : "ad27baeea8261317",
  "name" : "TC 14.04.01 Verify the 'BOTTOMS' subhead is displayed",
  "fullName" : "tests.test_men.TestMenPage#test_tc_14_04_01",
  "historyId" : "a4f85634e84292b71b51365172d42bff",
  "time" : {
    "start" : 1760924200108,
    "stop" : 1760924205385,
    "duration" : 5277
  },
  "description" : "Verify that the subhead 'BOTTOMS' is displayed",
  "descriptionHtml" : "<p>Verify that the subhead 'BOTTOMS' is displayed</p>\n",
  "status" : "broken",
  "statusMessage" : "selenium.common.exceptions.TimeoutException: Message: \nStacktrace:\n#0 0x55b4d02b767a <unknown>\n#1 0x55b4cfd36566 <unknown>\n#2 0x55b4cfd8868d <unknown>\n#3 0x55b4cfd88921 <unknown>\n#4 0x55b4cfdd6e94 <unknown>\n#5 0x55b4cfdae65d <unknown>\n#6 0x55b4cfdd4328 <unknown>\n#7 0x55b4cfdae403 <unknown>\n#8 0x55b4cfd7ab02 <unknown>\n#9 0x55b4cfd7b7c1 <unknown>\n#10 0x55b4d027b448 <unknown>\n#11 0x55b4d027f2af <unknown>\n#12 0x55b4d02628d9 <unknown>\n#13 0x55b4d027fe55 <unknown>\n#14 0x55b4d024813f <unknown>\n#15 0x55b4d02a44b8 <unknown>\n#16 0x55b4d02a4693 <unknown>\n#17 0x55b4d02b6613 <unknown>\n#18 0x7fd513c9caa4 <unknown>\n#19 0x7fd513d29c6c <unknown>",
  "statusTrace" : "self = <test_men.TestMenPage object at 0x7f492e37c860>\ndriver = <selenium.webdriver.chrome.webdriver.WebDriver (session=\"5558f672b45fe75ff0b85e8aa2430a68\")>\n\n    @allure.title(\"TC 14.04.01 Verify the 'BOTTOMS' subhead is displayed\")\n    @allure.severity(allure.severity_level.NORMAL)\n    def test_tc_14_04_01(self, driver):\n        \"\"\"Verify that the subhead 'BOTTOMS' is displayed\"\"\"\n        page = MenPage(driver, MEN_PAGE_URL)\n        page.open()\n>       subhead_title = page.verify_subhead_bottoms_is_visible()\n\ntests/test_men.py:136: \n_ _ _ _ _ _ _ _ _ _ _ _ _ _ _ _ _ _ _ _ _ _ _ _ _ _ _ _ _ _ _ _ _ _ _ _ _ _ _ _ \npages/men_page.py:174: in verify_subhead_bottoms_is_visible\n    subhead_title = self.element_is_visible(self.side_bar_locators.SIDE_BAR_SUBHEAD_BOTTOMS)\npages/base_page.py:30: in element_is_visible\n    self.go_to_element(self.element_is_present(locator))\npages/base_page.py:51: in element_is_present\n    return wait(self.driver, timeout).until(EC.presence_of_element_located(locator))\n_ _ _ _ _ _ _ _ _ _ _ _ _ _ _ _ _ _ _ _ _ _ _ _ _ _ _ _ _ _ _ _ _ _ _ _ _ _ _ _ \n\nself = <selenium.webdriver.support.wait.WebDriverWait (session=\"5558f672b45fe75ff0b85e8aa2430a68\")>\nmethod = <function presence_of_element_located.<locals>._predicate at 0x7f492def8360>\nmessage = ''\n\n    def until(self, method, message: str = \"\"):\n        \"\"\"Calls the method provided with the driver as an argument until the \\\n        return value does not evaluate to ``False``.\n    \n        :param method: callable(WebDriver)\n        :param message: optional message for :exc:`TimeoutException`\n        :returns: the result of the last call to `method`\n        :raises: :exc:`selenium.common.exceptions.TimeoutException` if timeout occurs\n        \"\"\"\n        screen = None\n        stacktrace = None\n    \n        end_time = time.monotonic() + self._timeout\n        while True:\n            try:\n                value = method(self._driver)\n                if value:\n                    return value\n            except self._ignored_exceptions as exc:\n                screen = getattr(exc, \"screen\", None)\n                stacktrace = getattr(exc, \"stacktrace\", None)\n            time.sleep(self._poll)\n            if time.monotonic() > end_time:\n                break\n>       raise TimeoutException(message, screen, stacktrace)\nE       selenium.common.exceptions.TimeoutException: Message: \nE       Stacktrace:\nE       #0 0x55b4d02b767a <unknown>\nE       #1 0x55b4cfd36566 <unknown>\nE       #2 0x55b4cfd8868d <unknown>\nE       #3 0x55b4cfd88921 <unknown>\nE       #4 0x55b4cfdd6e94 <unknown>\nE       #5 0x55b4cfdae65d <unknown>\nE       #6 0x55b4cfdd4328 <unknown>\nE       #7 0x55b4cfdae403 <unknown>\nE       #8 0x55b4cfd7ab02 <unknown>\nE       #9 0x55b4cfd7b7c1 <unknown>\nE       #10 0x55b4d027b448 <unknown>\nE       #11 0x55b4d027f2af <unknown>\nE       #12 0x55b4d02628d9 <unknown>\nE       #13 0x55b4d027fe55 <unknown>\nE       #14 0x55b4d024813f <unknown>\nE       #15 0x55b4d02a44b8 <unknown>\nE       #16 0x55b4d02a4693 <unknown>\nE       #17 0x55b4d02b6613 <unknown>\nE       #18 0x7fd513c9caa4 <unknown>\nE       #19 0x7fd513d29c6c <unknown>\n\n/opt/hostedtoolcache/Python/3.12.3/x64/lib/python3.12/site-packages/selenium/webdriver/support/wait.py:95: TimeoutException",
  "flaky" : false,
  "newFailed" : false,
  "beforeStages" : [ {
    "name" : "_session_faker",
    "time" : {
      "start" : 1760922726660,
      "stop" : 1760922726729,
      "duration" : 69
    },
    "status" : "passed",
    "steps" : [ ],
    "attachments" : [ ],
    "parameters" : [ ],
    "stepsCount" : 0,
    "attachmentsCount" : 0,
    "shouldDisplayMessage" : false,
    "hasContent" : false
  }, {
    "name" : "clear_allure_result_folder",
    "time" : {
      "start" : 1760922726729,
      "stop" : 1760922726729,
      "duration" : 0
    },
    "status" : "passed",
    "steps" : [ ],
    "attachments" : [ ],
    "parameters" : [ ],
    "stepsCount" : 0,
    "attachmentsCount" : 0,
    "shouldDisplayMessage" : false,
    "hasContent" : false
  }, {
    "name" : "driver",
    "time" : {
      "start" : 1760924198866,
      "stop" : 1760924200108,
      "duration" : 1242
    },
    "status" : "passed",
    "steps" : [ ],
    "attachments" : [ ],
    "parameters" : [ ],
    "stepsCount" : 0,
    "attachmentsCount" : 0,
    "shouldDisplayMessage" : false,
    "hasContent" : false
  } ],
  "testStage" : {
    "description" : "Verify that the subhead 'BOTTOMS' is displayed",
    "status" : "broken",
    "statusMessage" : "selenium.common.exceptions.TimeoutException: Message: \nStacktrace:\n#0 0x55b4d02b767a <unknown>\n#1 0x55b4cfd36566 <unknown>\n#2 0x55b4cfd8868d <unknown>\n#3 0x55b4cfd88921 <unknown>\n#4 0x55b4cfdd6e94 <unknown>\n#5 0x55b4cfdae65d <unknown>\n#6 0x55b4cfdd4328 <unknown>\n#7 0x55b4cfdae403 <unknown>\n#8 0x55b4cfd7ab02 <unknown>\n#9 0x55b4cfd7b7c1 <unknown>\n#10 0x55b4d027b448 <unknown>\n#11 0x55b4d027f2af <unknown>\n#12 0x55b4d02628d9 <unknown>\n#13 0x55b4d027fe55 <unknown>\n#14 0x55b4d024813f <unknown>\n#15 0x55b4d02a44b8 <unknown>\n#16 0x55b4d02a4693 <unknown>\n#17 0x55b4d02b6613 <unknown>\n#18 0x7fd513c9caa4 <unknown>\n#19 0x7fd513d29c6c <unknown>",
    "statusTrace" : "self = <test_men.TestMenPage object at 0x7f492e37c860>\ndriver = <selenium.webdriver.chrome.webdriver.WebDriver (session=\"5558f672b45fe75ff0b85e8aa2430a68\")>\n\n    @allure.title(\"TC 14.04.01 Verify the 'BOTTOMS' subhead is displayed\")\n    @allure.severity(allure.severity_level.NORMAL)\n    def test_tc_14_04_01(self, driver):\n        \"\"\"Verify that the subhead 'BOTTOMS' is displayed\"\"\"\n        page = MenPage(driver, MEN_PAGE_URL)\n        page.open()\n>       subhead_title = page.verify_subhead_bottoms_is_visible()\n\ntests/test_men.py:136: \n_ _ _ _ _ _ _ _ _ _ _ _ _ _ _ _ _ _ _ _ _ _ _ _ _ _ _ _ _ _ _ _ _ _ _ _ _ _ _ _ \npages/men_page.py:174: in verify_subhead_bottoms_is_visible\n    subhead_title = self.element_is_visible(self.side_bar_locators.SIDE_BAR_SUBHEAD_BOTTOMS)\npages/base_page.py:30: in element_is_visible\n    self.go_to_element(self.element_is_present(locator))\npages/base_page.py:51: in element_is_present\n    return wait(self.driver, timeout).until(EC.presence_of_element_located(locator))\n_ _ _ _ _ _ _ _ _ _ _ _ _ _ _ _ _ _ _ _ _ _ _ _ _ _ _ _ _ _ _ _ _ _ _ _ _ _ _ _ \n\nself = <selenium.webdriver.support.wait.WebDriverWait (session=\"5558f672b45fe75ff0b85e8aa2430a68\")>\nmethod = <function presence_of_element_located.<locals>._predicate at 0x7f492def8360>\nmessage = ''\n\n    def until(self, method, message: str = \"\"):\n        \"\"\"Calls the method provided with the driver as an argument until the \\\n        return value does not evaluate to ``False``.\n    \n        :param method: callable(WebDriver)\n        :param message: optional message for :exc:`TimeoutException`\n        :returns: the result of the last call to `method`\n        :raises: :exc:`selenium.common.exceptions.TimeoutException` if timeout occurs\n        \"\"\"\n        screen = None\n        stacktrace = None\n    \n        end_time = time.monotonic() + self._timeout\n        while True:\n            try:\n                value = method(self._driver)\n                if value:\n                    return value\n            except self._ignored_exceptions as exc:\n                screen = getattr(exc, \"screen\", None)\n                stacktrace = getattr(exc, \"stacktrace\", None)\n            time.sleep(self._poll)\n            if time.monotonic() > end_time:\n                break\n>       raise TimeoutException(message, screen, stacktrace)\nE       selenium.common.exceptions.TimeoutException: Message: \nE       Stacktrace:\nE       #0 0x55b4d02b767a <unknown>\nE       #1 0x55b4cfd36566 <unknown>\nE       #2 0x55b4cfd8868d <unknown>\nE       #3 0x55b4cfd88921 <unknown>\nE       #4 0x55b4cfdd6e94 <unknown>\nE       #5 0x55b4cfdae65d <unknown>\nE       #6 0x55b4cfdd4328 <unknown>\nE       #7 0x55b4cfdae403 <unknown>\nE       #8 0x55b4cfd7ab02 <unknown>\nE       #9 0x55b4cfd7b7c1 <unknown>\nE       #10 0x55b4d027b448 <unknown>\nE       #11 0x55b4d027f2af <unknown>\nE       #12 0x55b4d02628d9 <unknown>\nE       #13 0x55b4d027fe55 <unknown>\nE       #14 0x55b4d024813f <unknown>\nE       #15 0x55b4d02a44b8 <unknown>\nE       #16 0x55b4d02a4693 <unknown>\nE       #17 0x55b4d02b6613 <unknown>\nE       #18 0x7fd513c9caa4 <unknown>\nE       #19 0x7fd513d29c6c <unknown>\n\n/opt/hostedtoolcache/Python/3.12.3/x64/lib/python3.12/site-packages/selenium/webdriver/support/wait.py:95: TimeoutException",
    "steps" : [ {
      "name" : "Open a browser",
      "time" : {
        "start" : 1760924200108,
        "stop" : 1760924200289,
        "duration" : 181
      },
      "status" : "passed",
      "steps" : [ ],
      "attachments" : [ ],
      "parameters" : [ ],
      "stepsCount" : 0,
      "attachmentsCount" : 0,
      "shouldDisplayMessage" : false,
      "hasContent" : false
    }, {
      "name" : "Verify subhead \"BOTTOMS\" on Men page",
      "time" : {
        "start" : 1760924200289,
        "stop" : 1760924205385,
        "duration" : 5096
      },
      "status" : "broken",
      "statusMessage" : "selenium.common.exceptions.TimeoutException: Message: \nStacktrace:\n#0 0x55b4d02b767a <unknown>\n#1 0x55b4cfd36566 <unknown>\n#2 0x55b4cfd8868d <unknown>\n#3 0x55b4cfd88921 <unknown>\n#4 0x55b4cfdd6e94 <unknown>\n#5 0x55b4cfdae65d <unknown>\n#6 0x55b4cfdd4328 <unknown>\n#7 0x55b4cfdae403 <unknown>\n#8 0x55b4cfd7ab02 <unknown>\n#9 0x55b4cfd7b7c1 <unknown>\n#10 0x55b4d027b448 <unknown>\n#11 0x55b4d027f2af <unknown>\n#12 0x55b4d02628d9 <unknown>\n#13 0x55b4d027fe55 <unknown>\n#14 0x55b4d024813f <unknown>\n#15 0x55b4d02a44b8 <unknown>\n#16 0x55b4d02a4693 <unknown>\n#17 0x55b4d02b6613 <unknown>\n#18 0x7fd513c9caa4 <unknown>\n#19 0x7fd513d29c6c <unknown>\n\n",
      "statusTrace" : "  File \"/opt/hostedtoolcache/Python/3.12.3/x64/lib/python3.12/site-packages/allure_commons/_allure.py\", line 192, in impl\n    return func(*a, **kw)\n           ^^^^^^^^^^^^^^\n  File \"/home/runner/work/luma_project/luma_project/pages/men_page.py\", line 174, in verify_subhead_bottoms_is_visible\n    subhead_title = self.element_is_visible(self.side_bar_locators.SIDE_BAR_SUBHEAD_BOTTOMS)\n                    ^^^^^^^^^^^^^^^^^^^^^^^^^^^^^^^^^^^^^^^^^^^^^^^^^^^^^^^^^^^^^^^^^^^^^^^^\n  File \"/opt/hostedtoolcache/Python/3.12.3/x64/lib/python3.12/site-packages/allure_commons/_allure.py\", line 192, in impl\n    return func(*a, **kw)\n           ^^^^^^^^^^^^^^\n  File \"/home/runner/work/luma_project/luma_project/pages/base_page.py\", line 30, in element_is_visible\n    self.go_to_element(self.element_is_present(locator))\n                       ^^^^^^^^^^^^^^^^^^^^^^^^^^^^^^^^\n  File \"/opt/hostedtoolcache/Python/3.12.3/x64/lib/python3.12/site-packages/allure_commons/_allure.py\", line 192, in impl\n    return func(*a, **kw)\n           ^^^^^^^^^^^^^^\n  File \"/home/runner/work/luma_project/luma_project/pages/base_page.py\", line 51, in element_is_present\n    return wait(self.driver, timeout).until(EC.presence_of_element_located(locator))\n           ^^^^^^^^^^^^^^^^^^^^^^^^^^^^^^^^^^^^^^^^^^^^^^^^^^^^^^^^^^^^^^^^^^^^^^^^^\n  File \"/opt/hostedtoolcache/Python/3.12.3/x64/lib/python3.12/site-packages/selenium/webdriver/support/wait.py\", line 95, in until\n    raise TimeoutException(message, screen, stacktrace)\n",
      "steps" : [ {
        "name" : "Find a visible element",
        "time" : {
          "start" : 1760924200289,
          "stop" : 1760924205385,
          "duration" : 5096
        },
        "status" : "broken",
        "statusMessage" : "selenium.common.exceptions.TimeoutException: Message: \nStacktrace:\n#0 0x55b4d02b767a <unknown>\n#1 0x55b4cfd36566 <unknown>\n#2 0x55b4cfd8868d <unknown>\n#3 0x55b4cfd88921 <unknown>\n#4 0x55b4cfdd6e94 <unknown>\n#5 0x55b4cfdae65d <unknown>\n#6 0x55b4cfdd4328 <unknown>\n#7 0x55b4cfdae403 <unknown>\n#8 0x55b4cfd7ab02 <unknown>\n#9 0x55b4cfd7b7c1 <unknown>\n#10 0x55b4d027b448 <unknown>\n#11 0x55b4d027f2af <unknown>\n#12 0x55b4d02628d9 <unknown>\n#13 0x55b4d027fe55 <unknown>\n#14 0x55b4d024813f <unknown>\n#15 0x55b4d02a44b8 <unknown>\n#16 0x55b4d02a4693 <unknown>\n#17 0x55b4d02b6613 <unknown>\n#18 0x7fd513c9caa4 <unknown>\n#19 0x7fd513d29c6c <unknown>\n\n",
        "statusTrace" : "  File \"/opt/hostedtoolcache/Python/3.12.3/x64/lib/python3.12/site-packages/allure_commons/_allure.py\", line 192, in impl\n    return func(*a, **kw)\n           ^^^^^^^^^^^^^^\n  File \"/home/runner/work/luma_project/luma_project/pages/base_page.py\", line 30, in element_is_visible\n    self.go_to_element(self.element_is_present(locator))\n                       ^^^^^^^^^^^^^^^^^^^^^^^^^^^^^^^^\n  File \"/opt/hostedtoolcache/Python/3.12.3/x64/lib/python3.12/site-packages/allure_commons/_allure.py\", line 192, in impl\n    return func(*a, **kw)\n           ^^^^^^^^^^^^^^\n  File \"/home/runner/work/luma_project/luma_project/pages/base_page.py\", line 51, in element_is_present\n    return wait(self.driver, timeout).until(EC.presence_of_element_located(locator))\n           ^^^^^^^^^^^^^^^^^^^^^^^^^^^^^^^^^^^^^^^^^^^^^^^^^^^^^^^^^^^^^^^^^^^^^^^^^\n  File \"/opt/hostedtoolcache/Python/3.12.3/x64/lib/python3.12/site-packages/selenium/webdriver/support/wait.py\", line 95, in until\n    raise TimeoutException(message, screen, stacktrace)\n",
        "steps" : [ {
          "name" : "Find a present element",
          "time" : {
            "start" : 1760924200289,
            "stop" : 1760924205384,
            "duration" : 5095
          },
          "status" : "broken",
          "statusMessage" : "selenium.common.exceptions.TimeoutException: Message: \nStacktrace:\n#0 0x55b4d02b767a <unknown>\n#1 0x55b4cfd36566 <unknown>\n#2 0x55b4cfd8868d <unknown>\n#3 0x55b4cfd88921 <unknown>\n#4 0x55b4cfdd6e94 <unknown>\n#5 0x55b4cfdae65d <unknown>\n#6 0x55b4cfdd4328 <unknown>\n#7 0x55b4cfdae403 <unknown>\n#8 0x55b4cfd7ab02 <unknown>\n#9 0x55b4cfd7b7c1 <unknown>\n#10 0x55b4d027b448 <unknown>\n#11 0x55b4d027f2af <unknown>\n#12 0x55b4d02628d9 <unknown>\n#13 0x55b4d027fe55 <unknown>\n#14 0x55b4d024813f <unknown>\n#15 0x55b4d02a44b8 <unknown>\n#16 0x55b4d02a4693 <unknown>\n#17 0x55b4d02b6613 <unknown>\n#18 0x7fd513c9caa4 <unknown>\n#19 0x7fd513d29c6c <unknown>\n\n",
          "statusTrace" : "  File \"/opt/hostedtoolcache/Python/3.12.3/x64/lib/python3.12/site-packages/allure_commons/_allure.py\", line 192, in impl\n    return func(*a, **kw)\n           ^^^^^^^^^^^^^^\n  File \"/home/runner/work/luma_project/luma_project/pages/base_page.py\", line 51, in element_is_present\n    return wait(self.driver, timeout).until(EC.presence_of_element_located(locator))\n           ^^^^^^^^^^^^^^^^^^^^^^^^^^^^^^^^^^^^^^^^^^^^^^^^^^^^^^^^^^^^^^^^^^^^^^^^^\n  File \"/opt/hostedtoolcache/Python/3.12.3/x64/lib/python3.12/site-packages/selenium/webdriver/support/wait.py\", line 95, in until\n    raise TimeoutException(message, screen, stacktrace)\n",
          "steps" : [ ],
          "attachments" : [ ],
          "parameters" : [ {
            "name" : "locator",
            "value" : "('xpath', '//*[@id=\"maincontent\"]/div[4]/div[2]/div[2]/div/strong[2]/span')"
          }, {
            "name" : "timeout",
            "value" : "5"
          } ],
          "stepsCount" : 0,
          "attachmentsCount" : 0,
          "shouldDisplayMessage" : true,
          "hasContent" : true
        } ],
        "attachments" : [ ],
        "parameters" : [ {
          "name" : "locator",
          "value" : "('xpath', '//*[@id=\"maincontent\"]/div[4]/div[2]/div[2]/div/strong[2]/span')"
        }, {
          "name" : "timeout",
          "value" : "10"
        } ],
        "stepsCount" : 1,
        "attachmentsCount" : 0,
        "shouldDisplayMessage" : false,
        "hasContent" : true
      } ],
      "attachments" : [ ],
      "parameters" : [ ],
      "stepsCount" : 2,
      "attachmentsCount" : 0,
      "shouldDisplayMessage" : false,
      "hasContent" : true
    } ],
    "attachments" : [ {
      "uid" : "7a716d26682a8d62",
      "name" : "Screenshot",
      "source" : "7a716d26682a8d62.png",
      "type" : "image/png",
      "size" : 23875
    }, {
      "uid" : "6d855d777afb997",
      "name" : "HTML source",
      "source" : "6d855d777afb997.html",
      "type" : "text/html",
      "size" : 786
    } ],
    "parameters" : [ ],
    "stepsCount" : 4,
    "attachmentsCount" : 2,
    "shouldDisplayMessage" : true,
    "hasContent" : true
  },
  "afterStages" : [ {
    "name" : "clear_allure_result_folder::0",
    "time" : {
      "start" : 1760925158748,
      "stop" : 1760925158748,
      "duration" : 0
    },
    "status" : "passed",
    "steps" : [ ],
    "attachments" : [ ],
    "parameters" : [ ],
    "stepsCount" : 0,
    "attachmentsCount" : 0,
    "shouldDisplayMessage" : false,
    "hasContent" : false
  }, {
    "name" : "driver::0",
    "time" : {
      "start" : 1760924205453,
      "stop" : 1760924205512,
      "duration" : 59
    },
    "status" : "passed",
    "steps" : [ ],
    "attachments" : [ ],
    "parameters" : [ ],
    "stepsCount" : 0,
    "attachmentsCount" : 0,
    "shouldDisplayMessage" : false,
    "hasContent" : false
  } ],
  "labels" : [ {
    "name" : "epic",
    "value" : "MenPage"
  }, {
    "name" : "severity",
    "value" : "normal"
  }, {
    "name" : "parentSuite",
    "value" : "tests"
  }, {
    "name" : "suite",
    "value" : "test_men"
  }, {
    "name" : "subSuite",
    "value" : "TestMenPage"
  }, {
    "name" : "host",
    "value" : "runnervmzdgdc"
  }, {
    "name" : "thread",
    "value" : "2984-MainThread"
  }, {
    "name" : "framework",
    "value" : "pytest"
  }, {
    "name" : "language",
    "value" : "cpython3"
  }, {
    "name" : "package",
    "value" : "tests.test_men"
  }, {
    "name" : "resultFormat",
    "value" : "allure2"
  } ],
  "parameters" : [ ],
  "links" : [ ],
  "hidden" : false,
  "retry" : false,
  "extra" : {
    "severity" : "normal",
    "retries" : [ ],
    "categories" : [ {
      "name" : "Test defects",
      "matchedStatuses" : [ ],
      "flaky" : false
    } ],
    "tags" : [ ]
  },
  "source" : "ad27baeea8261317.json",
  "parameterValues" : [ ]
}