{
  "uid" : "aee6e5cb8c65378f",
  "name" : "TC 10.01.03, 10.01.05, 10.01.07, 10.01.09, 10.01.11, 10.01.13 - Verify 6 links in Women's Deals open the correct pages",
  "fullName" : "tests.test_sale.TestSideMenuBarWomen#test_tc_10_01_03__05_07_09_11_13",
  "historyId" : "3fe2ba700ff5afba63aaea1e01c0a092",
  "time" : {
    "start" : 1757295393630,
    "stop" : 1757295398748,
    "duration" : 5118
  },
  "description" : "Check that six links in Women's Deals section lead to the correct pages after click",
  "descriptionHtml" : "<p>Check that six links in Women's Deals section lead to the correct pages after click</p>\n",
  "status" : "broken",
  "statusMessage" : "selenium.common.exceptions.TimeoutException: Message: \nStacktrace:\n#0 0x55be92be708a <unknown>\n#1 0x55be92686a70 <unknown>\n#2 0x55be926d8907 <unknown>\n#3 0x55be926d8b01 <unknown>\n#4 0x55be92726d54 <unknown>\n#5 0x55be926fe40d <unknown>\n#6 0x55be9272414f <unknown>\n#7 0x55be926fe1b3 <unknown>\n#8 0x55be926ca59b <unknown>\n#9 0x55be926cb971 <unknown>\n#10 0x55be92bac25b <unknown>\n#11 0x55be92baffa9 <unknown>\n#12 0x55be92b93339 <unknown>\n#13 0x55be92bb0b58 <unknown>\n#14 0x55be92b77c1f <unknown>\n#15 0x55be92bd4118 <unknown>\n#16 0x55be92bd42f6 <unknown>\n#17 0x55be92be6066 <unknown>\n#18 0x7f047e09caa4 <unknown>\n#19 0x7f047e129c3c <unknown>",
  "statusTrace" : "self = <test_sale.TestSalePage.TestSideMenuBarWomen object at 0x7f430ec7bda0>\nsale_page = <pages.sale_page.SalePage object at 0x7f430eb48dd0>\nelement_locator = ('css selector', '.categories-menu > ul:nth-child(2) > li:nth-child(2) > a')\nexpected_title = 'Jackets - Tops - Women'\nexpected_url = 'https://magento.softwaretestingboard.com/women/tops-women/jackets-women.html'\n\n    @allure.title(\"TC 10.01.03, 10.01.05, 10.01.07, 10.01.09, 10.01.11, 10.01.13 - \"\n                  \"Verify 6 links in Women's Deals open the correct pages\")\n    @pytest.mark.parametrize(\n        \"element_locator, expected_title, expected_url\",\n        zip(\n            SideBarLocators.WOMEN_DEALS_ELEMENTS.values(),\n            expected_titles_w.values(),\n            expected_urls_w.values(),\n        )\n    )\n    def test_tc_10_01_03__05_07_09_11_13(self, sale_page, element_locator, expected_title, expected_url):\n        \"\"\"Check that six links in Women's Deals section lead to the correct pages after click\"\"\"\n>       element_in_women_deals = sale_page.element_is_clickable(element_locator)\n\ntests/test_sale.py:51: \n_ _ _ _ _ _ _ _ _ _ _ _ _ _ _ _ _ _ _ _ _ _ _ _ _ _ _ _ _ _ _ _ _ _ _ _ _ _ _ _ \npages/base_page.py:81: in element_is_clickable\n    return wait(self.driver, timeout).until(EC.element_to_be_clickable(locator))\n_ _ _ _ _ _ _ _ _ _ _ _ _ _ _ _ _ _ _ _ _ _ _ _ _ _ _ _ _ _ _ _ _ _ _ _ _ _ _ _ \n\nself = <selenium.webdriver.support.wait.WebDriverWait (session=\"58927755b21d42da2bb5d4f85dc6a734\")>\nmethod = <function element_to_be_clickable.<locals>._predicate at 0x7f430e9067a0>\nmessage = ''\n\n    def until(self, method, message: str = \"\"):\n        \"\"\"Calls the method provided with the driver as an argument until the \\\n        return value does not evaluate to ``False``.\n    \n        :param method: callable(WebDriver)\n        :param message: optional message for :exc:`TimeoutException`\n        :returns: the result of the last call to `method`\n        :raises: :exc:`selenium.common.exceptions.TimeoutException` if timeout occurs\n        \"\"\"\n        screen = None\n        stacktrace = None\n    \n        end_time = time.monotonic() + self._timeout\n        while True:\n            try:\n                value = method(self._driver)\n                if value:\n                    return value\n            except self._ignored_exceptions as exc:\n                screen = getattr(exc, \"screen\", None)\n                stacktrace = getattr(exc, \"stacktrace\", None)\n            time.sleep(self._poll)\n            if time.monotonic() > end_time:\n                break\n>       raise TimeoutException(message, screen, stacktrace)\nE       selenium.common.exceptions.TimeoutException: Message: \nE       Stacktrace:\nE       #0 0x55be92be708a <unknown>\nE       #1 0x55be92686a70 <unknown>\nE       #2 0x55be926d8907 <unknown>\nE       #3 0x55be926d8b01 <unknown>\nE       #4 0x55be92726d54 <unknown>\nE       #5 0x55be926fe40d <unknown>\nE       #6 0x55be9272414f <unknown>\nE       #7 0x55be926fe1b3 <unknown>\nE       #8 0x55be926ca59b <unknown>\nE       #9 0x55be926cb971 <unknown>\nE       #10 0x55be92bac25b <unknown>\nE       #11 0x55be92baffa9 <unknown>\nE       #12 0x55be92b93339 <unknown>\nE       #13 0x55be92bb0b58 <unknown>\nE       #14 0x55be92b77c1f <unknown>\nE       #15 0x55be92bd4118 <unknown>\nE       #16 0x55be92bd42f6 <unknown>\nE       #17 0x55be92be6066 <unknown>\nE       #18 0x7f047e09caa4 <unknown>\nE       #19 0x7f047e129c3c <unknown>\n\n/opt/hostedtoolcache/Python/3.12.3/x64/lib/python3.12/site-packages/selenium/webdriver/support/wait.py:95: TimeoutException",
  "flaky" : false,
  "newFailed" : false,
  "beforeStages" : [ {
    "name" : "_session_faker",
    "time" : {
      "start" : 1757293755437,
      "stop" : 1757293755504,
      "duration" : 67
    },
    "status" : "passed",
    "steps" : [ ],
    "attachments" : [ ],
    "parameters" : [ ],
    "stepsCount" : 0,
    "attachmentsCount" : 0,
    "shouldDisplayMessage" : false,
    "hasContent" : false
  }, {
    "name" : "sale_page",
    "time" : {
      "start" : 1757295393425,
      "stop" : 1757295393629,
      "duration" : 204
    },
    "status" : "passed",
    "steps" : [ {
      "name" : "Open a browser",
      "time" : {
        "start" : 1757295393425,
        "stop" : 1757295393629,
        "duration" : 204
      },
      "status" : "passed",
      "steps" : [ ],
      "attachments" : [ ],
      "parameters" : [ ],
      "stepsCount" : 0,
      "attachmentsCount" : 0,
      "shouldDisplayMessage" : false,
      "hasContent" : false
    } ],
    "attachments" : [ ],
    "parameters" : [ ],
    "stepsCount" : 1,
    "attachmentsCount" : 0,
    "shouldDisplayMessage" : false,
    "hasContent" : true
  }, {
    "name" : "driver",
    "time" : {
      "start" : 1757295392187,
      "stop" : 1757295393424,
      "duration" : 1237
    },
    "status" : "passed",
    "steps" : [ ],
    "attachments" : [ ],
    "parameters" : [ ],
    "stepsCount" : 0,
    "attachmentsCount" : 0,
    "shouldDisplayMessage" : false,
    "hasContent" : false
  }, {
    "name" : "clear_allure_result_folder",
    "time" : {
      "start" : 1757293755504,
      "stop" : 1757293755504,
      "duration" : 0
    },
    "status" : "passed",
    "steps" : [ ],
    "attachments" : [ ],
    "parameters" : [ ],
    "stepsCount" : 0,
    "attachmentsCount" : 0,
    "shouldDisplayMessage" : false,
    "hasContent" : false
  } ],
  "testStage" : {
    "description" : "Check that six links in Women's Deals section lead to the correct pages after click",
    "status" : "broken",
    "statusMessage" : "selenium.common.exceptions.TimeoutException: Message: \nStacktrace:\n#0 0x55be92be708a <unknown>\n#1 0x55be92686a70 <unknown>\n#2 0x55be926d8907 <unknown>\n#3 0x55be926d8b01 <unknown>\n#4 0x55be92726d54 <unknown>\n#5 0x55be926fe40d <unknown>\n#6 0x55be9272414f <unknown>\n#7 0x55be926fe1b3 <unknown>\n#8 0x55be926ca59b <unknown>\n#9 0x55be926cb971 <unknown>\n#10 0x55be92bac25b <unknown>\n#11 0x55be92baffa9 <unknown>\n#12 0x55be92b93339 <unknown>\n#13 0x55be92bb0b58 <unknown>\n#14 0x55be92b77c1f <unknown>\n#15 0x55be92bd4118 <unknown>\n#16 0x55be92bd42f6 <unknown>\n#17 0x55be92be6066 <unknown>\n#18 0x7f047e09caa4 <unknown>\n#19 0x7f047e129c3c <unknown>",
    "statusTrace" : "self = <test_sale.TestSalePage.TestSideMenuBarWomen object at 0x7f430ec7bda0>\nsale_page = <pages.sale_page.SalePage object at 0x7f430eb48dd0>\nelement_locator = ('css selector', '.categories-menu > ul:nth-child(2) > li:nth-child(2) > a')\nexpected_title = 'Jackets - Tops - Women'\nexpected_url = 'https://magento.softwaretestingboard.com/women/tops-women/jackets-women.html'\n\n    @allure.title(\"TC 10.01.03, 10.01.05, 10.01.07, 10.01.09, 10.01.11, 10.01.13 - \"\n                  \"Verify 6 links in Women's Deals open the correct pages\")\n    @pytest.mark.parametrize(\n        \"element_locator, expected_title, expected_url\",\n        zip(\n            SideBarLocators.WOMEN_DEALS_ELEMENTS.values(),\n            expected_titles_w.values(),\n            expected_urls_w.values(),\n        )\n    )\n    def test_tc_10_01_03__05_07_09_11_13(self, sale_page, element_locator, expected_title, expected_url):\n        \"\"\"Check that six links in Women's Deals section lead to the correct pages after click\"\"\"\n>       element_in_women_deals = sale_page.element_is_clickable(element_locator)\n\ntests/test_sale.py:51: \n_ _ _ _ _ _ _ _ _ _ _ _ _ _ _ _ _ _ _ _ _ _ _ _ _ _ _ _ _ _ _ _ _ _ _ _ _ _ _ _ \npages/base_page.py:81: in element_is_clickable\n    return wait(self.driver, timeout).until(EC.element_to_be_clickable(locator))\n_ _ _ _ _ _ _ _ _ _ _ _ _ _ _ _ _ _ _ _ _ _ _ _ _ _ _ _ _ _ _ _ _ _ _ _ _ _ _ _ \n\nself = <selenium.webdriver.support.wait.WebDriverWait (session=\"58927755b21d42da2bb5d4f85dc6a734\")>\nmethod = <function element_to_be_clickable.<locals>._predicate at 0x7f430e9067a0>\nmessage = ''\n\n    def until(self, method, message: str = \"\"):\n        \"\"\"Calls the method provided with the driver as an argument until the \\\n        return value does not evaluate to ``False``.\n    \n        :param method: callable(WebDriver)\n        :param message: optional message for :exc:`TimeoutException`\n        :returns: the result of the last call to `method`\n        :raises: :exc:`selenium.common.exceptions.TimeoutException` if timeout occurs\n        \"\"\"\n        screen = None\n        stacktrace = None\n    \n        end_time = time.monotonic() + self._timeout\n        while True:\n            try:\n                value = method(self._driver)\n                if value:\n                    return value\n            except self._ignored_exceptions as exc:\n                screen = getattr(exc, \"screen\", None)\n                stacktrace = getattr(exc, \"stacktrace\", None)\n            time.sleep(self._poll)\n            if time.monotonic() > end_time:\n                break\n>       raise TimeoutException(message, screen, stacktrace)\nE       selenium.common.exceptions.TimeoutException: Message: \nE       Stacktrace:\nE       #0 0x55be92be708a <unknown>\nE       #1 0x55be92686a70 <unknown>\nE       #2 0x55be926d8907 <unknown>\nE       #3 0x55be926d8b01 <unknown>\nE       #4 0x55be92726d54 <unknown>\nE       #5 0x55be926fe40d <unknown>\nE       #6 0x55be9272414f <unknown>\nE       #7 0x55be926fe1b3 <unknown>\nE       #8 0x55be926ca59b <unknown>\nE       #9 0x55be926cb971 <unknown>\nE       #10 0x55be92bac25b <unknown>\nE       #11 0x55be92baffa9 <unknown>\nE       #12 0x55be92b93339 <unknown>\nE       #13 0x55be92bb0b58 <unknown>\nE       #14 0x55be92b77c1f <unknown>\nE       #15 0x55be92bd4118 <unknown>\nE       #16 0x55be92bd42f6 <unknown>\nE       #17 0x55be92be6066 <unknown>\nE       #18 0x7f047e09caa4 <unknown>\nE       #19 0x7f047e129c3c <unknown>\n\n/opt/hostedtoolcache/Python/3.12.3/x64/lib/python3.12/site-packages/selenium/webdriver/support/wait.py:95: TimeoutException",
    "steps" : [ {
      "name" : "Find clickable elements",
      "time" : {
        "start" : 1757295393631,
        "stop" : 1757295398747,
        "duration" : 5116
      },
      "status" : "broken",
      "statusMessage" : "selenium.common.exceptions.TimeoutException: Message: \nStacktrace:\n#0 0x55be92be708a <unknown>\n#1 0x55be92686a70 <unknown>\n#2 0x55be926d8907 <unknown>\n#3 0x55be926d8b01 <unknown>\n#4 0x55be92726d54 <unknown>\n#5 0x55be926fe40d <unknown>\n#6 0x55be9272414f <unknown>\n#7 0x55be926fe1b3 <unknown>\n#8 0x55be926ca59b <unknown>\n#9 0x55be926cb971 <unknown>\n#10 0x55be92bac25b <unknown>\n#11 0x55be92baffa9 <unknown>\n#12 0x55be92b93339 <unknown>\n#13 0x55be92bb0b58 <unknown>\n#14 0x55be92b77c1f <unknown>\n#15 0x55be92bd4118 <unknown>\n#16 0x55be92bd42f6 <unknown>\n#17 0x55be92be6066 <unknown>\n#18 0x7f047e09caa4 <unknown>\n#19 0x7f047e129c3c <unknown>\n\n",
      "statusTrace" : "  File \"/opt/hostedtoolcache/Python/3.12.3/x64/lib/python3.12/site-packages/allure_commons/_allure.py\", line 192, in impl\n    return func(*a, **kw)\n           ^^^^^^^^^^^^^^\n  File \"/home/runner/work/luma_project/luma_project/pages/base_page.py\", line 81, in element_is_clickable\n    return wait(self.driver, timeout).until(EC.element_to_be_clickable(locator))\n           ^^^^^^^^^^^^^^^^^^^^^^^^^^^^^^^^^^^^^^^^^^^^^^^^^^^^^^^^^^^^^^^^^^^^^\n  File \"/opt/hostedtoolcache/Python/3.12.3/x64/lib/python3.12/site-packages/selenium/webdriver/support/wait.py\", line 95, in until\n    raise TimeoutException(message, screen, stacktrace)\n",
      "steps" : [ ],
      "attachments" : [ ],
      "parameters" : [ {
        "name" : "locator",
        "value" : "('css selector', '.categories-menu > ul:nth-child(2) > li:nth-child(2) > a')"
      }, {
        "name" : "timeout",
        "value" : "5"
      } ],
      "stepsCount" : 0,
      "attachmentsCount" : 0,
      "shouldDisplayMessage" : true,
      "hasContent" : true
    } ],
    "attachments" : [ {
      "uid" : "62722c9cbcb75b8d",
      "name" : "Screenshot",
      "source" : "62722c9cbcb75b8d.png",
      "type" : "image/png",
      "size" : 23875
    }, {
      "uid" : "bb290c3ee8b8e54f",
      "name" : "HTML source",
      "source" : "bb290c3ee8b8e54f.html",
      "type" : "text/html",
      "size" : 786
    } ],
    "parameters" : [ ],
    "stepsCount" : 1,
    "attachmentsCount" : 2,
    "shouldDisplayMessage" : true,
    "hasContent" : true
  },
  "afterStages" : [ {
    "name" : "driver::0",
    "time" : {
      "start" : 1757295398825,
      "stop" : 1757295398885,
      "duration" : 60
    },
    "status" : "passed",
    "steps" : [ ],
    "attachments" : [ ],
    "parameters" : [ ],
    "stepsCount" : 0,
    "attachmentsCount" : 0,
    "shouldDisplayMessage" : false,
    "hasContent" : false
  }, {
    "name" : "clear_allure_result_folder::0",
    "time" : {
      "start" : 1757296196170,
      "stop" : 1757296196170,
      "duration" : 0
    },
    "status" : "passed",
    "steps" : [ ],
    "attachments" : [ ],
    "parameters" : [ ],
    "stepsCount" : 0,
    "attachmentsCount" : 0,
    "shouldDisplayMessage" : false,
    "hasContent" : false
  } ],
  "labels" : [ {
    "name" : "feature",
    "value" : "Testing Side Menu Bar - Women's Deals Section"
  }, {
    "name" : "epic",
    "value" : "Sale Page"
  }, {
    "name" : "parentSuite",
    "value" : "tests"
  }, {
    "name" : "suite",
    "value" : "test_sale"
  }, {
    "name" : "subSuite",
    "value" : "TestSalePage"
  }, {
    "name" : "host",
    "value" : "pkrvm7jw40e0xgp"
  }, {
    "name" : "thread",
    "value" : "3126-MainThread"
  }, {
    "name" : "framework",
    "value" : "pytest"
  }, {
    "name" : "language",
    "value" : "cpython3"
  }, {
    "name" : "package",
    "value" : "tests.test_sale"
  }, {
    "name" : "resultFormat",
    "value" : "allure2"
  } ],
  "parameters" : [ {
    "name" : "element_locator",
    "value" : "('css selector', '.categories-menu > ul:nth-child(2) > li:nth-child(2) > a')"
  }, {
    "name" : "expected_title",
    "value" : "'Jackets - Tops - Women'"
  }, {
    "name" : "expected_url",
    "value" : "'https://magento.softwaretestingboard.com/women/tops-women/jackets-women.html'"
  } ],
  "links" : [ ],
  "hidden" : false,
  "retry" : false,
  "extra" : {
    "severity" : "normal",
    "retries" : [ ],
    "categories" : [ {
      "name" : "Test defects",
      "matchedStatuses" : [ ],
      "flaky" : false
    } ],
    "tags" : [ ]
  },
  "source" : "aee6e5cb8c65378f.json",
  "parameterValues" : [ "('css selector', '.categories-menu > ul:nth-child(2) > li:nth-child(2) > a')", "'Jackets - Tops - Women'", "'https://magento.softwaretestingboard.com/women/tops-women/jackets-women.html'" ]
}