{
  "uid" : "b1ef47442a9b9fa4",
  "name" : "TC 04_01_11 Verify presence of email label and the required asterisk",
  "fullName" : "tests.test_create_an_account.TestCreateAnAccount#test_04_01_11_email_labeled",
  "historyId" : "92655203ec6a01f588db35a66f194db5",
  "time" : {
    "start" : 1757898713369,
    "stop" : 1757898718472,
    "duration" : 5103
  },
  "description" : " Verify presence of Email label and the required asterisk ",
  "descriptionHtml" : "<p>Verify presence of Email label and the required asterisk</p>\n",
  "status" : "broken",
  "statusMessage" : "selenium.common.exceptions.TimeoutException: Message: \nStacktrace:\n#0 0x55a3fc0dd94a <unknown>\n#1 0x55a3fbb528a0 <unknown>\n#2 0x55a3fbba4540 <unknown>\n#3 0x55a3fbba4731 <unknown>\n#4 0x55a3fbbf2824 <unknown>\n#5 0x55a3fbbca05d <unknown>\n#6 0x55a3fbbefc23 <unknown>\n#7 0x55a3fbbc9e03 <unknown>\n#8 0x55a3fbb96968 <unknown>\n#9 0x55a3fbb975e1 <unknown>\n#10 0x55a3fc0a1548 <unknown>\n#11 0x55a3fc0a5272 <unknown>\n#12 0x55a3fc088313 <unknown>\n#13 0x55a3fc0a5dc5 <unknown>\n#14 0x55a3fc06d49f <unknown>\n#15 0x55a3fc0ca158 <unknown>\n#16 0x55a3fc0ca332 <unknown>\n#17 0x55a3fc0dca53 <unknown>\n#18 0x7f128a29caa4 <unknown>\n#19 0x7f128a329c3c <unknown>",
  "statusTrace" : "self = <test_create_an_account.TestCreateAnAccount object at 0x7f9ca2a55d60>\ncreate_account_page = <pages.create_an_account_page.CreateAccountPage object at 0x7f9ca249c710>\n\n    @allure.title('TC 04_01_11 Verify presence of email label and the required asterisk')\n    @allure.severity(allure.severity_level.NORMAL)\n    def test_04_01_11_email_labeled(self, create_account_page):\n        \"\"\" Verify presence of Email label and the required asterisk \"\"\"\n>       email_label = create_account_page.check_email_label()\n\ntests/test_create_an_account.py:107: \n_ _ _ _ _ _ _ _ _ _ _ _ _ _ _ _ _ _ _ _ _ _ _ _ _ _ _ _ _ _ _ _ _ _ _ _ _ _ _ _ \npages/create_an_account_page.py:40: in check_email_label\n    return self.element_is_visible(self.locators.EMAIL_LABEL)\npages/base_page.py:30: in element_is_visible\n    self.go_to_element(self.element_is_present(locator))\npages/base_page.py:51: in element_is_present\n    return wait(self.driver, timeout).until(EC.presence_of_element_located(locator))\n_ _ _ _ _ _ _ _ _ _ _ _ _ _ _ _ _ _ _ _ _ _ _ _ _ _ _ _ _ _ _ _ _ _ _ _ _ _ _ _ \n\nself = <selenium.webdriver.support.wait.WebDriverWait (session=\"bb42f375207f2869e373766707bf7e3a\")>\nmethod = <function presence_of_element_located.<locals>._predicate at 0x7f9ca28723e0>\nmessage = ''\n\n    def until(self, method, message: str = \"\"):\n        \"\"\"Calls the method provided with the driver as an argument until the \\\n        return value does not evaluate to ``False``.\n    \n        :param method: callable(WebDriver)\n        :param message: optional message for :exc:`TimeoutException`\n        :returns: the result of the last call to `method`\n        :raises: :exc:`selenium.common.exceptions.TimeoutException` if timeout occurs\n        \"\"\"\n        screen = None\n        stacktrace = None\n    \n        end_time = time.monotonic() + self._timeout\n        while True:\n            try:\n                value = method(self._driver)\n                if value:\n                    return value\n            except self._ignored_exceptions as exc:\n                screen = getattr(exc, \"screen\", None)\n                stacktrace = getattr(exc, \"stacktrace\", None)\n            time.sleep(self._poll)\n            if time.monotonic() > end_time:\n                break\n>       raise TimeoutException(message, screen, stacktrace)\nE       selenium.common.exceptions.TimeoutException: Message: \nE       Stacktrace:\nE       #0 0x55a3fc0dd94a <unknown>\nE       #1 0x55a3fbb528a0 <unknown>\nE       #2 0x55a3fbba4540 <unknown>\nE       #3 0x55a3fbba4731 <unknown>\nE       #4 0x55a3fbbf2824 <unknown>\nE       #5 0x55a3fbbca05d <unknown>\nE       #6 0x55a3fbbefc23 <unknown>\nE       #7 0x55a3fbbc9e03 <unknown>\nE       #8 0x55a3fbb96968 <unknown>\nE       #9 0x55a3fbb975e1 <unknown>\nE       #10 0x55a3fc0a1548 <unknown>\nE       #11 0x55a3fc0a5272 <unknown>\nE       #12 0x55a3fc088313 <unknown>\nE       #13 0x55a3fc0a5dc5 <unknown>\nE       #14 0x55a3fc06d49f <unknown>\nE       #15 0x55a3fc0ca158 <unknown>\nE       #16 0x55a3fc0ca332 <unknown>\nE       #17 0x55a3fc0dca53 <unknown>\nE       #18 0x7f128a29caa4 <unknown>\nE       #19 0x7f128a329c3c <unknown>\n\n/opt/hostedtoolcache/Python/3.12.3/x64/lib/python3.12/site-packages/selenium/webdriver/support/wait.py:95: TimeoutException",
  "flaky" : false,
  "newFailed" : false,
  "beforeStages" : [ {
    "name" : "driver",
    "time" : {
      "start" : 1757898711983,
      "stop" : 1757898713224,
      "duration" : 1241
    },
    "status" : "passed",
    "steps" : [ ],
    "attachments" : [ ],
    "parameters" : [ ],
    "stepsCount" : 0,
    "attachmentsCount" : 0,
    "shouldDisplayMessage" : false,
    "hasContent" : false
  }, {
    "name" : "_session_faker",
    "time" : {
      "start" : 1757898622011,
      "stop" : 1757898622079,
      "duration" : 68
    },
    "status" : "passed",
    "steps" : [ ],
    "attachments" : [ ],
    "parameters" : [ ],
    "stepsCount" : 0,
    "attachmentsCount" : 0,
    "shouldDisplayMessage" : false,
    "hasContent" : false
  }, {
    "name" : "clear_allure_result_folder",
    "time" : {
      "start" : 1757898622079,
      "stop" : 1757898622079,
      "duration" : 0
    },
    "status" : "passed",
    "steps" : [ ],
    "attachments" : [ ],
    "parameters" : [ ],
    "stepsCount" : 0,
    "attachmentsCount" : 0,
    "shouldDisplayMessage" : false,
    "hasContent" : false
  }, {
    "name" : "create_account_page",
    "time" : {
      "start" : 1757898713225,
      "stop" : 1757898713369,
      "duration" : 144
    },
    "status" : "passed",
    "steps" : [ {
      "name" : "Open a browser",
      "time" : {
        "start" : 1757898713225,
        "stop" : 1757898713369,
        "duration" : 144
      },
      "status" : "passed",
      "steps" : [ ],
      "attachments" : [ ],
      "parameters" : [ ],
      "stepsCount" : 0,
      "attachmentsCount" : 0,
      "shouldDisplayMessage" : false,
      "hasContent" : false
    } ],
    "attachments" : [ ],
    "parameters" : [ ],
    "stepsCount" : 1,
    "attachmentsCount" : 0,
    "shouldDisplayMessage" : false,
    "hasContent" : true
  } ],
  "testStage" : {
    "description" : " Verify presence of Email label and the required asterisk ",
    "status" : "broken",
    "statusMessage" : "selenium.common.exceptions.TimeoutException: Message: \nStacktrace:\n#0 0x55a3fc0dd94a <unknown>\n#1 0x55a3fbb528a0 <unknown>\n#2 0x55a3fbba4540 <unknown>\n#3 0x55a3fbba4731 <unknown>\n#4 0x55a3fbbf2824 <unknown>\n#5 0x55a3fbbca05d <unknown>\n#6 0x55a3fbbefc23 <unknown>\n#7 0x55a3fbbc9e03 <unknown>\n#8 0x55a3fbb96968 <unknown>\n#9 0x55a3fbb975e1 <unknown>\n#10 0x55a3fc0a1548 <unknown>\n#11 0x55a3fc0a5272 <unknown>\n#12 0x55a3fc088313 <unknown>\n#13 0x55a3fc0a5dc5 <unknown>\n#14 0x55a3fc06d49f <unknown>\n#15 0x55a3fc0ca158 <unknown>\n#16 0x55a3fc0ca332 <unknown>\n#17 0x55a3fc0dca53 <unknown>\n#18 0x7f128a29caa4 <unknown>\n#19 0x7f128a329c3c <unknown>",
    "statusTrace" : "self = <test_create_an_account.TestCreateAnAccount object at 0x7f9ca2a55d60>\ncreate_account_page = <pages.create_an_account_page.CreateAccountPage object at 0x7f9ca249c710>\n\n    @allure.title('TC 04_01_11 Verify presence of email label and the required asterisk')\n    @allure.severity(allure.severity_level.NORMAL)\n    def test_04_01_11_email_labeled(self, create_account_page):\n        \"\"\" Verify presence of Email label and the required asterisk \"\"\"\n>       email_label = create_account_page.check_email_label()\n\ntests/test_create_an_account.py:107: \n_ _ _ _ _ _ _ _ _ _ _ _ _ _ _ _ _ _ _ _ _ _ _ _ _ _ _ _ _ _ _ _ _ _ _ _ _ _ _ _ \npages/create_an_account_page.py:40: in check_email_label\n    return self.element_is_visible(self.locators.EMAIL_LABEL)\npages/base_page.py:30: in element_is_visible\n    self.go_to_element(self.element_is_present(locator))\npages/base_page.py:51: in element_is_present\n    return wait(self.driver, timeout).until(EC.presence_of_element_located(locator))\n_ _ _ _ _ _ _ _ _ _ _ _ _ _ _ _ _ _ _ _ _ _ _ _ _ _ _ _ _ _ _ _ _ _ _ _ _ _ _ _ \n\nself = <selenium.webdriver.support.wait.WebDriverWait (session=\"bb42f375207f2869e373766707bf7e3a\")>\nmethod = <function presence_of_element_located.<locals>._predicate at 0x7f9ca28723e0>\nmessage = ''\n\n    def until(self, method, message: str = \"\"):\n        \"\"\"Calls the method provided with the driver as an argument until the \\\n        return value does not evaluate to ``False``.\n    \n        :param method: callable(WebDriver)\n        :param message: optional message for :exc:`TimeoutException`\n        :returns: the result of the last call to `method`\n        :raises: :exc:`selenium.common.exceptions.TimeoutException` if timeout occurs\n        \"\"\"\n        screen = None\n        stacktrace = None\n    \n        end_time = time.monotonic() + self._timeout\n        while True:\n            try:\n                value = method(self._driver)\n                if value:\n                    return value\n            except self._ignored_exceptions as exc:\n                screen = getattr(exc, \"screen\", None)\n                stacktrace = getattr(exc, \"stacktrace\", None)\n            time.sleep(self._poll)\n            if time.monotonic() > end_time:\n                break\n>       raise TimeoutException(message, screen, stacktrace)\nE       selenium.common.exceptions.TimeoutException: Message: \nE       Stacktrace:\nE       #0 0x55a3fc0dd94a <unknown>\nE       #1 0x55a3fbb528a0 <unknown>\nE       #2 0x55a3fbba4540 <unknown>\nE       #3 0x55a3fbba4731 <unknown>\nE       #4 0x55a3fbbf2824 <unknown>\nE       #5 0x55a3fbbca05d <unknown>\nE       #6 0x55a3fbbefc23 <unknown>\nE       #7 0x55a3fbbc9e03 <unknown>\nE       #8 0x55a3fbb96968 <unknown>\nE       #9 0x55a3fbb975e1 <unknown>\nE       #10 0x55a3fc0a1548 <unknown>\nE       #11 0x55a3fc0a5272 <unknown>\nE       #12 0x55a3fc088313 <unknown>\nE       #13 0x55a3fc0a5dc5 <unknown>\nE       #14 0x55a3fc06d49f <unknown>\nE       #15 0x55a3fc0ca158 <unknown>\nE       #16 0x55a3fc0ca332 <unknown>\nE       #17 0x55a3fc0dca53 <unknown>\nE       #18 0x7f128a29caa4 <unknown>\nE       #19 0x7f128a329c3c <unknown>\n\n/opt/hostedtoolcache/Python/3.12.3/x64/lib/python3.12/site-packages/selenium/webdriver/support/wait.py:95: TimeoutException",
    "steps" : [ {
      "name" : "Check Email label is visible",
      "time" : {
        "start" : 1757898713370,
        "stop" : 1757898718471,
        "duration" : 5101
      },
      "status" : "broken",
      "statusMessage" : "selenium.common.exceptions.TimeoutException: Message: \nStacktrace:\n#0 0x55a3fc0dd94a <unknown>\n#1 0x55a3fbb528a0 <unknown>\n#2 0x55a3fbba4540 <unknown>\n#3 0x55a3fbba4731 <unknown>\n#4 0x55a3fbbf2824 <unknown>\n#5 0x55a3fbbca05d <unknown>\n#6 0x55a3fbbefc23 <unknown>\n#7 0x55a3fbbc9e03 <unknown>\n#8 0x55a3fbb96968 <unknown>\n#9 0x55a3fbb975e1 <unknown>\n#10 0x55a3fc0a1548 <unknown>\n#11 0x55a3fc0a5272 <unknown>\n#12 0x55a3fc088313 <unknown>\n#13 0x55a3fc0a5dc5 <unknown>\n#14 0x55a3fc06d49f <unknown>\n#15 0x55a3fc0ca158 <unknown>\n#16 0x55a3fc0ca332 <unknown>\n#17 0x55a3fc0dca53 <unknown>\n#18 0x7f128a29caa4 <unknown>\n#19 0x7f128a329c3c <unknown>\n\n",
      "statusTrace" : "  File \"/opt/hostedtoolcache/Python/3.12.3/x64/lib/python3.12/site-packages/allure_commons/_allure.py\", line 192, in impl\n    return func(*a, **kw)\n           ^^^^^^^^^^^^^^\n  File \"/home/runner/work/luma_project/luma_project/pages/create_an_account_page.py\", line 40, in check_email_label\n    return self.element_is_visible(self.locators.EMAIL_LABEL)\n           ^^^^^^^^^^^^^^^^^^^^^^^^^^^^^^^^^^^^^^^^^^^^^^^^^^\n  File \"/opt/hostedtoolcache/Python/3.12.3/x64/lib/python3.12/site-packages/allure_commons/_allure.py\", line 192, in impl\n    return func(*a, **kw)\n           ^^^^^^^^^^^^^^\n  File \"/home/runner/work/luma_project/luma_project/pages/base_page.py\", line 30, in element_is_visible\n    self.go_to_element(self.element_is_present(locator))\n                       ^^^^^^^^^^^^^^^^^^^^^^^^^^^^^^^^\n  File \"/opt/hostedtoolcache/Python/3.12.3/x64/lib/python3.12/site-packages/allure_commons/_allure.py\", line 192, in impl\n    return func(*a, **kw)\n           ^^^^^^^^^^^^^^\n  File \"/home/runner/work/luma_project/luma_project/pages/base_page.py\", line 51, in element_is_present\n    return wait(self.driver, timeout).until(EC.presence_of_element_located(locator))\n           ^^^^^^^^^^^^^^^^^^^^^^^^^^^^^^^^^^^^^^^^^^^^^^^^^^^^^^^^^^^^^^^^^^^^^^^^^\n  File \"/opt/hostedtoolcache/Python/3.12.3/x64/lib/python3.12/site-packages/selenium/webdriver/support/wait.py\", line 95, in until\n    raise TimeoutException(message, screen, stacktrace)\n",
      "steps" : [ {
        "name" : "Find a visible element",
        "time" : {
          "start" : 1757898713370,
          "stop" : 1757898718471,
          "duration" : 5101
        },
        "status" : "broken",
        "statusMessage" : "selenium.common.exceptions.TimeoutException: Message: \nStacktrace:\n#0 0x55a3fc0dd94a <unknown>\n#1 0x55a3fbb528a0 <unknown>\n#2 0x55a3fbba4540 <unknown>\n#3 0x55a3fbba4731 <unknown>\n#4 0x55a3fbbf2824 <unknown>\n#5 0x55a3fbbca05d <unknown>\n#6 0x55a3fbbefc23 <unknown>\n#7 0x55a3fbbc9e03 <unknown>\n#8 0x55a3fbb96968 <unknown>\n#9 0x55a3fbb975e1 <unknown>\n#10 0x55a3fc0a1548 <unknown>\n#11 0x55a3fc0a5272 <unknown>\n#12 0x55a3fc088313 <unknown>\n#13 0x55a3fc0a5dc5 <unknown>\n#14 0x55a3fc06d49f <unknown>\n#15 0x55a3fc0ca158 <unknown>\n#16 0x55a3fc0ca332 <unknown>\n#17 0x55a3fc0dca53 <unknown>\n#18 0x7f128a29caa4 <unknown>\n#19 0x7f128a329c3c <unknown>\n\n",
        "statusTrace" : "  File \"/opt/hostedtoolcache/Python/3.12.3/x64/lib/python3.12/site-packages/allure_commons/_allure.py\", line 192, in impl\n    return func(*a, **kw)\n           ^^^^^^^^^^^^^^\n  File \"/home/runner/work/luma_project/luma_project/pages/base_page.py\", line 30, in element_is_visible\n    self.go_to_element(self.element_is_present(locator))\n                       ^^^^^^^^^^^^^^^^^^^^^^^^^^^^^^^^\n  File \"/opt/hostedtoolcache/Python/3.12.3/x64/lib/python3.12/site-packages/allure_commons/_allure.py\", line 192, in impl\n    return func(*a, **kw)\n           ^^^^^^^^^^^^^^\n  File \"/home/runner/work/luma_project/luma_project/pages/base_page.py\", line 51, in element_is_present\n    return wait(self.driver, timeout).until(EC.presence_of_element_located(locator))\n           ^^^^^^^^^^^^^^^^^^^^^^^^^^^^^^^^^^^^^^^^^^^^^^^^^^^^^^^^^^^^^^^^^^^^^^^^^\n  File \"/opt/hostedtoolcache/Python/3.12.3/x64/lib/python3.12/site-packages/selenium/webdriver/support/wait.py\", line 95, in until\n    raise TimeoutException(message, screen, stacktrace)\n",
        "steps" : [ {
          "name" : "Find a present element",
          "time" : {
            "start" : 1757898713370,
            "stop" : 1757898718471,
            "duration" : 5101
          },
          "status" : "broken",
          "statusMessage" : "selenium.common.exceptions.TimeoutException: Message: \nStacktrace:\n#0 0x55a3fc0dd94a <unknown>\n#1 0x55a3fbb528a0 <unknown>\n#2 0x55a3fbba4540 <unknown>\n#3 0x55a3fbba4731 <unknown>\n#4 0x55a3fbbf2824 <unknown>\n#5 0x55a3fbbca05d <unknown>\n#6 0x55a3fbbefc23 <unknown>\n#7 0x55a3fbbc9e03 <unknown>\n#8 0x55a3fbb96968 <unknown>\n#9 0x55a3fbb975e1 <unknown>\n#10 0x55a3fc0a1548 <unknown>\n#11 0x55a3fc0a5272 <unknown>\n#12 0x55a3fc088313 <unknown>\n#13 0x55a3fc0a5dc5 <unknown>\n#14 0x55a3fc06d49f <unknown>\n#15 0x55a3fc0ca158 <unknown>\n#16 0x55a3fc0ca332 <unknown>\n#17 0x55a3fc0dca53 <unknown>\n#18 0x7f128a29caa4 <unknown>\n#19 0x7f128a329c3c <unknown>\n\n",
          "statusTrace" : "  File \"/opt/hostedtoolcache/Python/3.12.3/x64/lib/python3.12/site-packages/allure_commons/_allure.py\", line 192, in impl\n    return func(*a, **kw)\n           ^^^^^^^^^^^^^^\n  File \"/home/runner/work/luma_project/luma_project/pages/base_page.py\", line 51, in element_is_present\n    return wait(self.driver, timeout).until(EC.presence_of_element_located(locator))\n           ^^^^^^^^^^^^^^^^^^^^^^^^^^^^^^^^^^^^^^^^^^^^^^^^^^^^^^^^^^^^^^^^^^^^^^^^^\n  File \"/opt/hostedtoolcache/Python/3.12.3/x64/lib/python3.12/site-packages/selenium/webdriver/support/wait.py\", line 95, in until\n    raise TimeoutException(message, screen, stacktrace)\n",
          "steps" : [ ],
          "attachments" : [ ],
          "parameters" : [ {
            "name" : "locator",
            "value" : "('css selector', \"label[for='email_address']\")"
          }, {
            "name" : "timeout",
            "value" : "5"
          } ],
          "stepsCount" : 0,
          "attachmentsCount" : 0,
          "shouldDisplayMessage" : true,
          "hasContent" : true
        } ],
        "attachments" : [ ],
        "parameters" : [ {
          "name" : "locator",
          "value" : "('css selector', \"label[for='email_address']\")"
        }, {
          "name" : "timeout",
          "value" : "10"
        } ],
        "stepsCount" : 1,
        "attachmentsCount" : 0,
        "shouldDisplayMessage" : false,
        "hasContent" : true
      } ],
      "attachments" : [ ],
      "parameters" : [ ],
      "stepsCount" : 2,
      "attachmentsCount" : 0,
      "shouldDisplayMessage" : false,
      "hasContent" : true
    } ],
    "attachments" : [ {
      "uid" : "68530b9a42ee5839",
      "name" : "Screenshot",
      "source" : "68530b9a42ee5839.png",
      "type" : "image/png",
      "size" : 23875
    }, {
      "uid" : "4d03c6cf218cb3db",
      "name" : "HTML source",
      "source" : "4d03c6cf218cb3db.html",
      "type" : "text/html",
      "size" : 786
    } ],
    "parameters" : [ ],
    "stepsCount" : 3,
    "attachmentsCount" : 2,
    "shouldDisplayMessage" : true,
    "hasContent" : true
  },
  "afterStages" : [ {
    "name" : "driver::0",
    "time" : {
      "start" : 1757898718539,
      "stop" : 1757898718599,
      "duration" : 60
    },
    "status" : "passed",
    "steps" : [ ],
    "attachments" : [ ],
    "parameters" : [ ],
    "stepsCount" : 0,
    "attachmentsCount" : 0,
    "shouldDisplayMessage" : false,
    "hasContent" : false
  }, {
    "name" : "clear_allure_result_folder::0",
    "time" : {
      "start" : 1757901039531,
      "stop" : 1757901039531,
      "duration" : 0
    },
    "status" : "passed",
    "steps" : [ ],
    "attachments" : [ ],
    "parameters" : [ ],
    "stepsCount" : 0,
    "attachmentsCount" : 0,
    "shouldDisplayMessage" : false,
    "hasContent" : false
  } ],
  "labels" : [ {
    "name" : "epic",
    "value" : "Create An Account"
  }, {
    "name" : "severity",
    "value" : "normal"
  }, {
    "name" : "parentSuite",
    "value" : "tests"
  }, {
    "name" : "suite",
    "value" : "test_create_an_account"
  }, {
    "name" : "subSuite",
    "value" : "TestCreateAnAccount"
  }, {
    "name" : "host",
    "value" : "runnervmf4ws1"
  }, {
    "name" : "thread",
    "value" : "3099-MainThread"
  }, {
    "name" : "framework",
    "value" : "pytest"
  }, {
    "name" : "language",
    "value" : "cpython3"
  }, {
    "name" : "package",
    "value" : "tests.test_create_an_account"
  }, {
    "name" : "resultFormat",
    "value" : "allure2"
  } ],
  "parameters" : [ ],
  "links" : [ ],
  "hidden" : false,
  "retry" : false,
  "extra" : {
    "severity" : "normal",
    "retries" : [ ],
    "categories" : [ {
      "name" : "Test defects",
      "matchedStatuses" : [ ],
      "flaky" : false
    } ],
    "tags" : [ ]
  },
  "source" : "b1ef47442a9b9fa4.json",
  "parameterValues" : [ ]
}