{
  "uid" : "b4de0e02c29afaaf",
  "name" : "tc 07.02.26 Verify the button 'Apply Discount' is displayed correct",
  "fullName" : "tests.test_shopping_cart.TestShoppingCartFull#test_tc_07_02_26_verify_button_apply_discount_is_displayed",
  "historyId" : "303215e727de3f0f385cbcf5a6c20e0c",
  "time" : {
    "start" : 1759110116151,
    "stop" : 1759110116151,
    "duration" : 0
  },
  "description" : "Check that button 'Apply Discount' is displayed correct",
  "descriptionHtml" : "<p>Check that button 'Apply Discount' is displayed correct</p>\n",
  "status" : "broken",
  "statusMessage" : "selenium.common.exceptions.TimeoutException: Message: \nStacktrace:\n#0 0x557a780bdcba <unknown>\n#1 0x557a77b328e0 <unknown>\n#2 0x557a77b84580 <unknown>\n#3 0x557a77b84771 <unknown>\n#4 0x557a77bd2864 <unknown>\n#5 0x557a77baa09d <unknown>\n#6 0x557a77bcfc63 <unknown>\n#7 0x557a77ba9e43 <unknown>\n#8 0x557a77b769a8 <unknown>\n#9 0x557a77b77621 <unknown>\n#10 0x557a780818b8 <unknown>\n#11 0x557a780855e2 <unknown>\n#12 0x557a78068683 <unknown>\n#13 0x557a78086135 <unknown>\n#14 0x557a7804d80f <unknown>\n#15 0x557a780aa4c8 <unknown>\n#16 0x557a780aa6a2 <unknown>\n#17 0x557a780bcdc3 <unknown>\n#18 0x7f1805c9caa4 <unknown>\n#19 0x7f1805d29c6c <unknown>",
  "statusTrace" : "driver = <selenium.webdriver.chrome.webdriver.WebDriver (session=\"26bf3c0214f3314b2cebf7c5c3c35dcb\")>\n\n    @pytest.fixture(scope=\"function\")\n    def full_cart_page(driver):\n        driver.get(ITEM_CART_URL)\n>       size_button = wait(driver, 5).until(EC.presence_of_element_located(shopping_locators.SIZE_BUTTON))\n\ntests/test_shopping_cart.py:13: \n_ _ _ _ _ _ _ _ _ _ _ _ _ _ _ _ _ _ _ _ _ _ _ _ _ _ _ _ _ _ _ _ _ _ _ _ _ _ _ _ \n\nself = <selenium.webdriver.support.wait.WebDriverWait (session=\"26bf3c0214f3314b2cebf7c5c3c35dcb\")>\nmethod = <function presence_of_element_located.<locals>._predicate at 0x7f0da7ed9ee0>\nmessage = ''\n\n    def until(self, method, message: str = \"\"):\n        \"\"\"Calls the method provided with the driver as an argument until the \\\n        return value does not evaluate to ``False``.\n    \n        :param method: callable(WebDriver)\n        :param message: optional message for :exc:`TimeoutException`\n        :returns: the result of the last call to `method`\n        :raises: :exc:`selenium.common.exceptions.TimeoutException` if timeout occurs\n        \"\"\"\n        screen = None\n        stacktrace = None\n    \n        end_time = time.monotonic() + self._timeout\n        while True:\n            try:\n                value = method(self._driver)\n                if value:\n                    return value\n            except self._ignored_exceptions as exc:\n                screen = getattr(exc, \"screen\", None)\n                stacktrace = getattr(exc, \"stacktrace\", None)\n            time.sleep(self._poll)\n            if time.monotonic() > end_time:\n                break\n>       raise TimeoutException(message, screen, stacktrace)\nE       selenium.common.exceptions.TimeoutException: Message: \nE       Stacktrace:\nE       #0 0x557a780bdcba <unknown>\nE       #1 0x557a77b328e0 <unknown>\nE       #2 0x557a77b84580 <unknown>\nE       #3 0x557a77b84771 <unknown>\nE       #4 0x557a77bd2864 <unknown>\nE       #5 0x557a77baa09d <unknown>\nE       #6 0x557a77bcfc63 <unknown>\nE       #7 0x557a77ba9e43 <unknown>\nE       #8 0x557a77b769a8 <unknown>\nE       #9 0x557a77b77621 <unknown>\nE       #10 0x557a780818b8 <unknown>\nE       #11 0x557a780855e2 <unknown>\nE       #12 0x557a78068683 <unknown>\nE       #13 0x557a78086135 <unknown>\nE       #14 0x557a7804d80f <unknown>\nE       #15 0x557a780aa4c8 <unknown>\nE       #16 0x557a780aa6a2 <unknown>\nE       #17 0x557a780bcdc3 <unknown>\nE       #18 0x7f1805c9caa4 <unknown>\nE       #19 0x7f1805d29c6c <unknown>\n\n/opt/hostedtoolcache/Python/3.12.3/x64/lib/python3.12/site-packages/selenium/webdriver/support/wait.py:95: TimeoutException",
  "flaky" : false,
  "newFailed" : false,
  "beforeStages" : [ {
    "name" : "full_cart_page",
    "time" : {
      "start" : 1759110117387,
      "stop" : 1759110122705,
      "duration" : 5318
    },
    "status" : "broken",
    "statusMessage" : "selenium.common.exceptions.TimeoutException: Message: \nStacktrace:\n#0 0x557a780bdcba <unknown>\n#1 0x557a77b328e0 <unknown>\n#2 0x557a77b84580 <unknown>\n#3 0x557a77b84771 <unknown>\n#4 0x557a77bd2864 <unknown>\n#5 0x557a77baa09d <unknown>\n#6 0x557a77bcfc63 <unknown>\n#7 0x557a77ba9e43 <unknown>\n#8 0x557a77b769a8 <unknown>\n#9 0x557a77b77621 <unknown>\n#10 0x557a780818b8 <unknown>\n#11 0x557a780855e2 <unknown>\n#12 0x557a78068683 <unknown>\n#13 0x557a78086135 <unknown>\n#14 0x557a7804d80f <unknown>\n#15 0x557a780aa4c8 <unknown>\n#16 0x557a780aa6a2 <unknown>\n#17 0x557a780bcdc3 <unknown>\n#18 0x7f1805c9caa4 <unknown>\n#19 0x7f1805d29c6c <unknown>\n\n",
    "statusTrace" : "  File \"/opt/hostedtoolcache/Python/3.12.3/x64/lib/python3.12/site-packages/pluggy/_callers.py\", line 38, in run_old_style_hookwrapper\n    res = yield\n          ^^^^^\n  File \"/opt/hostedtoolcache/Python/3.12.3/x64/lib/python3.12/site-packages/pluggy/_callers.py\", line 139, in _multicall\n    teardown.throw(exception)\n  File \"/opt/hostedtoolcache/Python/3.12.3/x64/lib/python3.12/site-packages/pluggy/_callers.py\", line 53, in run_old_style_hookwrapper\n    return result.get_result()\n           ^^^^^^^^^^^^^^^^^^^\n  File \"/opt/hostedtoolcache/Python/3.12.3/x64/lib/python3.12/site-packages/pluggy/_result.py\", line 103, in get_result\n    raise exc.with_traceback(tb)\n  File \"/opt/hostedtoolcache/Python/3.12.3/x64/lib/python3.12/site-packages/pluggy/_callers.py\", line 38, in run_old_style_hookwrapper\n    res = yield\n          ^^^^^\n  File \"/opt/hostedtoolcache/Python/3.12.3/x64/lib/python3.12/site-packages/pluggy/_callers.py\", line 121, in _multicall\n    res = hook_impl.function(*args)\n          ^^^^^^^^^^^^^^^^^^^^^^^^^\n  File \"/opt/hostedtoolcache/Python/3.12.3/x64/lib/python3.12/site-packages/_pytest/fixtures.py\", line 1123, in pytest_fixture_setup\n    result = call_fixture_func(fixturefunc, request, kwargs)\n             ^^^^^^^^^^^^^^^^^^^^^^^^^^^^^^^^^^^^^^^^^^^^^^^\n  File \"/opt/hostedtoolcache/Python/3.12.3/x64/lib/python3.12/site-packages/_pytest/fixtures.py\", line 902, in call_fixture_func\n    fixture_result = fixturefunc(**kwargs)\n                     ^^^^^^^^^^^^^^^^^^^^^\n  File \"/home/runner/work/luma_project/luma_project/tests/test_shopping_cart.py\", line 13, in full_cart_page\n    size_button = wait(driver, 5).until(EC.presence_of_element_located(shopping_locators.SIZE_BUTTON))\n                  ^^^^^^^^^^^^^^^^^^^^^^^^^^^^^^^^^^^^^^^^^^^^^^^^^^^^^^^^^^^^^^^^^^^^^^^^^^^^^^^^^^^^\n  File \"/opt/hostedtoolcache/Python/3.12.3/x64/lib/python3.12/site-packages/selenium/webdriver/support/wait.py\", line 95, in until\n    raise TimeoutException(message, screen, stacktrace)\n",
    "steps" : [ ],
    "attachments" : [ ],
    "parameters" : [ ],
    "stepsCount" : 0,
    "attachmentsCount" : 0,
    "shouldDisplayMessage" : true,
    "hasContent" : true
  }, {
    "name" : "driver",
    "time" : {
      "start" : 1759110116151,
      "stop" : 1759110117387,
      "duration" : 1236
    },
    "status" : "passed",
    "steps" : [ ],
    "attachments" : [ ],
    "parameters" : [ ],
    "stepsCount" : 0,
    "attachmentsCount" : 0,
    "shouldDisplayMessage" : false,
    "hasContent" : false
  }, {
    "name" : "clear_allure_result_folder",
    "time" : {
      "start" : 1759108091635,
      "stop" : 1759108091636,
      "duration" : 1
    },
    "status" : "passed",
    "steps" : [ ],
    "attachments" : [ ],
    "parameters" : [ ],
    "stepsCount" : 0,
    "attachmentsCount" : 0,
    "shouldDisplayMessage" : false,
    "hasContent" : false
  }, {
    "name" : "_session_faker",
    "time" : {
      "start" : 1759108091552,
      "stop" : 1759108091635,
      "duration" : 83
    },
    "status" : "passed",
    "steps" : [ ],
    "attachments" : [ ],
    "parameters" : [ ],
    "stepsCount" : 0,
    "attachmentsCount" : 0,
    "shouldDisplayMessage" : false,
    "hasContent" : false
  } ],
  "afterStages" : [ {
    "name" : "driver::0",
    "time" : {
      "start" : 1759110122713,
      "stop" : 1759110122772,
      "duration" : 59
    },
    "status" : "passed",
    "steps" : [ ],
    "attachments" : [ ],
    "parameters" : [ ],
    "stepsCount" : 0,
    "attachmentsCount" : 0,
    "shouldDisplayMessage" : false,
    "hasContent" : false
  }, {
    "name" : "clear_allure_result_folder::0",
    "time" : {
      "start" : 1759110554884,
      "stop" : 1759110554884,
      "duration" : 0
    },
    "status" : "passed",
    "steps" : [ ],
    "attachments" : [ ],
    "parameters" : [ ],
    "stepsCount" : 0,
    "attachmentsCount" : 0,
    "shouldDisplayMessage" : false,
    "hasContent" : false
  } ],
  "labels" : [ {
    "name" : "feature",
    "value" : "Shopping Cart is full"
  }, {
    "name" : "parentSuite",
    "value" : "tests"
  }, {
    "name" : "suite",
    "value" : "test_shopping_cart"
  }, {
    "name" : "subSuite",
    "value" : "TestShoppingCartFull"
  }, {
    "name" : "host",
    "value" : "runnervm3ublj"
  }, {
    "name" : "thread",
    "value" : "3001-MainThread"
  }, {
    "name" : "framework",
    "value" : "pytest"
  }, {
    "name" : "language",
    "value" : "cpython3"
  }, {
    "name" : "package",
    "value" : "tests.test_shopping_cart"
  }, {
    "name" : "resultFormat",
    "value" : "allure2"
  } ],
  "parameters" : [ ],
  "links" : [ ],
  "hidden" : false,
  "retry" : false,
  "extra" : {
    "severity" : "normal",
    "retries" : [ ],
    "categories" : [ {
      "name" : "Test defects",
      "matchedStatuses" : [ ],
      "flaky" : false
    } ],
    "tags" : [ ]
  },
  "source" : "b4de0e02c29afaaf.json",
  "parameterValues" : [ ]
}