{
  "uid" : "b6b88d6b99b048fe",
  "name" : "TC 13.01.49 - Check if section 1 is clickable in the Promo Block on the main page",
  "fullName" : "tests.test_main_page.TestPromoBlock#test_tc_13_01_49_check_section1_clickability",
  "historyId" : "89150738c1b60c5a2131cece543ad427",
  "time" : {
    "start" : 1759109409613,
    "stop" : 1759109414932,
    "duration" : 5319
  },
  "description" : "This test checks if section 1 in Promo Block under header is clickable",
  "descriptionHtml" : "<p>This test checks if section 1 in Promo Block under header is clickable</p>\n",
  "status" : "broken",
  "statusMessage" : "selenium.common.exceptions.TimeoutException: Message: \nStacktrace:\n#0 0x55f08a995cba <unknown>\n#1 0x55f08a40a8e0 <unknown>\n#2 0x55f08a45c580 <unknown>\n#3 0x55f08a45c771 <unknown>\n#4 0x55f08a4aa864 <unknown>\n#5 0x55f08a48209d <unknown>\n#6 0x55f08a4a7c63 <unknown>\n#7 0x55f08a481e43 <unknown>\n#8 0x55f08a44e9a8 <unknown>\n#9 0x55f08a44f621 <unknown>\n#10 0x55f08a9598b8 <unknown>\n#11 0x55f08a95d5e2 <unknown>\n#12 0x55f08a940683 <unknown>\n#13 0x55f08a95e135 <unknown>\n#14 0x55f08a92580f <unknown>\n#15 0x55f08a9824c8 <unknown>\n#16 0x55f08a9826a2 <unknown>\n#17 0x55f08a994dc3 <unknown>\n#18 0x7f55a329caa4 <unknown>\n#19 0x7f55a3329c6c <unknown>",
  "statusTrace" : "self = <test_main_page.TestMainPage.TestPromoBlock object at 0x7f0da853ba70>\ndriver = <selenium.webdriver.chrome.webdriver.WebDriver (session=\"c1479f820cbec65d2209311f9130157b\")>\n\n    @allure.title(\"TC 13.01.49 - Check if section 1 is clickable in the Promo Block on the main page\")\n    def test_tc_13_01_49_check_section1_clickability(self, driver):\n        \"\"\"This test checks if section 1 in Promo Block under header is clickable\"\"\"\n        page = PromoBlock(driver, MAIN_PAGE_URL)\n        page.open()\n>       section1 = page.check_section1_clickability()\n\ntests/test_main_page.py:636: \n_ _ _ _ _ _ _ _ _ _ _ _ _ _ _ _ _ _ _ _ _ _ _ _ _ _ _ _ _ _ _ _ _ _ _ _ _ _ _ _ \npages/main_page.py:322: in check_section1_clickability\n    section1 = self.element_is_clickable(self.locators.SECTION_1)\npages/base_page.py:81: in element_is_clickable\n    return wait(self.driver, timeout).until(EC.element_to_be_clickable(locator))\n_ _ _ _ _ _ _ _ _ _ _ _ _ _ _ _ _ _ _ _ _ _ _ _ _ _ _ _ _ _ _ _ _ _ _ _ _ _ _ _ \n\nself = <selenium.webdriver.support.wait.WebDriverWait (session=\"c1479f820cbec65d2209311f9130157b\")>\nmethod = <function element_to_be_clickable.<locals>._predicate at 0x7f0da82063e0>\nmessage = ''\n\n    def until(self, method, message: str = \"\"):\n        \"\"\"Calls the method provided with the driver as an argument until the \\\n        return value does not evaluate to ``False``.\n    \n        :param method: callable(WebDriver)\n        :param message: optional message for :exc:`TimeoutException`\n        :returns: the result of the last call to `method`\n        :raises: :exc:`selenium.common.exceptions.TimeoutException` if timeout occurs\n        \"\"\"\n        screen = None\n        stacktrace = None\n    \n        end_time = time.monotonic() + self._timeout\n        while True:\n            try:\n                value = method(self._driver)\n                if value:\n                    return value\n            except self._ignored_exceptions as exc:\n                screen = getattr(exc, \"screen\", None)\n                stacktrace = getattr(exc, \"stacktrace\", None)\n            time.sleep(self._poll)\n            if time.monotonic() > end_time:\n                break\n>       raise TimeoutException(message, screen, stacktrace)\nE       selenium.common.exceptions.TimeoutException: Message: \nE       Stacktrace:\nE       #0 0x55f08a995cba <unknown>\nE       #1 0x55f08a40a8e0 <unknown>\nE       #2 0x55f08a45c580 <unknown>\nE       #3 0x55f08a45c771 <unknown>\nE       #4 0x55f08a4aa864 <unknown>\nE       #5 0x55f08a48209d <unknown>\nE       #6 0x55f08a4a7c63 <unknown>\nE       #7 0x55f08a481e43 <unknown>\nE       #8 0x55f08a44e9a8 <unknown>\nE       #9 0x55f08a44f621 <unknown>\nE       #10 0x55f08a9598b8 <unknown>\nE       #11 0x55f08a95d5e2 <unknown>\nE       #12 0x55f08a940683 <unknown>\nE       #13 0x55f08a95e135 <unknown>\nE       #14 0x55f08a92580f <unknown>\nE       #15 0x55f08a9824c8 <unknown>\nE       #16 0x55f08a9826a2 <unknown>\nE       #17 0x55f08a994dc3 <unknown>\nE       #18 0x7f55a329caa4 <unknown>\nE       #19 0x7f55a3329c6c <unknown>\n\n/opt/hostedtoolcache/Python/3.12.3/x64/lib/python3.12/site-packages/selenium/webdriver/support/wait.py:95: TimeoutException",
  "flaky" : false,
  "newFailed" : false,
  "beforeStages" : [ {
    "name" : "clear_allure_result_folder",
    "time" : {
      "start" : 1759108091635,
      "stop" : 1759108091636,
      "duration" : 1
    },
    "status" : "passed",
    "steps" : [ ],
    "attachments" : [ ],
    "parameters" : [ ],
    "stepsCount" : 0,
    "attachmentsCount" : 0,
    "shouldDisplayMessage" : false,
    "hasContent" : false
  }, {
    "name" : "_session_faker",
    "time" : {
      "start" : 1759108091552,
      "stop" : 1759108091635,
      "duration" : 83
    },
    "status" : "passed",
    "steps" : [ ],
    "attachments" : [ ],
    "parameters" : [ ],
    "stepsCount" : 0,
    "attachmentsCount" : 0,
    "shouldDisplayMessage" : false,
    "hasContent" : false
  }, {
    "name" : "driver",
    "time" : {
      "start" : 1759109408332,
      "stop" : 1759109409613,
      "duration" : 1281
    },
    "status" : "passed",
    "steps" : [ ],
    "attachments" : [ ],
    "parameters" : [ ],
    "stepsCount" : 0,
    "attachmentsCount" : 0,
    "shouldDisplayMessage" : false,
    "hasContent" : false
  } ],
  "testStage" : {
    "description" : "This test checks if section 1 in Promo Block under header is clickable",
    "status" : "broken",
    "statusMessage" : "selenium.common.exceptions.TimeoutException: Message: \nStacktrace:\n#0 0x55f08a995cba <unknown>\n#1 0x55f08a40a8e0 <unknown>\n#2 0x55f08a45c580 <unknown>\n#3 0x55f08a45c771 <unknown>\n#4 0x55f08a4aa864 <unknown>\n#5 0x55f08a48209d <unknown>\n#6 0x55f08a4a7c63 <unknown>\n#7 0x55f08a481e43 <unknown>\n#8 0x55f08a44e9a8 <unknown>\n#9 0x55f08a44f621 <unknown>\n#10 0x55f08a9598b8 <unknown>\n#11 0x55f08a95d5e2 <unknown>\n#12 0x55f08a940683 <unknown>\n#13 0x55f08a95e135 <unknown>\n#14 0x55f08a92580f <unknown>\n#15 0x55f08a9824c8 <unknown>\n#16 0x55f08a9826a2 <unknown>\n#17 0x55f08a994dc3 <unknown>\n#18 0x7f55a329caa4 <unknown>\n#19 0x7f55a3329c6c <unknown>",
    "statusTrace" : "self = <test_main_page.TestMainPage.TestPromoBlock object at 0x7f0da853ba70>\ndriver = <selenium.webdriver.chrome.webdriver.WebDriver (session=\"c1479f820cbec65d2209311f9130157b\")>\n\n    @allure.title(\"TC 13.01.49 - Check if section 1 is clickable in the Promo Block on the main page\")\n    def test_tc_13_01_49_check_section1_clickability(self, driver):\n        \"\"\"This test checks if section 1 in Promo Block under header is clickable\"\"\"\n        page = PromoBlock(driver, MAIN_PAGE_URL)\n        page.open()\n>       section1 = page.check_section1_clickability()\n\ntests/test_main_page.py:636: \n_ _ _ _ _ _ _ _ _ _ _ _ _ _ _ _ _ _ _ _ _ _ _ _ _ _ _ _ _ _ _ _ _ _ _ _ _ _ _ _ \npages/main_page.py:322: in check_section1_clickability\n    section1 = self.element_is_clickable(self.locators.SECTION_1)\npages/base_page.py:81: in element_is_clickable\n    return wait(self.driver, timeout).until(EC.element_to_be_clickable(locator))\n_ _ _ _ _ _ _ _ _ _ _ _ _ _ _ _ _ _ _ _ _ _ _ _ _ _ _ _ _ _ _ _ _ _ _ _ _ _ _ _ \n\nself = <selenium.webdriver.support.wait.WebDriverWait (session=\"c1479f820cbec65d2209311f9130157b\")>\nmethod = <function element_to_be_clickable.<locals>._predicate at 0x7f0da82063e0>\nmessage = ''\n\n    def until(self, method, message: str = \"\"):\n        \"\"\"Calls the method provided with the driver as an argument until the \\\n        return value does not evaluate to ``False``.\n    \n        :param method: callable(WebDriver)\n        :param message: optional message for :exc:`TimeoutException`\n        :returns: the result of the last call to `method`\n        :raises: :exc:`selenium.common.exceptions.TimeoutException` if timeout occurs\n        \"\"\"\n        screen = None\n        stacktrace = None\n    \n        end_time = time.monotonic() + self._timeout\n        while True:\n            try:\n                value = method(self._driver)\n                if value:\n                    return value\n            except self._ignored_exceptions as exc:\n                screen = getattr(exc, \"screen\", None)\n                stacktrace = getattr(exc, \"stacktrace\", None)\n            time.sleep(self._poll)\n            if time.monotonic() > end_time:\n                break\n>       raise TimeoutException(message, screen, stacktrace)\nE       selenium.common.exceptions.TimeoutException: Message: \nE       Stacktrace:\nE       #0 0x55f08a995cba <unknown>\nE       #1 0x55f08a40a8e0 <unknown>\nE       #2 0x55f08a45c580 <unknown>\nE       #3 0x55f08a45c771 <unknown>\nE       #4 0x55f08a4aa864 <unknown>\nE       #5 0x55f08a48209d <unknown>\nE       #6 0x55f08a4a7c63 <unknown>\nE       #7 0x55f08a481e43 <unknown>\nE       #8 0x55f08a44e9a8 <unknown>\nE       #9 0x55f08a44f621 <unknown>\nE       #10 0x55f08a9598b8 <unknown>\nE       #11 0x55f08a95d5e2 <unknown>\nE       #12 0x55f08a940683 <unknown>\nE       #13 0x55f08a95e135 <unknown>\nE       #14 0x55f08a92580f <unknown>\nE       #15 0x55f08a9824c8 <unknown>\nE       #16 0x55f08a9826a2 <unknown>\nE       #17 0x55f08a994dc3 <unknown>\nE       #18 0x7f55a329caa4 <unknown>\nE       #19 0x7f55a3329c6c <unknown>\n\n/opt/hostedtoolcache/Python/3.12.3/x64/lib/python3.12/site-packages/selenium/webdriver/support/wait.py:95: TimeoutException",
    "steps" : [ {
      "name" : "Open a browser",
      "time" : {
        "start" : 1759109409614,
        "stop" : 1759109409827,
        "duration" : 213
      },
      "status" : "passed",
      "steps" : [ ],
      "attachments" : [ ],
      "parameters" : [ ],
      "stepsCount" : 0,
      "attachmentsCount" : 0,
      "shouldDisplayMessage" : false,
      "hasContent" : false
    }, {
      "name" : "Check the section 1 clickability in the Promo Block",
      "time" : {
        "start" : 1759109409827,
        "stop" : 1759109414932,
        "duration" : 5105
      },
      "status" : "broken",
      "statusMessage" : "selenium.common.exceptions.TimeoutException: Message: \nStacktrace:\n#0 0x55f08a995cba <unknown>\n#1 0x55f08a40a8e0 <unknown>\n#2 0x55f08a45c580 <unknown>\n#3 0x55f08a45c771 <unknown>\n#4 0x55f08a4aa864 <unknown>\n#5 0x55f08a48209d <unknown>\n#6 0x55f08a4a7c63 <unknown>\n#7 0x55f08a481e43 <unknown>\n#8 0x55f08a44e9a8 <unknown>\n#9 0x55f08a44f621 <unknown>\n#10 0x55f08a9598b8 <unknown>\n#11 0x55f08a95d5e2 <unknown>\n#12 0x55f08a940683 <unknown>\n#13 0x55f08a95e135 <unknown>\n#14 0x55f08a92580f <unknown>\n#15 0x55f08a9824c8 <unknown>\n#16 0x55f08a9826a2 <unknown>\n#17 0x55f08a994dc3 <unknown>\n#18 0x7f55a329caa4 <unknown>\n#19 0x7f55a3329c6c <unknown>\n\n",
      "statusTrace" : "  File \"/opt/hostedtoolcache/Python/3.12.3/x64/lib/python3.12/site-packages/allure_commons/_allure.py\", line 192, in impl\n    return func(*a, **kw)\n           ^^^^^^^^^^^^^^\n  File \"/home/runner/work/luma_project/luma_project/pages/main_page.py\", line 322, in check_section1_clickability\n    section1 = self.element_is_clickable(self.locators.SECTION_1)\n               ^^^^^^^^^^^^^^^^^^^^^^^^^^^^^^^^^^^^^^^^^^^^^^^^^^\n  File \"/opt/hostedtoolcache/Python/3.12.3/x64/lib/python3.12/site-packages/allure_commons/_allure.py\", line 192, in impl\n    return func(*a, **kw)\n           ^^^^^^^^^^^^^^\n  File \"/home/runner/work/luma_project/luma_project/pages/base_page.py\", line 81, in element_is_clickable\n    return wait(self.driver, timeout).until(EC.element_to_be_clickable(locator))\n           ^^^^^^^^^^^^^^^^^^^^^^^^^^^^^^^^^^^^^^^^^^^^^^^^^^^^^^^^^^^^^^^^^^^^^\n  File \"/opt/hostedtoolcache/Python/3.12.3/x64/lib/python3.12/site-packages/selenium/webdriver/support/wait.py\", line 95, in until\n    raise TimeoutException(message, screen, stacktrace)\n",
      "steps" : [ {
        "name" : "Find clickable elements",
        "time" : {
          "start" : 1759109409827,
          "stop" : 1759109414931,
          "duration" : 5104
        },
        "status" : "broken",
        "statusMessage" : "selenium.common.exceptions.TimeoutException: Message: \nStacktrace:\n#0 0x55f08a995cba <unknown>\n#1 0x55f08a40a8e0 <unknown>\n#2 0x55f08a45c580 <unknown>\n#3 0x55f08a45c771 <unknown>\n#4 0x55f08a4aa864 <unknown>\n#5 0x55f08a48209d <unknown>\n#6 0x55f08a4a7c63 <unknown>\n#7 0x55f08a481e43 <unknown>\n#8 0x55f08a44e9a8 <unknown>\n#9 0x55f08a44f621 <unknown>\n#10 0x55f08a9598b8 <unknown>\n#11 0x55f08a95d5e2 <unknown>\n#12 0x55f08a940683 <unknown>\n#13 0x55f08a95e135 <unknown>\n#14 0x55f08a92580f <unknown>\n#15 0x55f08a9824c8 <unknown>\n#16 0x55f08a9826a2 <unknown>\n#17 0x55f08a994dc3 <unknown>\n#18 0x7f55a329caa4 <unknown>\n#19 0x7f55a3329c6c <unknown>\n\n",
        "statusTrace" : "  File \"/opt/hostedtoolcache/Python/3.12.3/x64/lib/python3.12/site-packages/allure_commons/_allure.py\", line 192, in impl\n    return func(*a, **kw)\n           ^^^^^^^^^^^^^^\n  File \"/home/runner/work/luma_project/luma_project/pages/base_page.py\", line 81, in element_is_clickable\n    return wait(self.driver, timeout).until(EC.element_to_be_clickable(locator))\n           ^^^^^^^^^^^^^^^^^^^^^^^^^^^^^^^^^^^^^^^^^^^^^^^^^^^^^^^^^^^^^^^^^^^^^\n  File \"/opt/hostedtoolcache/Python/3.12.3/x64/lib/python3.12/site-packages/selenium/webdriver/support/wait.py\", line 95, in until\n    raise TimeoutException(message, screen, stacktrace)\n",
        "steps" : [ ],
        "attachments" : [ ],
        "parameters" : [ {
          "name" : "locator",
          "value" : "('css selector', '.blocks-promo > a')"
        }, {
          "name" : "timeout",
          "value" : "5"
        } ],
        "stepsCount" : 0,
        "attachmentsCount" : 0,
        "shouldDisplayMessage" : true,
        "hasContent" : true
      } ],
      "attachments" : [ ],
      "parameters" : [ ],
      "stepsCount" : 1,
      "attachmentsCount" : 0,
      "shouldDisplayMessage" : false,
      "hasContent" : true
    } ],
    "attachments" : [ {
      "uid" : "9da87f89e11848d1",
      "name" : "Screenshot",
      "source" : "9da87f89e11848d1.png",
      "type" : "image/png",
      "size" : 23875
    }, {
      "uid" : "62d2e74387e42cae",
      "name" : "HTML source",
      "source" : "62d2e74387e42cae.html",
      "type" : "text/html",
      "size" : 786
    } ],
    "parameters" : [ ],
    "stepsCount" : 3,
    "attachmentsCount" : 2,
    "shouldDisplayMessage" : true,
    "hasContent" : true
  },
  "afterStages" : [ {
    "name" : "clear_allure_result_folder::0",
    "time" : {
      "start" : 1759110554884,
      "stop" : 1759110554884,
      "duration" : 0
    },
    "status" : "passed",
    "steps" : [ ],
    "attachments" : [ ],
    "parameters" : [ ],
    "stepsCount" : 0,
    "attachmentsCount" : 0,
    "shouldDisplayMessage" : false,
    "hasContent" : false
  }, {
    "name" : "driver::0",
    "time" : {
      "start" : 1759109415062,
      "stop" : 1759109415123,
      "duration" : 61
    },
    "status" : "passed",
    "steps" : [ ],
    "attachments" : [ ],
    "parameters" : [ ],
    "stepsCount" : 0,
    "attachmentsCount" : 0,
    "shouldDisplayMessage" : false,
    "hasContent" : false
  } ],
  "labels" : [ {
    "name" : "epic",
    "value" : "Main Page"
  }, {
    "name" : "feature",
    "value" : "Promo Block Testing"
  }, {
    "name" : "parentSuite",
    "value" : "tests"
  }, {
    "name" : "suite",
    "value" : "test_main_page"
  }, {
    "name" : "subSuite",
    "value" : "TestMainPage"
  }, {
    "name" : "host",
    "value" : "runnervm3ublj"
  }, {
    "name" : "thread",
    "value" : "3001-MainThread"
  }, {
    "name" : "framework",
    "value" : "pytest"
  }, {
    "name" : "language",
    "value" : "cpython3"
  }, {
    "name" : "package",
    "value" : "tests.test_main_page"
  }, {
    "name" : "resultFormat",
    "value" : "allure2"
  } ],
  "parameters" : [ ],
  "links" : [ ],
  "hidden" : false,
  "retry" : false,
  "extra" : {
    "severity" : "normal",
    "retries" : [ ],
    "categories" : [ {
      "name" : "Test defects",
      "matchedStatuses" : [ ],
      "flaky" : false
    } ],
    "tags" : [ ]
  },
  "source" : "b6b88d6b99b048fe.json",
  "parameterValues" : [ ]
}