{
  "uid" : "bf0f5dd3c2a238c2",
  "name" : "tc 07.02.10 Verify that remove button deletes item from the shipping page",
  "fullName" : "tests.test_shopping_cart.TestShoppingCartFull#test_tc_07_02_10_verify_remove_button_delete_item",
  "historyId" : "b1af673dcf0fa76b7bc15b6028fb0cde",
  "time" : {
    "start" : 1753062323924,
    "stop" : 1753062325654,
    "duration" : 1730
  },
  "description" : "Check that remove button deletes item from the shipping page",
  "descriptionHtml" : "<p>Check that remove button deletes item from the shipping page</p>\n",
  "status" : "failed",
  "statusMessage" : "AssertionError: Remove button doesn't works correctly\nassert 'You have no ...opping  cart.' == 'You have no ...hopping cart.'\n  - You have no items in your shopping cart.\n  + You have no items in your  shopping  cart.\n  ?                          +          +",
  "statusTrace" : "self = <test_shopping_cart.TestShoppingCartFull object at 0x7f933fb84da0>\ndriver = <selenium.webdriver.chrome.webdriver.WebDriver (session=\"59ab564ba6addc41a2983672f4172ece\")>\nfull_cart_page = None\n\n    @allure.title(\"tc 07.02.10 Verify that remove button deletes item from the shipping page\")\n    def test_tc_07_02_10_verify_remove_button_delete_item(self, driver, full_cart_page):\n        \"\"\"Check that remove button deletes item from the shipping page\"\"\"\n        page = ShoppingCartPage(driver, SHOPPING_CART_PAGE)\n        message = page.check_remove_button_deletes_item_from_shopping_cart()\n>       assert message == \"You have no items in your shopping cart.\", \"Remove button doesn't works correctly\"\nE       AssertionError: Remove button doesn't works correctly\nE       assert 'You have no ...opping  cart.' == 'You have no ...hopping cart.'\nE         - You have no items in your shopping cart.\nE         + You have no items in your  shopping  cart.\nE         ?                          +          +\n\ntests/test_shopping_cart.py:131: AssertionError",
  "flaky" : false,
  "newFailed" : false,
  "beforeStages" : [ {
    "name" : "full_cart_page",
    "time" : {
      "start" : 1753062318643,
      "stop" : 1753062323923,
      "duration" : 5280
    },
    "status" : "passed",
    "steps" : [ ],
    "attachments" : [ ],
    "parameters" : [ ],
    "stepsCount" : 0,
    "attachmentsCount" : 0,
    "shouldDisplayMessage" : false,
    "hasContent" : false
  }, {
    "name" : "_session_faker",
    "time" : {
      "start" : 1753060870428,
      "stop" : 1753060870497,
      "duration" : 69
    },
    "status" : "passed",
    "steps" : [ ],
    "attachments" : [ ],
    "parameters" : [ ],
    "stepsCount" : 0,
    "attachmentsCount" : 0,
    "shouldDisplayMessage" : false,
    "hasContent" : false
  }, {
    "name" : "clear_allure_result_folder",
    "time" : {
      "start" : 1753060870497,
      "stop" : 1753060870497,
      "duration" : 0
    },
    "status" : "passed",
    "steps" : [ ],
    "attachments" : [ ],
    "parameters" : [ ],
    "stepsCount" : 0,
    "attachmentsCount" : 0,
    "shouldDisplayMessage" : false,
    "hasContent" : false
  }, {
    "name" : "driver",
    "time" : {
      "start" : 1753062317341,
      "stop" : 1753062318643,
      "duration" : 1302
    },
    "status" : "passed",
    "steps" : [ ],
    "attachments" : [ ],
    "parameters" : [ ],
    "stepsCount" : 0,
    "attachmentsCount" : 0,
    "shouldDisplayMessage" : false,
    "hasContent" : false
  } ],
  "testStage" : {
    "description" : "Check that remove button deletes item from the shipping page",
    "status" : "failed",
    "statusMessage" : "AssertionError: Remove button doesn't works correctly\nassert 'You have no ...opping  cart.' == 'You have no ...hopping cart.'\n  - You have no items in your shopping cart.\n  + You have no items in your  shopping  cart.\n  ?                          +          +",
    "statusTrace" : "self = <test_shopping_cart.TestShoppingCartFull object at 0x7f933fb84da0>\ndriver = <selenium.webdriver.chrome.webdriver.WebDriver (session=\"59ab564ba6addc41a2983672f4172ece\")>\nfull_cart_page = None\n\n    @allure.title(\"tc 07.02.10 Verify that remove button deletes item from the shipping page\")\n    def test_tc_07_02_10_verify_remove_button_delete_item(self, driver, full_cart_page):\n        \"\"\"Check that remove button deletes item from the shipping page\"\"\"\n        page = ShoppingCartPage(driver, SHOPPING_CART_PAGE)\n        message = page.check_remove_button_deletes_item_from_shopping_cart()\n>       assert message == \"You have no items in your shopping cart.\", \"Remove button doesn't works correctly\"\nE       AssertionError: Remove button doesn't works correctly\nE       assert 'You have no ...opping  cart.' == 'You have no ...hopping cart.'\nE         - You have no items in your shopping cart.\nE         + You have no items in your  shopping  cart.\nE         ?                          +          +\n\ntests/test_shopping_cart.py:131: AssertionError",
    "steps" : [ {
      "name" : "Check remove button deletes item from the shipping page",
      "time" : {
        "start" : 1753062323924,
        "stop" : 1753062325653,
        "duration" : 1729
      },
      "status" : "passed",
      "steps" : [ {
        "name" : "Find clickable elements",
        "time" : {
          "start" : 1753062323924,
          "stop" : 1753062324110,
          "duration" : 186
        },
        "status" : "passed",
        "steps" : [ ],
        "attachments" : [ ],
        "parameters" : [ {
          "name" : "locator",
          "value" : "('css selector', 'a.action.action-delete')"
        }, {
          "name" : "timeout",
          "value" : "5"
        } ],
        "stepsCount" : 0,
        "attachmentsCount" : 0,
        "shouldDisplayMessage" : false,
        "hasContent" : true
      }, {
        "name" : "Find a visible element",
        "time" : {
          "start" : 1753062325459,
          "stop" : 1753062325634,
          "duration" : 175
        },
        "status" : "passed",
        "steps" : [ {
          "name" : "Find a present element",
          "time" : {
            "start" : 1753062325459,
            "stop" : 1753062325608,
            "duration" : 149
          },
          "status" : "passed",
          "steps" : [ ],
          "attachments" : [ ],
          "parameters" : [ {
            "name" : "locator",
            "value" : "('css selector', 'div.cart-empty > p:nth-child(1)')"
          }, {
            "name" : "timeout",
            "value" : "5"
          } ],
          "stepsCount" : 0,
          "attachmentsCount" : 0,
          "shouldDisplayMessage" : false,
          "hasContent" : true
        }, {
          "name" : "Go to specified element",
          "time" : {
            "start" : 1753062325608,
            "stop" : 1753062325615,
            "duration" : 7
          },
          "status" : "passed",
          "steps" : [ ],
          "attachments" : [ ],
          "parameters" : [ {
            "name" : "element",
            "value" : "<selenium.webdriver.remote.webelement.WebElement (session=\"59ab564ba6addc41a2983672f4172ece\", element=\"f.F755CD8096D3C5CF3561772442873776.d.331765831AEEB4F1CE01887B7C628822.e.165\")>"
          } ],
          "stepsCount" : 0,
          "attachmentsCount" : 0,
          "shouldDisplayMessage" : false,
          "hasContent" : true
        } ],
        "attachments" : [ ],
        "parameters" : [ {
          "name" : "locator",
          "value" : "('css selector', 'div.cart-empty > p:nth-child(1)')"
        }, {
          "name" : "timeout",
          "value" : "10"
        } ],
        "stepsCount" : 2,
        "attachmentsCount" : 0,
        "shouldDisplayMessage" : false,
        "hasContent" : true
      } ],
      "attachments" : [ ],
      "parameters" : [ ],
      "stepsCount" : 4,
      "attachmentsCount" : 0,
      "shouldDisplayMessage" : false,
      "hasContent" : true
    } ],
    "attachments" : [ {
      "uid" : "ff64f3664f77d013",
      "name" : "Screenshot",
      "source" : "ff64f3664f77d013.png",
      "type" : "image/png",
      "size" : 50595
    }, {
      "uid" : "1e2b4d4fcad5f959",
      "name" : "HTML source",
      "source" : "1e2b4d4fcad5f959.html",
      "type" : "text/html",
      "size" : 247023
    } ],
    "parameters" : [ ],
    "stepsCount" : 5,
    "attachmentsCount" : 2,
    "shouldDisplayMessage" : true,
    "hasContent" : true
  },
  "afterStages" : [ {
    "name" : "clear_allure_result_folder::0",
    "time" : {
      "start" : 1753062650592,
      "stop" : 1753062650592,
      "duration" : 0
    },
    "status" : "passed",
    "steps" : [ ],
    "attachments" : [ ],
    "parameters" : [ ],
    "stepsCount" : 0,
    "attachmentsCount" : 0,
    "shouldDisplayMessage" : false,
    "hasContent" : false
  }, {
    "name" : "driver::0",
    "time" : {
      "start" : 1753062325801,
      "stop" : 1753062325883,
      "duration" : 82
    },
    "status" : "passed",
    "steps" : [ ],
    "attachments" : [ ],
    "parameters" : [ ],
    "stepsCount" : 0,
    "attachmentsCount" : 0,
    "shouldDisplayMessage" : false,
    "hasContent" : false
  } ],
  "labels" : [ {
    "name" : "feature",
    "value" : "Shopping Cart is full"
  }, {
    "name" : "parentSuite",
    "value" : "tests"
  }, {
    "name" : "suite",
    "value" : "test_shopping_cart"
  }, {
    "name" : "subSuite",
    "value" : "TestShoppingCartFull"
  }, {
    "name" : "host",
    "value" : "pkrvmq0rgcvqdmg"
  }, {
    "name" : "thread",
    "value" : "2994-MainThread"
  }, {
    "name" : "framework",
    "value" : "pytest"
  }, {
    "name" : "language",
    "value" : "cpython3"
  }, {
    "name" : "package",
    "value" : "tests.test_shopping_cart"
  }, {
    "name" : "resultFormat",
    "value" : "allure2"
  } ],
  "parameters" : [ ],
  "links" : [ ],
  "hidden" : false,
  "retry" : false,
  "extra" : {
    "severity" : "normal",
    "retries" : [ ],
    "categories" : [ {
      "name" : "Product defects",
      "matchedStatuses" : [ ],
      "flaky" : false
    } ],
    "tags" : [ ]
  },
  "source" : "bf0f5dd3c2a238c2.json",
  "parameterValues" : [ ]
}