{
  "uid" : "c4dc6b0d49a1d0ae",
  "name" : "TC 03.02.02 to 03_02_10 Verify Error on Failed Login with invalid credentials",
  "fullName" : "tests.test_sign_in.TestFailedLogin#test_03_02_02_to_10_error_if_login_with_invalid_credentials",
  "historyId" : "cb41e4e458941a07ca73df0d85ea2e49",
  "time" : {
    "start" : 1754877758623,
    "stop" : 1754877760242,
    "duration" : 1619
  },
  "description" : "Check error on Failed Login with invalid credentials, case-sensitive password and password with spaces",
  "descriptionHtml" : "<p>Check error on Failed Login with invalid credentials, case-sensitive password and password with spaces</p>\n",
  "status" : "broken",
  "statusMessage" : "selenium.common.exceptions.ElementClickInterceptedException: Message: element click intercepted: Element <input name=\"login[password]\" type=\"password\" autocomplete=\"off\" class=\"input-text\" id=\"pass\" title=\"Password\" data-validate=\"{required:true}\" aria-required=\"true\"> is not clickable at point (560, 845). Other element would receive the click: <iframe id=\"aswift_3\" name=\"aswift_3\" browsingtopics=\"true\" style=\"min-height: auto; max-height: none; min-width: auto; max-width: none; width: 1005px !important; height: 124px !important; display: block; margin: 0px auto;\" sandbox=\"allow-forms allow-popups allow-popups-to-escape-sandbox allow-same-origin allow-scripts allow-top-navigation-by-user-activation\" width=\"1005\" height=\"124\" frameborder=\"0\" marginwidth=\"0\" marginheight=\"0\" vspace=\"0\" hspace=\"0\" allowtransparency=\"true\" scrolling=\"no\" allow=\"attribution-reporting; run-ad-auction\" src=\"https://googleads.g.doubleclick.net/pagead/html/r20250805/r20190131/zrt_lookup_fy2021.html#RS-1-&amp;adk=1812271801&amp;client=ca-pub-7399332034053978&amp;fa=1&amp;ifi=4&amp;uci=a!4&amp;btvi=2\" data-google-container-id=\"a!4\" tabindex=\"0\" title=\"Advertisement\" aria-label=\"Advertisement\" data-google-query-id=\"CLzym4vVgY8DFUHqGAId9Kcicg\" data-load-complete=\"true\"></iframe>\n  (Session info: chrome=138.0.7204.183)\nStacktrace:\n#0 0x561cf01262ca <unknown>\n#1 0x561cefbcd550 <unknown>\n#2 0x561cefc25f5c <unknown>\n#3 0x561cefc23dc2 <unknown>\n#4 0x561cefc21462 <unknown>\n#5 0x561cefc20b80 <unknown>\n#6 0x561cefc132ea <unknown>\n#7 0x561cefc44bc2 <unknown>\n#8 0x561cefc12c6a <unknown>\n#9 0x561cefc44d8e <unknown>\n#10 0x561cefc6a9e6 <unknown>\n#11 0x561cefc44993 <unknown>\n#12 0x561cefc10d6b <unknown>\n#13 0x561cefc12141 <unknown>\n#14 0x561cf00eb2ab <unknown>\n#15 0x561cf00ef0b9 <unknown>\n#16 0x561cf00d2139 <unknown>\n#17 0x561cf00efc68 <unknown>\n#18 0x561cf00b660f <unknown>\n#19 0x561cf01141f8 <unknown>\n#20 0x561cf01143d6 <unknown>\n#21 0x561cf01255e6 <unknown>\n#22 0x7f905a29caa4 <unknown>\n#23 0x7f905a329c3c <unknown>",
  "statusTrace" : "self = <test_sign_in.TestFailedLogin object at 0x7f2eefd84590>\ndriver = <selenium.webdriver.chrome.webdriver.WebDriver (session=\"a9a692b29b126bbccd5baedd57d9f77c\")>\nsign_in_page = <pages.sign_in_page.SignInPage object at 0x7f2eefc22f90>\nemail = 'teston120@mailinator.com', password = 'Test#12p@ssw0rd'\n\n    @allure.title('TC 03.02.02 to 03_02_10 Verify Error on Failed Login with invalid credentials')\n    @allure.severity(allure.severity_level.CRITICAL)\n    @pytest.mark.parametrize('email, password', [LOGIN[i] for i in [1, 2, 6, 8, 9]])\n    def test_03_02_02_to_10_error_if_login_with_invalid_credentials(self, driver, sign_in_page, email, password):\n        \"\"\"Check error on Failed Login with invalid credentials, case-sensitive password and password with spaces\"\"\"\n        sign_in_page.fill_in_email_field(email)\n>       sign_in_page.fill_in_password_field(password)\n\ntests/test_sign_in.py:305: \n_ _ _ _ _ _ _ _ _ _ _ _ _ _ _ _ _ _ _ _ _ _ _ _ _ _ _ _ _ _ _ _ _ _ _ _ _ _ _ _ \npages/sign_in_page.py:88: in fill_in_password_field\n    return self.fill_in_field(self.check_customer_password_field_is_clickable(), password)\npages/base_page.py:320: in fill_in_field\n    input_field.click()\n/opt/hostedtoolcache/Python/3.12.3/x64/lib/python3.12/site-packages/selenium/webdriver/remote/webelement.py:93: in click\n    self._execute(Command.CLICK_ELEMENT)\n/opt/hostedtoolcache/Python/3.12.3/x64/lib/python3.12/site-packages/selenium/webdriver/remote/webelement.py:394: in _execute\n    return self._parent.execute(command, params)\n/opt/hostedtoolcache/Python/3.12.3/x64/lib/python3.12/site-packages/selenium/webdriver/remote/webdriver.py:344: in execute\n    self.error_handler.check_response(response)\n_ _ _ _ _ _ _ _ _ _ _ _ _ _ _ _ _ _ _ _ _ _ _ _ _ _ _ _ _ _ _ _ _ _ _ _ _ _ _ _ \n\nself = <selenium.webdriver.remote.errorhandler.ErrorHandler object at 0x7f2eefc1b6b0>\nresponse = {'status': 400, 'value': '{\"value\":{\"error\":\"element click intercepted\",\"message\":\"element click intercepted: Element ...\\\\n#21 0x561cf01255e6 \\\\u003Cunknown>\\\\n#22 0x7f905a29caa4 \\\\u003Cunknown>\\\\n#23 0x7f905a329c3c \\\\u003Cunknown>\\\\n\"}}'}\n\n    def check_response(self, response: Dict[str, Any]) -> None:\n        \"\"\"Checks that a JSON response from the WebDriver does not have an\n        error.\n    \n        :Args:\n         - response - The JSON response from the WebDriver server as a dictionary\n           object.\n    \n        :Raises: If the response contains an error message.\n        \"\"\"\n        status = response.get(\"status\", None)\n        if not status or status == ErrorCode.SUCCESS:\n            return\n        value = None\n        message = response.get(\"message\", \"\")\n        screen: str = response.get(\"screen\", \"\")\n        stacktrace = None\n        if isinstance(status, int):\n            value_json = response.get(\"value\", None)\n            if value_json and isinstance(value_json, str):\n                import json\n    \n                try:\n                    value = json.loads(value_json)\n                    if len(value) == 1:\n                        value = value[\"value\"]\n                    status = value.get(\"error\", None)\n                    if not status:\n                        status = value.get(\"status\", ErrorCode.UNKNOWN_ERROR)\n                        message = value.get(\"value\") or value.get(\"message\")\n                        if not isinstance(message, str):\n                            value = message\n                            message = message.get(\"message\")\n                    else:\n                        message = value.get(\"message\", None)\n                except ValueError:\n                    pass\n    \n        exception_class: Type[WebDriverException]\n        e = ErrorCode()\n        error_codes = [item for item in dir(e) if not item.startswith(\"__\")]\n        for error_code in error_codes:\n            error_info = getattr(ErrorCode, error_code)\n            if isinstance(error_info, list) and status in error_info:\n                exception_class = getattr(ExceptionMapping, error_code, WebDriverException)\n                break\n        else:\n            exception_class = WebDriverException\n    \n        if not value:\n            value = response[\"value\"]\n        if isinstance(value, str):\n            raise exception_class(value)\n        if message == \"\" and \"message\" in value:\n            message = value[\"message\"]\n    \n        screen = None  # type: ignore[assignment]\n        if \"screen\" in value:\n            screen = value[\"screen\"]\n    \n        stacktrace = None\n        st_value = value.get(\"stackTrace\") or value.get(\"stacktrace\")\n        if st_value:\n            if isinstance(st_value, str):\n                stacktrace = st_value.split(\"\\n\")\n            else:\n                stacktrace = []\n                try:\n                    for frame in st_value:\n                        line = frame.get(\"lineNumber\", \"\")\n                        file = frame.get(\"fileName\", \"<anonymous>\")\n                        if line:\n                            file = f\"{file}:{line}\"\n                        meth = frame.get(\"methodName\", \"<anonymous>\")\n                        if \"className\" in frame:\n                            meth = f\"{frame['className']}.{meth}\"\n                        msg = \"    at %s (%s)\"\n                        msg = msg % (meth, file)\n                        stacktrace.append(msg)\n                except TypeError:\n                    pass\n        if exception_class == UnexpectedAlertPresentException:\n            alert_text = None\n            if \"data\" in value:\n                alert_text = value[\"data\"].get(\"text\")\n            elif \"alert\" in value:\n                alert_text = value[\"alert\"].get(\"text\")\n            raise exception_class(message, screen, stacktrace, alert_text)  # type: ignore[call-arg]  # mypy is not smart enough here\n>       raise exception_class(message, screen, stacktrace)\nE       selenium.common.exceptions.ElementClickInterceptedException: Message: element click intercepted: Element <input name=\"login[password]\" type=\"password\" autocomplete=\"off\" class=\"input-text\" id=\"pass\" title=\"Password\" data-validate=\"{required:true}\" aria-required=\"true\"> is not clickable at point (560, 845). Other element would receive the click: <iframe id=\"aswift_3\" name=\"aswift_3\" browsingtopics=\"true\" style=\"min-height: auto; max-height: none; min-width: auto; max-width: none; width: 1005px !important; height: 124px !important; display: block; margin: 0px auto;\" sandbox=\"allow-forms allow-popups allow-popups-to-escape-sandbox allow-same-origin allow-scripts allow-top-navigation-by-user-activation\" width=\"1005\" height=\"124\" frameborder=\"0\" marginwidth=\"0\" marginheight=\"0\" vspace=\"0\" hspace=\"0\" allowtransparency=\"true\" scrolling=\"no\" allow=\"attribution-reporting; run-ad-auction\" src=\"https://googleads.g.doubleclick.net/pagead/html/r20250805/r20190131/zrt_lookup_fy2021.html#RS-1-&amp;adk=1812271801&amp;client=ca-pub-7399332034053978&amp;fa=1&amp;ifi=4&amp;uci=a!4&amp;btvi=2\" data-google-container-id=\"a!4\" tabindex=\"0\" title=\"Advertisement\" aria-label=\"Advertisement\" data-google-query-id=\"CLzym4vVgY8DFUHqGAId9Kcicg\" data-load-complete=\"true\"></iframe>\nE         (Session info: chrome=138.0.7204.183)\nE       Stacktrace:\nE       #0 0x561cf01262ca <unknown>\nE       #1 0x561cefbcd550 <unknown>\nE       #2 0x561cefc25f5c <unknown>\nE       #3 0x561cefc23dc2 <unknown>\nE       #4 0x561cefc21462 <unknown>\nE       #5 0x561cefc20b80 <unknown>\nE       #6 0x561cefc132ea <unknown>\nE       #7 0x561cefc44bc2 <unknown>\nE       #8 0x561cefc12c6a <unknown>\nE       #9 0x561cefc44d8e <unknown>\nE       #10 0x561cefc6a9e6 <unknown>\nE       #11 0x561cefc44993 <unknown>\nE       #12 0x561cefc10d6b <unknown>\nE       #13 0x561cefc12141 <unknown>\nE       #14 0x561cf00eb2ab <unknown>\nE       #15 0x561cf00ef0b9 <unknown>\nE       #16 0x561cf00d2139 <unknown>\nE       #17 0x561cf00efc68 <unknown>\nE       #18 0x561cf00b660f <unknown>\nE       #19 0x561cf01141f8 <unknown>\nE       #20 0x561cf01143d6 <unknown>\nE       #21 0x561cf01255e6 <unknown>\nE       #22 0x7f905a29caa4 <unknown>\nE       #23 0x7f905a329c3c <unknown>\n\n/opt/hostedtoolcache/Python/3.12.3/x64/lib/python3.12/site-packages/selenium/webdriver/remote/errorhandler.py:229: ElementClickInterceptedException",
  "flaky" : false,
  "newFailed" : false,
  "beforeStages" : [ {
    "name" : "_session_faker",
    "time" : {
      "start" : 1754875194582,
      "stop" : 1754875194651,
      "duration" : 69
    },
    "status" : "passed",
    "steps" : [ ],
    "attachments" : [ ],
    "parameters" : [ ],
    "stepsCount" : 0,
    "attachmentsCount" : 0,
    "shouldDisplayMessage" : false,
    "hasContent" : false
  }, {
    "name" : "sign_in_page",
    "time" : {
      "start" : 1754877757428,
      "stop" : 1754877758622,
      "duration" : 1194
    },
    "status" : "passed",
    "steps" : [ {
      "name" : "Open a browser",
      "time" : {
        "start" : 1754877757428,
        "stop" : 1754877758622,
        "duration" : 1194
      },
      "status" : "passed",
      "steps" : [ ],
      "attachments" : [ ],
      "parameters" : [ ],
      "stepsCount" : 0,
      "attachmentsCount" : 0,
      "shouldDisplayMessage" : false,
      "hasContent" : false
    } ],
    "attachments" : [ ],
    "parameters" : [ ],
    "stepsCount" : 1,
    "attachmentsCount" : 0,
    "shouldDisplayMessage" : false,
    "hasContent" : true
  }, {
    "name" : "driver",
    "time" : {
      "start" : 1754877756149,
      "stop" : 1754877757428,
      "duration" : 1279
    },
    "status" : "passed",
    "steps" : [ ],
    "attachments" : [ ],
    "parameters" : [ ],
    "stepsCount" : 0,
    "attachmentsCount" : 0,
    "shouldDisplayMessage" : false,
    "hasContent" : false
  }, {
    "name" : "clear_allure_result_folder",
    "time" : {
      "start" : 1754875194651,
      "stop" : 1754875194651,
      "duration" : 0
    },
    "status" : "passed",
    "steps" : [ ],
    "attachments" : [ ],
    "parameters" : [ ],
    "stepsCount" : 0,
    "attachmentsCount" : 0,
    "shouldDisplayMessage" : false,
    "hasContent" : false
  } ],
  "testStage" : {
    "description" : "Check error on Failed Login with invalid credentials, case-sensitive password and password with spaces",
    "status" : "broken",
    "statusMessage" : "selenium.common.exceptions.ElementClickInterceptedException: Message: element click intercepted: Element <input name=\"login[password]\" type=\"password\" autocomplete=\"off\" class=\"input-text\" id=\"pass\" title=\"Password\" data-validate=\"{required:true}\" aria-required=\"true\"> is not clickable at point (560, 845). Other element would receive the click: <iframe id=\"aswift_3\" name=\"aswift_3\" browsingtopics=\"true\" style=\"min-height: auto; max-height: none; min-width: auto; max-width: none; width: 1005px !important; height: 124px !important; display: block; margin: 0px auto;\" sandbox=\"allow-forms allow-popups allow-popups-to-escape-sandbox allow-same-origin allow-scripts allow-top-navigation-by-user-activation\" width=\"1005\" height=\"124\" frameborder=\"0\" marginwidth=\"0\" marginheight=\"0\" vspace=\"0\" hspace=\"0\" allowtransparency=\"true\" scrolling=\"no\" allow=\"attribution-reporting; run-ad-auction\" src=\"https://googleads.g.doubleclick.net/pagead/html/r20250805/r20190131/zrt_lookup_fy2021.html#RS-1-&amp;adk=1812271801&amp;client=ca-pub-7399332034053978&amp;fa=1&amp;ifi=4&amp;uci=a!4&amp;btvi=2\" data-google-container-id=\"a!4\" tabindex=\"0\" title=\"Advertisement\" aria-label=\"Advertisement\" data-google-query-id=\"CLzym4vVgY8DFUHqGAId9Kcicg\" data-load-complete=\"true\"></iframe>\n  (Session info: chrome=138.0.7204.183)\nStacktrace:\n#0 0x561cf01262ca <unknown>\n#1 0x561cefbcd550 <unknown>\n#2 0x561cefc25f5c <unknown>\n#3 0x561cefc23dc2 <unknown>\n#4 0x561cefc21462 <unknown>\n#5 0x561cefc20b80 <unknown>\n#6 0x561cefc132ea <unknown>\n#7 0x561cefc44bc2 <unknown>\n#8 0x561cefc12c6a <unknown>\n#9 0x561cefc44d8e <unknown>\n#10 0x561cefc6a9e6 <unknown>\n#11 0x561cefc44993 <unknown>\n#12 0x561cefc10d6b <unknown>\n#13 0x561cefc12141 <unknown>\n#14 0x561cf00eb2ab <unknown>\n#15 0x561cf00ef0b9 <unknown>\n#16 0x561cf00d2139 <unknown>\n#17 0x561cf00efc68 <unknown>\n#18 0x561cf00b660f <unknown>\n#19 0x561cf01141f8 <unknown>\n#20 0x561cf01143d6 <unknown>\n#21 0x561cf01255e6 <unknown>\n#22 0x7f905a29caa4 <unknown>\n#23 0x7f905a329c3c <unknown>",
    "statusTrace" : "self = <test_sign_in.TestFailedLogin object at 0x7f2eefd84590>\ndriver = <selenium.webdriver.chrome.webdriver.WebDriver (session=\"a9a692b29b126bbccd5baedd57d9f77c\")>\nsign_in_page = <pages.sign_in_page.SignInPage object at 0x7f2eefc22f90>\nemail = 'teston120@mailinator.com', password = 'Test#12p@ssw0rd'\n\n    @allure.title('TC 03.02.02 to 03_02_10 Verify Error on Failed Login with invalid credentials')\n    @allure.severity(allure.severity_level.CRITICAL)\n    @pytest.mark.parametrize('email, password', [LOGIN[i] for i in [1, 2, 6, 8, 9]])\n    def test_03_02_02_to_10_error_if_login_with_invalid_credentials(self, driver, sign_in_page, email, password):\n        \"\"\"Check error on Failed Login with invalid credentials, case-sensitive password and password with spaces\"\"\"\n        sign_in_page.fill_in_email_field(email)\n>       sign_in_page.fill_in_password_field(password)\n\ntests/test_sign_in.py:305: \n_ _ _ _ _ _ _ _ _ _ _ _ _ _ _ _ _ _ _ _ _ _ _ _ _ _ _ _ _ _ _ _ _ _ _ _ _ _ _ _ \npages/sign_in_page.py:88: in fill_in_password_field\n    return self.fill_in_field(self.check_customer_password_field_is_clickable(), password)\npages/base_page.py:320: in fill_in_field\n    input_field.click()\n/opt/hostedtoolcache/Python/3.12.3/x64/lib/python3.12/site-packages/selenium/webdriver/remote/webelement.py:93: in click\n    self._execute(Command.CLICK_ELEMENT)\n/opt/hostedtoolcache/Python/3.12.3/x64/lib/python3.12/site-packages/selenium/webdriver/remote/webelement.py:394: in _execute\n    return self._parent.execute(command, params)\n/opt/hostedtoolcache/Python/3.12.3/x64/lib/python3.12/site-packages/selenium/webdriver/remote/webdriver.py:344: in execute\n    self.error_handler.check_response(response)\n_ _ _ _ _ _ _ _ _ _ _ _ _ _ _ _ _ _ _ _ _ _ _ _ _ _ _ _ _ _ _ _ _ _ _ _ _ _ _ _ \n\nself = <selenium.webdriver.remote.errorhandler.ErrorHandler object at 0x7f2eefc1b6b0>\nresponse = {'status': 400, 'value': '{\"value\":{\"error\":\"element click intercepted\",\"message\":\"element click intercepted: Element ...\\\\n#21 0x561cf01255e6 \\\\u003Cunknown>\\\\n#22 0x7f905a29caa4 \\\\u003Cunknown>\\\\n#23 0x7f905a329c3c \\\\u003Cunknown>\\\\n\"}}'}\n\n    def check_response(self, response: Dict[str, Any]) -> None:\n        \"\"\"Checks that a JSON response from the WebDriver does not have an\n        error.\n    \n        :Args:\n         - response - The JSON response from the WebDriver server as a dictionary\n           object.\n    \n        :Raises: If the response contains an error message.\n        \"\"\"\n        status = response.get(\"status\", None)\n        if not status or status == ErrorCode.SUCCESS:\n            return\n        value = None\n        message = response.get(\"message\", \"\")\n        screen: str = response.get(\"screen\", \"\")\n        stacktrace = None\n        if isinstance(status, int):\n            value_json = response.get(\"value\", None)\n            if value_json and isinstance(value_json, str):\n                import json\n    \n                try:\n                    value = json.loads(value_json)\n                    if len(value) == 1:\n                        value = value[\"value\"]\n                    status = value.get(\"error\", None)\n                    if not status:\n                        status = value.get(\"status\", ErrorCode.UNKNOWN_ERROR)\n                        message = value.get(\"value\") or value.get(\"message\")\n                        if not isinstance(message, str):\n                            value = message\n                            message = message.get(\"message\")\n                    else:\n                        message = value.get(\"message\", None)\n                except ValueError:\n                    pass\n    \n        exception_class: Type[WebDriverException]\n        e = ErrorCode()\n        error_codes = [item for item in dir(e) if not item.startswith(\"__\")]\n        for error_code in error_codes:\n            error_info = getattr(ErrorCode, error_code)\n            if isinstance(error_info, list) and status in error_info:\n                exception_class = getattr(ExceptionMapping, error_code, WebDriverException)\n                break\n        else:\n            exception_class = WebDriverException\n    \n        if not value:\n            value = response[\"value\"]\n        if isinstance(value, str):\n            raise exception_class(value)\n        if message == \"\" and \"message\" in value:\n            message = value[\"message\"]\n    \n        screen = None  # type: ignore[assignment]\n        if \"screen\" in value:\n            screen = value[\"screen\"]\n    \n        stacktrace = None\n        st_value = value.get(\"stackTrace\") or value.get(\"stacktrace\")\n        if st_value:\n            if isinstance(st_value, str):\n                stacktrace = st_value.split(\"\\n\")\n            else:\n                stacktrace = []\n                try:\n                    for frame in st_value:\n                        line = frame.get(\"lineNumber\", \"\")\n                        file = frame.get(\"fileName\", \"<anonymous>\")\n                        if line:\n                            file = f\"{file}:{line}\"\n                        meth = frame.get(\"methodName\", \"<anonymous>\")\n                        if \"className\" in frame:\n                            meth = f\"{frame['className']}.{meth}\"\n                        msg = \"    at %s (%s)\"\n                        msg = msg % (meth, file)\n                        stacktrace.append(msg)\n                except TypeError:\n                    pass\n        if exception_class == UnexpectedAlertPresentException:\n            alert_text = None\n            if \"data\" in value:\n                alert_text = value[\"data\"].get(\"text\")\n            elif \"alert\" in value:\n                alert_text = value[\"alert\"].get(\"text\")\n            raise exception_class(message, screen, stacktrace, alert_text)  # type: ignore[call-arg]  # mypy is not smart enough here\n>       raise exception_class(message, screen, stacktrace)\nE       selenium.common.exceptions.ElementClickInterceptedException: Message: element click intercepted: Element <input name=\"login[password]\" type=\"password\" autocomplete=\"off\" class=\"input-text\" id=\"pass\" title=\"Password\" data-validate=\"{required:true}\" aria-required=\"true\"> is not clickable at point (560, 845). Other element would receive the click: <iframe id=\"aswift_3\" name=\"aswift_3\" browsingtopics=\"true\" style=\"min-height: auto; max-height: none; min-width: auto; max-width: none; width: 1005px !important; height: 124px !important; display: block; margin: 0px auto;\" sandbox=\"allow-forms allow-popups allow-popups-to-escape-sandbox allow-same-origin allow-scripts allow-top-navigation-by-user-activation\" width=\"1005\" height=\"124\" frameborder=\"0\" marginwidth=\"0\" marginheight=\"0\" vspace=\"0\" hspace=\"0\" allowtransparency=\"true\" scrolling=\"no\" allow=\"attribution-reporting; run-ad-auction\" src=\"https://googleads.g.doubleclick.net/pagead/html/r20250805/r20190131/zrt_lookup_fy2021.html#RS-1-&amp;adk=1812271801&amp;client=ca-pub-7399332034053978&amp;fa=1&amp;ifi=4&amp;uci=a!4&amp;btvi=2\" data-google-container-id=\"a!4\" tabindex=\"0\" title=\"Advertisement\" aria-label=\"Advertisement\" data-google-query-id=\"CLzym4vVgY8DFUHqGAId9Kcicg\" data-load-complete=\"true\"></iframe>\nE         (Session info: chrome=138.0.7204.183)\nE       Stacktrace:\nE       #0 0x561cf01262ca <unknown>\nE       #1 0x561cefbcd550 <unknown>\nE       #2 0x561cefc25f5c <unknown>\nE       #3 0x561cefc23dc2 <unknown>\nE       #4 0x561cefc21462 <unknown>\nE       #5 0x561cefc20b80 <unknown>\nE       #6 0x561cefc132ea <unknown>\nE       #7 0x561cefc44bc2 <unknown>\nE       #8 0x561cefc12c6a <unknown>\nE       #9 0x561cefc44d8e <unknown>\nE       #10 0x561cefc6a9e6 <unknown>\nE       #11 0x561cefc44993 <unknown>\nE       #12 0x561cefc10d6b <unknown>\nE       #13 0x561cefc12141 <unknown>\nE       #14 0x561cf00eb2ab <unknown>\nE       #15 0x561cf00ef0b9 <unknown>\nE       #16 0x561cf00d2139 <unknown>\nE       #17 0x561cf00efc68 <unknown>\nE       #18 0x561cf00b660f <unknown>\nE       #19 0x561cf01141f8 <unknown>\nE       #20 0x561cf01143d6 <unknown>\nE       #21 0x561cf01255e6 <unknown>\nE       #22 0x7f905a29caa4 <unknown>\nE       #23 0x7f905a329c3c <unknown>\n\n/opt/hostedtoolcache/Python/3.12.3/x64/lib/python3.12/site-packages/selenium/webdriver/remote/errorhandler.py:229: ElementClickInterceptedException",
    "steps" : [ {
      "name" : "Fill in Email field",
      "time" : {
        "start" : 1754877758623,
        "stop" : 1754877759080,
        "duration" : 457
      },
      "status" : "passed",
      "steps" : [ {
        "name" : "Check Email field is clickable",
        "time" : {
          "start" : 1754877758623,
          "stop" : 1754877758677,
          "duration" : 54
        },
        "status" : "passed",
        "steps" : [ {
          "name" : "Find clickable elements",
          "time" : {
            "start" : 1754877758623,
            "stop" : 1754877758677,
            "duration" : 54
          },
          "status" : "passed",
          "steps" : [ ],
          "attachments" : [ ],
          "parameters" : [ {
            "name" : "locator",
            "value" : "('css selector', '#email')"
          }, {
            "name" : "timeout",
            "value" : "5"
          } ],
          "stepsCount" : 0,
          "attachmentsCount" : 0,
          "shouldDisplayMessage" : false,
          "hasContent" : true
        } ],
        "attachments" : [ ],
        "parameters" : [ ],
        "stepsCount" : 1,
        "attachmentsCount" : 0,
        "shouldDisplayMessage" : false,
        "hasContent" : true
      }, {
        "name" : "Fill in a field",
        "time" : {
          "start" : 1754877758677,
          "stop" : 1754877759079,
          "duration" : 402
        },
        "status" : "passed",
        "steps" : [ {
          "name" : "Find clickable elements",
          "time" : {
            "start" : 1754877758677,
            "stop" : 1754877758800,
            "duration" : 123
          },
          "status" : "passed",
          "steps" : [ ],
          "attachments" : [ ],
          "parameters" : [ {
            "name" : "locator",
            "value" : "<selenium.webdriver.remote.webelement.WebElement (session=\"a9a692b29b126bbccd5baedd57d9f77c\", element=\"f.8EFC700E2EF0B1D8161F1BD589648C02.d.5B008D396339DB19F3711DB039D93D14.e.3\")>"
          }, {
            "name" : "timeout",
            "value" : "5"
          } ],
          "stepsCount" : 0,
          "attachmentsCount" : 0,
          "shouldDisplayMessage" : false,
          "hasContent" : true
        } ],
        "attachments" : [ ],
        "parameters" : [ {
          "name" : "locator",
          "value" : "<selenium.webdriver.remote.webelement.WebElement (session=\"a9a692b29b126bbccd5baedd57d9f77c\", element=\"f.8EFC700E2EF0B1D8161F1BD589648C02.d.5B008D396339DB19F3711DB039D93D14.e.3\")>"
        }, {
          "name" : "value",
          "value" : "'teston120@mailinator.com'"
        } ],
        "stepsCount" : 1,
        "attachmentsCount" : 0,
        "shouldDisplayMessage" : false,
        "hasContent" : true
      } ],
      "attachments" : [ ],
      "parameters" : [ {
        "name" : "email",
        "value" : "'teston120@mailinator.com'"
      } ],
      "stepsCount" : 4,
      "attachmentsCount" : 0,
      "shouldDisplayMessage" : false,
      "hasContent" : true
    }, {
      "name" : "Fill in Password field",
      "time" : {
        "start" : 1754877759080,
        "stop" : 1754877760241,
        "duration" : 1161
      },
      "status" : "broken",
      "statusMessage" : "selenium.common.exceptions.ElementClickInterceptedException: Message: element click intercepted: Element <input name=\"login[password]\" type=\"password\" autocomplete=\"off\" class=\"input-text\" id=\"pass\" title=\"Password\" data-validate=\"{required:true}\" aria-required=\"true\"> is not clickable at point (560, 845). Other element would receive the click: <iframe id=\"aswift_3\" name=\"aswift_3\" browsingtopics=\"true\" style=\"min-height: auto; max-height: none; min-width: auto; max-width: none; width: 1005px !important; height: 124px !important; display: block; margin: 0px auto;\" sandbox=\"allow-forms allow-popups allow-popups-to-escape-sandbox allow-same-origin allow-scripts allow-top-navigation-by-user-activation\" width=\"1005\" height=\"124\" frameborder=\"0\" marginwidth=\"0\" marginheight=\"0\" vspace=\"0\" hspace=\"0\" allowtransparency=\"true\" scrolling=\"no\" allow=\"attribution-reporting; run-ad-auction\" src=\"https://googleads.g.doubleclick.net/pagead/html/r20250805/r20190131/zrt_lookup_fy2021.html#RS-1-&amp;adk=1812271801&amp;client=ca-pub-7399332034053978&amp;fa=1&amp;ifi=4&amp;uci=a!4&amp;btvi=2\" data-google-container-id=\"a!4\" tabindex=\"0\" title=\"Advertisement\" aria-label=\"Advertisement\" data-google-query-id=\"CLzym4vVgY8DFUHqGAId9Kcicg\" data-load-complete=\"true\"></iframe>\n  (Session info: chrome=138.0.7204.183)\nStacktrace:\n#0 0x561cf01262ca <unknown>\n#1 0x561cefbcd550 <unknown>\n#2 0x561cefc25f5c <unknown>\n#3 0x561cefc23dc2 <unknown>\n#4 0x561cefc21462 <unknown>\n#5 0x561cefc20b80 <unknown>\n#6 0x561cefc132ea <unknown>\n#7 0x561cefc44bc2 <unknown>\n#8 0x561cefc12c6a <unknown>\n#9 0x561cefc44d8e <unknown>\n#10 0x561cefc6a9e6 <unknown>\n#11 0x561cefc44993 <unknown>\n#12 0x561cefc10d6b <unknown>\n#13 0x561cefc12141 <unknown>\n#14 0x561cf00eb2ab <unknown>\n#15 0x561cf00ef0b9 <unknown>\n#16 0x561cf00d2139 <unknown>\n#17 0x561cf00efc68 <unknown>\n#18 0x561cf00b660f <unknown>\n#19 0x561cf01141f8 <unknown>\n#20 0x561cf01143d6 <unknown>\n#21 0x561cf01255e6 <unknown>\n#22 0x7f905a29caa4 <unknown>\n#23 0x7f905a329c3c <unknown>\n\n",
      "statusTrace" : "  File \"/opt/hostedtoolcache/Python/3.12.3/x64/lib/python3.12/site-packages/allure_commons/_allure.py\", line 192, in impl\n    return func(*a, **kw)\n           ^^^^^^^^^^^^^^\n  File \"/home/runner/work/luma_project/luma_project/pages/sign_in_page.py\", line 88, in fill_in_password_field\n    return self.fill_in_field(self.check_customer_password_field_is_clickable(), password)\n           ^^^^^^^^^^^^^^^^^^^^^^^^^^^^^^^^^^^^^^^^^^^^^^^^^^^^^^^^^^^^^^^^^^^^^^^^^^^^^^^\n  File \"/opt/hostedtoolcache/Python/3.12.3/x64/lib/python3.12/site-packages/allure_commons/_allure.py\", line 192, in impl\n    return func(*a, **kw)\n           ^^^^^^^^^^^^^^\n  File \"/home/runner/work/luma_project/luma_project/pages/base_page.py\", line 320, in fill_in_field\n    input_field.click()\n  File \"/opt/hostedtoolcache/Python/3.12.3/x64/lib/python3.12/site-packages/selenium/webdriver/remote/webelement.py\", line 93, in click\n    self._execute(Command.CLICK_ELEMENT)\n  File \"/opt/hostedtoolcache/Python/3.12.3/x64/lib/python3.12/site-packages/selenium/webdriver/remote/webelement.py\", line 394, in _execute\n    return self._parent.execute(command, params)\n           ^^^^^^^^^^^^^^^^^^^^^^^^^^^^^^^^^^^^^\n  File \"/opt/hostedtoolcache/Python/3.12.3/x64/lib/python3.12/site-packages/selenium/webdriver/remote/webdriver.py\", line 344, in execute\n    self.error_handler.check_response(response)\n  File \"/opt/hostedtoolcache/Python/3.12.3/x64/lib/python3.12/site-packages/selenium/webdriver/remote/errorhandler.py\", line 229, in check_response\n    raise exception_class(message, screen, stacktrace)\n",
      "steps" : [ {
        "name" : "Check Password field is clickable",
        "time" : {
          "start" : 1754877759080,
          "stop" : 1754877759122,
          "duration" : 42
        },
        "status" : "passed",
        "steps" : [ {
          "name" : "Find clickable elements",
          "time" : {
            "start" : 1754877759080,
            "stop" : 1754877759122,
            "duration" : 42
          },
          "status" : "passed",
          "steps" : [ ],
          "attachments" : [ ],
          "parameters" : [ {
            "name" : "locator",
            "value" : "('css selector', '#pass')"
          }, {
            "name" : "timeout",
            "value" : "5"
          } ],
          "stepsCount" : 0,
          "attachmentsCount" : 0,
          "shouldDisplayMessage" : false,
          "hasContent" : true
        } ],
        "attachments" : [ ],
        "parameters" : [ ],
        "stepsCount" : 1,
        "attachmentsCount" : 0,
        "shouldDisplayMessage" : false,
        "hasContent" : true
      }, {
        "name" : "Fill in a field",
        "time" : {
          "start" : 1754877759123,
          "stop" : 1754877760241,
          "duration" : 1118
        },
        "status" : "broken",
        "statusMessage" : "selenium.common.exceptions.ElementClickInterceptedException: Message: element click intercepted: Element <input name=\"login[password]\" type=\"password\" autocomplete=\"off\" class=\"input-text\" id=\"pass\" title=\"Password\" data-validate=\"{required:true}\" aria-required=\"true\"> is not clickable at point (560, 845). Other element would receive the click: <iframe id=\"aswift_3\" name=\"aswift_3\" browsingtopics=\"true\" style=\"min-height: auto; max-height: none; min-width: auto; max-width: none; width: 1005px !important; height: 124px !important; display: block; margin: 0px auto;\" sandbox=\"allow-forms allow-popups allow-popups-to-escape-sandbox allow-same-origin allow-scripts allow-top-navigation-by-user-activation\" width=\"1005\" height=\"124\" frameborder=\"0\" marginwidth=\"0\" marginheight=\"0\" vspace=\"0\" hspace=\"0\" allowtransparency=\"true\" scrolling=\"no\" allow=\"attribution-reporting; run-ad-auction\" src=\"https://googleads.g.doubleclick.net/pagead/html/r20250805/r20190131/zrt_lookup_fy2021.html#RS-1-&amp;adk=1812271801&amp;client=ca-pub-7399332034053978&amp;fa=1&amp;ifi=4&amp;uci=a!4&amp;btvi=2\" data-google-container-id=\"a!4\" tabindex=\"0\" title=\"Advertisement\" aria-label=\"Advertisement\" data-google-query-id=\"CLzym4vVgY8DFUHqGAId9Kcicg\" data-load-complete=\"true\"></iframe>\n  (Session info: chrome=138.0.7204.183)\nStacktrace:\n#0 0x561cf01262ca <unknown>\n#1 0x561cefbcd550 <unknown>\n#2 0x561cefc25f5c <unknown>\n#3 0x561cefc23dc2 <unknown>\n#4 0x561cefc21462 <unknown>\n#5 0x561cefc20b80 <unknown>\n#6 0x561cefc132ea <unknown>\n#7 0x561cefc44bc2 <unknown>\n#8 0x561cefc12c6a <unknown>\n#9 0x561cefc44d8e <unknown>\n#10 0x561cefc6a9e6 <unknown>\n#11 0x561cefc44993 <unknown>\n#12 0x561cefc10d6b <unknown>\n#13 0x561cefc12141 <unknown>\n#14 0x561cf00eb2ab <unknown>\n#15 0x561cf00ef0b9 <unknown>\n#16 0x561cf00d2139 <unknown>\n#17 0x561cf00efc68 <unknown>\n#18 0x561cf00b660f <unknown>\n#19 0x561cf01141f8 <unknown>\n#20 0x561cf01143d6 <unknown>\n#21 0x561cf01255e6 <unknown>\n#22 0x7f905a29caa4 <unknown>\n#23 0x7f905a329c3c <unknown>\n\n",
        "statusTrace" : "  File \"/opt/hostedtoolcache/Python/3.12.3/x64/lib/python3.12/site-packages/allure_commons/_allure.py\", line 192, in impl\n    return func(*a, **kw)\n           ^^^^^^^^^^^^^^\n  File \"/home/runner/work/luma_project/luma_project/pages/base_page.py\", line 320, in fill_in_field\n    input_field.click()\n  File \"/opt/hostedtoolcache/Python/3.12.3/x64/lib/python3.12/site-packages/selenium/webdriver/remote/webelement.py\", line 93, in click\n    self._execute(Command.CLICK_ELEMENT)\n  File \"/opt/hostedtoolcache/Python/3.12.3/x64/lib/python3.12/site-packages/selenium/webdriver/remote/webelement.py\", line 394, in _execute\n    return self._parent.execute(command, params)\n           ^^^^^^^^^^^^^^^^^^^^^^^^^^^^^^^^^^^^^\n  File \"/opt/hostedtoolcache/Python/3.12.3/x64/lib/python3.12/site-packages/selenium/webdriver/remote/webdriver.py\", line 344, in execute\n    self.error_handler.check_response(response)\n  File \"/opt/hostedtoolcache/Python/3.12.3/x64/lib/python3.12/site-packages/selenium/webdriver/remote/errorhandler.py\", line 229, in check_response\n    raise exception_class(message, screen, stacktrace)\n",
        "steps" : [ {
          "name" : "Find clickable elements",
          "time" : {
            "start" : 1754877759123,
            "stop" : 1754877759138,
            "duration" : 15
          },
          "status" : "passed",
          "steps" : [ ],
          "attachments" : [ ],
          "parameters" : [ {
            "name" : "locator",
            "value" : "<selenium.webdriver.remote.webelement.WebElement (session=\"a9a692b29b126bbccd5baedd57d9f77c\", element=\"f.8EFC700E2EF0B1D8161F1BD589648C02.d.5B008D396339DB19F3711DB039D93D14.e.4\")>"
          }, {
            "name" : "timeout",
            "value" : "5"
          } ],
          "stepsCount" : 0,
          "attachmentsCount" : 0,
          "shouldDisplayMessage" : false,
          "hasContent" : true
        } ],
        "attachments" : [ ],
        "parameters" : [ {
          "name" : "locator",
          "value" : "<selenium.webdriver.remote.webelement.WebElement (session=\"a9a692b29b126bbccd5baedd57d9f77c\", element=\"f.8EFC700E2EF0B1D8161F1BD589648C02.d.5B008D396339DB19F3711DB039D93D14.e.4\")>"
        }, {
          "name" : "value",
          "value" : "'Test#12p@ssw0rd'"
        } ],
        "stepsCount" : 1,
        "attachmentsCount" : 0,
        "shouldDisplayMessage" : true,
        "hasContent" : true
      } ],
      "attachments" : [ ],
      "parameters" : [ {
        "name" : "password",
        "value" : "'Test#12p@ssw0rd'"
      } ],
      "stepsCount" : 4,
      "attachmentsCount" : 0,
      "shouldDisplayMessage" : false,
      "hasContent" : true
    } ],
    "attachments" : [ {
      "uid" : "f044e09055872bf8",
      "name" : "Screenshot",
      "source" : "f044e09055872bf8.png",
      "type" : "image/png",
      "size" : 125173
    }, {
      "uid" : "11748794c302e660",
      "name" : "HTML source",
      "source" : "11748794c302e660.html",
      "type" : "text/html",
      "size" : 100466
    } ],
    "parameters" : [ ],
    "stepsCount" : 10,
    "attachmentsCount" : 2,
    "shouldDisplayMessage" : true,
    "hasContent" : true
  },
  "afterStages" : [ {
    "name" : "driver::0",
    "time" : {
      "start" : 1754877760395,
      "stop" : 1754877760466,
      "duration" : 71
    },
    "status" : "passed",
    "steps" : [ ],
    "attachments" : [ ],
    "parameters" : [ ],
    "stepsCount" : 0,
    "attachmentsCount" : 0,
    "shouldDisplayMessage" : false,
    "hasContent" : false
  }, {
    "name" : "clear_allure_result_folder::0",
    "time" : {
      "start" : 1754877931589,
      "stop" : 1754877931589,
      "duration" : 0
    },
    "status" : "passed",
    "steps" : [ ],
    "attachments" : [ ],
    "parameters" : [ ],
    "stepsCount" : 0,
    "attachmentsCount" : 0,
    "shouldDisplayMessage" : false,
    "hasContent" : false
  } ],
  "labels" : [ {
    "name" : "severity",
    "value" : "critical"
  }, {
    "name" : "feature",
    "value" : "Failed Login Functionality"
  }, {
    "name" : "parentSuite",
    "value" : "tests"
  }, {
    "name" : "suite",
    "value" : "test_sign_in"
  }, {
    "name" : "subSuite",
    "value" : "TestFailedLogin"
  }, {
    "name" : "host",
    "value" : "pkrvmsl9tci6h6u"
  }, {
    "name" : "thread",
    "value" : "3000-MainThread"
  }, {
    "name" : "framework",
    "value" : "pytest"
  }, {
    "name" : "language",
    "value" : "cpython3"
  }, {
    "name" : "package",
    "value" : "tests.test_sign_in"
  }, {
    "name" : "resultFormat",
    "value" : "allure2"
  } ],
  "parameters" : [ {
    "name" : "email",
    "value" : "'teston120@mailinator.com'"
  }, {
    "name" : "password",
    "value" : "'Test#12p@ssw0rd'"
  } ],
  "links" : [ ],
  "hidden" : false,
  "retry" : false,
  "extra" : {
    "severity" : "critical",
    "retries" : [ ],
    "categories" : [ {
      "name" : "Test defects",
      "matchedStatuses" : [ ],
      "flaky" : false
    } ],
    "tags" : [ ]
  },
  "source" : "c4dc6b0d49a1d0ae.json",
  "parameterValues" : [ "'teston120@mailinator.com'", "'Test#12p@ssw0rd'" ]
}