{
  "uid" : "c9fcd9b922015131",
  "name" : "TC 13.01.26_01 - Check correctness of the image in block 3 'home-erin' in the Promo Block",
  "fullName" : "tests.test_main_page.TestPromoBlock#test_tc_13_01_26_01_check_image_correctness_in_section2_block3",
  "historyId" : "4e64f8a6ab4f35e53e65b14d7640bad8",
  "time" : {
    "start" : 1745803287248,
    "stop" : 1745803288323,
    "duration" : 1075
  },
  "description" : "This test checks if the image in section 2 block 3 'home-erin' is correct",
  "descriptionHtml" : "<p>This test checks if the image in section 2 block 3 'home-erin' is correct</p>\n",
  "status" : "broken",
  "statusMessage" : "selenium.common.exceptions.NoSuchElementException: Message: no such element: Unable to locate element: {\"method\":\"css selector\",\"selector\":\".home-erin img\"}\n  (Session info: chrome=135.0.7049.95); For documentation on this error, please visit: https://www.selenium.dev/documentation/webdriver/troubleshooting/errors#no-such-element-exception\nStacktrace:\n#0 0x559933a52cea <unknown>\n#1 0x5599335035f0 <unknown>\n#2 0x559933554a33 <unknown>\n#3 0x559933554c21 <unknown>\n#4 0x5599335a3274 <unknown>\n#5 0x55993357a68d <unknown>\n#6 0x5599335a0660 <unknown>\n#7 0x55993357a433 <unknown>\n#8 0x559933546ea3 <unknown>\n#9 0x559933547b01 <unknown>\n#10 0x559933a17b3b <unknown>\n#11 0x559933a1ba21 <unknown>\n#12 0x5599339fec32 <unknown>\n#13 0x559933a1c594 <unknown>\n#14 0x5599339e2eef <unknown>\n#15 0x559933a40d98 <unknown>\n#16 0x559933a40f76 <unknown>\n#17 0x559933a51b36 <unknown>\n#18 0x7f3a4309caa4 <unknown>\n#19 0x7f3a43129c3c <unknown>",
  "statusTrace" : "self = <test_main_page.TestMainPage.TestPromoBlock object at 0x7ff8d8efd790>\ndriver = <selenium.webdriver.chrome.webdriver.WebDriver (session=\"f6fdb6ac603ef39f474499cfd546fae6\")>\n\n    @allure.title(\"TC 13.01.26_01 - Check correctness of the image in block 3 'home-erin' in the Promo Block\")\n    def test_tc_13_01_26_01_check_image_correctness_in_section2_block3(self, driver):\n        \"\"\"This test checks if the image in section 2 block 3 'home-erin' is correct\"\"\"\n        page = PromoBlock(driver, MAIN_PAGE_URL)\n        page.open()\n>       block3_image = page.find_element(self.locators.SECTION_2_BLOCK_3_IMAGE)\n\ntests/test_main_page.py:373: \n_ _ _ _ _ _ _ _ _ _ _ _ _ _ _ _ _ _ _ _ _ _ _ _ _ _ _ _ _ _ _ _ _ _ _ _ _ _ _ _ \npages/base_page.py:202: in find_element\n    return self.driver.find_element(*locator)\n/opt/hostedtoolcache/Python/3.12.3/x64/lib/python3.12/site-packages/selenium/webdriver/remote/webdriver.py:738: in find_element\n    return self.execute(Command.FIND_ELEMENT, {\"using\": by, \"value\": value})[\"value\"]\n/opt/hostedtoolcache/Python/3.12.3/x64/lib/python3.12/site-packages/selenium/webdriver/remote/webdriver.py:344: in execute\n    self.error_handler.check_response(response)\n_ _ _ _ _ _ _ _ _ _ _ _ _ _ _ _ _ _ _ _ _ _ _ _ _ _ _ _ _ _ _ _ _ _ _ _ _ _ _ _ \n\nself = <selenium.webdriver.remote.errorhandler.ErrorHandler object at 0x7ff8d8f8ee40>\nresponse = {'status': 404, 'value': '{\"value\":{\"error\":\"no such element\",\"message\":\"no such element: Unable to locate element: {\\...\\\\n#17 0x559933a51b36 \\\\u003Cunknown>\\\\n#18 0x7f3a4309caa4 \\\\u003Cunknown>\\\\n#19 0x7f3a43129c3c \\\\u003Cunknown>\\\\n\"}}'}\n\n    def check_response(self, response: Dict[str, Any]) -> None:\n        \"\"\"Checks that a JSON response from the WebDriver does not have an\n        error.\n    \n        :Args:\n         - response - The JSON response from the WebDriver server as a dictionary\n           object.\n    \n        :Raises: If the response contains an error message.\n        \"\"\"\n        status = response.get(\"status\", None)\n        if not status or status == ErrorCode.SUCCESS:\n            return\n        value = None\n        message = response.get(\"message\", \"\")\n        screen: str = response.get(\"screen\", \"\")\n        stacktrace = None\n        if isinstance(status, int):\n            value_json = response.get(\"value\", None)\n            if value_json and isinstance(value_json, str):\n                import json\n    \n                try:\n                    value = json.loads(value_json)\n                    if len(value) == 1:\n                        value = value[\"value\"]\n                    status = value.get(\"error\", None)\n                    if not status:\n                        status = value.get(\"status\", ErrorCode.UNKNOWN_ERROR)\n                        message = value.get(\"value\") or value.get(\"message\")\n                        if not isinstance(message, str):\n                            value = message\n                            message = message.get(\"message\")\n                    else:\n                        message = value.get(\"message\", None)\n                except ValueError:\n                    pass\n    \n        exception_class: Type[WebDriverException]\n        e = ErrorCode()\n        error_codes = [item for item in dir(e) if not item.startswith(\"__\")]\n        for error_code in error_codes:\n            error_info = getattr(ErrorCode, error_code)\n            if isinstance(error_info, list) and status in error_info:\n                exception_class = getattr(ExceptionMapping, error_code, WebDriverException)\n                break\n        else:\n            exception_class = WebDriverException\n    \n        if not value:\n            value = response[\"value\"]\n        if isinstance(value, str):\n            raise exception_class(value)\n        if message == \"\" and \"message\" in value:\n            message = value[\"message\"]\n    \n        screen = None  # type: ignore[assignment]\n        if \"screen\" in value:\n            screen = value[\"screen\"]\n    \n        stacktrace = None\n        st_value = value.get(\"stackTrace\") or value.get(\"stacktrace\")\n        if st_value:\n            if isinstance(st_value, str):\n                stacktrace = st_value.split(\"\\n\")\n            else:\n                stacktrace = []\n                try:\n                    for frame in st_value:\n                        line = frame.get(\"lineNumber\", \"\")\n                        file = frame.get(\"fileName\", \"<anonymous>\")\n                        if line:\n                            file = f\"{file}:{line}\"\n                        meth = frame.get(\"methodName\", \"<anonymous>\")\n                        if \"className\" in frame:\n                            meth = f\"{frame['className']}.{meth}\"\n                        msg = \"    at %s (%s)\"\n                        msg = msg % (meth, file)\n                        stacktrace.append(msg)\n                except TypeError:\n                    pass\n        if exception_class == UnexpectedAlertPresentException:\n            alert_text = None\n            if \"data\" in value:\n                alert_text = value[\"data\"].get(\"text\")\n            elif \"alert\" in value:\n                alert_text = value[\"alert\"].get(\"text\")\n            raise exception_class(message, screen, stacktrace, alert_text)  # type: ignore[call-arg]  # mypy is not smart enough here\n>       raise exception_class(message, screen, stacktrace)\nE       selenium.common.exceptions.NoSuchElementException: Message: no such element: Unable to locate element: {\"method\":\"css selector\",\"selector\":\".home-erin img\"}\nE         (Session info: chrome=135.0.7049.95); For documentation on this error, please visit: https://www.selenium.dev/documentation/webdriver/troubleshooting/errors#no-such-element-exception\nE       Stacktrace:\nE       #0 0x559933a52cea <unknown>\nE       #1 0x5599335035f0 <unknown>\nE       #2 0x559933554a33 <unknown>\nE       #3 0x559933554c21 <unknown>\nE       #4 0x5599335a3274 <unknown>\nE       #5 0x55993357a68d <unknown>\nE       #6 0x5599335a0660 <unknown>\nE       #7 0x55993357a433 <unknown>\nE       #8 0x559933546ea3 <unknown>\nE       #9 0x559933547b01 <unknown>\nE       #10 0x559933a17b3b <unknown>\nE       #11 0x559933a1ba21 <unknown>\nE       #12 0x5599339fec32 <unknown>\nE       #13 0x559933a1c594 <unknown>\nE       #14 0x5599339e2eef <unknown>\nE       #15 0x559933a40d98 <unknown>\nE       #16 0x559933a40f76 <unknown>\nE       #17 0x559933a51b36 <unknown>\nE       #18 0x7f3a4309caa4 <unknown>\nE       #19 0x7f3a43129c3c <unknown>\n\n/opt/hostedtoolcache/Python/3.12.3/x64/lib/python3.12/site-packages/selenium/webdriver/remote/errorhandler.py:229: NoSuchElementException",
  "flaky" : false,
  "newFailed" : false,
  "beforeStages" : [ {
    "name" : "driver",
    "time" : {
      "start" : 1745803286043,
      "stop" : 1745803287247,
      "duration" : 1204
    },
    "status" : "passed",
    "steps" : [ ],
    "attachments" : [ ],
    "parameters" : [ ],
    "stepsCount" : 0,
    "attachmentsCount" : 0,
    "shouldDisplayMessage" : false,
    "hasContent" : false
  }, {
    "name" : "clear_allure_result_folder",
    "time" : {
      "start" : 1745802623249,
      "stop" : 1745802623249,
      "duration" : 0
    },
    "status" : "passed",
    "steps" : [ ],
    "attachments" : [ ],
    "parameters" : [ ],
    "stepsCount" : 0,
    "attachmentsCount" : 0,
    "shouldDisplayMessage" : false,
    "hasContent" : false
  }, {
    "name" : "_session_faker",
    "time" : {
      "start" : 1745802623179,
      "stop" : 1745802623249,
      "duration" : 70
    },
    "status" : "passed",
    "steps" : [ ],
    "attachments" : [ ],
    "parameters" : [ ],
    "stepsCount" : 0,
    "attachmentsCount" : 0,
    "shouldDisplayMessage" : false,
    "hasContent" : false
  } ],
  "testStage" : {
    "description" : "This test checks if the image in section 2 block 3 'home-erin' is correct",
    "status" : "broken",
    "statusMessage" : "selenium.common.exceptions.NoSuchElementException: Message: no such element: Unable to locate element: {\"method\":\"css selector\",\"selector\":\".home-erin img\"}\n  (Session info: chrome=135.0.7049.95); For documentation on this error, please visit: https://www.selenium.dev/documentation/webdriver/troubleshooting/errors#no-such-element-exception\nStacktrace:\n#0 0x559933a52cea <unknown>\n#1 0x5599335035f0 <unknown>\n#2 0x559933554a33 <unknown>\n#3 0x559933554c21 <unknown>\n#4 0x5599335a3274 <unknown>\n#5 0x55993357a68d <unknown>\n#6 0x5599335a0660 <unknown>\n#7 0x55993357a433 <unknown>\n#8 0x559933546ea3 <unknown>\n#9 0x559933547b01 <unknown>\n#10 0x559933a17b3b <unknown>\n#11 0x559933a1ba21 <unknown>\n#12 0x5599339fec32 <unknown>\n#13 0x559933a1c594 <unknown>\n#14 0x5599339e2eef <unknown>\n#15 0x559933a40d98 <unknown>\n#16 0x559933a40f76 <unknown>\n#17 0x559933a51b36 <unknown>\n#18 0x7f3a4309caa4 <unknown>\n#19 0x7f3a43129c3c <unknown>",
    "statusTrace" : "self = <test_main_page.TestMainPage.TestPromoBlock object at 0x7ff8d8efd790>\ndriver = <selenium.webdriver.chrome.webdriver.WebDriver (session=\"f6fdb6ac603ef39f474499cfd546fae6\")>\n\n    @allure.title(\"TC 13.01.26_01 - Check correctness of the image in block 3 'home-erin' in the Promo Block\")\n    def test_tc_13_01_26_01_check_image_correctness_in_section2_block3(self, driver):\n        \"\"\"This test checks if the image in section 2 block 3 'home-erin' is correct\"\"\"\n        page = PromoBlock(driver, MAIN_PAGE_URL)\n        page.open()\n>       block3_image = page.find_element(self.locators.SECTION_2_BLOCK_3_IMAGE)\n\ntests/test_main_page.py:373: \n_ _ _ _ _ _ _ _ _ _ _ _ _ _ _ _ _ _ _ _ _ _ _ _ _ _ _ _ _ _ _ _ _ _ _ _ _ _ _ _ \npages/base_page.py:202: in find_element\n    return self.driver.find_element(*locator)\n/opt/hostedtoolcache/Python/3.12.3/x64/lib/python3.12/site-packages/selenium/webdriver/remote/webdriver.py:738: in find_element\n    return self.execute(Command.FIND_ELEMENT, {\"using\": by, \"value\": value})[\"value\"]\n/opt/hostedtoolcache/Python/3.12.3/x64/lib/python3.12/site-packages/selenium/webdriver/remote/webdriver.py:344: in execute\n    self.error_handler.check_response(response)\n_ _ _ _ _ _ _ _ _ _ _ _ _ _ _ _ _ _ _ _ _ _ _ _ _ _ _ _ _ _ _ _ _ _ _ _ _ _ _ _ \n\nself = <selenium.webdriver.remote.errorhandler.ErrorHandler object at 0x7ff8d8f8ee40>\nresponse = {'status': 404, 'value': '{\"value\":{\"error\":\"no such element\",\"message\":\"no such element: Unable to locate element: {\\...\\\\n#17 0x559933a51b36 \\\\u003Cunknown>\\\\n#18 0x7f3a4309caa4 \\\\u003Cunknown>\\\\n#19 0x7f3a43129c3c \\\\u003Cunknown>\\\\n\"}}'}\n\n    def check_response(self, response: Dict[str, Any]) -> None:\n        \"\"\"Checks that a JSON response from the WebDriver does not have an\n        error.\n    \n        :Args:\n         - response - The JSON response from the WebDriver server as a dictionary\n           object.\n    \n        :Raises: If the response contains an error message.\n        \"\"\"\n        status = response.get(\"status\", None)\n        if not status or status == ErrorCode.SUCCESS:\n            return\n        value = None\n        message = response.get(\"message\", \"\")\n        screen: str = response.get(\"screen\", \"\")\n        stacktrace = None\n        if isinstance(status, int):\n            value_json = response.get(\"value\", None)\n            if value_json and isinstance(value_json, str):\n                import json\n    \n                try:\n                    value = json.loads(value_json)\n                    if len(value) == 1:\n                        value = value[\"value\"]\n                    status = value.get(\"error\", None)\n                    if not status:\n                        status = value.get(\"status\", ErrorCode.UNKNOWN_ERROR)\n                        message = value.get(\"value\") or value.get(\"message\")\n                        if not isinstance(message, str):\n                            value = message\n                            message = message.get(\"message\")\n                    else:\n                        message = value.get(\"message\", None)\n                except ValueError:\n                    pass\n    \n        exception_class: Type[WebDriverException]\n        e = ErrorCode()\n        error_codes = [item for item in dir(e) if not item.startswith(\"__\")]\n        for error_code in error_codes:\n            error_info = getattr(ErrorCode, error_code)\n            if isinstance(error_info, list) and status in error_info:\n                exception_class = getattr(ExceptionMapping, error_code, WebDriverException)\n                break\n        else:\n            exception_class = WebDriverException\n    \n        if not value:\n            value = response[\"value\"]\n        if isinstance(value, str):\n            raise exception_class(value)\n        if message == \"\" and \"message\" in value:\n            message = value[\"message\"]\n    \n        screen = None  # type: ignore[assignment]\n        if \"screen\" in value:\n            screen = value[\"screen\"]\n    \n        stacktrace = None\n        st_value = value.get(\"stackTrace\") or value.get(\"stacktrace\")\n        if st_value:\n            if isinstance(st_value, str):\n                stacktrace = st_value.split(\"\\n\")\n            else:\n                stacktrace = []\n                try:\n                    for frame in st_value:\n                        line = frame.get(\"lineNumber\", \"\")\n                        file = frame.get(\"fileName\", \"<anonymous>\")\n                        if line:\n                            file = f\"{file}:{line}\"\n                        meth = frame.get(\"methodName\", \"<anonymous>\")\n                        if \"className\" in frame:\n                            meth = f\"{frame['className']}.{meth}\"\n                        msg = \"    at %s (%s)\"\n                        msg = msg % (meth, file)\n                        stacktrace.append(msg)\n                except TypeError:\n                    pass\n        if exception_class == UnexpectedAlertPresentException:\n            alert_text = None\n            if \"data\" in value:\n                alert_text = value[\"data\"].get(\"text\")\n            elif \"alert\" in value:\n                alert_text = value[\"alert\"].get(\"text\")\n            raise exception_class(message, screen, stacktrace, alert_text)  # type: ignore[call-arg]  # mypy is not smart enough here\n>       raise exception_class(message, screen, stacktrace)\nE       selenium.common.exceptions.NoSuchElementException: Message: no such element: Unable to locate element: {\"method\":\"css selector\",\"selector\":\".home-erin img\"}\nE         (Session info: chrome=135.0.7049.95); For documentation on this error, please visit: https://www.selenium.dev/documentation/webdriver/troubleshooting/errors#no-such-element-exception\nE       Stacktrace:\nE       #0 0x559933a52cea <unknown>\nE       #1 0x5599335035f0 <unknown>\nE       #2 0x559933554a33 <unknown>\nE       #3 0x559933554c21 <unknown>\nE       #4 0x5599335a3274 <unknown>\nE       #5 0x55993357a68d <unknown>\nE       #6 0x5599335a0660 <unknown>\nE       #7 0x55993357a433 <unknown>\nE       #8 0x559933546ea3 <unknown>\nE       #9 0x559933547b01 <unknown>\nE       #10 0x559933a17b3b <unknown>\nE       #11 0x559933a1ba21 <unknown>\nE       #12 0x5599339fec32 <unknown>\nE       #13 0x559933a1c594 <unknown>\nE       #14 0x5599339e2eef <unknown>\nE       #15 0x559933a40d98 <unknown>\nE       #16 0x559933a40f76 <unknown>\nE       #17 0x559933a51b36 <unknown>\nE       #18 0x7f3a4309caa4 <unknown>\nE       #19 0x7f3a43129c3c <unknown>\n\n/opt/hostedtoolcache/Python/3.12.3/x64/lib/python3.12/site-packages/selenium/webdriver/remote/errorhandler.py:229: NoSuchElementException",
    "steps" : [ {
      "name" : "Open a browser",
      "time" : {
        "start" : 1745803287248,
        "stop" : 1745803288306,
        "duration" : 1058
      },
      "status" : "passed",
      "steps" : [ ],
      "attachments" : [ ],
      "parameters" : [ ],
      "stepsCount" : 0,
      "attachmentsCount" : 0,
      "shouldDisplayMessage" : false,
      "hasContent" : false
    }, {
      "name" : "Find element (unpacking)",
      "time" : {
        "start" : 1745803288307,
        "stop" : 1745803288322,
        "duration" : 15
      },
      "status" : "broken",
      "statusMessage" : "selenium.common.exceptions.NoSuchElementException: Message: no such element: Unable to locate element: {\"method\":\"css selector\",\"selector\":\".home-erin img\"}\n  (Session info: chrome=135.0.7049.95); For documentation on this error, please visit: https://www.selenium.dev/documentation/webdriver/troubleshooting/errors#no-such-element-exception\nStacktrace:\n#0 0x559933a52cea <unknown>\n#1 0x5599335035f0 <unknown>\n#2 0x559933554a33 <unknown>\n#3 0x559933554c21 <unknown>\n#4 0x5599335a3274 <unknown>\n#5 0x55993357a68d <unknown>\n#6 0x5599335a0660 <unknown>\n#7 0x55993357a433 <unknown>\n#8 0x559933546ea3 <unknown>\n#9 0x559933547b01 <unknown>\n#10 0x559933a17b3b <unknown>\n#11 0x559933a1ba21 <unknown>\n#12 0x5599339fec32 <unknown>\n#13 0x559933a1c594 <unknown>\n#14 0x5599339e2eef <unknown>\n#15 0x559933a40d98 <unknown>\n#16 0x559933a40f76 <unknown>\n#17 0x559933a51b36 <unknown>\n#18 0x7f3a4309caa4 <unknown>\n#19 0x7f3a43129c3c <unknown>\n\n",
      "statusTrace" : "  File \"/opt/hostedtoolcache/Python/3.12.3/x64/lib/python3.12/site-packages/allure_commons/_allure.py\", line 192, in impl\n    return func(*a, **kw)\n           ^^^^^^^^^^^^^^\n  File \"/home/runner/work/luma_project/luma_project/pages/base_page.py\", line 202, in find_element\n    return self.driver.find_element(*locator)\n           ^^^^^^^^^^^^^^^^^^^^^^^^^^^^^^^^^^\n  File \"/opt/hostedtoolcache/Python/3.12.3/x64/lib/python3.12/site-packages/selenium/webdriver/remote/webdriver.py\", line 738, in find_element\n    return self.execute(Command.FIND_ELEMENT, {\"using\": by, \"value\": value})[\"value\"]\n           ^^^^^^^^^^^^^^^^^^^^^^^^^^^^^^^^^^^^^^^^^^^^^^^^^^^^^^^^^^^^^^^^^\n  File \"/opt/hostedtoolcache/Python/3.12.3/x64/lib/python3.12/site-packages/selenium/webdriver/remote/webdriver.py\", line 344, in execute\n    self.error_handler.check_response(response)\n  File \"/opt/hostedtoolcache/Python/3.12.3/x64/lib/python3.12/site-packages/selenium/webdriver/remote/errorhandler.py\", line 229, in check_response\n    raise exception_class(message, screen, stacktrace)\n",
      "steps" : [ ],
      "attachments" : [ ],
      "parameters" : [ {
        "name" : "locator",
        "value" : "('css selector', '.home-erin img')"
      } ],
      "stepsCount" : 0,
      "attachmentsCount" : 0,
      "shouldDisplayMessage" : true,
      "hasContent" : true
    } ],
    "attachments" : [ {
      "uid" : "6f602e7c70ea8336",
      "name" : "Screenshot",
      "source" : "6f602e7c70ea8336.png",
      "type" : "image/png",
      "size" : 549116
    }, {
      "uid" : "957fd309de0475a9",
      "name" : "HTML source",
      "source" : "957fd309de0475a9.html",
      "type" : "text/html",
      "size" : 135512
    } ],
    "parameters" : [ ],
    "stepsCount" : 2,
    "attachmentsCount" : 2,
    "shouldDisplayMessage" : true,
    "hasContent" : true
  },
  "afterStages" : [ {
    "name" : "driver::0",
    "time" : {
      "start" : 1745803288603,
      "stop" : 1745803288670,
      "duration" : 67
    },
    "status" : "passed",
    "steps" : [ ],
    "attachments" : [ ],
    "parameters" : [ ],
    "stepsCount" : 0,
    "attachmentsCount" : 0,
    "shouldDisplayMessage" : false,
    "hasContent" : false
  }, {
    "name" : "clear_allure_result_folder::0",
    "time" : {
      "start" : 1745804066426,
      "stop" : 1745804066426,
      "duration" : 0
    },
    "status" : "passed",
    "steps" : [ ],
    "attachments" : [ ],
    "parameters" : [ ],
    "stepsCount" : 0,
    "attachmentsCount" : 0,
    "shouldDisplayMessage" : false,
    "hasContent" : false
  } ],
  "labels" : [ {
    "name" : "epic",
    "value" : "Main Page"
  }, {
    "name" : "feature",
    "value" : "Promo Block Testing"
  }, {
    "name" : "parentSuite",
    "value" : "tests"
  }, {
    "name" : "suite",
    "value" : "test_main_page"
  }, {
    "name" : "subSuite",
    "value" : "TestMainPage"
  }, {
    "name" : "host",
    "value" : "fv-az1372-699"
  }, {
    "name" : "thread",
    "value" : "2979-MainThread"
  }, {
    "name" : "framework",
    "value" : "pytest"
  }, {
    "name" : "language",
    "value" : "cpython3"
  }, {
    "name" : "package",
    "value" : "tests.test_main_page"
  }, {
    "name" : "resultFormat",
    "value" : "allure2"
  } ],
  "parameters" : [ ],
  "links" : [ ],
  "hidden" : false,
  "retry" : false,
  "extra" : {
    "severity" : "normal",
    "retries" : [ ],
    "categories" : [ {
      "name" : "Test defects",
      "matchedStatuses" : [ ],
      "flaky" : false
    } ],
    "tags" : [ ]
  },
  "source" : "c9fcd9b922015131.json",
  "parameterValues" : [ ]
}