{
  "uid" : "ca217da0cd90a311",
  "name" : "TC 10.01.01 - Verify 'WOMEN'S DEALS' title is correct",
  "fullName" : "tests.test_sale.TestSideMenuBarWomen#test_tc_10_01_01",
  "historyId" : "364988a32487f54869ff7281f63ea0c1",
  "time" : {
    "start" : 1750037480899,
    "stop" : 1750037480943,
    "duration" : 44
  },
  "description" : "Check title of Women's Deals section",
  "descriptionHtml" : "<p>Check title of Women's Deals section</p>\n",
  "status" : "failed",
  "statusMessage" : "AssertionError: Expected title: 'WOMEN'S DEALS', Actual title: Women's Deals\nassert \"Women's Deals\" == \"WOMEN'S DEALS\"\n  - WOMEN'S DEALS\n  + Women's Deals",
  "statusTrace" : "self = <test_sale.TestSalePage.TestSideMenuBarWomen object at 0x7feb737effb0>\nsale_page = <pages.sale_page.SalePage object at 0x7feb72a65b50>\n\n    @allure.title(\"TC 10.01.01 - Verify 'WOMEN'S DEALS' title is correct\")\n    def test_tc_10_01_01(self, sale_page):\n        \"\"\"Check title of Women's Deals section\"\"\"\n        title = sale_page.check_text_in_women_deals_title()\n>       assert title == \"WOMEN'S DEALS\", f\"Expected title: 'WOMEN'S DEALS', Actual title: {title}\"\nE       AssertionError: Expected title: 'WOMEN'S DEALS', Actual title: Women's Deals\nE       assert \"Women's Deals\" == \"WOMEN'S DEALS\"\nE         - WOMEN'S DEALS\nE         + Women's Deals\n\ntests/test_sale.py:29: AssertionError",
  "flaky" : false,
  "newFailed" : false,
  "beforeStages" : [ {
    "name" : "clear_allure_result_folder",
    "time" : {
      "start" : 1750036492588,
      "stop" : 1750036492588,
      "duration" : 0
    },
    "status" : "passed",
    "steps" : [ ],
    "attachments" : [ ],
    "parameters" : [ ],
    "stepsCount" : 0,
    "attachmentsCount" : 0,
    "shouldDisplayMessage" : false,
    "hasContent" : false
  }, {
    "name" : "_session_faker",
    "time" : {
      "start" : 1750036492521,
      "stop" : 1750036492588,
      "duration" : 67
    },
    "status" : "passed",
    "steps" : [ ],
    "attachments" : [ ],
    "parameters" : [ ],
    "stepsCount" : 0,
    "attachmentsCount" : 0,
    "shouldDisplayMessage" : false,
    "hasContent" : false
  }, {
    "name" : "driver",
    "time" : {
      "start" : 1750037478546,
      "stop" : 1750037479818,
      "duration" : 1272
    },
    "status" : "passed",
    "steps" : [ ],
    "attachments" : [ ],
    "parameters" : [ ],
    "stepsCount" : 0,
    "attachmentsCount" : 0,
    "shouldDisplayMessage" : false,
    "hasContent" : false
  }, {
    "name" : "sale_page",
    "time" : {
      "start" : 1750037479818,
      "stop" : 1750037480898,
      "duration" : 1080
    },
    "status" : "passed",
    "steps" : [ {
      "name" : "Open a browser",
      "time" : {
        "start" : 1750037479818,
        "stop" : 1750037480898,
        "duration" : 1080
      },
      "status" : "passed",
      "steps" : [ ],
      "attachments" : [ ],
      "parameters" : [ ],
      "stepsCount" : 0,
      "attachmentsCount" : 0,
      "shouldDisplayMessage" : false,
      "hasContent" : false
    } ],
    "attachments" : [ ],
    "parameters" : [ ],
    "stepsCount" : 1,
    "attachmentsCount" : 0,
    "shouldDisplayMessage" : false,
    "hasContent" : true
  } ],
  "testStage" : {
    "description" : "Check title of Women's Deals section",
    "status" : "failed",
    "statusMessage" : "AssertionError: Expected title: 'WOMEN'S DEALS', Actual title: Women's Deals\nassert \"Women's Deals\" == \"WOMEN'S DEALS\"\n  - WOMEN'S DEALS\n  + Women's Deals",
    "statusTrace" : "self = <test_sale.TestSalePage.TestSideMenuBarWomen object at 0x7feb737effb0>\nsale_page = <pages.sale_page.SalePage object at 0x7feb72a65b50>\n\n    @allure.title(\"TC 10.01.01 - Verify 'WOMEN'S DEALS' title is correct\")\n    def test_tc_10_01_01(self, sale_page):\n        \"\"\"Check title of Women's Deals section\"\"\"\n        title = sale_page.check_text_in_women_deals_title()\n>       assert title == \"WOMEN'S DEALS\", f\"Expected title: 'WOMEN'S DEALS', Actual title: {title}\"\nE       AssertionError: Expected title: 'WOMEN'S DEALS', Actual title: Women's Deals\nE       assert \"Women's Deals\" == \"WOMEN'S DEALS\"\nE         - WOMEN'S DEALS\nE         + Women's Deals\n\ntests/test_sale.py:29: AssertionError",
    "steps" : [ {
      "name" : "Check text in Women's deals title",
      "time" : {
        "start" : 1750037480899,
        "stop" : 1750037480943,
        "duration" : 44
      },
      "status" : "passed",
      "steps" : [ {
        "name" : "Find a visible element",
        "time" : {
          "start" : 1750037480899,
          "stop" : 1750037480932,
          "duration" : 33
        },
        "status" : "passed",
        "steps" : [ {
          "name" : "Find a present element",
          "time" : {
            "start" : 1750037480899,
            "stop" : 1750037480910,
            "duration" : 11
          },
          "status" : "passed",
          "steps" : [ ],
          "attachments" : [ ],
          "parameters" : [ {
            "name" : "locator",
            "value" : "('css selector', '.categories-menu > strong:nth-child(1) > span')"
          }, {
            "name" : "timeout",
            "value" : "5"
          } ],
          "stepsCount" : 0,
          "attachmentsCount" : 0,
          "shouldDisplayMessage" : false,
          "hasContent" : true
        }, {
          "name" : "Go to specified element",
          "time" : {
            "start" : 1750037480910,
            "stop" : 1750037480916,
            "duration" : 6
          },
          "status" : "passed",
          "steps" : [ ],
          "attachments" : [ ],
          "parameters" : [ {
            "name" : "element",
            "value" : "<selenium.webdriver.remote.webelement.WebElement (session=\"ae6101e087ee17496b88414bc768e701\", element=\"f.27524880504BD53DE36B313D05A96837.d.A2D4EC78F63555B7FF2DD3537614D6DA.e.15\")>"
          } ],
          "stepsCount" : 0,
          "attachmentsCount" : 0,
          "shouldDisplayMessage" : false,
          "hasContent" : true
        } ],
        "attachments" : [ ],
        "parameters" : [ {
          "name" : "locator",
          "value" : "('css selector', '.categories-menu > strong:nth-child(1) > span')"
        }, {
          "name" : "timeout",
          "value" : "10"
        } ],
        "stepsCount" : 2,
        "attachmentsCount" : 0,
        "shouldDisplayMessage" : false,
        "hasContent" : true
      } ],
      "attachments" : [ ],
      "parameters" : [ ],
      "stepsCount" : 3,
      "attachmentsCount" : 0,
      "shouldDisplayMessage" : false,
      "hasContent" : true
    } ],
    "attachments" : [ {
      "uid" : "bdd821250c3b0042",
      "name" : "Screenshot",
      "source" : "bdd821250c3b0042.png",
      "type" : "image/png",
      "size" : 540720
    }, {
      "uid" : "f1477ffd49376d8b",
      "name" : "HTML source",
      "source" : "f1477ffd49376d8b.html",
      "type" : "text/html",
      "size" : 87453
    } ],
    "parameters" : [ ],
    "stepsCount" : 4,
    "attachmentsCount" : 2,
    "shouldDisplayMessage" : true,
    "hasContent" : true
  },
  "afterStages" : [ {
    "name" : "clear_allure_result_folder::0",
    "time" : {
      "start" : 1750037931799,
      "stop" : 1750037931799,
      "duration" : 0
    },
    "status" : "passed",
    "steps" : [ ],
    "attachments" : [ ],
    "parameters" : [ ],
    "stepsCount" : 0,
    "attachmentsCount" : 0,
    "shouldDisplayMessage" : false,
    "hasContent" : false
  }, {
    "name" : "driver::0",
    "time" : {
      "start" : 1750037481140,
      "stop" : 1750037481207,
      "duration" : 67
    },
    "status" : "passed",
    "steps" : [ ],
    "attachments" : [ ],
    "parameters" : [ ],
    "stepsCount" : 0,
    "attachmentsCount" : 0,
    "shouldDisplayMessage" : false,
    "hasContent" : false
  } ],
  "labels" : [ {
    "name" : "feature",
    "value" : "Testing Side Menu Bar - Women's Deals Section"
  }, {
    "name" : "epic",
    "value" : "Sale Page"
  }, {
    "name" : "parentSuite",
    "value" : "tests"
  }, {
    "name" : "suite",
    "value" : "test_sale"
  }, {
    "name" : "subSuite",
    "value" : "TestSalePage"
  }, {
    "name" : "host",
    "value" : "fv-az1042-413"
  }, {
    "name" : "thread",
    "value" : "2872-MainThread"
  }, {
    "name" : "framework",
    "value" : "pytest"
  }, {
    "name" : "language",
    "value" : "cpython3"
  }, {
    "name" : "package",
    "value" : "tests.test_sale"
  }, {
    "name" : "resultFormat",
    "value" : "allure2"
  } ],
  "parameters" : [ ],
  "links" : [ ],
  "hidden" : false,
  "retry" : false,
  "extra" : {
    "severity" : "normal",
    "retries" : [ ],
    "categories" : [ {
      "name" : "Product defects",
      "matchedStatuses" : [ ],
      "flaky" : false
    } ],
    "tags" : [ ]
  },
  "source" : "ca217da0cd90a311.json",
  "parameterValues" : [ ]
}