{
  "uid" : "cbd247df547a6f3c",
  "name" : "TC 12.05.01/02/03/04 Check the Sidebar text is visible",
  "fullName" : "tests.test_women.TestWomenPage#test_item_visibility_and_text",
  "historyId" : "adb0a9eebf0fdf8ab9d2f7523920db97",
  "time" : {
    "start" : 1761530082192,
    "stop" : 1761530087459,
    "duration" : 5267
  },
  "description" : "Check if items are visible",
  "descriptionHtml" : "<p>Check if items are visible</p>\n",
  "status" : "broken",
  "statusMessage" : "selenium.common.exceptions.TimeoutException: Message: \nStacktrace:\n#0 0x55d39f5f0fba <unknown>\n#1 0x55d39f0756d0 <unknown>\n#2 0x55d39f0c72aa <unknown>\n#3 0x55d39f0c7541 <unknown>\n#4 0x55d39f1156c4 <unknown>\n#5 0x55d39f0ece5d <unknown>\n#6 0x55d39f112b54 <unknown>\n#7 0x55d39f0ecc03 <unknown>\n#8 0x55d39f0b97a8 <unknown>\n#9 0x55d39f0ba421 <unknown>\n#10 0x55d39f5b5b28 <unknown>\n#11 0x55d39f5b987f <unknown>\n#12 0x55d39f59dc49 <unknown>\n#13 0x55d39f5ba405 <unknown>\n#14 0x55d39f5834ff <unknown>\n#15 0x55d39f5de258 <unknown>\n#16 0x55d39f5de432 <unknown>\n#17 0x55d39f5effa3 <unknown>\n#18 0x7fd35629caa4 <unknown>\n#19 0x7fd356329c6c <unknown>",
  "statusTrace" : "self = <test_women.TestWomenPage object at 0x7f5f03866120>\ndriver = <selenium.webdriver.chrome.webdriver.WebDriver (session=\"5551684d52603409570ecd7586c287a6\")>\nitem_locator = ('xpath', \"//div[normalize-space()='You have no items in your wish list.']\")\nexpected_text = 'You have no items in your wish list.'\n\n    @allure.title(\"TC 12.05.01/02/03/04 Check the Sidebar text is visible\")\n    @pytest.mark.parametrize(\"item_locator, expected_text\", WomenPageLocators.ITEMS)\n    def test_item_visibility_and_text(self, driver, item_locator, expected_text):\n        \"\"\"Check if items are visible\"\"\"\n        page = WomenPage(driver, WOMEN_PAGE_URL)\n        page.open()\n>       element = page.element_is_visible(item_locator)\n\ntests/test_women.py:33: \n_ _ _ _ _ _ _ _ _ _ _ _ _ _ _ _ _ _ _ _ _ _ _ _ _ _ _ _ _ _ _ _ _ _ _ _ _ _ _ _ \npages/base_page.py:30: in element_is_visible\n    self.go_to_element(self.element_is_present(locator))\npages/base_page.py:51: in element_is_present\n    return wait(self.driver, timeout).until(EC.presence_of_element_located(locator))\n_ _ _ _ _ _ _ _ _ _ _ _ _ _ _ _ _ _ _ _ _ _ _ _ _ _ _ _ _ _ _ _ _ _ _ _ _ _ _ _ \n\nself = <selenium.webdriver.support.wait.WebDriverWait (session=\"5551684d52603409570ecd7586c287a6\")>\nmethod = <function presence_of_element_located.<locals>._predicate at 0x7f5f033db740>\nmessage = ''\n\n    def until(self, method, message: str = \"\"):\n        \"\"\"Calls the method provided with the driver as an argument until the \\\n        return value does not evaluate to ``False``.\n    \n        :param method: callable(WebDriver)\n        :param message: optional message for :exc:`TimeoutException`\n        :returns: the result of the last call to `method`\n        :raises: :exc:`selenium.common.exceptions.TimeoutException` if timeout occurs\n        \"\"\"\n        screen = None\n        stacktrace = None\n    \n        end_time = time.monotonic() + self._timeout\n        while True:\n            try:\n                value = method(self._driver)\n                if value:\n                    return value\n            except self._ignored_exceptions as exc:\n                screen = getattr(exc, \"screen\", None)\n                stacktrace = getattr(exc, \"stacktrace\", None)\n            time.sleep(self._poll)\n            if time.monotonic() > end_time:\n                break\n>       raise TimeoutException(message, screen, stacktrace)\nE       selenium.common.exceptions.TimeoutException: Message: \nE       Stacktrace:\nE       #0 0x55d39f5f0fba <unknown>\nE       #1 0x55d39f0756d0 <unknown>\nE       #2 0x55d39f0c72aa <unknown>\nE       #3 0x55d39f0c7541 <unknown>\nE       #4 0x55d39f1156c4 <unknown>\nE       #5 0x55d39f0ece5d <unknown>\nE       #6 0x55d39f112b54 <unknown>\nE       #7 0x55d39f0ecc03 <unknown>\nE       #8 0x55d39f0b97a8 <unknown>\nE       #9 0x55d39f0ba421 <unknown>\nE       #10 0x55d39f5b5b28 <unknown>\nE       #11 0x55d39f5b987f <unknown>\nE       #12 0x55d39f59dc49 <unknown>\nE       #13 0x55d39f5ba405 <unknown>\nE       #14 0x55d39f5834ff <unknown>\nE       #15 0x55d39f5de258 <unknown>\nE       #16 0x55d39f5de432 <unknown>\nE       #17 0x55d39f5effa3 <unknown>\nE       #18 0x7fd35629caa4 <unknown>\nE       #19 0x7fd356329c6c <unknown>\n\n/opt/hostedtoolcache/Python/3.12.3/x64/lib/python3.12/site-packages/selenium/webdriver/support/wait.py:95: TimeoutException",
  "flaky" : false,
  "newFailed" : false,
  "beforeStages" : [ {
    "name" : "driver",
    "time" : {
      "start" : 1761530080954,
      "stop" : 1761530082191,
      "duration" : 1237
    },
    "status" : "passed",
    "steps" : [ ],
    "attachments" : [ ],
    "parameters" : [ ],
    "stepsCount" : 0,
    "attachmentsCount" : 0,
    "shouldDisplayMessage" : false,
    "hasContent" : false
  }, {
    "name" : "_session_faker",
    "time" : {
      "start" : 1761527678629,
      "stop" : 1761527678696,
      "duration" : 67
    },
    "status" : "passed",
    "steps" : [ ],
    "attachments" : [ ],
    "parameters" : [ ],
    "stepsCount" : 0,
    "attachmentsCount" : 0,
    "shouldDisplayMessage" : false,
    "hasContent" : false
  }, {
    "name" : "clear_allure_result_folder",
    "time" : {
      "start" : 1761527678696,
      "stop" : 1761527678696,
      "duration" : 0
    },
    "status" : "passed",
    "steps" : [ ],
    "attachments" : [ ],
    "parameters" : [ ],
    "stepsCount" : 0,
    "attachmentsCount" : 0,
    "shouldDisplayMessage" : false,
    "hasContent" : false
  } ],
  "testStage" : {
    "description" : "Check if items are visible",
    "status" : "broken",
    "statusMessage" : "selenium.common.exceptions.TimeoutException: Message: \nStacktrace:\n#0 0x55d39f5f0fba <unknown>\n#1 0x55d39f0756d0 <unknown>\n#2 0x55d39f0c72aa <unknown>\n#3 0x55d39f0c7541 <unknown>\n#4 0x55d39f1156c4 <unknown>\n#5 0x55d39f0ece5d <unknown>\n#6 0x55d39f112b54 <unknown>\n#7 0x55d39f0ecc03 <unknown>\n#8 0x55d39f0b97a8 <unknown>\n#9 0x55d39f0ba421 <unknown>\n#10 0x55d39f5b5b28 <unknown>\n#11 0x55d39f5b987f <unknown>\n#12 0x55d39f59dc49 <unknown>\n#13 0x55d39f5ba405 <unknown>\n#14 0x55d39f5834ff <unknown>\n#15 0x55d39f5de258 <unknown>\n#16 0x55d39f5de432 <unknown>\n#17 0x55d39f5effa3 <unknown>\n#18 0x7fd35629caa4 <unknown>\n#19 0x7fd356329c6c <unknown>",
    "statusTrace" : "self = <test_women.TestWomenPage object at 0x7f5f03866120>\ndriver = <selenium.webdriver.chrome.webdriver.WebDriver (session=\"5551684d52603409570ecd7586c287a6\")>\nitem_locator = ('xpath', \"//div[normalize-space()='You have no items in your wish list.']\")\nexpected_text = 'You have no items in your wish list.'\n\n    @allure.title(\"TC 12.05.01/02/03/04 Check the Sidebar text is visible\")\n    @pytest.mark.parametrize(\"item_locator, expected_text\", WomenPageLocators.ITEMS)\n    def test_item_visibility_and_text(self, driver, item_locator, expected_text):\n        \"\"\"Check if items are visible\"\"\"\n        page = WomenPage(driver, WOMEN_PAGE_URL)\n        page.open()\n>       element = page.element_is_visible(item_locator)\n\ntests/test_women.py:33: \n_ _ _ _ _ _ _ _ _ _ _ _ _ _ _ _ _ _ _ _ _ _ _ _ _ _ _ _ _ _ _ _ _ _ _ _ _ _ _ _ \npages/base_page.py:30: in element_is_visible\n    self.go_to_element(self.element_is_present(locator))\npages/base_page.py:51: in element_is_present\n    return wait(self.driver, timeout).until(EC.presence_of_element_located(locator))\n_ _ _ _ _ _ _ _ _ _ _ _ _ _ _ _ _ _ _ _ _ _ _ _ _ _ _ _ _ _ _ _ _ _ _ _ _ _ _ _ \n\nself = <selenium.webdriver.support.wait.WebDriverWait (session=\"5551684d52603409570ecd7586c287a6\")>\nmethod = <function presence_of_element_located.<locals>._predicate at 0x7f5f033db740>\nmessage = ''\n\n    def until(self, method, message: str = \"\"):\n        \"\"\"Calls the method provided with the driver as an argument until the \\\n        return value does not evaluate to ``False``.\n    \n        :param method: callable(WebDriver)\n        :param message: optional message for :exc:`TimeoutException`\n        :returns: the result of the last call to `method`\n        :raises: :exc:`selenium.common.exceptions.TimeoutException` if timeout occurs\n        \"\"\"\n        screen = None\n        stacktrace = None\n    \n        end_time = time.monotonic() + self._timeout\n        while True:\n            try:\n                value = method(self._driver)\n                if value:\n                    return value\n            except self._ignored_exceptions as exc:\n                screen = getattr(exc, \"screen\", None)\n                stacktrace = getattr(exc, \"stacktrace\", None)\n            time.sleep(self._poll)\n            if time.monotonic() > end_time:\n                break\n>       raise TimeoutException(message, screen, stacktrace)\nE       selenium.common.exceptions.TimeoutException: Message: \nE       Stacktrace:\nE       #0 0x55d39f5f0fba <unknown>\nE       #1 0x55d39f0756d0 <unknown>\nE       #2 0x55d39f0c72aa <unknown>\nE       #3 0x55d39f0c7541 <unknown>\nE       #4 0x55d39f1156c4 <unknown>\nE       #5 0x55d39f0ece5d <unknown>\nE       #6 0x55d39f112b54 <unknown>\nE       #7 0x55d39f0ecc03 <unknown>\nE       #8 0x55d39f0b97a8 <unknown>\nE       #9 0x55d39f0ba421 <unknown>\nE       #10 0x55d39f5b5b28 <unknown>\nE       #11 0x55d39f5b987f <unknown>\nE       #12 0x55d39f59dc49 <unknown>\nE       #13 0x55d39f5ba405 <unknown>\nE       #14 0x55d39f5834ff <unknown>\nE       #15 0x55d39f5de258 <unknown>\nE       #16 0x55d39f5de432 <unknown>\nE       #17 0x55d39f5effa3 <unknown>\nE       #18 0x7fd35629caa4 <unknown>\nE       #19 0x7fd356329c6c <unknown>\n\n/opt/hostedtoolcache/Python/3.12.3/x64/lib/python3.12/site-packages/selenium/webdriver/support/wait.py:95: TimeoutException",
    "steps" : [ {
      "name" : "Open a browser",
      "time" : {
        "start" : 1761530082192,
        "stop" : 1761530082360,
        "duration" : 168
      },
      "status" : "passed",
      "steps" : [ ],
      "attachments" : [ ],
      "parameters" : [ ],
      "stepsCount" : 0,
      "attachmentsCount" : 0,
      "shouldDisplayMessage" : false,
      "hasContent" : false
    }, {
      "name" : "Find a visible element",
      "time" : {
        "start" : 1761530082360,
        "stop" : 1761530087458,
        "duration" : 5098
      },
      "status" : "broken",
      "statusMessage" : "selenium.common.exceptions.TimeoutException: Message: \nStacktrace:\n#0 0x55d39f5f0fba <unknown>\n#1 0x55d39f0756d0 <unknown>\n#2 0x55d39f0c72aa <unknown>\n#3 0x55d39f0c7541 <unknown>\n#4 0x55d39f1156c4 <unknown>\n#5 0x55d39f0ece5d <unknown>\n#6 0x55d39f112b54 <unknown>\n#7 0x55d39f0ecc03 <unknown>\n#8 0x55d39f0b97a8 <unknown>\n#9 0x55d39f0ba421 <unknown>\n#10 0x55d39f5b5b28 <unknown>\n#11 0x55d39f5b987f <unknown>\n#12 0x55d39f59dc49 <unknown>\n#13 0x55d39f5ba405 <unknown>\n#14 0x55d39f5834ff <unknown>\n#15 0x55d39f5de258 <unknown>\n#16 0x55d39f5de432 <unknown>\n#17 0x55d39f5effa3 <unknown>\n#18 0x7fd35629caa4 <unknown>\n#19 0x7fd356329c6c <unknown>\n\n",
      "statusTrace" : "  File \"/opt/hostedtoolcache/Python/3.12.3/x64/lib/python3.12/site-packages/allure_commons/_allure.py\", line 192, in impl\n    return func(*a, **kw)\n           ^^^^^^^^^^^^^^\n  File \"/home/runner/work/luma_project/luma_project/pages/base_page.py\", line 30, in element_is_visible\n    self.go_to_element(self.element_is_present(locator))\n                       ^^^^^^^^^^^^^^^^^^^^^^^^^^^^^^^^\n  File \"/opt/hostedtoolcache/Python/3.12.3/x64/lib/python3.12/site-packages/allure_commons/_allure.py\", line 192, in impl\n    return func(*a, **kw)\n           ^^^^^^^^^^^^^^\n  File \"/home/runner/work/luma_project/luma_project/pages/base_page.py\", line 51, in element_is_present\n    return wait(self.driver, timeout).until(EC.presence_of_element_located(locator))\n           ^^^^^^^^^^^^^^^^^^^^^^^^^^^^^^^^^^^^^^^^^^^^^^^^^^^^^^^^^^^^^^^^^^^^^^^^^\n  File \"/opt/hostedtoolcache/Python/3.12.3/x64/lib/python3.12/site-packages/selenium/webdriver/support/wait.py\", line 95, in until\n    raise TimeoutException(message, screen, stacktrace)\n",
      "steps" : [ {
        "name" : "Find a present element",
        "time" : {
          "start" : 1761530082360,
          "stop" : 1761530087458,
          "duration" : 5098
        },
        "status" : "broken",
        "statusMessage" : "selenium.common.exceptions.TimeoutException: Message: \nStacktrace:\n#0 0x55d39f5f0fba <unknown>\n#1 0x55d39f0756d0 <unknown>\n#2 0x55d39f0c72aa <unknown>\n#3 0x55d39f0c7541 <unknown>\n#4 0x55d39f1156c4 <unknown>\n#5 0x55d39f0ece5d <unknown>\n#6 0x55d39f112b54 <unknown>\n#7 0x55d39f0ecc03 <unknown>\n#8 0x55d39f0b97a8 <unknown>\n#9 0x55d39f0ba421 <unknown>\n#10 0x55d39f5b5b28 <unknown>\n#11 0x55d39f5b987f <unknown>\n#12 0x55d39f59dc49 <unknown>\n#13 0x55d39f5ba405 <unknown>\n#14 0x55d39f5834ff <unknown>\n#15 0x55d39f5de258 <unknown>\n#16 0x55d39f5de432 <unknown>\n#17 0x55d39f5effa3 <unknown>\n#18 0x7fd35629caa4 <unknown>\n#19 0x7fd356329c6c <unknown>\n\n",
        "statusTrace" : "  File \"/opt/hostedtoolcache/Python/3.12.3/x64/lib/python3.12/site-packages/allure_commons/_allure.py\", line 192, in impl\n    return func(*a, **kw)\n           ^^^^^^^^^^^^^^\n  File \"/home/runner/work/luma_project/luma_project/pages/base_page.py\", line 51, in element_is_present\n    return wait(self.driver, timeout).until(EC.presence_of_element_located(locator))\n           ^^^^^^^^^^^^^^^^^^^^^^^^^^^^^^^^^^^^^^^^^^^^^^^^^^^^^^^^^^^^^^^^^^^^^^^^^\n  File \"/opt/hostedtoolcache/Python/3.12.3/x64/lib/python3.12/site-packages/selenium/webdriver/support/wait.py\", line 95, in until\n    raise TimeoutException(message, screen, stacktrace)\n",
        "steps" : [ ],
        "attachments" : [ ],
        "parameters" : [ {
          "name" : "locator",
          "value" : "('xpath', \"//div[normalize-space()='You have no items in your wish list.']\")"
        }, {
          "name" : "timeout",
          "value" : "5"
        } ],
        "stepsCount" : 0,
        "attachmentsCount" : 0,
        "shouldDisplayMessage" : true,
        "hasContent" : true
      } ],
      "attachments" : [ ],
      "parameters" : [ {
        "name" : "locator",
        "value" : "('xpath', \"//div[normalize-space()='You have no items in your wish list.']\")"
      }, {
        "name" : "timeout",
        "value" : "10"
      } ],
      "stepsCount" : 1,
      "attachmentsCount" : 0,
      "shouldDisplayMessage" : false,
      "hasContent" : true
    } ],
    "attachments" : [ {
      "uid" : "c5a84c3e3ef89f0",
      "name" : "Screenshot",
      "source" : "c5a84c3e3ef89f0.png",
      "type" : "image/png",
      "size" : 23875
    }, {
      "uid" : "3eb195fe6bc436e",
      "name" : "HTML source",
      "source" : "3eb195fe6bc436e.html",
      "type" : "text/html",
      "size" : 1433
    } ],
    "parameters" : [ ],
    "stepsCount" : 3,
    "attachmentsCount" : 2,
    "shouldDisplayMessage" : true,
    "hasContent" : true
  },
  "afterStages" : [ {
    "name" : "driver::0",
    "time" : {
      "start" : 1761530087526,
      "stop" : 1761530087586,
      "duration" : 60
    },
    "status" : "passed",
    "steps" : [ ],
    "attachments" : [ ],
    "parameters" : [ ],
    "stepsCount" : 0,
    "attachmentsCount" : 0,
    "shouldDisplayMessage" : false,
    "hasContent" : false
  }, {
    "name" : "clear_allure_result_folder::0",
    "time" : {
      "start" : 1761530087586,
      "stop" : 1761530087586,
      "duration" : 0
    },
    "status" : "passed",
    "steps" : [ ],
    "attachments" : [ ],
    "parameters" : [ ],
    "stepsCount" : 0,
    "attachmentsCount" : 0,
    "shouldDisplayMessage" : false,
    "hasContent" : false
  } ],
  "labels" : [ {
    "name" : "epic",
    "value" : "WomenPage"
  }, {
    "name" : "parentSuite",
    "value" : "tests"
  }, {
    "name" : "suite",
    "value" : "test_women"
  }, {
    "name" : "subSuite",
    "value" : "TestWomenPage"
  }, {
    "name" : "host",
    "value" : "runnervmwhb2z"
  }, {
    "name" : "thread",
    "value" : "3173-MainThread"
  }, {
    "name" : "framework",
    "value" : "pytest"
  }, {
    "name" : "language",
    "value" : "cpython3"
  }, {
    "name" : "package",
    "value" : "tests.test_women"
  }, {
    "name" : "resultFormat",
    "value" : "allure2"
  } ],
  "parameters" : [ {
    "name" : "expected_text",
    "value" : "'You have no items in your wish list.'"
  }, {
    "name" : "item_locator",
    "value" : "('xpath', \"//div[normalize-space()='You have no items in your wish list.']\")"
  } ],
  "links" : [ ],
  "hidden" : false,
  "retry" : false,
  "extra" : {
    "severity" : "normal",
    "retries" : [ ],
    "categories" : [ {
      "name" : "Test defects",
      "matchedStatuses" : [ ],
      "flaky" : false
    } ],
    "tags" : [ ]
  },
  "source" : "cbd247df547a6f3c.json",
  "parameterValues" : [ "'You have no items in your wish list.'", "('xpath', \"//div[normalize-space()='You have no items in your wish list.']\")" ]
}