{
  "uid" : "cca8e450d6549fd0",
  "name" : "TC 13.01.48 - Check block 5 'home-eco' in section 2 of the Promo Block is present in the DOM tree",
  "fullName" : "tests.test_main_page.TestPromoBlock#test_tc_13_01_48_check_block5_in_section2_is_present",
  "historyId" : "b0d9bd0914f2a3885df29a619aa08335",
  "time" : {
    "start" : 1753061818006,
    "stop" : 1753061824766,
    "duration" : 6760
  },
  "description" : "This test checks if block 5 'home-eco' in section 2 in the Promo Block is present\n            in the DOM tree on the main page",
  "descriptionHtml" : "<p>This test checks if block 5 'home-eco' in section 2 in the Promo Block is present\nin the DOM tree on the main page</p>\n",
  "status" : "broken",
  "statusMessage" : "selenium.common.exceptions.TimeoutException: Message: \nStacktrace:\n#0 0x55a9474d623a <unknown>\n#1 0x55a946f80ab0 <unknown>\n#2 0x55a946fd26f0 <unknown>\n#3 0x55a946fd28e1 <unknown>\n#4 0x55a947020b94 <unknown>\n#5 0x55a946ff81cd <unknown>\n#6 0x55a94701dfee <unknown>\n#7 0x55a946ff7f73 <unknown>\n#8 0x55a946fc4aeb <unknown>\n#9 0x55a946fc5751 <unknown>\n#10 0x55a94749ab4b <unknown>\n#11 0x55a94749e929 <unknown>\n#12 0x55a947481929 <unknown>\n#13 0x55a94749f4e8 <unknown>\n#14 0x55a9474660df <unknown>\n#15 0x55a9474c38e8 <unknown>\n#16 0x55a9474c3ac6 <unknown>\n#17 0x55a9474d5556 <unknown>\n#18 0x7f9e4809caa4 <unknown>\n#19 0x7f9e48129c3c <unknown>",
  "statusTrace" : "self = <test_main_page.TestMainPage.TestPromoBlock object at 0x7f933fb717f0>\ndriver = <selenium.webdriver.chrome.webdriver.WebDriver (session=\"fdce09f5dd66d288750c92f7ae07621d\")>\n\n    @allure.title(\"TC 13.01.48 - Check block 5 'home-eco' in section 2 of the Promo Block is present \"\n                  \"in the DOM tree\")\n    def test_tc_13_01_48_check_block5_in_section2_is_present(self, driver):\n        \"\"\"This test checks if block 5 'home-eco' in section 2 in the Promo Block is present\n        in the DOM tree on the main page\"\"\"\n        page = PromoBlock(driver, MAIN_PAGE_URL)\n        page.open()\n>       block5_section2 = page.check_block5_section2_is_present()\n\ntests/test_main_page.py:627: \n_ _ _ _ _ _ _ _ _ _ _ _ _ _ _ _ _ _ _ _ _ _ _ _ _ _ _ _ _ _ _ _ _ _ _ _ _ _ _ _ \npages/main_page.py:226: in check_block5_section2_is_present\n    return self.element_is_present(self.locators.SECTION_2_BLOCK_5)\npages/base_page.py:51: in element_is_present\n    return wait(self.driver, timeout).until(EC.presence_of_element_located(locator))\n_ _ _ _ _ _ _ _ _ _ _ _ _ _ _ _ _ _ _ _ _ _ _ _ _ _ _ _ _ _ _ _ _ _ _ _ _ _ _ _ \n\nself = <selenium.webdriver.support.wait.WebDriverWait (session=\"fdce09f5dd66d288750c92f7ae07621d\")>\nmethod = <function presence_of_element_located.<locals>._predicate at 0x7f933f864b80>\nmessage = ''\n\n    def until(self, method, message: str = \"\"):\n        \"\"\"Calls the method provided with the driver as an argument until the \\\n        return value does not evaluate to ``False``.\n    \n        :param method: callable(WebDriver)\n        :param message: optional message for :exc:`TimeoutException`\n        :returns: the result of the last call to `method`\n        :raises: :exc:`selenium.common.exceptions.TimeoutException` if timeout occurs\n        \"\"\"\n        screen = None\n        stacktrace = None\n    \n        end_time = time.monotonic() + self._timeout\n        while True:\n            try:\n                value = method(self._driver)\n                if value:\n                    return value\n            except self._ignored_exceptions as exc:\n                screen = getattr(exc, \"screen\", None)\n                stacktrace = getattr(exc, \"stacktrace\", None)\n            time.sleep(self._poll)\n            if time.monotonic() > end_time:\n                break\n>       raise TimeoutException(message, screen, stacktrace)\nE       selenium.common.exceptions.TimeoutException: Message: \nE       Stacktrace:\nE       #0 0x55a9474d623a <unknown>\nE       #1 0x55a946f80ab0 <unknown>\nE       #2 0x55a946fd26f0 <unknown>\nE       #3 0x55a946fd28e1 <unknown>\nE       #4 0x55a947020b94 <unknown>\nE       #5 0x55a946ff81cd <unknown>\nE       #6 0x55a94701dfee <unknown>\nE       #7 0x55a946ff7f73 <unknown>\nE       #8 0x55a946fc4aeb <unknown>\nE       #9 0x55a946fc5751 <unknown>\nE       #10 0x55a94749ab4b <unknown>\nE       #11 0x55a94749e929 <unknown>\nE       #12 0x55a947481929 <unknown>\nE       #13 0x55a94749f4e8 <unknown>\nE       #14 0x55a9474660df <unknown>\nE       #15 0x55a9474c38e8 <unknown>\nE       #16 0x55a9474c3ac6 <unknown>\nE       #17 0x55a9474d5556 <unknown>\nE       #18 0x7f9e4809caa4 <unknown>\nE       #19 0x7f9e48129c3c <unknown>\n\n/opt/hostedtoolcache/Python/3.12.3/x64/lib/python3.12/site-packages/selenium/webdriver/support/wait.py:95: TimeoutException",
  "flaky" : false,
  "newFailed" : false,
  "beforeStages" : [ {
    "name" : "_session_faker",
    "time" : {
      "start" : 1753060870428,
      "stop" : 1753060870497,
      "duration" : 69
    },
    "status" : "passed",
    "steps" : [ ],
    "attachments" : [ ],
    "parameters" : [ ],
    "stepsCount" : 0,
    "attachmentsCount" : 0,
    "shouldDisplayMessage" : false,
    "hasContent" : false
  }, {
    "name" : "clear_allure_result_folder",
    "time" : {
      "start" : 1753060870497,
      "stop" : 1753060870497,
      "duration" : 0
    },
    "status" : "passed",
    "steps" : [ ],
    "attachments" : [ ],
    "parameters" : [ ],
    "stepsCount" : 0,
    "attachmentsCount" : 0,
    "shouldDisplayMessage" : false,
    "hasContent" : false
  }, {
    "name" : "driver",
    "time" : {
      "start" : 1753061816734,
      "stop" : 1753061818005,
      "duration" : 1271
    },
    "status" : "passed",
    "steps" : [ ],
    "attachments" : [ ],
    "parameters" : [ ],
    "stepsCount" : 0,
    "attachmentsCount" : 0,
    "shouldDisplayMessage" : false,
    "hasContent" : false
  } ],
  "testStage" : {
    "description" : "This test checks if block 5 'home-eco' in section 2 in the Promo Block is present\n            in the DOM tree on the main page",
    "status" : "broken",
    "statusMessage" : "selenium.common.exceptions.TimeoutException: Message: \nStacktrace:\n#0 0x55a9474d623a <unknown>\n#1 0x55a946f80ab0 <unknown>\n#2 0x55a946fd26f0 <unknown>\n#3 0x55a946fd28e1 <unknown>\n#4 0x55a947020b94 <unknown>\n#5 0x55a946ff81cd <unknown>\n#6 0x55a94701dfee <unknown>\n#7 0x55a946ff7f73 <unknown>\n#8 0x55a946fc4aeb <unknown>\n#9 0x55a946fc5751 <unknown>\n#10 0x55a94749ab4b <unknown>\n#11 0x55a94749e929 <unknown>\n#12 0x55a947481929 <unknown>\n#13 0x55a94749f4e8 <unknown>\n#14 0x55a9474660df <unknown>\n#15 0x55a9474c38e8 <unknown>\n#16 0x55a9474c3ac6 <unknown>\n#17 0x55a9474d5556 <unknown>\n#18 0x7f9e4809caa4 <unknown>\n#19 0x7f9e48129c3c <unknown>",
    "statusTrace" : "self = <test_main_page.TestMainPage.TestPromoBlock object at 0x7f933fb717f0>\ndriver = <selenium.webdriver.chrome.webdriver.WebDriver (session=\"fdce09f5dd66d288750c92f7ae07621d\")>\n\n    @allure.title(\"TC 13.01.48 - Check block 5 'home-eco' in section 2 of the Promo Block is present \"\n                  \"in the DOM tree\")\n    def test_tc_13_01_48_check_block5_in_section2_is_present(self, driver):\n        \"\"\"This test checks if block 5 'home-eco' in section 2 in the Promo Block is present\n        in the DOM tree on the main page\"\"\"\n        page = PromoBlock(driver, MAIN_PAGE_URL)\n        page.open()\n>       block5_section2 = page.check_block5_section2_is_present()\n\ntests/test_main_page.py:627: \n_ _ _ _ _ _ _ _ _ _ _ _ _ _ _ _ _ _ _ _ _ _ _ _ _ _ _ _ _ _ _ _ _ _ _ _ _ _ _ _ \npages/main_page.py:226: in check_block5_section2_is_present\n    return self.element_is_present(self.locators.SECTION_2_BLOCK_5)\npages/base_page.py:51: in element_is_present\n    return wait(self.driver, timeout).until(EC.presence_of_element_located(locator))\n_ _ _ _ _ _ _ _ _ _ _ _ _ _ _ _ _ _ _ _ _ _ _ _ _ _ _ _ _ _ _ _ _ _ _ _ _ _ _ _ \n\nself = <selenium.webdriver.support.wait.WebDriverWait (session=\"fdce09f5dd66d288750c92f7ae07621d\")>\nmethod = <function presence_of_element_located.<locals>._predicate at 0x7f933f864b80>\nmessage = ''\n\n    def until(self, method, message: str = \"\"):\n        \"\"\"Calls the method provided with the driver as an argument until the \\\n        return value does not evaluate to ``False``.\n    \n        :param method: callable(WebDriver)\n        :param message: optional message for :exc:`TimeoutException`\n        :returns: the result of the last call to `method`\n        :raises: :exc:`selenium.common.exceptions.TimeoutException` if timeout occurs\n        \"\"\"\n        screen = None\n        stacktrace = None\n    \n        end_time = time.monotonic() + self._timeout\n        while True:\n            try:\n                value = method(self._driver)\n                if value:\n                    return value\n            except self._ignored_exceptions as exc:\n                screen = getattr(exc, \"screen\", None)\n                stacktrace = getattr(exc, \"stacktrace\", None)\n            time.sleep(self._poll)\n            if time.monotonic() > end_time:\n                break\n>       raise TimeoutException(message, screen, stacktrace)\nE       selenium.common.exceptions.TimeoutException: Message: \nE       Stacktrace:\nE       #0 0x55a9474d623a <unknown>\nE       #1 0x55a946f80ab0 <unknown>\nE       #2 0x55a946fd26f0 <unknown>\nE       #3 0x55a946fd28e1 <unknown>\nE       #4 0x55a947020b94 <unknown>\nE       #5 0x55a946ff81cd <unknown>\nE       #6 0x55a94701dfee <unknown>\nE       #7 0x55a946ff7f73 <unknown>\nE       #8 0x55a946fc4aeb <unknown>\nE       #9 0x55a946fc5751 <unknown>\nE       #10 0x55a94749ab4b <unknown>\nE       #11 0x55a94749e929 <unknown>\nE       #12 0x55a947481929 <unknown>\nE       #13 0x55a94749f4e8 <unknown>\nE       #14 0x55a9474660df <unknown>\nE       #15 0x55a9474c38e8 <unknown>\nE       #16 0x55a9474c3ac6 <unknown>\nE       #17 0x55a9474d5556 <unknown>\nE       #18 0x7f9e4809caa4 <unknown>\nE       #19 0x7f9e48129c3c <unknown>\n\n/opt/hostedtoolcache/Python/3.12.3/x64/lib/python3.12/site-packages/selenium/webdriver/support/wait.py:95: TimeoutException",
    "steps" : [ {
      "name" : "Open a browser",
      "time" : {
        "start" : 1753061818006,
        "stop" : 1753061819543,
        "duration" : 1537
      },
      "status" : "passed",
      "steps" : [ ],
      "attachments" : [ ],
      "parameters" : [ ],
      "stepsCount" : 0,
      "attachmentsCount" : 0,
      "shouldDisplayMessage" : false,
      "hasContent" : false
    }, {
      "name" : "Check block 5 'home-eco' in section 2 of the Promo Block is present in the DOM tree",
      "time" : {
        "start" : 1753061819543,
        "stop" : 1753061824765,
        "duration" : 5222
      },
      "status" : "broken",
      "statusMessage" : "selenium.common.exceptions.TimeoutException: Message: \nStacktrace:\n#0 0x55a9474d623a <unknown>\n#1 0x55a946f80ab0 <unknown>\n#2 0x55a946fd26f0 <unknown>\n#3 0x55a946fd28e1 <unknown>\n#4 0x55a947020b94 <unknown>\n#5 0x55a946ff81cd <unknown>\n#6 0x55a94701dfee <unknown>\n#7 0x55a946ff7f73 <unknown>\n#8 0x55a946fc4aeb <unknown>\n#9 0x55a946fc5751 <unknown>\n#10 0x55a94749ab4b <unknown>\n#11 0x55a94749e929 <unknown>\n#12 0x55a947481929 <unknown>\n#13 0x55a94749f4e8 <unknown>\n#14 0x55a9474660df <unknown>\n#15 0x55a9474c38e8 <unknown>\n#16 0x55a9474c3ac6 <unknown>\n#17 0x55a9474d5556 <unknown>\n#18 0x7f9e4809caa4 <unknown>\n#19 0x7f9e48129c3c <unknown>\n\n",
      "statusTrace" : "  File \"/opt/hostedtoolcache/Python/3.12.3/x64/lib/python3.12/site-packages/allure_commons/_allure.py\", line 192, in impl\n    return func(*a, **kw)\n           ^^^^^^^^^^^^^^\n  File \"/home/runner/work/luma_project/luma_project/pages/main_page.py\", line 226, in check_block5_section2_is_present\n    return self.element_is_present(self.locators.SECTION_2_BLOCK_5)\n           ^^^^^^^^^^^^^^^^^^^^^^^^^^^^^^^^^^^^^^^^^^^^^^^^^^^^^^^^\n  File \"/opt/hostedtoolcache/Python/3.12.3/x64/lib/python3.12/site-packages/allure_commons/_allure.py\", line 192, in impl\n    return func(*a, **kw)\n           ^^^^^^^^^^^^^^\n  File \"/home/runner/work/luma_project/luma_project/pages/base_page.py\", line 51, in element_is_present\n    return wait(self.driver, timeout).until(EC.presence_of_element_located(locator))\n           ^^^^^^^^^^^^^^^^^^^^^^^^^^^^^^^^^^^^^^^^^^^^^^^^^^^^^^^^^^^^^^^^^^^^^^^^^\n  File \"/opt/hostedtoolcache/Python/3.12.3/x64/lib/python3.12/site-packages/selenium/webdriver/support/wait.py\", line 95, in until\n    raise TimeoutException(message, screen, stacktrace)\n",
      "steps" : [ {
        "name" : "Find a present element",
        "time" : {
          "start" : 1753061819543,
          "stop" : 1753061824765,
          "duration" : 5222
        },
        "status" : "broken",
        "statusMessage" : "selenium.common.exceptions.TimeoutException: Message: \nStacktrace:\n#0 0x55a9474d623a <unknown>\n#1 0x55a946f80ab0 <unknown>\n#2 0x55a946fd26f0 <unknown>\n#3 0x55a946fd28e1 <unknown>\n#4 0x55a947020b94 <unknown>\n#5 0x55a946ff81cd <unknown>\n#6 0x55a94701dfee <unknown>\n#7 0x55a946ff7f73 <unknown>\n#8 0x55a946fc4aeb <unknown>\n#9 0x55a946fc5751 <unknown>\n#10 0x55a94749ab4b <unknown>\n#11 0x55a94749e929 <unknown>\n#12 0x55a947481929 <unknown>\n#13 0x55a94749f4e8 <unknown>\n#14 0x55a9474660df <unknown>\n#15 0x55a9474c38e8 <unknown>\n#16 0x55a9474c3ac6 <unknown>\n#17 0x55a9474d5556 <unknown>\n#18 0x7f9e4809caa4 <unknown>\n#19 0x7f9e48129c3c <unknown>\n\n",
        "statusTrace" : "  File \"/opt/hostedtoolcache/Python/3.12.3/x64/lib/python3.12/site-packages/allure_commons/_allure.py\", line 192, in impl\n    return func(*a, **kw)\n           ^^^^^^^^^^^^^^\n  File \"/home/runner/work/luma_project/luma_project/pages/base_page.py\", line 51, in element_is_present\n    return wait(self.driver, timeout).until(EC.presence_of_element_located(locator))\n           ^^^^^^^^^^^^^^^^^^^^^^^^^^^^^^^^^^^^^^^^^^^^^^^^^^^^^^^^^^^^^^^^^^^^^^^^^\n  File \"/opt/hostedtoolcache/Python/3.12.3/x64/lib/python3.12/site-packages/selenium/webdriver/support/wait.py\", line 95, in until\n    raise TimeoutException(message, screen, stacktrace)\n",
        "steps" : [ ],
        "attachments" : [ ],
        "parameters" : [ {
          "name" : "locator",
          "value" : "('css selector', '.home-eco')"
        }, {
          "name" : "timeout",
          "value" : "5"
        } ],
        "stepsCount" : 0,
        "attachmentsCount" : 0,
        "shouldDisplayMessage" : true,
        "hasContent" : true
      } ],
      "attachments" : [ ],
      "parameters" : [ ],
      "stepsCount" : 1,
      "attachmentsCount" : 0,
      "shouldDisplayMessage" : false,
      "hasContent" : true
    } ],
    "attachments" : [ {
      "uid" : "8b4394ab52392969",
      "name" : "Screenshot",
      "source" : "8b4394ab52392969.png",
      "type" : "image/png",
      "size" : 232116
    }, {
      "uid" : "29603e0f324d7c3",
      "name" : "HTML source",
      "source" : "29603e0f324d7c3.html",
      "type" : "text/html",
      "size" : 206977
    } ],
    "parameters" : [ ],
    "stepsCount" : 3,
    "attachmentsCount" : 2,
    "shouldDisplayMessage" : true,
    "hasContent" : true
  },
  "afterStages" : [ {
    "name" : "clear_allure_result_folder::0",
    "time" : {
      "start" : 1753062650592,
      "stop" : 1753062650592,
      "duration" : 0
    },
    "status" : "passed",
    "steps" : [ ],
    "attachments" : [ ],
    "parameters" : [ ],
    "stepsCount" : 0,
    "attachmentsCount" : 0,
    "shouldDisplayMessage" : false,
    "hasContent" : false
  }, {
    "name" : "driver::0",
    "time" : {
      "start" : 1753061824948,
      "stop" : 1753061825018,
      "duration" : 70
    },
    "status" : "passed",
    "steps" : [ ],
    "attachments" : [ ],
    "parameters" : [ ],
    "stepsCount" : 0,
    "attachmentsCount" : 0,
    "shouldDisplayMessage" : false,
    "hasContent" : false
  } ],
  "labels" : [ {
    "name" : "epic",
    "value" : "Main Page"
  }, {
    "name" : "feature",
    "value" : "Promo Block Testing"
  }, {
    "name" : "parentSuite",
    "value" : "tests"
  }, {
    "name" : "suite",
    "value" : "test_main_page"
  }, {
    "name" : "subSuite",
    "value" : "TestMainPage"
  }, {
    "name" : "host",
    "value" : "pkrvmq0rgcvqdmg"
  }, {
    "name" : "thread",
    "value" : "2994-MainThread"
  }, {
    "name" : "framework",
    "value" : "pytest"
  }, {
    "name" : "language",
    "value" : "cpython3"
  }, {
    "name" : "package",
    "value" : "tests.test_main_page"
  }, {
    "name" : "resultFormat",
    "value" : "allure2"
  } ],
  "parameters" : [ ],
  "links" : [ ],
  "hidden" : false,
  "retry" : false,
  "extra" : {
    "severity" : "normal",
    "retries" : [ ],
    "categories" : [ {
      "name" : "Test defects",
      "matchedStatuses" : [ ],
      "flaky" : false
    } ],
    "tags" : [ ]
  },
  "source" : "cca8e450d6549fd0.json",
  "parameterValues" : [ ]
}