{
  "uid" : "ce162bd31d56a377",
  "name" : "TC 16.01.01 Verify Sidebar panel title Shop By is visible and contains text 'Shop By'",
  "fullName" : "tests.test_training.TestTrainingSidebar#test_tc_16_01_01_check_sidebar_shop_by_title",
  "historyId" : "0fa024cf54041940aa453097ed5bed23",
  "time" : {
    "start" : 1758505765344,
    "stop" : 1758505770439,
    "duration" : 5095
  },
  "description" : "Check Sidebar Shop By title has correct text and is visible",
  "descriptionHtml" : "<p>Check Sidebar Shop By title has correct text and is visible</p>\n",
  "status" : "broken",
  "statusMessage" : "selenium.common.exceptions.TimeoutException: Message: \nStacktrace:\n#0 0x5558d3e2994a <unknown>\n#1 0x5558d389e8a0 <unknown>\n#2 0x5558d38f0540 <unknown>\n#3 0x5558d38f0731 <unknown>\n#4 0x5558d393e824 <unknown>\n#5 0x5558d391605d <unknown>\n#6 0x5558d393bc23 <unknown>\n#7 0x5558d3915e03 <unknown>\n#8 0x5558d38e2968 <unknown>\n#9 0x5558d38e35e1 <unknown>\n#10 0x5558d3ded548 <unknown>\n#11 0x5558d3df1272 <unknown>\n#12 0x5558d3dd4313 <unknown>\n#13 0x5558d3df1dc5 <unknown>\n#14 0x5558d3db949f <unknown>\n#15 0x5558d3e16158 <unknown>\n#16 0x5558d3e16332 <unknown>\n#17 0x5558d3e28a53 <unknown>\n#18 0x7fd513c9caa4 <unknown>\n#19 0x7fd513d29c3c <unknown>",
  "statusTrace" : "self = <test_training.TestMainPage.TestTrainingSidebar object at 0x7f22c0f9bcb0>\ntraining_page = <pages.training_page.TrainingPage object at 0x7f22c09ef6b0>\n\n    @allure.title(\"TC 16.01.01 Verify Sidebar panel title Shop By is visible and contains text 'Shop By'\")\n    def test_tc_16_01_01_check_sidebar_shop_by_title(self, training_page):\n        \"\"\"Check Sidebar Shop By title has correct text and is visible\"\"\"\n>       title = training_page.check_sidebar_panel_shop_by()\n\ntests/test_training.py:24: \n_ _ _ _ _ _ _ _ _ _ _ _ _ _ _ _ _ _ _ _ _ _ _ _ _ _ _ _ _ _ _ _ _ _ _ _ _ _ _ _ \npages/training_page.py:14: in check_sidebar_panel_shop_by\n    shop_by = self.element_is_visible(self.locators.SHOP_BY)\npages/base_page.py:30: in element_is_visible\n    self.go_to_element(self.element_is_present(locator))\npages/base_page.py:51: in element_is_present\n    return wait(self.driver, timeout).until(EC.presence_of_element_located(locator))\n_ _ _ _ _ _ _ _ _ _ _ _ _ _ _ _ _ _ _ _ _ _ _ _ _ _ _ _ _ _ _ _ _ _ _ _ _ _ _ _ \n\nself = <selenium.webdriver.support.wait.WebDriverWait (session=\"be28956db46794ba4327562b3d260c58\")>\nmethod = <function presence_of_element_located.<locals>._predicate at 0x7f22c0b58720>\nmessage = ''\n\n    def until(self, method, message: str = \"\"):\n        \"\"\"Calls the method provided with the driver as an argument until the \\\n        return value does not evaluate to ``False``.\n    \n        :param method: callable(WebDriver)\n        :param message: optional message for :exc:`TimeoutException`\n        :returns: the result of the last call to `method`\n        :raises: :exc:`selenium.common.exceptions.TimeoutException` if timeout occurs\n        \"\"\"\n        screen = None\n        stacktrace = None\n    \n        end_time = time.monotonic() + self._timeout\n        while True:\n            try:\n                value = method(self._driver)\n                if value:\n                    return value\n            except self._ignored_exceptions as exc:\n                screen = getattr(exc, \"screen\", None)\n                stacktrace = getattr(exc, \"stacktrace\", None)\n            time.sleep(self._poll)\n            if time.monotonic() > end_time:\n                break\n>       raise TimeoutException(message, screen, stacktrace)\nE       selenium.common.exceptions.TimeoutException: Message: \nE       Stacktrace:\nE       #0 0x5558d3e2994a <unknown>\nE       #1 0x5558d389e8a0 <unknown>\nE       #2 0x5558d38f0540 <unknown>\nE       #3 0x5558d38f0731 <unknown>\nE       #4 0x5558d393e824 <unknown>\nE       #5 0x5558d391605d <unknown>\nE       #6 0x5558d393bc23 <unknown>\nE       #7 0x5558d3915e03 <unknown>\nE       #8 0x5558d38e2968 <unknown>\nE       #9 0x5558d38e35e1 <unknown>\nE       #10 0x5558d3ded548 <unknown>\nE       #11 0x5558d3df1272 <unknown>\nE       #12 0x5558d3dd4313 <unknown>\nE       #13 0x5558d3df1dc5 <unknown>\nE       #14 0x5558d3db949f <unknown>\nE       #15 0x5558d3e16158 <unknown>\nE       #16 0x5558d3e16332 <unknown>\nE       #17 0x5558d3e28a53 <unknown>\nE       #18 0x7fd513c9caa4 <unknown>\nE       #19 0x7fd513d29c3c <unknown>\n\n/opt/hostedtoolcache/Python/3.12.3/x64/lib/python3.12/site-packages/selenium/webdriver/support/wait.py:95: TimeoutException",
  "flaky" : false,
  "newFailed" : false,
  "beforeStages" : [ {
    "name" : "_session_faker",
    "time" : {
      "start" : 1758503447562,
      "stop" : 1758503447629,
      "duration" : 67
    },
    "status" : "passed",
    "steps" : [ ],
    "attachments" : [ ],
    "parameters" : [ ],
    "stepsCount" : 0,
    "attachmentsCount" : 0,
    "shouldDisplayMessage" : false,
    "hasContent" : false
  }, {
    "name" : "clear_allure_result_folder",
    "time" : {
      "start" : 1758503447630,
      "stop" : 1758503447630,
      "duration" : 0
    },
    "status" : "passed",
    "steps" : [ ],
    "attachments" : [ ],
    "parameters" : [ ],
    "stepsCount" : 0,
    "attachmentsCount" : 0,
    "shouldDisplayMessage" : false,
    "hasContent" : false
  }, {
    "name" : "training_page",
    "time" : {
      "start" : 1758505765097,
      "stop" : 1758505765343,
      "duration" : 246
    },
    "status" : "passed",
    "steps" : [ {
      "name" : "Open a browser",
      "time" : {
        "start" : 1758505765098,
        "stop" : 1758505765343,
        "duration" : 245
      },
      "status" : "passed",
      "steps" : [ ],
      "attachments" : [ ],
      "parameters" : [ ],
      "stepsCount" : 0,
      "attachmentsCount" : 0,
      "shouldDisplayMessage" : false,
      "hasContent" : false
    } ],
    "attachments" : [ ],
    "parameters" : [ ],
    "stepsCount" : 1,
    "attachmentsCount" : 0,
    "shouldDisplayMessage" : false,
    "hasContent" : true
  }, {
    "name" : "driver",
    "time" : {
      "start" : 1758505763854,
      "stop" : 1758505765097,
      "duration" : 1243
    },
    "status" : "passed",
    "steps" : [ ],
    "attachments" : [ ],
    "parameters" : [ ],
    "stepsCount" : 0,
    "attachmentsCount" : 0,
    "shouldDisplayMessage" : false,
    "hasContent" : false
  } ],
  "testStage" : {
    "description" : "Check Sidebar Shop By title has correct text and is visible",
    "status" : "broken",
    "statusMessage" : "selenium.common.exceptions.TimeoutException: Message: \nStacktrace:\n#0 0x5558d3e2994a <unknown>\n#1 0x5558d389e8a0 <unknown>\n#2 0x5558d38f0540 <unknown>\n#3 0x5558d38f0731 <unknown>\n#4 0x5558d393e824 <unknown>\n#5 0x5558d391605d <unknown>\n#6 0x5558d393bc23 <unknown>\n#7 0x5558d3915e03 <unknown>\n#8 0x5558d38e2968 <unknown>\n#9 0x5558d38e35e1 <unknown>\n#10 0x5558d3ded548 <unknown>\n#11 0x5558d3df1272 <unknown>\n#12 0x5558d3dd4313 <unknown>\n#13 0x5558d3df1dc5 <unknown>\n#14 0x5558d3db949f <unknown>\n#15 0x5558d3e16158 <unknown>\n#16 0x5558d3e16332 <unknown>\n#17 0x5558d3e28a53 <unknown>\n#18 0x7fd513c9caa4 <unknown>\n#19 0x7fd513d29c3c <unknown>",
    "statusTrace" : "self = <test_training.TestMainPage.TestTrainingSidebar object at 0x7f22c0f9bcb0>\ntraining_page = <pages.training_page.TrainingPage object at 0x7f22c09ef6b0>\n\n    @allure.title(\"TC 16.01.01 Verify Sidebar panel title Shop By is visible and contains text 'Shop By'\")\n    def test_tc_16_01_01_check_sidebar_shop_by_title(self, training_page):\n        \"\"\"Check Sidebar Shop By title has correct text and is visible\"\"\"\n>       title = training_page.check_sidebar_panel_shop_by()\n\ntests/test_training.py:24: \n_ _ _ _ _ _ _ _ _ _ _ _ _ _ _ _ _ _ _ _ _ _ _ _ _ _ _ _ _ _ _ _ _ _ _ _ _ _ _ _ \npages/training_page.py:14: in check_sidebar_panel_shop_by\n    shop_by = self.element_is_visible(self.locators.SHOP_BY)\npages/base_page.py:30: in element_is_visible\n    self.go_to_element(self.element_is_present(locator))\npages/base_page.py:51: in element_is_present\n    return wait(self.driver, timeout).until(EC.presence_of_element_located(locator))\n_ _ _ _ _ _ _ _ _ _ _ _ _ _ _ _ _ _ _ _ _ _ _ _ _ _ _ _ _ _ _ _ _ _ _ _ _ _ _ _ \n\nself = <selenium.webdriver.support.wait.WebDriverWait (session=\"be28956db46794ba4327562b3d260c58\")>\nmethod = <function presence_of_element_located.<locals>._predicate at 0x7f22c0b58720>\nmessage = ''\n\n    def until(self, method, message: str = \"\"):\n        \"\"\"Calls the method provided with the driver as an argument until the \\\n        return value does not evaluate to ``False``.\n    \n        :param method: callable(WebDriver)\n        :param message: optional message for :exc:`TimeoutException`\n        :returns: the result of the last call to `method`\n        :raises: :exc:`selenium.common.exceptions.TimeoutException` if timeout occurs\n        \"\"\"\n        screen = None\n        stacktrace = None\n    \n        end_time = time.monotonic() + self._timeout\n        while True:\n            try:\n                value = method(self._driver)\n                if value:\n                    return value\n            except self._ignored_exceptions as exc:\n                screen = getattr(exc, \"screen\", None)\n                stacktrace = getattr(exc, \"stacktrace\", None)\n            time.sleep(self._poll)\n            if time.monotonic() > end_time:\n                break\n>       raise TimeoutException(message, screen, stacktrace)\nE       selenium.common.exceptions.TimeoutException: Message: \nE       Stacktrace:\nE       #0 0x5558d3e2994a <unknown>\nE       #1 0x5558d389e8a0 <unknown>\nE       #2 0x5558d38f0540 <unknown>\nE       #3 0x5558d38f0731 <unknown>\nE       #4 0x5558d393e824 <unknown>\nE       #5 0x5558d391605d <unknown>\nE       #6 0x5558d393bc23 <unknown>\nE       #7 0x5558d3915e03 <unknown>\nE       #8 0x5558d38e2968 <unknown>\nE       #9 0x5558d38e35e1 <unknown>\nE       #10 0x5558d3ded548 <unknown>\nE       #11 0x5558d3df1272 <unknown>\nE       #12 0x5558d3dd4313 <unknown>\nE       #13 0x5558d3df1dc5 <unknown>\nE       #14 0x5558d3db949f <unknown>\nE       #15 0x5558d3e16158 <unknown>\nE       #16 0x5558d3e16332 <unknown>\nE       #17 0x5558d3e28a53 <unknown>\nE       #18 0x7fd513c9caa4 <unknown>\nE       #19 0x7fd513d29c3c <unknown>\n\n/opt/hostedtoolcache/Python/3.12.3/x64/lib/python3.12/site-packages/selenium/webdriver/support/wait.py:95: TimeoutException",
    "steps" : [ {
      "name" : "Check the Sidebar Shop By title is visible and contains text \"Shop By\"",
      "time" : {
        "start" : 1758505765344,
        "stop" : 1758505770438,
        "duration" : 5094
      },
      "status" : "broken",
      "statusMessage" : "selenium.common.exceptions.TimeoutException: Message: \nStacktrace:\n#0 0x5558d3e2994a <unknown>\n#1 0x5558d389e8a0 <unknown>\n#2 0x5558d38f0540 <unknown>\n#3 0x5558d38f0731 <unknown>\n#4 0x5558d393e824 <unknown>\n#5 0x5558d391605d <unknown>\n#6 0x5558d393bc23 <unknown>\n#7 0x5558d3915e03 <unknown>\n#8 0x5558d38e2968 <unknown>\n#9 0x5558d38e35e1 <unknown>\n#10 0x5558d3ded548 <unknown>\n#11 0x5558d3df1272 <unknown>\n#12 0x5558d3dd4313 <unknown>\n#13 0x5558d3df1dc5 <unknown>\n#14 0x5558d3db949f <unknown>\n#15 0x5558d3e16158 <unknown>\n#16 0x5558d3e16332 <unknown>\n#17 0x5558d3e28a53 <unknown>\n#18 0x7fd513c9caa4 <unknown>\n#19 0x7fd513d29c3c <unknown>\n\n",
      "statusTrace" : "  File \"/opt/hostedtoolcache/Python/3.12.3/x64/lib/python3.12/site-packages/allure_commons/_allure.py\", line 192, in impl\n    return func(*a, **kw)\n           ^^^^^^^^^^^^^^\n  File \"/home/runner/work/luma_project/luma_project/pages/training_page.py\", line 14, in check_sidebar_panel_shop_by\n    shop_by = self.element_is_visible(self.locators.SHOP_BY)\n              ^^^^^^^^^^^^^^^^^^^^^^^^^^^^^^^^^^^^^^^^^^^^^^\n  File \"/opt/hostedtoolcache/Python/3.12.3/x64/lib/python3.12/site-packages/allure_commons/_allure.py\", line 192, in impl\n    return func(*a, **kw)\n           ^^^^^^^^^^^^^^\n  File \"/home/runner/work/luma_project/luma_project/pages/base_page.py\", line 30, in element_is_visible\n    self.go_to_element(self.element_is_present(locator))\n                       ^^^^^^^^^^^^^^^^^^^^^^^^^^^^^^^^\n  File \"/opt/hostedtoolcache/Python/3.12.3/x64/lib/python3.12/site-packages/allure_commons/_allure.py\", line 192, in impl\n    return func(*a, **kw)\n           ^^^^^^^^^^^^^^\n  File \"/home/runner/work/luma_project/luma_project/pages/base_page.py\", line 51, in element_is_present\n    return wait(self.driver, timeout).until(EC.presence_of_element_located(locator))\n           ^^^^^^^^^^^^^^^^^^^^^^^^^^^^^^^^^^^^^^^^^^^^^^^^^^^^^^^^^^^^^^^^^^^^^^^^^\n  File \"/opt/hostedtoolcache/Python/3.12.3/x64/lib/python3.12/site-packages/selenium/webdriver/support/wait.py\", line 95, in until\n    raise TimeoutException(message, screen, stacktrace)\n",
      "steps" : [ {
        "name" : "Find a visible element",
        "time" : {
          "start" : 1758505765344,
          "stop" : 1758505770438,
          "duration" : 5094
        },
        "status" : "broken",
        "statusMessage" : "selenium.common.exceptions.TimeoutException: Message: \nStacktrace:\n#0 0x5558d3e2994a <unknown>\n#1 0x5558d389e8a0 <unknown>\n#2 0x5558d38f0540 <unknown>\n#3 0x5558d38f0731 <unknown>\n#4 0x5558d393e824 <unknown>\n#5 0x5558d391605d <unknown>\n#6 0x5558d393bc23 <unknown>\n#7 0x5558d3915e03 <unknown>\n#8 0x5558d38e2968 <unknown>\n#9 0x5558d38e35e1 <unknown>\n#10 0x5558d3ded548 <unknown>\n#11 0x5558d3df1272 <unknown>\n#12 0x5558d3dd4313 <unknown>\n#13 0x5558d3df1dc5 <unknown>\n#14 0x5558d3db949f <unknown>\n#15 0x5558d3e16158 <unknown>\n#16 0x5558d3e16332 <unknown>\n#17 0x5558d3e28a53 <unknown>\n#18 0x7fd513c9caa4 <unknown>\n#19 0x7fd513d29c3c <unknown>\n\n",
        "statusTrace" : "  File \"/opt/hostedtoolcache/Python/3.12.3/x64/lib/python3.12/site-packages/allure_commons/_allure.py\", line 192, in impl\n    return func(*a, **kw)\n           ^^^^^^^^^^^^^^\n  File \"/home/runner/work/luma_project/luma_project/pages/base_page.py\", line 30, in element_is_visible\n    self.go_to_element(self.element_is_present(locator))\n                       ^^^^^^^^^^^^^^^^^^^^^^^^^^^^^^^^\n  File \"/opt/hostedtoolcache/Python/3.12.3/x64/lib/python3.12/site-packages/allure_commons/_allure.py\", line 192, in impl\n    return func(*a, **kw)\n           ^^^^^^^^^^^^^^\n  File \"/home/runner/work/luma_project/luma_project/pages/base_page.py\", line 51, in element_is_present\n    return wait(self.driver, timeout).until(EC.presence_of_element_located(locator))\n           ^^^^^^^^^^^^^^^^^^^^^^^^^^^^^^^^^^^^^^^^^^^^^^^^^^^^^^^^^^^^^^^^^^^^^^^^^\n  File \"/opt/hostedtoolcache/Python/3.12.3/x64/lib/python3.12/site-packages/selenium/webdriver/support/wait.py\", line 95, in until\n    raise TimeoutException(message, screen, stacktrace)\n",
        "steps" : [ {
          "name" : "Find a present element",
          "time" : {
            "start" : 1758505765344,
            "stop" : 1758505770438,
            "duration" : 5094
          },
          "status" : "broken",
          "statusMessage" : "selenium.common.exceptions.TimeoutException: Message: \nStacktrace:\n#0 0x5558d3e2994a <unknown>\n#1 0x5558d389e8a0 <unknown>\n#2 0x5558d38f0540 <unknown>\n#3 0x5558d38f0731 <unknown>\n#4 0x5558d393e824 <unknown>\n#5 0x5558d391605d <unknown>\n#6 0x5558d393bc23 <unknown>\n#7 0x5558d3915e03 <unknown>\n#8 0x5558d38e2968 <unknown>\n#9 0x5558d38e35e1 <unknown>\n#10 0x5558d3ded548 <unknown>\n#11 0x5558d3df1272 <unknown>\n#12 0x5558d3dd4313 <unknown>\n#13 0x5558d3df1dc5 <unknown>\n#14 0x5558d3db949f <unknown>\n#15 0x5558d3e16158 <unknown>\n#16 0x5558d3e16332 <unknown>\n#17 0x5558d3e28a53 <unknown>\n#18 0x7fd513c9caa4 <unknown>\n#19 0x7fd513d29c3c <unknown>\n\n",
          "statusTrace" : "  File \"/opt/hostedtoolcache/Python/3.12.3/x64/lib/python3.12/site-packages/allure_commons/_allure.py\", line 192, in impl\n    return func(*a, **kw)\n           ^^^^^^^^^^^^^^\n  File \"/home/runner/work/luma_project/luma_project/pages/base_page.py\", line 51, in element_is_present\n    return wait(self.driver, timeout).until(EC.presence_of_element_located(locator))\n           ^^^^^^^^^^^^^^^^^^^^^^^^^^^^^^^^^^^^^^^^^^^^^^^^^^^^^^^^^^^^^^^^^^^^^^^^^\n  File \"/opt/hostedtoolcache/Python/3.12.3/x64/lib/python3.12/site-packages/selenium/webdriver/support/wait.py\", line 95, in until\n    raise TimeoutException(message, screen, stacktrace)\n",
          "steps" : [ ],
          "attachments" : [ ],
          "parameters" : [ {
            "name" : "locator",
            "value" : "('xpath', '//div[4]/div[2]/div[1]/div[1]/strong')"
          }, {
            "name" : "timeout",
            "value" : "5"
          } ],
          "stepsCount" : 0,
          "attachmentsCount" : 0,
          "shouldDisplayMessage" : true,
          "hasContent" : true
        } ],
        "attachments" : [ ],
        "parameters" : [ {
          "name" : "locator",
          "value" : "('xpath', '//div[4]/div[2]/div[1]/div[1]/strong')"
        }, {
          "name" : "timeout",
          "value" : "10"
        } ],
        "stepsCount" : 1,
        "attachmentsCount" : 0,
        "shouldDisplayMessage" : false,
        "hasContent" : true
      } ],
      "attachments" : [ ],
      "parameters" : [ ],
      "stepsCount" : 2,
      "attachmentsCount" : 0,
      "shouldDisplayMessage" : false,
      "hasContent" : true
    } ],
    "attachments" : [ {
      "uid" : "7bfd65f2c7e47d96",
      "name" : "Screenshot",
      "source" : "7bfd65f2c7e47d96.png",
      "type" : "image/png",
      "size" : 23875
    }, {
      "uid" : "e231b76b9ae71b47",
      "name" : "HTML source",
      "source" : "e231b76b9ae71b47.html",
      "type" : "text/html",
      "size" : 786
    } ],
    "parameters" : [ ],
    "stepsCount" : 3,
    "attachmentsCount" : 2,
    "shouldDisplayMessage" : true,
    "hasContent" : true
  },
  "afterStages" : [ {
    "name" : "clear_allure_result_folder::0",
    "time" : {
      "start" : 1758505893826,
      "stop" : 1758505893826,
      "duration" : 0
    },
    "status" : "passed",
    "steps" : [ ],
    "attachments" : [ ],
    "parameters" : [ ],
    "stepsCount" : 0,
    "attachmentsCount" : 0,
    "shouldDisplayMessage" : false,
    "hasContent" : false
  }, {
    "name" : "driver::0",
    "time" : {
      "start" : 1758505770505,
      "stop" : 1758505770565,
      "duration" : 60
    },
    "status" : "passed",
    "steps" : [ ],
    "attachments" : [ ],
    "parameters" : [ ],
    "stepsCount" : 0,
    "attachmentsCount" : 0,
    "shouldDisplayMessage" : false,
    "hasContent" : false
  } ],
  "labels" : [ {
    "name" : "feature",
    "value" : "Testing Training Page Sidebar"
  }, {
    "name" : "epic",
    "value" : "Training Page"
  }, {
    "name" : "parentSuite",
    "value" : "tests"
  }, {
    "name" : "suite",
    "value" : "test_training"
  }, {
    "name" : "subSuite",
    "value" : "TestMainPage"
  }, {
    "name" : "host",
    "value" : "runnervmf4ws1"
  }, {
    "name" : "thread",
    "value" : "2993-MainThread"
  }, {
    "name" : "framework",
    "value" : "pytest"
  }, {
    "name" : "language",
    "value" : "cpython3"
  }, {
    "name" : "package",
    "value" : "tests.test_training"
  }, {
    "name" : "resultFormat",
    "value" : "allure2"
  } ],
  "parameters" : [ ],
  "links" : [ ],
  "hidden" : false,
  "retry" : false,
  "extra" : {
    "severity" : "normal",
    "retries" : [ ],
    "categories" : [ {
      "name" : "Test defects",
      "matchedStatuses" : [ ],
      "flaky" : false
    } ],
    "tags" : [ ]
  },
  "source" : "ce162bd31d56a377.json",
  "parameterValues" : [ ]
}