{
  "uid" : "d066cbde2274efe1",
  "name" : "TC 04_01_12 Verify Email input field highlighting on click",
  "fullName" : "tests.test_create_an_account.TestCreateAnAccount#test_04_01_12_email_field_is_highlighted",
  "historyId" : "7c377d7a81f72cbec14b2c45457fc3d3",
  "time" : {
    "start" : 1759108194051,
    "stop" : 1759108199163,
    "duration" : 5112
  },
  "description" : " Verify that Email input field highlighted when clicked",
  "descriptionHtml" : "<p>Verify that Email input field highlighted when clicked</p>\n",
  "status" : "broken",
  "statusMessage" : "selenium.common.exceptions.TimeoutException: Message: \nStacktrace:\n#0 0x55b211f5fcba <unknown>\n#1 0x55b2119d48e0 <unknown>\n#2 0x55b211a26580 <unknown>\n#3 0x55b211a26771 <unknown>\n#4 0x55b211a74864 <unknown>\n#5 0x55b211a4c09d <unknown>\n#6 0x55b211a71c63 <unknown>\n#7 0x55b211a4be43 <unknown>\n#8 0x55b211a189a8 <unknown>\n#9 0x55b211a19621 <unknown>\n#10 0x55b211f238b8 <unknown>\n#11 0x55b211f275e2 <unknown>\n#12 0x55b211f0a683 <unknown>\n#13 0x55b211f28135 <unknown>\n#14 0x55b211eef80f <unknown>\n#15 0x55b211f4c4c8 <unknown>\n#16 0x55b211f4c6a2 <unknown>\n#17 0x55b211f5edc3 <unknown>\n#18 0x7f0acc69caa4 <unknown>\n#19 0x7f0acc729c6c <unknown>",
  "statusTrace" : "self = <test_create_an_account.TestCreateAnAccount object at 0x7f0da8a4fe00>\ncreate_account_page = <pages.create_an_account_page.CreateAccountPage object at 0x7f0da857ee40>\n\n    @allure.title('TC 04_01_12 Verify Email input field highlighting on click')\n    @allure.severity(allure.severity_level.MINOR)\n    def test_04_01_12_email_field_is_highlighted(self, create_account_page):\n        \"\"\" Verify that Email input field highlighted when clicked\"\"\"\n>       email_input = create_account_page.check_email_input()\n\ntests/test_create_an_account.py:118: \n_ _ _ _ _ _ _ _ _ _ _ _ _ _ _ _ _ _ _ _ _ _ _ _ _ _ _ _ _ _ _ _ _ _ _ _ _ _ _ _ \npages/create_an_account_page.py:50: in check_email_input\n    return self.element_is_visible(self.locators.EMAIL)\npages/base_page.py:30: in element_is_visible\n    self.go_to_element(self.element_is_present(locator))\npages/base_page.py:51: in element_is_present\n    return wait(self.driver, timeout).until(EC.presence_of_element_located(locator))\n_ _ _ _ _ _ _ _ _ _ _ _ _ _ _ _ _ _ _ _ _ _ _ _ _ _ _ _ _ _ _ _ _ _ _ _ _ _ _ _ \n\nself = <selenium.webdriver.support.wait.WebDriverWait (session=\"b5a8b62bdf3fe5a6f94aa87069a331ab\")>\nmethod = <function presence_of_element_located.<locals>._predicate at 0x7f0da6b1f2e0>\nmessage = ''\n\n    def until(self, method, message: str = \"\"):\n        \"\"\"Calls the method provided with the driver as an argument until the \\\n        return value does not evaluate to ``False``.\n    \n        :param method: callable(WebDriver)\n        :param message: optional message for :exc:`TimeoutException`\n        :returns: the result of the last call to `method`\n        :raises: :exc:`selenium.common.exceptions.TimeoutException` if timeout occurs\n        \"\"\"\n        screen = None\n        stacktrace = None\n    \n        end_time = time.monotonic() + self._timeout\n        while True:\n            try:\n                value = method(self._driver)\n                if value:\n                    return value\n            except self._ignored_exceptions as exc:\n                screen = getattr(exc, \"screen\", None)\n                stacktrace = getattr(exc, \"stacktrace\", None)\n            time.sleep(self._poll)\n            if time.monotonic() > end_time:\n                break\n>       raise TimeoutException(message, screen, stacktrace)\nE       selenium.common.exceptions.TimeoutException: Message: \nE       Stacktrace:\nE       #0 0x55b211f5fcba <unknown>\nE       #1 0x55b2119d48e0 <unknown>\nE       #2 0x55b211a26580 <unknown>\nE       #3 0x55b211a26771 <unknown>\nE       #4 0x55b211a74864 <unknown>\nE       #5 0x55b211a4c09d <unknown>\nE       #6 0x55b211a71c63 <unknown>\nE       #7 0x55b211a4be43 <unknown>\nE       #8 0x55b211a189a8 <unknown>\nE       #9 0x55b211a19621 <unknown>\nE       #10 0x55b211f238b8 <unknown>\nE       #11 0x55b211f275e2 <unknown>\nE       #12 0x55b211f0a683 <unknown>\nE       #13 0x55b211f28135 <unknown>\nE       #14 0x55b211eef80f <unknown>\nE       #15 0x55b211f4c4c8 <unknown>\nE       #16 0x55b211f4c6a2 <unknown>\nE       #17 0x55b211f5edc3 <unknown>\nE       #18 0x7f0acc69caa4 <unknown>\nE       #19 0x7f0acc729c6c <unknown>\n\n/opt/hostedtoolcache/Python/3.12.3/x64/lib/python3.12/site-packages/selenium/webdriver/support/wait.py:95: TimeoutException",
  "flaky" : false,
  "newFailed" : false,
  "beforeStages" : [ {
    "name" : "driver",
    "time" : {
      "start" : 1759108192544,
      "stop" : 1759108193830,
      "duration" : 1286
    },
    "status" : "passed",
    "steps" : [ ],
    "attachments" : [ ],
    "parameters" : [ ],
    "stepsCount" : 0,
    "attachmentsCount" : 0,
    "shouldDisplayMessage" : false,
    "hasContent" : false
  }, {
    "name" : "clear_allure_result_folder",
    "time" : {
      "start" : 1759108091635,
      "stop" : 1759108091636,
      "duration" : 1
    },
    "status" : "passed",
    "steps" : [ ],
    "attachments" : [ ],
    "parameters" : [ ],
    "stepsCount" : 0,
    "attachmentsCount" : 0,
    "shouldDisplayMessage" : false,
    "hasContent" : false
  }, {
    "name" : "_session_faker",
    "time" : {
      "start" : 1759108091552,
      "stop" : 1759108091635,
      "duration" : 83
    },
    "status" : "passed",
    "steps" : [ ],
    "attachments" : [ ],
    "parameters" : [ ],
    "stepsCount" : 0,
    "attachmentsCount" : 0,
    "shouldDisplayMessage" : false,
    "hasContent" : false
  }, {
    "name" : "create_account_page",
    "time" : {
      "start" : 1759108193830,
      "stop" : 1759108194050,
      "duration" : 220
    },
    "status" : "passed",
    "steps" : [ {
      "name" : "Open a browser",
      "time" : {
        "start" : 1759108193830,
        "stop" : 1759108194050,
        "duration" : 220
      },
      "status" : "passed",
      "steps" : [ ],
      "attachments" : [ ],
      "parameters" : [ ],
      "stepsCount" : 0,
      "attachmentsCount" : 0,
      "shouldDisplayMessage" : false,
      "hasContent" : false
    } ],
    "attachments" : [ ],
    "parameters" : [ ],
    "stepsCount" : 1,
    "attachmentsCount" : 0,
    "shouldDisplayMessage" : false,
    "hasContent" : true
  } ],
  "testStage" : {
    "description" : " Verify that Email input field highlighted when clicked",
    "status" : "broken",
    "statusMessage" : "selenium.common.exceptions.TimeoutException: Message: \nStacktrace:\n#0 0x55b211f5fcba <unknown>\n#1 0x55b2119d48e0 <unknown>\n#2 0x55b211a26580 <unknown>\n#3 0x55b211a26771 <unknown>\n#4 0x55b211a74864 <unknown>\n#5 0x55b211a4c09d <unknown>\n#6 0x55b211a71c63 <unknown>\n#7 0x55b211a4be43 <unknown>\n#8 0x55b211a189a8 <unknown>\n#9 0x55b211a19621 <unknown>\n#10 0x55b211f238b8 <unknown>\n#11 0x55b211f275e2 <unknown>\n#12 0x55b211f0a683 <unknown>\n#13 0x55b211f28135 <unknown>\n#14 0x55b211eef80f <unknown>\n#15 0x55b211f4c4c8 <unknown>\n#16 0x55b211f4c6a2 <unknown>\n#17 0x55b211f5edc3 <unknown>\n#18 0x7f0acc69caa4 <unknown>\n#19 0x7f0acc729c6c <unknown>",
    "statusTrace" : "self = <test_create_an_account.TestCreateAnAccount object at 0x7f0da8a4fe00>\ncreate_account_page = <pages.create_an_account_page.CreateAccountPage object at 0x7f0da857ee40>\n\n    @allure.title('TC 04_01_12 Verify Email input field highlighting on click')\n    @allure.severity(allure.severity_level.MINOR)\n    def test_04_01_12_email_field_is_highlighted(self, create_account_page):\n        \"\"\" Verify that Email input field highlighted when clicked\"\"\"\n>       email_input = create_account_page.check_email_input()\n\ntests/test_create_an_account.py:118: \n_ _ _ _ _ _ _ _ _ _ _ _ _ _ _ _ _ _ _ _ _ _ _ _ _ _ _ _ _ _ _ _ _ _ _ _ _ _ _ _ \npages/create_an_account_page.py:50: in check_email_input\n    return self.element_is_visible(self.locators.EMAIL)\npages/base_page.py:30: in element_is_visible\n    self.go_to_element(self.element_is_present(locator))\npages/base_page.py:51: in element_is_present\n    return wait(self.driver, timeout).until(EC.presence_of_element_located(locator))\n_ _ _ _ _ _ _ _ _ _ _ _ _ _ _ _ _ _ _ _ _ _ _ _ _ _ _ _ _ _ _ _ _ _ _ _ _ _ _ _ \n\nself = <selenium.webdriver.support.wait.WebDriverWait (session=\"b5a8b62bdf3fe5a6f94aa87069a331ab\")>\nmethod = <function presence_of_element_located.<locals>._predicate at 0x7f0da6b1f2e0>\nmessage = ''\n\n    def until(self, method, message: str = \"\"):\n        \"\"\"Calls the method provided with the driver as an argument until the \\\n        return value does not evaluate to ``False``.\n    \n        :param method: callable(WebDriver)\n        :param message: optional message for :exc:`TimeoutException`\n        :returns: the result of the last call to `method`\n        :raises: :exc:`selenium.common.exceptions.TimeoutException` if timeout occurs\n        \"\"\"\n        screen = None\n        stacktrace = None\n    \n        end_time = time.monotonic() + self._timeout\n        while True:\n            try:\n                value = method(self._driver)\n                if value:\n                    return value\n            except self._ignored_exceptions as exc:\n                screen = getattr(exc, \"screen\", None)\n                stacktrace = getattr(exc, \"stacktrace\", None)\n            time.sleep(self._poll)\n            if time.monotonic() > end_time:\n                break\n>       raise TimeoutException(message, screen, stacktrace)\nE       selenium.common.exceptions.TimeoutException: Message: \nE       Stacktrace:\nE       #0 0x55b211f5fcba <unknown>\nE       #1 0x55b2119d48e0 <unknown>\nE       #2 0x55b211a26580 <unknown>\nE       #3 0x55b211a26771 <unknown>\nE       #4 0x55b211a74864 <unknown>\nE       #5 0x55b211a4c09d <unknown>\nE       #6 0x55b211a71c63 <unknown>\nE       #7 0x55b211a4be43 <unknown>\nE       #8 0x55b211a189a8 <unknown>\nE       #9 0x55b211a19621 <unknown>\nE       #10 0x55b211f238b8 <unknown>\nE       #11 0x55b211f275e2 <unknown>\nE       #12 0x55b211f0a683 <unknown>\nE       #13 0x55b211f28135 <unknown>\nE       #14 0x55b211eef80f <unknown>\nE       #15 0x55b211f4c4c8 <unknown>\nE       #16 0x55b211f4c6a2 <unknown>\nE       #17 0x55b211f5edc3 <unknown>\nE       #18 0x7f0acc69caa4 <unknown>\nE       #19 0x7f0acc729c6c <unknown>\n\n/opt/hostedtoolcache/Python/3.12.3/x64/lib/python3.12/site-packages/selenium/webdriver/support/wait.py:95: TimeoutException",
    "steps" : [ {
      "name" : "Check Email input field is visible",
      "time" : {
        "start" : 1759108194051,
        "stop" : 1759108199163,
        "duration" : 5112
      },
      "status" : "broken",
      "statusMessage" : "selenium.common.exceptions.TimeoutException: Message: \nStacktrace:\n#0 0x55b211f5fcba <unknown>\n#1 0x55b2119d48e0 <unknown>\n#2 0x55b211a26580 <unknown>\n#3 0x55b211a26771 <unknown>\n#4 0x55b211a74864 <unknown>\n#5 0x55b211a4c09d <unknown>\n#6 0x55b211a71c63 <unknown>\n#7 0x55b211a4be43 <unknown>\n#8 0x55b211a189a8 <unknown>\n#9 0x55b211a19621 <unknown>\n#10 0x55b211f238b8 <unknown>\n#11 0x55b211f275e2 <unknown>\n#12 0x55b211f0a683 <unknown>\n#13 0x55b211f28135 <unknown>\n#14 0x55b211eef80f <unknown>\n#15 0x55b211f4c4c8 <unknown>\n#16 0x55b211f4c6a2 <unknown>\n#17 0x55b211f5edc3 <unknown>\n#18 0x7f0acc69caa4 <unknown>\n#19 0x7f0acc729c6c <unknown>\n\n",
      "statusTrace" : "  File \"/opt/hostedtoolcache/Python/3.12.3/x64/lib/python3.12/site-packages/allure_commons/_allure.py\", line 192, in impl\n    return func(*a, **kw)\n           ^^^^^^^^^^^^^^\n  File \"/home/runner/work/luma_project/luma_project/pages/create_an_account_page.py\", line 50, in check_email_input\n    return self.element_is_visible(self.locators.EMAIL)\n           ^^^^^^^^^^^^^^^^^^^^^^^^^^^^^^^^^^^^^^^^^^^^\n  File \"/opt/hostedtoolcache/Python/3.12.3/x64/lib/python3.12/site-packages/allure_commons/_allure.py\", line 192, in impl\n    return func(*a, **kw)\n           ^^^^^^^^^^^^^^\n  File \"/home/runner/work/luma_project/luma_project/pages/base_page.py\", line 30, in element_is_visible\n    self.go_to_element(self.element_is_present(locator))\n                       ^^^^^^^^^^^^^^^^^^^^^^^^^^^^^^^^\n  File \"/opt/hostedtoolcache/Python/3.12.3/x64/lib/python3.12/site-packages/allure_commons/_allure.py\", line 192, in impl\n    return func(*a, **kw)\n           ^^^^^^^^^^^^^^\n  File \"/home/runner/work/luma_project/luma_project/pages/base_page.py\", line 51, in element_is_present\n    return wait(self.driver, timeout).until(EC.presence_of_element_located(locator))\n           ^^^^^^^^^^^^^^^^^^^^^^^^^^^^^^^^^^^^^^^^^^^^^^^^^^^^^^^^^^^^^^^^^^^^^^^^^\n  File \"/opt/hostedtoolcache/Python/3.12.3/x64/lib/python3.12/site-packages/selenium/webdriver/support/wait.py\", line 95, in until\n    raise TimeoutException(message, screen, stacktrace)\n",
      "steps" : [ {
        "name" : "Find a visible element",
        "time" : {
          "start" : 1759108194051,
          "stop" : 1759108199162,
          "duration" : 5111
        },
        "status" : "broken",
        "statusMessage" : "selenium.common.exceptions.TimeoutException: Message: \nStacktrace:\n#0 0x55b211f5fcba <unknown>\n#1 0x55b2119d48e0 <unknown>\n#2 0x55b211a26580 <unknown>\n#3 0x55b211a26771 <unknown>\n#4 0x55b211a74864 <unknown>\n#5 0x55b211a4c09d <unknown>\n#6 0x55b211a71c63 <unknown>\n#7 0x55b211a4be43 <unknown>\n#8 0x55b211a189a8 <unknown>\n#9 0x55b211a19621 <unknown>\n#10 0x55b211f238b8 <unknown>\n#11 0x55b211f275e2 <unknown>\n#12 0x55b211f0a683 <unknown>\n#13 0x55b211f28135 <unknown>\n#14 0x55b211eef80f <unknown>\n#15 0x55b211f4c4c8 <unknown>\n#16 0x55b211f4c6a2 <unknown>\n#17 0x55b211f5edc3 <unknown>\n#18 0x7f0acc69caa4 <unknown>\n#19 0x7f0acc729c6c <unknown>\n\n",
        "statusTrace" : "  File \"/opt/hostedtoolcache/Python/3.12.3/x64/lib/python3.12/site-packages/allure_commons/_allure.py\", line 192, in impl\n    return func(*a, **kw)\n           ^^^^^^^^^^^^^^\n  File \"/home/runner/work/luma_project/luma_project/pages/base_page.py\", line 30, in element_is_visible\n    self.go_to_element(self.element_is_present(locator))\n                       ^^^^^^^^^^^^^^^^^^^^^^^^^^^^^^^^\n  File \"/opt/hostedtoolcache/Python/3.12.3/x64/lib/python3.12/site-packages/allure_commons/_allure.py\", line 192, in impl\n    return func(*a, **kw)\n           ^^^^^^^^^^^^^^\n  File \"/home/runner/work/luma_project/luma_project/pages/base_page.py\", line 51, in element_is_present\n    return wait(self.driver, timeout).until(EC.presence_of_element_located(locator))\n           ^^^^^^^^^^^^^^^^^^^^^^^^^^^^^^^^^^^^^^^^^^^^^^^^^^^^^^^^^^^^^^^^^^^^^^^^^\n  File \"/opt/hostedtoolcache/Python/3.12.3/x64/lib/python3.12/site-packages/selenium/webdriver/support/wait.py\", line 95, in until\n    raise TimeoutException(message, screen, stacktrace)\n",
        "steps" : [ {
          "name" : "Find a present element",
          "time" : {
            "start" : 1759108194051,
            "stop" : 1759108199162,
            "duration" : 5111
          },
          "status" : "broken",
          "statusMessage" : "selenium.common.exceptions.TimeoutException: Message: \nStacktrace:\n#0 0x55b211f5fcba <unknown>\n#1 0x55b2119d48e0 <unknown>\n#2 0x55b211a26580 <unknown>\n#3 0x55b211a26771 <unknown>\n#4 0x55b211a74864 <unknown>\n#5 0x55b211a4c09d <unknown>\n#6 0x55b211a71c63 <unknown>\n#7 0x55b211a4be43 <unknown>\n#8 0x55b211a189a8 <unknown>\n#9 0x55b211a19621 <unknown>\n#10 0x55b211f238b8 <unknown>\n#11 0x55b211f275e2 <unknown>\n#12 0x55b211f0a683 <unknown>\n#13 0x55b211f28135 <unknown>\n#14 0x55b211eef80f <unknown>\n#15 0x55b211f4c4c8 <unknown>\n#16 0x55b211f4c6a2 <unknown>\n#17 0x55b211f5edc3 <unknown>\n#18 0x7f0acc69caa4 <unknown>\n#19 0x7f0acc729c6c <unknown>\n\n",
          "statusTrace" : "  File \"/opt/hostedtoolcache/Python/3.12.3/x64/lib/python3.12/site-packages/allure_commons/_allure.py\", line 192, in impl\n    return func(*a, **kw)\n           ^^^^^^^^^^^^^^\n  File \"/home/runner/work/luma_project/luma_project/pages/base_page.py\", line 51, in element_is_present\n    return wait(self.driver, timeout).until(EC.presence_of_element_located(locator))\n           ^^^^^^^^^^^^^^^^^^^^^^^^^^^^^^^^^^^^^^^^^^^^^^^^^^^^^^^^^^^^^^^^^^^^^^^^^\n  File \"/opt/hostedtoolcache/Python/3.12.3/x64/lib/python3.12/site-packages/selenium/webdriver/support/wait.py\", line 95, in until\n    raise TimeoutException(message, screen, stacktrace)\n",
          "steps" : [ ],
          "attachments" : [ ],
          "parameters" : [ {
            "name" : "locator",
            "value" : "('id', 'email_address')"
          }, {
            "name" : "timeout",
            "value" : "5"
          } ],
          "stepsCount" : 0,
          "attachmentsCount" : 0,
          "shouldDisplayMessage" : true,
          "hasContent" : true
        } ],
        "attachments" : [ ],
        "parameters" : [ {
          "name" : "locator",
          "value" : "('id', 'email_address')"
        }, {
          "name" : "timeout",
          "value" : "10"
        } ],
        "stepsCount" : 1,
        "attachmentsCount" : 0,
        "shouldDisplayMessage" : false,
        "hasContent" : true
      } ],
      "attachments" : [ ],
      "parameters" : [ ],
      "stepsCount" : 2,
      "attachmentsCount" : 0,
      "shouldDisplayMessage" : false,
      "hasContent" : true
    } ],
    "attachments" : [ {
      "uid" : "5463d5259138d8dd",
      "name" : "Screenshot",
      "source" : "5463d5259138d8dd.png",
      "type" : "image/png",
      "size" : 23875
    }, {
      "uid" : "aabc250b4b2ed891",
      "name" : "HTML source",
      "source" : "aabc250b4b2ed891.html",
      "type" : "text/html",
      "size" : 786
    } ],
    "parameters" : [ ],
    "stepsCount" : 3,
    "attachmentsCount" : 2,
    "shouldDisplayMessage" : true,
    "hasContent" : true
  },
  "afterStages" : [ {
    "name" : "driver::0",
    "time" : {
      "start" : 1759108199232,
      "stop" : 1759108199292,
      "duration" : 60
    },
    "status" : "passed",
    "steps" : [ ],
    "attachments" : [ ],
    "parameters" : [ ],
    "stepsCount" : 0,
    "attachmentsCount" : 0,
    "shouldDisplayMessage" : false,
    "hasContent" : false
  }, {
    "name" : "clear_allure_result_folder::0",
    "time" : {
      "start" : 1759110554884,
      "stop" : 1759110554884,
      "duration" : 0
    },
    "status" : "passed",
    "steps" : [ ],
    "attachments" : [ ],
    "parameters" : [ ],
    "stepsCount" : 0,
    "attachmentsCount" : 0,
    "shouldDisplayMessage" : false,
    "hasContent" : false
  } ],
  "labels" : [ {
    "name" : "severity",
    "value" : "minor"
  }, {
    "name" : "epic",
    "value" : "Create An Account"
  }, {
    "name" : "parentSuite",
    "value" : "tests"
  }, {
    "name" : "suite",
    "value" : "test_create_an_account"
  }, {
    "name" : "subSuite",
    "value" : "TestCreateAnAccount"
  }, {
    "name" : "host",
    "value" : "runnervm3ublj"
  }, {
    "name" : "thread",
    "value" : "3001-MainThread"
  }, {
    "name" : "framework",
    "value" : "pytest"
  }, {
    "name" : "language",
    "value" : "cpython3"
  }, {
    "name" : "package",
    "value" : "tests.test_create_an_account"
  }, {
    "name" : "resultFormat",
    "value" : "allure2"
  } ],
  "parameters" : [ ],
  "links" : [ ],
  "hidden" : false,
  "retry" : false,
  "extra" : {
    "severity" : "minor",
    "retries" : [ ],
    "categories" : [ {
      "name" : "Test defects",
      "matchedStatuses" : [ ],
      "flaky" : false
    } ],
    "tags" : [ ]
  },
  "source" : "d066cbde2274efe1.json",
  "parameterValues" : [ ]
}