{
  "uid" : "d080201f48c5041d",
  "name" : "TC 01.03.26 correctness \"Shorts\" link",
  "fullName" : "tests.test_header.TestHeader#test_tc_01_03_26_correctness_shorts_link",
  "historyId" : "f3d4e02e92f023e9b5c3876381901cbf",
  "time" : {
    "start" : 1761528421512,
    "stop" : 1761528426772,
    "duration" : 5260
  },
  "description" : "Check 'Shorts' subsection link in 'Men' section click redirects to the Shorts page and             the 'Shorts' header is displayed",
  "descriptionHtml" : "<p>Check 'Shorts' subsection link in 'Men' section click redirects to the Shorts page and             the 'Shorts' header is displayed</p>\n",
  "status" : "broken",
  "statusMessage" : "selenium.common.exceptions.TimeoutException: Message: \nStacktrace:\n#0 0x5630c125ffba <unknown>\n#1 0x5630c0ce46d0 <unknown>\n#2 0x5630c0d362aa <unknown>\n#3 0x5630c0d36541 <unknown>\n#4 0x5630c0d846c4 <unknown>\n#5 0x5630c0d5be5d <unknown>\n#6 0x5630c0d81b54 <unknown>\n#7 0x5630c0d5bc03 <unknown>\n#8 0x5630c0d287a8 <unknown>\n#9 0x5630c0d29421 <unknown>\n#10 0x5630c1224b28 <unknown>\n#11 0x5630c122887f <unknown>\n#12 0x5630c120cc49 <unknown>\n#13 0x5630c1229405 <unknown>\n#14 0x5630c11f24ff <unknown>\n#15 0x5630c124d258 <unknown>\n#16 0x5630c124d432 <unknown>\n#17 0x5630c125efa3 <unknown>\n#18 0x7f2382c9caa4 <unknown>\n#19 0x7f2382d29c6c <unknown>",
  "statusTrace" : "self = <test_header.TestHeader object at 0x7f5f03830590>\ndriver = <selenium.webdriver.chrome.webdriver.WebDriver (session=\"d1b16a1e80cf546bc4cf57580780bd7a\")>\n\n    @allure.title('TC 01.03.26 correctness \"Shorts\" link')\n    def test_tc_01_03_26_correctness_shorts_link(self, driver):\n        \"\"\"Check 'Shorts' subsection link in 'Men' section click redirects to the Shorts page and \\\n            the 'Shorts' header is displayed\"\"\"\n        page = HeaderPage(driver, MAIN_PAGE_URL)\n        page.open()\n>       page.check_men_shorts_subsection_link()\n\ntests/test_header.py:231: \n_ _ _ _ _ _ _ _ _ _ _ _ _ _ _ _ _ _ _ _ _ _ _ _ _ _ _ _ _ _ _ _ _ _ _ _ _ _ _ _ \npages/header_page.py:174: in check_men_shorts_subsection_link\n    self.action_move_to_element(self.element_is_visible(self.header_locators.MEN_SECTION))\npages/base_page.py:30: in element_is_visible\n    self.go_to_element(self.element_is_present(locator))\npages/base_page.py:51: in element_is_present\n    return wait(self.driver, timeout).until(EC.presence_of_element_located(locator))\n_ _ _ _ _ _ _ _ _ _ _ _ _ _ _ _ _ _ _ _ _ _ _ _ _ _ _ _ _ _ _ _ _ _ _ _ _ _ _ _ \n\nself = <selenium.webdriver.support.wait.WebDriverWait (session=\"d1b16a1e80cf546bc4cf57580780bd7a\")>\nmethod = <function presence_of_element_located.<locals>._predicate at 0x7f5f0398e700>\nmessage = ''\n\n    def until(self, method, message: str = \"\"):\n        \"\"\"Calls the method provided with the driver as an argument until the \\\n        return value does not evaluate to ``False``.\n    \n        :param method: callable(WebDriver)\n        :param message: optional message for :exc:`TimeoutException`\n        :returns: the result of the last call to `method`\n        :raises: :exc:`selenium.common.exceptions.TimeoutException` if timeout occurs\n        \"\"\"\n        screen = None\n        stacktrace = None\n    \n        end_time = time.monotonic() + self._timeout\n        while True:\n            try:\n                value = method(self._driver)\n                if value:\n                    return value\n            except self._ignored_exceptions as exc:\n                screen = getattr(exc, \"screen\", None)\n                stacktrace = getattr(exc, \"stacktrace\", None)\n            time.sleep(self._poll)\n            if time.monotonic() > end_time:\n                break\n>       raise TimeoutException(message, screen, stacktrace)\nE       selenium.common.exceptions.TimeoutException: Message: \nE       Stacktrace:\nE       #0 0x5630c125ffba <unknown>\nE       #1 0x5630c0ce46d0 <unknown>\nE       #2 0x5630c0d362aa <unknown>\nE       #3 0x5630c0d36541 <unknown>\nE       #4 0x5630c0d846c4 <unknown>\nE       #5 0x5630c0d5be5d <unknown>\nE       #6 0x5630c0d81b54 <unknown>\nE       #7 0x5630c0d5bc03 <unknown>\nE       #8 0x5630c0d287a8 <unknown>\nE       #9 0x5630c0d29421 <unknown>\nE       #10 0x5630c1224b28 <unknown>\nE       #11 0x5630c122887f <unknown>\nE       #12 0x5630c120cc49 <unknown>\nE       #13 0x5630c1229405 <unknown>\nE       #14 0x5630c11f24ff <unknown>\nE       #15 0x5630c124d258 <unknown>\nE       #16 0x5630c124d432 <unknown>\nE       #17 0x5630c125efa3 <unknown>\nE       #18 0x7f2382c9caa4 <unknown>\nE       #19 0x7f2382d29c6c <unknown>\n\n/opt/hostedtoolcache/Python/3.12.3/x64/lib/python3.12/site-packages/selenium/webdriver/support/wait.py:95: TimeoutException",
  "flaky" : false,
  "newFailed" : false,
  "beforeStages" : [ {
    "name" : "_session_faker",
    "time" : {
      "start" : 1761527678629,
      "stop" : 1761527678696,
      "duration" : 67
    },
    "status" : "passed",
    "steps" : [ ],
    "attachments" : [ ],
    "parameters" : [ ],
    "stepsCount" : 0,
    "attachmentsCount" : 0,
    "shouldDisplayMessage" : false,
    "hasContent" : false
  }, {
    "name" : "driver",
    "time" : {
      "start" : 1761528420269,
      "stop" : 1761528421512,
      "duration" : 1243
    },
    "status" : "passed",
    "steps" : [ ],
    "attachments" : [ ],
    "parameters" : [ ],
    "stepsCount" : 0,
    "attachmentsCount" : 0,
    "shouldDisplayMessage" : false,
    "hasContent" : false
  }, {
    "name" : "clear_allure_result_folder",
    "time" : {
      "start" : 1761527678696,
      "stop" : 1761527678696,
      "duration" : 0
    },
    "status" : "passed",
    "steps" : [ ],
    "attachments" : [ ],
    "parameters" : [ ],
    "stepsCount" : 0,
    "attachmentsCount" : 0,
    "shouldDisplayMessage" : false,
    "hasContent" : false
  } ],
  "testStage" : {
    "description" : "Check 'Shorts' subsection link in 'Men' section click redirects to the Shorts page and             the 'Shorts' header is displayed",
    "status" : "broken",
    "statusMessage" : "selenium.common.exceptions.TimeoutException: Message: \nStacktrace:\n#0 0x5630c125ffba <unknown>\n#1 0x5630c0ce46d0 <unknown>\n#2 0x5630c0d362aa <unknown>\n#3 0x5630c0d36541 <unknown>\n#4 0x5630c0d846c4 <unknown>\n#5 0x5630c0d5be5d <unknown>\n#6 0x5630c0d81b54 <unknown>\n#7 0x5630c0d5bc03 <unknown>\n#8 0x5630c0d287a8 <unknown>\n#9 0x5630c0d29421 <unknown>\n#10 0x5630c1224b28 <unknown>\n#11 0x5630c122887f <unknown>\n#12 0x5630c120cc49 <unknown>\n#13 0x5630c1229405 <unknown>\n#14 0x5630c11f24ff <unknown>\n#15 0x5630c124d258 <unknown>\n#16 0x5630c124d432 <unknown>\n#17 0x5630c125efa3 <unknown>\n#18 0x7f2382c9caa4 <unknown>\n#19 0x7f2382d29c6c <unknown>",
    "statusTrace" : "self = <test_header.TestHeader object at 0x7f5f03830590>\ndriver = <selenium.webdriver.chrome.webdriver.WebDriver (session=\"d1b16a1e80cf546bc4cf57580780bd7a\")>\n\n    @allure.title('TC 01.03.26 correctness \"Shorts\" link')\n    def test_tc_01_03_26_correctness_shorts_link(self, driver):\n        \"\"\"Check 'Shorts' subsection link in 'Men' section click redirects to the Shorts page and \\\n            the 'Shorts' header is displayed\"\"\"\n        page = HeaderPage(driver, MAIN_PAGE_URL)\n        page.open()\n>       page.check_men_shorts_subsection_link()\n\ntests/test_header.py:231: \n_ _ _ _ _ _ _ _ _ _ _ _ _ _ _ _ _ _ _ _ _ _ _ _ _ _ _ _ _ _ _ _ _ _ _ _ _ _ _ _ \npages/header_page.py:174: in check_men_shorts_subsection_link\n    self.action_move_to_element(self.element_is_visible(self.header_locators.MEN_SECTION))\npages/base_page.py:30: in element_is_visible\n    self.go_to_element(self.element_is_present(locator))\npages/base_page.py:51: in element_is_present\n    return wait(self.driver, timeout).until(EC.presence_of_element_located(locator))\n_ _ _ _ _ _ _ _ _ _ _ _ _ _ _ _ _ _ _ _ _ _ _ _ _ _ _ _ _ _ _ _ _ _ _ _ _ _ _ _ \n\nself = <selenium.webdriver.support.wait.WebDriverWait (session=\"d1b16a1e80cf546bc4cf57580780bd7a\")>\nmethod = <function presence_of_element_located.<locals>._predicate at 0x7f5f0398e700>\nmessage = ''\n\n    def until(self, method, message: str = \"\"):\n        \"\"\"Calls the method provided with the driver as an argument until the \\\n        return value does not evaluate to ``False``.\n    \n        :param method: callable(WebDriver)\n        :param message: optional message for :exc:`TimeoutException`\n        :returns: the result of the last call to `method`\n        :raises: :exc:`selenium.common.exceptions.TimeoutException` if timeout occurs\n        \"\"\"\n        screen = None\n        stacktrace = None\n    \n        end_time = time.monotonic() + self._timeout\n        while True:\n            try:\n                value = method(self._driver)\n                if value:\n                    return value\n            except self._ignored_exceptions as exc:\n                screen = getattr(exc, \"screen\", None)\n                stacktrace = getattr(exc, \"stacktrace\", None)\n            time.sleep(self._poll)\n            if time.monotonic() > end_time:\n                break\n>       raise TimeoutException(message, screen, stacktrace)\nE       selenium.common.exceptions.TimeoutException: Message: \nE       Stacktrace:\nE       #0 0x5630c125ffba <unknown>\nE       #1 0x5630c0ce46d0 <unknown>\nE       #2 0x5630c0d362aa <unknown>\nE       #3 0x5630c0d36541 <unknown>\nE       #4 0x5630c0d846c4 <unknown>\nE       #5 0x5630c0d5be5d <unknown>\nE       #6 0x5630c0d81b54 <unknown>\nE       #7 0x5630c0d5bc03 <unknown>\nE       #8 0x5630c0d287a8 <unknown>\nE       #9 0x5630c0d29421 <unknown>\nE       #10 0x5630c1224b28 <unknown>\nE       #11 0x5630c122887f <unknown>\nE       #12 0x5630c120cc49 <unknown>\nE       #13 0x5630c1229405 <unknown>\nE       #14 0x5630c11f24ff <unknown>\nE       #15 0x5630c124d258 <unknown>\nE       #16 0x5630c124d432 <unknown>\nE       #17 0x5630c125efa3 <unknown>\nE       #18 0x7f2382c9caa4 <unknown>\nE       #19 0x7f2382d29c6c <unknown>\n\n/opt/hostedtoolcache/Python/3.12.3/x64/lib/python3.12/site-packages/selenium/webdriver/support/wait.py:95: TimeoutException",
    "steps" : [ {
      "name" : "Open a browser",
      "time" : {
        "start" : 1761528421512,
        "stop" : 1761528421672,
        "duration" : 160
      },
      "status" : "passed",
      "steps" : [ ],
      "attachments" : [ ],
      "parameters" : [ ],
      "stepsCount" : 0,
      "attachmentsCount" : 0,
      "shouldDisplayMessage" : false,
      "hasContent" : false
    }, {
      "name" : "Check the \"Shorts\" link of the \"Men\" section",
      "time" : {
        "start" : 1761528421672,
        "stop" : 1761528426772,
        "duration" : 5100
      },
      "status" : "broken",
      "statusMessage" : "selenium.common.exceptions.TimeoutException: Message: \nStacktrace:\n#0 0x5630c125ffba <unknown>\n#1 0x5630c0ce46d0 <unknown>\n#2 0x5630c0d362aa <unknown>\n#3 0x5630c0d36541 <unknown>\n#4 0x5630c0d846c4 <unknown>\n#5 0x5630c0d5be5d <unknown>\n#6 0x5630c0d81b54 <unknown>\n#7 0x5630c0d5bc03 <unknown>\n#8 0x5630c0d287a8 <unknown>\n#9 0x5630c0d29421 <unknown>\n#10 0x5630c1224b28 <unknown>\n#11 0x5630c122887f <unknown>\n#12 0x5630c120cc49 <unknown>\n#13 0x5630c1229405 <unknown>\n#14 0x5630c11f24ff <unknown>\n#15 0x5630c124d258 <unknown>\n#16 0x5630c124d432 <unknown>\n#17 0x5630c125efa3 <unknown>\n#18 0x7f2382c9caa4 <unknown>\n#19 0x7f2382d29c6c <unknown>\n\n",
      "statusTrace" : "  File \"/opt/hostedtoolcache/Python/3.12.3/x64/lib/python3.12/site-packages/allure_commons/_allure.py\", line 192, in impl\n    return func(*a, **kw)\n           ^^^^^^^^^^^^^^\n  File \"/home/runner/work/luma_project/luma_project/pages/header_page.py\", line 174, in check_men_shorts_subsection_link\n    self.action_move_to_element(self.element_is_visible(self.header_locators.MEN_SECTION))\n                                ^^^^^^^^^^^^^^^^^^^^^^^^^^^^^^^^^^^^^^^^^^^^^^^^^^^^^^^^^\n  File \"/opt/hostedtoolcache/Python/3.12.3/x64/lib/python3.12/site-packages/allure_commons/_allure.py\", line 192, in impl\n    return func(*a, **kw)\n           ^^^^^^^^^^^^^^\n  File \"/home/runner/work/luma_project/luma_project/pages/base_page.py\", line 30, in element_is_visible\n    self.go_to_element(self.element_is_present(locator))\n                       ^^^^^^^^^^^^^^^^^^^^^^^^^^^^^^^^\n  File \"/opt/hostedtoolcache/Python/3.12.3/x64/lib/python3.12/site-packages/allure_commons/_allure.py\", line 192, in impl\n    return func(*a, **kw)\n           ^^^^^^^^^^^^^^\n  File \"/home/runner/work/luma_project/luma_project/pages/base_page.py\", line 51, in element_is_present\n    return wait(self.driver, timeout).until(EC.presence_of_element_located(locator))\n           ^^^^^^^^^^^^^^^^^^^^^^^^^^^^^^^^^^^^^^^^^^^^^^^^^^^^^^^^^^^^^^^^^^^^^^^^^\n  File \"/opt/hostedtoolcache/Python/3.12.3/x64/lib/python3.12/site-packages/selenium/webdriver/support/wait.py\", line 95, in until\n    raise TimeoutException(message, screen, stacktrace)\n",
      "steps" : [ {
        "name" : "Find a visible element",
        "time" : {
          "start" : 1761528421672,
          "stop" : 1761528426772,
          "duration" : 5100
        },
        "status" : "broken",
        "statusMessage" : "selenium.common.exceptions.TimeoutException: Message: \nStacktrace:\n#0 0x5630c125ffba <unknown>\n#1 0x5630c0ce46d0 <unknown>\n#2 0x5630c0d362aa <unknown>\n#3 0x5630c0d36541 <unknown>\n#4 0x5630c0d846c4 <unknown>\n#5 0x5630c0d5be5d <unknown>\n#6 0x5630c0d81b54 <unknown>\n#7 0x5630c0d5bc03 <unknown>\n#8 0x5630c0d287a8 <unknown>\n#9 0x5630c0d29421 <unknown>\n#10 0x5630c1224b28 <unknown>\n#11 0x5630c122887f <unknown>\n#12 0x5630c120cc49 <unknown>\n#13 0x5630c1229405 <unknown>\n#14 0x5630c11f24ff <unknown>\n#15 0x5630c124d258 <unknown>\n#16 0x5630c124d432 <unknown>\n#17 0x5630c125efa3 <unknown>\n#18 0x7f2382c9caa4 <unknown>\n#19 0x7f2382d29c6c <unknown>\n\n",
        "statusTrace" : "  File \"/opt/hostedtoolcache/Python/3.12.3/x64/lib/python3.12/site-packages/allure_commons/_allure.py\", line 192, in impl\n    return func(*a, **kw)\n           ^^^^^^^^^^^^^^\n  File \"/home/runner/work/luma_project/luma_project/pages/base_page.py\", line 30, in element_is_visible\n    self.go_to_element(self.element_is_present(locator))\n                       ^^^^^^^^^^^^^^^^^^^^^^^^^^^^^^^^\n  File \"/opt/hostedtoolcache/Python/3.12.3/x64/lib/python3.12/site-packages/allure_commons/_allure.py\", line 192, in impl\n    return func(*a, **kw)\n           ^^^^^^^^^^^^^^\n  File \"/home/runner/work/luma_project/luma_project/pages/base_page.py\", line 51, in element_is_present\n    return wait(self.driver, timeout).until(EC.presence_of_element_located(locator))\n           ^^^^^^^^^^^^^^^^^^^^^^^^^^^^^^^^^^^^^^^^^^^^^^^^^^^^^^^^^^^^^^^^^^^^^^^^^\n  File \"/opt/hostedtoolcache/Python/3.12.3/x64/lib/python3.12/site-packages/selenium/webdriver/support/wait.py\", line 95, in until\n    raise TimeoutException(message, screen, stacktrace)\n",
        "steps" : [ {
          "name" : "Find a present element",
          "time" : {
            "start" : 1761528421672,
            "stop" : 1761528426771,
            "duration" : 5099
          },
          "status" : "broken",
          "statusMessage" : "selenium.common.exceptions.TimeoutException: Message: \nStacktrace:\n#0 0x5630c125ffba <unknown>\n#1 0x5630c0ce46d0 <unknown>\n#2 0x5630c0d362aa <unknown>\n#3 0x5630c0d36541 <unknown>\n#4 0x5630c0d846c4 <unknown>\n#5 0x5630c0d5be5d <unknown>\n#6 0x5630c0d81b54 <unknown>\n#7 0x5630c0d5bc03 <unknown>\n#8 0x5630c0d287a8 <unknown>\n#9 0x5630c0d29421 <unknown>\n#10 0x5630c1224b28 <unknown>\n#11 0x5630c122887f <unknown>\n#12 0x5630c120cc49 <unknown>\n#13 0x5630c1229405 <unknown>\n#14 0x5630c11f24ff <unknown>\n#15 0x5630c124d258 <unknown>\n#16 0x5630c124d432 <unknown>\n#17 0x5630c125efa3 <unknown>\n#18 0x7f2382c9caa4 <unknown>\n#19 0x7f2382d29c6c <unknown>\n\n",
          "statusTrace" : "  File \"/opt/hostedtoolcache/Python/3.12.3/x64/lib/python3.12/site-packages/allure_commons/_allure.py\", line 192, in impl\n    return func(*a, **kw)\n           ^^^^^^^^^^^^^^\n  File \"/home/runner/work/luma_project/luma_project/pages/base_page.py\", line 51, in element_is_present\n    return wait(self.driver, timeout).until(EC.presence_of_element_located(locator))\n           ^^^^^^^^^^^^^^^^^^^^^^^^^^^^^^^^^^^^^^^^^^^^^^^^^^^^^^^^^^^^^^^^^^^^^^^^^\n  File \"/opt/hostedtoolcache/Python/3.12.3/x64/lib/python3.12/site-packages/selenium/webdriver/support/wait.py\", line 95, in until\n    raise TimeoutException(message, screen, stacktrace)\n",
          "steps" : [ ],
          "attachments" : [ ],
          "parameters" : [ {
            "name" : "locator",
            "value" : "('id', 'ui-id-5')"
          }, {
            "name" : "timeout",
            "value" : "5"
          } ],
          "stepsCount" : 0,
          "attachmentsCount" : 0,
          "shouldDisplayMessage" : true,
          "hasContent" : true
        } ],
        "attachments" : [ ],
        "parameters" : [ {
          "name" : "locator",
          "value" : "('id', 'ui-id-5')"
        }, {
          "name" : "timeout",
          "value" : "10"
        } ],
        "stepsCount" : 1,
        "attachmentsCount" : 0,
        "shouldDisplayMessage" : false,
        "hasContent" : true
      } ],
      "attachments" : [ ],
      "parameters" : [ ],
      "stepsCount" : 2,
      "attachmentsCount" : 0,
      "shouldDisplayMessage" : false,
      "hasContent" : true
    } ],
    "attachments" : [ {
      "uid" : "f9f36229cdbee643",
      "name" : "Screenshot",
      "source" : "f9f36229cdbee643.png",
      "type" : "image/png",
      "size" : 23875
    }, {
      "uid" : "ca8fc60f72607f36",
      "name" : "HTML source",
      "source" : "ca8fc60f72607f36.html",
      "type" : "text/html",
      "size" : 1433
    } ],
    "parameters" : [ ],
    "stepsCount" : 4,
    "attachmentsCount" : 2,
    "shouldDisplayMessage" : true,
    "hasContent" : true
  },
  "afterStages" : [ {
    "name" : "driver::0",
    "time" : {
      "start" : 1761528426873,
      "stop" : 1761528426933,
      "duration" : 60
    },
    "status" : "passed",
    "steps" : [ ],
    "attachments" : [ ],
    "parameters" : [ ],
    "stepsCount" : 0,
    "attachmentsCount" : 0,
    "shouldDisplayMessage" : false,
    "hasContent" : false
  }, {
    "name" : "clear_allure_result_folder::0",
    "time" : {
      "start" : 1761530087586,
      "stop" : 1761530087586,
      "duration" : 0
    },
    "status" : "passed",
    "steps" : [ ],
    "attachments" : [ ],
    "parameters" : [ ],
    "stepsCount" : 0,
    "attachmentsCount" : 0,
    "shouldDisplayMessage" : false,
    "hasContent" : false
  } ],
  "labels" : [ {
    "name" : "epic",
    "value" : "Test Header"
  }, {
    "name" : "parentSuite",
    "value" : "tests"
  }, {
    "name" : "suite",
    "value" : "test_header"
  }, {
    "name" : "subSuite",
    "value" : "TestHeader"
  }, {
    "name" : "host",
    "value" : "runnervmwhb2z"
  }, {
    "name" : "thread",
    "value" : "3173-MainThread"
  }, {
    "name" : "framework",
    "value" : "pytest"
  }, {
    "name" : "language",
    "value" : "cpython3"
  }, {
    "name" : "package",
    "value" : "tests.test_header"
  }, {
    "name" : "resultFormat",
    "value" : "allure2"
  } ],
  "parameters" : [ ],
  "links" : [ ],
  "hidden" : false,
  "retry" : false,
  "extra" : {
    "severity" : "normal",
    "retries" : [ ],
    "categories" : [ {
      "name" : "Test defects",
      "matchedStatuses" : [ ],
      "flaky" : false
    } ],
    "tags" : [ ]
  },
  "source" : "d080201f48c5041d.json",
  "parameterValues" : [ ]
}