{
  "uid" : "e09577efbd5e8d82",
  "name" : "TC 10.04.14 - Verify that the sale-women-t-shirts contains an image",
  "fullName" : "tests.test_sale.TestPromoBlocks#test_tc_10_04_14",
  "historyId" : "267dd3b38d82d84f655588ab100a723d",
  "time" : {
    "start" : 1761529508637,
    "stop" : 1761529513735,
    "duration" : 5098
  },
  "description" : "Check img existence of 3rd column in 3-columns Promo Block section",
  "descriptionHtml" : "<p>Check img existence of 3rd column in 3-columns Promo Block section</p>\n",
  "status" : "broken",
  "statusMessage" : "selenium.common.exceptions.TimeoutException: Message: \nStacktrace:\n#0 0x55e22c71afba <unknown>\n#1 0x55e22c19f6d0 <unknown>\n#2 0x55e22c1f12aa <unknown>\n#3 0x55e22c1f1541 <unknown>\n#4 0x55e22c23f6c4 <unknown>\n#5 0x55e22c216e5d <unknown>\n#6 0x55e22c23cb54 <unknown>\n#7 0x55e22c216c03 <unknown>\n#8 0x55e22c1e37a8 <unknown>\n#9 0x55e22c1e4421 <unknown>\n#10 0x55e22c6dfb28 <unknown>\n#11 0x55e22c6e387f <unknown>\n#12 0x55e22c6c7c49 <unknown>\n#13 0x55e22c6e4405 <unknown>\n#14 0x55e22c6ad4ff <unknown>\n#15 0x55e22c708258 <unknown>\n#16 0x55e22c708432 <unknown>\n#17 0x55e22c719fa3 <unknown>\n#18 0x7fbfb009caa4 <unknown>\n#19 0x7fbfb0129c6c <unknown>",
  "statusTrace" : "self = <test_sale.TestSalePage.TestPromoBlocks object at 0x7f5f03855fa0>\nsale_page = <pages.sale_page.SalePage object at 0x7f5f037178f0>\n\n    @allure.title(\"TC 10.04.14 - Verify that the sale-women-t-shirts contains an image\")\n    def test_tc_10_04_14(self, sale_page):\n        \"\"\"Check img existence of 3rd column in 3-columns Promo Block section\"\"\"\n>       img = sale_page.check_img_in_third_block()\n\ntests/test_sale.py:210: \n_ _ _ _ _ _ _ _ _ _ _ _ _ _ _ _ _ _ _ _ _ _ _ _ _ _ _ _ _ _ _ _ _ _ _ _ _ _ _ _ \npages/sale_page.py:97: in check_img_in_third_block\n    img = self.element_is_present(self.promo_blocks_locators.THIRD_COLUMN_IMG)\npages/base_page.py:51: in element_is_present\n    return wait(self.driver, timeout).until(EC.presence_of_element_located(locator))\n_ _ _ _ _ _ _ _ _ _ _ _ _ _ _ _ _ _ _ _ _ _ _ _ _ _ _ _ _ _ _ _ _ _ _ _ _ _ _ _ \n\nself = <selenium.webdriver.support.wait.WebDriverWait (session=\"8f981e1576331294940000e539d336d8\")>\nmethod = <function presence_of_element_located.<locals>._predicate at 0x7f5f035b3880>\nmessage = ''\n\n    def until(self, method, message: str = \"\"):\n        \"\"\"Calls the method provided with the driver as an argument until the \\\n        return value does not evaluate to ``False``.\n    \n        :param method: callable(WebDriver)\n        :param message: optional message for :exc:`TimeoutException`\n        :returns: the result of the last call to `method`\n        :raises: :exc:`selenium.common.exceptions.TimeoutException` if timeout occurs\n        \"\"\"\n        screen = None\n        stacktrace = None\n    \n        end_time = time.monotonic() + self._timeout\n        while True:\n            try:\n                value = method(self._driver)\n                if value:\n                    return value\n            except self._ignored_exceptions as exc:\n                screen = getattr(exc, \"screen\", None)\n                stacktrace = getattr(exc, \"stacktrace\", None)\n            time.sleep(self._poll)\n            if time.monotonic() > end_time:\n                break\n>       raise TimeoutException(message, screen, stacktrace)\nE       selenium.common.exceptions.TimeoutException: Message: \nE       Stacktrace:\nE       #0 0x55e22c71afba <unknown>\nE       #1 0x55e22c19f6d0 <unknown>\nE       #2 0x55e22c1f12aa <unknown>\nE       #3 0x55e22c1f1541 <unknown>\nE       #4 0x55e22c23f6c4 <unknown>\nE       #5 0x55e22c216e5d <unknown>\nE       #6 0x55e22c23cb54 <unknown>\nE       #7 0x55e22c216c03 <unknown>\nE       #8 0x55e22c1e37a8 <unknown>\nE       #9 0x55e22c1e4421 <unknown>\nE       #10 0x55e22c6dfb28 <unknown>\nE       #11 0x55e22c6e387f <unknown>\nE       #12 0x55e22c6c7c49 <unknown>\nE       #13 0x55e22c6e4405 <unknown>\nE       #14 0x55e22c6ad4ff <unknown>\nE       #15 0x55e22c708258 <unknown>\nE       #16 0x55e22c708432 <unknown>\nE       #17 0x55e22c719fa3 <unknown>\nE       #18 0x7fbfb009caa4 <unknown>\nE       #19 0x7fbfb0129c6c <unknown>\n\n/opt/hostedtoolcache/Python/3.12.3/x64/lib/python3.12/site-packages/selenium/webdriver/support/wait.py:95: TimeoutException",
  "flaky" : false,
  "newFailed" : false,
  "beforeStages" : [ {
    "name" : "driver",
    "time" : {
      "start" : 1761529507229,
      "stop" : 1761529508468,
      "duration" : 1239
    },
    "status" : "passed",
    "steps" : [ ],
    "attachments" : [ ],
    "parameters" : [ ],
    "stepsCount" : 0,
    "attachmentsCount" : 0,
    "shouldDisplayMessage" : false,
    "hasContent" : false
  }, {
    "name" : "sale_page",
    "time" : {
      "start" : 1761529508468,
      "stop" : 1761529508637,
      "duration" : 169
    },
    "status" : "passed",
    "steps" : [ {
      "name" : "Open a browser",
      "time" : {
        "start" : 1761529508468,
        "stop" : 1761529508637,
        "duration" : 169
      },
      "status" : "passed",
      "steps" : [ ],
      "attachments" : [ ],
      "parameters" : [ ],
      "stepsCount" : 0,
      "attachmentsCount" : 0,
      "shouldDisplayMessage" : false,
      "hasContent" : false
    } ],
    "attachments" : [ ],
    "parameters" : [ ],
    "stepsCount" : 1,
    "attachmentsCount" : 0,
    "shouldDisplayMessage" : false,
    "hasContent" : true
  }, {
    "name" : "_session_faker",
    "time" : {
      "start" : 1761527678629,
      "stop" : 1761527678696,
      "duration" : 67
    },
    "status" : "passed",
    "steps" : [ ],
    "attachments" : [ ],
    "parameters" : [ ],
    "stepsCount" : 0,
    "attachmentsCount" : 0,
    "shouldDisplayMessage" : false,
    "hasContent" : false
  }, {
    "name" : "clear_allure_result_folder",
    "time" : {
      "start" : 1761527678696,
      "stop" : 1761527678696,
      "duration" : 0
    },
    "status" : "passed",
    "steps" : [ ],
    "attachments" : [ ],
    "parameters" : [ ],
    "stepsCount" : 0,
    "attachmentsCount" : 0,
    "shouldDisplayMessage" : false,
    "hasContent" : false
  } ],
  "testStage" : {
    "description" : "Check img existence of 3rd column in 3-columns Promo Block section",
    "status" : "broken",
    "statusMessage" : "selenium.common.exceptions.TimeoutException: Message: \nStacktrace:\n#0 0x55e22c71afba <unknown>\n#1 0x55e22c19f6d0 <unknown>\n#2 0x55e22c1f12aa <unknown>\n#3 0x55e22c1f1541 <unknown>\n#4 0x55e22c23f6c4 <unknown>\n#5 0x55e22c216e5d <unknown>\n#6 0x55e22c23cb54 <unknown>\n#7 0x55e22c216c03 <unknown>\n#8 0x55e22c1e37a8 <unknown>\n#9 0x55e22c1e4421 <unknown>\n#10 0x55e22c6dfb28 <unknown>\n#11 0x55e22c6e387f <unknown>\n#12 0x55e22c6c7c49 <unknown>\n#13 0x55e22c6e4405 <unknown>\n#14 0x55e22c6ad4ff <unknown>\n#15 0x55e22c708258 <unknown>\n#16 0x55e22c708432 <unknown>\n#17 0x55e22c719fa3 <unknown>\n#18 0x7fbfb009caa4 <unknown>\n#19 0x7fbfb0129c6c <unknown>",
    "statusTrace" : "self = <test_sale.TestSalePage.TestPromoBlocks object at 0x7f5f03855fa0>\nsale_page = <pages.sale_page.SalePage object at 0x7f5f037178f0>\n\n    @allure.title(\"TC 10.04.14 - Verify that the sale-women-t-shirts contains an image\")\n    def test_tc_10_04_14(self, sale_page):\n        \"\"\"Check img existence of 3rd column in 3-columns Promo Block section\"\"\"\n>       img = sale_page.check_img_in_third_block()\n\ntests/test_sale.py:210: \n_ _ _ _ _ _ _ _ _ _ _ _ _ _ _ _ _ _ _ _ _ _ _ _ _ _ _ _ _ _ _ _ _ _ _ _ _ _ _ _ \npages/sale_page.py:97: in check_img_in_third_block\n    img = self.element_is_present(self.promo_blocks_locators.THIRD_COLUMN_IMG)\npages/base_page.py:51: in element_is_present\n    return wait(self.driver, timeout).until(EC.presence_of_element_located(locator))\n_ _ _ _ _ _ _ _ _ _ _ _ _ _ _ _ _ _ _ _ _ _ _ _ _ _ _ _ _ _ _ _ _ _ _ _ _ _ _ _ \n\nself = <selenium.webdriver.support.wait.WebDriverWait (session=\"8f981e1576331294940000e539d336d8\")>\nmethod = <function presence_of_element_located.<locals>._predicate at 0x7f5f035b3880>\nmessage = ''\n\n    def until(self, method, message: str = \"\"):\n        \"\"\"Calls the method provided with the driver as an argument until the \\\n        return value does not evaluate to ``False``.\n    \n        :param method: callable(WebDriver)\n        :param message: optional message for :exc:`TimeoutException`\n        :returns: the result of the last call to `method`\n        :raises: :exc:`selenium.common.exceptions.TimeoutException` if timeout occurs\n        \"\"\"\n        screen = None\n        stacktrace = None\n    \n        end_time = time.monotonic() + self._timeout\n        while True:\n            try:\n                value = method(self._driver)\n                if value:\n                    return value\n            except self._ignored_exceptions as exc:\n                screen = getattr(exc, \"screen\", None)\n                stacktrace = getattr(exc, \"stacktrace\", None)\n            time.sleep(self._poll)\n            if time.monotonic() > end_time:\n                break\n>       raise TimeoutException(message, screen, stacktrace)\nE       selenium.common.exceptions.TimeoutException: Message: \nE       Stacktrace:\nE       #0 0x55e22c71afba <unknown>\nE       #1 0x55e22c19f6d0 <unknown>\nE       #2 0x55e22c1f12aa <unknown>\nE       #3 0x55e22c1f1541 <unknown>\nE       #4 0x55e22c23f6c4 <unknown>\nE       #5 0x55e22c216e5d <unknown>\nE       #6 0x55e22c23cb54 <unknown>\nE       #7 0x55e22c216c03 <unknown>\nE       #8 0x55e22c1e37a8 <unknown>\nE       #9 0x55e22c1e4421 <unknown>\nE       #10 0x55e22c6dfb28 <unknown>\nE       #11 0x55e22c6e387f <unknown>\nE       #12 0x55e22c6c7c49 <unknown>\nE       #13 0x55e22c6e4405 <unknown>\nE       #14 0x55e22c6ad4ff <unknown>\nE       #15 0x55e22c708258 <unknown>\nE       #16 0x55e22c708432 <unknown>\nE       #17 0x55e22c719fa3 <unknown>\nE       #18 0x7fbfb009caa4 <unknown>\nE       #19 0x7fbfb0129c6c <unknown>\n\n/opt/hostedtoolcache/Python/3.12.3/x64/lib/python3.12/site-packages/selenium/webdriver/support/wait.py:95: TimeoutException",
    "steps" : [ {
      "name" : "Check img in 3-columns block - 3rd block",
      "time" : {
        "start" : 1761529508637,
        "stop" : 1761529513735,
        "duration" : 5098
      },
      "status" : "broken",
      "statusMessage" : "selenium.common.exceptions.TimeoutException: Message: \nStacktrace:\n#0 0x55e22c71afba <unknown>\n#1 0x55e22c19f6d0 <unknown>\n#2 0x55e22c1f12aa <unknown>\n#3 0x55e22c1f1541 <unknown>\n#4 0x55e22c23f6c4 <unknown>\n#5 0x55e22c216e5d <unknown>\n#6 0x55e22c23cb54 <unknown>\n#7 0x55e22c216c03 <unknown>\n#8 0x55e22c1e37a8 <unknown>\n#9 0x55e22c1e4421 <unknown>\n#10 0x55e22c6dfb28 <unknown>\n#11 0x55e22c6e387f <unknown>\n#12 0x55e22c6c7c49 <unknown>\n#13 0x55e22c6e4405 <unknown>\n#14 0x55e22c6ad4ff <unknown>\n#15 0x55e22c708258 <unknown>\n#16 0x55e22c708432 <unknown>\n#17 0x55e22c719fa3 <unknown>\n#18 0x7fbfb009caa4 <unknown>\n#19 0x7fbfb0129c6c <unknown>\n\n",
      "statusTrace" : "  File \"/opt/hostedtoolcache/Python/3.12.3/x64/lib/python3.12/site-packages/allure_commons/_allure.py\", line 192, in impl\n    return func(*a, **kw)\n           ^^^^^^^^^^^^^^\n  File \"/home/runner/work/luma_project/luma_project/pages/sale_page.py\", line 97, in check_img_in_third_block\n    img = self.element_is_present(self.promo_blocks_locators.THIRD_COLUMN_IMG)\n          ^^^^^^^^^^^^^^^^^^^^^^^^^^^^^^^^^^^^^^^^^^^^^^^^^^^^^^^^^^^^^^^^^^^^\n  File \"/opt/hostedtoolcache/Python/3.12.3/x64/lib/python3.12/site-packages/allure_commons/_allure.py\", line 192, in impl\n    return func(*a, **kw)\n           ^^^^^^^^^^^^^^\n  File \"/home/runner/work/luma_project/luma_project/pages/base_page.py\", line 51, in element_is_present\n    return wait(self.driver, timeout).until(EC.presence_of_element_located(locator))\n           ^^^^^^^^^^^^^^^^^^^^^^^^^^^^^^^^^^^^^^^^^^^^^^^^^^^^^^^^^^^^^^^^^^^^^^^^^\n  File \"/opt/hostedtoolcache/Python/3.12.3/x64/lib/python3.12/site-packages/selenium/webdriver/support/wait.py\", line 95, in until\n    raise TimeoutException(message, screen, stacktrace)\n",
      "steps" : [ {
        "name" : "Find a present element",
        "time" : {
          "start" : 1761529508637,
          "stop" : 1761529513734,
          "duration" : 5097
        },
        "status" : "broken",
        "statusMessage" : "selenium.common.exceptions.TimeoutException: Message: \nStacktrace:\n#0 0x55e22c71afba <unknown>\n#1 0x55e22c19f6d0 <unknown>\n#2 0x55e22c1f12aa <unknown>\n#3 0x55e22c1f1541 <unknown>\n#4 0x55e22c23f6c4 <unknown>\n#5 0x55e22c216e5d <unknown>\n#6 0x55e22c23cb54 <unknown>\n#7 0x55e22c216c03 <unknown>\n#8 0x55e22c1e37a8 <unknown>\n#9 0x55e22c1e4421 <unknown>\n#10 0x55e22c6dfb28 <unknown>\n#11 0x55e22c6e387f <unknown>\n#12 0x55e22c6c7c49 <unknown>\n#13 0x55e22c6e4405 <unknown>\n#14 0x55e22c6ad4ff <unknown>\n#15 0x55e22c708258 <unknown>\n#16 0x55e22c708432 <unknown>\n#17 0x55e22c719fa3 <unknown>\n#18 0x7fbfb009caa4 <unknown>\n#19 0x7fbfb0129c6c <unknown>\n\n",
        "statusTrace" : "  File \"/opt/hostedtoolcache/Python/3.12.3/x64/lib/python3.12/site-packages/allure_commons/_allure.py\", line 192, in impl\n    return func(*a, **kw)\n           ^^^^^^^^^^^^^^\n  File \"/home/runner/work/luma_project/luma_project/pages/base_page.py\", line 51, in element_is_present\n    return wait(self.driver, timeout).until(EC.presence_of_element_located(locator))\n           ^^^^^^^^^^^^^^^^^^^^^^^^^^^^^^^^^^^^^^^^^^^^^^^^^^^^^^^^^^^^^^^^^^^^^^^^^\n  File \"/opt/hostedtoolcache/Python/3.12.3/x64/lib/python3.12/site-packages/selenium/webdriver/support/wait.py\", line 95, in until\n    raise TimeoutException(message, screen, stacktrace)\n",
        "steps" : [ ],
        "attachments" : [ ],
        "parameters" : [ {
          "name" : "locator",
          "value" : "('css selector', '.sale-womens-t-shirts .image img')"
        }, {
          "name" : "timeout",
          "value" : "5"
        } ],
        "stepsCount" : 0,
        "attachmentsCount" : 0,
        "shouldDisplayMessage" : true,
        "hasContent" : true
      } ],
      "attachments" : [ ],
      "parameters" : [ ],
      "stepsCount" : 1,
      "attachmentsCount" : 0,
      "shouldDisplayMessage" : false,
      "hasContent" : true
    } ],
    "attachments" : [ {
      "uid" : "60ec288a427684c0",
      "name" : "Screenshot",
      "source" : "60ec288a427684c0.png",
      "type" : "image/png",
      "size" : 23875
    }, {
      "uid" : "38981bb8b548002f",
      "name" : "HTML source",
      "source" : "38981bb8b548002f.html",
      "type" : "text/html",
      "size" : 1433
    } ],
    "parameters" : [ ],
    "stepsCount" : 2,
    "attachmentsCount" : 2,
    "shouldDisplayMessage" : true,
    "hasContent" : true
  },
  "afterStages" : [ {
    "name" : "driver::0",
    "time" : {
      "start" : 1761529513803,
      "stop" : 1761529513863,
      "duration" : 60
    },
    "status" : "passed",
    "steps" : [ ],
    "attachments" : [ ],
    "parameters" : [ ],
    "stepsCount" : 0,
    "attachmentsCount" : 0,
    "shouldDisplayMessage" : false,
    "hasContent" : false
  }, {
    "name" : "clear_allure_result_folder::0",
    "time" : {
      "start" : 1761530087586,
      "stop" : 1761530087586,
      "duration" : 0
    },
    "status" : "passed",
    "steps" : [ ],
    "attachments" : [ ],
    "parameters" : [ ],
    "stepsCount" : 0,
    "attachmentsCount" : 0,
    "shouldDisplayMessage" : false,
    "hasContent" : false
  } ],
  "labels" : [ {
    "name" : "feature",
    "value" : "Testing Promo Blocks, Main Block (Women's Deals) and 2 columns block - Men's Bargain, Gear Steals"
  }, {
    "name" : "epic",
    "value" : "Sale Page"
  }, {
    "name" : "parentSuite",
    "value" : "tests"
  }, {
    "name" : "suite",
    "value" : "test_sale"
  }, {
    "name" : "subSuite",
    "value" : "TestSalePage"
  }, {
    "name" : "host",
    "value" : "runnervmwhb2z"
  }, {
    "name" : "thread",
    "value" : "3173-MainThread"
  }, {
    "name" : "framework",
    "value" : "pytest"
  }, {
    "name" : "language",
    "value" : "cpython3"
  }, {
    "name" : "package",
    "value" : "tests.test_sale"
  }, {
    "name" : "resultFormat",
    "value" : "allure2"
  } ],
  "parameters" : [ ],
  "links" : [ ],
  "hidden" : false,
  "retry" : false,
  "extra" : {
    "severity" : "normal",
    "retries" : [ ],
    "categories" : [ {
      "name" : "Test defects",
      "matchedStatuses" : [ ],
      "flaky" : false
    } ],
    "tags" : [ ]
  },
  "source" : "e09577efbd5e8d82.json",
  "parameterValues" : [ ]
}