{
  "uid" : "e21a042b7207797e",
  "name" : "TC 03.01.03 Verify Registered Customers note",
  "fullName" : "tests.test_sign_in.TestRegisteredCustomers#test_03_01_03_registered_customers_note",
  "historyId" : "c520c1366abc8220c936e6816ec7fa7b",
  "time" : {
    "start" : 1757900641492,
    "stop" : 1757900646596,
    "duration" : 5104
  },
  "description" : "Check Registered Customers note is present ",
  "descriptionHtml" : "<p>Check Registered Customers note is present</p>\n",
  "status" : "broken",
  "statusMessage" : "selenium.common.exceptions.TimeoutException: Message: \nStacktrace:\n#0 0x55857376394a <unknown>\n#1 0x5585731d88a0 <unknown>\n#2 0x55857322a540 <unknown>\n#3 0x55857322a731 <unknown>\n#4 0x558573278824 <unknown>\n#5 0x55857325005d <unknown>\n#6 0x558573275c23 <unknown>\n#7 0x55857324fe03 <unknown>\n#8 0x55857321c968 <unknown>\n#9 0x55857321d5e1 <unknown>\n#10 0x558573727548 <unknown>\n#11 0x55857372b272 <unknown>\n#12 0x55857370e313 <unknown>\n#13 0x55857372bdc5 <unknown>\n#14 0x5585736f349f <unknown>\n#15 0x558573750158 <unknown>\n#16 0x558573750332 <unknown>\n#17 0x558573762a53 <unknown>\n#18 0x7fe68509caa4 <unknown>\n#19 0x7fe685129c3c <unknown>",
  "statusTrace" : "self = <test_sign_in.TestRegisteredCustomers object at 0x7f9ca2485220>\ndriver = <selenium.webdriver.chrome.webdriver.WebDriver (session=\"bf8a24ed67d64d504f40740c4f9875c6\")>\nsign_in_page = <pages.sign_in_page.SignInPage object at 0x7f9ca23725a0>\n\n    @allure.title('TC 03.01.03 Verify Registered Customers note')\n    @allure.severity(allure.severity_level.MINOR)\n    def test_03_01_03_registered_customers_note(self, driver, sign_in_page):\n        \"\"\"Check Registered Customers note is present \"\"\"\n>       note = sign_in_page.check_registered_customers_note()\n\ntests/test_sign_in.py:44: \n_ _ _ _ _ _ _ _ _ _ _ _ _ _ _ _ _ _ _ _ _ _ _ _ _ _ _ _ _ _ _ _ _ _ _ _ _ _ _ _ \npages/sign_in_page.py:24: in check_registered_customers_note\n    return self.element_is_visible(self.locators.REGISTERED_CUSTOMERS_NOTE)\npages/base_page.py:30: in element_is_visible\n    self.go_to_element(self.element_is_present(locator))\npages/base_page.py:51: in element_is_present\n    return wait(self.driver, timeout).until(EC.presence_of_element_located(locator))\n_ _ _ _ _ _ _ _ _ _ _ _ _ _ _ _ _ _ _ _ _ _ _ _ _ _ _ _ _ _ _ _ _ _ _ _ _ _ _ _ \n\nself = <selenium.webdriver.support.wait.WebDriverWait (session=\"bf8a24ed67d64d504f40740c4f9875c6\")>\nmethod = <function presence_of_element_located.<locals>._predicate at 0x7f9ca2140040>\nmessage = ''\n\n    def until(self, method, message: str = \"\"):\n        \"\"\"Calls the method provided with the driver as an argument until the \\\n        return value does not evaluate to ``False``.\n    \n        :param method: callable(WebDriver)\n        :param message: optional message for :exc:`TimeoutException`\n        :returns: the result of the last call to `method`\n        :raises: :exc:`selenium.common.exceptions.TimeoutException` if timeout occurs\n        \"\"\"\n        screen = None\n        stacktrace = None\n    \n        end_time = time.monotonic() + self._timeout\n        while True:\n            try:\n                value = method(self._driver)\n                if value:\n                    return value\n            except self._ignored_exceptions as exc:\n                screen = getattr(exc, \"screen\", None)\n                stacktrace = getattr(exc, \"stacktrace\", None)\n            time.sleep(self._poll)\n            if time.monotonic() > end_time:\n                break\n>       raise TimeoutException(message, screen, stacktrace)\nE       selenium.common.exceptions.TimeoutException: Message: \nE       Stacktrace:\nE       #0 0x55857376394a <unknown>\nE       #1 0x5585731d88a0 <unknown>\nE       #2 0x55857322a540 <unknown>\nE       #3 0x55857322a731 <unknown>\nE       #4 0x558573278824 <unknown>\nE       #5 0x55857325005d <unknown>\nE       #6 0x558573275c23 <unknown>\nE       #7 0x55857324fe03 <unknown>\nE       #8 0x55857321c968 <unknown>\nE       #9 0x55857321d5e1 <unknown>\nE       #10 0x558573727548 <unknown>\nE       #11 0x55857372b272 <unknown>\nE       #12 0x55857370e313 <unknown>\nE       #13 0x55857372bdc5 <unknown>\nE       #14 0x5585736f349f <unknown>\nE       #15 0x558573750158 <unknown>\nE       #16 0x558573750332 <unknown>\nE       #17 0x558573762a53 <unknown>\nE       #18 0x7fe68509caa4 <unknown>\nE       #19 0x7fe685129c3c <unknown>\n\n/opt/hostedtoolcache/Python/3.12.3/x64/lib/python3.12/site-packages/selenium/webdriver/support/wait.py:95: TimeoutException",
  "flaky" : false,
  "newFailed" : false,
  "beforeStages" : [ {
    "name" : "_session_faker",
    "time" : {
      "start" : 1757898622011,
      "stop" : 1757898622079,
      "duration" : 68
    },
    "status" : "passed",
    "steps" : [ ],
    "attachments" : [ ],
    "parameters" : [ ],
    "stepsCount" : 0,
    "attachmentsCount" : 0,
    "shouldDisplayMessage" : false,
    "hasContent" : false
  }, {
    "name" : "sign_in_page",
    "time" : {
      "start" : 1757900641412,
      "stop" : 1757900641492,
      "duration" : 80
    },
    "status" : "passed",
    "steps" : [ {
      "name" : "Open a browser",
      "time" : {
        "start" : 1757900641412,
        "stop" : 1757900641492,
        "duration" : 80
      },
      "status" : "passed",
      "steps" : [ ],
      "attachments" : [ ],
      "parameters" : [ ],
      "stepsCount" : 0,
      "attachmentsCount" : 0,
      "shouldDisplayMessage" : false,
      "hasContent" : false
    } ],
    "attachments" : [ ],
    "parameters" : [ ],
    "stepsCount" : 1,
    "attachmentsCount" : 0,
    "shouldDisplayMessage" : false,
    "hasContent" : true
  }, {
    "name" : "clear_allure_result_folder",
    "time" : {
      "start" : 1757898622079,
      "stop" : 1757898622079,
      "duration" : 0
    },
    "status" : "passed",
    "steps" : [ ],
    "attachments" : [ ],
    "parameters" : [ ],
    "stepsCount" : 0,
    "attachmentsCount" : 0,
    "shouldDisplayMessage" : false,
    "hasContent" : false
  }, {
    "name" : "driver",
    "time" : {
      "start" : 1757900640170,
      "stop" : 1757900641412,
      "duration" : 1242
    },
    "status" : "passed",
    "steps" : [ ],
    "attachments" : [ ],
    "parameters" : [ ],
    "stepsCount" : 0,
    "attachmentsCount" : 0,
    "shouldDisplayMessage" : false,
    "hasContent" : false
  } ],
  "testStage" : {
    "description" : "Check Registered Customers note is present ",
    "status" : "broken",
    "statusMessage" : "selenium.common.exceptions.TimeoutException: Message: \nStacktrace:\n#0 0x55857376394a <unknown>\n#1 0x5585731d88a0 <unknown>\n#2 0x55857322a540 <unknown>\n#3 0x55857322a731 <unknown>\n#4 0x558573278824 <unknown>\n#5 0x55857325005d <unknown>\n#6 0x558573275c23 <unknown>\n#7 0x55857324fe03 <unknown>\n#8 0x55857321c968 <unknown>\n#9 0x55857321d5e1 <unknown>\n#10 0x558573727548 <unknown>\n#11 0x55857372b272 <unknown>\n#12 0x55857370e313 <unknown>\n#13 0x55857372bdc5 <unknown>\n#14 0x5585736f349f <unknown>\n#15 0x558573750158 <unknown>\n#16 0x558573750332 <unknown>\n#17 0x558573762a53 <unknown>\n#18 0x7fe68509caa4 <unknown>\n#19 0x7fe685129c3c <unknown>",
    "statusTrace" : "self = <test_sign_in.TestRegisteredCustomers object at 0x7f9ca2485220>\ndriver = <selenium.webdriver.chrome.webdriver.WebDriver (session=\"bf8a24ed67d64d504f40740c4f9875c6\")>\nsign_in_page = <pages.sign_in_page.SignInPage object at 0x7f9ca23725a0>\n\n    @allure.title('TC 03.01.03 Verify Registered Customers note')\n    @allure.severity(allure.severity_level.MINOR)\n    def test_03_01_03_registered_customers_note(self, driver, sign_in_page):\n        \"\"\"Check Registered Customers note is present \"\"\"\n>       note = sign_in_page.check_registered_customers_note()\n\ntests/test_sign_in.py:44: \n_ _ _ _ _ _ _ _ _ _ _ _ _ _ _ _ _ _ _ _ _ _ _ _ _ _ _ _ _ _ _ _ _ _ _ _ _ _ _ _ \npages/sign_in_page.py:24: in check_registered_customers_note\n    return self.element_is_visible(self.locators.REGISTERED_CUSTOMERS_NOTE)\npages/base_page.py:30: in element_is_visible\n    self.go_to_element(self.element_is_present(locator))\npages/base_page.py:51: in element_is_present\n    return wait(self.driver, timeout).until(EC.presence_of_element_located(locator))\n_ _ _ _ _ _ _ _ _ _ _ _ _ _ _ _ _ _ _ _ _ _ _ _ _ _ _ _ _ _ _ _ _ _ _ _ _ _ _ _ \n\nself = <selenium.webdriver.support.wait.WebDriverWait (session=\"bf8a24ed67d64d504f40740c4f9875c6\")>\nmethod = <function presence_of_element_located.<locals>._predicate at 0x7f9ca2140040>\nmessage = ''\n\n    def until(self, method, message: str = \"\"):\n        \"\"\"Calls the method provided with the driver as an argument until the \\\n        return value does not evaluate to ``False``.\n    \n        :param method: callable(WebDriver)\n        :param message: optional message for :exc:`TimeoutException`\n        :returns: the result of the last call to `method`\n        :raises: :exc:`selenium.common.exceptions.TimeoutException` if timeout occurs\n        \"\"\"\n        screen = None\n        stacktrace = None\n    \n        end_time = time.monotonic() + self._timeout\n        while True:\n            try:\n                value = method(self._driver)\n                if value:\n                    return value\n            except self._ignored_exceptions as exc:\n                screen = getattr(exc, \"screen\", None)\n                stacktrace = getattr(exc, \"stacktrace\", None)\n            time.sleep(self._poll)\n            if time.monotonic() > end_time:\n                break\n>       raise TimeoutException(message, screen, stacktrace)\nE       selenium.common.exceptions.TimeoutException: Message: \nE       Stacktrace:\nE       #0 0x55857376394a <unknown>\nE       #1 0x5585731d88a0 <unknown>\nE       #2 0x55857322a540 <unknown>\nE       #3 0x55857322a731 <unknown>\nE       #4 0x558573278824 <unknown>\nE       #5 0x55857325005d <unknown>\nE       #6 0x558573275c23 <unknown>\nE       #7 0x55857324fe03 <unknown>\nE       #8 0x55857321c968 <unknown>\nE       #9 0x55857321d5e1 <unknown>\nE       #10 0x558573727548 <unknown>\nE       #11 0x55857372b272 <unknown>\nE       #12 0x55857370e313 <unknown>\nE       #13 0x55857372bdc5 <unknown>\nE       #14 0x5585736f349f <unknown>\nE       #15 0x558573750158 <unknown>\nE       #16 0x558573750332 <unknown>\nE       #17 0x558573762a53 <unknown>\nE       #18 0x7fe68509caa4 <unknown>\nE       #19 0x7fe685129c3c <unknown>\n\n/opt/hostedtoolcache/Python/3.12.3/x64/lib/python3.12/site-packages/selenium/webdriver/support/wait.py:95: TimeoutException",
    "steps" : [ {
      "name" : "Check Registered Customers note is visible",
      "time" : {
        "start" : 1757900641492,
        "stop" : 1757900646595,
        "duration" : 5103
      },
      "status" : "broken",
      "statusMessage" : "selenium.common.exceptions.TimeoutException: Message: \nStacktrace:\n#0 0x55857376394a <unknown>\n#1 0x5585731d88a0 <unknown>\n#2 0x55857322a540 <unknown>\n#3 0x55857322a731 <unknown>\n#4 0x558573278824 <unknown>\n#5 0x55857325005d <unknown>\n#6 0x558573275c23 <unknown>\n#7 0x55857324fe03 <unknown>\n#8 0x55857321c968 <unknown>\n#9 0x55857321d5e1 <unknown>\n#10 0x558573727548 <unknown>\n#11 0x55857372b272 <unknown>\n#12 0x55857370e313 <unknown>\n#13 0x55857372bdc5 <unknown>\n#14 0x5585736f349f <unknown>\n#15 0x558573750158 <unknown>\n#16 0x558573750332 <unknown>\n#17 0x558573762a53 <unknown>\n#18 0x7fe68509caa4 <unknown>\n#19 0x7fe685129c3c <unknown>\n\n",
      "statusTrace" : "  File \"/opt/hostedtoolcache/Python/3.12.3/x64/lib/python3.12/site-packages/allure_commons/_allure.py\", line 192, in impl\n    return func(*a, **kw)\n           ^^^^^^^^^^^^^^\n  File \"/home/runner/work/luma_project/luma_project/pages/sign_in_page.py\", line 24, in check_registered_customers_note\n    return self.element_is_visible(self.locators.REGISTERED_CUSTOMERS_NOTE)\n           ^^^^^^^^^^^^^^^^^^^^^^^^^^^^^^^^^^^^^^^^^^^^^^^^^^^^^^^^^^^^^^^^\n  File \"/opt/hostedtoolcache/Python/3.12.3/x64/lib/python3.12/site-packages/allure_commons/_allure.py\", line 192, in impl\n    return func(*a, **kw)\n           ^^^^^^^^^^^^^^\n  File \"/home/runner/work/luma_project/luma_project/pages/base_page.py\", line 30, in element_is_visible\n    self.go_to_element(self.element_is_present(locator))\n                       ^^^^^^^^^^^^^^^^^^^^^^^^^^^^^^^^\n  File \"/opt/hostedtoolcache/Python/3.12.3/x64/lib/python3.12/site-packages/allure_commons/_allure.py\", line 192, in impl\n    return func(*a, **kw)\n           ^^^^^^^^^^^^^^\n  File \"/home/runner/work/luma_project/luma_project/pages/base_page.py\", line 51, in element_is_present\n    return wait(self.driver, timeout).until(EC.presence_of_element_located(locator))\n           ^^^^^^^^^^^^^^^^^^^^^^^^^^^^^^^^^^^^^^^^^^^^^^^^^^^^^^^^^^^^^^^^^^^^^^^^^\n  File \"/opt/hostedtoolcache/Python/3.12.3/x64/lib/python3.12/site-packages/selenium/webdriver/support/wait.py\", line 95, in until\n    raise TimeoutException(message, screen, stacktrace)\n",
      "steps" : [ {
        "name" : "Find a visible element",
        "time" : {
          "start" : 1757900641493,
          "stop" : 1757900646595,
          "duration" : 5102
        },
        "status" : "broken",
        "statusMessage" : "selenium.common.exceptions.TimeoutException: Message: \nStacktrace:\n#0 0x55857376394a <unknown>\n#1 0x5585731d88a0 <unknown>\n#2 0x55857322a540 <unknown>\n#3 0x55857322a731 <unknown>\n#4 0x558573278824 <unknown>\n#5 0x55857325005d <unknown>\n#6 0x558573275c23 <unknown>\n#7 0x55857324fe03 <unknown>\n#8 0x55857321c968 <unknown>\n#9 0x55857321d5e1 <unknown>\n#10 0x558573727548 <unknown>\n#11 0x55857372b272 <unknown>\n#12 0x55857370e313 <unknown>\n#13 0x55857372bdc5 <unknown>\n#14 0x5585736f349f <unknown>\n#15 0x558573750158 <unknown>\n#16 0x558573750332 <unknown>\n#17 0x558573762a53 <unknown>\n#18 0x7fe68509caa4 <unknown>\n#19 0x7fe685129c3c <unknown>\n\n",
        "statusTrace" : "  File \"/opt/hostedtoolcache/Python/3.12.3/x64/lib/python3.12/site-packages/allure_commons/_allure.py\", line 192, in impl\n    return func(*a, **kw)\n           ^^^^^^^^^^^^^^\n  File \"/home/runner/work/luma_project/luma_project/pages/base_page.py\", line 30, in element_is_visible\n    self.go_to_element(self.element_is_present(locator))\n                       ^^^^^^^^^^^^^^^^^^^^^^^^^^^^^^^^\n  File \"/opt/hostedtoolcache/Python/3.12.3/x64/lib/python3.12/site-packages/allure_commons/_allure.py\", line 192, in impl\n    return func(*a, **kw)\n           ^^^^^^^^^^^^^^\n  File \"/home/runner/work/luma_project/luma_project/pages/base_page.py\", line 51, in element_is_present\n    return wait(self.driver, timeout).until(EC.presence_of_element_located(locator))\n           ^^^^^^^^^^^^^^^^^^^^^^^^^^^^^^^^^^^^^^^^^^^^^^^^^^^^^^^^^^^^^^^^^^^^^^^^^\n  File \"/opt/hostedtoolcache/Python/3.12.3/x64/lib/python3.12/site-packages/selenium/webdriver/support/wait.py\", line 95, in until\n    raise TimeoutException(message, screen, stacktrace)\n",
        "steps" : [ {
          "name" : "Find a present element",
          "time" : {
            "start" : 1757900641493,
            "stop" : 1757900646594,
            "duration" : 5101
          },
          "status" : "broken",
          "statusMessage" : "selenium.common.exceptions.TimeoutException: Message: \nStacktrace:\n#0 0x55857376394a <unknown>\n#1 0x5585731d88a0 <unknown>\n#2 0x55857322a540 <unknown>\n#3 0x55857322a731 <unknown>\n#4 0x558573278824 <unknown>\n#5 0x55857325005d <unknown>\n#6 0x558573275c23 <unknown>\n#7 0x55857324fe03 <unknown>\n#8 0x55857321c968 <unknown>\n#9 0x55857321d5e1 <unknown>\n#10 0x558573727548 <unknown>\n#11 0x55857372b272 <unknown>\n#12 0x55857370e313 <unknown>\n#13 0x55857372bdc5 <unknown>\n#14 0x5585736f349f <unknown>\n#15 0x558573750158 <unknown>\n#16 0x558573750332 <unknown>\n#17 0x558573762a53 <unknown>\n#18 0x7fe68509caa4 <unknown>\n#19 0x7fe685129c3c <unknown>\n\n",
          "statusTrace" : "  File \"/opt/hostedtoolcache/Python/3.12.3/x64/lib/python3.12/site-packages/allure_commons/_allure.py\", line 192, in impl\n    return func(*a, **kw)\n           ^^^^^^^^^^^^^^\n  File \"/home/runner/work/luma_project/luma_project/pages/base_page.py\", line 51, in element_is_present\n    return wait(self.driver, timeout).until(EC.presence_of_element_located(locator))\n           ^^^^^^^^^^^^^^^^^^^^^^^^^^^^^^^^^^^^^^^^^^^^^^^^^^^^^^^^^^^^^^^^^^^^^^^^^\n  File \"/opt/hostedtoolcache/Python/3.12.3/x64/lib/python3.12/site-packages/selenium/webdriver/support/wait.py\", line 95, in until\n    raise TimeoutException(message, screen, stacktrace)\n",
          "steps" : [ ],
          "attachments" : [ ],
          "parameters" : [ {
            "name" : "locator",
            "value" : "('css selector', 'div.field.note')"
          }, {
            "name" : "timeout",
            "value" : "5"
          } ],
          "stepsCount" : 0,
          "attachmentsCount" : 0,
          "shouldDisplayMessage" : true,
          "hasContent" : true
        } ],
        "attachments" : [ ],
        "parameters" : [ {
          "name" : "locator",
          "value" : "('css selector', 'div.field.note')"
        }, {
          "name" : "timeout",
          "value" : "10"
        } ],
        "stepsCount" : 1,
        "attachmentsCount" : 0,
        "shouldDisplayMessage" : false,
        "hasContent" : true
      } ],
      "attachments" : [ ],
      "parameters" : [ ],
      "stepsCount" : 2,
      "attachmentsCount" : 0,
      "shouldDisplayMessage" : false,
      "hasContent" : true
    } ],
    "attachments" : [ {
      "uid" : "a288020d2cc3ccd5",
      "name" : "Screenshot",
      "source" : "a288020d2cc3ccd5.png",
      "type" : "image/png",
      "size" : 23875
    }, {
      "uid" : "7d15fdc3d98a622a",
      "name" : "HTML source",
      "source" : "7d15fdc3d98a622a.html",
      "type" : "text/html",
      "size" : 786
    } ],
    "parameters" : [ ],
    "stepsCount" : 3,
    "attachmentsCount" : 2,
    "shouldDisplayMessage" : true,
    "hasContent" : true
  },
  "afterStages" : [ {
    "name" : "clear_allure_result_folder::0",
    "time" : {
      "start" : 1757901039531,
      "stop" : 1757901039531,
      "duration" : 0
    },
    "status" : "passed",
    "steps" : [ ],
    "attachments" : [ ],
    "parameters" : [ ],
    "stepsCount" : 0,
    "attachmentsCount" : 0,
    "shouldDisplayMessage" : false,
    "hasContent" : false
  }, {
    "name" : "driver::0",
    "time" : {
      "start" : 1757900646661,
      "stop" : 1757900646721,
      "duration" : 60
    },
    "status" : "passed",
    "steps" : [ ],
    "attachments" : [ ],
    "parameters" : [ ],
    "stepsCount" : 0,
    "attachmentsCount" : 0,
    "shouldDisplayMessage" : false,
    "hasContent" : false
  } ],
  "labels" : [ {
    "name" : "severity",
    "value" : "minor"
  }, {
    "name" : "epic",
    "value" : "Sign In Page"
  }, {
    "name" : "feature",
    "value" : "Registered Customers"
  }, {
    "name" : "parentSuite",
    "value" : "tests"
  }, {
    "name" : "suite",
    "value" : "test_sign_in"
  }, {
    "name" : "subSuite",
    "value" : "TestRegisteredCustomers"
  }, {
    "name" : "host",
    "value" : "runnervmf4ws1"
  }, {
    "name" : "thread",
    "value" : "3099-MainThread"
  }, {
    "name" : "framework",
    "value" : "pytest"
  }, {
    "name" : "language",
    "value" : "cpython3"
  }, {
    "name" : "package",
    "value" : "tests.test_sign_in"
  }, {
    "name" : "resultFormat",
    "value" : "allure2"
  } ],
  "parameters" : [ ],
  "links" : [ ],
  "hidden" : false,
  "retry" : false,
  "extra" : {
    "severity" : "minor",
    "retries" : [ ],
    "categories" : [ {
      "name" : "Test defects",
      "matchedStatuses" : [ ],
      "flaky" : false
    } ],
    "tags" : [ ]
  },
  "source" : "e21a042b7207797e.json",
  "parameterValues" : [ ]
}