{
  "uid" : "e6a6d2743daba799",
  "name" : "TC 01.01.09 functionality of the dropdown list button",
  "fullName" : "tests.test_header.TestHeader#test_tc_01_01_09_the_functionality_of_the_dropdown_button",
  "historyId" : "686f97052b65e9ded555bf798120b78f",
  "time" : {
    "start" : 1760318672634,
    "stop" : 1760318678011,
    "duration" : 5377
  },
  "description" : "Check the display of the dropdown list after clicking the button if the user is authorized",
  "descriptionHtml" : "<p>Check the display of the dropdown list after clicking the button if the user is authorized</p>\n",
  "status" : "broken",
  "statusMessage" : "selenium.common.exceptions.TimeoutException: Message: \nStacktrace:\n#0 0x557dba0f4fba <unknown>\n#1 0x557db9b796d0 <unknown>\n#2 0x557db9bcb2aa <unknown>\n#3 0x557db9bcb541 <unknown>\n#4 0x557db9c196c4 <unknown>\n#5 0x557db9bf0e5d <unknown>\n#6 0x557db9c16b54 <unknown>\n#7 0x557db9bf0c03 <unknown>\n#8 0x557db9bbd7a8 <unknown>\n#9 0x557db9bbe421 <unknown>\n#10 0x557dba0b9b28 <unknown>\n#11 0x557dba0bd87f <unknown>\n#12 0x557dba0a1c49 <unknown>\n#13 0x557dba0be405 <unknown>\n#14 0x557dba0874ff <unknown>\n#15 0x557dba0e2258 <unknown>\n#16 0x557dba0e2432 <unknown>\n#17 0x557dba0f3fa3 <unknown>\n#18 0x7f150149caa4 <unknown>\n#19 0x7f1501529c6c <unknown>",
  "statusTrace" : "self = <test_header.TestHeader object at 0x7f4205973da0>\ndriver = <selenium.webdriver.chrome.webdriver.WebDriver (session=\"3460540a78c13d98954628ca9840eb2b\")>\n\n    @allure.title('TC 01.01.09 functionality of the dropdown list button')\n    def test_tc_01_01_09_the_functionality_of_the_dropdown_button(self, driver):\n        \"\"\"Check the display of the dropdown list after clicking the button if the user is authorized\"\"\"\n        page = HeaderPage(driver, MAIN_PAGE_URL)\n        page.open()\n>       page.user_authorization()\n\ntests/test_header.py:329: \n_ _ _ _ _ _ _ _ _ _ _ _ _ _ _ _ _ _ _ _ _ _ _ _ _ _ _ _ _ _ _ _ _ _ _ _ _ _ _ _ \npages/header_page.py:245: in user_authorization\n    self.element_is_visible(self.header_locators.SIGN_IN).click()\npages/base_page.py:30: in element_is_visible\n    self.go_to_element(self.element_is_present(locator))\npages/base_page.py:51: in element_is_present\n    return wait(self.driver, timeout).until(EC.presence_of_element_located(locator))\n_ _ _ _ _ _ _ _ _ _ _ _ _ _ _ _ _ _ _ _ _ _ _ _ _ _ _ _ _ _ _ _ _ _ _ _ _ _ _ _ \n\nself = <selenium.webdriver.support.wait.WebDriverWait (session=\"3460540a78c13d98954628ca9840eb2b\")>\nmethod = <function presence_of_element_located.<locals>._predicate at 0x7f420563af20>\nmessage = ''\n\n    def until(self, method, message: str = \"\"):\n        \"\"\"Calls the method provided with the driver as an argument until the \\\n        return value does not evaluate to ``False``.\n    \n        :param method: callable(WebDriver)\n        :param message: optional message for :exc:`TimeoutException`\n        :returns: the result of the last call to `method`\n        :raises: :exc:`selenium.common.exceptions.TimeoutException` if timeout occurs\n        \"\"\"\n        screen = None\n        stacktrace = None\n    \n        end_time = time.monotonic() + self._timeout\n        while True:\n            try:\n                value = method(self._driver)\n                if value:\n                    return value\n            except self._ignored_exceptions as exc:\n                screen = getattr(exc, \"screen\", None)\n                stacktrace = getattr(exc, \"stacktrace\", None)\n            time.sleep(self._poll)\n            if time.monotonic() > end_time:\n                break\n>       raise TimeoutException(message, screen, stacktrace)\nE       selenium.common.exceptions.TimeoutException: Message: \nE       Stacktrace:\nE       #0 0x557dba0f4fba <unknown>\nE       #1 0x557db9b796d0 <unknown>\nE       #2 0x557db9bcb2aa <unknown>\nE       #3 0x557db9bcb541 <unknown>\nE       #4 0x557db9c196c4 <unknown>\nE       #5 0x557db9bf0e5d <unknown>\nE       #6 0x557db9c16b54 <unknown>\nE       #7 0x557db9bf0c03 <unknown>\nE       #8 0x557db9bbd7a8 <unknown>\nE       #9 0x557db9bbe421 <unknown>\nE       #10 0x557dba0b9b28 <unknown>\nE       #11 0x557dba0bd87f <unknown>\nE       #12 0x557dba0a1c49 <unknown>\nE       #13 0x557dba0be405 <unknown>\nE       #14 0x557dba0874ff <unknown>\nE       #15 0x557dba0e2258 <unknown>\nE       #16 0x557dba0e2432 <unknown>\nE       #17 0x557dba0f3fa3 <unknown>\nE       #18 0x7f150149caa4 <unknown>\nE       #19 0x7f1501529c6c <unknown>\n\n/opt/hostedtoolcache/Python/3.12.3/x64/lib/python3.12/site-packages/selenium/webdriver/support/wait.py:95: TimeoutException",
  "flaky" : false,
  "newFailed" : false,
  "beforeStages" : [ {
    "name" : "driver",
    "time" : {
      "start" : 1760318671393,
      "stop" : 1760318672633,
      "duration" : 1240
    },
    "status" : "passed",
    "steps" : [ ],
    "attachments" : [ ],
    "parameters" : [ ],
    "stepsCount" : 0,
    "attachmentsCount" : 0,
    "shouldDisplayMessage" : false,
    "hasContent" : false
  }, {
    "name" : "clear_allure_result_folder",
    "time" : {
      "start" : 1760317852254,
      "stop" : 1760317852255,
      "duration" : 1
    },
    "status" : "passed",
    "steps" : [ ],
    "attachments" : [ ],
    "parameters" : [ ],
    "stepsCount" : 0,
    "attachmentsCount" : 0,
    "shouldDisplayMessage" : false,
    "hasContent" : false
  }, {
    "name" : "_session_faker",
    "time" : {
      "start" : 1760317852186,
      "stop" : 1760317852254,
      "duration" : 68
    },
    "status" : "passed",
    "steps" : [ ],
    "attachments" : [ ],
    "parameters" : [ ],
    "stepsCount" : 0,
    "attachmentsCount" : 0,
    "shouldDisplayMessage" : false,
    "hasContent" : false
  } ],
  "testStage" : {
    "description" : "Check the display of the dropdown list after clicking the button if the user is authorized",
    "status" : "broken",
    "statusMessage" : "selenium.common.exceptions.TimeoutException: Message: \nStacktrace:\n#0 0x557dba0f4fba <unknown>\n#1 0x557db9b796d0 <unknown>\n#2 0x557db9bcb2aa <unknown>\n#3 0x557db9bcb541 <unknown>\n#4 0x557db9c196c4 <unknown>\n#5 0x557db9bf0e5d <unknown>\n#6 0x557db9c16b54 <unknown>\n#7 0x557db9bf0c03 <unknown>\n#8 0x557db9bbd7a8 <unknown>\n#9 0x557db9bbe421 <unknown>\n#10 0x557dba0b9b28 <unknown>\n#11 0x557dba0bd87f <unknown>\n#12 0x557dba0a1c49 <unknown>\n#13 0x557dba0be405 <unknown>\n#14 0x557dba0874ff <unknown>\n#15 0x557dba0e2258 <unknown>\n#16 0x557dba0e2432 <unknown>\n#17 0x557dba0f3fa3 <unknown>\n#18 0x7f150149caa4 <unknown>\n#19 0x7f1501529c6c <unknown>",
    "statusTrace" : "self = <test_header.TestHeader object at 0x7f4205973da0>\ndriver = <selenium.webdriver.chrome.webdriver.WebDriver (session=\"3460540a78c13d98954628ca9840eb2b\")>\n\n    @allure.title('TC 01.01.09 functionality of the dropdown list button')\n    def test_tc_01_01_09_the_functionality_of_the_dropdown_button(self, driver):\n        \"\"\"Check the display of the dropdown list after clicking the button if the user is authorized\"\"\"\n        page = HeaderPage(driver, MAIN_PAGE_URL)\n        page.open()\n>       page.user_authorization()\n\ntests/test_header.py:329: \n_ _ _ _ _ _ _ _ _ _ _ _ _ _ _ _ _ _ _ _ _ _ _ _ _ _ _ _ _ _ _ _ _ _ _ _ _ _ _ _ \npages/header_page.py:245: in user_authorization\n    self.element_is_visible(self.header_locators.SIGN_IN).click()\npages/base_page.py:30: in element_is_visible\n    self.go_to_element(self.element_is_present(locator))\npages/base_page.py:51: in element_is_present\n    return wait(self.driver, timeout).until(EC.presence_of_element_located(locator))\n_ _ _ _ _ _ _ _ _ _ _ _ _ _ _ _ _ _ _ _ _ _ _ _ _ _ _ _ _ _ _ _ _ _ _ _ _ _ _ _ \n\nself = <selenium.webdriver.support.wait.WebDriverWait (session=\"3460540a78c13d98954628ca9840eb2b\")>\nmethod = <function presence_of_element_located.<locals>._predicate at 0x7f420563af20>\nmessage = ''\n\n    def until(self, method, message: str = \"\"):\n        \"\"\"Calls the method provided with the driver as an argument until the \\\n        return value does not evaluate to ``False``.\n    \n        :param method: callable(WebDriver)\n        :param message: optional message for :exc:`TimeoutException`\n        :returns: the result of the last call to `method`\n        :raises: :exc:`selenium.common.exceptions.TimeoutException` if timeout occurs\n        \"\"\"\n        screen = None\n        stacktrace = None\n    \n        end_time = time.monotonic() + self._timeout\n        while True:\n            try:\n                value = method(self._driver)\n                if value:\n                    return value\n            except self._ignored_exceptions as exc:\n                screen = getattr(exc, \"screen\", None)\n                stacktrace = getattr(exc, \"stacktrace\", None)\n            time.sleep(self._poll)\n            if time.monotonic() > end_time:\n                break\n>       raise TimeoutException(message, screen, stacktrace)\nE       selenium.common.exceptions.TimeoutException: Message: \nE       Stacktrace:\nE       #0 0x557dba0f4fba <unknown>\nE       #1 0x557db9b796d0 <unknown>\nE       #2 0x557db9bcb2aa <unknown>\nE       #3 0x557db9bcb541 <unknown>\nE       #4 0x557db9c196c4 <unknown>\nE       #5 0x557db9bf0e5d <unknown>\nE       #6 0x557db9c16b54 <unknown>\nE       #7 0x557db9bf0c03 <unknown>\nE       #8 0x557db9bbd7a8 <unknown>\nE       #9 0x557db9bbe421 <unknown>\nE       #10 0x557dba0b9b28 <unknown>\nE       #11 0x557dba0bd87f <unknown>\nE       #12 0x557dba0a1c49 <unknown>\nE       #13 0x557dba0be405 <unknown>\nE       #14 0x557dba0874ff <unknown>\nE       #15 0x557dba0e2258 <unknown>\nE       #16 0x557dba0e2432 <unknown>\nE       #17 0x557dba0f3fa3 <unknown>\nE       #18 0x7f150149caa4 <unknown>\nE       #19 0x7f1501529c6c <unknown>\n\n/opt/hostedtoolcache/Python/3.12.3/x64/lib/python3.12/site-packages/selenium/webdriver/support/wait.py:95: TimeoutException",
    "steps" : [ {
      "name" : "Open a browser",
      "time" : {
        "start" : 1760318672634,
        "stop" : 1760318672911,
        "duration" : 277
      },
      "status" : "passed",
      "steps" : [ ],
      "attachments" : [ ],
      "parameters" : [ ],
      "stepsCount" : 0,
      "attachmentsCount" : 0,
      "shouldDisplayMessage" : false,
      "hasContent" : false
    }, {
      "name" : "User authorization",
      "time" : {
        "start" : 1760318672911,
        "stop" : 1760318678011,
        "duration" : 5100
      },
      "status" : "broken",
      "statusMessage" : "selenium.common.exceptions.TimeoutException: Message: \nStacktrace:\n#0 0x557dba0f4fba <unknown>\n#1 0x557db9b796d0 <unknown>\n#2 0x557db9bcb2aa <unknown>\n#3 0x557db9bcb541 <unknown>\n#4 0x557db9c196c4 <unknown>\n#5 0x557db9bf0e5d <unknown>\n#6 0x557db9c16b54 <unknown>\n#7 0x557db9bf0c03 <unknown>\n#8 0x557db9bbd7a8 <unknown>\n#9 0x557db9bbe421 <unknown>\n#10 0x557dba0b9b28 <unknown>\n#11 0x557dba0bd87f <unknown>\n#12 0x557dba0a1c49 <unknown>\n#13 0x557dba0be405 <unknown>\n#14 0x557dba0874ff <unknown>\n#15 0x557dba0e2258 <unknown>\n#16 0x557dba0e2432 <unknown>\n#17 0x557dba0f3fa3 <unknown>\n#18 0x7f150149caa4 <unknown>\n#19 0x7f1501529c6c <unknown>\n\n",
      "statusTrace" : "  File \"/opt/hostedtoolcache/Python/3.12.3/x64/lib/python3.12/site-packages/allure_commons/_allure.py\", line 192, in impl\n    return func(*a, **kw)\n           ^^^^^^^^^^^^^^\n  File \"/home/runner/work/luma_project/luma_project/pages/header_page.py\", line 245, in user_authorization\n    self.element_is_visible(self.header_locators.SIGN_IN).click()\n    ^^^^^^^^^^^^^^^^^^^^^^^^^^^^^^^^^^^^^^^^^^^^^^^^^^^^^\n  File \"/opt/hostedtoolcache/Python/3.12.3/x64/lib/python3.12/site-packages/allure_commons/_allure.py\", line 192, in impl\n    return func(*a, **kw)\n           ^^^^^^^^^^^^^^\n  File \"/home/runner/work/luma_project/luma_project/pages/base_page.py\", line 30, in element_is_visible\n    self.go_to_element(self.element_is_present(locator))\n                       ^^^^^^^^^^^^^^^^^^^^^^^^^^^^^^^^\n  File \"/opt/hostedtoolcache/Python/3.12.3/x64/lib/python3.12/site-packages/allure_commons/_allure.py\", line 192, in impl\n    return func(*a, **kw)\n           ^^^^^^^^^^^^^^\n  File \"/home/runner/work/luma_project/luma_project/pages/base_page.py\", line 51, in element_is_present\n    return wait(self.driver, timeout).until(EC.presence_of_element_located(locator))\n           ^^^^^^^^^^^^^^^^^^^^^^^^^^^^^^^^^^^^^^^^^^^^^^^^^^^^^^^^^^^^^^^^^^^^^^^^^\n  File \"/opt/hostedtoolcache/Python/3.12.3/x64/lib/python3.12/site-packages/selenium/webdriver/support/wait.py\", line 95, in until\n    raise TimeoutException(message, screen, stacktrace)\n",
      "steps" : [ {
        "name" : "Find a visible element",
        "time" : {
          "start" : 1760318672911,
          "stop" : 1760318678010,
          "duration" : 5099
        },
        "status" : "broken",
        "statusMessage" : "selenium.common.exceptions.TimeoutException: Message: \nStacktrace:\n#0 0x557dba0f4fba <unknown>\n#1 0x557db9b796d0 <unknown>\n#2 0x557db9bcb2aa <unknown>\n#3 0x557db9bcb541 <unknown>\n#4 0x557db9c196c4 <unknown>\n#5 0x557db9bf0e5d <unknown>\n#6 0x557db9c16b54 <unknown>\n#7 0x557db9bf0c03 <unknown>\n#8 0x557db9bbd7a8 <unknown>\n#9 0x557db9bbe421 <unknown>\n#10 0x557dba0b9b28 <unknown>\n#11 0x557dba0bd87f <unknown>\n#12 0x557dba0a1c49 <unknown>\n#13 0x557dba0be405 <unknown>\n#14 0x557dba0874ff <unknown>\n#15 0x557dba0e2258 <unknown>\n#16 0x557dba0e2432 <unknown>\n#17 0x557dba0f3fa3 <unknown>\n#18 0x7f150149caa4 <unknown>\n#19 0x7f1501529c6c <unknown>\n\n",
        "statusTrace" : "  File \"/opt/hostedtoolcache/Python/3.12.3/x64/lib/python3.12/site-packages/allure_commons/_allure.py\", line 192, in impl\n    return func(*a, **kw)\n           ^^^^^^^^^^^^^^\n  File \"/home/runner/work/luma_project/luma_project/pages/base_page.py\", line 30, in element_is_visible\n    self.go_to_element(self.element_is_present(locator))\n                       ^^^^^^^^^^^^^^^^^^^^^^^^^^^^^^^^\n  File \"/opt/hostedtoolcache/Python/3.12.3/x64/lib/python3.12/site-packages/allure_commons/_allure.py\", line 192, in impl\n    return func(*a, **kw)\n           ^^^^^^^^^^^^^^\n  File \"/home/runner/work/luma_project/luma_project/pages/base_page.py\", line 51, in element_is_present\n    return wait(self.driver, timeout).until(EC.presence_of_element_located(locator))\n           ^^^^^^^^^^^^^^^^^^^^^^^^^^^^^^^^^^^^^^^^^^^^^^^^^^^^^^^^^^^^^^^^^^^^^^^^^\n  File \"/opt/hostedtoolcache/Python/3.12.3/x64/lib/python3.12/site-packages/selenium/webdriver/support/wait.py\", line 95, in until\n    raise TimeoutException(message, screen, stacktrace)\n",
        "steps" : [ {
          "name" : "Find a present element",
          "time" : {
            "start" : 1760318672911,
            "stop" : 1760318678010,
            "duration" : 5099
          },
          "status" : "broken",
          "statusMessage" : "selenium.common.exceptions.TimeoutException: Message: \nStacktrace:\n#0 0x557dba0f4fba <unknown>\n#1 0x557db9b796d0 <unknown>\n#2 0x557db9bcb2aa <unknown>\n#3 0x557db9bcb541 <unknown>\n#4 0x557db9c196c4 <unknown>\n#5 0x557db9bf0e5d <unknown>\n#6 0x557db9c16b54 <unknown>\n#7 0x557db9bf0c03 <unknown>\n#8 0x557db9bbd7a8 <unknown>\n#9 0x557db9bbe421 <unknown>\n#10 0x557dba0b9b28 <unknown>\n#11 0x557dba0bd87f <unknown>\n#12 0x557dba0a1c49 <unknown>\n#13 0x557dba0be405 <unknown>\n#14 0x557dba0874ff <unknown>\n#15 0x557dba0e2258 <unknown>\n#16 0x557dba0e2432 <unknown>\n#17 0x557dba0f3fa3 <unknown>\n#18 0x7f150149caa4 <unknown>\n#19 0x7f1501529c6c <unknown>\n\n",
          "statusTrace" : "  File \"/opt/hostedtoolcache/Python/3.12.3/x64/lib/python3.12/site-packages/allure_commons/_allure.py\", line 192, in impl\n    return func(*a, **kw)\n           ^^^^^^^^^^^^^^\n  File \"/home/runner/work/luma_project/luma_project/pages/base_page.py\", line 51, in element_is_present\n    return wait(self.driver, timeout).until(EC.presence_of_element_located(locator))\n           ^^^^^^^^^^^^^^^^^^^^^^^^^^^^^^^^^^^^^^^^^^^^^^^^^^^^^^^^^^^^^^^^^^^^^^^^^\n  File \"/opt/hostedtoolcache/Python/3.12.3/x64/lib/python3.12/site-packages/selenium/webdriver/support/wait.py\", line 95, in until\n    raise TimeoutException(message, screen, stacktrace)\n",
          "steps" : [ ],
          "attachments" : [ ],
          "parameters" : [ {
            "name" : "locator",
            "value" : "('xpath', \"(//a[contains(text(),'Sign In')])[1]\")"
          }, {
            "name" : "timeout",
            "value" : "5"
          } ],
          "stepsCount" : 0,
          "attachmentsCount" : 0,
          "shouldDisplayMessage" : true,
          "hasContent" : true
        } ],
        "attachments" : [ ],
        "parameters" : [ {
          "name" : "locator",
          "value" : "('xpath', \"(//a[contains(text(),'Sign In')])[1]\")"
        }, {
          "name" : "timeout",
          "value" : "10"
        } ],
        "stepsCount" : 1,
        "attachmentsCount" : 0,
        "shouldDisplayMessage" : false,
        "hasContent" : true
      } ],
      "attachments" : [ ],
      "parameters" : [ ],
      "stepsCount" : 2,
      "attachmentsCount" : 0,
      "shouldDisplayMessage" : false,
      "hasContent" : true
    } ],
    "attachments" : [ {
      "uid" : "262d187ad8992918",
      "name" : "Screenshot",
      "source" : "262d187ad8992918.png",
      "type" : "image/png",
      "size" : 23875
    }, {
      "uid" : "9e3be59e0af9acee",
      "name" : "HTML source",
      "source" : "9e3be59e0af9acee.html",
      "type" : "text/html",
      "size" : 786
    } ],
    "parameters" : [ ],
    "stepsCount" : 4,
    "attachmentsCount" : 2,
    "shouldDisplayMessage" : true,
    "hasContent" : true
  },
  "afterStages" : [ {
    "name" : "driver::0",
    "time" : {
      "start" : 1760318678082,
      "stop" : 1760318678141,
      "duration" : 59
    },
    "status" : "passed",
    "steps" : [ ],
    "attachments" : [ ],
    "parameters" : [ ],
    "stepsCount" : 0,
    "attachmentsCount" : 0,
    "shouldDisplayMessage" : false,
    "hasContent" : false
  }, {
    "name" : "clear_allure_result_folder::0",
    "time" : {
      "start" : 1760320278816,
      "stop" : 1760320278816,
      "duration" : 0
    },
    "status" : "passed",
    "steps" : [ ],
    "attachments" : [ ],
    "parameters" : [ ],
    "stepsCount" : 0,
    "attachmentsCount" : 0,
    "shouldDisplayMessage" : false,
    "hasContent" : false
  } ],
  "labels" : [ {
    "name" : "epic",
    "value" : "Test Header"
  }, {
    "name" : "parentSuite",
    "value" : "tests"
  }, {
    "name" : "suite",
    "value" : "test_header"
  }, {
    "name" : "subSuite",
    "value" : "TestHeader"
  }, {
    "name" : "host",
    "value" : "runnervmwhb2z"
  }, {
    "name" : "thread",
    "value" : "3004-MainThread"
  }, {
    "name" : "framework",
    "value" : "pytest"
  }, {
    "name" : "language",
    "value" : "cpython3"
  }, {
    "name" : "package",
    "value" : "tests.test_header"
  }, {
    "name" : "resultFormat",
    "value" : "allure2"
  } ],
  "parameters" : [ ],
  "links" : [ ],
  "hidden" : false,
  "retry" : false,
  "extra" : {
    "severity" : "normal",
    "retries" : [ ],
    "categories" : [ {
      "name" : "Test defects",
      "matchedStatuses" : [ ],
      "flaky" : false
    } ],
    "tags" : [ ]
  },
  "source" : "e6a6d2743daba799.json",
  "parameterValues" : [ ]
}