{
  "uid" : "ebae9c728134817f",
  "name" : "TC 13.01.31_01 - Check correctness of the image in block 4 'home-performance' in the Promo Block",
  "fullName" : "tests.test_main_page.TestPromoBlock#test_tc_13_01_31_01_check_image_correctness_in_section2_block4",
  "historyId" : "2a9c35fa93daa5c859244003a832e896",
  "time" : {
    "start" : 1750037163862,
    "stop" : 1750037164971,
    "duration" : 1109
  },
  "description" : "This test checks if the image in section 2 block 4 'home-performance' is correct",
  "descriptionHtml" : "<p>This test checks if the image in section 2 block 4 'home-performance' is correct</p>\n",
  "status" : "broken",
  "statusMessage" : "selenium.common.exceptions.NoSuchElementException: Message: no such element: Unable to locate element: {\"method\":\"css selector\",\"selector\":\".home-performance img\"}\n  (Session info: chrome=137.0.7151.68); For documentation on this error, please visit: https://www.selenium.dev/documentation/webdriver/troubleshooting/errors#no-such-element-exception\nStacktrace:\n#0 0x5591294f9c4a <unknown>\n#1 0x559128f9f6e0 <unknown>\n#2 0x559128ff1117 <unknown>\n#3 0x559128ff1311 <unknown>\n#4 0x55912903fec4 <unknown>\n#5 0x559129016e5d <unknown>\n#6 0x55912903d2cc <unknown>\n#7 0x559129016c03 <unknown>\n#8 0x559128fe347b <unknown>\n#9 0x559128fe40e1 <unknown>\n#10 0x5591294be3fb <unknown>\n#11 0x5591294c232f <unknown>\n#12 0x5591294a5f39 <unknown>\n#13 0x5591294c2ec8 <unknown>\n#14 0x55912948a68f <unknown>\n#15 0x5591294e72b8 <unknown>\n#16 0x5591294e7496 <unknown>\n#17 0x5591294f8b26 <unknown>\n#18 0x7fa9b409caa4 <unknown>\n#19 0x7fa9b4129c3c <unknown>",
  "statusTrace" : "self = <test_main_page.TestMainPage.TestPromoBlock object at 0x7feb72ce0710>\ndriver = <selenium.webdriver.chrome.webdriver.WebDriver (session=\"ed7fb3d27da0b96e57448915a49876fc\")>\n\n    @allure.title(\"TC 13.01.31_01 - Check correctness of the image in block 4 'home-performance' in the Promo Block\")\n    def test_tc_13_01_31_01_check_image_correctness_in_section2_block4(self, driver):\n        \"\"\"This test checks if the image in section 2 block 4 'home-performance' is correct\"\"\"\n        page = PromoBlock(driver, MAIN_PAGE_URL)\n        page.open()\n>       block4_image = page.find_element(self.locators.SECTION_2_BLOCK_4_IMAGE)\n\ntests/test_main_page.py:432: \n_ _ _ _ _ _ _ _ _ _ _ _ _ _ _ _ _ _ _ _ _ _ _ _ _ _ _ _ _ _ _ _ _ _ _ _ _ _ _ _ \npages/base_page.py:202: in find_element\n    return self.driver.find_element(*locator)\n/opt/hostedtoolcache/Python/3.12.3/x64/lib/python3.12/site-packages/selenium/webdriver/remote/webdriver.py:738: in find_element\n    return self.execute(Command.FIND_ELEMENT, {\"using\": by, \"value\": value})[\"value\"]\n/opt/hostedtoolcache/Python/3.12.3/x64/lib/python3.12/site-packages/selenium/webdriver/remote/webdriver.py:344: in execute\n    self.error_handler.check_response(response)\n_ _ _ _ _ _ _ _ _ _ _ _ _ _ _ _ _ _ _ _ _ _ _ _ _ _ _ _ _ _ _ _ _ _ _ _ _ _ _ _ \n\nself = <selenium.webdriver.remote.errorhandler.ErrorHandler object at 0x7feb72d77020>\nresponse = {'status': 404, 'value': '{\"value\":{\"error\":\"no such element\",\"message\":\"no such element: Unable to locate element: {\\...\\\\n#17 0x5591294f8b26 \\\\u003Cunknown>\\\\n#18 0x7fa9b409caa4 \\\\u003Cunknown>\\\\n#19 0x7fa9b4129c3c \\\\u003Cunknown>\\\\n\"}}'}\n\n    def check_response(self, response: Dict[str, Any]) -> None:\n        \"\"\"Checks that a JSON response from the WebDriver does not have an\n        error.\n    \n        :Args:\n         - response - The JSON response from the WebDriver server as a dictionary\n           object.\n    \n        :Raises: If the response contains an error message.\n        \"\"\"\n        status = response.get(\"status\", None)\n        if not status or status == ErrorCode.SUCCESS:\n            return\n        value = None\n        message = response.get(\"message\", \"\")\n        screen: str = response.get(\"screen\", \"\")\n        stacktrace = None\n        if isinstance(status, int):\n            value_json = response.get(\"value\", None)\n            if value_json and isinstance(value_json, str):\n                import json\n    \n                try:\n                    value = json.loads(value_json)\n                    if len(value) == 1:\n                        value = value[\"value\"]\n                    status = value.get(\"error\", None)\n                    if not status:\n                        status = value.get(\"status\", ErrorCode.UNKNOWN_ERROR)\n                        message = value.get(\"value\") or value.get(\"message\")\n                        if not isinstance(message, str):\n                            value = message\n                            message = message.get(\"message\")\n                    else:\n                        message = value.get(\"message\", None)\n                except ValueError:\n                    pass\n    \n        exception_class: Type[WebDriverException]\n        e = ErrorCode()\n        error_codes = [item for item in dir(e) if not item.startswith(\"__\")]\n        for error_code in error_codes:\n            error_info = getattr(ErrorCode, error_code)\n            if isinstance(error_info, list) and status in error_info:\n                exception_class = getattr(ExceptionMapping, error_code, WebDriverException)\n                break\n        else:\n            exception_class = WebDriverException\n    \n        if not value:\n            value = response[\"value\"]\n        if isinstance(value, str):\n            raise exception_class(value)\n        if message == \"\" and \"message\" in value:\n            message = value[\"message\"]\n    \n        screen = None  # type: ignore[assignment]\n        if \"screen\" in value:\n            screen = value[\"screen\"]\n    \n        stacktrace = None\n        st_value = value.get(\"stackTrace\") or value.get(\"stacktrace\")\n        if st_value:\n            if isinstance(st_value, str):\n                stacktrace = st_value.split(\"\\n\")\n            else:\n                stacktrace = []\n                try:\n                    for frame in st_value:\n                        line = frame.get(\"lineNumber\", \"\")\n                        file = frame.get(\"fileName\", \"<anonymous>\")\n                        if line:\n                            file = f\"{file}:{line}\"\n                        meth = frame.get(\"methodName\", \"<anonymous>\")\n                        if \"className\" in frame:\n                            meth = f\"{frame['className']}.{meth}\"\n                        msg = \"    at %s (%s)\"\n                        msg = msg % (meth, file)\n                        stacktrace.append(msg)\n                except TypeError:\n                    pass\n        if exception_class == UnexpectedAlertPresentException:\n            alert_text = None\n            if \"data\" in value:\n                alert_text = value[\"data\"].get(\"text\")\n            elif \"alert\" in value:\n                alert_text = value[\"alert\"].get(\"text\")\n            raise exception_class(message, screen, stacktrace, alert_text)  # type: ignore[call-arg]  # mypy is not smart enough here\n>       raise exception_class(message, screen, stacktrace)\nE       selenium.common.exceptions.NoSuchElementException: Message: no such element: Unable to locate element: {\"method\":\"css selector\",\"selector\":\".home-performance img\"}\nE         (Session info: chrome=137.0.7151.68); For documentation on this error, please visit: https://www.selenium.dev/documentation/webdriver/troubleshooting/errors#no-such-element-exception\nE       Stacktrace:\nE       #0 0x5591294f9c4a <unknown>\nE       #1 0x559128f9f6e0 <unknown>\nE       #2 0x559128ff1117 <unknown>\nE       #3 0x559128ff1311 <unknown>\nE       #4 0x55912903fec4 <unknown>\nE       #5 0x559129016e5d <unknown>\nE       #6 0x55912903d2cc <unknown>\nE       #7 0x559129016c03 <unknown>\nE       #8 0x559128fe347b <unknown>\nE       #9 0x559128fe40e1 <unknown>\nE       #10 0x5591294be3fb <unknown>\nE       #11 0x5591294c232f <unknown>\nE       #12 0x5591294a5f39 <unknown>\nE       #13 0x5591294c2ec8 <unknown>\nE       #14 0x55912948a68f <unknown>\nE       #15 0x5591294e72b8 <unknown>\nE       #16 0x5591294e7496 <unknown>\nE       #17 0x5591294f8b26 <unknown>\nE       #18 0x7fa9b409caa4 <unknown>\nE       #19 0x7fa9b4129c3c <unknown>\n\n/opt/hostedtoolcache/Python/3.12.3/x64/lib/python3.12/site-packages/selenium/webdriver/remote/errorhandler.py:229: NoSuchElementException",
  "flaky" : false,
  "newFailed" : false,
  "beforeStages" : [ {
    "name" : "driver",
    "time" : {
      "start" : 1750037162601,
      "stop" : 1750037163862,
      "duration" : 1261
    },
    "status" : "passed",
    "steps" : [ ],
    "attachments" : [ ],
    "parameters" : [ ],
    "stepsCount" : 0,
    "attachmentsCount" : 0,
    "shouldDisplayMessage" : false,
    "hasContent" : false
  }, {
    "name" : "clear_allure_result_folder",
    "time" : {
      "start" : 1750036492588,
      "stop" : 1750036492588,
      "duration" : 0
    },
    "status" : "passed",
    "steps" : [ ],
    "attachments" : [ ],
    "parameters" : [ ],
    "stepsCount" : 0,
    "attachmentsCount" : 0,
    "shouldDisplayMessage" : false,
    "hasContent" : false
  }, {
    "name" : "_session_faker",
    "time" : {
      "start" : 1750036492521,
      "stop" : 1750036492588,
      "duration" : 67
    },
    "status" : "passed",
    "steps" : [ ],
    "attachments" : [ ],
    "parameters" : [ ],
    "stepsCount" : 0,
    "attachmentsCount" : 0,
    "shouldDisplayMessage" : false,
    "hasContent" : false
  } ],
  "testStage" : {
    "description" : "This test checks if the image in section 2 block 4 'home-performance' is correct",
    "status" : "broken",
    "statusMessage" : "selenium.common.exceptions.NoSuchElementException: Message: no such element: Unable to locate element: {\"method\":\"css selector\",\"selector\":\".home-performance img\"}\n  (Session info: chrome=137.0.7151.68); For documentation on this error, please visit: https://www.selenium.dev/documentation/webdriver/troubleshooting/errors#no-such-element-exception\nStacktrace:\n#0 0x5591294f9c4a <unknown>\n#1 0x559128f9f6e0 <unknown>\n#2 0x559128ff1117 <unknown>\n#3 0x559128ff1311 <unknown>\n#4 0x55912903fec4 <unknown>\n#5 0x559129016e5d <unknown>\n#6 0x55912903d2cc <unknown>\n#7 0x559129016c03 <unknown>\n#8 0x559128fe347b <unknown>\n#9 0x559128fe40e1 <unknown>\n#10 0x5591294be3fb <unknown>\n#11 0x5591294c232f <unknown>\n#12 0x5591294a5f39 <unknown>\n#13 0x5591294c2ec8 <unknown>\n#14 0x55912948a68f <unknown>\n#15 0x5591294e72b8 <unknown>\n#16 0x5591294e7496 <unknown>\n#17 0x5591294f8b26 <unknown>\n#18 0x7fa9b409caa4 <unknown>\n#19 0x7fa9b4129c3c <unknown>",
    "statusTrace" : "self = <test_main_page.TestMainPage.TestPromoBlock object at 0x7feb72ce0710>\ndriver = <selenium.webdriver.chrome.webdriver.WebDriver (session=\"ed7fb3d27da0b96e57448915a49876fc\")>\n\n    @allure.title(\"TC 13.01.31_01 - Check correctness of the image in block 4 'home-performance' in the Promo Block\")\n    def test_tc_13_01_31_01_check_image_correctness_in_section2_block4(self, driver):\n        \"\"\"This test checks if the image in section 2 block 4 'home-performance' is correct\"\"\"\n        page = PromoBlock(driver, MAIN_PAGE_URL)\n        page.open()\n>       block4_image = page.find_element(self.locators.SECTION_2_BLOCK_4_IMAGE)\n\ntests/test_main_page.py:432: \n_ _ _ _ _ _ _ _ _ _ _ _ _ _ _ _ _ _ _ _ _ _ _ _ _ _ _ _ _ _ _ _ _ _ _ _ _ _ _ _ \npages/base_page.py:202: in find_element\n    return self.driver.find_element(*locator)\n/opt/hostedtoolcache/Python/3.12.3/x64/lib/python3.12/site-packages/selenium/webdriver/remote/webdriver.py:738: in find_element\n    return self.execute(Command.FIND_ELEMENT, {\"using\": by, \"value\": value})[\"value\"]\n/opt/hostedtoolcache/Python/3.12.3/x64/lib/python3.12/site-packages/selenium/webdriver/remote/webdriver.py:344: in execute\n    self.error_handler.check_response(response)\n_ _ _ _ _ _ _ _ _ _ _ _ _ _ _ _ _ _ _ _ _ _ _ _ _ _ _ _ _ _ _ _ _ _ _ _ _ _ _ _ \n\nself = <selenium.webdriver.remote.errorhandler.ErrorHandler object at 0x7feb72d77020>\nresponse = {'status': 404, 'value': '{\"value\":{\"error\":\"no such element\",\"message\":\"no such element: Unable to locate element: {\\...\\\\n#17 0x5591294f8b26 \\\\u003Cunknown>\\\\n#18 0x7fa9b409caa4 \\\\u003Cunknown>\\\\n#19 0x7fa9b4129c3c \\\\u003Cunknown>\\\\n\"}}'}\n\n    def check_response(self, response: Dict[str, Any]) -> None:\n        \"\"\"Checks that a JSON response from the WebDriver does not have an\n        error.\n    \n        :Args:\n         - response - The JSON response from the WebDriver server as a dictionary\n           object.\n    \n        :Raises: If the response contains an error message.\n        \"\"\"\n        status = response.get(\"status\", None)\n        if not status or status == ErrorCode.SUCCESS:\n            return\n        value = None\n        message = response.get(\"message\", \"\")\n        screen: str = response.get(\"screen\", \"\")\n        stacktrace = None\n        if isinstance(status, int):\n            value_json = response.get(\"value\", None)\n            if value_json and isinstance(value_json, str):\n                import json\n    \n                try:\n                    value = json.loads(value_json)\n                    if len(value) == 1:\n                        value = value[\"value\"]\n                    status = value.get(\"error\", None)\n                    if not status:\n                        status = value.get(\"status\", ErrorCode.UNKNOWN_ERROR)\n                        message = value.get(\"value\") or value.get(\"message\")\n                        if not isinstance(message, str):\n                            value = message\n                            message = message.get(\"message\")\n                    else:\n                        message = value.get(\"message\", None)\n                except ValueError:\n                    pass\n    \n        exception_class: Type[WebDriverException]\n        e = ErrorCode()\n        error_codes = [item for item in dir(e) if not item.startswith(\"__\")]\n        for error_code in error_codes:\n            error_info = getattr(ErrorCode, error_code)\n            if isinstance(error_info, list) and status in error_info:\n                exception_class = getattr(ExceptionMapping, error_code, WebDriverException)\n                break\n        else:\n            exception_class = WebDriverException\n    \n        if not value:\n            value = response[\"value\"]\n        if isinstance(value, str):\n            raise exception_class(value)\n        if message == \"\" and \"message\" in value:\n            message = value[\"message\"]\n    \n        screen = None  # type: ignore[assignment]\n        if \"screen\" in value:\n            screen = value[\"screen\"]\n    \n        stacktrace = None\n        st_value = value.get(\"stackTrace\") or value.get(\"stacktrace\")\n        if st_value:\n            if isinstance(st_value, str):\n                stacktrace = st_value.split(\"\\n\")\n            else:\n                stacktrace = []\n                try:\n                    for frame in st_value:\n                        line = frame.get(\"lineNumber\", \"\")\n                        file = frame.get(\"fileName\", \"<anonymous>\")\n                        if line:\n                            file = f\"{file}:{line}\"\n                        meth = frame.get(\"methodName\", \"<anonymous>\")\n                        if \"className\" in frame:\n                            meth = f\"{frame['className']}.{meth}\"\n                        msg = \"    at %s (%s)\"\n                        msg = msg % (meth, file)\n                        stacktrace.append(msg)\n                except TypeError:\n                    pass\n        if exception_class == UnexpectedAlertPresentException:\n            alert_text = None\n            if \"data\" in value:\n                alert_text = value[\"data\"].get(\"text\")\n            elif \"alert\" in value:\n                alert_text = value[\"alert\"].get(\"text\")\n            raise exception_class(message, screen, stacktrace, alert_text)  # type: ignore[call-arg]  # mypy is not smart enough here\n>       raise exception_class(message, screen, stacktrace)\nE       selenium.common.exceptions.NoSuchElementException: Message: no such element: Unable to locate element: {\"method\":\"css selector\",\"selector\":\".home-performance img\"}\nE         (Session info: chrome=137.0.7151.68); For documentation on this error, please visit: https://www.selenium.dev/documentation/webdriver/troubleshooting/errors#no-such-element-exception\nE       Stacktrace:\nE       #0 0x5591294f9c4a <unknown>\nE       #1 0x559128f9f6e0 <unknown>\nE       #2 0x559128ff1117 <unknown>\nE       #3 0x559128ff1311 <unknown>\nE       #4 0x55912903fec4 <unknown>\nE       #5 0x559129016e5d <unknown>\nE       #6 0x55912903d2cc <unknown>\nE       #7 0x559129016c03 <unknown>\nE       #8 0x559128fe347b <unknown>\nE       #9 0x559128fe40e1 <unknown>\nE       #10 0x5591294be3fb <unknown>\nE       #11 0x5591294c232f <unknown>\nE       #12 0x5591294a5f39 <unknown>\nE       #13 0x5591294c2ec8 <unknown>\nE       #14 0x55912948a68f <unknown>\nE       #15 0x5591294e72b8 <unknown>\nE       #16 0x5591294e7496 <unknown>\nE       #17 0x5591294f8b26 <unknown>\nE       #18 0x7fa9b409caa4 <unknown>\nE       #19 0x7fa9b4129c3c <unknown>\n\n/opt/hostedtoolcache/Python/3.12.3/x64/lib/python3.12/site-packages/selenium/webdriver/remote/errorhandler.py:229: NoSuchElementException",
    "steps" : [ {
      "name" : "Open a browser",
      "time" : {
        "start" : 1750037163862,
        "stop" : 1750037164946,
        "duration" : 1084
      },
      "status" : "passed",
      "steps" : [ ],
      "attachments" : [ ],
      "parameters" : [ ],
      "stepsCount" : 0,
      "attachmentsCount" : 0,
      "shouldDisplayMessage" : false,
      "hasContent" : false
    }, {
      "name" : "Find element (unpacking)",
      "time" : {
        "start" : 1750037164946,
        "stop" : 1750037164970,
        "duration" : 24
      },
      "status" : "broken",
      "statusMessage" : "selenium.common.exceptions.NoSuchElementException: Message: no such element: Unable to locate element: {\"method\":\"css selector\",\"selector\":\".home-performance img\"}\n  (Session info: chrome=137.0.7151.68); For documentation on this error, please visit: https://www.selenium.dev/documentation/webdriver/troubleshooting/errors#no-such-element-exception\nStacktrace:\n#0 0x5591294f9c4a <unknown>\n#1 0x559128f9f6e0 <unknown>\n#2 0x559128ff1117 <unknown>\n#3 0x559128ff1311 <unknown>\n#4 0x55912903fec4 <unknown>\n#5 0x559129016e5d <unknown>\n#6 0x55912903d2cc <unknown>\n#7 0x559129016c03 <unknown>\n#8 0x559128fe347b <unknown>\n#9 0x559128fe40e1 <unknown>\n#10 0x5591294be3fb <unknown>\n#11 0x5591294c232f <unknown>\n#12 0x5591294a5f39 <unknown>\n#13 0x5591294c2ec8 <unknown>\n#14 0x55912948a68f <unknown>\n#15 0x5591294e72b8 <unknown>\n#16 0x5591294e7496 <unknown>\n#17 0x5591294f8b26 <unknown>\n#18 0x7fa9b409caa4 <unknown>\n#19 0x7fa9b4129c3c <unknown>\n\n",
      "statusTrace" : "  File \"/opt/hostedtoolcache/Python/3.12.3/x64/lib/python3.12/site-packages/allure_commons/_allure.py\", line 192, in impl\n    return func(*a, **kw)\n           ^^^^^^^^^^^^^^\n  File \"/home/runner/work/luma_project/luma_project/pages/base_page.py\", line 202, in find_element\n    return self.driver.find_element(*locator)\n           ^^^^^^^^^^^^^^^^^^^^^^^^^^^^^^^^^^\n  File \"/opt/hostedtoolcache/Python/3.12.3/x64/lib/python3.12/site-packages/selenium/webdriver/remote/webdriver.py\", line 738, in find_element\n    return self.execute(Command.FIND_ELEMENT, {\"using\": by, \"value\": value})[\"value\"]\n           ^^^^^^^^^^^^^^^^^^^^^^^^^^^^^^^^^^^^^^^^^^^^^^^^^^^^^^^^^^^^^^^^^\n  File \"/opt/hostedtoolcache/Python/3.12.3/x64/lib/python3.12/site-packages/selenium/webdriver/remote/webdriver.py\", line 344, in execute\n    self.error_handler.check_response(response)\n  File \"/opt/hostedtoolcache/Python/3.12.3/x64/lib/python3.12/site-packages/selenium/webdriver/remote/errorhandler.py\", line 229, in check_response\n    raise exception_class(message, screen, stacktrace)\n",
      "steps" : [ ],
      "attachments" : [ ],
      "parameters" : [ {
        "name" : "locator",
        "value" : "('css selector', '.home-performance img')"
      } ],
      "stepsCount" : 0,
      "attachmentsCount" : 0,
      "shouldDisplayMessage" : true,
      "hasContent" : true
    } ],
    "attachments" : [ {
      "uid" : "af1997837f5b5abb",
      "name" : "Screenshot",
      "source" : "af1997837f5b5abb.png",
      "type" : "image/png",
      "size" : 549119
    }, {
      "uid" : "7e37393fe39515bd",
      "name" : "HTML source",
      "source" : "7e37393fe39515bd.html",
      "type" : "text/html",
      "size" : 136010
    } ],
    "parameters" : [ ],
    "stepsCount" : 2,
    "attachmentsCount" : 2,
    "shouldDisplayMessage" : true,
    "hasContent" : true
  },
  "afterStages" : [ {
    "name" : "driver::0",
    "time" : {
      "start" : 1750037165245,
      "stop" : 1750037165311,
      "duration" : 66
    },
    "status" : "passed",
    "steps" : [ ],
    "attachments" : [ ],
    "parameters" : [ ],
    "stepsCount" : 0,
    "attachmentsCount" : 0,
    "shouldDisplayMessage" : false,
    "hasContent" : false
  }, {
    "name" : "clear_allure_result_folder::0",
    "time" : {
      "start" : 1750037931799,
      "stop" : 1750037931799,
      "duration" : 0
    },
    "status" : "passed",
    "steps" : [ ],
    "attachments" : [ ],
    "parameters" : [ ],
    "stepsCount" : 0,
    "attachmentsCount" : 0,
    "shouldDisplayMessage" : false,
    "hasContent" : false
  } ],
  "labels" : [ {
    "name" : "feature",
    "value" : "Promo Block Testing"
  }, {
    "name" : "epic",
    "value" : "Main Page"
  }, {
    "name" : "parentSuite",
    "value" : "tests"
  }, {
    "name" : "suite",
    "value" : "test_main_page"
  }, {
    "name" : "subSuite",
    "value" : "TestMainPage"
  }, {
    "name" : "host",
    "value" : "fv-az1042-413"
  }, {
    "name" : "thread",
    "value" : "2872-MainThread"
  }, {
    "name" : "framework",
    "value" : "pytest"
  }, {
    "name" : "language",
    "value" : "cpython3"
  }, {
    "name" : "package",
    "value" : "tests.test_main_page"
  }, {
    "name" : "resultFormat",
    "value" : "allure2"
  } ],
  "parameters" : [ ],
  "links" : [ ],
  "hidden" : false,
  "retry" : false,
  "extra" : {
    "severity" : "normal",
    "retries" : [ ],
    "categories" : [ {
      "name" : "Test defects",
      "matchedStatuses" : [ ],
      "flaky" : false
    } ],
    "tags" : [ ]
  },
  "source" : "ebae9c728134817f.json",
  "parameterValues" : [ ]
}