{
  "uid" : "ee807ae0b9984607",
  "name" : "TC 02.01.02 - Check Footer display on each page specified in DATA_1",
  "fullName" : "tests.test_footer.TestFooter#test_tc_02_01_02_check_visibility_of_footer_on_pages",
  "historyId" : "f0b18c35d796d2ff82ca793dabd7bcba",
  "time" : {
    "start" : 1759108315996,
    "stop" : 1759108321363,
    "duration" : 5367
  },
  "description" : "Checks if Footer is visible on each page specified in DATA_1",
  "descriptionHtml" : "<p>Checks if Footer is visible on each page specified in DATA_1</p>\n",
  "status" : "broken",
  "statusMessage" : "selenium.common.exceptions.TimeoutException: Message: \nStacktrace:\n#0 0x556a1045ccba <unknown>\n#1 0x556a0fed18e0 <unknown>\n#2 0x556a0ff23580 <unknown>\n#3 0x556a0ff23771 <unknown>\n#4 0x556a0ff71864 <unknown>\n#5 0x556a0ff4909d <unknown>\n#6 0x556a0ff6ec63 <unknown>\n#7 0x556a0ff48e43 <unknown>\n#8 0x556a0ff159a8 <unknown>\n#9 0x556a0ff16621 <unknown>\n#10 0x556a104208b8 <unknown>\n#11 0x556a104245e2 <unknown>\n#12 0x556a10407683 <unknown>\n#13 0x556a10425135 <unknown>\n#14 0x556a103ec80f <unknown>\n#15 0x556a104494c8 <unknown>\n#16 0x556a104496a2 <unknown>\n#17 0x556a1045bdc3 <unknown>\n#18 0x7f807a69caa4 <unknown>\n#19 0x7f807a729c6c <unknown>",
  "statusTrace" : "self = <test_footer.TestFooter object at 0x7f0da8aa2750>\ndriver = <selenium.webdriver.chrome.webdriver.WebDriver (session=\"ea97073ac25aaf65c6395f92b1d1e789\")>\nURL = 'https://magento.softwaretestingboard.com/'\n\n    @allure.title(\"TC 02.01.02 - Check Footer display on each page specified in DATA_1\")\n    @pytest.mark.parametrize('URL', DATA_1)\n    def test_tc_02_01_02_check_visibility_of_footer_on_pages(self, driver, URL):\n        \"\"\"Checks if Footer is visible on each page specified in DATA_1\"\"\"\n        page = FooterPage(driver, url=URL)\n        page.open()\n>       footer_section = page.check_footer_is_visible()\n\ntests/test_footer.py:29: \n_ _ _ _ _ _ _ _ _ _ _ _ _ _ _ _ _ _ _ _ _ _ _ _ _ _ _ _ _ _ _ _ _ _ _ _ _ _ _ _ \npages/footer_page.py:103: in check_footer_is_visible\n    return self.element_is_visible(self.footer_locators.FOOTER_SECTION)\npages/base_page.py:30: in element_is_visible\n    self.go_to_element(self.element_is_present(locator))\npages/base_page.py:51: in element_is_present\n    return wait(self.driver, timeout).until(EC.presence_of_element_located(locator))\n_ _ _ _ _ _ _ _ _ _ _ _ _ _ _ _ _ _ _ _ _ _ _ _ _ _ _ _ _ _ _ _ _ _ _ _ _ _ _ _ \n\nself = <selenium.webdriver.support.wait.WebDriverWait (session=\"ea97073ac25aaf65c6395f92b1d1e789\")>\nmethod = <function presence_of_element_located.<locals>._predicate at 0x7f0da88ae020>\nmessage = ''\n\n    def until(self, method, message: str = \"\"):\n        \"\"\"Calls the method provided with the driver as an argument until the \\\n        return value does not evaluate to ``False``.\n    \n        :param method: callable(WebDriver)\n        :param message: optional message for :exc:`TimeoutException`\n        :returns: the result of the last call to `method`\n        :raises: :exc:`selenium.common.exceptions.TimeoutException` if timeout occurs\n        \"\"\"\n        screen = None\n        stacktrace = None\n    \n        end_time = time.monotonic() + self._timeout\n        while True:\n            try:\n                value = method(self._driver)\n                if value:\n                    return value\n            except self._ignored_exceptions as exc:\n                screen = getattr(exc, \"screen\", None)\n                stacktrace = getattr(exc, \"stacktrace\", None)\n            time.sleep(self._poll)\n            if time.monotonic() > end_time:\n                break\n>       raise TimeoutException(message, screen, stacktrace)\nE       selenium.common.exceptions.TimeoutException: Message: \nE       Stacktrace:\nE       #0 0x556a1045ccba <unknown>\nE       #1 0x556a0fed18e0 <unknown>\nE       #2 0x556a0ff23580 <unknown>\nE       #3 0x556a0ff23771 <unknown>\nE       #4 0x556a0ff71864 <unknown>\nE       #5 0x556a0ff4909d <unknown>\nE       #6 0x556a0ff6ec63 <unknown>\nE       #7 0x556a0ff48e43 <unknown>\nE       #8 0x556a0ff159a8 <unknown>\nE       #9 0x556a0ff16621 <unknown>\nE       #10 0x556a104208b8 <unknown>\nE       #11 0x556a104245e2 <unknown>\nE       #12 0x556a10407683 <unknown>\nE       #13 0x556a10425135 <unknown>\nE       #14 0x556a103ec80f <unknown>\nE       #15 0x556a104494c8 <unknown>\nE       #16 0x556a104496a2 <unknown>\nE       #17 0x556a1045bdc3 <unknown>\nE       #18 0x7f807a69caa4 <unknown>\nE       #19 0x7f807a729c6c <unknown>\n\n/opt/hostedtoolcache/Python/3.12.3/x64/lib/python3.12/site-packages/selenium/webdriver/support/wait.py:95: TimeoutException",
  "flaky" : false,
  "newFailed" : false,
  "beforeStages" : [ {
    "name" : "driver",
    "time" : {
      "start" : 1759108314699,
      "stop" : 1759108315996,
      "duration" : 1297
    },
    "status" : "passed",
    "steps" : [ ],
    "attachments" : [ ],
    "parameters" : [ ],
    "stepsCount" : 0,
    "attachmentsCount" : 0,
    "shouldDisplayMessage" : false,
    "hasContent" : false
  }, {
    "name" : "clear_allure_result_folder",
    "time" : {
      "start" : 1759108091635,
      "stop" : 1759108091636,
      "duration" : 1
    },
    "status" : "passed",
    "steps" : [ ],
    "attachments" : [ ],
    "parameters" : [ ],
    "stepsCount" : 0,
    "attachmentsCount" : 0,
    "shouldDisplayMessage" : false,
    "hasContent" : false
  }, {
    "name" : "_session_faker",
    "time" : {
      "start" : 1759108091552,
      "stop" : 1759108091635,
      "duration" : 83
    },
    "status" : "passed",
    "steps" : [ ],
    "attachments" : [ ],
    "parameters" : [ ],
    "stepsCount" : 0,
    "attachmentsCount" : 0,
    "shouldDisplayMessage" : false,
    "hasContent" : false
  } ],
  "testStage" : {
    "description" : "Checks if Footer is visible on each page specified in DATA_1",
    "status" : "broken",
    "statusMessage" : "selenium.common.exceptions.TimeoutException: Message: \nStacktrace:\n#0 0x556a1045ccba <unknown>\n#1 0x556a0fed18e0 <unknown>\n#2 0x556a0ff23580 <unknown>\n#3 0x556a0ff23771 <unknown>\n#4 0x556a0ff71864 <unknown>\n#5 0x556a0ff4909d <unknown>\n#6 0x556a0ff6ec63 <unknown>\n#7 0x556a0ff48e43 <unknown>\n#8 0x556a0ff159a8 <unknown>\n#9 0x556a0ff16621 <unknown>\n#10 0x556a104208b8 <unknown>\n#11 0x556a104245e2 <unknown>\n#12 0x556a10407683 <unknown>\n#13 0x556a10425135 <unknown>\n#14 0x556a103ec80f <unknown>\n#15 0x556a104494c8 <unknown>\n#16 0x556a104496a2 <unknown>\n#17 0x556a1045bdc3 <unknown>\n#18 0x7f807a69caa4 <unknown>\n#19 0x7f807a729c6c <unknown>",
    "statusTrace" : "self = <test_footer.TestFooter object at 0x7f0da8aa2750>\ndriver = <selenium.webdriver.chrome.webdriver.WebDriver (session=\"ea97073ac25aaf65c6395f92b1d1e789\")>\nURL = 'https://magento.softwaretestingboard.com/'\n\n    @allure.title(\"TC 02.01.02 - Check Footer display on each page specified in DATA_1\")\n    @pytest.mark.parametrize('URL', DATA_1)\n    def test_tc_02_01_02_check_visibility_of_footer_on_pages(self, driver, URL):\n        \"\"\"Checks if Footer is visible on each page specified in DATA_1\"\"\"\n        page = FooterPage(driver, url=URL)\n        page.open()\n>       footer_section = page.check_footer_is_visible()\n\ntests/test_footer.py:29: \n_ _ _ _ _ _ _ _ _ _ _ _ _ _ _ _ _ _ _ _ _ _ _ _ _ _ _ _ _ _ _ _ _ _ _ _ _ _ _ _ \npages/footer_page.py:103: in check_footer_is_visible\n    return self.element_is_visible(self.footer_locators.FOOTER_SECTION)\npages/base_page.py:30: in element_is_visible\n    self.go_to_element(self.element_is_present(locator))\npages/base_page.py:51: in element_is_present\n    return wait(self.driver, timeout).until(EC.presence_of_element_located(locator))\n_ _ _ _ _ _ _ _ _ _ _ _ _ _ _ _ _ _ _ _ _ _ _ _ _ _ _ _ _ _ _ _ _ _ _ _ _ _ _ _ \n\nself = <selenium.webdriver.support.wait.WebDriverWait (session=\"ea97073ac25aaf65c6395f92b1d1e789\")>\nmethod = <function presence_of_element_located.<locals>._predicate at 0x7f0da88ae020>\nmessage = ''\n\n    def until(self, method, message: str = \"\"):\n        \"\"\"Calls the method provided with the driver as an argument until the \\\n        return value does not evaluate to ``False``.\n    \n        :param method: callable(WebDriver)\n        :param message: optional message for :exc:`TimeoutException`\n        :returns: the result of the last call to `method`\n        :raises: :exc:`selenium.common.exceptions.TimeoutException` if timeout occurs\n        \"\"\"\n        screen = None\n        stacktrace = None\n    \n        end_time = time.monotonic() + self._timeout\n        while True:\n            try:\n                value = method(self._driver)\n                if value:\n                    return value\n            except self._ignored_exceptions as exc:\n                screen = getattr(exc, \"screen\", None)\n                stacktrace = getattr(exc, \"stacktrace\", None)\n            time.sleep(self._poll)\n            if time.monotonic() > end_time:\n                break\n>       raise TimeoutException(message, screen, stacktrace)\nE       selenium.common.exceptions.TimeoutException: Message: \nE       Stacktrace:\nE       #0 0x556a1045ccba <unknown>\nE       #1 0x556a0fed18e0 <unknown>\nE       #2 0x556a0ff23580 <unknown>\nE       #3 0x556a0ff23771 <unknown>\nE       #4 0x556a0ff71864 <unknown>\nE       #5 0x556a0ff4909d <unknown>\nE       #6 0x556a0ff6ec63 <unknown>\nE       #7 0x556a0ff48e43 <unknown>\nE       #8 0x556a0ff159a8 <unknown>\nE       #9 0x556a0ff16621 <unknown>\nE       #10 0x556a104208b8 <unknown>\nE       #11 0x556a104245e2 <unknown>\nE       #12 0x556a10407683 <unknown>\nE       #13 0x556a10425135 <unknown>\nE       #14 0x556a103ec80f <unknown>\nE       #15 0x556a104494c8 <unknown>\nE       #16 0x556a104496a2 <unknown>\nE       #17 0x556a1045bdc3 <unknown>\nE       #18 0x7f807a69caa4 <unknown>\nE       #19 0x7f807a729c6c <unknown>\n\n/opt/hostedtoolcache/Python/3.12.3/x64/lib/python3.12/site-packages/selenium/webdriver/support/wait.py:95: TimeoutException",
    "steps" : [ {
      "name" : "Open a browser",
      "time" : {
        "start" : 1759108315996,
        "stop" : 1759108316249,
        "duration" : 253
      },
      "status" : "passed",
      "steps" : [ ],
      "attachments" : [ ],
      "parameters" : [ ],
      "stepsCount" : 0,
      "attachmentsCount" : 0,
      "shouldDisplayMessage" : false,
      "hasContent" : false
    }, {
      "name" : "Check Footer is visible on the page",
      "time" : {
        "start" : 1759108316249,
        "stop" : 1759108321362,
        "duration" : 5113
      },
      "status" : "broken",
      "statusMessage" : "selenium.common.exceptions.TimeoutException: Message: \nStacktrace:\n#0 0x556a1045ccba <unknown>\n#1 0x556a0fed18e0 <unknown>\n#2 0x556a0ff23580 <unknown>\n#3 0x556a0ff23771 <unknown>\n#4 0x556a0ff71864 <unknown>\n#5 0x556a0ff4909d <unknown>\n#6 0x556a0ff6ec63 <unknown>\n#7 0x556a0ff48e43 <unknown>\n#8 0x556a0ff159a8 <unknown>\n#9 0x556a0ff16621 <unknown>\n#10 0x556a104208b8 <unknown>\n#11 0x556a104245e2 <unknown>\n#12 0x556a10407683 <unknown>\n#13 0x556a10425135 <unknown>\n#14 0x556a103ec80f <unknown>\n#15 0x556a104494c8 <unknown>\n#16 0x556a104496a2 <unknown>\n#17 0x556a1045bdc3 <unknown>\n#18 0x7f807a69caa4 <unknown>\n#19 0x7f807a729c6c <unknown>\n\n",
      "statusTrace" : "  File \"/opt/hostedtoolcache/Python/3.12.3/x64/lib/python3.12/site-packages/allure_commons/_allure.py\", line 192, in impl\n    return func(*a, **kw)\n           ^^^^^^^^^^^^^^\n  File \"/home/runner/work/luma_project/luma_project/pages/footer_page.py\", line 103, in check_footer_is_visible\n    return self.element_is_visible(self.footer_locators.FOOTER_SECTION)\n           ^^^^^^^^^^^^^^^^^^^^^^^^^^^^^^^^^^^^^^^^^^^^^^^^^^^^^^^^^^^^\n  File \"/opt/hostedtoolcache/Python/3.12.3/x64/lib/python3.12/site-packages/allure_commons/_allure.py\", line 192, in impl\n    return func(*a, **kw)\n           ^^^^^^^^^^^^^^\n  File \"/home/runner/work/luma_project/luma_project/pages/base_page.py\", line 30, in element_is_visible\n    self.go_to_element(self.element_is_present(locator))\n                       ^^^^^^^^^^^^^^^^^^^^^^^^^^^^^^^^\n  File \"/opt/hostedtoolcache/Python/3.12.3/x64/lib/python3.12/site-packages/allure_commons/_allure.py\", line 192, in impl\n    return func(*a, **kw)\n           ^^^^^^^^^^^^^^\n  File \"/home/runner/work/luma_project/luma_project/pages/base_page.py\", line 51, in element_is_present\n    return wait(self.driver, timeout).until(EC.presence_of_element_located(locator))\n           ^^^^^^^^^^^^^^^^^^^^^^^^^^^^^^^^^^^^^^^^^^^^^^^^^^^^^^^^^^^^^^^^^^^^^^^^^\n  File \"/opt/hostedtoolcache/Python/3.12.3/x64/lib/python3.12/site-packages/selenium/webdriver/support/wait.py\", line 95, in until\n    raise TimeoutException(message, screen, stacktrace)\n",
      "steps" : [ {
        "name" : "Find a visible element",
        "time" : {
          "start" : 1759108316249,
          "stop" : 1759108321362,
          "duration" : 5113
        },
        "status" : "broken",
        "statusMessage" : "selenium.common.exceptions.TimeoutException: Message: \nStacktrace:\n#0 0x556a1045ccba <unknown>\n#1 0x556a0fed18e0 <unknown>\n#2 0x556a0ff23580 <unknown>\n#3 0x556a0ff23771 <unknown>\n#4 0x556a0ff71864 <unknown>\n#5 0x556a0ff4909d <unknown>\n#6 0x556a0ff6ec63 <unknown>\n#7 0x556a0ff48e43 <unknown>\n#8 0x556a0ff159a8 <unknown>\n#9 0x556a0ff16621 <unknown>\n#10 0x556a104208b8 <unknown>\n#11 0x556a104245e2 <unknown>\n#12 0x556a10407683 <unknown>\n#13 0x556a10425135 <unknown>\n#14 0x556a103ec80f <unknown>\n#15 0x556a104494c8 <unknown>\n#16 0x556a104496a2 <unknown>\n#17 0x556a1045bdc3 <unknown>\n#18 0x7f807a69caa4 <unknown>\n#19 0x7f807a729c6c <unknown>\n\n",
        "statusTrace" : "  File \"/opt/hostedtoolcache/Python/3.12.3/x64/lib/python3.12/site-packages/allure_commons/_allure.py\", line 192, in impl\n    return func(*a, **kw)\n           ^^^^^^^^^^^^^^\n  File \"/home/runner/work/luma_project/luma_project/pages/base_page.py\", line 30, in element_is_visible\n    self.go_to_element(self.element_is_present(locator))\n                       ^^^^^^^^^^^^^^^^^^^^^^^^^^^^^^^^\n  File \"/opt/hostedtoolcache/Python/3.12.3/x64/lib/python3.12/site-packages/allure_commons/_allure.py\", line 192, in impl\n    return func(*a, **kw)\n           ^^^^^^^^^^^^^^\n  File \"/home/runner/work/luma_project/luma_project/pages/base_page.py\", line 51, in element_is_present\n    return wait(self.driver, timeout).until(EC.presence_of_element_located(locator))\n           ^^^^^^^^^^^^^^^^^^^^^^^^^^^^^^^^^^^^^^^^^^^^^^^^^^^^^^^^^^^^^^^^^^^^^^^^^\n  File \"/opt/hostedtoolcache/Python/3.12.3/x64/lib/python3.12/site-packages/selenium/webdriver/support/wait.py\", line 95, in until\n    raise TimeoutException(message, screen, stacktrace)\n",
        "steps" : [ {
          "name" : "Find a present element",
          "time" : {
            "start" : 1759108316249,
            "stop" : 1759108321362,
            "duration" : 5113
          },
          "status" : "broken",
          "statusMessage" : "selenium.common.exceptions.TimeoutException: Message: \nStacktrace:\n#0 0x556a1045ccba <unknown>\n#1 0x556a0fed18e0 <unknown>\n#2 0x556a0ff23580 <unknown>\n#3 0x556a0ff23771 <unknown>\n#4 0x556a0ff71864 <unknown>\n#5 0x556a0ff4909d <unknown>\n#6 0x556a0ff6ec63 <unknown>\n#7 0x556a0ff48e43 <unknown>\n#8 0x556a0ff159a8 <unknown>\n#9 0x556a0ff16621 <unknown>\n#10 0x556a104208b8 <unknown>\n#11 0x556a104245e2 <unknown>\n#12 0x556a10407683 <unknown>\n#13 0x556a10425135 <unknown>\n#14 0x556a103ec80f <unknown>\n#15 0x556a104494c8 <unknown>\n#16 0x556a104496a2 <unknown>\n#17 0x556a1045bdc3 <unknown>\n#18 0x7f807a69caa4 <unknown>\n#19 0x7f807a729c6c <unknown>\n\n",
          "statusTrace" : "  File \"/opt/hostedtoolcache/Python/3.12.3/x64/lib/python3.12/site-packages/allure_commons/_allure.py\", line 192, in impl\n    return func(*a, **kw)\n           ^^^^^^^^^^^^^^\n  File \"/home/runner/work/luma_project/luma_project/pages/base_page.py\", line 51, in element_is_present\n    return wait(self.driver, timeout).until(EC.presence_of_element_located(locator))\n           ^^^^^^^^^^^^^^^^^^^^^^^^^^^^^^^^^^^^^^^^^^^^^^^^^^^^^^^^^^^^^^^^^^^^^^^^^\n  File \"/opt/hostedtoolcache/Python/3.12.3/x64/lib/python3.12/site-packages/selenium/webdriver/support/wait.py\", line 95, in until\n    raise TimeoutException(message, screen, stacktrace)\n",
          "steps" : [ ],
          "attachments" : [ ],
          "parameters" : [ {
            "name" : "locator",
            "value" : "('css selector', '.page-footer')"
          }, {
            "name" : "timeout",
            "value" : "5"
          } ],
          "stepsCount" : 0,
          "attachmentsCount" : 0,
          "shouldDisplayMessage" : true,
          "hasContent" : true
        } ],
        "attachments" : [ ],
        "parameters" : [ {
          "name" : "locator",
          "value" : "('css selector', '.page-footer')"
        }, {
          "name" : "timeout",
          "value" : "10"
        } ],
        "stepsCount" : 1,
        "attachmentsCount" : 0,
        "shouldDisplayMessage" : false,
        "hasContent" : true
      } ],
      "attachments" : [ ],
      "parameters" : [ ],
      "stepsCount" : 2,
      "attachmentsCount" : 0,
      "shouldDisplayMessage" : false,
      "hasContent" : true
    } ],
    "attachments" : [ {
      "uid" : "ad78b25a7fa9233c",
      "name" : "Screenshot",
      "source" : "ad78b25a7fa9233c.png",
      "type" : "image/png",
      "size" : 23875
    }, {
      "uid" : "c49688997ca15b04",
      "name" : "HTML source",
      "source" : "c49688997ca15b04.html",
      "type" : "text/html",
      "size" : 786
    } ],
    "parameters" : [ ],
    "stepsCount" : 4,
    "attachmentsCount" : 2,
    "shouldDisplayMessage" : true,
    "hasContent" : true
  },
  "afterStages" : [ {
    "name" : "driver::0",
    "time" : {
      "start" : 1759108321447,
      "stop" : 1759108321508,
      "duration" : 61
    },
    "status" : "passed",
    "steps" : [ ],
    "attachments" : [ ],
    "parameters" : [ ],
    "stepsCount" : 0,
    "attachmentsCount" : 0,
    "shouldDisplayMessage" : false,
    "hasContent" : false
  }, {
    "name" : "clear_allure_result_folder::0",
    "time" : {
      "start" : 1759110554884,
      "stop" : 1759110554884,
      "duration" : 0
    },
    "status" : "passed",
    "steps" : [ ],
    "attachments" : [ ],
    "parameters" : [ ],
    "stepsCount" : 0,
    "attachmentsCount" : 0,
    "shouldDisplayMessage" : false,
    "hasContent" : false
  } ],
  "labels" : [ {
    "name" : "epic",
    "value" : "Test Footer"
  }, {
    "name" : "parentSuite",
    "value" : "tests"
  }, {
    "name" : "suite",
    "value" : "test_footer"
  }, {
    "name" : "subSuite",
    "value" : "TestFooter"
  }, {
    "name" : "host",
    "value" : "runnervm3ublj"
  }, {
    "name" : "thread",
    "value" : "3001-MainThread"
  }, {
    "name" : "framework",
    "value" : "pytest"
  }, {
    "name" : "language",
    "value" : "cpython3"
  }, {
    "name" : "package",
    "value" : "tests.test_footer"
  }, {
    "name" : "resultFormat",
    "value" : "allure2"
  } ],
  "parameters" : [ {
    "name" : "URL",
    "value" : "'https://magento.softwaretestingboard.com/'"
  } ],
  "links" : [ ],
  "hidden" : false,
  "retry" : false,
  "extra" : {
    "severity" : "normal",
    "retries" : [ ],
    "categories" : [ {
      "name" : "Test defects",
      "matchedStatuses" : [ ],
      "flaky" : false
    } ],
    "tags" : [ ]
  },
  "source" : "ee807ae0b9984607.json",
  "parameterValues" : [ "'https://magento.softwaretestingboard.com/'" ]
}