{
  "uid" : "f20bd8ab561b2f5b",
  "name" : "TC 05.01.01 - Verify that 'Order and Returns' Page Heading is present",
  "fullName" : "tests.test_orders_and_returns.TestOrdersAndReturnsPage#test_tc_05_01_01_check_header",
  "historyId" : "0e203692531a7d090a4821fc44084138",
  "time" : {
    "start" : 1757900130916,
    "stop" : 1757900136016,
    "duration" : 5100
  },
  "description" : "This test checks \"Orders and Returns\" header is visible and has correct text",
  "descriptionHtml" : "<p>This test checks &quot;Orders and Returns&quot; header is visible and has correct text</p>\n",
  "status" : "broken",
  "statusMessage" : "selenium.common.exceptions.TimeoutException: Message: \nStacktrace:\n#0 0x5648ad02794a <unknown>\n#1 0x5648aca9c8a0 <unknown>\n#2 0x5648acaee540 <unknown>\n#3 0x5648acaee731 <unknown>\n#4 0x5648acb3c824 <unknown>\n#5 0x5648acb1405d <unknown>\n#6 0x5648acb39c23 <unknown>\n#7 0x5648acb13e03 <unknown>\n#8 0x5648acae0968 <unknown>\n#9 0x5648acae15e1 <unknown>\n#10 0x5648acfeb548 <unknown>\n#11 0x5648acfef272 <unknown>\n#12 0x5648acfd2313 <unknown>\n#13 0x5648acfefdc5 <unknown>\n#14 0x5648acfb749f <unknown>\n#15 0x5648ad014158 <unknown>\n#16 0x5648ad014332 <unknown>\n#17 0x5648ad026a53 <unknown>\n#18 0x7fcc72a9caa4 <unknown>\n#19 0x7fcc72b29c3c <unknown>",
  "statusTrace" : "self = <test_orders_and_returns.TestOrdersAndReturnsPage object at 0x7f9ca2477b60>\ndriver = <selenium.webdriver.chrome.webdriver.WebDriver (session=\"0cdaf37dd70d51216b664495fcad9bc6\")>\npage = <pages.orders_and_returns_page.OrdersAndReturnsPage object at 0x7f9ca234aa20>\n\n    @allure.title(\"TC 05.01.01 - Verify that 'Order and Returns' Page Heading is present\")\n    def test_tc_05_01_01_check_header(self, driver, page):\n        \"\"\"This test checks \"Orders and Returns\" header is visible and has correct text\"\"\"\n>       header_text = page.check_header()\n\ntests/test_orders_and_returns.py:21: \n_ _ _ _ _ _ _ _ _ _ _ _ _ _ _ _ _ _ _ _ _ _ _ _ _ _ _ _ _ _ _ _ _ _ _ _ _ _ _ _ \npages/orders_and_returns_page.py:12: in check_header\n    return self.get_text(self.locators.PAGE_HEADER)\npages/base_page.py:145: in get_text\n    text = self.element_is_visible(locator)\npages/base_page.py:30: in element_is_visible\n    self.go_to_element(self.element_is_present(locator))\npages/base_page.py:51: in element_is_present\n    return wait(self.driver, timeout).until(EC.presence_of_element_located(locator))\n_ _ _ _ _ _ _ _ _ _ _ _ _ _ _ _ _ _ _ _ _ _ _ _ _ _ _ _ _ _ _ _ _ _ _ _ _ _ _ _ \n\nself = <selenium.webdriver.support.wait.WebDriverWait (session=\"0cdaf37dd70d51216b664495fcad9bc6\")>\nmethod = <function presence_of_element_located.<locals>._predicate at 0x7f9ca2027060>\nmessage = ''\n\n    def until(self, method, message: str = \"\"):\n        \"\"\"Calls the method provided with the driver as an argument until the \\\n        return value does not evaluate to ``False``.\n    \n        :param method: callable(WebDriver)\n        :param message: optional message for :exc:`TimeoutException`\n        :returns: the result of the last call to `method`\n        :raises: :exc:`selenium.common.exceptions.TimeoutException` if timeout occurs\n        \"\"\"\n        screen = None\n        stacktrace = None\n    \n        end_time = time.monotonic() + self._timeout\n        while True:\n            try:\n                value = method(self._driver)\n                if value:\n                    return value\n            except self._ignored_exceptions as exc:\n                screen = getattr(exc, \"screen\", None)\n                stacktrace = getattr(exc, \"stacktrace\", None)\n            time.sleep(self._poll)\n            if time.monotonic() > end_time:\n                break\n>       raise TimeoutException(message, screen, stacktrace)\nE       selenium.common.exceptions.TimeoutException: Message: \nE       Stacktrace:\nE       #0 0x5648ad02794a <unknown>\nE       #1 0x5648aca9c8a0 <unknown>\nE       #2 0x5648acaee540 <unknown>\nE       #3 0x5648acaee731 <unknown>\nE       #4 0x5648acb3c824 <unknown>\nE       #5 0x5648acb1405d <unknown>\nE       #6 0x5648acb39c23 <unknown>\nE       #7 0x5648acb13e03 <unknown>\nE       #8 0x5648acae0968 <unknown>\nE       #9 0x5648acae15e1 <unknown>\nE       #10 0x5648acfeb548 <unknown>\nE       #11 0x5648acfef272 <unknown>\nE       #12 0x5648acfd2313 <unknown>\nE       #13 0x5648acfefdc5 <unknown>\nE       #14 0x5648acfb749f <unknown>\nE       #15 0x5648ad014158 <unknown>\nE       #16 0x5648ad014332 <unknown>\nE       #17 0x5648ad026a53 <unknown>\nE       #18 0x7fcc72a9caa4 <unknown>\nE       #19 0x7fcc72b29c3c <unknown>\n\n/opt/hostedtoolcache/Python/3.12.3/x64/lib/python3.12/site-packages/selenium/webdriver/support/wait.py:95: TimeoutException",
  "flaky" : false,
  "newFailed" : false,
  "beforeStages" : [ {
    "name" : "_session_faker",
    "time" : {
      "start" : 1757898622011,
      "stop" : 1757898622079,
      "duration" : 68
    },
    "status" : "passed",
    "steps" : [ ],
    "attachments" : [ ],
    "parameters" : [ ],
    "stepsCount" : 0,
    "attachmentsCount" : 0,
    "shouldDisplayMessage" : false,
    "hasContent" : false
  }, {
    "name" : "clear_allure_result_folder",
    "time" : {
      "start" : 1757898622079,
      "stop" : 1757898622079,
      "duration" : 0
    },
    "status" : "passed",
    "steps" : [ ],
    "attachments" : [ ],
    "parameters" : [ ],
    "stepsCount" : 0,
    "attachmentsCount" : 0,
    "shouldDisplayMessage" : false,
    "hasContent" : false
  }, {
    "name" : "page",
    "time" : {
      "start" : 1757900130704,
      "stop" : 1757900130915,
      "duration" : 211
    },
    "status" : "passed",
    "steps" : [ {
      "name" : "Open a browser",
      "time" : {
        "start" : 1757900130705,
        "stop" : 1757900130915,
        "duration" : 210
      },
      "status" : "passed",
      "steps" : [ ],
      "attachments" : [ ],
      "parameters" : [ ],
      "stepsCount" : 0,
      "attachmentsCount" : 0,
      "shouldDisplayMessage" : false,
      "hasContent" : false
    } ],
    "attachments" : [ ],
    "parameters" : [ ],
    "stepsCount" : 1,
    "attachmentsCount" : 0,
    "shouldDisplayMessage" : false,
    "hasContent" : true
  }, {
    "name" : "driver",
    "time" : {
      "start" : 1757900129447,
      "stop" : 1757900130704,
      "duration" : 1257
    },
    "status" : "passed",
    "steps" : [ ],
    "attachments" : [ ],
    "parameters" : [ ],
    "stepsCount" : 0,
    "attachmentsCount" : 0,
    "shouldDisplayMessage" : false,
    "hasContent" : false
  } ],
  "testStage" : {
    "description" : "This test checks \"Orders and Returns\" header is visible and has correct text",
    "status" : "broken",
    "statusMessage" : "selenium.common.exceptions.TimeoutException: Message: \nStacktrace:\n#0 0x5648ad02794a <unknown>\n#1 0x5648aca9c8a0 <unknown>\n#2 0x5648acaee540 <unknown>\n#3 0x5648acaee731 <unknown>\n#4 0x5648acb3c824 <unknown>\n#5 0x5648acb1405d <unknown>\n#6 0x5648acb39c23 <unknown>\n#7 0x5648acb13e03 <unknown>\n#8 0x5648acae0968 <unknown>\n#9 0x5648acae15e1 <unknown>\n#10 0x5648acfeb548 <unknown>\n#11 0x5648acfef272 <unknown>\n#12 0x5648acfd2313 <unknown>\n#13 0x5648acfefdc5 <unknown>\n#14 0x5648acfb749f <unknown>\n#15 0x5648ad014158 <unknown>\n#16 0x5648ad014332 <unknown>\n#17 0x5648ad026a53 <unknown>\n#18 0x7fcc72a9caa4 <unknown>\n#19 0x7fcc72b29c3c <unknown>",
    "statusTrace" : "self = <test_orders_and_returns.TestOrdersAndReturnsPage object at 0x7f9ca2477b60>\ndriver = <selenium.webdriver.chrome.webdriver.WebDriver (session=\"0cdaf37dd70d51216b664495fcad9bc6\")>\npage = <pages.orders_and_returns_page.OrdersAndReturnsPage object at 0x7f9ca234aa20>\n\n    @allure.title(\"TC 05.01.01 - Verify that 'Order and Returns' Page Heading is present\")\n    def test_tc_05_01_01_check_header(self, driver, page):\n        \"\"\"This test checks \"Orders and Returns\" header is visible and has correct text\"\"\"\n>       header_text = page.check_header()\n\ntests/test_orders_and_returns.py:21: \n_ _ _ _ _ _ _ _ _ _ _ _ _ _ _ _ _ _ _ _ _ _ _ _ _ _ _ _ _ _ _ _ _ _ _ _ _ _ _ _ \npages/orders_and_returns_page.py:12: in check_header\n    return self.get_text(self.locators.PAGE_HEADER)\npages/base_page.py:145: in get_text\n    text = self.element_is_visible(locator)\npages/base_page.py:30: in element_is_visible\n    self.go_to_element(self.element_is_present(locator))\npages/base_page.py:51: in element_is_present\n    return wait(self.driver, timeout).until(EC.presence_of_element_located(locator))\n_ _ _ _ _ _ _ _ _ _ _ _ _ _ _ _ _ _ _ _ _ _ _ _ _ _ _ _ _ _ _ _ _ _ _ _ _ _ _ _ \n\nself = <selenium.webdriver.support.wait.WebDriverWait (session=\"0cdaf37dd70d51216b664495fcad9bc6\")>\nmethod = <function presence_of_element_located.<locals>._predicate at 0x7f9ca2027060>\nmessage = ''\n\n    def until(self, method, message: str = \"\"):\n        \"\"\"Calls the method provided with the driver as an argument until the \\\n        return value does not evaluate to ``False``.\n    \n        :param method: callable(WebDriver)\n        :param message: optional message for :exc:`TimeoutException`\n        :returns: the result of the last call to `method`\n        :raises: :exc:`selenium.common.exceptions.TimeoutException` if timeout occurs\n        \"\"\"\n        screen = None\n        stacktrace = None\n    \n        end_time = time.monotonic() + self._timeout\n        while True:\n            try:\n                value = method(self._driver)\n                if value:\n                    return value\n            except self._ignored_exceptions as exc:\n                screen = getattr(exc, \"screen\", None)\n                stacktrace = getattr(exc, \"stacktrace\", None)\n            time.sleep(self._poll)\n            if time.monotonic() > end_time:\n                break\n>       raise TimeoutException(message, screen, stacktrace)\nE       selenium.common.exceptions.TimeoutException: Message: \nE       Stacktrace:\nE       #0 0x5648ad02794a <unknown>\nE       #1 0x5648aca9c8a0 <unknown>\nE       #2 0x5648acaee540 <unknown>\nE       #3 0x5648acaee731 <unknown>\nE       #4 0x5648acb3c824 <unknown>\nE       #5 0x5648acb1405d <unknown>\nE       #6 0x5648acb39c23 <unknown>\nE       #7 0x5648acb13e03 <unknown>\nE       #8 0x5648acae0968 <unknown>\nE       #9 0x5648acae15e1 <unknown>\nE       #10 0x5648acfeb548 <unknown>\nE       #11 0x5648acfef272 <unknown>\nE       #12 0x5648acfd2313 <unknown>\nE       #13 0x5648acfefdc5 <unknown>\nE       #14 0x5648acfb749f <unknown>\nE       #15 0x5648ad014158 <unknown>\nE       #16 0x5648ad014332 <unknown>\nE       #17 0x5648ad026a53 <unknown>\nE       #18 0x7fcc72a9caa4 <unknown>\nE       #19 0x7fcc72b29c3c <unknown>\n\n/opt/hostedtoolcache/Python/3.12.3/x64/lib/python3.12/site-packages/selenium/webdriver/support/wait.py:95: TimeoutException",
    "steps" : [ {
      "name" : "Get element text",
      "time" : {
        "start" : 1757900130916,
        "stop" : 1757900136016,
        "duration" : 5100
      },
      "status" : "broken",
      "statusMessage" : "selenium.common.exceptions.TimeoutException: Message: \nStacktrace:\n#0 0x5648ad02794a <unknown>\n#1 0x5648aca9c8a0 <unknown>\n#2 0x5648acaee540 <unknown>\n#3 0x5648acaee731 <unknown>\n#4 0x5648acb3c824 <unknown>\n#5 0x5648acb1405d <unknown>\n#6 0x5648acb39c23 <unknown>\n#7 0x5648acb13e03 <unknown>\n#8 0x5648acae0968 <unknown>\n#9 0x5648acae15e1 <unknown>\n#10 0x5648acfeb548 <unknown>\n#11 0x5648acfef272 <unknown>\n#12 0x5648acfd2313 <unknown>\n#13 0x5648acfefdc5 <unknown>\n#14 0x5648acfb749f <unknown>\n#15 0x5648ad014158 <unknown>\n#16 0x5648ad014332 <unknown>\n#17 0x5648ad026a53 <unknown>\n#18 0x7fcc72a9caa4 <unknown>\n#19 0x7fcc72b29c3c <unknown>\n\n",
      "statusTrace" : "  File \"/opt/hostedtoolcache/Python/3.12.3/x64/lib/python3.12/site-packages/allure_commons/_allure.py\", line 192, in impl\n    return func(*a, **kw)\n           ^^^^^^^^^^^^^^\n  File \"/home/runner/work/luma_project/luma_project/pages/base_page.py\", line 145, in get_text\n    text = self.element_is_visible(locator)\n           ^^^^^^^^^^^^^^^^^^^^^^^^^^^^^^^^\n  File \"/opt/hostedtoolcache/Python/3.12.3/x64/lib/python3.12/site-packages/allure_commons/_allure.py\", line 192, in impl\n    return func(*a, **kw)\n           ^^^^^^^^^^^^^^\n  File \"/home/runner/work/luma_project/luma_project/pages/base_page.py\", line 30, in element_is_visible\n    self.go_to_element(self.element_is_present(locator))\n                       ^^^^^^^^^^^^^^^^^^^^^^^^^^^^^^^^\n  File \"/opt/hostedtoolcache/Python/3.12.3/x64/lib/python3.12/site-packages/allure_commons/_allure.py\", line 192, in impl\n    return func(*a, **kw)\n           ^^^^^^^^^^^^^^\n  File \"/home/runner/work/luma_project/luma_project/pages/base_page.py\", line 51, in element_is_present\n    return wait(self.driver, timeout).until(EC.presence_of_element_located(locator))\n           ^^^^^^^^^^^^^^^^^^^^^^^^^^^^^^^^^^^^^^^^^^^^^^^^^^^^^^^^^^^^^^^^^^^^^^^^^\n  File \"/opt/hostedtoolcache/Python/3.12.3/x64/lib/python3.12/site-packages/selenium/webdriver/support/wait.py\", line 95, in until\n    raise TimeoutException(message, screen, stacktrace)\n",
      "steps" : [ {
        "name" : "Find a visible element",
        "time" : {
          "start" : 1757900130916,
          "stop" : 1757900136016,
          "duration" : 5100
        },
        "status" : "broken",
        "statusMessage" : "selenium.common.exceptions.TimeoutException: Message: \nStacktrace:\n#0 0x5648ad02794a <unknown>\n#1 0x5648aca9c8a0 <unknown>\n#2 0x5648acaee540 <unknown>\n#3 0x5648acaee731 <unknown>\n#4 0x5648acb3c824 <unknown>\n#5 0x5648acb1405d <unknown>\n#6 0x5648acb39c23 <unknown>\n#7 0x5648acb13e03 <unknown>\n#8 0x5648acae0968 <unknown>\n#9 0x5648acae15e1 <unknown>\n#10 0x5648acfeb548 <unknown>\n#11 0x5648acfef272 <unknown>\n#12 0x5648acfd2313 <unknown>\n#13 0x5648acfefdc5 <unknown>\n#14 0x5648acfb749f <unknown>\n#15 0x5648ad014158 <unknown>\n#16 0x5648ad014332 <unknown>\n#17 0x5648ad026a53 <unknown>\n#18 0x7fcc72a9caa4 <unknown>\n#19 0x7fcc72b29c3c <unknown>\n\n",
        "statusTrace" : "  File \"/opt/hostedtoolcache/Python/3.12.3/x64/lib/python3.12/site-packages/allure_commons/_allure.py\", line 192, in impl\n    return func(*a, **kw)\n           ^^^^^^^^^^^^^^\n  File \"/home/runner/work/luma_project/luma_project/pages/base_page.py\", line 30, in element_is_visible\n    self.go_to_element(self.element_is_present(locator))\n                       ^^^^^^^^^^^^^^^^^^^^^^^^^^^^^^^^\n  File \"/opt/hostedtoolcache/Python/3.12.3/x64/lib/python3.12/site-packages/allure_commons/_allure.py\", line 192, in impl\n    return func(*a, **kw)\n           ^^^^^^^^^^^^^^\n  File \"/home/runner/work/luma_project/luma_project/pages/base_page.py\", line 51, in element_is_present\n    return wait(self.driver, timeout).until(EC.presence_of_element_located(locator))\n           ^^^^^^^^^^^^^^^^^^^^^^^^^^^^^^^^^^^^^^^^^^^^^^^^^^^^^^^^^^^^^^^^^^^^^^^^^\n  File \"/opt/hostedtoolcache/Python/3.12.3/x64/lib/python3.12/site-packages/selenium/webdriver/support/wait.py\", line 95, in until\n    raise TimeoutException(message, screen, stacktrace)\n",
        "steps" : [ {
          "name" : "Find a present element",
          "time" : {
            "start" : 1757900130916,
            "stop" : 1757900136015,
            "duration" : 5099
          },
          "status" : "broken",
          "statusMessage" : "selenium.common.exceptions.TimeoutException: Message: \nStacktrace:\n#0 0x5648ad02794a <unknown>\n#1 0x5648aca9c8a0 <unknown>\n#2 0x5648acaee540 <unknown>\n#3 0x5648acaee731 <unknown>\n#4 0x5648acb3c824 <unknown>\n#5 0x5648acb1405d <unknown>\n#6 0x5648acb39c23 <unknown>\n#7 0x5648acb13e03 <unknown>\n#8 0x5648acae0968 <unknown>\n#9 0x5648acae15e1 <unknown>\n#10 0x5648acfeb548 <unknown>\n#11 0x5648acfef272 <unknown>\n#12 0x5648acfd2313 <unknown>\n#13 0x5648acfefdc5 <unknown>\n#14 0x5648acfb749f <unknown>\n#15 0x5648ad014158 <unknown>\n#16 0x5648ad014332 <unknown>\n#17 0x5648ad026a53 <unknown>\n#18 0x7fcc72a9caa4 <unknown>\n#19 0x7fcc72b29c3c <unknown>\n\n",
          "statusTrace" : "  File \"/opt/hostedtoolcache/Python/3.12.3/x64/lib/python3.12/site-packages/allure_commons/_allure.py\", line 192, in impl\n    return func(*a, **kw)\n           ^^^^^^^^^^^^^^\n  File \"/home/runner/work/luma_project/luma_project/pages/base_page.py\", line 51, in element_is_present\n    return wait(self.driver, timeout).until(EC.presence_of_element_located(locator))\n           ^^^^^^^^^^^^^^^^^^^^^^^^^^^^^^^^^^^^^^^^^^^^^^^^^^^^^^^^^^^^^^^^^^^^^^^^^\n  File \"/opt/hostedtoolcache/Python/3.12.3/x64/lib/python3.12/site-packages/selenium/webdriver/support/wait.py\", line 95, in until\n    raise TimeoutException(message, screen, stacktrace)\n",
          "steps" : [ ],
          "attachments" : [ ],
          "parameters" : [ {
            "name" : "locator",
            "value" : "('css selector', '[data-ui-id=\"page-title-wrapper\"]')"
          }, {
            "name" : "timeout",
            "value" : "5"
          } ],
          "stepsCount" : 0,
          "attachmentsCount" : 0,
          "shouldDisplayMessage" : true,
          "hasContent" : true
        } ],
        "attachments" : [ ],
        "parameters" : [ {
          "name" : "locator",
          "value" : "('css selector', '[data-ui-id=\"page-title-wrapper\"]')"
        }, {
          "name" : "timeout",
          "value" : "10"
        } ],
        "stepsCount" : 1,
        "attachmentsCount" : 0,
        "shouldDisplayMessage" : false,
        "hasContent" : true
      } ],
      "attachments" : [ ],
      "parameters" : [ {
        "name" : "locator",
        "value" : "('css selector', '[data-ui-id=\"page-title-wrapper\"]')"
      } ],
      "stepsCount" : 2,
      "attachmentsCount" : 0,
      "shouldDisplayMessage" : false,
      "hasContent" : true
    } ],
    "attachments" : [ {
      "uid" : "9ae7018086a511bc",
      "name" : "Screenshot",
      "source" : "9ae7018086a511bc.png",
      "type" : "image/png",
      "size" : 23875
    }, {
      "uid" : "4c55ffe2b2b1724b",
      "name" : "HTML source",
      "source" : "4c55ffe2b2b1724b.html",
      "type" : "text/html",
      "size" : 786
    } ],
    "parameters" : [ ],
    "stepsCount" : 3,
    "attachmentsCount" : 2,
    "shouldDisplayMessage" : true,
    "hasContent" : true
  },
  "afterStages" : [ {
    "name" : "clear_allure_result_folder::0",
    "time" : {
      "start" : 1757901039531,
      "stop" : 1757901039531,
      "duration" : 0
    },
    "status" : "passed",
    "steps" : [ ],
    "attachments" : [ ],
    "parameters" : [ ],
    "stepsCount" : 0,
    "attachmentsCount" : 0,
    "shouldDisplayMessage" : false,
    "hasContent" : false
  }, {
    "name" : "driver::0",
    "time" : {
      "start" : 1757900136076,
      "stop" : 1757900136138,
      "duration" : 62
    },
    "status" : "passed",
    "steps" : [ ],
    "attachments" : [ ],
    "parameters" : [ ],
    "stepsCount" : 0,
    "attachmentsCount" : 0,
    "shouldDisplayMessage" : false,
    "hasContent" : false
  } ],
  "labels" : [ {
    "name" : "epic",
    "value" : "Orders and Returns"
  }, {
    "name" : "parentSuite",
    "value" : "tests"
  }, {
    "name" : "suite",
    "value" : "test_orders_and_returns"
  }, {
    "name" : "subSuite",
    "value" : "TestOrdersAndReturnsPage"
  }, {
    "name" : "host",
    "value" : "runnervmf4ws1"
  }, {
    "name" : "thread",
    "value" : "3099-MainThread"
  }, {
    "name" : "framework",
    "value" : "pytest"
  }, {
    "name" : "language",
    "value" : "cpython3"
  }, {
    "name" : "package",
    "value" : "tests.test_orders_and_returns"
  }, {
    "name" : "resultFormat",
    "value" : "allure2"
  } ],
  "parameters" : [ ],
  "links" : [ ],
  "hidden" : false,
  "retry" : false,
  "extra" : {
    "severity" : "normal",
    "retries" : [ ],
    "categories" : [ {
      "name" : "Test defects",
      "matchedStatuses" : [ ],
      "flaky" : false
    } ],
    "tags" : [ ]
  },
  "source" : "f20bd8ab561b2f5b.json",
  "parameterValues" : [ ]
}