{
  "uid" : "f50e7c3a4d391fa5",
  "name" : "test_check_card_price",
  "fullName" : "tests.test_main_page.TestHotSellerSection#test_check_card_price",
  "historyId" : "f4026d9f96acc9996f781ecba7818e56",
  "time" : {
    "start" : 1760923702580,
    "stop" : 1760923707945,
    "duration" : 5365
  },
  "description" : "This test checks that the card has a price and a price in USD",
  "descriptionHtml" : "<p>This test checks that the card has a price and a price in USD</p>\n",
  "status" : "skipped",
  "statusMessage" : "XFAIL In CI the test failed in PR#203\n\nselenium.common.exceptions.TimeoutException: Message: \nStacktrace:\n#0 0x5616bcf8967a <unknown>\n#1 0x5616bca08566 <unknown>\n#2 0x5616bca5a68d <unknown>\n#3 0x5616bca5a921 <unknown>\n#4 0x5616bcaa8e94 <unknown>\n#5 0x5616bca8065d <unknown>\n#6 0x5616bcaa6328 <unknown>\n#7 0x5616bca80403 <unknown>\n#8 0x5616bca4cb02 <unknown>\n#9 0x5616bca4d7c1 <unknown>\n#10 0x5616bcf4d448 <unknown>\n#11 0x5616bcf512af <unknown>\n#12 0x5616bcf348d9 <unknown>\n#13 0x5616bcf51e55 <unknown>\n#14 0x5616bcf1a13f <unknown>\n#15 0x5616bcf764b8 <unknown>\n#16 0x5616bcf76693 <unknown>\n#17 0x5616bcf88613 <unknown>\n#18 0x7ff0e329caa4 <unknown>\n#19 0x7ff0e3329c6c <unknown>",
  "statusTrace" : "self = <test_main_page.TestMainPage.TestHotSellerSection object at 0x7f492e36cd10>\ndriver = <selenium.webdriver.chrome.webdriver.WebDriver (session=\"b44cea7ff42b82b33f152a53de62c364\")>\n\n    @pytest.mark.xfail(reason=\"In CI the test failed in PR#203\")\n    def test_check_card_price(self, driver):\n        \"\"\"This test checks that the card has a price and a price in USD\"\"\"\n        page = MainPage(driver, MAIN_PAGE_URL)\n        page.open()\n>       text = page.check_card_price()\n\ntests/test_main_page.py:48: \n_ _ _ _ _ _ _ _ _ _ _ _ _ _ _ _ _ _ _ _ _ _ _ _ _ _ _ _ _ _ _ _ _ _ _ _ _ _ _ _ \npages/main_page.py:49: in check_card_price\n    text = self.get_text(self.locators.CARD_PRICE)\npages/base_page.py:145: in get_text\n    text = self.element_is_visible(locator)\npages/base_page.py:30: in element_is_visible\n    self.go_to_element(self.element_is_present(locator))\npages/base_page.py:51: in element_is_present\n    return wait(self.driver, timeout).until(EC.presence_of_element_located(locator))\n_ _ _ _ _ _ _ _ _ _ _ _ _ _ _ _ _ _ _ _ _ _ _ _ _ _ _ _ _ _ _ _ _ _ _ _ _ _ _ _ \n\nself = <selenium.webdriver.support.wait.WebDriverWait (session=\"b44cea7ff42b82b33f152a53de62c364\")>\nmethod = <function presence_of_element_located.<locals>._predicate at 0x7f492dfe4a40>\nmessage = ''\n\n    def until(self, method, message: str = \"\"):\n        \"\"\"Calls the method provided with the driver as an argument until the \\\n        return value does not evaluate to ``False``.\n    \n        :param method: callable(WebDriver)\n        :param message: optional message for :exc:`TimeoutException`\n        :returns: the result of the last call to `method`\n        :raises: :exc:`selenium.common.exceptions.TimeoutException` if timeout occurs\n        \"\"\"\n        screen = None\n        stacktrace = None\n    \n        end_time = time.monotonic() + self._timeout\n        while True:\n            try:\n                value = method(self._driver)\n                if value:\n                    return value\n            except self._ignored_exceptions as exc:\n                screen = getattr(exc, \"screen\", None)\n                stacktrace = getattr(exc, \"stacktrace\", None)\n            time.sleep(self._poll)\n            if time.monotonic() > end_time:\n                break\n>       raise TimeoutException(message, screen, stacktrace)\nE       selenium.common.exceptions.TimeoutException: Message: \nE       Stacktrace:\nE       #0 0x5616bcf8967a <unknown>\nE       #1 0x5616bca08566 <unknown>\nE       #2 0x5616bca5a68d <unknown>\nE       #3 0x5616bca5a921 <unknown>\nE       #4 0x5616bcaa8e94 <unknown>\nE       #5 0x5616bca8065d <unknown>\nE       #6 0x5616bcaa6328 <unknown>\nE       #7 0x5616bca80403 <unknown>\nE       #8 0x5616bca4cb02 <unknown>\nE       #9 0x5616bca4d7c1 <unknown>\nE       #10 0x5616bcf4d448 <unknown>\nE       #11 0x5616bcf512af <unknown>\nE       #12 0x5616bcf348d9 <unknown>\nE       #13 0x5616bcf51e55 <unknown>\nE       #14 0x5616bcf1a13f <unknown>\nE       #15 0x5616bcf764b8 <unknown>\nE       #16 0x5616bcf76693 <unknown>\nE       #17 0x5616bcf88613 <unknown>\nE       #18 0x7ff0e329caa4 <unknown>\nE       #19 0x7ff0e3329c6c <unknown>\n\n/opt/hostedtoolcache/Python/3.12.3/x64/lib/python3.12/site-packages/selenium/webdriver/support/wait.py:95: TimeoutException",
  "flaky" : false,
  "newFailed" : false,
  "beforeStages" : [ {
    "name" : "driver",
    "time" : {
      "start" : 1760923701340,
      "stop" : 1760923702579,
      "duration" : 1239
    },
    "status" : "passed",
    "steps" : [ ],
    "attachments" : [ ],
    "parameters" : [ ],
    "stepsCount" : 0,
    "attachmentsCount" : 0,
    "shouldDisplayMessage" : false,
    "hasContent" : false
  }, {
    "name" : "_session_faker",
    "time" : {
      "start" : 1760922726660,
      "stop" : 1760922726729,
      "duration" : 69
    },
    "status" : "passed",
    "steps" : [ ],
    "attachments" : [ ],
    "parameters" : [ ],
    "stepsCount" : 0,
    "attachmentsCount" : 0,
    "shouldDisplayMessage" : false,
    "hasContent" : false
  }, {
    "name" : "clear_allure_result_folder",
    "time" : {
      "start" : 1760922726729,
      "stop" : 1760922726729,
      "duration" : 0
    },
    "status" : "passed",
    "steps" : [ ],
    "attachments" : [ ],
    "parameters" : [ ],
    "stepsCount" : 0,
    "attachmentsCount" : 0,
    "shouldDisplayMessage" : false,
    "hasContent" : false
  } ],
  "testStage" : {
    "description" : "This test checks that the card has a price and a price in USD",
    "status" : "skipped",
    "statusMessage" : "XFAIL In CI the test failed in PR#203\n\nselenium.common.exceptions.TimeoutException: Message: \nStacktrace:\n#0 0x5616bcf8967a <unknown>\n#1 0x5616bca08566 <unknown>\n#2 0x5616bca5a68d <unknown>\n#3 0x5616bca5a921 <unknown>\n#4 0x5616bcaa8e94 <unknown>\n#5 0x5616bca8065d <unknown>\n#6 0x5616bcaa6328 <unknown>\n#7 0x5616bca80403 <unknown>\n#8 0x5616bca4cb02 <unknown>\n#9 0x5616bca4d7c1 <unknown>\n#10 0x5616bcf4d448 <unknown>\n#11 0x5616bcf512af <unknown>\n#12 0x5616bcf348d9 <unknown>\n#13 0x5616bcf51e55 <unknown>\n#14 0x5616bcf1a13f <unknown>\n#15 0x5616bcf764b8 <unknown>\n#16 0x5616bcf76693 <unknown>\n#17 0x5616bcf88613 <unknown>\n#18 0x7ff0e329caa4 <unknown>\n#19 0x7ff0e3329c6c <unknown>",
    "statusTrace" : "self = <test_main_page.TestMainPage.TestHotSellerSection object at 0x7f492e36cd10>\ndriver = <selenium.webdriver.chrome.webdriver.WebDriver (session=\"b44cea7ff42b82b33f152a53de62c364\")>\n\n    @pytest.mark.xfail(reason=\"In CI the test failed in PR#203\")\n    def test_check_card_price(self, driver):\n        \"\"\"This test checks that the card has a price and a price in USD\"\"\"\n        page = MainPage(driver, MAIN_PAGE_URL)\n        page.open()\n>       text = page.check_card_price()\n\ntests/test_main_page.py:48: \n_ _ _ _ _ _ _ _ _ _ _ _ _ _ _ _ _ _ _ _ _ _ _ _ _ _ _ _ _ _ _ _ _ _ _ _ _ _ _ _ \npages/main_page.py:49: in check_card_price\n    text = self.get_text(self.locators.CARD_PRICE)\npages/base_page.py:145: in get_text\n    text = self.element_is_visible(locator)\npages/base_page.py:30: in element_is_visible\n    self.go_to_element(self.element_is_present(locator))\npages/base_page.py:51: in element_is_present\n    return wait(self.driver, timeout).until(EC.presence_of_element_located(locator))\n_ _ _ _ _ _ _ _ _ _ _ _ _ _ _ _ _ _ _ _ _ _ _ _ _ _ _ _ _ _ _ _ _ _ _ _ _ _ _ _ \n\nself = <selenium.webdriver.support.wait.WebDriverWait (session=\"b44cea7ff42b82b33f152a53de62c364\")>\nmethod = <function presence_of_element_located.<locals>._predicate at 0x7f492dfe4a40>\nmessage = ''\n\n    def until(self, method, message: str = \"\"):\n        \"\"\"Calls the method provided with the driver as an argument until the \\\n        return value does not evaluate to ``False``.\n    \n        :param method: callable(WebDriver)\n        :param message: optional message for :exc:`TimeoutException`\n        :returns: the result of the last call to `method`\n        :raises: :exc:`selenium.common.exceptions.TimeoutException` if timeout occurs\n        \"\"\"\n        screen = None\n        stacktrace = None\n    \n        end_time = time.monotonic() + self._timeout\n        while True:\n            try:\n                value = method(self._driver)\n                if value:\n                    return value\n            except self._ignored_exceptions as exc:\n                screen = getattr(exc, \"screen\", None)\n                stacktrace = getattr(exc, \"stacktrace\", None)\n            time.sleep(self._poll)\n            if time.monotonic() > end_time:\n                break\n>       raise TimeoutException(message, screen, stacktrace)\nE       selenium.common.exceptions.TimeoutException: Message: \nE       Stacktrace:\nE       #0 0x5616bcf8967a <unknown>\nE       #1 0x5616bca08566 <unknown>\nE       #2 0x5616bca5a68d <unknown>\nE       #3 0x5616bca5a921 <unknown>\nE       #4 0x5616bcaa8e94 <unknown>\nE       #5 0x5616bca8065d <unknown>\nE       #6 0x5616bcaa6328 <unknown>\nE       #7 0x5616bca80403 <unknown>\nE       #8 0x5616bca4cb02 <unknown>\nE       #9 0x5616bca4d7c1 <unknown>\nE       #10 0x5616bcf4d448 <unknown>\nE       #11 0x5616bcf512af <unknown>\nE       #12 0x5616bcf348d9 <unknown>\nE       #13 0x5616bcf51e55 <unknown>\nE       #14 0x5616bcf1a13f <unknown>\nE       #15 0x5616bcf764b8 <unknown>\nE       #16 0x5616bcf76693 <unknown>\nE       #17 0x5616bcf88613 <unknown>\nE       #18 0x7ff0e329caa4 <unknown>\nE       #19 0x7ff0e3329c6c <unknown>\n\n/opt/hostedtoolcache/Python/3.12.3/x64/lib/python3.12/site-packages/selenium/webdriver/support/wait.py:95: TimeoutException",
    "steps" : [ {
      "name" : "Open a browser",
      "time" : {
        "start" : 1760923702580,
        "stop" : 1760923702845,
        "duration" : 265
      },
      "status" : "passed",
      "steps" : [ ],
      "attachments" : [ ],
      "parameters" : [ ],
      "stepsCount" : 0,
      "attachmentsCount" : 0,
      "shouldDisplayMessage" : false,
      "hasContent" : false
    }, {
      "name" : "Get element text",
      "time" : {
        "start" : 1760923702845,
        "stop" : 1760923707945,
        "duration" : 5100
      },
      "status" : "broken",
      "statusMessage" : "selenium.common.exceptions.TimeoutException: Message: \nStacktrace:\n#0 0x5616bcf8967a <unknown>\n#1 0x5616bca08566 <unknown>\n#2 0x5616bca5a68d <unknown>\n#3 0x5616bca5a921 <unknown>\n#4 0x5616bcaa8e94 <unknown>\n#5 0x5616bca8065d <unknown>\n#6 0x5616bcaa6328 <unknown>\n#7 0x5616bca80403 <unknown>\n#8 0x5616bca4cb02 <unknown>\n#9 0x5616bca4d7c1 <unknown>\n#10 0x5616bcf4d448 <unknown>\n#11 0x5616bcf512af <unknown>\n#12 0x5616bcf348d9 <unknown>\n#13 0x5616bcf51e55 <unknown>\n#14 0x5616bcf1a13f <unknown>\n#15 0x5616bcf764b8 <unknown>\n#16 0x5616bcf76693 <unknown>\n#17 0x5616bcf88613 <unknown>\n#18 0x7ff0e329caa4 <unknown>\n#19 0x7ff0e3329c6c <unknown>\n\n",
      "statusTrace" : "  File \"/opt/hostedtoolcache/Python/3.12.3/x64/lib/python3.12/site-packages/allure_commons/_allure.py\", line 192, in impl\n    return func(*a, **kw)\n           ^^^^^^^^^^^^^^\n  File \"/home/runner/work/luma_project/luma_project/pages/base_page.py\", line 145, in get_text\n    text = self.element_is_visible(locator)\n           ^^^^^^^^^^^^^^^^^^^^^^^^^^^^^^^^\n  File \"/opt/hostedtoolcache/Python/3.12.3/x64/lib/python3.12/site-packages/allure_commons/_allure.py\", line 192, in impl\n    return func(*a, **kw)\n           ^^^^^^^^^^^^^^\n  File \"/home/runner/work/luma_project/luma_project/pages/base_page.py\", line 30, in element_is_visible\n    self.go_to_element(self.element_is_present(locator))\n                       ^^^^^^^^^^^^^^^^^^^^^^^^^^^^^^^^\n  File \"/opt/hostedtoolcache/Python/3.12.3/x64/lib/python3.12/site-packages/allure_commons/_allure.py\", line 192, in impl\n    return func(*a, **kw)\n           ^^^^^^^^^^^^^^\n  File \"/home/runner/work/luma_project/luma_project/pages/base_page.py\", line 51, in element_is_present\n    return wait(self.driver, timeout).until(EC.presence_of_element_located(locator))\n           ^^^^^^^^^^^^^^^^^^^^^^^^^^^^^^^^^^^^^^^^^^^^^^^^^^^^^^^^^^^^^^^^^^^^^^^^^\n  File \"/opt/hostedtoolcache/Python/3.12.3/x64/lib/python3.12/site-packages/selenium/webdriver/support/wait.py\", line 95, in until\n    raise TimeoutException(message, screen, stacktrace)\n",
      "steps" : [ {
        "name" : "Find a visible element",
        "time" : {
          "start" : 1760923702846,
          "stop" : 1760923707944,
          "duration" : 5098
        },
        "status" : "broken",
        "statusMessage" : "selenium.common.exceptions.TimeoutException: Message: \nStacktrace:\n#0 0x5616bcf8967a <unknown>\n#1 0x5616bca08566 <unknown>\n#2 0x5616bca5a68d <unknown>\n#3 0x5616bca5a921 <unknown>\n#4 0x5616bcaa8e94 <unknown>\n#5 0x5616bca8065d <unknown>\n#6 0x5616bcaa6328 <unknown>\n#7 0x5616bca80403 <unknown>\n#8 0x5616bca4cb02 <unknown>\n#9 0x5616bca4d7c1 <unknown>\n#10 0x5616bcf4d448 <unknown>\n#11 0x5616bcf512af <unknown>\n#12 0x5616bcf348d9 <unknown>\n#13 0x5616bcf51e55 <unknown>\n#14 0x5616bcf1a13f <unknown>\n#15 0x5616bcf764b8 <unknown>\n#16 0x5616bcf76693 <unknown>\n#17 0x5616bcf88613 <unknown>\n#18 0x7ff0e329caa4 <unknown>\n#19 0x7ff0e3329c6c <unknown>\n\n",
        "statusTrace" : "  File \"/opt/hostedtoolcache/Python/3.12.3/x64/lib/python3.12/site-packages/allure_commons/_allure.py\", line 192, in impl\n    return func(*a, **kw)\n           ^^^^^^^^^^^^^^\n  File \"/home/runner/work/luma_project/luma_project/pages/base_page.py\", line 30, in element_is_visible\n    self.go_to_element(self.element_is_present(locator))\n                       ^^^^^^^^^^^^^^^^^^^^^^^^^^^^^^^^\n  File \"/opt/hostedtoolcache/Python/3.12.3/x64/lib/python3.12/site-packages/allure_commons/_allure.py\", line 192, in impl\n    return func(*a, **kw)\n           ^^^^^^^^^^^^^^\n  File \"/home/runner/work/luma_project/luma_project/pages/base_page.py\", line 51, in element_is_present\n    return wait(self.driver, timeout).until(EC.presence_of_element_located(locator))\n           ^^^^^^^^^^^^^^^^^^^^^^^^^^^^^^^^^^^^^^^^^^^^^^^^^^^^^^^^^^^^^^^^^^^^^^^^^\n  File \"/opt/hostedtoolcache/Python/3.12.3/x64/lib/python3.12/site-packages/selenium/webdriver/support/wait.py\", line 95, in until\n    raise TimeoutException(message, screen, stacktrace)\n",
        "steps" : [ {
          "name" : "Find a present element",
          "time" : {
            "start" : 1760923702846,
            "stop" : 1760923707944,
            "duration" : 5098
          },
          "status" : "broken",
          "statusMessage" : "selenium.common.exceptions.TimeoutException: Message: \nStacktrace:\n#0 0x5616bcf8967a <unknown>\n#1 0x5616bca08566 <unknown>\n#2 0x5616bca5a68d <unknown>\n#3 0x5616bca5a921 <unknown>\n#4 0x5616bcaa8e94 <unknown>\n#5 0x5616bca8065d <unknown>\n#6 0x5616bcaa6328 <unknown>\n#7 0x5616bca80403 <unknown>\n#8 0x5616bca4cb02 <unknown>\n#9 0x5616bca4d7c1 <unknown>\n#10 0x5616bcf4d448 <unknown>\n#11 0x5616bcf512af <unknown>\n#12 0x5616bcf348d9 <unknown>\n#13 0x5616bcf51e55 <unknown>\n#14 0x5616bcf1a13f <unknown>\n#15 0x5616bcf764b8 <unknown>\n#16 0x5616bcf76693 <unknown>\n#17 0x5616bcf88613 <unknown>\n#18 0x7ff0e329caa4 <unknown>\n#19 0x7ff0e3329c6c <unknown>\n\n",
          "statusTrace" : "  File \"/opt/hostedtoolcache/Python/3.12.3/x64/lib/python3.12/site-packages/allure_commons/_allure.py\", line 192, in impl\n    return func(*a, **kw)\n           ^^^^^^^^^^^^^^\n  File \"/home/runner/work/luma_project/luma_project/pages/base_page.py\", line 51, in element_is_present\n    return wait(self.driver, timeout).until(EC.presence_of_element_located(locator))\n           ^^^^^^^^^^^^^^^^^^^^^^^^^^^^^^^^^^^^^^^^^^^^^^^^^^^^^^^^^^^^^^^^^^^^^^^^^\n  File \"/opt/hostedtoolcache/Python/3.12.3/x64/lib/python3.12/site-packages/selenium/webdriver/support/wait.py\", line 95, in until\n    raise TimeoutException(message, screen, stacktrace)\n",
          "steps" : [ ],
          "attachments" : [ ],
          "parameters" : [ {
            "name" : "locator",
            "value" : "('css selector', \"li[class='product-item']:nth-child(5) span[class='price']\")"
          }, {
            "name" : "timeout",
            "value" : "5"
          } ],
          "stepsCount" : 0,
          "attachmentsCount" : 0,
          "shouldDisplayMessage" : true,
          "hasContent" : true
        } ],
        "attachments" : [ ],
        "parameters" : [ {
          "name" : "locator",
          "value" : "('css selector', \"li[class='product-item']:nth-child(5) span[class='price']\")"
        }, {
          "name" : "timeout",
          "value" : "10"
        } ],
        "stepsCount" : 1,
        "attachmentsCount" : 0,
        "shouldDisplayMessage" : false,
        "hasContent" : true
      } ],
      "attachments" : [ ],
      "parameters" : [ {
        "name" : "locator",
        "value" : "('css selector', \"li[class='product-item']:nth-child(5) span[class='price']\")"
      } ],
      "stepsCount" : 2,
      "attachmentsCount" : 0,
      "shouldDisplayMessage" : false,
      "hasContent" : true
    } ],
    "attachments" : [ {
      "uid" : "eb653dfc68507013",
      "name" : "Screenshot",
      "source" : "eb653dfc68507013.png",
      "type" : "image/png",
      "size" : 23875
    }, {
      "uid" : "bc86dceb66813fe4",
      "name" : "HTML source",
      "source" : "bc86dceb66813fe4.html",
      "type" : "text/html",
      "size" : 786
    } ],
    "parameters" : [ ],
    "stepsCount" : 4,
    "attachmentsCount" : 2,
    "shouldDisplayMessage" : true,
    "hasContent" : true
  },
  "afterStages" : [ {
    "name" : "driver::0",
    "time" : {
      "start" : 1760923708049,
      "stop" : 1760923708108,
      "duration" : 59
    },
    "status" : "passed",
    "steps" : [ ],
    "attachments" : [ ],
    "parameters" : [ ],
    "stepsCount" : 0,
    "attachmentsCount" : 0,
    "shouldDisplayMessage" : false,
    "hasContent" : false
  }, {
    "name" : "clear_allure_result_folder::0",
    "time" : {
      "start" : 1760925158748,
      "stop" : 1760925158748,
      "duration" : 0
    },
    "status" : "passed",
    "steps" : [ ],
    "attachments" : [ ],
    "parameters" : [ ],
    "stepsCount" : 0,
    "attachmentsCount" : 0,
    "shouldDisplayMessage" : false,
    "hasContent" : false
  } ],
  "labels" : [ {
    "name" : "epic",
    "value" : "Main Page"
  }, {
    "name" : "feature",
    "value" : "Testing Hot Seller Section"
  }, {
    "name" : "tag",
    "value" : "@pytest.mark.xfail(reason='In CI the test failed in PR#203')"
  }, {
    "name" : "parentSuite",
    "value" : "tests"
  }, {
    "name" : "suite",
    "value" : "test_main_page"
  }, {
    "name" : "subSuite",
    "value" : "TestMainPage"
  }, {
    "name" : "host",
    "value" : "runnervmzdgdc"
  }, {
    "name" : "thread",
    "value" : "2984-MainThread"
  }, {
    "name" : "framework",
    "value" : "pytest"
  }, {
    "name" : "language",
    "value" : "cpython3"
  }, {
    "name" : "package",
    "value" : "tests.test_main_page"
  }, {
    "name" : "resultFormat",
    "value" : "allure2"
  } ],
  "parameters" : [ ],
  "links" : [ ],
  "hidden" : false,
  "retry" : false,
  "extra" : {
    "severity" : "normal",
    "retries" : [ ],
    "categories" : [ ],
    "tags" : [ "@pytest.mark.xfail(reason='In CI the test failed in PR#203')" ]
  },
  "source" : "f50e7c3a4d391fa5.json",
  "parameterValues" : [ ]
}