{
  "uid" : "f88952d61240b77a",
  "name" : "TC 10.01.03, 10.01.05, 10.01.07, 10.01.09, 10.01.11, 10.01.13 - Verify 6 links in Women's Deals open the correct pages",
  "fullName" : "tests.test_sale.TestSideMenuBarWomen#test_tc_10_01_03__05_07_09_11_13",
  "historyId" : "3fe2ba700ff5afba63aaea1e01c0a092",
  "time" : {
    "start" : 1762134026187,
    "stop" : 1762134031289,
    "duration" : 5102
  },
  "description" : "Check that six links in Women's Deals section lead to the correct pages after click",
  "descriptionHtml" : "<p>Check that six links in Women's Deals section lead to the correct pages after click</p>\n",
  "status" : "broken",
  "statusMessage" : "selenium.common.exceptions.TimeoutException: Message: \nStacktrace:\n#0 0x5559d5b45aea <unknown>\n#1 0x5559d5591cdb <unknown>\n#2 0x5559d55e46c4 <unknown>\n#3 0x5559d55e4901 <unknown>\n#4 0x5559d56338b4 <unknown>\n#5 0x5559d5630c87 <unknown>\n#6 0x5559d55d6aca <unknown>\n#7 0x5559d55d77d1 <unknown>\n#8 0x5559d5b0cab9 <unknown>\n#9 0x5559d5b0fa8c <unknown>\n#10 0x5559d5af5d49 <unknown>\n#11 0x5559d5b10685 <unknown>\n#12 0x5559d5add6c3 <unknown>\n#13 0x5559d5b327d8 <unknown>\n#14 0x5559d5b329b3 <unknown>\n#15 0x5559d5b44a83 <unknown>\n#16 0x7fa16089caa4 <unknown>\n#17 0x7fa160929c6c <unknown>",
  "statusTrace" : "self = <test_sale.TestSalePage.TestSideMenuBarWomen object at 0x7f69c971d8e0>\nsale_page = <pages.sale_page.SalePage object at 0x7f69c94bbfb0>\nelement_locator = ('css selector', '.categories-menu > ul:nth-child(2) > li:nth-child(2) > a')\nexpected_title = 'Jackets - Tops - Women'\nexpected_url = 'https://magento.softwaretestingboard.com/women/tops-women/jackets-women.html'\n\n    @allure.title(\"TC 10.01.03, 10.01.05, 10.01.07, 10.01.09, 10.01.11, 10.01.13 - \"\n                  \"Verify 6 links in Women's Deals open the correct pages\")\n    @pytest.mark.parametrize(\n        \"element_locator, expected_title, expected_url\",\n        zip(\n            SideBarLocators.WOMEN_DEALS_ELEMENTS.values(),\n            expected_titles_w.values(),\n            expected_urls_w.values(),\n        )\n    )\n    def test_tc_10_01_03__05_07_09_11_13(self, sale_page, element_locator, expected_title, expected_url):\n        \"\"\"Check that six links in Women's Deals section lead to the correct pages after click\"\"\"\n>       element_in_women_deals = sale_page.element_is_clickable(element_locator)\n\ntests/test_sale.py:51: \n_ _ _ _ _ _ _ _ _ _ _ _ _ _ _ _ _ _ _ _ _ _ _ _ _ _ _ _ _ _ _ _ _ _ _ _ _ _ _ _ \npages/base_page.py:81: in element_is_clickable\n    return wait(self.driver, timeout).until(EC.element_to_be_clickable(locator))\n_ _ _ _ _ _ _ _ _ _ _ _ _ _ _ _ _ _ _ _ _ _ _ _ _ _ _ _ _ _ _ _ _ _ _ _ _ _ _ _ \n\nself = <selenium.webdriver.support.wait.WebDriverWait (session=\"6ac7141d0a061e11d4bb91c15b7f65fd\")>\nmethod = <function element_to_be_clickable.<locals>._predicate at 0x7f69c9128fe0>\nmessage = ''\n\n    def until(self, method, message: str = \"\"):\n        \"\"\"Calls the method provided with the driver as an argument until the \\\n        return value does not evaluate to ``False``.\n    \n        :param method: callable(WebDriver)\n        :param message: optional message for :exc:`TimeoutException`\n        :returns: the result of the last call to `method`\n        :raises: :exc:`selenium.common.exceptions.TimeoutException` if timeout occurs\n        \"\"\"\n        screen = None\n        stacktrace = None\n    \n        end_time = time.monotonic() + self._timeout\n        while True:\n            try:\n                value = method(self._driver)\n                if value:\n                    return value\n            except self._ignored_exceptions as exc:\n                screen = getattr(exc, \"screen\", None)\n                stacktrace = getattr(exc, \"stacktrace\", None)\n            time.sleep(self._poll)\n            if time.monotonic() > end_time:\n                break\n>       raise TimeoutException(message, screen, stacktrace)\nE       selenium.common.exceptions.TimeoutException: Message: \nE       Stacktrace:\nE       #0 0x5559d5b45aea <unknown>\nE       #1 0x5559d5591cdb <unknown>\nE       #2 0x5559d55e46c4 <unknown>\nE       #3 0x5559d55e4901 <unknown>\nE       #4 0x5559d56338b4 <unknown>\nE       #5 0x5559d5630c87 <unknown>\nE       #6 0x5559d55d6aca <unknown>\nE       #7 0x5559d55d77d1 <unknown>\nE       #8 0x5559d5b0cab9 <unknown>\nE       #9 0x5559d5b0fa8c <unknown>\nE       #10 0x5559d5af5d49 <unknown>\nE       #11 0x5559d5b10685 <unknown>\nE       #12 0x5559d5add6c3 <unknown>\nE       #13 0x5559d5b327d8 <unknown>\nE       #14 0x5559d5b329b3 <unknown>\nE       #15 0x5559d5b44a83 <unknown>\nE       #16 0x7fa16089caa4 <unknown>\nE       #17 0x7fa160929c6c <unknown>\n\n/opt/hostedtoolcache/Python/3.12.3/x64/lib/python3.12/site-packages/selenium/webdriver/support/wait.py:95: TimeoutException",
  "flaky" : false,
  "newFailed" : false,
  "beforeStages" : [ {
    "name" : "_session_faker",
    "time" : {
      "start" : 1762132384015,
      "stop" : 1762132384084,
      "duration" : 69
    },
    "status" : "passed",
    "steps" : [ ],
    "attachments" : [ ],
    "parameters" : [ ],
    "stepsCount" : 0,
    "attachmentsCount" : 0,
    "shouldDisplayMessage" : false,
    "hasContent" : false
  }, {
    "name" : "clear_allure_result_folder",
    "time" : {
      "start" : 1762132384084,
      "stop" : 1762132384084,
      "duration" : 0
    },
    "status" : "passed",
    "steps" : [ ],
    "attachments" : [ ],
    "parameters" : [ ],
    "stepsCount" : 0,
    "attachmentsCount" : 0,
    "shouldDisplayMessage" : false,
    "hasContent" : false
  }, {
    "name" : "sale_page",
    "time" : {
      "start" : 1762134025857,
      "stop" : 1762134026186,
      "duration" : 329
    },
    "status" : "passed",
    "steps" : [ {
      "name" : "Open a browser",
      "time" : {
        "start" : 1762134025857,
        "stop" : 1762134026186,
        "duration" : 329
      },
      "status" : "passed",
      "steps" : [ ],
      "attachments" : [ ],
      "parameters" : [ ],
      "stepsCount" : 0,
      "attachmentsCount" : 0,
      "shouldDisplayMessage" : false,
      "hasContent" : false
    } ],
    "attachments" : [ ],
    "parameters" : [ ],
    "stepsCount" : 1,
    "attachmentsCount" : 0,
    "shouldDisplayMessage" : false,
    "hasContent" : true
  }, {
    "name" : "driver",
    "time" : {
      "start" : 1762134024594,
      "stop" : 1762134025857,
      "duration" : 1263
    },
    "status" : "passed",
    "steps" : [ ],
    "attachments" : [ ],
    "parameters" : [ ],
    "stepsCount" : 0,
    "attachmentsCount" : 0,
    "shouldDisplayMessage" : false,
    "hasContent" : false
  } ],
  "testStage" : {
    "description" : "Check that six links in Women's Deals section lead to the correct pages after click",
    "status" : "broken",
    "statusMessage" : "selenium.common.exceptions.TimeoutException: Message: \nStacktrace:\n#0 0x5559d5b45aea <unknown>\n#1 0x5559d5591cdb <unknown>\n#2 0x5559d55e46c4 <unknown>\n#3 0x5559d55e4901 <unknown>\n#4 0x5559d56338b4 <unknown>\n#5 0x5559d5630c87 <unknown>\n#6 0x5559d55d6aca <unknown>\n#7 0x5559d55d77d1 <unknown>\n#8 0x5559d5b0cab9 <unknown>\n#9 0x5559d5b0fa8c <unknown>\n#10 0x5559d5af5d49 <unknown>\n#11 0x5559d5b10685 <unknown>\n#12 0x5559d5add6c3 <unknown>\n#13 0x5559d5b327d8 <unknown>\n#14 0x5559d5b329b3 <unknown>\n#15 0x5559d5b44a83 <unknown>\n#16 0x7fa16089caa4 <unknown>\n#17 0x7fa160929c6c <unknown>",
    "statusTrace" : "self = <test_sale.TestSalePage.TestSideMenuBarWomen object at 0x7f69c971d8e0>\nsale_page = <pages.sale_page.SalePage object at 0x7f69c94bbfb0>\nelement_locator = ('css selector', '.categories-menu > ul:nth-child(2) > li:nth-child(2) > a')\nexpected_title = 'Jackets - Tops - Women'\nexpected_url = 'https://magento.softwaretestingboard.com/women/tops-women/jackets-women.html'\n\n    @allure.title(\"TC 10.01.03, 10.01.05, 10.01.07, 10.01.09, 10.01.11, 10.01.13 - \"\n                  \"Verify 6 links in Women's Deals open the correct pages\")\n    @pytest.mark.parametrize(\n        \"element_locator, expected_title, expected_url\",\n        zip(\n            SideBarLocators.WOMEN_DEALS_ELEMENTS.values(),\n            expected_titles_w.values(),\n            expected_urls_w.values(),\n        )\n    )\n    def test_tc_10_01_03__05_07_09_11_13(self, sale_page, element_locator, expected_title, expected_url):\n        \"\"\"Check that six links in Women's Deals section lead to the correct pages after click\"\"\"\n>       element_in_women_deals = sale_page.element_is_clickable(element_locator)\n\ntests/test_sale.py:51: \n_ _ _ _ _ _ _ _ _ _ _ _ _ _ _ _ _ _ _ _ _ _ _ _ _ _ _ _ _ _ _ _ _ _ _ _ _ _ _ _ \npages/base_page.py:81: in element_is_clickable\n    return wait(self.driver, timeout).until(EC.element_to_be_clickable(locator))\n_ _ _ _ _ _ _ _ _ _ _ _ _ _ _ _ _ _ _ _ _ _ _ _ _ _ _ _ _ _ _ _ _ _ _ _ _ _ _ _ \n\nself = <selenium.webdriver.support.wait.WebDriverWait (session=\"6ac7141d0a061e11d4bb91c15b7f65fd\")>\nmethod = <function element_to_be_clickable.<locals>._predicate at 0x7f69c9128fe0>\nmessage = ''\n\n    def until(self, method, message: str = \"\"):\n        \"\"\"Calls the method provided with the driver as an argument until the \\\n        return value does not evaluate to ``False``.\n    \n        :param method: callable(WebDriver)\n        :param message: optional message for :exc:`TimeoutException`\n        :returns: the result of the last call to `method`\n        :raises: :exc:`selenium.common.exceptions.TimeoutException` if timeout occurs\n        \"\"\"\n        screen = None\n        stacktrace = None\n    \n        end_time = time.monotonic() + self._timeout\n        while True:\n            try:\n                value = method(self._driver)\n                if value:\n                    return value\n            except self._ignored_exceptions as exc:\n                screen = getattr(exc, \"screen\", None)\n                stacktrace = getattr(exc, \"stacktrace\", None)\n            time.sleep(self._poll)\n            if time.monotonic() > end_time:\n                break\n>       raise TimeoutException(message, screen, stacktrace)\nE       selenium.common.exceptions.TimeoutException: Message: \nE       Stacktrace:\nE       #0 0x5559d5b45aea <unknown>\nE       #1 0x5559d5591cdb <unknown>\nE       #2 0x5559d55e46c4 <unknown>\nE       #3 0x5559d55e4901 <unknown>\nE       #4 0x5559d56338b4 <unknown>\nE       #5 0x5559d5630c87 <unknown>\nE       #6 0x5559d55d6aca <unknown>\nE       #7 0x5559d55d77d1 <unknown>\nE       #8 0x5559d5b0cab9 <unknown>\nE       #9 0x5559d5b0fa8c <unknown>\nE       #10 0x5559d5af5d49 <unknown>\nE       #11 0x5559d5b10685 <unknown>\nE       #12 0x5559d5add6c3 <unknown>\nE       #13 0x5559d5b327d8 <unknown>\nE       #14 0x5559d5b329b3 <unknown>\nE       #15 0x5559d5b44a83 <unknown>\nE       #16 0x7fa16089caa4 <unknown>\nE       #17 0x7fa160929c6c <unknown>\n\n/opt/hostedtoolcache/Python/3.12.3/x64/lib/python3.12/site-packages/selenium/webdriver/support/wait.py:95: TimeoutException",
    "steps" : [ {
      "name" : "Find clickable elements",
      "time" : {
        "start" : 1762134026188,
        "stop" : 1762134031288,
        "duration" : 5100
      },
      "status" : "broken",
      "statusMessage" : "selenium.common.exceptions.TimeoutException: Message: \nStacktrace:\n#0 0x5559d5b45aea <unknown>\n#1 0x5559d5591cdb <unknown>\n#2 0x5559d55e46c4 <unknown>\n#3 0x5559d55e4901 <unknown>\n#4 0x5559d56338b4 <unknown>\n#5 0x5559d5630c87 <unknown>\n#6 0x5559d55d6aca <unknown>\n#7 0x5559d55d77d1 <unknown>\n#8 0x5559d5b0cab9 <unknown>\n#9 0x5559d5b0fa8c <unknown>\n#10 0x5559d5af5d49 <unknown>\n#11 0x5559d5b10685 <unknown>\n#12 0x5559d5add6c3 <unknown>\n#13 0x5559d5b327d8 <unknown>\n#14 0x5559d5b329b3 <unknown>\n#15 0x5559d5b44a83 <unknown>\n#16 0x7fa16089caa4 <unknown>\n#17 0x7fa160929c6c <unknown>\n\n",
      "statusTrace" : "  File \"/opt/hostedtoolcache/Python/3.12.3/x64/lib/python3.12/site-packages/allure_commons/_allure.py\", line 192, in impl\n    return func(*a, **kw)\n           ^^^^^^^^^^^^^^\n  File \"/home/runner/work/luma_project/luma_project/pages/base_page.py\", line 81, in element_is_clickable\n    return wait(self.driver, timeout).until(EC.element_to_be_clickable(locator))\n           ^^^^^^^^^^^^^^^^^^^^^^^^^^^^^^^^^^^^^^^^^^^^^^^^^^^^^^^^^^^^^^^^^^^^^\n  File \"/opt/hostedtoolcache/Python/3.12.3/x64/lib/python3.12/site-packages/selenium/webdriver/support/wait.py\", line 95, in until\n    raise TimeoutException(message, screen, stacktrace)\n",
      "steps" : [ ],
      "attachments" : [ ],
      "parameters" : [ {
        "name" : "locator",
        "value" : "('css selector', '.categories-menu > ul:nth-child(2) > li:nth-child(2) > a')"
      }, {
        "name" : "timeout",
        "value" : "5"
      } ],
      "stepsCount" : 0,
      "attachmentsCount" : 0,
      "shouldDisplayMessage" : true,
      "hasContent" : true
    } ],
    "attachments" : [ {
      "uid" : "52b058e5b8b34b1c",
      "name" : "Screenshot",
      "source" : "52b058e5b8b34b1c.png",
      "type" : "image/png",
      "size" : 23875
    }, {
      "uid" : "46d47d841d18601",
      "name" : "HTML source",
      "source" : "46d47d841d18601.html",
      "type" : "text/html",
      "size" : 1433
    } ],
    "parameters" : [ ],
    "stepsCount" : 1,
    "attachmentsCount" : 2,
    "shouldDisplayMessage" : true,
    "hasContent" : true
  },
  "afterStages" : [ {
    "name" : "clear_allure_result_folder::0",
    "time" : {
      "start" : 1762134831241,
      "stop" : 1762134831241,
      "duration" : 0
    },
    "status" : "passed",
    "steps" : [ ],
    "attachments" : [ ],
    "parameters" : [ ],
    "stepsCount" : 0,
    "attachmentsCount" : 0,
    "shouldDisplayMessage" : false,
    "hasContent" : false
  }, {
    "name" : "driver::0",
    "time" : {
      "start" : 1762134031347,
      "stop" : 1762134031409,
      "duration" : 62
    },
    "status" : "passed",
    "steps" : [ ],
    "attachments" : [ ],
    "parameters" : [ ],
    "stepsCount" : 0,
    "attachmentsCount" : 0,
    "shouldDisplayMessage" : false,
    "hasContent" : false
  } ],
  "labels" : [ {
    "name" : "epic",
    "value" : "Sale Page"
  }, {
    "name" : "feature",
    "value" : "Testing Side Menu Bar - Women's Deals Section"
  }, {
    "name" : "parentSuite",
    "value" : "tests"
  }, {
    "name" : "suite",
    "value" : "test_sale"
  }, {
    "name" : "subSuite",
    "value" : "TestSalePage"
  }, {
    "name" : "host",
    "value" : "runnervmf2e7y"
  }, {
    "name" : "thread",
    "value" : "3807-MainThread"
  }, {
    "name" : "framework",
    "value" : "pytest"
  }, {
    "name" : "language",
    "value" : "cpython3"
  }, {
    "name" : "package",
    "value" : "tests.test_sale"
  }, {
    "name" : "resultFormat",
    "value" : "allure2"
  } ],
  "parameters" : [ {
    "name" : "element_locator",
    "value" : "('css selector', '.categories-menu > ul:nth-child(2) > li:nth-child(2) > a')"
  }, {
    "name" : "expected_title",
    "value" : "'Jackets - Tops - Women'"
  }, {
    "name" : "expected_url",
    "value" : "'https://magento.softwaretestingboard.com/women/tops-women/jackets-women.html'"
  } ],
  "links" : [ ],
  "hidden" : false,
  "retry" : false,
  "extra" : {
    "severity" : "normal",
    "retries" : [ ],
    "categories" : [ {
      "name" : "Test defects",
      "matchedStatuses" : [ ],
      "flaky" : false
    } ],
    "tags" : [ ]
  },
  "source" : "f88952d61240b77a.json",
  "parameterValues" : [ "('css selector', '.categories-menu > ul:nth-child(2) > li:nth-child(2) > a')", "'Jackets - Tops - Women'", "'https://magento.softwaretestingboard.com/women/tops-women/jackets-women.html'" ]
}