{
  "uid" : "ff0b5612953f2656",
  "name" : "TC 17.01.01 Verify Forgot Your Password Page h1 Header",
  "fullName" : "tests.test_forgot_your_password.TestForgotYourPassword#test_17_01_01_h1_heading",
  "historyId" : "1f7c15732a480b82736fde507ac6dff1",
  "time" : {
    "start" : 1757899121197,
    "stop" : 1757899126301,
    "duration" : 5104
  },
  "description" : "Check Login Page Heading is present ",
  "descriptionHtml" : "<p>Check Login Page Heading is present</p>\n",
  "status" : "broken",
  "statusMessage" : "selenium.common.exceptions.TimeoutException: Message: \nStacktrace:\n#0 0x56313a33794a <unknown>\n#1 0x563139dac8a0 <unknown>\n#2 0x563139dfe540 <unknown>\n#3 0x563139dfe731 <unknown>\n#4 0x563139e4c824 <unknown>\n#5 0x563139e2405d <unknown>\n#6 0x563139e49c23 <unknown>\n#7 0x563139e23e03 <unknown>\n#8 0x563139df0968 <unknown>\n#9 0x563139df15e1 <unknown>\n#10 0x56313a2fb548 <unknown>\n#11 0x56313a2ff272 <unknown>\n#12 0x56313a2e2313 <unknown>\n#13 0x56313a2ffdc5 <unknown>\n#14 0x56313a2c749f <unknown>\n#15 0x56313a324158 <unknown>\n#16 0x56313a324332 <unknown>\n#17 0x56313a336a53 <unknown>\n#18 0x7f076d29caa4 <unknown>\n#19 0x7f076d329c3c <unknown>",
  "statusTrace" : "self = <test_forgot_your_password.TestForgotYourPassword object at 0x7f9ca2a9c7a0>\ndriver = <selenium.webdriver.chrome.webdriver.WebDriver (session=\"c28630c751bd12c3ae7817a88aabb7cc\")>\nforgot_psw_page = <pages.forgot_your_password_page.ForgotYourPasswordPage object at 0x7f9ca24fa6c0>\n\n    @allure.title('TC 17.01.01 Verify Forgot Your Password Page h1 Header')\n    def test_17_01_01_h1_heading(self, driver, forgot_psw_page):\n        \"\"\"Check Login Page Heading is present \"\"\"\n>       h1_heading = forgot_psw_page.check_forgot_psw_h1_header()\n\ntests/test_forgot_your_password.py:24: \n_ _ _ _ _ _ _ _ _ _ _ _ _ _ _ _ _ _ _ _ _ _ _ _ _ _ _ _ _ _ _ _ _ _ _ _ _ _ _ _ \npages/forgot_your_password_page.py:14: in check_forgot_psw_h1_header\n    return self.element_is_visible(self.locators.PAGE_HEADER)\npages/base_page.py:30: in element_is_visible\n    self.go_to_element(self.element_is_present(locator))\npages/base_page.py:51: in element_is_present\n    return wait(self.driver, timeout).until(EC.presence_of_element_located(locator))\n_ _ _ _ _ _ _ _ _ _ _ _ _ _ _ _ _ _ _ _ _ _ _ _ _ _ _ _ _ _ _ _ _ _ _ _ _ _ _ _ \n\nself = <selenium.webdriver.support.wait.WebDriverWait (session=\"c28630c751bd12c3ae7817a88aabb7cc\")>\nmethod = <function presence_of_element_located.<locals>._predicate at 0x7f9ca27444a0>\nmessage = ''\n\n    def until(self, method, message: str = \"\"):\n        \"\"\"Calls the method provided with the driver as an argument until the \\\n        return value does not evaluate to ``False``.\n    \n        :param method: callable(WebDriver)\n        :param message: optional message for :exc:`TimeoutException`\n        :returns: the result of the last call to `method`\n        :raises: :exc:`selenium.common.exceptions.TimeoutException` if timeout occurs\n        \"\"\"\n        screen = None\n        stacktrace = None\n    \n        end_time = time.monotonic() + self._timeout\n        while True:\n            try:\n                value = method(self._driver)\n                if value:\n                    return value\n            except self._ignored_exceptions as exc:\n                screen = getattr(exc, \"screen\", None)\n                stacktrace = getattr(exc, \"stacktrace\", None)\n            time.sleep(self._poll)\n            if time.monotonic() > end_time:\n                break\n>       raise TimeoutException(message, screen, stacktrace)\nE       selenium.common.exceptions.TimeoutException: Message: \nE       Stacktrace:\nE       #0 0x56313a33794a <unknown>\nE       #1 0x563139dac8a0 <unknown>\nE       #2 0x563139dfe540 <unknown>\nE       #3 0x563139dfe731 <unknown>\nE       #4 0x563139e4c824 <unknown>\nE       #5 0x563139e2405d <unknown>\nE       #6 0x563139e49c23 <unknown>\nE       #7 0x563139e23e03 <unknown>\nE       #8 0x563139df0968 <unknown>\nE       #9 0x563139df15e1 <unknown>\nE       #10 0x56313a2fb548 <unknown>\nE       #11 0x56313a2ff272 <unknown>\nE       #12 0x56313a2e2313 <unknown>\nE       #13 0x56313a2ffdc5 <unknown>\nE       #14 0x56313a2c749f <unknown>\nE       #15 0x56313a324158 <unknown>\nE       #16 0x56313a324332 <unknown>\nE       #17 0x56313a336a53 <unknown>\nE       #18 0x7f076d29caa4 <unknown>\nE       #19 0x7f076d329c3c <unknown>\n\n/opt/hostedtoolcache/Python/3.12.3/x64/lib/python3.12/site-packages/selenium/webdriver/support/wait.py:95: TimeoutException",
  "flaky" : false,
  "newFailed" : false,
  "beforeStages" : [ {
    "name" : "_session_faker",
    "time" : {
      "start" : 1757898622011,
      "stop" : 1757898622079,
      "duration" : 68
    },
    "status" : "passed",
    "steps" : [ ],
    "attachments" : [ ],
    "parameters" : [ ],
    "stepsCount" : 0,
    "attachmentsCount" : 0,
    "shouldDisplayMessage" : false,
    "hasContent" : false
  }, {
    "name" : "clear_allure_result_folder",
    "time" : {
      "start" : 1757898622079,
      "stop" : 1757898622079,
      "duration" : 0
    },
    "status" : "passed",
    "steps" : [ ],
    "attachments" : [ ],
    "parameters" : [ ],
    "stepsCount" : 0,
    "attachmentsCount" : 0,
    "shouldDisplayMessage" : false,
    "hasContent" : false
  }, {
    "name" : "driver",
    "time" : {
      "start" : 1757899119779,
      "stop" : 1757899121027,
      "duration" : 1248
    },
    "status" : "passed",
    "steps" : [ ],
    "attachments" : [ ],
    "parameters" : [ ],
    "stepsCount" : 0,
    "attachmentsCount" : 0,
    "shouldDisplayMessage" : false,
    "hasContent" : false
  }, {
    "name" : "forgot_psw_page",
    "time" : {
      "start" : 1757899121027,
      "stop" : 1757899121197,
      "duration" : 170
    },
    "status" : "passed",
    "steps" : [ {
      "name" : "Open a browser",
      "time" : {
        "start" : 1757899121027,
        "stop" : 1757899121197,
        "duration" : 170
      },
      "status" : "passed",
      "steps" : [ ],
      "attachments" : [ ],
      "parameters" : [ ],
      "stepsCount" : 0,
      "attachmentsCount" : 0,
      "shouldDisplayMessage" : false,
      "hasContent" : false
    } ],
    "attachments" : [ ],
    "parameters" : [ ],
    "stepsCount" : 1,
    "attachmentsCount" : 0,
    "shouldDisplayMessage" : false,
    "hasContent" : true
  } ],
  "testStage" : {
    "description" : "Check Login Page Heading is present ",
    "status" : "broken",
    "statusMessage" : "selenium.common.exceptions.TimeoutException: Message: \nStacktrace:\n#0 0x56313a33794a <unknown>\n#1 0x563139dac8a0 <unknown>\n#2 0x563139dfe540 <unknown>\n#3 0x563139dfe731 <unknown>\n#4 0x563139e4c824 <unknown>\n#5 0x563139e2405d <unknown>\n#6 0x563139e49c23 <unknown>\n#7 0x563139e23e03 <unknown>\n#8 0x563139df0968 <unknown>\n#9 0x563139df15e1 <unknown>\n#10 0x56313a2fb548 <unknown>\n#11 0x56313a2ff272 <unknown>\n#12 0x56313a2e2313 <unknown>\n#13 0x56313a2ffdc5 <unknown>\n#14 0x56313a2c749f <unknown>\n#15 0x56313a324158 <unknown>\n#16 0x56313a324332 <unknown>\n#17 0x56313a336a53 <unknown>\n#18 0x7f076d29caa4 <unknown>\n#19 0x7f076d329c3c <unknown>",
    "statusTrace" : "self = <test_forgot_your_password.TestForgotYourPassword object at 0x7f9ca2a9c7a0>\ndriver = <selenium.webdriver.chrome.webdriver.WebDriver (session=\"c28630c751bd12c3ae7817a88aabb7cc\")>\nforgot_psw_page = <pages.forgot_your_password_page.ForgotYourPasswordPage object at 0x7f9ca24fa6c0>\n\n    @allure.title('TC 17.01.01 Verify Forgot Your Password Page h1 Header')\n    def test_17_01_01_h1_heading(self, driver, forgot_psw_page):\n        \"\"\"Check Login Page Heading is present \"\"\"\n>       h1_heading = forgot_psw_page.check_forgot_psw_h1_header()\n\ntests/test_forgot_your_password.py:24: \n_ _ _ _ _ _ _ _ _ _ _ _ _ _ _ _ _ _ _ _ _ _ _ _ _ _ _ _ _ _ _ _ _ _ _ _ _ _ _ _ \npages/forgot_your_password_page.py:14: in check_forgot_psw_h1_header\n    return self.element_is_visible(self.locators.PAGE_HEADER)\npages/base_page.py:30: in element_is_visible\n    self.go_to_element(self.element_is_present(locator))\npages/base_page.py:51: in element_is_present\n    return wait(self.driver, timeout).until(EC.presence_of_element_located(locator))\n_ _ _ _ _ _ _ _ _ _ _ _ _ _ _ _ _ _ _ _ _ _ _ _ _ _ _ _ _ _ _ _ _ _ _ _ _ _ _ _ \n\nself = <selenium.webdriver.support.wait.WebDriverWait (session=\"c28630c751bd12c3ae7817a88aabb7cc\")>\nmethod = <function presence_of_element_located.<locals>._predicate at 0x7f9ca27444a0>\nmessage = ''\n\n    def until(self, method, message: str = \"\"):\n        \"\"\"Calls the method provided with the driver as an argument until the \\\n        return value does not evaluate to ``False``.\n    \n        :param method: callable(WebDriver)\n        :param message: optional message for :exc:`TimeoutException`\n        :returns: the result of the last call to `method`\n        :raises: :exc:`selenium.common.exceptions.TimeoutException` if timeout occurs\n        \"\"\"\n        screen = None\n        stacktrace = None\n    \n        end_time = time.monotonic() + self._timeout\n        while True:\n            try:\n                value = method(self._driver)\n                if value:\n                    return value\n            except self._ignored_exceptions as exc:\n                screen = getattr(exc, \"screen\", None)\n                stacktrace = getattr(exc, \"stacktrace\", None)\n            time.sleep(self._poll)\n            if time.monotonic() > end_time:\n                break\n>       raise TimeoutException(message, screen, stacktrace)\nE       selenium.common.exceptions.TimeoutException: Message: \nE       Stacktrace:\nE       #0 0x56313a33794a <unknown>\nE       #1 0x563139dac8a0 <unknown>\nE       #2 0x563139dfe540 <unknown>\nE       #3 0x563139dfe731 <unknown>\nE       #4 0x563139e4c824 <unknown>\nE       #5 0x563139e2405d <unknown>\nE       #6 0x563139e49c23 <unknown>\nE       #7 0x563139e23e03 <unknown>\nE       #8 0x563139df0968 <unknown>\nE       #9 0x563139df15e1 <unknown>\nE       #10 0x56313a2fb548 <unknown>\nE       #11 0x56313a2ff272 <unknown>\nE       #12 0x56313a2e2313 <unknown>\nE       #13 0x56313a2ffdc5 <unknown>\nE       #14 0x56313a2c749f <unknown>\nE       #15 0x56313a324158 <unknown>\nE       #16 0x56313a324332 <unknown>\nE       #17 0x56313a336a53 <unknown>\nE       #18 0x7f076d29caa4 <unknown>\nE       #19 0x7f076d329c3c <unknown>\n\n/opt/hostedtoolcache/Python/3.12.3/x64/lib/python3.12/site-packages/selenium/webdriver/support/wait.py:95: TimeoutException",
    "steps" : [ {
      "name" : "Check Forgot Your Password h1 header is visible",
      "time" : {
        "start" : 1757899121198,
        "stop" : 1757899126300,
        "duration" : 5102
      },
      "status" : "broken",
      "statusMessage" : "selenium.common.exceptions.TimeoutException: Message: \nStacktrace:\n#0 0x56313a33794a <unknown>\n#1 0x563139dac8a0 <unknown>\n#2 0x563139dfe540 <unknown>\n#3 0x563139dfe731 <unknown>\n#4 0x563139e4c824 <unknown>\n#5 0x563139e2405d <unknown>\n#6 0x563139e49c23 <unknown>\n#7 0x563139e23e03 <unknown>\n#8 0x563139df0968 <unknown>\n#9 0x563139df15e1 <unknown>\n#10 0x56313a2fb548 <unknown>\n#11 0x56313a2ff272 <unknown>\n#12 0x56313a2e2313 <unknown>\n#13 0x56313a2ffdc5 <unknown>\n#14 0x56313a2c749f <unknown>\n#15 0x56313a324158 <unknown>\n#16 0x56313a324332 <unknown>\n#17 0x56313a336a53 <unknown>\n#18 0x7f076d29caa4 <unknown>\n#19 0x7f076d329c3c <unknown>\n\n",
      "statusTrace" : "  File \"/opt/hostedtoolcache/Python/3.12.3/x64/lib/python3.12/site-packages/allure_commons/_allure.py\", line 192, in impl\n    return func(*a, **kw)\n           ^^^^^^^^^^^^^^\n  File \"/home/runner/work/luma_project/luma_project/pages/forgot_your_password_page.py\", line 14, in check_forgot_psw_h1_header\n    return self.element_is_visible(self.locators.PAGE_HEADER)\n           ^^^^^^^^^^^^^^^^^^^^^^^^^^^^^^^^^^^^^^^^^^^^^^^^^^\n  File \"/opt/hostedtoolcache/Python/3.12.3/x64/lib/python3.12/site-packages/allure_commons/_allure.py\", line 192, in impl\n    return func(*a, **kw)\n           ^^^^^^^^^^^^^^\n  File \"/home/runner/work/luma_project/luma_project/pages/base_page.py\", line 30, in element_is_visible\n    self.go_to_element(self.element_is_present(locator))\n                       ^^^^^^^^^^^^^^^^^^^^^^^^^^^^^^^^\n  File \"/opt/hostedtoolcache/Python/3.12.3/x64/lib/python3.12/site-packages/allure_commons/_allure.py\", line 192, in impl\n    return func(*a, **kw)\n           ^^^^^^^^^^^^^^\n  File \"/home/runner/work/luma_project/luma_project/pages/base_page.py\", line 51, in element_is_present\n    return wait(self.driver, timeout).until(EC.presence_of_element_located(locator))\n           ^^^^^^^^^^^^^^^^^^^^^^^^^^^^^^^^^^^^^^^^^^^^^^^^^^^^^^^^^^^^^^^^^^^^^^^^^\n  File \"/opt/hostedtoolcache/Python/3.12.3/x64/lib/python3.12/site-packages/selenium/webdriver/support/wait.py\", line 95, in until\n    raise TimeoutException(message, screen, stacktrace)\n",
      "steps" : [ {
        "name" : "Find a visible element",
        "time" : {
          "start" : 1757899121198,
          "stop" : 1757899126300,
          "duration" : 5102
        },
        "status" : "broken",
        "statusMessage" : "selenium.common.exceptions.TimeoutException: Message: \nStacktrace:\n#0 0x56313a33794a <unknown>\n#1 0x563139dac8a0 <unknown>\n#2 0x563139dfe540 <unknown>\n#3 0x563139dfe731 <unknown>\n#4 0x563139e4c824 <unknown>\n#5 0x563139e2405d <unknown>\n#6 0x563139e49c23 <unknown>\n#7 0x563139e23e03 <unknown>\n#8 0x563139df0968 <unknown>\n#9 0x563139df15e1 <unknown>\n#10 0x56313a2fb548 <unknown>\n#11 0x56313a2ff272 <unknown>\n#12 0x56313a2e2313 <unknown>\n#13 0x56313a2ffdc5 <unknown>\n#14 0x56313a2c749f <unknown>\n#15 0x56313a324158 <unknown>\n#16 0x56313a324332 <unknown>\n#17 0x56313a336a53 <unknown>\n#18 0x7f076d29caa4 <unknown>\n#19 0x7f076d329c3c <unknown>\n\n",
        "statusTrace" : "  File \"/opt/hostedtoolcache/Python/3.12.3/x64/lib/python3.12/site-packages/allure_commons/_allure.py\", line 192, in impl\n    return func(*a, **kw)\n           ^^^^^^^^^^^^^^\n  File \"/home/runner/work/luma_project/luma_project/pages/base_page.py\", line 30, in element_is_visible\n    self.go_to_element(self.element_is_present(locator))\n                       ^^^^^^^^^^^^^^^^^^^^^^^^^^^^^^^^\n  File \"/opt/hostedtoolcache/Python/3.12.3/x64/lib/python3.12/site-packages/allure_commons/_allure.py\", line 192, in impl\n    return func(*a, **kw)\n           ^^^^^^^^^^^^^^\n  File \"/home/runner/work/luma_project/luma_project/pages/base_page.py\", line 51, in element_is_present\n    return wait(self.driver, timeout).until(EC.presence_of_element_located(locator))\n           ^^^^^^^^^^^^^^^^^^^^^^^^^^^^^^^^^^^^^^^^^^^^^^^^^^^^^^^^^^^^^^^^^^^^^^^^^\n  File \"/opt/hostedtoolcache/Python/3.12.3/x64/lib/python3.12/site-packages/selenium/webdriver/support/wait.py\", line 95, in until\n    raise TimeoutException(message, screen, stacktrace)\n",
        "steps" : [ {
          "name" : "Find a present element",
          "time" : {
            "start" : 1757899121198,
            "stop" : 1757899126299,
            "duration" : 5101
          },
          "status" : "broken",
          "statusMessage" : "selenium.common.exceptions.TimeoutException: Message: \nStacktrace:\n#0 0x56313a33794a <unknown>\n#1 0x563139dac8a0 <unknown>\n#2 0x563139dfe540 <unknown>\n#3 0x563139dfe731 <unknown>\n#4 0x563139e4c824 <unknown>\n#5 0x563139e2405d <unknown>\n#6 0x563139e49c23 <unknown>\n#7 0x563139e23e03 <unknown>\n#8 0x563139df0968 <unknown>\n#9 0x563139df15e1 <unknown>\n#10 0x56313a2fb548 <unknown>\n#11 0x56313a2ff272 <unknown>\n#12 0x56313a2e2313 <unknown>\n#13 0x56313a2ffdc5 <unknown>\n#14 0x56313a2c749f <unknown>\n#15 0x56313a324158 <unknown>\n#16 0x56313a324332 <unknown>\n#17 0x56313a336a53 <unknown>\n#18 0x7f076d29caa4 <unknown>\n#19 0x7f076d329c3c <unknown>\n\n",
          "statusTrace" : "  File \"/opt/hostedtoolcache/Python/3.12.3/x64/lib/python3.12/site-packages/allure_commons/_allure.py\", line 192, in impl\n    return func(*a, **kw)\n           ^^^^^^^^^^^^^^\n  File \"/home/runner/work/luma_project/luma_project/pages/base_page.py\", line 51, in element_is_present\n    return wait(self.driver, timeout).until(EC.presence_of_element_located(locator))\n           ^^^^^^^^^^^^^^^^^^^^^^^^^^^^^^^^^^^^^^^^^^^^^^^^^^^^^^^^^^^^^^^^^^^^^^^^^\n  File \"/opt/hostedtoolcache/Python/3.12.3/x64/lib/python3.12/site-packages/selenium/webdriver/support/wait.py\", line 95, in until\n    raise TimeoutException(message, screen, stacktrace)\n",
          "steps" : [ ],
          "attachments" : [ ],
          "parameters" : [ {
            "name" : "locator",
            "value" : "('css selector', 'h1.page-title > span.base')"
          }, {
            "name" : "timeout",
            "value" : "5"
          } ],
          "stepsCount" : 0,
          "attachmentsCount" : 0,
          "shouldDisplayMessage" : true,
          "hasContent" : true
        } ],
        "attachments" : [ ],
        "parameters" : [ {
          "name" : "locator",
          "value" : "('css selector', 'h1.page-title > span.base')"
        }, {
          "name" : "timeout",
          "value" : "10"
        } ],
        "stepsCount" : 1,
        "attachmentsCount" : 0,
        "shouldDisplayMessage" : false,
        "hasContent" : true
      } ],
      "attachments" : [ ],
      "parameters" : [ ],
      "stepsCount" : 2,
      "attachmentsCount" : 0,
      "shouldDisplayMessage" : false,
      "hasContent" : true
    } ],
    "attachments" : [ {
      "uid" : "d39a65e207945833",
      "name" : "Screenshot",
      "source" : "d39a65e207945833.png",
      "type" : "image/png",
      "size" : 23875
    }, {
      "uid" : "9a6654680ee28d43",
      "name" : "HTML source",
      "source" : "9a6654680ee28d43.html",
      "type" : "text/html",
      "size" : 786
    } ],
    "parameters" : [ ],
    "stepsCount" : 3,
    "attachmentsCount" : 2,
    "shouldDisplayMessage" : true,
    "hasContent" : true
  },
  "afterStages" : [ {
    "name" : "clear_allure_result_folder::0",
    "time" : {
      "start" : 1757901039531,
      "stop" : 1757901039531,
      "duration" : 0
    },
    "status" : "passed",
    "steps" : [ ],
    "attachments" : [ ],
    "parameters" : [ ],
    "stepsCount" : 0,
    "attachmentsCount" : 0,
    "shouldDisplayMessage" : false,
    "hasContent" : false
  }, {
    "name" : "driver::0",
    "time" : {
      "start" : 1757899126369,
      "stop" : 1757899126429,
      "duration" : 60
    },
    "status" : "passed",
    "steps" : [ ],
    "attachments" : [ ],
    "parameters" : [ ],
    "stepsCount" : 0,
    "attachmentsCount" : 0,
    "shouldDisplayMessage" : false,
    "hasContent" : false
  } ],
  "labels" : [ {
    "name" : "epic",
    "value" : "Forgot Your Password Page"
  }, {
    "name" : "parentSuite",
    "value" : "tests"
  }, {
    "name" : "suite",
    "value" : "test_forgot_your_password"
  }, {
    "name" : "subSuite",
    "value" : "TestForgotYourPassword"
  }, {
    "name" : "host",
    "value" : "runnervmf4ws1"
  }, {
    "name" : "thread",
    "value" : "3099-MainThread"
  }, {
    "name" : "framework",
    "value" : "pytest"
  }, {
    "name" : "language",
    "value" : "cpython3"
  }, {
    "name" : "package",
    "value" : "tests.test_forgot_your_password"
  }, {
    "name" : "resultFormat",
    "value" : "allure2"
  } ],
  "parameters" : [ ],
  "links" : [ ],
  "hidden" : false,
  "retry" : false,
  "extra" : {
    "severity" : "normal",
    "retries" : [ ],
    "categories" : [ {
      "name" : "Test defects",
      "matchedStatuses" : [ ],
      "flaky" : false
    } ],
    "tags" : [ ]
  },
  "source" : "ff0b5612953f2656.json",
  "parameterValues" : [ ]
}