{
  "uid" : "ffd3110da1e61b18",
  "name" : "TC 18.01.01 subtitle is displayed text compare products",
  "fullName" : "tests.test_training_video_download.TestTrainingVideoDownload#test_tc_18_01_01_subtitle_is_displayed_text_compare_products",
  "historyId" : "c5365354b19af144ee8508d6ec5265cf",
  "time" : {
    "start" : 1759715150873,
    "stop" : 1759715156295,
    "duration" : 5422
  },
  "description" : "Verify the 'Compare Products' subtitle is visible",
  "descriptionHtml" : "<p>Verify the 'Compare Products' subtitle is visible</p>\n",
  "status" : "broken",
  "statusMessage" : "selenium.common.exceptions.TimeoutException: Message: \nStacktrace:\n#0 0x56094d030fba <unknown>\n#1 0x56094cab56d0 <unknown>\n#2 0x56094cb072aa <unknown>\n#3 0x56094cb07541 <unknown>\n#4 0x56094cb556c4 <unknown>\n#5 0x56094cb2ce5d <unknown>\n#6 0x56094cb52b54 <unknown>\n#7 0x56094cb2cc03 <unknown>\n#8 0x56094caf97a8 <unknown>\n#9 0x56094cafa421 <unknown>\n#10 0x56094cff5b28 <unknown>\n#11 0x56094cff987f <unknown>\n#12 0x56094cfddc49 <unknown>\n#13 0x56094cffa405 <unknown>\n#14 0x56094cfc34ff <unknown>\n#15 0x56094d01e258 <unknown>\n#16 0x56094d01e432 <unknown>\n#17 0x56094d02ffa3 <unknown>\n#18 0x7fea08e9caa4 <unknown>\n#19 0x7fea08f29c6c <unknown>",
  "statusTrace" : "self = <test_training_video_download.TestTrainingVideoDownload object at 0x7f6f896a1eb0>\ndriver = <selenium.webdriver.chrome.webdriver.WebDriver (session=\"1f1124e48a8846e3109c049272561e09\")>\n\n    @allure.title('TC 18.01.01 subtitle is displayed text compare products')\n    def test_tc_18_01_01_subtitle_is_displayed_text_compare_products(self, driver):\n        \"\"\"Verify the 'Compare Products' subtitle is visible\"\"\"\n        page = TrainingVideoDownloadPage(driver, VIDEO_DOWNLOAD_PAGE_URL)\n        page.open()\n>       text = page.subtitle_is_displayed_text_compare_products()\n\ntests/test_training_video_download.py:14: \n_ _ _ _ _ _ _ _ _ _ _ _ _ _ _ _ _ _ _ _ _ _ _ _ _ _ _ _ _ _ _ _ _ _ _ _ _ _ _ _ \npages/training_video_download_page.py:14: in subtitle_is_displayed_text_compare_products\n    text = self.element_is_visible(self.training_video_download_locators.COMPARE_PRODUCTS)\npages/base_page.py:30: in element_is_visible\n    self.go_to_element(self.element_is_present(locator))\npages/base_page.py:51: in element_is_present\n    return wait(self.driver, timeout).until(EC.presence_of_element_located(locator))\n_ _ _ _ _ _ _ _ _ _ _ _ _ _ _ _ _ _ _ _ _ _ _ _ _ _ _ _ _ _ _ _ _ _ _ _ _ _ _ _ \n\nself = <selenium.webdriver.support.wait.WebDriverWait (session=\"1f1124e48a8846e3109c049272561e09\")>\nmethod = <function presence_of_element_located.<locals>._predicate at 0x7f6f892ff420>\nmessage = ''\n\n    def until(self, method, message: str = \"\"):\n        \"\"\"Calls the method provided with the driver as an argument until the \\\n        return value does not evaluate to ``False``.\n    \n        :param method: callable(WebDriver)\n        :param message: optional message for :exc:`TimeoutException`\n        :returns: the result of the last call to `method`\n        :raises: :exc:`selenium.common.exceptions.TimeoutException` if timeout occurs\n        \"\"\"\n        screen = None\n        stacktrace = None\n    \n        end_time = time.monotonic() + self._timeout\n        while True:\n            try:\n                value = method(self._driver)\n                if value:\n                    return value\n            except self._ignored_exceptions as exc:\n                screen = getattr(exc, \"screen\", None)\n                stacktrace = getattr(exc, \"stacktrace\", None)\n            time.sleep(self._poll)\n            if time.monotonic() > end_time:\n                break\n>       raise TimeoutException(message, screen, stacktrace)\nE       selenium.common.exceptions.TimeoutException: Message: \nE       Stacktrace:\nE       #0 0x56094d030fba <unknown>\nE       #1 0x56094cab56d0 <unknown>\nE       #2 0x56094cb072aa <unknown>\nE       #3 0x56094cb07541 <unknown>\nE       #4 0x56094cb556c4 <unknown>\nE       #5 0x56094cb2ce5d <unknown>\nE       #6 0x56094cb52b54 <unknown>\nE       #7 0x56094cb2cc03 <unknown>\nE       #8 0x56094caf97a8 <unknown>\nE       #9 0x56094cafa421 <unknown>\nE       #10 0x56094cff5b28 <unknown>\nE       #11 0x56094cff987f <unknown>\nE       #12 0x56094cfddc49 <unknown>\nE       #13 0x56094cffa405 <unknown>\nE       #14 0x56094cfc34ff <unknown>\nE       #15 0x56094d01e258 <unknown>\nE       #16 0x56094d01e432 <unknown>\nE       #17 0x56094d02ffa3 <unknown>\nE       #18 0x7fea08e9caa4 <unknown>\nE       #19 0x7fea08f29c6c <unknown>\n\n/opt/hostedtoolcache/Python/3.12.3/x64/lib/python3.12/site-packages/selenium/webdriver/support/wait.py:95: TimeoutException",
  "flaky" : false,
  "newFailed" : false,
  "beforeStages" : [ {
    "name" : "clear_allure_result_folder",
    "time" : {
      "start" : 1759712796322,
      "stop" : 1759712796323,
      "duration" : 1
    },
    "status" : "passed",
    "steps" : [ ],
    "attachments" : [ ],
    "parameters" : [ ],
    "stepsCount" : 0,
    "attachmentsCount" : 0,
    "shouldDisplayMessage" : false,
    "hasContent" : false
  }, {
    "name" : "_session_faker",
    "time" : {
      "start" : 1759712796252,
      "stop" : 1759712796322,
      "duration" : 70
    },
    "status" : "passed",
    "steps" : [ ],
    "attachments" : [ ],
    "parameters" : [ ],
    "stepsCount" : 0,
    "attachmentsCount" : 0,
    "shouldDisplayMessage" : false,
    "hasContent" : false
  }, {
    "name" : "driver",
    "time" : {
      "start" : 1759715149616,
      "stop" : 1759715150872,
      "duration" : 1256
    },
    "status" : "passed",
    "steps" : [ ],
    "attachments" : [ ],
    "parameters" : [ ],
    "stepsCount" : 0,
    "attachmentsCount" : 0,
    "shouldDisplayMessage" : false,
    "hasContent" : false
  } ],
  "testStage" : {
    "description" : "Verify the 'Compare Products' subtitle is visible",
    "status" : "broken",
    "statusMessage" : "selenium.common.exceptions.TimeoutException: Message: \nStacktrace:\n#0 0x56094d030fba <unknown>\n#1 0x56094cab56d0 <unknown>\n#2 0x56094cb072aa <unknown>\n#3 0x56094cb07541 <unknown>\n#4 0x56094cb556c4 <unknown>\n#5 0x56094cb2ce5d <unknown>\n#6 0x56094cb52b54 <unknown>\n#7 0x56094cb2cc03 <unknown>\n#8 0x56094caf97a8 <unknown>\n#9 0x56094cafa421 <unknown>\n#10 0x56094cff5b28 <unknown>\n#11 0x56094cff987f <unknown>\n#12 0x56094cfddc49 <unknown>\n#13 0x56094cffa405 <unknown>\n#14 0x56094cfc34ff <unknown>\n#15 0x56094d01e258 <unknown>\n#16 0x56094d01e432 <unknown>\n#17 0x56094d02ffa3 <unknown>\n#18 0x7fea08e9caa4 <unknown>\n#19 0x7fea08f29c6c <unknown>",
    "statusTrace" : "self = <test_training_video_download.TestTrainingVideoDownload object at 0x7f6f896a1eb0>\ndriver = <selenium.webdriver.chrome.webdriver.WebDriver (session=\"1f1124e48a8846e3109c049272561e09\")>\n\n    @allure.title('TC 18.01.01 subtitle is displayed text compare products')\n    def test_tc_18_01_01_subtitle_is_displayed_text_compare_products(self, driver):\n        \"\"\"Verify the 'Compare Products' subtitle is visible\"\"\"\n        page = TrainingVideoDownloadPage(driver, VIDEO_DOWNLOAD_PAGE_URL)\n        page.open()\n>       text = page.subtitle_is_displayed_text_compare_products()\n\ntests/test_training_video_download.py:14: \n_ _ _ _ _ _ _ _ _ _ _ _ _ _ _ _ _ _ _ _ _ _ _ _ _ _ _ _ _ _ _ _ _ _ _ _ _ _ _ _ \npages/training_video_download_page.py:14: in subtitle_is_displayed_text_compare_products\n    text = self.element_is_visible(self.training_video_download_locators.COMPARE_PRODUCTS)\npages/base_page.py:30: in element_is_visible\n    self.go_to_element(self.element_is_present(locator))\npages/base_page.py:51: in element_is_present\n    return wait(self.driver, timeout).until(EC.presence_of_element_located(locator))\n_ _ _ _ _ _ _ _ _ _ _ _ _ _ _ _ _ _ _ _ _ _ _ _ _ _ _ _ _ _ _ _ _ _ _ _ _ _ _ _ \n\nself = <selenium.webdriver.support.wait.WebDriverWait (session=\"1f1124e48a8846e3109c049272561e09\")>\nmethod = <function presence_of_element_located.<locals>._predicate at 0x7f6f892ff420>\nmessage = ''\n\n    def until(self, method, message: str = \"\"):\n        \"\"\"Calls the method provided with the driver as an argument until the \\\n        return value does not evaluate to ``False``.\n    \n        :param method: callable(WebDriver)\n        :param message: optional message for :exc:`TimeoutException`\n        :returns: the result of the last call to `method`\n        :raises: :exc:`selenium.common.exceptions.TimeoutException` if timeout occurs\n        \"\"\"\n        screen = None\n        stacktrace = None\n    \n        end_time = time.monotonic() + self._timeout\n        while True:\n            try:\n                value = method(self._driver)\n                if value:\n                    return value\n            except self._ignored_exceptions as exc:\n                screen = getattr(exc, \"screen\", None)\n                stacktrace = getattr(exc, \"stacktrace\", None)\n            time.sleep(self._poll)\n            if time.monotonic() > end_time:\n                break\n>       raise TimeoutException(message, screen, stacktrace)\nE       selenium.common.exceptions.TimeoutException: Message: \nE       Stacktrace:\nE       #0 0x56094d030fba <unknown>\nE       #1 0x56094cab56d0 <unknown>\nE       #2 0x56094cb072aa <unknown>\nE       #3 0x56094cb07541 <unknown>\nE       #4 0x56094cb556c4 <unknown>\nE       #5 0x56094cb2ce5d <unknown>\nE       #6 0x56094cb52b54 <unknown>\nE       #7 0x56094cb2cc03 <unknown>\nE       #8 0x56094caf97a8 <unknown>\nE       #9 0x56094cafa421 <unknown>\nE       #10 0x56094cff5b28 <unknown>\nE       #11 0x56094cff987f <unknown>\nE       #12 0x56094cfddc49 <unknown>\nE       #13 0x56094cffa405 <unknown>\nE       #14 0x56094cfc34ff <unknown>\nE       #15 0x56094d01e258 <unknown>\nE       #16 0x56094d01e432 <unknown>\nE       #17 0x56094d02ffa3 <unknown>\nE       #18 0x7fea08e9caa4 <unknown>\nE       #19 0x7fea08f29c6c <unknown>\n\n/opt/hostedtoolcache/Python/3.12.3/x64/lib/python3.12/site-packages/selenium/webdriver/support/wait.py:95: TimeoutException",
    "steps" : [ {
      "name" : "Open a browser",
      "time" : {
        "start" : 1759715150873,
        "stop" : 1759715151191,
        "duration" : 318
      },
      "status" : "passed",
      "steps" : [ ],
      "attachments" : [ ],
      "parameters" : [ ],
      "stepsCount" : 0,
      "attachmentsCount" : 0,
      "shouldDisplayMessage" : false,
      "hasContent" : false
    }, {
      "name" : "Subtitle is displayed text compare products",
      "time" : {
        "start" : 1759715151191,
        "stop" : 1759715156294,
        "duration" : 5103
      },
      "status" : "broken",
      "statusMessage" : "selenium.common.exceptions.TimeoutException: Message: \nStacktrace:\n#0 0x56094d030fba <unknown>\n#1 0x56094cab56d0 <unknown>\n#2 0x56094cb072aa <unknown>\n#3 0x56094cb07541 <unknown>\n#4 0x56094cb556c4 <unknown>\n#5 0x56094cb2ce5d <unknown>\n#6 0x56094cb52b54 <unknown>\n#7 0x56094cb2cc03 <unknown>\n#8 0x56094caf97a8 <unknown>\n#9 0x56094cafa421 <unknown>\n#10 0x56094cff5b28 <unknown>\n#11 0x56094cff987f <unknown>\n#12 0x56094cfddc49 <unknown>\n#13 0x56094cffa405 <unknown>\n#14 0x56094cfc34ff <unknown>\n#15 0x56094d01e258 <unknown>\n#16 0x56094d01e432 <unknown>\n#17 0x56094d02ffa3 <unknown>\n#18 0x7fea08e9caa4 <unknown>\n#19 0x7fea08f29c6c <unknown>\n\n",
      "statusTrace" : "  File \"/opt/hostedtoolcache/Python/3.12.3/x64/lib/python3.12/site-packages/allure_commons/_allure.py\", line 192, in impl\n    return func(*a, **kw)\n           ^^^^^^^^^^^^^^\n  File \"/home/runner/work/luma_project/luma_project/pages/training_video_download_page.py\", line 14, in subtitle_is_displayed_text_compare_products\n    text = self.element_is_visible(self.training_video_download_locators.COMPARE_PRODUCTS)\n           ^^^^^^^^^^^^^^^^^^^^^^^^^^^^^^^^^^^^^^^^^^^^^^^^^^^^^^^^^^^^^^^^^^^^^^^^^^^^^^^\n  File \"/opt/hostedtoolcache/Python/3.12.3/x64/lib/python3.12/site-packages/allure_commons/_allure.py\", line 192, in impl\n    return func(*a, **kw)\n           ^^^^^^^^^^^^^^\n  File \"/home/runner/work/luma_project/luma_project/pages/base_page.py\", line 30, in element_is_visible\n    self.go_to_element(self.element_is_present(locator))\n                       ^^^^^^^^^^^^^^^^^^^^^^^^^^^^^^^^\n  File \"/opt/hostedtoolcache/Python/3.12.3/x64/lib/python3.12/site-packages/allure_commons/_allure.py\", line 192, in impl\n    return func(*a, **kw)\n           ^^^^^^^^^^^^^^\n  File \"/home/runner/work/luma_project/luma_project/pages/base_page.py\", line 51, in element_is_present\n    return wait(self.driver, timeout).until(EC.presence_of_element_located(locator))\n           ^^^^^^^^^^^^^^^^^^^^^^^^^^^^^^^^^^^^^^^^^^^^^^^^^^^^^^^^^^^^^^^^^^^^^^^^^\n  File \"/opt/hostedtoolcache/Python/3.12.3/x64/lib/python3.12/site-packages/selenium/webdriver/support/wait.py\", line 95, in until\n    raise TimeoutException(message, screen, stacktrace)\n",
      "steps" : [ {
        "name" : "Find a visible element",
        "time" : {
          "start" : 1759715151191,
          "stop" : 1759715156294,
          "duration" : 5103
        },
        "status" : "broken",
        "statusMessage" : "selenium.common.exceptions.TimeoutException: Message: \nStacktrace:\n#0 0x56094d030fba <unknown>\n#1 0x56094cab56d0 <unknown>\n#2 0x56094cb072aa <unknown>\n#3 0x56094cb07541 <unknown>\n#4 0x56094cb556c4 <unknown>\n#5 0x56094cb2ce5d <unknown>\n#6 0x56094cb52b54 <unknown>\n#7 0x56094cb2cc03 <unknown>\n#8 0x56094caf97a8 <unknown>\n#9 0x56094cafa421 <unknown>\n#10 0x56094cff5b28 <unknown>\n#11 0x56094cff987f <unknown>\n#12 0x56094cfddc49 <unknown>\n#13 0x56094cffa405 <unknown>\n#14 0x56094cfc34ff <unknown>\n#15 0x56094d01e258 <unknown>\n#16 0x56094d01e432 <unknown>\n#17 0x56094d02ffa3 <unknown>\n#18 0x7fea08e9caa4 <unknown>\n#19 0x7fea08f29c6c <unknown>\n\n",
        "statusTrace" : "  File \"/opt/hostedtoolcache/Python/3.12.3/x64/lib/python3.12/site-packages/allure_commons/_allure.py\", line 192, in impl\n    return func(*a, **kw)\n           ^^^^^^^^^^^^^^\n  File \"/home/runner/work/luma_project/luma_project/pages/base_page.py\", line 30, in element_is_visible\n    self.go_to_element(self.element_is_present(locator))\n                       ^^^^^^^^^^^^^^^^^^^^^^^^^^^^^^^^\n  File \"/opt/hostedtoolcache/Python/3.12.3/x64/lib/python3.12/site-packages/allure_commons/_allure.py\", line 192, in impl\n    return func(*a, **kw)\n           ^^^^^^^^^^^^^^\n  File \"/home/runner/work/luma_project/luma_project/pages/base_page.py\", line 51, in element_is_present\n    return wait(self.driver, timeout).until(EC.presence_of_element_located(locator))\n           ^^^^^^^^^^^^^^^^^^^^^^^^^^^^^^^^^^^^^^^^^^^^^^^^^^^^^^^^^^^^^^^^^^^^^^^^^\n  File \"/opt/hostedtoolcache/Python/3.12.3/x64/lib/python3.12/site-packages/selenium/webdriver/support/wait.py\", line 95, in until\n    raise TimeoutException(message, screen, stacktrace)\n",
        "steps" : [ {
          "name" : "Find a present element",
          "time" : {
            "start" : 1759715151191,
            "stop" : 1759715156294,
            "duration" : 5103
          },
          "status" : "broken",
          "statusMessage" : "selenium.common.exceptions.TimeoutException: Message: \nStacktrace:\n#0 0x56094d030fba <unknown>\n#1 0x56094cab56d0 <unknown>\n#2 0x56094cb072aa <unknown>\n#3 0x56094cb07541 <unknown>\n#4 0x56094cb556c4 <unknown>\n#5 0x56094cb2ce5d <unknown>\n#6 0x56094cb52b54 <unknown>\n#7 0x56094cb2cc03 <unknown>\n#8 0x56094caf97a8 <unknown>\n#9 0x56094cafa421 <unknown>\n#10 0x56094cff5b28 <unknown>\n#11 0x56094cff987f <unknown>\n#12 0x56094cfddc49 <unknown>\n#13 0x56094cffa405 <unknown>\n#14 0x56094cfc34ff <unknown>\n#15 0x56094d01e258 <unknown>\n#16 0x56094d01e432 <unknown>\n#17 0x56094d02ffa3 <unknown>\n#18 0x7fea08e9caa4 <unknown>\n#19 0x7fea08f29c6c <unknown>\n\n",
          "statusTrace" : "  File \"/opt/hostedtoolcache/Python/3.12.3/x64/lib/python3.12/site-packages/allure_commons/_allure.py\", line 192, in impl\n    return func(*a, **kw)\n           ^^^^^^^^^^^^^^\n  File \"/home/runner/work/luma_project/luma_project/pages/base_page.py\", line 51, in element_is_present\n    return wait(self.driver, timeout).until(EC.presence_of_element_located(locator))\n           ^^^^^^^^^^^^^^^^^^^^^^^^^^^^^^^^^^^^^^^^^^^^^^^^^^^^^^^^^^^^^^^^^^^^^^^^^\n  File \"/opt/hostedtoolcache/Python/3.12.3/x64/lib/python3.12/site-packages/selenium/webdriver/support/wait.py\", line 95, in until\n    raise TimeoutException(message, screen, stacktrace)\n",
          "steps" : [ ],
          "attachments" : [ ],
          "parameters" : [ {
            "name" : "locator",
            "value" : "('id', 'block-compare-heading')"
          }, {
            "name" : "timeout",
            "value" : "5"
          } ],
          "stepsCount" : 0,
          "attachmentsCount" : 0,
          "shouldDisplayMessage" : true,
          "hasContent" : true
        } ],
        "attachments" : [ ],
        "parameters" : [ {
          "name" : "locator",
          "value" : "('id', 'block-compare-heading')"
        }, {
          "name" : "timeout",
          "value" : "10"
        } ],
        "stepsCount" : 1,
        "attachmentsCount" : 0,
        "shouldDisplayMessage" : false,
        "hasContent" : true
      } ],
      "attachments" : [ ],
      "parameters" : [ ],
      "stepsCount" : 2,
      "attachmentsCount" : 0,
      "shouldDisplayMessage" : false,
      "hasContent" : true
    } ],
    "attachments" : [ {
      "uid" : "467f25fab33a7bd5",
      "name" : "Screenshot",
      "source" : "467f25fab33a7bd5.png",
      "type" : "image/png",
      "size" : 23875
    }, {
      "uid" : "fb1b38a0c2c4fc9c",
      "name" : "HTML source",
      "source" : "fb1b38a0c2c4fc9c.html",
      "type" : "text/html",
      "size" : 786
    } ],
    "parameters" : [ ],
    "stepsCount" : 4,
    "attachmentsCount" : 2,
    "shouldDisplayMessage" : true,
    "hasContent" : true
  },
  "afterStages" : [ {
    "name" : "clear_allure_result_folder::0",
    "time" : {
      "start" : 1759715229969,
      "stop" : 1759715229969,
      "duration" : 0
    },
    "status" : "passed",
    "steps" : [ ],
    "attachments" : [ ],
    "parameters" : [ ],
    "stepsCount" : 0,
    "attachmentsCount" : 0,
    "shouldDisplayMessage" : false,
    "hasContent" : false
  }, {
    "name" : "driver::0",
    "time" : {
      "start" : 1759715156364,
      "stop" : 1759715156424,
      "duration" : 60
    },
    "status" : "passed",
    "steps" : [ ],
    "attachments" : [ ],
    "parameters" : [ ],
    "stepsCount" : 0,
    "attachmentsCount" : 0,
    "shouldDisplayMessage" : false,
    "hasContent" : false
  } ],
  "labels" : [ {
    "name" : "epic",
    "value" : "Test Training Video"
  }, {
    "name" : "parentSuite",
    "value" : "tests"
  }, {
    "name" : "suite",
    "value" : "test_training_video_download"
  }, {
    "name" : "subSuite",
    "value" : "TestTrainingVideoDownload"
  }, {
    "name" : "host",
    "value" : "runnervmwhb2z"
  }, {
    "name" : "thread",
    "value" : "2979-MainThread"
  }, {
    "name" : "framework",
    "value" : "pytest"
  }, {
    "name" : "language",
    "value" : "cpython3"
  }, {
    "name" : "package",
    "value" : "tests.test_training_video_download"
  }, {
    "name" : "resultFormat",
    "value" : "allure2"
  } ],
  "parameters" : [ ],
  "links" : [ ],
  "hidden" : false,
  "retry" : false,
  "extra" : {
    "severity" : "normal",
    "retries" : [ ],
    "categories" : [ {
      "name" : "Test defects",
      "matchedStatuses" : [ ],
      "flaky" : false
    } ],
    "tags" : [ ]
  },
  "source" : "ffd3110da1e61b18.json",
  "parameterValues" : [ ]
}