{"uid":"c3bcba8935451c97","name":"TC 13.01.17 - Check the display of the info block in block 1 'home-pants' in the Promo Block","fullName":"tests.test_main_page.TestPromoBlock#test_tc_13_01_17_check_info_block_in_section2_block1","historyId":"974455db7c788d5a4f19a3bc1a5cf9e9","time":{"start":1753581299654,"stop":1753581306213,"duration":6559},"description":"This test checks if info block in section 2 block 1 'home-pants' is displayed","descriptionHtml":"<p>This test checks if info block in section 2 block 1 'home-pants' is displayed</p>\n","status":"broken","statusMessage":"selenium.common.exceptions.TimeoutException: Message: \nStacktrace:\n#0 0x56198d1a37da <unknown>\n#1 0x56198cc482e0 <unknown>\n#2 0x56198cc99e00 <unknown>\n#3 0x56198cc99ff1 <unknown>\n#4 0x56198cce8324 <unknown>\n#5 0x56198ccbf8dd <unknown>\n#6 0x56198cce571c <unknown>\n#7 0x56198ccbf683 <unknown>\n#8 0x56198cc8bb5b <unknown>\n#9 0x56198cc8cf31 <unknown>\n#10 0x56198d16872b <unknown>\n#11 0x56198d16c534 <unknown>\n#12 0x56198d14f229 <unknown>\n#13 0x56198d16d0d8 <unknown>\n#14 0x56198d13361f <unknown>\n#15 0x56198d190dd8 <unknown>\n#16 0x56198d190fb6 <unknown>\n#17 0x56198d1a2af6 <unknown>\n#18 0x7f362629caa4 <unknown>\n#19 0x7f3626329c3c <unknown>","statusTrace":"self = <test_main_page.TestMainPage.TestPromoBlock object at 0x7f0c7654b490>\ndriver = <selenium.webdriver.chrome.webdriver.WebDriver (session=\"a9492a0586c40d8abd2ac86679d16b1f\")>\n\n    @allure.title(\"TC 13.01.17 - Check the display of the info block in block 1 'home-pants' in the Promo Block\")\n    def test_tc_13_01_17_check_info_block_in_section2_block1(self, driver):\n        \"\"\"This test checks if info block in section 2 block 1 'home-pants' is displayed\"\"\"\n        page = PromoBlock(driver, MAIN_PAGE_URL)\n        page.open()\n>       assert page.element_is_visible(self.locators.SECTION_2_BLOCK_1_INFO_BLOCK), \\\n            \"The info block in section 2 block 1 under header is invisible on the Main Page\"\n\ntests/test_main_page.py:262: \n_ _ _ _ _ _ _ _ _ _ _ _ _ _ _ _ _ _ _ _ _ _ _ _ _ _ _ _ _ _ _ _ _ _ _ _ _ _ _ _ \npages/base_page.py:30: in element_is_visible\n    self.go_to_element(self.element_is_present(locator))\npages/base_page.py:51: in element_is_present\n    return wait(self.driver, timeout).until(EC.presence_of_element_located(locator))\n_ _ _ _ _ _ _ _ _ _ _ _ _ _ _ _ _ _ _ _ _ _ _ _ _ _ _ _ _ _ _ _ _ _ _ _ _ _ _ _ \n\nself = <selenium.webdriver.support.wait.WebDriverWait (session=\"a9492a0586c40d8abd2ac86679d16b1f\")>\nmethod = <function presence_of_element_located.<locals>._predicate at 0x7f0c78137060>\nmessage = ''\n\n    def until(self, method, message: str = \"\"):\n        \"\"\"Calls the method provided with the driver as an argument until the \\\n        return value does not evaluate to ``False``.\n    \n        :param method: callable(WebDriver)\n        :param message: optional message for :exc:`TimeoutException`\n        :returns: the result of the last call to `method`\n        :raises: :exc:`selenium.common.exceptions.TimeoutException` if timeout occurs\n        \"\"\"\n        screen = None\n        stacktrace = None\n    \n        end_time = time.monotonic() + self._timeout\n        while True:\n            try:\n                value = method(self._driver)\n                if value:\n                    return value\n            except self._ignored_exceptions as exc:\n                screen = getattr(exc, \"screen\", None)\n                stacktrace = getattr(exc, \"stacktrace\", None)\n            time.sleep(self._poll)\n            if time.monotonic() > end_time:\n                break\n>       raise TimeoutException(message, screen, stacktrace)\nE       selenium.common.exceptions.TimeoutException: Message: \nE       Stacktrace:\nE       #0 0x56198d1a37da <unknown>\nE       #1 0x56198cc482e0 <unknown>\nE       #2 0x56198cc99e00 <unknown>\nE       #3 0x56198cc99ff1 <unknown>\nE       #4 0x56198cce8324 <unknown>\nE       #5 0x56198ccbf8dd <unknown>\nE       #6 0x56198cce571c <unknown>\nE       #7 0x56198ccbf683 <unknown>\nE       #8 0x56198cc8bb5b <unknown>\nE       #9 0x56198cc8cf31 <unknown>\nE       #10 0x56198d16872b <unknown>\nE       #11 0x56198d16c534 <unknown>\nE       #12 0x56198d14f229 <unknown>\nE       #13 0x56198d16d0d8 <unknown>\nE       #14 0x56198d13361f <unknown>\nE       #15 0x56198d190dd8 <unknown>\nE       #16 0x56198d190fb6 <unknown>\nE       #17 0x56198d1a2af6 <unknown>\nE       #18 0x7f362629caa4 <unknown>\nE       #19 0x7f3626329c3c <unknown>\n\n/opt/hostedtoolcache/Python/3.11.13/x64/lib/python3.11/site-packages/selenium/webdriver/support/wait.py:95: TimeoutException","flaky":false,"newFailed":false,"newBroken":false,"newPassed":false,"retriesCount":0,"retriesStatusChange":false,"beforeStages":[{"name":"_session_faker","time":{"start":1753580525550,"stop":1753580525611,"duration":61},"status":"passed","steps":[],"attachments":[],"parameters":[],"shouldDisplayMessage":false,"stepsCount":0,"attachmentsCount":0,"hasContent":false,"attachmentStep":false},{"name":"clear_allure_result_folder","time":{"start":1753580525611,"stop":1753580525611,"duration":0},"status":"passed","steps":[],"attachments":[],"parameters":[],"shouldDisplayMessage":false,"stepsCount":0,"attachmentsCount":0,"hasContent":false,"attachmentStep":false},{"name":"driver","time":{"start":1753581298391,"stop":1753581299654,"duration":1263},"status":"passed","steps":[],"attachments":[],"parameters":[],"shouldDisplayMessage":false,"stepsCount":0,"attachmentsCount":0,"hasContent":false,"attachmentStep":false}],"testStage":{"description":"This test checks if info block in section 2 block 1 'home-pants' is displayed","status":"broken","statusMessage":"selenium.common.exceptions.TimeoutException: Message: \nStacktrace:\n#0 0x56198d1a37da <unknown>\n#1 0x56198cc482e0 <unknown>\n#2 0x56198cc99e00 <unknown>\n#3 0x56198cc99ff1 <unknown>\n#4 0x56198cce8324 <unknown>\n#5 0x56198ccbf8dd <unknown>\n#6 0x56198cce571c <unknown>\n#7 0x56198ccbf683 <unknown>\n#8 0x56198cc8bb5b <unknown>\n#9 0x56198cc8cf31 <unknown>\n#10 0x56198d16872b <unknown>\n#11 0x56198d16c534 <unknown>\n#12 0x56198d14f229 <unknown>\n#13 0x56198d16d0d8 <unknown>\n#14 0x56198d13361f <unknown>\n#15 0x56198d190dd8 <unknown>\n#16 0x56198d190fb6 <unknown>\n#17 0x56198d1a2af6 <unknown>\n#18 0x7f362629caa4 <unknown>\n#19 0x7f3626329c3c <unknown>","statusTrace":"self = <test_main_page.TestMainPage.TestPromoBlock object at 0x7f0c7654b490>\ndriver = <selenium.webdriver.chrome.webdriver.WebDriver (session=\"a9492a0586c40d8abd2ac86679d16b1f\")>\n\n    @allure.title(\"TC 13.01.17 - Check the display of the info block in block 1 'home-pants' in the Promo Block\")\n    def test_tc_13_01_17_check_info_block_in_section2_block1(self, driver):\n        \"\"\"This test checks if info block in section 2 block 1 'home-pants' is displayed\"\"\"\n        page = PromoBlock(driver, MAIN_PAGE_URL)\n        page.open()\n>       assert page.element_is_visible(self.locators.SECTION_2_BLOCK_1_INFO_BLOCK), \\\n            \"The info block in section 2 block 1 under header is invisible on the Main Page\"\n\ntests/test_main_page.py:262: \n_ _ _ _ _ _ _ _ _ _ _ _ _ _ _ _ _ _ _ _ _ _ _ _ _ _ _ _ _ _ _ _ _ _ _ _ _ _ _ _ \npages/base_page.py:30: in element_is_visible\n    self.go_to_element(self.element_is_present(locator))\npages/base_page.py:51: in element_is_present\n    return wait(self.driver, timeout).until(EC.presence_of_element_located(locator))\n_ _ _ _ _ _ _ _ _ _ _ _ _ _ _ _ _ _ _ _ _ _ _ _ _ _ _ _ _ _ _ _ _ _ _ _ _ _ _ _ \n\nself = <selenium.webdriver.support.wait.WebDriverWait (session=\"a9492a0586c40d8abd2ac86679d16b1f\")>\nmethod = <function presence_of_element_located.<locals>._predicate at 0x7f0c78137060>\nmessage = ''\n\n    def until(self, method, message: str = \"\"):\n        \"\"\"Calls the method provided with the driver as an argument until the \\\n        return value does not evaluate to ``False``.\n    \n        :param method: callable(WebDriver)\n        :param message: optional message for :exc:`TimeoutException`\n        :returns: the result of the last call to `method`\n        :raises: :exc:`selenium.common.exceptions.TimeoutException` if timeout occurs\n        \"\"\"\n        screen = None\n        stacktrace = None\n    \n        end_time = time.monotonic() + self._timeout\n        while True:\n            try:\n                value = method(self._driver)\n                if value:\n                    return value\n            except self._ignored_exceptions as exc:\n                screen = getattr(exc, \"screen\", None)\n                stacktrace = getattr(exc, \"stacktrace\", None)\n            time.sleep(self._poll)\n            if time.monotonic() > end_time:\n                break\n>       raise TimeoutException(message, screen, stacktrace)\nE       selenium.common.exceptions.TimeoutException: Message: \nE       Stacktrace:\nE       #0 0x56198d1a37da <unknown>\nE       #1 0x56198cc482e0 <unknown>\nE       #2 0x56198cc99e00 <unknown>\nE       #3 0x56198cc99ff1 <unknown>\nE       #4 0x56198cce8324 <unknown>\nE       #5 0x56198ccbf8dd <unknown>\nE       #6 0x56198cce571c <unknown>\nE       #7 0x56198ccbf683 <unknown>\nE       #8 0x56198cc8bb5b <unknown>\nE       #9 0x56198cc8cf31 <unknown>\nE       #10 0x56198d16872b <unknown>\nE       #11 0x56198d16c534 <unknown>\nE       #12 0x56198d14f229 <unknown>\nE       #13 0x56198d16d0d8 <unknown>\nE       #14 0x56198d13361f <unknown>\nE       #15 0x56198d190dd8 <unknown>\nE       #16 0x56198d190fb6 <unknown>\nE       #17 0x56198d1a2af6 <unknown>\nE       #18 0x7f362629caa4 <unknown>\nE       #19 0x7f3626329c3c <unknown>\n\n/opt/hostedtoolcache/Python/3.11.13/x64/lib/python3.11/site-packages/selenium/webdriver/support/wait.py:95: TimeoutException","steps":[{"name":"Open a browser","time":{"start":1753581299655,"stop":1753581300843,"duration":1188},"status":"passed","steps":[],"attachments":[],"parameters":[],"shouldDisplayMessage":false,"stepsCount":0,"attachmentsCount":0,"hasContent":false,"attachmentStep":false},{"name":"Find a visible element","time":{"start":1753581300844,"stop":1753581306212,"duration":5368},"status":"broken","statusMessage":"selenium.common.exceptions.TimeoutException: Message: \nStacktrace:\n#0 0x56198d1a37da <unknown>\n#1 0x56198cc482e0 <unknown>\n#2 0x56198cc99e00 <unknown>\n#3 0x56198cc99ff1 <unknown>\n#4 0x56198cce8324 <unknown>\n#5 0x56198ccbf8dd <unknown>\n#6 0x56198cce571c <unknown>\n#7 0x56198ccbf683 <unknown>\n#8 0x56198cc8bb5b <unknown>\n#9 0x56198cc8cf31 <unknown>\n#10 0x56198d16872b <unknown>\n#11 0x56198d16c534 <unknown>\n#12 0x56198d14f229 <unknown>\n#13 0x56198d16d0d8 <unknown>\n#14 0x56198d13361f <unknown>\n#15 0x56198d190dd8 <unknown>\n#16 0x56198d190fb6 <unknown>\n#17 0x56198d1a2af6 <unknown>\n#18 0x7f362629caa4 <unknown>\n#19 0x7f3626329c3c <unknown>\n\n","statusTrace":"  File \"/opt/hostedtoolcache/Python/3.11.13/x64/lib/python3.11/site-packages/allure_commons/_allure.py\", line 192, in impl\n    return func(*a, **kw)\n           ^^^^^^^^^^^^^^\n  File \"/home/runner/work/luma_project/luma_project/pages/base_page.py\", line 30, in element_is_visible\n    self.go_to_element(self.element_is_present(locator))\n                       ^^^^^^^^^^^^^^^^^^^^^^^^^^^^^^^^\n  File \"/opt/hostedtoolcache/Python/3.11.13/x64/lib/python3.11/site-packages/allure_commons/_allure.py\", line 192, in impl\n    return func(*a, **kw)\n           ^^^^^^^^^^^^^^\n  File \"/home/runner/work/luma_project/luma_project/pages/base_page.py\", line 51, in element_is_present\n    return wait(self.driver, timeout).until(EC.presence_of_element_located(locator))\n           ^^^^^^^^^^^^^^^^^^^^^^^^^^^^^^^^^^^^^^^^^^^^^^^^^^^^^^^^^^^^^^^^^^^^^^^^^\n  File \"/opt/hostedtoolcache/Python/3.11.13/x64/lib/python3.11/site-packages/selenium/webdriver/support/wait.py\", line 95, in until\n    raise TimeoutException(message, screen, stacktrace)\n","steps":[{"name":"Find a present element","time":{"start":1753581300844,"stop":1753581306212,"duration":5368},"status":"broken","statusMessage":"selenium.common.exceptions.TimeoutException: Message: \nStacktrace:\n#0 0x56198d1a37da <unknown>\n#1 0x56198cc482e0 <unknown>\n#2 0x56198cc99e00 <unknown>\n#3 0x56198cc99ff1 <unknown>\n#4 0x56198cce8324 <unknown>\n#5 0x56198ccbf8dd <unknown>\n#6 0x56198cce571c <unknown>\n#7 0x56198ccbf683 <unknown>\n#8 0x56198cc8bb5b <unknown>\n#9 0x56198cc8cf31 <unknown>\n#10 0x56198d16872b <unknown>\n#11 0x56198d16c534 <unknown>\n#12 0x56198d14f229 <unknown>\n#13 0x56198d16d0d8 <unknown>\n#14 0x56198d13361f <unknown>\n#15 0x56198d190dd8 <unknown>\n#16 0x56198d190fb6 <unknown>\n#17 0x56198d1a2af6 <unknown>\n#18 0x7f362629caa4 <unknown>\n#19 0x7f3626329c3c <unknown>\n\n","statusTrace":"  File \"/opt/hostedtoolcache/Python/3.11.13/x64/lib/python3.11/site-packages/allure_commons/_allure.py\", line 192, in impl\n    return func(*a, **kw)\n           ^^^^^^^^^^^^^^\n  File \"/home/runner/work/luma_project/luma_project/pages/base_page.py\", line 51, in element_is_present\n    return wait(self.driver, timeout).until(EC.presence_of_element_located(locator))\n           ^^^^^^^^^^^^^^^^^^^^^^^^^^^^^^^^^^^^^^^^^^^^^^^^^^^^^^^^^^^^^^^^^^^^^^^^^\n  File \"/opt/hostedtoolcache/Python/3.11.13/x64/lib/python3.11/site-packages/selenium/webdriver/support/wait.py\", line 95, in until\n    raise TimeoutException(message, screen, stacktrace)\n","steps":[],"attachments":[],"parameters":[{"name":"locator","value":"('css selector', '.home-pants .content')"},{"name":"timeout","value":"5"}],"shouldDisplayMessage":true,"stepsCount":0,"attachmentsCount":0,"hasContent":true,"attachmentStep":false}],"attachments":[],"parameters":[{"name":"locator","value":"('css selector', '.home-pants .content')"},{"name":"timeout","value":"10"}],"shouldDisplayMessage":false,"stepsCount":1,"attachmentsCount":0,"hasContent":true,"attachmentStep":false}],"attachments":[{"uid":"2dc03f453e43e95a","name":"Screenshot","source":"2dc03f453e43e95a.png","type":"image/png","size":236617},{"uid":"7d987ffaa2321d22","name":"HTML source","source":"7d987ffaa2321d22.html","type":"text/html","size":273133}],"parameters":[],"shouldDisplayMessage":true,"stepsCount":3,"attachmentsCount":2,"hasContent":true,"attachmentStep":false},"afterStages":[{"name":"driver::0","time":{"start":1753581306392,"stop":1753581306459,"duration":67},"status":"passed","steps":[],"attachments":[],"parameters":[],"shouldDisplayMessage":false,"stepsCount":0,"attachmentsCount":0,"hasContent":false,"attachmentStep":false},{"name":"clear_allure_result_folder::0","time":{"start":1753582318624,"stop":1753582318624,"duration":0},"status":"passed","steps":[],"attachments":[],"parameters":[],"shouldDisplayMessage":false,"stepsCount":0,"attachmentsCount":0,"hasContent":false,"attachmentStep":false}],"labels":[{"name":"feature","value":"Promo Block Testing"},{"name":"epic","value":"Main Page"},{"name":"parentSuite","value":"tests"},{"name":"suite","value":"test_main_page"},{"name":"subSuite","value":"TestMainPage"},{"name":"host","value":"pkrvmpptgkbjq6m"},{"name":"thread","value":"2921-MainThread"},{"name":"framework","value":"pytest"},{"name":"language","value":"cpython3"},{"name":"package","value":"tests.test_main_page"},{"name":"resultFormat","value":"allure2"}],"parameters":[],"links":[],"hidden":false,"retry":false,"extra":{"severity":"normal","retries":[],"categories":[{"name":"Test defects","matchedStatuses":[],"flaky":false}],"tags":[]},"source":"c3bcba8935451c97.json","parameterValues":[]}