{"uid":"aaad7e21142f98b0","name":"TC 13.01.21_01 - Check correctness of the image in block 2 'home-t-shirts' in the Promo Block","fullName":"tests.test_main_page.TestPromoBlock#test_tc_13_01_21_01_check_image_correctness_in_section2_block2","historyId":"f2d0a0b2f965f36e6d5f2bfd70ebefdf","time":{"start":1741482819901,"stop":1741482821041,"duration":1140},"description":"This test checks if the image in section 2 block 2 'home-t-shirts' is correct","descriptionHtml":"<p>This test checks if the image in section 2 block 2 'home-t-shirts' is correct</p>\n","status":"broken","statusMessage":"selenium.common.exceptions.NoSuchElementException: Message: no such element: Unable to locate element: {\"method\":\"css selector\",\"selector\":\".home-t-shirts img\"}\n  (Session info: chrome=133.0.6943.141); For documentation on this error, please visit: https://www.selenium.dev/documentation/webdriver/troubleshooting/errors#no-such-element-exception\nStacktrace:\n#0 0x555f6c2dc14a <unknown>\n#1 0x555f6bd79b80 <unknown>\n#2 0x555f6bdcb0e9 <unknown>\n#3 0x555f6bdcb271 <unknown>\n#4 0x555f6be19de4 <unknown>\n#5 0x555f6bdf0efd <unknown>\n#6 0x555f6be1714a <unknown>\n#7 0x555f6bdf0ca3 <unknown>\n#8 0x555f6bdbcf08 <unknown>\n#9 0x555f6bdbe071 <unknown>\n#10 0x555f6c2a5b5b <unknown>\n#11 0x555f6c2a9ae2 <unknown>\n#12 0x555f6c291967 <unknown>\n#13 0x555f6c2aa6d4 <unknown>\n#14 0x555f6c275c7f <unknown>\n#15 0x555f6c2cacd8 <unknown>\n#16 0x555f6c2caea9 <unknown>\n#17 0x555f6c2dafc6 <unknown>\n#18 0x7fec5529caa4 <unknown>\n#19 0x7fec55329c3c <unknown>","statusTrace":"self = <test_main_page.TestMainPage.TestPromoBlock object at 0x7fa398f99250>\ndriver = <selenium.webdriver.chrome.webdriver.WebDriver (session=\"23f43ba1419756787db2dc356971f00e\")>\n\n    @allure.title(\"TC 13.01.21_01 - Check correctness of the image in block 2 'home-t-shirts' in the Promo Block\")\n    def test_tc_13_01_21_01_check_image_correctness_in_section2_block2(self, driver):\n        \"\"\"This test checks if the image in section 2 block 2 'home-t-shirts' is correct\"\"\"\n        page = PromoBlock(driver, MAIN_PAGE_URL)\n        page.open()\n>       block2_image = page.find_element(self.locators.SECTION_2_BLOCK_2_IMAGE)\n\ntests/test_main_page.py:311: \n_ _ _ _ _ _ _ _ _ _ _ _ _ _ _ _ _ _ _ _ _ _ _ _ _ _ _ _ _ _ _ _ _ _ _ _ _ _ _ _ \npages/base_page.py:202: in find_element\n    return self.driver.find_element(*locator)\n/opt/hostedtoolcache/Python/3.11.11/x64/lib/python3.11/site-packages/selenium/webdriver/remote/webdriver.py:738: in find_element\n    return self.execute(Command.FIND_ELEMENT, {\"using\": by, \"value\": value})[\"value\"]\n/opt/hostedtoolcache/Python/3.11.11/x64/lib/python3.11/site-packages/selenium/webdriver/remote/webdriver.py:344: in execute\n    self.error_handler.check_response(response)\n_ _ _ _ _ _ _ _ _ _ _ _ _ _ _ _ _ _ _ _ _ _ _ _ _ _ _ _ _ _ _ _ _ _ _ _ _ _ _ _ \n\nself = <selenium.webdriver.remote.errorhandler.ErrorHandler object at 0x7fa39abbd750>\nresponse = {'status': 404, 'value': '{\"value\":{\"error\":\"no such element\",\"message\":\"no such element: Unable to locate element: {\\...\\\\n#17 0x555f6c2dafc6 \\\\u003Cunknown>\\\\n#18 0x7fec5529caa4 \\\\u003Cunknown>\\\\n#19 0x7fec55329c3c \\\\u003Cunknown>\\\\n\"}}'}\n\n    def check_response(self, response: Dict[str, Any]) -> None:\n        \"\"\"Checks that a JSON response from the WebDriver does not have an\n        error.\n    \n        :Args:\n         - response - The JSON response from the WebDriver server as a dictionary\n           object.\n    \n        :Raises: If the response contains an error message.\n        \"\"\"\n        status = response.get(\"status\", None)\n        if not status or status == ErrorCode.SUCCESS:\n            return\n        value = None\n        message = response.get(\"message\", \"\")\n        screen: str = response.get(\"screen\", \"\")\n        stacktrace = None\n        if isinstance(status, int):\n            value_json = response.get(\"value\", None)\n            if value_json and isinstance(value_json, str):\n                import json\n    \n                try:\n                    value = json.loads(value_json)\n                    if len(value) == 1:\n                        value = value[\"value\"]\n                    status = value.get(\"error\", None)\n                    if not status:\n                        status = value.get(\"status\", ErrorCode.UNKNOWN_ERROR)\n                        message = value.get(\"value\") or value.get(\"message\")\n                        if not isinstance(message, str):\n                            value = message\n                            message = message.get(\"message\")\n                    else:\n                        message = value.get(\"message\", None)\n                except ValueError:\n                    pass\n    \n        exception_class: Type[WebDriverException]\n        e = ErrorCode()\n        error_codes = [item for item in dir(e) if not item.startswith(\"__\")]\n        for error_code in error_codes:\n            error_info = getattr(ErrorCode, error_code)\n            if isinstance(error_info, list) and status in error_info:\n                exception_class = getattr(ExceptionMapping, error_code, WebDriverException)\n                break\n        else:\n            exception_class = WebDriverException\n    \n        if not value:\n            value = response[\"value\"]\n        if isinstance(value, str):\n            raise exception_class(value)\n        if message == \"\" and \"message\" in value:\n            message = value[\"message\"]\n    \n        screen = None  # type: ignore[assignment]\n        if \"screen\" in value:\n            screen = value[\"screen\"]\n    \n        stacktrace = None\n        st_value = value.get(\"stackTrace\") or value.get(\"stacktrace\")\n        if st_value:\n            if isinstance(st_value, str):\n                stacktrace = st_value.split(\"\\n\")\n            else:\n                stacktrace = []\n                try:\n                    for frame in st_value:\n                        line = frame.get(\"lineNumber\", \"\")\n                        file = frame.get(\"fileName\", \"<anonymous>\")\n                        if line:\n                            file = f\"{file}:{line}\"\n                        meth = frame.get(\"methodName\", \"<anonymous>\")\n                        if \"className\" in frame:\n                            meth = f\"{frame['className']}.{meth}\"\n                        msg = \"    at %s (%s)\"\n                        msg = msg % (meth, file)\n                        stacktrace.append(msg)\n                except TypeError:\n                    pass\n        if exception_class == UnexpectedAlertPresentException:\n            alert_text = None\n            if \"data\" in value:\n                alert_text = value[\"data\"].get(\"text\")\n            elif \"alert\" in value:\n                alert_text = value[\"alert\"].get(\"text\")\n            raise exception_class(message, screen, stacktrace, alert_text)  # type: ignore[call-arg]  # mypy is not smart enough here\n>       raise exception_class(message, screen, stacktrace)\nE       selenium.common.exceptions.NoSuchElementException: Message: no such element: Unable to locate element: {\"method\":\"css selector\",\"selector\":\".home-t-shirts img\"}\nE         (Session info: chrome=133.0.6943.141); For documentation on this error, please visit: https://www.selenium.dev/documentation/webdriver/troubleshooting/errors#no-such-element-exception\nE       Stacktrace:\nE       #0 0x555f6c2dc14a <unknown>\nE       #1 0x555f6bd79b80 <unknown>\nE       #2 0x555f6bdcb0e9 <unknown>\nE       #3 0x555f6bdcb271 <unknown>\nE       #4 0x555f6be19de4 <unknown>\nE       #5 0x555f6bdf0efd <unknown>\nE       #6 0x555f6be1714a <unknown>\nE       #7 0x555f6bdf0ca3 <unknown>\nE       #8 0x555f6bdbcf08 <unknown>\nE       #9 0x555f6bdbe071 <unknown>\nE       #10 0x555f6c2a5b5b <unknown>\nE       #11 0x555f6c2a9ae2 <unknown>\nE       #12 0x555f6c291967 <unknown>\nE       #13 0x555f6c2aa6d4 <unknown>\nE       #14 0x555f6c275c7f <unknown>\nE       #15 0x555f6c2cacd8 <unknown>\nE       #16 0x555f6c2caea9 <unknown>\nE       #17 0x555f6c2dafc6 <unknown>\nE       #18 0x7fec5529caa4 <unknown>\nE       #19 0x7fec55329c3c <unknown>\n\n/opt/hostedtoolcache/Python/3.11.11/x64/lib/python3.11/site-packages/selenium/webdriver/remote/errorhandler.py:229: NoSuchElementException","flaky":false,"newFailed":false,"newBroken":false,"newPassed":false,"retriesCount":0,"retriesStatusChange":false,"beforeStages":[{"name":"_session_faker","time":{"start":1741482133034,"stop":1741482133098,"duration":64},"status":"passed","steps":[],"attachments":[],"parameters":[],"shouldDisplayMessage":false,"stepsCount":0,"attachmentsCount":0,"hasContent":false,"attachmentStep":false},{"name":"clear_allure_result_folder","time":{"start":1741482133098,"stop":1741482133098,"duration":0},"status":"passed","steps":[],"attachments":[],"parameters":[],"shouldDisplayMessage":false,"stepsCount":0,"attachmentsCount":0,"hasContent":false,"attachmentStep":false},{"name":"driver","time":{"start":1741482818636,"stop":1741482819900,"duration":1264},"status":"passed","steps":[],"attachments":[],"parameters":[],"shouldDisplayMessage":false,"stepsCount":0,"attachmentsCount":0,"hasContent":false,"attachmentStep":false}],"testStage":{"description":"This test checks if the image in section 2 block 2 'home-t-shirts' is correct","status":"broken","statusMessage":"selenium.common.exceptions.NoSuchElementException: Message: no such element: Unable to locate element: {\"method\":\"css selector\",\"selector\":\".home-t-shirts img\"}\n  (Session info: chrome=133.0.6943.141); For documentation on this error, please visit: https://www.selenium.dev/documentation/webdriver/troubleshooting/errors#no-such-element-exception\nStacktrace:\n#0 0x555f6c2dc14a <unknown>\n#1 0x555f6bd79b80 <unknown>\n#2 0x555f6bdcb0e9 <unknown>\n#3 0x555f6bdcb271 <unknown>\n#4 0x555f6be19de4 <unknown>\n#5 0x555f6bdf0efd <unknown>\n#6 0x555f6be1714a <unknown>\n#7 0x555f6bdf0ca3 <unknown>\n#8 0x555f6bdbcf08 <unknown>\n#9 0x555f6bdbe071 <unknown>\n#10 0x555f6c2a5b5b <unknown>\n#11 0x555f6c2a9ae2 <unknown>\n#12 0x555f6c291967 <unknown>\n#13 0x555f6c2aa6d4 <unknown>\n#14 0x555f6c275c7f <unknown>\n#15 0x555f6c2cacd8 <unknown>\n#16 0x555f6c2caea9 <unknown>\n#17 0x555f6c2dafc6 <unknown>\n#18 0x7fec5529caa4 <unknown>\n#19 0x7fec55329c3c <unknown>","statusTrace":"self = <test_main_page.TestMainPage.TestPromoBlock object at 0x7fa398f99250>\ndriver = <selenium.webdriver.chrome.webdriver.WebDriver (session=\"23f43ba1419756787db2dc356971f00e\")>\n\n    @allure.title(\"TC 13.01.21_01 - Check correctness of the image in block 2 'home-t-shirts' in the Promo Block\")\n    def test_tc_13_01_21_01_check_image_correctness_in_section2_block2(self, driver):\n        \"\"\"This test checks if the image in section 2 block 2 'home-t-shirts' is correct\"\"\"\n        page = PromoBlock(driver, MAIN_PAGE_URL)\n        page.open()\n>       block2_image = page.find_element(self.locators.SECTION_2_BLOCK_2_IMAGE)\n\ntests/test_main_page.py:311: \n_ _ _ _ _ _ _ _ _ _ _ _ _ _ _ _ _ _ _ _ _ _ _ _ _ _ _ _ _ _ _ _ _ _ _ _ _ _ _ _ \npages/base_page.py:202: in find_element\n    return self.driver.find_element(*locator)\n/opt/hostedtoolcache/Python/3.11.11/x64/lib/python3.11/site-packages/selenium/webdriver/remote/webdriver.py:738: in find_element\n    return self.execute(Command.FIND_ELEMENT, {\"using\": by, \"value\": value})[\"value\"]\n/opt/hostedtoolcache/Python/3.11.11/x64/lib/python3.11/site-packages/selenium/webdriver/remote/webdriver.py:344: in execute\n    self.error_handler.check_response(response)\n_ _ _ _ _ _ _ _ _ _ _ _ _ _ _ _ _ _ _ _ _ _ _ _ _ _ _ _ _ _ _ _ _ _ _ _ _ _ _ _ \n\nself = <selenium.webdriver.remote.errorhandler.ErrorHandler object at 0x7fa39abbd750>\nresponse = {'status': 404, 'value': '{\"value\":{\"error\":\"no such element\",\"message\":\"no such element: Unable to locate element: {\\...\\\\n#17 0x555f6c2dafc6 \\\\u003Cunknown>\\\\n#18 0x7fec5529caa4 \\\\u003Cunknown>\\\\n#19 0x7fec55329c3c \\\\u003Cunknown>\\\\n\"}}'}\n\n    def check_response(self, response: Dict[str, Any]) -> None:\n        \"\"\"Checks that a JSON response from the WebDriver does not have an\n        error.\n    \n        :Args:\n         - response - The JSON response from the WebDriver server as a dictionary\n           object.\n    \n        :Raises: If the response contains an error message.\n        \"\"\"\n        status = response.get(\"status\", None)\n        if not status or status == ErrorCode.SUCCESS:\n            return\n        value = None\n        message = response.get(\"message\", \"\")\n        screen: str = response.get(\"screen\", \"\")\n        stacktrace = None\n        if isinstance(status, int):\n            value_json = response.get(\"value\", None)\n            if value_json and isinstance(value_json, str):\n                import json\n    \n                try:\n                    value = json.loads(value_json)\n                    if len(value) == 1:\n                        value = value[\"value\"]\n                    status = value.get(\"error\", None)\n                    if not status:\n                        status = value.get(\"status\", ErrorCode.UNKNOWN_ERROR)\n                        message = value.get(\"value\") or value.get(\"message\")\n                        if not isinstance(message, str):\n                            value = message\n                            message = message.get(\"message\")\n                    else:\n                        message = value.get(\"message\", None)\n                except ValueError:\n                    pass\n    \n        exception_class: Type[WebDriverException]\n        e = ErrorCode()\n        error_codes = [item for item in dir(e) if not item.startswith(\"__\")]\n        for error_code in error_codes:\n            error_info = getattr(ErrorCode, error_code)\n            if isinstance(error_info, list) and status in error_info:\n                exception_class = getattr(ExceptionMapping, error_code, WebDriverException)\n                break\n        else:\n            exception_class = WebDriverException\n    \n        if not value:\n            value = response[\"value\"]\n        if isinstance(value, str):\n            raise exception_class(value)\n        if message == \"\" and \"message\" in value:\n            message = value[\"message\"]\n    \n        screen = None  # type: ignore[assignment]\n        if \"screen\" in value:\n            screen = value[\"screen\"]\n    \n        stacktrace = None\n        st_value = value.get(\"stackTrace\") or value.get(\"stacktrace\")\n        if st_value:\n            if isinstance(st_value, str):\n                stacktrace = st_value.split(\"\\n\")\n            else:\n                stacktrace = []\n                try:\n                    for frame in st_value:\n                        line = frame.get(\"lineNumber\", \"\")\n                        file = frame.get(\"fileName\", \"<anonymous>\")\n                        if line:\n                            file = f\"{file}:{line}\"\n                        meth = frame.get(\"methodName\", \"<anonymous>\")\n                        if \"className\" in frame:\n                            meth = f\"{frame['className']}.{meth}\"\n                        msg = \"    at %s (%s)\"\n                        msg = msg % (meth, file)\n                        stacktrace.append(msg)\n                except TypeError:\n                    pass\n        if exception_class == UnexpectedAlertPresentException:\n            alert_text = None\n            if \"data\" in value:\n                alert_text = value[\"data\"].get(\"text\")\n            elif \"alert\" in value:\n                alert_text = value[\"alert\"].get(\"text\")\n            raise exception_class(message, screen, stacktrace, alert_text)  # type: ignore[call-arg]  # mypy is not smart enough here\n>       raise exception_class(message, screen, stacktrace)\nE       selenium.common.exceptions.NoSuchElementException: Message: no such element: Unable to locate element: {\"method\":\"css selector\",\"selector\":\".home-t-shirts img\"}\nE         (Session info: chrome=133.0.6943.141); For documentation on this error, please visit: https://www.selenium.dev/documentation/webdriver/troubleshooting/errors#no-such-element-exception\nE       Stacktrace:\nE       #0 0x555f6c2dc14a <unknown>\nE       #1 0x555f6bd79b80 <unknown>\nE       #2 0x555f6bdcb0e9 <unknown>\nE       #3 0x555f6bdcb271 <unknown>\nE       #4 0x555f6be19de4 <unknown>\nE       #5 0x555f6bdf0efd <unknown>\nE       #6 0x555f6be1714a <unknown>\nE       #7 0x555f6bdf0ca3 <unknown>\nE       #8 0x555f6bdbcf08 <unknown>\nE       #9 0x555f6bdbe071 <unknown>\nE       #10 0x555f6c2a5b5b <unknown>\nE       #11 0x555f6c2a9ae2 <unknown>\nE       #12 0x555f6c291967 <unknown>\nE       #13 0x555f6c2aa6d4 <unknown>\nE       #14 0x555f6c275c7f <unknown>\nE       #15 0x555f6c2cacd8 <unknown>\nE       #16 0x555f6c2caea9 <unknown>\nE       #17 0x555f6c2dafc6 <unknown>\nE       #18 0x7fec5529caa4 <unknown>\nE       #19 0x7fec55329c3c <unknown>\n\n/opt/hostedtoolcache/Python/3.11.11/x64/lib/python3.11/site-packages/selenium/webdriver/remote/errorhandler.py:229: NoSuchElementException","steps":[{"name":"Open a browser","time":{"start":1741482819901,"stop":1741482821015,"duration":1114},"status":"passed","steps":[],"attachments":[],"parameters":[],"shouldDisplayMessage":false,"stepsCount":0,"attachmentsCount":0,"hasContent":false,"attachmentStep":false},{"name":"Find element (unpacking)","time":{"start":1741482821015,"stop":1741482821040,"duration":25},"status":"broken","statusMessage":"selenium.common.exceptions.NoSuchElementException: Message: no such element: Unable to locate element: {\"method\":\"css selector\",\"selector\":\".home-t-shirts img\"}\n  (Session info: chrome=133.0.6943.141); For documentation on this error, please visit: https://www.selenium.dev/documentation/webdriver/troubleshooting/errors#no-such-element-exception\nStacktrace:\n#0 0x555f6c2dc14a <unknown>\n#1 0x555f6bd79b80 <unknown>\n#2 0x555f6bdcb0e9 <unknown>\n#3 0x555f6bdcb271 <unknown>\n#4 0x555f6be19de4 <unknown>\n#5 0x555f6bdf0efd <unknown>\n#6 0x555f6be1714a <unknown>\n#7 0x555f6bdf0ca3 <unknown>\n#8 0x555f6bdbcf08 <unknown>\n#9 0x555f6bdbe071 <unknown>\n#10 0x555f6c2a5b5b <unknown>\n#11 0x555f6c2a9ae2 <unknown>\n#12 0x555f6c291967 <unknown>\n#13 0x555f6c2aa6d4 <unknown>\n#14 0x555f6c275c7f <unknown>\n#15 0x555f6c2cacd8 <unknown>\n#16 0x555f6c2caea9 <unknown>\n#17 0x555f6c2dafc6 <unknown>\n#18 0x7fec5529caa4 <unknown>\n#19 0x7fec55329c3c <unknown>\n\n","statusTrace":"  File \"/opt/hostedtoolcache/Python/3.11.11/x64/lib/python3.11/site-packages/allure_commons/_allure.py\", line 192, in impl\n    return func(*a, **kw)\n           ^^^^^^^^^^^^^^\n  File \"/home/runner/work/luma_project/luma_project/pages/base_page.py\", line 202, in find_element\n    return self.driver.find_element(*locator)\n           ^^^^^^^^^^^^^^^^^^^^^^^^^^^^^^^^^^\n  File \"/opt/hostedtoolcache/Python/3.11.11/x64/lib/python3.11/site-packages/selenium/webdriver/remote/webdriver.py\", line 738, in find_element\n    return self.execute(Command.FIND_ELEMENT, {\"using\": by, \"value\": value})[\"value\"]\n           ^^^^^^^^^^^^^^^^^^^^^^^^^^^^^^^^^^^^^^^^^^^^^^^^^^^^^^^^^^^^^^^^^\n  File \"/opt/hostedtoolcache/Python/3.11.11/x64/lib/python3.11/site-packages/selenium/webdriver/remote/webdriver.py\", line 344, in execute\n    self.error_handler.check_response(response)\n  File \"/opt/hostedtoolcache/Python/3.11.11/x64/lib/python3.11/site-packages/selenium/webdriver/remote/errorhandler.py\", line 229, in check_response\n    raise exception_class(message, screen, stacktrace)\n","steps":[],"attachments":[],"parameters":[{"name":"locator","value":"('css selector', '.home-t-shirts img')"}],"shouldDisplayMessage":true,"stepsCount":0,"attachmentsCount":0,"hasContent":true,"attachmentStep":false}],"attachments":[{"uid":"29ba8c70bb32fdd0","name":"Screenshot","source":"29ba8c70bb32fdd0.png","type":"image/png","size":548905},{"uid":"5d0c4e9a66fb90e0","name":"HTML source","source":"5d0c4e9a66fb90e0.html","type":"text/html","size":136513}],"parameters":[],"shouldDisplayMessage":true,"stepsCount":2,"attachmentsCount":2,"hasContent":true,"attachmentStep":false},"afterStages":[{"name":"driver::0","time":{"start":1741482821324,"stop":1741482821391,"duration":67},"status":"passed","steps":[],"attachments":[],"parameters":[],"shouldDisplayMessage":false,"stepsCount":0,"attachmentsCount":0,"hasContent":false,"attachmentStep":false},{"name":"clear_allure_result_folder::0","time":{"start":1741483637696,"stop":1741483637696,"duration":0},"status":"passed","steps":[],"attachments":[],"parameters":[],"shouldDisplayMessage":false,"stepsCount":0,"attachmentsCount":0,"hasContent":false,"attachmentStep":false}],"labels":[{"name":"epic","value":"Main Page"},{"name":"feature","value":"Promo Block Testing"},{"name":"parentSuite","value":"tests"},{"name":"suite","value":"test_main_page"},{"name":"subSuite","value":"TestMainPage"},{"name":"host","value":"fv-az1384-231"},{"name":"thread","value":"2803-MainThread"},{"name":"framework","value":"pytest"},{"name":"language","value":"cpython3"},{"name":"package","value":"tests.test_main_page"},{"name":"resultFormat","value":"allure2"}],"parameters":[],"links":[],"hidden":false,"retry":false,"extra":{"severity":"normal","retries":[],"categories":[{"name":"Test defects","matchedStatuses":[],"flaky":false}],"tags":[]},"source":"aaad7e21142f98b0.json","parameterValues":[]}