{"uid":"14951c695ee8c270","name":"TC 01.03.10 correctness of the \"Bras\" link of the \"Women\" section","fullName":"tests.test_header.TestHeader#test_tc_01_03_10_correctness_of_bras_tanks_women_section_link","historyId":"6f689e55ff73b84c45e201daf186dca6","time":{"start":1765071790157,"stop":1765071795420,"duration":5263},"description":"Check 'Bras & Tanks' subsection link click in 'Women' section redirects to the Bras & Tanks-women page and         the 'Bras & Tanks' header is displayed","descriptionHtml":"<p>Check 'Bras &amp; Tanks' subsection link click in 'Women' section redirects to the Bras &amp; Tanks-women page and         the 'Bras &amp; Tanks' header is displayed</p>\n","status":"broken","statusMessage":"selenium.common.exceptions.TimeoutException: Message: \nStacktrace:\n#0 0x55d1cb3854ca <unknown>\n#1 0x55d1cadd3e4b <unknown>\n#2 0x55d1cae26814 <unknown>\n#3 0x55d1cae26a51 <unknown>\n#4 0x55d1cae75a44 <unknown>\n#5 0x55d1cae72df7 <unknown>\n#6 0x55d1cae18c2a <unknown>\n#7 0x55d1cae19931 <unknown>\n#8 0x55d1cb34bcf9 <unknown>\n#9 0x55d1cb34ecdc <unknown>\n#10 0x55d1cb334f79 <unknown>\n#11 0x55d1cb34f8b5 <unknown>\n#12 0x55d1cb31c9c3 <unknown>\n#13 0x55d1cb372228 <unknown>\n#14 0x55d1cb372403 <unknown>\n#15 0x55d1cb384463 <unknown>\n#16 0x7f991bc9caa4 <unknown>\n#17 0x7f991bd29c6c <unknown>","statusTrace":"self = <test_header.TestHeader object at 0x7fa5c8b0a4d0>\ndriver = <selenium.webdriver.chrome.webdriver.WebDriver (session=\"9f6899387b3d134a0f36c971a21a280c\")>\n\n    @allure.title('TC 01.03.10 correctness of the \"Bras\" link of the \"Women\" section')\n    def test_tc_01_03_10_correctness_of_bras_tanks_women_section_link(self, driver):\n        \"\"\"Check 'Bras & Tanks' subsection link click in 'Women' section redirects to the Bras & Tanks-women page and \\\n        the 'Bras & Tanks' header is displayed\"\"\"\n        page = HeaderPage(driver, MAIN_PAGE_URL)\n        page.open()\n>       page.check_redirection_of_tanks_subsection_of_women_section_link()\n\ntests/test_header.py:486: \n_ _ _ _ _ _ _ _ _ _ _ _ _ _ _ _ _ _ _ _ _ _ _ _ _ _ _ _ _ _ _ _ _ _ _ _ _ _ _ _ \npages/header_page.py:384: in check_redirection_of_tanks_subsection_of_women_section_link\n    self.action_move_to_element(self.element_is_visible(self.header_locators.WOMEN_SECTION))\npages/base_page.py:30: in element_is_visible\n    self.go_to_element(self.element_is_present(locator))\npages/base_page.py:51: in element_is_present\n    return wait(self.driver, timeout).until(EC.presence_of_element_located(locator))\n_ _ _ _ _ _ _ _ _ _ _ _ _ _ _ _ _ _ _ _ _ _ _ _ _ _ _ _ _ _ _ _ _ _ _ _ _ _ _ _ \n\nself = <selenium.webdriver.support.wait.WebDriverWait (session=\"9f6899387b3d134a0f36c971a21a280c\")>\nmethod = <function presence_of_element_located.<locals>._predicate at 0x7fa5c9d342c0>\nmessage = ''\n\n    def until(self, method, message: str = \"\"):\n        \"\"\"Calls the method provided with the driver as an argument until the \\\n        return value does not evaluate to ``False``.\n    \n        :param method: callable(WebDriver)\n        :param message: optional message for :exc:`TimeoutException`\n        :returns: the result of the last call to `method`\n        :raises: :exc:`selenium.common.exceptions.TimeoutException` if timeout occurs\n        \"\"\"\n        screen = None\n        stacktrace = None\n    \n        end_time = time.monotonic() + self._timeout\n        while True:\n            try:\n                value = method(self._driver)\n                if value:\n                    return value\n            except self._ignored_exceptions as exc:\n                screen = getattr(exc, \"screen\", None)\n                stacktrace = getattr(exc, \"stacktrace\", None)\n            time.sleep(self._poll)\n            if time.monotonic() > end_time:\n                break\n>       raise TimeoutException(message, screen, stacktrace)\nE       selenium.common.exceptions.TimeoutException: Message: \nE       Stacktrace:\nE       #0 0x55d1cb3854ca <unknown>\nE       #1 0x55d1cadd3e4b <unknown>\nE       #2 0x55d1cae26814 <unknown>\nE       #3 0x55d1cae26a51 <unknown>\nE       #4 0x55d1cae75a44 <unknown>\nE       #5 0x55d1cae72df7 <unknown>\nE       #6 0x55d1cae18c2a <unknown>\nE       #7 0x55d1cae19931 <unknown>\nE       #8 0x55d1cb34bcf9 <unknown>\nE       #9 0x55d1cb34ecdc <unknown>\nE       #10 0x55d1cb334f79 <unknown>\nE       #11 0x55d1cb34f8b5 <unknown>\nE       #12 0x55d1cb31c9c3 <unknown>\nE       #13 0x55d1cb372228 <unknown>\nE       #14 0x55d1cb372403 <unknown>\nE       #15 0x55d1cb384463 <unknown>\nE       #16 0x7f991bc9caa4 <unknown>\nE       #17 0x7f991bd29c6c <unknown>\n\n/opt/hostedtoolcache/Python/3.11.14/x64/lib/python3.11/site-packages/selenium/webdriver/support/wait.py:95: TimeoutException","flaky":false,"newFailed":false,"newBroken":false,"newPassed":false,"retriesCount":0,"retriesStatusChange":false,"beforeStages":[{"name":"_session_faker","time":{"start":1765070886849,"stop":1765070886911,"duration":62},"status":"passed","steps":[],"attachments":[],"parameters":[],"stepsCount":0,"shouldDisplayMessage":false,"attachmentsCount":0,"hasContent":false,"attachmentStep":false},{"name":"clear_allure_result_folder","time":{"start":1765070886911,"stop":1765070886912,"duration":1},"status":"passed","steps":[],"attachments":[],"parameters":[],"stepsCount":0,"shouldDisplayMessage":false,"attachmentsCount":0,"hasContent":false,"attachmentStep":false},{"name":"driver","time":{"start":1765071788915,"stop":1765071790156,"duration":1241},"status":"passed","steps":[],"attachments":[],"parameters":[],"stepsCount":0,"shouldDisplayMessage":false,"attachmentsCount":0,"hasContent":false,"attachmentStep":false}],"testStage":{"description":"Check 'Bras & Tanks' subsection link click in 'Women' section redirects to the Bras & Tanks-women page and         the 'Bras & Tanks' header is displayed","status":"broken","statusMessage":"selenium.common.exceptions.TimeoutException: Message: \nStacktrace:\n#0 0x55d1cb3854ca <unknown>\n#1 0x55d1cadd3e4b <unknown>\n#2 0x55d1cae26814 <unknown>\n#3 0x55d1cae26a51 <unknown>\n#4 0x55d1cae75a44 <unknown>\n#5 0x55d1cae72df7 <unknown>\n#6 0x55d1cae18c2a <unknown>\n#7 0x55d1cae19931 <unknown>\n#8 0x55d1cb34bcf9 <unknown>\n#9 0x55d1cb34ecdc <unknown>\n#10 0x55d1cb334f79 <unknown>\n#11 0x55d1cb34f8b5 <unknown>\n#12 0x55d1cb31c9c3 <unknown>\n#13 0x55d1cb372228 <unknown>\n#14 0x55d1cb372403 <unknown>\n#15 0x55d1cb384463 <unknown>\n#16 0x7f991bc9caa4 <unknown>\n#17 0x7f991bd29c6c <unknown>","statusTrace":"self = <test_header.TestHeader object at 0x7fa5c8b0a4d0>\ndriver = <selenium.webdriver.chrome.webdriver.WebDriver (session=\"9f6899387b3d134a0f36c971a21a280c\")>\n\n    @allure.title('TC 01.03.10 correctness of the \"Bras\" link of the \"Women\" section')\n    def test_tc_01_03_10_correctness_of_bras_tanks_women_section_link(self, driver):\n        \"\"\"Check 'Bras & Tanks' subsection link click in 'Women' section redirects to the Bras & Tanks-women page and \\\n        the 'Bras & Tanks' header is displayed\"\"\"\n        page = HeaderPage(driver, MAIN_PAGE_URL)\n        page.open()\n>       page.check_redirection_of_tanks_subsection_of_women_section_link()\n\ntests/test_header.py:486: \n_ _ _ _ _ _ _ _ _ _ _ _ _ _ _ _ _ _ _ _ _ _ _ _ _ _ _ _ _ _ _ _ _ _ _ _ _ _ _ _ \npages/header_page.py:384: in check_redirection_of_tanks_subsection_of_women_section_link\n    self.action_move_to_element(self.element_is_visible(self.header_locators.WOMEN_SECTION))\npages/base_page.py:30: in element_is_visible\n    self.go_to_element(self.element_is_present(locator))\npages/base_page.py:51: in element_is_present\n    return wait(self.driver, timeout).until(EC.presence_of_element_located(locator))\n_ _ _ _ _ _ _ _ _ _ _ _ _ _ _ _ _ _ _ _ _ _ _ _ _ _ _ _ _ _ _ _ _ _ _ _ _ _ _ _ \n\nself = <selenium.webdriver.support.wait.WebDriverWait (session=\"9f6899387b3d134a0f36c971a21a280c\")>\nmethod = <function presence_of_element_located.<locals>._predicate at 0x7fa5c9d342c0>\nmessage = ''\n\n    def until(self, method, message: str = \"\"):\n        \"\"\"Calls the method provided with the driver as an argument until the \\\n        return value does not evaluate to ``False``.\n    \n        :param method: callable(WebDriver)\n        :param message: optional message for :exc:`TimeoutException`\n        :returns: the result of the last call to `method`\n        :raises: :exc:`selenium.common.exceptions.TimeoutException` if timeout occurs\n        \"\"\"\n        screen = None\n        stacktrace = None\n    \n        end_time = time.monotonic() + self._timeout\n        while True:\n            try:\n                value = method(self._driver)\n                if value:\n                    return value\n            except self._ignored_exceptions as exc:\n                screen = getattr(exc, \"screen\", None)\n                stacktrace = getattr(exc, \"stacktrace\", None)\n            time.sleep(self._poll)\n            if time.monotonic() > end_time:\n                break\n>       raise TimeoutException(message, screen, stacktrace)\nE       selenium.common.exceptions.TimeoutException: Message: \nE       Stacktrace:\nE       #0 0x55d1cb3854ca <unknown>\nE       #1 0x55d1cadd3e4b <unknown>\nE       #2 0x55d1cae26814 <unknown>\nE       #3 0x55d1cae26a51 <unknown>\nE       #4 0x55d1cae75a44 <unknown>\nE       #5 0x55d1cae72df7 <unknown>\nE       #6 0x55d1cae18c2a <unknown>\nE       #7 0x55d1cae19931 <unknown>\nE       #8 0x55d1cb34bcf9 <unknown>\nE       #9 0x55d1cb34ecdc <unknown>\nE       #10 0x55d1cb334f79 <unknown>\nE       #11 0x55d1cb34f8b5 <unknown>\nE       #12 0x55d1cb31c9c3 <unknown>\nE       #13 0x55d1cb372228 <unknown>\nE       #14 0x55d1cb372403 <unknown>\nE       #15 0x55d1cb384463 <unknown>\nE       #16 0x7f991bc9caa4 <unknown>\nE       #17 0x7f991bd29c6c <unknown>\n\n/opt/hostedtoolcache/Python/3.11.14/x64/lib/python3.11/site-packages/selenium/webdriver/support/wait.py:95: TimeoutException","steps":[{"name":"Open a browser","time":{"start":1765071790157,"stop":1765071790317,"duration":160},"status":"passed","steps":[],"attachments":[],"parameters":[],"stepsCount":0,"shouldDisplayMessage":false,"attachmentsCount":0,"hasContent":false,"attachmentStep":false},{"name":"Check redirection of the \"Tanks & Bras\" subsection of the \"Women\" section link","time":{"start":1765071790317,"stop":1765071795420,"duration":5103},"status":"broken","statusMessage":"selenium.common.exceptions.TimeoutException: Message: \nStacktrace:\n#0 0x55d1cb3854ca <unknown>\n#1 0x55d1cadd3e4b <unknown>\n#2 0x55d1cae26814 <unknown>\n#3 0x55d1cae26a51 <unknown>\n#4 0x55d1cae75a44 <unknown>\n#5 0x55d1cae72df7 <unknown>\n#6 0x55d1cae18c2a <unknown>\n#7 0x55d1cae19931 <unknown>\n#8 0x55d1cb34bcf9 <unknown>\n#9 0x55d1cb34ecdc <unknown>\n#10 0x55d1cb334f79 <unknown>\n#11 0x55d1cb34f8b5 <unknown>\n#12 0x55d1cb31c9c3 <unknown>\n#13 0x55d1cb372228 <unknown>\n#14 0x55d1cb372403 <unknown>\n#15 0x55d1cb384463 <unknown>\n#16 0x7f991bc9caa4 <unknown>\n#17 0x7f991bd29c6c <unknown>\n\n","statusTrace":"  File \"/opt/hostedtoolcache/Python/3.11.14/x64/lib/python3.11/site-packages/allure_commons/_allure.py\", line 192, in impl\n    return func(*a, **kw)\n           ^^^^^^^^^^^^^^\n  File \"/home/runner/work/luma_project/luma_project/pages/header_page.py\", line 384, in check_redirection_of_tanks_subsection_of_women_section_link\n    self.action_move_to_element(self.element_is_visible(self.header_locators.WOMEN_SECTION))\n                                ^^^^^^^^^^^^^^^^^^^^^^^^^^^^^^^^^^^^^^^^^^^^^^^^^^^^^^^^^^^\n  File \"/opt/hostedtoolcache/Python/3.11.14/x64/lib/python3.11/site-packages/allure_commons/_allure.py\", line 192, in impl\n    return func(*a, **kw)\n           ^^^^^^^^^^^^^^\n  File \"/home/runner/work/luma_project/luma_project/pages/base_page.py\", line 30, in element_is_visible\n    self.go_to_element(self.element_is_present(locator))\n                       ^^^^^^^^^^^^^^^^^^^^^^^^^^^^^^^^\n  File \"/opt/hostedtoolcache/Python/3.11.14/x64/lib/python3.11/site-packages/allure_commons/_allure.py\", line 192, in impl\n    return func(*a, **kw)\n           ^^^^^^^^^^^^^^\n  File \"/home/runner/work/luma_project/luma_project/pages/base_page.py\", line 51, in element_is_present\n    return wait(self.driver, timeout).until(EC.presence_of_element_located(locator))\n           ^^^^^^^^^^^^^^^^^^^^^^^^^^^^^^^^^^^^^^^^^^^^^^^^^^^^^^^^^^^^^^^^^^^^^^^^^\n  File \"/opt/hostedtoolcache/Python/3.11.14/x64/lib/python3.11/site-packages/selenium/webdriver/support/wait.py\", line 95, in until\n    raise TimeoutException(message, screen, stacktrace)\n","steps":[{"name":"Find a visible element","time":{"start":1765071790317,"stop":1765071795420,"duration":5103},"status":"broken","statusMessage":"selenium.common.exceptions.TimeoutException: Message: \nStacktrace:\n#0 0x55d1cb3854ca <unknown>\n#1 0x55d1cadd3e4b <unknown>\n#2 0x55d1cae26814 <unknown>\n#3 0x55d1cae26a51 <unknown>\n#4 0x55d1cae75a44 <unknown>\n#5 0x55d1cae72df7 <unknown>\n#6 0x55d1cae18c2a <unknown>\n#7 0x55d1cae19931 <unknown>\n#8 0x55d1cb34bcf9 <unknown>\n#9 0x55d1cb34ecdc <unknown>\n#10 0x55d1cb334f79 <unknown>\n#11 0x55d1cb34f8b5 <unknown>\n#12 0x55d1cb31c9c3 <unknown>\n#13 0x55d1cb372228 <unknown>\n#14 0x55d1cb372403 <unknown>\n#15 0x55d1cb384463 <unknown>\n#16 0x7f991bc9caa4 <unknown>\n#17 0x7f991bd29c6c <unknown>\n\n","statusTrace":"  File \"/opt/hostedtoolcache/Python/3.11.14/x64/lib/python3.11/site-packages/allure_commons/_allure.py\", line 192, in impl\n    return func(*a, **kw)\n           ^^^^^^^^^^^^^^\n  File \"/home/runner/work/luma_project/luma_project/pages/base_page.py\", line 30, in element_is_visible\n    self.go_to_element(self.element_is_present(locator))\n                       ^^^^^^^^^^^^^^^^^^^^^^^^^^^^^^^^\n  File \"/opt/hostedtoolcache/Python/3.11.14/x64/lib/python3.11/site-packages/allure_commons/_allure.py\", line 192, in impl\n    return func(*a, **kw)\n           ^^^^^^^^^^^^^^\n  File \"/home/runner/work/luma_project/luma_project/pages/base_page.py\", line 51, in element_is_present\n    return wait(self.driver, timeout).until(EC.presence_of_element_located(locator))\n           ^^^^^^^^^^^^^^^^^^^^^^^^^^^^^^^^^^^^^^^^^^^^^^^^^^^^^^^^^^^^^^^^^^^^^^^^^\n  File \"/opt/hostedtoolcache/Python/3.11.14/x64/lib/python3.11/site-packages/selenium/webdriver/support/wait.py\", line 95, in until\n    raise TimeoutException(message, screen, stacktrace)\n","steps":[{"name":"Find a present element","time":{"start":1765071790317,"stop":1765071795419,"duration":5102},"status":"broken","statusMessage":"selenium.common.exceptions.TimeoutException: Message: \nStacktrace:\n#0 0x55d1cb3854ca <unknown>\n#1 0x55d1cadd3e4b <unknown>\n#2 0x55d1cae26814 <unknown>\n#3 0x55d1cae26a51 <unknown>\n#4 0x55d1cae75a44 <unknown>\n#5 0x55d1cae72df7 <unknown>\n#6 0x55d1cae18c2a <unknown>\n#7 0x55d1cae19931 <unknown>\n#8 0x55d1cb34bcf9 <unknown>\n#9 0x55d1cb34ecdc <unknown>\n#10 0x55d1cb334f79 <unknown>\n#11 0x55d1cb34f8b5 <unknown>\n#12 0x55d1cb31c9c3 <unknown>\n#13 0x55d1cb372228 <unknown>\n#14 0x55d1cb372403 <unknown>\n#15 0x55d1cb384463 <unknown>\n#16 0x7f991bc9caa4 <unknown>\n#17 0x7f991bd29c6c <unknown>\n\n","statusTrace":"  File \"/opt/hostedtoolcache/Python/3.11.14/x64/lib/python3.11/site-packages/allure_commons/_allure.py\", line 192, in impl\n    return func(*a, **kw)\n           ^^^^^^^^^^^^^^\n  File \"/home/runner/work/luma_project/luma_project/pages/base_page.py\", line 51, in element_is_present\n    return wait(self.driver, timeout).until(EC.presence_of_element_located(locator))\n           ^^^^^^^^^^^^^^^^^^^^^^^^^^^^^^^^^^^^^^^^^^^^^^^^^^^^^^^^^^^^^^^^^^^^^^^^^\n  File \"/opt/hostedtoolcache/Python/3.11.14/x64/lib/python3.11/site-packages/selenium/webdriver/support/wait.py\", line 95, in until\n    raise TimeoutException(message, screen, stacktrace)\n","steps":[],"attachments":[],"parameters":[{"name":"locator","value":"('xpath', \"(//a[@id='ui-id-4'])[1]\")"},{"name":"timeout","value":"5"}],"stepsCount":0,"shouldDisplayMessage":true,"attachmentsCount":0,"hasContent":true,"attachmentStep":false}],"attachments":[],"parameters":[{"name":"locator","value":"('xpath', \"(//a[@id='ui-id-4'])[1]\")"},{"name":"timeout","value":"10"}],"stepsCount":1,"shouldDisplayMessage":false,"attachmentsCount":0,"hasContent":true,"attachmentStep":false}],"attachments":[],"parameters":[],"stepsCount":2,"shouldDisplayMessage":false,"attachmentsCount":0,"hasContent":true,"attachmentStep":false}],"attachments":[{"uid":"d7e8da3e7e1d7e9a","name":"Screenshot","source":"d7e8da3e7e1d7e9a.png","type":"image/png","size":23875},{"uid":"80f939b6d37c2785","name":"HTML source","source":"80f939b6d37c2785.html","type":"text/html","size":1433}],"parameters":[],"stepsCount":4,"shouldDisplayMessage":true,"attachmentsCount":2,"hasContent":true,"attachmentStep":false},"afterStages":[{"name":"driver::0","time":{"start":1765071795501,"stop":1765071795563,"duration":62},"status":"passed","steps":[],"attachments":[],"parameters":[],"stepsCount":0,"shouldDisplayMessage":false,"attachmentsCount":0,"hasContent":false,"attachmentStep":false},{"name":"clear_allure_result_folder::0","time":{"start":1765073283159,"stop":1765073283159,"duration":0},"status":"passed","steps":[],"attachments":[],"parameters":[],"stepsCount":0,"shouldDisplayMessage":false,"attachmentsCount":0,"hasContent":false,"attachmentStep":false}],"labels":[{"name":"epic","value":"Test Header"},{"name":"parentSuite","value":"tests"},{"name":"suite","value":"test_header"},{"name":"subSuite","value":"TestHeader"},{"name":"host","value":"runnervmoqczp"},{"name":"thread","value":"2986-MainThread"},{"name":"framework","value":"pytest"},{"name":"language","value":"cpython3"},{"name":"package","value":"tests.test_header"},{"name":"resultFormat","value":"allure2"}],"parameters":[],"links":[],"hidden":false,"retry":false,"extra":{"severity":"normal","retries":[],"categories":[{"name":"Test defects","matchedStatuses":[],"flaky":false}],"history":{"statistic":{"failed":0,"broken":3,"skipped":0,"passed":0,"unknown":0,"total":3},"items":[{"uid":"37e025c3827f527a","reportUrl":"https://verafes.github.io/luma_project/623/#testresult/37e025c3827f527a","status":"broken","statusDetails":"selenium.common.exceptions.TimeoutException: Message: \nStacktrace:\n#0 0x56128831132a <unknown>\n#1 0x561287d5de4b <unknown>\n#2 0x561287db082b <unknown>\n#3 0x561287db0a61 <unknown>\n#4 0x561287dffa44 <unknown>\n#5 0x561287dfcdf7 <unknown>\n#6 0x561287da2c1a <unknown>\n#7 0x561287da3921 <unknown>\n#8 0x5612882d8239 <unknown>\n#9 0x5612882db1e8 <unknown>\n#10 0x5612882c14c9 <unknown>\n#11 0x5612882dbdb5 <unknown>\n#12 0x5612882a8e93 <unknown>\n#13 0x5612882fe098 <unknown>\n#14 0x5612882fe273 <unknown>\n#15 0x5612883102c3 <unknown>\n#16 0x7fca2f09caa4 <unknown>\n#17 0x7fca2f129c6c <unknown>","time":{"start":1764466968941,"stop":1764466974193,"duration":5252}},{"uid":"ae7b511b88d87c1b","reportUrl":"https://verafes.github.io/luma_project/622/#testresult/ae7b511b88d87c1b","status":"broken","statusDetails":"selenium.common.exceptions.TimeoutException: Message: \nStacktrace:\n#0 0x55af5050932a <unknown>\n#1 0x55af4ff55e4b <unknown>\n#2 0x55af4ffa882b <unknown>\n#3 0x55af4ffa8a61 <unknown>\n#4 0x55af4fff7a44 <unknown>\n#5 0x55af4fff4df7 <unknown>\n#6 0x55af4ff9ac1a <unknown>\n#7 0x55af4ff9b921 <unknown>\n#8 0x55af504d0239 <unknown>\n#9 0x55af504d31e8 <unknown>\n#10 0x55af504b94c9 <unknown>\n#11 0x55af504d3db5 <unknown>\n#12 0x55af504a0e93 <unknown>\n#13 0x55af504f6098 <unknown>\n#14 0x55af504f6273 <unknown>\n#15 0x55af505082c3 <unknown>\n#16 0x7f534869caa4 <unknown>\n#17 0x7f5348729c6c <unknown>","time":{"start":1763862221569,"stop":1763862226836,"duration":5267}}]},"tags":[]},"source":"14951c695ee8c270.json","parameterValues":[]}