{"uid":"6bcf89ba7ed702","name":"TC 10.04.13 - Verify the text in 3-columns block - sale-free-shipping","fullName":"tests.test_sale.TestPromoBlocks#test_tc_10_04_13","historyId":"e2658c4f9533cc92867f2be71127550f","time":{"start":1765072719336,"stop":1765072724444,"duration":5108},"description":"Check title-text and content-text in 3-columns block - sale-free-shipping","descriptionHtml":"<p>Check title-text and content-text in 3-columns block - sale-free-shipping</p>\n","status":"broken","statusMessage":"selenium.common.exceptions.TimeoutException: Message: \nStacktrace:\n#0 0x55a55d4324ca <unknown>\n#1 0x55a55ce80e4b <unknown>\n#2 0x55a55ced3814 <unknown>\n#3 0x55a55ced3a51 <unknown>\n#4 0x55a55cf22a44 <unknown>\n#5 0x55a55cf1fdf7 <unknown>\n#6 0x55a55cec5c2a <unknown>\n#7 0x55a55cec6931 <unknown>\n#8 0x55a55d3f8cf9 <unknown>\n#9 0x55a55d3fbcdc <unknown>\n#10 0x55a55d3e1f79 <unknown>\n#11 0x55a55d3fc8b5 <unknown>\n#12 0x55a55d3c99c3 <unknown>\n#13 0x55a55d41f228 <unknown>\n#14 0x55a55d41f403 <unknown>\n#15 0x55a55d431463 <unknown>\n#16 0x7f4e4b89caa4 <unknown>\n#17 0x7f4e4b929c6c <unknown>","statusTrace":"self = <test_sale.TestSalePage.TestPromoBlocks object at 0x7fa5c7b0ead0>\nsale_page = <pages.sale_page.SalePage object at 0x7fa5c9560650>\n\n    @allure.title(\"TC 10.04.13 - Verify the text in 3-columns block - sale-free-shipping\")\n    def test_tc_10_04_13(self, sale_page):\n        \"\"\"Check title-text and content-text in 3-columns block - sale-free-shipping\"\"\"\n>       title = sale_page.check_title_text_in_second_block()\n\ntests/test_sale.py:225: \n_ _ _ _ _ _ _ _ _ _ _ _ _ _ _ _ _ _ _ _ _ _ _ _ _ _ _ _ _ _ _ _ _ _ _ _ _ _ _ _ \npages/sale_page.py:115: in check_title_text_in_second_block\n    second_block_title = self.element_is_visible(self.promo_blocks_locators.SECOND_COLUMN_TITLE)\npages/base_page.py:30: in element_is_visible\n    self.go_to_element(self.element_is_present(locator))\npages/base_page.py:51: in element_is_present\n    return wait(self.driver, timeout).until(EC.presence_of_element_located(locator))\n_ _ _ _ _ _ _ _ _ _ _ _ _ _ _ _ _ _ _ _ _ _ _ _ _ _ _ _ _ _ _ _ _ _ _ _ _ _ _ _ \n\nself = <selenium.webdriver.support.wait.WebDriverWait (session=\"542f4a77eeaee62ccf601b15d7a63b2c\")>\nmethod = <function presence_of_element_located.<locals>._predicate at 0x7fa5c955a480>\nmessage = ''\n\n    def until(self, method, message: str = \"\"):\n        \"\"\"Calls the method provided with the driver as an argument until the \\\n        return value does not evaluate to ``False``.\n    \n        :param method: callable(WebDriver)\n        :param message: optional message for :exc:`TimeoutException`\n        :returns: the result of the last call to `method`\n        :raises: :exc:`selenium.common.exceptions.TimeoutException` if timeout occurs\n        \"\"\"\n        screen = None\n        stacktrace = None\n    \n        end_time = time.monotonic() + self._timeout\n        while True:\n            try:\n                value = method(self._driver)\n                if value:\n                    return value\n            except self._ignored_exceptions as exc:\n                screen = getattr(exc, \"screen\", None)\n                stacktrace = getattr(exc, \"stacktrace\", None)\n            time.sleep(self._poll)\n            if time.monotonic() > end_time:\n                break\n>       raise TimeoutException(message, screen, stacktrace)\nE       selenium.common.exceptions.TimeoutException: Message: \nE       Stacktrace:\nE       #0 0x55a55d4324ca <unknown>\nE       #1 0x55a55ce80e4b <unknown>\nE       #2 0x55a55ced3814 <unknown>\nE       #3 0x55a55ced3a51 <unknown>\nE       #4 0x55a55cf22a44 <unknown>\nE       #5 0x55a55cf1fdf7 <unknown>\nE       #6 0x55a55cec5c2a <unknown>\nE       #7 0x55a55cec6931 <unknown>\nE       #8 0x55a55d3f8cf9 <unknown>\nE       #9 0x55a55d3fbcdc <unknown>\nE       #10 0x55a55d3e1f79 <unknown>\nE       #11 0x55a55d3fc8b5 <unknown>\nE       #12 0x55a55d3c99c3 <unknown>\nE       #13 0x55a55d41f228 <unknown>\nE       #14 0x55a55d41f403 <unknown>\nE       #15 0x55a55d431463 <unknown>\nE       #16 0x7f4e4b89caa4 <unknown>\nE       #17 0x7f4e4b929c6c <unknown>\n\n/opt/hostedtoolcache/Python/3.11.14/x64/lib/python3.11/site-packages/selenium/webdriver/support/wait.py:95: TimeoutException","flaky":false,"newFailed":false,"newBroken":false,"newPassed":false,"retriesCount":0,"retriesStatusChange":false,"beforeStages":[{"name":"_session_faker","time":{"start":1765070886849,"stop":1765070886911,"duration":62},"status":"passed","steps":[],"attachments":[],"parameters":[],"stepsCount":0,"shouldDisplayMessage":false,"attachmentsCount":0,"hasContent":false,"attachmentStep":false},{"name":"clear_allure_result_folder","time":{"start":1765070886911,"stop":1765070886912,"duration":1},"status":"passed","steps":[],"attachments":[],"parameters":[],"stepsCount":0,"shouldDisplayMessage":false,"attachmentsCount":0,"hasContent":false,"attachmentStep":false},{"name":"driver","time":{"start":1765072717950,"stop":1765072719198,"duration":1248},"status":"passed","steps":[],"attachments":[],"parameters":[],"stepsCount":0,"shouldDisplayMessage":false,"attachmentsCount":0,"hasContent":false,"attachmentStep":false},{"name":"sale_page","time":{"start":1765072719198,"stop":1765072719336,"duration":138},"status":"passed","steps":[{"name":"Open a browser","time":{"start":1765072719198,"stop":1765072719336,"duration":138},"status":"passed","steps":[],"attachments":[],"parameters":[],"stepsCount":0,"shouldDisplayMessage":false,"attachmentsCount":0,"hasContent":false,"attachmentStep":false}],"attachments":[],"parameters":[],"stepsCount":1,"shouldDisplayMessage":false,"attachmentsCount":0,"hasContent":true,"attachmentStep":false}],"testStage":{"description":"Check title-text and content-text in 3-columns block - sale-free-shipping","status":"broken","statusMessage":"selenium.common.exceptions.TimeoutException: Message: \nStacktrace:\n#0 0x55a55d4324ca <unknown>\n#1 0x55a55ce80e4b <unknown>\n#2 0x55a55ced3814 <unknown>\n#3 0x55a55ced3a51 <unknown>\n#4 0x55a55cf22a44 <unknown>\n#5 0x55a55cf1fdf7 <unknown>\n#6 0x55a55cec5c2a <unknown>\n#7 0x55a55cec6931 <unknown>\n#8 0x55a55d3f8cf9 <unknown>\n#9 0x55a55d3fbcdc <unknown>\n#10 0x55a55d3e1f79 <unknown>\n#11 0x55a55d3fc8b5 <unknown>\n#12 0x55a55d3c99c3 <unknown>\n#13 0x55a55d41f228 <unknown>\n#14 0x55a55d41f403 <unknown>\n#15 0x55a55d431463 <unknown>\n#16 0x7f4e4b89caa4 <unknown>\n#17 0x7f4e4b929c6c <unknown>","statusTrace":"self = <test_sale.TestSalePage.TestPromoBlocks object at 0x7fa5c7b0ead0>\nsale_page = <pages.sale_page.SalePage object at 0x7fa5c9560650>\n\n    @allure.title(\"TC 10.04.13 - Verify the text in 3-columns block - sale-free-shipping\")\n    def test_tc_10_04_13(self, sale_page):\n        \"\"\"Check title-text and content-text in 3-columns block - sale-free-shipping\"\"\"\n>       title = sale_page.check_title_text_in_second_block()\n\ntests/test_sale.py:225: \n_ _ _ _ _ _ _ _ _ _ _ _ _ _ _ _ _ _ _ _ _ _ _ _ _ _ _ _ _ _ _ _ _ _ _ _ _ _ _ _ \npages/sale_page.py:115: in check_title_text_in_second_block\n    second_block_title = self.element_is_visible(self.promo_blocks_locators.SECOND_COLUMN_TITLE)\npages/base_page.py:30: in element_is_visible\n    self.go_to_element(self.element_is_present(locator))\npages/base_page.py:51: in element_is_present\n    return wait(self.driver, timeout).until(EC.presence_of_element_located(locator))\n_ _ _ _ _ _ _ _ _ _ _ _ _ _ _ _ _ _ _ _ _ _ _ _ _ _ _ _ _ _ _ _ _ _ _ _ _ _ _ _ \n\nself = <selenium.webdriver.support.wait.WebDriverWait (session=\"542f4a77eeaee62ccf601b15d7a63b2c\")>\nmethod = <function presence_of_element_located.<locals>._predicate at 0x7fa5c955a480>\nmessage = ''\n\n    def until(self, method, message: str = \"\"):\n        \"\"\"Calls the method provided with the driver as an argument until the \\\n        return value does not evaluate to ``False``.\n    \n        :param method: callable(WebDriver)\n        :param message: optional message for :exc:`TimeoutException`\n        :returns: the result of the last call to `method`\n        :raises: :exc:`selenium.common.exceptions.TimeoutException` if timeout occurs\n        \"\"\"\n        screen = None\n        stacktrace = None\n    \n        end_time = time.monotonic() + self._timeout\n        while True:\n            try:\n                value = method(self._driver)\n                if value:\n                    return value\n            except self._ignored_exceptions as exc:\n                screen = getattr(exc, \"screen\", None)\n                stacktrace = getattr(exc, \"stacktrace\", None)\n            time.sleep(self._poll)\n            if time.monotonic() > end_time:\n                break\n>       raise TimeoutException(message, screen, stacktrace)\nE       selenium.common.exceptions.TimeoutException: Message: \nE       Stacktrace:\nE       #0 0x55a55d4324ca <unknown>\nE       #1 0x55a55ce80e4b <unknown>\nE       #2 0x55a55ced3814 <unknown>\nE       #3 0x55a55ced3a51 <unknown>\nE       #4 0x55a55cf22a44 <unknown>\nE       #5 0x55a55cf1fdf7 <unknown>\nE       #6 0x55a55cec5c2a <unknown>\nE       #7 0x55a55cec6931 <unknown>\nE       #8 0x55a55d3f8cf9 <unknown>\nE       #9 0x55a55d3fbcdc <unknown>\nE       #10 0x55a55d3e1f79 <unknown>\nE       #11 0x55a55d3fc8b5 <unknown>\nE       #12 0x55a55d3c99c3 <unknown>\nE       #13 0x55a55d41f228 <unknown>\nE       #14 0x55a55d41f403 <unknown>\nE       #15 0x55a55d431463 <unknown>\nE       #16 0x7f4e4b89caa4 <unknown>\nE       #17 0x7f4e4b929c6c <unknown>\n\n/opt/hostedtoolcache/Python/3.11.14/x64/lib/python3.11/site-packages/selenium/webdriver/support/wait.py:95: TimeoutException","steps":[{"name":"Check title-text in 3-columns block - 2nd block","time":{"start":1765072719336,"stop":1765072724444,"duration":5108},"status":"broken","statusMessage":"selenium.common.exceptions.TimeoutException: Message: \nStacktrace:\n#0 0x55a55d4324ca <unknown>\n#1 0x55a55ce80e4b <unknown>\n#2 0x55a55ced3814 <unknown>\n#3 0x55a55ced3a51 <unknown>\n#4 0x55a55cf22a44 <unknown>\n#5 0x55a55cf1fdf7 <unknown>\n#6 0x55a55cec5c2a <unknown>\n#7 0x55a55cec6931 <unknown>\n#8 0x55a55d3f8cf9 <unknown>\n#9 0x55a55d3fbcdc <unknown>\n#10 0x55a55d3e1f79 <unknown>\n#11 0x55a55d3fc8b5 <unknown>\n#12 0x55a55d3c99c3 <unknown>\n#13 0x55a55d41f228 <unknown>\n#14 0x55a55d41f403 <unknown>\n#15 0x55a55d431463 <unknown>\n#16 0x7f4e4b89caa4 <unknown>\n#17 0x7f4e4b929c6c <unknown>\n\n","statusTrace":"  File \"/opt/hostedtoolcache/Python/3.11.14/x64/lib/python3.11/site-packages/allure_commons/_allure.py\", line 192, in impl\n    return func(*a, **kw)\n           ^^^^^^^^^^^^^^\n  File \"/home/runner/work/luma_project/luma_project/pages/sale_page.py\", line 115, in check_title_text_in_second_block\n    second_block_title = self.element_is_visible(self.promo_blocks_locators.SECOND_COLUMN_TITLE)\n                         ^^^^^^^^^^^^^^^^^^^^^^^^^^^^^^^^^^^^^^^^^^^^^^^^^^^^^^^^^^^^^^^^^^^^^^^\n  File \"/opt/hostedtoolcache/Python/3.11.14/x64/lib/python3.11/site-packages/allure_commons/_allure.py\", line 192, in impl\n    return func(*a, **kw)\n           ^^^^^^^^^^^^^^\n  File \"/home/runner/work/luma_project/luma_project/pages/base_page.py\", line 30, in element_is_visible\n    self.go_to_element(self.element_is_present(locator))\n                       ^^^^^^^^^^^^^^^^^^^^^^^^^^^^^^^^\n  File \"/opt/hostedtoolcache/Python/3.11.14/x64/lib/python3.11/site-packages/allure_commons/_allure.py\", line 192, in impl\n    return func(*a, **kw)\n           ^^^^^^^^^^^^^^\n  File \"/home/runner/work/luma_project/luma_project/pages/base_page.py\", line 51, in element_is_present\n    return wait(self.driver, timeout).until(EC.presence_of_element_located(locator))\n           ^^^^^^^^^^^^^^^^^^^^^^^^^^^^^^^^^^^^^^^^^^^^^^^^^^^^^^^^^^^^^^^^^^^^^^^^^\n  File \"/opt/hostedtoolcache/Python/3.11.14/x64/lib/python3.11/site-packages/selenium/webdriver/support/wait.py\", line 95, in until\n    raise TimeoutException(message, screen, stacktrace)\n","steps":[{"name":"Find a visible element","time":{"start":1765072719336,"stop":1765072724444,"duration":5108},"status":"broken","statusMessage":"selenium.common.exceptions.TimeoutException: Message: \nStacktrace:\n#0 0x55a55d4324ca <unknown>\n#1 0x55a55ce80e4b <unknown>\n#2 0x55a55ced3814 <unknown>\n#3 0x55a55ced3a51 <unknown>\n#4 0x55a55cf22a44 <unknown>\n#5 0x55a55cf1fdf7 <unknown>\n#6 0x55a55cec5c2a <unknown>\n#7 0x55a55cec6931 <unknown>\n#8 0x55a55d3f8cf9 <unknown>\n#9 0x55a55d3fbcdc <unknown>\n#10 0x55a55d3e1f79 <unknown>\n#11 0x55a55d3fc8b5 <unknown>\n#12 0x55a55d3c99c3 <unknown>\n#13 0x55a55d41f228 <unknown>\n#14 0x55a55d41f403 <unknown>\n#15 0x55a55d431463 <unknown>\n#16 0x7f4e4b89caa4 <unknown>\n#17 0x7f4e4b929c6c <unknown>\n\n","statusTrace":"  File \"/opt/hostedtoolcache/Python/3.11.14/x64/lib/python3.11/site-packages/allure_commons/_allure.py\", line 192, in impl\n    return func(*a, **kw)\n           ^^^^^^^^^^^^^^\n  File \"/home/runner/work/luma_project/luma_project/pages/base_page.py\", line 30, in element_is_visible\n    self.go_to_element(self.element_is_present(locator))\n                       ^^^^^^^^^^^^^^^^^^^^^^^^^^^^^^^^\n  File \"/opt/hostedtoolcache/Python/3.11.14/x64/lib/python3.11/site-packages/allure_commons/_allure.py\", line 192, in impl\n    return func(*a, **kw)\n           ^^^^^^^^^^^^^^\n  File \"/home/runner/work/luma_project/luma_project/pages/base_page.py\", line 51, in element_is_present\n    return wait(self.driver, timeout).until(EC.presence_of_element_located(locator))\n           ^^^^^^^^^^^^^^^^^^^^^^^^^^^^^^^^^^^^^^^^^^^^^^^^^^^^^^^^^^^^^^^^^^^^^^^^^\n  File \"/opt/hostedtoolcache/Python/3.11.14/x64/lib/python3.11/site-packages/selenium/webdriver/support/wait.py\", line 95, in until\n    raise TimeoutException(message, screen, stacktrace)\n","steps":[{"name":"Find a present element","time":{"start":1765072719336,"stop":1765072724443,"duration":5107},"status":"broken","statusMessage":"selenium.common.exceptions.TimeoutException: Message: \nStacktrace:\n#0 0x55a55d4324ca <unknown>\n#1 0x55a55ce80e4b <unknown>\n#2 0x55a55ced3814 <unknown>\n#3 0x55a55ced3a51 <unknown>\n#4 0x55a55cf22a44 <unknown>\n#5 0x55a55cf1fdf7 <unknown>\n#6 0x55a55cec5c2a <unknown>\n#7 0x55a55cec6931 <unknown>\n#8 0x55a55d3f8cf9 <unknown>\n#9 0x55a55d3fbcdc <unknown>\n#10 0x55a55d3e1f79 <unknown>\n#11 0x55a55d3fc8b5 <unknown>\n#12 0x55a55d3c99c3 <unknown>\n#13 0x55a55d41f228 <unknown>\n#14 0x55a55d41f403 <unknown>\n#15 0x55a55d431463 <unknown>\n#16 0x7f4e4b89caa4 <unknown>\n#17 0x7f4e4b929c6c <unknown>\n\n","statusTrace":"  File \"/opt/hostedtoolcache/Python/3.11.14/x64/lib/python3.11/site-packages/allure_commons/_allure.py\", line 192, in impl\n    return func(*a, **kw)\n           ^^^^^^^^^^^^^^\n  File \"/home/runner/work/luma_project/luma_project/pages/base_page.py\", line 51, in element_is_present\n    return wait(self.driver, timeout).until(EC.presence_of_element_located(locator))\n           ^^^^^^^^^^^^^^^^^^^^^^^^^^^^^^^^^^^^^^^^^^^^^^^^^^^^^^^^^^^^^^^^^^^^^^^^^\n  File \"/opt/hostedtoolcache/Python/3.11.14/x64/lib/python3.11/site-packages/selenium/webdriver/support/wait.py\", line 95, in until\n    raise TimeoutException(message, screen, stacktrace)\n","steps":[],"attachments":[],"parameters":[{"name":"locator","value":"('css selector', '.sale-free-shipping .title')"},{"name":"timeout","value":"5"}],"stepsCount":0,"shouldDisplayMessage":true,"attachmentsCount":0,"hasContent":true,"attachmentStep":false}],"attachments":[],"parameters":[{"name":"locator","value":"('css selector', '.sale-free-shipping .title')"},{"name":"timeout","value":"10"}],"stepsCount":1,"shouldDisplayMessage":false,"attachmentsCount":0,"hasContent":true,"attachmentStep":false}],"attachments":[],"parameters":[],"stepsCount":2,"shouldDisplayMessage":false,"attachmentsCount":0,"hasContent":true,"attachmentStep":false}],"attachments":[{"uid":"bce2e12ed373efc8","name":"Screenshot","source":"bce2e12ed373efc8.png","type":"image/png","size":23875},{"uid":"763a75d54943dec2","name":"HTML source","source":"763a75d54943dec2.html","type":"text/html","size":1433}],"parameters":[],"stepsCount":3,"shouldDisplayMessage":true,"attachmentsCount":2,"hasContent":true,"attachmentStep":false},"afterStages":[{"name":"driver::0","time":{"start":1765072724506,"stop":1765072724566,"duration":60},"status":"passed","steps":[],"attachments":[],"parameters":[],"stepsCount":0,"shouldDisplayMessage":false,"attachmentsCount":0,"hasContent":false,"attachmentStep":false},{"name":"clear_allure_result_folder::0","time":{"start":1765073283159,"stop":1765073283159,"duration":0},"status":"passed","steps":[],"attachments":[],"parameters":[],"stepsCount":0,"shouldDisplayMessage":false,"attachmentsCount":0,"hasContent":false,"attachmentStep":false}],"labels":[{"name":"feature","value":"Testing Promo Blocks, Main Block (Women's Deals) and 2 columns block - Men's Bargain, Gear Steals"},{"name":"epic","value":"Sale Page"},{"name":"parentSuite","value":"tests"},{"name":"suite","value":"test_sale"},{"name":"subSuite","value":"TestSalePage"},{"name":"host","value":"runnervmoqczp"},{"name":"thread","value":"2986-MainThread"},{"name":"framework","value":"pytest"},{"name":"language","value":"cpython3"},{"name":"package","value":"tests.test_sale"},{"name":"resultFormat","value":"allure2"}],"parameters":[],"links":[],"hidden":false,"retry":false,"extra":{"severity":"normal","retries":[],"categories":[{"name":"Test defects","matchedStatuses":[],"flaky":false}],"history":{"statistic":{"failed":0,"broken":3,"skipped":0,"passed":0,"unknown":0,"total":3},"items":[{"uid":"b2eb4873afc11d62","reportUrl":"https://verafes.github.io/luma_project/623/#testresult/b2eb4873afc11d62","status":"broken","statusDetails":"selenium.common.exceptions.TimeoutException: Message: \nStacktrace:\n#0 0x55c4a32c432a <unknown>\n#1 0x55c4a2d10e4b <unknown>\n#2 0x55c4a2d6382b <unknown>\n#3 0x55c4a2d63a61 <unknown>\n#4 0x55c4a2db2a44 <unknown>\n#5 0x55c4a2dafdf7 <unknown>\n#6 0x55c4a2d55c1a <unknown>\n#7 0x55c4a2d56921 <unknown>\n#8 0x55c4a328b239 <unknown>\n#9 0x55c4a328e1e8 <unknown>\n#10 0x55c4a32744c9 <unknown>\n#11 0x55c4a328edb5 <unknown>\n#12 0x55c4a325be93 <unknown>\n#13 0x55c4a32b1098 <unknown>\n#14 0x55c4a32b1273 <unknown>\n#15 0x55c4a32c32c3 <unknown>\n#16 0x7f1c5949caa4 <unknown>\n#17 0x7f1c59529c6c <unknown>","time":{"start":1764467897796,"stop":1764467902895,"duration":5099}},{"uid":"bb5db8800f744798","reportUrl":"https://verafes.github.io/luma_project/622/#testresult/bb5db8800f744798","status":"broken","statusDetails":"selenium.common.exceptions.TimeoutException: Message: \nStacktrace:\n#0 0x5557b130432a <unknown>\n#1 0x5557b0d50e4b <unknown>\n#2 0x5557b0da382b <unknown>\n#3 0x5557b0da3a61 <unknown>\n#4 0x5557b0df2a44 <unknown>\n#5 0x5557b0defdf7 <unknown>\n#6 0x5557b0d95c1a <unknown>\n#7 0x5557b0d96921 <unknown>\n#8 0x5557b12cb239 <unknown>\n#9 0x5557b12ce1e8 <unknown>\n#10 0x5557b12b44c9 <unknown>\n#11 0x5557b12cedb5 <unknown>\n#12 0x5557b129be93 <unknown>\n#13 0x5557b12f1098 <unknown>\n#14 0x5557b12f1273 <unknown>\n#15 0x5557b13032c3 <unknown>\n#16 0x7fd503e9caa4 <unknown>\n#17 0x7fd503f29c6c <unknown>","time":{"start":1763863154428,"stop":1763863159532,"duration":5104}}]},"tags":[]},"source":"6bcf89ba7ed702.json","parameterValues":[]}