{"uid":"88a62cf4d57bf3b6","name":"test_tc_06_01_10_check_the_cursor_change_to_cart_button[add_to_wish_list]","fullName":"tests.test_main_page.TestHotSellerSection#test_tc_06_01_10_check_the_cursor_change_to_cart_button","historyId":"8e0856c7af4ac903c700b38539bc30ab","time":{"start":1765071871364,"stop":1765071876606,"duration":5242},"description":"This test check the cursor change when hovering over the cart buttons","descriptionHtml":"<p>This test check the cursor change when hovering over the cart buttons</p>\n","status":"broken","statusMessage":"selenium.common.exceptions.TimeoutException: Message: \nStacktrace:\n#0 0x56154c74d4ca <unknown>\n#1 0x56154c19be4b <unknown>\n#2 0x56154c1ee814 <unknown>\n#3 0x56154c1eea51 <unknown>\n#4 0x56154c23da44 <unknown>\n#5 0x56154c23adf7 <unknown>\n#6 0x56154c1e0c2a <unknown>\n#7 0x56154c1e1931 <unknown>\n#8 0x56154c713cf9 <unknown>\n#9 0x56154c716cdc <unknown>\n#10 0x56154c6fcf79 <unknown>\n#11 0x56154c7178b5 <unknown>\n#12 0x56154c6e49c3 <unknown>\n#13 0x56154c73a228 <unknown>\n#14 0x56154c73a403 <unknown>\n#15 0x56154c74c463 <unknown>\n#16 0x7f750fc9caa4 <unknown>\n#17 0x7f750fd29c6c <unknown>","statusTrace":"self = <test_main_page.TestMainPage.TestHotSellerSection object at 0x7fa5c7cd4090>\ndriver = <selenium.webdriver.chrome.webdriver.WebDriver (session=\"c4d9b844b463a8288875ff2873e42650\")>\nitem = 'add_to_wish_list'\n\n    @pytest.mark.parametrize(\"item\", product_card_button)\n    def test_tc_06_01_10_check_the_cursor_change_to_cart_button(self, driver, item):\n        \"\"\"This test check the cursor change when hovering over the cart buttons\"\"\"\n        page = MainPage(driver, MAIN_PAGE_URL)\n        page.open()\n>       cursor_before, cursor_after = page.check_the_cursor_change_to_cart_buttons(item)\n\ntests/test_main_page.py:76: \n_ _ _ _ _ _ _ _ _ _ _ _ _ _ _ _ _ _ _ _ _ _ _ _ _ _ _ _ _ _ _ _ _ _ _ _ _ _ _ _ \npages/main_page.py:92: in check_the_cursor_change_to_cart_buttons\n    card = self.element_is_visible(self.locators.PRODUCT_CARD)\npages/base_page.py:30: in element_is_visible\n    self.go_to_element(self.element_is_present(locator))\npages/base_page.py:51: in element_is_present\n    return wait(self.driver, timeout).until(EC.presence_of_element_located(locator))\n_ _ _ _ _ _ _ _ _ _ _ _ _ _ _ _ _ _ _ _ _ _ _ _ _ _ _ _ _ _ _ _ _ _ _ _ _ _ _ _ \n\nself = <selenium.webdriver.support.wait.WebDriverWait (session=\"c4d9b844b463a8288875ff2873e42650\")>\nmethod = <function presence_of_element_located.<locals>._predicate at 0x7fa5c9bc0680>\nmessage = ''\n\n    def until(self, method, message: str = \"\"):\n        \"\"\"Calls the method provided with the driver as an argument until the \\\n        return value does not evaluate to ``False``.\n    \n        :param method: callable(WebDriver)\n        :param message: optional message for :exc:`TimeoutException`\n        :returns: the result of the last call to `method`\n        :raises: :exc:`selenium.common.exceptions.TimeoutException` if timeout occurs\n        \"\"\"\n        screen = None\n        stacktrace = None\n    \n        end_time = time.monotonic() + self._timeout\n        while True:\n            try:\n                value = method(self._driver)\n                if value:\n                    return value\n            except self._ignored_exceptions as exc:\n                screen = getattr(exc, \"screen\", None)\n                stacktrace = getattr(exc, \"stacktrace\", None)\n            time.sleep(self._poll)\n            if time.monotonic() > end_time:\n                break\n>       raise TimeoutException(message, screen, stacktrace)\nE       selenium.common.exceptions.TimeoutException: Message: \nE       Stacktrace:\nE       #0 0x56154c74d4ca <unknown>\nE       #1 0x56154c19be4b <unknown>\nE       #2 0x56154c1ee814 <unknown>\nE       #3 0x56154c1eea51 <unknown>\nE       #4 0x56154c23da44 <unknown>\nE       #5 0x56154c23adf7 <unknown>\nE       #6 0x56154c1e0c2a <unknown>\nE       #7 0x56154c1e1931 <unknown>\nE       #8 0x56154c713cf9 <unknown>\nE       #9 0x56154c716cdc <unknown>\nE       #10 0x56154c6fcf79 <unknown>\nE       #11 0x56154c7178b5 <unknown>\nE       #12 0x56154c6e49c3 <unknown>\nE       #13 0x56154c73a228 <unknown>\nE       #14 0x56154c73a403 <unknown>\nE       #15 0x56154c74c463 <unknown>\nE       #16 0x7f750fc9caa4 <unknown>\nE       #17 0x7f750fd29c6c <unknown>\n\n/opt/hostedtoolcache/Python/3.11.14/x64/lib/python3.11/site-packages/selenium/webdriver/support/wait.py:95: TimeoutException","flaky":false,"newFailed":false,"newBroken":false,"newPassed":false,"retriesCount":0,"retriesStatusChange":false,"beforeStages":[{"name":"_session_faker","time":{"start":1765070886849,"stop":1765070886911,"duration":62},"status":"passed","steps":[],"attachments":[],"parameters":[],"stepsCount":0,"shouldDisplayMessage":false,"attachmentsCount":0,"hasContent":false,"attachmentStep":false},{"name":"clear_allure_result_folder","time":{"start":1765070886911,"stop":1765070886912,"duration":1},"status":"passed","steps":[],"attachments":[],"parameters":[],"stepsCount":0,"shouldDisplayMessage":false,"attachmentsCount":0,"hasContent":false,"attachmentStep":false},{"name":"driver","time":{"start":1765071870111,"stop":1765071871363,"duration":1252},"status":"passed","steps":[],"attachments":[],"parameters":[],"stepsCount":0,"shouldDisplayMessage":false,"attachmentsCount":0,"hasContent":false,"attachmentStep":false}],"testStage":{"description":"This test check the cursor change when hovering over the cart buttons","status":"broken","statusMessage":"selenium.common.exceptions.TimeoutException: Message: \nStacktrace:\n#0 0x56154c74d4ca <unknown>\n#1 0x56154c19be4b <unknown>\n#2 0x56154c1ee814 <unknown>\n#3 0x56154c1eea51 <unknown>\n#4 0x56154c23da44 <unknown>\n#5 0x56154c23adf7 <unknown>\n#6 0x56154c1e0c2a <unknown>\n#7 0x56154c1e1931 <unknown>\n#8 0x56154c713cf9 <unknown>\n#9 0x56154c716cdc <unknown>\n#10 0x56154c6fcf79 <unknown>\n#11 0x56154c7178b5 <unknown>\n#12 0x56154c6e49c3 <unknown>\n#13 0x56154c73a228 <unknown>\n#14 0x56154c73a403 <unknown>\n#15 0x56154c74c463 <unknown>\n#16 0x7f750fc9caa4 <unknown>\n#17 0x7f750fd29c6c <unknown>","statusTrace":"self = <test_main_page.TestMainPage.TestHotSellerSection object at 0x7fa5c7cd4090>\ndriver = <selenium.webdriver.chrome.webdriver.WebDriver (session=\"c4d9b844b463a8288875ff2873e42650\")>\nitem = 'add_to_wish_list'\n\n    @pytest.mark.parametrize(\"item\", product_card_button)\n    def test_tc_06_01_10_check_the_cursor_change_to_cart_button(self, driver, item):\n        \"\"\"This test check the cursor change when hovering over the cart buttons\"\"\"\n        page = MainPage(driver, MAIN_PAGE_URL)\n        page.open()\n>       cursor_before, cursor_after = page.check_the_cursor_change_to_cart_buttons(item)\n\ntests/test_main_page.py:76: \n_ _ _ _ _ _ _ _ _ _ _ _ _ _ _ _ _ _ _ _ _ _ _ _ _ _ _ _ _ _ _ _ _ _ _ _ _ _ _ _ \npages/main_page.py:92: in check_the_cursor_change_to_cart_buttons\n    card = self.element_is_visible(self.locators.PRODUCT_CARD)\npages/base_page.py:30: in element_is_visible\n    self.go_to_element(self.element_is_present(locator))\npages/base_page.py:51: in element_is_present\n    return wait(self.driver, timeout).until(EC.presence_of_element_located(locator))\n_ _ _ _ _ _ _ _ _ _ _ _ _ _ _ _ _ _ _ _ _ _ _ _ _ _ _ _ _ _ _ _ _ _ _ _ _ _ _ _ \n\nself = <selenium.webdriver.support.wait.WebDriverWait (session=\"c4d9b844b463a8288875ff2873e42650\")>\nmethod = <function presence_of_element_located.<locals>._predicate at 0x7fa5c9bc0680>\nmessage = ''\n\n    def until(self, method, message: str = \"\"):\n        \"\"\"Calls the method provided with the driver as an argument until the \\\n        return value does not evaluate to ``False``.\n    \n        :param method: callable(WebDriver)\n        :param message: optional message for :exc:`TimeoutException`\n        :returns: the result of the last call to `method`\n        :raises: :exc:`selenium.common.exceptions.TimeoutException` if timeout occurs\n        \"\"\"\n        screen = None\n        stacktrace = None\n    \n        end_time = time.monotonic() + self._timeout\n        while True:\n            try:\n                value = method(self._driver)\n                if value:\n                    return value\n            except self._ignored_exceptions as exc:\n                screen = getattr(exc, \"screen\", None)\n                stacktrace = getattr(exc, \"stacktrace\", None)\n            time.sleep(self._poll)\n            if time.monotonic() > end_time:\n                break\n>       raise TimeoutException(message, screen, stacktrace)\nE       selenium.common.exceptions.TimeoutException: Message: \nE       Stacktrace:\nE       #0 0x56154c74d4ca <unknown>\nE       #1 0x56154c19be4b <unknown>\nE       #2 0x56154c1ee814 <unknown>\nE       #3 0x56154c1eea51 <unknown>\nE       #4 0x56154c23da44 <unknown>\nE       #5 0x56154c23adf7 <unknown>\nE       #6 0x56154c1e0c2a <unknown>\nE       #7 0x56154c1e1931 <unknown>\nE       #8 0x56154c713cf9 <unknown>\nE       #9 0x56154c716cdc <unknown>\nE       #10 0x56154c6fcf79 <unknown>\nE       #11 0x56154c7178b5 <unknown>\nE       #12 0x56154c6e49c3 <unknown>\nE       #13 0x56154c73a228 <unknown>\nE       #14 0x56154c73a403 <unknown>\nE       #15 0x56154c74c463 <unknown>\nE       #16 0x7f750fc9caa4 <unknown>\nE       #17 0x7f750fd29c6c <unknown>\n\n/opt/hostedtoolcache/Python/3.11.14/x64/lib/python3.11/site-packages/selenium/webdriver/support/wait.py:95: TimeoutException","steps":[{"name":"Open a browser","time":{"start":1765071871364,"stop":1765071871500,"duration":136},"status":"passed","steps":[],"attachments":[],"parameters":[],"stepsCount":0,"shouldDisplayMessage":false,"attachmentsCount":0,"hasContent":false,"attachmentStep":false},{"name":"Check the cursor change on hover on the card buttons","time":{"start":1765071871500,"stop":1765071876606,"duration":5106},"status":"broken","statusMessage":"selenium.common.exceptions.TimeoutException: Message: \nStacktrace:\n#0 0x56154c74d4ca <unknown>\n#1 0x56154c19be4b <unknown>\n#2 0x56154c1ee814 <unknown>\n#3 0x56154c1eea51 <unknown>\n#4 0x56154c23da44 <unknown>\n#5 0x56154c23adf7 <unknown>\n#6 0x56154c1e0c2a <unknown>\n#7 0x56154c1e1931 <unknown>\n#8 0x56154c713cf9 <unknown>\n#9 0x56154c716cdc <unknown>\n#10 0x56154c6fcf79 <unknown>\n#11 0x56154c7178b5 <unknown>\n#12 0x56154c6e49c3 <unknown>\n#13 0x56154c73a228 <unknown>\n#14 0x56154c73a403 <unknown>\n#15 0x56154c74c463 <unknown>\n#16 0x7f750fc9caa4 <unknown>\n#17 0x7f750fd29c6c <unknown>\n\n","statusTrace":"  File \"/opt/hostedtoolcache/Python/3.11.14/x64/lib/python3.11/site-packages/allure_commons/_allure.py\", line 192, in impl\n    return func(*a, **kw)\n           ^^^^^^^^^^^^^^\n  File \"/home/runner/work/luma_project/luma_project/pages/main_page.py\", line 92, in check_the_cursor_change_to_cart_buttons\n    card = self.element_is_visible(self.locators.PRODUCT_CARD)\n           ^^^^^^^^^^^^^^^^^^^^^^^^^^^^^^^^^^^^^^^^^^^^^^^^^^^\n  File \"/opt/hostedtoolcache/Python/3.11.14/x64/lib/python3.11/site-packages/allure_commons/_allure.py\", line 192, in impl\n    return func(*a, **kw)\n           ^^^^^^^^^^^^^^\n  File \"/home/runner/work/luma_project/luma_project/pages/base_page.py\", line 30, in element_is_visible\n    self.go_to_element(self.element_is_present(locator))\n                       ^^^^^^^^^^^^^^^^^^^^^^^^^^^^^^^^\n  File \"/opt/hostedtoolcache/Python/3.11.14/x64/lib/python3.11/site-packages/allure_commons/_allure.py\", line 192, in impl\n    return func(*a, **kw)\n           ^^^^^^^^^^^^^^\n  File \"/home/runner/work/luma_project/luma_project/pages/base_page.py\", line 51, in element_is_present\n    return wait(self.driver, timeout).until(EC.presence_of_element_located(locator))\n           ^^^^^^^^^^^^^^^^^^^^^^^^^^^^^^^^^^^^^^^^^^^^^^^^^^^^^^^^^^^^^^^^^^^^^^^^^\n  File \"/opt/hostedtoolcache/Python/3.11.14/x64/lib/python3.11/site-packages/selenium/webdriver/support/wait.py\", line 95, in until\n    raise TimeoutException(message, screen, stacktrace)\n","steps":[{"name":"Get button properties before hover","time":{"start":1765071871500,"stop":1765071871503,"duration":3},"status":"passed","steps":[],"attachments":[],"parameters":[],"stepsCount":0,"shouldDisplayMessage":false,"attachmentsCount":0,"hasContent":false,"attachmentStep":false},{"name":"Hover mouse cursor on a product card","time":{"start":1765071871503,"stop":1765071876606,"duration":5103},"status":"broken","statusMessage":"selenium.common.exceptions.TimeoutException: Message: \nStacktrace:\n#0 0x56154c74d4ca <unknown>\n#1 0x56154c19be4b <unknown>\n#2 0x56154c1ee814 <unknown>\n#3 0x56154c1eea51 <unknown>\n#4 0x56154c23da44 <unknown>\n#5 0x56154c23adf7 <unknown>\n#6 0x56154c1e0c2a <unknown>\n#7 0x56154c1e1931 <unknown>\n#8 0x56154c713cf9 <unknown>\n#9 0x56154c716cdc <unknown>\n#10 0x56154c6fcf79 <unknown>\n#11 0x56154c7178b5 <unknown>\n#12 0x56154c6e49c3 <unknown>\n#13 0x56154c73a228 <unknown>\n#14 0x56154c73a403 <unknown>\n#15 0x56154c74c463 <unknown>\n#16 0x7f750fc9caa4 <unknown>\n#17 0x7f750fd29c6c <unknown>\n\n","statusTrace":"  File \"/home/runner/work/luma_project/luma_project/pages/main_page.py\", line 92, in check_the_cursor_change_to_cart_buttons\n    card = self.element_is_visible(self.locators.PRODUCT_CARD)\n           ^^^^^^^^^^^^^^^^^^^^^^^^^^^^^^^^^^^^^^^^^^^^^^^^^^^\n  File \"/opt/hostedtoolcache/Python/3.11.14/x64/lib/python3.11/site-packages/allure_commons/_allure.py\", line 192, in impl\n    return func(*a, **kw)\n           ^^^^^^^^^^^^^^\n  File \"/home/runner/work/luma_project/luma_project/pages/base_page.py\", line 30, in element_is_visible\n    self.go_to_element(self.element_is_present(locator))\n                       ^^^^^^^^^^^^^^^^^^^^^^^^^^^^^^^^\n  File \"/opt/hostedtoolcache/Python/3.11.14/x64/lib/python3.11/site-packages/allure_commons/_allure.py\", line 192, in impl\n    return func(*a, **kw)\n           ^^^^^^^^^^^^^^\n  File \"/home/runner/work/luma_project/luma_project/pages/base_page.py\", line 51, in element_is_present\n    return wait(self.driver, timeout).until(EC.presence_of_element_located(locator))\n           ^^^^^^^^^^^^^^^^^^^^^^^^^^^^^^^^^^^^^^^^^^^^^^^^^^^^^^^^^^^^^^^^^^^^^^^^^\n  File \"/opt/hostedtoolcache/Python/3.11.14/x64/lib/python3.11/site-packages/selenium/webdriver/support/wait.py\", line 95, in until\n    raise TimeoutException(message, screen, stacktrace)\n","steps":[{"name":"Find a visible element","time":{"start":1765071871504,"stop":1765071876605,"duration":5101},"status":"broken","statusMessage":"selenium.common.exceptions.TimeoutException: Message: \nStacktrace:\n#0 0x56154c74d4ca <unknown>\n#1 0x56154c19be4b <unknown>\n#2 0x56154c1ee814 <unknown>\n#3 0x56154c1eea51 <unknown>\n#4 0x56154c23da44 <unknown>\n#5 0x56154c23adf7 <unknown>\n#6 0x56154c1e0c2a <unknown>\n#7 0x56154c1e1931 <unknown>\n#8 0x56154c713cf9 <unknown>\n#9 0x56154c716cdc <unknown>\n#10 0x56154c6fcf79 <unknown>\n#11 0x56154c7178b5 <unknown>\n#12 0x56154c6e49c3 <unknown>\n#13 0x56154c73a228 <unknown>\n#14 0x56154c73a403 <unknown>\n#15 0x56154c74c463 <unknown>\n#16 0x7f750fc9caa4 <unknown>\n#17 0x7f750fd29c6c <unknown>\n\n","statusTrace":"  File \"/opt/hostedtoolcache/Python/3.11.14/x64/lib/python3.11/site-packages/allure_commons/_allure.py\", line 192, in impl\n    return func(*a, **kw)\n           ^^^^^^^^^^^^^^\n  File \"/home/runner/work/luma_project/luma_project/pages/base_page.py\", line 30, in element_is_visible\n    self.go_to_element(self.element_is_present(locator))\n                       ^^^^^^^^^^^^^^^^^^^^^^^^^^^^^^^^\n  File \"/opt/hostedtoolcache/Python/3.11.14/x64/lib/python3.11/site-packages/allure_commons/_allure.py\", line 192, in impl\n    return func(*a, **kw)\n           ^^^^^^^^^^^^^^\n  File \"/home/runner/work/luma_project/luma_project/pages/base_page.py\", line 51, in element_is_present\n    return wait(self.driver, timeout).until(EC.presence_of_element_located(locator))\n           ^^^^^^^^^^^^^^^^^^^^^^^^^^^^^^^^^^^^^^^^^^^^^^^^^^^^^^^^^^^^^^^^^^^^^^^^^\n  File \"/opt/hostedtoolcache/Python/3.11.14/x64/lib/python3.11/site-packages/selenium/webdriver/support/wait.py\", line 95, in until\n    raise TimeoutException(message, screen, stacktrace)\n","steps":[{"name":"Find a present element","time":{"start":1765071871504,"stop":1765071876605,"duration":5101},"status":"broken","statusMessage":"selenium.common.exceptions.TimeoutException: Message: \nStacktrace:\n#0 0x56154c74d4ca <unknown>\n#1 0x56154c19be4b <unknown>\n#2 0x56154c1ee814 <unknown>\n#3 0x56154c1eea51 <unknown>\n#4 0x56154c23da44 <unknown>\n#5 0x56154c23adf7 <unknown>\n#6 0x56154c1e0c2a <unknown>\n#7 0x56154c1e1931 <unknown>\n#8 0x56154c713cf9 <unknown>\n#9 0x56154c716cdc <unknown>\n#10 0x56154c6fcf79 <unknown>\n#11 0x56154c7178b5 <unknown>\n#12 0x56154c6e49c3 <unknown>\n#13 0x56154c73a228 <unknown>\n#14 0x56154c73a403 <unknown>\n#15 0x56154c74c463 <unknown>\n#16 0x7f750fc9caa4 <unknown>\n#17 0x7f750fd29c6c <unknown>\n\n","statusTrace":"  File \"/opt/hostedtoolcache/Python/3.11.14/x64/lib/python3.11/site-packages/allure_commons/_allure.py\", line 192, in impl\n    return func(*a, **kw)\n           ^^^^^^^^^^^^^^\n  File \"/home/runner/work/luma_project/luma_project/pages/base_page.py\", line 51, in element_is_present\n    return wait(self.driver, timeout).until(EC.presence_of_element_located(locator))\n           ^^^^^^^^^^^^^^^^^^^^^^^^^^^^^^^^^^^^^^^^^^^^^^^^^^^^^^^^^^^^^^^^^^^^^^^^^\n  File \"/opt/hostedtoolcache/Python/3.11.14/x64/lib/python3.11/site-packages/selenium/webdriver/support/wait.py\", line 95, in until\n    raise TimeoutException(message, screen, stacktrace)\n","steps":[],"attachments":[],"parameters":[{"name":"locator","value":"('css selector', \"li[class='product-item']:nth-child(4) div[class='product-item-info']\")"},{"name":"timeout","value":"5"}],"stepsCount":0,"shouldDisplayMessage":true,"attachmentsCount":0,"hasContent":true,"attachmentStep":false}],"attachments":[],"parameters":[{"name":"locator","value":"('css selector', \"li[class='product-item']:nth-child(4) div[class='product-item-info']\")"},{"name":"timeout","value":"10"}],"stepsCount":1,"shouldDisplayMessage":false,"attachmentsCount":0,"hasContent":true,"attachmentStep":false}],"attachments":[],"parameters":[],"stepsCount":2,"shouldDisplayMessage":false,"attachmentsCount":0,"hasContent":true,"attachmentStep":false}],"attachments":[],"parameters":[{"name":"item","value":"'add_to_wish_list'"}],"stepsCount":4,"shouldDisplayMessage":false,"attachmentsCount":0,"hasContent":true,"attachmentStep":false}],"attachments":[{"uid":"32ac6bcfbaff949","name":"Screenshot","source":"32ac6bcfbaff949.png","type":"image/png","size":23875},{"uid":"df4fa4884016cfbf","name":"HTML source","source":"df4fa4884016cfbf.html","type":"text/html","size":1433}],"parameters":[],"stepsCount":6,"shouldDisplayMessage":true,"attachmentsCount":2,"hasContent":true,"attachmentStep":false},"afterStages":[{"name":"driver::0","time":{"start":1765071876683,"stop":1765071876742,"duration":59},"status":"passed","steps":[],"attachments":[],"parameters":[],"stepsCount":0,"shouldDisplayMessage":false,"attachmentsCount":0,"hasContent":false,"attachmentStep":false},{"name":"clear_allure_result_folder::0","time":{"start":1765073283159,"stop":1765073283159,"duration":0},"status":"passed","steps":[],"attachments":[],"parameters":[],"stepsCount":0,"shouldDisplayMessage":false,"attachmentsCount":0,"hasContent":false,"attachmentStep":false}],"labels":[{"name":"feature","value":"Testing Hot Seller Section"},{"name":"epic","value":"Main Page"},{"name":"parentSuite","value":"tests"},{"name":"suite","value":"test_main_page"},{"name":"subSuite","value":"TestMainPage"},{"name":"host","value":"runnervmoqczp"},{"name":"thread","value":"2986-MainThread"},{"name":"framework","value":"pytest"},{"name":"language","value":"cpython3"},{"name":"package","value":"tests.test_main_page"},{"name":"resultFormat","value":"allure2"}],"parameters":[{"name":"item","value":"'add_to_wish_list'"}],"links":[],"hidden":false,"retry":false,"extra":{"severity":"normal","retries":[],"categories":[{"name":"Test defects","matchedStatuses":[],"flaky":false}],"history":{"statistic":{"failed":0,"broken":3,"skipped":0,"passed":0,"unknown":0,"total":3},"items":[{"uid":"e9d9c023c3e8f10f","reportUrl":"https://verafes.github.io/luma_project/623/#testresult/e9d9c023c3e8f10f","status":"broken","statusDetails":"selenium.common.exceptions.TimeoutException: Message: \nStacktrace:\n#0 0x55712c36832a <unknown>\n#1 0x55712bdb4e4b <unknown>\n#2 0x55712be0782b <unknown>\n#3 0x55712be07a61 <unknown>\n#4 0x55712be56a44 <unknown>\n#5 0x55712be53df7 <unknown>\n#6 0x55712bdf9c1a <unknown>\n#7 0x55712bdfa921 <unknown>\n#8 0x55712c32f239 <unknown>\n#9 0x55712c3321e8 <unknown>\n#10 0x55712c3184c9 <unknown>\n#11 0x55712c332db5 <unknown>\n#12 0x55712c2ffe93 <unknown>\n#13 0x55712c355098 <unknown>\n#14 0x55712c355273 <unknown>\n#15 0x55712c3672c3 <unknown>\n#16 0x7fd3c1e9caa4 <unknown>\n#17 0x7fd3c1f29c6c <unknown>","time":{"start":1764467050220,"stop":1764467055502,"duration":5282}},{"uid":"69fe9c806695c6e2","reportUrl":"https://verafes.github.io/luma_project/622/#testresult/69fe9c806695c6e2","status":"broken","statusDetails":"selenium.common.exceptions.TimeoutException: Message: \nStacktrace:\n#0 0x564d7525032a <unknown>\n#1 0x564d74c9ce4b <unknown>\n#2 0x564d74cef82b <unknown>\n#3 0x564d74cefa61 <unknown>\n#4 0x564d74d3ea44 <unknown>\n#5 0x564d74d3bdf7 <unknown>\n#6 0x564d74ce1c1a <unknown>\n#7 0x564d74ce2921 <unknown>\n#8 0x564d75217239 <unknown>\n#9 0x564d7521a1e8 <unknown>\n#10 0x564d752004c9 <unknown>\n#11 0x564d7521adb5 <unknown>\n#12 0x564d751e7e93 <unknown>\n#13 0x564d7523d098 <unknown>\n#14 0x564d7523d273 <unknown>\n#15 0x564d7524f2c3 <unknown>\n#16 0x7f13dee9caa4 <unknown>\n#17 0x7f13def29c6c <unknown>","time":{"start":1763862302924,"stop":1763862308193,"duration":5269}}]},"tags":[]},"source":"88a62cf4d57bf3b6.json","parameterValues":["'add_to_wish_list'"]}