{"uid":"9ffaacf9acc84f21","name":"TC 03.01.05 Verify Email field is correct format and clickable","fullName":"tests.test_sign_in.TestRegisteredCustomers#test_03_01_05_email_field_is_correct_format_and_clickable","historyId":"e8116f968cb76cc9aedc3f0bd2c562e7","time":{"start":1765072898768,"stop":1765072903874,"duration":5106},"description":"Check if the Email input is of correct format (input-text) and clickable","descriptionHtml":"<p>Check if the Email input is of correct format (input-text) and clickable</p>\n","status":"broken","statusMessage":"selenium.common.exceptions.TimeoutException: Message: \nStacktrace:\n#0 0x56357b0ab4ca <unknown>\n#1 0x56357aaf9e4b <unknown>\n#2 0x56357ab4c814 <unknown>\n#3 0x56357ab4ca51 <unknown>\n#4 0x56357ab9ba44 <unknown>\n#5 0x56357ab98df7 <unknown>\n#6 0x56357ab3ec2a <unknown>\n#7 0x56357ab3f931 <unknown>\n#8 0x56357b071cf9 <unknown>\n#9 0x56357b074cdc <unknown>\n#10 0x56357b05af79 <unknown>\n#11 0x56357b0758b5 <unknown>\n#12 0x56357b0429c3 <unknown>\n#13 0x56357b098228 <unknown>\n#14 0x56357b098403 <unknown>\n#15 0x56357b0aa463 <unknown>\n#16 0x7f6fcc29caa4 <unknown>\n#17 0x7f6fcc329c6c <unknown>","statusTrace":"self = <test_sign_in.TestRegisteredCustomers object at 0x7fa5c8b3c510>\ndriver = <selenium.webdriver.chrome.webdriver.WebDriver (session=\"ca9a3fc3d14d93a0c71d1093e66abf93\")>\nsign_in_page = <pages.sign_in_page.SignInPage object at 0x7fa5c94c5090>\n\n    @allure.title('TC 03.01.05 Verify Email field is correct format and clickable')\n    @allure.severity(allure.severity_level.CRITICAL)\n    def test_03_01_05_email_field_is_correct_format_and_clickable(self, driver, sign_in_page):\n        \"\"\"Check if the Email input is of correct format (input-text) and clickable\"\"\"\n>       email_input = sign_in_page.check_customer_email_field_is_clickable()\n\ntests/test_sign_in.py:59: \n_ _ _ _ _ _ _ _ _ _ _ _ _ _ _ _ _ _ _ _ _ _ _ _ _ _ _ _ _ _ _ _ _ _ _ _ _ _ _ _ \npages/sign_in_page.py:41: in check_customer_email_field_is_clickable\n    return self.element_is_clickable(self.locators.CUSTOMER_EMAIL)\npages/base_page.py:81: in element_is_clickable\n    return wait(self.driver, timeout).until(EC.element_to_be_clickable(locator))\n_ _ _ _ _ _ _ _ _ _ _ _ _ _ _ _ _ _ _ _ _ _ _ _ _ _ _ _ _ _ _ _ _ _ _ _ _ _ _ _ \n\nself = <selenium.webdriver.support.wait.WebDriverWait (session=\"ca9a3fc3d14d93a0c71d1093e66abf93\")>\nmethod = <function element_to_be_clickable.<locals>._predicate at 0x7fa5c9516980>\nmessage = ''\n\n    def until(self, method, message: str = \"\"):\n        \"\"\"Calls the method provided with the driver as an argument until the \\\n        return value does not evaluate to ``False``.\n    \n        :param method: callable(WebDriver)\n        :param message: optional message for :exc:`TimeoutException`\n        :returns: the result of the last call to `method`\n        :raises: :exc:`selenium.common.exceptions.TimeoutException` if timeout occurs\n        \"\"\"\n        screen = None\n        stacktrace = None\n    \n        end_time = time.monotonic() + self._timeout\n        while True:\n            try:\n                value = method(self._driver)\n                if value:\n                    return value\n            except self._ignored_exceptions as exc:\n                screen = getattr(exc, \"screen\", None)\n                stacktrace = getattr(exc, \"stacktrace\", None)\n            time.sleep(self._poll)\n            if time.monotonic() > end_time:\n                break\n>       raise TimeoutException(message, screen, stacktrace)\nE       selenium.common.exceptions.TimeoutException: Message: \nE       Stacktrace:\nE       #0 0x56357b0ab4ca <unknown>\nE       #1 0x56357aaf9e4b <unknown>\nE       #2 0x56357ab4c814 <unknown>\nE       #3 0x56357ab4ca51 <unknown>\nE       #4 0x56357ab9ba44 <unknown>\nE       #5 0x56357ab98df7 <unknown>\nE       #6 0x56357ab3ec2a <unknown>\nE       #7 0x56357ab3f931 <unknown>\nE       #8 0x56357b071cf9 <unknown>\nE       #9 0x56357b074cdc <unknown>\nE       #10 0x56357b05af79 <unknown>\nE       #11 0x56357b0758b5 <unknown>\nE       #12 0x56357b0429c3 <unknown>\nE       #13 0x56357b098228 <unknown>\nE       #14 0x56357b098403 <unknown>\nE       #15 0x56357b0aa463 <unknown>\nE       #16 0x7f6fcc29caa4 <unknown>\nE       #17 0x7f6fcc329c6c <unknown>\n\n/opt/hostedtoolcache/Python/3.11.14/x64/lib/python3.11/site-packages/selenium/webdriver/support/wait.py:95: TimeoutException","flaky":false,"newFailed":false,"newBroken":false,"newPassed":false,"retriesCount":0,"retriesStatusChange":false,"beforeStages":[{"name":"_session_faker","time":{"start":1765070886849,"stop":1765070886911,"duration":62},"status":"passed","steps":[],"attachments":[],"parameters":[],"stepsCount":0,"shouldDisplayMessage":false,"attachmentsCount":0,"hasContent":false,"attachmentStep":false},{"name":"clear_allure_result_folder","time":{"start":1765070886911,"stop":1765070886912,"duration":1},"status":"passed","steps":[],"attachments":[],"parameters":[],"stepsCount":0,"shouldDisplayMessage":false,"attachmentsCount":0,"hasContent":false,"attachmentStep":false},{"name":"driver","time":{"start":1765072897394,"stop":1765072898638,"duration":1244},"status":"passed","steps":[],"attachments":[],"parameters":[],"stepsCount":0,"shouldDisplayMessage":false,"attachmentsCount":0,"hasContent":false,"attachmentStep":false},{"name":"sign_in_page","time":{"start":1765072898638,"stop":1765072898768,"duration":130},"status":"passed","steps":[{"name":"Open a browser","time":{"start":1765072898638,"stop":1765072898768,"duration":130},"status":"passed","steps":[],"attachments":[],"parameters":[],"stepsCount":0,"shouldDisplayMessage":false,"attachmentsCount":0,"hasContent":false,"attachmentStep":false}],"attachments":[],"parameters":[],"stepsCount":1,"shouldDisplayMessage":false,"attachmentsCount":0,"hasContent":true,"attachmentStep":false}],"testStage":{"description":"Check if the Email input is of correct format (input-text) and clickable","status":"broken","statusMessage":"selenium.common.exceptions.TimeoutException: Message: \nStacktrace:\n#0 0x56357b0ab4ca <unknown>\n#1 0x56357aaf9e4b <unknown>\n#2 0x56357ab4c814 <unknown>\n#3 0x56357ab4ca51 <unknown>\n#4 0x56357ab9ba44 <unknown>\n#5 0x56357ab98df7 <unknown>\n#6 0x56357ab3ec2a <unknown>\n#7 0x56357ab3f931 <unknown>\n#8 0x56357b071cf9 <unknown>\n#9 0x56357b074cdc <unknown>\n#10 0x56357b05af79 <unknown>\n#11 0x56357b0758b5 <unknown>\n#12 0x56357b0429c3 <unknown>\n#13 0x56357b098228 <unknown>\n#14 0x56357b098403 <unknown>\n#15 0x56357b0aa463 <unknown>\n#16 0x7f6fcc29caa4 <unknown>\n#17 0x7f6fcc329c6c <unknown>","statusTrace":"self = <test_sign_in.TestRegisteredCustomers object at 0x7fa5c8b3c510>\ndriver = <selenium.webdriver.chrome.webdriver.WebDriver (session=\"ca9a3fc3d14d93a0c71d1093e66abf93\")>\nsign_in_page = <pages.sign_in_page.SignInPage object at 0x7fa5c94c5090>\n\n    @allure.title('TC 03.01.05 Verify Email field is correct format and clickable')\n    @allure.severity(allure.severity_level.CRITICAL)\n    def test_03_01_05_email_field_is_correct_format_and_clickable(self, driver, sign_in_page):\n        \"\"\"Check if the Email input is of correct format (input-text) and clickable\"\"\"\n>       email_input = sign_in_page.check_customer_email_field_is_clickable()\n\ntests/test_sign_in.py:59: \n_ _ _ _ _ _ _ _ _ _ _ _ _ _ _ _ _ _ _ _ _ _ _ _ _ _ _ _ _ _ _ _ _ _ _ _ _ _ _ _ \npages/sign_in_page.py:41: in check_customer_email_field_is_clickable\n    return self.element_is_clickable(self.locators.CUSTOMER_EMAIL)\npages/base_page.py:81: in element_is_clickable\n    return wait(self.driver, timeout).until(EC.element_to_be_clickable(locator))\n_ _ _ _ _ _ _ _ _ _ _ _ _ _ _ _ _ _ _ _ _ _ _ _ _ _ _ _ _ _ _ _ _ _ _ _ _ _ _ _ \n\nself = <selenium.webdriver.support.wait.WebDriverWait (session=\"ca9a3fc3d14d93a0c71d1093e66abf93\")>\nmethod = <function element_to_be_clickable.<locals>._predicate at 0x7fa5c9516980>\nmessage = ''\n\n    def until(self, method, message: str = \"\"):\n        \"\"\"Calls the method provided with the driver as an argument until the \\\n        return value does not evaluate to ``False``.\n    \n        :param method: callable(WebDriver)\n        :param message: optional message for :exc:`TimeoutException`\n        :returns: the result of the last call to `method`\n        :raises: :exc:`selenium.common.exceptions.TimeoutException` if timeout occurs\n        \"\"\"\n        screen = None\n        stacktrace = None\n    \n        end_time = time.monotonic() + self._timeout\n        while True:\n            try:\n                value = method(self._driver)\n                if value:\n                    return value\n            except self._ignored_exceptions as exc:\n                screen = getattr(exc, \"screen\", None)\n                stacktrace = getattr(exc, \"stacktrace\", None)\n            time.sleep(self._poll)\n            if time.monotonic() > end_time:\n                break\n>       raise TimeoutException(message, screen, stacktrace)\nE       selenium.common.exceptions.TimeoutException: Message: \nE       Stacktrace:\nE       #0 0x56357b0ab4ca <unknown>\nE       #1 0x56357aaf9e4b <unknown>\nE       #2 0x56357ab4c814 <unknown>\nE       #3 0x56357ab4ca51 <unknown>\nE       #4 0x56357ab9ba44 <unknown>\nE       #5 0x56357ab98df7 <unknown>\nE       #6 0x56357ab3ec2a <unknown>\nE       #7 0x56357ab3f931 <unknown>\nE       #8 0x56357b071cf9 <unknown>\nE       #9 0x56357b074cdc <unknown>\nE       #10 0x56357b05af79 <unknown>\nE       #11 0x56357b0758b5 <unknown>\nE       #12 0x56357b0429c3 <unknown>\nE       #13 0x56357b098228 <unknown>\nE       #14 0x56357b098403 <unknown>\nE       #15 0x56357b0aa463 <unknown>\nE       #16 0x7f6fcc29caa4 <unknown>\nE       #17 0x7f6fcc329c6c <unknown>\n\n/opt/hostedtoolcache/Python/3.11.14/x64/lib/python3.11/site-packages/selenium/webdriver/support/wait.py:95: TimeoutException","steps":[{"name":"Check Email field is clickable","time":{"start":1765072898768,"stop":1765072903873,"duration":5105},"status":"broken","statusMessage":"selenium.common.exceptions.TimeoutException: Message: \nStacktrace:\n#0 0x56357b0ab4ca <unknown>\n#1 0x56357aaf9e4b <unknown>\n#2 0x56357ab4c814 <unknown>\n#3 0x56357ab4ca51 <unknown>\n#4 0x56357ab9ba44 <unknown>\n#5 0x56357ab98df7 <unknown>\n#6 0x56357ab3ec2a <unknown>\n#7 0x56357ab3f931 <unknown>\n#8 0x56357b071cf9 <unknown>\n#9 0x56357b074cdc <unknown>\n#10 0x56357b05af79 <unknown>\n#11 0x56357b0758b5 <unknown>\n#12 0x56357b0429c3 <unknown>\n#13 0x56357b098228 <unknown>\n#14 0x56357b098403 <unknown>\n#15 0x56357b0aa463 <unknown>\n#16 0x7f6fcc29caa4 <unknown>\n#17 0x7f6fcc329c6c <unknown>\n\n","statusTrace":"  File \"/opt/hostedtoolcache/Python/3.11.14/x64/lib/python3.11/site-packages/allure_commons/_allure.py\", line 192, in impl\n    return func(*a, **kw)\n           ^^^^^^^^^^^^^^\n  File \"/home/runner/work/luma_project/luma_project/pages/sign_in_page.py\", line 41, in check_customer_email_field_is_clickable\n    return self.element_is_clickable(self.locators.CUSTOMER_EMAIL)\n           ^^^^^^^^^^^^^^^^^^^^^^^^^^^^^^^^^^^^^^^^^^^^^^^^^^^^^^^\n  File \"/opt/hostedtoolcache/Python/3.11.14/x64/lib/python3.11/site-packages/allure_commons/_allure.py\", line 192, in impl\n    return func(*a, **kw)\n           ^^^^^^^^^^^^^^\n  File \"/home/runner/work/luma_project/luma_project/pages/base_page.py\", line 81, in element_is_clickable\n    return wait(self.driver, timeout).until(EC.element_to_be_clickable(locator))\n           ^^^^^^^^^^^^^^^^^^^^^^^^^^^^^^^^^^^^^^^^^^^^^^^^^^^^^^^^^^^^^^^^^^^^^\n  File \"/opt/hostedtoolcache/Python/3.11.14/x64/lib/python3.11/site-packages/selenium/webdriver/support/wait.py\", line 95, in until\n    raise TimeoutException(message, screen, stacktrace)\n","steps":[{"name":"Find clickable elements","time":{"start":1765072898768,"stop":1765072903873,"duration":5105},"status":"broken","statusMessage":"selenium.common.exceptions.TimeoutException: Message: \nStacktrace:\n#0 0x56357b0ab4ca <unknown>\n#1 0x56357aaf9e4b <unknown>\n#2 0x56357ab4c814 <unknown>\n#3 0x56357ab4ca51 <unknown>\n#4 0x56357ab9ba44 <unknown>\n#5 0x56357ab98df7 <unknown>\n#6 0x56357ab3ec2a <unknown>\n#7 0x56357ab3f931 <unknown>\n#8 0x56357b071cf9 <unknown>\n#9 0x56357b074cdc <unknown>\n#10 0x56357b05af79 <unknown>\n#11 0x56357b0758b5 <unknown>\n#12 0x56357b0429c3 <unknown>\n#13 0x56357b098228 <unknown>\n#14 0x56357b098403 <unknown>\n#15 0x56357b0aa463 <unknown>\n#16 0x7f6fcc29caa4 <unknown>\n#17 0x7f6fcc329c6c <unknown>\n\n","statusTrace":"  File \"/opt/hostedtoolcache/Python/3.11.14/x64/lib/python3.11/site-packages/allure_commons/_allure.py\", line 192, in impl\n    return func(*a, **kw)\n           ^^^^^^^^^^^^^^\n  File \"/home/runner/work/luma_project/luma_project/pages/base_page.py\", line 81, in element_is_clickable\n    return wait(self.driver, timeout).until(EC.element_to_be_clickable(locator))\n           ^^^^^^^^^^^^^^^^^^^^^^^^^^^^^^^^^^^^^^^^^^^^^^^^^^^^^^^^^^^^^^^^^^^^^\n  File \"/opt/hostedtoolcache/Python/3.11.14/x64/lib/python3.11/site-packages/selenium/webdriver/support/wait.py\", line 95, in until\n    raise TimeoutException(message, screen, stacktrace)\n","steps":[],"attachments":[],"parameters":[{"name":"locator","value":"('css selector', '#email')"},{"name":"timeout","value":"5"}],"stepsCount":0,"shouldDisplayMessage":true,"attachmentsCount":0,"hasContent":true,"attachmentStep":false}],"attachments":[],"parameters":[],"stepsCount":1,"shouldDisplayMessage":false,"attachmentsCount":0,"hasContent":true,"attachmentStep":false}],"attachments":[{"uid":"b4ae05345ffa152b","name":"Screenshot","source":"b4ae05345ffa152b.png","type":"image/png","size":23875},{"uid":"6a29e04058765444","name":"HTML source","source":"6a29e04058765444.html","type":"text/html","size":1433}],"parameters":[],"stepsCount":2,"shouldDisplayMessage":true,"attachmentsCount":2,"hasContent":true,"attachmentStep":false},"afterStages":[{"name":"driver::0","time":{"start":1765072903932,"stop":1765072903991,"duration":59},"status":"passed","steps":[],"attachments":[],"parameters":[],"stepsCount":0,"shouldDisplayMessage":false,"attachmentsCount":0,"hasContent":false,"attachmentStep":false},{"name":"clear_allure_result_folder::0","time":{"start":1765073283159,"stop":1765073283159,"duration":0},"status":"passed","steps":[],"attachments":[],"parameters":[],"stepsCount":0,"shouldDisplayMessage":false,"attachmentsCount":0,"hasContent":false,"attachmentStep":false}],"labels":[{"name":"feature","value":"Registered Customers"},{"name":"epic","value":"Sign In Page"},{"name":"severity","value":"critical"},{"name":"parentSuite","value":"tests"},{"name":"suite","value":"test_sign_in"},{"name":"subSuite","value":"TestRegisteredCustomers"},{"name":"host","value":"runnervmoqczp"},{"name":"thread","value":"2986-MainThread"},{"name":"framework","value":"pytest"},{"name":"language","value":"cpython3"},{"name":"package","value":"tests.test_sign_in"},{"name":"resultFormat","value":"allure2"}],"parameters":[],"links":[],"hidden":false,"retry":false,"extra":{"severity":"critical","retries":[],"categories":[{"name":"Test defects","matchedStatuses":[],"flaky":false}],"history":{"statistic":{"failed":0,"broken":3,"skipped":0,"passed":0,"unknown":0,"total":3},"items":[{"uid":"32e3a46846608888","reportUrl":"https://verafes.github.io/luma_project/623/#testresult/32e3a46846608888","status":"broken","statusDetails":"selenium.common.exceptions.TimeoutException: Message: \nStacktrace:\n#0 0x55c74356932a <unknown>\n#1 0x55c742fb5e4b <unknown>\n#2 0x55c74300882b <unknown>\n#3 0x55c743008a61 <unknown>\n#4 0x55c743057a44 <unknown>\n#5 0x55c743054df7 <unknown>\n#6 0x55c742ffac1a <unknown>\n#7 0x55c742ffb921 <unknown>\n#8 0x55c743530239 <unknown>\n#9 0x55c7435331e8 <unknown>\n#10 0x55c7435194c9 <unknown>\n#11 0x55c743533db5 <unknown>\n#12 0x55c743500e93 <unknown>\n#13 0x55c743556098 <unknown>\n#14 0x55c743556273 <unknown>\n#15 0x55c7435682c3 <unknown>\n#16 0x7f7809e9caa4 <unknown>\n#17 0x7f7809f29c6c <unknown>","time":{"start":1764468077261,"stop":1764468082365,"duration":5104}},{"uid":"18655fcd71377da3","reportUrl":"https://verafes.github.io/luma_project/622/#testresult/18655fcd71377da3","status":"broken","statusDetails":"selenium.common.exceptions.TimeoutException: Message: \nStacktrace:\n#0 0x55b7aa93532a <unknown>\n#1 0x55b7aa381e4b <unknown>\n#2 0x55b7aa3d482b <unknown>\n#3 0x55b7aa3d4a61 <unknown>\n#4 0x55b7aa423a44 <unknown>\n#5 0x55b7aa420df7 <unknown>\n#6 0x55b7aa3c6c1a <unknown>\n#7 0x55b7aa3c7921 <unknown>\n#8 0x55b7aa8fc239 <unknown>\n#9 0x55b7aa8ff1e8 <unknown>\n#10 0x55b7aa8e54c9 <unknown>\n#11 0x55b7aa8ffdb5 <unknown>\n#12 0x55b7aa8cce93 <unknown>\n#13 0x55b7aa922098 <unknown>\n#14 0x55b7aa922273 <unknown>\n#15 0x55b7aa9342c3 <unknown>\n#16 0x7f7fd829caa4 <unknown>\n#17 0x7f7fd8329c6c <unknown>","time":{"start":1763863334396,"stop":1763863339501,"duration":5105}}]},"tags":[]},"source":"9ffaacf9acc84f21.json","parameterValues":[]}