{"uid":"fcbac94451c4b0c4","name":"TC 10.02.03, 10.02.05, 10.02.07, 10.02.09, 10.02.11 - Verify 5 links in Men's Deals open the correct pages","fullName":"tests.test_sale.TestSideMenuBarMen#test_tc_10_01_03__05_07_09_11_13","historyId":"c81da95861ccdbcd1b3a998cda96edbb","time":{"start":1765072586864,"stop":1765072591970,"duration":5106},"description":"Check that five links in Men's Deals section lead to the correct pages after click","descriptionHtml":"<p>Check that five links in Men's Deals section lead to the correct pages after click</p>\n","status":"broken","statusMessage":"selenium.common.exceptions.TimeoutException: Message: \nStacktrace:\n#0 0x558aa22994ca <unknown>\n#1 0x558aa1ce7e4b <unknown>\n#2 0x558aa1d3a814 <unknown>\n#3 0x558aa1d3aa51 <unknown>\n#4 0x558aa1d89a44 <unknown>\n#5 0x558aa1d86df7 <unknown>\n#6 0x558aa1d2cc2a <unknown>\n#7 0x558aa1d2d931 <unknown>\n#8 0x558aa225fcf9 <unknown>\n#9 0x558aa2262cdc <unknown>\n#10 0x558aa2248f79 <unknown>\n#11 0x558aa22638b5 <unknown>\n#12 0x558aa22309c3 <unknown>\n#13 0x558aa2286228 <unknown>\n#14 0x558aa2286403 <unknown>\n#15 0x558aa2298463 <unknown>\n#16 0x7f7eab49caa4 <unknown>\n#17 0x7f7eab529c6c <unknown>","statusTrace":"self = <test_sale.TestSalePage.TestSideMenuBarMen object at 0x7fa5c903bfd0>\nsale_page = <pages.sale_page.SalePage object at 0x7fa5c9b24fd0>\nelement_locator = ('css selector', '.categories-menu > ul:nth-child(4) > li:nth-child(4) > a')\nexpected_title = 'Pants - Bottoms - Men'\nexpected_url = 'https://magento.softwaretestingboard.com/men/bottoms-men/pants-men.html'\n\n    @allure.title(\"TC 10.02.03, 10.02.05, 10.02.07, 10.02.09, 10.02.11 - \"\n                  \"Verify 5 links in Men's Deals open the correct pages\")\n    @pytest.mark.parametrize(\n        \"element_locator, expected_title, expected_url\",\n        zip(\n            SideBarLocators.MEN_DEALS_ELEMENTS.values(),\n            expected_titles_m.values(),\n            expected_urls_m.values(),\n        )\n    )\n    def test_tc_10_01_03__05_07_09_11_13(self, sale_page, element_locator, expected_title, expected_url):\n        \"\"\"Check that five links in Men's Deals section lead to the correct pages after click\"\"\"\n>       element_in_men_deals = sale_page.element_is_clickable(element_locator)\n\ntests/test_sale.py:88: \n_ _ _ _ _ _ _ _ _ _ _ _ _ _ _ _ _ _ _ _ _ _ _ _ _ _ _ _ _ _ _ _ _ _ _ _ _ _ _ _ \npages/base_page.py:81: in element_is_clickable\n    return wait(self.driver, timeout).until(EC.element_to_be_clickable(locator))\n_ _ _ _ _ _ _ _ _ _ _ _ _ _ _ _ _ _ _ _ _ _ _ _ _ _ _ _ _ _ _ _ _ _ _ _ _ _ _ _ \n\nself = <selenium.webdriver.support.wait.WebDriverWait (session=\"6fa16a7f2dbe0c970d919421981411c3\")>\nmethod = <function element_to_be_clickable.<locals>._predicate at 0x7fa5c95594e0>\nmessage = ''\n\n    def until(self, method, message: str = \"\"):\n        \"\"\"Calls the method provided with the driver as an argument until the \\\n        return value does not evaluate to ``False``.\n    \n        :param method: callable(WebDriver)\n        :param message: optional message for :exc:`TimeoutException`\n        :returns: the result of the last call to `method`\n        :raises: :exc:`selenium.common.exceptions.TimeoutException` if timeout occurs\n        \"\"\"\n        screen = None\n        stacktrace = None\n    \n        end_time = time.monotonic() + self._timeout\n        while True:\n            try:\n                value = method(self._driver)\n                if value:\n                    return value\n            except self._ignored_exceptions as exc:\n                screen = getattr(exc, \"screen\", None)\n                stacktrace = getattr(exc, \"stacktrace\", None)\n            time.sleep(self._poll)\n            if time.monotonic() > end_time:\n                break\n>       raise TimeoutException(message, screen, stacktrace)\nE       selenium.common.exceptions.TimeoutException: Message: \nE       Stacktrace:\nE       #0 0x558aa22994ca <unknown>\nE       #1 0x558aa1ce7e4b <unknown>\nE       #2 0x558aa1d3a814 <unknown>\nE       #3 0x558aa1d3aa51 <unknown>\nE       #4 0x558aa1d89a44 <unknown>\nE       #5 0x558aa1d86df7 <unknown>\nE       #6 0x558aa1d2cc2a <unknown>\nE       #7 0x558aa1d2d931 <unknown>\nE       #8 0x558aa225fcf9 <unknown>\nE       #9 0x558aa2262cdc <unknown>\nE       #10 0x558aa2248f79 <unknown>\nE       #11 0x558aa22638b5 <unknown>\nE       #12 0x558aa22309c3 <unknown>\nE       #13 0x558aa2286228 <unknown>\nE       #14 0x558aa2286403 <unknown>\nE       #15 0x558aa2298463 <unknown>\nE       #16 0x7f7eab49caa4 <unknown>\nE       #17 0x7f7eab529c6c <unknown>\n\n/opt/hostedtoolcache/Python/3.11.14/x64/lib/python3.11/site-packages/selenium/webdriver/support/wait.py:95: TimeoutException","flaky":false,"newFailed":false,"newBroken":false,"newPassed":false,"retriesCount":0,"retriesStatusChange":false,"beforeStages":[{"name":"_session_faker","time":{"start":1765070886849,"stop":1765070886911,"duration":62},"status":"passed","steps":[],"attachments":[],"parameters":[],"stepsCount":0,"shouldDisplayMessage":false,"attachmentsCount":0,"hasContent":false,"attachmentStep":false},{"name":"clear_allure_result_folder","time":{"start":1765070886911,"stop":1765070886912,"duration":1},"status":"passed","steps":[],"attachments":[],"parameters":[],"stepsCount":0,"shouldDisplayMessage":false,"attachmentsCount":0,"hasContent":false,"attachmentStep":false},{"name":"driver","time":{"start":1765072585486,"stop":1765072586735,"duration":1249},"status":"passed","steps":[],"attachments":[],"parameters":[],"stepsCount":0,"shouldDisplayMessage":false,"attachmentsCount":0,"hasContent":false,"attachmentStep":false},{"name":"sale_page","time":{"start":1765072586735,"stop":1765072586864,"duration":129},"status":"passed","steps":[{"name":"Open a browser","time":{"start":1765072586735,"stop":1765072586864,"duration":129},"status":"passed","steps":[],"attachments":[],"parameters":[],"stepsCount":0,"shouldDisplayMessage":false,"attachmentsCount":0,"hasContent":false,"attachmentStep":false}],"attachments":[],"parameters":[],"stepsCount":1,"shouldDisplayMessage":false,"attachmentsCount":0,"hasContent":true,"attachmentStep":false}],"testStage":{"description":"Check that five links in Men's Deals section lead to the correct pages after click","status":"broken","statusMessage":"selenium.common.exceptions.TimeoutException: Message: \nStacktrace:\n#0 0x558aa22994ca <unknown>\n#1 0x558aa1ce7e4b <unknown>\n#2 0x558aa1d3a814 <unknown>\n#3 0x558aa1d3aa51 <unknown>\n#4 0x558aa1d89a44 <unknown>\n#5 0x558aa1d86df7 <unknown>\n#6 0x558aa1d2cc2a <unknown>\n#7 0x558aa1d2d931 <unknown>\n#8 0x558aa225fcf9 <unknown>\n#9 0x558aa2262cdc <unknown>\n#10 0x558aa2248f79 <unknown>\n#11 0x558aa22638b5 <unknown>\n#12 0x558aa22309c3 <unknown>\n#13 0x558aa2286228 <unknown>\n#14 0x558aa2286403 <unknown>\n#15 0x558aa2298463 <unknown>\n#16 0x7f7eab49caa4 <unknown>\n#17 0x7f7eab529c6c <unknown>","statusTrace":"self = <test_sale.TestSalePage.TestSideMenuBarMen object at 0x7fa5c903bfd0>\nsale_page = <pages.sale_page.SalePage object at 0x7fa5c9b24fd0>\nelement_locator = ('css selector', '.categories-menu > ul:nth-child(4) > li:nth-child(4) > a')\nexpected_title = 'Pants - Bottoms - Men'\nexpected_url = 'https://magento.softwaretestingboard.com/men/bottoms-men/pants-men.html'\n\n    @allure.title(\"TC 10.02.03, 10.02.05, 10.02.07, 10.02.09, 10.02.11 - \"\n                  \"Verify 5 links in Men's Deals open the correct pages\")\n    @pytest.mark.parametrize(\n        \"element_locator, expected_title, expected_url\",\n        zip(\n            SideBarLocators.MEN_DEALS_ELEMENTS.values(),\n            expected_titles_m.values(),\n            expected_urls_m.values(),\n        )\n    )\n    def test_tc_10_01_03__05_07_09_11_13(self, sale_page, element_locator, expected_title, expected_url):\n        \"\"\"Check that five links in Men's Deals section lead to the correct pages after click\"\"\"\n>       element_in_men_deals = sale_page.element_is_clickable(element_locator)\n\ntests/test_sale.py:88: \n_ _ _ _ _ _ _ _ _ _ _ _ _ _ _ _ _ _ _ _ _ _ _ _ _ _ _ _ _ _ _ _ _ _ _ _ _ _ _ _ \npages/base_page.py:81: in element_is_clickable\n    return wait(self.driver, timeout).until(EC.element_to_be_clickable(locator))\n_ _ _ _ _ _ _ _ _ _ _ _ _ _ _ _ _ _ _ _ _ _ _ _ _ _ _ _ _ _ _ _ _ _ _ _ _ _ _ _ \n\nself = <selenium.webdriver.support.wait.WebDriverWait (session=\"6fa16a7f2dbe0c970d919421981411c3\")>\nmethod = <function element_to_be_clickable.<locals>._predicate at 0x7fa5c95594e0>\nmessage = ''\n\n    def until(self, method, message: str = \"\"):\n        \"\"\"Calls the method provided with the driver as an argument until the \\\n        return value does not evaluate to ``False``.\n    \n        :param method: callable(WebDriver)\n        :param message: optional message for :exc:`TimeoutException`\n        :returns: the result of the last call to `method`\n        :raises: :exc:`selenium.common.exceptions.TimeoutException` if timeout occurs\n        \"\"\"\n        screen = None\n        stacktrace = None\n    \n        end_time = time.monotonic() + self._timeout\n        while True:\n            try:\n                value = method(self._driver)\n                if value:\n                    return value\n            except self._ignored_exceptions as exc:\n                screen = getattr(exc, \"screen\", None)\n                stacktrace = getattr(exc, \"stacktrace\", None)\n            time.sleep(self._poll)\n            if time.monotonic() > end_time:\n                break\n>       raise TimeoutException(message, screen, stacktrace)\nE       selenium.common.exceptions.TimeoutException: Message: \nE       Stacktrace:\nE       #0 0x558aa22994ca <unknown>\nE       #1 0x558aa1ce7e4b <unknown>\nE       #2 0x558aa1d3a814 <unknown>\nE       #3 0x558aa1d3aa51 <unknown>\nE       #4 0x558aa1d89a44 <unknown>\nE       #5 0x558aa1d86df7 <unknown>\nE       #6 0x558aa1d2cc2a <unknown>\nE       #7 0x558aa1d2d931 <unknown>\nE       #8 0x558aa225fcf9 <unknown>\nE       #9 0x558aa2262cdc <unknown>\nE       #10 0x558aa2248f79 <unknown>\nE       #11 0x558aa22638b5 <unknown>\nE       #12 0x558aa22309c3 <unknown>\nE       #13 0x558aa2286228 <unknown>\nE       #14 0x558aa2286403 <unknown>\nE       #15 0x558aa2298463 <unknown>\nE       #16 0x7f7eab49caa4 <unknown>\nE       #17 0x7f7eab529c6c <unknown>\n\n/opt/hostedtoolcache/Python/3.11.14/x64/lib/python3.11/site-packages/selenium/webdriver/support/wait.py:95: TimeoutException","steps":[{"name":"Find clickable elements","time":{"start":1765072586865,"stop":1765072591969,"duration":5104},"status":"broken","statusMessage":"selenium.common.exceptions.TimeoutException: Message: \nStacktrace:\n#0 0x558aa22994ca <unknown>\n#1 0x558aa1ce7e4b <unknown>\n#2 0x558aa1d3a814 <unknown>\n#3 0x558aa1d3aa51 <unknown>\n#4 0x558aa1d89a44 <unknown>\n#5 0x558aa1d86df7 <unknown>\n#6 0x558aa1d2cc2a <unknown>\n#7 0x558aa1d2d931 <unknown>\n#8 0x558aa225fcf9 <unknown>\n#9 0x558aa2262cdc <unknown>\n#10 0x558aa2248f79 <unknown>\n#11 0x558aa22638b5 <unknown>\n#12 0x558aa22309c3 <unknown>\n#13 0x558aa2286228 <unknown>\n#14 0x558aa2286403 <unknown>\n#15 0x558aa2298463 <unknown>\n#16 0x7f7eab49caa4 <unknown>\n#17 0x7f7eab529c6c <unknown>\n\n","statusTrace":"  File \"/opt/hostedtoolcache/Python/3.11.14/x64/lib/python3.11/site-packages/allure_commons/_allure.py\", line 192, in impl\n    return func(*a, **kw)\n           ^^^^^^^^^^^^^^\n  File \"/home/runner/work/luma_project/luma_project/pages/base_page.py\", line 81, in element_is_clickable\n    return wait(self.driver, timeout).until(EC.element_to_be_clickable(locator))\n           ^^^^^^^^^^^^^^^^^^^^^^^^^^^^^^^^^^^^^^^^^^^^^^^^^^^^^^^^^^^^^^^^^^^^^\n  File \"/opt/hostedtoolcache/Python/3.11.14/x64/lib/python3.11/site-packages/selenium/webdriver/support/wait.py\", line 95, in until\n    raise TimeoutException(message, screen, stacktrace)\n","steps":[],"attachments":[],"parameters":[{"name":"locator","value":"('css selector', '.categories-menu > ul:nth-child(4) > li:nth-child(4) > a')"},{"name":"timeout","value":"5"}],"stepsCount":0,"shouldDisplayMessage":true,"attachmentsCount":0,"hasContent":true,"attachmentStep":false}],"attachments":[{"uid":"8a3a3750b77884dc","name":"Screenshot","source":"8a3a3750b77884dc.png","type":"image/png","size":23875},{"uid":"8762c2bdbb54da96","name":"HTML source","source":"8762c2bdbb54da96.html","type":"text/html","size":1433}],"parameters":[],"stepsCount":1,"shouldDisplayMessage":true,"attachmentsCount":2,"hasContent":true,"attachmentStep":false},"afterStages":[{"name":"driver::0","time":{"start":1765072592026,"stop":1765072592085,"duration":59},"status":"passed","steps":[],"attachments":[],"parameters":[],"stepsCount":0,"shouldDisplayMessage":false,"attachmentsCount":0,"hasContent":false,"attachmentStep":false},{"name":"clear_allure_result_folder::0","time":{"start":1765073283159,"stop":1765073283159,"duration":0},"status":"passed","steps":[],"attachments":[],"parameters":[],"stepsCount":0,"shouldDisplayMessage":false,"attachmentsCount":0,"hasContent":false,"attachmentStep":false}],"labels":[{"name":"feature","value":"Testing Side Menu Bar - Men's Deals Section"},{"name":"epic","value":"Sale Page"},{"name":"parentSuite","value":"tests"},{"name":"suite","value":"test_sale"},{"name":"subSuite","value":"TestSalePage"},{"name":"host","value":"runnervmoqczp"},{"name":"thread","value":"2986-MainThread"},{"name":"framework","value":"pytest"},{"name":"language","value":"cpython3"},{"name":"package","value":"tests.test_sale"},{"name":"resultFormat","value":"allure2"}],"parameters":[{"name":"element_locator","value":"('css selector', '.categories-menu > ul:nth-child(4) > li:nth-child(4) > a')"},{"name":"expected_title","value":"'Pants - Bottoms - Men'"},{"name":"expected_url","value":"'https://magento.softwaretestingboard.com/men/bottoms-men/pants-men.html'"}],"links":[],"hidden":false,"retry":false,"extra":{"severity":"normal","retries":[],"categories":[{"name":"Test defects","matchedStatuses":[],"flaky":false}],"history":{"statistic":{"failed":0,"broken":3,"skipped":0,"passed":0,"unknown":0,"total":3},"items":[{"uid":"73bd272eb317a596","reportUrl":"https://verafes.github.io/luma_project/623/#testresult/73bd272eb317a596","status":"broken","statusDetails":"selenium.common.exceptions.TimeoutException: Message: \nStacktrace:\n#0 0x555c8f8bd32a <unknown>\n#1 0x555c8f309e4b <unknown>\n#2 0x555c8f35c82b <unknown>\n#3 0x555c8f35ca61 <unknown>\n#4 0x555c8f3aba44 <unknown>\n#5 0x555c8f3a8df7 <unknown>\n#6 0x555c8f34ec1a <unknown>\n#7 0x555c8f34f921 <unknown>\n#8 0x555c8f884239 <unknown>\n#9 0x555c8f8871e8 <unknown>\n#10 0x555c8f86d4c9 <unknown>\n#11 0x555c8f887db5 <unknown>\n#12 0x555c8f854e93 <unknown>\n#13 0x555c8f8aa098 <unknown>\n#14 0x555c8f8aa273 <unknown>\n#15 0x555c8f8bc2c3 <unknown>\n#16 0x7f13ca29caa4 <unknown>\n#17 0x7f13ca329c6c <unknown>","time":{"start":1764467765525,"stop":1764467770622,"duration":5097}},{"uid":"dfe4be356666bf70","reportUrl":"https://verafes.github.io/luma_project/622/#testresult/dfe4be356666bf70","status":"broken","statusDetails":"selenium.common.exceptions.TimeoutException: Message: \nStacktrace:\n#0 0x5578c0b1e32a <unknown>\n#1 0x5578c056ae4b <unknown>\n#2 0x5578c05bd82b <unknown>\n#3 0x5578c05bda61 <unknown>\n#4 0x5578c060ca44 <unknown>\n#5 0x5578c0609df7 <unknown>\n#6 0x5578c05afc1a <unknown>\n#7 0x5578c05b0921 <unknown>\n#8 0x5578c0ae5239 <unknown>\n#9 0x5578c0ae81e8 <unknown>\n#10 0x5578c0ace4c9 <unknown>\n#11 0x5578c0ae8db5 <unknown>\n#12 0x5578c0ab5e93 <unknown>\n#13 0x5578c0b0b098 <unknown>\n#14 0x5578c0b0b273 <unknown>\n#15 0x5578c0b1d2c3 <unknown>\n#16 0x7f78a6e9caa4 <unknown>\n#17 0x7f78a6f29c6c <unknown>","time":{"start":1763863021402,"stop":1763863026505,"duration":5103}}]},"tags":[]},"source":"fcbac94451c4b0c4.json","parameterValues":["('css selector', '.categories-menu > ul:nth-child(4) > li:nth-child(4) > a')","'Pants - Bottoms - Men'","'https://magento.softwaretestingboard.com/men/bottoms-men/pants-men.html'"]}